Trial 54 finished with value 0.254173152 | dataset=Covid | model=ufgtime_plus | val_MSE=0.192565694 | test_MSE=0.380336411 | MAE=0.254173152 | RMSE=0.616714205 | MAPE=21.543549617% | params={'learning_rate': 0.0255373391312573, 'decay_rate': 2.2476761399882995e-05, 'hidden_size': 512, 'beta1': 0.99, 'beta2': 0.99, 'signal_len': 16, 'cheb_order': 3, 's': 2.28449058747561, 'batch_size': 16, 'k': 3}
Trial 55 finished with value 0.289168978 | dataset=Covid | model=ufgtime_plus | val_MSE=0.258264783 | test_MSE=0.351826044 | MAE=0.289168978 | RMSE=0.593149259 | MAPE=22.971806058% | params={'learning_rate': 0.007519665010666383, 'decay_rate': 1.5375322785425e-05, 'hidden_size': 512, 'beta1': 0.99, 'beta2': 0.99, 'signal_len': 16, 'cheb_order': 3, 's': 6.656599758729305, 'batch_size': 16, 'k': 5}
Trial 56 finished with value 0.202794235 | dataset=Covid | model=ufgtime_plus | val_MSE=0.206674442 | test_MSE=0.206063152 | MAE=0.202794235 | RMSE=0.453941793 | MAPE=20.978142775% | params={'learning_rate': 0.04745992286943893, 'decay_rate': 7.367083135842231e-05, 'hidden_size': 512, 'beta1': 0.95, 'beta2': 0.99, 'signal_len': 16, 'cheb_order': 3, 's': 7.541072079755714, 'batch_size': 16, 'k': 4}
Trial 57 finished with value 0.286935282 | dataset=Covid | model=ufgtime_plus | val_MSE=0.394990953 | test_MSE=0.534546570 | MAE=0.286935282 | RMSE=0.731126918 | MAPE=22.100069227% | params={'learning_rate': 0.04710805501543673, 'decay_rate': 0.0006103269971777241, 'hidden_size': 512, 'beta1': 0.95, 'beta2': 0.99, 'signal_len': 16, 'cheb_order': 3, 's': 7.46471759847139, 'batch_size': 16, 'k': 6}
Trial 58 finished with value 0.201427106 | dataset=Covid | model=ufgtime_plus | val_MSE=0.200057788 | test_MSE=0.200004306 | MAE=0.201427106 | RMSE=0.447218410 | MAPE=21.025839397% | params={'learning_rate': 0.03224203580334183, 'decay_rate': 3.3601181871331105e-05, 'hidden_size': 512, 'beta1': 0.95, 'beta2': 0.99, 'signal_len': 16, 'cheb_order': 3, 's': 7.148232280297638, 'batch_size': 16, 'k': 5}
Trial 59 finished with value 0.445039668 | dataset=Covid | model=ufgtime_plus | val_MSE=0.494988441 | test_MSE=0.719638761 | MAE=0.445039668 | RMSE=0.848315248 | MAPE=26.491272744% | params={'learning_rate': 0.02210366277729963, 'decay_rate': 8.445135507524803e-05, 'hidden_size': 128, 'beta1': 0.95, 'beta2': 0.999, 'signal_len': 8, 'cheb_order': 3, 's': 8.05707988148563, 'batch_size': 128, 'k': 3}
Trial 60 finished with value 0.377609611 | dataset=Covid | model=ufgtime_plus | val_MSE=0.395824095 | test_MSE=0.464488696 | MAE=0.377609611 | RMSE=0.681534076 | MAPE=25.207983311% | params={'learning_rate': 0.01031562125201023, 'decay_rate': 3.6867076332245996e-05, 'hidden_size': 512, 'beta1': 0.95, 'beta2': 0.99, 'signal_len': 16, 'cheb_order': 3, 's': 8.871671340453462, 'batch_size': 16, 'k': 4}
Trial 61 finished with value 0.275255234 | dataset=Covid | model=ufgtime_plus | val_MSE=0.240279850 | test_MSE=0.544273985 | MAE=0.275255234 | RMSE=0.737749270 | MAPE=21.653785332% | params={'learning_rate': 0.035886642296064225, 'decay_rate': 2.5546226722951366e-05, 'hidden_size': 512, 'beta1': 0.95, 'beta2': 0.99, 'signal_len': 16, 'cheb_order': 3, 's': 7.218728708738761, 'batch_size': 16, 'k': 5}
Trial 62 finished with value 0.250997368 | dataset=Covid | model=ufgtime_plus | val_MSE=0.251060869 | test_MSE=0.382044103 | MAE=0.250997368 | RMSE=0.618097163 | MAPE=21.637657202% | params={'learning_rate': 0.03788133342257457, 'decay_rate': 7.303676842605187e-05, 'hidden_size': 512, 'beta1': 0.95, 'beta2': 0.99, 'signal_len': 16, 'cheb_order': 3, 's': 7.723036592275792, 'batch_size': 16, 'k': 5}
Trial 63 finished with value 0.206605159 | dataset=Covid | model=ufgtime_plus | val_MSE=0.230906553 | test_MSE=0.252051735 | MAE=0.206605159 | RMSE=0.502047542 | MAPE=20.848848029% | params={'learning_rate': 0.026690282925787037, 'decay_rate': 3.621888231447101e-05, 'hidden_size': 512, 'beta1': 0.95, 'beta2': 0.99, 'signal_len': 16, 'cheb_order': 3, 's': 5.6714850017472775, 'batch_size': 16, 'k': 6}
Trial 64 finished with value 0.210359525 | dataset=Covid | model=ufgtime_plus | val_MSE=0.212846268 | test_MSE=0.234254518 | MAE=0.210359525 | RMSE=0.483998469 | MAPE=20.947253698% | params={'learning_rate': 0.019269442580580807, 'decay_rate': 3.318595727184137e-05, 'hidden_size': 512, 'beta1': 0.95, 'beta2': 0.99, 'signal_len': 16, 'cheb_order': 3, 's': 5.747711372968419, 'batch_size': 16, 'k': 7}
Trial 65 finished with value 0.212232147 | dataset=Covid | model=ufgtime_plus | val_MSE=0.221076459 | test_MSE=0.218631412 | MAE=0.212232147 | RMSE=0.467580380 | MAPE=21.196722327% | params={'learning_rate': 0.02423861178190843, 'decay_rate': 0.00010362879161521891, 'hidden_size': 512, 'beta1': 0.95, 'beta2': 0.99, 'signal_len': 16, 'cheb_order': 3, 's': 5.490140003242334, 'batch_size': 16, 'k': 7}
Trial 66 finished with value 0.327916393 | dataset=Covid | model=ufgtime_plus | val_MSE=0.195148648 | test_MSE=1.015084127 | MAE=0.327916393 | RMSE=1.007513835 | MAPE=22.556316282% | params={'learning_rate': 0.0484004708032662, 'decay_rate': 3.93050428097739e-05, 'hidden_size': 512, 'beta1': 0.95, 'beta2': 0.99, 'signal_len': 16, 'cheb_order': 3, 's': 4.996762690579197, 'batch_size': 16, 'k': 8}
Trial 67 finished with value 0.418281229 | dataset=Covid | model=ufgtime_plus | val_MSE=0.460798502 | test_MSE=0.541279563 | MAE=0.418281229 | RMSE=0.735717040 | MAPE=26.619269981% | params={'learning_rate': 0.019145871003416533, 'decay_rate': 6.158349231322335e-05, 'hidden_size': 512, 'beta1': 0.95, 'beta2': 0.99, 'signal_len': 16, 'cheb_order': 3, 's': 8.577494022692592, 'batch_size': 64, 'k': 7}
Trial 68 finished with value 0.237128307 | dataset=Covid | model=ufgtime_plus | val_MSE=0.212848108 | test_MSE=0.270974782 | MAE=0.237128307 | RMSE=0.520552382 | MAPE=21.682683014% | params={'learning_rate': 0.028829438036782718, 'decay_rate': 4.4944904281980685e-05, 'hidden_size': 512, 'beta1': 0.95, 'beta2': 0.99, 'signal_len': 16, 'cheb_order': 3, 's': 5.637204607637373, 'batch_size': 16, 'k': 6}
Trial 69 finished with value 3.054742959 | dataset=Covid | model=ufgtime_plus | val_MSE=1.388119764 | test_MSE=22.589564663 | MAE=3.054742959 | RMSE=4.752848058 | MAPE=88.221388876% | params={'learning_rate': 0.00019308921350186662, 'decay_rate': 0.03270428087611789, 'hidden_size': 512, 'beta1': 0.95, 'beta2': 0.95, 'signal_len': 16, 'cheb_order': 3, 's': 9.571360371140637, 'batch_size': 16, 'k': 8}
Trial 70 finished with value 0.386626985 | dataset=Covid | model=ufgtime_plus | val_MSE=0.487294612 | test_MSE=0.672390675 | MAE=0.386626985 | RMSE=0.819994314 | MAPE=24.792093298% | params={'learning_rate': 0.011167350463382526, 'decay_rate': 0.00018041990968331953, 'hidden_size': 256, 'beta1': 0.95, 'beta2': 0.99, 'signal_len': 16, 'cheb_order': 3, 's': 5.690744701107939, 'batch_size': 16, 'k': 7}
Trial 71 finished with value 0.202840002 | dataset=Covid | model=ufgtime_plus | val_MSE=0.227628416 | test_MSE=0.277090203 | MAE=0.202840002 | RMSE=0.526393582 | MAPE=20.569256147% | params={'learning_rate': 0.015233699368860118, 'decay_rate': 3.285078755977281e-05, 'hidden_size': 512, 'beta1': 0.95, 'beta2': 0.99, 'signal_len': 16, 'cheb_order': 3, 's': 6.922053815304246, 'batch_size': 16, 'k': 6}
Trial 72 finished with value 0.248254596 | dataset=Covid | model=ufgtime_plus | val_MSE=0.230829656 | test_MSE=0.260283659 | MAE=0.248254596 | RMSE=0.510180026 | MAPE=22.224489240% | params={'learning_rate': 0.017705647191292976, 'decay_rate': 3.2050981062804664e-05, 'hidden_size': 512, 'beta1': 0.95, 'beta2': 0.99, 'signal_len': 16, 'cheb_order': 3, 's': 7.617411014903803, 'batch_size': 16, 'k': 6}
Trial 73 finished with value 0.234672015 | dataset=Covid | model=ufgtime_plus | val_MSE=0.205272933 | test_MSE=0.389485228 | MAE=0.234672015 | RMSE=0.624087516 | MAPE=21.038999721% | params={'learning_rate': 0.024489211073020125, 'decay_rate': 2.5063098235513454e-05, 'hidden_size': 512, 'beta1': 0.95, 'beta2': 0.99, 'signal_len': 16, 'cheb_order': 3, 's': 8.016706877274816, 'batch_size': 16, 'k': 6}
Trial 74 finished with value 0.204280044 | dataset=Covid | model=ufgtime_plus | val_MSE=0.203719987 | test_MSE=0.239060223 | MAE=0.204280044 | RMSE=0.488937852 | MAPE=20.819493755% | params={'learning_rate': 0.038740797689259, 'decay_rate': 5.072642200374145e-05, 'hidden_size': 512, 'beta1': 0.95, 'beta2': 0.99, 'signal_len': 16, 'cheb_order': 3, 's': 7.08720506046604, 'batch_size': 16, 'k': 6}
Trial 75 finished with value 0.216159037 | dataset=Covid | model=ufgtime_plus | val_MSE=0.227524522 | test_MSE=0.269480278 | MAE=0.216159037 | RMSE=0.519114898 | MAPE=21.040898173% | params={'learning_rate': 0.04067864975442302, 'decay_rate': 4.794009944682053e-05, 'hidden_size': 512, 'beta1': 0.95, 'beta2': 0.99, 'signal_len': 16, 'cheb_order': 3, 's': 6.7658503215006425, 'batch_size': 16, 'k': 6}
Trial 76 finished with value 0.379317412 | dataset=Covid | model=ufgtime_plus | val_MSE=0.484245040 | test_MSE=0.486782536 | MAE=0.379317412 | RMSE=0.697698026 | MAPE=24.592557479% | params={'learning_rate': 0.029088504215281488, 'decay_rate': 0.0013992272760921364, 'hidden_size': 512, 'beta1': 0.95, 'beta2': 0.999, 'signal_len': 16, 'cheb_order': 3, 's': 7.13902447618639, 'batch_size': 16, 'k': 7}
Trial 77 finished with value 0.276512815 | dataset=Covid | model=ufgtime_plus | val_MSE=0.295851929 | test_MSE=0.246664373 | MAE=0.276512815 | RMSE=0.496653172 | MAPE=22.969398613% | params={'learning_rate': 0.04065137960826776, 'decay_rate': 1.1675406262128911e-05, 'hidden_size': 128, 'beta1': 0.95, 'beta2': 0.99, 'signal_len': 16, 'cheb_order': 3, 's': 6.195061617337737, 'batch_size': 16, 'k': 7}
Trial 78 finished with value 2.997638308 | dataset=Covid | model=ufgtime_plus | val_MSE=1.379963398 | test_MSE=22.882064086 | MAE=2.997638308 | RMSE=4.783520052 | MAPE=86.598556737% | params={'learning_rate': 9.948303239868288e-05, 'decay_rate': 0.00012263081632659392, 'hidden_size': 512, 'beta1': 0.95, 'beta2': 0.99, 'signal_len': 16, 'cheb_order': 3, 's': 4.408346639500939, 'batch_size': 128, 'k': 6}
Trial 79 finished with value 0.706155576 | dataset=Covid | model=ufgtime_plus | val_MSE=0.607016979 | test_MSE=1.413855672 | MAE=0.706155576 | RMSE=1.189056631 | MAPE=32.196914200% | params={'learning_rate': 0.006456204893096841, 'decay_rate': 3.370175973392195e-05, 'hidden_size': 512, 'beta1': 0.95, 'beta2': 0.99, 'signal_len': 8, 'cheb_order': 3, 's': 6.85669389889079, 'batch_size': 16, 'k': 7}
Trial 80 finished with value 0.447603466 | dataset=Covid | model=ufgtime_plus | val_MSE=0.532005966 | test_MSE=0.838106773 | MAE=0.447603466 | RMSE=0.915481716 | MAPE=26.258491593% | params={'learning_rate': 0.0130152796530607, 'decay_rate': 2.0934842129661164e-05, 'hidden_size': 512, 'beta1': 0.95, 'beta2': 0.99, 'signal_len': 16, 'cheb_order': 3, 's': 6.532082427428628, 'batch_size': 64, 'k': 6}
Trial 81 finished with value 0.267910364 | dataset=Covid | model=ufgtime_plus | val_MSE=0.258873371 | test_MSE=0.391394500 | MAE=0.267910364 | RMSE=0.625615297 | MAPE=22.215332843% | params={'learning_rate': 0.01763903048184037, 'decay_rate': 8.192360055257499e-05, 'hidden_size': 512, 'beta1': 0.95, 'beta2': 0.99, 'signal_len': 16, 'cheb_order': 3, 's': 7.542202749236999, 'batch_size': 16, 'k': 6}
Trial 82 finished with value 0.206526181 | dataset=Covid | model=ufgtime_plus | val_MSE=0.203519070 | test_MSE=0.343455081 | MAE=0.206526181 | RMSE=0.586050408 | MAPE=20.258240715% | params={'learning_rate': 0.031200799456055126, 'decay_rate': 6.594266863221624e-05, 'hidden_size': 512, 'beta1': 0.95, 'beta2': 0.99, 'signal_len': 16, 'cheb_order': 3, 's': 8.045085152687104, 'batch_size': 16, 'k': 4}
Trial 83 finished with value 2.052431309 | dataset=Covid | model=ufgtime_plus | val_MSE=0.838998078 | test_MSE=9.783477249 | MAE=2.052431309 | RMSE=3.127855056 | MAPE=66.722565877% | params={'learning_rate': 0.000832080222074278, 'decay_rate': 4.8801063528024945e-05, 'hidden_size': 512, 'beta1': 0.95, 'beta2': 0.99, 'signal_len': 16, 'cheb_order': 3, 's': 8.403165530777043, 'batch_size': 16, 'k': 6}
Trial 84 finished with value 0.236222628 | dataset=Covid | model=ufgtime_plus | val_MSE=0.198257939 | test_MSE=0.389411297 | MAE=0.236222628 | RMSE=0.624028282 | MAPE=20.977972022% | params={'learning_rate': 0.0298906165848554, 'decay_rate': 2.8857095055267675e-05, 'hidden_size': 512, 'beta1': 0.95, 'beta2': 0.99, 'signal_len': 16, 'cheb_order': 3, 's': 7.085092474165502, 'batch_size': 16, 'k': 5}
Trial 85 finished with value 0.457495624 | dataset=Covid | model=ufgtime_plus | val_MSE=0.523974876 | test_MSE=0.567361824 | MAE=0.457495624 | RMSE=0.753234242 | MAPE=26.983226604% | params={'learning_rate': 0.03598811274542902, 'decay_rate': 0.006051148552207061, 'hidden_size': 512, 'beta1': 0.95, 'beta2': 0.99, 'signal_len': 16, 'cheb_order': 3, 's': 6.127274156900359, 'batch_size': 16, 'k': 8}
Trial 86 finished with value 2.942176511 | dataset=Covid | model=ufgtime_plus | val_MSE=1.154375362 | test_MSE=21.755209766 | MAE=2.942176511 | RMSE=4.664248039 | MAPE=85.139135282% | params={'learning_rate': 2.1044364783076284e-05, 'decay_rate': 5.8071626556557986e-05, 'hidden_size': 512, 'beta1': 0.9, 'beta2': 0.95, 'signal_len': 16, 'cheb_order': 3, 's': 7.3595165187121525, 'batch_size': 16, 'k': 4}
Trial 87 finished with value 0.194082775 | dataset=Covid | model=ufgtime_plus | val_MSE=0.209893688 | test_MSE=0.270852612 | MAE=0.194082775 | RMSE=0.520435022 | MAPE=20.249404180% | params={'learning_rate': 0.015544715270578756, 'decay_rate': 1.266464693178995e-05, 'hidden_size': 512, 'beta1': 0.95, 'beta2': 0.99, 'signal_len': 16, 'cheb_order': 3, 's': 5.208216088780421, 'batch_size': 16, 'k': 5}
Trial 88 finished with value 0.450772726 | dataset=Covid | model=ufgtime_plus | val_MSE=0.498171569 | test_MSE=0.957509908 | MAE=0.450772726 | RMSE=0.978524352 | MAPE=26.329800886% | params={'learning_rate': 0.009833706605215578, 'decay_rate': 1.82221172929557e-05, 'hidden_size': 256, 'beta1': 0.95, 'beta2': 0.99, 'signal_len': 16, 'cheb_order': 3, 's': 5.169095425803202, 'batch_size': 16, 'k': 5}
Trial 89 finished with value 0.217467746 | dataset=Covid | model=ufgtime_plus | val_MSE=0.223127778 | test_MSE=0.254523845 | MAE=0.217467746 | RMSE=0.504503563 | MAPE=21.127443638% | params={'learning_rate': 0.04900410736877845, 'decay_rate': 1.2904193466004446e-05, 'hidden_size': 128, 'beta1': 0.95, 'beta2': 0.99, 'signal_len': 16, 'cheb_order': 3, 's': 7.806476730666262, 'batch_size': 16, 'k': 5}
Trial 90 finished with value 2.124075879 | dataset=Covid | model=ufgtime_plus | val_MSE=0.914439297 | test_MSE=11.766196285 | MAE=2.124075879 | RMSE=3.430188958 | MAPE=65.176775045% | params={'learning_rate': 0.001691339826202682, 'decay_rate': 0.00024257562662760652, 'hidden_size': 512, 'beta1': 0.95, 'beta2': 0.999, 'signal_len': 8, 'cheb_order': 3, 's': 4.041432455438524, 'batch_size': 16, 'k': 4}
Trial 91 finished with value 0.279566507 | dataset=Covid | model=ufgtime_plus | val_MSE=0.215657027 | test_MSE=0.653659429 | MAE=0.279566507 | RMSE=0.808492071 | MAPE=21.778454425% | params={'learning_rate': 0.015808696503001898, 'decay_rate': 4.0310262898740245e-05, 'hidden_size': 512, 'beta1': 0.95, 'beta2': 0.99, 'signal_len': 16, 'cheb_order': 3, 's': 5.888445237966637, 'batch_size': 16, 'k': 6}
Trial 92 finished with value 0.309511287 | dataset=Covid | model=ufgtime_plus | val_MSE=0.253374599 | test_MSE=0.537579625 | MAE=0.309511287 | RMSE=0.733198217 | MAPE=22.813325856% | params={'learning_rate': 0.026195197454137356, 'decay_rate': 0.00010024918696944236, 'hidden_size': 512, 'beta1': 0.95, 'beta2': 0.99, 'signal_len': 16, 'cheb_order': 3, 's': 8.196546869906324, 'batch_size': 16, 'k': 3}
Trial 93 finished with value 0.224726449 | dataset=Covid | model=ufgtime_plus | val_MSE=0.220151420 | test_MSE=0.275413545 | MAE=0.224726449 | RMSE=0.524798576 | MAPE=21.292312465% | params={'learning_rate': 0.02010163352963436, 'decay_rate': 2.3763390237118288e-05, 'hidden_size': 512, 'beta1': 0.95, 'beta2': 0.99, 'signal_len': 16, 'cheb_order': 3, 's': 5.133221927998176, 'batch_size': 16, 'k': 10}
Trial 94 finished with value 0.349544554 | dataset=Covid | model=ufgtime_plus | val_MSE=0.407132159 | test_MSE=0.412483013 | MAE=0.349544554 | RMSE=0.642248405 | MAPE=24.483463555% | params={'learning_rate': 0.008467720879418756, 'decay_rate': 3.194450956836609e-05, 'hidden_size': 512, 'beta1': 0.95, 'beta2': 0.99, 'signal_len': 16, 'cheb_order': 3, 's': 6.504593149646726, 'batch_size': 16, 'k': 4}
Trial 95 finished with value 0.332221083 | dataset=Covid | model=ufgtime_plus | val_MSE=0.286022221 | test_MSE=0.771481092 | MAE=0.332221083 | RMSE=0.878339964 | MAPE=23.106915147% | params={'learning_rate': 0.012331675599465375, 'decay_rate': 5.333143931699317e-05, 'hidden_size': 512, 'beta1': 0.95, 'beta2': 0.99, 'signal_len': 16, 'cheb_order': 3, 's': 5.722314545176676, 'batch_size': 16, 'k': 9}
Trial 96 finished with value 0.408334736 | dataset=Covid | model=ufgtime_plus | val_MSE=0.416171581 | test_MSE=0.477476826 | MAE=0.408334736 | RMSE=0.690996979 | MAPE=26.060219722% | params={'learning_rate': 0.030271642242157958, 'decay_rate': 6.599177109949568e-05, 'hidden_size': 512, 'beta1': 0.9, 'beta2': 0.99, 'signal_len': 16, 'cheb_order': 3, 's': 7.603569273357884, 'batch_size': 128, 'k': 6}
Trial 97 finished with value 2.606231624 | dataset=Covid | model=ufgtime_plus | val_MSE=1.024963313 | test_MSE=16.633280533 | MAE=2.606231624 | RMSE=4.078391905 | MAPE=76.499166234% | params={'learning_rate': 0.00035121362457888195, 'decay_rate': 1.4525492490036268e-05, 'hidden_size': 512, 'beta1': 0.95, 'beta2': 0.99, 'signal_len': 16, 'cheb_order': 2, 's': 5.407347486795846, 'batch_size': 16, 'k': 7}
Trial 98 finished with value 0.199201946 | dataset=Covid | model=ufgtime_plus | val_MSE=0.203254765 | test_MSE=0.306689536 | MAE=0.199201946 | RMSE=0.553795572 | MAPE=20.244778146% | params={'learning_rate': 0.023033292825868523, 'decay_rate': 2.0014509713735058e-05, 'hidden_size': 512, 'beta1': 0.95, 'beta2': 0.99, 'signal_len': 16, 'cheb_order': 3, 's': 7.922286055151091, 'batch_size': 16, 'k': 5}
Trial 99 finished with value 0.338353474 | dataset=Covid | model=ufgtime_plus | val_MSE=0.240091428 | test_MSE=1.156558832 | MAE=0.338353474 | RMSE=1.075434253 | MAPE=22.514277048% | params={'learning_rate': 0.023127626474775266, 'decay_rate': 1.0928010528831875e-05, 'hidden_size': 512, 'beta1': 0.95, 'beta2': 0.99, 'signal_len': 16, 'cheb_order': 3, 's': 9.141181480193584, 'batch_size': 64, 'k': 5}
Trial 100 finished with value 0.209759979 | dataset=Covid | model=ufgtime_plus | val_MSE=0.193567763 | test_MSE=0.238642014 | MAE=0.209759979 | RMSE=0.488509994 | MAPE=20.691991262% | params={'learning_rate': 0.04206688010241551, 'decay_rate': 1.9775914994301273e-05, 'hidden_size': 512, 'beta1': 0.95, 'beta2': 0.95, 'signal_len': 16, 'cheb_order': 2, 's': 8.387908037888963, 'batch_size': 16, 'k': 5}
Trial 101 finished with value 0.197791126 | dataset=Covid | model=ufgtime_plus | val_MSE=0.197294418 | test_MSE=0.191539721 | MAE=0.197791126 | RMSE=0.437652512 | MAPE=20.859279656% | params={'learning_rate': 0.04017496668889154, 'decay_rate': 1.93525375669163e-05, 'hidden_size': 512, 'beta1': 0.95, 'beta2': 0.95, 'signal_len': 16, 'cheb_order': 2, 's': 8.704146128005545, 'batch_size': 16, 'k': 5}
Trial 102 finished with value 0.192763337 | dataset=Covid | model=ufgtime_plus | val_MSE=0.195682808 | test_MSE=0.211392476 | MAE=0.192763337 | RMSE=0.459774375 | MAPE=20.567758422% | params={'learning_rate': 0.03445760418961124, 'decay_rate': 2.65271977853207e-05, 'hidden_size': 512, 'beta1': 0.95, 'beta2': 0.95, 'signal_len': 16, 'cheb_order': 2, 's': 8.693022434688618, 'batch_size': 16, 'k': 5}
Trial 103 finished with value 0.204276883 | dataset=Covid | model=ufgtime_plus | val_MSE=0.198071396 | test_MSE=0.277379136 | MAE=0.204276883 | RMSE=0.526667956 | MAPE=20.468396294% | params={'learning_rate': 0.03342482320813905, 'decay_rate': 1.4287756966452232e-05, 'hidden_size': 512, 'beta1': 0.95, 'beta2': 0.95, 'signal_len': 16, 'cheb_order': 2, 's': 8.64995257937607, 'batch_size': 16, 'k': 5}
Trial 104 finished with value 0.220317952 | dataset=Covid | model=ufgtime_plus | val_MSE=0.200413247 | test_MSE=0.327867807 | MAE=0.220317952 | RMSE=0.572597421 | MAPE=20.844305769% | params={'learning_rate': 0.03384804433052639, 'decay_rate': 1.2484622016957787e-05, 'hidden_size': 512, 'beta1': 0.95, 'beta2': 0.95, 'signal_len': 16, 'cheb_order': 2, 's': 8.672586156104996, 'batch_size': 16, 'k': 5}
Trial 105 finished with value 0.205214944 | dataset=Covid | model=ufgtime_plus | val_MSE=0.200023103 | test_MSE=0.217459106 | MAE=0.205214944 | RMSE=0.466325108 | MAPE=20.859214949% | params={'learning_rate': 0.03368460985064947, 'decay_rate': 1.542102643947804e-05, 'hidden_size': 512, 'beta1': 0.95, 'beta2': 0.95, 'signal_len': 16, 'cheb_order': 2, 's': 9.93715372458611, 'batch_size': 16, 'k': 5}
Trial 106 finished with value 0.240612004 | dataset=Covid | model=ufgtime_plus | val_MSE=0.194344314 | test_MSE=0.395841841 | MAE=0.240612004 | RMSE=0.629159631 | MAPE=21.127113593% | params={'learning_rate': 0.041561612560367965, 'decay_rate': 1.4633163440693793e-05, 'hidden_size': 512, 'beta1': 0.95, 'beta2': 0.95, 'signal_len': 16, 'cheb_order': 2, 's': 9.763812242135831, 'batch_size': 16, 'k': 5}
Trial 107 finished with value 0.249795101 | dataset=Covid | model=ufgtime_plus | val_MSE=0.214431837 | test_MSE=0.268934111 | MAE=0.249795101 | RMSE=0.518588576 | MAPE=22.301188417% | params={'learning_rate': 0.03503725703683253, 'decay_rate': 1.7941796637833418e-05, 'hidden_size': 512, 'beta1': 0.95, 'beta2': 0.95, 'signal_len': 16, 'cheb_order': 2, 's': 9.472478106270007, 'batch_size': 16, 'k': 5}
