Trial 0 finished with value 0.478156060 | dataset=Covid | model=ufgtime_plus | val_MSE=0.518458426 | test_MSE=0.760766141 | MAE=0.478156060 | RMSE=0.872219090 | MAPE=27.314448925% | params={'learning_rate': 0.0010716295704927556, 'decay_rate': 0.0044204248697702914, 'hidden_size': 128, 'beta1': 0.99, 'beta2': 0.95, 'signal_len': 16, 'cheb_order': 2, 's': 1.8754507673437124, 'batch_size': 64, 'k': 9}
Trial 1 finished with value 0.634989469 | dataset=Covid | model=ufgtime_plus | val_MSE=0.585941017 | test_MSE=1.547579082 | MAE=0.634989469 | RMSE=1.244017316 | MAPE=30.099956247% | params={'learning_rate': 0.041675411202377055, 'decay_rate': 0.009037817298961128, 'hidden_size': 256, 'beta1': 0.99, 'beta2': 0.95, 'signal_len': 8, 'cheb_order': 2, 's': 6.596955923975306, 'batch_size': 128, 'k': 8}
Trial 2 finished with value 2.622224785 | dataset=Covid | model=ufgtime_plus | val_MSE=0.994819673 | test_MSE=15.779681950 | MAE=2.622224785 | RMSE=3.972364781 | MAPE=78.760786752% | params={'learning_rate': 0.0002137021741299673, 'decay_rate': 0.00041358815099747694, 'hidden_size': 128, 'beta1': 0.9, 'beta2': 0.999, 'signal_len': 16, 'cheb_order': 3, 's': 2.535654709176467, 'batch_size': 16, 'k': 4}
Trial 3 finished with value 3.351532059 | dataset=Covid | model=ufgtime_plus | val_MSE=2.189713955 | test_MSE=24.854184336 | MAE=3.351532059 | RMSE=4.985397109 | MAPE=98.350347417% | params={'learning_rate': 3.872787978167963e-05, 'decay_rate': 2.5602026123944763e-05, 'hidden_size': 128, 'beta1': 0.95, 'beta2': 0.999, 'signal_len': 16, 'cheb_order': 3, 's': 1.4487713510634541, 'batch_size': 128, 'k': 3}
Trial 4 finished with value 2.714096038 | dataset=Covid | model=ufgtime_plus | val_MSE=1.310035944 | test_MSE=18.255515107 | MAE=2.714096038 | RMSE=4.272647318 | MAPE=80.331667645% | params={'learning_rate': 0.00015004110104251475, 'decay_rate': 0.0003406798054912677, 'hidden_size': 256, 'beta1': 0.95, 'beta2': 0.99, 'signal_len': 8, 'cheb_order': 2, 's': 2.7304031218633398, 'batch_size': 128, 'k': 2}
Trial 5 finished with value 0.621194324 | dataset=Covid | model=ufgtime_plus | val_MSE=0.505262077 | test_MSE=1.090291421 | MAE=0.621194324 | RMSE=1.044170207 | MAPE=31.621203677% | params={'learning_rate': 0.0032153113831745826, 'decay_rate': 9.971291068245203e-05, 'hidden_size': 256, 'beta1': 0.95, 'beta2': 0.99, 'signal_len': 8, 'cheb_order': 3, 's': 4.628901093538163, 'batch_size': 128, 'k': 8}
Trial 6 finished with value 0.691883868 | dataset=Covid | model=ufgtime_plus | val_MSE=0.602732956 | test_MSE=1.148656305 | MAE=0.691883868 | RMSE=1.071753845 | MAPE=32.058662087% | params={'learning_rate': 0.004816081488038932, 'decay_rate': 0.0007151281128332066, 'hidden_size': 128, 'beta1': 0.9, 'beta2': 0.95, 'signal_len': 8, 'cheb_order': 3, 's': 6.358767575108741, 'batch_size': 64, 'k': 5}
Trial 7 finished with value 0.262214158 | dataset=Covid | model=ufgtime_plus | val_MSE=0.249580852 | test_MSE=0.412919160 | MAE=0.262214158 | RMSE=0.642587862 | MAPE=21.971405239% | params={'learning_rate': 0.020715669114682384, 'decay_rate': 0.00022887604069596923, 'hidden_size': 256, 'beta1': 0.99, 'beta2': 0.99, 'signal_len': 8, 'cheb_order': 2, 's': 8.647273240967886, 'batch_size': 16, 'k': 2}
Trial 8 finished with value 0.459382002 | dataset=Covid | model=ufgtime_plus | val_MSE=0.515658855 | test_MSE=0.738002694 | MAE=0.459382002 | RMSE=0.859070832 | MAPE=26.948811189% | params={'learning_rate': 0.0037998645149514066, 'decay_rate': 0.00047603707598188876, 'hidden_size': 512, 'beta1': 0.9, 'beta2': 0.95, 'signal_len': 16, 'cheb_order': 3, 's': 3.0929297237373836, 'batch_size': 64, 'k': 2}
Trial 9 finished with value 3.328851551 | dataset=Covid | model=ufgtime_plus | val_MSE=1.482917428 | test_MSE=27.588468934 | MAE=3.328851551 | RMSE=5.252472649 | MAPE=93.931289129% | params={'learning_rate': 4.066293710733471e-05, 'decay_rate': 0.0019898941052492775, 'hidden_size': 512, 'beta1': 0.9, 'beta2': 0.95, 'signal_len': 8, 'cheb_order': 2, 's': 5.465083396696347, 'batch_size': 64, 'k': 5}
Trial 10 finished with value 0.613824321 | dataset=Covid | model=ufgtime_plus | val_MSE=0.576098059 | test_MSE=0.879348796 | MAE=0.613824321 | RMSE=0.937735995 | MAPE=30.928704603% | params={'learning_rate': 0.03747572112853724, 'decay_rate': 0.025587559992192456, 'hidden_size': 256, 'beta1': 0.99, 'beta2': 0.99, 'signal_len': 8, 'cheb_order': 2, 's': 9.732886287070686, 'batch_size': 16, 'k': 7}
Trial 11 finished with value 0.409985421 | dataset=Covid | model=ufgtime_plus | val_MSE=0.439765171 | test_MSE=0.574137287 | MAE=0.409985421 | RMSE=0.757718475 | MAPE=26.258531810% | params={'learning_rate': 0.007743817123135375, 'decay_rate': 7.991524556480496e-05, 'hidden_size': 512, 'beta1': 0.9, 'beta2': 0.99, 'signal_len': 16, 'cheb_order': 3, 's': 9.359933689055403, 'batch_size': 16, 'k': 2}
Trial 12 finished with value 0.412205450 | dataset=Covid | model=ufgtime_plus | val_MSE=0.215213094 | test_MSE=0.473883647 | MAE=0.412205450 | RMSE=0.688392073 | MAPE=27.632413741% | params={'learning_rate': 0.010789834649151446, 'decay_rate': 1.2023273040086976e-05, 'hidden_size': 512, 'beta1': 0.99, 'beta2': 0.99, 'signal_len': 16, 'cheb_order': 3, 's': 9.830860399489627, 'batch_size': 16, 'k': 3}
Trial 13 finished with value 0.236620008 | dataset=Covid | model=ufgtime_plus | val_MSE=0.218525108 | test_MSE=0.256582307 | MAE=0.236620008 | RMSE=0.506539541 | MAPE=21.974313622% | params={'learning_rate': 0.01438563495096936, 'decay_rate': 8.085468529577585e-05, 'hidden_size': 512, 'beta1': 0.99, 'beta2': 0.99, 'signal_len': 16, 'cheb_order': 2, 's': 8.311090287024133, 'batch_size': 16, 'k': 2}
Trial 14 finished with value 0.209294935 | dataset=Covid | model=ufgtime_plus | val_MSE=0.215308866 | test_MSE=0.228435128 | MAE=0.209294935 | RMSE=0.477948876 | MAPE=21.090497311% | params={'learning_rate': 0.01640793113473117, 'decay_rate': 8.602609345724665e-05, 'hidden_size': 512, 'beta1': 0.99, 'beta2': 0.99, 'signal_len': 16, 'cheb_order': 2, 's': 8.083779009629747, 'batch_size': 16, 'k': 4}
Trial 15 finished with value 0.658104009 | dataset=Covid | model=ufgtime_plus | val_MSE=0.542958163 | test_MSE=1.395318550 | MAE=0.658104009 | RMSE=1.181236026 | MAPE=32.431278186% | params={'learning_rate': 0.0011510735133291449, 'decay_rate': 8.400255249190973e-05, 'hidden_size': 512, 'beta1': 0.99, 'beta2': 0.99, 'signal_len': 16, 'cheb_order': 2, 's': 7.86220627776109, 'batch_size': 16, 'k': 4}
Trial 16 finished with value 0.198129778 | dataset=Covid | model=ufgtime_plus | val_MSE=0.198460462 | test_MSE=0.242025783 | MAE=0.198129778 | RMSE=0.491961160 | MAPE=20.536539289% | params={'learning_rate': 0.013942568368553091, 'decay_rate': 3.168131198294402e-05, 'hidden_size': 512, 'beta1': 0.99, 'beta2': 0.99, 'signal_len': 16, 'cheb_order': 2, 's': 7.823186602318778, 'batch_size': 16, 'k': 6}
Trial 17 finished with value 1.596912450 | dataset=Covid | model=ufgtime_plus | val_MSE=0.792861885 | test_MSE=6.686549454 | MAE=1.596912450 | RMSE=2.585836316 | MAPE=53.319278887% | params={'learning_rate': 0.00036379296837403346, 'decay_rate': 2.1333678812592393e-05, 'hidden_size': 512, 'beta1': 0.99, 'beta2': 0.999, 'signal_len': 16, 'cheb_order': 2, 's': 7.028742161650912, 'batch_size': 16, 'k': 6}
Trial 18 finished with value 0.483969489 | dataset=Covid | model=ufgtime_plus | val_MSE=0.520979338 | test_MSE=1.536904919 | MAE=0.483969489 | RMSE=1.239719694 | MAPE=26.321906578% | params={'learning_rate': 0.0018501812470556706, 'decay_rate': 3.382562099909692e-05, 'hidden_size': 512, 'beta1': 0.99, 'beta2': 0.99, 'signal_len': 16, 'cheb_order': 2, 's': 7.58276280121458, 'batch_size': 16, 'k': 10}
Trial 19 finished with value 2.884380323 | dataset=Covid | model=ufgtime_plus | val_MSE=1.240240851 | test_MSE=21.588354266 | MAE=2.884380323 | RMSE=4.646326965 | MAPE=82.855471419% | params={'learning_rate': 1.4763763856823098e-05, 'decay_rate': 1.0338304597010182e-05, 'hidden_size': 512, 'beta1': 0.99, 'beta2': 0.99, 'signal_len': 16, 'cheb_order': 2, 's': 4.673518153352129, 'batch_size': 16, 'k': 6}
Trial 20 finished with value 0.346894473 | dataset=Covid | model=ufgtime_plus | val_MSE=0.452315581 | test_MSE=0.454024082 | MAE=0.346894473 | RMSE=0.673813091 | MAPE=23.979128986% | params={'learning_rate': 0.02244641008266545, 'decay_rate': 0.0009511758318127565, 'hidden_size': 512, 'beta1': 0.95, 'beta2': 0.999, 'signal_len': 16, 'cheb_order': 2, 's': 8.818497942942965, 'batch_size': 16, 'k': 6}
Trial 21 finished with value 0.225474624 | dataset=Covid | model=ufgtime_plus | val_MSE=0.236079090 | test_MSE=0.282715356 | MAE=0.225474624 | RMSE=0.531709841 | MAPE=21.356069793% | params={'learning_rate': 0.01809744634285401, 'decay_rate': 0.0001581943150933935, 'hidden_size': 512, 'beta1': 0.99, 'beta2': 0.99, 'signal_len': 16, 'cheb_order': 2, 's': 7.866602391321366, 'batch_size': 16, 'k': 4}
Trial 22 finished with value 0.278931205 | dataset=Covid | model=ufgtime_plus | val_MSE=0.297630880 | test_MSE=0.305694944 | MAE=0.278931205 | RMSE=0.552896866 | MAPE=22.886315356% | params={'learning_rate': 0.008082158945081743, 'decay_rate': 0.0001928822528548407, 'hidden_size': 512, 'beta1': 0.99, 'beta2': 0.99, 'signal_len': 16, 'cheb_order': 2, 's': 7.338319861707921, 'batch_size': 16, 'k': 4}
Trial 23 finished with value 0.240135546 | dataset=Covid | model=ufgtime_plus | val_MSE=0.202151993 | test_MSE=0.281497544 | MAE=0.240135546 | RMSE=0.530563422 | MAPE=21.666653550% | params={'learning_rate': 0.04685301267792968, 'decay_rate': 3.9311300326129495e-05, 'hidden_size': 512, 'beta1': 0.99, 'beta2': 0.99, 'signal_len': 16, 'cheb_order': 2, 's': 5.928929302731288, 'batch_size': 16, 'k': 5}
Trial 24 finished with value 0.242922289 | dataset=Covid | model=ufgtime_plus | val_MSE=0.256639890 | test_MSE=0.255942916 | MAE=0.242922289 | RMSE=0.505908012 | MAPE=21.979147911% | params={'learning_rate': 0.01960282430484149, 'decay_rate': 0.00020036725865603638, 'hidden_size': 512, 'beta1': 0.99, 'beta2': 0.99, 'signal_len': 16, 'cheb_order': 2, 's': 8.15162074582399, 'batch_size': 16, 'k': 7}
Trial 25 finished with value 0.453191012 | dataset=Covid | model=ufgtime_plus | val_MSE=0.514476379 | test_MSE=1.406069761 | MAE=0.453191012 | RMSE=1.185778125 | MAPE=25.498257568% | params={'learning_rate': 0.0025104127977852784, 'decay_rate': 4.8513286627035415e-05, 'hidden_size': 512, 'beta1': 0.99, 'beta2': 0.99, 'signal_len': 16, 'cheb_order': 2, 's': 8.91093471286556, 'batch_size': 16, 'k': 3}
Trial 26 finished with value 0.467967980 | dataset=Covid | model=ufgtime_plus | val_MSE=0.323307757 | test_MSE=0.530649479 | MAE=0.467967980 | RMSE=0.728456917 | MAPE=28.588895951% | params={'learning_rate': 0.0063014242447243934, 'decay_rate': 0.00012451344369935417, 'hidden_size': 512, 'beta1': 0.99, 'beta2': 0.99, 'signal_len': 16, 'cheb_order': 2, 's': 5.319974408395693, 'batch_size': 16, 'k': 4}
Trial 27 finished with value 0.234352875 | dataset=Covid | model=ufgtime_plus | val_MSE=0.206220226 | test_MSE=0.299787368 | MAE=0.234352875 | RMSE=0.547528417 | MAPE=21.284844728% | params={'learning_rate': 0.012469111850495746, 'decay_rate': 2.171493844956693e-05, 'hidden_size': 512, 'beta1': 0.99, 'beta2': 0.99, 'signal_len': 16, 'cheb_order': 2, 's': 6.955449641673296, 'batch_size': 16, 'k': 5}
Trial 28 finished with value 0.534447521 | dataset=Covid | model=ufgtime_plus | val_MSE=0.480239242 | test_MSE=1.480615637 | MAE=0.534447521 | RMSE=1.216805505 | MAPE=28.056279930% | params={'learning_rate': 0.025516413250995403, 'decay_rate': 0.0017991761867685585, 'hidden_size': 128, 'beta1': 0.99, 'beta2': 0.999, 'signal_len': 16, 'cheb_order': 2, 's': 7.792722524991746, 'batch_size': 128, 'k': 6}
Trial 29 finished with value 1.648409810 | dataset=Covid | model=ufgtime_plus | val_MSE=0.672521651 | test_MSE=6.171621069 | MAE=1.648409810 | RMSE=2.484274757 | MAPE=57.270062833% | params={'learning_rate': 0.0011230443497270742, 'decay_rate': 4.6782696125240554e-05, 'hidden_size': 512, 'beta1': 0.95, 'beta2': 0.99, 'signal_len': 16, 'cheb_order': 2, 's': 9.281236738047074, 'batch_size': 64, 'k': 7}
Trial 30 finished with value 0.543764233 | dataset=Covid | model=ufgtime_plus | val_MSE=0.488473356 | test_MSE=1.499534270 | MAE=0.543764233 | RMSE=1.224554723 | MAPE=28.633847390% | params={'learning_rate': 0.0018477154477723563, 'decay_rate': 0.0001602626094313872, 'hidden_size': 128, 'beta1': 0.99, 'beta2': 0.95, 'signal_len': 16, 'cheb_order': 2, 's': 4.16501017348326, 'batch_size': 64, 'k': 3}
Trial 31 finished with value 0.212026802 | dataset=Covid | model=ufgtime_plus | val_MSE=0.196131733 | test_MSE=0.258546874 | MAE=0.212026802 | RMSE=0.508475047 | MAPE=20.817565260% | params={'learning_rate': 0.014286508049677385, 'decay_rate': 1.7780365593108378e-05, 'hidden_size': 512, 'beta1': 0.99, 'beta2': 0.99, 'signal_len': 16, 'cheb_order': 2, 's': 6.940665035858114, 'batch_size': 16, 'k': 5}
Trial 32 finished with value 0.218648254 | dataset=Covid | model=ufgtime_plus | val_MSE=0.197312515 | test_MSE=0.258436465 | MAE=0.218648254 | RMSE=0.508366467 | MAPE=21.182097790% | params={'learning_rate': 0.03320299744203769, 'decay_rate': 1.711660754584556e-05, 'hidden_size': 512, 'beta1': 0.99, 'beta2': 0.99, 'signal_len': 16, 'cheb_order': 2, 's': 6.261399139483223, 'batch_size': 16, 'k': 5}
Trial 33 finished with value 0.281188095 | dataset=Covid | model=ufgtime_plus | val_MSE=0.196722729 | test_MSE=0.524982341 | MAE=0.281188095 | RMSE=0.724556652 | MAPE=21.987130630% | params={'learning_rate': 0.03377818221419934, 'decay_rate': 1.6714520922455196e-05, 'hidden_size': 512, 'beta1': 0.99, 'beta2': 0.99, 'signal_len': 16, 'cheb_order': 2, 's': 6.429479475057871, 'batch_size': 16, 'k': 5}
Trial 34 finished with value 0.242422295 | dataset=Covid | model=ufgtime_plus | val_MSE=0.186827435 | test_MSE=0.390637451 | MAE=0.242422295 | RMSE=0.625009961 | MAPE=21.317919487% | params={'learning_rate': 0.049201496086037924, 'decay_rate': 1.4105112664682372e-05, 'hidden_size': 512, 'beta1': 0.99, 'beta2': 0.99, 'signal_len': 16, 'cheb_order': 2, 's': 6.033259272568312, 'batch_size': 16, 'k': 8}
Trial 35 finished with value 0.661468833 | dataset=Covid | model=ufgtime_plus | val_MSE=0.557114720 | test_MSE=1.818717054 | MAE=0.661468833 | RMSE=1.348598181 | MAPE=31.313467948% | params={'learning_rate': 0.010305780915252125, 'decay_rate': 5.489274869438789e-05, 'hidden_size': 256, 'beta1': 0.99, 'beta2': 0.99, 'signal_len': 16, 'cheb_order': 2, 's': 6.960495535099646, 'batch_size': 128, 'k': 6}
Trial 36 finished with value 2.229906711 | dataset=Covid | model=ufgtime_plus | val_MSE=0.929825640 | test_MSE=11.354287917 | MAE=2.229906711 | RMSE=3.369612428 | MAPE=70.127822807% | params={'learning_rate': 0.0005538438120796384, 'decay_rate': 2.7284896465480738e-05, 'hidden_size': 128, 'beta1': 0.95, 'beta2': 0.999, 'signal_len': 16, 'cheb_order': 2, 's': 7.379968450627163, 'batch_size': 16, 'k': 5}
Trial 37 finished with value 1.113500697 | dataset=Covid | model=ufgtime_plus | val_MSE=0.684768975 | test_MSE=3.719089809 | MAE=1.113500697 | RMSE=1.928494182 | MAPE=41.779176546% | params={'learning_rate': 0.004939094996432995, 'decay_rate': 1.0397485068328815e-05, 'hidden_size': 512, 'beta1': 0.99, 'beta2': 0.95, 'signal_len': 8, 'cheb_order': 3, 's': 6.734401803171606, 'batch_size': 128, 'k': 7}
Trial 38 finished with value 0.243385786 | dataset=Covid | model=ufgtime_plus | val_MSE=0.241844351 | test_MSE=0.334998652 | MAE=0.243385786 | RMSE=0.578790681 | MAPE=21.582043931% | params={'learning_rate': 0.028976660104682566, 'decay_rate': 2.031067009147331e-05, 'hidden_size': 256, 'beta1': 0.9, 'beta2': 0.99, 'signal_len': 16, 'cheb_order': 2, 's': 5.981367107466558, 'batch_size': 16, 'k': 4}
Trial 39 finished with value 0.243127581 | dataset=Covid | model=ufgtime_plus | val_MSE=0.213952431 | test_MSE=0.413579027 | MAE=0.243127581 | RMSE=0.643101101 | MAPE=21.016043373% | params={'learning_rate': 0.014209910448744582, 'decay_rate': 3.1848404789947896e-05, 'hidden_size': 128, 'beta1': 0.99, 'beta2': 0.99, 'signal_len': 8, 'cheb_order': 2, 's': 8.39149714039955, 'batch_size': 16, 'k': 6}
Trial 40 finished with value 3.063863175 | dataset=Covid | model=ufgtime_plus | val_MSE=1.285125136 | test_MSE=22.562837501 | MAE=3.063863175 | RMSE=4.750035526 | MAPE=88.478258590% | params={'learning_rate': 9.972951474820965e-05, 'decay_rate': 0.010715802883848052, 'hidden_size': 512, 'beta1': 0.95, 'beta2': 0.95, 'signal_len': 16, 'cheb_order': 3, 's': 5.274453767556699, 'batch_size': 64, 'k': 9}
Trial 41 finished with value 0.226816938 | dataset=Covid | model=ufgtime_plus | val_MSE=0.212778803 | test_MSE=0.217962649 | MAE=0.226816938 | RMSE=0.466864701 | MAPE=21.819371634% | params={'learning_rate': 0.01789096555442392, 'decay_rate': 6.80540692034158e-05, 'hidden_size': 512, 'beta1': 0.99, 'beta2': 0.99, 'signal_len': 16, 'cheb_order': 2, 's': 7.831140038980173, 'batch_size': 16, 'k': 4}
Trial 42 finished with value 0.456626183 | dataset=Covid | model=ufgtime_plus | val_MSE=0.509038152 | test_MSE=1.343246866 | MAE=0.456626183 | RMSE=1.158985274 | MAPE=26.028884483% | params={'learning_rate': 0.005765603634738664, 'decay_rate': 0.0002700093415983412, 'hidden_size': 512, 'beta1': 0.99, 'beta2': 0.99, 'signal_len': 16, 'cheb_order': 2, 's': 7.2989377359952785, 'batch_size': 16, 'k': 5}
Trial 43 finished with value 0.282717867 | dataset=Covid | model=ufgtime_plus | val_MSE=0.340451994 | test_MSE=0.381524628 | MAE=0.282717867 | RMSE=0.617676799 | MAPE=22.517069787% | params={'learning_rate': 0.02971297755320725, 'decay_rate': 0.0004162152210235384, 'hidden_size': 512, 'beta1': 0.99, 'beta2': 0.99, 'signal_len': 16, 'cheb_order': 2, 's': 6.378339512640319, 'batch_size': 16, 'k': 4}
Trial 44 finished with value 0.421331972 | dataset=Covid | model=ufgtime_plus | val_MSE=0.428454692 | test_MSE=0.485944801 | MAE=0.421331972 | RMSE=0.697097411 | MAPE=26.597606105% | params={'learning_rate': 0.009496568268793786, 'decay_rate': 0.00014352646171657984, 'hidden_size': 512, 'beta1': 0.9, 'beta2': 0.99, 'signal_len': 16, 'cheb_order': 2, 's': 8.262449578601245, 'batch_size': 16, 'k': 3}
Trial 45 finished with value 0.466097554 | dataset=Covid | model=ufgtime_plus | val_MSE=0.487648964 | test_MSE=1.186207806 | MAE=0.466097554 | RMSE=1.089131675 | MAPE=26.219531281% | params={'learning_rate': 0.0040737972312640406, 'decay_rate': 0.00011933401279608462, 'hidden_size': 256, 'beta1': 0.99, 'beta2': 0.99, 'signal_len': 8, 'cheb_order': 2, 's': 9.160450925619623, 'batch_size': 128, 'k': 5}
Trial 46 finished with value 0.221661885 | dataset=Covid | model=ufgtime_plus | val_MSE=0.210317235 | test_MSE=0.223001602 | MAE=0.221661885 | RMSE=0.472230454 | MAPE=21.337530401% | params={'learning_rate': 0.015126096671629024, 'decay_rate': 5.5589585904397196e-05, 'hidden_size': 512, 'beta1': 0.99, 'beta2': 0.99, 'signal_len': 16, 'cheb_order': 3, 's': 1.4569532875969573, 'batch_size': 16, 'k': 4}
Trial 47 finished with value 0.426957729 | dataset=Covid | model=ufgtime_plus | val_MSE=0.507006037 | test_MSE=1.382476515 | MAE=0.426957729 | RMSE=1.175787615 | MAPE=25.039567900% | params={'learning_rate': 0.003048790239661802, 'decay_rate': 2.8613439136051465e-05, 'hidden_size': 512, 'beta1': 0.99, 'beta2': 0.999, 'signal_len': 16, 'cheb_order': 3, 's': 1.5682643842670019, 'batch_size': 16, 'k': 3}
Trial 48 finished with value 1.059188020 | dataset=Covid | model=ufgtime_plus | val_MSE=0.676206941 | test_MSE=2.727739543 | MAE=1.059188020 | RMSE=1.651586977 | MAPE=40.710587206% | params={'learning_rate': 0.0077083324488514795, 'decay_rate': 1.644764686052055e-05, 'hidden_size': 512, 'beta1': 0.9, 'beta2': 0.99, 'signal_len': 8, 'cheb_order': 3, 's': 3.3666235806103453, 'batch_size': 16, 'k': 5}
Trial 49 finished with value 0.470847053 | dataset=Covid | model=ufgtime_plus | val_MSE=0.497532874 | test_MSE=0.946643451 | MAE=0.470847053 | RMSE=0.972956037 | MAPE=26.849811880% | params={'learning_rate': 0.035817414703816546, 'decay_rate': 5.848808033737204e-05, 'hidden_size': 512, 'beta1': 0.99, 'beta2': 0.99, 'signal_len': 16, 'cheb_order': 3, 's': 2.0249030342529206, 'batch_size': 64, 'k': 6}
Trial 50 finished with value 0.239296419 | dataset=Covid | model=ufgtime_plus | val_MSE=0.202048749 | test_MSE=0.363005182 | MAE=0.239296419 | RMSE=0.602499114 | MAPE=21.272419810% | params={'learning_rate': 0.01565886264491268, 'decay_rate': 4.040051411558805e-05, 'hidden_size': 256, 'beta1': 0.99, 'beta2': 0.95, 'signal_len': 16, 'cheb_order': 3, 's': 3.6885367755245437, 'batch_size': 16, 'k': 4}
Trial 51 finished with value 0.236368123 | dataset=Covid | model=ufgtime_plus | val_MSE=0.218118950 | test_MSE=0.347394302 | MAE=0.236368123 | RMSE=0.589401648 | MAPE=21.190498360% | params={'learning_rate': 0.021036462522617427, 'decay_rate': 9.514582095663564e-05, 'hidden_size': 512, 'beta1': 0.99, 'beta2': 0.99, 'signal_len': 16, 'cheb_order': 3, 's': 4.7478176094010625, 'batch_size': 16, 'k': 4}
Trial 52 finished with value 0.264057940 | dataset=Covid | model=ufgtime_plus | val_MSE=0.305948750 | test_MSE=0.301410462 | MAE=0.264057940 | RMSE=0.549008618 | MAPE=22.337658412% | params={'learning_rate': 0.012827301658977684, 'decay_rate': 0.0003017326429245924, 'hidden_size': 512, 'beta1': 0.99, 'beta2': 0.99, 'signal_len': 16, 'cheb_order': 2, 's': 8.581383728463916, 'batch_size': 16, 'k': 5}
Trial 53 finished with value 0.211464040 | dataset=Covid | model=ufgtime_plus | val_MSE=0.210941346 | test_MSE=0.256589609 | MAE=0.211464040 | RMSE=0.506546749 | MAPE=20.918224809% | params={'learning_rate': 0.021014329210837023, 'decay_rate': 7.160597308690832e-05, 'hidden_size': 512, 'beta1': 0.99, 'beta2': 0.99, 'signal_len': 16, 'cheb_order': 3, 's': 8.021927399848622, 'batch_size': 16, 'k': 4}
