Trial 270 finished with value 0.205997736 | dataset=Covid | model=ufgtime_plus | val_MSE=0.204159141 | test_MSE=0.289815866 | MAE=0.205997736 | RMSE=0.538345490 | MAPE=20.554890875% | params={'learning_rate': 0.0432194749700131, 'decay_rate': 1.890023777698434e-05, 'hidden_size': 128, 'beta1': 0.95, 'beta2': 0.95, 'signal_len': 16, 'cheb_order': 2, 's': 8.842703272273516, 'batch_size': 16, 'k': 5}
Trial 271 finished with value 0.249019563 | dataset=Covid | model=ufgtime_plus | val_MSE=0.201759837 | test_MSE=0.191443269 | MAE=0.249019563 | RMSE=0.437542305 | MAPE=22.772363690% | params={'learning_rate': 0.049775665774735585, 'decay_rate': 1.1452372072507922e-05, 'hidden_size': 128, 'beta1': 0.95, 'beta2': 0.95, 'signal_len': 16, 'cheb_order': 2, 's': 8.50950401150507, 'batch_size': 16, 'k': 5}
Trial 272 finished with value 2.052283246 | dataset=Covid | model=ufgtime_plus | val_MSE=0.921581148 | test_MSE=10.504700493 | MAE=2.052283246 | RMSE=3.241095570 | MAPE=62.676036189% | params={'learning_rate': 0.00026523513941574805, 'decay_rate': 1.4085636086236122e-05, 'hidden_size': 128, 'beta1': 0.9, 'beta2': 0.95, 'signal_len': 8, 'cheb_order': 2, 's': 8.073534576301094, 'batch_size': 16, 'k': 5}
Trial 273 finished with value 0.196988788 | dataset=Covid | model=ufgtime_plus | val_MSE=0.206041130 | test_MSE=0.211995716 | MAE=0.196988788 | RMSE=0.460429925 | MAPE=20.668278217% | params={'learning_rate': 0.03302054547865798, 'decay_rate': 1.576858516229226e-05, 'hidden_size': 128, 'beta1': 0.95, 'beta2': 0.95, 'signal_len': 16, 'cheb_order': 2, 's': 8.7476671838594, 'batch_size': 16, 'k': 5}
Trial 274 finished with value 0.420841945 | dataset=Covid | model=ufgtime_plus | val_MSE=0.459047347 | test_MSE=0.875600909 | MAE=0.420841945 | RMSE=0.935735491 | MAPE=25.381590164% | params={'learning_rate': 0.024811098805797085, 'decay_rate': 1.65349647010881e-05, 'hidden_size': 128, 'beta1': 0.95, 'beta2': 0.95, 'signal_len': 16, 'cheb_order': 2, 's': 8.670461626541556, 'batch_size': 128, 'k': 4}
Trial 275 finished with value 0.216514403 | dataset=Covid | model=ufgtime_plus | val_MSE=0.236241822 | test_MSE=0.246926150 | MAE=0.216514403 | RMSE=0.496916643 | MAPE=21.017004279% | params={'learning_rate': 0.03286336285127913, 'decay_rate': 2.0487537128696764e-05, 'hidden_size': 128, 'beta1': 0.95, 'beta2': 0.95, 'signal_len': 16, 'cheb_order': 2, 's': 8.377825507869648, 'batch_size': 16, 'k': 5}
Trial 276 finished with value 0.204359060 | dataset=Covid | model=ufgtime_plus | val_MSE=0.214512435 | test_MSE=0.216446674 | MAE=0.204359060 | RMSE=0.465238298 | MAPE=20.884950190% | params={'learning_rate': 0.030118893696956504, 'decay_rate': 1.6535522135589115e-05, 'hidden_size': 128, 'beta1': 0.95, 'beta2': 0.95, 'signal_len': 16, 'cheb_order': 2, 's': 7.655030746471645, 'batch_size': 16, 'k': 5}
Trial 277 finished with value 0.257580005 | dataset=Covid | model=ufgtime_plus | val_MSE=0.229975318 | test_MSE=0.205138356 | MAE=0.257580005 | RMSE=0.452922019 | MAPE=22.843865139% | params={'learning_rate': 0.026204692833615914, 'decay_rate': 1.1696054394544661e-05, 'hidden_size': 128, 'beta1': 0.95, 'beta2': 0.95, 'signal_len': 16, 'cheb_order': 2, 's': 8.275689020417442, 'batch_size': 16, 'k': 5}
Trial 278 finished with value 0.215178579 | dataset=Covid | model=ufgtime_plus | val_MSE=0.213617574 | test_MSE=0.314187290 | MAE=0.215178579 | RMSE=0.560524121 | MAPE=20.734252560% | params={'learning_rate': 0.03595517682326932, 'decay_rate': 1.4479627638223486e-05, 'hidden_size': 128, 'beta1': 0.95, 'beta2': 0.95, 'signal_len': 16, 'cheb_order': 2, 's': 7.9239643238465876, 'batch_size': 16, 'k': 5}
Trial 279 finished with value 0.205736119 | dataset=Covid | model=ufgtime_plus | val_MSE=0.215050348 | test_MSE=0.275893734 | MAE=0.205736119 | RMSE=0.525255874 | MAPE=20.510172484% | params={'learning_rate': 0.037456693128360134, 'decay_rate': 1.909917630021422e-05, 'hidden_size': 128, 'beta1': 0.95, 'beta2': 0.95, 'signal_len': 16, 'cheb_order': 2, 's': 8.652952653617946, 'batch_size': 16, 'k': 4}
Trial 280 finished with value 0.191706939 | dataset=Covid | model=ufgtime_plus | val_MSE=0.237112969 | test_MSE=0.215289838 | MAE=0.191706939 | RMSE=0.463993359 | MAPE=20.449725851% | params={'learning_rate': 0.02979949987763189, 'decay_rate': 1.1666627820545375e-05, 'hidden_size': 128, 'beta1': 0.95, 'beta2': 0.95, 'signal_len': 16, 'cheb_order': 2, 's': 8.789490987697953, 'batch_size': 64, 'k': 5}
Trial 281 finished with value 0.243470798 | dataset=Covid | model=ufgtime_plus | val_MSE=0.253159553 | test_MSE=0.389459745 | MAE=0.243470798 | RMSE=0.624067100 | MAPE=21.174572979% | params={'learning_rate': 0.02247755977541193, 'decay_rate': 1.1448905972992686e-05, 'hidden_size': 128, 'beta1': 0.95, 'beta2': 0.95, 'signal_len': 16, 'cheb_order': 2, 's': 8.854877902672122, 'batch_size': 64, 'k': 5}
Trial 282 finished with value 0.252441806 | dataset=Covid | model=ufgtime_plus | val_MSE=0.246035993 | test_MSE=0.252961980 | MAE=0.252441806 | RMSE=0.502953258 | MAPE=22.273601505% | params={'learning_rate': 0.02820987372534253, 'decay_rate': 1.3462422961716314e-05, 'hidden_size': 128, 'beta1': 0.95, 'beta2': 0.95, 'signal_len': 16, 'cheb_order': 2, 's': 1.2076904116056077, 'batch_size': 64, 'k': 3}
Trial 283 finished with value 0.217378571 | dataset=Covid | model=ufgtime_plus | val_MSE=0.234904781 | test_MSE=0.276616390 | MAE=0.217378571 | RMSE=0.525943333 | MAPE=20.956254486% | params={'learning_rate': 0.03134226634646943, 'decay_rate': 1.0270965943751025e-05, 'hidden_size': 128, 'beta1': 0.95, 'beta2': 0.95, 'signal_len': 16, 'cheb_order': 2, 's': 8.121511620725746, 'batch_size': 64, 'k': 5}
Trial 284 finished with value 0.211022089 | dataset=Covid | model=ufgtime_plus | val_MSE=0.218537122 | test_MSE=0.298887143 | MAE=0.211022089 | RMSE=0.546705718 | MAPE=20.523228364% | params={'learning_rate': 0.036301034076819685, 'decay_rate': 1.2901006451391051e-05, 'hidden_size': 128, 'beta1': 0.95, 'beta2': 0.95, 'signal_len': 8, 'cheb_order': 2, 's': 7.451318115618065, 'batch_size': 64, 'k': 6}
Trial 285 finished with value 0.225592966 | dataset=Covid | model=ufgtime_plus | val_MSE=0.216798228 | test_MSE=0.356983055 | MAE=0.225592966 | RMSE=0.597480590 | MAPE=20.803553969% | params={'learning_rate': 0.025032800270551166, 'decay_rate': 1.5830858610022564e-05, 'hidden_size': 128, 'beta1': 0.95, 'beta2': 0.95, 'signal_len': 16, 'cheb_order': 2, 's': 8.459611285252125, 'batch_size': 16, 'k': 7}
Trial 286 finished with value 0.532007052 | dataset=Covid | model=ufgtime_plus | val_MSE=0.555868030 | test_MSE=0.942170905 | MAE=0.532007052 | RMSE=0.970654885 | MAPE=28.853149662% | params={'learning_rate': 0.04196935877406679, 'decay_rate': 0.017669527734549217, 'hidden_size': 128, 'beta1': 0.95, 'beta2': 0.95, 'signal_len': 16, 'cheb_order': 2, 's': 7.9766302838427405, 'batch_size': 64, 'k': 5}
Trial 287 finished with value 0.243302171 | dataset=Covid | model=ufgtime_plus | val_MSE=0.189412236 | test_MSE=0.740931867 | MAE=0.243302171 | RMSE=0.860773993 | MAPE=20.556846166% | params={'learning_rate': 0.03104349071452862, 'decay_rate': 1.0030805893427448e-05, 'hidden_size': 256, 'beta1': 0.95, 'beta2': 0.95, 'signal_len': 16, 'cheb_order': 2, 's': 8.277630425061803, 'batch_size': 64, 'k': 4}
Trial 288 finished with value 0.228158757 | dataset=Covid | model=ufgtime_plus | val_MSE=0.203753724 | test_MSE=0.337909299 | MAE=0.228158757 | RMSE=0.581299664 | MAPE=20.889281431% | params={'learning_rate': 0.04251505628023284, 'decay_rate': 1.2476356865775722e-05, 'hidden_size': 128, 'beta1': 0.95, 'beta2': 0.95, 'signal_len': 16, 'cheb_order': 2, 's': 7.7782377415013855, 'batch_size': 16, 'k': 6}
Trial 289 finished with value 0.240793079 | dataset=Covid | model=ufgtime_plus | val_MSE=0.224712704 | test_MSE=0.208495225 | MAE=0.240793079 | RMSE=0.456612774 | MAPE=22.306002005% | params={'learning_rate': 0.03432039555954292, 'decay_rate': 1.519093807631814e-05, 'hidden_size': 128, 'beta1': 0.95, 'beta2': 0.95, 'signal_len': 16, 'cheb_order': 2, 's': 8.783739916454675, 'batch_size': 16, 'k': 5}
Trial 290 finished with value 0.206844602 | dataset=Covid | model=ufgtime_plus | val_MSE=0.226409112 | test_MSE=0.213637217 | MAE=0.206844602 | RMSE=0.462209063 | MAPE=21.032049730% | params={'learning_rate': 0.02744309427600962, 'decay_rate': 1.173561560450422e-05, 'hidden_size': 128, 'beta1': 0.95, 'beta2': 0.95, 'signal_len': 16, 'cheb_order': 2, 's': 8.498605353976084, 'batch_size': 16, 'k': 5}
Trial 291 finished with value 0.308906500 | dataset=Covid | model=ufgtime_plus | val_MSE=0.201633430 | test_MSE=0.613026440 | MAE=0.308906500 | RMSE=0.782960050 | MAPE=22.561033939% | params={'learning_rate': 0.04253112680282127, 'decay_rate': 1.7337423945969944e-05, 'hidden_size': 128, 'beta1': 0.95, 'beta2': 0.95, 'signal_len': 16, 'cheb_order': 2, 's': 8.157592970161796, 'batch_size': 16, 'k': 6}
Trial 292 finished with value 0.346274606 | dataset=Covid | model=ufgtime_plus | val_MSE=0.314975234 | test_MSE=0.323315446 | MAE=0.346274606 | RMSE=0.568608341 | MAPE=25.000583934% | params={'learning_rate': 0.02126473698014793, 'decay_rate': 1.380088081877127e-05, 'hidden_size': 128, 'beta1': 0.95, 'beta2': 0.999, 'signal_len': 16, 'cheb_order': 2, 's': 8.366432082809352, 'batch_size': 16, 'k': 5}
Trial 293 finished with value 0.192635409 | dataset=Covid | model=ufgtime_plus | val_MSE=0.207826813 | test_MSE=0.274166158 | MAE=0.192635409 | RMSE=0.523608784 | MAPE=20.177699310% | params={'learning_rate': 0.035261608920803524, 'decay_rate': 1.1793229954937686e-05, 'hidden_size': 128, 'beta1': 0.9, 'beta2': 0.95, 'signal_len': 16, 'cheb_order': 2, 's': 7.996651669465425, 'batch_size': 16, 'k': 4}
Trial 294 finished with value 0.211721867 | dataset=Covid | model=ufgtime_plus | val_MSE=0.210137639 | test_MSE=0.355081491 | MAE=0.211721867 | RMSE=0.595887146 | MAPE=20.401505804% | params={'learning_rate': 0.03347479261319651, 'decay_rate': 1.4679929937814899e-05, 'hidden_size': 128, 'beta1': 0.9, 'beta2': 0.95, 'signal_len': 16, 'cheb_order': 2, 's': 7.760356932845109, 'batch_size': 16, 'k': 4}
Trial 295 finished with value 0.422024566 | dataset=Covid | model=ufgtime_plus | val_MSE=0.340864391 | test_MSE=0.458709515 | MAE=0.422024566 | RMSE=0.677280972 | MAPE=26.776101708% | params={'learning_rate': 0.02972346908556491, 'decay_rate': 1.9778965024007193e-05, 'hidden_size': 128, 'beta1': 0.9, 'beta2': 0.95, 'signal_len': 8, 'cheb_order': 2, 's': 7.972851600318686, 'batch_size': 16, 'k': 4}
Trial 296 finished with value 0.229274878 | dataset=Covid | model=ufgtime_plus | val_MSE=0.198211074 | test_MSE=0.212710945 | MAE=0.229274878 | RMSE=0.461205968 | MAPE=22.053487424% | params={'learning_rate': 0.04931626624495931, 'decay_rate': 1.6649046090859627e-05, 'hidden_size': 128, 'beta1': 0.9, 'beta2': 0.95, 'signal_len': 16, 'cheb_order': 2, 's': 7.62482601697646, 'batch_size': 16, 'k': 4}
Trial 297 finished with value 0.226420810 | dataset=Covid | model=ufgtime_plus | val_MSE=0.238084793 | test_MSE=0.238681916 | MAE=0.226420810 | RMSE=0.488550833 | MAPE=21.521924758% | params={'learning_rate': 0.02431573863642415, 'decay_rate': 1.3520154542188536e-05, 'hidden_size': 128, 'beta1': 0.95, 'beta2': 0.95, 'signal_len': 16, 'cheb_order': 2, 's': 8.939652316285834, 'batch_size': 64, 'k': 4}
Trial 298 finished with value 0.391013909 | dataset=Covid | model=ufgtime_plus | val_MSE=0.286690772 | test_MSE=0.408362758 | MAE=0.391013909 | RMSE=0.639032674 | MAPE=26.293748310% | params={'learning_rate': 0.03689261136076857, 'decay_rate': 1.1474236523235719e-05, 'hidden_size': 128, 'beta1': 0.95, 'beta2': 0.95, 'signal_len': 16, 'cheb_order': 2, 's': 8.003062447318452, 'batch_size': 128, 'k': 6}
Trial 299 finished with value 0.292880553 | dataset=Covid | model=ufgtime_plus | val_MSE=0.210948349 | test_MSE=0.603924975 | MAE=0.292880553 | RMSE=0.777126100 | MAPE=22.109391007% | params={'learning_rate': 0.036606443421669896, 'decay_rate': 1.008652645763927e-05, 'hidden_size': 128, 'beta1': 0.9, 'beta2': 0.95, 'signal_len': 16, 'cheb_order': 2, 's': 8.646891038643231, 'batch_size': 16, 'k': 4}
Trial 300 finished with value 0.187304663 | dataset=Covid | model=ufgtime_plus | val_MSE=0.195362173 | test_MSE=0.222339918 | MAE=0.187304663 | RMSE=0.471529340 | MAPE=20.318931880% | params={'learning_rate': 0.049940920600127656, 'decay_rate': 2.230403153995706e-05, 'hidden_size': 128, 'beta1': 0.9, 'beta2': 0.95, 'signal_len': 16, 'cheb_order': 2, 's': 7.855017515895409, 'batch_size': 16, 'k': 6}
Trial 301 finished with value 0.190751734 | dataset=Covid | model=ufgtime_plus | val_MSE=0.204259561 | test_MSE=0.196218174 | MAE=0.190751734 | RMSE=0.442965206 | MAPE=20.589937777% | params={'learning_rate': 0.0494810706177068, 'decay_rate': 2.2191035611348873e-05, 'hidden_size': 128, 'beta1': 0.9, 'beta2': 0.95, 'signal_len': 16, 'cheb_order': 2, 's': 9.745221288513942, 'batch_size': 16, 'k': 6}
Trial 302 finished with value 0.209306946 | dataset=Covid | model=ufgtime_plus | val_MSE=0.222743008 | test_MSE=0.189663111 | MAE=0.209306946 | RMSE=0.435503285 | MAPE=21.185044079% | params={'learning_rate': 0.03000337390027744, 'decay_rate': 2.4638938774282754e-05, 'hidden_size': 128, 'beta1': 0.9, 'beta2': 0.95, 'signal_len': 16, 'cheb_order': 2, 's': 9.767013553195596, 'batch_size': 16, 'k': 6}
Trial 303 finished with value 0.182344224 | dataset=Covid | model=ufgtime_plus | val_MSE=0.233329095 | test_MSE=0.176212143 | MAE=0.182344224 | RMSE=0.419776301 | MAPE=20.328872928% | params={'learning_rate': 0.04967424592006707, 'decay_rate': 2.7089004479947613e-05, 'hidden_size': 128, 'beta1': 0.9, 'beta2': 0.95, 'signal_len': 16, 'cheb_order': 2, 's': 9.930602162198623, 'batch_size': 16, 'k': 6}
Trial 304 finished with value 0.206105851 | dataset=Covid | model=ufgtime_plus | val_MSE=0.208282457 | test_MSE=0.285559041 | MAE=0.206105851 | RMSE=0.534377246 | MAPE=20.549250508% | params={'learning_rate': 0.04472936702585947, 'decay_rate': 2.8191178326062587e-05, 'hidden_size': 128, 'beta1': 0.9, 'beta2': 0.95, 'signal_len': 16, 'cheb_order': 2, 's': 9.828567739544264, 'batch_size': 16, 'k': 6}
Trial 305 finished with value 0.187841244 | dataset=Covid | model=ufgtime_plus | val_MSE=0.200184425 | test_MSE=0.234181268 | MAE=0.187841244 | RMSE=0.483922792 | MAPE=20.260098613% | params={'learning_rate': 0.04964244371671484, 'decay_rate': 2.52598550491786e-05, 'hidden_size': 128, 'beta1': 0.9, 'beta2': 0.95, 'signal_len': 16, 'cheb_order': 2, 's': 7.475977837482306, 'batch_size': 16, 'k': 6}
Trial 306 finished with value 0.214542844 | dataset=Covid | model=ufgtime_plus | val_MSE=0.205866525 | test_MSE=0.195069185 | MAE=0.214542844 | RMSE=0.441666372 | MAPE=21.563523983% | params={'learning_rate': 0.04996206539493214, 'decay_rate': 3.3305040002551294e-05, 'hidden_size': 128, 'beta1': 0.9, 'beta2': 0.95, 'signal_len': 16, 'cheb_order': 2, 's': 9.968338419704978, 'batch_size': 16, 'k': 6}
Trial 307 finished with value 0.208189628 | dataset=Covid | model=ufgtime_plus | val_MSE=0.198016460 | test_MSE=0.215346165 | MAE=0.208189628 | RMSE=0.464054054 | MAPE=21.216909908% | params={'learning_rate': 0.048750118200737415, 'decay_rate': 2.3748145491925088e-05, 'hidden_size': 128, 'beta1': 0.9, 'beta2': 0.95, 'signal_len': 16, 'cheb_order': 2, 's': 9.64199591443254, 'batch_size': 16, 'k': 6}
Trial 308 finished with value 0.198658458 | dataset=Covid | model=ufgtime_plus | val_MSE=0.215806351 | test_MSE=0.254547331 | MAE=0.198658458 | RMSE=0.504526839 | MAPE=20.527747062% | params={'learning_rate': 0.04962455701405279, 'decay_rate': 2.6623069770853634e-05, 'hidden_size': 128, 'beta1': 0.9, 'beta2': 0.95, 'signal_len': 8, 'cheb_order': 2, 's': 7.303549988547454, 'batch_size': 16, 'k': 6}
Trial 309 finished with value 0.229435492 | dataset=Covid | model=ufgtime_plus | val_MSE=0.201325780 | test_MSE=0.408096762 | MAE=0.229435492 | RMSE=0.638824516 | MAPE=20.567755653% | params={'learning_rate': 0.040943695357524845, 'decay_rate': 2.748877871982573e-05, 'hidden_size': 128, 'beta1': 0.9, 'beta2': 0.95, 'signal_len': 16, 'cheb_order': 2, 's': 9.594779628192864, 'batch_size': 16, 'k': 6}
Trial 310 finished with value 0.201337336 | dataset=Covid | model=ufgtime_plus | val_MSE=0.206109323 | test_MSE=0.276548582 | MAE=0.201337336 | RMSE=0.525878866 | MAPE=20.621261082% | params={'learning_rate': 0.039792478815953304, 'decay_rate': 2.076646034805929e-05, 'hidden_size': 128, 'beta1': 0.9, 'beta2': 0.95, 'signal_len': 16, 'cheb_order': 2, 's': 9.859771707476247, 'batch_size': 16, 'k': 6}
Trial 311 finished with value 0.197748445 | dataset=Covid | model=ufgtime_plus | val_MSE=0.202069602 | test_MSE=0.201924375 | MAE=0.197748445 | RMSE=0.449359962 | MAPE=20.854931058% | params={'learning_rate': 0.042782238311409614, 'decay_rate': 2.359615446664711e-05, 'hidden_size': 128, 'beta1': 0.9, 'beta2': 0.95, 'signal_len': 16, 'cheb_order': 2, 's': 9.433218847765145, 'batch_size': 16, 'k': 6}
Trial 312 finished with value 0.184732537 | dataset=Covid | model=ufgtime_plus | val_MSE=0.200688815 | test_MSE=0.187416328 | MAE=0.184732537 | RMSE=0.432916075 | MAPE=20.380424715% | params={'learning_rate': 0.0494294629634969, 'decay_rate': 1.7884942361445988e-05, 'hidden_size': 128, 'beta1': 0.9, 'beta2': 0.95, 'signal_len': 16, 'cheb_order': 2, 's': 9.693328919596368, 'batch_size': 16, 'k': 7}
Trial 313 finished with value 0.387847005 | dataset=Covid | model=ufgtime_plus | val_MSE=0.508918822 | test_MSE=0.511592375 | MAE=0.387847005 | RMSE=0.715256859 | MAPE=24.971925409% | params={'learning_rate': 0.049581766232070154, 'decay_rate': 0.006979492155159893, 'hidden_size': 128, 'beta1': 0.9, 'beta2': 0.999, 'signal_len': 16, 'cheb_order': 2, 's': 9.595090166048468, 'batch_size': 16, 'k': 9}
Trial 314 finished with value 0.196168167 | dataset=Covid | model=ufgtime_plus | val_MSE=0.215046833 | test_MSE=0.267872100 | MAE=0.196168167 | RMSE=0.517563620 | MAPE=20.314997588% | params={'learning_rate': 0.038087134369951856, 'decay_rate': 3.538631772660219e-05, 'hidden_size': 128, 'beta1': 0.9, 'beta2': 0.95, 'signal_len': 16, 'cheb_order': 2, 's': 9.451137876353943, 'batch_size': 16, 'k': 7}
Trial 315 finished with value 0.284338094 | dataset=Covid | model=ufgtime_plus | val_MSE=0.300341785 | test_MSE=0.295159229 | MAE=0.284338094 | RMSE=0.543285587 | MAPE=22.936503408% | params={'learning_rate': 0.03924631665489993, 'decay_rate': 3.3358495025744125e-05, 'hidden_size': 128, 'beta1': 0.9, 'beta2': 0.95, 'signal_len': 16, 'cheb_order': 2, 's': 9.998378231005908, 'batch_size': 64, 'k': 7}
Trial 316 finished with value 0.188274929 | dataset=Covid | model=ufgtime_plus | val_MSE=0.204015667 | test_MSE=0.227780625 | MAE=0.188274929 | RMSE=0.477263685 | MAPE=20.286880858% | params={'learning_rate': 0.04958235498479506, 'decay_rate': 3.8427536559591045e-05, 'hidden_size': 128, 'beta1': 0.9, 'beta2': 0.95, 'signal_len': 16, 'cheb_order': 2, 's': 9.694841775263129, 'batch_size': 16, 'k': 7}
Trial 317 finished with value 0.205591333 | dataset=Covid | model=ufgtime_plus | val_MSE=0.219739904 | test_MSE=0.246402397 | MAE=0.205591333 | RMSE=0.496389360 | MAPE=20.770822571% | params={'learning_rate': 0.049252045994497444, 'decay_rate': 2.554623621738281e-05, 'hidden_size': 128, 'beta1': 0.9, 'beta2': 0.95, 'signal_len': 16, 'cheb_order': 2, 's': 9.717687166110919, 'batch_size': 16, 'k': 7}
Trial 318 finished with value 2.505481677 | dataset=Covid | model=ufgtime_plus | val_MSE=0.933874332 | test_MSE=14.395519396 | MAE=2.505481677 | RMSE=3.794142775 | MAPE=75.863405509% | params={'learning_rate': 0.00011311309836152644, 'decay_rate': 2.898226996131681e-05, 'hidden_size': 128, 'beta1': 0.9, 'beta2': 0.95, 'signal_len': 16, 'cheb_order': 2, 's': 9.828260829827364, 'batch_size': 16, 'k': 8}
Trial 319 finished with value 0.210902374 | dataset=Covid | model=ufgtime_plus | val_MSE=0.207587286 | test_MSE=0.197872450 | MAE=0.210902374 | RMSE=0.444828563 | MAPE=21.359486242% | params={'learning_rate': 0.049292890282422015, 'decay_rate': 3.998959497951505e-05, 'hidden_size': 128, 'beta1': 0.9, 'beta2': 0.95, 'signal_len': 16, 'cheb_order': 2, 's': 9.590604058986358, 'batch_size': 16, 'k': 6}
Trial 320 finished with value 0.210647919 | dataset=Covid | model=ufgtime_plus | val_MSE=0.196331490 | test_MSE=0.255349853 | MAE=0.210647919 | RMSE=0.505321534 | MAPE=20.884216860% | params={'learning_rate': 0.04986756372897005, 'decay_rate': 2.1372076090453445e-05, 'hidden_size': 128, 'beta1': 0.9, 'beta2': 0.95, 'signal_len': 8, 'cheb_order': 2, 's': 9.823245314454619, 'batch_size': 16, 'k': 8}
Trial 321 finished with value 0.330340846 | dataset=Covid | model=ufgtime_plus | val_MSE=0.460363388 | test_MSE=0.452575821 | MAE=0.330340846 | RMSE=0.672737558 | MAPE=23.614638619% | params={'learning_rate': 0.04152168972513605, 'decay_rate': 1.836420316853815e-05, 'hidden_size': 128, 'beta1': 0.9, 'beta2': 0.95, 'signal_len': 16, 'cheb_order': 2, 's': 9.64579907944873, 'batch_size': 128, 'k': 7}
Trial 322 finished with value 0.266219984 | dataset=Covid | model=ufgtime_plus | val_MSE=0.209524753 | test_MSE=0.509159446 | MAE=0.266219984 | RMSE=0.713554095 | MAPE=21.603956951% | params={'learning_rate': 0.04335798867545203, 'decay_rate': 2.10734808433247e-05, 'hidden_size': 128, 'beta1': 0.9, 'beta2': 0.95, 'signal_len': 16, 'cheb_order': 2, 's': 9.758856387636577, 'batch_size': 16, 'k': 7}
Trial 323 finished with value 0.191358460 | dataset=Covid | model=ufgtime_plus | val_MSE=0.199472582 | test_MSE=0.215755620 | MAE=0.191358460 | RMSE=0.464495016 | MAPE=20.470396869% | params={'learning_rate': 0.04995395682160496, 'decay_rate': 3.067902777285775e-05, 'hidden_size': 128, 'beta1': 0.9, 'beta2': 0.95, 'signal_len': 16, 'cheb_order': 2, 's': 9.406115400670638, 'batch_size': 16, 'k': 7}
