Trial 216 finished with value 0.195378534 | dataset=Covid | model=ufgtime_plus | val_MSE=0.201701361 | test_MSE=0.248285738 | MAE=0.195378534 | RMSE=0.498282790 | MAPE=20.388187830% | params={'learning_rate': 0.035988173497693926, 'decay_rate': 1.1427137843868099e-05, 'hidden_size': 128, 'beta1': 0.95, 'beta2': 0.95, 'signal_len': 16, 'cheb_order': 2, 's': 8.276697480537567, 'batch_size': 16, 'k': 5}
Trial 217 finished with value 0.201065526 | dataset=Covid | model=ufgtime_plus | val_MSE=0.202303528 | test_MSE=0.185580237 | MAE=0.201065526 | RMSE=0.430790247 | MAPE=20.991822738% | params={'learning_rate': 0.04862307909348813, 'decay_rate': 1.1532470361005659e-05, 'hidden_size': 128, 'beta1': 0.99, 'beta2': 0.95, 'signal_len': 16, 'cheb_order': 2, 's': 8.231076705154178, 'batch_size': 16, 'k': 5}
Trial 218 finished with value 0.219073313 | dataset=Covid | model=ufgtime_plus | val_MSE=0.205356161 | test_MSE=0.350389303 | MAE=0.219073313 | RMSE=0.591936908 | MAPE=20.674329274% | params={'learning_rate': 0.03670086072025746, 'decay_rate': 1.3311101691719624e-05, 'hidden_size': 128, 'beta1': 0.95, 'beta2': 0.95, 'signal_len': 16, 'cheb_order': 2, 's': 8.49534429642387, 'batch_size': 16, 'k': 5}
Trial 219 finished with value 0.211502017 | dataset=Covid | model=ufgtime_plus | val_MSE=0.207244691 | test_MSE=0.236874234 | MAE=0.211502017 | RMSE=0.486697272 | MAPE=20.927819213% | params={'learning_rate': 0.030440271759502095, 'decay_rate': 1.041369577907429e-05, 'hidden_size': 256, 'beta1': 0.95, 'beta2': 0.95, 'signal_len': 16, 'cheb_order': 2, 's': 8.072192386529498, 'batch_size': 16, 'k': 5}
Trial 220 finished with value 0.285379163 | dataset=Covid | model=ufgtime_plus | val_MSE=0.204901472 | test_MSE=0.387634735 | MAE=0.285379163 | RMSE=0.622603193 | MAPE=22.945393102% | params={'learning_rate': 0.025053299944948988, 'decay_rate': 1.571064559769695e-05, 'hidden_size': 128, 'beta1': 0.95, 'beta2': 0.95, 'signal_len': 16, 'cheb_order': 2, 's': 7.7741753363340615, 'batch_size': 64, 'k': 5}
Trial 221 finished with value 0.228677422 | dataset=Covid | model=ufgtime_plus | val_MSE=0.212018843 | test_MSE=0.226823294 | MAE=0.228677422 | RMSE=0.476259691 | MAPE=21.678830370% | params={'learning_rate': 0.03835804552960802, 'decay_rate': 2.208083359491303e-05, 'hidden_size': 128, 'beta1': 0.95, 'beta2': 0.95, 'signal_len': 16, 'cheb_order': 2, 's': 8.35284628290779, 'batch_size': 16, 'k': 6}
Trial 222 finished with value 0.219745103 | dataset=Covid | model=ufgtime_plus | val_MSE=0.193223744 | test_MSE=0.341819331 | MAE=0.219745103 | RMSE=0.584653171 | MAPE=20.629197119% | params={'learning_rate': 0.04346670144831628, 'decay_rate': 1.3102394061165722e-05, 'hidden_size': 128, 'beta1': 0.95, 'beta2': 0.95, 'signal_len': 16, 'cheb_order': 2, 's': 4.945789137867472, 'batch_size': 16, 'k': 5}
Trial 223 finished with value 0.554160132 | dataset=Covid | model=ufgtime_plus | val_MSE=0.483921858 | test_MSE=1.660032410 | MAE=0.554160132 | RMSE=1.288422450 | MAPE=28.827708928% | params={'learning_rate': 0.0047620983550708445, 'decay_rate': 1.9138133643085946e-05, 'hidden_size': 128, 'beta1': 0.95, 'beta2': 0.95, 'signal_len': 16, 'cheb_order': 2, 's': 8.65986563309628, 'batch_size': 16, 'k': 6}
Trial 224 finished with value 0.214190344 | dataset=Covid | model=ufgtime_plus | val_MSE=0.228374089 | test_MSE=0.189007144 | MAE=0.214190344 | RMSE=0.434749519 | MAPE=21.246632744% | params={'learning_rate': 0.03511699712701528, 'decay_rate': 1.0016072512058702e-05, 'hidden_size': 128, 'beta1': 0.95, 'beta2': 0.95, 'signal_len': 16, 'cheb_order': 2, 's': 8.194353889826544, 'batch_size': 16, 'k': 5}
Trial 225 finished with value 2.863527537 | dataset=Covid | model=ufgtime_plus | val_MSE=1.299147749 | test_MSE=19.037040729 | MAE=2.863527537 | RMSE=4.363145738 | MAPE=85.153993172% | params={'learning_rate': 1.2966143649510157e-05, 'decay_rate': 1.5364486571914874e-05, 'hidden_size': 128, 'beta1': 0.95, 'beta2': 0.95, 'signal_len': 16, 'cheb_order': 2, 's': 8.96470186495534, 'batch_size': 16, 'k': 5}
Trial 226 finished with value 0.196019077 | dataset=Covid | model=ufgtime_plus | val_MSE=0.204284199 | test_MSE=0.225375604 | MAE=0.196019077 | RMSE=0.474737405 | MAPE=20.536875369% | params={'learning_rate': 0.04346478572869408, 'decay_rate': 1.2443404506387014e-05, 'hidden_size': 128, 'beta1': 0.95, 'beta2': 0.95, 'signal_len': 8, 'cheb_order': 2, 's': 8.384442543084884, 'batch_size': 16, 'k': 6}
Trial 227 finished with value 0.226402747 | dataset=Covid | model=ufgtime_plus | val_MSE=0.193883581 | test_MSE=0.256417547 | MAE=0.226402747 | RMSE=0.506376882 | MAPE=21.397084983% | params={'learning_rate': 0.04917899184402257, 'decay_rate': 1.171662311421639e-05, 'hidden_size': 128, 'beta1': 0.95, 'beta2': 0.95, 'signal_len': 8, 'cheb_order': 2, 's': 8.412197527548704, 'batch_size': 16, 'k': 6}
Trial 228 finished with value 0.191330154 | dataset=Covid | model=ufgtime_plus | val_MSE=0.197362101 | test_MSE=0.199279053 | MAE=0.191330154 | RMSE=0.446406825 | MAPE=20.635376114% | params={'learning_rate': 0.043062045935016294, 'decay_rate': 1.3352121629767283e-05, 'hidden_size': 128, 'beta1': 0.95, 'beta2': 0.95, 'signal_len': 16, 'cheb_order': 2, 's': 7.961675888147449, 'batch_size': 16, 'k': 5}
Trial 229 finished with value 0.226318260 | dataset=Covid | model=ufgtime_plus | val_MSE=0.209016299 | test_MSE=0.192355855 | MAE=0.226318260 | RMSE=0.438583920 | MAPE=21.875577133% | params={'learning_rate': 0.04952346220800008, 'decay_rate': 1.3520923716647674e-05, 'hidden_size': 128, 'beta1': 0.95, 'beta2': 0.95, 'signal_len': 8, 'cheb_order': 2, 's': 7.969278207653338, 'batch_size': 16, 'k': 5}
Trial 230 finished with value 0.213863728 | dataset=Covid | model=ufgtime_plus | val_MSE=0.209289979 | test_MSE=0.266549986 | MAE=0.213863728 | RMSE=0.516284791 | MAPE=20.865664003% | params={'learning_rate': 0.04199237389651257, 'decay_rate': 1.1711903996832715e-05, 'hidden_size': 128, 'beta1': 0.95, 'beta2': 0.95, 'signal_len': 8, 'cheb_order': 2, 's': 7.763540465973995, 'batch_size': 16, 'k': 5}
Trial 231 finished with value 0.221887110 | dataset=Covid | model=ufgtime_plus | val_MSE=0.215739348 | test_MSE=0.330676443 | MAE=0.221887110 | RMSE=0.575044731 | MAPE=20.753992265% | params={'learning_rate': 0.032762967229103754, 'decay_rate': 1.4919984498880545e-05, 'hidden_size': 128, 'beta1': 0.95, 'beta2': 0.95, 'signal_len': 8, 'cheb_order': 2, 's': 5.302725243626327, 'batch_size': 16, 'k': 5}
Trial 232 finished with value 0.247427296 | dataset=Covid | model=ufgtime_plus | val_MSE=0.209335140 | test_MSE=0.416551572 | MAE=0.247427296 | RMSE=0.645408066 | MAPE=21.219179375% | params={'learning_rate': 0.04007470194169051, 'decay_rate': 1.2622873097983662e-05, 'hidden_size': 128, 'beta1': 0.95, 'beta2': 0.95, 'signal_len': 8, 'cheb_order': 2, 's': 8.100181618057153, 'batch_size': 16, 'k': 5}
Trial 233 finished with value 0.309581779 | dataset=Covid | model=ufgtime_plus | val_MSE=0.391221737 | test_MSE=0.390403617 | MAE=0.309581779 | RMSE=0.624822868 | MAPE=23.150354548% | params={'learning_rate': 0.04195805363415177, 'decay_rate': 0.0005261723746771794, 'hidden_size': 128, 'beta1': 0.95, 'beta2': 0.95, 'signal_len': 16, 'cheb_order': 2, 's': 8.298986777077161, 'batch_size': 16, 'k': 5}
Trial 234 finished with value 0.216447472 | dataset=Covid | model=ufgtime_plus | val_MSE=0.206756498 | test_MSE=0.417498446 | MAE=0.216447472 | RMSE=0.646141197 | MAPE=20.296569285% | params={'learning_rate': 0.032473677629089, 'decay_rate': 1.7468887445649017e-05, 'hidden_size': 128, 'beta1': 0.95, 'beta2': 0.95, 'signal_len': 16, 'cheb_order': 2, 's': 8.530217015947606, 'batch_size': 16, 'k': 5}
Trial 235 finished with value 0.207673651 | dataset=Covid | model=ufgtime_plus | val_MSE=0.232151515 | test_MSE=0.288946349 | MAE=0.207673651 | RMSE=0.537537300 | MAPE=20.587908161% | params={'learning_rate': 0.028833454579418338, 'decay_rate': 1.472021091984443e-05, 'hidden_size': 128, 'beta1': 0.95, 'beta2': 0.95, 'signal_len': 16, 'cheb_order': 2, 's': 7.915498283222681, 'batch_size': 16, 'k': 6}
Trial 236 finished with value 0.238747626 | dataset=Covid | model=ufgtime_plus | val_MSE=0.185469674 | test_MSE=0.584856725 | MAE=0.238747626 | RMSE=0.764759260 | MAPE=20.327706830% | params={'learning_rate': 0.04996300012247653, 'decay_rate': 1.0111906642301662e-05, 'hidden_size': 512, 'beta1': 0.95, 'beta2': 0.95, 'signal_len': 16, 'cheb_order': 2, 's': 7.54231728320601, 'batch_size': 16, 'k': 5}
Trial 237 finished with value 0.204822958 | dataset=Covid | model=ufgtime_plus | val_MSE=0.214993994 | test_MSE=0.328087312 | MAE=0.204822958 | RMSE=0.572789064 | MAPE=20.292290376% | params={'learning_rate': 0.036303940424108956, 'decay_rate': 1.6926931243855273e-05, 'hidden_size': 128, 'beta1': 0.95, 'beta2': 0.95, 'signal_len': 16, 'cheb_order': 2, 's': 8.22553590367126, 'batch_size': 16, 'k': 6}
Trial 238 finished with value 0.308885719 | dataset=Covid | model=ufgtime_plus | val_MSE=0.450197587 | test_MSE=0.552610474 | MAE=0.308885719 | RMSE=0.743377746 | MAPE=22.654852042% | params={'learning_rate': 0.042820718190559895, 'decay_rate': 0.001259011943157166, 'hidden_size': 128, 'beta1': 0.9, 'beta2': 0.95, 'signal_len': 16, 'cheb_order': 2, 's': 8.749387895192417, 'batch_size': 16, 'k': 5}
Trial 239 finished with value 0.210848280 | dataset=Covid | model=ufgtime_plus | val_MSE=0.203480492 | test_MSE=0.200910491 | MAE=0.210848280 | RMSE=0.448230399 | MAPE=21.287632643% | params={'learning_rate': 0.03523215521983686, 'decay_rate': 1.2217110704522831e-05, 'hidden_size': 512, 'beta1': 0.99, 'beta2': 0.95, 'signal_len': 8, 'cheb_order': 2, 's': 8.046127002293744, 'batch_size': 16, 'k': 5}
Trial 240 finished with value 0.259108944 | dataset=Covid | model=ufgtime_plus | val_MSE=0.245166501 | test_MSE=0.218153614 | MAE=0.259108944 | RMSE=0.467069175 | MAPE=22.644184249% | params={'learning_rate': 0.02833636999303721, 'decay_rate': 1.4262317384433737e-05, 'hidden_size': 128, 'beta1': 0.95, 'beta2': 0.95, 'signal_len': 16, 'cheb_order': 2, 's': 8.592467774527499, 'batch_size': 16, 'k': 6}
Trial 241 finished with value 0.205431367 | dataset=Covid | model=ufgtime_plus | val_MSE=0.217739567 | test_MSE=0.245220702 | MAE=0.205431367 | RMSE=0.495197639 | MAPE=20.787777031% | params={'learning_rate': 0.03829647381523246, 'decay_rate': 2.3265447910851714e-05, 'hidden_size': 128, 'beta1': 0.95, 'beta2': 0.95, 'signal_len': 16, 'cheb_order': 2, 's': 9.092270443074078, 'batch_size': 16, 'k': 6}
Trial 242 finished with value 0.201053630 | dataset=Covid | model=ufgtime_plus | val_MSE=0.188008415 | test_MSE=0.297955647 | MAE=0.201053630 | RMSE=0.545853136 | MAPE=20.225130344% | params={'learning_rate': 0.04997376893497505, 'decay_rate': 1.8381828682849648e-05, 'hidden_size': 128, 'beta1': 0.95, 'beta2': 0.95, 'signal_len': 16, 'cheb_order': 2, 's': 8.852973250856117, 'batch_size': 16, 'k': 6}
Trial 243 finished with value 0.202837555 | dataset=Covid | model=ufgtime_plus | val_MSE=0.205142531 | test_MSE=0.271079211 | MAE=0.202837555 | RMSE=0.520652678 | MAPE=20.369261891% | params={'learning_rate': 0.03817736589404424, 'decay_rate': 2.0536187861938968e-05, 'hidden_size': 128, 'beta1': 0.95, 'beta2': 0.95, 'signal_len': 16, 'cheb_order': 2, 's': 9.342766087816567, 'batch_size': 16, 'k': 6}
Trial 244 finished with value 0.188468472 | dataset=Covid | model=ufgtime_plus | val_MSE=0.191121062 | test_MSE=0.230154027 | MAE=0.188468472 | RMSE=0.479743709 | MAPE=20.261652235% | params={'learning_rate': 0.04206511040693428, 'decay_rate': 1.2211979523177088e-05, 'hidden_size': 128, 'beta1': 0.95, 'beta2': 0.95, 'signal_len': 16, 'cheb_order': 2, 's': 8.4250910763308, 'batch_size': 16, 'k': 6}
Trial 245 finished with value 0.219551896 | dataset=Covid | model=ufgtime_plus | val_MSE=0.209588769 | test_MSE=0.252265216 | MAE=0.219551896 | RMSE=0.502260108 | MAPE=21.284388325% | params={'learning_rate': 0.043109584655109265, 'decay_rate': 1.1589704598278157e-05, 'hidden_size': 128, 'beta1': 0.95, 'beta2': 0.95, 'signal_len': 16, 'cheb_order': 2, 's': 8.360455580521716, 'batch_size': 16, 'k': 5}
Trial 246 finished with value 0.224057553 | dataset=Covid | model=ufgtime_plus | val_MSE=0.248420177 | test_MSE=0.188852116 | MAE=0.224057553 | RMSE=0.434571186 | MAPE=21.786133501% | params={'learning_rate': 0.03315529132536705, 'decay_rate': 1.3249036942162928e-05, 'hidden_size': 128, 'beta1': 0.95, 'beta2': 0.999, 'signal_len': 16, 'cheb_order': 2, 's': 8.15625921469218, 'batch_size': 16, 'k': 6}
Trial 247 finished with value 0.306488979 | dataset=Covid | model=ufgtime_plus | val_MSE=0.195095783 | test_MSE=0.636008411 | MAE=0.306488979 | RMSE=0.797501355 | MAPE=22.372827986% | params={'learning_rate': 0.043195980771529696, 'decay_rate': 1.5310142307292897e-05, 'hidden_size': 128, 'beta1': 0.95, 'beta2': 0.95, 'signal_len': 16, 'cheb_order': 2, 's': 8.430916393553433, 'batch_size': 16, 'k': 5}
Trial 248 finished with value 0.265785431 | dataset=Covid | model=ufgtime_plus | val_MSE=0.324249165 | test_MSE=0.479558981 | MAE=0.265785431 | RMSE=0.692501972 | MAPE=21.627163477% | params={'learning_rate': 0.030596761903139043, 'decay_rate': 0.0003508196065170189, 'hidden_size': 512, 'beta1': 0.95, 'beta2': 0.95, 'signal_len': 16, 'cheb_order': 2, 's': 7.800817594735473, 'batch_size': 16, 'k': 6}
Trial 249 finished with value 0.277128388 | dataset=Covid | model=ufgtime_plus | val_MSE=0.202013283 | test_MSE=0.545313512 | MAE=0.277128388 | RMSE=0.738453460 | MAPE=21.734859583% | params={'learning_rate': 0.0499085577192454, 'decay_rate': 1.167952171416623e-05, 'hidden_size': 128, 'beta1': 0.95, 'beta2': 0.95, 'signal_len': 16, 'cheb_order': 2, 's': 8.66892829014311, 'batch_size': 16, 'k': 5}
Trial 250 finished with value 0.240714822 | dataset=Covid | model=ufgtime_plus | val_MSE=0.204036029 | test_MSE=0.394871704 | MAE=0.240714822 | RMSE=0.628388179 | MAPE=21.120047518% | params={'learning_rate': 0.024939795388196382, 'decay_rate': 1.3775704156753713e-05, 'hidden_size': 128, 'beta1': 0.95, 'beta2': 0.95, 'signal_len': 16, 'cheb_order': 2, 's': 8.065298293189567, 'batch_size': 16, 'k': 5}
Trial 251 finished with value 0.225743243 | dataset=Covid | model=ufgtime_plus | val_MSE=0.211001044 | test_MSE=0.219926217 | MAE=0.225743243 | RMSE=0.468962917 | MAPE=21.681250822% | params={'learning_rate': 0.036953739443184926, 'decay_rate': 1.638568223911521e-05, 'hidden_size': 128, 'beta1': 0.95, 'beta2': 0.95, 'signal_len': 16, 'cheb_order': 2, 's': 4.622202019191763, 'batch_size': 16, 'k': 6}
Trial 252 finished with value 0.197715135 | dataset=Covid | model=ufgtime_plus | val_MSE=0.207406590 | test_MSE=0.285419687 | MAE=0.197715135 | RMSE=0.534246841 | MAPE=20.285192122% | params={'learning_rate': 0.042327978882753456, 'decay_rate': 1.1264204672669432e-05, 'hidden_size': 256, 'beta1': 0.95, 'beta2': 0.95, 'signal_len': 16, 'cheb_order': 2, 's': 8.302224849393326, 'batch_size': 16, 'k': 5}
Trial 253 finished with value 0.432884178 | dataset=Covid | model=ufgtime_plus | val_MSE=0.485066444 | test_MSE=0.519063075 | MAE=0.432884178 | RMSE=0.720460321 | MAPE=26.504279658% | params={'learning_rate': 0.04305238904128551, 'decay_rate': 1.031699792427615e-05, 'hidden_size': 256, 'beta1': 0.95, 'beta2': 0.95, 'signal_len': 16, 'cheb_order': 2, 's': 8.349109973328941, 'batch_size': 128, 'k': 5}
Trial 254 finished with value 0.226188425 | dataset=Covid | model=ufgtime_plus | val_MSE=0.199066934 | test_MSE=0.293379347 | MAE=0.226188425 | RMSE=0.541645038 | MAPE=21.175795136% | params={'learning_rate': 0.04286315011036336, 'decay_rate': 1.2141844452936078e-05, 'hidden_size': 256, 'beta1': 0.95, 'beta2': 0.95, 'signal_len': 16, 'cheb_order': 2, 's': 7.934497926066358, 'batch_size': 16, 'k': 5}
Trial 255 finished with value 0.218656791 | dataset=Covid | model=ufgtime_plus | val_MSE=0.194128107 | test_MSE=0.334380436 | MAE=0.218656791 | RMSE=0.578256376 | MAPE=20.654876798% | params={'learning_rate': 0.03635939028316726, 'decay_rate': 1.0052056229175153e-05, 'hidden_size': 256, 'beta1': 0.95, 'beta2': 0.95, 'signal_len': 16, 'cheb_order': 2, 's': 8.264177000807125, 'batch_size': 16, 'k': 5}
Trial 256 finished with value 0.258691498 | dataset=Covid | model=ufgtime_plus | val_MSE=0.256663177 | test_MSE=0.332472643 | MAE=0.258691498 | RMSE=0.576604408 | MAPE=22.021396745% | params={'learning_rate': 0.04976973337046472, 'decay_rate': 1.2998319848125599e-05, 'hidden_size': 256, 'beta1': 0.99, 'beta2': 0.95, 'signal_len': 16, 'cheb_order': 2, 's': 8.57018683278894, 'batch_size': 16, 'k': 5}
Trial 257 finished with value 0.859375408 | dataset=Covid | model=ufgtime_plus | val_MSE=0.654666543 | test_MSE=1.618464575 | MAE=0.859375408 | RMSE=1.272188891 | MAPE=36.533399561% | params={'learning_rate': 0.03754051139780971, 'decay_rate': 0.043467612840032185, 'hidden_size': 256, 'beta1': 0.95, 'beta2': 0.95, 'signal_len': 16, 'cheb_order': 2, 's': 8.480496100673907, 'batch_size': 64, 'k': 5}
Trial 258 finished with value 0.200443828 | dataset=Covid | model=ufgtime_plus | val_MSE=0.197371442 | test_MSE=0.199822172 | MAE=0.200443828 | RMSE=0.447014733 | MAPE=20.986783441% | params={'learning_rate': 0.031495630438886556, 'decay_rate': 1.5281841519853324e-05, 'hidden_size': 512, 'beta1': 0.95, 'beta2': 0.95, 'signal_len': 16, 'cheb_order': 2, 's': 7.656032537135331, 'batch_size': 16, 'k': 5}
Trial 259 finished with value 0.234994018 | dataset=Covid | model=ufgtime_plus | val_MSE=0.197607499 | test_MSE=0.334371225 | MAE=0.234994018 | RMSE=0.578248411 | MAPE=21.252252132% | params={'learning_rate': 0.04257332094436951, 'decay_rate': 1.1325230938111076e-05, 'hidden_size': 512, 'beta1': 0.95, 'beta2': 0.95, 'signal_len': 8, 'cheb_order': 2, 's': 8.165521316578515, 'batch_size': 16, 'k': 10}
Trial 260 finished with value 0.204261771 | dataset=Covid | model=ufgtime_plus | val_MSE=0.206819056 | test_MSE=0.235853194 | MAE=0.204261771 | RMSE=0.485647191 | MAPE=20.789969623% | params={'learning_rate': 0.027972740771322183, 'decay_rate': 1.3847418061235467e-05, 'hidden_size': 128, 'beta1': 0.95, 'beta2': 0.95, 'signal_len': 16, 'cheb_order': 2, 's': 7.918975930065349, 'batch_size': 16, 'k': 5}
Trial 261 finished with value 0.204477103 | dataset=Covid | model=ufgtime_plus | val_MSE=0.195271198 | test_MSE=0.280070075 | MAE=0.204477103 | RMSE=0.529216473 | MAPE=20.524245929% | params={'learning_rate': 0.036661247499129176, 'decay_rate': 1.7742875739866448e-05, 'hidden_size': 512, 'beta1': 0.95, 'beta2': 0.95, 'signal_len': 16, 'cheb_order': 2, 's': 5.512983075890302, 'batch_size': 16, 'k': 5}
Trial 262 finished with value 0.198643545 | dataset=Covid | model=ufgtime_plus | val_MSE=0.198661155 | test_MSE=0.213179565 | MAE=0.198643545 | RMSE=0.461713727 | MAPE=20.795672870% | params={'learning_rate': 0.04296069416028894, 'decay_rate': 1.0020151078110773e-05, 'hidden_size': 256, 'beta1': 0.95, 'beta2': 0.95, 'signal_len': 16, 'cheb_order': 2, 's': 8.225673801502607, 'batch_size': 16, 'k': 5}
Trial 263 finished with value 0.343958287 | dataset=Covid | model=ufgtime_plus | val_MSE=0.257644701 | test_MSE=0.284744851 | MAE=0.343958287 | RMSE=0.533614891 | MAPE=25.397707861% | params={'learning_rate': 0.0326947651987206, 'decay_rate': 1.3027796061617534e-05, 'hidden_size': 128, 'beta1': 0.95, 'beta2': 0.95, 'signal_len': 16, 'cheb_order': 2, 's': 8.668808699695559, 'batch_size': 16, 'k': 5}
Trial 264 finished with value 2.712012962 | dataset=Covid | model=ufgtime_plus | val_MSE=1.102974672 | test_MSE=17.473653768 | MAE=2.712012962 | RMSE=4.180149970 | MAPE=80.624060153% | params={'learning_rate': 3.3031599035281654e-05, 'decay_rate': 0.003185408349903625, 'hidden_size': 128, 'beta1': 0.95, 'beta2': 0.95, 'signal_len': 16, 'cheb_order': 2, 's': 8.299634368996474, 'batch_size': 16, 'k': 4}
Trial 265 finished with value 1.929317086 | dataset=Covid | model=ufgtime_plus | val_MSE=0.846949682 | test_MSE=8.380215704 | MAE=1.929317086 | RMSE=2.894860222 | MAPE=62.979296924% | params={'learning_rate': 0.0008580009793918285, 'decay_rate': 1.5677614320947444e-05, 'hidden_size': 128, 'beta1': 0.95, 'beta2': 0.999, 'signal_len': 16, 'cheb_order': 2, 's': 8.0697054321498, 'batch_size': 16, 'k': 5}
Trial 266 finished with value 0.194462601 | dataset=Covid | model=ufgtime_plus | val_MSE=0.195246720 | test_MSE=0.201771595 | MAE=0.194462601 | RMSE=0.449189931 | MAPE=20.722173748% | params={'learning_rate': 0.04962393513807291, 'decay_rate': 1.7767251614533805e-05, 'hidden_size': 128, 'beta1': 0.95, 'beta2': 0.95, 'signal_len': 16, 'cheb_order': 2, 's': 7.793477742773783, 'batch_size': 16, 'k': 5}
Trial 267 finished with value 0.215407200 | dataset=Covid | model=ufgtime_plus | val_MSE=0.212611503 | test_MSE=0.292661516 | MAE=0.215407200 | RMSE=0.540981992 | MAPE=20.844554807% | params={'learning_rate': 0.04301065962725148, 'decay_rate': 1.8154686099793992e-05, 'hidden_size': 128, 'beta1': 0.95, 'beta2': 0.95, 'signal_len': 16, 'cheb_order': 2, 's': 8.464523917506149, 'batch_size': 16, 'k': 5}
Trial 268 finished with value 0.199278883 | dataset=Covid | model=ufgtime_plus | val_MSE=0.195030996 | test_MSE=0.200574134 | MAE=0.199278883 | RMSE=0.447855037 | MAPE=20.861763675% | params={'learning_rate': 0.04924196478721847, 'decay_rate': 1.2484391187513722e-05, 'hidden_size': 128, 'beta1': 0.95, 'beta2': 0.95, 'signal_len': 16, 'cheb_order': 2, 's': 7.815781898740428, 'batch_size': 16, 'k': 5}
Trial 269 finished with value 0.202044082 | dataset=Covid | model=ufgtime_plus | val_MSE=0.213260104 | test_MSE=0.261458049 | MAE=0.202044082 | RMSE=0.511329687 | MAPE=20.518472889% | params={'learning_rate': 0.03819733313809105, 'decay_rate': 1.5047256761859345e-05, 'hidden_size': 128, 'beta1': 0.95, 'beta2': 0.95, 'signal_len': 16, 'cheb_order': 2, 's': 5.082084099295195, 'batch_size': 16, 'k': 5}
