Trial 378 finished with value 0.209627535 | dataset=Covid | model=ufgtime_plus | val_MSE=0.236896378 | test_MSE=0.211475248 | MAE=0.209627535 | RMSE=0.459864380 | MAPE=21.076618061% | params={'learning_rate': 0.03693720342438033, 'decay_rate': 1.6649602675186824e-05, 'hidden_size': 128, 'beta1': 0.9, 'beta2': 0.95, 'signal_len': 16, 'cheb_order': 2, 's': 9.779227848798051, 'batch_size': 16, 'k': 6}
Trial 379 finished with value 0.202965567 | dataset=Covid | model=ufgtime_plus | val_MSE=0.196994231 | test_MSE=0.183326908 | MAE=0.202965567 | RMSE=0.428166916 | MAPE=20.831119034% | params={'learning_rate': 0.04990852957009083, 'decay_rate': 1.1849350484736033e-05, 'hidden_size': 128, 'beta1': 0.9, 'beta2': 0.95, 'signal_len': 16, 'cheb_order': 2, 's': 9.675160956826932, 'batch_size': 16, 'k': 7}
Trial 380 finished with value 0.211918844 | dataset=Covid | model=ufgtime_plus | val_MSE=0.239688054 | test_MSE=0.217373723 | MAE=0.211918844 | RMSE=0.466233550 | MAPE=20.977796856% | params={'learning_rate': 0.03842535999568753, 'decay_rate': 3.098183528022467e-05, 'hidden_size': 512, 'beta1': 0.9, 'beta2': 0.999, 'signal_len': 16, 'cheb_order': 2, 's': 9.895993138078337, 'batch_size': 16, 'k': 6}
Trial 381 finished with value 0.235485709 | dataset=Covid | model=ufgtime_plus | val_MSE=0.199737883 | test_MSE=0.421610927 | MAE=0.235485709 | RMSE=0.649315737 | MAPE=20.814384884% | params={'learning_rate': 0.031096966208404297, 'decay_rate': 1.9541378570839256e-05, 'hidden_size': 128, 'beta1': 0.9, 'beta2': 0.95, 'signal_len': 16, 'cheb_order': 2, 's': 7.6665150205414205, 'batch_size': 16, 'k': 6}
Trial 382 finished with value 0.221925455 | dataset=Covid | model=ufgtime_plus | val_MSE=0.200398056 | test_MSE=0.381950100 | MAE=0.221925455 | RMSE=0.618021116 | MAPE=20.611176894% | params={'learning_rate': 0.03791633764989872, 'decay_rate': 1.3909897881835927e-05, 'hidden_size': 128, 'beta1': 0.9, 'beta2': 0.95, 'signal_len': 16, 'cheb_order': 2, 's': 8.046361621228606, 'batch_size': 16, 'k': 6}
Trial 383 finished with value 2.747828516 | dataset=Covid | model=ufgtime_plus | val_MSE=1.153077665 | test_MSE=17.882731036 | MAE=2.747828516 | RMSE=4.228797824 | MAPE=81.879172922% | params={'learning_rate': 1.9440136545403595e-05, 'decay_rate': 1.0066183493265422e-05, 'hidden_size': 128, 'beta1': 0.9, 'beta2': 0.99, 'signal_len': 16, 'cheb_order': 2, 's': 9.574616636159076, 'batch_size': 16, 'k': 7}
Trial 384 finished with value 0.419484724 | dataset=Covid | model=ufgtime_plus | val_MSE=0.432423115 | test_MSE=0.531351079 | MAE=0.419484724 | RMSE=0.728938323 | MAPE=26.358324853% | params={'learning_rate': 0.024996564210358778, 'decay_rate': 2.310137271449201e-05, 'hidden_size': 512, 'beta1': 0.99, 'beta2': 0.95, 'signal_len': 16, 'cheb_order': 2, 's': 4.017826858479693, 'batch_size': 64, 'k': 6}
Trial 385 finished with value 0.237189270 | dataset=Covid | model=ufgtime_plus | val_MSE=0.241135018 | test_MSE=0.192497203 | MAE=0.237189270 | RMSE=0.438745032 | MAPE=22.428319075% | params={'learning_rate': 0.0429728417708881, 'decay_rate': 1.6803349535388597e-05, 'hidden_size': 128, 'beta1': 0.9, 'beta2': 0.95, 'signal_len': 16, 'cheb_order': 3, 's': 1.7762438284993252, 'batch_size': 16, 'k': 6}
Trial 386 finished with value 0.222317328 | dataset=Covid | model=ufgtime_plus | val_MSE=0.214752926 | test_MSE=0.389175003 | MAE=0.222317328 | RMSE=0.623838924 | MAPE=20.637280173% | params={'learning_rate': 0.03313948336805215, 'decay_rate': 1.1981043062731828e-05, 'hidden_size': 128, 'beta1': 0.9, 'beta2': 0.95, 'signal_len': 16, 'cheb_order': 2, 's': 7.197685807837855, 'batch_size': 16, 'k': 7}
Trial 387 finished with value 0.197065171 | dataset=Covid | model=ufgtime_plus | val_MSE=0.208414511 | test_MSE=0.315695130 | MAE=0.197065171 | RMSE=0.561867537 | MAPE=20.183941310% | params={'learning_rate': 0.04151436503891138, 'decay_rate': 1.4264064911840039e-05, 'hidden_size': 128, 'beta1': 0.9, 'beta2': 0.95, 'signal_len': 16, 'cheb_order': 2, 's': 7.892837839217902, 'batch_size': 16, 'k': 6}
Trial 388 finished with value 0.204083301 | dataset=Covid | model=ufgtime_plus | val_MSE=0.200924820 | test_MSE=0.192636046 | MAE=0.204083301 | RMSE=0.438903230 | MAPE=21.166141447% | params={'learning_rate': 0.027413521689110463, 'decay_rate': 3.710958064679969e-05, 'hidden_size': 512, 'beta1': 0.9, 'beta2': 0.95, 'signal_len': 16, 'cheb_order': 2, 's': 6.315538466232184, 'batch_size': 16, 'k': 7}
Trial 389 finished with value 0.203471225 | dataset=Covid | model=ufgtime_plus | val_MSE=0.201421743 | test_MSE=0.273981065 | MAE=0.203471225 | RMSE=0.523432006 | MAPE=20.515412226% | params={'learning_rate': 0.04966274841156857, 'decay_rate': 1.8611043608556916e-05, 'hidden_size': 128, 'beta1': 0.9, 'beta2': 0.95, 'signal_len': 16, 'cheb_order': 2, 's': 9.430661160172827, 'batch_size': 16, 'k': 8}
Trial 390 finished with value 0.286155775 | dataset=Covid | model=ufgtime_plus | val_MSE=0.425195903 | test_MSE=0.394848671 | MAE=0.286155775 | RMSE=0.628369852 | MAPE=22.562673588% | params={'learning_rate': 0.034623893801847605, 'decay_rate': 2.5422695623493898e-05, 'hidden_size': 128, 'beta1': 0.9, 'beta2': 0.95, 'signal_len': 16, 'cheb_order': 2, 's': 9.833357949690464, 'batch_size': 128, 'k': 6}
Trial 391 finished with value 2.780507613 | dataset=Covid | model=ufgtime_plus | val_MSE=1.031745376 | test_MSE=18.695691698 | MAE=2.780507613 | RMSE=4.323851489 | MAPE=81.080127321% | params={'learning_rate': 0.0001883403878189046, 'decay_rate': 5.649240354750377e-05, 'hidden_size': 512, 'beta1': 0.9, 'beta2': 0.95, 'signal_len': 16, 'cheb_order': 2, 's': 9.989524772722818, 'batch_size': 16, 'k': 6}
Trial 392 finished with value 0.272457162 | dataset=Covid | model=ufgtime_plus | val_MSE=0.219426412 | test_MSE=0.439364735 | MAE=0.272457162 | RMSE=0.662845936 | MAPE=22.067484645% | params={'learning_rate': 0.038752317408666984, 'decay_rate': 1.6729474812987974e-05, 'hidden_size': 128, 'beta1': 0.9, 'beta2': 0.95, 'signal_len': 16, 'cheb_order': 2, 's': 8.089382087304687, 'batch_size': 16, 'k': 7}
Trial 393 finished with value 0.213528197 | dataset=Covid | model=ufgtime_plus | val_MSE=0.237512436 | test_MSE=0.272621980 | MAE=0.213528197 | RMSE=0.522132148 | MAPE=20.841503455% | params={'learning_rate': 0.030053682358699096, 'decay_rate': 2.1315539277854043e-05, 'hidden_size': 128, 'beta1': 0.9, 'beta2': 0.95, 'signal_len': 16, 'cheb_order': 2, 's': 7.403567386602897, 'batch_size': 16, 'k': 6}
Trial 394 finished with value 0.234035966 | dataset=Covid | model=ufgtime_plus | val_MSE=0.222831045 | test_MSE=0.290379000 | MAE=0.234035966 | RMSE=0.538868259 | MAPE=21.463539458% | params={'learning_rate': 0.04987239409874712, 'decay_rate': 1.2006854061670183e-05, 'hidden_size': 128, 'beta1': 0.9, 'beta2': 0.95, 'signal_len': 16, 'cheb_order': 2, 's': 7.762160222022167, 'batch_size': 16, 'k': 6}
Trial 395 finished with value 0.400646846 | dataset=Covid | model=ufgtime_plus | val_MSE=0.497128576 | test_MSE=0.548719816 | MAE=0.400646846 | RMSE=0.740756246 | MAPE=25.301598129% | params={'learning_rate': 0.039940331420253286, 'decay_rate': 2.8627273368694627e-05, 'hidden_size': 512, 'beta1': 0.99, 'beta2': 0.99, 'signal_len': 16, 'cheb_order': 2, 's': 9.585816202300443, 'batch_size': 64, 'k': 7}
Trial 396 finished with value 0.203903091 | dataset=Covid | model=ufgtime_plus | val_MSE=0.220222081 | test_MSE=0.298557996 | MAE=0.203903091 | RMSE=0.546404608 | MAPE=20.434444675% | params={'learning_rate': 0.033860887513857456, 'decay_rate': 1.3874385003056536e-05, 'hidden_size': 128, 'beta1': 0.9, 'beta2': 0.95, 'signal_len': 16, 'cheb_order': 3, 's': 8.166207743244412, 'batch_size': 16, 'k': 6}
Trial 397 finished with value 0.325522521 | dataset=Covid | model=ufgtime_plus | val_MSE=0.374250886 | test_MSE=0.371670641 | MAE=0.325522521 | RMSE=0.609647965 | MAPE=23.722879541% | params={'learning_rate': 0.01864166882031106, 'decay_rate': 1.0052191657820787e-05, 'hidden_size': 128, 'beta1': 0.9, 'beta2': 0.95, 'signal_len': 16, 'cheb_order': 2, 's': 9.211999030083966, 'batch_size': 16, 'k': 6}
Trial 398 finished with value 0.552312567 | dataset=Covid | model=ufgtime_plus | val_MSE=0.465870309 | test_MSE=0.676711431 | MAE=0.552312567 | RMSE=0.822624720 | MAPE=30.019114364% | params={'learning_rate': 0.008243391015716243, 'decay_rate': 1.5576117016183918e-05, 'hidden_size': 128, 'beta1': 0.9, 'beta2': 0.95, 'signal_len': 16, 'cheb_order': 2, 's': 9.692723708612087, 'batch_size': 16, 'k': 6}
Trial 399 finished with value 0.219030129 | dataset=Covid | model=ufgtime_plus | val_MSE=0.250050024 | test_MSE=0.267312123 | MAE=0.219030129 | RMSE=0.517022362 | MAPE=21.040810148% | params={'learning_rate': 0.022804402063519844, 'decay_rate': 1.9591241148012216e-05, 'hidden_size': 512, 'beta1': 0.9, 'beta2': 0.95, 'signal_len': 16, 'cheb_order': 2, 's': 5.194786021140713, 'batch_size': 16, 'k': 7}
Trial 400 finished with value 0.190677281 | dataset=Covid | model=ufgtime_plus | val_MSE=0.200129289 | test_MSE=0.244459409 | MAE=0.190677281 | RMSE=0.494428366 | MAPE=20.236532017% | params={'learning_rate': 0.043988415481103535, 'decay_rate': 1.3588565950912583e-05, 'hidden_size': 128, 'beta1': 0.9, 'beta2': 0.95, 'signal_len': 16, 'cheb_order': 2, 's': 7.911105024184597, 'batch_size': 16, 'k': 6}
Trial 401 finished with value 0.192370689 | dataset=Covid | model=ufgtime_plus | val_MSE=0.196116769 | test_MSE=0.210608844 | MAE=0.192370689 | RMSE=0.458921392 | MAPE=20.598667124% | params={'learning_rate': 0.04326121708679635, 'decay_rate': 2.213935365797239e-05, 'hidden_size': 128, 'beta1': 0.9, 'beta2': 0.95, 'signal_len': 16, 'cheb_order': 2, 's': 7.62887891522177, 'batch_size': 16, 'k': 6}
Trial 402 finished with value 0.189907314 | dataset=Covid | model=ufgtime_plus | val_MSE=0.200724162 | test_MSE=0.204424781 | MAE=0.189907314 | RMSE=0.452133587 | MAPE=20.534011496% | params={'learning_rate': 0.041963306557225535, 'decay_rate': 2.3429819372181e-05, 'hidden_size': 128, 'beta1': 0.9, 'beta2': 0.95, 'signal_len': 16, 'cheb_order': 2, 's': 7.505328636371139, 'batch_size': 16, 'k': 6}
Trial 403 finished with value 0.224304510 | dataset=Covid | model=ufgtime_plus | val_MSE=0.204736490 | test_MSE=0.233160169 | MAE=0.224304510 | RMSE=0.482866616 | MAPE=21.652506152% | params={'learning_rate': 0.042581063456196964, 'decay_rate': 2.2926110099425213e-05, 'hidden_size': 128, 'beta1': 0.9, 'beta2': 0.95, 'signal_len': 16, 'cheb_order': 2, 's': 7.394942241936204, 'batch_size': 16, 'k': 6}
Trial 404 finished with value 0.198416637 | dataset=Covid | model=ufgtime_plus | val_MSE=0.203004857 | test_MSE=0.215994383 | MAE=0.198416637 | RMSE=0.464751959 | MAPE=20.765559008% | params={'learning_rate': 0.042454478660957855, 'decay_rate': 2.8241712299291015e-05, 'hidden_size': 128, 'beta1': 0.9, 'beta2': 0.95, 'signal_len': 16, 'cheb_order': 2, 's': 7.653450570471001, 'batch_size': 16, 'k': 6}
Trial 405 finished with value 0.192600253 | dataset=Covid | model=ufgtime_plus | val_MSE=0.200433415 | test_MSE=0.282858255 | MAE=0.192600253 | RMSE=0.531844202 | MAPE=20.094580083% | params={'learning_rate': 0.036857065037850655, 'decay_rate': 1.9461243388833426e-05, 'hidden_size': 128, 'beta1': 0.9, 'beta2': 0.95, 'signal_len': 16, 'cheb_order': 2, 's': 7.0962215079013085, 'batch_size': 16, 'k': 6}
Trial 406 finished with value 0.196845926 | dataset=Covid | model=ufgtime_plus | val_MSE=0.214848876 | test_MSE=0.301216381 | MAE=0.196845926 | RMSE=0.548831833 | MAPE=20.164120232% | params={'learning_rate': 0.04255681394185132, 'decay_rate': 2.1708873181138458e-05, 'hidden_size': 128, 'beta1': 0.9, 'beta2': 0.95, 'signal_len': 16, 'cheb_order': 2, 's': 7.09054454248263, 'batch_size': 64, 'k': 6}
Trial 407 finished with value 0.237919993 | dataset=Covid | model=ufgtime_plus | val_MSE=0.220731034 | test_MSE=0.194201826 | MAE=0.237919993 | RMSE=0.440683362 | MAPE=22.235909480% | params={'learning_rate': 0.035478869779904644, 'decay_rate': 2.4111808209197856e-05, 'hidden_size': 128, 'beta1': 0.9, 'beta2': 0.95, 'signal_len': 16, 'cheb_order': 2, 's': 7.503443696780285, 'batch_size': 16, 'k': 6}
Trial 408 finished with value 0.240144780 | dataset=Covid | model=ufgtime_plus | val_MSE=0.228173646 | test_MSE=0.194350217 | MAE=0.240144780 | RMSE=0.440851694 | MAPE=22.382614702% | params={'learning_rate': 0.04461345824397923, 'decay_rate': 3.4753851939043716e-05, 'hidden_size': 128, 'beta1': 0.9, 'beta2': 0.95, 'signal_len': 16, 'cheb_order': 2, 's': 6.988085118796867, 'batch_size': 16, 'k': 6}
Trial 409 finished with value 0.252709214 | dataset=Covid | model=ufgtime_plus | val_MSE=0.277026911 | test_MSE=0.251284080 | MAE=0.252709214 | RMSE=0.501282435 | MAPE=22.196244465% | params={'learning_rate': 0.028931758010533066, 'decay_rate': 2.006718427357576e-05, 'hidden_size': 128, 'beta1': 0.9, 'beta2': 0.95, 'signal_len': 16, 'cheb_order': 2, 's': 7.185177661082148, 'batch_size': 16, 'k': 6}
Trial 410 finished with value 0.190713950 | dataset=Covid | model=ufgtime_plus | val_MSE=0.216750390 | test_MSE=0.260163462 | MAE=0.190713950 | RMSE=0.510062214 | MAPE=20.198489647% | params={'learning_rate': 0.038262514659765635, 'decay_rate': 1.799691698623636e-05, 'hidden_size': 128, 'beta1': 0.9, 'beta2': 0.95, 'signal_len': 16, 'cheb_order': 2, 's': 7.298593676666574, 'batch_size': 16, 'k': 6}
Trial 411 finished with value 0.315488462 | dataset=Covid | model=ufgtime_plus | val_MSE=0.309804226 | test_MSE=0.312389674 | MAE=0.315488462 | RMSE=0.558918307 | MAPE=23.881177514% | params={'learning_rate': 0.04276599707545909, 'decay_rate': 2.596941359309288e-05, 'hidden_size': 128, 'beta1': 0.9, 'beta2': 0.999, 'signal_len': 16, 'cheb_order': 2, 's': 7.591886408058816, 'batch_size': 16, 'k': 6}
Trial 412 finished with value 0.224619782 | dataset=Covid | model=ufgtime_plus | val_MSE=0.206492024 | test_MSE=0.404844671 | MAE=0.224619782 | RMSE=0.636274053 | MAPE=20.644320500% | params={'learning_rate': 0.049272499744463245, 'decay_rate': 1.7486910723080827e-05, 'hidden_size': 128, 'beta1': 0.9, 'beta2': 0.95, 'signal_len': 16, 'cheb_order': 2, 's': 7.28525344081386, 'batch_size': 16, 'k': 6}
Trial 413 finished with value 0.189549211 | dataset=Covid | model=ufgtime_plus | val_MSE=0.208253327 | test_MSE=0.286401588 | MAE=0.189549211 | RMSE=0.535165010 | MAPE=20.021040799% | params={'learning_rate': 0.038060486282101166, 'decay_rate': 2.9643123811365864e-05, 'hidden_size': 128, 'beta1': 0.9, 'beta2': 0.95, 'signal_len': 16, 'cheb_order': 2, 's': 7.458868108861685, 'batch_size': 16, 'k': 6}
Trial 414 finished with value 0.196518090 | dataset=Covid | model=ufgtime_plus | val_MSE=0.217623073 | test_MSE=0.208922561 | MAE=0.196518090 | RMSE=0.457080475 | MAPE=20.673921689% | params={'learning_rate': 0.0293422154482898, 'decay_rate': 3.2109217161080155e-05, 'hidden_size': 128, 'beta1': 0.9, 'beta2': 0.95, 'signal_len': 16, 'cheb_order': 2, 's': 6.84907647075611, 'batch_size': 16, 'k': 6}
Trial 415 finished with value 0.385612055 | dataset=Covid | model=ufgtime_plus | val_MSE=0.482332766 | test_MSE=0.513167684 | MAE=0.385612055 | RMSE=0.716357232 | MAPE=24.988118865% | params={'learning_rate': 0.03435654293335483, 'decay_rate': 0.0014539582706230825, 'hidden_size': 128, 'beta1': 0.9, 'beta2': 0.95, 'signal_len': 16, 'cheb_order': 2, 's': 7.333155764714654, 'batch_size': 128, 'k': 6}
Trial 416 finished with value 0.226615663 | dataset=Covid | model=ufgtime_plus | val_MSE=0.262719125 | test_MSE=0.301997496 | MAE=0.226615663 | RMSE=0.549542988 | MAPE=21.123370083% | params={'learning_rate': 0.03727846333102837, 'decay_rate': 2.9536490075754026e-05, 'hidden_size': 128, 'beta1': 0.9, 'beta2': 0.95, 'signal_len': 16, 'cheb_order': 2, 's': 6.655385071961604, 'batch_size': 64, 'k': 6}
Trial 417 finished with value 0.198740268 | dataset=Covid | model=ufgtime_plus | val_MSE=0.202528729 | test_MSE=0.198458390 | MAE=0.198740268 | RMSE=0.445486689 | MAPE=20.247454130% | params={'learning_rate': 0.031046776364843598, 'decay_rate': 3.7134887102726835e-05, 'hidden_size': 128, 'beta1': 0.9, 'beta2': 0.95, 'signal_len': 16, 'cheb_order': 2, 's': 7.80897143359754, 'batch_size': 16, 'k': 6}
Trial 418 finished with value 0.194858774 | dataset=Covid | model=ufgtime_plus | val_MSE=0.204157978 | test_MSE=0.244988992 | MAE=0.194858774 | RMSE=0.494963627 | MAPE=20.530646608% | params={'learning_rate': 0.03835692362792616, 'decay_rate': 1.6924916476442716e-05, 'hidden_size': 128, 'beta1': 0.9, 'beta2': 0.95, 'signal_len': 16, 'cheb_order': 2, 's': 7.391191692128179, 'batch_size': 16, 'k': 6}
Trial 419 finished with value 3.018839365 | dataset=Covid | model=ufgtime_plus | val_MSE=1.561448087 | test_MSE=20.993598508 | MAE=3.018839365 | RMSE=4.581877182 | MAPE=89.024769296% | params={'learning_rate': 1.0143353677130823e-05, 'decay_rate': 4.7898716482007554e-05, 'hidden_size': 128, 'beta1': 0.9, 'beta2': 0.95, 'signal_len': 16, 'cheb_order': 2, 's': 7.538122649472179, 'batch_size': 16, 'k': 7}
Trial 420 finished with value 1.670094374 | dataset=Covid | model=ufgtime_plus | val_MSE=0.733157994 | test_MSE=6.515153913 | MAE=1.670094374 | RMSE=2.552479954 | MAPE=56.819507382% | params={'learning_rate': 0.0015875023092777067, 'decay_rate': 2.5919352832296342e-05, 'hidden_size': 256, 'beta1': 0.9, 'beta2': 0.95, 'signal_len': 16, 'cheb_order': 2, 's': 7.488929568617993, 'batch_size': 16, 'k': 6}
Trial 421 finished with value 0.211588824 | dataset=Covid | model=ufgtime_plus | val_MSE=0.198353350 | test_MSE=0.310856384 | MAE=0.211588824 | RMSE=0.557544962 | MAPE=20.557434542% | params={'learning_rate': 0.04912017321601505, 'decay_rate': 3.108780398954432e-05, 'hidden_size': 128, 'beta1': 0.9, 'beta2': 0.95, 'signal_len': 16, 'cheb_order': 2, 's': 7.669488064604123, 'batch_size': 16, 'k': 8}
Trial 422 finished with value 0.206919572 | dataset=Covid | model=ufgtime_plus | val_MSE=0.220554379 | test_MSE=0.249026612 | MAE=0.206919572 | RMSE=0.499025663 | MAPE=20.576961443% | params={'learning_rate': 0.041684347174236996, 'decay_rate': 4.368520684174155e-05, 'hidden_size': 128, 'beta1': 0.9, 'beta2': 0.95, 'signal_len': 16, 'cheb_order': 2, 's': 7.783877578435593, 'batch_size': 16, 'k': 6}
Trial 423 finished with value 0.201782428 | dataset=Covid | model=ufgtime_plus | val_MSE=0.204851169 | test_MSE=0.195140608 | MAE=0.201782428 | RMSE=0.441747221 | MAPE=20.791700169% | params={'learning_rate': 0.02647069830173437, 'decay_rate': 1.8261067464089908e-05, 'hidden_size': 128, 'beta1': 0.9, 'beta2': 0.95, 'signal_len': 16, 'cheb_order': 2, 's': 7.883747513123306, 'batch_size': 16, 'k': 7}
Trial 424 finished with value 0.253385638 | dataset=Covid | model=ufgtime_plus | val_MSE=0.253635287 | test_MSE=0.225797841 | MAE=0.253385638 | RMSE=0.475181903 | MAPE=22.398853616% | params={'learning_rate': 0.04968052108684607, 'decay_rate': 0.00011910377833160467, 'hidden_size': 128, 'beta1': 0.9, 'beta2': 0.95, 'signal_len': 16, 'cheb_order': 2, 's': 7.483049757859745, 'batch_size': 64, 'k': 6}
Trial 425 finished with value 0.195484094 | dataset=Covid | model=ufgtime_plus | val_MSE=0.217124083 | test_MSE=0.276814632 | MAE=0.195484094 | RMSE=0.526131763 | MAPE=20.266177563% | params={'learning_rate': 0.03258754008199069, 'decay_rate': 1.5393779398199158e-05, 'hidden_size': 128, 'beta1': 0.9, 'beta2': 0.95, 'signal_len': 16, 'cheb_order': 2, 's': 7.227253049059166, 'batch_size': 16, 'k': 6}
Trial 426 finished with value 0.187743324 | dataset=Covid | model=ufgtime_plus | val_MSE=0.201129043 | test_MSE=0.221169755 | MAE=0.187743324 | RMSE=0.470286886 | MAPE=20.300784943% | params={'learning_rate': 0.03789717564633722, 'decay_rate': 2.334850815131627e-05, 'hidden_size': 128, 'beta1': 0.9, 'beta2': 0.95, 'signal_len': 16, 'cheb_order': 2, 's': 7.934117978127457, 'batch_size': 16, 'k': 9}
Trial 427 finished with value 0.214443317 | dataset=Covid | model=ufgtime_plus | val_MSE=0.226438053 | test_MSE=0.211845482 | MAE=0.214443317 | RMSE=0.460266751 | MAPE=21.217026324% | params={'learning_rate': 0.02883110593052245, 'decay_rate': 2.5600582664402328e-05, 'hidden_size': 128, 'beta1': 0.9, 'beta2': 0.95, 'signal_len': 16, 'cheb_order': 2, 's': 7.836013992932893, 'batch_size': 16, 'k': 8}
Trial 428 finished with value 0.219013569 | dataset=Covid | model=ufgtime_plus | val_MSE=0.257514229 | test_MSE=0.254284859 | MAE=0.219013569 | RMSE=0.504266655 | MAPE=21.101157837% | params={'learning_rate': 0.024250286037186382, 'decay_rate': 3.08681796380268e-05, 'hidden_size': 128, 'beta1': 0.9, 'beta2': 0.95, 'signal_len': 16, 'cheb_order': 2, 's': 7.996073698536824, 'batch_size': 16, 'k': 9}
Trial 429 finished with value 0.218992030 | dataset=Covid | model=ufgtime_plus | val_MSE=0.217997630 | test_MSE=0.324411748 | MAE=0.218992030 | RMSE=0.569571548 | MAPE=20.758285992% | params={'learning_rate': 0.0357883735180622, 'decay_rate': 3.902038959184068e-05, 'hidden_size': 128, 'beta1': 0.9, 'beta2': 0.95, 'signal_len': 16, 'cheb_order': 2, 's': 7.885513070266625, 'batch_size': 16, 'k': 9}
Trial 430 finished with value 0.213674064 | dataset=Covid | model=ufgtime_plus | val_MSE=0.209390889 | test_MSE=0.212299997 | MAE=0.213674064 | RMSE=0.460760238 | MAPE=21.393678283% | params={'learning_rate': 0.032577805959482016, 'decay_rate': 2.2264843085012325e-05, 'hidden_size': 128, 'beta1': 0.9, 'beta2': 0.95, 'signal_len': 16, 'cheb_order': 2, 's': 7.685500505944445, 'batch_size': 16, 'k': 9}
Trial 431 finished with value 0.275978847 | dataset=Covid | model=ufgtime_plus | val_MSE=0.206159884 | test_MSE=0.575542913 | MAE=0.275978847 | RMSE=0.758645446 | MAPE=21.621974490% | params={'learning_rate': 0.038829581344660795, 'decay_rate': 2.747437749111751e-05, 'hidden_size': 128, 'beta1': 0.9, 'beta2': 0.95, 'signal_len': 16, 'cheb_order': 2, 's': 7.616523156145087, 'batch_size': 16, 'k': 6}
