Trial 162 finished with value 0.258402660 | dataset=Covid | model=ufgtime_plus | val_MSE=0.200738029 | test_MSE=0.430152399 | MAE=0.258402660 | RMSE=0.655860045 | MAPE=21.562012179% | params={'learning_rate': 0.032963445406749704, 'decay_rate': 1.6886755440856067e-05, 'hidden_size': 128, 'beta1': 0.95, 'beta2': 0.95, 'signal_len': 16, 'cheb_order': 2, 's': 9.123946691571364, 'batch_size': 16, 'k': 5}
Trial 163 finished with value 0.233448745 | dataset=Covid | model=ufgtime_plus | val_MSE=0.215201272 | test_MSE=0.409713611 | MAE=0.233448745 | RMSE=0.640088753 | MAPE=20.818229060% | params={'learning_rate': 0.043273248121096244, 'decay_rate': 1.3250773803271129e-05, 'hidden_size': 128, 'beta1': 0.95, 'beta2': 0.95, 'signal_len': 16, 'cheb_order': 2, 's': 8.561405483183144, 'batch_size': 16, 'k': 4}
Trial 164 finished with value 0.223259366 | dataset=Covid | model=ufgtime_plus | val_MSE=0.210981586 | test_MSE=0.322321012 | MAE=0.223259366 | RMSE=0.567733222 | MAPE=20.934767748% | params={'learning_rate': 0.0285924720666269, 'decay_rate': 1.9562604309198273e-05, 'hidden_size': 256, 'beta1': 0.95, 'beta2': 0.95, 'signal_len': 16, 'cheb_order': 2, 's': 8.397491642981633, 'batch_size': 16, 'k': 3}
Trial 165 finished with value 0.204263278 | dataset=Covid | model=ufgtime_plus | val_MSE=0.202787335 | test_MSE=0.231125683 | MAE=0.204263278 | RMSE=0.480755325 | MAPE=20.781936943% | params={'learning_rate': 0.037635451113670386, 'decay_rate': 2.3750310202386118e-05, 'hidden_size': 128, 'beta1': 0.95, 'beta2': 0.95, 'signal_len': 16, 'cheb_order': 2, 's': 8.958163861724962, 'batch_size': 16, 'k': 5}
Trial 166 finished with value 0.311541539 | dataset=Covid | model=ufgtime_plus | val_MSE=0.201925716 | test_MSE=0.609304059 | MAE=0.311541539 | RMSE=0.780579310 | MAPE=22.567317830% | params={'learning_rate': 0.041747402687781265, 'decay_rate': 1.6296193284703504e-05, 'hidden_size': 128, 'beta1': 0.9, 'beta2': 0.95, 'signal_len': 16, 'cheb_order': 2, 's': 9.222240326086228, 'batch_size': 16, 'k': 6}
Trial 167 finished with value 0.341857189 | dataset=Covid | model=ufgtime_plus | val_MSE=0.258407088 | test_MSE=0.292760883 | MAE=0.341857189 | RMSE=0.541073824 | MAPE=25.241440987% | params={'learning_rate': 0.031887375304824224, 'decay_rate': 1.1553471675061154e-05, 'hidden_size': 128, 'beta1': 0.95, 'beta2': 0.95, 'signal_len': 16, 'cheb_order': 2, 's': 8.825437571206255, 'batch_size': 16, 'k': 5}
Trial 168 finished with value 0.219897850 | dataset=Covid | model=ufgtime_plus | val_MSE=0.215461110 | test_MSE=0.337041777 | MAE=0.219897850 | RMSE=0.580552993 | MAPE=20.741438567% | params={'learning_rate': 0.02486977542085226, 'decay_rate': 3.97311178706611e-05, 'hidden_size': 128, 'beta1': 0.95, 'beta2': 0.95, 'signal_len': 16, 'cheb_order': 2, 's': 7.947128637515167, 'batch_size': 16, 'k': 7}
Trial 169 finished with value 0.184239601 | dataset=Covid | model=ufgtime_plus | val_MSE=0.200185734 | test_MSE=0.241132437 | MAE=0.184239601 | RMSE=0.491052377 | MAPE=20.083463482% | params={'learning_rate': 0.04972710040341245, 'decay_rate': 1.4055077619146936e-05, 'hidden_size': 128, 'beta1': 0.95, 'beta2': 0.95, 'signal_len': 16, 'cheb_order': 2, 's': 8.157711425413948, 'batch_size': 16, 'k': 6}
Trial 170 finished with value 0.209148110 | dataset=Covid | model=ufgtime_plus | val_MSE=0.204195150 | test_MSE=0.410401179 | MAE=0.209148110 | RMSE=0.640625616 | MAPE=19.993955313% | params={'learning_rate': 0.044594502961908235, 'decay_rate': 1.0012278733876027e-05, 'hidden_size': 128, 'beta1': 0.95, 'beta2': 0.95, 'signal_len': 16, 'cheb_order': 2, 's': 8.16061365499639, 'batch_size': 16, 'k': 4}
Trial 171 finished with value 0.218870273 | dataset=Covid | model=ufgtime_plus | val_MSE=0.212046239 | test_MSE=0.261928524 | MAE=0.218870273 | RMSE=0.511789531 | MAPE=21.150831279% | params={'learning_rate': 0.04998897066814622, 'decay_rate': 1.3938189405122536e-05, 'hidden_size': 128, 'beta1': 0.95, 'beta2': 0.95, 'signal_len': 16, 'cheb_order': 2, 's': 8.629859645463087, 'batch_size': 16, 'k': 6}
Trial 172 finished with value 0.265958781 | dataset=Covid | model=ufgtime_plus | val_MSE=0.205170951 | test_MSE=0.486502922 | MAE=0.265958781 | RMSE=0.697497614 | MAPE=21.607075070% | params={'learning_rate': 0.03672580455929663, 'decay_rate': 1.844990470870218e-05, 'hidden_size': 128, 'beta1': 0.95, 'beta2': 0.95, 'signal_len': 16, 'cheb_order': 2, 's': 7.818178505431628, 'batch_size': 16, 'k': 6}
Trial 173 finished with value 0.237374072 | dataset=Covid | model=ufgtime_plus | val_MSE=0.198169280 | test_MSE=0.601561129 | MAE=0.237374072 | RMSE=0.775603719 | MAPE=20.288939994% | params={'learning_rate': 0.03276741539447294, 'decay_rate': 2.1898158599743554e-05, 'hidden_size': 128, 'beta1': 0.95, 'beta2': 0.95, 'signal_len': 16, 'cheb_order': 2, 's': 8.333959035692612, 'batch_size': 16, 'k': 6}
Trial 174 finished with value 0.204938152 | dataset=Covid | model=ufgtime_plus | val_MSE=0.196243417 | test_MSE=0.233221163 | MAE=0.204938152 | RMSE=0.482929771 | MAPE=20.860464633% | params={'learning_rate': 0.0414726238490452, 'decay_rate': 1.208879198774455e-05, 'hidden_size': 128, 'beta1': 0.95, 'beta2': 0.95, 'signal_len': 16, 'cheb_order': 2, 's': 9.127933192747976, 'batch_size': 16, 'k': 6}
Trial 175 finished with value 0.225282696 | dataset=Covid | model=ufgtime_plus | val_MSE=0.204990117 | test_MSE=0.214359879 | MAE=0.225282696 | RMSE=0.462990150 | MAPE=21.784626096% | params={'learning_rate': 0.028602574904345052, 'decay_rate': 1.4815468377438112e-05, 'hidden_size': 128, 'beta1': 0.95, 'beta2': 0.95, 'signal_len': 16, 'cheb_order': 2, 's': 8.481234162496415, 'batch_size': 16, 'k': 5}
Trial 176 finished with value 0.375114571 | dataset=Covid | model=ufgtime_plus | val_MSE=0.460639656 | test_MSE=0.685450105 | MAE=0.375114571 | RMSE=0.827919142 | MAPE=24.455203622% | params={'learning_rate': 0.020248085531040395, 'decay_rate': 1.6927670310722546e-05, 'hidden_size': 128, 'beta1': 0.95, 'beta2': 0.999, 'signal_len': 16, 'cheb_order': 2, 's': 8.099059097090256, 'batch_size': 128, 'k': 5}
Trial 177 finished with value 2.538561034 | dataset=Covid | model=ufgtime_plus | val_MSE=0.973754631 | test_MSE=15.100620213 | MAE=2.538561034 | RMSE=3.885951648 | MAPE=76.465943308% | params={'learning_rate': 6.784410450138293e-05, 'decay_rate': 2.6153015519101265e-05, 'hidden_size': 128, 'beta1': 0.95, 'beta2': 0.95, 'signal_len': 16, 'cheb_order': 2, 's': 9.434936784695957, 'batch_size': 16, 'k': 7}
Trial 178 finished with value 0.315635653 | dataset=Covid | model=ufgtime_plus | val_MSE=0.206911586 | test_MSE=0.399564799 | MAE=0.315635653 | RMSE=0.632111382 | MAPE=23.993256368% | params={'learning_rate': 0.049616757933050225, 'decay_rate': 3.081283868623528e-05, 'hidden_size': 128, 'beta1': 0.99, 'beta2': 0.95, 'signal_len': 16, 'cheb_order': 2, 's': 8.686279527632966, 'batch_size': 16, 'k': 6}
Trial 179 finished with value 0.207655677 | dataset=Covid | model=ufgtime_plus | val_MSE=0.208226317 | test_MSE=0.252276474 | MAE=0.207655677 | RMSE=0.502271316 | MAPE=20.777951545% | params={'learning_rate': 0.03684188557878618, 'decay_rate': 1.991529280506768e-05, 'hidden_size': 256, 'beta1': 0.95, 'beta2': 0.95, 'signal_len': 16, 'cheb_order': 2, 's': 8.938125140755162, 'batch_size': 16, 'k': 5}
Trial 180 finished with value 0.196849735 | dataset=Covid | model=ufgtime_plus | val_MSE=0.195282480 | test_MSE=0.191557602 | MAE=0.196849735 | RMSE=0.437672940 | MAPE=20.882692784% | params={'learning_rate': 0.04213953805567275, 'decay_rate': 1.2891001956716016e-05, 'hidden_size': 128, 'beta1': 0.95, 'beta2': 0.95, 'signal_len': 16, 'cheb_order': 2, 's': 8.24970057684951, 'batch_size': 16, 'k': 5}
Trial 181 finished with value 0.197109218 | dataset=Covid | model=ufgtime_plus | val_MSE=0.197569616 | test_MSE=0.291887476 | MAE=0.197109218 | RMSE=0.540266116 | MAPE=20.094529775% | params={'learning_rate': 0.040993940504328724, 'decay_rate': 1.3750633501245804e-05, 'hidden_size': 128, 'beta1': 0.95, 'beta2': 0.95, 'signal_len': 16, 'cheb_order': 2, 's': 7.973509873772083, 'batch_size': 16, 'k': 5}
Trial 182 finished with value 0.212933858 | dataset=Covid | model=ufgtime_plus | val_MSE=0.223825803 | test_MSE=0.263965103 | MAE=0.212933858 | RMSE=0.513775343 | MAPE=20.978812515% | params={'learning_rate': 0.04227270555035357, 'decay_rate': 1.1684048331781448e-05, 'hidden_size': 128, 'beta1': 0.95, 'beta2': 0.95, 'signal_len': 16, 'cheb_order': 2, 's': 7.692369693661901, 'batch_size': 16, 'k': 5}
Trial 183 finished with value 0.192104642 | dataset=Covid | model=ufgtime_plus | val_MSE=0.195851485 | test_MSE=0.241265088 | MAE=0.192104642 | RMSE=0.491187426 | MAPE=20.285038988% | params={'learning_rate': 0.03187247039153518, 'decay_rate': 1.2838084298360298e-05, 'hidden_size': 128, 'beta1': 0.95, 'beta2': 0.95, 'signal_len': 16, 'cheb_order': 2, 's': 7.914899156049332, 'batch_size': 16, 'k': 5}
Trial 184 finished with value 0.202195267 | dataset=Covid | model=ufgtime_plus | val_MSE=0.215446832 | test_MSE=0.282759264 | MAE=0.202195267 | RMSE=0.531751130 | MAPE=20.469943388% | params={'learning_rate': 0.032714356805640374, 'decay_rate': 1.2571240814838599e-05, 'hidden_size': 128, 'beta1': 0.95, 'beta2': 0.95, 'signal_len': 16, 'cheb_order': 2, 's': 8.290279320251278, 'batch_size': 16, 'k': 5}
Trial 185 finished with value 0.201736542 | dataset=Covid | model=ufgtime_plus | val_MSE=0.203757041 | test_MSE=0.209488872 | MAE=0.201736542 | RMSE=0.457699544 | MAPE=20.854569083% | params={'learning_rate': 0.04191609991605767, 'decay_rate': 1.4047582187978137e-05, 'hidden_size': 128, 'beta1': 0.95, 'beta2': 0.95, 'signal_len': 16, 'cheb_order': 2, 's': 2.9433867488497127, 'batch_size': 16, 'k': 5}
Trial 186 finished with value 0.234592742 | dataset=Covid | model=ufgtime_plus | val_MSE=0.211859369 | test_MSE=0.359243367 | MAE=0.234592742 | RMSE=0.599369141 | MAPE=21.107010443% | params={'learning_rate': 0.03171385106700191, 'decay_rate': 1.1159638040006579e-05, 'hidden_size': 128, 'beta1': 0.95, 'beta2': 0.95, 'signal_len': 16, 'cheb_order': 2, 's': 7.495035740926915, 'batch_size': 16, 'k': 5}
Trial 187 finished with value 0.227014778 | dataset=Covid | model=ufgtime_plus | val_MSE=0.226445347 | test_MSE=0.357020861 | MAE=0.227014778 | RMSE=0.597512227 | MAPE=20.873012287% | params={'learning_rate': 0.04411352708942097, 'decay_rate': 1.680771523156285e-05, 'hidden_size': 128, 'beta1': 0.95, 'beta2': 0.95, 'signal_len': 16, 'cheb_order': 2, 's': 8.022565332489526, 'batch_size': 64, 'k': 5}
Trial 188 finished with value 0.421166251 | dataset=Covid | model=ufgtime_plus | val_MSE=0.313835416 | test_MSE=0.449103237 | MAE=0.421166251 | RMSE=0.670151652 | MAPE=26.831121948% | params={'learning_rate': 0.02839961967123629, 'decay_rate': 1.0095838581562969e-05, 'hidden_size': 128, 'beta1': 0.95, 'beta2': 0.95, 'signal_len': 8, 'cheb_order': 2, 's': 7.846211711899223, 'batch_size': 16, 'k': 4}
Trial 189 finished with value 0.190980572 | dataset=Covid | model=ufgtime_plus | val_MSE=0.194461350 | test_MSE=0.277376281 | MAE=0.190980572 | RMSE=0.526665246 | MAPE=20.088125340% | params={'learning_rate': 0.03625353258004326, 'decay_rate': 1.3308575412671125e-05, 'hidden_size': 128, 'beta1': 0.95, 'beta2': 0.95, 'signal_len': 16, 'cheb_order': 2, 's': 8.201422233463399, 'batch_size': 16, 'k': 5}
Trial 190 finished with value 0.248460118 | dataset=Covid | model=ufgtime_plus | val_MSE=0.195046367 | test_MSE=0.524295586 | MAE=0.248460118 | RMSE=0.724082582 | MAPE=21.533452550% | params={'learning_rate': 0.03689143144208545, 'decay_rate': 1.3231768720444065e-05, 'hidden_size': 128, 'beta1': 0.95, 'beta2': 0.95, 'signal_len': 16, 'cheb_order': 2, 's': 8.182675749019712, 'batch_size': 16, 'k': 5}
Trial 191 finished with value 0.286600691 | dataset=Covid | model=ufgtime_plus | val_MSE=0.425228873 | test_MSE=0.539731118 | MAE=0.286600691 | RMSE=0.734663949 | MAPE=22.051927550% | params={'learning_rate': 0.04957969826211808, 'decay_rate': 0.000834426260264516, 'hidden_size': 128, 'beta1': 0.95, 'beta2': 0.95, 'signal_len': 16, 'cheb_order': 2, 's': 7.68211636834716, 'batch_size': 16, 'k': 5}
Trial 192 finished with value 0.211664378 | dataset=Covid | model=ufgtime_plus | val_MSE=0.199290541 | test_MSE=0.181804717 | MAE=0.211664378 | RMSE=0.426385644 | MAPE=21.482747172% | params={'learning_rate': 0.03539047635492498, 'decay_rate': 1.6009486226735536e-05, 'hidden_size': 128, 'beta1': 0.95, 'beta2': 0.95, 'signal_len': 16, 'cheb_order': 2, 's': 8.379923157904166, 'batch_size': 16, 'k': 5}
Trial 193 finished with value 0.205429532 | dataset=Covid | model=ufgtime_plus | val_MSE=0.205688792 | test_MSE=0.213567877 | MAE=0.205429532 | RMSE=0.462134047 | MAPE=20.959490202% | params={'learning_rate': 0.02756960327612355, 'decay_rate': 1.3207102396123535e-05, 'hidden_size': 128, 'beta1': 0.95, 'beta2': 0.95, 'signal_len': 16, 'cheb_order': 2, 's': 8.062754537879002, 'batch_size': 16, 'k': 5}
Trial 194 finished with value 0.908646916 | dataset=Covid | model=ufgtime_plus | val_MSE=0.592557634 | test_MSE=1.925267660 | MAE=0.908646916 | RMSE=1.387540147 | MAPE=38.173074277% | params={'learning_rate': 0.0013727998369782828, 'decay_rate': 1.890730004539244e-05, 'hidden_size': 128, 'beta1': 0.95, 'beta2': 0.95, 'signal_len': 16, 'cheb_order': 2, 's': 8.51264855394063, 'batch_size': 16, 'k': 5}
Trial 195 finished with value 0.212087184 | dataset=Covid | model=ufgtime_plus | val_MSE=0.201252418 | test_MSE=0.230667837 | MAE=0.212087184 | RMSE=0.480278916 | MAPE=21.138263211% | params={'learning_rate': 0.04074122150304978, 'decay_rate': 1.1813443901128232e-05, 'hidden_size': 128, 'beta1': 0.95, 'beta2': 0.95, 'signal_len': 16, 'cheb_order': 2, 's': 8.23286030221112, 'batch_size': 16, 'k': 4}
Trial 196 finished with value 0.283454535 | dataset=Covid | model=ufgtime_plus | val_MSE=0.209300247 | test_MSE=0.416512225 | MAE=0.283454535 | RMSE=0.645377583 | MAPE=22.637003673% | params={'learning_rate': 0.03348547577139748, 'decay_rate': 1.642424747506445e-05, 'hidden_size': 128, 'beta1': 0.99, 'beta2': 0.95, 'signal_len': 16, 'cheb_order': 2, 's': 7.368720039721343, 'batch_size': 16, 'k': 5}
Trial 197 finished with value 0.223494018 | dataset=Covid | model=ufgtime_plus | val_MSE=0.256301953 | test_MSE=0.273016337 | MAE=0.223494018 | RMSE=0.522509652 | MAPE=21.197888577% | params={'learning_rate': 0.04957713904695725, 'decay_rate': 2.2696576558952532e-05, 'hidden_size': 128, 'beta1': 0.95, 'beta2': 0.95, 'signal_len': 16, 'cheb_order': 2, 's': 8.76162058883254, 'batch_size': 16, 'k': 5}
Trial 198 finished with value 0.217032225 | dataset=Covid | model=ufgtime_plus | val_MSE=0.211595497 | test_MSE=0.381013788 | MAE=0.217032225 | RMSE=0.617263143 | MAPE=20.503285681% | params={'learning_rate': 0.04146755490982344, 'decay_rate': 1.5004462406993474e-05, 'hidden_size': 128, 'beta1': 0.9, 'beta2': 0.95, 'signal_len': 16, 'cheb_order': 2, 's': 8.650076840728987, 'batch_size': 16, 'k': 5}
Trial 199 finished with value 0.424657628 | dataset=Covid | model=ufgtime_plus | val_MSE=0.480844894 | test_MSE=0.832387835 | MAE=0.424657628 | RMSE=0.912352911 | MAPE=25.758939009% | params={'learning_rate': 0.0026090505032729484, 'decay_rate': 1.0067164560122338e-05, 'hidden_size': 128, 'beta1': 0.95, 'beta2': 0.95, 'signal_len': 16, 'cheb_order': 2, 's': 7.913085865548356, 'batch_size': 16, 'k': 3}
Trial 200 finished with value 0.322056169 | dataset=Covid | model=ufgtime_plus | val_MSE=0.207662822 | test_MSE=0.616021292 | MAE=0.322056169 | RMSE=0.784870239 | MAPE=22.962217210% | params={'learning_rate': 0.02670335971312258, 'decay_rate': 1.332412480452521e-05, 'hidden_size': 128, 'beta1': 0.95, 'beta2': 0.95, 'signal_len': 16, 'cheb_order': 2, 's': 9.275729782264644, 'batch_size': 16, 'k': 4}
Trial 201 finished with value 0.294686601 | dataset=Covid | model=ufgtime_plus | val_MSE=0.198287656 | test_MSE=0.878472148 | MAE=0.294686601 | RMSE=0.937268450 | MAPE=21.101711474% | params={'learning_rate': 0.02192851103856804, 'decay_rate': 1.9687587797797462e-05, 'hidden_size': 512, 'beta1': 0.95, 'beta2': 0.95, 'signal_len': 16, 'cheb_order': 2, 's': 7.8626952156457985, 'batch_size': 16, 'k': 5}
Trial 202 finished with value 0.184740003 | dataset=Covid | model=ufgtime_plus | val_MSE=0.208920267 | test_MSE=0.240364881 | MAE=0.184740003 | RMSE=0.490270213 | MAPE=20.057584957% | params={'learning_rate': 0.03190478536460935, 'decay_rate': 1.7777269633890955e-05, 'hidden_size': 128, 'beta1': 0.95, 'beta2': 0.95, 'signal_len': 16, 'cheb_order': 2, 's': 7.93879591910718, 'batch_size': 16, 'k': 5}
Trial 203 finished with value 0.269153673 | dataset=Covid | model=ufgtime_plus | val_MSE=0.215316537 | test_MSE=0.202148371 | MAE=0.269153673 | RMSE=0.449609132 | MAPE=23.078789857% | params={'learning_rate': 0.03575888436449095, 'decay_rate': 1.6814446599079694e-05, 'hidden_size': 128, 'beta1': 0.95, 'beta2': 0.95, 'signal_len': 16, 'cheb_order': 2, 's': 8.121054535855718, 'batch_size': 16, 'k': 5}
Trial 204 finished with value 0.213932204 | dataset=Covid | model=ufgtime_plus | val_MSE=0.220789335 | test_MSE=0.253896799 | MAE=0.213932204 | RMSE=0.503881731 | MAPE=20.871311578% | params={'learning_rate': 0.030590468906820246, 'decay_rate': 2.4590323975961886e-05, 'hidden_size': 128, 'beta1': 0.95, 'beta2': 0.95, 'signal_len': 16, 'cheb_order': 2, 's': 7.648623601662954, 'batch_size': 16, 'k': 5}
Trial 205 finished with value 0.209607353 | dataset=Covid | model=ufgtime_plus | val_MSE=0.206975071 | test_MSE=0.190576070 | MAE=0.209607353 | RMSE=0.436550192 | MAPE=21.332088425% | params={'learning_rate': 0.04205334204276797, 'decay_rate': 1.20484694752132e-05, 'hidden_size': 128, 'beta1': 0.95, 'beta2': 0.95, 'signal_len': 16, 'cheb_order': 2, 's': 9.0480215422041, 'batch_size': 16, 'k': 5}
Trial 206 finished with value 0.192876859 | dataset=Covid | model=ufgtime_plus | val_MSE=0.189912115 | test_MSE=0.259476404 | MAE=0.192876859 | RMSE=0.509388265 | MAPE=20.134670231% | params={'learning_rate': 0.04972837564517672, 'decay_rate': 1.4060926602601626e-05, 'hidden_size': 128, 'beta1': 0.95, 'beta2': 0.95, 'signal_len': 16, 'cheb_order': 2, 's': 8.442238667112926, 'batch_size': 16, 'k': 6}
Trial 207 finished with value 0.202057452 | dataset=Covid | model=ufgtime_plus | val_MSE=0.201414313 | test_MSE=0.186373080 | MAE=0.202057452 | RMSE=0.431709486 | MAPE=21.079705323% | params={'learning_rate': 0.04949522955187574, 'decay_rate': 1.45504339246367e-05, 'hidden_size': 128, 'beta1': 0.95, 'beta2': 0.95, 'signal_len': 16, 'cheb_order': 2, 's': 8.434728760370678, 'batch_size': 16, 'k': 6}
Trial 208 finished with value 0.557561024 | dataset=Covid | model=ufgtime_plus | val_MSE=0.503092351 | test_MSE=1.577051177 | MAE=0.557561024 | RMSE=1.255806982 | MAPE=29.110942051% | params={'learning_rate': 0.0038629987755897472, 'decay_rate': 1.1573234171816137e-05, 'hidden_size': 128, 'beta1': 0.95, 'beta2': 0.95, 'signal_len': 16, 'cheb_order': 2, 's': 8.788264978059502, 'batch_size': 16, 'k': 6}
Trial 209 finished with value 0.370755854 | dataset=Covid | model=ufgtime_plus | val_MSE=0.452061492 | test_MSE=0.504690976 | MAE=0.370755854 | RMSE=0.710416059 | MAPE=24.686550328% | params={'learning_rate': 0.037590423020447766, 'decay_rate': 1.4804504074928031e-05, 'hidden_size': 128, 'beta1': 0.95, 'beta2': 0.999, 'signal_len': 16, 'cheb_order': 2, 's': 8.335729494422779, 'batch_size': 16, 'k': 6}
Trial 210 finished with value 2.169430262 | dataset=Covid | model=ufgtime_plus | val_MSE=0.878522754 | test_MSE=10.765175291 | MAE=2.169430262 | RMSE=3.281032656 | MAPE=68.684549441% | params={'learning_rate': 0.0004291140807511036, 'decay_rate': 1.7531781534372604e-05, 'hidden_size': 128, 'beta1': 0.95, 'beta2': 0.95, 'signal_len': 16, 'cheb_order': 2, 's': 9.112416433827391, 'batch_size': 128, 'k': 6}
Trial 211 finished with value 0.197017587 | dataset=Covid | model=ufgtime_plus | val_MSE=0.196886267 | test_MSE=0.223683513 | MAE=0.197017587 | RMSE=0.472951914 | MAPE=20.660808266% | params={'learning_rate': 0.03267781343127993, 'decay_rate': 2.161515295192682e-05, 'hidden_size': 128, 'beta1': 0.95, 'beta2': 0.95, 'signal_len': 16, 'cheb_order': 2, 's': 8.05006048637542, 'batch_size': 16, 'k': 6}
Trial 212 finished with value 0.276604234 | dataset=Covid | model=ufgtime_plus | val_MSE=0.197451086 | test_MSE=0.498217468 | MAE=0.276604234 | RMSE=0.705845215 | MAPE=21.872361095% | params={'learning_rate': 0.04269860033724304, 'decay_rate': 1.3521573924991241e-05, 'hidden_size': 128, 'beta1': 0.95, 'beta2': 0.95, 'signal_len': 16, 'cheb_order': 2, 's': 8.185712956910633, 'batch_size': 16, 'k': 6}
Trial 213 finished with value 0.207895234 | dataset=Covid | model=ufgtime_plus | val_MSE=0.203748533 | test_MSE=0.289836128 | MAE=0.207895234 | RMSE=0.538364308 | MAPE=20.483566843% | params={'learning_rate': 0.034141525581808094, 'decay_rate': 2.1304443244195048e-05, 'hidden_size': 128, 'beta1': 0.95, 'beta2': 0.95, 'signal_len': 16, 'cheb_order': 2, 's': 8.569834438675723, 'batch_size': 16, 'k': 6}
Trial 214 finished with value 0.229325815 | dataset=Covid | model=ufgtime_plus | val_MSE=0.194068900 | test_MSE=0.332673734 | MAE=0.229325815 | RMSE=0.576778757 | MAPE=20.854132265% | params={'learning_rate': 0.04221627504654891, 'decay_rate': 2.884903856445146e-05, 'hidden_size': 128, 'beta1': 0.95, 'beta2': 0.95, 'signal_len': 16, 'cheb_order': 2, 's': 7.981998266131709, 'batch_size': 16, 'k': 6}
Trial 215 finished with value 0.205272216 | dataset=Covid | model=ufgtime_plus | val_MSE=0.211226759 | test_MSE=0.238926103 | MAE=0.205272216 | RMSE=0.488800678 | MAPE=20.740589441% | params={'learning_rate': 0.031244590964869222, 'decay_rate': 1.7085717687013148e-05, 'hidden_size': 128, 'beta1': 0.95, 'beta2': 0.95, 'signal_len': 16, 'cheb_order': 2, 's': 8.840554353253017, 'batch_size': 16, 'k': 6}
