Trial 486 finished with value 0.208861623 | dataset=Covid | model=ufgtime_plus | val_MSE=0.242745250 | test_MSE=0.242050262 | MAE=0.208861623 | RMSE=0.491986038 | MAPE=20.819741523% | params={'learning_rate': 0.028982035124104633, 'decay_rate': 1.5516515749810093e-05, 'hidden_size': 128, 'beta1': 0.95, 'beta2': 0.95, 'signal_len': 16, 'cheb_order': 2, 's': 8.159194810635226, 'batch_size': 64, 'k': 6}
Trial 487 finished with value 2.572743964 | dataset=Covid | model=ufgtime_plus | val_MSE=0.996829191 | test_MSE=16.135751368 | MAE=2.572743964 | RMSE=4.016933080 | MAPE=76.596607719% | params={'learning_rate': 3.5658581847967176e-05, 'decay_rate': 3.0446144936536883e-05, 'hidden_size': 128, 'beta1': 0.9, 'beta2': 0.95, 'signal_len': 16, 'cheb_order': 2, 's': 8.398313461092425, 'batch_size': 16, 'k': 7}
Trial 488 finished with value 0.196569415 | dataset=Covid | model=ufgtime_plus | val_MSE=0.205155830 | test_MSE=0.256321697 | MAE=0.196569415 | RMSE=0.506282230 | MAPE=20.349210995% | params={'learning_rate': 0.049924614389141926, 'decay_rate': 1.1431144629404762e-05, 'hidden_size': 128, 'beta1': 0.9, 'beta2': 0.95, 'signal_len': 16, 'cheb_order': 2, 's': 7.662722273579639, 'batch_size': 16, 'k': 5}
Trial 489 finished with value 0.186214863 | dataset=Covid | model=ufgtime_plus | val_MSE=0.198870782 | test_MSE=0.225055234 | MAE=0.186214863 | RMSE=0.474399867 | MAPE=20.115861461% | params={'learning_rate': 0.04141538112859166, 'decay_rate': 2.1991410543417204e-05, 'hidden_size': 128, 'beta1': 0.95, 'beta2': 0.95, 'signal_len': 16, 'cheb_order': 2, 's': 7.891312975141628, 'batch_size': 16, 'k': 6}
Trial 490 finished with value 0.200642583 | dataset=Covid | model=ufgtime_plus | val_MSE=0.219336993 | test_MSE=0.305359099 | MAE=0.200642583 | RMSE=0.552593068 | MAPE=20.151823323% | params={'learning_rate': 0.04189019771004903, 'decay_rate': 2.569148440967833e-05, 'hidden_size': 128, 'beta1': 0.95, 'beta2': 0.95, 'signal_len': 16, 'cheb_order': 2, 's': 9.719939115921315, 'batch_size': 16, 'k': 7}
Trial 491 finished with value 0.219331850 | dataset=Covid | model=ufgtime_plus | val_MSE=0.244752250 | test_MSE=0.283169177 | MAE=0.219331850 | RMSE=0.532136427 | MAPE=20.964598125% | params={'learning_rate': 0.04243511213048018, 'decay_rate': 2.235320972575394e-05, 'hidden_size': 128, 'beta1': 0.9, 'beta2': 0.95, 'signal_len': 16, 'cheb_order': 2, 's': 7.438758956097642, 'batch_size': 16, 'k': 6}
Trial 492 finished with value 0.251615404 | dataset=Covid | model=ufgtime_plus | val_MSE=0.313132795 | test_MSE=0.426706477 | MAE=0.251615404 | RMSE=0.653227737 | MAPE=21.435497005% | params={'learning_rate': 0.037556822835277115, 'decay_rate': 0.0003126458941383632, 'hidden_size': 128, 'beta1': 0.9, 'beta2': 0.95, 'signal_len': 16, 'cheb_order': 2, 's': 7.881845922106987, 'batch_size': 16, 'k': 7}
Trial 493 finished with value 1.020254029 | dataset=Covid | model=ufgtime_plus | val_MSE=0.612573813 | test_MSE=2.420662547 | MAE=1.020254029 | RMSE=1.555847855 | MAPE=40.830380490% | params={'learning_rate': 0.0012764348013398897, 'decay_rate': 2.882950492120621e-05, 'hidden_size': 128, 'beta1': 0.95, 'beta2': 0.95, 'signal_len': 16, 'cheb_order': 2, 's': 8.16680841514322, 'batch_size': 16, 'k': 6}
Trial 494 finished with value 0.194404360 | dataset=Covid | model=ufgtime_plus | val_MSE=0.208186194 | test_MSE=0.214884619 | MAE=0.194404360 | RMSE=0.463556490 | MAPE=20.549972998% | params={'learning_rate': 0.04283386908118429, 'decay_rate': 2.133817426613054e-05, 'hidden_size': 128, 'beta1': 0.9, 'beta2': 0.95, 'signal_len': 16, 'cheb_order': 2, 's': 7.688502633479667, 'batch_size': 16, 'k': 6}
Trial 495 finished with value 0.211341758 | dataset=Covid | model=ufgtime_plus | val_MSE=0.226246029 | test_MSE=0.385788992 | MAE=0.211341758 | RMSE=0.621119145 | MAPE=20.310957838% | params={'learning_rate': 0.03514198440331502, 'decay_rate': 4.335597825528246e-05, 'hidden_size': 128, 'beta1': 0.95, 'beta2': 0.95, 'signal_len': 16, 'cheb_order': 2, 's': 3.040001342091557, 'batch_size': 64, 'k': 6}
Trial 496 finished with value 0.232348121 | dataset=Covid | model=ufgtime_plus | val_MSE=0.270251417 | test_MSE=0.384726585 | MAE=0.232348121 | RMSE=0.620263319 | MAPE=20.983241887% | params={'learning_rate': 0.04224518354565839, 'decay_rate': 1.9070194939735055e-05, 'hidden_size': 128, 'beta1': 0.9, 'beta2': 0.999, 'signal_len': 16, 'cheb_order': 2, 's': 6.9013336574665995, 'batch_size': 16, 'k': 6}
Trial 497 finished with value 0.183006617 | dataset=Covid | model=ufgtime_plus | val_MSE=0.199789106 | test_MSE=0.204494303 | MAE=0.183006617 | RMSE=0.452210463 | MAPE=20.243679121% | params={'learning_rate': 0.04935040349553091, 'decay_rate': 3.4480927041416914e-05, 'hidden_size': 128, 'beta1': 0.9, 'beta2': 0.95, 'signal_len': 16, 'cheb_order': 2, 's': 8.076345940374686, 'batch_size': 16, 'k': 7}
Trial 498 finished with value 0.262217307 | dataset=Covid | model=ufgtime_plus | val_MSE=0.235222271 | test_MSE=0.539511107 | MAE=0.262217307 | RMSE=0.734514198 | MAPE=21.437172660% | params={'learning_rate': 0.04979544636485251, 'decay_rate': 3.9984733169854515e-05, 'hidden_size': 128, 'beta1': 0.9, 'beta2': 0.95, 'signal_len': 16, 'cheb_order': 2, 's': 7.978333808624442, 'batch_size': 16, 'k': 7}
Trial 499 finished with value 0.206020628 | dataset=Covid | model=ufgtime_plus | val_MSE=0.210928600 | test_MSE=0.209744385 | MAE=0.206020628 | RMSE=0.457978585 | MAPE=20.971130013% | params={'learning_rate': 0.0438852046443364, 'decay_rate': 3.402875730874901e-05, 'hidden_size': 128, 'beta1': 0.9, 'beta2': 0.95, 'signal_len': 16, 'cheb_order': 2, 's': 8.103105229677862, 'batch_size': 16, 'k': 7}
Best trial 354 | value=0.174801047 | dataset=Covid | model=ufgtime_plus | params={'learning_rate': 0.03128031399306517, 'decay_rate': 1.5345069130003286e-05, 'hidden_size': 512, 'beta1': 0.9, 'beta2': 0.95, 'signal_len': 16, 'cheb_order': 2, 's': 9.473586341991929, 'batch_size': 16, 'k': 6} | val_MSE=0.201301906 | test_MSE=0.157833926 | MAE=0.174801047 | RMSE=0.397283181 | MAPE=20.079953249%
