Trial 432 finished with value 0.279203265 | dataset=Covid | model=ufgtime_plus | val_MSE=0.437685625 | test_MSE=0.412599700 | MAE=0.279203265 | RMSE=0.642339240 | MAPE=22.099196536% | params={'learning_rate': 0.039122240510324806, 'decay_rate': 0.00039013688471270676, 'hidden_size': 128, 'beta1': 0.9, 'beta2': 0.999, 'signal_len': 16, 'cheb_order': 2, 's': 8.013048161979548, 'batch_size': 16, 'k': 8}
Trial 433 finished with value 0.248090886 | dataset=Covid | model=ufgtime_plus | val_MSE=0.294016182 | test_MSE=0.456582577 | MAE=0.248090886 | RMSE=0.675708944 | MAPE=21.304252313% | params={'learning_rate': 0.02954648156130151, 'decay_rate': 2.1017867561286905e-05, 'hidden_size': 128, 'beta1': 0.9, 'beta2': 0.95, 'signal_len': 16, 'cheb_order': 2, 's': 7.36254020609253, 'batch_size': 64, 'k': 6}
Trial 434 finished with value 0.236795517 | dataset=Covid | model=ufgtime_plus | val_MSE=0.215094224 | test_MSE=0.462009055 | MAE=0.236795517 | RMSE=0.679712480 | MAPE=20.903290929% | params={'learning_rate': 0.042236337823574985, 'decay_rate': 3.3380940787927896e-05, 'hidden_size': 128, 'beta1': 0.9, 'beta2': 0.95, 'signal_len': 16, 'cheb_order': 2, 's': 7.807792940692334, 'batch_size': 16, 'k': 8}
Trial 435 finished with value 0.193207448 | dataset=Covid | model=ufgtime_plus | val_MSE=0.195756659 | test_MSE=0.277460065 | MAE=0.193207448 | RMSE=0.526744782 | MAPE=20.152531370% | params={'learning_rate': 0.034210938069636015, 'decay_rate': 2.3295509009465792e-05, 'hidden_size': 128, 'beta1': 0.9, 'beta2': 0.95, 'signal_len': 16, 'cheb_order': 2, 's': 8.132374684093357, 'batch_size': 16, 'k': 6}
Trial 436 finished with value 1.943962483 | dataset=Covid | model=ufgtime_plus | val_MSE=0.830360684 | test_MSE=8.430842087 | MAE=1.943962483 | RMSE=2.903591240 | MAPE=61.997352773% | params={'learning_rate': 0.0009460735767532596, 'decay_rate': 1.5143605203347148e-05, 'hidden_size': 128, 'beta1': 0.9, 'beta2': 0.95, 'signal_len': 16, 'cheb_order': 2, 's': 7.546007676967373, 'batch_size': 16, 'k': 6}
Trial 437 finished with value 0.658306353 | dataset=Covid | model=ufgtime_plus | val_MSE=0.475114197 | test_MSE=1.863827118 | MAE=0.658306353 | RMSE=1.365220538 | MAPE=31.295014752% | params={'learning_rate': 0.049852940395268296, 'decay_rate': 1.8742662787069417e-05, 'hidden_size': 128, 'beta1': 0.99, 'beta2': 0.95, 'signal_len': 16, 'cheb_order': 2, 's': 7.922145609174503, 'batch_size': 128, 'k': 6}
Trial 438 finished with value 0.267684915 | dataset=Covid | model=ufgtime_plus | val_MSE=0.314183724 | test_MSE=0.402406468 | MAE=0.267684915 | RMSE=0.634355159 | MAPE=22.005767075% | params={'learning_rate': 0.024005740520584167, 'decay_rate': 1.2891681773188932e-05, 'hidden_size': 128, 'beta1': 0.9, 'beta2': 0.95, 'signal_len': 16, 'cheb_order': 2, 's': 7.747099866890901, 'batch_size': 16, 'k': 6}
Trial 439 finished with value 0.316115417 | dataset=Covid | model=ufgtime_plus | val_MSE=0.422152400 | test_MSE=0.442943174 | MAE=0.316115417 | RMSE=0.665539761 | MAPE=23.128255201% | params={'learning_rate': 0.041584902828005685, 'decay_rate': 0.0006139187073109248, 'hidden_size': 256, 'beta1': 0.9, 'beta2': 0.95, 'signal_len': 16, 'cheb_order': 2, 's': 8.152112742445807, 'batch_size': 16, 'k': 7}
Trial 440 finished with value 0.222742857 | dataset=Covid | model=ufgtime_plus | val_MSE=0.211588625 | test_MSE=0.342372282 | MAE=0.222742857 | RMSE=0.585125869 | MAPE=20.847858460% | params={'learning_rate': 0.03255267401369337, 'decay_rate': 2.5368661129824357e-05, 'hidden_size': 128, 'beta1': 0.9, 'beta2': 0.95, 'signal_len': 16, 'cheb_order': 2, 's': 9.979925166231531, 'batch_size': 16, 'k': 9}
Trial 441 finished with value 0.215642279 | dataset=Covid | model=ufgtime_plus | val_MSE=0.219877017 | test_MSE=0.198787857 | MAE=0.215642279 | RMSE=0.445856318 | MAPE=21.455981781% | params={'learning_rate': 0.027136802341304417, 'decay_rate': 1.6248627343200948e-05, 'hidden_size': 128, 'beta1': 0.9, 'beta2': 0.95, 'signal_len': 16, 'cheb_order': 2, 's': 9.799785593979243, 'batch_size': 16, 'k': 6}
Trial 442 finished with value 0.236717108 | dataset=Covid | model=ufgtime_plus | val_MSE=0.240030006 | test_MSE=0.424163769 | MAE=0.236717108 | RMSE=0.651278565 | MAPE=21.105292039% | params={'learning_rate': 0.03804265053091265, 'decay_rate': 2.0653185518776875e-05, 'hidden_size': 128, 'beta1': 0.9, 'beta2': 0.95, 'signal_len': 16, 'cheb_order': 2, 's': 7.660530350836202, 'batch_size': 64, 'k': 6}
Trial 443 finished with value 0.229723236 | dataset=Covid | model=ufgtime_plus | val_MSE=0.215362420 | test_MSE=0.293971237 | MAE=0.229723236 | RMSE=0.542191144 | MAPE=21.291086065% | params={'learning_rate': 0.042531274011693807, 'decay_rate': 1.3373760437312722e-05, 'hidden_size': 128, 'beta1': 0.9, 'beta2': 0.95, 'signal_len': 8, 'cheb_order': 2, 's': 7.366769940574739, 'batch_size': 16, 'k': 7}
Trial 444 finished with value 0.204239795 | dataset=Covid | model=ufgtime_plus | val_MSE=0.201898897 | test_MSE=0.283031731 | MAE=0.204239795 | RMSE=0.532007266 | MAPE=20.489402039% | params={'learning_rate': 0.03541325462515422, 'decay_rate': 2.892519105114139e-05, 'hidden_size': 128, 'beta1': 0.9, 'beta2': 0.95, 'signal_len': 16, 'cheb_order': 2, 's': 7.999856026208858, 'batch_size': 16, 'k': 6}
Trial 445 finished with value 0.222310609 | dataset=Covid | model=ufgtime_plus | val_MSE=0.199231373 | test_MSE=0.392099738 | MAE=0.222310609 | RMSE=0.626178679 | MAPE=20.578520313% | params={'learning_rate': 0.04346431764871994, 'decay_rate': 1.8677476267044954e-05, 'hidden_size': 128, 'beta1': 0.9, 'beta2': 0.95, 'signal_len': 16, 'cheb_order': 2, 's': 9.630969227365993, 'batch_size': 16, 'k': 6}
Trial 446 finished with value 0.212554221 | dataset=Covid | model=ufgtime_plus | val_MSE=0.212585003 | test_MSE=0.210326271 | MAE=0.212554221 | RMSE=0.458613422 | MAPE=21.261804684% | params={'learning_rate': 0.04973515972920235, 'decay_rate': 4.18845864001418e-05, 'hidden_size': 128, 'beta1': 0.9, 'beta2': 0.95, 'signal_len': 16, 'cheb_order': 2, 's': 9.291686057511, 'batch_size': 16, 'k': 6}
Trial 447 finished with value 0.210030606 | dataset=Covid | model=ufgtime_plus | val_MSE=0.239088653 | test_MSE=0.227798903 | MAE=0.210030606 | RMSE=0.477282833 | MAPE=21.037065161% | params={'learning_rate': 0.028547707479361667, 'decay_rate': 1.1326224932022911e-05, 'hidden_size': 128, 'beta1': 0.9, 'beta2': 0.95, 'signal_len': 16, 'cheb_order': 2, 's': 7.931967945516136, 'batch_size': 16, 'k': 7}
Trial 448 finished with value 0.224361022 | dataset=Covid | model=ufgtime_plus | val_MSE=0.206518164 | test_MSE=0.390381178 | MAE=0.224361022 | RMSE=0.624804912 | MAPE=20.659606448% | params={'learning_rate': 0.03342563362445591, 'decay_rate': 2.3100203193347113e-05, 'hidden_size': 128, 'beta1': 0.9, 'beta2': 0.95, 'signal_len': 16, 'cheb_order': 2, 's': 9.455992327591407, 'batch_size': 16, 'k': 6}
Trial 449 finished with value 0.239250482 | dataset=Covid | model=ufgtime_plus | val_MSE=0.218168973 | test_MSE=0.203692659 | MAE=0.239250482 | RMSE=0.451323231 | MAPE=22.051283275% | params={'learning_rate': 0.03778427619162275, 'decay_rate': 1.5012389390920703e-05, 'hidden_size': 128, 'beta1': 0.9, 'beta2': 0.95, 'signal_len': 16, 'cheb_order': 2, 's': 8.153120006933985, 'batch_size': 16, 'k': 10}
Trial 450 finished with value 0.351340718 | dataset=Covid | model=ufgtime_plus | val_MSE=0.200805122 | test_MSE=0.674428330 | MAE=0.351340718 | RMSE=0.821235855 | MAPE=23.774214655% | params={'learning_rate': 0.04309675076227077, 'decay_rate': 1.6870084451441126e-05, 'hidden_size': 128, 'beta1': 0.99, 'beta2': 0.95, 'signal_len': 16, 'cheb_order': 2, 's': 7.519693550400737, 'batch_size': 16, 'k': 6}
Trial 451 finished with value 0.282455773 | dataset=Covid | model=ufgtime_plus | val_MSE=0.284489781 | test_MSE=0.593416582 | MAE=0.282455773 | RMSE=0.770335370 | MAPE=22.018702781% | params={'learning_rate': 0.04992222618473291, 'decay_rate': 1.383651039838958e-05, 'hidden_size': 128, 'beta1': 0.9, 'beta2': 0.95, 'signal_len': 16, 'cheb_order': 2, 's': 7.726548640298728, 'batch_size': 64, 'k': 7}
Trial 452 finished with value 0.197191483 | dataset=Covid | model=ufgtime_plus | val_MSE=0.203821848 | test_MSE=0.265321799 | MAE=0.197191483 | RMSE=0.515093971 | MAPE=19.891945377% | params={'learning_rate': 0.030785666065627583, 'decay_rate': 3.474316346931285e-05, 'hidden_size': 128, 'beta1': 0.9, 'beta2': 0.95, 'signal_len': 16, 'cheb_order': 2, 's': 9.707633445172487, 'batch_size': 16, 'k': 10}
Trial 453 finished with value 0.335768234 | dataset=Covid | model=ufgtime_plus | val_MSE=0.452329498 | test_MSE=0.482505505 | MAE=0.335768234 | RMSE=0.694626162 | MAPE=23.806385158% | params={'learning_rate': 0.020831700580622364, 'decay_rate': 0.0009314455293798003, 'hidden_size': 128, 'beta1': 0.9, 'beta2': 0.999, 'signal_len': 16, 'cheb_order': 2, 's': 9.818373504207011, 'batch_size': 16, 'k': 6}
Trial 454 finished with value 0.201602892 | dataset=Covid | model=ufgtime_plus | val_MSE=0.216495501 | test_MSE=0.217258375 | MAE=0.201602892 | RMSE=0.466109831 | MAPE=20.802056847% | params={'learning_rate': 0.037753483913103396, 'decay_rate': 1.1595644285386708e-05, 'hidden_size': 128, 'beta1': 0.9, 'beta2': 0.95, 'signal_len': 16, 'cheb_order': 2, 's': 7.181987069775232, 'batch_size': 16, 'k': 6}
Trial 455 finished with value 0.244595924 | dataset=Covid | model=ufgtime_plus | val_MSE=0.250548284 | test_MSE=0.421327995 | MAE=0.244595924 | RMSE=0.649097831 | MAPE=21.290169830% | params={'learning_rate': 0.024768537100460484, 'decay_rate': 2.6308720931579282e-05, 'hidden_size': 128, 'beta1': 0.9, 'beta2': 0.95, 'signal_len': 16, 'cheb_order': 2, 's': 7.91766638806806, 'batch_size': 16, 'k': 10}
Trial 456 finished with value 0.222981288 | dataset=Covid | model=ufgtime_plus | val_MSE=0.192695437 | test_MSE=0.419382668 | MAE=0.222981288 | RMSE=0.647597613 | MAPE=20.486986254% | params={'learning_rate': 0.04267407215844998, 'decay_rate': 1.9995986281662102e-05, 'hidden_size': 128, 'beta1': 0.9, 'beta2': 0.95, 'signal_len': 16, 'cheb_order': 2, 's': 8.150755550270459, 'batch_size': 16, 'k': 6}
Trial 457 finished with value 0.282578703 | dataset=Covid | model=ufgtime_plus | val_MSE=0.496615840 | test_MSE=0.387752891 | MAE=0.282578703 | RMSE=0.622698074 | MAPE=22.308378534% | params={'learning_rate': 0.004797720436384339, 'decay_rate': 1.684156388791225e-05, 'hidden_size': 256, 'beta1': 0.9, 'beta2': 0.95, 'signal_len': 16, 'cheb_order': 2, 's': 9.447032743827435, 'batch_size': 16, 'k': 7}
Trial 458 finished with value 0.195803853 | dataset=Covid | model=ufgtime_plus | val_MSE=0.217581771 | test_MSE=0.305671741 | MAE=0.195803853 | RMSE=0.552875882 | MAPE=20.154063447% | params={'learning_rate': 0.03179450970745225, 'decay_rate': 2.2677126661655475e-05, 'hidden_size': 128, 'beta1': 0.9, 'beta2': 0.95, 'signal_len': 16, 'cheb_order': 2, 's': 7.792645204697499, 'batch_size': 16, 'k': 6}
Trial 459 finished with value 0.318918856 | dataset=Covid | model=ufgtime_plus | val_MSE=0.380402565 | test_MSE=0.329723353 | MAE=0.318918856 | RMSE=0.574215424 | MAPE=23.854233803% | params={'learning_rate': 0.03823481379275706, 'decay_rate': 1.3222512354215035e-05, 'hidden_size': 128, 'beta1': 0.9, 'beta2': 0.95, 'signal_len': 16, 'cheb_order': 2, 's': 7.512192561744913, 'batch_size': 128, 'k': 6}
Trial 460 finished with value 0.321955734 | dataset=Covid | model=ufgtime_plus | val_MSE=0.349188119 | test_MSE=0.378975014 | MAE=0.321955734 | RMSE=0.615609465 | MAPE=23.884736092% | params={'learning_rate': 0.041845012441821226, 'decay_rate': 1.0000980044007507e-05, 'hidden_size': 128, 'beta1': 0.9, 'beta2': 0.95, 'signal_len': 16, 'cheb_order': 2, 's': 9.568389335341564, 'batch_size': 64, 'k': 6}
Trial 461 finished with value 1.182917107 | dataset=Covid | model=ufgtime_plus | val_MSE=0.703103656 | test_MSE=2.839055672 | MAE=1.182917107 | RMSE=1.684949753 | MAPE=45.080658431% | params={'learning_rate': 0.0006933525034379885, 'decay_rate': 3.065044979538423e-05, 'hidden_size': 128, 'beta1': 0.9, 'beta2': 0.95, 'signal_len': 8, 'cheb_order': 2, 's': 8.262982149279875, 'batch_size': 16, 'k': 8}
Trial 462 finished with value 0.234792896 | dataset=Covid | model=ufgtime_plus | val_MSE=0.238466824 | test_MSE=0.351616062 | MAE=0.234792896 | RMSE=0.592972227 | MAPE=21.240329624% | params={'learning_rate': 0.02865043113154436, 'decay_rate': 1.5072134392218566e-05, 'hidden_size': 128, 'beta1': 0.9, 'beta2': 0.95, 'signal_len': 16, 'cheb_order': 2, 's': 7.012518565113512, 'batch_size': 16, 'k': 7}
Trial 463 finished with value 0.204195636 | dataset=Covid | model=ufgtime_plus | val_MSE=0.203288125 | test_MSE=0.235018692 | MAE=0.204195636 | RMSE=0.484787265 | MAPE=20.782921259% | params={'learning_rate': 0.0499792656159714, 'decay_rate': 1.9650616174139804e-05, 'hidden_size': 128, 'beta1': 0.9, 'beta2': 0.95, 'signal_len': 16, 'cheb_order': 2, 's': 7.962605899767603, 'batch_size': 16, 'k': 6}
Trial 464 finished with value 0.372327017 | dataset=Covid | model=ufgtime_plus | val_MSE=0.510721351 | test_MSE=0.505117524 | MAE=0.372327017 | RMSE=0.710716205 | MAPE=24.441063644% | params={'learning_rate': 0.034252292286004314, 'decay_rate': 0.009492157372656481, 'hidden_size': 128, 'beta1': 0.9, 'beta2': 0.95, 'signal_len': 16, 'cheb_order': 2, 's': 7.604257779818954, 'batch_size': 16, 'k': 6}
Trial 465 finished with value 0.270155414 | dataset=Covid | model=ufgtime_plus | val_MSE=0.221867664 | test_MSE=0.353622628 | MAE=0.270155414 | RMSE=0.594661776 | MAPE=22.295394760% | params={'learning_rate': 0.04296679195785576, 'decay_rate': 1.2375671162075416e-05, 'hidden_size': 128, 'beta1': 0.99, 'beta2': 0.95, 'signal_len': 16, 'cheb_order': 2, 's': 9.227094329906556, 'batch_size': 16, 'k': 7}
Trial 466 finished with value 0.333194878 | dataset=Covid | model=ufgtime_plus | val_MSE=0.482546983 | test_MSE=0.687676379 | MAE=0.333194878 | RMSE=0.829262551 | MAPE=23.290997457% | params={'learning_rate': 0.037211489767069686, 'decay_rate': 0.005598593283887993, 'hidden_size': 128, 'beta1': 0.9, 'beta2': 0.95, 'signal_len': 16, 'cheb_order': 2, 's': 9.866409319474863, 'batch_size': 16, 'k': 6}
Trial 467 finished with value 0.220854903 | dataset=Covid | model=ufgtime_plus | val_MSE=0.226811573 | test_MSE=0.203240305 | MAE=0.220854903 | RMSE=0.450821810 | MAPE=21.489944083% | params={'learning_rate': 0.02564100229759916, 'decay_rate': 2.6823110261266318e-05, 'hidden_size': 128, 'beta1': 0.9, 'beta2': 0.95, 'signal_len': 16, 'cheb_order': 2, 's': 8.084202329891731, 'batch_size': 16, 'k': 5}
Trial 468 finished with value 0.266036053 | dataset=Covid | model=ufgtime_plus | val_MSE=0.310835451 | test_MSE=0.283912706 | MAE=0.266036053 | RMSE=0.532834596 | MAPE=22.359561503% | params={'learning_rate': 0.032741626803542576, 'decay_rate': 1.733595923610579e-05, 'hidden_size': 128, 'beta1': 0.9, 'beta2': 0.95, 'signal_len': 16, 'cheb_order': 2, 's': 7.798940280082045, 'batch_size': 64, 'k': 6}
Trial 469 finished with value 0.188030913 | dataset=Covid | model=ufgtime_plus | val_MSE=0.211668570 | test_MSE=0.261565805 | MAE=0.188030913 | RMSE=0.511435045 | MAPE=20.107043977% | params={'learning_rate': 0.04137106025844677, 'decay_rate': 2.2928745353705373e-05, 'hidden_size': 128, 'beta1': 0.9, 'beta2': 0.95, 'signal_len': 16, 'cheb_order': 2, 's': 7.368143592447714, 'batch_size': 16, 'k': 7}
Trial 470 finished with value 0.293935373 | dataset=Covid | model=ufgtime_plus | val_MSE=0.245091539 | test_MSE=0.234209223 | MAE=0.293935373 | RMSE=0.483951674 | MAPE=23.936216448% | params={'learning_rate': 0.044892391584218906, 'decay_rate': 3.8951043187698664e-05, 'hidden_size': 128, 'beta1': 0.9, 'beta2': 0.95, 'signal_len': 16, 'cheb_order': 2, 's': 7.383611730331099, 'batch_size': 16, 'k': 6}
Trial 471 finished with value 0.236587840 | dataset=Covid | model=ufgtime_plus | val_MSE=0.242077905 | test_MSE=0.206016144 | MAE=0.236587840 | RMSE=0.453890013 | MAPE=21.901314051% | params={'learning_rate': 0.04959624860962988, 'decay_rate': 3.278169997853756e-05, 'hidden_size': 128, 'beta1': 0.9, 'beta2': 0.95, 'signal_len': 16, 'cheb_order': 2, 's': 7.246913253694177, 'batch_size': 16, 'k': 6}
Trial 472 finished with value 0.211893547 | dataset=Covid | model=ufgtime_plus | val_MSE=0.201446997 | test_MSE=0.192057082 | MAE=0.211893547 | RMSE=0.438243176 | MAPE=21.467578364% | params={'learning_rate': 0.04966959118118019, 'decay_rate': 2.569194465929275e-05, 'hidden_size': 128, 'beta1': 0.9, 'beta2': 0.95, 'signal_len': 16, 'cheb_order': 2, 's': 6.765052627706419, 'batch_size': 16, 'k': 5}
Trial 473 finished with value 0.216434834 | dataset=Covid | model=ufgtime_plus | val_MSE=0.206609874 | test_MSE=0.296288475 | MAE=0.216434834 | RMSE=0.544323869 | MAPE=20.809927410% | params={'learning_rate': 0.038575870586173136, 'decay_rate': 2.3237077556216164e-05, 'hidden_size': 128, 'beta1': 0.9, 'beta2': 0.95, 'signal_len': 16, 'cheb_order': 2, 's': 7.599987899631429, 'batch_size': 16, 'k': 6}
Trial 474 finished with value 0.496556608 | dataset=Covid | model=ufgtime_plus | val_MSE=0.542402505 | test_MSE=0.631477058 | MAE=0.496556608 | RMSE=0.794655307 | MAPE=27.948445930% | params={'learning_rate': 0.042104286660260525, 'decay_rate': 0.021989931254386936, 'hidden_size': 128, 'beta1': 0.9, 'beta2': 0.95, 'signal_len': 16, 'cheb_order': 2, 's': 7.4103918629917755, 'batch_size': 16, 'k': 6}
Trial 475 finished with value 0.283462917 | dataset=Covid | model=ufgtime_plus | val_MSE=0.274067327 | test_MSE=0.262643428 | MAE=0.283462917 | RMSE=0.512487490 | MAPE=23.248016572% | params={'learning_rate': 0.037348474867021975, 'decay_rate': 0.00019413861239619422, 'hidden_size': 128, 'beta1': 0.9, 'beta2': 0.95, 'signal_len': 16, 'cheb_order': 2, 's': 7.326218921180775, 'batch_size': 16, 'k': 7}
Trial 476 finished with value 0.234860283 | dataset=Covid | model=ufgtime_plus | val_MSE=0.272780515 | test_MSE=0.299509375 | MAE=0.234860283 | RMSE=0.547274497 | MAPE=21.447604259% | params={'learning_rate': 0.04990820889433261, 'decay_rate': 2.975783098229966e-05, 'hidden_size': 128, 'beta1': 0.9, 'beta2': 0.999, 'signal_len': 16, 'cheb_order': 2, 's': 7.045995654765948, 'batch_size': 16, 'k': 5}
Trial 477 finished with value 0.268374870 | dataset=Covid | model=ufgtime_plus | val_MSE=0.292626739 | test_MSE=0.287921432 | MAE=0.268374870 | RMSE=0.536583109 | MAPE=22.555041578% | params={'learning_rate': 0.0426091943749518, 'decay_rate': 2.191710460568605e-05, 'hidden_size': 128, 'beta1': 0.9, 'beta2': 0.95, 'signal_len': 16, 'cheb_order': 2, 's': 7.583405461019009, 'batch_size': 64, 'k': 9}
Trial 478 finished with value 0.198892954 | dataset=Covid | model=ufgtime_plus | val_MSE=0.219644619 | test_MSE=0.178936145 | MAE=0.198892954 | RMSE=0.423008446 | MAPE=20.874590871% | params={'learning_rate': 0.0351891714867829, 'decay_rate': 2.0133345239609455e-05, 'hidden_size': 128, 'beta1': 0.9, 'beta2': 0.95, 'signal_len': 16, 'cheb_order': 2, 's': 7.744915791282716, 'batch_size': 16, 'k': 8}
Trial 479 finished with value 0.218999751 | dataset=Covid | model=ufgtime_plus | val_MSE=0.197209346 | test_MSE=0.205299910 | MAE=0.218999751 | RMSE=0.453100331 | MAPE=21.619459128% | params={'learning_rate': 0.04367907558840991, 'decay_rate': 2.7080923384465564e-05, 'hidden_size': 128, 'beta1': 0.99, 'beta2': 0.95, 'signal_len': 16, 'cheb_order': 2, 's': 7.999514082790645, 'batch_size': 16, 'k': 6}
Trial 480 finished with value 0.256438690 | dataset=Covid | model=ufgtime_plus | val_MSE=0.210509296 | test_MSE=0.454118686 | MAE=0.256438690 | RMSE=0.673883288 | MAPE=21.448524786% | params={'learning_rate': 0.04989437898565695, 'decay_rate': 5.049785640166729e-05, 'hidden_size': 128, 'beta1': 0.9, 'beta2': 0.95, 'signal_len': 8, 'cheb_order': 2, 's': 7.2099675916284625, 'batch_size': 16, 'k': 6}
Trial 481 finished with value 0.388277722 | dataset=Covid | model=ufgtime_plus | val_MSE=0.486486405 | test_MSE=0.564923199 | MAE=0.388277722 | RMSE=0.751613730 | MAPE=25.110313956% | params={'learning_rate': 0.0034374459419900583, 'decay_rate': 3.54794484333044e-05, 'hidden_size': 128, 'beta1': 0.9, 'beta2': 0.95, 'signal_len': 16, 'cheb_order': 2, 's': 8.297235386845943, 'batch_size': 128, 'k': 5}
Trial 482 finished with value 0.208196538 | dataset=Covid | model=ufgtime_plus | val_MSE=0.230588114 | test_MSE=0.219307695 | MAE=0.208196538 | RMSE=0.468302995 | MAPE=21.010467492% | params={'learning_rate': 0.029880154809363128, 'decay_rate': 1.1557082594715684e-05, 'hidden_size': 128, 'beta1': 0.9, 'beta2': 0.95, 'signal_len': 16, 'cheb_order': 2, 's': 7.745098016826129, 'batch_size': 16, 'k': 7}
Trial 483 finished with value 0.213572799 | dataset=Covid | model=ufgtime_plus | val_MSE=0.215371380 | test_MSE=0.265505836 | MAE=0.213572799 | RMSE=0.515272584 | MAPE=20.850672717% | params={'learning_rate': 0.036932916338931004, 'decay_rate': 1.3975948676184571e-05, 'hidden_size': 128, 'beta1': 0.95, 'beta2': 0.95, 'signal_len': 16, 'cheb_order': 2, 's': 7.461083610710017, 'batch_size': 16, 'k': 6}
Trial 484 finished with value 0.200233737 | dataset=Covid | model=ufgtime_plus | val_MSE=0.213228387 | test_MSE=0.198935136 | MAE=0.200233737 | RMSE=0.446021453 | MAPE=20.884659744% | params={'learning_rate': 0.040961570775758974, 'decay_rate': 2.3787548364036868e-05, 'hidden_size': 256, 'beta1': 0.9, 'beta2': 0.95, 'signal_len': 16, 'cheb_order': 2, 's': 9.991573697127604, 'batch_size': 16, 'k': 6}
Trial 485 finished with value 0.218206871 | dataset=Covid | model=ufgtime_plus | val_MSE=0.208149683 | test_MSE=0.356003695 | MAE=0.218206871 | RMSE=0.596660452 | MAPE=20.600095752% | params={'learning_rate': 0.034476158709631784, 'decay_rate': 1.8686581302921675e-05, 'hidden_size': 128, 'beta1': 0.9, 'beta2': 0.95, 'signal_len': 16, 'cheb_order': 2, 's': 7.928515634858649, 'batch_size': 16, 'k': 5}
