Trial 324 finished with value 0.221198740 | dataset=Covid | model=ufgtime_plus | val_MSE=0.210047344 | test_MSE=0.202849074 | MAE=0.221198740 | RMSE=0.450387693 | MAPE=21.676873081% | params={'learning_rate': 0.04962953986627461, 'decay_rate': 3.0262738693099012e-05, 'hidden_size': 128, 'beta1': 0.9, 'beta2': 0.95, 'signal_len': 16, 'cheb_order': 2, 's': 9.990436637722853, 'batch_size': 16, 'k': 7}
Trial 325 finished with value 0.199400294 | dataset=Covid | model=ufgtime_plus | val_MSE=0.216550368 | test_MSE=0.252868298 | MAE=0.199400294 | RMSE=0.502860117 | MAPE=20.548476555% | params={'learning_rate': 0.037133559504792364, 'decay_rate': 4.259459139675997e-05, 'hidden_size': 128, 'beta1': 0.9, 'beta2': 0.95, 'signal_len': 16, 'cheb_order': 2, 's': 9.507092059318776, 'batch_size': 16, 'k': 7}
Trial 326 finished with value 0.237766274 | dataset=Covid | model=ufgtime_plus | val_MSE=0.213004071 | test_MSE=0.392563987 | MAE=0.237766274 | RMSE=0.626549269 | MAPE=21.077370414% | params={'learning_rate': 0.03662742366905982, 'decay_rate': 3.2072638329274774e-05, 'hidden_size': 128, 'beta1': 0.9, 'beta2': 0.95, 'signal_len': 16, 'cheb_order': 2, 's': 9.350094999427187, 'batch_size': 16, 'k': 7}
Trial 327 finished with value 0.226151599 | dataset=Covid | model=ufgtime_plus | val_MSE=0.237518258 | test_MSE=0.301774356 | MAE=0.226151599 | RMSE=0.549339927 | MAPE=21.056718156% | params={'learning_rate': 0.04998798266519631, 'decay_rate': 2.5730700592765438e-05, 'hidden_size': 128, 'beta1': 0.9, 'beta2': 0.95, 'signal_len': 16, 'cheb_order': 2, 's': 9.246487271394665, 'batch_size': 16, 'k': 7}
Trial 328 finished with value 0.194616062 | dataset=Covid | model=ufgtime_plus | val_MSE=0.213876838 | test_MSE=0.269099338 | MAE=0.194616062 | RMSE=0.518747856 | MAPE=20.247386993% | params={'learning_rate': 0.04153488695015836, 'decay_rate': 2.1844752264620106e-05, 'hidden_size': 128, 'beta1': 0.9, 'beta2': 0.95, 'signal_len': 16, 'cheb_order': 2, 's': 9.495055001519702, 'batch_size': 16, 'k': 7}
Trial 329 finished with value 0.253219810 | dataset=Covid | model=ufgtime_plus | val_MSE=0.230970129 | test_MSE=0.212511153 | MAE=0.253219810 | RMSE=0.460989320 | MAPE=22.685354437% | params={'learning_rate': 0.04213617349267076, 'decay_rate': 3.807755638678812e-05, 'hidden_size': 512, 'beta1': 0.9, 'beta2': 0.95, 'signal_len': 16, 'cheb_order': 3, 's': 9.53592116010399, 'batch_size': 64, 'k': 7}
Trial 330 finished with value 0.213240845 | dataset=Covid | model=ufgtime_plus | val_MSE=0.203292572 | test_MSE=0.185577307 | MAE=0.213240845 | RMSE=0.430786847 | MAPE=21.562116390% | params={'learning_rate': 0.042219824282808564, 'decay_rate': 2.3975843679927204e-05, 'hidden_size': 128, 'beta1': 0.9, 'beta2': 0.95, 'signal_len': 16, 'cheb_order': 2, 's': 9.485271916363503, 'batch_size': 16, 'k': 7}
Trial 331 finished with value 0.282337377 | dataset=Covid | model=ufgtime_plus | val_MSE=0.201943875 | test_MSE=0.571878014 | MAE=0.282337377 | RMSE=0.756226166 | MAPE=21.894952486% | params={'learning_rate': 0.03469220565080996, 'decay_rate': 2.9991436357122396e-05, 'hidden_size': 128, 'beta1': 0.9, 'beta2': 0.95, 'signal_len': 16, 'cheb_order': 2, 's': 9.734969909572978, 'batch_size': 16, 'k': 7}
Trial 332 finished with value 0.207097102 | dataset=Covid | model=ufgtime_plus | val_MSE=0.213745720 | test_MSE=0.233127203 | MAE=0.207097102 | RMSE=0.482832479 | MAPE=20.869271735% | params={'learning_rate': 0.049740020224626945, 'decay_rate': 2.1059457669422396e-05, 'hidden_size': 128, 'beta1': 0.9, 'beta2': 0.95, 'signal_len': 16, 'cheb_order': 2, 's': 9.285812879857703, 'batch_size': 16, 'k': 7}
Trial 333 finished with value 0.215627845 | dataset=Covid | model=ufgtime_plus | val_MSE=0.229544878 | test_MSE=0.396051490 | MAE=0.215627845 | RMSE=0.629326219 | MAPE=20.250943470% | params={'learning_rate': 0.04225086589293006, 'decay_rate': 2.6253252004300048e-05, 'hidden_size': 128, 'beta1': 0.9, 'beta2': 0.95, 'signal_len': 16, 'cheb_order': 2, 's': 7.505708906928608, 'batch_size': 16, 'k': 7}
Trial 334 finished with value 0.222404285 | dataset=Covid | model=ufgtime_plus | val_MSE=0.227113655 | test_MSE=0.184944543 | MAE=0.222404285 | RMSE=0.430051792 | MAPE=21.677883348% | params={'learning_rate': 0.02934654782418847, 'decay_rate': 1.9612188480768463e-05, 'hidden_size': 128, 'beta1': 0.9, 'beta2': 0.95, 'signal_len': 16, 'cheb_order': 2, 's': 3.4977331424553126, 'batch_size': 16, 'k': 7}
Trial 335 finished with value 0.194406371 | dataset=Covid | model=ufgtime_plus | val_MSE=0.197112147 | test_MSE=0.295146399 | MAE=0.194406371 | RMSE=0.543273779 | MAPE=20.100766579% | params={'learning_rate': 0.03735975201427926, 'decay_rate': 1.794042560730116e-05, 'hidden_size': 512, 'beta1': 0.9, 'beta2': 0.95, 'signal_len': 16, 'cheb_order': 2, 's': 9.741087034220289, 'batch_size': 16, 'k': 7}
Trial 336 finished with value 0.376980045 | dataset=Covid | model=ufgtime_plus | val_MSE=0.245566057 | test_MSE=0.706526200 | MAE=0.376980045 | RMSE=0.840551129 | MAPE=24.782618710% | params={'learning_rate': 0.04203021139898337, 'decay_rate': 1.7961331804925782e-05, 'hidden_size': 512, 'beta1': 0.9, 'beta2': 0.999, 'signal_len': 16, 'cheb_order': 2, 's': 9.71491533082016, 'batch_size': 16, 'k': 7}
Trial 337 finished with value 0.187478892 | dataset=Covid | model=ufgtime_plus | val_MSE=0.191930701 | test_MSE=0.244903596 | MAE=0.187478892 | RMSE=0.494877354 | MAPE=20.130382753% | params={'learning_rate': 0.03301194191542931, 'decay_rate': 2.3061121378793116e-05, 'hidden_size': 512, 'beta1': 0.9, 'beta2': 0.95, 'signal_len': 16, 'cheb_order': 2, 's': 9.557541323931913, 'batch_size': 16, 'k': 7}
Trial 338 finished with value 0.196357390 | dataset=Covid | model=ufgtime_plus | val_MSE=0.198556725 | test_MSE=0.204509389 | MAE=0.196357390 | RMSE=0.452227143 | MAPE=20.754306916% | params={'learning_rate': 0.01843197407551326, 'decay_rate': 3.2997024514897405e-05, 'hidden_size': 512, 'beta1': 0.9, 'beta2': 0.95, 'signal_len': 16, 'cheb_order': 2, 's': 9.977229073687452, 'batch_size': 16, 'k': 7}
Trial 339 finished with value 0.201398391 | dataset=Covid | model=ufgtime_plus | val_MSE=0.208147470 | test_MSE=0.304792917 | MAE=0.201398391 | RMSE=0.552080535 | MAPE=20.262128084% | params={'learning_rate': 0.026760134625426972, 'decay_rate': 2.3438682110314166e-05, 'hidden_size': 512, 'beta1': 0.9, 'beta2': 0.95, 'signal_len': 16, 'cheb_order': 3, 's': 9.728612259590935, 'batch_size': 16, 'k': 7}
Trial 340 finished with value 0.340066877 | dataset=Covid | model=ufgtime_plus | val_MSE=0.237077588 | test_MSE=0.663592506 | MAE=0.340066877 | RMSE=0.814611875 | MAPE=23.570630949% | params={'learning_rate': 0.031826870595745106, 'decay_rate': 2.782575165536749e-05, 'hidden_size': 512, 'beta1': 0.9, 'beta2': 0.95, 'signal_len': 16, 'cheb_order': 2, 's': 9.83316901539602, 'batch_size': 16, 'k': 8}
Trial 341 finished with value 0.197087789 | dataset=Covid | model=ufgtime_plus | val_MSE=0.208741976 | test_MSE=0.232156230 | MAE=0.197087789 | RMSE=0.481825933 | MAPE=20.564378882% | params={'learning_rate': 0.03361502746086253, 'decay_rate': 1.758778261239184e-05, 'hidden_size': 512, 'beta1': 0.9, 'beta2': 0.95, 'signal_len': 16, 'cheb_order': 2, 's': 9.316077360325533, 'batch_size': 16, 'k': 7}
Trial 342 finished with value 0.230560663 | dataset=Covid | model=ufgtime_plus | val_MSE=0.228864446 | test_MSE=0.501095980 | MAE=0.230560663 | RMSE=0.707881332 | MAPE=20.328522946% | params={'learning_rate': 0.023023204956928018, 'decay_rate': 1.7987293375333815e-05, 'hidden_size': 512, 'beta1': 0.9, 'beta2': 0.95, 'signal_len': 16, 'cheb_order': 2, 's': 9.579411333999671, 'batch_size': 64, 'k': 6}
Trial 343 finished with value 0.209107327 | dataset=Covid | model=ufgtime_plus | val_MSE=0.221975254 | test_MSE=0.211985383 | MAE=0.209107327 | RMSE=0.460418705 | MAPE=21.147994072% | params={'learning_rate': 0.03664840850119417, 'decay_rate': 2.4147422288053783e-05, 'hidden_size': 512, 'beta1': 0.9, 'beta2': 0.95, 'signal_len': 16, 'cheb_order': 2, 's': 2.4957931032026837, 'batch_size': 16, 'k': 7}
Trial 344 finished with value 0.233522650 | dataset=Covid | model=ufgtime_plus | val_MSE=0.233159346 | test_MSE=0.193330758 | MAE=0.233522650 | RMSE=0.439693936 | MAPE=22.052152586% | params={'learning_rate': 0.049981121117378166, 'decay_rate': 4.728098065475083e-05, 'hidden_size': 512, 'beta1': 0.9, 'beta2': 0.95, 'signal_len': 16, 'cheb_order': 2, 's': 5.252587119775347, 'batch_size': 16, 'k': 6}
Trial 345 finished with value 0.192178135 | dataset=Covid | model=ufgtime_plus | val_MSE=0.198056306 | test_MSE=0.205180478 | MAE=0.192178135 | RMSE=0.452968518 | MAPE=20.514797006% | params={'learning_rate': 0.03127319169964736, 'decay_rate': 1.6840567640020452e-05, 'hidden_size': 512, 'beta1': 0.9, 'beta2': 0.95, 'signal_len': 16, 'cheb_order': 2, 's': 9.387841332611094, 'batch_size': 16, 'k': 7}
Trial 346 finished with value 0.225733068 | dataset=Covid | model=ufgtime_plus | val_MSE=0.255029887 | test_MSE=0.373350866 | MAE=0.225733068 | RMSE=0.611024440 | MAPE=20.809234975% | params={'learning_rate': 0.026692493935234006, 'decay_rate': 3.70677344247466e-05, 'hidden_size': 512, 'beta1': 0.9, 'beta2': 0.95, 'signal_len': 16, 'cheb_order': 2, 's': 9.347580931476138, 'batch_size': 128, 'k': 7}
Trial 347 finished with value 0.223411044 | dataset=Covid | model=ufgtime_plus | val_MSE=0.236061345 | test_MSE=0.231499297 | MAE=0.223411044 | RMSE=0.481143739 | MAPE=21.485621449% | params={'learning_rate': 0.029178154989589786, 'decay_rate': 0.0001518043255635152, 'hidden_size': 512, 'beta1': 0.9, 'beta2': 0.95, 'signal_len': 16, 'cheb_order': 2, 's': 9.158236666728302, 'batch_size': 16, 'k': 7}
Trial 348 finished with value 0.198789887 | dataset=Covid | model=ufgtime_plus | val_MSE=0.197221735 | test_MSE=0.191381095 | MAE=0.198789887 | RMSE=0.437471251 | MAPE=20.960374361% | params={'learning_rate': 0.0235148343323808, 'decay_rate': 2.114724129901224e-05, 'hidden_size': 512, 'beta1': 0.9, 'beta2': 0.95, 'signal_len': 16, 'cheb_order': 2, 's': 9.55591645264024, 'batch_size': 16, 'k': 7}
Trial 349 finished with value 0.244599027 | dataset=Covid | model=ufgtime_plus | val_MSE=0.300186787 | test_MSE=0.329193420 | MAE=0.244599027 | RMSE=0.573753797 | MAPE=21.523064046% | params={'learning_rate': 0.033916392527831865, 'decay_rate': 0.00022805048064651403, 'hidden_size': 512, 'beta1': 0.9, 'beta2': 0.95, 'signal_len': 16, 'cheb_order': 2, 's': 9.73527810689723, 'batch_size': 16, 'k': 7}
Trial 350 finished with value 0.221771533 | dataset=Covid | model=ufgtime_plus | val_MSE=0.207777159 | test_MSE=0.399329409 | MAE=0.221771533 | RMSE=0.631925161 | MAPE=20.508166713% | params={'learning_rate': 0.028619380812415475, 'decay_rate': 1.583880956123752e-05, 'hidden_size': 512, 'beta1': 0.9, 'beta2': 0.95, 'signal_len': 16, 'cheb_order': 2, 's': 9.426732541389507, 'batch_size': 16, 'k': 7}
Trial 351 finished with value 0.226923106 | dataset=Covid | model=ufgtime_plus | val_MSE=0.216767950 | test_MSE=0.191262592 | MAE=0.226923106 | RMSE=0.437335789 | MAPE=21.921531936% | params={'learning_rate': 0.03740306490244472, 'decay_rate': 2.9053971497932506e-05, 'hidden_size': 512, 'beta1': 0.9, 'beta2': 0.95, 'signal_len': 16, 'cheb_order': 3, 's': 9.870326174570666, 'batch_size': 16, 'k': 7}
Trial 352 finished with value 0.240587309 | dataset=Covid | model=ufgtime_plus | val_MSE=0.227485809 | test_MSE=0.380487861 | MAE=0.240587309 | RMSE=0.616836981 | MAPE=21.284583705% | params={'learning_rate': 0.02059289763042982, 'decay_rate': 1.607911355271146e-05, 'hidden_size': 512, 'beta1': 0.9, 'beta2': 0.95, 'signal_len': 16, 'cheb_order': 2, 's': 9.633008536949239, 'batch_size': 16, 'k': 3}
Trial 353 finished with value 0.302550034 | dataset=Covid | model=ufgtime_plus | val_MSE=0.265363495 | test_MSE=0.262075772 | MAE=0.302550034 | RMSE=0.511933367 | MAPE=24.080812286% | params={'learning_rate': 0.015938857447935335, 'decay_rate': 2.074318646238559e-05, 'hidden_size': 512, 'beta1': 0.9, 'beta2': 0.95, 'signal_len': 16, 'cheb_order': 2, 's': 9.219702776157375, 'batch_size': 16, 'k': 8}
Trial 354 finished with value 0.174801047 | dataset=Covid | model=ufgtime_plus | val_MSE=0.201301906 | test_MSE=0.157833926 | MAE=0.174801047 | RMSE=0.397283181 | MAPE=20.079953249% | params={'learning_rate': 0.03128031399306517, 'decay_rate': 1.5345069130003286e-05, 'hidden_size': 512, 'beta1': 0.9, 'beta2': 0.95, 'signal_len': 16, 'cheb_order': 2, 's': 9.473586341991929, 'batch_size': 16, 'k': 6}
Trial 355 finished with value 0.220206529 | dataset=Covid | model=ufgtime_plus | val_MSE=0.236461282 | test_MSE=0.304870820 | MAE=0.220206529 | RMSE=0.552151084 | MAPE=20.781645023% | params={'learning_rate': 0.025940870066568887, 'decay_rate': 1.4609446439661117e-05, 'hidden_size': 512, 'beta1': 0.9, 'beta2': 0.95, 'signal_len': 16, 'cheb_order': 2, 's': 9.338359457241587, 'batch_size': 64, 'k': 6}
Trial 356 finished with value 0.211056247 | dataset=Covid | model=ufgtime_plus | val_MSE=0.219622311 | test_MSE=0.311789500 | MAE=0.211056247 | RMSE=0.558381142 | MAPE=20.646697799% | params={'learning_rate': 0.02990379159268711, 'decay_rate': 1.4861075083192336e-05, 'hidden_size': 512, 'beta1': 0.9, 'beta2': 0.999, 'signal_len': 16, 'cheb_order': 2, 's': 9.180197052232751, 'batch_size': 16, 'k': 6}
Trial 357 finished with value 0.265047058 | dataset=Covid | model=ufgtime_plus | val_MSE=0.214575332 | test_MSE=0.204864826 | MAE=0.265047058 | RMSE=0.452619958 | MAPE=23.270755502% | params={'learning_rate': 0.032648788365470124, 'decay_rate': 2.5250994701405093e-05, 'hidden_size': 512, 'beta1': 0.9, 'beta2': 0.95, 'signal_len': 16, 'cheb_order': 2, 's': 9.45356710516338, 'batch_size': 16, 'k': 6}
Trial 358 finished with value 0.198837668 | dataset=Covid | model=ufgtime_plus | val_MSE=0.211530912 | test_MSE=0.298550123 | MAE=0.198837668 | RMSE=0.546397404 | MAPE=20.183853125% | params={'learning_rate': 0.04236511841319862, 'decay_rate': 1.6104575982124738e-05, 'hidden_size': 512, 'beta1': 0.9, 'beta2': 0.99, 'signal_len': 16, 'cheb_order': 2, 's': 9.01542434049847, 'batch_size': 16, 'k': 6}
Trial 359 finished with value 2.479600571 | dataset=Covid | model=ufgtime_plus | val_MSE=1.000956759 | test_MSE=14.587286219 | MAE=2.479600571 | RMSE=3.819330598 | MAPE=73.983367852% | params={'learning_rate': 0.0005494227844267363, 'decay_rate': 1.8953706883849635e-05, 'hidden_size': 512, 'beta1': 0.9, 'beta2': 0.95, 'signal_len': 16, 'cheb_order': 2, 's': 9.536999714891673, 'batch_size': 16, 'k': 6}
Trial 360 finished with value 0.261381796 | dataset=Covid | model=ufgtime_plus | val_MSE=0.214272161 | test_MSE=0.296688186 | MAE=0.261381796 | RMSE=0.544690909 | MAPE=22.399382601% | params={'learning_rate': 0.04263156275179614, 'decay_rate': 1.315067969715123e-05, 'hidden_size': 512, 'beta1': 0.9, 'beta2': 0.95, 'signal_len': 16, 'cheb_order': 2, 's': 9.134141357892522, 'batch_size': 16, 'k': 6}
Trial 361 finished with value 0.313535612 | dataset=Covid | model=ufgtime_plus | val_MSE=0.368452076 | test_MSE=0.360709412 | MAE=0.313535612 | RMSE=0.600590886 | MAPE=23.305331580% | params={'learning_rate': 0.020908677015912692, 'decay_rate': 1.0038229491574262e-05, 'hidden_size': 128, 'beta1': 0.9, 'beta2': 0.95, 'signal_len': 16, 'cheb_order': 2, 's': 5.429346711319604, 'batch_size': 16, 'k': 6}
Trial 362 finished with value 0.197841174 | dataset=Covid | model=ufgtime_plus | val_MSE=0.200821214 | test_MSE=0.204822976 | MAE=0.197841174 | RMSE=0.452573724 | MAPE=20.819301318% | params={'learning_rate': 0.03264332960199262, 'decay_rate': 2.4048361691944513e-05, 'hidden_size': 512, 'beta1': 0.9, 'beta2': 0.95, 'signal_len': 16, 'cheb_order': 3, 's': 9.639646423592167, 'batch_size': 16, 'k': 6}
Trial 363 finished with value 0.227445018 | dataset=Covid | model=ufgtime_plus | val_MSE=0.217683866 | test_MSE=0.194754114 | MAE=0.227445018 | RMSE=0.441309544 | MAPE=21.957083204% | params={'learning_rate': 0.03782559490282764, 'decay_rate': 3.515681862189862e-05, 'hidden_size': 128, 'beta1': 0.9, 'beta2': 0.95, 'signal_len': 16, 'cheb_order': 2, 's': 9.433613095970623, 'batch_size': 16, 'k': 6}
Trial 364 finished with value 0.821971885 | dataset=Covid | model=ufgtime_plus | val_MSE=0.574197212 | test_MSE=1.568482501 | MAE=0.821971885 | RMSE=1.252390714 | MAPE=36.219545851% | params={'learning_rate': 0.0021906027503052674, 'decay_rate': 0.0025191004967313317, 'hidden_size': 128, 'beta1': 0.9, 'beta2': 0.95, 'signal_len': 16, 'cheb_order': 2, 's': 9.34537159552241, 'batch_size': 16, 'k': 6}
Trial 365 finished with value 0.203351255 | dataset=Covid | model=ufgtime_plus | val_MSE=0.225458991 | test_MSE=0.284431440 | MAE=0.203351255 | RMSE=0.533321141 | MAPE=20.460329864% | params={'learning_rate': 0.026646426861613476, 'decay_rate': 1.218347481235676e-05, 'hidden_size': 128, 'beta1': 0.9, 'beta2': 0.95, 'signal_len': 16, 'cheb_order': 2, 's': 9.959516378101618, 'batch_size': 16, 'k': 6}
Trial 366 finished with value 0.200670933 | dataset=Covid | model=ufgtime_plus | val_MSE=0.202929601 | test_MSE=0.290430725 | MAE=0.200670933 | RMSE=0.538916251 | MAPE=20.343142730% | params={'learning_rate': 0.042808297483287426, 'decay_rate': 1.5038150720241383e-05, 'hidden_size': 128, 'beta1': 0.9, 'beta2': 0.95, 'signal_len': 16, 'cheb_order': 2, 's': 4.601160815927161, 'batch_size': 16, 'k': 6}
Trial 367 finished with value 0.254658806 | dataset=Covid | model=ufgtime_plus | val_MSE=0.231867522 | test_MSE=0.473941522 | MAE=0.254658806 | RMSE=0.688434109 | MAPE=21.459069482% | params={'learning_rate': 0.03227377371870182, 'decay_rate': 2.1196737614333174e-05, 'hidden_size': 512, 'beta1': 0.9, 'beta2': 0.95, 'signal_len': 16, 'cheb_order': 2, 's': 4.897711011694684, 'batch_size': 128, 'k': 6}
Trial 368 finished with value 0.188173271 | dataset=Covid | model=ufgtime_plus | val_MSE=0.198878244 | test_MSE=0.261696621 | MAE=0.188173271 | RMSE=0.511562920 | MAPE=20.106843541% | params={'learning_rate': 0.043302386834847655, 'decay_rate': 2.9754228985780743e-05, 'hidden_size': 128, 'beta1': 0.9, 'beta2': 0.95, 'signal_len': 16, 'cheb_order': 2, 's': 7.684326982817571, 'batch_size': 64, 'k': 6}
Trial 369 finished with value 0.233503803 | dataset=Covid | model=ufgtime_plus | val_MSE=0.218915984 | test_MSE=0.396196354 | MAE=0.233503803 | RMSE=0.629441303 | MAPE=20.977712952% | params={'learning_rate': 0.04294221248239475, 'decay_rate': 2.7491353556827666e-05, 'hidden_size': 128, 'beta1': 0.9, 'beta2': 0.95, 'signal_len': 16, 'cheb_order': 2, 's': 7.607974749914842, 'batch_size': 64, 'k': 6}
Trial 370 finished with value 0.315649624 | dataset=Covid | model=ufgtime_plus | val_MSE=0.354833543 | test_MSE=0.519557429 | MAE=0.315649624 | RMSE=0.720803322 | MAPE=23.021833333% | params={'learning_rate': 0.04381229703914037, 'decay_rate': 3.8109466245265836e-05, 'hidden_size': 128, 'beta1': 0.9, 'beta2': 0.99, 'signal_len': 16, 'cheb_order': 2, 's': 7.276882290513566, 'batch_size': 64, 'k': 6}
Trial 371 finished with value 0.214314371 | dataset=Covid | model=ufgtime_plus | val_MSE=0.221443400 | test_MSE=0.356175613 | MAE=0.214314371 | RMSE=0.596804502 | MAPE=20.520061465% | params={'learning_rate': 0.037312934310280856, 'decay_rate': 2.73419878711858e-05, 'hidden_size': 512, 'beta1': 0.9, 'beta2': 0.95, 'signal_len': 16, 'cheb_order': 2, 's': 7.541389314821872, 'batch_size': 64, 'k': 2}
Trial 372 finished with value 2.708570614 | dataset=Covid | model=ufgtime_plus | val_MSE=1.099044204 | test_MSE=17.229456445 | MAE=2.708570614 | RMSE=4.150838041 | MAPE=81.120265498% | params={'learning_rate': 5.968606988438458e-05, 'decay_rate': 3.2348418868682424e-05, 'hidden_size': 128, 'beta1': 0.9, 'beta2': 0.95, 'signal_len': 16, 'cheb_order': 2, 's': 7.713614266481246, 'batch_size': 64, 'k': 6}
Trial 373 finished with value 0.249283208 | dataset=Covid | model=ufgtime_plus | val_MSE=0.339104503 | test_MSE=0.423389771 | MAE=0.249283208 | RMSE=0.650684080 | MAPE=21.319325852% | params={'learning_rate': 0.044984340904531496, 'decay_rate': 3.110026781678103e-05, 'hidden_size': 128, 'beta1': 0.9, 'beta2': 0.95, 'signal_len': 16, 'cheb_order': 2, 's': 7.870512876703944, 'batch_size': 64, 'k': 6}
Trial 374 finished with value 0.234284674 | dataset=Covid | model=ufgtime_plus | val_MSE=0.228039235 | test_MSE=0.410874915 | MAE=0.234284674 | RMSE=0.640995254 | MAPE=20.844846360% | params={'learning_rate': 0.048977255382803855, 'decay_rate': 2.2485142248362536e-05, 'hidden_size': 128, 'beta1': 0.9, 'beta2': 0.95, 'signal_len': 16, 'cheb_order': 3, 's': 7.771841166340733, 'batch_size': 64, 'k': 6}
Trial 375 finished with value 0.394731938 | dataset=Covid | model=ufgtime_plus | val_MSE=0.484420419 | test_MSE=0.665124107 | MAE=0.394731938 | RMSE=0.815551413 | MAPE=24.992879714% | params={'learning_rate': 0.012648512994552644, 'decay_rate': 4.5134224779202276e-05, 'hidden_size': 128, 'beta1': 0.9, 'beta2': 0.95, 'signal_len': 16, 'cheb_order': 2, 's': 5.929921168425154, 'batch_size': 64, 'k': 6}
Trial 376 finished with value 0.402632784 | dataset=Covid | model=ufgtime_plus | val_MSE=0.509893537 | test_MSE=0.713709563 | MAE=0.402632784 | RMSE=0.844813330 | MAPE=25.075438586% | params={'learning_rate': 0.0062285321549083224, 'decay_rate': 1.908496182374081e-05, 'hidden_size': 512, 'beta1': 0.9, 'beta2': 0.95, 'signal_len': 16, 'cheb_order': 2, 's': 7.4692871245585, 'batch_size': 64, 'k': 6}
Trial 377 finished with value 0.199322624 | dataset=Covid | model=ufgtime_plus | val_MSE=0.189601479 | test_MSE=0.293295374 | MAE=0.199322624 | RMSE=0.541567516 | MAPE=20.261968825% | params={'learning_rate': 0.049903468594681005, 'decay_rate': 2.5116130039912464e-05, 'hidden_size': 128, 'beta1': 0.9, 'beta2': 0.95, 'signal_len': 16, 'cheb_order': 2, 's': 7.865405361725011, 'batch_size': 16, 'k': 6}
