Trial 108 finished with value 0.190122676 | dataset=Covid | model=ufgtime_plus | val_MSE=0.192238825 | test_MSE=0.233363795 | MAE=0.190122676 | RMSE=0.483077422 | MAPE=20.286506584% | params={'learning_rate': 0.04344993214441427, 'decay_rate': 1.0268163858445217e-05, 'hidden_size': 512, 'beta1': 0.95, 'beta2': 0.95, 'signal_len': 16, 'cheb_order': 2, 's': 8.777898521291625, 'batch_size': 16, 'k': 5}
Trial 109 finished with value 0.201390423 | dataset=Covid | model=ufgtime_plus | val_MSE=0.197634228 | test_MSE=0.196146274 | MAE=0.201390423 | RMSE=0.442884041 | MAPE=21.065810978% | params={'learning_rate': 0.042745599139733664, 'decay_rate': 2.7296581732467083e-05, 'hidden_size': 128, 'beta1': 0.95, 'beta2': 0.95, 'signal_len': 16, 'cheb_order': 2, 's': 9.093352913859386, 'batch_size': 16, 'k': 5}
Trial 110 finished with value 0.223116202 | dataset=Covid | model=ufgtime_plus | val_MSE=0.259264168 | test_MSE=0.305694435 | MAE=0.223116202 | RMSE=0.552896406 | MAPE=21.013972541% | params={'learning_rate': 0.023139232077894284, 'decay_rate': 2.392089283437354e-05, 'hidden_size': 128, 'beta1': 0.95, 'beta2': 0.95, 'signal_len': 8, 'cheb_order': 2, 's': 8.636761007905635, 'batch_size': 16, 'k': 5}
Trial 111 finished with value 0.285487241 | dataset=Covid | model=ufgtime_plus | val_MSE=0.218557911 | test_MSE=0.270424227 | MAE=0.285487241 | RMSE=0.520023295 | MAPE=23.425911426% | params={'learning_rate': 0.04387272037677876, 'decay_rate': 1.0221263901089135e-05, 'hidden_size': 128, 'beta1': 0.95, 'beta2': 0.95, 'signal_len': 16, 'cheb_order': 2, 's': 9.039734665288051, 'batch_size': 16, 'k': 5}
Trial 112 finished with value 0.197034165 | dataset=Covid | model=ufgtime_plus | val_MSE=0.199963828 | test_MSE=0.254661545 | MAE=0.197034165 | RMSE=0.504640015 | MAPE=20.301238102% | params={'learning_rate': 0.04907838441240453, 'decay_rate': 1.983471879039296e-05, 'hidden_size': 128, 'beta1': 0.95, 'beta2': 0.95, 'signal_len': 16, 'cheb_order': 2, 's': 8.81364196653806, 'batch_size': 16, 'k': 5}
Trial 113 finished with value 0.204631718 | dataset=Covid | model=ufgtime_plus | val_MSE=0.201725335 | test_MSE=0.261007877 | MAE=0.204631718 | RMSE=0.510889300 | MAPE=20.677464290% | params={'learning_rate': 0.0482360532849193, 'decay_rate': 2.7369395887927653e-05, 'hidden_size': 128, 'beta1': 0.95, 'beta2': 0.95, 'signal_len': 16, 'cheb_order': 2, 's': 8.86427248145203, 'batch_size': 16, 'k': 5}
Trial 114 finished with value 0.213124636 | dataset=Covid | model=ufgtime_plus | val_MSE=0.203729363 | test_MSE=0.233672328 | MAE=0.213124636 | RMSE=0.483396657 | MAPE=21.053510722% | params={'learning_rate': 0.02548246507953853, 'decay_rate': 1.9994264547686334e-05, 'hidden_size': 128, 'beta1': 0.95, 'beta2': 0.95, 'signal_len': 16, 'cheb_order': 2, 's': 9.374189320294649, 'batch_size': 16, 'k': 5}
Trial 115 finished with value 0.197879336 | dataset=Covid | model=ufgtime_plus | val_MSE=0.207644357 | test_MSE=0.271064229 | MAE=0.197879336 | RMSE=0.520638290 | MAPE=20.465009552% | params={'learning_rate': 0.04997701785439417, 'decay_rate': 1.297497551364125e-05, 'hidden_size': 128, 'beta1': 0.95, 'beta2': 0.95, 'signal_len': 16, 'cheb_order': 2, 's': 9.080098516935125, 'batch_size': 16, 'k': 5}
Trial 116 finished with value 0.212416342 | dataset=Covid | model=ufgtime_plus | val_MSE=0.198301678 | test_MSE=0.250925896 | MAE=0.212416342 | RMSE=0.500925041 | MAPE=20.906871143% | params={'learning_rate': 0.04827272947631633, 'decay_rate': 1.1877810130681492e-05, 'hidden_size': 128, 'beta1': 0.95, 'beta2': 0.95, 'signal_len': 16, 'cheb_order': 2, 's': 9.134697539877541, 'batch_size': 16, 'k': 5}
Trial 117 finished with value 0.208500809 | dataset=Covid | model=ufgtime_plus | val_MSE=0.243056044 | test_MSE=0.271474619 | MAE=0.208500809 | RMSE=0.521032263 | MAPE=20.570008281% | params={'learning_rate': 0.04025772742359402, 'decay_rate': 2.167383799137608e-05, 'hidden_size': 128, 'beta1': 0.95, 'beta2': 0.95, 'signal_len': 16, 'cheb_order': 2, 's': 9.30343395603744, 'batch_size': 128, 'k': 4}
Trial 118 finished with value 0.281196219 | dataset=Covid | model=ufgtime_plus | val_MSE=0.355573737 | test_MSE=0.373345984 | MAE=0.281196219 | RMSE=0.611020445 | MAPE=22.417337949% | params={'learning_rate': 0.015183197374321446, 'decay_rate': 1.805803085076091e-05, 'hidden_size': 128, 'beta1': 0.9, 'beta2': 0.95, 'signal_len': 16, 'cheb_order': 2, 's': 8.950985950736374, 'batch_size': 16, 'k': 5}
Trial 119 finished with value 0.208831065 | dataset=Covid | model=ufgtime_plus | val_MSE=0.250817125 | test_MSE=0.255765558 | MAE=0.208831065 | RMSE=0.505732694 | MAPE=20.774308449% | params={'learning_rate': 0.02115797531419501, 'decay_rate': 2.6680570571435343e-05, 'hidden_size': 128, 'beta1': 0.95, 'beta2': 0.95, 'signal_len': 16, 'cheb_order': 2, 's': 9.562457337625315, 'batch_size': 16, 'k': 5}
Trial 120 finished with value 0.243502472 | dataset=Covid | model=ufgtime_plus | val_MSE=0.212274992 | test_MSE=0.183993350 | MAE=0.243502472 | RMSE=0.428944461 | MAPE=22.659807489% | params={'learning_rate': 0.027528044759741094, 'decay_rate': 1.3471360879676728e-05, 'hidden_size': 128, 'beta1': 0.95, 'beta2': 0.95, 'signal_len': 16, 'cheb_order': 2, 's': 8.51092141044703, 'batch_size': 16, 'k': 4}
Trial 121 finished with value 0.212668567 | dataset=Covid | model=ufgtime_plus | val_MSE=0.203295153 | test_MSE=0.276688439 | MAE=0.212668567 | RMSE=0.526011824 | MAPE=20.936604597% | params={'learning_rate': 0.04985477087407472, 'decay_rate': 1.6565974982667123e-05, 'hidden_size': 128, 'beta1': 0.95, 'beta2': 0.95, 'signal_len': 16, 'cheb_order': 2, 's': 8.742473161227522, 'batch_size': 16, 'k': 5}
Trial 122 finished with value 0.194826044 | dataset=Covid | model=ufgtime_plus | val_MSE=0.201569307 | test_MSE=0.305858399 | MAE=0.194826044 | RMSE=0.553044663 | MAPE=20.020464017% | params={'learning_rate': 0.03679258388105629, 'decay_rate': 1.3559678799648714e-05, 'hidden_size': 128, 'beta1': 0.95, 'beta2': 0.95, 'signal_len': 16, 'cheb_order': 2, 's': 8.234013238887572, 'batch_size': 16, 'k': 5}
Trial 123 finished with value 0.225700499 | dataset=Covid | model=ufgtime_plus | val_MSE=0.217252385 | test_MSE=0.312542633 | MAE=0.225700499 | RMSE=0.559055125 | MAPE=21.033308894% | params={'learning_rate': 0.03855640323963545, 'decay_rate': 1.0871852679018384e-05, 'hidden_size': 128, 'beta1': 0.95, 'beta2': 0.95, 'signal_len': 16, 'cheb_order': 2, 's': 8.222518027880065, 'batch_size': 16, 'k': 5}
Trial 124 finished with value 0.205636218 | dataset=Covid | model=ufgtime_plus | val_MSE=0.205934514 | test_MSE=0.281002614 | MAE=0.205636218 | RMSE=0.530096797 | MAPE=20.550518306% | params={'learning_rate': 0.030293649146180174, 'decay_rate': 2.2320609841789667e-05, 'hidden_size': 128, 'beta1': 0.95, 'beta2': 0.95, 'signal_len': 16, 'cheb_order': 2, 's': 8.397023845459056, 'batch_size': 16, 'k': 5}
Trial 125 finished with value 0.185905800 | dataset=Covid | model=ufgtime_plus | val_MSE=0.190637518 | test_MSE=0.229266473 | MAE=0.185905800 | RMSE=0.478817787 | MAPE=20.199486479% | params={'learning_rate': 0.041380110241846846, 'decay_rate': 1.2741082909419839e-05, 'hidden_size': 128, 'beta1': 0.95, 'beta2': 0.95, 'signal_len': 16, 'cheb_order': 2, 's': 7.899980089828549, 'batch_size': 16, 'k': 6}
Trial 126 finished with value 0.217386686 | dataset=Covid | model=ufgtime_plus | val_MSE=0.219759300 | test_MSE=0.264468376 | MAE=0.217386686 | RMSE=0.514264889 | MAPE=21.074787663% | params={'learning_rate': 0.041699869405878436, 'decay_rate': 1.6248304343170244e-05, 'hidden_size': 128, 'beta1': 0.95, 'beta2': 0.95, 'signal_len': 16, 'cheb_order': 2, 's': 7.861991324405391, 'batch_size': 64, 'k': 5}
Trial 127 finished with value 0.236031447 | dataset=Covid | model=ufgtime_plus | val_MSE=0.209275460 | test_MSE=0.218485954 | MAE=0.236031447 | RMSE=0.467424811 | MAPE=22.058313503% | params={'learning_rate': 0.035394893764057425, 'decay_rate': 1.2545701962426709e-05, 'hidden_size': 128, 'beta1': 0.95, 'beta2': 0.95, 'signal_len': 16, 'cheb_order': 2, 's': 8.84164263708857, 'batch_size': 16, 'k': 6}
Trial 128 finished with value 0.198838170 | dataset=Covid | model=ufgtime_plus | val_MSE=0.201483463 | test_MSE=0.283334804 | MAE=0.198838170 | RMSE=0.532292029 | MAPE=20.371207717% | params={'learning_rate': 0.027047236719737383, 'decay_rate': 1.9122475917056057e-05, 'hidden_size': 128, 'beta1': 0.95, 'beta2': 0.95, 'signal_len': 16, 'cheb_order': 2, 's': 7.9571825944210675, 'batch_size': 16, 'k': 4}
Trial 129 finished with value 0.232012972 | dataset=Covid | model=ufgtime_plus | val_MSE=0.216807338 | test_MSE=0.201117898 | MAE=0.232012972 | RMSE=0.448461702 | MAPE=22.061478123% | params={'learning_rate': 0.025426634949406564, 'decay_rate': 1.01243636379471e-05, 'hidden_size': 128, 'beta1': 0.95, 'beta2': 0.95, 'signal_len': 16, 'cheb_order': 2, 's': 8.179231820518286, 'batch_size': 16, 'k': 5}
Trial 130 finished with value 0.253239418 | dataset=Covid | model=ufgtime_plus | val_MSE=0.316125020 | test_MSE=0.312446462 | MAE=0.253239418 | RMSE=0.558969106 | MAPE=21.857579892% | params={'learning_rate': 0.017533208449427896, 'decay_rate': 1.8758982223962032e-05, 'hidden_size': 128, 'beta1': 0.95, 'beta2': 0.95, 'signal_len': 8, 'cheb_order': 2, 's': 8.463507181751625, 'batch_size': 16, 'k': 5}
Trial 131 finished with value 0.205734486 | dataset=Covid | model=ufgtime_plus | val_MSE=0.232864095 | test_MSE=0.247464821 | MAE=0.205734486 | RMSE=0.497458361 | MAPE=20.750343180% | params={'learning_rate': 0.04284661124216283, 'decay_rate': 2.785196904027982e-05, 'hidden_size': 128, 'beta1': 0.95, 'beta2': 0.95, 'signal_len': 16, 'cheb_order': 2, 's': 7.952996506632271, 'batch_size': 16, 'k': 4}
Trial 132 finished with value 0.194176311 | dataset=Covid | model=ufgtime_plus | val_MSE=0.193118824 | test_MSE=0.294997473 | MAE=0.194176311 | RMSE=0.543136699 | MAPE=20.118709171% | params={'learning_rate': 0.031512447241575654, 'decay_rate': 1.4102561666026751e-05, 'hidden_size': 128, 'beta1': 0.95, 'beta2': 0.95, 'signal_len': 16, 'cheb_order': 2, 's': 9.021383176757812, 'batch_size': 16, 'k': 4}
Trial 133 finished with value 0.216026297 | dataset=Covid | model=ufgtime_plus | val_MSE=0.209716124 | test_MSE=0.235027918 | MAE=0.216026297 | RMSE=0.484796780 | MAPE=21.157760283% | params={'learning_rate': 0.029800824501708314, 'decay_rate': 1.3371627049680115e-05, 'hidden_size': 128, 'beta1': 0.95, 'beta2': 0.95, 'signal_len': 16, 'cheb_order': 2, 's': 9.016154942171783, 'batch_size': 16, 'k': 4}
Trial 134 finished with value 0.279773627 | dataset=Covid | model=ufgtime_plus | val_MSE=0.288538917 | test_MSE=0.282118770 | MAE=0.279773627 | RMSE=0.531148538 | MAPE=22.983253872% | params={'learning_rate': 0.02124066157097322, 'decay_rate': 1.5619750534255165e-05, 'hidden_size': 128, 'beta1': 0.95, 'beta2': 0.95, 'signal_len': 16, 'cheb_order': 2, 's': 8.77790453099572, 'batch_size': 16, 'k': 5}
Trial 135 finished with value 0.410769115 | dataset=Covid | model=ufgtime_plus | val_MSE=0.520183056 | test_MSE=0.528386916 | MAE=0.410769115 | RMSE=0.726902274 | MAPE=25.574268695% | params={'learning_rate': 0.03431475323517525, 'decay_rate': 0.014680972591271485, 'hidden_size': 128, 'beta1': 0.95, 'beta2': 0.95, 'signal_len': 16, 'cheb_order': 2, 's': 9.23622171533355, 'batch_size': 16, 'k': 5}
Trial 136 finished with value 0.441081174 | dataset=Covid | model=ufgtime_plus | val_MSE=0.481437784 | test_MSE=1.035213074 | MAE=0.441081174 | RMSE=1.017454212 | MAPE=25.961890831% | params={'learning_rate': 0.026995361898865085, 'decay_rate': 0.0033133382601685693, 'hidden_size': 128, 'beta1': 0.95, 'beta2': 0.95, 'signal_len': 16, 'cheb_order': 2, 's': 8.275212980168504, 'batch_size': 16, 'k': 4}
Trial 137 finished with value 0.198771248 | dataset=Covid | model=ufgtime_plus | val_MSE=0.213102808 | test_MSE=0.239937476 | MAE=0.198771248 | RMSE=0.489834131 | MAPE=20.559389541% | params={'learning_rate': 0.03756310671380963, 'decay_rate': 2.245378862922787e-05, 'hidden_size': 128, 'beta1': 0.95, 'beta2': 0.95, 'signal_len': 16, 'cheb_order': 2, 's': 8.963301746538678, 'batch_size': 16, 'k': 6}
Trial 138 finished with value 0.391475580 | dataset=Covid | model=ufgtime_plus | val_MSE=0.202614511 | test_MSE=0.897579250 | MAE=0.391475580 | RMSE=0.947406592 | MAPE=24.402470526% | params={'learning_rate': 0.03774325084501211, 'decay_rate': 2.1210997445784684e-05, 'hidden_size': 128, 'beta1': 0.95, 'beta2': 0.95, 'signal_len': 16, 'cheb_order': 2, 's': 8.999728386694803, 'batch_size': 16, 'k': 6}
Trial 139 finished with value 0.245772578 | dataset=Covid | model=ufgtime_plus | val_MSE=0.307634226 | test_MSE=0.402965860 | MAE=0.245772578 | RMSE=0.634795920 | MAPE=21.280347930% | params={'learning_rate': 0.02313079298482016, 'decay_rate': 1.2430637401019111e-05, 'hidden_size': 128, 'beta1': 0.9, 'beta2': 0.95, 'signal_len': 16, 'cheb_order': 2, 's': 9.64295134790956, 'batch_size': 16, 'k': 6}
Trial 140 finished with value 0.192184120 | dataset=Covid | model=ufgtime_plus | val_MSE=0.194386955 | test_MSE=0.247542165 | MAE=0.192184120 | RMSE=0.497536094 | MAPE=20.237947807% | params={'learning_rate': 0.04853966306769271, 'decay_rate': 1.790563795361201e-05, 'hidden_size': 128, 'beta1': 0.95, 'beta2': 0.95, 'signal_len': 16, 'cheb_order': 2, 's': 9.436689252267854, 'batch_size': 16, 'k': 6}
Trial 141 finished with value 0.217591178 | dataset=Covid | model=ufgtime_plus | val_MSE=0.212635383 | test_MSE=0.345588239 | MAE=0.217591178 | RMSE=0.587867536 | MAPE=20.584751362% | params={'learning_rate': 0.0499611520859768, 'decay_rate': 1.0017865239442821e-05, 'hidden_size': 128, 'beta1': 0.95, 'beta2': 0.95, 'signal_len': 16, 'cheb_order': 2, 's': 9.391684028176167, 'batch_size': 16, 'k': 6}
Trial 142 finished with value 0.230457942 | dataset=Covid | model=ufgtime_plus | val_MSE=0.216137819 | test_MSE=0.199453758 | MAE=0.230457942 | RMSE=0.446602461 | MAPE=21.853668774% | params={'learning_rate': 0.04128232113278126, 'decay_rate': 1.7807413186470482e-05, 'hidden_size': 128, 'beta1': 0.95, 'beta2': 0.95, 'signal_len': 16, 'cheb_order': 2, 's': 9.273485689441541, 'batch_size': 16, 'k': 6}
Trial 143 finished with value 0.198726743 | dataset=Covid | model=ufgtime_plus | val_MSE=0.196208717 | test_MSE=0.207436832 | MAE=0.198726743 | RMSE=0.455452337 | MAPE=20.832901676% | params={'learning_rate': 0.030905240557824672, 'decay_rate': 2.426032766411788e-05, 'hidden_size': 128, 'beta1': 0.95, 'beta2': 0.95, 'signal_len': 16, 'cheb_order': 2, 's': 9.116138663441175, 'batch_size': 16, 'k': 6}
Trial 144 finished with value 0.204418805 | dataset=Covid | model=ufgtime_plus | val_MSE=0.219229433 | test_MSE=0.234975338 | MAE=0.204418805 | RMSE=0.484742549 | MAPE=20.792062509% | params={'learning_rate': 0.030779222962369065, 'decay_rate': 1.4395011515437011e-05, 'hidden_size': 128, 'beta1': 0.95, 'beta2': 0.95, 'signal_len': 16, 'cheb_order': 2, 's': 8.547391241634543, 'batch_size': 16, 'k': 6}
Trial 145 finished with value 0.265503238 | dataset=Covid | model=ufgtime_plus | val_MSE=0.280177021 | test_MSE=0.277582992 | MAE=0.265503238 | RMSE=0.526861454 | MAPE=22.540082770% | params={'learning_rate': 0.019692030314288712, 'decay_rate': 2.2372519489021497e-05, 'hidden_size': 128, 'beta1': 0.95, 'beta2': 0.95, 'signal_len': 16, 'cheb_order': 2, 's': 8.800703694817372, 'batch_size': 16, 'k': 6}
Trial 146 finished with value 0.206789423 | dataset=Covid | model=ufgtime_plus | val_MSE=0.225379093 | test_MSE=0.305672726 | MAE=0.206789423 | RMSE=0.552876773 | MAPE=20.476953618% | params={'learning_rate': 0.02656880094069936, 'decay_rate': 1.671787655054857e-05, 'hidden_size': 128, 'beta1': 0.95, 'beta2': 0.95, 'signal_len': 16, 'cheb_order': 2, 's': 9.951525328428163, 'batch_size': 16, 'k': 6}
Trial 147 finished with value 0.233382781 | dataset=Covid | model=ufgtime_plus | val_MSE=0.202376083 | test_MSE=0.493856391 | MAE=0.233382781 | RMSE=0.702749166 | MAPE=20.368562495% | params={'learning_rate': 0.035720059636087986, 'decay_rate': 1.2715250704544248e-05, 'hidden_size': 256, 'beta1': 0.95, 'beta2': 0.95, 'signal_len': 16, 'cheb_order': 2, 's': 9.717569594162779, 'batch_size': 16, 'k': 6}
Trial 148 finished with value 0.415582445 | dataset=Covid | model=ufgtime_plus | val_MSE=0.485244632 | test_MSE=0.547241372 | MAE=0.415582445 | RMSE=0.739757644 | MAPE=25.896332782% | params={'learning_rate': 0.03160313287986014, 'decay_rate': 1.962335715379727e-05, 'hidden_size': 128, 'beta1': 0.95, 'beta2': 0.95, 'signal_len': 16, 'cheb_order': 2, 's': 7.727225951823695, 'batch_size': 128, 'k': 6}
Trial 149 finished with value 0.236213837 | dataset=Covid | model=ufgtime_plus | val_MSE=0.242710304 | test_MSE=0.208050565 | MAE=0.236213837 | RMSE=0.456125602 | MAPE=21.913552718% | params={'learning_rate': 0.022517696283679164, 'decay_rate': 2.3915400205166042e-05, 'hidden_size': 128, 'beta1': 0.95, 'beta2': 0.95, 'signal_len': 16, 'cheb_order': 2, 's': 4.916360014778541, 'batch_size': 16, 'k': 6}
Trial 150 finished with value 0.200864001 | dataset=Covid | model=ufgtime_plus | val_MSE=0.223447010 | test_MSE=0.340181806 | MAE=0.200864001 | RMSE=0.583251066 | MAPE=20.191894053% | params={'learning_rate': 0.03846394438674249, 'decay_rate': 1.476308017958678e-05, 'hidden_size': 128, 'beta1': 0.95, 'beta2': 0.95, 'signal_len': 16, 'cheb_order': 2, 's': 8.941184835349652, 'batch_size': 16, 'k': 6}
Trial 151 finished with value 0.274114269 | dataset=Covid | model=ufgtime_plus | val_MSE=0.263942170 | test_MSE=0.263429754 | MAE=0.274114269 | RMSE=0.513254083 | MAPE=22.891436144% | params={'learning_rate': 0.03805672477804093, 'decay_rate': 1.4804290766009187e-05, 'hidden_size': 128, 'beta1': 0.95, 'beta2': 0.95, 'signal_len': 16, 'cheb_order': 2, 's': 8.971114787689974, 'batch_size': 16, 'k': 2}
Trial 152 finished with value 0.201527463 | dataset=Covid | model=ufgtime_plus | val_MSE=0.199210150 | test_MSE=0.316246137 | MAE=0.201527463 | RMSE=0.562357660 | MAPE=20.215403420% | params={'learning_rate': 0.049654144332737564, 'decay_rate': 1.1735768235984127e-05, 'hidden_size': 128, 'beta1': 0.95, 'beta2': 0.95, 'signal_len': 16, 'cheb_order': 2, 's': 8.706322766549585, 'batch_size': 16, 'k': 6}
Trial 153 finished with value 0.270812433 | dataset=Covid | model=ufgtime_plus | val_MSE=0.247356964 | test_MSE=0.228850919 | MAE=0.270812433 | RMSE=0.478383652 | MAPE=23.014372531% | params={'learning_rate': 0.02805962487866338, 'decay_rate': 1.8367790111618414e-05, 'hidden_size': 128, 'beta1': 0.95, 'beta2': 0.95, 'signal_len': 16, 'cheb_order': 2, 's': 9.206174024010691, 'batch_size': 16, 'k': 6}
Trial 154 finished with value 0.202812067 | dataset=Covid | model=ufgtime_plus | val_MSE=0.197972793 | test_MSE=0.217167562 | MAE=0.202812067 | RMSE=0.466012405 | MAPE=20.943923064% | params={'learning_rate': 0.04108635873917004, 'decay_rate': 1.536808061507321e-05, 'hidden_size': 128, 'beta1': 0.95, 'beta2': 0.95, 'signal_len': 16, 'cheb_order': 2, 's': 9.503331481276582, 'batch_size': 16, 'k': 6}
Trial 155 finished with value 0.249534897 | dataset=Covid | model=ufgtime_plus | val_MSE=0.249347940 | test_MSE=0.224103100 | MAE=0.249534897 | RMSE=0.473395289 | MAPE=22.184419772% | params={'learning_rate': 0.03272788240210728, 'decay_rate': 2.4612480864957178e-05, 'hidden_size': 128, 'beta1': 0.95, 'beta2': 0.95, 'signal_len': 16, 'cheb_order': 2, 's': 8.318094941622554, 'batch_size': 64, 'k': 5}
Trial 156 finished with value 0.319525375 | dataset=Covid | model=ufgtime_plus | val_MSE=0.347388632 | test_MSE=0.341807712 | MAE=0.319525375 | RMSE=0.584643235 | MAPE=23.752160333% | params={'learning_rate': 0.018054343226023603, 'decay_rate': 2.029824050771184e-05, 'hidden_size': 128, 'beta1': 0.95, 'beta2': 0.999, 'signal_len': 16, 'cheb_order': 2, 's': 8.07699478996999, 'batch_size': 16, 'k': 6}
Trial 157 finished with value 0.205629483 | dataset=Covid | model=ufgtime_plus | val_MSE=0.214774346 | test_MSE=0.343952368 | MAE=0.205629483 | RMSE=0.586474525 | MAPE=20.273913404% | params={'learning_rate': 0.026491333001249145, 'decay_rate': 1.0068331915160952e-05, 'hidden_size': 128, 'beta1': 0.95, 'beta2': 0.95, 'signal_len': 16, 'cheb_order': 2, 's': 8.555845757825377, 'batch_size': 16, 'k': 5}
Trial 158 finished with value 0.196764729 | dataset=Covid | model=ufgtime_plus | val_MSE=0.213096015 | test_MSE=0.284779416 | MAE=0.196764729 | RMSE=0.533647277 | MAPE=20.301668465% | params={'learning_rate': 0.03512033009343972, 'decay_rate': 1.3164830675560772e-05, 'hidden_size': 128, 'beta1': 0.95, 'beta2': 0.95, 'signal_len': 16, 'cheb_order': 2, 's': 8.91061831630521, 'batch_size': 16, 'k': 4}
Trial 159 finished with value 0.208989411 | dataset=Covid | model=ufgtime_plus | val_MSE=0.197392766 | test_MSE=0.301196784 | MAE=0.208989411 | RMSE=0.548813979 | MAPE=20.484611671% | params={'learning_rate': 0.04916396333457348, 'decay_rate': 1.2287818459108248e-05, 'hidden_size': 128, 'beta1': 0.95, 'beta2': 0.95, 'signal_len': 16, 'cheb_order': 2, 's': 9.384895069003157, 'batch_size': 16, 'k': 4}
Trial 160 finished with value 0.246031367 | dataset=Covid | model=ufgtime_plus | val_MSE=0.255419260 | test_MSE=0.268945570 | MAE=0.246031367 | RMSE=0.518599624 | MAPE=22.025473923% | params={'learning_rate': 0.023302835558733668, 'decay_rate': 2.9419525223588655e-05, 'hidden_size': 128, 'beta1': 0.95, 'beta2': 0.95, 'signal_len': 8, 'cheb_order': 2, 's': 8.77282955712833, 'batch_size': 16, 'k': 4}
Trial 161 finished with value 0.245069309 | dataset=Covid | model=ufgtime_plus | val_MSE=0.267401897 | test_MSE=0.275168409 | MAE=0.245069309 | RMSE=0.524564971 | MAPE=21.899714329% | params={'learning_rate': 0.036816575856184024, 'decay_rate': 1.4468106184291458e-05, 'hidden_size': 128, 'beta1': 0.95, 'beta2': 0.95, 'signal_len': 16, 'cheb_order': 2, 's': 8.924050395928647, 'batch_size': 16, 'k': 4}
