Trial 163 finished with value 0.053829810 | dataset=ECG | model=ufgtime_plus | val_MSE=0.006345955 | test_MSE=0.006464448 | MAE=0.053829810 | RMSE=0.080401794 | MAPE=11.806378610% | params={'learning_rate': 0.011768763580428164, 'decay_rate': 2.451907659732894e-05, 'hidden_size': 32, 'beta1': 0.99, 'beta2': 0.95, 'signal_len': 16, 'cheb_order': 3, 's': 5.596313458113088, 'batch_size': 128, 'k': 7}
Trial 164 finished with value 0.054139573 | dataset=ECG | model=ufgtime_plus | val_MSE=0.006298643 | test_MSE=0.006497513 | MAE=0.054139573 | RMSE=0.080607150 | MAPE=11.669840841% | params={'learning_rate': 0.010654617936937545, 'decay_rate': 2.495539026557439e-05, 'hidden_size': 32, 'beta1': 0.99, 'beta2': 0.95, 'signal_len': 16, 'cheb_order': 3, 's': 5.53644125103076, 'batch_size': 128, 'k': 7}
Trial 165 finished with value 0.054049977 | dataset=ECG | model=ufgtime_plus | val_MSE=0.006370468 | test_MSE=0.006512262 | MAE=0.054049977 | RMSE=0.080698588 | MAPE=11.754614492% | params={'learning_rate': 0.013800330644651302, 'decay_rate': 3.0494698155797903e-05, 'hidden_size': 32, 'beta1': 0.99, 'beta2': 0.95, 'signal_len': 16, 'cheb_order': 3, 's': 5.7727992795037535, 'batch_size': 128, 'k': 7}
Trial 166 finished with value 0.053987936 | dataset=ECG | model=ufgtime_plus | val_MSE=0.006388653 | test_MSE=0.006509593 | MAE=0.053987936 | RMSE=0.080682048 | MAPE=11.722603081% | params={'learning_rate': 0.011921258128425307, 'decay_rate': 2.149505531208225e-05, 'hidden_size': 64, 'beta1': 0.99, 'beta2': 0.95, 'signal_len': 16, 'cheb_order': 3, 's': 6.377922636327149, 'batch_size': 128, 'k': 6}
Trial 167 finished with value 0.054991911 | dataset=ECG | model=ufgtime_plus | val_MSE=0.006422317 | test_MSE=0.006624437 | MAE=0.054991911 | RMSE=0.081390644 | MAPE=12.042877592% | params={'learning_rate': 0.03887809618251799, 'decay_rate': 1.689438371317025e-05, 'hidden_size': 32, 'beta1': 0.99, 'beta2': 0.95, 'signal_len': 16, 'cheb_order': 3, 's': 6.155425316829166, 'batch_size': 128, 'k': 7}
Trial 168 finished with value 0.054466454 | dataset=ECG | model=ufgtime_plus | val_MSE=0.006233406 | test_MSE=0.006595205 | MAE=0.054466454 | RMSE=0.081210865 | MAPE=11.931264662% | params={'learning_rate': 0.0004350341522586586, 'decay_rate': 1.2597157940742626e-05, 'hidden_size': 32, 'beta1': 0.99, 'beta2': 0.95, 'signal_len': 16, 'cheb_order': 3, 's': 5.450102541099564, 'batch_size': 128, 'k': 7}
Trial 169 finished with value 0.054180670 | dataset=ECG | model=ufgtime_plus | val_MSE=0.006402639 | test_MSE=0.006545450 | MAE=0.054180670 | RMSE=0.080903957 | MAPE=11.703976098% | params={'learning_rate': 0.027939066344581452, 'decay_rate': 2.550130151559813e-05, 'hidden_size': 32, 'beta1': 0.99, 'beta2': 0.95, 'signal_len': 16, 'cheb_order': 3, 's': 5.981120728065962, 'batch_size': 128, 'k': 6}
Trial 170 finished with value 0.054027416 | dataset=ECG | model=ufgtime_plus | val_MSE=0.006324012 | test_MSE=0.006529806 | MAE=0.054027416 | RMSE=0.080807217 | MAPE=11.767585505% | params={'learning_rate': 0.01715408341673216, 'decay_rate': 3.641628080643402e-05, 'hidden_size': 32, 'beta1': 0.95, 'beta2': 0.95, 'signal_len': 16, 'cheb_order': 3, 's': 5.630485068282193, 'batch_size': 128, 'k': 9}
Trial 171 finished with value 0.054086858 | dataset=ECG | model=ufgtime_plus | val_MSE=0.006307187 | test_MSE=0.006512026 | MAE=0.054086858 | RMSE=0.080697128 | MAPE=11.676588034% | params={'learning_rate': 0.014961596989739692, 'decay_rate': 3.1007102849547594e-05, 'hidden_size': 32, 'beta1': 0.99, 'beta2': 0.95, 'signal_len': 16, 'cheb_order': 3, 's': 5.265038881966805, 'batch_size': 128, 'k': 7}
Trial 172 finished with value 0.053997613 | dataset=ECG | model=ufgtime_plus | val_MSE=0.006432208 | test_MSE=0.006517614 | MAE=0.053997613 | RMSE=0.080731740 | MAPE=11.754434606% | params={'learning_rate': 0.02071121247284837, 'decay_rate': 4.6064311568673176e-05, 'hidden_size': 32, 'beta1': 0.99, 'beta2': 0.95, 'signal_len': 16, 'cheb_order': 3, 's': 5.096981310251848, 'batch_size': 128, 'k': 7}
Trial 173 finished with value 0.054737424 | dataset=ECG | model=ufgtime_plus | val_MSE=0.006377131 | test_MSE=0.006593761 | MAE=0.054737424 | RMSE=0.081201979 | MAPE=12.023753645% | params={'learning_rate': 0.015317217108835705, 'decay_rate': 2.3584922182450018e-05, 'hidden_size': 32, 'beta1': 0.99, 'beta2': 0.95, 'signal_len': 16, 'cheb_order': 3, 's': 1.2077194331301415, 'batch_size': 128, 'k': 7}
Trial 174 finished with value 0.054194011 | dataset=ECG | model=ufgtime_plus | val_MSE=0.006343539 | test_MSE=0.006529482 | MAE=0.054194011 | RMSE=0.080805211 | MAPE=11.876902855% | params={'learning_rate': 0.012417998298339152, 'decay_rate': 1.8706952195032634e-05, 'hidden_size': 32, 'beta1': 0.99, 'beta2': 0.95, 'signal_len': 16, 'cheb_order': 3, 's': 1.5792535313071674, 'batch_size': 128, 'k': 7}
Trial 175 finished with value 0.054570549 | dataset=ECG | model=ufgtime_plus | val_MSE=0.006371601 | test_MSE=0.006571559 | MAE=0.054570549 | RMSE=0.081065152 | MAPE=11.961033813% | params={'learning_rate': 0.009984100062243107, 'decay_rate': 4.057837118800262e-05, 'hidden_size': 32, 'beta1': 0.99, 'beta2': 0.99, 'signal_len': 16, 'cheb_order': 3, 's': 4.972612747725922, 'batch_size': 128, 'k': 4}
Trial 176 finished with value 0.054286760 | dataset=ECG | model=ufgtime_plus | val_MSE=0.006424703 | test_MSE=0.006542584 | MAE=0.054286760 | RMSE=0.080886243 | MAPE=11.717455438% | params={'learning_rate': 0.01811666514206488, 'decay_rate': 2.841885421037314e-05, 'hidden_size': 32, 'beta1': 0.99, 'beta2': 0.95, 'signal_len': 16, 'cheb_order': 3, 's': 1.8209745640685668, 'batch_size': 128, 'k': 7}
Trial 177 finished with value 0.056694251 | dataset=ECG | model=ufgtime_plus | val_MSE=0.006672229 | test_MSE=0.007024657 | MAE=0.056694251 | RMSE=0.083813226 | MAPE=12.360933819% | params={'learning_rate': 0.0023964642423127307, 'decay_rate': 3.301827066824348e-05, 'hidden_size': 32, 'beta1': 0.99, 'beta2': 0.95, 'signal_len': 16, 'cheb_order': 2, 's': 5.412797707717842, 'batch_size': 128, 'k': 9}
Trial 178 finished with value 0.054139740 | dataset=ECG | model=ufgtime_plus | val_MSE=0.006293998 | test_MSE=0.006520412 | MAE=0.054139740 | RMSE=0.080749066 | MAPE=11.769170964% | params={'learning_rate': 0.024913271634911124, 'decay_rate': 5.221453666945139e-05, 'hidden_size': 32, 'beta1': 0.99, 'beta2': 0.999, 'signal_len': 16, 'cheb_order': 2, 's': 5.630557247934074, 'batch_size': 128, 'k': 7}
Trial 179 finished with value 0.055408062 | dataset=ECG | model=ufgtime_plus | val_MSE=0.006562523 | test_MSE=0.006691880 | MAE=0.055408062 | RMSE=0.081803912 | MAPE=12.185439454% | params={'learning_rate': 0.032020348411493156, 'decay_rate': 1.4284022777316816e-05, 'hidden_size': 32, 'beta1': 0.95, 'beta2': 0.95, 'signal_len': 8, 'cheb_order': 2, 's': 5.852847642987404, 'batch_size': 128, 'k': 2}
Trial 180 finished with value 0.053995787 | dataset=ECG | model=ufgtime_plus | val_MSE=0.006316521 | test_MSE=0.006516985 | MAE=0.053995787 | RMSE=0.080727847 | MAPE=11.632204816% | params={'learning_rate': 0.02152216261929189, 'decay_rate': 2.274624779338787e-05, 'hidden_size': 32, 'beta1': 0.99, 'beta2': 0.999, 'signal_len': 16, 'cheb_order': 3, 's': 4.690338947378402, 'batch_size': 128, 'k': 8}
Trial 181 finished with value 0.054201272 | dataset=ECG | model=ufgtime_plus | val_MSE=0.006379253 | test_MSE=0.006524998 | MAE=0.054201272 | RMSE=0.080777458 | MAPE=11.729228465% | params={'learning_rate': 0.008660152479933618, 'decay_rate': 7.067408894838737e-05, 'hidden_size': 32, 'beta1': 0.99, 'beta2': 0.95, 'signal_len': 16, 'cheb_order': 2, 's': 5.175686622726403, 'batch_size': 128, 'k': 6}
Trial 182 finished with value 0.057992379 | dataset=ECG | model=ufgtime_plus | val_MSE=0.006715388 | test_MSE=0.007207020 | MAE=0.057992379 | RMSE=0.084894167 | MAPE=12.768351123% | params={'learning_rate': 0.007833973857887293, 'decay_rate': 3.595330960175631e-05, 'hidden_size': 32, 'beta1': 0.99, 'beta2': 0.95, 'signal_len': 16, 'cheb_order': 2, 's': 5.368458787875142, 'batch_size': 128, 'k': 7}
Trial 183 finished with value 0.053813297 | dataset=ECG | model=ufgtime_plus | val_MSE=0.006353205 | test_MSE=0.006508441 | MAE=0.053813297 | RMSE=0.080674907 | MAPE=11.680898598% | params={'learning_rate': 0.010096380595022932, 'decay_rate': 9.231143536386081e-05, 'hidden_size': 32, 'beta1': 0.95, 'beta2': 0.95, 'signal_len': 16, 'cheb_order': 2, 's': 5.541644605517491, 'batch_size': 128, 'k': 9}
Trial 184 finished with value 0.053864768 | dataset=ECG | model=ufgtime_plus | val_MSE=0.006335713 | test_MSE=0.006518154 | MAE=0.053864768 | RMSE=0.080735085 | MAPE=11.640329287% | params={'learning_rate': 0.01553914169892446, 'decay_rate': 9.643253385436408e-05, 'hidden_size': 32, 'beta1': 0.95, 'beta2': 0.95, 'signal_len': 16, 'cheb_order': 2, 's': 5.764606140070862, 'batch_size': 128, 'k': 9}
Trial 185 finished with value 0.053825090 | dataset=ECG | model=ufgtime_plus | val_MSE=0.006305739 | test_MSE=0.006524307 | MAE=0.053825090 | RMSE=0.080773182 | MAPE=11.601655897% | params={'learning_rate': 0.005554089488188146, 'decay_rate': 8.661362150151074e-05, 'hidden_size': 32, 'beta1': 0.95, 'beta2': 0.95, 'signal_len': 16, 'cheb_order': 2, 's': 5.8391336640877975, 'batch_size': 128, 'k': 9}
Trial 186 finished with value 0.054357896 | dataset=ECG | model=ufgtime_plus | val_MSE=0.006346318 | test_MSE=0.006515818 | MAE=0.054357896 | RMSE=0.080720617 | MAPE=11.817879181% | params={'learning_rate': 0.0057079444981368, 'decay_rate': 0.00011469528081043174, 'hidden_size': 32, 'beta1': 0.95, 'beta2': 0.95, 'signal_len': 16, 'cheb_order': 2, 's': 6.198385697692574, 'batch_size': 128, 'k': 9}
Trial 187 finished with value 0.054120256 | dataset=ECG | model=ufgtime_plus | val_MSE=0.006348291 | test_MSE=0.006589588 | MAE=0.054120256 | RMSE=0.081176279 | MAPE=11.572364264% | params={'learning_rate': 0.010350361574103916, 'decay_rate': 0.00010536060562026812, 'hidden_size': 32, 'beta1': 0.95, 'beta2': 0.95, 'signal_len': 16, 'cheb_order': 2, 's': 5.844539590142527, 'batch_size': 128, 'k': 9}
Trial 188 finished with value 0.054688911 | dataset=ECG | model=ufgtime_plus | val_MSE=0.006372699 | test_MSE=0.006636272 | MAE=0.054688911 | RMSE=0.081463319 | MAPE=12.097419547% | params={'learning_rate': 0.004709379875989612, 'decay_rate': 8.02467330524273e-05, 'hidden_size': 32, 'beta1': 0.95, 'beta2': 0.95, 'signal_len': 16, 'cheb_order': 2, 's': 6.045286331599156, 'batch_size': 128, 'k': 9}
Trial 189 finished with value 0.054177217 | dataset=ECG | model=ufgtime_plus | val_MSE=0.006379577 | test_MSE=0.006524872 | MAE=0.054177217 | RMSE=0.080776682 | MAPE=11.889975923% | params={'learning_rate': 0.00546522765437779, 'decay_rate': 8.091642303753997e-05, 'hidden_size': 128, 'beta1': 0.95, 'beta2': 0.95, 'signal_len': 16, 'cheb_order': 2, 's': 5.634323434612916, 'batch_size': 128, 'k': 9}
Trial 190 finished with value 0.053940480 | dataset=ECG | model=ufgtime_plus | val_MSE=0.006337332 | test_MSE=0.006558731 | MAE=0.053940480 | RMSE=0.080985991 | MAPE=11.775476190% | params={'learning_rate': 0.012510278438966424, 'decay_rate': 9.23686177679975e-05, 'hidden_size': 32, 'beta1': 0.95, 'beta2': 0.95, 'signal_len': 16, 'cheb_order': 2, 's': 5.829698756636563, 'batch_size': 128, 'k': 9}
Trial 191 finished with value 0.053911576 | dataset=ECG | model=ufgtime_plus | val_MSE=0.006324990 | test_MSE=0.006507511 | MAE=0.053911576 | RMSE=0.080669145 | MAPE=11.653528249% | params={'learning_rate': 0.007062754727334702, 'decay_rate': 9.570605839323744e-05, 'hidden_size': 32, 'beta1': 0.95, 'beta2': 0.95, 'signal_len': 16, 'cheb_order': 2, 's': 5.78453424816523, 'batch_size': 128, 'k': 9}
Trial 192 finished with value 0.053922629 | dataset=ECG | model=ufgtime_plus | val_MSE=0.006340006 | test_MSE=0.006512743 | MAE=0.053922629 | RMSE=0.080701566 | MAPE=11.706287140% | params={'learning_rate': 0.006906976676887617, 'decay_rate': 9.786473792003082e-05, 'hidden_size': 32, 'beta1': 0.95, 'beta2': 0.95, 'signal_len': 16, 'cheb_order': 2, 's': 5.765304830081347, 'batch_size': 128, 'k': 9}
Trial 193 finished with value 0.054025432 | dataset=ECG | model=ufgtime_plus | val_MSE=0.006335078 | test_MSE=0.006500056 | MAE=0.054025432 | RMSE=0.080622924 | MAPE=11.699141618% | params={'learning_rate': 0.009242156245084523, 'decay_rate': 0.00010150414045970213, 'hidden_size': 32, 'beta1': 0.95, 'beta2': 0.95, 'signal_len': 16, 'cheb_order': 2, 's': 5.997741974925436, 'batch_size': 128, 'k': 9}
Trial 194 finished with value 0.054535563 | dataset=ECG | model=ufgtime_plus | val_MSE=0.006382441 | test_MSE=0.006532028 | MAE=0.054535563 | RMSE=0.080820960 | MAPE=11.840981326% | params={'learning_rate': 0.0069903816678995225, 'decay_rate': 0.0001545134452969872, 'hidden_size': 32, 'beta1': 0.95, 'beta2': 0.95, 'signal_len': 16, 'cheb_order': 2, 's': 5.498280033673928, 'batch_size': 128, 'k': 9}
Trial 195 finished with value 0.054207000 | dataset=ECG | model=ufgtime_plus | val_MSE=0.006347699 | test_MSE=0.006530935 | MAE=0.054207000 | RMSE=0.080814199 | MAPE=11.627553366% | params={'learning_rate': 0.0065091509685228826, 'decay_rate': 0.00012515319092427276, 'hidden_size': 32, 'beta1': 0.95, 'beta2': 0.95, 'signal_len': 16, 'cheb_order': 2, 's': 5.746757133136478, 'batch_size': 128, 'k': 9}
Trial 196 finished with value 0.053948794 | dataset=ECG | model=ufgtime_plus | val_MSE=0.006361937 | test_MSE=0.006505145 | MAE=0.053948794 | RMSE=0.080654477 | MAPE=11.738540559% | params={'learning_rate': 0.005088133454648017, 'decay_rate': 6.324120318739428e-05, 'hidden_size': 32, 'beta1': 0.95, 'beta2': 0.95, 'signal_len': 16, 'cheb_order': 2, 's': 6.251713413687591, 'batch_size': 128, 'k': 9}
Trial 197 finished with value 0.055032733 | dataset=ECG | model=ufgtime_plus | val_MSE=0.006339224 | test_MSE=0.006732104 | MAE=0.055032733 | RMSE=0.082049400 | MAPE=12.228396013% | params={'learning_rate': 0.003634544229741679, 'decay_rate': 9.372736412839953e-05, 'hidden_size': 32, 'beta1': 0.95, 'beta2': 0.95, 'signal_len': 16, 'cheb_order': 2, 's': 5.95576075829813, 'batch_size': 128, 'k': 9}
Trial 198 finished with value 0.053888696 | dataset=ECG | model=ufgtime_plus | val_MSE=0.006332940 | test_MSE=0.006546756 | MAE=0.053888696 | RMSE=0.080912025 | MAPE=11.551872179% | params={'learning_rate': 0.0076745740888398235, 'decay_rate': 0.0001386493248365676, 'hidden_size': 64, 'beta1': 0.95, 'beta2': 0.95, 'signal_len': 16, 'cheb_order': 2, 's': 6.472053268952875, 'batch_size': 128, 'k': 9}
Trial 199 finished with value 0.054090168 | dataset=ECG | model=ufgtime_plus | val_MSE=0.006336848 | test_MSE=0.006556001 | MAE=0.054090168 | RMSE=0.080969134 | MAPE=11.741734798% | params={'learning_rate': 0.0072793987476644515, 'decay_rate': 0.00013042049396200917, 'hidden_size': 64, 'beta1': 0.95, 'beta2': 0.95, 'signal_len': 16, 'cheb_order': 2, 's': 6.537831956884158, 'batch_size': 128, 'k': 9}
Trial 200 finished with value 0.054473894 | dataset=ECG | model=ufgtime_plus | val_MSE=0.006328149 | test_MSE=0.006538160 | MAE=0.054473894 | RMSE=0.080858888 | MAPE=11.909993840% | params={'learning_rate': 0.00841164890565312, 'decay_rate': 0.00014011932056197306, 'hidden_size': 64, 'beta1': 0.95, 'beta2': 0.95, 'signal_len': 16, 'cheb_order': 3, 's': 6.710288335433222, 'batch_size': 128, 'k': 9}
Trial 201 finished with value 0.053925658 | dataset=ECG | model=ufgtime_plus | val_MSE=0.006287351 | test_MSE=0.006501444 | MAE=0.053925658 | RMSE=0.080631530 | MAPE=11.749752789% | params={'learning_rate': 0.00619420469853427, 'decay_rate': 9.39084904434497e-05, 'hidden_size': 64, 'beta1': 0.95, 'beta2': 0.95, 'signal_len': 16, 'cheb_order': 2, 's': 6.411781187194296, 'batch_size': 128, 'k': 9}
Trial 202 finished with value 0.057544691 | dataset=ECG | model=ufgtime_plus | val_MSE=0.006580552 | test_MSE=0.007101423 | MAE=0.057544691 | RMSE=0.084269942 | MAPE=12.729828555% | params={'learning_rate': 0.005865424233680241, 'decay_rate': 0.0018376836053141615, 'hidden_size': 64, 'beta1': 0.95, 'beta2': 0.95, 'signal_len': 16, 'cheb_order': 2, 's': 6.452616352811137, 'batch_size': 128, 'k': 9}
Trial 203 finished with value 0.053890582 | dataset=ECG | model=ufgtime_plus | val_MSE=0.006345232 | test_MSE=0.006496462 | MAE=0.053890582 | RMSE=0.080600635 | MAPE=11.690717444% | params={'learning_rate': 0.0068810957569837026, 'decay_rate': 9.222093513251261e-05, 'hidden_size': 64, 'beta1': 0.95, 'beta2': 0.95, 'signal_len': 16, 'cheb_order': 2, 's': 6.1311237800849785, 'batch_size': 128, 'k': 9}
Trial 204 finished with value 0.054549761 | dataset=ECG | model=ufgtime_plus | val_MSE=0.006328007 | test_MSE=0.006527073 | MAE=0.054549761 | RMSE=0.080790304 | MAPE=11.906990506% | params={'learning_rate': 0.007659641210721086, 'decay_rate': 8.847197064745972e-05, 'hidden_size': 64, 'beta1': 0.95, 'beta2': 0.95, 'signal_len': 16, 'cheb_order': 2, 's': 6.174944781977299, 'batch_size': 128, 'k': 9}
Trial 205 finished with value 0.054345709 | dataset=ECG | model=ufgtime_plus | val_MSE=0.006337660 | test_MSE=0.006559987 | MAE=0.054345709 | RMSE=0.080993747 | MAPE=11.811486004% | params={'learning_rate': 0.01003173549665326, 'decay_rate': 0.0001047491935779667, 'hidden_size': 64, 'beta1': 0.95, 'beta2': 0.95, 'signal_len': 16, 'cheb_order': 2, 's': 6.396718547493945, 'batch_size': 128, 'k': 9}
Trial 206 finished with value 0.054034745 | dataset=ECG | model=ufgtime_plus | val_MSE=0.006381293 | test_MSE=0.006510786 | MAE=0.054034745 | RMSE=0.080689442 | MAPE=11.784634845% | params={'learning_rate': 0.00674928702817551, 'decay_rate': 7.077361612560875e-05, 'hidden_size': 64, 'beta1': 0.95, 'beta2': 0.95, 'signal_len': 16, 'cheb_order': 2, 's': 6.042916115294751, 'batch_size': 128, 'k': 9}
Trial 207 finished with value 0.053749106 | dataset=ECG | model=ufgtime_plus | val_MSE=0.006367152 | test_MSE=0.006483715 | MAE=0.053749106 | RMSE=0.080521518 | MAPE=11.782848569% | params={'learning_rate': 0.00845351313871292, 'decay_rate': 1.9139779803553698e-05, 'hidden_size': 64, 'beta1': 0.95, 'beta2': 0.95, 'signal_len': 16, 'cheb_order': 2, 's': 6.629899842646477, 'batch_size': 128, 'k': 9}
Trial 208 finished with value 0.053988418 | dataset=ECG | model=ufgtime_plus | val_MSE=0.006324502 | test_MSE=0.006519473 | MAE=0.053988418 | RMSE=0.080743254 | MAPE=11.772860386% | params={'learning_rate': 0.004813923351863673, 'decay_rate': 2.0291036826217815e-05, 'hidden_size': 64, 'beta1': 0.95, 'beta2': 0.95, 'signal_len': 16, 'cheb_order': 2, 's': 6.599078367635847, 'batch_size': 128, 'k': 9}
Trial 209 finished with value 0.054296789 | dataset=ECG | model=ufgtime_plus | val_MSE=0.006392242 | test_MSE=0.006504208 | MAE=0.054296789 | RMSE=0.080648673 | MAPE=11.756227381% | params={'learning_rate': 0.008747868612535577, 'decay_rate': 1.625316475881901e-05, 'hidden_size': 64, 'beta1': 0.95, 'beta2': 0.95, 'signal_len': 16, 'cheb_order': 2, 's': 6.764110880665635, 'batch_size': 128, 'k': 9}
Trial 210 finished with value 0.054283298 | dataset=ECG | model=ufgtime_plus | val_MSE=0.006372990 | test_MSE=0.006522095 | MAE=0.054283298 | RMSE=0.080759486 | MAPE=11.844930286% | params={'learning_rate': 0.006254395670126617, 'decay_rate': 8.655827416246247e-05, 'hidden_size': 64, 'beta1': 0.95, 'beta2': 0.95, 'signal_len': 16, 'cheb_order': 2, 's': 7.004852705888374, 'batch_size': 128, 'k': 9}
Trial 211 finished with value 0.054519899 | dataset=ECG | model=ufgtime_plus | val_MSE=0.006443499 | test_MSE=0.006577364 | MAE=0.054519899 | RMSE=0.081100948 | MAPE=11.923541637% | params={'learning_rate': 0.011215228656484546, 'decay_rate': 2.50694080933193e-05, 'hidden_size': 64, 'beta1': 0.95, 'beta2': 0.95, 'signal_len': 16, 'cheb_order': 2, 's': 6.889453615688267, 'batch_size': 128, 'k': 9}
Trial 212 finished with value 0.053854344 | dataset=ECG | model=ufgtime_plus | val_MSE=0.006409601 | test_MSE=0.006462022 | MAE=0.053854344 | RMSE=0.080386700 | MAPE=11.800265742% | params={'learning_rate': 0.008302336453250486, 'decay_rate': 1.882812940421743e-05, 'hidden_size': 64, 'beta1': 0.95, 'beta2': 0.95, 'signal_len': 16, 'cheb_order': 2, 's': 6.338687080959103, 'batch_size': 128, 'k': 9}
Trial 213 finished with value 0.053834603 | dataset=ECG | model=ufgtime_plus | val_MSE=0.006388122 | test_MSE=0.006515325 | MAE=0.053834603 | RMSE=0.080717564 | MAPE=11.723143662% | params={'learning_rate': 0.0071762969682649435, 'decay_rate': 1.7433178583859042e-05, 'hidden_size': 64, 'beta1': 0.95, 'beta2': 0.95, 'signal_len': 16, 'cheb_order': 2, 's': 6.334288708781304, 'batch_size': 128, 'k': 9}
Trial 214 finished with value 0.053917753 | dataset=ECG | model=ufgtime_plus | val_MSE=0.006372749 | test_MSE=0.006482742 | MAE=0.053917753 | RMSE=0.080515474 | MAPE=11.777015235% | params={'learning_rate': 0.0076630453207957696, 'decay_rate': 1.4819070272935857e-05, 'hidden_size': 64, 'beta1': 0.95, 'beta2': 0.95, 'signal_len': 16, 'cheb_order': 2, 's': 6.334793611089924, 'batch_size': 128, 'k': 9}
Trial 215 finished with value 0.054287047 | dataset=ECG | model=ufgtime_plus | val_MSE=0.006371202 | test_MSE=0.006561349 | MAE=0.054287047 | RMSE=0.081002152 | MAPE=11.940948101% | params={'learning_rate': 0.007720256028582599, 'decay_rate': 1.189798362221668e-05, 'hidden_size': 64, 'beta1': 0.95, 'beta2': 0.95, 'signal_len': 16, 'cheb_order': 2, 's': 6.429950496869215, 'batch_size': 128, 'k': 9}
Trial 216 finished with value 0.053946827 | dataset=ECG | model=ufgtime_plus | val_MSE=0.006374491 | test_MSE=0.006482399 | MAE=0.053946827 | RMSE=0.080513346 | MAPE=11.713461585% | params={'learning_rate': 0.006923112738087411, 'decay_rate': 1.5336750050226535e-05, 'hidden_size': 64, 'beta1': 0.95, 'beta2': 0.95, 'signal_len': 16, 'cheb_order': 2, 's': 6.339806188529345, 'batch_size': 128, 'k': 9}
