Trial 325 finished with value 0.054118557 | dataset=ECG | model=ufgtime_plus | val_MSE=0.006411562 | test_MSE=0.006520824 | MAE=0.054118557 | RMSE=0.080751620 | MAPE=11.922056809% | params={'learning_rate': 0.007945297632341955, 'decay_rate': 1.3207160754767063e-05, 'hidden_size': 64, 'beta1': 0.95, 'beta2': 0.99, 'signal_len': 16, 'cheb_order': 2, 's': 6.978354474605808, 'batch_size': 128, 'k': 9}
Trial 326 finished with value 0.053846517 | dataset=ECG | model=ufgtime_plus | val_MSE=0.006389254 | test_MSE=0.006541964 | MAE=0.053846517 | RMSE=0.080882408 | MAPE=11.610111976% | params={'learning_rate': 0.00602140687376545, 'decay_rate': 1.1664591206502281e-05, 'hidden_size': 64, 'beta1': 0.95, 'beta2': 0.99, 'signal_len': 16, 'cheb_order': 2, 's': 6.5481549054818435, 'batch_size': 128, 'k': 9}
Trial 327 finished with value 0.053362725 | dataset=ECG | model=ufgtime_plus | val_MSE=0.006405764 | test_MSE=0.006395365 | MAE=0.053362725 | RMSE=0.079971025 | MAPE=11.719984805% | params={'learning_rate': 0.010065288331170305, 'decay_rate': 1.0077443386035342e-05, 'hidden_size': 64, 'beta1': 0.95, 'beta2': 0.99, 'signal_len': 16, 'cheb_order': 2, 's': 6.42752864902988, 'batch_size': 128, 'k': 9}
Trial 328 finished with value 0.054189639 | dataset=ECG | model=ufgtime_plus | val_MSE=0.006454719 | test_MSE=0.006513241 | MAE=0.054189639 | RMSE=0.080704655 | MAPE=11.718693142% | params={'learning_rate': 0.010096647479655423, 'decay_rate': 1.1371538528364877e-05, 'hidden_size': 64, 'beta1': 0.95, 'beta2': 0.99, 'signal_len': 16, 'cheb_order': 2, 's': 9.046270956302012, 'batch_size': 128, 'k': 9}
Trial 329 finished with value 0.053763079 | dataset=ECG | model=ufgtime_plus | val_MSE=0.006376037 | test_MSE=0.006471346 | MAE=0.053763079 | RMSE=0.080444678 | MAPE=11.693643890% | params={'learning_rate': 0.0075286817220953026, 'decay_rate': 1.1601328775055757e-05, 'hidden_size': 64, 'beta1': 0.95, 'beta2': 0.99, 'signal_len': 16, 'cheb_order': 2, 's': 6.064550738470895, 'batch_size': 128, 'k': 9}
Trial 330 finished with value 0.053994556 | dataset=ECG | model=ufgtime_plus | val_MSE=0.006402373 | test_MSE=0.006520288 | MAE=0.053994556 | RMSE=0.080748303 | MAPE=11.732229585% | params={'learning_rate': 0.007117472277400424, 'decay_rate': 1.0499008043320364e-05, 'hidden_size': 64, 'beta1': 0.95, 'beta2': 0.99, 'signal_len': 16, 'cheb_order': 2, 's': 6.002418517736189, 'batch_size': 128, 'k': 9}
Trial 331 finished with value 0.053966127 | dataset=ECG | model=ufgtime_plus | val_MSE=0.006335341 | test_MSE=0.006492665 | MAE=0.053966127 | RMSE=0.080577072 | MAPE=11.704513408% | params={'learning_rate': 0.005646309929838614, 'decay_rate': 1.3385138034046947e-05, 'hidden_size': 64, 'beta1': 0.95, 'beta2': 0.99, 'signal_len': 16, 'cheb_order': 2, 's': 6.382810142604679, 'batch_size': 128, 'k': 9}
Trial 332 finished with value 0.054319951 | dataset=ECG | model=ufgtime_plus | val_MSE=0.006470640 | test_MSE=0.006619429 | MAE=0.054319951 | RMSE=0.081359876 | MAPE=11.839907376% | params={'learning_rate': 0.00639915198826013, 'decay_rate': 1.2063804050468758e-05, 'hidden_size': 64, 'beta1': 0.95, 'beta2': 0.99, 'signal_len': 8, 'cheb_order': 2, 's': 6.119894715335743, 'batch_size': 128, 'k': 9}
Trial 333 finished with value 0.054287100 | dataset=ECG | model=ufgtime_plus | val_MSE=0.006332955 | test_MSE=0.006516157 | MAE=0.054287100 | RMSE=0.080722715 | MAPE=11.939877300% | params={'learning_rate': 0.0075896136018714115, 'decay_rate': 1.0411978176901118e-05, 'hidden_size': 64, 'beta1': 0.95, 'beta2': 0.95, 'signal_len': 16, 'cheb_order': 2, 's': 6.277529724313645, 'batch_size': 128, 'k': 9}
Trial 334 finished with value 0.054115792 | dataset=ECG | model=ufgtime_plus | val_MSE=0.006345001 | test_MSE=0.006510918 | MAE=0.054115792 | RMSE=0.080690261 | MAPE=11.685954860% | params={'learning_rate': 0.005341882011162626, 'decay_rate': 1.0154090873809694e-05, 'hidden_size': 64, 'beta1': 0.95, 'beta2': 0.99, 'signal_len': 16, 'cheb_order': 2, 's': 5.628489590783167, 'batch_size': 128, 'k': 8}
Trial 335 finished with value 0.055459944 | dataset=ECG | model=ufgtime_plus | val_MSE=0.006342394 | test_MSE=0.006659862 | MAE=0.055459944 | RMSE=0.081607975 | MAPE=12.217449855% | params={'learning_rate': 0.008006062151566363, 'decay_rate': 0.0005417764982154743, 'hidden_size': 64, 'beta1': 0.95, 'beta2': 0.99, 'signal_len': 16, 'cheb_order': 2, 's': 5.928228154645784, 'batch_size': 128, 'k': 9}
Trial 336 finished with value 0.054220483 | dataset=ECG | model=ufgtime_plus | val_MSE=0.006338321 | test_MSE=0.006573844 | MAE=0.054220483 | RMSE=0.081079247 | MAPE=11.845585137% | params={'learning_rate': 0.003352255253932491, 'decay_rate': 1.3738875605592565e-05, 'hidden_size': 64, 'beta1': 0.95, 'beta2': 0.99, 'signal_len': 16, 'cheb_order': 2, 's': 6.178413781640865, 'batch_size': 128, 'k': 9}
Trial 337 finished with value 0.054226481 | dataset=ECG | model=ufgtime_plus | val_MSE=0.006376635 | test_MSE=0.006573881 | MAE=0.054226481 | RMSE=0.081079476 | MAPE=11.774018519% | params={'learning_rate': 0.006055134591273986, 'decay_rate': 0.00040058876905831736, 'hidden_size': 64, 'beta1': 0.95, 'beta2': 0.99, 'signal_len': 16, 'cheb_order': 2, 's': 6.488965981442744, 'batch_size': 128, 'k': 8}
Trial 338 finished with value 0.053813660 | dataset=ECG | model=ufgtime_plus | val_MSE=0.006404172 | test_MSE=0.006495646 | MAE=0.053813660 | RMSE=0.080595570 | MAPE=11.661812045% | params={'learning_rate': 0.008863591742461752, 'decay_rate': 1.3488279264686092e-05, 'hidden_size': 64, 'beta1': 0.95, 'beta2': 0.99, 'signal_len': 16, 'cheb_order': 2, 's': 5.702461444586067, 'batch_size': 128, 'k': 9}
Trial 339 finished with value 0.053813918 | dataset=ECG | model=ufgtime_plus | val_MSE=0.006397313 | test_MSE=0.006489408 | MAE=0.053813918 | RMSE=0.080556862 | MAPE=11.619989800% | params={'learning_rate': 0.00878277577070169, 'decay_rate': 1.1933373020196199e-05, 'hidden_size': 64, 'beta1': 0.95, 'beta2': 0.99, 'signal_len': 16, 'cheb_order': 2, 's': 5.258056156128195, 'batch_size': 128, 'k': 9}
Trial 340 finished with value 0.065492790 | dataset=ECG | model=ufgtime_plus | val_MSE=0.007896680 | test_MSE=0.008144821 | MAE=0.065492790 | RMSE=0.090248663 | MAPE=14.366549320% | params={'learning_rate': 0.00913409930135795, 'decay_rate': 0.04753364228547603, 'hidden_size': 64, 'beta1': 0.95, 'beta2': 0.99, 'signal_len': 16, 'cheb_order': 2, 's': 5.244162351015603, 'batch_size': 128, 'k': 9}
Trial 341 finished with value 0.054629878 | dataset=ECG | model=ufgtime_plus | val_MSE=0.006388588 | test_MSE=0.006585366 | MAE=0.054629878 | RMSE=0.081150268 | MAPE=11.890695852% | params={'learning_rate': 0.008730365104994246, 'decay_rate': 1.0073915385624995e-05, 'hidden_size': 64, 'beta1': 0.95, 'beta2': 0.99, 'signal_len': 16, 'cheb_order': 2, 's': 5.48117985887619, 'batch_size': 128, 'k': 9}
Trial 342 finished with value 0.054390771 | dataset=ECG | model=ufgtime_plus | val_MSE=0.006354929 | test_MSE=0.006552361 | MAE=0.054390771 | RMSE=0.080946657 | MAPE=11.800571303% | params={'learning_rate': 0.007223187916305971, 'decay_rate': 1.2304309531077027e-05, 'hidden_size': 64, 'beta1': 0.95, 'beta2': 0.99, 'signal_len': 16, 'cheb_order': 2, 's': 5.1798177820374995, 'batch_size': 128, 'k': 9}
Trial 343 finished with value 0.053700873 | dataset=ECG | model=ufgtime_plus | val_MSE=0.006392801 | test_MSE=0.006482891 | MAE=0.053700873 | RMSE=0.080516400 | MAPE=11.691940381% | params={'learning_rate': 0.010839452014131156, 'decay_rate': 1.341231075423837e-05, 'hidden_size': 64, 'beta1': 0.95, 'beta2': 0.99, 'signal_len': 16, 'cheb_order': 2, 's': 5.352892106217337, 'batch_size': 128, 'k': 9}
Trial 344 finished with value 0.054590998 | dataset=ECG | model=ufgtime_plus | val_MSE=0.006467472 | test_MSE=0.006554310 | MAE=0.054590998 | RMSE=0.080958690 | MAPE=11.582018023% | params={'learning_rate': 0.011742904538375313, 'decay_rate': 1.4214697903685534e-05, 'hidden_size': 64, 'beta1': 0.95, 'beta2': 0.99, 'signal_len': 16, 'cheb_order': 2, 's': 5.468326134952087, 'batch_size': 128, 'k': 9}
Trial 345 finished with value 0.054027071 | dataset=ECG | model=ufgtime_plus | val_MSE=0.006384556 | test_MSE=0.006493635 | MAE=0.054027071 | RMSE=0.080583095 | MAPE=11.850804088% | params={'learning_rate': 0.010355994631902258, 'decay_rate': 1.484123735745379e-05, 'hidden_size': 64, 'beta1': 0.95, 'beta2': 0.99, 'signal_len': 16, 'cheb_order': 2, 's': 5.641642485918181, 'batch_size': 128, 'k': 9}
Trial 346 finished with value 0.054399580 | dataset=ECG | model=ufgtime_plus | val_MSE=0.006367786 | test_MSE=0.006551198 | MAE=0.054399580 | RMSE=0.080939473 | MAPE=11.753134574% | params={'learning_rate': 0.007054188019741377, 'decay_rate': 1.3651036218686103e-05, 'hidden_size': 64, 'beta1': 0.95, 'beta2': 0.99, 'signal_len': 16, 'cheb_order': 2, 's': 6.801661900267598, 'batch_size': 128, 'k': 9}
Trial 347 finished with value 0.054686845 | dataset=ECG | model=ufgtime_plus | val_MSE=0.006412636 | test_MSE=0.006598761 | MAE=0.054686845 | RMSE=0.081232758 | MAPE=12.169333512% | params={'learning_rate': 0.010615657833021996, 'decay_rate': 1.0074438873032583e-05, 'hidden_size': 64, 'beta1': 0.9, 'beta2': 0.99, 'signal_len': 16, 'cheb_order': 2, 's': 5.350948779256746, 'batch_size': 128, 'k': 9}
Trial 348 finished with value 0.054470842 | dataset=ECG | model=ufgtime_plus | val_MSE=0.006373699 | test_MSE=0.006550334 | MAE=0.054470842 | RMSE=0.080934135 | MAPE=11.870746923% | params={'learning_rate': 0.008456684178432174, 'decay_rate': 1.6240883931740283e-05, 'hidden_size': 64, 'beta1': 0.95, 'beta2': 0.99, 'signal_len': 16, 'cheb_order': 2, 's': 7.567564457559447, 'batch_size': 128, 'k': 9}
Trial 349 finished with value 0.054232506 | dataset=ECG | model=ufgtime_plus | val_MSE=0.006265336 | test_MSE=0.006568909 | MAE=0.054232506 | RMSE=0.081048804 | MAPE=11.831864362% | params={'learning_rate': 0.0015026469692599478, 'decay_rate': 1.2801617914760922e-05, 'hidden_size': 64, 'beta1': 0.95, 'beta2': 0.99, 'signal_len': 16, 'cheb_order': 2, 's': 7.964178345128097, 'batch_size': 128, 'k': 9}
Trial 350 finished with value 0.054229030 | dataset=ECG | model=ufgtime_plus | val_MSE=0.006389974 | test_MSE=0.006541882 | MAE=0.054229030 | RMSE=0.080881903 | MAPE=11.767727513% | params={'learning_rate': 0.006510794411864075, 'decay_rate': 1.4787231424489148e-05, 'hidden_size': 64, 'beta1': 0.95, 'beta2': 0.99, 'signal_len': 16, 'cheb_order': 2, 's': 7.175619628677737, 'batch_size': 128, 'k': 9}
Trial 351 finished with value 0.054627314 | dataset=ECG | model=ufgtime_plus | val_MSE=0.006388887 | test_MSE=0.006555205 | MAE=0.054627314 | RMSE=0.080964223 | MAPE=11.734626462% | params={'learning_rate': 0.007863594822179321, 'decay_rate': 1.158042455783322e-05, 'hidden_size': 64, 'beta1': 0.95, 'beta2': 0.99, 'signal_len': 16, 'cheb_order': 2, 's': 6.460644425077859, 'batch_size': 128, 'k': 9}
Trial 352 finished with value 0.055176627 | dataset=ECG | model=ufgtime_plus | val_MSE=0.006456134 | test_MSE=0.006593909 | MAE=0.055176627 | RMSE=0.081202888 | MAPE=11.812833407% | params={'learning_rate': 0.010650205788595829, 'decay_rate': 1.7452026030553996e-05, 'hidden_size': 64, 'beta1': 0.95, 'beta2': 0.99, 'signal_len': 16, 'cheb_order': 2, 's': 6.733808492515709, 'batch_size': 128, 'k': 8}
Trial 353 finished with value 0.054243860 | dataset=ECG | model=ufgtime_plus | val_MSE=0.006251713 | test_MSE=0.006579294 | MAE=0.054243860 | RMSE=0.081112846 | MAPE=11.857108290% | params={'learning_rate': 0.000486138663759169, 'decay_rate': 1.1764321657042914e-05, 'hidden_size': 128, 'beta1': 0.95, 'beta2': 0.99, 'signal_len': 16, 'cheb_order': 2, 's': 5.678015507005388, 'batch_size': 128, 'k': 9}
Trial 354 finished with value 0.055109786 | dataset=ECG | model=ufgtime_plus | val_MSE=0.006511245 | test_MSE=0.006710882 | MAE=0.055109786 | RMSE=0.081919971 | MAPE=12.004886289% | params={'learning_rate': 0.004136590049832786, 'decay_rate': 1.9542235281938586e-05, 'hidden_size': 64, 'beta1': 0.95, 'beta2': 0.99, 'signal_len': 8, 'cheb_order': 2, 's': 6.95222192167857, 'batch_size': 128, 'k': 9}
Trial 355 finished with value 0.053752982 | dataset=ECG | model=ufgtime_plus | val_MSE=0.006353478 | test_MSE=0.006496218 | MAE=0.053752982 | RMSE=0.080599120 | MAPE=11.716782418% | params={'learning_rate': 0.0049917675710443995, 'decay_rate': 1.467943885970366e-05, 'hidden_size': 64, 'beta1': 0.95, 'beta2': 0.99, 'signal_len': 16, 'cheb_order': 2, 's': 5.476027404727502, 'batch_size': 128, 'k': 9}
Trial 356 finished with value 0.054060910 | dataset=ECG | model=ufgtime_plus | val_MSE=0.006350958 | test_MSE=0.006520817 | MAE=0.054060910 | RMSE=0.080751574 | MAPE=11.842704931% | params={'learning_rate': 0.004468104547323067, 'decay_rate': 1.6211629477711964e-05, 'hidden_size': 64, 'beta1': 0.95, 'beta2': 0.95, 'signal_len': 16, 'cheb_order': 2, 's': 5.102337798898011, 'batch_size': 128, 'k': 9}
Trial 357 finished with value 0.054203266 | dataset=ECG | model=ufgtime_plus | val_MSE=0.006356736 | test_MSE=0.006542249 | MAE=0.054203266 | RMSE=0.080884169 | MAPE=11.694486583% | params={'learning_rate': 0.005134342034392008, 'decay_rate': 2.2537664224080348e-05, 'hidden_size': 64, 'beta1': 0.95, 'beta2': 0.95, 'signal_len': 16, 'cheb_order': 2, 's': 6.536371625371249, 'batch_size': 128, 'k': 8}
Trial 358 finished with value 0.053918816 | dataset=ECG | model=ufgtime_plus | val_MSE=0.006324791 | test_MSE=0.006537955 | MAE=0.053918816 | RMSE=0.080857624 | MAPE=11.656823964% | params={'learning_rate': 0.003467975653410585, 'decay_rate': 1.8238902261517168e-05, 'hidden_size': 64, 'beta1': 0.95, 'beta2': 0.95, 'signal_len': 16, 'cheb_order': 2, 's': 6.712659139052889, 'batch_size': 128, 'k': 9}
Trial 359 finished with value 0.053901046 | dataset=ECG | model=ufgtime_plus | val_MSE=0.006374973 | test_MSE=0.006500257 | MAE=0.053901046 | RMSE=0.080624170 | MAPE=11.889113438% | params={'learning_rate': 0.005057154741347005, 'decay_rate': 1.4921307384646257e-05, 'hidden_size': 64, 'beta1': 0.95, 'beta2': 0.95, 'signal_len': 16, 'cheb_order': 2, 's': 5.5350066401493745, 'batch_size': 128, 'k': 9}
Trial 360 finished with value 0.054110300 | dataset=ECG | model=ufgtime_plus | val_MSE=0.006344998 | test_MSE=0.006528927 | MAE=0.054110300 | RMSE=0.080801777 | MAPE=11.897899209% | params={'learning_rate': 0.0063422831782023415, 'decay_rate': 1.164194985926851e-05, 'hidden_size': 64, 'beta1': 0.95, 'beta2': 0.95, 'signal_len': 16, 'cheb_order': 2, 's': 7.34344416025504, 'batch_size': 128, 'k': 9}
Trial 361 finished with value 0.054230151 | dataset=ECG | model=ufgtime_plus | val_MSE=0.006327828 | test_MSE=0.006569657 | MAE=0.054230151 | RMSE=0.081053423 | MAPE=11.896924283% | params={'learning_rate': 0.00389910435565935, 'decay_rate': 1.0039244479186656e-05, 'hidden_size': 64, 'beta1': 0.95, 'beta2': 0.99, 'signal_len': 16, 'cheb_order': 2, 's': 5.365643232706284, 'batch_size': 128, 'k': 9}
Trial 362 finished with value 0.054669587 | dataset=ECG | model=ufgtime_plus | val_MSE=0.006341923 | test_MSE=0.006528824 | MAE=0.054669587 | RMSE=0.080801140 | MAPE=11.736270471% | params={'learning_rate': 0.017614287018409423, 'decay_rate': 2.1887533887391916e-05, 'hidden_size': 64, 'beta1': 0.95, 'beta2': 0.95, 'signal_len': 16, 'cheb_order': 2, 's': 6.330853320149032, 'batch_size': 128, 'k': 8}
Trial 363 finished with value 0.053936181 | dataset=ECG | model=ufgtime_plus | val_MSE=0.006361955 | test_MSE=0.006557541 | MAE=0.053936181 | RMSE=0.080978643 | MAPE=11.692772688% | params={'learning_rate': 0.014070192301727956, 'decay_rate': 3.466758929357588e-05, 'hidden_size': 64, 'beta1': 0.95, 'beta2': 0.95, 'signal_len': 16, 'cheb_order': 2, 's': 6.996485090333783, 'batch_size': 128, 'k': 9}
Trial 364 finished with value 0.054336345 | dataset=ECG | model=ufgtime_plus | val_MSE=0.006345710 | test_MSE=0.006523244 | MAE=0.054336345 | RMSE=0.080766600 | MAPE=11.963937679% | params={'learning_rate': 0.005757657664025324, 'decay_rate': 1.4170628601461966e-05, 'hidden_size': 64, 'beta1': 0.95, 'beta2': 0.95, 'signal_len': 16, 'cheb_order': 2, 's': 6.833520436291226, 'batch_size': 128, 'k': 9}
Trial 365 finished with value 0.054671363 | dataset=ECG | model=ufgtime_plus | val_MSE=0.006347042 | test_MSE=0.006556439 | MAE=0.054671363 | RMSE=0.080971839 | MAPE=11.888477539% | params={'learning_rate': 0.007070976891941158, 'decay_rate': 1.7727694144089344e-05, 'hidden_size': 64, 'beta1': 0.9, 'beta2': 0.95, 'signal_len': 16, 'cheb_order': 2, 's': 5.447246444734696, 'batch_size': 128, 'k': 10}
Trial 366 finished with value 0.054075677 | dataset=ECG | model=ufgtime_plus | val_MSE=0.006343300 | test_MSE=0.006513441 | MAE=0.054075677 | RMSE=0.080705892 | MAPE=11.692307716% | params={'learning_rate': 0.0043861527641012804, 'decay_rate': 3.0212219677822514e-05, 'hidden_size': 64, 'beta1': 0.95, 'beta2': 0.99, 'signal_len': 16, 'cheb_order': 2, 's': 6.438171541219406, 'batch_size': 128, 'k': 9}
Trial 367 finished with value 0.054437724 | dataset=ECG | model=ufgtime_plus | val_MSE=0.006285365 | test_MSE=0.006589914 | MAE=0.054437724 | RMSE=0.081178285 | MAPE=11.885139438% | params={'learning_rate': 0.0028031999210148344, 'decay_rate': 2.569301112420377e-05, 'hidden_size': 64, 'beta1': 0.95, 'beta2': 0.95, 'signal_len': 16, 'cheb_order': 2, 's': 6.678057168499097, 'batch_size': 128, 'k': 8}
Trial 368 finished with value 0.053788345 | dataset=ECG | model=ufgtime_plus | val_MSE=0.006372233 | test_MSE=0.006478048 | MAE=0.053788345 | RMSE=0.080486322 | MAPE=11.737762952% | params={'learning_rate': 0.005164356686215442, 'decay_rate': 1.2763138281867864e-05, 'hidden_size': 64, 'beta1': 0.95, 'beta2': 0.95, 'signal_len': 16, 'cheb_order': 2, 's': 7.177712166860127, 'batch_size': 128, 'k': 9}
Trial 369 finished with value 0.054065103 | dataset=ECG | model=ufgtime_plus | val_MSE=0.006367316 | test_MSE=0.006539480 | MAE=0.054065103 | RMSE=0.080867052 | MAPE=11.774589813% | params={'learning_rate': 0.00537828646424291, 'decay_rate': 1.2115620582335933e-05, 'hidden_size': 64, 'beta1': 0.95, 'beta2': 0.95, 'signal_len': 16, 'cheb_order': 2, 's': 7.061295839468333, 'batch_size': 128, 'k': 10}
Trial 370 finished with value 0.053964356 | dataset=ECG | model=ufgtime_plus | val_MSE=0.006375156 | test_MSE=0.006548210 | MAE=0.053964356 | RMSE=0.080921010 | MAPE=11.722343622% | params={'learning_rate': 0.004751137106406537, 'decay_rate': 1.4755198932014521e-05, 'hidden_size': 64, 'beta1': 0.95, 'beta2': 0.95, 'signal_len': 16, 'cheb_order': 2, 's': 7.183970595198601, 'batch_size': 128, 'k': 9}
Trial 371 finished with value 0.054979688 | dataset=ECG | model=ufgtime_plus | val_MSE=0.006461775 | test_MSE=0.006703516 | MAE=0.054979688 | RMSE=0.081874999 | MAPE=11.929972306% | params={'learning_rate': 0.0034672948555389757, 'decay_rate': 1.1700057946860575e-05, 'hidden_size': 64, 'beta1': 0.95, 'beta2': 0.99, 'signal_len': 8, 'cheb_order': 2, 's': 6.9100351374131375, 'batch_size': 128, 'k': 9}
Trial 372 finished with value 0.054123669 | dataset=ECG | model=ufgtime_plus | val_MSE=0.006281632 | test_MSE=0.006561029 | MAE=0.054123669 | RMSE=0.081000179 | MAPE=11.808295891% | params={'learning_rate': 0.0024003994116566394, 'decay_rate': 1.8826187835036407e-05, 'hidden_size': 64, 'beta1': 0.95, 'beta2': 0.95, 'signal_len': 16, 'cheb_order': 2, 's': 7.708940336029021, 'batch_size': 128, 'k': 9}
Trial 373 finished with value 0.057963413 | dataset=ECG | model=ufgtime_plus | val_MSE=0.006559225 | test_MSE=0.007030927 | MAE=0.057963413 | RMSE=0.083850622 | MAPE=12.655309927% | params={'learning_rate': 0.006192884362221047, 'decay_rate': 0.02683905272524806, 'hidden_size': 64, 'beta1': 0.95, 'beta2': 0.95, 'signal_len': 16, 'cheb_order': 2, 's': 7.420567871755262, 'batch_size': 128, 'k': 5}
Trial 374 finished with value 0.054328462 | dataset=ECG | model=ufgtime_plus | val_MSE=0.006376234 | test_MSE=0.006561533 | MAE=0.054328462 | RMSE=0.081003292 | MAPE=11.807500873% | params={'learning_rate': 0.004207210352017135, 'decay_rate': 1.36268449368349e-05, 'hidden_size': 64, 'beta1': 0.95, 'beta2': 0.95, 'signal_len': 16, 'cheb_order': 2, 's': 7.263531182049602, 'batch_size': 128, 'k': 9}
Trial 375 finished with value 0.053774130 | dataset=ECG | model=ufgtime_plus | val_MSE=0.006361075 | test_MSE=0.006486192 | MAE=0.053774130 | RMSE=0.080536899 | MAPE=11.702959117% | params={'learning_rate': 0.005216675517173589, 'decay_rate': 1.6174078576550344e-05, 'hidden_size': 64, 'beta1': 0.95, 'beta2': 0.99, 'signal_len': 16, 'cheb_order': 2, 's': 6.796532720489956, 'batch_size': 128, 'k': 10}
Trial 376 finished with value 0.054190999 | dataset=ECG | model=ufgtime_plus | val_MSE=0.006304870 | test_MSE=0.006524786 | MAE=0.054190999 | RMSE=0.080776146 | MAPE=11.846791789% | params={'learning_rate': 0.03646696670412028, 'decay_rate': 1.0085810794056173e-05, 'hidden_size': 64, 'beta1': 0.95, 'beta2': 0.99, 'signal_len': 16, 'cheb_order': 2, 's': 7.09249683899457, 'batch_size': 128, 'k': 10}
Trial 377 finished with value 0.053927281 | dataset=ECG | model=ufgtime_plus | val_MSE=0.006359561 | test_MSE=0.006509777 | MAE=0.053927281 | RMSE=0.080683190 | MAPE=11.569313475% | params={'learning_rate': 0.005413105979273411, 'decay_rate': 1.5687798401441857e-05, 'hidden_size': 64, 'beta1': 0.95, 'beta2': 0.99, 'signal_len': 16, 'cheb_order': 2, 's': 6.8350935739400525, 'batch_size': 128, 'k': 10}
Trial 378 finished with value 0.054259875 | dataset=ECG | model=ufgtime_plus | val_MSE=0.006362938 | test_MSE=0.006547698 | MAE=0.054259875 | RMSE=0.080917846 | MAPE=11.838370769% | params={'learning_rate': 0.004849881571297821, 'decay_rate': 1.29639023132568e-05, 'hidden_size': 64, 'beta1': 0.95, 'beta2': 0.99, 'signal_len': 16, 'cheb_order': 2, 's': 6.608600983040448, 'batch_size': 128, 'k': 10}
