Trial 0 finished with value 0.058247450 | dataset=ECG | model=ufgtime_plus | val_MSE=0.006658077 | test_MSE=0.007166554 | MAE=0.058247450 | RMSE=0.084655504 | MAPE=12.955212283% | params={'learning_rate': 0.0010716295704927556, 'decay_rate': 0.0044204248697702914, 'hidden_size': 32, 'beta1': 0.99, 'beta2': 0.95, 'signal_len': 16, 'cheb_order': 2, 's': 1.8754507673437124, 'batch_size': 256, 'k': 9}
Trial 1 finished with value 0.062720690 | dataset=ECG | model=ufgtime_plus | val_MSE=0.007276767 | test_MSE=0.007618489 | MAE=0.062720690 | RMSE=0.087283958 | MAPE=13.718874957% | params={'learning_rate': 0.016525280493952594, 'decay_rate': 0.041675411202377055, 'hidden_size': 32, 'beta1': 0.95, 'beta2': 0.95, 'signal_len': 16, 'cheb_order': 3, 's': 1.267229223883561, 'batch_size': 128, 'k': 7}
Trial 2 finished with value 0.058195574 | dataset=ECG | model=ufgtime_plus | val_MSE=0.006653337 | test_MSE=0.007159006 | MAE=0.058195574 | RMSE=0.084610907 | MAPE=12.961277422% | params={'learning_rate': 0.03096676469481324, 'decay_rate': 0.003326847048913324, 'hidden_size': 128, 'beta1': 0.99, 'beta2': 0.999, 'signal_len': 16, 'cheb_order': 3, 's': 2.00819881565745, 'batch_size': 128, 'k': 7}
Trial 3 finished with value 0.055730121 | dataset=ECG | model=ufgtime_plus | val_MSE=0.006332475 | test_MSE=0.006823937 | MAE=0.055730121 | RMSE=0.082607123 | MAPE=12.144056626% | params={'learning_rate': 8.648046978293347e-05, 'decay_rate': 0.0005307250192821715, 'hidden_size': 32, 'beta1': 0.9, 'beta2': 0.99, 'signal_len': 8, 'cheb_order': 2, 's': 9.793173684894, 'batch_size': 256, 'k': 2}
Trial 4 finished with value 0.056866672 | dataset=ECG | model=ufgtime_plus | val_MSE=0.006641615 | test_MSE=0.006982275 | MAE=0.056866672 | RMSE=0.083560011 | MAPE=12.868996486% | params={'learning_rate': 0.0001111973587331821, 'decay_rate': 2.783578507372614e-05, 'hidden_size': 128, 'beta1': 0.99, 'beta2': 0.95, 'signal_len': 16, 'cheb_order': 2, 's': 7.039952381676768, 'batch_size': 256, 'k': 4}
Trial 5 finished with value 0.057955776 | dataset=ECG | model=ufgtime_plus | val_MSE=0.006638274 | test_MSE=0.007126753 | MAE=0.057955776 | RMSE=0.084420099 | MAPE=12.913943568% | params={'learning_rate': 4.760135914077345e-05, 'decay_rate': 0.0014773852304194573, 'hidden_size': 64, 'beta1': 0.99, 'beta2': 0.95, 'signal_len': 8, 'cheb_order': 3, 's': 5.079415869696884, 'batch_size': 128, 'k': 4}
Trial 6 finished with value 0.054766753 | dataset=ECG | model=ufgtime_plus | val_MSE=0.006591844 | test_MSE=0.006721067 | MAE=0.054766753 | RMSE=0.081982112 | MAPE=11.837917760% | params={'learning_rate': 0.010237966983893915, 'decay_rate': 0.00029286187728732644, 'hidden_size': 128, 'beta1': 0.95, 'beta2': 0.95, 'signal_len': 8, 'cheb_order': 3, 's': 3.6816907041729525, 'batch_size': 128, 'k': 3}
Trial 7 finished with value 0.055995614 | dataset=ECG | model=ufgtime_plus | val_MSE=0.006407426 | test_MSE=0.006883622 | MAE=0.055995614 | RMSE=0.082967595 | MAPE=12.215441645% | params={'learning_rate': 0.0001268637008825075, 'decay_rate': 0.0012831667817860062, 'hidden_size': 128, 'beta1': 0.99, 'beta2': 0.999, 'signal_len': 8, 'cheb_order': 3, 's': 7.456747565987092, 'batch_size': 128, 'k': 9}
Trial 8 finished with value 0.055429455 | dataset=ECG | model=ufgtime_plus | val_MSE=0.006310606 | test_MSE=0.006785343 | MAE=0.055429455 | RMSE=0.082373194 | MAPE=12.009903614% | params={'learning_rate': 3.990768092969782e-05, 'decay_rate': 0.0018920663596803014, 'hidden_size': 64, 'beta1': 0.9, 'beta2': 0.999, 'signal_len': 16, 'cheb_order': 2, 's': 4.303804773857439, 'batch_size': 128, 'k': 6}
Trial 9 finished with value 0.136588198 | dataset=ECG | model=ufgtime_plus | val_MSE=0.034021676 | test_MSE=0.033950853 | MAE=0.136588198 | RMSE=0.184257573 | MAPE=24.836228524% | params={'learning_rate': 1.588526956423882e-05, 'decay_rate': 5.492640142254709e-05, 'hidden_size': 64, 'beta1': 0.95, 'beta2': 0.999, 'signal_len': 8, 'cheb_order': 2, 's': 5.867131946922129, 'batch_size': 256, 'k': 4}
Trial 10 finished with value 0.055276857 | dataset=ECG | model=ufgtime_plus | val_MSE=0.006384334 | test_MSE=0.006740832 | MAE=0.055276857 | RMSE=0.082102568 | MAPE=12.077374534% | params={'learning_rate': 0.0035927615942910125, 'decay_rate': 0.0001592321438182083, 'hidden_size': 128, 'beta1': 0.95, 'beta2': 0.99, 'signal_len': 8, 'cheb_order': 3, 's': 3.31951861292642, 'batch_size': 128, 'k': 2}
Trial 11 finished with value 0.055704727 | dataset=ECG | model=ufgtime_plus | val_MSE=0.006369636 | test_MSE=0.006803219 | MAE=0.055704727 | RMSE=0.082481629 | MAPE=12.095123210% | params={'learning_rate': 0.0033376406600282055, 'decay_rate': 0.0002127001479234542, 'hidden_size': 128, 'beta1': 0.95, 'beta2': 0.99, 'signal_len': 8, 'cheb_order': 3, 's': 3.577815122500812, 'batch_size': 128, 'k': 2}
Trial 12 finished with value 0.056303228 | dataset=ECG | model=ufgtime_plus | val_MSE=0.006457783 | test_MSE=0.006928995 | MAE=0.056303228 | RMSE=0.083240582 | MAPE=12.282218485% | params={'learning_rate': 0.004986550614907155, 'decay_rate': 0.00013097417758030223, 'hidden_size': 128, 'beta1': 0.95, 'beta2': 0.99, 'signal_len': 8, 'cheb_order': 3, 's': 3.2451476617400274, 'batch_size': 128, 'k': 2}
Trial 13 finished with value 0.055486985 | dataset=ECG | model=ufgtime_plus | val_MSE=0.006490068 | test_MSE=0.006744829 | MAE=0.055486985 | RMSE=0.082126911 | MAPE=12.249236920% | params={'learning_rate': 0.008658684483571981, 'decay_rate': 0.0002717698656211999, 'hidden_size': 128, 'beta1': 0.95, 'beta2': 0.99, 'signal_len': 8, 'cheb_order': 3, 's': 3.0008949715653808, 'batch_size': 128, 'k': 3}
Trial 14 finished with value 0.055191646 | dataset=ECG | model=ufgtime_plus | val_MSE=0.006369577 | test_MSE=0.006767435 | MAE=0.055191646 | RMSE=0.082264421 | MAPE=12.139148795% | params={'learning_rate': 0.0009194274125109719, 'decay_rate': 1.289561797913056e-05, 'hidden_size': 128, 'beta1': 0.95, 'beta2': 0.95, 'signal_len': 8, 'cheb_order': 3, 's': 5.228932424510987, 'batch_size': 128, 'k': 5}
Trial 15 finished with value 0.055153396 | dataset=ECG | model=ufgtime_plus | val_MSE=0.006378179 | test_MSE=0.006760364 | MAE=0.055153396 | RMSE=0.082221432 | MAPE=12.047661992% | params={'learning_rate': 0.0005559305208486954, 'decay_rate': 1.1074126321621145e-05, 'hidden_size': 128, 'beta1': 0.95, 'beta2': 0.95, 'signal_len': 8, 'cheb_order': 3, 's': 5.473139842705077, 'batch_size': 128, 'k': 5}
Trial 16 finished with value 0.056539234 | dataset=ECG | model=ufgtime_plus | val_MSE=0.006505685 | test_MSE=0.006955090 | MAE=0.056539234 | RMSE=0.083397185 | MAPE=12.287179008% | params={'learning_rate': 0.0003938801916619953, 'decay_rate': 0.01303944465344605, 'hidden_size': 128, 'beta1': 0.9, 'beta2': 0.95, 'signal_len': 8, 'cheb_order': 3, 's': 7.1346570053122065, 'batch_size': 128, 'k': 6}
Trial 17 finished with value 0.055078677 | dataset=ECG | model=ufgtime_plus | val_MSE=0.006368188 | test_MSE=0.006768712 | MAE=0.055078677 | RMSE=0.082272181 | MAPE=11.961377594% | params={'learning_rate': 0.00036379296837403346, 'decay_rate': 1.0309229296106124e-05, 'hidden_size': 128, 'beta1': 0.95, 'beta2': 0.95, 'signal_len': 8, 'cheb_order': 3, 's': 5.986269857216216, 'batch_size': 128, 'k': 5}
Trial 18 finished with value 0.055439004 | dataset=ECG | model=ufgtime_plus | val_MSE=0.006289416 | test_MSE=0.006782157 | MAE=0.055439004 | RMSE=0.082353850 | MAPE=12.176964765% | params={'learning_rate': 0.0018297693574907442, 'decay_rate': 5.3003954378281963e-05, 'hidden_size': 64, 'beta1': 0.95, 'beta2': 0.95, 'signal_len': 8, 'cheb_order': 3, 's': 8.873034444166409, 'batch_size': 256, 'k': 8}
Trial 19 finished with value 0.055308906 | dataset=ECG | model=ufgtime_plus | val_MSE=0.006270026 | test_MSE=0.006766411 | MAE=0.055308906 | RMSE=0.082258200 | MAPE=12.057707756% | params={'learning_rate': 0.0003391531685943878, 'decay_rate': 0.0005789018299792029, 'hidden_size': 32, 'beta1': 0.95, 'beta2': 0.95, 'signal_len': 8, 'cheb_order': 3, 's': 6.5109204679056205, 'batch_size': 128, 'k': 3}
Trial 20 finished with value 0.054833860 | dataset=ECG | model=ufgtime_plus | val_MSE=0.006475448 | test_MSE=0.006652262 | MAE=0.054833860 | RMSE=0.081561400 | MAPE=11.992314660% | params={'learning_rate': 0.040884748078124415, 'decay_rate': 6.318424202770896e-05, 'hidden_size': 128, 'beta1': 0.9, 'beta2': 0.95, 'signal_len': 8, 'cheb_order': 3, 's': 8.195365956267542, 'batch_size': 128, 'k': 10}
Trial 21 finished with value 0.055243811 | dataset=ECG | model=ufgtime_plus | val_MSE=0.006409822 | test_MSE=0.006738642 | MAE=0.055243811 | RMSE=0.082089230 | MAPE=12.119144125% | params={'learning_rate': 0.04296738400633238, 'decay_rate': 4.886674697749617e-05, 'hidden_size': 128, 'beta1': 0.9, 'beta2': 0.95, 'signal_len': 8, 'cheb_order': 3, 's': 8.689533124075355, 'batch_size': 128, 'k': 5}
Trial 22 finished with value 0.055174232 | dataset=ECG | model=ufgtime_plus | val_MSE=0.006469843 | test_MSE=0.006695129 | MAE=0.055174232 | RMSE=0.081823768 | MAPE=12.051853383% | params={'learning_rate': 0.01623487974360087, 'decay_rate': 2.2964022940045733e-05, 'hidden_size': 128, 'beta1': 0.9, 'beta2': 0.95, 'signal_len': 8, 'cheb_order': 3, 's': 8.243905017406057, 'batch_size': 128, 'k': 10}
Trial 23 finished with value 0.055503945 | dataset=ECG | model=ufgtime_plus | val_MSE=0.006459294 | test_MSE=0.006719486 | MAE=0.055503945 | RMSE=0.081972469 | MAPE=12.289974819% | params={'learning_rate': 0.016335591456574892, 'decay_rate': 8.795130096262792e-05, 'hidden_size': 128, 'beta1': 0.9, 'beta2': 0.95, 'signal_len': 8, 'cheb_order': 3, 's': 4.3609188041729325, 'batch_size': 128, 'k': 10}
Trial 24 finished with value 0.055101035 | dataset=ECG | model=ufgtime_plus | val_MSE=0.006274771 | test_MSE=0.006731429 | MAE=0.055101035 | RMSE=0.082045286 | MAPE=12.010568377% | params={'learning_rate': 0.0002347896526427418, 'decay_rate': 2.7428907182901278e-05, 'hidden_size': 128, 'beta1': 0.9, 'beta2': 0.95, 'signal_len': 8, 'cheb_order': 3, 's': 6.27167935334028, 'batch_size': 128, 'k': 6}
Trial 25 finished with value 0.055226216 | dataset=ECG | model=ufgtime_plus | val_MSE=0.006498757 | test_MSE=0.006726949 | MAE=0.055226216 | RMSE=0.082017977 | MAPE=12.091542318% | params={'learning_rate': 0.009875947087823725, 'decay_rate': 0.0003033820917562896, 'hidden_size': 128, 'beta1': 0.95, 'beta2': 0.95, 'signal_len': 8, 'cheb_order': 3, 's': 9.849093948772602, 'batch_size': 128, 'k': 3}
Trial 26 finished with value 0.054241457 | dataset=ECG | model=ufgtime_plus | val_MSE=0.006293041 | test_MSE=0.006520185 | MAE=0.054241457 | RMSE=0.080747660 | MAPE=11.882711180% | params={'learning_rate': 0.0453357112705678, 'decay_rate': 9.384409553108218e-05, 'hidden_size': 128, 'beta1': 0.9, 'beta2': 0.95, 'signal_len': 16, 'cheb_order': 2, 's': 4.528750012914918, 'batch_size': 256, 'k': 7}
Trial 27 finished with value 0.057074164 | dataset=ECG | model=ufgtime_plus | val_MSE=0.006547217 | test_MSE=0.007081589 | MAE=0.057074164 | RMSE=0.084152177 | MAPE=12.473119365% | params={'learning_rate': 0.04696522756945466, 'decay_rate': 9.013005139276769e-05, 'hidden_size': 128, 'beta1': 0.9, 'beta2': 0.95, 'signal_len': 16, 'cheb_order': 2, 's': 4.350708384908732, 'batch_size': 256, 'k': 8}
Trial 28 finished with value 0.054364820 | dataset=ECG | model=ufgtime_plus | val_MSE=0.006434963 | test_MSE=0.006559230 | MAE=0.054364820 | RMSE=0.080989073 | MAPE=11.917010173% | params={'learning_rate': 0.024588000362128454, 'decay_rate': 0.0004668926815979915, 'hidden_size': 32, 'beta1': 0.9, 'beta2': 0.95, 'signal_len': 16, 'cheb_order': 2, 's': 2.6063983076152404, 'batch_size': 256, 'k': 9}
Trial 29 finished with value 0.055055845 | dataset=ECG | model=ufgtime_plus | val_MSE=0.006251575 | test_MSE=0.006659740 | MAE=0.055055845 | RMSE=0.081607230 | MAPE=11.996228438% | params={'learning_rate': 0.001537267219047275, 'decay_rate': 0.0004562963613701888, 'hidden_size': 32, 'beta1': 0.9, 'beta2': 0.999, 'signal_len': 16, 'cheb_order': 2, 's': 2.335379497629802, 'batch_size': 256, 'k': 9}
Trial 30 finished with value 0.058235853 | dataset=ECG | model=ufgtime_plus | val_MSE=0.006693854 | test_MSE=0.007201040 | MAE=0.058235853 | RMSE=0.084858939 | MAPE=13.190805209% | params={'learning_rate': 0.021322645454762812, 'decay_rate': 0.0061181364959161984, 'hidden_size': 32, 'beta1': 0.9, 'beta2': 0.95, 'signal_len': 16, 'cheb_order': 2, 's': 2.6495749655040983, 'batch_size': 256, 'k': 7}
Trial 31 finished with value 0.053954468 | dataset=ECG | model=ufgtime_plus | val_MSE=0.006357278 | test_MSE=0.006517859 | MAE=0.053954468 | RMSE=0.080733261 | MAPE=11.783249873% | params={'learning_rate': 0.00794590105714637, 'decay_rate': 0.00012095524754758143, 'hidden_size': 32, 'beta1': 0.9, 'beta2': 0.95, 'signal_len': 16, 'cheb_order': 2, 's': 3.8780101394228503, 'batch_size': 256, 'k': 10}
Trial 32 finished with value 0.054371286 | dataset=ECG | model=ufgtime_plus | val_MSE=0.006349766 | test_MSE=0.006533749 | MAE=0.054371286 | RMSE=0.080831608 | MAPE=11.925785731% | params={'learning_rate': 0.008031711409843104, 'decay_rate': 0.00013066811807494884, 'hidden_size': 32, 'beta1': 0.9, 'beta2': 0.95, 'signal_len': 16, 'cheb_order': 2, 's': 1.22561249412149, 'batch_size': 256, 'k': 8}
Trial 33 finished with value 0.054338408 | dataset=ECG | model=ufgtime_plus | val_MSE=0.006354439 | test_MSE=0.006573515 | MAE=0.054338408 | RMSE=0.081077218 | MAPE=11.923733629% | params={'learning_rate': 0.006091147134754757, 'decay_rate': 0.00011786509144937282, 'hidden_size': 32, 'beta1': 0.9, 'beta2': 0.95, 'signal_len': 16, 'cheb_order': 2, 's': 1.1057241691422126, 'batch_size': 256, 'k': 8}
Trial 34 finished with value 0.057263316 | dataset=ECG | model=ufgtime_plus | val_MSE=0.006558479 | test_MSE=0.007086389 | MAE=0.057263316 | RMSE=0.084180695 | MAPE=12.605004781% | params={'learning_rate': 0.0249999239501126, 'decay_rate': 0.0009391404241758845, 'hidden_size': 32, 'beta1': 0.9, 'beta2': 0.95, 'signal_len': 16, 'cheb_order': 2, 's': 1.6971489159502873, 'batch_size': 256, 'k': 9}
Trial 35 finished with value 0.054878078 | dataset=ECG | model=ufgtime_plus | val_MSE=0.006304184 | test_MSE=0.006687201 | MAE=0.054878078 | RMSE=0.081775310 | MAPE=12.084050433% | params={'learning_rate': 0.0046410297439425175, 'decay_rate': 9.722557568656104e-05, 'hidden_size': 32, 'beta1': 0.9, 'beta2': 0.95, 'signal_len': 16, 'cheb_order': 2, 's': 2.059093911255936, 'batch_size': 256, 'k': 8}
Trial 36 finished with value 0.053959981 | dataset=ECG | model=ufgtime_plus | val_MSE=0.006398788 | test_MSE=0.006533424 | MAE=0.053959981 | RMSE=0.080829602 | MAPE=11.736554698% | params={'learning_rate': 0.02562432474456556, 'decay_rate': 0.00018878472846731157, 'hidden_size': 32, 'beta1': 0.9, 'beta2': 0.95, 'signal_len': 16, 'cheb_order': 2, 's': 4.709950749290162, 'batch_size': 256, 'k': 7}
Trial 37 finished with value 0.056693279 | dataset=ECG | model=ufgtime_plus | val_MSE=0.006666697 | test_MSE=0.007015812 | MAE=0.056693279 | RMSE=0.083760446 | MAPE=12.452576534% | params={'learning_rate': 0.0019072000078854876, 'decay_rate': 3.645623540077912e-05, 'hidden_size': 32, 'beta1': 0.99, 'beta2': 0.95, 'signal_len': 16, 'cheb_order': 2, 's': 4.041629299879576, 'batch_size': 256, 'k': 7}
Trial 38 finished with value 0.054574478 | dataset=ECG | model=ufgtime_plus | val_MSE=0.006410145 | test_MSE=0.006570626 | MAE=0.054574478 | RMSE=0.081059399 | MAPE=11.842253814% | params={'learning_rate': 0.013711461242429493, 'decay_rate': 0.0002097698507598602, 'hidden_size': 32, 'beta1': 0.9, 'beta2': 0.999, 'signal_len': 16, 'cheb_order': 2, 's': 4.922553792933097, 'batch_size': 256, 'k': 7}
Trial 39 finished with value 0.060306173 | dataset=ECG | model=ufgtime_plus | val_MSE=0.007122591 | test_MSE=0.007455511 | MAE=0.060306173 | RMSE=0.086345303 | MAPE=12.457551063% | params={'learning_rate': 0.006731968119546617, 'decay_rate': 0.032318947286858274, 'hidden_size': 32, 'beta1': 0.9, 'beta2': 0.95, 'signal_len': 16, 'cheb_order': 2, 's': 4.752678007479614, 'batch_size': 256, 'k': 8}
Trial 40 finished with value 0.057266897 | dataset=ECG | model=ufgtime_plus | val_MSE=0.006557448 | test_MSE=0.007085422 | MAE=0.057266897 | RMSE=0.084174950 | MAPE=12.588737604% | params={'learning_rate': 0.01289083761433194, 'decay_rate': 0.0008812766451891786, 'hidden_size': 32, 'beta1': 0.99, 'beta2': 0.99, 'signal_len': 16, 'cheb_order': 2, 's': 3.9283971507600763, 'batch_size': 256, 'k': 7}
Trial 41 finished with value 0.057130544 | dataset=ECG | model=ufgtime_plus | val_MSE=0.006550117 | test_MSE=0.007082131 | MAE=0.057130544 | RMSE=0.084155397 | MAPE=12.525873671% | params={'learning_rate': 0.027674503600576345, 'decay_rate': 0.00039122647890048193, 'hidden_size': 32, 'beta1': 0.9, 'beta2': 0.95, 'signal_len': 16, 'cheb_order': 2, 's': 1.6679452449549759, 'batch_size': 256, 'k': 9}
Trial 42 finished with value 0.054061076 | dataset=ECG | model=ufgtime_plus | val_MSE=0.006392882 | test_MSE=0.006530491 | MAE=0.054061076 | RMSE=0.080811454 | MAPE=11.744740071% | params={'learning_rate': 0.026265759039881355, 'decay_rate': 0.00018402302673621002, 'hidden_size': 32, 'beta1': 0.9, 'beta2': 0.95, 'signal_len': 16, 'cheb_order': 2, 's': 2.600808953004086, 'batch_size': 256, 'k': 10}
Trial 43 finished with value 0.054366586 | dataset=ECG | model=ufgtime_plus | val_MSE=0.006377091 | test_MSE=0.006531261 | MAE=0.054366586 | RMSE=0.080816214 | MAPE=11.880382890% | params={'learning_rate': 0.03198995638191567, 'decay_rate': 0.00017781929146854397, 'hidden_size': 32, 'beta1': 0.9, 'beta2': 0.95, 'signal_len': 16, 'cheb_order': 2, 's': 2.89888317014592, 'batch_size': 256, 'k': 10}
Trial 44 finished with value 0.054245067 | dataset=ECG | model=ufgtime_plus | val_MSE=0.006367816 | test_MSE=0.006536795 | MAE=0.054245067 | RMSE=0.080850447 | MAPE=11.882843901% | params={'learning_rate': 0.04932278218346244, 'decay_rate': 0.0001068903015392782, 'hidden_size': 32, 'beta1': 0.9, 'beta2': 0.95, 'signal_len': 16, 'cheb_order': 2, 's': 3.539222711783427, 'batch_size': 256, 'k': 6}
Trial 45 finished with value 0.055470004 | dataset=ECG | model=ufgtime_plus | val_MSE=0.006568180 | test_MSE=0.006755785 | MAE=0.055470004 | RMSE=0.082193580 | MAPE=12.096160925% | params={'learning_rate': 0.03431522267727253, 'decay_rate': 6.773693086497438e-05, 'hidden_size': 64, 'beta1': 0.9, 'beta2': 0.999, 'signal_len': 16, 'cheb_order': 2, 's': 4.728229942213107, 'batch_size': 256, 'k': 6}
Trial 46 finished with value 0.054340576 | dataset=ECG | model=ufgtime_plus | val_MSE=0.006439017 | test_MSE=0.006589081 | MAE=0.054340576 | RMSE=0.081173152 | MAPE=11.802148834% | params={'learning_rate': 0.020275225264662182, 'decay_rate': 0.0002935162751210217, 'hidden_size': 32, 'beta1': 0.9, 'beta2': 0.95, 'signal_len': 16, 'cheb_order': 2, 's': 3.593119113820508, 'batch_size': 256, 'k': 7}
Trial 47 finished with value 0.054600066 | dataset=ECG | model=ufgtime_plus | val_MSE=0.006389614 | test_MSE=0.006599541 | MAE=0.054600066 | RMSE=0.081237561 | MAPE=11.901873574% | params={'learning_rate': 0.04644426230928519, 'decay_rate': 1.893886876766118e-05, 'hidden_size': 32, 'beta1': 0.99, 'beta2': 0.99, 'signal_len': 16, 'cheb_order': 2, 's': 3.179989420977122, 'batch_size': 256, 'k': 6}
Trial 48 finished with value 0.054151000 | dataset=ECG | model=ufgtime_plus | val_MSE=0.006344047 | test_MSE=0.006530444 | MAE=0.054151000 | RMSE=0.080811164 | MAPE=11.874845221% | params={'learning_rate': 0.011877730987556283, 'decay_rate': 3.718674221770245e-05, 'hidden_size': 32, 'beta1': 0.9, 'beta2': 0.95, 'signal_len': 16, 'cheb_order': 2, 's': 3.989098691654026, 'batch_size': 256, 'k': 10}
Trial 49 finished with value 0.054410539 | dataset=ECG | model=ufgtime_plus | val_MSE=0.006278615 | test_MSE=0.006620155 | MAE=0.054410539 | RMSE=0.081364336 | MAPE=11.917796603% | params={'learning_rate': 0.0028424413579811827, 'decay_rate': 4.2205751642181696e-05, 'hidden_size': 64, 'beta1': 0.9, 'beta2': 0.95, 'signal_len': 16, 'cheb_order': 2, 's': 5.48683156681631, 'batch_size': 256, 'k': 10}
Trial 50 finished with value 0.054065732 | dataset=ECG | model=ufgtime_plus | val_MSE=0.006350299 | test_MSE=0.006537122 | MAE=0.054065732 | RMSE=0.080852474 | MAPE=11.889682989% | params={'learning_rate': 0.0113811849336265, 'decay_rate': 0.00016030680511753967, 'hidden_size': 32, 'beta1': 0.9, 'beta2': 0.999, 'signal_len': 16, 'cheb_order': 2, 's': 4.061445295907475, 'batch_size': 256, 'k': 9}
Trial 51 finished with value 0.054021772 | dataset=ECG | model=ufgtime_plus | val_MSE=0.006336109 | test_MSE=0.006538187 | MAE=0.054021772 | RMSE=0.080859056 | MAPE=11.827637468% | params={'learning_rate': 0.011002370854898719, 'decay_rate': 0.00017678100684635032, 'hidden_size': 32, 'beta1': 0.9, 'beta2': 0.999, 'signal_len': 16, 'cheb_order': 2, 's': 3.962709012698036, 'batch_size': 256, 'k': 9}
Trial 52 finished with value 0.054334183 | dataset=ECG | model=ufgtime_plus | val_MSE=0.006288089 | test_MSE=0.006550117 | MAE=0.054334183 | RMSE=0.080932791 | MAPE=11.913979949% | params={'learning_rate': 0.011366569815889975, 'decay_rate': 0.0001721994364082344, 'hidden_size': 32, 'beta1': 0.9, 'beta2': 0.999, 'signal_len': 16, 'cheb_order': 2, 's': 3.946596559477484, 'batch_size': 256, 'k': 9}
Trial 53 finished with value 0.055956955 | dataset=ECG | model=ufgtime_plus | val_MSE=0.006422198 | test_MSE=0.006826364 | MAE=0.055956955 | RMSE=0.082621815 | MAPE=12.313782340% | params={'learning_rate': 0.0039019911275261325, 'decay_rate': 0.00023683714320674415, 'hidden_size': 32, 'beta1': 0.9, 'beta2': 0.999, 'signal_len': 16, 'cheb_order': 2, 's': 5.154229495019255, 'batch_size': 256, 'k': 10}
Trial 54 finished with value 0.055570170 | dataset=ECG | model=ufgtime_plus | val_MSE=0.006414680 | test_MSE=0.006787759 | MAE=0.055570170 | RMSE=0.082387858 | MAPE=12.318828209% | params={'learning_rate': 0.007438197213184309, 'decay_rate': 0.0027992359169958262, 'hidden_size': 32, 'beta1': 0.9, 'beta2': 0.999, 'signal_len': 16, 'cheb_order': 2, 's': 3.930910476670869, 'batch_size': 256, 'k': 9}
