Trial 271 finished with value 0.053804497 | dataset=ECG | model=ufgtime_plus | val_MSE=0.006350305 | test_MSE=0.006506411 | MAE=0.053804497 | RMSE=0.080662329 | MAPE=11.805431906% | params={'learning_rate': 0.008222700232446175, 'decay_rate': 2.2146110863859208e-05, 'hidden_size': 64, 'beta1': 0.95, 'beta2': 0.95, 'signal_len': 16, 'cheb_order': 2, 's': 6.32175875018271, 'batch_size': 128, 'k': 8}
Trial 272 finished with value 0.054881087 | dataset=ECG | model=ufgtime_plus | val_MSE=0.006474641 | test_MSE=0.006660492 | MAE=0.054881087 | RMSE=0.081611835 | MAPE=11.997093682% | params={'learning_rate': 0.00819377020406479, 'decay_rate': 2.221466562779396e-05, 'hidden_size': 64, 'beta1': 0.95, 'beta2': 0.95, 'signal_len': 8, 'cheb_order': 2, 's': 6.324882065528918, 'batch_size': 128, 'k': 8}
Trial 273 finished with value 0.054756251 | dataset=ECG | model=ufgtime_plus | val_MSE=0.006369642 | test_MSE=0.006584059 | MAE=0.054756251 | RMSE=0.081142213 | MAPE=11.915125416% | params={'learning_rate': 0.006254730676180058, 'decay_rate': 2.7792929119226933e-05, 'hidden_size': 64, 'beta1': 0.95, 'beta2': 0.95, 'signal_len': 16, 'cheb_order': 2, 's': 6.648029646153728, 'batch_size': 128, 'k': 8}
Trial 274 finished with value 0.054541088 | dataset=ECG | model=ufgtime_plus | val_MSE=0.006391764 | test_MSE=0.006531233 | MAE=0.054541088 | RMSE=0.080816046 | MAPE=11.847187336% | params={'learning_rate': 0.009133509100702205, 'decay_rate': 1.567822521852792e-05, 'hidden_size': 64, 'beta1': 0.95, 'beta2': 0.95, 'signal_len': 16, 'cheb_order': 2, 's': 6.428117440036684, 'batch_size': 128, 'k': 8}
Trial 275 finished with value 0.056534676 | dataset=ECG | model=ufgtime_plus | val_MSE=0.006385683 | test_MSE=0.006863892 | MAE=0.056534676 | RMSE=0.082848612 | MAPE=12.177814101% | params={'learning_rate': 0.00538067880399328, 'decay_rate': 0.0038663105845333965, 'hidden_size': 64, 'beta1': 0.95, 'beta2': 0.95, 'signal_len': 16, 'cheb_order': 2, 's': 6.8848474007354135, 'batch_size': 128, 'k': 10}
Trial 276 finished with value 0.053737446 | dataset=ECG | model=ufgtime_plus | val_MSE=0.006300618 | test_MSE=0.006492179 | MAE=0.053737446 | RMSE=0.080574061 | MAPE=11.793903915% | params={'learning_rate': 0.0070496897237995486, 'decay_rate': 1.875619135709751e-05, 'hidden_size': 64, 'beta1': 0.95, 'beta2': 0.95, 'signal_len': 16, 'cheb_order': 2, 's': 7.680307411482707, 'batch_size': 128, 'k': 9}
Trial 277 finished with value 0.053615000 | dataset=ECG | model=ufgtime_plus | val_MSE=0.006353590 | test_MSE=0.006478047 | MAE=0.053615000 | RMSE=0.080486313 | MAPE=11.575073685% | params={'learning_rate': 0.007685361445614806, 'decay_rate': 2.0225727360205297e-05, 'hidden_size': 64, 'beta1': 0.95, 'beta2': 0.95, 'signal_len': 16, 'cheb_order': 2, 's': 8.031919220944829, 'batch_size': 128, 'k': 9}
Trial 278 finished with value 0.054065241 | dataset=ECG | model=ufgtime_plus | val_MSE=0.006374779 | test_MSE=0.006498184 | MAE=0.054065241 | RMSE=0.080611313 | MAPE=11.740773732% | params={'learning_rate': 0.008566827670951524, 'decay_rate': 2.3884300438092936e-05, 'hidden_size': 64, 'beta1': 0.95, 'beta2': 0.95, 'signal_len': 16, 'cheb_order': 2, 's': 7.830002529330958, 'batch_size': 128, 'k': 8}
Trial 279 finished with value 0.054036057 | dataset=ECG | model=ufgtime_plus | val_MSE=0.006397959 | test_MSE=0.006485523 | MAE=0.054036057 | RMSE=0.080532745 | MAPE=11.709515463% | params={'learning_rate': 0.0067965502245872405, 'decay_rate': 1.9383026453770253e-05, 'hidden_size': 64, 'beta1': 0.95, 'beta2': 0.95, 'signal_len': 16, 'cheb_order': 2, 's': 7.9937727916698, 'batch_size': 128, 'k': 9}
Trial 280 finished with value 0.054054377 | dataset=ECG | model=ufgtime_plus | val_MSE=0.006394097 | test_MSE=0.006504387 | MAE=0.054054377 | RMSE=0.080649782 | MAPE=11.822857376% | params={'learning_rate': 0.009386832585951516, 'decay_rate': 2.111323867287672e-05, 'hidden_size': 64, 'beta1': 0.95, 'beta2': 0.95, 'signal_len': 16, 'cheb_order': 2, 's': 6.488676517723655, 'batch_size': 128, 'k': 9}
Trial 281 finished with value 0.054313636 | dataset=ECG | model=ufgtime_plus | val_MSE=0.006402733 | test_MSE=0.006568626 | MAE=0.054313636 | RMSE=0.081047060 | MAPE=11.788379103% | params={'learning_rate': 0.008002078563716047, 'decay_rate': 1.8420516315613365e-05, 'hidden_size': 64, 'beta1': 0.95, 'beta2': 0.95, 'signal_len': 16, 'cheb_order': 2, 's': 8.101729132784886, 'batch_size': 128, 'k': 8}
Trial 282 finished with value 0.054367119 | dataset=ECG | model=ufgtime_plus | val_MSE=0.006348938 | test_MSE=0.006521777 | MAE=0.054367119 | RMSE=0.080757519 | MAPE=11.836480776% | params={'learning_rate': 0.011752158714476251, 'decay_rate': 2.7833449433650594e-05, 'hidden_size': 64, 'beta1': 0.95, 'beta2': 0.95, 'signal_len': 16, 'cheb_order': 2, 's': 8.267284421743792, 'batch_size': 128, 'k': 10}
Trial 283 finished with value 0.054143469 | dataset=ECG | model=ufgtime_plus | val_MSE=0.006394634 | test_MSE=0.006535836 | MAE=0.054143469 | RMSE=0.080844519 | MAPE=11.834294404% | params={'learning_rate': 0.006823393303615034, 'decay_rate': 2.2613184185951374e-05, 'hidden_size': 64, 'beta1': 0.95, 'beta2': 0.95, 'signal_len': 16, 'cheb_order': 2, 's': 7.833413008756957, 'batch_size': 128, 'k': 9}
Trial 284 finished with value 0.053826019 | dataset=ECG | model=ufgtime_plus | val_MSE=0.006369042 | test_MSE=0.006491127 | MAE=0.053826019 | RMSE=0.080567529 | MAPE=11.721469780% | params={'learning_rate': 0.010036624602968338, 'decay_rate': 1.632485684078598e-05, 'hidden_size': 64, 'beta1': 0.95, 'beta2': 0.95, 'signal_len': 16, 'cheb_order': 2, 's': 8.514863915311711, 'batch_size': 128, 'k': 9}
Trial 285 finished with value 0.054470118 | dataset=ECG | model=ufgtime_plus | val_MSE=0.006136609 | test_MSE=0.006618809 | MAE=0.054470118 | RMSE=0.081356065 | MAPE=11.842470652% | params={'learning_rate': 0.00013557916210499692, 'decay_rate': 1.583130725602139e-05, 'hidden_size': 128, 'beta1': 0.95, 'beta2': 0.95, 'signal_len': 16, 'cheb_order': 2, 's': 8.114095851671376, 'batch_size': 128, 'k': 7}
Trial 286 finished with value 0.054296741 | dataset=ECG | model=ufgtime_plus | val_MSE=0.006344014 | test_MSE=0.006554754 | MAE=0.054296741 | RMSE=0.080961433 | MAPE=11.860855074% | params={'learning_rate': 0.013415049605618201, 'decay_rate': 2.613971643566448e-05, 'hidden_size': 64, 'beta1': 0.95, 'beta2': 0.95, 'signal_len': 16, 'cheb_order': 2, 's': 8.427785043250893, 'batch_size': 128, 'k': 9}
Trial 287 finished with value 0.053828668 | dataset=ECG | model=ufgtime_plus | val_MSE=0.006455546 | test_MSE=0.006500079 | MAE=0.053828668 | RMSE=0.080623067 | MAPE=11.740906583% | params={'learning_rate': 0.012248476455966951, 'decay_rate': 1.6742053170570336e-05, 'hidden_size': 64, 'beta1': 0.95, 'beta2': 0.99, 'signal_len': 16, 'cheb_order': 2, 's': 6.6286278624124435, 'batch_size': 128, 'k': 10}
Trial 288 finished with value 0.054120155 | dataset=ECG | model=ufgtime_plus | val_MSE=0.006391643 | test_MSE=0.006502789 | MAE=0.054120155 | RMSE=0.080639871 | MAPE=11.840524332% | params={'learning_rate': 0.010455101388604345, 'decay_rate': 1.6687902615431428e-05, 'hidden_size': 64, 'beta1': 0.95, 'beta2': 0.99, 'signal_len': 16, 'cheb_order': 2, 's': 9.282408510551248, 'batch_size': 128, 'k': 10}
Trial 289 finished with value 0.053896866 | dataset=ECG | model=ufgtime_plus | val_MSE=0.006361412 | test_MSE=0.006502730 | MAE=0.053896866 | RMSE=0.080639504 | MAPE=11.664710119% | params={'learning_rate': 0.011844331194890666, 'decay_rate': 2.1286257416791268e-05, 'hidden_size': 64, 'beta1': 0.95, 'beta2': 0.99, 'signal_len': 16, 'cheb_order': 2, 's': 8.383282638793837, 'batch_size': 128, 'k': 10}
Trial 290 finished with value 0.054328178 | dataset=ECG | model=ufgtime_plus | val_MSE=0.006391196 | test_MSE=0.006587859 | MAE=0.054328178 | RMSE=0.081165628 | MAPE=11.741315912% | params={'learning_rate': 0.013963597207992085, 'decay_rate': 1.408869176513437e-05, 'hidden_size': 64, 'beta1': 0.95, 'beta2': 0.95, 'signal_len': 16, 'cheb_order': 2, 's': 8.97954512526469, 'batch_size': 128, 'k': 10}
Trial 291 finished with value 0.053984142 | dataset=ECG | model=ufgtime_plus | val_MSE=0.006383432 | test_MSE=0.006502673 | MAE=0.053984142 | RMSE=0.080639153 | MAPE=11.698110364% | params={'learning_rate': 0.010408366207296578, 'decay_rate': 1.7280188633646433e-05, 'hidden_size': 64, 'beta1': 0.95, 'beta2': 0.95, 'signal_len': 16, 'cheb_order': 2, 's': 8.587096771113174, 'batch_size': 128, 'k': 10}
Trial 292 finished with value 0.054335990 | dataset=ECG | model=ufgtime_plus | val_MSE=0.006321260 | test_MSE=0.006601687 | MAE=0.054335990 | RMSE=0.081250764 | MAPE=11.894656285% | params={'learning_rate': 0.0027218746172574843, 'decay_rate': 1.3945679528332983e-05, 'hidden_size': 64, 'beta1': 0.95, 'beta2': 0.99, 'signal_len': 16, 'cheb_order': 2, 's': 8.835173090951383, 'batch_size': 128, 'k': 10}
Trial 293 finished with value 0.054337594 | dataset=ECG | model=ufgtime_plus | val_MSE=0.006470336 | test_MSE=0.006533949 | MAE=0.054337594 | RMSE=0.080832848 | MAPE=11.858361575% | params={'learning_rate': 0.009366095265941099, 'decay_rate': 2.441754248997024e-05, 'hidden_size': 64, 'beta1': 0.95, 'beta2': 0.99, 'signal_len': 16, 'cheb_order': 2, 's': 7.81197648381658, 'batch_size': 128, 'k': 7}
Trial 294 finished with value 0.056576287 | dataset=ECG | model=ufgtime_plus | val_MSE=0.006571801 | test_MSE=0.006941549 | MAE=0.056576287 | RMSE=0.083315959 | MAPE=12.340037409% | params={'learning_rate': 0.012963596193464683, 'decay_rate': 1.8263449268549007e-05, 'hidden_size': 64, 'beta1': 0.95, 'beta2': 0.99, 'signal_len': 8, 'cheb_order': 2, 's': 6.62436890730835, 'batch_size': 128, 'k': 7}
Trial 295 finished with value 0.054400338 | dataset=ECG | model=ufgtime_plus | val_MSE=0.006285624 | test_MSE=0.006618474 | MAE=0.054400338 | RMSE=0.081354003 | MAPE=11.919190362% | params={'learning_rate': 0.0020479716830301424, 'decay_rate': 2.8158953272780714e-05, 'hidden_size': 64, 'beta1': 0.95, 'beta2': 0.95, 'signal_len': 16, 'cheb_order': 2, 's': 8.564436967032368, 'batch_size': 128, 'k': 10}
Trial 296 finished with value 0.054178019 | dataset=ECG | model=ufgtime_plus | val_MSE=0.006401458 | test_MSE=0.006536800 | MAE=0.054178019 | RMSE=0.080850477 | MAPE=11.905721669% | params={'learning_rate': 0.007870453639363872, 'decay_rate': 2.1038002643673492e-05, 'hidden_size': 64, 'beta1': 0.95, 'beta2': 0.95, 'signal_len': 16, 'cheb_order': 2, 's': 6.772894777301777, 'batch_size': 128, 'k': 9}
Trial 297 finished with value 0.054112567 | dataset=ECG | model=ufgtime_plus | val_MSE=0.006377823 | test_MSE=0.006557730 | MAE=0.054112567 | RMSE=0.080979810 | MAPE=11.763359392% | params={'learning_rate': 0.010740533878704423, 'decay_rate': 1.4721044436293553e-05, 'hidden_size': 64, 'beta1': 0.95, 'beta2': 0.95, 'signal_len': 16, 'cheb_order': 3, 's': 7.687341935722999, 'batch_size': 128, 'k': 10}
Trial 298 finished with value 0.054297333 | dataset=ECG | model=ufgtime_plus | val_MSE=0.006353079 | test_MSE=0.006555977 | MAE=0.054297333 | RMSE=0.080968987 | MAPE=11.854642649% | params={'learning_rate': 0.0038023353655321154, 'decay_rate': 1.6775701607907956e-05, 'hidden_size': 64, 'beta1': 0.95, 'beta2': 0.99, 'signal_len': 16, 'cheb_order': 2, 's': 7.054898190810576, 'batch_size': 128, 'k': 9}
Trial 299 finished with value 0.054017078 | dataset=ECG | model=ufgtime_plus | val_MSE=0.006357914 | test_MSE=0.006535688 | MAE=0.054017078 | RMSE=0.080843605 | MAPE=11.820814526% | params={'learning_rate': 0.0073921572154633216, 'decay_rate': 1.263019450413655e-05, 'hidden_size': 64, 'beta1': 0.95, 'beta2': 0.95, 'signal_len': 16, 'cheb_order': 2, 's': 6.682106013730445, 'batch_size': 128, 'k': 8}
Trial 300 finished with value 0.054387201 | dataset=ECG | model=ufgtime_plus | val_MSE=0.006394162 | test_MSE=0.006595640 | MAE=0.054387201 | RMSE=0.081213547 | MAPE=12.050124726% | params={'learning_rate': 0.014710708651952948, 'decay_rate': 2.0168666005956118e-05, 'hidden_size': 64, 'beta1': 0.95, 'beta2': 0.95, 'signal_len': 16, 'cheb_order': 2, 's': 6.259200604627482, 'batch_size': 128, 'k': 7}
Trial 301 finished with value 0.055875677 | dataset=ECG | model=ufgtime_plus | val_MSE=0.006864007 | test_MSE=0.006801261 | MAE=0.055875677 | RMSE=0.082469756 | MAPE=12.404844728% | params={'learning_rate': 0.0067069789629313915, 'decay_rate': 0.016602594622643383, 'hidden_size': 64, 'beta1': 0.95, 'beta2': 0.95, 'signal_len': 16, 'cheb_order': 2, 's': 6.488090607429366, 'batch_size': 128, 'k': 9}
Trial 302 finished with value 0.054073781 | dataset=ECG | model=ufgtime_plus | val_MSE=0.006372731 | test_MSE=0.006547536 | MAE=0.054073781 | RMSE=0.080916847 | MAPE=11.859898945% | params={'learning_rate': 0.00927255671192605, 'decay_rate': 2.3857643904243336e-05, 'hidden_size': 64, 'beta1': 0.95, 'beta2': 0.95, 'signal_len': 16, 'cheb_order': 2, 's': 6.848354371476072, 'batch_size': 128, 'k': 10}
Trial 303 finished with value 0.053897350 | dataset=ECG | model=ufgtime_plus | val_MSE=0.006352085 | test_MSE=0.006503812 | MAE=0.053897350 | RMSE=0.080646217 | MAPE=11.765962132% | params={'learning_rate': 0.004589754575421955, 'decay_rate': 1.4692312376361093e-05, 'hidden_size': 64, 'beta1': 0.95, 'beta2': 0.95, 'signal_len': 16, 'cheb_order': 2, 's': 6.204469281133376, 'batch_size': 128, 'k': 9}
Trial 304 finished with value 0.054439587 | dataset=ECG | model=ufgtime_plus | val_MSE=0.006293270 | test_MSE=0.006612234 | MAE=0.054439587 | RMSE=0.081315646 | MAPE=11.889697117% | params={'learning_rate': 0.0029782668526891257, 'decay_rate': 3.0923807446470805e-05, 'hidden_size': 64, 'beta1': 0.95, 'beta2': 0.95, 'signal_len': 16, 'cheb_order': 3, 's': 8.868452658895679, 'batch_size': 128, 'k': 7}
Trial 305 finished with value 0.054446541 | dataset=ECG | model=ufgtime_plus | val_MSE=0.006146078 | test_MSE=0.006612413 | MAE=0.054446541 | RMSE=0.081316747 | MAPE=11.863710040% | params={'learning_rate': 0.0002807358326701462, 'decay_rate': 1.7281370797368327e-05, 'hidden_size': 128, 'beta1': 0.95, 'beta2': 0.95, 'signal_len': 16, 'cheb_order': 2, 's': 6.594340317462013, 'batch_size': 128, 'k': 9}
Trial 306 finished with value 0.054092658 | dataset=ECG | model=ufgtime_plus | val_MSE=0.006339262 | test_MSE=0.006525017 | MAE=0.054092658 | RMSE=0.080777579 | MAPE=11.822786793% | params={'learning_rate': 0.012070112192915585, 'decay_rate': 1.2407912371636603e-05, 'hidden_size': 64, 'beta1': 0.95, 'beta2': 0.95, 'signal_len': 16, 'cheb_order': 2, 's': 9.968338419704978, 'batch_size': 128, 'k': 10}
Trial 307 finished with value 0.054212233 | dataset=ECG | model=ufgtime_plus | val_MSE=0.006389028 | test_MSE=0.006571078 | MAE=0.054212233 | RMSE=0.081062188 | MAPE=11.841492162% | params={'learning_rate': 0.005170023004206758, 'decay_rate': 2.001220760826442e-05, 'hidden_size': 64, 'beta1': 0.95, 'beta2': 0.95, 'signal_len': 16, 'cheb_order': 2, 's': 5.986868109257187, 'batch_size': 128, 'k': 8}
Trial 308 finished with value 0.053747887 | dataset=ECG | model=ufgtime_plus | val_MSE=0.006342696 | test_MSE=0.006465275 | MAE=0.053747887 | RMSE=0.080406932 | MAPE=11.792567526% | params={'learning_rate': 0.00783753905748438, 'decay_rate': 2.537902817149616e-05, 'hidden_size': 64, 'beta1': 0.95, 'beta2': 0.95, 'signal_len': 16, 'cheb_order': 2, 's': 6.4531059447806225, 'batch_size': 128, 'k': 9}
Trial 309 finished with value 0.054017795 | dataset=ECG | model=ufgtime_plus | val_MSE=0.006308223 | test_MSE=0.006490903 | MAE=0.054017795 | RMSE=0.080566138 | MAPE=11.842968286% | params={'learning_rate': 0.01073498013435277, 'decay_rate': 2.6030707993200348e-05, 'hidden_size': 64, 'beta1': 0.95, 'beta2': 0.95, 'signal_len': 16, 'cheb_order': 2, 's': 6.746497904617237, 'batch_size': 128, 'k': 9}
Trial 310 finished with value 0.057298361 | dataset=ECG | model=ufgtime_plus | val_MSE=0.006509809 | test_MSE=0.006927767 | MAE=0.057298361 | RMSE=0.083233211 | MAPE=12.290368147% | params={'learning_rate': 0.0038744732240344666, 'decay_rate': 0.007205766290089927, 'hidden_size': 64, 'beta1': 0.95, 'beta2': 0.95, 'signal_len': 16, 'cheb_order': 2, 's': 5.441655574613212, 'batch_size': 128, 'k': 8}
Trial 311 finished with value 0.054626639 | dataset=ECG | model=ufgtime_plus | val_MSE=0.006137835 | test_MSE=0.006622921 | MAE=0.054626639 | RMSE=0.081381332 | MAPE=11.887182952% | params={'learning_rate': 3.860870895903532e-05, 'decay_rate': 2.3557405070224364e-05, 'hidden_size': 64, 'beta1': 0.95, 'beta2': 0.99, 'signal_len': 16, 'cheb_order': 2, 's': 7.1288869112537885, 'batch_size': 128, 'k': 7}
Trial 312 finished with value 0.055059107 | dataset=ECG | model=ufgtime_plus | val_MSE=0.006552424 | test_MSE=0.006681026 | MAE=0.055059107 | RMSE=0.081737546 | MAPE=12.083576482% | params={'learning_rate': 0.008403825603660207, 'decay_rate': 2.9892322651205468e-05, 'hidden_size': 64, 'beta1': 0.95, 'beta2': 0.95, 'signal_len': 8, 'cheb_order': 3, 's': 6.5487232199838035, 'batch_size': 128, 'k': 3}
Trial 313 finished with value 0.054015504 | dataset=ECG | model=ufgtime_plus | val_MSE=0.006375837 | test_MSE=0.006530549 | MAE=0.054015504 | RMSE=0.080811813 | MAPE=11.674601096% | params={'learning_rate': 0.01507113041829488, 'decay_rate': 1.3556504965355307e-05, 'hidden_size': 64, 'beta1': 0.95, 'beta2': 0.95, 'signal_len': 16, 'cheb_order': 2, 's': 8.28947444605067, 'batch_size': 128, 'k': 9}
Trial 314 finished with value 0.053849762 | dataset=ECG | model=ufgtime_plus | val_MSE=0.006370305 | test_MSE=0.006504102 | MAE=0.053849762 | RMSE=0.080648016 | MAPE=11.790293310% | params={'learning_rate': 0.006134415643290579, 'decay_rate': 2.0152299956301638e-05, 'hidden_size': 64, 'beta1': 0.95, 'beta2': 0.95, 'signal_len': 16, 'cheb_order': 2, 's': 6.902481725517832, 'batch_size': 128, 'k': 9}
Trial 315 finished with value 0.054256856 | dataset=ECG | model=ufgtime_plus | val_MSE=0.006450035 | test_MSE=0.006540992 | MAE=0.054256856 | RMSE=0.080876400 | MAPE=11.828127138% | params={'learning_rate': 0.009213186738882195, 'decay_rate': 1.555370330630432e-05, 'hidden_size': 64, 'beta1': 0.95, 'beta2': 0.95, 'signal_len': 16, 'cheb_order': 2, 's': 6.161523635151219, 'batch_size': 128, 'k': 7}
Trial 316 finished with value 0.054655113 | dataset=ECG | model=ufgtime_plus | val_MSE=0.006148787 | test_MSE=0.006630910 | MAE=0.054655113 | RMSE=0.081430397 | MAPE=11.864189297% | params={'learning_rate': 2.3953482800398343e-05, 'decay_rate': 1.1579194847695992e-05, 'hidden_size': 64, 'beta1': 0.95, 'beta2': 0.95, 'signal_len': 16, 'cheb_order': 2, 's': 6.374076975727054, 'batch_size': 128, 'k': 9}
Trial 317 finished with value 0.054543148 | dataset=ECG | model=ufgtime_plus | val_MSE=0.006411942 | test_MSE=0.006602702 | MAE=0.054543148 | RMSE=0.081257011 | MAPE=12.074329510% | params={'learning_rate': 0.012630604364600216, 'decay_rate': 3.3243203737288996e-05, 'hidden_size': 64, 'beta1': 0.95, 'beta2': 0.95, 'signal_len': 16, 'cheb_order': 2, 's': 7.456737359020736, 'batch_size': 128, 'k': 10}
Trial 318 finished with value 0.054530119 | dataset=ECG | model=ufgtime_plus | val_MSE=0.006341039 | test_MSE=0.006627409 | MAE=0.054530119 | RMSE=0.081408897 | MAPE=11.909731901% | params={'learning_rate': 0.004413807637820444, 'decay_rate': 2.5584334736072774e-05, 'hidden_size': 64, 'beta1': 0.95, 'beta2': 0.95, 'signal_len': 16, 'cheb_order': 2, 's': 6.677845721649974, 'batch_size': 128, 'k': 7}
Trial 319 finished with value 0.053727423 | dataset=ECG | model=ufgtime_plus | val_MSE=0.006384875 | test_MSE=0.006496848 | MAE=0.053727423 | RMSE=0.080603026 | MAPE=11.689134649% | params={'learning_rate': 0.0074324107206779205, 'decay_rate': 2.0818280038582678e-05, 'hidden_size': 64, 'beta1': 0.95, 'beta2': 0.95, 'signal_len': 16, 'cheb_order': 2, 's': 6.982868937506513, 'batch_size': 128, 'k': 9}
Trial 320 finished with value 0.054436706 | dataset=ECG | model=ufgtime_plus | val_MSE=0.006355466 | test_MSE=0.006565412 | MAE=0.054436706 | RMSE=0.081027232 | MAPE=11.913088198% | params={'learning_rate': 0.008285689521202132, 'decay_rate': 2.825597171419274e-05, 'hidden_size': 128, 'beta1': 0.95, 'beta2': 0.95, 'signal_len': 16, 'cheb_order': 3, 's': 7.041775863999893, 'batch_size': 128, 'k': 9}
Trial 321 finished with value 0.053957008 | dataset=ECG | model=ufgtime_plus | val_MSE=0.006359403 | test_MSE=0.006505114 | MAE=0.053957008 | RMSE=0.080654285 | MAPE=11.749308595% | params={'learning_rate': 0.006991697907374382, 'decay_rate': 2.135862449609465e-05, 'hidden_size': 64, 'beta1': 0.99, 'beta2': 0.95, 'signal_len': 16, 'cheb_order': 2, 's': 5.3524653761602075, 'batch_size': 128, 'k': 9}
Trial 322 finished with value 0.054072426 | dataset=ECG | model=ufgtime_plus | val_MSE=0.006386156 | test_MSE=0.006577515 | MAE=0.054072426 | RMSE=0.081101879 | MAPE=11.795677782% | params={'learning_rate': 0.009691332821427534, 'decay_rate': 1.5130257531983827e-05, 'hidden_size': 64, 'beta1': 0.95, 'beta2': 0.95, 'signal_len': 16, 'cheb_order': 2, 's': 7.282692252245181, 'batch_size': 128, 'k': 10}
Trial 323 finished with value 0.052794330 | dataset=ECG | model=ufgtime_plus | val_MSE=0.006435142 | test_MSE=0.006357767 | MAE=0.052794330 | RMSE=0.079735605 | MAPE=11.584959133% | params={'learning_rate': 0.01155794866951307, 'decay_rate': 1.1875540585475502e-05, 'hidden_size': 64, 'beta1': 0.95, 'beta2': 0.99, 'signal_len': 16, 'cheb_order': 2, 's': 5.547643598664043, 'batch_size': 128, 'k': 9}
Trial 324 finished with value 0.054389801 | dataset=ECG | model=ufgtime_plus | val_MSE=0.006365412 | test_MSE=0.006532722 | MAE=0.054389801 | RMSE=0.080825254 | MAPE=11.794621461% | params={'learning_rate': 0.01621820066714762, 'decay_rate': 1.1957345378455967e-05, 'hidden_size': 64, 'beta1': 0.95, 'beta2': 0.95, 'signal_len': 16, 'cheb_order': 2, 's': 5.925908857280527, 'batch_size': 128, 'k': 9}
