Trial 433 finished with value 0.055824939 | dataset=ECG | model=ufgtime_plus | val_MSE=0.006589527 | test_MSE=0.006844194 | MAE=0.055824939 | RMSE=0.082729641 | MAPE=12.180601400% | params={'learning_rate': 0.008631831342669564, 'decay_rate': 1.2330985334018964e-05, 'hidden_size': 64, 'beta1': 0.95, 'beta2': 0.99, 'signal_len': 8, 'cheb_order': 3, 's': 8.02249196973057, 'batch_size': 128, 'k': 10}
Trial 434 finished with value 0.053639467 | dataset=ECG | model=ufgtime_plus | val_MSE=0.006381724 | test_MSE=0.006486523 | MAE=0.053639467 | RMSE=0.080538951 | MAPE=11.704315883% | params={'learning_rate': 0.0077754690290098615, 'decay_rate': 1.169877022270392e-05, 'hidden_size': 64, 'beta1': 0.95, 'beta2': 0.99, 'signal_len': 16, 'cheb_order': 3, 's': 7.533513566831114, 'batch_size': 128, 'k': 10}
Trial 435 finished with value 0.054560971 | dataset=ECG | model=ufgtime_plus | val_MSE=0.006397849 | test_MSE=0.006552023 | MAE=0.054560971 | RMSE=0.080944568 | MAPE=11.828813885% | params={'learning_rate': 0.009776209223637767, 'decay_rate': 1.1658879343690878e-05, 'hidden_size': 64, 'beta1': 0.95, 'beta2': 0.99, 'signal_len': 16, 'cheb_order': 3, 's': 7.542094317355156, 'batch_size': 128, 'k': 10}
Trial 436 finished with value 0.053893453 | dataset=ECG | model=ufgtime_plus | val_MSE=0.006404088 | test_MSE=0.006520563 | MAE=0.053893453 | RMSE=0.080750003 | MAPE=11.615084907% | params={'learning_rate': 0.008094275047193527, 'decay_rate': 1.1633974410868576e-05, 'hidden_size': 64, 'beta1': 0.95, 'beta2': 0.99, 'signal_len': 16, 'cheb_order': 3, 's': 7.447417107839276, 'batch_size': 128, 'k': 10}
Trial 437 finished with value 0.053697915 | dataset=ECG | model=ufgtime_plus | val_MSE=0.006423963 | test_MSE=0.006503217 | MAE=0.053697915 | RMSE=0.080642525 | MAPE=11.729771919% | params={'learning_rate': 0.01145973184058254, 'decay_rate': 1.3535129496121075e-05, 'hidden_size': 64, 'beta1': 0.95, 'beta2': 0.99, 'signal_len': 16, 'cheb_order': 3, 's': 7.721848698568935, 'batch_size': 128, 'k': 10}
Trial 438 finished with value 0.054556330 | dataset=ECG | model=ufgtime_plus | val_MSE=0.006415728 | test_MSE=0.006560226 | MAE=0.054556330 | RMSE=0.080995223 | MAPE=11.861707885% | params={'learning_rate': 0.010189939358108297, 'decay_rate': 1.295330458126502e-05, 'hidden_size': 64, 'beta1': 0.95, 'beta2': 0.99, 'signal_len': 16, 'cheb_order': 3, 's': 7.7549924474632705, 'batch_size': 128, 'k': 10}
Trial 439 finished with value 0.053827573 | dataset=ECG | model=ufgtime_plus | val_MSE=0.006399118 | test_MSE=0.006482528 | MAE=0.053827573 | RMSE=0.080514146 | MAPE=11.829890947% | params={'learning_rate': 0.012001254345892831, 'decay_rate': 1.1604466517113422e-05, 'hidden_size': 64, 'beta1': 0.95, 'beta2': 0.99, 'signal_len': 16, 'cheb_order': 3, 's': 7.68418407857147, 'batch_size': 128, 'k': 10}
Trial 440 finished with value 0.054224701 | dataset=ECG | model=ufgtime_plus | val_MSE=0.006418416 | test_MSE=0.006509750 | MAE=0.054224701 | RMSE=0.080683024 | MAPE=11.856936534% | params={'learning_rate': 0.012840583537052298, 'decay_rate': 1.352243618892049e-05, 'hidden_size': 64, 'beta1': 0.95, 'beta2': 0.99, 'signal_len': 16, 'cheb_order': 3, 's': 7.947106454802889, 'batch_size': 128, 'k': 10}
Trial 441 finished with value 0.052632873 | dataset=ECG | model=ufgtime_plus | val_MSE=0.006403090 | test_MSE=0.006320505 | MAE=0.052632873 | RMSE=0.079501601 | MAPE=11.563216752% | params={'learning_rate': 0.011079567086366392, 'decay_rate': 1.0162587026466348e-05, 'hidden_size': 64, 'beta1': 0.95, 'beta2': 0.99, 'signal_len': 16, 'cheb_order': 3, 's': 7.529865277044918, 'batch_size': 128, 'k': 4}
Trial 442 finished with value 0.052385385 | dataset=ECG | model=ufgtime_plus | val_MSE=0.006414515 | test_MSE=0.006308821 | MAE=0.052385385 | RMSE=0.079428084 | MAPE=11.542022109% | params={'learning_rate': 0.01181624329996166, 'decay_rate': 1.02126260419987e-05, 'hidden_size': 64, 'beta1': 0.95, 'beta2': 0.99, 'signal_len': 16, 'cheb_order': 3, 's': 7.576532262413879, 'batch_size': 128, 'k': 5}
Trial 443 finished with value 0.052926373 | dataset=ECG | model=ufgtime_plus | val_MSE=0.006448690 | test_MSE=0.006355369 | MAE=0.052926373 | RMSE=0.079720571 | MAPE=11.692593789% | params={'learning_rate': 0.0126814927232432, 'decay_rate': 1.1308609936863112e-05, 'hidden_size': 64, 'beta1': 0.95, 'beta2': 0.99, 'signal_len': 16, 'cheb_order': 3, 's': 7.833225384229874, 'batch_size': 128, 'k': 4}
Trial 444 finished with value 0.052664944 | dataset=ECG | model=ufgtime_plus | val_MSE=0.006385184 | test_MSE=0.006351202 | MAE=0.052664944 | RMSE=0.079694431 | MAPE=11.513734846% | params={'learning_rate': 0.0138238297013631, 'decay_rate': 1.0230279147251613e-05, 'hidden_size': 64, 'beta1': 0.95, 'beta2': 0.99, 'signal_len': 16, 'cheb_order': 3, 's': 7.58661394454036, 'batch_size': 128, 'k': 4}
Trial 445 finished with value 0.054989759 | dataset=ECG | model=ufgtime_plus | val_MSE=0.006430542 | test_MSE=0.006633376 | MAE=0.054989759 | RMSE=0.081445542 | MAPE=11.890419003% | params={'learning_rate': 0.012972281552857854, 'decay_rate': 1.0446493536277655e-05, 'hidden_size': 128, 'beta1': 0.9, 'beta2': 0.99, 'signal_len': 16, 'cheb_order': 3, 's': 7.571870927984301, 'batch_size': 128, 'k': 4}
Trial 446 finished with value 0.052633175 | dataset=ECG | model=ufgtime_plus | val_MSE=0.006371285 | test_MSE=0.006311896 | MAE=0.052633175 | RMSE=0.079447442 | MAPE=11.554370811% | params={'learning_rate': 0.01444439726655958, 'decay_rate': 1.0008034133994505e-05, 'hidden_size': 64, 'beta1': 0.95, 'beta2': 0.99, 'signal_len': 16, 'cheb_order': 3, 's': 7.846808535532652, 'batch_size': 128, 'k': 4}
Trial 447 finished with value 0.052793251 | dataset=ECG | model=ufgtime_plus | val_MSE=0.006385103 | test_MSE=0.006334286 | MAE=0.052793251 | RMSE=0.079588231 | MAPE=11.654510089% | params={'learning_rate': 0.01508273969077396, 'decay_rate': 1.1413525242188585e-05, 'hidden_size': 64, 'beta1': 0.95, 'beta2': 0.99, 'signal_len': 16, 'cheb_order': 3, 's': 7.783363287417256, 'batch_size': 128, 'k': 4}
Trial 448 finished with value 0.054494449 | dataset=ECG | model=ufgtime_plus | val_MSE=0.006461001 | test_MSE=0.006569205 | MAE=0.054494449 | RMSE=0.081050632 | MAPE=11.650159385% | params={'learning_rate': 0.016246451372215354, 'decay_rate': 1.022807440133065e-05, 'hidden_size': 64, 'beta1': 0.95, 'beta2': 0.99, 'signal_len': 16, 'cheb_order': 3, 's': 7.857201277097423, 'batch_size': 128, 'k': 4}
Trial 449 finished with value 0.053020678 | dataset=ECG | model=ufgtime_plus | val_MSE=0.006393954 | test_MSE=0.006363677 | MAE=0.053020678 | RMSE=0.079772661 | MAPE=11.577397835% | params={'learning_rate': 0.013468016661843586, 'decay_rate': 1.1239128745938044e-05, 'hidden_size': 64, 'beta1': 0.95, 'beta2': 0.99, 'signal_len': 16, 'cheb_order': 3, 's': 8.153324302111827, 'batch_size': 128, 'k': 4}
Trial 450 finished with value 0.053323550 | dataset=ECG | model=ufgtime_plus | val_MSE=0.006368164 | test_MSE=0.006383900 | MAE=0.053323550 | RMSE=0.079899311 | MAPE=11.598191445% | params={'learning_rate': 0.01411905506059133, 'decay_rate': 1.0250336110699162e-05, 'hidden_size': 64, 'beta1': 0.95, 'beta2': 0.99, 'signal_len': 16, 'cheb_order': 3, 's': 8.387757187903675, 'batch_size': 128, 'k': 4}
Trial 451 finished with value 0.052750909 | dataset=ECG | model=ufgtime_plus | val_MSE=0.006400022 | test_MSE=0.006319329 | MAE=0.052750909 | RMSE=0.079494210 | MAPE=11.610791818% | params={'learning_rate': 0.0146353473385978, 'decay_rate': 1.0482924862108651e-05, 'hidden_size': 64, 'beta1': 0.95, 'beta2': 0.99, 'signal_len': 16, 'cheb_order': 3, 's': 8.394135722793296, 'batch_size': 128, 'k': 4}
Trial 452 finished with value 0.052363861 | dataset=ECG | model=ufgtime_plus | val_MSE=0.006415082 | test_MSE=0.006272718 | MAE=0.052363861 | RMSE=0.079200494 | MAPE=11.473669979% | params={'learning_rate': 0.014205846674849976, 'decay_rate': 1.0139875236370635e-05, 'hidden_size': 64, 'beta1': 0.95, 'beta2': 0.99, 'signal_len': 16, 'cheb_order': 3, 's': 8.435923187020625, 'batch_size': 128, 'k': 4}
Trial 453 finished with value 0.053299211 | dataset=ECG | model=ufgtime_plus | val_MSE=0.006378201 | test_MSE=0.006324894 | MAE=0.053299211 | RMSE=0.079529205 | MAPE=11.689915444% | params={'learning_rate': 0.015444960970022494, 'decay_rate': 1.0053324177795036e-05, 'hidden_size': 64, 'beta1': 0.95, 'beta2': 0.99, 'signal_len': 16, 'cheb_order': 3, 's': 8.347543303016185, 'batch_size': 128, 'k': 4}
Trial 454 finished with value 0.052395722 | dataset=ECG | model=ufgtime_plus | val_MSE=0.006401289 | test_MSE=0.006302830 | MAE=0.052395722 | RMSE=0.079390362 | MAPE=11.437163101% | params={'learning_rate': 0.015851461615887148, 'decay_rate': 1.0119322888460717e-05, 'hidden_size': 64, 'beta1': 0.95, 'beta2': 0.99, 'signal_len': 16, 'cheb_order': 3, 's': 8.662861293861429, 'batch_size': 128, 'k': 4}
Trial 455 finished with value 0.054672204 | dataset=ECG | model=ufgtime_plus | val_MSE=0.006576699 | test_MSE=0.006656729 | MAE=0.054672204 | RMSE=0.081588778 | MAPE=11.895591707% | params={'learning_rate': 0.015924823099291864, 'decay_rate': 1.0878336398535077e-05, 'hidden_size': 64, 'beta1': 0.95, 'beta2': 0.99, 'signal_len': 8, 'cheb_order': 3, 's': 8.410654150823673, 'batch_size': 128, 'k': 4}
Trial 456 finished with value 0.054394420 | dataset=ECG | model=ufgtime_plus | val_MSE=0.006494555 | test_MSE=0.006552581 | MAE=0.054394420 | RMSE=0.080948015 | MAPE=11.669972748% | params={'learning_rate': 0.017758822816423825, 'decay_rate': 1.0215832852032297e-05, 'hidden_size': 64, 'beta1': 0.95, 'beta2': 0.99, 'signal_len': 16, 'cheb_order': 3, 's': 8.714957067505688, 'batch_size': 128, 'k': 4}
Trial 457 finished with value 0.052761181 | dataset=ECG | model=ufgtime_plus | val_MSE=0.006436332 | test_MSE=0.006343826 | MAE=0.052761181 | RMSE=0.079648137 | MAPE=11.585250636% | params={'learning_rate': 0.014242724281511847, 'decay_rate': 1.0330312737457302e-05, 'hidden_size': 64, 'beta1': 0.95, 'beta2': 0.99, 'signal_len': 16, 'cheb_order': 3, 's': 8.666209038427754, 'batch_size': 128, 'k': 4}
Trial 458 finished with value 0.052304217 | dataset=ECG | model=ufgtime_plus | val_MSE=0.006358624 | test_MSE=0.006273248 | MAE=0.052304217 | RMSE=0.079203836 | MAPE=11.373484779% | params={'learning_rate': 0.013957442465872352, 'decay_rate': 1.0320721828774083e-05, 'hidden_size': 64, 'beta1': 0.95, 'beta2': 0.99, 'signal_len': 16, 'cheb_order': 3, 's': 8.661953460004888, 'batch_size': 128, 'k': 4}
Trial 459 finished with value 0.054017212 | dataset=ECG | model=ufgtime_plus | val_MSE=0.006448599 | test_MSE=0.006533737 | MAE=0.054017212 | RMSE=0.080831532 | MAPE=11.745205879% | params={'learning_rate': 0.014488599599219639, 'decay_rate': 1.0037097793103785e-05, 'hidden_size': 64, 'beta1': 0.95, 'beta2': 0.99, 'signal_len': 16, 'cheb_order': 3, 's': 8.44544993069302, 'batch_size': 128, 'k': 4}
Trial 460 finished with value 0.054648651 | dataset=ECG | model=ufgtime_plus | val_MSE=0.006406051 | test_MSE=0.006520853 | MAE=0.054648651 | RMSE=0.080751798 | MAPE=11.849564791% | params={'learning_rate': 0.01427851502298111, 'decay_rate': 1.0000912809839201e-05, 'hidden_size': 64, 'beta1': 0.95, 'beta2': 0.99, 'signal_len': 16, 'cheb_order': 3, 's': 8.676517445270159, 'batch_size': 128, 'k': 4}
Trial 461 finished with value 0.054294418 | dataset=ECG | model=ufgtime_plus | val_MSE=0.006439560 | test_MSE=0.006512709 | MAE=0.054294418 | RMSE=0.080701358 | MAPE=11.919427899% | params={'learning_rate': 0.01964626214906959, 'decay_rate': 1.0008816530047408e-05, 'hidden_size': 64, 'beta1': 0.95, 'beta2': 0.99, 'signal_len': 16, 'cheb_order': 3, 's': 8.597406292169012, 'batch_size': 128, 'k': 4}
Trial 462 finished with value 0.053261687 | dataset=ECG | model=ufgtime_plus | val_MSE=0.006439286 | test_MSE=0.006311415 | MAE=0.053261687 | RMSE=0.079444413 | MAPE=11.550189572% | params={'learning_rate': 0.0170459070908931, 'decay_rate': 1.161023669726031e-05, 'hidden_size': 64, 'beta1': 0.95, 'beta2': 0.99, 'signal_len': 16, 'cheb_order': 3, 's': 8.262643385383223, 'batch_size': 128, 'k': 4}
Trial 463 finished with value 0.052397944 | dataset=ECG | model=ufgtime_plus | val_MSE=0.006405240 | test_MSE=0.006309422 | MAE=0.052397944 | RMSE=0.079431873 | MAPE=11.530225818% | params={'learning_rate': 0.015972470705008127, 'decay_rate': 1.031523010846428e-05, 'hidden_size': 64, 'beta1': 0.95, 'beta2': 0.99, 'signal_len': 16, 'cheb_order': 3, 's': 8.348023213332443, 'batch_size': 128, 'k': 4}
Trial 464 finished with value 0.053902223 | dataset=ECG | model=ufgtime_plus | val_MSE=0.006477460 | test_MSE=0.006531257 | MAE=0.053902223 | RMSE=0.080816194 | MAPE=11.567876035% | params={'learning_rate': 0.018266341473303967, 'decay_rate': 1.0293335622917468e-05, 'hidden_size': 64, 'beta1': 0.95, 'beta2': 0.99, 'signal_len': 16, 'cheb_order': 3, 's': 8.327673350435044, 'batch_size': 128, 'k': 4}
Trial 465 finished with value 0.054090639 | dataset=ECG | model=ufgtime_plus | val_MSE=0.006466719 | test_MSE=0.006516467 | MAE=0.054090639 | RMSE=0.080724637 | MAPE=11.797030257% | params={'learning_rate': 0.014901767387010253, 'decay_rate': 1.0189700396297373e-05, 'hidden_size': 64, 'beta1': 0.95, 'beta2': 0.99, 'signal_len': 16, 'cheb_order': 3, 's': 8.292114362323348, 'batch_size': 128, 'k': 4}
Trial 466 finished with value 0.052386833 | dataset=ECG | model=ufgtime_plus | val_MSE=0.006299509 | test_MSE=0.006281290 | MAE=0.052386833 | RMSE=0.079254591 | MAPE=11.453000317% | params={'learning_rate': 0.01684839288919145, 'decay_rate': 1.001221851851283e-05, 'hidden_size': 64, 'beta1': 0.95, 'beta2': 0.99, 'signal_len': 16, 'cheb_order': 3, 's': 8.819415689791724, 'batch_size': 128, 'k': 4}
Trial 467 finished with value 0.054654375 | dataset=ECG | model=ufgtime_plus | val_MSE=0.006480694 | test_MSE=0.006591914 | MAE=0.054654375 | RMSE=0.081190603 | MAPE=12.014680009% | params={'learning_rate': 0.017081522413387555, 'decay_rate': 1.0188719764703183e-05, 'hidden_size': 128, 'beta1': 0.95, 'beta2': 0.99, 'signal_len': 16, 'cheb_order': 3, 's': 8.751136073646576, 'batch_size': 128, 'k': 4}
Trial 468 finished with value 0.054870641 | dataset=ECG | model=ufgtime_plus | val_MSE=0.006426923 | test_MSE=0.006583778 | MAE=0.054870641 | RMSE=0.081140483 | MAPE=11.896770853% | params={'learning_rate': 0.021862395568049354, 'decay_rate': 1.1889996379694737e-05, 'hidden_size': 64, 'beta1': 0.95, 'beta2': 0.99, 'signal_len': 16, 'cheb_order': 3, 's': 8.540598051246224, 'batch_size': 128, 'k': 4}
Trial 469 finished with value 0.054418104 | dataset=ECG | model=ufgtime_plus | val_MSE=0.006411431 | test_MSE=0.006556730 | MAE=0.054418104 | RMSE=0.080973637 | MAPE=11.953850691% | params={'learning_rate': 0.014309154391146231, 'decay_rate': 1.0048050155023942e-05, 'hidden_size': 64, 'beta1': 0.9, 'beta2': 0.99, 'signal_len': 16, 'cheb_order': 3, 's': 8.945057698483872, 'batch_size': 128, 'k': 4}
Trial 470 finished with value 0.053932356 | dataset=ECG | model=ufgtime_plus | val_MSE=0.006518911 | test_MSE=0.006548187 | MAE=0.053932356 | RMSE=0.080920870 | MAPE=11.653958453% | params={'learning_rate': 0.019290778584339304, 'decay_rate': 1.1634830773759438e-05, 'hidden_size': 64, 'beta1': 0.95, 'beta2': 0.99, 'signal_len': 16, 'cheb_order': 3, 's': 8.43244300355393, 'batch_size': 128, 'k': 4}
Trial 471 finished with value 0.053162327 | dataset=ECG | model=ufgtime_plus | val_MSE=0.006385483 | test_MSE=0.006407519 | MAE=0.053162327 | RMSE=0.080046979 | MAPE=11.612652591% | params={'learning_rate': 0.01630708666356451, 'decay_rate': 1.1659631654742839e-05, 'hidden_size': 64, 'beta1': 0.95, 'beta2': 0.99, 'signal_len': 16, 'cheb_order': 3, 's': 9.168267752795204, 'batch_size': 128, 'k': 4}
Trial 472 finished with value 0.052531005 | dataset=ECG | model=ufgtime_plus | val_MSE=0.006378663 | test_MSE=0.006293087 | MAE=0.052531005 | RMSE=0.079328980 | MAPE=11.558708008% | params={'learning_rate': 0.016285221467825583, 'decay_rate': 1.1581079197536297e-05, 'hidden_size': 64, 'beta1': 0.95, 'beta2': 0.99, 'signal_len': 16, 'cheb_order': 3, 's': 8.78803738366802, 'batch_size': 128, 'k': 4}
Trial 473 finished with value 0.054531689 | dataset=ECG | model=ufgtime_plus | val_MSE=0.006500226 | test_MSE=0.006560683 | MAE=0.054531689 | RMSE=0.080998043 | MAPE=11.601416115% | params={'learning_rate': 0.017732387615530282, 'decay_rate': 1.0028604893256101e-05, 'hidden_size': 64, 'beta1': 0.95, 'beta2': 0.99, 'signal_len': 16, 'cheb_order': 3, 's': 9.117918711586903, 'batch_size': 128, 'k': 4}
Trial 474 finished with value 0.053627181 | dataset=ECG | model=ufgtime_plus | val_MSE=0.006460920 | test_MSE=0.006480036 | MAE=0.053627181 | RMSE=0.080498668 | MAPE=11.717716390% | params={'learning_rate': 0.015217558462015744, 'decay_rate': 1.1901225705820426e-05, 'hidden_size': 64, 'beta1': 0.95, 'beta2': 0.99, 'signal_len': 16, 'cheb_order': 3, 's': 8.675291797452017, 'batch_size': 128, 'k': 4}
Trial 475 finished with value 0.054286301 | dataset=ECG | model=ufgtime_plus | val_MSE=0.006463725 | test_MSE=0.006564913 | MAE=0.054286301 | RMSE=0.081024149 | MAPE=11.660399987% | params={'learning_rate': 0.015324270677133421, 'decay_rate': 1.1712883966292833e-05, 'hidden_size': 64, 'beta1': 0.95, 'beta2': 0.99, 'signal_len': 16, 'cheb_order': 3, 's': 9.294612713013132, 'batch_size': 128, 'k': 4}
Trial 476 finished with value 0.054786040 | dataset=ECG | model=ufgtime_plus | val_MSE=0.006514835 | test_MSE=0.006669615 | MAE=0.054786040 | RMSE=0.081667714 | MAPE=11.942142535% | params={'learning_rate': 0.01978701555432547, 'decay_rate': 1.1758302187008985e-05, 'hidden_size': 64, 'beta1': 0.95, 'beta2': 0.99, 'signal_len': 8, 'cheb_order': 3, 's': 8.778543802785753, 'batch_size': 128, 'k': 4}
Trial 477 finished with value 0.052879112 | dataset=ECG | model=ufgtime_plus | val_MSE=0.006346535 | test_MSE=0.006340360 | MAE=0.052879112 | RMSE=0.079626379 | MAPE=11.695212588% | params={'learning_rate': 0.013901978777385082, 'decay_rate': 1.0039361022523293e-05, 'hidden_size': 64, 'beta1': 0.95, 'beta2': 0.99, 'signal_len': 16, 'cheb_order': 3, 's': 9.600539117981585, 'batch_size': 128, 'k': 4}
Trial 478 finished with value 0.052470991 | dataset=ECG | model=ufgtime_plus | val_MSE=0.006459249 | test_MSE=0.006293582 | MAE=0.052470991 | RMSE=0.079332100 | MAPE=11.591731567% | params={'learning_rate': 0.016141534812414208, 'decay_rate': 1.004777821905004e-05, 'hidden_size': 64, 'beta1': 0.95, 'beta2': 0.99, 'signal_len': 16, 'cheb_order': 3, 's': 9.203166040738441, 'batch_size': 128, 'k': 4}
Trial 479 finished with value 0.052946514 | dataset=ECG | model=ufgtime_plus | val_MSE=0.006306927 | test_MSE=0.006342573 | MAE=0.052946514 | RMSE=0.079640275 | MAPE=11.502098460% | params={'learning_rate': 0.015733326151040675, 'decay_rate': 1.0221412267114426e-05, 'hidden_size': 64, 'beta1': 0.95, 'beta2': 0.99, 'signal_len': 16, 'cheb_order': 3, 's': 9.42319111801907, 'batch_size': 128, 'k': 4}
Trial 480 finished with value 0.054778392 | dataset=ECG | model=ufgtime_plus | val_MSE=0.006408027 | test_MSE=0.006544142 | MAE=0.054778392 | RMSE=0.080895873 | MAPE=11.755836102% | params={'learning_rate': 0.022630115395799604, 'decay_rate': 1.0097521999556273e-05, 'hidden_size': 64, 'beta1': 0.95, 'beta2': 0.99, 'signal_len': 16, 'cheb_order': 3, 's': 9.638409562871123, 'batch_size': 128, 'k': 4}
Trial 481 finished with value 0.053981223 | dataset=ECG | model=ufgtime_plus | val_MSE=0.006513542 | test_MSE=0.006505676 | MAE=0.053981223 | RMSE=0.080657768 | MAPE=11.741182136% | params={'learning_rate': 0.01738459056836153, 'decay_rate': 1.0042726117311148e-05, 'hidden_size': 64, 'beta1': 0.95, 'beta2': 0.99, 'signal_len': 16, 'cheb_order': 3, 's': 9.128603556974857, 'batch_size': 128, 'k': 3}
Trial 482 finished with value 0.052886685 | dataset=ECG | model=ufgtime_plus | val_MSE=0.006321390 | test_MSE=0.006276500 | MAE=0.052886685 | RMSE=0.079224368 | MAPE=11.487147712% | params={'learning_rate': 0.013643022089385228, 'decay_rate': 1.1591378570549218e-05, 'hidden_size': 64, 'beta1': 0.95, 'beta2': 0.99, 'signal_len': 16, 'cheb_order': 3, 's': 9.582473666707486, 'batch_size': 128, 'k': 5}
Trial 483 finished with value 0.054407612 | dataset=ECG | model=ufgtime_plus | val_MSE=0.006404702 | test_MSE=0.006492782 | MAE=0.054407612 | RMSE=0.080577799 | MAPE=11.904804297% | params={'learning_rate': 0.0136368329403985, 'decay_rate': 1.0122932395513346e-05, 'hidden_size': 64, 'beta1': 0.95, 'beta2': 0.99, 'signal_len': 16, 'cheb_order': 3, 's': 9.650619752683763, 'batch_size': 128, 'k': 4}
Trial 484 finished with value 0.052239124 | dataset=ECG | model=ufgtime_plus | val_MSE=0.006494835 | test_MSE=0.006257779 | MAE=0.052239124 | RMSE=0.079106124 | MAPE=11.395167200% | params={'learning_rate': 0.016182968036474555, 'decay_rate': 1.187561639047604e-05, 'hidden_size': 64, 'beta1': 0.95, 'beta2': 0.99, 'signal_len': 16, 'cheb_order': 3, 's': 9.425214150093582, 'batch_size': 128, 'k': 5}
Trial 485 finished with value 0.054367784 | dataset=ECG | model=ufgtime_plus | val_MSE=0.006479879 | test_MSE=0.006545773 | MAE=0.054367784 | RMSE=0.080905954 | MAPE=11.607072661% | params={'learning_rate': 0.020580507772878613, 'decay_rate': 1.2237092984130749e-05, 'hidden_size': 64, 'beta1': 0.95, 'beta2': 0.99, 'signal_len': 16, 'cheb_order': 3, 's': 9.534878231202976, 'batch_size': 128, 'k': 5}
Trial 486 finished with value 0.053061149 | dataset=ECG | model=ufgtime_plus | val_MSE=0.006376808 | test_MSE=0.006377281 | MAE=0.053061149 | RMSE=0.079857881 | MAPE=11.632092920% | params={'learning_rate': 0.016474078853250453, 'decay_rate': 1.170279516490052e-05, 'hidden_size': 64, 'beta1': 0.95, 'beta2': 0.99, 'signal_len': 16, 'cheb_order': 3, 's': 9.329960409370443, 'batch_size': 128, 'k': 4}
