Trial 379 finished with value 0.053748665 | dataset=ECG | model=ufgtime_plus | val_MSE=0.006358085 | test_MSE=0.006473927 | MAE=0.053748665 | RMSE=0.080460714 | MAPE=11.718322519% | params={'learning_rate': 0.006582435263172838, 'decay_rate': 1.6394863290973636e-05, 'hidden_size': 64, 'beta1': 0.95, 'beta2': 0.99, 'signal_len': 16, 'cheb_order': 2, 's': 6.737709641769014, 'batch_size': 128, 'k': 10}
Trial 380 finished with value 0.054183555 | dataset=ECG | model=ufgtime_plus | val_MSE=0.006333810 | test_MSE=0.006489764 | MAE=0.054183555 | RMSE=0.080559073 | MAPE=11.767740658% | params={'learning_rate': 0.006702544744011973, 'decay_rate': 1.759943223637912e-05, 'hidden_size': 64, 'beta1': 0.95, 'beta2': 0.99, 'signal_len': 16, 'cheb_order': 2, 's': 6.912707374301628, 'batch_size': 128, 'k': 10}
Trial 381 finished with value 0.053907024 | dataset=ECG | model=ufgtime_plus | val_MSE=0.006327596 | test_MSE=0.006497129 | MAE=0.053907024 | RMSE=0.080604769 | MAPE=11.756841048% | params={'learning_rate': 0.006614057122588067, 'decay_rate': 1.1537110402097129e-05, 'hidden_size': 64, 'beta1': 0.95, 'beta2': 0.99, 'signal_len': 16, 'cheb_order': 2, 's': 7.176938455130493, 'batch_size': 128, 'k': 10}
Trial 382 finished with value 0.053951721 | dataset=ECG | model=ufgtime_plus | val_MSE=0.006344222 | test_MSE=0.006503866 | MAE=0.053951721 | RMSE=0.080646551 | MAPE=11.715901878% | params={'learning_rate': 0.005811034163915946, 'decay_rate': 1.3561781838801079e-05, 'hidden_size': 64, 'beta1': 0.95, 'beta2': 0.99, 'signal_len': 16, 'cheb_order': 2, 's': 6.737804861493955, 'batch_size': 128, 'k': 10}
Trial 383 finished with value 0.054240511 | dataset=ECG | model=ufgtime_plus | val_MSE=0.006424545 | test_MSE=0.006559199 | MAE=0.054240511 | RMSE=0.080988885 | MAPE=11.825328131% | params={'learning_rate': 0.0077057298135795975, 'decay_rate': 2.020175171824873e-05, 'hidden_size': 128, 'beta1': 0.95, 'beta2': 0.99, 'signal_len': 16, 'cheb_order': 2, 's': 6.997964973054275, 'batch_size': 128, 'k': 10}
Trial 384 finished with value 0.054578862 | dataset=ECG | model=ufgtime_plus | val_MSE=0.006338929 | test_MSE=0.006646115 | MAE=0.054578862 | RMSE=0.081523707 | MAPE=11.876289459% | params={'learning_rate': 0.005473901053627911, 'decay_rate': 0.002694982678283572, 'hidden_size': 64, 'beta1': 0.95, 'beta2': 0.99, 'signal_len': 16, 'cheb_order': 2, 's': 7.617072400380225, 'batch_size': 128, 'k': 10}
Trial 385 finished with value 0.054236292 | dataset=ECG | model=ufgtime_plus | val_MSE=0.006345575 | test_MSE=0.006511932 | MAE=0.054236292 | RMSE=0.080696540 | MAPE=11.747248896% | params={'learning_rate': 0.0072206046264014405, 'decay_rate': 1.0020510559544016e-05, 'hidden_size': 64, 'beta1': 0.95, 'beta2': 0.99, 'signal_len': 16, 'cheb_order': 2, 's': 6.718399082621832, 'batch_size': 128, 'k': 10}
Trial 386 finished with value 0.053911566 | dataset=ECG | model=ufgtime_plus | val_MSE=0.006351904 | test_MSE=0.006506224 | MAE=0.053911566 | RMSE=0.080661167 | MAPE=11.715793844% | params={'learning_rate': 0.006305453262429569, 'decay_rate': 1.6001653326049342e-05, 'hidden_size': 64, 'beta1': 0.95, 'beta2': 0.99, 'signal_len': 16, 'cheb_order': 2, 's': 6.304267717641915, 'batch_size': 128, 'k': 10}
Trial 387 finished with value 0.054608520 | dataset=ECG | model=ufgtime_plus | val_MSE=0.006147696 | test_MSE=0.006616026 | MAE=0.054608520 | RMSE=0.081338955 | MAPE=11.863100632% | params={'learning_rate': 0.0006141347678695401, 'decay_rate': 0.000742725385802013, 'hidden_size': 64, 'beta1': 0.95, 'beta2': 0.99, 'signal_len': 16, 'cheb_order': 2, 's': 6.462213547397183, 'batch_size': 128, 'k': 10}
Trial 388 finished with value 0.054093145 | dataset=ECG | model=ufgtime_plus | val_MSE=0.006357153 | test_MSE=0.006494030 | MAE=0.054093145 | RMSE=0.080585545 | MAPE=11.768532900% | params={'learning_rate': 0.00489697789977327, 'decay_rate': 1.2933767831073049e-05, 'hidden_size': 64, 'beta1': 0.95, 'beta2': 0.99, 'signal_len': 16, 'cheb_order': 2, 's': 7.145283692186649, 'batch_size': 128, 'k': 10}
Trial 389 finished with value 0.054085458 | dataset=ECG | model=ufgtime_plus | val_MSE=0.006358011 | test_MSE=0.006525458 | MAE=0.054085458 | RMSE=0.080780310 | MAPE=11.795071958% | params={'learning_rate': 0.007798043344649924, 'decay_rate': 1.576057408856151e-05, 'hidden_size': 64, 'beta1': 0.95, 'beta2': 0.99, 'signal_len': 16, 'cheb_order': 2, 's': 6.829911380501159, 'batch_size': 128, 'k': 10}
Trial 390 finished with value 0.054261349 | dataset=ECG | model=ufgtime_plus | val_MSE=0.006304690 | test_MSE=0.006530714 | MAE=0.054261349 | RMSE=0.080812836 | MAPE=11.928251978% | params={'learning_rate': 0.006122862626817184, 'decay_rate': 1.8791380148278518e-05, 'hidden_size': 64, 'beta1': 0.9, 'beta2': 0.99, 'signal_len': 16, 'cheb_order': 2, 's': 6.615598700794523, 'batch_size': 128, 'k': 10}
Trial 391 finished with value 0.054130413 | dataset=ECG | model=ufgtime_plus | val_MSE=0.006367937 | test_MSE=0.006509326 | MAE=0.054130413 | RMSE=0.080680394 | MAPE=11.779998598% | params={'learning_rate': 0.008280545000921334, 'decay_rate': 1.1861435903114443e-05, 'hidden_size': 64, 'beta1': 0.95, 'beta2': 0.99, 'signal_len': 16, 'cheb_order': 2, 's': 7.8825612054029115, 'batch_size': 128, 'k': 10}
Trial 392 finished with value 0.057576703 | dataset=ECG | model=ufgtime_plus | val_MSE=0.006585489 | test_MSE=0.007070104 | MAE=0.057576703 | RMSE=0.084083909 | MAPE=12.725642813% | params={'learning_rate': 0.0045769416511852274, 'decay_rate': 0.006586554694639791, 'hidden_size': 64, 'beta1': 0.95, 'beta2': 0.99, 'signal_len': 8, 'cheb_order': 2, 's': 6.233263560179253, 'batch_size': 128, 'k': 8}
Trial 393 finished with value 0.054592725 | dataset=ECG | model=ufgtime_plus | val_MSE=0.006135333 | test_MSE=0.006617179 | MAE=0.054592725 | RMSE=0.081346043 | MAPE=11.858169286% | params={'learning_rate': 5.986089388489959e-05, 'decay_rate': 2.3564546270287777e-05, 'hidden_size': 64, 'beta1': 0.95, 'beta2': 0.99, 'signal_len': 16, 'cheb_order': 2, 's': 6.45695004555459, 'batch_size': 128, 'k': 9}
Trial 394 finished with value 0.053733052 | dataset=ECG | model=ufgtime_plus | val_MSE=0.006379251 | test_MSE=0.006466216 | MAE=0.053733052 | RMSE=0.080412787 | MAPE=11.719848324% | params={'learning_rate': 0.007166852488406838, 'decay_rate': 1.4798323999825222e-05, 'hidden_size': 64, 'beta1': 0.95, 'beta2': 0.99, 'signal_len': 16, 'cheb_order': 3, 's': 7.37424869619665, 'batch_size': 128, 'k': 9}
Trial 395 finished with value 0.053893762 | dataset=ECG | model=ufgtime_plus | val_MSE=0.006401603 | test_MSE=0.006504487 | MAE=0.053893762 | RMSE=0.080650403 | MAPE=11.632686802% | params={'learning_rate': 0.00770196320087244, 'decay_rate': 1.4465649333768498e-05, 'hidden_size': 64, 'beta1': 0.95, 'beta2': 0.99, 'signal_len': 16, 'cheb_order': 3, 's': 7.620296923718008, 'batch_size': 128, 'k': 9}
Trial 396 finished with value 0.053815444 | dataset=ECG | model=ufgtime_plus | val_MSE=0.006329426 | test_MSE=0.006487081 | MAE=0.053815444 | RMSE=0.080542420 | MAPE=11.631530236% | params={'learning_rate': 0.005509579366350534, 'decay_rate': 1.661409103254773e-05, 'hidden_size': 64, 'beta1': 0.95, 'beta2': 0.99, 'signal_len': 16, 'cheb_order': 3, 's': 7.411712488124416, 'batch_size': 128, 'k': 9}
Trial 397 finished with value 0.053914943 | dataset=ECG | model=ufgtime_plus | val_MSE=0.006398567 | test_MSE=0.006526346 | MAE=0.053914943 | RMSE=0.080785802 | MAPE=11.769378622% | params={'learning_rate': 0.006613587613651176, 'decay_rate': 1.3586075791148756e-05, 'hidden_size': 64, 'beta1': 0.95, 'beta2': 0.99, 'signal_len': 16, 'cheb_order': 3, 's': 7.4217035885522185, 'batch_size': 128, 'k': 9}
Trial 398 finished with value 0.054489647 | dataset=ECG | model=ufgtime_plus | val_MSE=0.006389797 | test_MSE=0.006560018 | MAE=0.054489647 | RMSE=0.080993938 | MAPE=11.816290722% | params={'learning_rate': 0.008943823296122068, 'decay_rate': 1.1721438142374509e-05, 'hidden_size': 64, 'beta1': 0.95, 'beta2': 0.99, 'signal_len': 16, 'cheb_order': 3, 's': 7.175263844924468, 'batch_size': 128, 'k': 9}
Trial 399 finished with value 0.053996571 | dataset=ECG | model=ufgtime_plus | val_MSE=0.006339735 | test_MSE=0.006498751 | MAE=0.053996571 | RMSE=0.080614832 | MAPE=11.688266960% | params={'learning_rate': 0.005096955681297437, 'decay_rate': 1.964369359048986e-05, 'hidden_size': 64, 'beta1': 0.95, 'beta2': 0.99, 'signal_len': 16, 'cheb_order': 3, 's': 7.294910642906774, 'batch_size': 128, 'k': 9}
Trial 400 finished with value 0.053768268 | dataset=ECG | model=ufgtime_plus | val_MSE=0.006381782 | test_MSE=0.006501383 | MAE=0.053768268 | RMSE=0.080631154 | MAPE=11.602289300% | params={'learning_rate': 0.007253167230920877, 'decay_rate': 1.0026943408613976e-05, 'hidden_size': 64, 'beta1': 0.95, 'beta2': 0.99, 'signal_len': 16, 'cheb_order': 3, 's': 7.028666381311984, 'batch_size': 128, 'k': 9}
Trial 401 finished with value 0.054583922 | dataset=ECG | model=ufgtime_plus | val_MSE=0.006358228 | test_MSE=0.006613751 | MAE=0.054583922 | RMSE=0.081324974 | MAPE=11.913380980% | params={'learning_rate': 0.004089781311499844, 'decay_rate': 1.112187056130671e-05, 'hidden_size': 64, 'beta1': 0.95, 'beta2': 0.99, 'signal_len': 16, 'cheb_order': 3, 's': 7.543096356321684, 'batch_size': 128, 'k': 9}
Trial 402 finished with value 0.054231040 | dataset=ECG | model=ufgtime_plus | val_MSE=0.006252978 | test_MSE=0.006580142 | MAE=0.054231040 | RMSE=0.081118074 | MAPE=11.905826756% | params={'learning_rate': 0.0008870456027599026, 'decay_rate': 1.0089615290379488e-05, 'hidden_size': 64, 'beta1': 0.95, 'beta2': 0.99, 'signal_len': 16, 'cheb_order': 3, 's': 7.1047101701904625, 'batch_size': 128, 'k': 9}
Trial 403 finished with value 0.054352776 | dataset=ECG | model=ufgtime_plus | val_MSE=0.006345043 | test_MSE=0.006543605 | MAE=0.054352776 | RMSE=0.080892553 | MAPE=11.750498672% | params={'learning_rate': 0.006721697889559615, 'decay_rate': 1.2444125984931109e-05, 'hidden_size': 64, 'beta1': 0.95, 'beta2': 0.99, 'signal_len': 16, 'cheb_order': 3, 's': 6.987924106006038, 'batch_size': 128, 'k': 9}
Trial 404 finished with value 0.054279761 | dataset=ECG | model=ufgtime_plus | val_MSE=0.006360462 | test_MSE=0.006543127 | MAE=0.054279761 | RMSE=0.080889598 | MAPE=11.848807295% | params={'learning_rate': 0.005840449279054256, 'decay_rate': 1.3919117935215357e-05, 'hidden_size': 64, 'beta1': 0.95, 'beta2': 0.99, 'signal_len': 16, 'cheb_order': 3, 's': 6.932752212826319, 'batch_size': 128, 'k': 9}
Trial 405 finished with value 0.054207555 | dataset=ECG | model=ufgtime_plus | val_MSE=0.006334222 | test_MSE=0.006566159 | MAE=0.054207555 | RMSE=0.081031837 | MAPE=11.865571321% | params={'learning_rate': 0.0036188150539250975, 'decay_rate': 1.2353511294911103e-05, 'hidden_size': 64, 'beta1': 0.95, 'beta2': 0.99, 'signal_len': 16, 'cheb_order': 3, 's': 7.401425923084703, 'batch_size': 128, 'k': 9}
Trial 406 finished with value 0.053768835 | dataset=ECG | model=ufgtime_plus | val_MSE=0.006364533 | test_MSE=0.006473741 | MAE=0.053768835 | RMSE=0.080459561 | MAPE=11.711497727% | params={'learning_rate': 0.007045260470922601, 'decay_rate': 1.5552343757316777e-05, 'hidden_size': 64, 'beta1': 0.95, 'beta2': 0.99, 'signal_len': 16, 'cheb_order': 3, 's': 7.322919003655116, 'batch_size': 128, 'k': 10}
Trial 407 finished with value 0.053725549 | dataset=ECG | model=ufgtime_plus | val_MSE=0.006340359 | test_MSE=0.006500026 | MAE=0.053725549 | RMSE=0.080622740 | MAPE=11.728953929% | params={'learning_rate': 0.006587656783337955, 'decay_rate': 1.648404922550197e-05, 'hidden_size': 64, 'beta1': 0.95, 'beta2': 0.99, 'signal_len': 16, 'cheb_order': 3, 's': 7.7673697627841625, 'batch_size': 128, 'k': 10}
Trial 408 finished with value 0.054511787 | dataset=ECG | model=ufgtime_plus | val_MSE=0.006360744 | test_MSE=0.006537984 | MAE=0.054511787 | RMSE=0.080857802 | MAPE=11.805481884% | params={'learning_rate': 0.007098988464572951, 'decay_rate': 1.650919716540846e-05, 'hidden_size': 64, 'beta1': 0.95, 'beta2': 0.99, 'signal_len': 16, 'cheb_order': 3, 's': 7.756454878214436, 'batch_size': 128, 'k': 10}
Trial 409 finished with value 0.054250469 | dataset=ECG | model=ufgtime_plus | val_MSE=0.006410452 | test_MSE=0.006530589 | MAE=0.054250469 | RMSE=0.080812058 | MAPE=11.848835366% | params={'learning_rate': 0.009217822878028045, 'decay_rate': 1.7697811806411987e-05, 'hidden_size': 64, 'beta1': 0.95, 'beta2': 0.99, 'signal_len': 16, 'cheb_order': 3, 's': 8.060468930694721, 'batch_size': 128, 'k': 10}
Trial 410 finished with value 0.054026112 | dataset=ECG | model=ufgtime_plus | val_MSE=0.006410741 | test_MSE=0.006478077 | MAE=0.054026112 | RMSE=0.080486505 | MAPE=11.776610365% | params={'learning_rate': 0.007563745454761098, 'decay_rate': 1.5240528922310264e-05, 'hidden_size': 64, 'beta1': 0.95, 'beta2': 0.99, 'signal_len': 16, 'cheb_order': 3, 's': 7.606243977658902, 'batch_size': 128, 'k': 10}
Trial 411 finished with value 0.053793976 | dataset=ECG | model=ufgtime_plus | val_MSE=0.006335437 | test_MSE=0.006492169 | MAE=0.053793976 | RMSE=0.080573997 | MAPE=11.669527865% | params={'learning_rate': 0.006212585817851973, 'decay_rate': 1.9118944399807894e-05, 'hidden_size': 64, 'beta1': 0.95, 'beta2': 0.99, 'signal_len': 16, 'cheb_order': 3, 's': 7.768788112832242, 'batch_size': 128, 'k': 10}
Trial 412 finished with value 0.053899422 | dataset=ECG | model=ufgtime_plus | val_MSE=0.006464368 | test_MSE=0.006508426 | MAE=0.053899422 | RMSE=0.080674819 | MAPE=11.768162632% | params={'learning_rate': 0.009522443017150177, 'decay_rate': 1.5354463998437568e-05, 'hidden_size': 64, 'beta1': 0.95, 'beta2': 0.99, 'signal_len': 16, 'cheb_order': 3, 's': 7.323932352253498, 'batch_size': 128, 'k': 3}
Trial 413 finished with value 0.055672351 | dataset=ECG | model=ufgtime_plus | val_MSE=0.006550804 | test_MSE=0.006821835 | MAE=0.055672351 | RMSE=0.082594403 | MAPE=12.194904869% | params={'learning_rate': 0.007206382363361263, 'decay_rate': 1.0036052613671177e-05, 'hidden_size': 64, 'beta1': 0.95, 'beta2': 0.99, 'signal_len': 8, 'cheb_order': 3, 's': 7.544615986127412, 'batch_size': 128, 'k': 10}
Trial 414 finished with value 0.053837658 | dataset=ECG | model=ufgtime_plus | val_MSE=0.006339105 | test_MSE=0.006487000 | MAE=0.053837658 | RMSE=0.080541912 | MAPE=11.721324300% | params={'learning_rate': 0.005178802154848311, 'decay_rate': 1.445553357252713e-05, 'hidden_size': 64, 'beta1': 0.95, 'beta2': 0.99, 'signal_len': 16, 'cheb_order': 3, 's': 8.222090522044006, 'batch_size': 128, 'k': 10}
Trial 415 finished with value 0.053839656 | dataset=ECG | model=ufgtime_plus | val_MSE=0.006375868 | test_MSE=0.006507516 | MAE=0.053839656 | RMSE=0.080669177 | MAPE=11.692976627% | params={'learning_rate': 0.008156647337081406, 'decay_rate': 2.0171737388046278e-05, 'hidden_size': 64, 'beta1': 0.95, 'beta2': 0.99, 'signal_len': 16, 'cheb_order': 3, 's': 7.2331982279387805, 'batch_size': 128, 'k': 10}
Trial 416 finished with value 0.054024403 | dataset=ECG | model=ufgtime_plus | val_MSE=0.006342884 | test_MSE=0.006532234 | MAE=0.054024403 | RMSE=0.080822238 | MAPE=11.889864979% | params={'learning_rate': 0.006146352638325733, 'decay_rate': 1.635628071584452e-05, 'hidden_size': 64, 'beta1': 0.95, 'beta2': 0.99, 'signal_len': 16, 'cheb_order': 3, 's': 7.298883226183841, 'batch_size': 128, 'k': 10}
Trial 417 finished with value 0.053719386 | dataset=ECG | model=ufgtime_plus | val_MSE=0.006311857 | test_MSE=0.006486960 | MAE=0.053719386 | RMSE=0.080541665 | MAPE=11.716582349% | params={'learning_rate': 0.00485228411289193, 'decay_rate': 1.3701517971440224e-05, 'hidden_size': 64, 'beta1': 0.95, 'beta2': 0.99, 'signal_len': 16, 'cheb_order': 3, 's': 7.848592217910007, 'batch_size': 128, 'k': 10}
Trial 418 finished with value 0.054373333 | dataset=ECG | model=ufgtime_plus | val_MSE=0.006362943 | test_MSE=0.006552664 | MAE=0.054373333 | RMSE=0.080948526 | MAPE=11.824127845% | params={'learning_rate': 0.004398983846053256, 'decay_rate': 1.3176452303390807e-05, 'hidden_size': 64, 'beta1': 0.95, 'beta2': 0.99, 'signal_len': 16, 'cheb_order': 3, 's': 7.999420732070229, 'batch_size': 128, 'k': 10}
Trial 419 finished with value 0.053682387 | dataset=ECG | model=ufgtime_plus | val_MSE=0.006326304 | test_MSE=0.006497334 | MAE=0.053682387 | RMSE=0.080606044 | MAPE=11.688352326% | params={'learning_rate': 0.005079457003017148, 'decay_rate': 1.1404435608155099e-05, 'hidden_size': 64, 'beta1': 0.95, 'beta2': 0.99, 'signal_len': 16, 'cheb_order': 3, 's': 7.888365000772232, 'batch_size': 128, 'k': 10}
Trial 420 finished with value 0.054251261 | dataset=ECG | model=ufgtime_plus | val_MSE=0.006317424 | test_MSE=0.006530740 | MAE=0.054251261 | RMSE=0.080812994 | MAPE=11.736080879% | params={'learning_rate': 0.0030890398860887987, 'decay_rate': 1.0040370125059367e-05, 'hidden_size': 64, 'beta1': 0.95, 'beta2': 0.99, 'signal_len': 16, 'cheb_order': 3, 's': 7.858128006525501, 'batch_size': 128, 'k': 10}
Trial 421 finished with value 0.054150508 | dataset=ECG | model=ufgtime_plus | val_MSE=0.006430806 | test_MSE=0.006502137 | MAE=0.054150508 | RMSE=0.080635831 | MAPE=11.719392078% | params={'learning_rate': 0.010556707822409223, 'decay_rate': 1.1495756339986119e-05, 'hidden_size': 64, 'beta1': 0.95, 'beta2': 0.99, 'signal_len': 16, 'cheb_order': 3, 's': 7.885028401051611, 'batch_size': 128, 'k': 10}
Trial 422 finished with value 0.053831496 | dataset=ECG | model=ufgtime_plus | val_MSE=0.006328663 | test_MSE=0.006515293 | MAE=0.053831496 | RMSE=0.080717365 | MAPE=11.819756821% | params={'learning_rate': 0.004436775482125291, 'decay_rate': 1.4477528120193324e-05, 'hidden_size': 64, 'beta1': 0.95, 'beta2': 0.99, 'signal_len': 16, 'cheb_order': 3, 's': 8.078588228990276, 'batch_size': 128, 'k': 10}
Trial 423 finished with value 0.053774983 | dataset=ECG | model=ufgtime_plus | val_MSE=0.006365859 | test_MSE=0.006513130 | MAE=0.053774983 | RMSE=0.080703965 | MAPE=11.569643976% | params={'learning_rate': 0.006663181883133822, 'decay_rate': 1.731559158242933e-05, 'hidden_size': 64, 'beta1': 0.95, 'beta2': 0.99, 'signal_len': 16, 'cheb_order': 3, 's': 7.652951188072533, 'batch_size': 128, 'k': 10}
Trial 424 finished with value 0.054363787 | dataset=ECG | model=ufgtime_plus | val_MSE=0.006472316 | test_MSE=0.006616421 | MAE=0.054363787 | RMSE=0.081341385 | MAPE=11.923138556% | params={'learning_rate': 0.008893002798245953, 'decay_rate': 1.766999233629051e-05, 'hidden_size': 128, 'beta1': 0.95, 'beta2': 0.99, 'signal_len': 16, 'cheb_order': 3, 's': 7.721664010052317, 'batch_size': 128, 'k': 10}
Trial 425 finished with value 0.054248051 | dataset=ECG | model=ufgtime_plus | val_MSE=0.006298621 | test_MSE=0.006532597 | MAE=0.054248051 | RMSE=0.080824481 | MAPE=11.938946879% | params={'learning_rate': 0.0069431857590961455, 'decay_rate': 2.0613608542838158e-05, 'hidden_size': 64, 'beta1': 0.9, 'beta2': 0.99, 'signal_len': 16, 'cheb_order': 3, 's': 8.14296744581827, 'batch_size': 128, 'k': 10}
Trial 426 finished with value 0.053810050 | dataset=ECG | model=ufgtime_plus | val_MSE=0.006357200 | test_MSE=0.006469033 | MAE=0.053810050 | RMSE=0.080430296 | MAPE=11.779700913% | params={'learning_rate': 0.007859566713795276, 'decay_rate': 1.663643613556706e-05, 'hidden_size': 64, 'beta1': 0.95, 'beta2': 0.99, 'signal_len': 16, 'cheb_order': 3, 's': 7.882324804843676, 'batch_size': 128, 'k': 10}
Trial 427 finished with value 0.054379562 | dataset=ECG | model=ufgtime_plus | val_MSE=0.006433695 | test_MSE=0.006560004 | MAE=0.054379562 | RMSE=0.080993851 | MAPE=11.698714499% | params={'learning_rate': 0.009916466210437385, 'decay_rate': 1.7908983637069598e-05, 'hidden_size': 64, 'beta1': 0.95, 'beta2': 0.99, 'signal_len': 16, 'cheb_order': 3, 's': 7.670175010393815, 'batch_size': 128, 'k': 10}
Trial 428 finished with value 0.054331641 | dataset=ECG | model=ufgtime_plus | val_MSE=0.006266488 | test_MSE=0.006586165 | MAE=0.054331641 | RMSE=0.081155192 | MAPE=11.833563802% | params={'learning_rate': 0.0011473754270077533, 'decay_rate': 1.3837265847739601e-05, 'hidden_size': 64, 'beta1': 0.95, 'beta2': 0.99, 'signal_len': 16, 'cheb_order': 3, 's': 7.491625432280971, 'batch_size': 128, 'k': 10}
Trial 429 finished with value 0.054001884 | dataset=ECG | model=ufgtime_plus | val_MSE=0.006379885 | test_MSE=0.006489559 | MAE=0.054001884 | RMSE=0.080557798 | MAPE=11.692738084% | params={'learning_rate': 0.006600978385999565, 'decay_rate': 1.46582356272015e-05, 'hidden_size': 64, 'beta1': 0.95, 'beta2': 0.99, 'signal_len': 16, 'cheb_order': 3, 's': 7.8779299389707695, 'batch_size': 128, 'k': 10}
Trial 430 finished with value 0.053933112 | dataset=ECG | model=ufgtime_plus | val_MSE=0.006298536 | test_MSE=0.006496815 | MAE=0.053933112 | RMSE=0.080602824 | MAPE=11.639333998% | params={'learning_rate': 0.005883311613734513, 'decay_rate': 2.1189358614577053e-05, 'hidden_size': 64, 'beta1': 0.95, 'beta2': 0.99, 'signal_len': 16, 'cheb_order': 3, 's': 7.767542041086536, 'batch_size': 128, 'k': 10}
Trial 431 finished with value 0.053993824 | dataset=ECG | model=ufgtime_plus | val_MSE=0.006408761 | test_MSE=0.006516234 | MAE=0.053993824 | RMSE=0.080723194 | MAPE=11.830895484% | params={'learning_rate': 0.011284209464600894, 'decay_rate': 1.7581184632433223e-05, 'hidden_size': 64, 'beta1': 0.95, 'beta2': 0.99, 'signal_len': 16, 'cheb_order': 3, 's': 8.208550764544285, 'batch_size': 128, 'k': 10}
Trial 432 finished with value 0.053748460 | dataset=ECG | model=ufgtime_plus | val_MSE=0.006408452 | test_MSE=0.006520800 | MAE=0.053748460 | RMSE=0.080751468 | MAPE=11.576127433% | params={'learning_rate': 0.008211544597886656, 'decay_rate': 1.2282411186083831e-05, 'hidden_size': 64, 'beta1': 0.95, 'beta2': 0.99, 'signal_len': 16, 'cheb_order': 3, 's': 7.683837826936338, 'batch_size': 128, 'k': 10}
