Trial 487 finished with value 0.055577165 | dataset=ECG | model=ufgtime_plus | val_MSE=0.006492872 | test_MSE=0.006629676 | MAE=0.055577165 | RMSE=0.081422821 | MAPE=12.003394313% | params={'learning_rate': 0.016742791322859236, 'decay_rate': 1.2114450692889059e-05, 'hidden_size': 64, 'beta1': 0.95, 'beta2': 0.99, 'signal_len': 16, 'cheb_order': 3, 's': 9.388300060427373, 'batch_size': 128, 'k': 5}
Trial 488 finished with value 0.054804160 | dataset=ECG | model=ufgtime_plus | val_MSE=0.006483095 | test_MSE=0.006582361 | MAE=0.054804160 | RMSE=0.081131754 | MAPE=11.754511837% | params={'learning_rate': 0.01970323561881471, 'decay_rate': 1.2168665446779542e-05, 'hidden_size': 64, 'beta1': 0.95, 'beta2': 0.99, 'signal_len': 16, 'cheb_order': 3, 's': 9.24285142162901, 'batch_size': 128, 'k': 4}
Trial 489 finished with value 0.053129185 | dataset=ECG | model=ufgtime_plus | val_MSE=0.006441324 | test_MSE=0.006361946 | MAE=0.053129185 | RMSE=0.079761808 | MAPE=11.625383872% | params={'learning_rate': 0.01663152561384135, 'decay_rate': 1.1917206455445763e-05, 'hidden_size': 64, 'beta1': 0.95, 'beta2': 0.99, 'signal_len': 16, 'cheb_order': 3, 's': 9.756515228798257, 'batch_size': 128, 'k': 4}
Trial 490 finished with value 0.054257388 | dataset=ECG | model=ufgtime_plus | val_MSE=0.006429311 | test_MSE=0.006508352 | MAE=0.054257388 | RMSE=0.080674359 | MAPE=11.926242041% | params={'learning_rate': 0.022190347164371793, 'decay_rate': 1.2144890856461175e-05, 'hidden_size': 64, 'beta1': 0.95, 'beta2': 0.99, 'signal_len': 16, 'cheb_order': 3, 's': 9.954030371618384, 'batch_size': 128, 'k': 4}
Trial 491 finished with value 0.053785988 | dataset=ECG | model=ufgtime_plus | val_MSE=0.006480458 | test_MSE=0.006499086 | MAE=0.053785988 | RMSE=0.080616910 | MAPE=11.726920341% | params={'learning_rate': 0.017275038713184813, 'decay_rate': 1.2427892781133265e-05, 'hidden_size': 64, 'beta1': 0.95, 'beta2': 0.99, 'signal_len': 16, 'cheb_order': 3, 's': 9.744014999208394, 'batch_size': 128, 'k': 5}
Trial 492 finished with value 0.052993163 | dataset=ECG | model=ufgtime_plus | val_MSE=0.006368384 | test_MSE=0.006344468 | MAE=0.052993163 | RMSE=0.079652167 | MAPE=11.469402725% | params={'learning_rate': 0.01418834461406008, 'decay_rate': 1.0027284745342218e-05, 'hidden_size': 64, 'beta1': 0.95, 'beta2': 0.99, 'signal_len': 16, 'cheb_order': 3, 's': 9.823553933773475, 'batch_size': 128, 'k': 3}
Trial 493 finished with value 0.052835049 | dataset=ECG | model=ufgtime_plus | val_MSE=0.006390966 | test_MSE=0.006304858 | MAE=0.052835049 | RMSE=0.079403134 | MAPE=11.348356778% | params={'learning_rate': 0.012840139149524213, 'decay_rate': 1.1974619914874493e-05, 'hidden_size': 64, 'beta1': 0.95, 'beta2': 0.99, 'signal_len': 16, 'cheb_order': 3, 's': 9.514183616341692, 'batch_size': 128, 'k': 3}
Trial 494 finished with value 0.054098170 | dataset=ECG | model=ufgtime_plus | val_MSE=0.006448302 | test_MSE=0.006504326 | MAE=0.054098170 | RMSE=0.080649404 | MAPE=11.834756376% | params={'learning_rate': 0.013210025191319533, 'decay_rate': 1.008589216787356e-05, 'hidden_size': 64, 'beta1': 0.95, 'beta2': 0.99, 'signal_len': 16, 'cheb_order': 3, 's': 9.474474594354128, 'batch_size': 128, 'k': 3}
Trial 495 finished with value 0.052135141 | dataset=ECG | model=ufgtime_plus | val_MSE=0.006453040 | test_MSE=0.006246376 | MAE=0.052135141 | RMSE=0.079034018 | MAPE=11.450153349% | params={'learning_rate': 0.01343975042216825, 'decay_rate': 1.2707819502804139e-05, 'hidden_size': 64, 'beta1': 0.95, 'beta2': 0.99, 'signal_len': 16, 'cheb_order': 3, 's': 9.844074760441869, 'batch_size': 128, 'k': 3}
Trial 496 finished with value 0.053922386 | dataset=ECG | model=ufgtime_plus | val_MSE=0.006395605 | test_MSE=0.006450512 | MAE=0.053922386 | RMSE=0.080315077 | MAPE=11.803414645% | params={'learning_rate': 0.013677366175626083, 'decay_rate': 1.285497901637768e-05, 'hidden_size': 64, 'beta1': 0.95, 'beta2': 0.99, 'signal_len': 16, 'cheb_order': 3, 's': 9.449766145033008, 'batch_size': 128, 'k': 3}
Trial 497 finished with value 0.054898016 | dataset=ECG | model=ufgtime_plus | val_MSE=0.006554188 | test_MSE=0.006676886 | MAE=0.054898016 | RMSE=0.081712213 | MAPE=11.938336803% | params={'learning_rate': 0.01277018202658094, 'decay_rate': 1.2826900383502455e-05, 'hidden_size': 64, 'beta1': 0.95, 'beta2': 0.99, 'signal_len': 8, 'cheb_order': 3, 's': 9.86318192767386, 'batch_size': 128, 'k': 3}
Trial 498 finished with value 0.054379092 | dataset=ECG | model=ufgtime_plus | val_MSE=0.006446482 | test_MSE=0.006567477 | MAE=0.054379092 | RMSE=0.081039973 | MAPE=11.898238661% | params={'learning_rate': 0.013298350140680976, 'decay_rate': 1.004630834170492e-05, 'hidden_size': 128, 'beta1': 0.95, 'beta2': 0.99, 'signal_len': 16, 'cheb_order': 3, 's': 9.492831276378242, 'batch_size': 128, 'k': 3}
Trial 499 finished with value 0.054924405 | dataset=ECG | model=ufgtime_plus | val_MSE=0.006400578 | test_MSE=0.006593367 | MAE=0.054924405 | RMSE=0.081199549 | MAPE=12.097944729% | params={'learning_rate': 0.023865299522609372, 'decay_rate': 1.1800746952902035e-05, 'hidden_size': 64, 'beta1': 0.95, 'beta2': 0.99, 'signal_len': 16, 'cheb_order': 3, 's': 8.939526351414868, 'batch_size': 128, 'k': 3}
Best trial 495 | value=0.052135141 | dataset=ECG | model=ufgtime_plus | params={'learning_rate': 0.01343975042216825, 'decay_rate': 1.2707819502804139e-05, 'hidden_size': 64, 'beta1': 0.95, 'beta2': 0.99, 'signal_len': 16, 'cheb_order': 3, 's': 9.844074760441869, 'batch_size': 128, 'k': 3} | val_MSE=0.006453040 | test_MSE=0.006246376 | MAE=0.052135141 | RMSE=0.079034018 | MAPE=11.450153349%
