Trial 55 finished with value 0.054396081 | dataset=ECG | model=ufgtime_plus | val_MSE=0.006391478 | test_MSE=0.006557555 | MAE=0.054396081 | RMSE=0.080978733 | MAPE=11.778022699% | params={'learning_rate': 0.01915844996632253, 'decay_rate': 3.446994332464239e-05, 'hidden_size': 32, 'beta1': 0.9, 'beta2': 0.999, 'signal_len': 16, 'cheb_order': 2, 's': 3.3761559208304943, 'batch_size': 256, 'k': 10}
Trial 56 finished with value 0.054342113 | dataset=ECG | model=ufgtime_plus | val_MSE=0.006490807 | test_MSE=0.006587980 | MAE=0.054342113 | RMSE=0.081166375 | MAPE=11.821014378% | params={'learning_rate': 0.010183433813249048, 'decay_rate': 6.844116184556536e-05, 'hidden_size': 32, 'beta1': 0.99, 'beta2': 0.999, 'signal_len': 16, 'cheb_order': 2, 's': 2.8905874929588036, 'batch_size': 256, 'k': 10}
Trial 57 finished with value 0.239675484 | dataset=ECG | model=ufgtime_plus | val_MSE=0.089147886 | test_MSE=0.088231414 | MAE=0.239675484 | RMSE=0.297037731 | MAPE=41.158936415% | params={'learning_rate': 1.774025544576384e-05, 'decay_rate': 0.0003652056886236779, 'hidden_size': 32, 'beta1': 0.9, 'beta2': 0.999, 'signal_len': 16, 'cheb_order': 2, 's': 4.242594187101844, 'batch_size': 256, 'k': 9}
Trial 58 finished with value 0.055141089 | dataset=ECG | model=ufgtime_plus | val_MSE=0.006427761 | test_MSE=0.006673595 | MAE=0.055141089 | RMSE=0.081692075 | MAPE=12.024110071% | params={'learning_rate': 0.005664631512612089, 'decay_rate': 0.0006637248741455794, 'hidden_size': 32, 'beta1': 0.9, 'beta2': 0.999, 'signal_len': 16, 'cheb_order': 2, 's': 3.735747079604505, 'batch_size': 256, 'k': 10}
Trial 59 finished with value 0.055844765 | dataset=ECG | model=ufgtime_plus | val_MSE=0.006411040 | test_MSE=0.006826455 | MAE=0.055844765 | RMSE=0.082622364 | MAPE=12.289822094% | params={'learning_rate': 0.0028691445558138053, 'decay_rate': 0.0001437131521975703, 'hidden_size': 32, 'beta1': 0.9, 'beta2': 0.999, 'signal_len': 16, 'cheb_order': 2, 's': 5.973638096628866, 'batch_size': 256, 'k': 9}
Trial 60 finished with value 0.054473798 | dataset=ECG | model=ufgtime_plus | val_MSE=0.006515528 | test_MSE=0.006591753 | MAE=0.054473798 | RMSE=0.081189613 | MAPE=11.836683262% | params={'learning_rate': 0.011856639234814408, 'decay_rate': 0.00020957522798610554, 'hidden_size': 64, 'beta1': 0.9, 'beta2': 0.99, 'signal_len': 16, 'cheb_order': 2, 's': 4.573779415297936, 'batch_size': 256, 'k': 10}
Trial 61 finished with value 0.054514129 | dataset=ECG | model=ufgtime_plus | val_MSE=0.006389637 | test_MSE=0.006637402 | MAE=0.054514129 | RMSE=0.081470252 | MAPE=11.896691173% | params={'learning_rate': 0.0329518901871969, 'decay_rate': 7.391947851327181e-05, 'hidden_size': 32, 'beta1': 0.9, 'beta2': 0.95, 'signal_len': 16, 'cheb_order': 2, 's': 4.584722724133816, 'batch_size': 256, 'k': 9}
Trial 62 finished with value 0.054623284 | dataset=ECG | model=ufgtime_plus | val_MSE=0.006353850 | test_MSE=0.006636131 | MAE=0.054623284 | RMSE=0.081462451 | MAPE=12.011355460% | params={'learning_rate': 0.016325227284052175, 'decay_rate': 0.00014743503337579026, 'hidden_size': 32, 'beta1': 0.9, 'beta2': 0.95, 'signal_len': 16, 'cheb_order': 2, 's': 5.131251675161543, 'batch_size': 256, 'k': 10}
Trial 63 finished with value 0.054097870 | dataset=ECG | model=ufgtime_plus | val_MSE=0.006375981 | test_MSE=0.006517002 | MAE=0.054097870 | RMSE=0.080727952 | MAPE=11.748803625% | params={'learning_rate': 0.014987513187809937, 'decay_rate': 1.7097679633545774e-05, 'hidden_size': 32, 'beta1': 0.9, 'beta2': 0.999, 'signal_len': 16, 'cheb_order': 2, 's': 4.295502007014323, 'batch_size': 256, 'k': 8}
Trial 64 finished with value 0.055027596 | dataset=ECG | model=ufgtime_plus | val_MSE=0.006345267 | test_MSE=0.006621750 | MAE=0.055027596 | RMSE=0.081374138 | MAPE=11.876203433% | params={'learning_rate': 0.014730117527874599, 'decay_rate': 1.4768192889923084e-05, 'hidden_size': 32, 'beta1': 0.9, 'beta2': 0.999, 'signal_len': 16, 'cheb_order': 2, 's': 4.192136027912644, 'batch_size': 256, 'k': 8}
Trial 65 finished with value 0.054122592 | dataset=ECG | model=ufgtime_plus | val_MSE=0.006367533 | test_MSE=0.006522111 | MAE=0.054122592 | RMSE=0.080759591 | MAPE=11.766611612% | params={'learning_rate': 0.008807619890136103, 'decay_rate': 2.3398894223555773e-05, 'hidden_size': 32, 'beta1': 0.9, 'beta2': 0.999, 'signal_len': 16, 'cheb_order': 2, 's': 5.643000700407214, 'batch_size': 256, 'k': 9}
Trial 66 finished with value 0.054340178 | dataset=ECG | model=ufgtime_plus | val_MSE=0.006319298 | test_MSE=0.006559666 | MAE=0.054340178 | RMSE=0.080991766 | MAPE=11.779599889% | params={'learning_rate': 0.009504613102593141, 'decay_rate': 1.6707566511689587e-05, 'hidden_size': 32, 'beta1': 0.9, 'beta2': 0.999, 'signal_len': 16, 'cheb_order': 2, 's': 5.754095847671944, 'batch_size': 256, 'k': 8}
Trial 67 finished with value 0.054408256 | dataset=ECG | model=ufgtime_plus | val_MSE=0.006403092 | test_MSE=0.006554450 | MAE=0.054408256 | RMSE=0.080959561 | MAPE=11.779201773% | params={'learning_rate': 0.021785114290765455, 'decay_rate': 2.707940131054072e-05, 'hidden_size': 32, 'beta1': 0.9, 'beta2': 0.999, 'signal_len': 16, 'cheb_order': 2, 's': 6.636309918011291, 'batch_size': 256, 'k': 9}
Trial 68 finished with value 0.054715451 | dataset=ECG | model=ufgtime_plus | val_MSE=0.006308515 | test_MSE=0.006631165 | MAE=0.054715451 | RMSE=0.081431965 | MAPE=11.940285546% | params={'learning_rate': 0.004729702883486837, 'decay_rate': 1.9884268911905223e-05, 'hidden_size': 32, 'beta1': 0.9, 'beta2': 0.999, 'signal_len': 16, 'cheb_order': 2, 's': 5.345419254417266, 'batch_size': 256, 'k': 8}
Trial 69 finished with value 0.054068958 | dataset=ECG | model=ufgtime_plus | val_MSE=0.006392069 | test_MSE=0.006525191 | MAE=0.054068958 | RMSE=0.080778657 | MAPE=11.742998243% | params={'learning_rate': 0.007744836368713432, 'decay_rate': 5.121939099306111e-05, 'hidden_size': 32, 'beta1': 0.99, 'beta2': 0.999, 'signal_len': 16, 'cheb_order': 2, 's': 5.733093415907135, 'batch_size': 256, 'k': 9}
Trial 70 finished with value 0.055843287 | dataset=ECG | model=ufgtime_plus | val_MSE=0.006391783 | test_MSE=0.006848298 | MAE=0.055843287 | RMSE=0.082754446 | MAPE=12.218259031% | params={'learning_rate': 0.0011834982815163235, 'decay_rate': 0.0002602127380376983, 'hidden_size': 64, 'beta1': 0.99, 'beta2': 0.999, 'signal_len': 16, 'cheb_order': 2, 's': 4.953906604912827, 'batch_size': 256, 'k': 8}
Trial 71 finished with value 0.055496753 | dataset=ECG | model=ufgtime_plus | val_MSE=0.006567572 | test_MSE=0.006731421 | MAE=0.055496753 | RMSE=0.082045237 | MAPE=11.996848318% | params={'learning_rate': 0.006920144403775591, 'decay_rate': 2.385793916963075e-05, 'hidden_size': 32, 'beta1': 0.99, 'beta2': 0.999, 'signal_len': 16, 'cheb_order': 2, 's': 6.290761643606691, 'batch_size': 256, 'k': 9}
Trial 72 finished with value 0.053987799 | dataset=ECG | model=ufgtime_plus | val_MSE=0.006373804 | test_MSE=0.006526026 | MAE=0.053987799 | RMSE=0.080783821 | MAPE=11.716729300% | params={'learning_rate': 0.01771013651516487, 'decay_rate': 5.493862858201384e-05, 'hidden_size': 32, 'beta1': 0.99, 'beta2': 0.999, 'signal_len': 16, 'cheb_order': 2, 's': 5.711488821135905, 'batch_size': 256, 'k': 9}
Trial 73 finished with value 0.053940068 | dataset=ECG | model=ufgtime_plus | val_MSE=0.006287163 | test_MSE=0.006535695 | MAE=0.053940068 | RMSE=0.080843646 | MAPE=11.590961946% | params={'learning_rate': 0.018227190505364737, 'decay_rate': 7.776026030170508e-05, 'hidden_size': 32, 'beta1': 0.99, 'beta2': 0.999, 'signal_len': 16, 'cheb_order': 2, 's': 4.913249507192475, 'batch_size': 256, 'k': 9}
Trial 74 finished with value 0.057459427 | dataset=ECG | model=ufgtime_plus | val_MSE=0.006703534 | test_MSE=0.007088084 | MAE=0.057459427 | RMSE=0.084190760 | MAPE=12.461789223% | params={'learning_rate': 0.026566896867255548, 'decay_rate': 5.359451678480079e-05, 'hidden_size': 32, 'beta1': 0.99, 'beta2': 0.999, 'signal_len': 16, 'cheb_order': 2, 's': 7.076130031640484, 'batch_size': 256, 'k': 9}
Trial 75 finished with value 0.054406843 | dataset=ECG | model=ufgtime_plus | val_MSE=0.006490625 | test_MSE=0.006590326 | MAE=0.054406843 | RMSE=0.081180825 | MAPE=11.840819802% | params={'learning_rate': 0.020404758280598737, 'decay_rate': 7.635959121683203e-05, 'hidden_size': 32, 'beta1': 0.99, 'beta2': 0.999, 'signal_len': 16, 'cheb_order': 2, 's': 6.683662207045254, 'batch_size': 256, 'k': 9}
Trial 76 finished with value 0.057149015 | dataset=ECG | model=ufgtime_plus | val_MSE=0.006598750 | test_MSE=0.007102516 | MAE=0.057149015 | RMSE=0.084276426 | MAPE=12.683649676% | params={'learning_rate': 0.01786502314518312, 'decay_rate': 0.00011886748682497147, 'hidden_size': 32, 'beta1': 0.99, 'beta2': 0.999, 'signal_len': 16, 'cheb_order': 2, 's': 6.172101199635673, 'batch_size': 256, 'k': 10}
Trial 77 finished with value 0.057181425 | dataset=ECG | model=ufgtime_plus | val_MSE=0.006607637 | test_MSE=0.007070199 | MAE=0.057181425 | RMSE=0.084084476 | MAPE=12.489931646% | params={'learning_rate': 0.03203379172099398, 'decay_rate': 0.00018564244307302656, 'hidden_size': 32, 'beta1': 0.99, 'beta2': 0.999, 'signal_len': 16, 'cheb_order': 2, 's': 5.393331475475914, 'batch_size': 256, 'k': 10}
Trial 78 finished with value 0.054332476 | dataset=ECG | model=ufgtime_plus | val_MSE=0.006437284 | test_MSE=0.006525803 | MAE=0.054332476 | RMSE=0.080782442 | MAPE=11.850156055% | params={'learning_rate': 0.03660016154606631, 'decay_rate': 5.310743891524467e-05, 'hidden_size': 32, 'beta1': 0.99, 'beta2': 0.99, 'signal_len': 16, 'cheb_order': 2, 's': 4.961417404352384, 'batch_size': 256, 'k': 4}
Trial 79 finished with value 0.058468403 | dataset=ECG | model=ufgtime_plus | val_MSE=0.006870203 | test_MSE=0.007310462 | MAE=0.058468403 | RMSE=0.085501239 | MAPE=12.984063106% | params={'learning_rate': 8.919413407962749e-05, 'decay_rate': 9.816242783151064e-05, 'hidden_size': 32, 'beta1': 0.99, 'beta2': 0.999, 'signal_len': 16, 'cheb_order': 2, 's': 4.752476302081076, 'batch_size': 256, 'k': 9}
Trial 80 finished with value 0.056911602 | dataset=ECG | model=ufgtime_plus | val_MSE=0.006538844 | test_MSE=0.007042927 | MAE=0.056911602 | RMSE=0.083922147 | MAPE=12.437668933% | params={'learning_rate': 0.024690335646953467, 'decay_rate': 0.00032799394352434064, 'hidden_size': 32, 'beta1': 0.99, 'beta2': 0.999, 'signal_len': 16, 'cheb_order': 2, 's': 2.3514305835128217, 'batch_size': 256, 'k': 9}
Trial 81 finished with value 0.053984600 | dataset=ECG | model=ufgtime_plus | val_MSE=0.006365509 | test_MSE=0.006521994 | MAE=0.053984600 | RMSE=0.080758860 | MAPE=11.795718985% | params={'learning_rate': 0.016489911708984485, 'decay_rate': 4.3959297224228916e-05, 'hidden_size': 32, 'beta1': 0.99, 'beta2': 0.999, 'signal_len': 16, 'cheb_order': 2, 's': 3.7109642277891672, 'batch_size': 256, 'k': 8}
Trial 82 finished with value 0.054383099 | dataset=ECG | model=ufgtime_plus | val_MSE=0.006474955 | test_MSE=0.006585495 | MAE=0.054383099 | RMSE=0.081151060 | MAPE=11.800803807% | params={'learning_rate': 0.009040838559530811, 'decay_rate': 8.037063167440494e-05, 'hidden_size': 32, 'beta1': 0.99, 'beta2': 0.999, 'signal_len': 16, 'cheb_order': 2, 's': 3.1015795032678097, 'batch_size': 256, 'k': 8}
Trial 83 finished with value 0.054716779 | dataset=ECG | model=ufgtime_plus | val_MSE=0.006562971 | test_MSE=0.006677094 | MAE=0.054716779 | RMSE=0.081713487 | MAPE=11.919992301% | params={'learning_rate': 0.01341445376758381, 'decay_rate': 4.390088412780923e-05, 'hidden_size': 32, 'beta1': 0.99, 'beta2': 0.999, 'signal_len': 16, 'cheb_order': 2, 's': 3.427945856851461, 'batch_size': 256, 'k': 8}
Trial 84 finished with value 0.053937468 | dataset=ECG | model=ufgtime_plus | val_MSE=0.006325643 | test_MSE=0.006513591 | MAE=0.053937468 | RMSE=0.080706819 | MAPE=11.776616358% | params={'learning_rate': 0.005871539815129594, 'decay_rate': 0.00013183854857094985, 'hidden_size': 32, 'beta1': 0.99, 'beta2': 0.999, 'signal_len': 16, 'cheb_order': 2, 's': 5.788988204604488, 'batch_size': 256, 'k': 9}
Trial 85 finished with value 0.053851581 | dataset=ECG | model=ufgtime_plus | val_MSE=0.006320402 | test_MSE=0.006506106 | MAE=0.053851581 | RMSE=0.080660436 | MAPE=11.735442671% | params={'learning_rate': 0.005819141330433732, 'decay_rate': 0.00012353013866296181, 'hidden_size': 32, 'beta1': 0.99, 'beta2': 0.999, 'signal_len': 16, 'cheb_order': 2, 's': 3.642856427695464, 'batch_size': 256, 'k': 9}
Trial 86 finished with value 0.055919946 | dataset=ECG | model=ufgtime_plus | val_MSE=0.006660148 | test_MSE=0.006806221 | MAE=0.055919946 | RMSE=0.082499825 | MAPE=12.135869366% | params={'learning_rate': 0.0021737618160524953, 'decay_rate': 0.00012221226703872136, 'hidden_size': 32, 'beta1': 0.99, 'beta2': 0.999, 'signal_len': 16, 'cheb_order': 2, 's': 3.7060862154850858, 'batch_size': 256, 'k': 10}
Trial 87 finished with value 0.054181501 | dataset=ECG | model=ufgtime_plus | val_MSE=0.006415317 | test_MSE=0.006553728 | MAE=0.054181501 | RMSE=0.080955099 | MAPE=11.780522785% | params={'learning_rate': 0.00402722257050343, 'decay_rate': 6.135840738875446e-05, 'hidden_size': 32, 'beta1': 0.99, 'beta2': 0.999, 'signal_len': 16, 'cheb_order': 2, 's': 2.6377177057633707, 'batch_size': 256, 'k': 7}
Trial 88 finished with value 0.054366347 | dataset=ECG | model=ufgtime_plus | val_MSE=0.006616056 | test_MSE=0.006588660 | MAE=0.054366347 | RMSE=0.081170562 | MAPE=11.820885796% | params={'learning_rate': 0.00511940304511971, 'decay_rate': 0.00010212182618953937, 'hidden_size': 32, 'beta1': 0.99, 'beta2': 0.99, 'signal_len': 16, 'cheb_order': 2, 's': 4.566949866185807, 'batch_size': 256, 'k': 8}
Trial 89 finished with value 0.054525269 | dataset=ECG | model=ufgtime_plus | val_MSE=0.006436276 | test_MSE=0.006662731 | MAE=0.054525269 | RMSE=0.081625551 | MAPE=11.876211212% | params={'learning_rate': 0.02656815870395668, 'decay_rate': 0.00047527581967476485, 'hidden_size': 64, 'beta1': 0.99, 'beta2': 0.999, 'signal_len': 16, 'cheb_order': 2, 's': 3.7411008335539933, 'batch_size': 128, 'k': 10}
Trial 90 finished with value 0.054381642 | dataset=ECG | model=ufgtime_plus | val_MSE=0.006374027 | test_MSE=0.006563326 | MAE=0.054381642 | RMSE=0.081014358 | MAPE=11.934403301% | params={'learning_rate': 0.01730697271382696, 'decay_rate': 0.00024257562662760652, 'hidden_size': 32, 'beta1': 0.95, 'beta2': 0.95, 'signal_len': 16, 'cheb_order': 3, 's': 3.212721082141182, 'batch_size': 256, 'k': 9}
Trial 91 finished with value 0.058685533 | dataset=ECG | model=ufgtime_plus | val_MSE=0.006890027 | test_MSE=0.007323188 | MAE=0.058685533 | RMSE=0.085575628 | MAPE=13.118340163% | params={'learning_rate': 0.01102004255557156, 'decay_rate': 0.0001591131634471381, 'hidden_size': 32, 'beta1': 0.99, 'beta2': 0.999, 'signal_len': 16, 'cheb_order': 2, 's': 4.094257497596457, 'batch_size': 256, 'k': 9}
Trial 92 finished with value 0.054286845 | dataset=ECG | model=ufgtime_plus | val_MSE=0.006337758 | test_MSE=0.006536056 | MAE=0.054286845 | RMSE=0.080845877 | MAPE=11.909641308% | params={'learning_rate': 0.005788448403398721, 'decay_rate': 0.00019481866339874528, 'hidden_size': 32, 'beta1': 0.99, 'beta2': 0.999, 'signal_len': 16, 'cheb_order': 2, 's': 2.868263774805136, 'batch_size': 256, 'k': 9}
Trial 93 finished with value 0.057442784 | dataset=ECG | model=ufgtime_plus | val_MSE=0.006633544 | test_MSE=0.007092674 | MAE=0.057442784 | RMSE=0.084218016 | MAPE=12.696238702% | params={'learning_rate': 0.00020262151316441276, 'decay_rate': 0.00012999701754536996, 'hidden_size': 32, 'beta1': 0.99, 'beta2': 0.999, 'signal_len': 16, 'cheb_order': 2, 's': 4.319444505090467, 'batch_size': 256, 'k': 9}
Trial 94 finished with value 0.053936750 | dataset=ECG | model=ufgtime_plus | val_MSE=0.006329568 | test_MSE=0.006504773 | MAE=0.053936750 | RMSE=0.080652170 | MAPE=11.790788232% | params={'learning_rate': 0.01357910550668993, 'decay_rate': 3.252685004536031e-05, 'hidden_size': 32, 'beta1': 0.99, 'beta2': 0.999, 'signal_len': 16, 'cheb_order': 2, 's': 3.4604180532417086, 'batch_size': 256, 'k': 9}
Trial 95 finished with value 0.054636781 | dataset=ECG | model=ufgtime_plus | val_MSE=0.006459852 | test_MSE=0.006624162 | MAE=0.054636781 | RMSE=0.081388955 | MAPE=11.878445857% | params={'learning_rate': 0.021235433284898447, 'decay_rate': 3.388848824981621e-05, 'hidden_size': 32, 'beta1': 0.99, 'beta2': 0.999, 'signal_len': 8, 'cheb_order': 2, 's': 2.315938102258302, 'batch_size': 256, 'k': 10}
Trial 96 finished with value 0.054604433 | dataset=ECG | model=ufgtime_plus | val_MSE=0.006544342 | test_MSE=0.006605563 | MAE=0.054604433 | RMSE=0.081274616 | MAPE=11.868654103% | params={'learning_rate': 0.01378037467156175, 'decay_rate': 8.515305168533132e-05, 'hidden_size': 32, 'beta1': 0.99, 'beta2': 0.95, 'signal_len': 16, 'cheb_order': 2, 's': 3.5394491274898963, 'batch_size': 256, 'k': 8}
Trial 97 finished with value 0.056216781 | dataset=ECG | model=ufgtime_plus | val_MSE=0.006496114 | test_MSE=0.006878902 | MAE=0.056216781 | RMSE=0.082939144 | MAPE=12.392336355% | params={'learning_rate': 0.0006847206965081565, 'decay_rate': 6.467450122496507e-05, 'hidden_size': 32, 'beta1': 0.99, 'beta2': 0.999, 'signal_len': 16, 'cheb_order': 2, 's': 3.3465737321736952, 'batch_size': 256, 'k': 10}
Trial 98 finished with value 0.055204521 | dataset=ECG | model=ufgtime_plus | val_MSE=0.006484500 | test_MSE=0.006679004 | MAE=0.055204521 | RMSE=0.081725171 | MAPE=12.029069599% | params={'learning_rate': 0.038043072114390834, 'decay_rate': 4.1051417626640475e-05, 'hidden_size': 32, 'beta1': 0.99, 'beta2': 0.95, 'signal_len': 16, 'cheb_order': 2, 's': 3.814892557513956, 'batch_size': 256, 'k': 9}
Trial 99 finished with value 0.053792911 | dataset=ECG | model=ufgtime_plus | val_MSE=0.006282720 | test_MSE=0.006507948 | MAE=0.053792911 | RMSE=0.080671855 | MAPE=11.684972673% | params={'learning_rate': 0.028888016117729644, 'decay_rate': 3.3009285130600786e-05, 'hidden_size': 32, 'beta1': 0.95, 'beta2': 0.999, 'signal_len': 16, 'cheb_order': 2, 's': 1.932394119826594, 'batch_size': 256, 'k': 7}
Trial 100 finished with value 0.055013895 | dataset=ECG | model=ufgtime_plus | val_MSE=0.006378334 | test_MSE=0.006656334 | MAE=0.055013895 | RMSE=0.081586357 | MAPE=11.904040444% | params={'learning_rate': 0.006557239095441399, 'decay_rate': 2.9078626785412606e-05, 'hidden_size': 32, 'beta1': 0.95, 'beta2': 0.999, 'signal_len': 16, 'cheb_order': 2, 's': 1.840448657370922, 'batch_size': 128, 'k': 7}
Trial 101 finished with value 0.053931363 | dataset=ECG | model=ufgtime_plus | val_MSE=0.006260351 | test_MSE=0.006538414 | MAE=0.053931363 | RMSE=0.080860460 | MAPE=11.601538973% | params={'learning_rate': 0.023624106457093477, 'decay_rate': 6.006676326105863e-05, 'hidden_size': 32, 'beta1': 0.95, 'beta2': 0.999, 'signal_len': 16, 'cheb_order': 2, 's': 2.241964461399557, 'batch_size': 256, 'k': 6}
Trial 102 finished with value 0.054407067 | dataset=ECG | model=ufgtime_plus | val_MSE=0.006367940 | test_MSE=0.006538017 | MAE=0.054407067 | RMSE=0.080858008 | MAPE=11.869121041% | params={'learning_rate': 0.017739108384488018, 'decay_rate': 2.9972388816272124e-05, 'hidden_size': 32, 'beta1': 0.95, 'beta2': 0.999, 'signal_len': 16, 'cheb_order': 2, 's': 1.424969486041848, 'batch_size': 256, 'k': 6}
Trial 103 finished with value 0.054045319 | dataset=ECG | model=ufgtime_plus | val_MSE=0.006306993 | test_MSE=0.006508881 | MAE=0.054045319 | RMSE=0.080677638 | MAPE=11.635261912% | params={'learning_rate': 0.02138297413798477, 'decay_rate': 4.77929410488403e-05, 'hidden_size': 32, 'beta1': 0.95, 'beta2': 0.999, 'signal_len': 16, 'cheb_order': 2, 's': 1.9866486505707903, 'batch_size': 256, 'k': 6}
Trial 104 finished with value 0.054525940 | dataset=ECG | model=ufgtime_plus | val_MSE=0.006431700 | test_MSE=0.006573504 | MAE=0.054525940 | RMSE=0.081077149 | MAPE=11.864538871% | params={'learning_rate': 0.029884666080327395, 'decay_rate': 6.159872691335914e-05, 'hidden_size': 32, 'beta1': 0.95, 'beta2': 0.999, 'signal_len': 16, 'cheb_order': 2, 's': 5.266871646556575, 'batch_size': 256, 'k': 5}
Trial 105 finished with value 0.054307229 | dataset=ECG | model=ufgtime_plus | val_MSE=0.006403673 | test_MSE=0.006545603 | MAE=0.054307229 | RMSE=0.080904901 | MAPE=11.798009957% | params={'learning_rate': 0.008099689896255976, 'decay_rate': 8.205665558648266e-05, 'hidden_size': 32, 'beta1': 0.95, 'beta2': 0.999, 'signal_len': 16, 'cheb_order': 2, 's': 1.4086573501270019, 'batch_size': 256, 'k': 6}
Trial 106 finished with value 0.054054483 | dataset=ECG | model=ufgtime_plus | val_MSE=0.006307275 | test_MSE=0.006520855 | MAE=0.054054483 | RMSE=0.080751811 | MAPE=11.720376455% | params={'learning_rate': 0.03907066522192273, 'decay_rate': 3.7466428275053744e-05, 'hidden_size': 32, 'beta1': 0.95, 'beta2': 0.999, 'signal_len': 16, 'cheb_order': 3, 's': 4.4334425400242194, 'batch_size': 256, 'k': 7}
Trial 107 finished with value 0.055119270 | dataset=ECG | model=ufgtime_plus | val_MSE=0.006473929 | test_MSE=0.006698441 | MAE=0.055119270 | RMSE=0.081844003 | MAPE=12.083023172% | params={'learning_rate': 0.015184866408831267, 'decay_rate': 0.00010896314895490248, 'hidden_size': 128, 'beta1': 0.95, 'beta2': 0.999, 'signal_len': 8, 'cheb_order': 2, 's': 2.1763206558772676, 'batch_size': 256, 'k': 7}
Trial 108 finished with value 0.055430261 | dataset=ECG | model=ufgtime_plus | val_MSE=0.006518878 | test_MSE=0.006713336 | MAE=0.055430261 | RMSE=0.081934951 | MAPE=11.974143257% | params={'learning_rate': 0.010666824763416575, 'decay_rate': 1.1471889950912537e-05, 'hidden_size': 64, 'beta1': 0.95, 'beta2': 0.999, 'signal_len': 16, 'cheb_order': 2, 's': 4.792190968660245, 'batch_size': 256, 'k': 6}
