Trial 109 finished with value 0.057392872 | dataset=ECG | model=ufgtime_plus | val_MSE=0.006672953 | test_MSE=0.007121738 | MAE=0.057392872 | RMSE=0.084390393 | MAPE=12.708363887% | params={'learning_rate': 0.01268478346260501, 'decay_rate': 0.00013851028849276006, 'hidden_size': 32, 'beta1': 0.99, 'beta2': 0.999, 'signal_len': 16, 'cheb_order': 2, 's': 2.7305466626172397, 'batch_size': 256, 'k': 8}
Trial 110 finished with value 0.057480183 | dataset=ECG | model=ufgtime_plus | val_MSE=0.006725047 | test_MSE=0.007109366 | MAE=0.057480183 | RMSE=0.084317059 | MAPE=12.651114528% | params={'learning_rate': 0.02425814367010749, 'decay_rate': 4.5275841832067274e-05, 'hidden_size': 32, 'beta1': 0.99, 'beta2': 0.999, 'signal_len': 16, 'cheb_order': 2, 's': 5.546592379255563, 'batch_size': 256, 'k': 7}
Trial 111 finished with value 0.053951287 | dataset=ECG | model=ufgtime_plus | val_MSE=0.006301971 | test_MSE=0.006512708 | MAE=0.053951287 | RMSE=0.080701352 | MAPE=11.673226759% | params={'learning_rate': 0.02168670442171848, 'decay_rate': 4.740876863703121e-05, 'hidden_size': 32, 'beta1': 0.95, 'beta2': 0.999, 'signal_len': 16, 'cheb_order': 2, 's': 1.8531231288534107, 'batch_size': 256, 'k': 6}
Trial 112 finished with value 0.054104567 | dataset=ECG | model=ufgtime_plus | val_MSE=0.006298834 | test_MSE=0.006514345 | MAE=0.054104567 | RMSE=0.080711490 | MAPE=11.784318781% | params={'learning_rate': 0.01790455946100303, 'decay_rate': 8.855749012668492e-05, 'hidden_size': 32, 'beta1': 0.95, 'beta2': 0.999, 'signal_len': 16, 'cheb_order': 2, 's': 2.390036745006675, 'batch_size': 256, 'k': 5}
Trial 113 finished with value 0.054311137 | dataset=ECG | model=ufgtime_plus | val_MSE=0.006283209 | test_MSE=0.006533749 | MAE=0.054311137 | RMSE=0.080831609 | MAPE=11.683305892% | params={'learning_rate': 0.02969258010417012, 'decay_rate': 6.05221980091224e-05, 'hidden_size': 32, 'beta1': 0.95, 'beta2': 0.999, 'signal_len': 16, 'cheb_order': 2, 's': 1.7121171077607487, 'batch_size': 256, 'k': 6}
Trial 114 finished with value 0.054050949 | dataset=ECG | model=ufgtime_plus | val_MSE=0.006263636 | test_MSE=0.006521349 | MAE=0.054050949 | RMSE=0.080754871 | MAPE=11.811075545% | params={'learning_rate': 0.023326722143734314, 'decay_rate': 7.481039630188353e-05, 'hidden_size': 32, 'beta1': 0.95, 'beta2': 0.999, 'signal_len': 16, 'cheb_order': 2, 's': 5.873856598704396, 'batch_size': 256, 'k': 6}
Trial 115 finished with value 0.054390587 | dataset=ECG | model=ufgtime_plus | val_MSE=0.006381866 | test_MSE=0.006558403 | MAE=0.054390587 | RMSE=0.080983970 | MAPE=11.824366126% | params={'learning_rate': 0.009564259116605923, 'decay_rate': 3.339942445292579e-05, 'hidden_size': 32, 'beta1': 0.95, 'beta2': 0.999, 'signal_len': 16, 'cheb_order': 2, 's': 1.5370008259699417, 'batch_size': 256, 'k': 5}
Trial 116 finished with value 0.053988753 | dataset=ECG | model=ufgtime_plus | val_MSE=0.006311890 | test_MSE=0.006497850 | MAE=0.053988753 | RMSE=0.080609242 | MAPE=11.729489070% | params={'learning_rate': 0.01613676630823342, 'decay_rate': 2.5695167848092122e-05, 'hidden_size': 32, 'beta1': 0.99, 'beta2': 0.999, 'signal_len': 16, 'cheb_order': 2, 's': 2.1111317154310534, 'batch_size': 256, 'k': 6}
Trial 117 finished with value 0.054212527 | dataset=ECG | model=ufgtime_plus | val_MSE=0.006330158 | test_MSE=0.006521108 | MAE=0.054212527 | RMSE=0.080753375 | MAPE=11.863537298% | params={'learning_rate': 0.015461098942620823, 'decay_rate': 2.2519369323141184e-05, 'hidden_size': 32, 'beta1': 0.99, 'beta2': 0.99, 'signal_len': 16, 'cheb_order': 2, 's': 2.129692225450353, 'batch_size': 256, 'k': 6}
Trial 118 finished with value 0.055348899 | dataset=ECG | model=ufgtime_plus | val_MSE=0.006539026 | test_MSE=0.006740947 | MAE=0.055348899 | RMSE=0.082103269 | MAPE=11.985038737% | params={'learning_rate': 0.01982836239331557, 'decay_rate': 4.529883119973523e-05, 'hidden_size': 32, 'beta1': 0.99, 'beta2': 0.999, 'signal_len': 16, 'cheb_order': 2, 's': 1.8749536310598196, 'batch_size': 256, 'k': 6}
Trial 119 finished with value 0.054270577 | dataset=ECG | model=ufgtime_plus | val_MSE=0.006348151 | test_MSE=0.006540311 | MAE=0.054270577 | RMSE=0.080872189 | MAPE=11.794132056% | params={'learning_rate': 0.03226961401626371, 'decay_rate': 2.4098093426326915e-05, 'hidden_size': 32, 'beta1': 0.99, 'beta2': 0.999, 'signal_len': 16, 'cheb_order': 2, 's': 2.475653164542633, 'batch_size': 256, 'k': 6}
Trial 120 finished with value 0.054887122 | dataset=ECG | model=ufgtime_plus | val_MSE=0.006382132 | test_MSE=0.006683426 | MAE=0.054887122 | RMSE=0.081752224 | MAPE=11.943206810% | params={'learning_rate': 0.003187137468421426, 'decay_rate': 2.751279025994774e-05, 'hidden_size': 32, 'beta1': 0.99, 'beta2': 0.999, 'signal_len': 16, 'cheb_order': 2, 's': 7.603323369925309, 'batch_size': 128, 'k': 5}
Trial 121 finished with value 0.053988215 | dataset=ECG | model=ufgtime_plus | val_MSE=0.006377445 | test_MSE=0.006511095 | MAE=0.053988215 | RMSE=0.080691355 | MAPE=11.723035450% | params={'learning_rate': 0.013346686911520208, 'decay_rate': 1.3739649252088974e-05, 'hidden_size': 32, 'beta1': 0.99, 'beta2': 0.999, 'signal_len': 16, 'cheb_order': 2, 's': 6.047890154511841, 'batch_size': 256, 'k': 9}
Trial 122 finished with value 0.053821447 | dataset=ECG | model=ufgtime_plus | val_MSE=0.006353555 | test_MSE=0.006502135 | MAE=0.053821447 | RMSE=0.080635815 | MAPE=11.675342769% | params={'learning_rate': 0.013634650592292566, 'decay_rate': 1.9464007163352243e-05, 'hidden_size': 32, 'beta1': 0.99, 'beta2': 0.999, 'signal_len': 16, 'cheb_order': 2, 's': 6.069964680056118, 'batch_size': 256, 'k': 7}
Trial 123 finished with value 0.054233758 | dataset=ECG | model=ufgtime_plus | val_MSE=0.006439129 | test_MSE=0.006564181 | MAE=0.054233758 | RMSE=0.081019634 | MAPE=11.770953436% | params={'learning_rate': 0.013541578423869181, 'decay_rate': 1.7294722955484463e-05, 'hidden_size': 32, 'beta1': 0.99, 'beta2': 0.999, 'signal_len': 16, 'cheb_order': 2, 's': 6.106805956015139, 'batch_size': 256, 'k': 7}
Trial 124 finished with value 0.054069925 | dataset=ECG | model=ufgtime_plus | val_MSE=0.006401991 | test_MSE=0.006528305 | MAE=0.054069925 | RMSE=0.080797926 | MAPE=11.737993792% | params={'learning_rate': 0.007727591179770088, 'decay_rate': 1.5543131050178284e-05, 'hidden_size': 32, 'beta1': 0.99, 'beta2': 0.999, 'signal_len': 16, 'cheb_order': 2, 's': 6.728424573761726, 'batch_size': 256, 'k': 7}
Trial 125 finished with value 0.053801173 | dataset=ECG | model=ufgtime_plus | val_MSE=0.006343755 | test_MSE=0.006492427 | MAE=0.053801173 | RMSE=0.080575601 | MAPE=11.724820183% | params={'learning_rate': 0.027615100726835408, 'decay_rate': 1.3514488699339729e-05, 'hidden_size': 32, 'beta1': 0.99, 'beta2': 0.999, 'signal_len': 16, 'cheb_order': 2, 's': 6.373638415903431, 'batch_size': 256, 'k': 8}
Trial 126 finished with value 0.053932778 | dataset=ECG | model=ufgtime_plus | val_MSE=0.006333666 | test_MSE=0.006508674 | MAE=0.053932778 | RMSE=0.080676351 | MAPE=11.722220041% | params={'learning_rate': 0.028591545167256344, 'decay_rate': 2.0358113637285997e-05, 'hidden_size': 32, 'beta1': 0.99, 'beta2': 0.999, 'signal_len': 16, 'cheb_order': 3, 's': 5.635071459626958, 'batch_size': 256, 'k': 7}
Trial 127 finished with value 0.054219993 | dataset=ECG | model=ufgtime_plus | val_MSE=0.006348356 | test_MSE=0.006521111 | MAE=0.054219993 | RMSE=0.080753395 | MAPE=11.774853877% | params={'learning_rate': 0.04332012357114971, 'decay_rate': 1.1496945443118484e-05, 'hidden_size': 32, 'beta1': 0.95, 'beta2': 0.999, 'signal_len': 16, 'cheb_order': 3, 's': 6.537609599619438, 'batch_size': 256, 'k': 7}
Trial 128 finished with value 0.054685234 | dataset=ECG | model=ufgtime_plus | val_MSE=0.006490067 | test_MSE=0.006655125 | MAE=0.054685234 | RMSE=0.081578947 | MAPE=11.930339731% | params={'learning_rate': 0.02656379038695073, 'decay_rate': 2.149680258463154e-05, 'hidden_size': 128, 'beta1': 0.99, 'beta2': 0.999, 'signal_len': 8, 'cheb_order': 3, 's': 6.266595779280713, 'batch_size': 256, 'k': 7}
Trial 129 finished with value 0.054447054 | dataset=ECG | model=ufgtime_plus | val_MSE=0.006299668 | test_MSE=0.006551544 | MAE=0.054447054 | RMSE=0.080941610 | MAPE=11.808340560% | params={'learning_rate': 0.042309933024199047, 'decay_rate': 1.3965952594378293e-05, 'hidden_size': 32, 'beta1': 0.99, 'beta2': 0.999, 'signal_len': 16, 'cheb_order': 3, 's': 6.435747815593642, 'batch_size': 256, 'k': 8}
Trial 130 finished with value 0.054170013 | dataset=ECG | model=ufgtime_plus | val_MSE=0.006340209 | test_MSE=0.006559567 | MAE=0.054170013 | RMSE=0.080991155 | MAPE=11.769839296% | params={'learning_rate': 0.03433532765744724, 'decay_rate': 1.8427327465666496e-05, 'hidden_size': 64, 'beta1': 0.99, 'beta2': 0.999, 'signal_len': 16, 'cheb_order': 3, 's': 7.281725634828247, 'batch_size': 256, 'k': 7}
Trial 131 finished with value 0.054123717 | dataset=ECG | model=ufgtime_plus | val_MSE=0.006428288 | test_MSE=0.006530692 | MAE=0.054123717 | RMSE=0.080812697 | MAPE=11.776195474% | params={'learning_rate': 0.02273841421289734, 'decay_rate': 3.193339298851102e-05, 'hidden_size': 32, 'beta1': 0.99, 'beta2': 0.999, 'signal_len': 16, 'cheb_order': 3, 's': 6.876274498613774, 'batch_size': 256, 'k': 8}
Trial 132 finished with value 0.054186107 | dataset=ECG | model=ufgtime_plus | val_MSE=0.006316438 | test_MSE=0.006522440 | MAE=0.054186107 | RMSE=0.080761624 | MAPE=11.700560639% | params={'learning_rate': 0.01875553741914472, 'decay_rate': 5.511295810261427e-05, 'hidden_size': 32, 'beta1': 0.99, 'beta2': 0.999, 'signal_len': 16, 'cheb_order': 2, 's': 5.835335710299147, 'batch_size': 256, 'k': 7}
Trial 133 finished with value 0.053941196 | dataset=ECG | model=ufgtime_plus | val_MSE=0.006369188 | test_MSE=0.006505902 | MAE=0.053941196 | RMSE=0.080659175 | MAPE=11.728691211% | params={'learning_rate': 0.030206942917556493, 'decay_rate': 3.6961814148832987e-05, 'hidden_size': 32, 'beta1': 0.99, 'beta2': 0.999, 'signal_len': 16, 'cheb_order': 2, 's': 5.576769652171404, 'batch_size': 256, 'k': 8}
Trial 134 finished with value 0.054017789 | dataset=ECG | model=ufgtime_plus | val_MSE=0.006356684 | test_MSE=0.006527041 | MAE=0.054017789 | RMSE=0.080790104 | MAPE=11.724904150% | params={'learning_rate': 0.027274729625560074, 'decay_rate': 1.027579496853334e-05, 'hidden_size': 32, 'beta1': 0.99, 'beta2': 0.999, 'signal_len': 16, 'cheb_order': 2, 's': 5.555441176879344, 'batch_size': 256, 'k': 8}
Trial 135 finished with value 0.057510194 | dataset=ECG | model=ufgtime_plus | val_MSE=0.006672682 | test_MSE=0.007140114 | MAE=0.057510194 | RMSE=0.084499195 | MAPE=12.534539815% | params={'learning_rate': 0.036494932852069666, 'decay_rate': 3.562545179528095e-05, 'hidden_size': 32, 'beta1': 0.99, 'beta2': 0.999, 'signal_len': 16, 'cheb_order': 2, 's': 5.330124542997334, 'batch_size': 256, 'k': 8}
Trial 136 finished with value 0.054437036 | dataset=ECG | model=ufgtime_plus | val_MSE=0.006299587 | test_MSE=0.006531315 | MAE=0.054437036 | RMSE=0.080816551 | MAPE=11.909500323% | params={'learning_rate': 0.030002427739440677, 'decay_rate': 1.9235061329963753e-05, 'hidden_size': 32, 'beta1': 0.95, 'beta2': 0.99, 'signal_len': 16, 'cheb_order': 2, 's': 5.068301686149616, 'batch_size': 256, 'k': 7}
Trial 137 finished with value 0.054257535 | dataset=ECG | model=ufgtime_plus | val_MSE=0.006462094 | test_MSE=0.006566226 | MAE=0.054257535 | RMSE=0.081032254 | MAPE=11.676617581% | params={'learning_rate': 0.04649591074926205, 'decay_rate': 4.017128421058313e-05, 'hidden_size': 32, 'beta1': 0.99, 'beta2': 0.95, 'signal_len': 16, 'cheb_order': 3, 's': 6.312423336399512, 'batch_size': 256, 'k': 8}
Trial 138 finished with value 0.053975248 | dataset=ECG | model=ufgtime_plus | val_MSE=0.006345098 | test_MSE=0.006505268 | MAE=0.053975248 | RMSE=0.080655240 | MAPE=11.780822954% | params={'learning_rate': 0.024658128831959062, 'decay_rate': 2.90763123219554e-05, 'hidden_size': 32, 'beta1': 0.99, 'beta2': 0.999, 'signal_len': 16, 'cheb_order': 2, 's': 5.937114496762971, 'batch_size': 256, 'k': 7}
Trial 139 finished with value 0.068590721 | dataset=ECG | model=ufgtime_plus | val_MSE=0.008678023 | test_MSE=0.008981768 | MAE=0.068590721 | RMSE=0.094772189 | MAPE=14.505301987% | params={'learning_rate': 3.44639473464733e-05, 'decay_rate': 2.0519696589977545e-05, 'hidden_size': 32, 'beta1': 0.99, 'beta2': 0.999, 'signal_len': 16, 'cheb_order': 2, 's': 5.959744758115141, 'batch_size': 256, 'k': 7}
Trial 140 finished with value 0.054416320 | dataset=ECG | model=ufgtime_plus | val_MSE=0.006363591 | test_MSE=0.006535157 | MAE=0.054416320 | RMSE=0.080840318 | MAPE=11.817624381% | params={'learning_rate': 0.021447516962182635, 'decay_rate': 3.0313219607873247e-05, 'hidden_size': 32, 'beta1': 0.95, 'beta2': 0.999, 'signal_len': 16, 'cheb_order': 2, 's': 5.674292148999644, 'batch_size': 256, 'k': 7}
Trial 141 finished with value 0.063589536 | dataset=ECG | model=ufgtime_plus | val_MSE=0.007552254 | test_MSE=0.007972920 | MAE=0.063589536 | RMSE=0.089291210 | MAPE=14.613785817% | params={'learning_rate': 0.04963560222329078, 'decay_rate': 0.013239145432541198, 'hidden_size': 32, 'beta1': 0.99, 'beta2': 0.999, 'signal_len': 16, 'cheb_order': 2, 's': 5.485486952684951, 'batch_size': 256, 'k': 7}
Trial 142 finished with value 0.055302620 | dataset=ECG | model=ufgtime_plus | val_MSE=0.006517397 | test_MSE=0.006740278 | MAE=0.055302620 | RMSE=0.082099195 | MAPE=11.983599870% | params={'learning_rate': 0.023856366030980448, 'decay_rate': 3.973916198796772e-05, 'hidden_size': 32, 'beta1': 0.99, 'beta2': 0.999, 'signal_len': 16, 'cheb_order': 2, 's': 3.0219594715220546, 'batch_size': 256, 'k': 8}
Trial 143 finished with value 0.054012107 | dataset=ECG | model=ufgtime_plus | val_MSE=0.006334250 | test_MSE=0.006504936 | MAE=0.054012107 | RMSE=0.080653186 | MAPE=11.714837419% | params={'learning_rate': 0.029470328323734196, 'decay_rate': 2.591709189777592e-05, 'hidden_size': 32, 'beta1': 0.99, 'beta2': 0.999, 'signal_len': 16, 'cheb_order': 2, 's': 6.101664029873419, 'batch_size': 256, 'k': 8}
Trial 144 finished with value 0.057858232 | dataset=ECG | model=ufgtime_plus | val_MSE=0.006901777 | test_MSE=0.007129196 | MAE=0.057858232 | RMSE=0.084434564 | MAPE=12.807622826% | params={'learning_rate': 0.01877709043568313, 'decay_rate': 7.21247469405372e-05, 'hidden_size': 32, 'beta1': 0.99, 'beta2': 0.999, 'signal_len': 16, 'cheb_order': 2, 's': 5.867301483491127, 'batch_size': 256, 'k': 7}
Trial 145 finished with value 0.056759744 | dataset=ECG | model=ufgtime_plus | val_MSE=0.006588538 | test_MSE=0.007053606 | MAE=0.056759744 | RMSE=0.083985748 | MAPE=12.416280304% | params={'learning_rate': 0.035841803201854185, 'decay_rate': 0.0001073138547745362, 'hidden_size': 32, 'beta1': 0.99, 'beta2': 0.999, 'signal_len': 16, 'cheb_order': 2, 's': 3.831909392282599, 'batch_size': 256, 'k': 7}
Trial 146 finished with value 0.053953114 | dataset=ECG | model=ufgtime_plus | val_MSE=0.006434294 | test_MSE=0.006525146 | MAE=0.053953114 | RMSE=0.080778374 | MAPE=11.755045864% | params={'learning_rate': 0.015726328458297998, 'decay_rate': 4.948734467447031e-05, 'hidden_size': 32, 'beta1': 0.99, 'beta2': 0.95, 'signal_len': 16, 'cheb_order': 2, 's': 5.180281527613521, 'batch_size': 128, 'k': 7}
Trial 147 finished with value 0.054326336 | dataset=ECG | model=ufgtime_plus | val_MSE=0.006354357 | test_MSE=0.006511021 | MAE=0.054326336 | RMSE=0.080690899 | MAPE=11.851908621% | params={'learning_rate': 0.011663359115862025, 'decay_rate': 5.60656621233528e-05, 'hidden_size': 32, 'beta1': 0.99, 'beta2': 0.95, 'signal_len': 16, 'cheb_order': 2, 's': 5.158576978708313, 'batch_size': 128, 'k': 7}
Trial 148 finished with value 0.057418750 | dataset=ECG | model=ufgtime_plus | val_MSE=0.006568116 | test_MSE=0.007092581 | MAE=0.057418750 | RMSE=0.084217460 | MAPE=12.646373336% | params={'learning_rate': 0.024309893490329214, 'decay_rate': 0.001402201115312995, 'hidden_size': 32, 'beta1': 0.95, 'beta2': 0.95, 'signal_len': 16, 'cheb_order': 2, 's': 4.83111077438233, 'batch_size': 128, 'k': 6}
Trial 149 finished with value 0.053809512 | dataset=ECG | model=ufgtime_plus | val_MSE=0.006404668 | test_MSE=0.006504434 | MAE=0.053809512 | RMSE=0.080650069 | MAPE=11.731185368% | params={'learning_rate': 0.020081823979460938, 'decay_rate': 3.127661296948719e-05, 'hidden_size': 32, 'beta1': 0.99, 'beta2': 0.95, 'signal_len': 16, 'cheb_order': 2, 's': 5.4142663959189195, 'batch_size': 128, 'k': 7}
Trial 150 finished with value 0.054605394 | dataset=ECG | model=ufgtime_plus | val_MSE=0.006550834 | test_MSE=0.006651204 | MAE=0.054605394 | RMSE=0.081554911 | MAPE=11.938381082% | params={'learning_rate': 0.009218485546510152, 'decay_rate': 1.3077830333604478e-05, 'hidden_size': 32, 'beta1': 0.99, 'beta2': 0.95, 'signal_len': 8, 'cheb_order': 2, 's': 5.286303075217098, 'batch_size': 128, 'k': 6}
Trial 151 finished with value 0.054637872 | dataset=ECG | model=ufgtime_plus | val_MSE=0.006497593 | test_MSE=0.006582202 | MAE=0.054637872 | RMSE=0.081130773 | MAPE=11.860441320% | params={'learning_rate': 0.021985534214853372, 'decay_rate': 3.286199734874327e-05, 'hidden_size': 32, 'beta1': 0.99, 'beta2': 0.95, 'signal_len': 16, 'cheb_order': 2, 's': 5.054234547039656, 'batch_size': 128, 'k': 7}
Trial 152 finished with value 0.053883580 | dataset=ECG | model=ufgtime_plus | val_MSE=0.006388303 | test_MSE=0.006509948 | MAE=0.053883580 | RMSE=0.080684249 | MAPE=11.666586354% | params={'learning_rate': 0.02811774494841947, 'decay_rate': 2.6382128934112613e-05, 'hidden_size': 32, 'beta1': 0.99, 'beta2': 0.95, 'signal_len': 16, 'cheb_order': 2, 's': 5.581255586841469, 'batch_size': 128, 'k': 7}
Trial 153 finished with value 0.053812081 | dataset=ECG | model=ufgtime_plus | val_MSE=0.006387529 | test_MSE=0.006484092 | MAE=0.053812081 | RMSE=0.080523860 | MAPE=11.706407654% | params={'learning_rate': 0.01534027493968744, 'decay_rate': 2.234423606753956e-05, 'hidden_size': 32, 'beta1': 0.99, 'beta2': 0.95, 'signal_len': 16, 'cheb_order': 2, 's': 5.444118709950407, 'batch_size': 128, 'k': 7}
Trial 154 finished with value 0.054073483 | dataset=ECG | model=ufgtime_plus | val_MSE=0.006356512 | test_MSE=0.006535366 | MAE=0.054073483 | RMSE=0.080841608 | MAPE=11.628175556% | params={'learning_rate': 0.0134147766198846, 'decay_rate': 2.1052267330153437e-05, 'hidden_size': 32, 'beta1': 0.99, 'beta2': 0.95, 'signal_len': 16, 'cheb_order': 2, 's': 5.482183957045213, 'batch_size': 128, 'k': 7}
Trial 155 finished with value 0.054258209 | dataset=ECG | model=ufgtime_plus | val_MSE=0.006334428 | test_MSE=0.006522778 | MAE=0.054258209 | RMSE=0.080763718 | MAPE=11.908293851% | params={'learning_rate': 0.015741243126233, 'decay_rate': 1.717887712676585e-05, 'hidden_size': 32, 'beta1': 0.99, 'beta2': 0.95, 'signal_len': 16, 'cheb_order': 2, 's': 5.733976379585447, 'batch_size': 128, 'k': 7}
Trial 156 finished with value 0.053971125 | dataset=ECG | model=ufgtime_plus | val_MSE=0.006433445 | test_MSE=0.006524350 | MAE=0.053971125 | RMSE=0.080773447 | MAPE=11.854897623% | params={'learning_rate': 0.0064996994455696275, 'decay_rate': 4.832670022295614e-05, 'hidden_size': 128, 'beta1': 0.99, 'beta2': 0.95, 'signal_len': 16, 'cheb_order': 2, 's': 5.373293016846851, 'batch_size': 128, 'k': 9}
Trial 157 finished with value 0.053966412 | dataset=ECG | model=ufgtime_plus | val_MSE=0.006384640 | test_MSE=0.006511188 | MAE=0.053966412 | RMSE=0.080691935 | MAPE=11.704143235% | params={'learning_rate': 0.004272271106418569, 'decay_rate': 2.5976630390547166e-05, 'hidden_size': 32, 'beta1': 0.99, 'beta2': 0.95, 'signal_len': 16, 'cheb_order': 2, 's': 5.648008244644321, 'batch_size': 128, 'k': 7}
Trial 158 finished with value 0.054602440 | dataset=ECG | model=ufgtime_plus | val_MSE=0.006511587 | test_MSE=0.006570201 | MAE=0.054602440 | RMSE=0.081056779 | MAPE=11.956311122% | params={'learning_rate': 0.030754878069848116, 'decay_rate': 3.7988766935418984e-05, 'hidden_size': 32, 'beta1': 0.99, 'beta2': 0.95, 'signal_len': 16, 'cheb_order': 2, 's': 5.24163104476936, 'batch_size': 128, 'k': 7}
Trial 159 finished with value 0.053901498 | dataset=ECG | model=ufgtime_plus | val_MSE=0.006346629 | test_MSE=0.006481639 | MAE=0.053901498 | RMSE=0.080508626 | MAPE=11.736885504% | params={'learning_rate': 0.017807541942589645, 'decay_rate': 2.3770867434596084e-05, 'hidden_size': 32, 'beta1': 0.99, 'beta2': 0.95, 'signal_len': 16, 'cheb_order': 3, 's': 5.0234251321587715, 'batch_size': 128, 'k': 7}
Trial 160 finished with value 0.054020436 | dataset=ECG | model=ufgtime_plus | val_MSE=0.006331268 | test_MSE=0.006530474 | MAE=0.054020436 | RMSE=0.080811347 | MAPE=11.742463421% | params={'learning_rate': 0.020044435404931987, 'decay_rate': 2.0700268004096636e-05, 'hidden_size': 32, 'beta1': 0.99, 'beta2': 0.95, 'signal_len': 16, 'cheb_order': 3, 's': 4.911359605848703, 'batch_size': 128, 'k': 7}
Trial 161 finished with value 0.054060078 | dataset=ECG | model=ufgtime_plus | val_MSE=0.006292625 | test_MSE=0.006524661 | MAE=0.054060078 | RMSE=0.080775375 | MAPE=11.733550713% | params={'learning_rate': 0.01850563489791692, 'decay_rate': 1.5915776364193754e-05, 'hidden_size': 32, 'beta1': 0.99, 'beta2': 0.95, 'signal_len': 16, 'cheb_order': 3, 's': 9.450261834400754, 'batch_size': 128, 'k': 7}
Trial 162 finished with value 0.053662574 | dataset=ECG | model=ufgtime_plus | val_MSE=0.006336845 | test_MSE=0.006467503 | MAE=0.053662574 | RMSE=0.080420786 | MAPE=11.703823102% | params={'learning_rate': 0.010811023274941186, 'decay_rate': 2.657215587682182e-05, 'hidden_size': 32, 'beta1': 0.99, 'beta2': 0.95, 'signal_len': 16, 'cheb_order': 3, 's': 5.471184755007632, 'batch_size': 128, 'k': 7}
