Trial 217 finished with value 0.054251603 | dataset=ECG | model=ufgtime_plus | val_MSE=0.006362933 | test_MSE=0.006546378 | MAE=0.054251603 | RMSE=0.080909693 | MAPE=11.878655782% | params={'learning_rate': 0.008867834223279044, 'decay_rate': 1.867003571256659e-05, 'hidden_size': 64, 'beta1': 0.95, 'beta2': 0.95, 'signal_len': 16, 'cheb_order': 2, 's': 6.260651786958311, 'batch_size': 128, 'k': 9}
Trial 218 finished with value 0.054701115 | dataset=ECG | model=ufgtime_plus | val_MSE=0.006514295 | test_MSE=0.006681964 | MAE=0.054701115 | RMSE=0.081743281 | MAPE=11.928110783% | params={'learning_rate': 0.0056041906755379565, 'decay_rate': 1.4003936360156761e-05, 'hidden_size': 64, 'beta1': 0.95, 'beta2': 0.95, 'signal_len': 8, 'cheb_order': 2, 's': 6.638721147235905, 'batch_size': 128, 'k': 9}
Trial 219 finished with value 0.053811113 | dataset=ECG | model=ufgtime_plus | val_MSE=0.006364484 | test_MSE=0.006499045 | MAE=0.053811113 | RMSE=0.080616656 | MAPE=11.741012568% | params={'learning_rate': 0.004000977381341113, 'decay_rate': 1.595970209713629e-05, 'hidden_size': 64, 'beta1': 0.95, 'beta2': 0.95, 'signal_len': 16, 'cheb_order': 2, 's': 6.54096233894196, 'batch_size': 128, 'k': 9}
Trial 220 finished with value 0.053704574 | dataset=ECG | model=ufgtime_plus | val_MSE=0.006358758 | test_MSE=0.006478912 | MAE=0.053704574 | RMSE=0.080491687 | MAPE=11.704657389% | params={'learning_rate': 0.0041636069449793225, 'decay_rate': 1.7451770718021538e-05, 'hidden_size': 64, 'beta1': 0.95, 'beta2': 0.95, 'signal_len': 16, 'cheb_order': 2, 's': 6.154001325080196, 'batch_size': 128, 'k': 9}
Trial 221 finished with value 0.054430683 | dataset=ECG | model=ufgtime_plus | val_MSE=0.006308098 | test_MSE=0.006598745 | MAE=0.054430683 | RMSE=0.081232659 | MAPE=12.019702310% | params={'learning_rate': 0.003416925817437103, 'decay_rate': 1.5834427929508345e-05, 'hidden_size': 64, 'beta1': 0.95, 'beta2': 0.95, 'signal_len': 16, 'cheb_order': 2, 's': 6.157845421163797, 'batch_size': 128, 'k': 9}
Trial 222 finished with value 0.053833629 | dataset=ECG | model=ufgtime_plus | val_MSE=0.006373436 | test_MSE=0.006506279 | MAE=0.053833629 | RMSE=0.080661506 | MAPE=11.704210719% | params={'learning_rate': 0.0048422240090209975, 'decay_rate': 1.876139131395868e-05, 'hidden_size': 64, 'beta1': 0.95, 'beta2': 0.95, 'signal_len': 16, 'cheb_order': 2, 's': 6.812341933514172, 'batch_size': 128, 'k': 9}
Trial 223 finished with value 0.054090149 | dataset=ECG | model=ufgtime_plus | val_MSE=0.006368669 | test_MSE=0.006556464 | MAE=0.054090149 | RMSE=0.080971996 | MAPE=11.819805339% | params={'learning_rate': 0.004746628241930444, 'decay_rate': 1.8222811440293822e-05, 'hidden_size': 64, 'beta1': 0.95, 'beta2': 0.95, 'signal_len': 16, 'cheb_order': 2, 's': 7.266830555985615, 'batch_size': 128, 'k': 9}
Trial 224 finished with value 0.054034322 | dataset=ECG | model=ufgtime_plus | val_MSE=0.006342962 | test_MSE=0.006562734 | MAE=0.054034322 | RMSE=0.081010700 | MAPE=11.756033544% | params={'learning_rate': 0.004084141066970333, 'decay_rate': 1.0006918064105698e-05, 'hidden_size': 64, 'beta1': 0.95, 'beta2': 0.95, 'signal_len': 16, 'cheb_order': 2, 's': 6.610638935364849, 'batch_size': 128, 'k': 9}
Trial 225 finished with value 0.054152492 | dataset=ECG | model=ufgtime_plus | val_MSE=0.006351810 | test_MSE=0.006576231 | MAE=0.054152492 | RMSE=0.081093962 | MAPE=11.784703021% | params={'learning_rate': 0.004336301556291907, 'decay_rate': 1.2504437188883014e-05, 'hidden_size': 64, 'beta1': 0.95, 'beta2': 0.95, 'signal_len': 16, 'cheb_order': 2, 's': 6.869360677571456, 'batch_size': 128, 'k': 9}
Trial 226 finished with value 0.054071616 | dataset=ECG | model=ufgtime_plus | val_MSE=0.006363417 | test_MSE=0.006521109 | MAE=0.054071616 | RMSE=0.080753382 | MAPE=11.843412732% | params={'learning_rate': 0.005069946242144486, 'decay_rate': 1.4228861175377328e-05, 'hidden_size': 64, 'beta1': 0.95, 'beta2': 0.95, 'signal_len': 16, 'cheb_order': 2, 's': 6.5004492717396865, 'batch_size': 128, 'k': 9}
Trial 227 finished with value 0.054173401 | dataset=ECG | model=ufgtime_plus | val_MSE=0.006396817 | test_MSE=0.006529050 | MAE=0.054173401 | RMSE=0.080802537 | MAPE=11.840008672% | params={'learning_rate': 0.009827851829541209, 'decay_rate': 1.8781884358782143e-05, 'hidden_size': 64, 'beta1': 0.95, 'beta2': 0.95, 'signal_len': 16, 'cheb_order': 2, 's': 6.847624347544336, 'batch_size': 128, 'k': 9}
Trial 228 finished with value 0.054202616 | dataset=ECG | model=ufgtime_plus | val_MSE=0.006370112 | test_MSE=0.006525150 | MAE=0.054202616 | RMSE=0.080778399 | MAPE=11.908138707% | params={'learning_rate': 0.011100070987394633, 'decay_rate': 2.1430970890971785e-05, 'hidden_size': 64, 'beta1': 0.95, 'beta2': 0.95, 'signal_len': 16, 'cheb_order': 2, 's': 6.161046896964168, 'batch_size': 128, 'k': 9}
Trial 229 finished with value 0.054418450 | dataset=ECG | model=ufgtime_plus | val_MSE=0.006412395 | test_MSE=0.006548787 | MAE=0.054418450 | RMSE=0.080924576 | MAPE=11.869332250% | params={'learning_rate': 0.00839295479088436, 'decay_rate': 1.7784825954944868e-05, 'hidden_size': 64, 'beta1': 0.95, 'beta2': 0.95, 'signal_len': 16, 'cheb_order': 2, 's': 6.361429343536477, 'batch_size': 128, 'k': 9}
Trial 230 finished with value 0.054185635 | dataset=ECG | model=ufgtime_plus | val_MSE=0.006365118 | test_MSE=0.006564274 | MAE=0.054185635 | RMSE=0.081020206 | MAPE=11.800013722% | params={'learning_rate': 0.0039012063060553893, 'decay_rate': 2.2899596710329543e-05, 'hidden_size': 64, 'beta1': 0.95, 'beta2': 0.95, 'signal_len': 16, 'cheb_order': 2, 's': 7.069797615568699, 'batch_size': 128, 'k': 9}
Trial 231 finished with value 0.053926595 | dataset=ECG | model=ufgtime_plus | val_MSE=0.006365463 | test_MSE=0.006516657 | MAE=0.053926595 | RMSE=0.080725812 | MAPE=11.722488994% | params={'learning_rate': 0.007110804652817793, 'decay_rate': 1.5598520571834024e-05, 'hidden_size': 64, 'beta1': 0.95, 'beta2': 0.95, 'signal_len': 16, 'cheb_order': 2, 's': 5.942273392424254, 'batch_size': 128, 'k': 9}
Trial 232 finished with value 0.053860954 | dataset=ECG | model=ufgtime_plus | val_MSE=0.006362585 | test_MSE=0.006513075 | MAE=0.053860954 | RMSE=0.080703625 | MAPE=11.755553216% | params={'learning_rate': 0.0059462118093105655, 'decay_rate': 1.2563922201787526e-05, 'hidden_size': 64, 'beta1': 0.95, 'beta2': 0.95, 'signal_len': 16, 'cheb_order': 2, 's': 5.797815972167719, 'batch_size': 128, 'k': 9}
Trial 233 finished with value 0.053796018 | dataset=ECG | model=ufgtime_plus | val_MSE=0.006360968 | test_MSE=0.006491972 | MAE=0.053796018 | RMSE=0.080572775 | MAPE=11.742512883% | params={'learning_rate': 0.005433635626389779, 'decay_rate': 1.1530811215059595e-05, 'hidden_size': 64, 'beta1': 0.95, 'beta2': 0.95, 'signal_len': 16, 'cheb_order': 2, 's': 6.557082377359354, 'batch_size': 128, 'k': 9}
Trial 234 finished with value 0.054277655 | dataset=ECG | model=ufgtime_plus | val_MSE=0.006244566 | test_MSE=0.006591293 | MAE=0.054277655 | RMSE=0.081186779 | MAPE=11.844752638% | params={'learning_rate': 0.0015077529121664305, 'decay_rate': 1.2271241333094884e-05, 'hidden_size': 64, 'beta1': 0.95, 'beta2': 0.95, 'signal_len': 16, 'cheb_order': 2, 's': 6.6032323202135705, 'batch_size': 128, 'k': 9}
Trial 235 finished with value 0.053892922 | dataset=ECG | model=ufgtime_plus | val_MSE=0.006343573 | test_MSE=0.006493971 | MAE=0.053892922 | RMSE=0.080585177 | MAPE=11.759700305% | params={'learning_rate': 0.0059648638661971305, 'decay_rate': 1.0924618224911545e-05, 'hidden_size': 64, 'beta1': 0.95, 'beta2': 0.95, 'signal_len': 16, 'cheb_order': 2, 's': 6.073112190141573, 'batch_size': 128, 'k': 9}
Trial 236 finished with value 0.054435765 | dataset=ECG | model=ufgtime_plus | val_MSE=0.006280472 | test_MSE=0.006598670 | MAE=0.054435765 | RMSE=0.081232196 | MAPE=11.871728158% | params={'learning_rate': 0.002843435083041553, 'decay_rate': 1.1511418215070619e-05, 'hidden_size': 64, 'beta1': 0.95, 'beta2': 0.95, 'signal_len': 16, 'cheb_order': 2, 's': 6.077329816058152, 'batch_size': 128, 'k': 9}
Trial 237 finished with value 0.053786920 | dataset=ECG | model=ufgtime_plus | val_MSE=0.006359908 | test_MSE=0.006474558 | MAE=0.053786920 | RMSE=0.080464640 | MAPE=11.727807758% | params={'learning_rate': 0.0053925400476556905, 'decay_rate': 1.0220824463920089e-05, 'hidden_size': 64, 'beta1': 0.95, 'beta2': 0.95, 'signal_len': 16, 'cheb_order': 2, 's': 6.75772975816091, 'batch_size': 128, 'k': 9}
Trial 238 finished with value 0.053684586 | dataset=ECG | model=ufgtime_plus | val_MSE=0.006348892 | test_MSE=0.006482344 | MAE=0.053684586 | RMSE=0.080513005 | MAPE=11.714667690% | params={'learning_rate': 0.005402955499463764, 'decay_rate': 1.1427639239257868e-05, 'hidden_size': 64, 'beta1': 0.95, 'beta2': 0.95, 'signal_len': 16, 'cheb_order': 2, 's': 6.940094674664177, 'batch_size': 128, 'k': 9}
Trial 239 finished with value 0.053863670 | dataset=ECG | model=ufgtime_plus | val_MSE=0.006360948 | test_MSE=0.006508076 | MAE=0.053863670 | RMSE=0.080672646 | MAPE=11.742851171% | params={'learning_rate': 0.00504437817603429, 'decay_rate': 1.0635713421616085e-05, 'hidden_size': 64, 'beta1': 0.95, 'beta2': 0.95, 'signal_len': 16, 'cheb_order': 2, 's': 7.324022425581729, 'batch_size': 128, 'k': 9}
Trial 240 finished with value 0.054112105 | dataset=ECG | model=ufgtime_plus | val_MSE=0.006337316 | test_MSE=0.006559871 | MAE=0.054112105 | RMSE=0.080993028 | MAPE=11.843427685% | params={'learning_rate': 0.004254754727360278, 'decay_rate': 1.0692982103688666e-05, 'hidden_size': 64, 'beta1': 0.95, 'beta2': 0.95, 'signal_len': 16, 'cheb_order': 2, 's': 7.657270003193766, 'batch_size': 128, 'k': 9}
Trial 241 finished with value 0.054107964 | dataset=ECG | model=ufgtime_plus | val_MSE=0.006381231 | test_MSE=0.006564568 | MAE=0.054107964 | RMSE=0.081022021 | MAPE=11.811151851% | params={'learning_rate': 0.0050363755606852335, 'decay_rate': 1.2811980247030412e-05, 'hidden_size': 64, 'beta1': 0.95, 'beta2': 0.95, 'signal_len': 16, 'cheb_order': 2, 's': 7.025041126967508, 'batch_size': 128, 'k': 9}
Trial 242 finished with value 0.053993232 | dataset=ECG | model=ufgtime_plus | val_MSE=0.006330754 | test_MSE=0.006561758 | MAE=0.053993232 | RMSE=0.081004676 | MAPE=11.696232549% | params={'learning_rate': 0.003311376898628247, 'decay_rate': 1.3153685969274677e-05, 'hidden_size': 64, 'beta1': 0.95, 'beta2': 0.95, 'signal_len': 16, 'cheb_order': 2, 's': 7.258661582984002, 'batch_size': 128, 'k': 9}
Trial 243 finished with value 0.054094280 | dataset=ECG | model=ufgtime_plus | val_MSE=0.006385287 | test_MSE=0.006539656 | MAE=0.054094280 | RMSE=0.080868138 | MAPE=11.943490328% | params={'learning_rate': 0.005517243801749874, 'decay_rate': 1.0463588018129837e-05, 'hidden_size': 64, 'beta1': 0.95, 'beta2': 0.95, 'signal_len': 16, 'cheb_order': 2, 's': 6.59437015241616, 'batch_size': 128, 'k': 9}
Trial 244 finished with value 0.054373739 | dataset=ECG | model=ufgtime_plus | val_MSE=0.006351130 | test_MSE=0.006586051 | MAE=0.054373739 | RMSE=0.081154488 | MAPE=11.957149336% | params={'learning_rate': 0.004445323600473086, 'decay_rate': 1.3433561463516356e-05, 'hidden_size': 64, 'beta1': 0.95, 'beta2': 0.95, 'signal_len': 16, 'cheb_order': 2, 's': 7.445997455170303, 'batch_size': 128, 'k': 9}
Trial 245 finished with value 0.054204608 | dataset=ECG | model=ufgtime_plus | val_MSE=0.006379791 | test_MSE=0.006540432 | MAE=0.054204608 | RMSE=0.080872938 | MAPE=11.774523800% | params={'learning_rate': 0.005087163295120457, 'decay_rate': 1.631587935625857e-05, 'hidden_size': 64, 'beta1': 0.95, 'beta2': 0.95, 'signal_len': 16, 'cheb_order': 2, 's': 6.752272117193918, 'batch_size': 128, 'k': 9}
Trial 246 finished with value 0.053920519 | dataset=ECG | model=ufgtime_plus | val_MSE=0.006323590 | test_MSE=0.006522438 | MAE=0.053920519 | RMSE=0.080761613 | MAPE=11.721996856% | params={'learning_rate': 0.0036810537569589618, 'decay_rate': 1.057203585025372e-05, 'hidden_size': 64, 'beta1': 0.95, 'beta2': 0.95, 'signal_len': 16, 'cheb_order': 2, 's': 7.9827417548761215, 'batch_size': 128, 'k': 9}
Trial 247 finished with value 0.053881122 | dataset=ECG | model=ufgtime_plus | val_MSE=0.006397507 | test_MSE=0.006530809 | MAE=0.053881122 | RMSE=0.080813423 | MAPE=11.606078040% | params={'learning_rate': 0.0061059982338520676, 'decay_rate': 1.0128249742968722e-05, 'hidden_size': 64, 'beta1': 0.95, 'beta2': 0.95, 'signal_len': 16, 'cheb_order': 2, 's': 6.796093601520365, 'batch_size': 128, 'k': 9}
Trial 248 finished with value 0.053921673 | dataset=ECG | model=ufgtime_plus | val_MSE=0.006386246 | test_MSE=0.006531815 | MAE=0.053921673 | RMSE=0.080819646 | MAPE=11.731022985% | params={'learning_rate': 0.005557079088346965, 'decay_rate': 1.2702286442217801e-05, 'hidden_size': 64, 'beta1': 0.95, 'beta2': 0.95, 'signal_len': 16, 'cheb_order': 2, 's': 6.967527858801752, 'batch_size': 128, 'k': 9}
Trial 249 finished with value 0.054289073 | dataset=ECG | model=ufgtime_plus | val_MSE=0.006363728 | test_MSE=0.006574192 | MAE=0.054289073 | RMSE=0.081081393 | MAPE=11.933423267% | params={'learning_rate': 0.005640570438920426, 'decay_rate': 1.0057101126294364e-05, 'hidden_size': 64, 'beta1': 0.95, 'beta2': 0.95, 'signal_len': 16, 'cheb_order': 2, 's': 7.2356605235198375, 'batch_size': 128, 'k': 9}
Trial 250 finished with value 0.053706385 | dataset=ECG | model=ufgtime_plus | val_MSE=0.006364729 | test_MSE=0.006477633 | MAE=0.053706385 | RMSE=0.080483744 | MAPE=11.700255145% | params={'learning_rate': 0.004353907118370673, 'decay_rate': 1.3901364488305258e-05, 'hidden_size': 64, 'beta1': 0.95, 'beta2': 0.95, 'signal_len': 16, 'cheb_order': 2, 's': 6.767321480412689, 'batch_size': 128, 'k': 10}
Trial 251 finished with value 0.054339926 | dataset=ECG | model=ufgtime_plus | val_MSE=0.006350965 | test_MSE=0.006571905 | MAE=0.054339926 | RMSE=0.081067284 | MAPE=11.927566218% | params={'learning_rate': 0.003885043808712292, 'decay_rate': 1.4645990618188558e-05, 'hidden_size': 64, 'beta1': 0.95, 'beta2': 0.95, 'signal_len': 16, 'cheb_order': 2, 's': 6.824573938278946, 'batch_size': 128, 'k': 10}
Trial 252 finished with value 0.055084528 | dataset=ECG | model=ufgtime_plus | val_MSE=0.006501952 | test_MSE=0.006699856 | MAE=0.055084528 | RMSE=0.081852646 | MAPE=12.007829307% | params={'learning_rate': 0.004598504506945086, 'decay_rate': 1.2610603383352545e-05, 'hidden_size': 64, 'beta1': 0.95, 'beta2': 0.99, 'signal_len': 8, 'cheb_order': 2, 's': 6.678353255268222, 'batch_size': 128, 'k': 10}
Trial 253 finished with value 0.054572176 | dataset=ECG | model=ufgtime_plus | val_MSE=0.006372769 | test_MSE=0.006575080 | MAE=0.054572176 | RMSE=0.081086869 | MAPE=11.864611191% | params={'learning_rate': 0.0045581853918954885, 'decay_rate': 1.7352485789052975e-05, 'hidden_size': 64, 'beta1': 0.95, 'beta2': 0.95, 'signal_len': 16, 'cheb_order': 2, 's': 6.96238318973335, 'batch_size': 128, 'k': 10}
Trial 254 finished with value 0.054287116 | dataset=ECG | model=ufgtime_plus | val_MSE=0.006303628 | test_MSE=0.006580780 | MAE=0.054287116 | RMSE=0.081122004 | MAPE=11.817206741% | params={'learning_rate': 0.0033141771674000727, 'decay_rate': 1.4638524895323959e-05, 'hidden_size': 64, 'beta1': 0.95, 'beta2': 0.95, 'signal_len': 16, 'cheb_order': 2, 's': 6.780890079018139, 'batch_size': 128, 'k': 8}
Trial 255 finished with value 0.053876191 | dataset=ECG | model=ufgtime_plus | val_MSE=0.006365811 | test_MSE=0.006490155 | MAE=0.053876191 | RMSE=0.080561496 | MAPE=11.586876799% | params={'learning_rate': 0.005826816827139904, 'decay_rate': 1.0069746457049926e-05, 'hidden_size': 64, 'beta1': 0.95, 'beta2': 0.95, 'signal_len': 16, 'cheb_order': 2, 's': 6.584935597323234, 'batch_size': 128, 'k': 10}
Trial 256 finished with value 0.054253126 | dataset=ECG | model=ufgtime_plus | val_MSE=0.006277797 | test_MSE=0.006571951 | MAE=0.054253126 | RMSE=0.081067568 | MAPE=11.766835429% | params={'learning_rate': 0.0025376850184270056, 'decay_rate': 1.0087841513537466e-05, 'hidden_size': 64, 'beta1': 0.95, 'beta2': 0.95, 'signal_len': 16, 'cheb_order': 2, 's': 7.457109250959528, 'batch_size': 128, 'k': 10}
Trial 257 finished with value 0.053734657 | dataset=ECG | model=ufgtime_plus | val_MSE=0.006351082 | test_MSE=0.006496345 | MAE=0.053734657 | RMSE=0.080599909 | MAPE=11.697149033% | params={'learning_rate': 0.005791608753736106, 'decay_rate': 1.1763193894311033e-05, 'hidden_size': 64, 'beta1': 0.95, 'beta2': 0.95, 'signal_len': 16, 'cheb_order': 2, 's': 7.043633414290397, 'batch_size': 128, 'k': 10}
Trial 258 finished with value 0.053937813 | dataset=ECG | model=ufgtime_plus | val_MSE=0.006365095 | test_MSE=0.006522910 | MAE=0.053937813 | RMSE=0.080764536 | MAPE=11.815265178% | params={'learning_rate': 0.005200528787870505, 'decay_rate': 1.2502815867518405e-05, 'hidden_size': 64, 'beta1': 0.95, 'beta2': 0.95, 'signal_len': 16, 'cheb_order': 2, 's': 7.1872372221270515, 'batch_size': 128, 'k': 10}
Trial 259 finished with value 0.053778524 | dataset=ECG | model=ufgtime_plus | val_MSE=0.006375562 | test_MSE=0.006491956 | MAE=0.053778524 | RMSE=0.080572678 | MAPE=11.729584784% | params={'learning_rate': 0.003931121017938991, 'decay_rate': 1.6262751202294973e-05, 'hidden_size': 64, 'beta1': 0.95, 'beta2': 0.95, 'signal_len': 16, 'cheb_order': 2, 's': 6.645413884981384, 'batch_size': 128, 'k': 10}
Trial 260 finished with value 0.054314281 | dataset=ECG | model=ufgtime_plus | val_MSE=0.006311300 | test_MSE=0.006576578 | MAE=0.054314281 | RMSE=0.081096106 | MAPE=11.820119364% | params={'learning_rate': 0.00312079712705836, 'decay_rate': 1.8379476516777386e-05, 'hidden_size': 64, 'beta1': 0.95, 'beta2': 0.95, 'signal_len': 16, 'cheb_order': 2, 's': 6.946746955021865, 'batch_size': 128, 'k': 10}
Trial 261 finished with value 0.054329649 | dataset=ECG | model=ufgtime_plus | val_MSE=0.006327278 | test_MSE=0.006575734 | MAE=0.054329649 | RMSE=0.081090901 | MAPE=11.908330005% | params={'learning_rate': 0.00399751597704976, 'decay_rate': 1.7034583170604838e-05, 'hidden_size': 64, 'beta1': 0.95, 'beta2': 0.95, 'signal_len': 16, 'cheb_order': 2, 's': 7.115528055336074, 'batch_size': 128, 'k': 10}
Trial 262 finished with value 0.054342241 | dataset=ECG | model=ufgtime_plus | val_MSE=0.006225627 | test_MSE=0.006619441 | MAE=0.054342241 | RMSE=0.081359946 | MAPE=11.965499684% | params={'learning_rate': 0.0008773513583629106, 'decay_rate': 1.5003288660137207e-05, 'hidden_size': 64, 'beta1': 0.95, 'beta2': 0.95, 'signal_len': 16, 'cheb_order': 2, 's': 6.514328806275561, 'batch_size': 128, 'k': 10}
Trial 263 finished with value 0.053885096 | dataset=ECG | model=ufgtime_plus | val_MSE=0.006364411 | test_MSE=0.006526807 | MAE=0.053885096 | RMSE=0.080788659 | MAPE=11.700430589% | params={'learning_rate': 0.0041008022967298444, 'decay_rate': 2.153688323411997e-05, 'hidden_size': 64, 'beta1': 0.95, 'beta2': 0.95, 'signal_len': 16, 'cheb_order': 2, 's': 7.099537601671355, 'batch_size': 128, 'k': 10}
Trial 264 finished with value 0.054388648 | dataset=ECG | model=ufgtime_plus | val_MSE=0.006368355 | test_MSE=0.006559882 | MAE=0.054388648 | RMSE=0.080993100 | MAPE=11.854921344% | params={'learning_rate': 0.004798609011549904, 'decay_rate': 1.4115384066094428e-05, 'hidden_size': 64, 'beta1': 0.95, 'beta2': 0.95, 'signal_len': 16, 'cheb_order': 2, 's': 7.464698634145793, 'batch_size': 128, 'k': 10}
Trial 265 finished with value 0.057282566 | dataset=ECG | model=ufgtime_plus | val_MSE=0.006558707 | test_MSE=0.007086126 | MAE=0.057282566 | RMSE=0.084179130 | MAPE=12.604816812% | params={'learning_rate': 0.006095165055036342, 'decay_rate': 0.0009392305224616228, 'hidden_size': 64, 'beta1': 0.95, 'beta2': 0.95, 'signal_len': 16, 'cheb_order': 2, 's': 6.688247954025654, 'batch_size': 128, 'k': 10}
Trial 266 finished with value 0.053949761 | dataset=ECG | model=ufgtime_plus | val_MSE=0.006302243 | test_MSE=0.006529740 | MAE=0.053949761 | RMSE=0.080806806 | MAPE=11.703170602% | params={'learning_rate': 0.0035116251287884317, 'decay_rate': 1.967802386040981e-05, 'hidden_size': 64, 'beta1': 0.95, 'beta2': 0.95, 'signal_len': 16, 'cheb_order': 2, 's': 6.360406093015631, 'batch_size': 128, 'k': 8}
Trial 267 finished with value 0.054241679 | dataset=ECG | model=ufgtime_plus | val_MSE=0.006409439 | test_MSE=0.006546912 | MAE=0.054241679 | RMSE=0.080912989 | MAPE=11.917173027% | params={'learning_rate': 0.009947005881332039, 'decay_rate': 1.2290837594667148e-05, 'hidden_size': 64, 'beta1': 0.95, 'beta2': 0.95, 'signal_len': 16, 'cheb_order': 2, 's': 6.793221507432716, 'batch_size': 128, 'k': 10}
Trial 268 finished with value 0.053909148 | dataset=ECG | model=ufgtime_plus | val_MSE=0.006424213 | test_MSE=0.006532151 | MAE=0.053909148 | RMSE=0.080821724 | MAPE=11.766891134% | params={'learning_rate': 0.011814829511341203, 'decay_rate': 1.8642037251359995e-05, 'hidden_size': 128, 'beta1': 0.95, 'beta2': 0.99, 'signal_len': 16, 'cheb_order': 2, 's': 6.245461263527597, 'batch_size': 128, 'k': 10}
Trial 269 finished with value 0.054686413 | dataset=ECG | model=ufgtime_plus | val_MSE=0.006373868 | test_MSE=0.006579196 | MAE=0.054686413 | RMSE=0.081112244 | MAPE=11.818901354% | params={'learning_rate': 0.004534202746068143, 'decay_rate': 1.5995592514730922e-05, 'hidden_size': 64, 'beta1': 0.95, 'beta2': 0.95, 'signal_len': 16, 'cheb_order': 2, 's': 6.532620768013522, 'batch_size': 128, 'k': 9}
Trial 270 finished with value 0.054793975 | dataset=ECG | model=ufgtime_plus | val_MSE=0.006187405 | test_MSE=0.006669447 | MAE=0.054793975 | RMSE=0.081666680 | MAPE=11.877076604% | params={'learning_rate': 1.2940892646310808e-05, 'decay_rate': 1.2088815382559225e-05, 'hidden_size': 64, 'beta1': 0.95, 'beta2': 0.95, 'signal_len': 16, 'cheb_order': 2, 's': 6.951085273224563, 'batch_size': 128, 'k': 9}
