Trial 213 finished with value 0.081200557 | dataset=Electricity | model=ufgtime_plus | val_MSE=0.010229671 | test_MSE=0.014884473 | MAE=0.081200557 | RMSE=0.122001937 | MAPE=47.915822633% | params={'learning_rate': 0.033395967534587026, 'decay_rate': 0.001036731730695648, 'hidden_size': 64, 'beta1': 0.9, 'beta2': 0.999, 'signal_len': 16, 'cheb_order': 3, 's': 2.5693644653746683, 'batch_size': 128, 'k': 9}
Trial 214 finished with value 0.070788755 | dataset=Electricity | model=ufgtime_plus | val_MSE=0.007744162 | test_MSE=0.012165658 | MAE=0.070788755 | RMSE=0.110298043 | MAPE=43.231552122% | params={'learning_rate': 0.03630065891632313, 'decay_rate': 5.659498678664389e-05, 'hidden_size': 64, 'beta1': 0.9, 'beta2': 0.999, 'signal_len': 16, 'cheb_order': 3, 's': 3.502915889881448, 'batch_size': 128, 'k': 9}
Trial 215 finished with value 0.097035660 | dataset=Electricity | model=ufgtime_plus | val_MSE=0.013427745 | test_MSE=0.018759216 | MAE=0.097035660 | RMSE=0.136964287 | MAPE=54.441126635% | params={'learning_rate': 0.035168761761006966, 'decay_rate': 0.001010955746401749, 'hidden_size': 64, 'beta1': 0.9, 'beta2': 0.999, 'signal_len': 16, 'cheb_order': 3, 's': 3.0304480159377842, 'batch_size': 128, 'k': 9}
Trial 216 finished with value 0.138264357 | dataset=Electricity | model=ufgtime_plus | val_MSE=0.026644341 | test_MSE=0.031066950 | MAE=0.138264357 | RMSE=0.176258191 | MAPE=82.126733624% | params={'learning_rate': 0.03707065809029492, 'decay_rate': 0.0018685728765474097, 'hidden_size': 64, 'beta1': 0.9, 'beta2': 0.999, 'signal_len': 16, 'cheb_order': 3, 's': 3.3747010536341264, 'batch_size': 128, 'k': 9}
Trial 217 finished with value 0.072878282 | dataset=Electricity | model=ufgtime_plus | val_MSE=0.008022430 | test_MSE=0.012604456 | MAE=0.072878282 | RMSE=0.112269568 | MAPE=44.243354279% | params={'learning_rate': 0.03390224339661969, 'decay_rate': 8.164329241923912e-05, 'hidden_size': 64, 'beta1': 0.9, 'beta2': 0.999, 'signal_len': 16, 'cheb_order': 3, 's': 3.1533096793807722, 'batch_size': 128, 'k': 9}
Trial 218 finished with value 0.070559374 | dataset=Electricity | model=ufgtime_plus | val_MSE=0.007677655 | test_MSE=0.012185522 | MAE=0.070559374 | RMSE=0.110388053 | MAPE=43.284841785% | params={'learning_rate': 0.0341745726190396, 'decay_rate': 4.044322577525835e-05, 'hidden_size': 64, 'beta1': 0.9, 'beta2': 0.999, 'signal_len': 16, 'cheb_order': 3, 's': 3.109010175650214, 'batch_size': 128, 'k': 9}
Trial 219 finished with value 0.097072216 | dataset=Electricity | model=ufgtime_plus | val_MSE=0.013360946 | test_MSE=0.018739085 | MAE=0.097072216 | RMSE=0.136890776 | MAPE=54.439519255% | params={'learning_rate': 0.035769573827310455, 'decay_rate': 0.001190241007986603, 'hidden_size': 64, 'beta1': 0.9, 'beta2': 0.999, 'signal_len': 16, 'cheb_order': 3, 's': 3.0370168530019157, 'batch_size': 128, 'k': 9}
Trial 220 finished with value 0.138454752 | dataset=Electricity | model=ufgtime_plus | val_MSE=0.027471774 | test_MSE=0.030811997 | MAE=0.138454752 | RMSE=0.175533465 | MAPE=78.529727736% | params={'learning_rate': 0.03796615989956432, 'decay_rate': 0.002356167801789757, 'hidden_size': 64, 'beta1': 0.9, 'beta2': 0.999, 'signal_len': 16, 'cheb_order': 3, 's': 3.471011500310745, 'batch_size': 128, 'k': 9}
Trial 221 finished with value 0.069888040 | dataset=Electricity | model=ufgtime_plus | val_MSE=0.007716612 | test_MSE=0.011986214 | MAE=0.069888040 | RMSE=0.109481567 | MAPE=42.474461562% | params={'learning_rate': 0.03438199753537666, 'decay_rate': 4.662100996565137e-05, 'hidden_size': 64, 'beta1': 0.9, 'beta2': 0.999, 'signal_len': 16, 'cheb_order': 3, 's': 3.073093463544021, 'batch_size': 128, 'k': 9}
Trial 222 finished with value 0.070181259 | dataset=Electricity | model=ufgtime_plus | val_MSE=0.007613100 | test_MSE=0.012076988 | MAE=0.070181259 | RMSE=0.109895350 | MAPE=43.020198680% | params={'learning_rate': 0.03617898378482479, 'decay_rate': 4.2445037330581413e-05, 'hidden_size': 64, 'beta1': 0.9, 'beta2': 0.999, 'signal_len': 16, 'cheb_order': 3, 's': 2.551605531015034, 'batch_size': 128, 'k': 9}
Trial 223 finished with value 0.082415508 | dataset=Electricity | model=ufgtime_plus | val_MSE=0.010567693 | test_MSE=0.015329793 | MAE=0.082415508 | RMSE=0.123813540 | MAPE=48.627200038% | params={'learning_rate': 0.034421839940468685, 'decay_rate': 0.0009840380380968033, 'hidden_size': 64, 'beta1': 0.9, 'beta2': 0.999, 'signal_len': 16, 'cheb_order': 3, 's': 3.27763690406114, 'batch_size': 128, 'k': 9}
Trial 224 finished with value 0.081108892 | dataset=Electricity | model=ufgtime_plus | val_MSE=0.010194002 | test_MSE=0.014890600 | MAE=0.081108892 | RMSE=0.122027045 | MAPE=48.475952647% | params={'learning_rate': 0.03596064194640797, 'decay_rate': 0.0009257157266217682, 'hidden_size': 64, 'beta1': 0.9, 'beta2': 0.999, 'signal_len': 16, 'cheb_order': 3, 's': 2.5077198512223102, 'batch_size': 128, 'k': 9}
Trial 225 finished with value 0.070269528 | dataset=Electricity | model=ufgtime_plus | val_MSE=0.007645870 | test_MSE=0.012136201 | MAE=0.070269528 | RMSE=0.110164429 | MAPE=43.124345504% | params={'learning_rate': 0.03427710898830864, 'decay_rate': 3.39853062655423e-05, 'hidden_size': 64, 'beta1': 0.9, 'beta2': 0.999, 'signal_len': 16, 'cheb_order': 3, 's': 2.139893405107826, 'batch_size': 128, 'k': 9}
Trial 226 finished with value 0.070284556 | dataset=Electricity | model=ufgtime_plus | val_MSE=0.007579060 | test_MSE=0.012129759 | MAE=0.070284556 | RMSE=0.110135185 | MAPE=42.979260123% | params={'learning_rate': 0.03640629531435443, 'decay_rate': 3.098515147865221e-05, 'hidden_size': 64, 'beta1': 0.9, 'beta2': 0.999, 'signal_len': 16, 'cheb_order': 3, 's': 2.1854814864885386, 'batch_size': 128, 'k': 9}
Trial 227 finished with value 0.071085089 | dataset=Electricity | model=ufgtime_plus | val_MSE=0.007672531 | test_MSE=0.012346445 | MAE=0.071085089 | RMSE=0.111114556 | MAPE=43.333344428% | params={'learning_rate': 0.03639079984279185, 'decay_rate': 1.8145707534482798e-05, 'hidden_size': 64, 'beta1': 0.9, 'beta2': 0.999, 'signal_len': 16, 'cheb_order': 3, 's': 2.062815371011305, 'batch_size': 128, 'k': 9}
Trial 228 finished with value 0.123061347 | dataset=Electricity | model=ufgtime_plus | val_MSE=0.022347247 | test_MSE=0.026866226 | MAE=0.123061347 | RMSE=0.163909202 | MAPE=70.390075797% | params={'learning_rate': 0.036663355745161795, 'decay_rate': 0.001802104779461426, 'hidden_size': 64, 'beta1': 0.9, 'beta2': 0.999, 'signal_len': 16, 'cheb_order': 3, 's': 2.079329411619962, 'batch_size': 128, 'k': 9}
Trial 229 finished with value 0.097218973 | dataset=Electricity | model=ufgtime_plus | val_MSE=0.013377703 | test_MSE=0.018691806 | MAE=0.097218973 | RMSE=0.136717979 | MAPE=54.796188053% | params={'learning_rate': 0.03813592742344754, 'decay_rate': 0.0009884682981805679, 'hidden_size': 64, 'beta1': 0.9, 'beta2': 0.999, 'signal_len': 16, 'cheb_order': 3, 's': 2.3146819387148643, 'batch_size': 128, 'k': 9}
Trial 230 finished with value 0.070026385 | dataset=Electricity | model=ufgtime_plus | val_MSE=0.007596271 | test_MSE=0.011980099 | MAE=0.070026385 | RMSE=0.109453640 | MAPE=42.973671234% | params={'learning_rate': 0.035364630434451795, 'decay_rate': 2.963999328846096e-05, 'hidden_size': 64, 'beta1': 0.9, 'beta2': 0.999, 'signal_len': 16, 'cheb_order': 3, 's': 1.867257598700433, 'batch_size': 128, 'k': 9}
Trial 231 finished with value 0.096487637 | dataset=Electricity | model=ufgtime_plus | val_MSE=0.013440379 | test_MSE=0.018653112 | MAE=0.096487637 | RMSE=0.136576395 | MAPE=54.864236126% | params={'learning_rate': 0.035360497724721406, 'decay_rate': 0.0009033049002069414, 'hidden_size': 64, 'beta1': 0.9, 'beta2': 0.999, 'signal_len': 16, 'cheb_order': 3, 's': 1.9458375908857257, 'batch_size': 128, 'k': 9}
Trial 232 finished with value 0.069841217 | dataset=Electricity | model=ufgtime_plus | val_MSE=0.007621465 | test_MSE=0.012064386 | MAE=0.069841217 | RMSE=0.109837999 | MAPE=42.650694184% | params={'learning_rate': 0.03446279297015811, 'decay_rate': 2.4014266293199948e-05, 'hidden_size': 64, 'beta1': 0.9, 'beta2': 0.999, 'signal_len': 16, 'cheb_order': 3, 's': 1.696868707465164, 'batch_size': 128, 'k': 9}
Trial 233 finished with value 0.083415685 | dataset=Electricity | model=ufgtime_plus | val_MSE=0.010507362 | test_MSE=0.015121230 | MAE=0.083415685 | RMSE=0.122968412 | MAPE=49.911328608% | params={'learning_rate': 0.03398885377675704, 'decay_rate': 0.001516436815118428, 'hidden_size': 64, 'beta1': 0.9, 'beta2': 0.999, 'signal_len': 16, 'cheb_order': 3, 's': 1.7877743337891092, 'batch_size': 128, 'k': 9}
Trial 234 finished with value 0.069664343 | dataset=Electricity | model=ufgtime_plus | val_MSE=0.007580553 | test_MSE=0.012147082 | MAE=0.069664343 | RMSE=0.110213800 | MAPE=42.174265706% | params={'learning_rate': 0.0362334949932291, 'decay_rate': 1.7541079821507643e-05, 'hidden_size': 64, 'beta1': 0.9, 'beta2': 0.999, 'signal_len': 16, 'cheb_order': 3, 's': 2.14638625978511, 'batch_size': 128, 'k': 9}
Trial 235 finished with value 0.069679336 | dataset=Electricity | model=ufgtime_plus | val_MSE=0.007622647 | test_MSE=0.012065980 | MAE=0.069679336 | RMSE=0.109845255 | MAPE=42.297989101% | params={'learning_rate': 0.036537141246383124, 'decay_rate': 1.5384738720825058e-05, 'hidden_size': 64, 'beta1': 0.9, 'beta2': 0.999, 'signal_len': 16, 'cheb_order': 3, 's': 2.2547934132790424, 'batch_size': 128, 'k': 9}
Trial 236 finished with value 0.137520822 | dataset=Electricity | model=ufgtime_plus | val_MSE=0.026718156 | test_MSE=0.030973115 | MAE=0.137520822 | RMSE=0.175991803 | MAPE=82.871409652% | params={'learning_rate': 0.036154643683693456, 'decay_rate': 0.0018440375380730661, 'hidden_size': 64, 'beta1': 0.9, 'beta2': 0.999, 'signal_len': 16, 'cheb_order': 3, 's': 1.429338553611921, 'batch_size': 128, 'k': 9}
Trial 237 finished with value 0.080260338 | dataset=Electricity | model=ufgtime_plus | val_MSE=0.009966726 | test_MSE=0.014682507 | MAE=0.080260338 | RMSE=0.121171395 | MAPE=47.802332760% | params={'learning_rate': 0.03513180178002276, 'decay_rate': 0.0009144156325265963, 'hidden_size': 64, 'beta1': 0.9, 'beta2': 0.999, 'signal_len': 16, 'cheb_order': 3, 's': 2.1255043552350927, 'batch_size': 128, 'k': 9}
Trial 238 finished with value 0.158621941 | dataset=Electricity | model=ufgtime_plus | val_MSE=0.034877952 | test_MSE=0.037509443 | MAE=0.158621941 | RMSE=0.193673547 | MAPE=91.892199870% | params={'learning_rate': 0.03755802511158922, 'decay_rate': 0.012421781404390752, 'hidden_size': 64, 'beta1': 0.9, 'beta2': 0.999, 'signal_len': 16, 'cheb_order': 3, 's': 1.4906041116359452, 'batch_size': 128, 'k': 9}
Trial 239 finished with value 0.097522842 | dataset=Electricity | model=ufgtime_plus | val_MSE=0.013544889 | test_MSE=0.018709876 | MAE=0.097522842 | RMSE=0.136784050 | MAPE=55.460520805% | params={'learning_rate': 0.03604943183557936, 'decay_rate': 0.002558209061214327, 'hidden_size': 64, 'beta1': 0.9, 'beta2': 0.999, 'signal_len': 16, 'cheb_order': 3, 's': 2.6379134236404393, 'batch_size': 128, 'k': 9}
Trial 240 finished with value 0.098574953 | dataset=Electricity | model=ufgtime_plus | val_MSE=0.013578153 | test_MSE=0.018916306 | MAE=0.098574953 | RMSE=0.137536563 | MAPE=57.276799743% | params={'learning_rate': 0.039320854119386725, 'decay_rate': 0.0009516665514148107, 'hidden_size': 64, 'beta1': 0.9, 'beta2': 0.999, 'signal_len': 16, 'cheb_order': 3, 's': 2.20481571867362, 'batch_size': 128, 'k': 9}
Trial 241 finished with value 0.099117103 | dataset=Electricity | model=ufgtime_plus | val_MSE=0.013935529 | test_MSE=0.019558763 | MAE=0.099117103 | RMSE=0.139852647 | MAPE=54.577786986% | params={'learning_rate': 0.034391102350213865, 'decay_rate': 0.0007620177404388919, 'hidden_size': 64, 'beta1': 0.9, 'beta2': 0.999, 'signal_len': 16, 'cheb_order': 3, 's': 1.7730972399862932, 'batch_size': 128, 'k': 9}
Trial 242 finished with value 0.070241474 | dataset=Electricity | model=ufgtime_plus | val_MSE=0.007603135 | test_MSE=0.012023426 | MAE=0.070241474 | RMSE=0.109651383 | MAPE=43.268935632% | params={'learning_rate': 0.036430118818352564, 'decay_rate': 2.86660413222643e-05, 'hidden_size': 64, 'beta1': 0.9, 'beta2': 0.999, 'signal_len': 16, 'cheb_order': 3, 's': 2.3545374970212585, 'batch_size': 128, 'k': 9}
Trial 243 finished with value 0.069869555 | dataset=Electricity | model=ufgtime_plus | val_MSE=0.007615408 | test_MSE=0.012141827 | MAE=0.069869555 | RMSE=0.110189959 | MAPE=42.670094934% | params={'learning_rate': 0.036455857621383266, 'decay_rate': 3.168538084656521e-05, 'hidden_size': 64, 'beta1': 0.9, 'beta2': 0.999, 'signal_len': 16, 'cheb_order': 3, 's': 2.317568297315887, 'batch_size': 128, 'k': 9}
Trial 244 finished with value 0.099056328 | dataset=Electricity | model=ufgtime_plus | val_MSE=0.013969918 | test_MSE=0.019619434 | MAE=0.099056328 | RMSE=0.140069392 | MAPE=54.035945011% | params={'learning_rate': 0.03636346246171422, 'decay_rate': 0.0010644657662760683, 'hidden_size': 64, 'beta1': 0.9, 'beta2': 0.999, 'signal_len': 16, 'cheb_order': 3, 's': 1.970493874693503, 'batch_size': 128, 'k': 9}
Trial 245 finished with value 0.070647565 | dataset=Electricity | model=ufgtime_plus | val_MSE=0.007657400 | test_MSE=0.012208930 | MAE=0.070647565 | RMSE=0.110494027 | MAPE=43.151036867% | params={'learning_rate': 0.036890422057984686, 'decay_rate': 2.634850954057146e-05, 'hidden_size': 64, 'beta1': 0.9, 'beta2': 0.999, 'signal_len': 16, 'cheb_order': 3, 's': 2.61985164742116, 'batch_size': 128, 'k': 9}
Trial 246 finished with value 0.072613423 | dataset=Electricity | model=ufgtime_plus | val_MSE=0.007974809 | test_MSE=0.012609757 | MAE=0.072613423 | RMSE=0.112293174 | MAPE=44.060266210% | params={'learning_rate': 0.038941786855692356, 'decay_rate': 7.702802938711685e-05, 'hidden_size': 64, 'beta1': 0.9, 'beta2': 0.999, 'signal_len': 16, 'cheb_order': 3, 's': 2.32100858207533, 'batch_size': 128, 'k': 9}
Trial 247 finished with value 0.069464355 | dataset=Electricity | model=ufgtime_plus | val_MSE=0.007583690 | test_MSE=0.012060078 | MAE=0.069464355 | RMSE=0.109818385 | MAPE=42.098985167% | params={'learning_rate': 0.037273393994752005, 'decay_rate': 1.345092090139457e-05, 'hidden_size': 64, 'beta1': 0.9, 'beta2': 0.999, 'signal_len': 16, 'cheb_order': 3, 's': 2.6971735083229977, 'batch_size': 128, 'k': 9}
Trial 248 finished with value 0.134788873 | dataset=Electricity | model=ufgtime_plus | val_MSE=0.026544192 | test_MSE=0.030095945 | MAE=0.134788873 | RMSE=0.173481829 | MAPE=77.377276314% | params={'learning_rate': 0.037303363385747246, 'decay_rate': 0.0017830695568898803, 'hidden_size': 64, 'beta1': 0.9, 'beta2': 0.999, 'signal_len': 16, 'cheb_order': 3, 's': 2.5062955927241544, 'batch_size': 128, 'k': 9}
Trial 249 finished with value 0.075787932 | dataset=Electricity | model=ufgtime_plus | val_MSE=0.008876600 | test_MSE=0.013379134 | MAE=0.075787932 | RMSE=0.115668205 | MAPE=45.566683114% | params={'learning_rate': 0.036704883941530646, 'decay_rate': 1.3832882578869823e-05, 'hidden_size': 64, 'beta1': 0.9, 'beta2': 0.999, 'signal_len': 8, 'cheb_order': 3, 's': 2.706726458802978, 'batch_size': 128, 'k': 9}
Trial 250 finished with value 0.122625297 | dataset=Electricity | model=ufgtime_plus | val_MSE=0.022096748 | test_MSE=0.026275009 | MAE=0.122625297 | RMSE=0.162095680 | MAPE=71.192956716% | params={'learning_rate': 0.037724461823900456, 'decay_rate': 0.0016086533536905795, 'hidden_size': 64, 'beta1': 0.9, 'beta2': 0.999, 'signal_len': 16, 'cheb_order': 3, 's': 2.1655413505894687, 'batch_size': 128, 'k': 4}
Trial 251 finished with value 0.177721030 | dataset=Electricity | model=ufgtime_plus | val_MSE=0.042782361 | test_MSE=0.045206336 | MAE=0.177721030 | RMSE=0.212617816 | MAPE=103.521064947% | params={'learning_rate': 0.03570555499884165, 'decay_rate': 0.040568939760215306, 'hidden_size': 64, 'beta1': 0.9, 'beta2': 0.999, 'signal_len': 16, 'cheb_order': 3, 's': 2.369402331042767, 'batch_size': 128, 'k': 9}
Trial 252 finished with value 0.081336522 | dataset=Electricity | model=ufgtime_plus | val_MSE=0.010256789 | test_MSE=0.015078920 | MAE=0.081336522 | RMSE=0.122796256 | MAPE=47.830231392% | params={'learning_rate': 0.039653490591243595, 'decay_rate': 0.0009451332570208559, 'hidden_size': 64, 'beta1': 0.9, 'beta2': 0.999, 'signal_len': 16, 'cheb_order': 3, 's': 1.6770922438703733, 'batch_size': 128, 'k': 9}
Trial 253 finished with value 0.139083339 | dataset=Electricity | model=ufgtime_plus | val_MSE=0.027723473 | test_MSE=0.031474164 | MAE=0.139083339 | RMSE=0.177409595 | MAPE=81.148855762% | params={'learning_rate': 0.036998240635563645, 'decay_rate': 0.002492101500764782, 'hidden_size': 64, 'beta1': 0.9, 'beta2': 0.999, 'signal_len': 16, 'cheb_order': 3, 's': 1.9952255605459193, 'batch_size': 128, 'k': 9}
Trial 254 finished with value 0.099462642 | dataset=Electricity | model=ufgtime_plus | val_MSE=0.013951452 | test_MSE=0.019452324 | MAE=0.099462642 | RMSE=0.139471589 | MAPE=55.548922293% | params={'learning_rate': 0.035131540018968385, 'decay_rate': 0.0010448722910621096, 'hidden_size': 64, 'beta1': 0.9, 'beta2': 0.999, 'signal_len': 16, 'cheb_order': 3, 's': 2.773526660515202, 'batch_size': 128, 'k': 9}
Trial 255 finished with value 0.070790141 | dataset=Electricity | model=ufgtime_plus | val_MSE=0.007726756 | test_MSE=0.012051548 | MAE=0.070790141 | RMSE=0.109779542 | MAPE=43.293233780% | params={'learning_rate': 0.03420358653798572, 'decay_rate': 2.3499281934798485e-05, 'hidden_size': 64, 'beta1': 0.9, 'beta2': 0.999, 'signal_len': 16, 'cheb_order': 3, 's': 2.2096325804633072, 'batch_size': 128, 'k': 9}
Trial 256 finished with value 0.098451654 | dataset=Electricity | model=ufgtime_plus | val_MSE=0.013702336 | test_MSE=0.018911392 | MAE=0.098451654 | RMSE=0.137518698 | MAPE=56.598854050% | params={'learning_rate': 0.033727309882850755, 'decay_rate': 0.0018176431068435738, 'hidden_size': 64, 'beta1': 0.9, 'beta2': 0.999, 'signal_len': 16, 'cheb_order': 3, 's': 2.4187641320659945, 'batch_size': 128, 'k': 9}
Trial 257 finished with value 0.097174313 | dataset=Electricity | model=ufgtime_plus | val_MSE=0.013423401 | test_MSE=0.018765945 | MAE=0.097174313 | RMSE=0.136988851 | MAPE=54.384410543% | params={'learning_rate': 0.03423659980824907, 'decay_rate': 0.0012376531906301092, 'hidden_size': 64, 'beta1': 0.9, 'beta2': 0.999, 'signal_len': 16, 'cheb_order': 3, 's': 2.256975238338387, 'batch_size': 128, 'k': 9}
Trial 258 finished with value 0.136749520 | dataset=Electricity | model=ufgtime_plus | val_MSE=0.026616632 | test_MSE=0.030561090 | MAE=0.136749520 | RMSE=0.174817304 | MAPE=81.003057748% | params={'learning_rate': 0.03554888888378561, 'decay_rate': 0.0026761381705626866, 'hidden_size': 64, 'beta1': 0.9, 'beta2': 0.999, 'signal_len': 16, 'cheb_order': 3, 's': 2.6137457697971165, 'batch_size': 128, 'k': 9}
Trial 259 finished with value 0.081006080 | dataset=Electricity | model=ufgtime_plus | val_MSE=0.010057844 | test_MSE=0.014764850 | MAE=0.081006080 | RMSE=0.121510698 | MAPE=48.556500539% | params={'learning_rate': 0.0377772535663034, 'decay_rate': 0.0009195046814741971, 'hidden_size': 64, 'beta1': 0.9, 'beta2': 0.999, 'signal_len': 16, 'cheb_order': 3, 's': 1.6328429245432106, 'batch_size': 128, 'k': 9}
Trial 260 finished with value 0.134944820 | dataset=Electricity | model=ufgtime_plus | val_MSE=0.025901210 | test_MSE=0.029986017 | MAE=0.134944820 | RMSE=0.173164710 | MAPE=78.804187071% | params={'learning_rate': 0.03301165521939666, 'decay_rate': 0.0018344120618107927, 'hidden_size': 64, 'beta1': 0.9, 'beta2': 0.999, 'signal_len': 16, 'cheb_order': 3, 's': 2.1265875522557436, 'batch_size': 128, 'k': 9}
Trial 261 finished with value 0.072031271 | dataset=Electricity | model=ufgtime_plus | val_MSE=0.008078064 | test_MSE=0.012654732 | MAE=0.072031271 | RMSE=0.112493254 | MAPE=42.977810091% | params={'learning_rate': 0.034500491761110794, 'decay_rate': 9.648224871049274e-05, 'hidden_size': 64, 'beta1': 0.9, 'beta2': 0.999, 'signal_len': 16, 'cheb_order': 3, 's': 2.4801657386222145, 'batch_size': 128, 'k': 9}
Trial 262 finished with value 0.072545210 | dataset=Electricity | model=ufgtime_plus | val_MSE=0.008013150 | test_MSE=0.012695036 | MAE=0.072545210 | RMSE=0.112672250 | MAPE=43.855195834% | params={'learning_rate': 0.03556783560629194, 'decay_rate': 6.332552836695507e-05, 'hidden_size': 64, 'beta1': 0.9, 'beta2': 0.999, 'signal_len': 16, 'cheb_order': 3, 's': 1.890384362149762, 'batch_size': 128, 'k': 9}
Trial 263 finished with value 0.098391459 | dataset=Electricity | model=ufgtime_plus | val_MSE=0.013547963 | test_MSE=0.019216969 | MAE=0.098391459 | RMSE=0.138625283 | MAPE=55.256362889% | params={'learning_rate': 0.03628140305710293, 'decay_rate': 0.0009958080114892173, 'hidden_size': 64, 'beta1': 0.9, 'beta2': 0.999, 'signal_len': 16, 'cheb_order': 3, 's': 2.829556995370547, 'batch_size': 128, 'k': 9}
Trial 264 finished with value 0.069794398 | dataset=Electricity | model=ufgtime_plus | val_MSE=0.007610824 | test_MSE=0.012136037 | MAE=0.069794398 | RMSE=0.110163683 | MAPE=42.438170347% | params={'learning_rate': 0.038599268448962096, 'decay_rate': 1.523856979374453e-05, 'hidden_size': 64, 'beta1': 0.9, 'beta2': 0.999, 'signal_len': 16, 'cheb_order': 3, 's': 2.2487404687203254, 'batch_size': 128, 'k': 9}
Trial 265 finished with value 0.145338520 | dataset=Electricity | model=ufgtime_plus | val_MSE=0.029331867 | test_MSE=0.034478283 | MAE=0.145338520 | RMSE=0.185683287 | MAPE=86.131875830% | params={'learning_rate': 0.03858112196577964, 'decay_rate': 0.0027240695260204013, 'hidden_size': 64, 'beta1': 0.9, 'beta2': 0.999, 'signal_len': 16, 'cheb_order': 3, 's': 2.2701628299435868, 'batch_size': 128, 'k': 9}
