Trial 372 finished with value 0.146836839 | dataset=Electricity | model=ufgtime_plus | val_MSE=0.029719040 | test_MSE=0.034890697 | MAE=0.146836839 | RMSE=0.186790515 | MAPE=90.373392537% | params={'learning_rate': 0.03260333852421017, 'decay_rate': 0.003330846801694774, 'hidden_size': 64, 'beta1': 0.9, 'beta2': 0.999, 'signal_len': 16, 'cheb_order': 3, 's': 3.599465858636143, 'batch_size': 128, 'k': 8}
Trial 373 finished with value 0.070004997 | dataset=Electricity | model=ufgtime_plus | val_MSE=0.007635678 | test_MSE=0.012178788 | MAE=0.070004997 | RMSE=0.110357546 | MAPE=42.630910953% | params={'learning_rate': 0.03272858748047045, 'decay_rate': 2.697193003392468e-05, 'hidden_size': 64, 'beta1': 0.9, 'beta2': 0.999, 'signal_len': 16, 'cheb_order': 3, 's': 4.229886530448205, 'batch_size': 128, 'k': 8}
Trial 374 finished with value 0.097885251 | dataset=Electricity | model=ufgtime_plus | val_MSE=0.013468294 | test_MSE=0.018722988 | MAE=0.097885251 | RMSE=0.136831970 | MAPE=55.899400484% | params={'learning_rate': 0.033150797626895497, 'decay_rate': 0.000905139903804536, 'hidden_size': 64, 'beta1': 0.9, 'beta2': 0.999, 'signal_len': 16, 'cheb_order': 3, 's': 4.199846494764929, 'batch_size': 128, 'k': 8}
Trial 375 finished with value 0.069068009 | dataset=Electricity | model=ufgtime_plus | val_MSE=0.007625409 | test_MSE=0.011841737 | MAE=0.069068009 | RMSE=0.108819747 | MAPE=42.197705433% | params={'learning_rate': 0.0331018822002874, 'decay_rate': 1.5828172313348287e-05, 'hidden_size': 64, 'beta1': 0.9, 'beta2': 0.999, 'signal_len': 16, 'cheb_order': 3, 's': 4.277485959295696, 'batch_size': 128, 'k': 8}
