Trial 107 finished with value 0.080006497 | dataset=Electricity | model=ufgtime_plus | val_MSE=0.009929224 | test_MSE=0.014674832 | MAE=0.080006497 | RMSE=0.121139722 | MAPE=47.691059161% | params={'learning_rate': 0.023417757549417426, 'decay_rate': 0.0011237392901609548, 'hidden_size': 32, 'beta1': 0.9, 'beta2': 0.999, 'signal_len': 16, 'cheb_order': 2, 's': 5.989453805895699, 'batch_size': 128, 'k': 7}
Trial 108 finished with value 0.074533503 | dataset=Electricity | model=ufgtime_plus | val_MSE=0.008418031 | test_MSE=0.013061971 | MAE=0.074533503 | RMSE=0.114288980 | MAPE=45.658133208% | params={'learning_rate': 0.025512928548584425, 'decay_rate': 5.101086149897099e-05, 'hidden_size': 16, 'beta1': 0.9, 'beta2': 0.999, 'signal_len': 16, 'cheb_order': 3, 's': 9.97102139515365, 'batch_size': 256, 'k': 10}
Trial 109 finished with value 0.157999886 | dataset=Electricity | model=ufgtime_plus | val_MSE=0.035120331 | test_MSE=0.037917772 | MAE=0.157999886 | RMSE=0.194724862 | MAPE=90.122852496% | params={'learning_rate': 0.025185703576724155, 'decay_rate': 0.005297459929512164, 'hidden_size': 16, 'beta1': 0.9, 'beta2': 0.999, 'signal_len': 16, 'cheb_order': 3, 's': 4.942296595962948, 'batch_size': 128, 'k': 10}
Trial 110 finished with value 0.160300699 | dataset=Electricity | model=ufgtime_plus | val_MSE=0.034803999 | test_MSE=0.037113080 | MAE=0.160300699 | RMSE=0.192647554 | MAPE=90.431287131% | params={'learning_rate': 0.021631469605629755, 'decay_rate': 0.029664391924275, 'hidden_size': 16, 'beta1': 0.9, 'beta2': 0.999, 'signal_len': 16, 'cheb_order': 3, 's': 5.752407243200102, 'batch_size': 256, 'k': 10}
Trial 111 finished with value 0.166244229 | dataset=Electricity | model=ufgtime_plus | val_MSE=0.039580918 | test_MSE=0.040554814 | MAE=0.166244229 | RMSE=0.201382259 | MAPE=87.193293701% | params={'learning_rate': 2.479362126405057e-05, 'decay_rate': 0.000981093734686904, 'hidden_size': 16, 'beta1': 0.9, 'beta2': 0.999, 'signal_len': 16, 'cheb_order': 3, 's': 9.58194924466979, 'batch_size': 256, 'k': 9}
Trial 112 finished with value 0.073083995 | dataset=Electricity | model=ufgtime_plus | val_MSE=0.008268638 | test_MSE=0.012850820 | MAE=0.073083995 | RMSE=0.113361459 | MAPE=44.062815144% | params={'learning_rate': 0.029703980964426474, 'decay_rate': 6.328025990095151e-05, 'hidden_size': 16, 'beta1': 0.9, 'beta2': 0.999, 'signal_len': 16, 'cheb_order': 3, 's': 9.820299003365236, 'batch_size': 256, 'k': 10}
Trial 113 finished with value 0.156566885 | dataset=Electricity | model=ufgtime_plus | val_MSE=0.034746348 | test_MSE=0.037610533 | MAE=0.156566885 | RMSE=0.193934352 | MAPE=89.193246000% | params={'learning_rate': 0.030314367051910457, 'decay_rate': 0.0022041317853111666, 'hidden_size': 16, 'beta1': 0.9, 'beta2': 0.999, 'signal_len': 16, 'cheb_order': 3, 's': 9.280533005923909, 'batch_size': 256, 'k': 10}
Trial 114 finished with value 0.077214885 | dataset=Electricity | model=ufgtime_plus | val_MSE=0.009138816 | test_MSE=0.013830601 | MAE=0.077214885 | RMSE=0.117603575 | MAPE=46.732088163% | params={'learning_rate': 0.031879561187501126, 'decay_rate': 0.00013344502521119223, 'hidden_size': 16, 'beta1': 0.9, 'beta2': 0.999, 'signal_len': 16, 'cheb_order': 3, 's': 9.51837183133875, 'batch_size': 256, 'k': 10}
Trial 115 finished with value 0.120020394 | dataset=Electricity | model=ufgtime_plus | val_MSE=0.021285070 | test_MSE=0.025893532 | MAE=0.120020394 | RMSE=0.160914673 | MAPE=69.600217564% | params={'learning_rate': 0.029318161821439533, 'decay_rate': 0.0012130683719365927, 'hidden_size': 16, 'beta1': 0.9, 'beta2': 0.999, 'signal_len': 16, 'cheb_order': 3, 's': 8.70043724641384, 'batch_size': 256, 'k': 10}
Trial 116 finished with value 0.157594140 | dataset=Electricity | model=ufgtime_plus | val_MSE=0.035068947 | test_MSE=0.037914924 | MAE=0.157594140 | RMSE=0.194717550 | MAPE=89.799078804% | params={'learning_rate': 0.02616065274651685, 'decay_rate': 0.004190538892282198, 'hidden_size': 16, 'beta1': 0.9, 'beta2': 0.999, 'signal_len': 16, 'cheb_order': 3, 's': 9.740196667874354, 'batch_size': 128, 'k': 10}
Trial 117 finished with value 0.072929586 | dataset=Electricity | model=ufgtime_plus | val_MSE=0.008153654 | test_MSE=0.012770929 | MAE=0.072929586 | RMSE=0.113008534 | MAPE=44.220703701% | params={'learning_rate': 0.02738592781775919, 'decay_rate': 5.278532619780593e-05, 'hidden_size': 16, 'beta1': 0.9, 'beta2': 0.999, 'signal_len': 16, 'cheb_order': 2, 's': 5.1001367486049904, 'batch_size': 256, 'k': 9}
Trial 118 finished with value 0.157128504 | dataset=Electricity | model=ufgtime_plus | val_MSE=0.034937255 | test_MSE=0.037758908 | MAE=0.157128504 | RMSE=0.194316515 | MAPE=89.413437056% | params={'learning_rate': 0.027688284523843473, 'decay_rate': 0.0027444091701432196, 'hidden_size': 16, 'beta1': 0.9, 'beta2': 0.999, 'signal_len': 16, 'cheb_order': 2, 's': 5.484976921576949, 'batch_size': 256, 'k': 9}
Trial 119 finished with value 0.155287217 | dataset=Electricity | model=ufgtime_plus | val_MSE=0.034201340 | test_MSE=0.037155082 | MAE=0.155287217 | RMSE=0.192756535 | MAPE=88.662553759% | params={'learning_rate': 0.025447523986905748, 'decay_rate': 0.001974145933276247, 'hidden_size': 16, 'beta1': 0.9, 'beta2': 0.999, 'signal_len': 8, 'cheb_order': 2, 's': 9.914149271275559, 'batch_size': 256, 'k': 9}
Trial 120 finished with value 0.118713628 | dataset=Electricity | model=ufgtime_plus | val_MSE=0.020904125 | test_MSE=0.025646968 | MAE=0.118713628 | RMSE=0.160146707 | MAPE=68.991947353% | params={'learning_rate': 0.019577211615419542, 'decay_rate': 0.0009328243904728158, 'hidden_size': 16, 'beta1': 0.9, 'beta2': 0.999, 'signal_len': 16, 'cheb_order': 2, 's': 4.464302882322784, 'batch_size': 256, 'k': 9}
Trial 121 finished with value 0.074243664 | dataset=Electricity | model=ufgtime_plus | val_MSE=0.008342112 | test_MSE=0.012910619 | MAE=0.074243664 | RMSE=0.113624903 | MAPE=45.820491783% | params={'learning_rate': 0.028021885822344873, 'decay_rate': 2.9596137818001998e-05, 'hidden_size': 16, 'beta1': 0.9, 'beta2': 0.999, 'signal_len': 16, 'cheb_order': 2, 's': 5.163627571237719, 'batch_size': 256, 'k': 10}
Trial 122 finished with value 0.085287603 | dataset=Electricity | model=ufgtime_plus | val_MSE=0.010947196 | test_MSE=0.015733705 | MAE=0.085287603 | RMSE=0.125434065 | MAPE=49.417157730% | params={'learning_rate': 0.03290406828727905, 'decay_rate': 0.0002944562080857115, 'hidden_size': 16, 'beta1': 0.9, 'beta2': 0.999, 'signal_len': 16, 'cheb_order': 2, 's': 5.094241080590115, 'batch_size': 256, 'k': 10}
Trial 123 finished with value 0.073509133 | dataset=Electricity | model=ufgtime_plus | val_MSE=0.008292309 | test_MSE=0.012958851 | MAE=0.073509133 | RMSE=0.113836948 | MAPE=43.605638434% | params={'learning_rate': 0.029074796219707662, 'decay_rate': 3.3002979643796585e-05, 'hidden_size': 16, 'beta1': 0.9, 'beta2': 0.999, 'signal_len': 16, 'cheb_order': 2, 's': 4.838943589473561, 'batch_size': 256, 'k': 10}
Trial 124 finished with value 0.157387570 | dataset=Electricity | model=ufgtime_plus | val_MSE=0.035008436 | test_MSE=0.037854345 | MAE=0.157387570 | RMSE=0.194561932 | MAPE=89.758860746% | params={'learning_rate': 0.029279587703690716, 'decay_rate': 0.0033268286274305142, 'hidden_size': 16, 'beta1': 0.9, 'beta2': 0.999, 'signal_len': 16, 'cheb_order': 2, 's': 4.7967852767466495, 'batch_size': 256, 'k': 10}
Trial 125 finished with value 0.121587203 | dataset=Electricity | model=ufgtime_plus | val_MSE=0.021791259 | test_MSE=0.026276058 | MAE=0.121587203 | RMSE=0.162098915 | MAPE=70.390506881% | params={'learning_rate': 0.03155782947367207, 'decay_rate': 0.0015271678878604692, 'hidden_size': 16, 'beta1': 0.9, 'beta2': 0.999, 'signal_len': 16, 'cheb_order': 2, 's': 5.1900627519280835, 'batch_size': 256, 'k': 9}
Trial 126 finished with value 0.156843214 | dataset=Electricity | model=ufgtime_plus | val_MSE=0.034859387 | test_MSE=0.037743060 | MAE=0.156843214 | RMSE=0.194275733 | MAPE=89.786123011% | params={'learning_rate': 0.034700784272758446, 'decay_rate': 0.002331429073388232, 'hidden_size': 16, 'beta1': 0.9, 'beta2': 0.999, 'signal_len': 16, 'cheb_order': 2, 's': 4.640747691177422, 'batch_size': 256, 'k': 10}
Trial 127 finished with value 0.073177270 | dataset=Electricity | model=ufgtime_plus | val_MSE=0.008238835 | test_MSE=0.012831483 | MAE=0.073177270 | RMSE=0.113276134 | MAPE=43.955554107% | params={'learning_rate': 0.030380722775737654, 'decay_rate': 1.2368104106939704e-05, 'hidden_size': 16, 'beta1': 0.9, 'beta2': 0.999, 'signal_len': 16, 'cheb_order': 2, 's': 4.127348171993513, 'batch_size': 256, 'k': 9}
Trial 128 finished with value 0.097386376 | dataset=Electricity | model=ufgtime_plus | val_MSE=0.013427626 | test_MSE=0.018652300 | MAE=0.097386376 | RMSE=0.136573423 | MAPE=55.558334494% | params={'learning_rate': 0.030909888359256833, 'decay_rate': 0.0013595942438629535, 'hidden_size': 16, 'beta1': 0.9, 'beta2': 0.999, 'signal_len': 16, 'cheb_order': 2, 's': 3.9294661694907913, 'batch_size': 256, 'k': 9}
Trial 129 finished with value 0.163320038 | dataset=Electricity | model=ufgtime_plus | val_MSE=0.036520420 | test_MSE=0.038864894 | MAE=0.163320038 | RMSE=0.197141811 | MAPE=94.033919982% | params={'learning_rate': 0.029366705596753494, 'decay_rate': 0.020028016157635706, 'hidden_size': 16, 'beta1': 0.9, 'beta2': 0.999, 'signal_len': 16, 'cheb_order': 2, 's': 4.059354474216308, 'batch_size': 256, 'k': 9}
Trial 130 finished with value 0.157485071 | dataset=Electricity | model=ufgtime_plus | val_MSE=0.035036504 | test_MSE=0.037848573 | MAE=0.157485071 | RMSE=0.194547097 | MAPE=89.692902069% | params={'learning_rate': 0.026977291422881355, 'decay_rate': 0.0037354866377233855, 'hidden_size': 16, 'beta1': 0.9, 'beta2': 0.999, 'signal_len': 16, 'cheb_order': 2, 's': 4.362243438298675, 'batch_size': 128, 'k': 9}
Trial 131 finished with value 0.076741885 | dataset=Electricity | model=ufgtime_plus | val_MSE=0.009067837 | test_MSE=0.013753945 | MAE=0.076741885 | RMSE=0.117277214 | MAPE=46.470439752% | params={'learning_rate': 0.027989822960792044, 'decay_rate': 0.00013656715378095697, 'hidden_size': 16, 'beta1': 0.9, 'beta2': 0.999, 'signal_len': 16, 'cheb_order': 2, 's': 2.8022766857930432, 'batch_size': 256, 'k': 10}
Trial 132 finished with value 0.140607695 | dataset=Electricity | model=ufgtime_plus | val_MSE=0.028010985 | test_MSE=0.032266285 | MAE=0.140607695 | RMSE=0.179628186 | MAPE=81.311811394% | params={'learning_rate': 0.027724346086913376, 'decay_rate': 0.002219844744291473, 'hidden_size': 16, 'beta1': 0.9, 'beta2': 0.999, 'signal_len': 16, 'cheb_order': 2, 's': 4.981410660784464, 'batch_size': 256, 'k': 9}
Trial 133 finished with value 0.073579243 | dataset=Electricity | model=ufgtime_plus | val_MSE=0.008311096 | test_MSE=0.012946668 | MAE=0.073579243 | RMSE=0.113783425 | MAPE=44.294193649% | params={'learning_rate': 0.03712464450142039, 'decay_rate': 3.8897089320206325e-05, 'hidden_size': 16, 'beta1': 0.9, 'beta2': 0.999, 'signal_len': 16, 'cheb_order': 2, 's': 5.346447375380574, 'batch_size': 256, 'k': 10}
Trial 134 finished with value 0.129498125 | dataset=Electricity | model=ufgtime_plus | val_MSE=0.023685137 | test_MSE=0.028001642 | MAE=0.129498125 | RMSE=0.167336912 | MAPE=77.364717530% | params={'learning_rate': 0.039020701816886785, 'decay_rate': 0.0011246153054052044, 'hidden_size': 16, 'beta1': 0.9, 'beta2': 0.999, 'signal_len': 16, 'cheb_order': 2, 's': 5.343115484964075, 'batch_size': 256, 'k': 2}
Trial 135 finished with value 0.141615169 | dataset=Electricity | model=ufgtime_plus | val_MSE=0.028774613 | test_MSE=0.031836483 | MAE=0.141615169 | RMSE=0.178427809 | MAPE=79.527685349% | params={'learning_rate': 0.03838418631650307, 'decay_rate': 0.0029292647748923634, 'hidden_size': 64, 'beta1': 0.9, 'beta2': 0.999, 'signal_len': 16, 'cheb_order': 2, 's': 1.1211390184835146, 'batch_size': 256, 'k': 9}
Trial 136 finished with value 0.127202609 | dataset=Electricity | model=ufgtime_plus | val_MSE=0.023111832 | test_MSE=0.027662822 | MAE=0.127202609 | RMSE=0.166321441 | MAPE=75.810252400% | params={'learning_rate': 0.016981131891614834, 'decay_rate': 0.0010637032289269864, 'hidden_size': 16, 'beta1': 0.9, 'beta2': 0.999, 'signal_len': 16, 'cheb_order': 2, 's': 4.827674046952552, 'batch_size': 256, 'k': 10}
Trial 137 finished with value 0.157762642 | dataset=Electricity | model=ufgtime_plus | val_MSE=0.035099160 | test_MSE=0.037929148 | MAE=0.157762642 | RMSE=0.194754071 | MAPE=89.945475063% | params={'learning_rate': 0.041702643215874455, 'decay_rate': 0.004672944077517073, 'hidden_size': 16, 'beta1': 0.9, 'beta2': 0.999, 'signal_len': 16, 'cheb_order': 2, 's': 5.577954259573931, 'batch_size': 128, 'k': 9}
Trial 138 finished with value 0.138940634 | dataset=Electricity | model=ufgtime_plus | val_MSE=0.027008625 | test_MSE=0.031311716 | MAE=0.138940634 | RMSE=0.176951167 | MAPE=84.559886626% | params={'learning_rate': 0.03341866819013676, 'decay_rate': 0.0020796689543895472, 'hidden_size': 16, 'beta1': 0.9, 'beta2': 0.999, 'signal_len': 16, 'cheb_order': 2, 's': 5.742880879941461, 'batch_size': 128, 'k': 9}
Trial 139 finished with value 0.141314963 | dataset=Electricity | model=ufgtime_plus | val_MSE=0.028055222 | test_MSE=0.031961889 | MAE=0.141314963 | RMSE=0.178778882 | MAPE=83.394070304% | params={'learning_rate': 0.015753510010141584, 'decay_rate': 0.0033236270734312737, 'hidden_size': 16, 'beta1': 0.9, 'beta2': 0.999, 'signal_len': 16, 'cheb_order': 2, 's': 4.192835066922869, 'batch_size': 256, 'k': 10}
Trial 140 finished with value 0.091017986 | dataset=Electricity | model=ufgtime_plus | val_MSE=0.012402913 | test_MSE=0.017332324 | MAE=0.091017986 | RMSE=0.131652283 | MAPE=53.300635985% | params={'learning_rate': 0.043619833731961724, 'decay_rate': 0.001077027764141349, 'hidden_size': 16, 'beta1': 0.9, 'beta2': 0.999, 'signal_len': 8, 'cheb_order': 2, 's': 3.6063407052311147, 'batch_size': 128, 'k': 10}
Trial 141 finished with value 0.073852675 | dataset=Electricity | model=ufgtime_plus | val_MSE=0.008346931 | test_MSE=0.012951027 | MAE=0.073852675 | RMSE=0.113802578 | MAPE=44.387610515% | params={'learning_rate': 0.018135907379290463, 'decay_rate': 3.7998320477494366e-05, 'hidden_size': 16, 'beta1': 0.9, 'beta2': 0.999, 'signal_len': 16, 'cheb_order': 2, 's': 5.258035620199303, 'batch_size': 256, 'k': 10}
Trial 142 finished with value 0.073376189 | dataset=Electricity | model=ufgtime_plus | val_MSE=0.008244616 | test_MSE=0.012877735 | MAE=0.073376189 | RMSE=0.113480109 | MAPE=43.992178381% | params={'learning_rate': 0.018569967619982232, 'decay_rate': 1.6930161985548478e-05, 'hidden_size': 16, 'beta1': 0.9, 'beta2': 0.999, 'signal_len': 16, 'cheb_order': 2, 's': 5.399123461341009, 'batch_size': 256, 'k': 10}
Trial 143 finished with value 0.076209486 | dataset=Electricity | model=ufgtime_plus | val_MSE=0.008926631 | test_MSE=0.013580278 | MAE=0.076209486 | RMSE=0.116534451 | MAPE=45.991655499% | params={'learning_rate': 0.014860852586758027, 'decay_rate': 0.00010234897693001173, 'hidden_size': 16, 'beta1': 0.9, 'beta2': 0.999, 'signal_len': 16, 'cheb_order': 2, 's': 5.436577173238649, 'batch_size': 256, 'k': 10}
Trial 144 finished with value 0.124755216 | dataset=Electricity | model=ufgtime_plus | val_MSE=0.022900222 | test_MSE=0.027139099 | MAE=0.124755216 | RMSE=0.164739487 | MAPE=71.813565940% | params={'learning_rate': 0.017873800693140297, 'decay_rate': 0.0021728739419674464, 'hidden_size': 16, 'beta1': 0.9, 'beta2': 0.999, 'signal_len': 16, 'cheb_order': 2, 's': 4.990298183665354, 'batch_size': 256, 'k': 10}
Trial 145 finished with value 0.161602052 | dataset=Electricity | model=ufgtime_plus | val_MSE=0.036022421 | test_MSE=0.038521158 | MAE=0.161602052 | RMSE=0.196268077 | MAPE=92.786829229% | params={'learning_rate': 0.03584988314525522, 'decay_rate': 0.015937024225612884, 'hidden_size': 16, 'beta1': 0.9, 'beta2': 0.999, 'signal_len': 16, 'cheb_order': 2, 's': 5.299439303268339, 'batch_size': 256, 'k': 10}
Trial 146 finished with value 0.119267712 | dataset=Electricity | model=ufgtime_plus | val_MSE=0.020941382 | test_MSE=0.025651892 | MAE=0.119267712 | RMSE=0.160162081 | MAPE=69.382569105% | params={'learning_rate': 0.020235159068230698, 'decay_rate': 0.0010057344808303086, 'hidden_size': 16, 'beta1': 0.9, 'beta2': 0.999, 'signal_len': 16, 'cheb_order': 2, 's': 4.648753989387477, 'batch_size': 256, 'k': 10}
Trial 147 finished with value 0.123135605 | dataset=Electricity | model=ufgtime_plus | val_MSE=0.022250498 | test_MSE=0.026589538 | MAE=0.123135605 | RMSE=0.163062988 | MAPE=71.393899185% | params={'learning_rate': 0.01871558939609524, 'decay_rate': 0.0018252789555608267, 'hidden_size': 16, 'beta1': 0.9, 'beta2': 0.999, 'signal_len': 16, 'cheb_order': 2, 's': 4.503283640571986, 'batch_size': 256, 'k': 10}
Trial 148 finished with value 0.074223074 | dataset=Electricity | model=ufgtime_plus | val_MSE=0.008438185 | test_MSE=0.013063698 | MAE=0.074223074 | RMSE=0.114296536 | MAPE=45.073483742% | params={'learning_rate': 0.04836713589075606, 'decay_rate': 2.1328484805005944e-05, 'hidden_size': 16, 'beta1': 0.9, 'beta2': 0.999, 'signal_len': 16, 'cheb_order': 2, 's': 4.876563740025801, 'batch_size': 256, 'k': 10}
Trial 149 finished with value 0.140339445 | dataset=Electricity | model=ufgtime_plus | val_MSE=0.027403229 | test_MSE=0.032149732 | MAE=0.140339445 | RMSE=0.179303464 | MAPE=83.019634664% | params={'learning_rate': 0.023442027037778698, 'decay_rate': 0.002939233948146021, 'hidden_size': 64, 'beta1': 0.9, 'beta2': 0.999, 'signal_len': 16, 'cheb_order': 2, 's': 5.536229395842773, 'batch_size': 256, 'k': 10}
Trial 150 finished with value 0.119733254 | dataset=Electricity | model=ufgtime_plus | val_MSE=0.021125081 | test_MSE=0.025744329 | MAE=0.119733254 | RMSE=0.160450394 | MAPE=69.384943574% | params={'learning_rate': 0.03006124710229455, 'decay_rate': 0.0011779791754213248, 'hidden_size': 16, 'beta1': 0.9, 'beta2': 0.999, 'signal_len': 16, 'cheb_order': 2, 's': 5.108583702802687, 'batch_size': 256, 'k': 9}
Trial 151 finished with value 0.072705616 | dataset=Electricity | model=ufgtime_plus | val_MSE=0.008151224 | test_MSE=0.012843158 | MAE=0.072705616 | RMSE=0.113327658 | MAPE=43.831655362% | params={'learning_rate': 0.012788231794847272, 'decay_rate': 6.278550552950553e-05, 'hidden_size': 16, 'beta1': 0.9, 'beta2': 0.999, 'signal_len': 16, 'cheb_order': 2, 's': 5.9351307330164875, 'batch_size': 128, 'k': 9}
Trial 152 finished with value 0.075119250 | dataset=Electricity | model=ufgtime_plus | val_MSE=0.008791123 | test_MSE=0.013509036 | MAE=0.075119250 | RMSE=0.116228380 | MAPE=44.113644487% | params={'learning_rate': 0.012997348849512353, 'decay_rate': 5.395385375803913e-05, 'hidden_size': 16, 'beta1': 0.9, 'beta2': 0.999, 'signal_len': 16, 'cheb_order': 2, 's': 5.892465182579762, 'batch_size': 256, 'k': 9}
Trial 153 finished with value 0.088473915 | dataset=Electricity | model=ufgtime_plus | val_MSE=0.011547100 | test_MSE=0.016530550 | MAE=0.088473915 | RMSE=0.128571186 | MAPE=50.763158647% | params={'learning_rate': 0.011881454249876614, 'decay_rate': 0.0017631363478930763, 'hidden_size': 16, 'beta1': 0.9, 'beta2': 0.999, 'signal_len': 16, 'cheb_order': 2, 's': 6.0473818078967865, 'batch_size': 128, 'k': 8}
Trial 154 finished with value 0.173140546 | dataset=Electricity | model=ufgtime_plus | val_MSE=0.041688434 | test_MSE=0.042755435 | MAE=0.173140546 | RMSE=0.206773874 | MAPE=91.576867235% | params={'learning_rate': 0.01646265068113917, 'decay_rate': 0.04487403458557315, 'hidden_size': 16, 'beta1': 0.9, 'beta2': 0.999, 'signal_len': 16, 'cheb_order': 2, 's': 5.284759067199235, 'batch_size': 128, 'k': 9}
Trial 155 finished with value 0.097068794 | dataset=Electricity | model=ufgtime_plus | val_MSE=0.013400690 | test_MSE=0.018693693 | MAE=0.097068794 | RMSE=0.136724880 | MAPE=54.610233558% | params={'learning_rate': 0.014287592153134458, 'decay_rate': 0.0011503806589425035, 'hidden_size': 16, 'beta1': 0.9, 'beta2': 0.999, 'signal_len': 16, 'cheb_order': 2, 's': 5.747486491424092, 'batch_size': 256, 'k': 10}
Trial 156 finished with value 0.167701492 | dataset=Electricity | model=ufgtime_plus | val_MSE=0.038479441 | test_MSE=0.040330961 | MAE=0.167701492 | RMSE=0.200825698 | MAPE=93.282358841% | params={'learning_rate': 0.037181066737656226, 'decay_rate': 0.033609115384625556, 'hidden_size': 16, 'beta1': 0.9, 'beta2': 0.999, 'signal_len': 16, 'cheb_order': 2, 's': 6.3565586585866685, 'batch_size': 128, 'k': 9}
Trial 157 finished with value 0.073079306 | dataset=Electricity | model=ufgtime_plus | val_MSE=0.008215928 | test_MSE=0.012800445 | MAE=0.073079306 | RMSE=0.113139051 | MAPE=43.901513942% | params={'learning_rate': 0.03247625411987053, 'decay_rate': 1.0979427809086819e-05, 'hidden_size': 16, 'beta1': 0.9, 'beta2': 0.999, 'signal_len': 16, 'cheb_order': 2, 's': 5.444697423891186, 'batch_size': 256, 'k': 10}
Trial 158 finished with value 0.157257247 | dataset=Electricity | model=ufgtime_plus | val_MSE=0.034988680 | test_MSE=0.037819998 | MAE=0.157257247 | RMSE=0.194473644 | MAPE=89.554901998% | params={'learning_rate': 0.03085055069258901, 'decay_rate': 0.0027896800815273384, 'hidden_size': 32, 'beta1': 0.9, 'beta2': 0.999, 'signal_len': 16, 'cheb_order': 2, 's': 5.4533233438850415, 'batch_size': 128, 'k': 9}
Trial 159 finished with value 0.119062943 | dataset=Electricity | model=ufgtime_plus | val_MSE=0.020894183 | test_MSE=0.025634830 | MAE=0.119062943 | RMSE=0.160108808 | MAPE=69.122014005% | params={'learning_rate': 0.03451506760873544, 'decay_rate': 0.001021667913389944, 'hidden_size': 16, 'beta1': 0.9, 'beta2': 0.999, 'signal_len': 16, 'cheb_order': 2, 's': 4.73824190047574, 'batch_size': 256, 'k': 10}
