Trial 160 finished with value 0.157508204 | dataset=Electricity | model=ufgtime_plus | val_MSE=0.035037158 | test_MSE=0.037917971 | MAE=0.157508204 | RMSE=0.194725373 | MAPE=89.979297118% | params={'learning_rate': 0.02911912398248466, 'decay_rate': 0.0038009045807139387, 'hidden_size': 16, 'beta1': 0.9, 'beta2': 0.999, 'signal_len': 16, 'cheb_order': 2, 's': 8.363288682923795, 'batch_size': 128, 'k': 9}
Trial 161 finished with value 0.075985851 | dataset=Electricity | model=ufgtime_plus | val_MSE=0.008750803 | test_MSE=0.013531588 | MAE=0.075985851 | RMSE=0.116325356 | MAPE=45.815759701% | params={'learning_rate': 0.03253738088156993, 'decay_rate': 8.36452253078207e-05, 'hidden_size': 16, 'beta1': 0.9, 'beta2': 0.999, 'signal_len': 16, 'cheb_order': 2, 's': 5.1738746843697925, 'batch_size': 256, 'k': 10}
Trial 162 finished with value 0.124640969 | dataset=Electricity | model=ufgtime_plus | val_MSE=0.022695911 | test_MSE=0.026905170 | MAE=0.124640969 | RMSE=0.164027954 | MAPE=72.244461725% | params={'learning_rate': 0.018159981859308276, 'decay_rate': 0.001992603694714078, 'hidden_size': 16, 'beta1': 0.9, 'beta2': 0.999, 'signal_len': 16, 'cheb_order': 2, 's': 5.644635510072629, 'batch_size': 256, 'k': 10}
Trial 163 finished with value 0.119157203 | dataset=Electricity | model=ufgtime_plus | val_MSE=0.021057833 | test_MSE=0.025680664 | MAE=0.119157203 | RMSE=0.160251878 | MAPE=67.951263195% | params={'learning_rate': 0.03143917718468513, 'decay_rate': 0.001209288438806439, 'hidden_size': 16, 'beta1': 0.9, 'beta2': 0.999, 'signal_len': 16, 'cheb_order': 2, 's': 4.933117956099925, 'batch_size': 256, 'k': 10}
Trial 164 finished with value 0.075237282 | dataset=Electricity | model=ufgtime_plus | val_MSE=0.008656254 | test_MSE=0.013240409 | MAE=0.075237282 | RMSE=0.115066976 | MAPE=45.566069966% | params={'learning_rate': 0.015316676052907603, 'decay_rate': 3.8195238322691574e-05, 'hidden_size': 16, 'beta1': 0.9, 'beta2': 0.999, 'signal_len': 16, 'cheb_order': 2, 's': 5.873704893787809, 'batch_size': 256, 'k': 10}
Trial 165 finished with value 0.156975044 | dataset=Electricity | model=ufgtime_plus | val_MSE=0.034892733 | test_MSE=0.037749773 | MAE=0.156975044 | RMSE=0.194293007 | MAPE=89.805729905% | params={'learning_rate': 0.026375715730071664, 'decay_rate': 0.0025599475816590837, 'hidden_size': 16, 'beta1': 0.9, 'beta2': 0.999, 'signal_len': 16, 'cheb_order': 2, 's': 5.358828108802111, 'batch_size': 256, 'k': 10}
Trial 166 finished with value 0.092394058 | dataset=Electricity | model=ufgtime_plus | val_MSE=0.012481473 | test_MSE=0.017758970 | MAE=0.092394058 | RMSE=0.133262785 | MAPE=52.018354408% | params={'learning_rate': 0.02984811007801568, 'decay_rate': 0.000897047152530104, 'hidden_size': 32, 'beta1': 0.9, 'beta2': 0.999, 'signal_len': 16, 'cheb_order': 2, 's': 5.04057517295349, 'batch_size': 256, 'k': 9}
Trial 167 finished with value 0.124434166 | dataset=Electricity | model=ufgtime_plus | val_MSE=0.022718503 | test_MSE=0.027052383 | MAE=0.124434166 | RMSE=0.164476087 | MAPE=71.962034071% | params={'learning_rate': 0.028527721540956983, 'decay_rate': 0.0020245680477086045, 'hidden_size': 16, 'beta1': 0.9, 'beta2': 0.999, 'signal_len': 16, 'cheb_order': 3, 's': 3.2150736130586037, 'batch_size': 128, 'k': 10}
Trial 168 finished with value 0.074791008 | dataset=Electricity | model=ufgtime_plus | val_MSE=0.008679915 | test_MSE=0.013388608 | MAE=0.074791008 | RMSE=0.115709151 | MAPE=44.590419326% | params={'learning_rate': 0.013231210504124163, 'decay_rate': 4.2182833591419616e-05, 'hidden_size': 16, 'beta1': 0.9, 'beta2': 0.999, 'signal_len': 16, 'cheb_order': 2, 's': 6.22740387013326, 'batch_size': 256, 'k': 8}
Trial 169 finished with value 0.083432200 | dataset=Electricity | model=ufgtime_plus | val_MSE=0.010661767 | test_MSE=0.015295109 | MAE=0.083432200 | RMSE=0.123673398 | MAPE=50.141557617% | params={'learning_rate': 0.016157117667608686, 'decay_rate': 0.0009358972304099293, 'hidden_size': 32, 'beta1': 0.9, 'beta2': 0.999, 'signal_len': 8, 'cheb_order': 3, 's': 5.5716791255748275, 'batch_size': 128, 'k': 9}
Trial 170 finished with value 0.157292940 | dataset=Electricity | model=ufgtime_plus | val_MSE=0.034977231 | test_MSE=0.037817851 | MAE=0.157292940 | RMSE=0.194468124 | MAPE=89.784164865% | params={'learning_rate': 0.02717406962416573, 'decay_rate': 0.0031613443604707374, 'hidden_size': 16, 'beta1': 0.9, 'beta2': 0.999, 'signal_len': 16, 'cheb_order': 2, 's': 4.775035092950358, 'batch_size': 256, 'k': 10}
Trial 171 finished with value 0.080621063 | dataset=Electricity | model=ufgtime_plus | val_MSE=0.010078246 | test_MSE=0.014722991 | MAE=0.080621063 | RMSE=0.121338334 | MAPE=48.062602657% | params={'learning_rate': 0.01722568280643229, 'decay_rate': 0.0008369068705995198, 'hidden_size': 16, 'beta1': 0.9, 'beta2': 0.999, 'signal_len': 16, 'cheb_order': 3, 's': 6.0717736308204415, 'batch_size': 128, 'k': 9}
Trial 172 finished with value 0.070514320 | dataset=Electricity | model=ufgtime_plus | val_MSE=0.007741816 | test_MSE=0.012265889 | MAE=0.070514320 | RMSE=0.110751475 | MAPE=43.075064072% | params={'learning_rate': 0.01935343907868024, 'decay_rate': 2.080366920752258e-05, 'hidden_size': 16, 'beta1': 0.9, 'beta2': 0.999, 'signal_len': 16, 'cheb_order': 3, 's': 5.303124654203409, 'batch_size': 128, 'k': 9}
Trial 173 finished with value 0.122609098 | dataset=Electricity | model=ufgtime_plus | val_MSE=0.022206889 | test_MSE=0.026522824 | MAE=0.122609098 | RMSE=0.162858293 | MAPE=70.645364585% | params={'learning_rate': 0.019406814568343513, 'decay_rate': 0.001798092858495951, 'hidden_size': 16, 'beta1': 0.9, 'beta2': 0.999, 'signal_len': 16, 'cheb_order': 3, 's': 5.260983355088201, 'batch_size': 128, 'k': 9}
Trial 174 finished with value 0.123248763 | dataset=Electricity | model=ufgtime_plus | val_MSE=0.022301965 | test_MSE=0.026675559 | MAE=0.123248763 | RMSE=0.163326540 | MAPE=71.382710677% | params={'learning_rate': 0.021294428349305644, 'decay_rate': 0.0018516297274803308, 'hidden_size': 16, 'beta1': 0.9, 'beta2': 0.999, 'signal_len': 16, 'cheb_order': 3, 's': 5.1502070054383715, 'batch_size': 128, 'k': 9}
Trial 175 finished with value 0.087813488 | dataset=Electricity | model=ufgtime_plus | val_MSE=0.011319098 | test_MSE=0.016334383 | MAE=0.087813488 | RMSE=0.127806037 | MAPE=50.593703936% | params={'learning_rate': 0.018282323102484045, 'decay_rate': 0.0008467210406424009, 'hidden_size': 16, 'beta1': 0.9, 'beta2': 0.999, 'signal_len': 16, 'cheb_order': 3, 's': 5.362380513832278, 'batch_size': 128, 'k': 9}
Trial 176 finished with value 0.077151904 | dataset=Electricity | model=ufgtime_plus | val_MSE=0.009064444 | test_MSE=0.013772627 | MAE=0.077151904 | RMSE=0.117356834 | MAPE=46.821692284% | params={'learning_rate': 0.03237800744226587, 'decay_rate': 0.00019156054941587685, 'hidden_size': 16, 'beta1': 0.9, 'beta2': 0.999, 'signal_len': 16, 'cheb_order': 3, 's': 5.014733193558381, 'batch_size': 128, 'k': 10}
Trial 177 finished with value 0.142417049 | dataset=Electricity | model=ufgtime_plus | val_MSE=0.028554501 | test_MSE=0.032543492 | MAE=0.142417049 | RMSE=0.180398148 | MAPE=82.708235603% | params={'learning_rate': 0.022546478820549835, 'decay_rate': 0.00251318154418439, 'hidden_size': 16, 'beta1': 0.9, 'beta2': 0.999, 'signal_len': 16, 'cheb_order': 3, 's': 5.65911830108326, 'batch_size': 128, 'k': 8}
Trial 178 finished with value 0.071637546 | dataset=Electricity | model=ufgtime_plus | val_MSE=0.007961810 | test_MSE=0.012505859 | MAE=0.071637546 | RMSE=0.111829598 | MAPE=42.847922092% | params={'learning_rate': 0.024353998018091995, 'decay_rate': 2.9474426624855678e-05, 'hidden_size': 32, 'beta1': 0.9, 'beta2': 0.999, 'signal_len': 16, 'cheb_order': 2, 's': 4.570201563398429, 'batch_size': 256, 'k': 9}
Trial 179 finished with value 0.157193020 | dataset=Electricity | model=ufgtime_plus | val_MSE=0.034796423 | test_MSE=0.038314705 | MAE=0.157193020 | RMSE=0.195741425 | MAPE=94.365289435% | params={'learning_rate': 0.02399638239938266, 'decay_rate': 0.004204849784831231, 'hidden_size': 32, 'beta1': 0.9, 'beta2': 0.999, 'signal_len': 16, 'cheb_order': 2, 's': 4.547205097740534, 'batch_size': 128, 'k': 9}
Trial 180 finished with value 0.125633568 | dataset=Electricity | model=ufgtime_plus | val_MSE=0.022688368 | test_MSE=0.026932151 | MAE=0.125633568 | RMSE=0.164110179 | MAPE=74.261204204% | params={'learning_rate': 0.028577037686056822, 'decay_rate': 0.0015424486614742086, 'hidden_size': 32, 'beta1': 0.9, 'beta2': 0.999, 'signal_len': 16, 'cheb_order': 3, 's': 4.309381653745665, 'batch_size': 256, 'k': 9}
Trial 181 finished with value 0.079229194 | dataset=Electricity | model=ufgtime_plus | val_MSE=0.009790776 | test_MSE=0.014389291 | MAE=0.079229194 | RMSE=0.119955370 | MAPE=47.494561863% | params={'learning_rate': 0.01986729242783447, 'decay_rate': 0.0008033959785748104, 'hidden_size': 32, 'beta1': 0.9, 'beta2': 0.999, 'signal_len': 16, 'cheb_order': 2, 's': 4.736610802550915, 'batch_size': 256, 'k': 9}
Trial 182 finished with value 0.075764243 | dataset=Electricity | model=ufgtime_plus | val_MSE=0.008898227 | test_MSE=0.013433935 | MAE=0.075764243 | RMSE=0.115904854 | MAPE=45.734987595% | params={'learning_rate': 0.016731258505604692, 'decay_rate': 0.00016503839939694675, 'hidden_size': 32, 'beta1': 0.9, 'beta2': 0.999, 'signal_len': 16, 'cheb_order': 2, 's': 4.899789533741577, 'batch_size': 256, 'k': 10}
Trial 183 finished with value 0.071582234 | dataset=Electricity | model=ufgtime_plus | val_MSE=0.007995067 | test_MSE=0.012598470 | MAE=0.071582234 | RMSE=0.112242906 | MAPE=42.938036554% | params={'learning_rate': 0.030198266033645057, 'decay_rate': 1.8299573621120454e-05, 'hidden_size': 32, 'beta1': 0.9, 'beta2': 0.999, 'signal_len': 16, 'cheb_order': 2, 's': 5.4696696099283635, 'batch_size': 256, 'k': 9}
Trial 184 finished with value 0.097419447 | dataset=Electricity | model=ufgtime_plus | val_MSE=0.013468528 | test_MSE=0.018748182 | MAE=0.097419447 | RMSE=0.136924000 | MAPE=55.132437884% | params={'learning_rate': 0.03036277690478909, 'decay_rate': 0.0015448079877044558, 'hidden_size': 32, 'beta1': 0.9, 'beta2': 0.999, 'signal_len': 16, 'cheb_order': 2, 's': 5.490661199847698, 'batch_size': 256, 'k': 9}
Trial 185 finished with value 0.139992849 | dataset=Electricity | model=ufgtime_plus | val_MSE=0.027612473 | test_MSE=0.031266389 | MAE=0.139992849 | RMSE=0.176823043 | MAPE=81.172547706% | params={'learning_rate': 0.025966173225800075, 'decay_rate': 0.0028645620398068984, 'hidden_size': 32, 'beta1': 0.9, 'beta2': 0.999, 'signal_len': 16, 'cheb_order': 2, 's': 4.466773562045254, 'batch_size': 256, 'k': 9}
Trial 186 finished with value 0.097534339 | dataset=Electricity | model=ufgtime_plus | val_MSE=0.013347218 | test_MSE=0.018691189 | MAE=0.097534339 | RMSE=0.136715723 | MAPE=55.138083724% | params={'learning_rate': 0.03079100862397944, 'decay_rate': 0.0009950595568404702, 'hidden_size': 32, 'beta1': 0.9, 'beta2': 0.999, 'signal_len': 16, 'cheb_order': 2, 's': 5.927068415081453, 'batch_size': 256, 'k': 8}
Trial 187 finished with value 0.147778705 | dataset=Electricity | model=ufgtime_plus | val_MSE=0.030448915 | test_MSE=0.035359088 | MAE=0.147778705 | RMSE=0.188040124 | MAPE=85.793347186% | params={'learning_rate': 0.040482419689144816, 'decay_rate': 0.0021237031134627425, 'hidden_size': 32, 'beta1': 0.9, 'beta2': 0.999, 'signal_len': 16, 'cheb_order': 3, 's': 5.088536620858599, 'batch_size': 128, 'k': 9}
Trial 188 finished with value 0.078945680 | dataset=Electricity | model=ufgtime_plus | val_MSE=0.009522549 | test_MSE=0.014052280 | MAE=0.078945680 | RMSE=0.118542314 | MAPE=47.563736261% | params={'learning_rate': 0.002958498318254937, 'decay_rate': 0.0009313855449301774, 'hidden_size': 32, 'beta1': 0.9, 'beta2': 0.999, 'signal_len': 16, 'cheb_order': 2, 's': 3.797382604329102, 'batch_size': 256, 'k': 9}
Trial 189 finished with value 0.071863200 | dataset=Electricity | model=ufgtime_plus | val_MSE=0.007858079 | test_MSE=0.012183876 | MAE=0.071863200 | RMSE=0.110380595 | MAPE=44.037094715% | params={'learning_rate': 0.024647190822562826, 'decay_rate': 7.799737017417283e-05, 'hidden_size': 64, 'beta1': 0.9, 'beta2': 0.999, 'signal_len': 16, 'cheb_order': 3, 's': 4.662529813636349, 'batch_size': 128, 'k': 9}
Trial 190 finished with value 0.097654344 | dataset=Electricity | model=ufgtime_plus | val_MSE=0.013397746 | test_MSE=0.018730613 | MAE=0.097654344 | RMSE=0.136859830 | MAPE=55.394111074% | params={'learning_rate': 0.024462445605044115, 'decay_rate': 0.002034594640094485, 'hidden_size': 64, 'beta1': 0.9, 'beta2': 0.999, 'signal_len': 16, 'cheb_order': 3, 's': 4.104998957628502, 'batch_size': 128, 'k': 9}
Trial 191 finished with value 0.069446962 | dataset=Electricity | model=ufgtime_plus | val_MSE=0.007617295 | test_MSE=0.011991708 | MAE=0.069446962 | RMSE=0.109506655 | MAPE=42.268391341% | params={'learning_rate': 0.02756810626778383, 'decay_rate': 1.3996305137404669e-05, 'hidden_size': 64, 'beta1': 0.9, 'beta2': 0.999, 'signal_len': 16, 'cheb_order': 3, 's': 4.608812925669177, 'batch_size': 128, 'k': 9}
Trial 192 finished with value 0.096162441 | dataset=Electricity | model=ufgtime_plus | val_MSE=0.013327976 | test_MSE=0.018926246 | MAE=0.096162441 | RMSE=0.137572695 | MAPE=53.865878702% | params={'learning_rate': 0.027127415249129753, 'decay_rate': 0.000896260292350132, 'hidden_size': 64, 'beta1': 0.9, 'beta2': 0.999, 'signal_len': 16, 'cheb_order': 3, 's': 4.6163886965505325, 'batch_size': 128, 'k': 9}
Trial 193 finished with value 0.069775415 | dataset=Electricity | model=ufgtime_plus | val_MSE=0.007705345 | test_MSE=0.011847284 | MAE=0.069775415 | RMSE=0.108845231 | MAPE=43.221016023% | params={'learning_rate': 0.028907442726819246, 'decay_rate': 3.8169764246570074e-05, 'hidden_size': 64, 'beta1': 0.9, 'beta2': 0.999, 'signal_len': 16, 'cheb_order': 3, 's': 4.318859341981609, 'batch_size': 128, 'k': 9}
Trial 194 finished with value 0.096695097 | dataset=Electricity | model=ufgtime_plus | val_MSE=0.013399090 | test_MSE=0.018563935 | MAE=0.096695097 | RMSE=0.136249532 | MAPE=54.714516809% | params={'learning_rate': 0.027912913494701173, 'decay_rate': 0.001467469051521649, 'hidden_size': 64, 'beta1': 0.9, 'beta2': 0.999, 'signal_len': 16, 'cheb_order': 3, 's': 4.355299810694801, 'batch_size': 128, 'k': 9}
Trial 195 finished with value 0.076714714 | dataset=Electricity | model=ufgtime_plus | val_MSE=0.009108895 | test_MSE=0.013808032 | MAE=0.076714714 | RMSE=0.117507584 | MAPE=46.165638841% | params={'learning_rate': 0.024814142726358946, 'decay_rate': 0.00015559799672869846, 'hidden_size': 64, 'beta1': 0.9, 'beta2': 0.999, 'signal_len': 16, 'cheb_order': 3, 's': 3.961010317387363, 'batch_size': 128, 'k': 9}
Trial 196 finished with value 0.069818783 | dataset=Electricity | model=ufgtime_plus | val_MSE=0.007698892 | test_MSE=0.011861870 | MAE=0.069818783 | RMSE=0.108912214 | MAPE=42.928158714% | params={'learning_rate': 0.03142776168855916, 'decay_rate': 3.721034652707221e-05, 'hidden_size': 64, 'beta1': 0.9, 'beta2': 0.999, 'signal_len': 16, 'cheb_order': 3, 's': 4.171942107285224, 'batch_size': 128, 'k': 9}
Trial 197 finished with value 0.071068203 | dataset=Electricity | model=ufgtime_plus | val_MSE=0.007798412 | test_MSE=0.012282001 | MAE=0.071068203 | RMSE=0.110824189 | MAPE=42.919134250% | params={'learning_rate': 0.033396674388039595, 'decay_rate': 5.333056671942418e-05, 'hidden_size': 64, 'beta1': 0.9, 'beta2': 0.999, 'signal_len': 16, 'cheb_order': 3, 's': 4.1569379277026295, 'batch_size': 128, 'k': 9}
Trial 198 finished with value 0.069204836 | dataset=Electricity | model=ufgtime_plus | val_MSE=0.007554326 | test_MSE=0.011663593 | MAE=0.069204836 | RMSE=0.107998114 | MAPE=42.756868786% | params={'learning_rate': 0.03317327520158855, 'decay_rate': 1.723385538949114e-05, 'hidden_size': 64, 'beta1': 0.9, 'beta2': 0.999, 'signal_len': 16, 'cheb_order': 3, 's': 3.925493597995083, 'batch_size': 128, 'k': 9}
Trial 199 finished with value 0.133561907 | dataset=Electricity | model=ufgtime_plus | val_MSE=0.025426041 | test_MSE=0.029179456 | MAE=0.133561907 | RMSE=0.170819953 | MAPE=77.731601947% | params={'learning_rate': 0.03388888179497096, 'decay_rate': 0.002838102272088557, 'hidden_size': 64, 'beta1': 0.9, 'beta2': 0.999, 'signal_len': 16, 'cheb_order': 3, 's': 4.168559197003308, 'batch_size': 128, 'k': 9}
Trial 200 finished with value 0.098867024 | dataset=Electricity | model=ufgtime_plus | val_MSE=0.014116594 | test_MSE=0.019391773 | MAE=0.098867024 | RMSE=0.139254347 | MAPE=56.852692337% | params={'learning_rate': 0.03204153158840705, 'decay_rate': 0.001548324711462653, 'hidden_size': 64, 'beta1': 0.9, 'beta2': 0.999, 'signal_len': 8, 'cheb_order': 3, 's': 3.7361041868422644, 'batch_size': 128, 'k': 9}
Trial 201 finished with value 0.095519067 | dataset=Electricity | model=ufgtime_plus | val_MSE=0.012937832 | test_MSE=0.018289785 | MAE=0.095519067 | RMSE=0.135239732 | MAPE=53.374800601% | params={'learning_rate': 0.031605543879712074, 'decay_rate': 0.0009596090470583229, 'hidden_size': 64, 'beta1': 0.9, 'beta2': 0.999, 'signal_len': 16, 'cheb_order': 3, 's': 3.9440275785341465, 'batch_size': 128, 'k': 9}
Trial 202 finished with value 0.071135330 | dataset=Electricity | model=ufgtime_plus | val_MSE=0.007856197 | test_MSE=0.012425677 | MAE=0.071135330 | RMSE=0.111470520 | MAPE=43.218394667% | params={'learning_rate': 0.032950567296730376, 'decay_rate': 9.084031804469558e-05, 'hidden_size': 64, 'beta1': 0.9, 'beta2': 0.999, 'signal_len': 16, 'cheb_order': 3, 's': 3.437580368521688, 'batch_size': 128, 'k': 9}
Trial 203 finished with value 0.081192321 | dataset=Electricity | model=ufgtime_plus | val_MSE=0.010194284 | test_MSE=0.014965264 | MAE=0.081192321 | RMSE=0.122332597 | MAPE=48.176614982% | params={'learning_rate': 0.03321616053773892, 'decay_rate': 0.0010936615609782635, 'hidden_size': 64, 'beta1': 0.9, 'beta2': 0.999, 'signal_len': 16, 'cheb_order': 3, 's': 4.193499588995766, 'batch_size': 128, 'k': 9}
Trial 204 finished with value 0.115801202 | dataset=Electricity | model=ufgtime_plus | val_MSE=0.017834581 | test_MSE=0.023658825 | MAE=0.115801202 | RMSE=0.153814256 | MAPE=70.813712128% | params={'learning_rate': 0.033305245061315145, 'decay_rate': 0.0019915706941275994, 'hidden_size': 64, 'beta1': 0.9, 'beta2': 0.999, 'signal_len': 16, 'cheb_order': 3, 's': 3.734991881687715, 'batch_size': 128, 'k': 9}
Trial 205 finished with value 0.070855382 | dataset=Electricity | model=ufgtime_plus | val_MSE=0.007641324 | test_MSE=0.012151636 | MAE=0.070855382 | RMSE=0.110234459 | MAPE=44.012916219% | params={'learning_rate': 0.03487612000555733, 'decay_rate': 3.4907424145263816e-05, 'hidden_size': 64, 'beta1': 0.9, 'beta2': 0.999, 'signal_len': 16, 'cheb_order': 3, 's': 2.641617762403447, 'batch_size': 128, 'k': 9}
Trial 206 finished with value 0.094407413 | dataset=Electricity | model=ufgtime_plus | val_MSE=0.012835260 | test_MSE=0.018145095 | MAE=0.094407413 | RMSE=0.134703732 | MAPE=52.906256677% | params={'learning_rate': 0.034732187206854344, 'decay_rate': 0.0010260741947449113, 'hidden_size': 64, 'beta1': 0.9, 'beta2': 0.999, 'signal_len': 16, 'cheb_order': 3, 's': 2.8157443535928115, 'batch_size': 128, 'k': 9}
Trial 207 finished with value 0.071534462 | dataset=Electricity | model=ufgtime_plus | val_MSE=0.007870050 | test_MSE=0.012311754 | MAE=0.071534462 | RMSE=0.110958345 | MAPE=43.364983073% | params={'learning_rate': 0.034876189295755845, 'decay_rate': 9.149427838441582e-05, 'hidden_size': 64, 'beta1': 0.9, 'beta2': 0.999, 'signal_len': 16, 'cheb_order': 3, 's': 2.9806915647337497, 'batch_size': 128, 'k': 9}
Trial 208 finished with value 0.125362578 | dataset=Electricity | model=ufgtime_plus | val_MSE=0.023056731 | test_MSE=0.027278934 | MAE=0.125362578 | RMSE=0.165163355 | MAPE=72.440328510% | params={'learning_rate': 0.03571111695135497, 'decay_rate': 0.0020496428105469663, 'hidden_size': 64, 'beta1': 0.9, 'beta2': 0.999, 'signal_len': 16, 'cheb_order': 3, 's': 2.38916332349489, 'batch_size': 128, 'k': 9}
Trial 209 finished with value 0.071099221 | dataset=Electricity | model=ufgtime_plus | val_MSE=0.007741843 | test_MSE=0.012307447 | MAE=0.071099221 | RMSE=0.110938935 | MAPE=42.877499927% | params={'learning_rate': 0.03652584405085565, 'decay_rate': 2.301324002734884e-05, 'hidden_size': 64, 'beta1': 0.9, 'beta2': 0.999, 'signal_len': 16, 'cheb_order': 3, 's': 3.3560314620485343, 'batch_size': 128, 'k': 9}
Trial 210 finished with value 0.147230972 | dataset=Electricity | model=ufgtime_plus | val_MSE=0.030312313 | test_MSE=0.034817864 | MAE=0.147230972 | RMSE=0.186595455 | MAPE=83.364221233% | params={'learning_rate': 0.03670694906924918, 'decay_rate': 0.0034360135383701084, 'hidden_size': 64, 'beta1': 0.9, 'beta2': 0.999, 'signal_len': 16, 'cheb_order': 3, 's': 2.919554953750545, 'batch_size': 128, 'k': 9}
Trial 211 finished with value 0.167944061 | dataset=Electricity | model=ufgtime_plus | val_MSE=0.038395457 | test_MSE=0.040388101 | MAE=0.167944061 | RMSE=0.200967910 | MAPE=96.556322029% | params={'learning_rate': 0.03490559526802535, 'decay_rate': 0.026686777945959066, 'hidden_size': 64, 'beta1': 0.9, 'beta2': 0.999, 'signal_len': 16, 'cheb_order': 3, 's': 3.3964577981964137, 'batch_size': 128, 'k': 9}
Trial 212 finished with value 0.070154695 | dataset=Electricity | model=ufgtime_plus | val_MSE=0.007637736 | test_MSE=0.012199526 | MAE=0.070154695 | RMSE=0.110451464 | MAPE=42.329799912% | params={'learning_rate': 0.034023262737979766, 'decay_rate': 2.6434409920894058e-05, 'hidden_size': 64, 'beta1': 0.9, 'beta2': 0.999, 'signal_len': 16, 'cheb_order': 3, 's': 3.0539684262979345, 'batch_size': 128, 'k': 9}
