Trial 319 finished with value 0.169358706 | dataset=Electricity | model=ufgtime_plus | val_MSE=0.038645027 | test_MSE=0.040849055 | MAE=0.169358706 | RMSE=0.202111492 | MAPE=99.226501917% | params={'learning_rate': 0.037075148764206735, 'decay_rate': 0.035126891682542634, 'hidden_size': 64, 'beta1': 0.9, 'beta2': 0.999, 'signal_len': 16, 'cheb_order': 3, 's': 1.606719382139456, 'batch_size': 128, 'k': 5}
Trial 320 finished with value 0.069613535 | dataset=Electricity | model=ufgtime_plus | val_MSE=0.007604028 | test_MSE=0.012210558 | MAE=0.069613535 | RMSE=0.110501394 | MAPE=42.124918029% | params={'learning_rate': 0.0348264416560448, 'decay_rate': 1.9977636731854723e-05, 'hidden_size': 64, 'beta1': 0.9, 'beta2': 0.999, 'signal_len': 16, 'cheb_order': 3, 's': 3.483779196769691, 'batch_size': 128, 'k': 8}
Trial 321 finished with value 0.121589634 | dataset=Electricity | model=ufgtime_plus | val_MSE=0.021675564 | test_MSE=0.026096768 | MAE=0.121589634 | RMSE=0.161544940 | MAPE=70.499873123% | params={'learning_rate': 0.0343585412317253, 'decay_rate': 0.0016180319774614896, 'hidden_size': 64, 'beta1': 0.9, 'beta2': 0.999, 'signal_len': 16, 'cheb_order': 3, 's': 3.396409299827554, 'batch_size': 128, 'k': 8}
Trial 322 finished with value 0.096619657 | dataset=Electricity | model=ufgtime_plus | val_MSE=0.013210325 | test_MSE=0.018500492 | MAE=0.096619657 | RMSE=0.136016514 | MAPE=54.112027821% | params={'learning_rate': 0.032676077888265716, 'decay_rate': 0.0010361405890905533, 'hidden_size': 64, 'beta1': 0.9, 'beta2': 0.999, 'signal_len': 16, 'cheb_order': 3, 's': 3.2864290589384018, 'batch_size': 128, 'k': 8}
Trial 323 finished with value 0.080775607 | dataset=Electricity | model=ufgtime_plus | val_MSE=0.010110053 | test_MSE=0.014832271 | MAE=0.080775607 | RMSE=0.121787812 | MAPE=48.205679013% | params={'learning_rate': 0.035098330230162976, 'decay_rate': 0.0009568663557989115, 'hidden_size': 64, 'beta1': 0.9, 'beta2': 0.999, 'signal_len': 16, 'cheb_order': 3, 's': 3.5064118194243425, 'batch_size': 128, 'k': 8}
Trial 324 finished with value 0.130006919 | dataset=Electricity | model=ufgtime_plus | val_MSE=0.024259785 | test_MSE=0.028243651 | MAE=0.130006919 | RMSE=0.168058476 | MAPE=75.531970498% | params={'learning_rate': 0.03367647839397953, 'decay_rate': 0.0024514981902625022, 'hidden_size': 64, 'beta1': 0.9, 'beta2': 0.999, 'signal_len': 16, 'cheb_order': 3, 's': 1.8597030967157004, 'batch_size': 128, 'k': 8}
Trial 325 finished with value 0.070420307 | dataset=Electricity | model=ufgtime_plus | val_MSE=0.007747293 | test_MSE=0.012205131 | MAE=0.070420307 | RMSE=0.110476835 | MAPE=42.727911188% | params={'learning_rate': 0.04300412360225156, 'decay_rate': 1.5468879702997677e-05, 'hidden_size': 64, 'beta1': 0.9, 'beta2': 0.999, 'signal_len': 16, 'cheb_order': 3, 's': 2.587626554226941, 'batch_size': 128, 'k': 8}
Trial 326 finished with value 0.123304733 | dataset=Electricity | model=ufgtime_plus | val_MSE=0.021960448 | test_MSE=0.026384122 | MAE=0.123304733 | RMSE=0.162431900 | MAPE=72.498787657% | params={'learning_rate': 0.035836790479413676, 'decay_rate': 0.0015702870638172738, 'hidden_size': 64, 'beta1': 0.9, 'beta2': 0.999, 'signal_len': 16, 'cheb_order': 3, 's': 2.281810661583944, 'batch_size': 128, 'k': 8}
Trial 327 finished with value 0.070210981 | dataset=Electricity | model=ufgtime_plus | val_MSE=0.007587387 | test_MSE=0.012153394 | MAE=0.070210981 | RMSE=0.110242433 | MAPE=42.539204462% | params={'learning_rate': 0.03472721527767394, 'decay_rate': 2.7073415423592915e-05, 'hidden_size': 64, 'beta1': 0.9, 'beta2': 0.999, 'signal_len': 16, 'cheb_order': 3, 's': 3.210129833249603, 'batch_size': 128, 'k': 9}
Trial 328 finished with value 0.122220546 | dataset=Electricity | model=ufgtime_plus | val_MSE=0.022035005 | test_MSE=0.026540300 | MAE=0.122220546 | RMSE=0.162911941 | MAPE=70.738137454% | params={'learning_rate': 0.03451475584331545, 'decay_rate': 0.0010329810260240875, 'hidden_size': 64, 'beta1': 0.9, 'beta2': 0.999, 'signal_len': 8, 'cheb_order': 3, 's': 3.205348861622971, 'batch_size': 128, 'k': 9}
Trial 329 finished with value 0.092080467 | dataset=Electricity | model=ufgtime_plus | val_MSE=0.012292820 | test_MSE=0.017040832 | MAE=0.092080467 | RMSE=0.130540536 | MAPE=53.344125239% | params={'learning_rate': 0.03347959901387149, 'decay_rate': 0.0024823629570746054, 'hidden_size': 64, 'beta1': 0.9, 'beta2': 0.999, 'signal_len': 16, 'cheb_order': 3, 's': 3.461272289438047, 'batch_size': 128, 'k': 9}
Trial 330 finished with value 0.157544926 | dataset=Electricity | model=ufgtime_plus | val_MSE=0.035032189 | test_MSE=0.037845743 | MAE=0.157544926 | RMSE=0.194539823 | MAPE=89.873778674% | params={'learning_rate': 0.035139909959150756, 'decay_rate': 0.0037590251646451513, 'hidden_size': 64, 'beta1': 0.9, 'beta2': 0.999, 'signal_len': 16, 'cheb_order': 3, 's': 3.0126900065137763, 'batch_size': 128, 'k': 7}
Trial 331 finished with value 0.097168438 | dataset=Electricity | model=ufgtime_plus | val_MSE=0.013439959 | test_MSE=0.018784352 | MAE=0.097168438 | RMSE=0.137056016 | MAPE=55.841059500% | params={'learning_rate': 0.03244879494466045, 'decay_rate': 0.0009551877935205736, 'hidden_size': 64, 'beta1': 0.9, 'beta2': 0.999, 'signal_len': 16, 'cheb_order': 3, 's': 3.2416851307126815, 'batch_size': 128, 'k': 9}
Trial 332 finished with value 0.069816323 | dataset=Electricity | model=ufgtime_plus | val_MSE=0.007630466 | test_MSE=0.012154411 | MAE=0.069816323 | RMSE=0.110247044 | MAPE=42.215548978% | params={'learning_rate': 0.03406664937428482, 'decay_rate': 2.4013338082464207e-05, 'hidden_size': 64, 'beta1': 0.9, 'beta2': 0.999, 'signal_len': 16, 'cheb_order': 3, 's': 3.7014241563563557, 'batch_size': 128, 'k': 9}
Trial 333 finished with value 0.084624531 | dataset=Electricity | model=ufgtime_plus | val_MSE=0.010769223 | test_MSE=0.015519745 | MAE=0.084624531 | RMSE=0.124578269 | MAPE=50.055757595% | params={'learning_rate': 0.031726856691003925, 'decay_rate': 0.0017621557198573099, 'hidden_size': 64, 'beta1': 0.9, 'beta2': 0.999, 'signal_len': 16, 'cheb_order': 3, 's': 2.869014729486838, 'batch_size': 128, 'k': 9}
Trial 334 finished with value 0.160145962 | dataset=Electricity | model=ufgtime_plus | val_MSE=0.035587544 | test_MSE=0.038172190 | MAE=0.160145962 | RMSE=0.195377046 | MAPE=92.150932424% | params={'learning_rate': 0.03557835463076012, 'decay_rate': 0.010006482217246359, 'hidden_size': 64, 'beta1': 0.9, 'beta2': 0.999, 'signal_len': 16, 'cheb_order': 3, 's': 3.6638851980540195, 'batch_size': 128, 'k': 8}
Trial 335 finished with value 0.097661450 | dataset=Electricity | model=ufgtime_plus | val_MSE=0.013590379 | test_MSE=0.018986565 | MAE=0.097661450 | RMSE=0.137791746 | MAPE=55.710325241% | params={'learning_rate': 0.03837630907030046, 'decay_rate': 0.0008406532868041305, 'hidden_size': 64, 'beta1': 0.9, 'beta2': 0.999, 'signal_len': 16, 'cheb_order': 3, 's': 3.6915274665506566, 'batch_size': 128, 'k': 9}
Trial 336 finished with value 0.123690425 | dataset=Electricity | model=ufgtime_plus | val_MSE=0.022220610 | test_MSE=0.026597413 | MAE=0.123690425 | RMSE=0.163087133 | MAPE=72.054422381% | params={'learning_rate': 0.03307662274524741, 'decay_rate': 0.0017885728436276259, 'hidden_size': 64, 'beta1': 0.9, 'beta2': 0.999, 'signal_len': 16, 'cheb_order': 3, 's': 3.4548227965775493, 'batch_size': 128, 'k': 9}
Trial 337 finished with value 0.069956028 | dataset=Electricity | model=ufgtime_plus | val_MSE=0.007638781 | test_MSE=0.011981734 | MAE=0.069956028 | RMSE=0.109461106 | MAPE=42.934259009% | params={'learning_rate': 0.034325368218677904, 'decay_rate': 3.341874183772023e-05, 'hidden_size': 64, 'beta1': 0.9, 'beta2': 0.999, 'signal_len': 16, 'cheb_order': 3, 's': 4.029729379191868, 'batch_size': 128, 'k': 9}
Trial 338 finished with value 0.143449665 | dataset=Electricity | model=ufgtime_plus | val_MSE=0.028381747 | test_MSE=0.033477846 | MAE=0.143449665 | RMSE=0.182969523 | MAPE=85.555197874% | params={'learning_rate': 0.03412134762109512, 'decay_rate': 0.0026694941073490876, 'hidden_size': 64, 'beta1': 0.9, 'beta2': 0.999, 'signal_len': 16, 'cheb_order': 3, 's': 4.1011331162743225, 'batch_size': 128, 'k': 9}
Trial 339 finished with value 0.094396263 | dataset=Electricity | model=ufgtime_plus | val_MSE=0.012913488 | test_MSE=0.018199224 | MAE=0.094396263 | RMSE=0.134904500 | MAPE=54.935471921% | params={'learning_rate': 0.035204023331961876, 'decay_rate': 0.0009189195215121859, 'hidden_size': 64, 'beta1': 0.9, 'beta2': 0.999, 'signal_len': 16, 'cheb_order': 3, 's': 4.312138653847155, 'batch_size': 128, 'k': 9}
Trial 340 finished with value 0.093780836 | dataset=Electricity | model=ufgtime_plus | val_MSE=0.012599831 | test_MSE=0.017454508 | MAE=0.093780836 | RMSE=0.132115511 | MAPE=54.485577541% | params={'learning_rate': 0.03366988592608704, 'decay_rate': 0.0009279099142696229, 'hidden_size': 64, 'beta1': 0.9, 'beta2': 0.999, 'signal_len': 16, 'cheb_order': 3, 's': 3.273825329393058, 'batch_size': 128, 'k': 9}
Trial 341 finished with value 0.133382552 | dataset=Electricity | model=ufgtime_plus | val_MSE=0.025189533 | test_MSE=0.029659055 | MAE=0.133382552 | RMSE=0.172218046 | MAPE=80.574639111% | params={'learning_rate': 0.03475411174305024, 'decay_rate': 0.0017486667295362347, 'hidden_size': 64, 'beta1': 0.9, 'beta2': 0.999, 'signal_len': 16, 'cheb_order': 3, 's': 3.1148333182458527, 'batch_size': 128, 'k': 9}
Trial 342 finished with value 0.079417379 | dataset=Electricity | model=ufgtime_plus | val_MSE=0.009827680 | test_MSE=0.014522750 | MAE=0.079417379 | RMSE=0.120510374 | MAPE=47.462283758% | params={'learning_rate': 0.031994182202506646, 'decay_rate': 0.0009191923292078914, 'hidden_size': 64, 'beta1': 0.9, 'beta2': 0.999, 'signal_len': 16, 'cheb_order': 3, 's': 2.9486249590989058, 'batch_size': 128, 'k': 9}
Trial 343 finished with value 0.071355424 | dataset=Electricity | model=ufgtime_plus | val_MSE=0.007912071 | test_MSE=0.012212772 | MAE=0.071355424 | RMSE=0.110511413 | MAPE=43.278011231% | params={'learning_rate': 0.03615577819085664, 'decay_rate': 8.668447748016802e-05, 'hidden_size': 64, 'beta1': 0.9, 'beta2': 0.999, 'signal_len': 16, 'cheb_order': 3, 's': 3.5733201346475623, 'batch_size': 128, 'k': 9}
Trial 344 finished with value 0.157384638 | dataset=Electricity | model=ufgtime_plus | val_MSE=0.035004636 | test_MSE=0.037833979 | MAE=0.157384638 | RMSE=0.194509586 | MAPE=89.827099090% | params={'learning_rate': 0.03409852299384175, 'decay_rate': 0.003228966794914237, 'hidden_size': 64, 'beta1': 0.9, 'beta2': 0.999, 'signal_len': 16, 'cheb_order': 3, 's': 2.770638838227094, 'batch_size': 128, 'k': 9}
Trial 345 finished with value 0.155555571 | dataset=Electricity | model=ufgtime_plus | val_MSE=0.034358714 | test_MSE=0.037326468 | MAE=0.155555571 | RMSE=0.193200589 | MAPE=89.034900302% | params={'learning_rate': 0.03569399303106571, 'decay_rate': 0.0018563309113708863, 'hidden_size': 64, 'beta1': 0.9, 'beta2': 0.999, 'signal_len': 16, 'cheb_order': 3, 's': 3.999583771642477, 'batch_size': 128, 'k': 8}
Trial 346 finished with value 0.070009031 | dataset=Electricity | model=ufgtime_plus | val_MSE=0.007658405 | test_MSE=0.012194065 | MAE=0.070009031 | RMSE=0.110426742 | MAPE=42.183864373% | params={'learning_rate': 0.033162669565172304, 'decay_rate': 3.094072648289697e-05, 'hidden_size': 64, 'beta1': 0.9, 'beta2': 0.999, 'signal_len': 16, 'cheb_order': 3, 's': 3.379495054594347, 'batch_size': 128, 'k': 9}
Trial 347 finished with value 0.079478820 | dataset=Electricity | model=ufgtime_plus | val_MSE=0.009819487 | test_MSE=0.014552608 | MAE=0.079478820 | RMSE=0.120634192 | MAPE=47.314680829% | params={'learning_rate': 0.03283161395688728, 'decay_rate': 0.0010147689785943808, 'hidden_size': 64, 'beta1': 0.9, 'beta2': 0.999, 'signal_len': 16, 'cheb_order': 3, 's': 3.3910782266857726, 'batch_size': 128, 'k': 9}
Trial 348 finished with value 0.157145644 | dataset=Electricity | model=ufgtime_plus | val_MSE=0.034974983 | test_MSE=0.037827531 | MAE=0.157145644 | RMSE=0.194493009 | MAPE=89.450822646% | params={'learning_rate': 0.031216101779966435, 'decay_rate': 0.0024471167973027104, 'hidden_size': 64, 'beta1': 0.9, 'beta2': 0.999, 'signal_len': 8, 'cheb_order': 3, 's': 3.5257755843783625, 'batch_size': 128, 'k': 9}
Trial 349 finished with value 0.070040293 | dataset=Electricity | model=ufgtime_plus | val_MSE=0.007648752 | test_MSE=0.011984540 | MAE=0.070040293 | RMSE=0.109473925 | MAPE=43.099250654% | params={'learning_rate': 0.03216366588863369, 'decay_rate': 5.979292998264931e-05, 'hidden_size': 64, 'beta1': 0.9, 'beta2': 0.999, 'signal_len': 16, 'cheb_order': 3, 's': 3.790741331938064, 'batch_size': 128, 'k': 9}
Trial 350 finished with value 0.082244726 | dataset=Electricity | model=ufgtime_plus | val_MSE=0.010399038 | test_MSE=0.014957719 | MAE=0.082244726 | RMSE=0.122301754 | MAPE=49.446128737% | params={'learning_rate': 0.031183043973962158, 'decay_rate': 0.0014928590331800985, 'hidden_size': 64, 'beta1': 0.9, 'beta2': 0.999, 'signal_len': 16, 'cheb_order': 3, 's': 3.7692879881156744, 'batch_size': 128, 'k': 9}
Trial 351 finished with value 0.157670864 | dataset=Electricity | model=ufgtime_plus | val_MSE=0.035053190 | test_MSE=0.037852693 | MAE=0.157670864 | RMSE=0.194557685 | MAPE=90.037039967% | params={'learning_rate': 0.03265648347420569, 'decay_rate': 0.004119089364556786, 'hidden_size': 64, 'beta1': 0.9, 'beta2': 0.999, 'signal_len': 16, 'cheb_order': 3, 's': 3.820381063938016, 'batch_size': 128, 'k': 9}
Trial 352 finished with value 0.095618285 | dataset=Electricity | model=ufgtime_plus | val_MSE=0.012987333 | test_MSE=0.018286131 | MAE=0.095618285 | RMSE=0.135226223 | MAPE=53.982218925% | params={'learning_rate': 0.030854556242958447, 'decay_rate': 0.0009343450660235048, 'hidden_size': 64, 'beta1': 0.9, 'beta2': 0.999, 'signal_len': 16, 'cheb_order': 3, 's': 4.176417347452265, 'batch_size': 128, 'k': 9}
Trial 353 finished with value 0.069938861 | dataset=Electricity | model=ufgtime_plus | val_MSE=0.007630075 | test_MSE=0.012124340 | MAE=0.069938861 | RMSE=0.110110582 | MAPE=42.715850087% | params={'learning_rate': 0.03269396465242581, 'decay_rate': 2.7959181540721313e-05, 'hidden_size': 64, 'beta1': 0.9, 'beta2': 0.999, 'signal_len': 16, 'cheb_order': 3, 's': 3.723699966081246, 'batch_size': 128, 'k': 8}
Trial 354 finished with value 0.069044472 | dataset=Electricity | model=ufgtime_plus | val_MSE=0.007608944 | test_MSE=0.011725487 | MAE=0.069044472 | RMSE=0.108284290 | MAPE=42.380217239% | params={'learning_rate': 0.03189609516210812, 'decay_rate': 1.4733007532278955e-05, 'hidden_size': 64, 'beta1': 0.9, 'beta2': 0.999, 'signal_len': 16, 'cheb_order': 3, 's': 3.735944764046408, 'batch_size': 128, 'k': 8}
Trial 355 finished with value 0.106412557 | dataset=Electricity | model=ufgtime_plus | val_MSE=0.015129418 | test_MSE=0.021055735 | MAE=0.106412557 | RMSE=0.145105943 | MAPE=63.603619620% | params={'learning_rate': 0.032652571773632094, 'decay_rate': 0.002516223768336161, 'hidden_size': 64, 'beta1': 0.9, 'beta2': 0.999, 'signal_len': 16, 'cheb_order': 3, 's': 3.6507174866354872, 'batch_size': 128, 'k': 8}
Trial 356 finished with value 0.096228225 | dataset=Electricity | model=ufgtime_plus | val_MSE=0.013232349 | test_MSE=0.018550379 | MAE=0.096228225 | RMSE=0.136199776 | MAPE=53.753322579% | params={'learning_rate': 0.03224837018106778, 'decay_rate': 0.0015660009361971273, 'hidden_size': 64, 'beta1': 0.9, 'beta2': 0.999, 'signal_len': 16, 'cheb_order': 3, 's': 3.993235578069702, 'batch_size': 128, 'k': 8}
Trial 357 finished with value 0.079405384 | dataset=Electricity | model=ufgtime_plus | val_MSE=0.009816737 | test_MSE=0.014537970 | MAE=0.079405384 | RMSE=0.120573504 | MAPE=47.353115275% | params={'learning_rate': 0.030382695197836273, 'decay_rate': 0.0007876542379035483, 'hidden_size': 64, 'beta1': 0.9, 'beta2': 0.999, 'signal_len': 16, 'cheb_order': 3, 's': 3.8724029330450493, 'batch_size': 128, 'k': 8}
Trial 358 finished with value 0.174574895 | dataset=Electricity | model=ufgtime_plus | val_MSE=0.041771509 | test_MSE=0.043295623 | MAE=0.174574895 | RMSE=0.208076004 | MAPE=97.338820202% | params={'learning_rate': 0.03198513874064172, 'decay_rate': 0.04527866222614318, 'hidden_size': 64, 'beta1': 0.9, 'beta2': 0.999, 'signal_len': 16, 'cheb_order': 3, 's': 3.7169401792956016, 'batch_size': 128, 'k': 8}
Trial 359 finished with value 0.070500347 | dataset=Electricity | model=ufgtime_plus | val_MSE=0.007701121 | test_MSE=0.011925253 | MAE=0.070500347 | RMSE=0.109202806 | MAPE=43.828253673% | params={'learning_rate': 0.03333529588425789, 'decay_rate': 2.142924040202757e-05, 'hidden_size': 64, 'beta1': 0.9, 'beta2': 0.999, 'signal_len': 16, 'cheb_order': 3, 's': 3.4429648019265833, 'batch_size': 128, 'k': 8}
Trial 360 finished with value 0.132229214 | dataset=Electricity | model=ufgtime_plus | val_MSE=0.025413886 | test_MSE=0.029049889 | MAE=0.132229214 | RMSE=0.170440281 | MAPE=76.369094614% | params={'learning_rate': 0.03133609254714363, 'decay_rate': 0.0017094359570269044, 'hidden_size': 64, 'beta1': 0.9, 'beta2': 0.999, 'signal_len': 16, 'cheb_order': 3, 's': 3.602889180526621, 'batch_size': 128, 'k': 8}
Trial 361 finished with value 0.130641560 | dataset=Electricity | model=ufgtime_plus | val_MSE=0.024645424 | test_MSE=0.028441067 | MAE=0.130641560 | RMSE=0.168644796 | MAPE=75.562301301% | params={'learning_rate': 0.03360782146474389, 'decay_rate': 0.0029365953666792262, 'hidden_size': 64, 'beta1': 0.9, 'beta2': 0.999, 'signal_len': 16, 'cheb_order': 3, 's': 4.06775701135221, 'batch_size': 128, 'k': 8}
Trial 362 finished with value 0.095814641 | dataset=Electricity | model=ufgtime_plus | val_MSE=0.013125907 | test_MSE=0.018414627 | MAE=0.095814641 | RMSE=0.135700504 | MAPE=53.773498558% | params={'learning_rate': 0.03209548161847261, 'decay_rate': 0.000941607549345274, 'hidden_size': 64, 'beta1': 0.9, 'beta2': 0.999, 'signal_len': 16, 'cheb_order': 3, 's': 4.368385348926583, 'batch_size': 128, 'k': 7}
Trial 363 finished with value 0.096681038 | dataset=Electricity | model=ufgtime_plus | val_MSE=0.013206204 | test_MSE=0.018582605 | MAE=0.096681038 | RMSE=0.136318030 | MAPE=54.183608794% | params={'learning_rate': 0.028977651558345932, 'decay_rate': 0.0009243029464486842, 'hidden_size': 64, 'beta1': 0.9, 'beta2': 0.999, 'signal_len': 16, 'cheb_order': 3, 's': 3.7851883620804356, 'batch_size': 128, 'k': 8}
Trial 364 finished with value 0.097523763 | dataset=Electricity | model=ufgtime_plus | val_MSE=0.013568967 | test_MSE=0.018732421 | MAE=0.097523763 | RMSE=0.136866434 | MAPE=55.394065207% | params={'learning_rate': 0.029556591530255888, 'decay_rate': 0.0018572742976468589, 'hidden_size': 64, 'beta1': 0.9, 'beta2': 0.999, 'signal_len': 16, 'cheb_order': 3, 's': 3.494280047729079, 'batch_size': 128, 'k': 8}
Trial 365 finished with value 0.170553705 | dataset=Electricity | model=ufgtime_plus | val_MSE=0.039350374 | test_MSE=0.041420438 | MAE=0.170553705 | RMSE=0.203520117 | MAPE=100.162590747% | params={'learning_rate': 0.033626494680507824, 'decay_rate': 0.029463288579017782, 'hidden_size': 64, 'beta1': 0.9, 'beta2': 0.999, 'signal_len': 16, 'cheb_order': 3, 's': 3.9455392757064773, 'batch_size': 128, 'k': 8}
Trial 366 finished with value 0.068943364 | dataset=Electricity | model=ufgtime_plus | val_MSE=0.007613427 | test_MSE=0.011766268 | MAE=0.068943364 | RMSE=0.108472430 | MAPE=42.123602823% | params={'learning_rate': 0.032969051820992155, 'decay_rate': 1.486582188472028e-05, 'hidden_size': 64, 'beta1': 0.9, 'beta2': 0.999, 'signal_len': 16, 'cheb_order': 3, 's': 3.3508258578893586, 'batch_size': 128, 'k': 8}
Trial 367 finished with value 0.070025145 | dataset=Electricity | model=ufgtime_plus | val_MSE=0.007748386 | test_MSE=0.011848867 | MAE=0.070025145 | RMSE=0.108852500 | MAPE=43.015451716% | params={'learning_rate': 0.031321617705083765, 'decay_rate': 4.2434691791921464e-05, 'hidden_size': 64, 'beta1': 0.9, 'beta2': 0.999, 'signal_len': 16, 'cheb_order': 3, 's': 3.3351831532455574, 'batch_size': 128, 'k': 8}
Trial 368 finished with value 0.174644477 | dataset=Electricity | model=ufgtime_plus | val_MSE=0.041171104 | test_MSE=0.043366543 | MAE=0.174644477 | RMSE=0.208246352 | MAPE=100.602175322% | params={'learning_rate': 0.031514774114480885, 'decay_rate': 0.03964779541014767, 'hidden_size': 64, 'beta1': 0.9, 'beta2': 0.999, 'signal_len': 16, 'cheb_order': 3, 's': 3.3971180173464908, 'batch_size': 128, 'k': 8}
Trial 369 finished with value 0.156798432 | dataset=Electricity | model=ufgtime_plus | val_MSE=0.034888929 | test_MSE=0.037705709 | MAE=0.156798432 | RMSE=0.194179578 | MAPE=89.023259376% | params={'learning_rate': 0.0314727678381365, 'decay_rate': 0.002227603191156621, 'hidden_size': 64, 'beta1': 0.9, 'beta2': 0.999, 'signal_len': 8, 'cheb_order': 3, 's': 3.582289961900693, 'batch_size': 128, 'k': 8}
Trial 370 finished with value 0.079452396 | dataset=Electricity | model=ufgtime_plus | val_MSE=0.009822396 | test_MSE=0.014602568 | MAE=0.079452396 | RMSE=0.120841087 | MAPE=47.085174712% | params={'learning_rate': 0.030515336379418265, 'decay_rate': 0.0008796754629966576, 'hidden_size': 64, 'beta1': 0.9, 'beta2': 0.999, 'signal_len': 16, 'cheb_order': 3, 's': 3.7437287012794283, 'batch_size': 128, 'k': 8}
Trial 371 finished with value 0.086464044 | dataset=Electricity | model=ufgtime_plus | val_MSE=0.011045137 | test_MSE=0.015722925 | MAE=0.086464044 | RMSE=0.125391087 | MAPE=51.778668830% | params={'learning_rate': 0.03009344898230464, 'decay_rate': 0.001618439236041699, 'hidden_size': 64, 'beta1': 0.9, 'beta2': 0.999, 'signal_len': 16, 'cheb_order': 3, 's': 3.302275125688645, 'batch_size': 128, 'k': 8}
