Trial 54 finished with value 0.165814854 | dataset=Electricity | model=ufgtime_plus | val_MSE=0.037357674 | test_MSE=0.039310223 | MAE=0.165814854 | RMSE=0.198268059 | MAPE=91.575986155% | params={'learning_rate': 0.022225781165286104, 'decay_rate': 0.04927307367339798, 'hidden_size': 16, 'beta1': 0.9, 'beta2': 0.999, 'signal_len': 16, 'cheb_order': 3, 's': 2.7840782903339343, 'batch_size': 128, 'k': 10}
Trial 55 finished with value 0.157641201 | dataset=Electricity | model=ufgtime_plus | val_MSE=0.035045220 | test_MSE=0.037919743 | MAE=0.157641201 | RMSE=0.194729922 | MAPE=90.207198856% | params={'learning_rate': 0.03531983314994638, 'decay_rate': 0.0040538653833795445, 'hidden_size': 32, 'beta1': 0.9, 'beta2': 0.999, 'signal_len': 16, 'cheb_order': 3, 's': 6.7954350496735465, 'batch_size': 128, 'k': 8}
Trial 56 finished with value 0.169383383 | dataset=Electricity | model=ufgtime_plus | val_MSE=0.038673855 | test_MSE=0.040666461 | MAE=0.169383383 | RMSE=0.201659269 | MAPE=96.527445347% | params={'learning_rate': 0.028057517692833288, 'decay_rate': 0.032816494878384776, 'hidden_size': 32, 'beta1': 0.9, 'beta2': 0.999, 'signal_len': 16, 'cheb_order': 3, 's': 4.163260855170828, 'batch_size': 128, 'k': 9}
Trial 57 finished with value 0.157290689 | dataset=Electricity | model=ufgtime_plus | val_MSE=0.034997127 | test_MSE=0.037866239 | MAE=0.157290689 | RMSE=0.194592495 | MAPE=89.668900390% | params={'learning_rate': 0.02451195001749125, 'decay_rate': 0.0029570982649441946, 'hidden_size': 16, 'beta1': 0.9, 'beta2': 0.999, 'signal_len': 16, 'cheb_order': 3, 's': 5.382196991695429, 'batch_size': 128, 'k': 4}
Trial 58 finished with value 0.158630879 | dataset=Electricity | model=ufgtime_plus | val_MSE=0.035228971 | test_MSE=0.037986771 | MAE=0.158630879 | RMSE=0.194901953 | MAPE=91.254726548% | params={'learning_rate': 0.04649288992325715, 'decay_rate': 0.00703064053863046, 'hidden_size': 32, 'beta1': 0.9, 'beta2': 0.999, 'signal_len': 8, 'cheb_order': 3, 's': 6.047975169731007, 'batch_size': 128, 'k': 8}
Trial 59 finished with value 0.160052846 | dataset=Electricity | model=ufgtime_plus | val_MSE=0.035616302 | test_MSE=0.038306041 | MAE=0.160052846 | RMSE=0.195719291 | MAPE=93.563860137% | params={'learning_rate': 0.020224351724229518, 'decay_rate': 0.010636659637713472, 'hidden_size': 64, 'beta1': 0.9, 'beta2': 0.999, 'signal_len': 16, 'cheb_order': 2, 's': 4.608250506071938, 'batch_size': 128, 'k': 9}
Trial 60 finished with value 0.079330146 | dataset=Electricity | model=ufgtime_plus | val_MSE=0.009602767 | test_MSE=0.014194040 | MAE=0.079330146 | RMSE=0.119138743 | MAPE=47.809004002% | params={'learning_rate': 0.009076530348231204, 'decay_rate': 0.0013957991169158352, 'hidden_size': 32, 'beta1': 0.9, 'beta2': 0.999, 'signal_len': 16, 'cheb_order': 3, 's': 7.503268890424364, 'batch_size': 128, 'k': 10}
Trial 61 finished with value 0.072940943 | dataset=Electricity | model=ufgtime_plus | val_MSE=0.008071170 | test_MSE=0.012760926 | MAE=0.072940943 | RMSE=0.112964269 | MAPE=44.091016392% | params={'learning_rate': 0.00525561631434332, 'decay_rate': 7.609992068243414e-05, 'hidden_size': 32, 'beta1': 0.9, 'beta2': 0.999, 'signal_len': 16, 'cheb_order': 3, 's': 4.986771361866131, 'batch_size': 128, 'k': 7}
Trial 62 finished with value 0.096059949 | dataset=Electricity | model=ufgtime_plus | val_MSE=0.012502050 | test_MSE=0.017424330 | MAE=0.096059949 | RMSE=0.132001252 | MAPE=58.370443584% | params={'learning_rate': 0.0036405204507572626, 'decay_rate': 0.005458851565312928, 'hidden_size': 32, 'beta1': 0.9, 'beta2': 0.999, 'signal_len': 16, 'cheb_order': 3, 's': 5.036119609507761, 'batch_size': 128, 'k': 7}
Trial 63 finished with value 0.092095534 | dataset=Electricity | model=ufgtime_plus | val_MSE=0.012069477 | test_MSE=0.016939937 | MAE=0.092095534 | RMSE=0.130153515 | MAPE=54.028916578% | params={'learning_rate': 0.011295305084854865, 'decay_rate': 0.0030792289221821885, 'hidden_size': 32, 'beta1': 0.9, 'beta2': 0.999, 'signal_len': 16, 'cheb_order': 3, 's': 5.597289623369869, 'batch_size': 128, 'k': 7}
Trial 64 finished with value 0.076059431 | dataset=Electricity | model=ufgtime_plus | val_MSE=0.008929239 | test_MSE=0.013645325 | MAE=0.076059431 | RMSE=0.116813206 | MAPE=45.601183544% | params={'learning_rate': 0.007354520948544178, 'decay_rate': 0.00017775384398066167, 'hidden_size': 32, 'beta1': 0.9, 'beta2': 0.999, 'signal_len': 16, 'cheb_order': 3, 's': 5.7871426762462495, 'batch_size': 128, 'k': 8}
Trial 65 finished with value 0.082955831 | dataset=Electricity | model=ufgtime_plus | val_MSE=0.010477935 | test_MSE=0.015056468 | MAE=0.082955831 | RMSE=0.122704801 | MAPE=48.746692574% | params={'learning_rate': 0.0040546539795653785, 'decay_rate': 0.003525348058656063, 'hidden_size': 32, 'beta1': 0.9, 'beta2': 0.999, 'signal_len': 16, 'cheb_order': 3, 's': 4.904259767189298, 'batch_size': 128, 'k': 5}
Trial 66 finished with value 0.079832591 | dataset=Electricity | model=ufgtime_plus | val_MSE=0.009911085 | test_MSE=0.014532133 | MAE=0.079832591 | RMSE=0.120549295 | MAPE=47.836756963% | params={'learning_rate': 0.005556430439828757, 'decay_rate': 0.001629893519844494, 'hidden_size': 32, 'beta1': 0.9, 'beta2': 0.999, 'signal_len': 16, 'cheb_order': 3, 's': 4.514847957093652, 'batch_size': 128, 'k': 3}
Trial 67 finished with value 0.140124135 | dataset=Electricity | model=ufgtime_plus | val_MSE=0.027632240 | test_MSE=0.031085481 | MAE=0.140124135 | RMSE=0.176310752 | MAPE=82.171907523% | params={'learning_rate': 0.013793134460993612, 'decay_rate': 0.00382536078389746, 'hidden_size': 16, 'beta1': 0.9, 'beta2': 0.999, 'signal_len': 16, 'cheb_order': 3, 's': 5.30797775589731, 'batch_size': 128, 'k': 9}
Trial 68 finished with value 0.169933871 | dataset=Electricity | model=ufgtime_plus | val_MSE=0.039097502 | test_MSE=0.041111032 | MAE=0.169933871 | RMSE=0.202758557 | MAPE=96.602908449% | params={'learning_rate': 0.03195197437495622, 'decay_rate': 0.042568143892942674, 'hidden_size': 32, 'beta1': 0.9, 'beta2': 0.999, 'signal_len': 16, 'cheb_order': 3, 's': 3.8294940987709896, 'batch_size': 128, 'k': 7}
Trial 69 finished with value 0.090839190 | dataset=Electricity | model=ufgtime_plus | val_MSE=0.011825336 | test_MSE=0.016480173 | MAE=0.090839190 | RMSE=0.128375126 | MAPE=54.609872722% | params={'learning_rate': 0.002781502666283634, 'decay_rate': 0.006087159889030126, 'hidden_size': 16, 'beta1': 0.9, 'beta2': 0.999, 'signal_len': 16, 'cheb_order': 3, 's': 6.216425918508331, 'batch_size': 128, 'k': 10}
Trial 70 finished with value 0.084587152 | dataset=Electricity | model=ufgtime_plus | val_MSE=0.010945124 | test_MSE=0.015636787 | MAE=0.084587152 | RMSE=0.125047138 | MAPE=50.467315124% | params={'learning_rate': 0.008766333673488256, 'decay_rate': 0.0014602229106785412, 'hidden_size': 32, 'beta1': 0.9, 'beta2': 0.999, 'signal_len': 8, 'cheb_order': 2, 's': 4.299960568344708, 'batch_size': 128, 'k': 8}
Trial 71 finished with value 0.076822253 | dataset=Electricity | model=ufgtime_plus | val_MSE=0.009179083 | test_MSE=0.013787087 | MAE=0.076822253 | RMSE=0.117418426 | MAPE=45.788841588% | params={'learning_rate': 0.006022872739254755, 'decay_rate': 0.00022944102261400365, 'hidden_size': 32, 'beta1': 0.9, 'beta2': 0.999, 'signal_len': 16, 'cheb_order': 3, 's': 5.065469263300069, 'batch_size': 256, 'k': 7}
Trial 72 finished with value 0.082893287 | dataset=Electricity | model=ufgtime_plus | val_MSE=0.010523817 | test_MSE=0.015151392 | MAE=0.082893287 | RMSE=0.123090992 | MAPE=49.378567527% | params={'learning_rate': 0.011367134231323524, 'decay_rate': 0.0023342023010945456, 'hidden_size': 32, 'beta1': 0.9, 'beta2': 0.999, 'signal_len': 16, 'cheb_order': 3, 's': 5.4484511360601084, 'batch_size': 256, 'k': 6}
Trial 73 finished with value 0.076699315 | dataset=Electricity | model=ufgtime_plus | val_MSE=0.009059456 | test_MSE=0.013755957 | MAE=0.076699315 | RMSE=0.117285794 | MAPE=46.260625367% | params={'learning_rate': 0.005219446860900416, 'decay_rate': 0.00012712170110535634, 'hidden_size': 32, 'beta1': 0.9, 'beta2': 0.999, 'signal_len': 16, 'cheb_order': 3, 's': 7.991712010872946, 'batch_size': 256, 'k': 7}
Trial 74 finished with value 0.083043667 | dataset=Electricity | model=ufgtime_plus | val_MSE=0.010452489 | test_MSE=0.014732670 | MAE=0.083043667 | RMSE=0.121378209 | MAPE=50.409377974% | params={'learning_rate': 0.0016074710141074089, 'decay_rate': 0.005070250659532677, 'hidden_size': 32, 'beta1': 0.9, 'beta2': 0.999, 'signal_len': 16, 'cheb_order': 3, 's': 4.682158507082718, 'batch_size': 128, 'k': 8}
Trial 75 finished with value 0.153887078 | dataset=Electricity | model=ufgtime_plus | val_MSE=0.033140383 | test_MSE=0.036368485 | MAE=0.153887078 | RMSE=0.190705231 | MAPE=90.766153810% | params={'learning_rate': 0.016028666517250535, 'decay_rate': 0.0034243374936201803, 'hidden_size': 16, 'beta1': 0.9, 'beta2': 0.999, 'signal_len': 16, 'cheb_order': 3, 's': 8.329708683620288, 'batch_size': 256, 'k': 6}
Trial 76 finished with value 0.095921101 | dataset=Electricity | model=ufgtime_plus | val_MSE=0.013124197 | test_MSE=0.018418944 | MAE=0.095921101 | RMSE=0.135716412 | MAPE=53.821764800% | params={'learning_rate': 0.030259190531623913, 'decay_rate': 0.0012840063467365044, 'hidden_size': 32, 'beta1': 0.9, 'beta2': 0.999, 'signal_len': 16, 'cheb_order': 3, 's': 4.0748839552480804, 'batch_size': 128, 'k': 9}
Trial 77 finished with value 0.159057180 | dataset=Electricity | model=ufgtime_plus | val_MSE=0.035153369 | test_MSE=0.037885723 | MAE=0.159057180 | RMSE=0.194642553 | MAPE=91.620317376% | params={'learning_rate': 0.021486968976666177, 'decay_rate': 0.008993722801228376, 'hidden_size': 16, 'beta1': 0.9, 'beta2': 0.999, 'signal_len': 16, 'cheb_order': 2, 's': 1.7341200578773313, 'batch_size': 128, 'k': 9}
Trial 78 finished with value 0.157250542 | dataset=Electricity | model=ufgtime_plus | val_MSE=0.034983003 | test_MSE=0.037781765 | MAE=0.157250542 | RMSE=0.194375320 | MAPE=89.324276413% | params={'learning_rate': 0.023983927728281645, 'decay_rate': 0.002775533263893548, 'hidden_size': 16, 'beta1': 0.9, 'beta2': 0.999, 'signal_len': 16, 'cheb_order': 3, 's': 5.85041444377861, 'batch_size': 128, 'k': 7}
Trial 79 finished with value 0.155503943 | dataset=Electricity | model=ufgtime_plus | val_MSE=0.033632255 | test_MSE=0.037597502 | MAE=0.155503943 | RMSE=0.193900753 | MAPE=91.240403095% | params={'learning_rate': 0.0263543357576273, 'decay_rate': 0.004294695332037452, 'hidden_size': 32, 'beta1': 0.9, 'beta2': 0.999, 'signal_len': 16, 'cheb_order': 3, 's': 5.254286772721321, 'batch_size': 256, 'k': 8}
Trial 80 finished with value 0.137521443 | dataset=Electricity | model=ufgtime_plus | val_MSE=0.026721509 | test_MSE=0.029800167 | MAE=0.137521443 | RMSE=0.172627248 | MAPE=80.819718012% | params={'learning_rate': 0.012861037340538246, 'decay_rate': 0.007476887585597503, 'hidden_size': 64, 'beta1': 0.9, 'beta2': 0.999, 'signal_len': 16, 'cheb_order': 2, 's': 4.474688465637567, 'batch_size': 128, 'k': 10}
Trial 81 finished with value 0.076799508 | dataset=Electricity | model=ufgtime_plus | val_MSE=0.009017698 | test_MSE=0.013718956 | MAE=0.076799508 | RMSE=0.117127946 | MAPE=46.443756594% | params={'learning_rate': 0.01907487985001631, 'decay_rate': 0.00036776834683785665, 'hidden_size': 16, 'beta1': 0.9, 'beta2': 0.999, 'signal_len': 16, 'cheb_order': 2, 's': 5.664263030247546, 'batch_size': 128, 'k': 9}
Trial 82 finished with value 0.072012679 | dataset=Electricity | model=ufgtime_plus | val_MSE=0.008159714 | test_MSE=0.012571627 | MAE=0.072012679 | RMSE=0.112123268 | MAPE=43.738513362% | params={'learning_rate': 0.016004098242367603, 'decay_rate': 3.1116166567904704e-05, 'hidden_size': 16, 'beta1': 0.9, 'beta2': 0.999, 'signal_len': 16, 'cheb_order': 2, 's': 6.215778747870218, 'batch_size': 128, 'k': 9}
Trial 83 finished with value 0.123398262 | dataset=Electricity | model=ufgtime_plus | val_MSE=0.022433712 | test_MSE=0.026777731 | MAE=0.123398262 | RMSE=0.163639028 | MAPE=71.275320683% | params={'learning_rate': 0.015749115365732008, 'decay_rate': 0.001880964576190444, 'hidden_size': 16, 'beta1': 0.9, 'beta2': 0.999, 'signal_len': 16, 'cheb_order': 2, 's': 6.1403404092632465, 'batch_size': 128, 'k': 9}
Trial 84 finished with value 0.093266282 | dataset=Electricity | model=ufgtime_plus | val_MSE=0.012145267 | test_MSE=0.016906593 | MAE=0.093266282 | RMSE=0.130025356 | MAPE=56.569403842% | params={'learning_rate': 0.0046032439155555055, 'decay_rate': 0.005591126073630991, 'hidden_size': 16, 'beta1': 0.9, 'beta2': 0.999, 'signal_len': 16, 'cheb_order': 2, 's': 4.806304050834599, 'batch_size': 128, 'k': 8}
Trial 85 finished with value 0.088189255 | dataset=Electricity | model=ufgtime_plus | val_MSE=0.011299401 | test_MSE=0.016238327 | MAE=0.088189255 | RMSE=0.127429694 | MAPE=52.128203058% | params={'learning_rate': 0.018319845472852946, 'decay_rate': 0.0012221854537037107, 'hidden_size': 16, 'beta1': 0.9, 'beta2': 0.999, 'signal_len': 16, 'cheb_order': 2, 's': 6.432113311893614, 'batch_size': 128, 'k': 9}
Trial 86 finished with value 0.087732886 | dataset=Electricity | model=ufgtime_plus | val_MSE=0.011710172 | test_MSE=0.016306462 | MAE=0.087732886 | RMSE=0.127696759 | MAPE=52.394855033% | params={'learning_rate': 0.01757922861649418, 'decay_rate': 0.002743245194677896, 'hidden_size': 16, 'beta1': 0.9, 'beta2': 0.999, 'signal_len': 8, 'cheb_order': 3, 's': 7.437121876474369, 'batch_size': 128, 'k': 10}
Trial 87 finished with value 0.098761330 | dataset=Electricity | model=ufgtime_plus | val_MSE=0.013745021 | test_MSE=0.018969623 | MAE=0.098761330 | RMSE=0.137730254 | MAPE=56.693505558% | params={'learning_rate': 0.007259191376364526, 'decay_rate': 0.004442651295619181, 'hidden_size': 16, 'beta1': 0.9, 'beta2': 0.999, 'signal_len': 16, 'cheb_order': 2, 's': 6.828279032450789, 'batch_size': 128, 'k': 9}
Trial 88 finished with value 0.169714963 | dataset=Electricity | model=ufgtime_plus | val_MSE=0.038929878 | test_MSE=0.040806176 | MAE=0.169714963 | RMSE=0.202005386 | MAPE=95.212258707% | params={'learning_rate': 0.02034546864096838, 'decay_rate': 0.03753275393691281, 'hidden_size': 16, 'beta1': 0.9, 'beta2': 0.999, 'signal_len': 16, 'cheb_order': 3, 's': 3.6062329329157254, 'batch_size': 128, 'k': 6}
Trial 89 finished with value 0.073388518 | dataset=Electricity | model=ufgtime_plus | val_MSE=0.008139774 | test_MSE=0.012918578 | MAE=0.073388518 | RMSE=0.113659924 | MAPE=44.552150495% | params={'learning_rate': 0.01250804466391828, 'decay_rate': 4.045517185965073e-05, 'hidden_size': 32, 'beta1': 0.9, 'beta2': 0.999, 'signal_len': 16, 'cheb_order': 3, 's': 5.131420923433566, 'batch_size': 256, 'k': 10}
Trial 90 finished with value 0.080368890 | dataset=Electricity | model=ufgtime_plus | val_MSE=0.010017142 | test_MSE=0.014634065 | MAE=0.080368890 | RMSE=0.120971341 | MAPE=47.894195221% | params={'learning_rate': 0.015007203103345503, 'decay_rate': 0.0016161323543162523, 'hidden_size': 32, 'beta1': 0.9, 'beta2': 0.999, 'signal_len': 16, 'cheb_order': 3, 's': 5.150125159746905, 'batch_size': 128, 'k': 10}
Trial 91 finished with value 0.079142332 | dataset=Electricity | model=ufgtime_plus | val_MSE=0.009813082 | test_MSE=0.014412615 | MAE=0.079142332 | RMSE=0.120052552 | MAPE=47.419926975% | params={'learning_rate': 0.012934241406553536, 'decay_rate': 0.0008492879527024853, 'hidden_size': 32, 'beta1': 0.9, 'beta2': 0.999, 'signal_len': 16, 'cheb_order': 3, 's': 5.515258956685797, 'batch_size': 256, 'k': 10}
Trial 92 finished with value 0.076257854 | dataset=Electricity | model=ufgtime_plus | val_MSE=0.008933677 | test_MSE=0.013665102 | MAE=0.076257854 | RMSE=0.116897829 | MAPE=46.039937115% | params={'learning_rate': 0.01044638255845803, 'decay_rate': 0.00013486224867978976, 'hidden_size': 32, 'beta1': 0.9, 'beta2': 0.999, 'signal_len': 16, 'cheb_order': 3, 's': 5.85584508705451, 'batch_size': 256, 'k': 10}
Trial 93 finished with value 0.093051899 | dataset=Electricity | model=ufgtime_plus | val_MSE=0.012458298 | test_MSE=0.017398987 | MAE=0.093051899 | RMSE=0.131905220 | MAPE=53.903225642% | params={'learning_rate': 0.00808669839021106, 'decay_rate': 0.0023121482493163176, 'hidden_size': 32, 'beta1': 0.9, 'beta2': 0.999, 'signal_len': 16, 'cheb_order': 3, 's': 4.887431441304317, 'batch_size': 256, 'k': 9}
Trial 94 finished with value 0.156526783 | dataset=Electricity | model=ufgtime_plus | val_MSE=0.034472823 | test_MSE=0.037353071 | MAE=0.156526783 | RMSE=0.193269426 | MAPE=89.103476572% | params={'learning_rate': 0.03391036772531523, 'decay_rate': 0.0034420419028905313, 'hidden_size': 32, 'beta1': 0.9, 'beta2': 0.999, 'signal_len': 16, 'cheb_order': 3, 's': 9.133595009156707, 'batch_size': 256, 'k': 10}
Trial 95 finished with value 0.157506604 | dataset=Electricity | model=ufgtime_plus | val_MSE=0.034670132 | test_MSE=0.037498295 | MAE=0.157506604 | RMSE=0.193644764 | MAPE=90.530343751% | params={'learning_rate': 0.017062235668646893, 'decay_rate': 0.006145944538555472, 'hidden_size': 16, 'beta1': 0.9, 'beta2': 0.999, 'signal_len': 16, 'cheb_order': 3, 's': 6.016100330248977, 'batch_size': 256, 'k': 9}
Trial 96 finished with value 0.072220948 | dataset=Electricity | model=ufgtime_plus | val_MSE=0.008162098 | test_MSE=0.012871184 | MAE=0.072220948 | RMSE=0.113451239 | MAPE=43.152467588% | params={'learning_rate': 0.0025539815910817585, 'decay_rate': 3.099812880758926e-05, 'hidden_size': 32, 'beta1': 0.9, 'beta2': 0.999, 'signal_len': 16, 'cheb_order': 3, 's': 6.34034132910555, 'batch_size': 128, 'k': 8}
Trial 97 finished with value 0.080678981 | dataset=Electricity | model=ufgtime_plus | val_MSE=0.010009744 | test_MSE=0.014561653 | MAE=0.080678981 | RMSE=0.120671672 | MAPE=48.545278884% | params={'learning_rate': 0.002618249404470677, 'decay_rate': 0.0023730225811392992, 'hidden_size': 32, 'beta1': 0.9, 'beta2': 0.999, 'signal_len': 16, 'cheb_order': 2, 's': 6.566554339109913, 'batch_size': 128, 'k': 8}
Trial 98 finished with value 0.097300608 | dataset=Electricity | model=ufgtime_plus | val_MSE=0.013539088 | test_MSE=0.018743533 | MAE=0.097300608 | RMSE=0.136907023 | MAPE=55.164906943% | params={'learning_rate': 0.027163466422984416, 'decay_rate': 0.0013664930985779944, 'hidden_size': 16, 'beta1': 0.9, 'beta2': 0.999, 'signal_len': 16, 'cheb_order': 3, 's': 7.053745213615939, 'batch_size': 128, 'k': 9}
Trial 99 finished with value 0.157488129 | dataset=Electricity | model=ufgtime_plus | val_MSE=0.035018871 | test_MSE=0.037847407 | MAE=0.157488129 | RMSE=0.194544101 | MAPE=89.969430586% | params={'learning_rate': 0.028593999706378125, 'decay_rate': 0.0035202452710811453, 'hidden_size': 64, 'beta1': 0.9, 'beta2': 0.999, 'signal_len': 8, 'cheb_order': 3, 's': 6.7503999783566755, 'batch_size': 128, 'k': 8}
Trial 100 finished with value 0.082928308 | dataset=Electricity | model=ufgtime_plus | val_MSE=0.011144169 | test_MSE=0.015294508 | MAE=0.082928308 | RMSE=0.123670968 | MAPE=49.809293984% | params={'learning_rate': 0.0004968824194788654, 'decay_rate': 0.004665821864783337, 'hidden_size': 32, 'beta1': 0.9, 'beta2': 0.999, 'signal_len': 16, 'cheb_order': 3, 's': 6.201625100815106, 'batch_size': 128, 'k': 9}
Trial 101 finished with value 0.077640178 | dataset=Electricity | model=ufgtime_plus | val_MSE=0.009249621 | test_MSE=0.013838287 | MAE=0.077640178 | RMSE=0.117636250 | MAPE=46.800737919% | params={'learning_rate': 0.003589949535898979, 'decay_rate': 0.000971496331634828, 'hidden_size': 32, 'beta1': 0.9, 'beta2': 0.999, 'signal_len': 16, 'cheb_order': 3, 's': 6.3868006446746985, 'batch_size': 128, 'k': 7}
Trial 102 finished with value 0.079531632 | dataset=Electricity | model=ufgtime_plus | val_MSE=0.009595184 | test_MSE=0.014130571 | MAE=0.079531632 | RMSE=0.118872079 | MAPE=47.888469838% | params={'learning_rate': 0.0015783521963073188, 'decay_rate': 0.00198474855302195, 'hidden_size': 32, 'beta1': 0.9, 'beta2': 0.999, 'signal_len': 16, 'cheb_order': 3, 's': 5.194985130760377, 'batch_size': 128, 'k': 8}
Trial 103 finished with value 0.076100253 | dataset=Electricity | model=ufgtime_plus | val_MSE=0.008933044 | test_MSE=0.013609437 | MAE=0.076100253 | RMSE=0.116659492 | MAPE=45.737859053% | params={'learning_rate': 0.004735161436885853, 'decay_rate': 0.00019345773026098413, 'hidden_size': 32, 'beta1': 0.9, 'beta2': 0.999, 'signal_len': 16, 'cheb_order': 3, 's': 5.367674865397684, 'batch_size': 128, 'k': 7}
Trial 104 finished with value 0.156155495 | dataset=Electricity | model=ufgtime_plus | val_MSE=0.033148924 | test_MSE=0.035975240 | MAE=0.156155495 | RMSE=0.189671400 | MAPE=89.061018697% | params={'learning_rate': 0.010616677405305947, 'decay_rate': 0.02409224017126024, 'hidden_size': 32, 'beta1': 0.9, 'beta2': 0.999, 'signal_len': 16, 'cheb_order': 3, 's': 4.317847560265423, 'batch_size': 256, 'k': 9}
Trial 105 finished with value 0.093748667 | dataset=Electricity | model=ufgtime_plus | val_MSE=0.012864889 | test_MSE=0.018094764 | MAE=0.093748667 | RMSE=0.134516778 | MAPE=53.415922581% | params={'learning_rate': 0.006144711887295979, 'decay_rate': 0.0026521500958887065, 'hidden_size': 16, 'beta1': 0.9, 'beta2': 0.999, 'signal_len': 16, 'cheb_order': 3, 's': 5.612317826820154, 'batch_size': 128, 'k': 10}
Trial 106 finished with value 0.098300433 | dataset=Electricity | model=ufgtime_plus | val_MSE=0.013631113 | test_MSE=0.018873513 | MAE=0.098300433 | RMSE=0.137380903 | MAPE=56.088316660% | params={'learning_rate': 0.013844956071048544, 'decay_rate': 0.003594873952344393, 'hidden_size': 32, 'beta1': 0.9, 'beta2': 0.999, 'signal_len': 16, 'cheb_order': 3, 's': 4.6321824659351, 'batch_size': 128, 'k': 8}
