Trial 0 finished with value 0.160899291 | dataset=Electricity | model=ufgtime_plus | val_MSE=0.034990402 | test_MSE=0.037258241 | MAE=0.160899291 | RMSE=0.193023938 | MAPE=90.589621964% | params={'learning_rate': 0.027445187061326964, 'decay_rate': 0.03576231642495725, 'hidden_size': 16, 'beta1': 0.9, 'beta2': 0.999, 'signal_len': 8, 'cheb_order': 3, 's': 4.512629517549422, 'batch_size': 128, 'k': 7}
Trial 1 finished with value 0.157479872 | dataset=Electricity | model=ufgtime_plus | val_MSE=0.035018036 | test_MSE=0.037878082 | MAE=0.157479872 | RMSE=0.194622922 | MAPE=90.129944548% | params={'learning_rate': 0.04628057594825013, 'decay_rate': 0.0035610925493123682, 'hidden_size': 64, 'beta1': 0.9, 'beta2': 0.999, 'signal_len': 16, 'cheb_order': 2, 's': 5.207166324051094, 'batch_size': 128, 'k': 7}
Trial 2 finished with value 0.160912251 | dataset=Electricity | model=ufgtime_plus | val_MSE=0.035459124 | test_MSE=0.038394544 | MAE=0.160912251 | RMSE=0.195945258 | MAPE=86.170711392% | params={'learning_rate': 0.0071762308375782295, 'decay_rate': 0.0472339991633087, 'hidden_size': 16, 'beta1': 0.9, 'beta2': 0.999, 'signal_len': 8, 'cheb_order': 2, 's': 6.596955923975306, 'batch_size': 256, 'k': 10}
Trial 3 finished with value 0.161488453 | dataset=Electricity | model=ufgtime_plus | val_MSE=0.035723507 | test_MSE=0.038369316 | MAE=0.161488453 | RMSE=0.195880872 | MAPE=94.838588976% | params={'learning_rate': 0.034094196752183135, 'decay_rate': 0.01798179994968356, 'hidden_size': 32, 'beta1': 0.9, 'beta2': 0.999, 'signal_len': 16, 'cheb_order': 2, 's': 3.9073123232252365, 'batch_size': 256, 'k': 5}
Trial 4 finished with value 0.157997923 | dataset=Electricity | model=ufgtime_plus | val_MSE=0.035107594 | test_MSE=0.037893941 | MAE=0.157997923 | RMSE=0.194663662 | MAPE=90.455331724% | params={'learning_rate': 0.04941880816458072, 'decay_rate': 0.005111220089293923, 'hidden_size': 64, 'beta1': 0.9, 'beta2': 0.999, 'signal_len': 16, 'cheb_order': 2, 's': 2.082338756362316, 'batch_size': 128, 'k': 3}
Trial 5 finished with value 0.162169157 | dataset=Electricity | model=ufgtime_plus | val_MSE=0.035497725 | test_MSE=0.038665989 | MAE=0.162169157 | RMSE=0.196636694 | MAPE=93.506294344% | params={'learning_rate': 0.018442571281341594, 'decay_rate': 0.041051451560098276, 'hidden_size': 32, 'beta1': 0.9, 'beta2': 0.999, 'signal_len': 8, 'cheb_order': 2, 's': 7.679445856644886, 'batch_size': 256, 'k': 3}
Trial 6 finished with value 0.100646168 | dataset=Electricity | model=ufgtime_plus | val_MSE=0.014484486 | test_MSE=0.019292614 | MAE=0.100646168 | RMSE=0.138897856 | MAPE=59.020124880% | params={'learning_rate': 0.014814048474132025, 'decay_rate': 0.00594519867052266, 'hidden_size': 32, 'beta1': 0.9, 'beta2': 0.999, 'signal_len': 8, 'cheb_order': 3, 's': 1.936070545750131, 'batch_size': 256, 'k': 4}
Trial 7 finished with value 0.158439054 | dataset=Electricity | model=ufgtime_plus | val_MSE=0.035199432 | test_MSE=0.037960433 | MAE=0.158439054 | RMSE=0.194834372 | MAPE=90.587140559% | params={'learning_rate': 0.03337384489438445, 'decay_rate': 0.006598575141595564, 'hidden_size': 16, 'beta1': 0.9, 'beta2': 0.999, 'signal_len': 8, 'cheb_order': 2, 's': 7.1325671774864485, 'batch_size': 256, 'k': 10}
Trial 8 finished with value 0.160771973 | dataset=Electricity | model=ufgtime_plus | val_MSE=0.034325432 | test_MSE=0.037236724 | MAE=0.160771973 | RMSE=0.192968195 | MAPE=95.337507163% | params={'learning_rate': 0.0124451696445627, 'decay_rate': 0.028812105147547666, 'hidden_size': 16, 'beta1': 0.9, 'beta2': 0.999, 'signal_len': 8, 'cheb_order': 2, 's': 3.74718886261069, 'batch_size': 128, 'k': 9}
Trial 9 finished with value 0.169193021 | dataset=Electricity | model=ufgtime_plus | val_MSE=0.039789440 | test_MSE=0.041463900 | MAE=0.169193021 | RMSE=0.203626865 | MAPE=91.594688862% | params={'learning_rate': 0.029067830903066576, 'decay_rate': 0.044087950739124096, 'hidden_size': 32, 'beta1': 0.9, 'beta2': 0.999, 'signal_len': 8, 'cheb_order': 3, 's': 1.2708194649530684, 'batch_size': 256, 'k': 4}
Trial 10 finished with value 0.097997968 | dataset=Electricity | model=ufgtime_plus | val_MSE=0.014195692 | test_MSE=0.018391277 | MAE=0.097997968 | RMSE=0.135614441 | MAPE=59.739419552% | params={'learning_rate': 0.001026520236530281, 'decay_rate': 0.01625493216624741, 'hidden_size': 32, 'beta1': 0.9, 'beta2': 0.999, 'signal_len': 16, 'cheb_order': 3, 's': 9.783451455268175, 'batch_size': 256, 'k': 6}
Trial 11 finished with value 0.097371779 | dataset=Electricity | model=ufgtime_plus | val_MSE=0.014098468 | test_MSE=0.018309222 | MAE=0.097371779 | RMSE=0.135311573 | MAPE=59.344763312% | params={'learning_rate': 0.000662316763771674, 'decay_rate': 0.016232550597013524, 'hidden_size': 32, 'beta1': 0.9, 'beta2': 0.999, 'signal_len': 16, 'cheb_order': 3, 's': 9.807067220228575, 'batch_size': 256, 'k': 6}
Trial 12 finished with value 0.097741352 | dataset=Electricity | model=ufgtime_plus | val_MSE=0.014276315 | test_MSE=0.018425615 | MAE=0.097741352 | RMSE=0.135740985 | MAPE=58.861265257% | params={'learning_rate': 0.000662741793356468, 'decay_rate': 0.017279385961749057, 'hidden_size': 32, 'beta1': 0.9, 'beta2': 0.999, 'signal_len': 16, 'cheb_order': 3, 's': 9.704323722390374, 'batch_size': 256, 'k': 6}
Trial 13 finished with value 0.098188597 | dataset=Electricity | model=ufgtime_plus | val_MSE=0.014322172 | test_MSE=0.018356188 | MAE=0.098188597 | RMSE=0.135485009 | MAPE=59.797792503% | params={'learning_rate': 0.0010627255546578722, 'decay_rate': 0.01804671482996835, 'hidden_size': 32, 'beta1': 0.9, 'beta2': 0.999, 'signal_len': 16, 'cheb_order': 3, 's': 9.989490254334132, 'batch_size': 256, 'k': 8}
Trial 14 finished with value 0.155362979 | dataset=Electricity | model=ufgtime_plus | val_MSE=0.032699683 | test_MSE=0.035469658 | MAE=0.155362979 | RMSE=0.188333901 | MAPE=88.715141510% | params={'learning_rate': 0.007425308915373728, 'decay_rate': 0.02531841128006435, 'hidden_size': 32, 'beta1': 0.9, 'beta2': 0.999, 'signal_len': 16, 'cheb_order': 3, 's': 8.413637490228567, 'batch_size': 256, 'k': 6}
Trial 15 finished with value 0.157246601 | dataset=Electricity | model=ufgtime_plus | val_MSE=0.033464108 | test_MSE=0.036498713 | MAE=0.157246601 | RMSE=0.191046364 | MAPE=94.370178127% | params={'learning_rate': 0.020862610792104497, 'decay_rate': 0.013953960841007874, 'hidden_size': 32, 'beta1': 0.9, 'beta2': 0.999, 'signal_len': 16, 'cheb_order': 3, 's': 8.918857676884011, 'batch_size': 256, 'k': 5}
Trial 16 finished with value 0.131325771 | dataset=Electricity | model=ufgtime_plus | val_MSE=0.024469655 | test_MSE=0.028442305 | MAE=0.131325771 | RMSE=0.168648465 | MAPE=76.782091818% | params={'learning_rate': 0.00747363839551804, 'decay_rate': 0.011619377917757473, 'hidden_size': 64, 'beta1': 0.9, 'beta2': 0.999, 'signal_len': 16, 'cheb_order': 3, 's': 6.255775604427141, 'batch_size': 256, 'k': 8}
Trial 17 finished with value 0.102194805 | dataset=Electricity | model=ufgtime_plus | val_MSE=0.015313742 | test_MSE=0.019218699 | MAE=0.102194805 | RMSE=0.138631522 | MAPE=63.786413340% | params={'learning_rate': 0.002196692221401704, 'decay_rate': 0.027221621848303637, 'hidden_size': 32, 'beta1': 0.9, 'beta2': 0.999, 'signal_len': 16, 'cheb_order': 3, 's': 8.59554765669267, 'batch_size': 256, 'k': 5}
Trial 18 finished with value 0.154619082 | dataset=Electricity | model=ufgtime_plus | val_MSE=0.032574468 | test_MSE=0.035802536 | MAE=0.154619082 | RMSE=0.189215581 | MAPE=89.787309320% | params={'learning_rate': 0.012390006216891939, 'decay_rate': 0.02125313237537691, 'hidden_size': 32, 'beta1': 0.9, 'beta2': 0.999, 'signal_len': 16, 'cheb_order': 3, 's': 9.110036819106474, 'batch_size': 128, 'k': 2}
Trial 19 finished with value 0.165984101 | dataset=Electricity | model=ufgtime_plus | val_MSE=0.037697580 | test_MSE=0.040535365 | MAE=0.165984101 | RMSE=0.201333964 | MAPE=99.632077388% | params={'learning_rate': 0.04093801657123537, 'decay_rate': 0.03083691873199338, 'hidden_size': 64, 'beta1': 0.9, 'beta2': 0.999, 'signal_len': 16, 'cheb_order': 3, 's': 7.7779661923586225, 'batch_size': 256, 'k': 7}
Trial 20 finished with value 0.154412276 | dataset=Electricity | model=ufgtime_plus | val_MSE=0.032863805 | test_MSE=0.035851294 | MAE=0.154412276 | RMSE=0.189344379 | MAPE=89.910157793% | params={'learning_rate': 0.021016420233169977, 'decay_rate': 0.011226631723828952, 'hidden_size': 32, 'beta1': 0.9, 'beta2': 0.999, 'signal_len': 16, 'cheb_order': 3, 's': 9.533934982132614, 'batch_size': 256, 'k': 8}
Trial 21 finished with value 0.097555631 | dataset=Electricity | model=ufgtime_plus | val_MSE=0.014170630 | test_MSE=0.018279018 | MAE=0.097555631 | RMSE=0.135199920 | MAPE=59.743571769% | params={'learning_rate': 0.0003799921626540452, 'decay_rate': 0.01919135508827503, 'hidden_size': 32, 'beta1': 0.9, 'beta2': 0.999, 'signal_len': 16, 'cheb_order': 3, 's': 9.726020863542987, 'batch_size': 256, 'k': 6}
Trial 22 finished with value 0.155364250 | dataset=Electricity | model=ufgtime_plus | val_MSE=0.032625341 | test_MSE=0.035595015 | MAE=0.155364250 | RMSE=0.188666412 | MAPE=89.952728933% | params={'learning_rate': 0.00646559575301478, 'decay_rate': 0.022233768934350345, 'hidden_size': 32, 'beta1': 0.9, 'beta2': 0.999, 'signal_len': 16, 'cheb_order': 3, 's': 8.026597774666183, 'batch_size': 256, 'k': 6}
Trial 23 finished with value 0.099175579 | dataset=Electricity | model=ufgtime_plus | val_MSE=0.013644000 | test_MSE=0.018328483 | MAE=0.099175579 | RMSE=0.135382728 | MAPE=61.265582949% | params={'learning_rate': 0.003712895249821889, 'decay_rate': 0.009947626899806087, 'hidden_size': 32, 'beta1': 0.9, 'beta2': 0.999, 'signal_len': 16, 'cheb_order': 3, 's': 9.33593805956384, 'batch_size': 256, 'k': 6}
Trial 24 finished with value 0.156471588 | dataset=Electricity | model=ufgtime_plus | val_MSE=0.032935525 | test_MSE=0.035839032 | MAE=0.156471588 | RMSE=0.189311996 | MAPE=92.144063235% | params={'learning_rate': 0.011527620851812996, 'decay_rate': 0.022405782851987563, 'hidden_size': 32, 'beta1': 0.9, 'beta2': 0.999, 'signal_len': 16, 'cheb_order': 3, 's': 8.788286362705703, 'batch_size': 256, 'k': 5}
Trial 25 finished with value 0.074942530 | dataset=Electricity | model=ufgtime_plus | val_MSE=0.008683107 | test_MSE=0.013399072 | MAE=0.074942530 | RMSE=0.115754360 | MAPE=45.137624842% | params={'learning_rate': 0.004863253792629144, 'decay_rate': 4.0966316219925164e-05, 'hidden_size': 32, 'beta1': 0.9, 'beta2': 0.999, 'signal_len': 16, 'cheb_order': 3, 's': 9.85540833951115, 'batch_size': 256, 'k': 7}
Trial 26 finished with value 0.074908648 | dataset=Electricity | model=ufgtime_plus | val_MSE=0.008423657 | test_MSE=0.013300881 | MAE=0.074908648 | RMSE=0.115329445 | MAPE=45.812921596% | params={'learning_rate': 0.00489861331453008, 'decay_rate': 0.00025458029027551274, 'hidden_size': 32, 'beta1': 0.9, 'beta2': 0.999, 'signal_len': 16, 'cheb_order': 3, 's': 6.870946272856794, 'batch_size': 128, 'k': 7}
Trial 27 finished with value 0.070515636 | dataset=Electricity | model=ufgtime_plus | val_MSE=0.007805758 | test_MSE=0.012235840 | MAE=0.070515636 | RMSE=0.110615730 | MAPE=42.894113925% | params={'learning_rate': 0.015877636517336095, 'decay_rate': 7.562729109888652e-05, 'hidden_size': 32, 'beta1': 0.9, 'beta2': 0.999, 'signal_len': 16, 'cheb_order': 3, 's': 5.867666212238828, 'batch_size': 128, 'k': 9}
Trial 28 finished with value 0.074008078 | dataset=Electricity | model=ufgtime_plus | val_MSE=0.008456897 | test_MSE=0.013117328 | MAE=0.074008078 | RMSE=0.114530905 | MAPE=44.920790455% | params={'learning_rate': 0.016787034267981615, 'decay_rate': 0.00011933197411150356, 'hidden_size': 16, 'beta1': 0.9, 'beta2': 0.999, 'signal_len': 16, 'cheb_order': 3, 's': 5.727934556337855, 'batch_size': 128, 'k': 9}
Trial 29 finished with value 0.071564656 | dataset=Electricity | model=ufgtime_plus | val_MSE=0.007898187 | test_MSE=0.012295965 | MAE=0.071564656 | RMSE=0.110887172 | MAPE=43.635746547% | params={'learning_rate': 0.026056706715916686, 'decay_rate': 4.353467105837542e-05, 'hidden_size': 16, 'beta1': 0.9, 'beta2': 0.999, 'signal_len': 16, 'cheb_order': 3, 's': 5.331039707214975, 'batch_size': 128, 'k': 9}
Trial 30 finished with value 0.157293812 | dataset=Electricity | model=ufgtime_plus | val_MSE=0.035001973 | test_MSE=0.037869581 | MAE=0.157293812 | RMSE=0.194601081 | MAPE=89.649818480% | params={'learning_rate': 0.024783617642457425, 'decay_rate': 0.0030009469485900928, 'hidden_size': 16, 'beta1': 0.9, 'beta2': 0.999, 'signal_len': 16, 'cheb_order': 3, 's': 5.438974356086391, 'batch_size': 128, 'k': 9}
Trial 31 finished with value 0.073497441 | dataset=Electricity | model=ufgtime_plus | val_MSE=0.008319111 | test_MSE=0.012794982 | MAE=0.073497441 | RMSE=0.113114906 | MAPE=45.060218649% | params={'learning_rate': 0.016657583642922275, 'decay_rate': 0.00014556149347958326, 'hidden_size': 16, 'beta1': 0.9, 'beta2': 0.999, 'signal_len': 16, 'cheb_order': 3, 's': 4.711891812752572, 'batch_size': 128, 'k': 9}
Trial 32 finished with value 0.158803989 | dataset=Electricity | model=ufgtime_plus | val_MSE=0.034911128 | test_MSE=0.038211760 | MAE=0.158803989 | RMSE=0.195478284 | MAPE=97.096513082% | params={'learning_rate': 0.016323181061442843, 'decay_rate': 0.008302097458867286, 'hidden_size': 16, 'beta1': 0.9, 'beta2': 0.999, 'signal_len': 16, 'cheb_order': 3, 's': 4.410037904020113, 'batch_size': 128, 'k': 9}
Trial 33 finished with value 0.126493118 | dataset=Electricity | model=ufgtime_plus | val_MSE=0.023614854 | test_MSE=0.027744498 | MAE=0.126493118 | RMSE=0.166566797 | MAPE=73.139703252% | params={'learning_rate': 0.022823367270402573, 'decay_rate': 0.002675893661883813, 'hidden_size': 16, 'beta1': 0.9, 'beta2': 0.999, 'signal_len': 16, 'cheb_order': 3, 's': 6.050664756122703, 'batch_size': 128, 'k': 10}
Trial 34 finished with value 0.157214791 | dataset=Electricity | model=ufgtime_plus | val_MSE=0.034985631 | test_MSE=0.037835496 | MAE=0.157214791 | RMSE=0.194513485 | MAPE=89.499955753% | params={'learning_rate': 0.026662503346554112, 'decay_rate': 0.0027133119204110563, 'hidden_size': 16, 'beta1': 0.9, 'beta2': 0.999, 'signal_len': 16, 'cheb_order': 3, 's': 5.027847800093005, 'batch_size': 128, 'k': 9}
Trial 35 finished with value 0.072437008 | dataset=Electricity | model=ufgtime_plus | val_MSE=0.008051273 | test_MSE=0.012580207 | MAE=0.072437008 | RMSE=0.112161521 | MAPE=43.983538507% | params={'learning_rate': 0.030131516622826534, 'decay_rate': 7.906739238059799e-05, 'hidden_size': 16, 'beta1': 0.9, 'beta2': 0.999, 'signal_len': 16, 'cheb_order': 2, 's': 4.81827219423224, 'batch_size': 128, 'k': 10}
Trial 36 finished with value 0.159026045 | dataset=Electricity | model=ufgtime_plus | val_MSE=0.035312536 | test_MSE=0.038039301 | MAE=0.159026045 | RMSE=0.195036665 | MAPE=91.449022243% | params={'learning_rate': 0.030048782358282594, 'decay_rate': 0.008225486642254348, 'hidden_size': 16, 'beta1': 0.9, 'beta2': 0.999, 'signal_len': 8, 'cheb_order': 2, 's': 4.7241639439476755, 'batch_size': 128, 'k': 10}
Trial 37 finished with value 0.157740080 | dataset=Electricity | model=ufgtime_plus | val_MSE=0.035096333 | test_MSE=0.037904738 | MAE=0.157740080 | RMSE=0.194691391 | MAPE=89.716581923% | params={'learning_rate': 0.03609893503305727, 'decay_rate': 0.004474513337057627, 'hidden_size': 16, 'beta1': 0.9, 'beta2': 0.999, 'signal_len': 16, 'cheb_order': 2, 's': 3.2636991462084226, 'batch_size': 128, 'k': 10}
Trial 38 finished with value 0.169925057 | dataset=Electricity | model=ufgtime_plus | val_MSE=0.039045009 | test_MSE=0.041133685 | MAE=0.169925057 | RMSE=0.202814411 | MAPE=99.284605491% | params={'learning_rate': 0.038279417932504604, 'decay_rate': 0.037547620788276545, 'hidden_size': 16, 'beta1': 0.9, 'beta2': 0.999, 'signal_len': 16, 'cheb_order': 2, 's': 3.1419506714079444, 'batch_size': 128, 'k': 8}
Trial 39 finished with value 0.158808402 | dataset=Electricity | model=ufgtime_plus | val_MSE=0.035271771 | test_MSE=0.038019577 | MAE=0.158808402 | RMSE=0.194986094 | MAPE=91.289018090% | params={'learning_rate': 0.03255909414362721, 'decay_rate': 0.007725180037123331, 'hidden_size': 16, 'beta1': 0.9, 'beta2': 0.999, 'signal_len': 8, 'cheb_order': 2, 's': 4.247305336692046, 'batch_size': 128, 'k': 10}
Trial 40 finished with value 0.148185862 | dataset=Electricity | model=ufgtime_plus | val_MSE=0.030237276 | test_MSE=0.035528931 | MAE=0.148185862 | RMSE=0.188491195 | MAPE=85.889054892% | params={'learning_rate': 0.01934957729198034, 'decay_rate': 0.004635631412056215, 'hidden_size': 16, 'beta1': 0.9, 'beta2': 0.999, 'signal_len': 8, 'cheb_order': 2, 's': 4.986613851798942, 'batch_size': 128, 'k': 9}
Trial 41 finished with value 0.075680203 | dataset=Electricity | model=ufgtime_plus | val_MSE=0.008669349 | test_MSE=0.013431858 | MAE=0.075680203 | RMSE=0.115895891 | MAPE=45.851755258% | params={'learning_rate': 0.015117007010132964, 'decay_rate': 0.00012252931035209658, 'hidden_size': 16, 'beta1': 0.9, 'beta2': 0.999, 'signal_len': 16, 'cheb_order': 2, 's': 5.718043682641429, 'batch_size': 128, 'k': 9}
Trial 42 finished with value 0.133621540 | dataset=Electricity | model=ufgtime_plus | val_MSE=0.025315215 | test_MSE=0.029399578 | MAE=0.133621540 | RMSE=0.171463050 | MAPE=78.055169111% | params={'learning_rate': 0.01767815592581987, 'decay_rate': 0.002032006294739064, 'hidden_size': 16, 'beta1': 0.9, 'beta2': 0.999, 'signal_len': 16, 'cheb_order': 2, 's': 5.632300729238979, 'batch_size': 128, 'k': 9}
Trial 43 finished with value 0.158377281 | dataset=Electricity | model=ufgtime_plus | val_MSE=0.035189787 | test_MSE=0.037966342 | MAE=0.158377281 | RMSE=0.194849537 | MAPE=90.435330342% | params={'learning_rate': 0.025091896369887717, 'decay_rate': 0.006289827705742161, 'hidden_size': 16, 'beta1': 0.9, 'beta2': 0.999, 'signal_len': 16, 'cheb_order': 3, 's': 6.2795221796518, 'batch_size': 128, 'k': 8}
Trial 44 finished with value 0.082161575 | dataset=Electricity | model=ufgtime_plus | val_MSE=0.010155885 | test_MSE=0.014729074 | MAE=0.082161575 | RMSE=0.121363394 | MAPE=49.735134511% | params={'learning_rate': 0.0096173138630865, 'decay_rate': 0.0016946596331591124, 'hidden_size': 64, 'beta1': 0.9, 'beta2': 0.999, 'signal_len': 16, 'cheb_order': 2, 's': 7.158137365305984, 'batch_size': 128, 'k': 10}
Trial 45 finished with value 0.157921946 | dataset=Electricity | model=ufgtime_plus | val_MSE=0.035127196 | test_MSE=0.037956614 | MAE=0.157921946 | RMSE=0.194824572 | MAPE=90.035899144% | params={'learning_rate': 0.028692335641720655, 'decay_rate': 0.005202817534187301, 'hidden_size': 16, 'beta1': 0.9, 'beta2': 0.999, 'signal_len': 16, 'cheb_order': 3, 's': 3.956492479372363, 'batch_size': 128, 'k': 10}
Trial 46 finished with value 0.160622042 | dataset=Electricity | model=ufgtime_plus | val_MSE=0.035720930 | test_MSE=0.038428612 | MAE=0.160622042 | RMSE=0.196032171 | MAPE=93.542388469% | params={'learning_rate': 0.031003234051228717, 'decay_rate': 0.012766651692739802, 'hidden_size': 16, 'beta1': 0.9, 'beta2': 0.999, 'signal_len': 16, 'cheb_order': 3, 's': 5.260897068017604, 'batch_size': 128, 'k': 8}
Trial 47 finished with value 0.159570619 | dataset=Electricity | model=ufgtime_plus | val_MSE=0.035366714 | test_MSE=0.037916045 | MAE=0.159570619 | RMSE=0.194720427 | MAPE=89.825152856% | params={'learning_rate': 0.022727540089716964, 'decay_rate': 0.009153382960369345, 'hidden_size': 16, 'beta1': 0.9, 'beta2': 0.999, 'signal_len': 8, 'cheb_order': 2, 's': 3.5213888876422286, 'batch_size': 128, 'k': 9}
Trial 48 finished with value 0.141330387 | dataset=Electricity | model=ufgtime_plus | val_MSE=0.028224673 | test_MSE=0.032225581 | MAE=0.141330387 | RMSE=0.179514850 | MAPE=82.126477750% | params={'learning_rate': 0.01446268652505358, 'decay_rate': 0.004498782584739795, 'hidden_size': 16, 'beta1': 0.9, 'beta2': 0.999, 'signal_len': 16, 'cheb_order': 3, 's': 5.918687930733357, 'batch_size': 128, 'k': 10}
Trial 49 finished with value 0.153142665 | dataset=Electricity | model=ufgtime_plus | val_MSE=0.031799355 | test_MSE=0.036682285 | MAE=0.153142665 | RMSE=0.191526200 | MAPE=90.404188628% | params={'learning_rate': 0.01883050695932629, 'decay_rate': 0.006794341871945583, 'hidden_size': 64, 'beta1': 0.9, 'beta2': 0.999, 'signal_len': 16, 'cheb_order': 3, 's': 4.765995554578884, 'batch_size': 128, 'k': 9}
Trial 50 finished with value 0.161251121 | dataset=Electricity | model=ufgtime_plus | val_MSE=0.035870524 | test_MSE=0.038432811 | MAE=0.161251121 | RMSE=0.196042881 | MAPE=92.597192329% | params={'learning_rate': 0.026288435011746533, 'decay_rate': 0.014208012916433596, 'hidden_size': 16, 'beta1': 0.9, 'beta2': 0.999, 'signal_len': 16, 'cheb_order': 3, 's': 6.56619144663407, 'batch_size': 128, 'k': 8}
Trial 51 finished with value 0.077138937 | dataset=Electricity | model=ufgtime_plus | val_MSE=0.009131997 | test_MSE=0.013770843 | MAE=0.077138937 | RMSE=0.117349235 | MAPE=46.821368165% | params={'learning_rate': 0.009944825631833007, 'decay_rate': 0.00025464677188090926, 'hidden_size': 16, 'beta1': 0.9, 'beta2': 0.999, 'signal_len': 16, 'cheb_order': 3, 's': 7.1791293461311465, 'batch_size': 128, 'k': 7}
Trial 52 finished with value 0.088827457 | dataset=Electricity | model=ufgtime_plus | val_MSE=0.011663337 | test_MSE=0.016588217 | MAE=0.088827457 | RMSE=0.128795252 | MAPE=50.706040566% | params={'learning_rate': 0.013911470598207892, 'decay_rate': 0.00168568691051501, 'hidden_size': 16, 'beta1': 0.9, 'beta2': 0.999, 'signal_len': 16, 'cheb_order': 3, 's': 6.434996354911912, 'batch_size': 128, 'k': 7}
Trial 53 finished with value 0.077427748 | dataset=Electricity | model=ufgtime_plus | val_MSE=0.009076001 | test_MSE=0.013780242 | MAE=0.077427748 | RMSE=0.117389277 | MAPE=46.848488326% | params={'learning_rate': 0.016804377851678653, 'decay_rate': 0.000504345867052952, 'hidden_size': 64, 'beta1': 0.9, 'beta2': 0.999, 'signal_len': 16, 'cheb_order': 3, 's': 6.8913314134486825, 'batch_size': 128, 'k': 9}
