Trial 266 finished with value 0.098704731 | dataset=Electricity | model=ufgtime_plus | val_MSE=0.013811950 | test_MSE=0.018951983 | MAE=0.098704731 | RMSE=0.137666201 | MAPE=56.757166559% | params={'learning_rate': 0.03996276500542052, 'decay_rate': 0.001877770887022545, 'hidden_size': 64, 'beta1': 0.9, 'beta2': 0.999, 'signal_len': 16, 'cheb_order': 3, 's': 2.6913240108056957, 'batch_size': 128, 'k': 9}
Trial 267 finished with value 0.080938794 | dataset=Electricity | model=ufgtime_plus | val_MSE=0.010055449 | test_MSE=0.014846350 | MAE=0.080938794 | RMSE=0.121845601 | MAPE=48.377819267% | params={'learning_rate': 0.0334909453548133, 'decay_rate': 0.0010251391502072874, 'hidden_size': 64, 'beta1': 0.9, 'beta2': 0.999, 'signal_len': 16, 'cheb_order': 3, 's': 2.5238240249237607, 'batch_size': 128, 'k': 9}
Trial 268 finished with value 0.070189055 | dataset=Electricity | model=ufgtime_plus | val_MSE=0.007666364 | test_MSE=0.012237438 | MAE=0.070189055 | RMSE=0.110622953 | MAPE=42.283703231% | params={'learning_rate': 0.038069404909718094, 'decay_rate': 2.7148354860514805e-05, 'hidden_size': 64, 'beta1': 0.9, 'beta2': 0.999, 'signal_len': 16, 'cheb_order': 3, 's': 2.262087705645662, 'batch_size': 128, 'k': 9}
Trial 269 finished with value 0.136173394 | dataset=Electricity | model=ufgtime_plus | val_MSE=0.026486501 | test_MSE=0.030053870 | MAE=0.136173394 | RMSE=0.173360520 | MAPE=77.191440173% | params={'learning_rate': 0.03796681310091328, 'decay_rate': 0.0017938043946181103, 'hidden_size': 64, 'beta1': 0.9, 'beta2': 0.999, 'signal_len': 8, 'cheb_order': 3, 's': 2.265381438195966, 'batch_size': 128, 'k': 9}
Trial 270 finished with value 0.097031828 | dataset=Electricity | model=ufgtime_plus | val_MSE=0.013391563 | test_MSE=0.018626658 | MAE=0.097031828 | RMSE=0.136479515 | MAPE=54.577879119% | params={'learning_rate': 0.04170836482497651, 'decay_rate': 0.0009645027468707689, 'hidden_size': 64, 'beta1': 0.9, 'beta2': 0.999, 'signal_len': 16, 'cheb_order': 3, 's': 1.95915813797598, 'batch_size': 128, 'k': 9}
Trial 271 finished with value 0.148484304 | dataset=Electricity | model=ufgtime_plus | val_MSE=0.030314123 | test_MSE=0.035080323 | MAE=0.148484304 | RMSE=0.187297419 | MAPE=89.257007293% | params={'learning_rate': 0.03849119887704332, 'decay_rate': 0.0031358932042034526, 'hidden_size': 64, 'beta1': 0.9, 'beta2': 0.999, 'signal_len': 16, 'cheb_order': 3, 's': 2.4171399497891604, 'batch_size': 128, 'k': 9}
Trial 272 finished with value 0.096831479 | dataset=Electricity | model=ufgtime_plus | val_MSE=0.013203623 | test_MSE=0.018540146 | MAE=0.096831479 | RMSE=0.136162205 | MAPE=54.515933463% | params={'learning_rate': 0.03488480826371624, 'decay_rate': 0.0010199933924451008, 'hidden_size': 64, 'beta1': 0.9, 'beta2': 0.999, 'signal_len': 16, 'cheb_order': 3, 's': 3.110517976398807, 'batch_size': 128, 'k': 9}
Trial 273 finished with value 0.140092898 | dataset=Electricity | model=ufgtime_plus | val_MSE=0.027717165 | test_MSE=0.031536231 | MAE=0.140092898 | RMSE=0.177584432 | MAPE=79.557711162% | params={'learning_rate': 0.037279636253774395, 'decay_rate': 0.0018693998535827198, 'hidden_size': 64, 'beta1': 0.9, 'beta2': 0.999, 'signal_len': 16, 'cheb_order': 3, 's': 2.690866347527521, 'batch_size': 128, 'k': 9}
Trial 274 finished with value 0.071639260 | dataset=Electricity | model=ufgtime_plus | val_MSE=0.007991407 | test_MSE=0.012323908 | MAE=0.071639260 | RMSE=0.111013099 | MAPE=43.401006136% | params={'learning_rate': 0.03688371076102606, 'decay_rate': 7.5005256558301e-05, 'hidden_size': 64, 'beta1': 0.9, 'beta2': 0.999, 'signal_len': 16, 'cheb_order': 3, 's': 2.906105140299804, 'batch_size': 128, 'k': 3}
Trial 275 finished with value 0.070112251 | dataset=Electricity | model=ufgtime_plus | val_MSE=0.007672025 | test_MSE=0.012108557 | MAE=0.070112251 | RMSE=0.110038888 | MAPE=42.557948197% | params={'learning_rate': 0.03537771618148057, 'decay_rate': 4.123136061783251e-05, 'hidden_size': 64, 'beta1': 0.9, 'beta2': 0.999, 'signal_len': 16, 'cheb_order': 3, 's': 2.1249110740488946, 'batch_size': 128, 'k': 9}
Trial 276 finished with value 0.083334646 | dataset=Electricity | model=ufgtime_plus | val_MSE=0.010714988 | test_MSE=0.015527926 | MAE=0.083334646 | RMSE=0.124611097 | MAPE=48.103954204% | params={'learning_rate': 0.035893974530887975, 'decay_rate': 0.001019107017006825, 'hidden_size': 64, 'beta1': 0.9, 'beta2': 0.999, 'signal_len': 16, 'cheb_order': 3, 's': 1.8558759286287112, 'batch_size': 128, 'k': 9}
Trial 277 finished with value 0.140530284 | dataset=Electricity | model=ufgtime_plus | val_MSE=0.027709825 | test_MSE=0.031799231 | MAE=0.140530284 | RMSE=0.178323389 | MAPE=82.528663744% | params={'learning_rate': 0.03843330175915564, 'decay_rate': 0.0024480829489153316, 'hidden_size': 64, 'beta1': 0.9, 'beta2': 0.999, 'signal_len': 16, 'cheb_order': 3, 's': 2.202303784953014, 'batch_size': 128, 'k': 9}
Trial 278 finished with value 0.080723893 | dataset=Electricity | model=ufgtime_plus | val_MSE=0.010089614 | test_MSE=0.014793572 | MAE=0.080723893 | RMSE=0.121628828 | MAPE=47.966782385% | params={'learning_rate': 0.03221717535523626, 'decay_rate': 0.0011320316561762344, 'hidden_size': 64, 'beta1': 0.9, 'beta2': 0.999, 'signal_len': 16, 'cheb_order': 3, 's': 2.075352864835651, 'batch_size': 128, 'k': 9}
Trial 279 finished with value 0.135615552 | dataset=Electricity | model=ufgtime_plus | val_MSE=0.026008680 | test_MSE=0.030232200 | MAE=0.135615552 | RMSE=0.173874093 | MAPE=81.824122153% | params={'learning_rate': 0.03431610590812025, 'decay_rate': 0.0018451372294610248, 'hidden_size': 64, 'beta1': 0.9, 'beta2': 0.999, 'signal_len': 16, 'cheb_order': 3, 's': 1.5206818095174766, 'batch_size': 128, 'k': 9}
Trial 280 finished with value 0.069680166 | dataset=Electricity | model=ufgtime_plus | val_MSE=0.007588944 | test_MSE=0.012020011 | MAE=0.069680166 | RMSE=0.109635809 | MAPE=42.549900303% | params={'learning_rate': 0.03717293030415156, 'decay_rate': 1.2208608405709946e-05, 'hidden_size': 64, 'beta1': 0.9, 'beta2': 0.999, 'signal_len': 16, 'cheb_order': 3, 's': 2.3728014351941327, 'batch_size': 128, 'k': 8}
Trial 281 finished with value 0.095749229 | dataset=Electricity | model=ufgtime_plus | val_MSE=0.013009442 | test_MSE=0.018282845 | MAE=0.095749229 | RMSE=0.135214069 | MAPE=54.027076397% | params={'learning_rate': 0.03756174427301992, 'decay_rate': 0.0009691593553167089, 'hidden_size': 64, 'beta1': 0.9, 'beta2': 0.999, 'signal_len': 16, 'cheb_order': 3, 's': 2.3694497781612265, 'batch_size': 128, 'k': 8}
Trial 282 finished with value 0.147543713 | dataset=Electricity | model=ufgtime_plus | val_MSE=0.029924979 | test_MSE=0.034724010 | MAE=0.147543713 | RMSE=0.186343796 | MAPE=87.569233029% | params={'learning_rate': 0.039049757631936494, 'decay_rate': 0.003311430434723709, 'hidden_size': 64, 'beta1': 0.9, 'beta2': 0.999, 'signal_len': 16, 'cheb_order': 3, 's': 1.8323916993832394, 'batch_size': 128, 'k': 8}
Trial 283 finished with value 0.080070969 | dataset=Electricity | model=ufgtime_plus | val_MSE=0.010025688 | test_MSE=0.014652306 | MAE=0.080070969 | RMSE=0.121046708 | MAPE=47.742305412% | params={'learning_rate': 0.036322751388055324, 'decay_rate': 0.0008819357620947165, 'hidden_size': 64, 'beta1': 0.9, 'beta2': 0.999, 'signal_len': 16, 'cheb_order': 3, 's': 2.4912230137129283, 'batch_size': 128, 'k': 9}
Trial 284 finished with value 0.126248873 | dataset=Electricity | model=ufgtime_plus | val_MSE=0.023252070 | test_MSE=0.027532449 | MAE=0.126248873 | RMSE=0.165929047 | MAPE=73.186779089% | params={'learning_rate': 0.03722087464350863, 'decay_rate': 0.0022913479822789626, 'hidden_size': 64, 'beta1': 0.9, 'beta2': 0.999, 'signal_len': 16, 'cheb_order': 3, 's': 2.0319396344158895, 'batch_size': 128, 'k': 9}
Trial 285 finished with value 0.069611459 | dataset=Electricity | model=ufgtime_plus | val_MSE=0.007581425 | test_MSE=0.011984042 | MAE=0.069611459 | RMSE=0.109471647 | MAPE=42.797821261% | params={'learning_rate': 0.03545577522327074, 'decay_rate': 2.1390074627705525e-05, 'hidden_size': 64, 'beta1': 0.9, 'beta2': 0.999, 'signal_len': 16, 'cheb_order': 3, 's': 3.5818812653476004, 'batch_size': 128, 'k': 9}
Trial 286 finished with value 0.084849354 | dataset=Electricity | model=ufgtime_plus | val_MSE=0.010800840 | test_MSE=0.015473625 | MAE=0.084849354 | RMSE=0.124393025 | MAPE=50.112296983% | params={'learning_rate': 0.035430787556106465, 'decay_rate': 0.0015942088616408324, 'hidden_size': 64, 'beta1': 0.9, 'beta2': 0.999, 'signal_len': 16, 'cheb_order': 3, 's': 2.3341075164575256, 'batch_size': 128, 'k': 9}
Trial 287 finished with value 0.165850037 | dataset=Electricity | model=ufgtime_plus | val_MSE=0.037471047 | test_MSE=0.039578897 | MAE=0.165850037 | RMSE=0.198944458 | MAPE=94.101999866% | params={'learning_rate': 0.04125976900385238, 'decay_rate': 0.021803487870054657, 'hidden_size': 64, 'beta1': 0.9, 'beta2': 0.999, 'signal_len': 16, 'cheb_order': 3, 's': 1.6686632838006514, 'batch_size': 128, 'k': 9}
Trial 288 finished with value 0.165944269 | dataset=Electricity | model=ufgtime_plus | val_MSE=0.037321030 | test_MSE=0.039483118 | MAE=0.165944269 | RMSE=0.198703593 | MAPE=95.164198294% | params={'learning_rate': 0.03813046764008038, 'decay_rate': 0.0238606308714499, 'hidden_size': 64, 'beta1': 0.9, 'beta2': 0.999, 'signal_len': 8, 'cheb_order': 3, 's': 2.1747517880250866, 'batch_size': 128, 'k': 9}
Trial 289 finished with value 0.163492181 | dataset=Electricity | model=ufgtime_plus | val_MSE=0.036558570 | test_MSE=0.038904840 | MAE=0.163492181 | RMSE=0.197243099 | MAPE=94.110871119% | params={'learning_rate': 0.03526490538069984, 'decay_rate': 0.017019242415135364, 'hidden_size': 64, 'beta1': 0.9, 'beta2': 0.999, 'signal_len': 16, 'cheb_order': 3, 's': 2.4936944558693668, 'batch_size': 128, 'k': 9}
Trial 290 finished with value 0.069815476 | dataset=Electricity | model=ufgtime_plus | val_MSE=0.007616407 | test_MSE=0.012186716 | MAE=0.069815476 | RMSE=0.110393461 | MAPE=42.326558278% | params={'learning_rate': 0.03971107858703846, 'decay_rate': 1.3431868795727428e-05, 'hidden_size': 64, 'beta1': 0.9, 'beta2': 0.999, 'signal_len': 16, 'cheb_order': 3, 's': 3.628904973540983, 'batch_size': 128, 'k': 8}
Trial 291 finished with value 0.071640441 | dataset=Electricity | model=ufgtime_plus | val_MSE=0.007752424 | test_MSE=0.012379689 | MAE=0.071640441 | RMSE=0.111264051 | MAPE=44.024694173% | params={'learning_rate': 0.04042147994623324, 'decay_rate': 1.670513167463241e-05, 'hidden_size': 64, 'beta1': 0.9, 'beta2': 0.999, 'signal_len': 16, 'cheb_order': 3, 's': 3.5880524632313726, 'batch_size': 128, 'k': 8}
Trial 292 finished with value 0.096913426 | dataset=Electricity | model=ufgtime_plus | val_MSE=0.013423348 | test_MSE=0.018843160 | MAE=0.096913426 | RMSE=0.137270389 | MAPE=53.959666206% | params={'learning_rate': 0.0398117052775583, 'decay_rate': 0.001030684807507445, 'hidden_size': 64, 'beta1': 0.9, 'beta2': 0.999, 'signal_len': 16, 'cheb_order': 3, 's': 3.8173072369085106, 'batch_size': 128, 'k': 8}
Trial 293 finished with value 0.126938435 | dataset=Electricity | model=ufgtime_plus | val_MSE=0.023630346 | test_MSE=0.027883431 | MAE=0.126938435 | RMSE=0.166983324 | MAPE=72.565160834% | params={'learning_rate': 0.032637481594468325, 'decay_rate': 0.002986386059411659, 'hidden_size': 64, 'beta1': 0.9, 'beta2': 0.999, 'signal_len': 16, 'cheb_order': 3, 's': 3.6708212299202985, 'batch_size': 128, 'k': 9}
Trial 294 finished with value 0.154539637 | dataset=Electricity | model=ufgtime_plus | val_MSE=0.033945533 | test_MSE=0.036919208 | MAE=0.154539637 | RMSE=0.192143718 | MAPE=88.243169040% | params={'learning_rate': 0.038983950868246665, 'decay_rate': 0.0018274580502328326, 'hidden_size': 64, 'beta1': 0.9, 'beta2': 0.999, 'signal_len': 16, 'cheb_order': 3, 's': 1.9870984561718354, 'batch_size': 128, 'k': 8}
Trial 295 finished with value 0.081232215 | dataset=Electricity | model=ufgtime_plus | val_MSE=0.010132209 | test_MSE=0.014956221 | MAE=0.081232215 | RMSE=0.122295631 | MAPE=48.260108758% | params={'learning_rate': 0.03413737808634444, 'decay_rate': 0.0008117035330248237, 'hidden_size': 64, 'beta1': 0.9, 'beta2': 0.999, 'signal_len': 16, 'cheb_order': 3, 's': 3.2568380676701376, 'batch_size': 128, 'k': 9}
Trial 296 finished with value 0.174732794 | dataset=Electricity | model=ufgtime_plus | val_MSE=0.041889261 | test_MSE=0.043624238 | MAE=0.174732794 | RMSE=0.208864162 | MAPE=98.598816913% | params={'learning_rate': 0.03579358726917701, 'decay_rate': 0.04818545744349614, 'hidden_size': 64, 'beta1': 0.9, 'beta2': 0.999, 'signal_len': 16, 'cheb_order': 3, 's': 4.000070737785382, 'batch_size': 128, 'k': 9}
Trial 297 finished with value 0.161792997 | dataset=Electricity | model=ufgtime_plus | val_MSE=0.036116369 | test_MSE=0.038788384 | MAE=0.161792997 | RMSE=0.196947668 | MAPE=94.513042244% | params={'learning_rate': 0.0379922453331289, 'decay_rate': 0.019085669774942495, 'hidden_size': 64, 'beta1': 0.9, 'beta2': 0.999, 'signal_len': 16, 'cheb_order': 3, 's': 3.0218863360766948, 'batch_size': 128, 'k': 5}
Trial 298 finished with value 0.097087393 | dataset=Electricity | model=ufgtime_plus | val_MSE=0.013424245 | test_MSE=0.018800005 | MAE=0.097087393 | RMSE=0.137113110 | MAPE=54.316505709% | params={'learning_rate': 0.03509400144702143, 'decay_rate': 0.0009233988099032627, 'hidden_size': 64, 'beta1': 0.9, 'beta2': 0.999, 'signal_len': 16, 'cheb_order': 3, 's': 2.1191364214824047, 'batch_size': 128, 'k': 9}
Trial 299 finished with value 0.150358460 | dataset=Electricity | model=ufgtime_plus | val_MSE=0.030967970 | test_MSE=0.036869985 | MAE=0.150358460 | RMSE=0.192015586 | MAPE=86.734185686% | params={'learning_rate': 0.033245155567276016, 'decay_rate': 0.0039001114477051077, 'hidden_size': 64, 'beta1': 0.9, 'beta2': 0.999, 'signal_len': 16, 'cheb_order': 3, 's': 1.8163379343426893, 'batch_size': 128, 'k': 6}
Trial 300 finished with value 0.098413139 | dataset=Electricity | model=ufgtime_plus | val_MSE=0.013644561 | test_MSE=0.018973248 | MAE=0.098413139 | RMSE=0.137743413 | MAPE=55.923268705% | params={'learning_rate': 0.04218140838490164, 'decay_rate': 0.002324070253520821, 'hidden_size': 64, 'beta1': 0.9, 'beta2': 0.999, 'signal_len': 16, 'cheb_order': 3, 's': 2.791327038939571, 'batch_size': 128, 'k': 9}
Trial 301 finished with value 0.071873384 | dataset=Electricity | model=ufgtime_plus | val_MSE=0.007945446 | test_MSE=0.012296119 | MAE=0.071873384 | RMSE=0.110887869 | MAPE=43.858997036% | params={'learning_rate': 0.036726285328153224, 'decay_rate': 6.362216682505962e-05, 'hidden_size': 64, 'beta1': 0.9, 'beta2': 0.999, 'signal_len': 16, 'cheb_order': 3, 's': 2.3509190880605715, 'batch_size': 128, 'k': 9}
Trial 302 finished with value 0.123282653 | dataset=Electricity | model=ufgtime_plus | val_MSE=0.022112995 | test_MSE=0.026494417 | MAE=0.123282653 | RMSE=0.162771056 | MAPE=71.874928002% | params={'learning_rate': 0.03147791185071434, 'decay_rate': 0.0017809625997022222, 'hidden_size': 64, 'beta1': 0.9, 'beta2': 0.999, 'signal_len': 16, 'cheb_order': 3, 's': 2.0121655736294635, 'batch_size': 128, 'k': 9}
Trial 303 finished with value 0.099576578 | dataset=Electricity | model=ufgtime_plus | val_MSE=0.014162655 | test_MSE=0.019631172 | MAE=0.099576578 | RMSE=0.140111285 | MAPE=54.837164906% | params={'learning_rate': 0.0395252747726075, 'decay_rate': 0.0009367512152467545, 'hidden_size': 64, 'beta1': 0.9, 'beta2': 0.999, 'signal_len': 16, 'cheb_order': 3, 's': 2.266019737696753, 'batch_size': 128, 'k': 8}
Trial 304 finished with value 0.070459939 | dataset=Electricity | model=ufgtime_plus | val_MSE=0.007627859 | test_MSE=0.012239590 | MAE=0.070459939 | RMSE=0.110632682 | MAPE=42.685093066% | params={'learning_rate': 0.03730062569941862, 'decay_rate': 3.539431562188332e-05, 'hidden_size': 64, 'beta1': 0.9, 'beta2': 0.999, 'signal_len': 16, 'cheb_order': 3, 's': 3.908033044174459, 'batch_size': 128, 'k': 9}
Trial 305 finished with value 0.070257449 | dataset=Electricity | model=ufgtime_plus | val_MSE=0.007633146 | test_MSE=0.012230414 | MAE=0.070257449 | RMSE=0.110591204 | MAPE=42.158583304% | params={'learning_rate': 0.037458750238485355, 'decay_rate': 3.213198164833973e-05, 'hidden_size': 64, 'beta1': 0.9, 'beta2': 0.999, 'signal_len': 16, 'cheb_order': 3, 's': 3.861883926566326, 'batch_size': 128, 'k': 9}
Trial 306 finished with value 0.132559804 | dataset=Electricity | model=ufgtime_plus | val_MSE=0.025511933 | test_MSE=0.029493495 | MAE=0.132559804 | RMSE=0.171736702 | MAPE=75.420550555% | params={'learning_rate': 0.03761021379532944, 'decay_rate': 0.0017410124502449907, 'hidden_size': 64, 'beta1': 0.9, 'beta2': 0.999, 'signal_len': 16, 'cheb_order': 3, 's': 3.8456492526666586, 'batch_size': 128, 'k': 9}
Trial 307 finished with value 0.099623229 | dataset=Electricity | model=ufgtime_plus | val_MSE=0.013934645 | test_MSE=0.019556534 | MAE=0.099623229 | RMSE=0.139844677 | MAPE=55.824554516% | params={'learning_rate': 0.038727921961962036, 'decay_rate': 0.0009017530102355559, 'hidden_size': 64, 'beta1': 0.9, 'beta2': 0.999, 'signal_len': 16, 'cheb_order': 3, 's': 3.9674754794849316, 'batch_size': 128, 'k': 9}
Trial 308 finished with value 0.070653353 | dataset=Electricity | model=ufgtime_plus | val_MSE=0.007727130 | test_MSE=0.012266590 | MAE=0.070653353 | RMSE=0.110754637 | MAPE=42.475745455% | params={'learning_rate': 0.03663690089304573, 'decay_rate': 2.0378618570762724e-05, 'hidden_size': 64, 'beta1': 0.9, 'beta2': 0.999, 'signal_len': 16, 'cheb_order': 3, 's': 3.648523074745778, 'batch_size': 128, 'k': 9}
Trial 309 finished with value 0.145463482 | dataset=Electricity | model=ufgtime_plus | val_MSE=0.029402355 | test_MSE=0.033607902 | MAE=0.145463482 | RMSE=0.183324581 | MAPE=84.400689185% | params={'learning_rate': 0.03712091136896037, 'decay_rate': 0.00279011361915063, 'hidden_size': 64, 'beta1': 0.9, 'beta2': 0.999, 'signal_len': 8, 'cheb_order': 3, 's': 4.25815835724329, 'batch_size': 128, 'k': 9}
Trial 310 finished with value 0.081666199 | dataset=Electricity | model=ufgtime_plus | val_MSE=0.010199199 | test_MSE=0.014993958 | MAE=0.081666199 | RMSE=0.122449817 | MAPE=48.191840445% | params={'learning_rate': 0.04046275637661199, 'decay_rate': 0.0009919177496859823, 'hidden_size': 64, 'beta1': 0.9, 'beta2': 0.999, 'signal_len': 16, 'cheb_order': 3, 's': 3.852121493196683, 'batch_size': 128, 'k': 9}
Trial 311 finished with value 0.133013053 | dataset=Electricity | model=ufgtime_plus | val_MSE=0.025176110 | test_MSE=0.029315297 | MAE=0.133013053 | RMSE=0.171217104 | MAPE=77.577837864% | params={'learning_rate': 0.03567831348522325, 'decay_rate': 0.0017613970820164798, 'hidden_size': 64, 'beta1': 0.9, 'beta2': 0.999, 'signal_len': 16, 'cheb_order': 3, 's': 1.3764697408604474, 'batch_size': 128, 'k': 9}
Trial 312 finished with value 0.160367955 | dataset=Electricity | model=ufgtime_plus | val_MSE=0.035599650 | test_MSE=0.038001787 | MAE=0.160367955 | RMSE=0.194940471 | MAPE=90.747980653% | params={'learning_rate': 0.037976362231820625, 'decay_rate': 0.013845616016746328, 'hidden_size': 64, 'beta1': 0.9, 'beta2': 0.999, 'signal_len': 16, 'cheb_order': 3, 's': 4.059444727097943, 'batch_size': 128, 'k': 8}
Trial 313 finished with value 0.069694520 | dataset=Electricity | model=ufgtime_plus | val_MSE=0.007586408 | test_MSE=0.012149289 | MAE=0.069694520 | RMSE=0.110223812 | MAPE=42.384720797% | params={'learning_rate': 0.03633553642113734, 'decay_rate': 1.631329703275024e-05, 'hidden_size': 64, 'beta1': 0.9, 'beta2': 0.999, 'signal_len': 16, 'cheb_order': 3, 's': 3.5678205944960006, 'batch_size': 128, 'k': 9}
Trial 314 finished with value 0.081098485 | dataset=Electricity | model=ufgtime_plus | val_MSE=0.010135156 | test_MSE=0.014892694 | MAE=0.081098485 | RMSE=0.122035625 | MAPE=48.374805375% | params={'learning_rate': 0.036299771084019126, 'decay_rate': 0.0009248989194673442, 'hidden_size': 64, 'beta1': 0.9, 'beta2': 0.999, 'signal_len': 16, 'cheb_order': 3, 's': 3.662794663235352, 'batch_size': 128, 'k': 9}
Trial 315 finished with value 0.136139679 | dataset=Electricity | model=ufgtime_plus | val_MSE=0.026274583 | test_MSE=0.030251382 | MAE=0.136139679 | RMSE=0.173929245 | MAPE=79.417309980% | params={'learning_rate': 0.03765496590069606, 'decay_rate': 0.0022306868016077515, 'hidden_size': 64, 'beta1': 0.9, 'beta2': 0.999, 'signal_len': 16, 'cheb_order': 3, 's': 3.7977241666853465, 'batch_size': 128, 'k': 9}
Trial 316 finished with value 0.169795776 | dataset=Electricity | model=ufgtime_plus | val_MSE=0.039227240 | test_MSE=0.040948322 | MAE=0.169795776 | RMSE=0.202356916 | MAPE=96.632152643% | params={'learning_rate': 0.03896131866744738, 'decay_rate': 0.031861274286346344, 'hidden_size': 64, 'beta1': 0.9, 'beta2': 0.999, 'signal_len': 16, 'cheb_order': 3, 's': 3.559633185367575, 'batch_size': 128, 'k': 9}
Trial 317 finished with value 0.070839119 | dataset=Electricity | model=ufgtime_plus | val_MSE=0.007684881 | test_MSE=0.012004755 | MAE=0.070839119 | RMSE=0.109566215 | MAPE=43.186346856% | params={'learning_rate': 0.03515964017622025, 'decay_rate': 2.22450108080913e-05, 'hidden_size': 64, 'beta1': 0.9, 'beta2': 0.999, 'signal_len': 16, 'cheb_order': 3, 's': 2.482620880484855, 'batch_size': 128, 'k': 9}
Trial 318 finished with value 0.148813855 | dataset=Electricity | model=ufgtime_plus | val_MSE=0.030611027 | test_MSE=0.035135746 | MAE=0.148813855 | RMSE=0.187445314 | MAPE=86.627710757% | params={'learning_rate': 0.03626962412400045, 'decay_rate': 0.0032397333678615726, 'hidden_size': 64, 'beta1': 0.9, 'beta2': 0.999, 'signal_len': 16, 'cheb_order': 3, 's': 2.184661753304055, 'batch_size': 128, 'k': 9}
