Trial 167 finished with value 0.622465437 | dataset=ETTh1_720 | selection=last | epoch=150 | best_val_epoch=105 | test_MSE=0.675364282 | MAE=0.622465437 | RMSE=0.821805501 | params={'learning_rate': 0.04674599779221731, 'decay_rate': 0.004264315512153674, 'hidden_size': 64, 'beta1': 0.95, 'beta2': 0.99, 'signal_len': 32, 'cheb_order': 2, 's': 9.410718125470288, 'batch_size': 32, 'k': 4}
Trial 168 finished with value 0.637704771 | dataset=ETTh1_720 | selection=last | epoch=150 | best_val_epoch=61 | test_MSE=0.699798272 | MAE=0.637704771 | RMSE=0.836539463 | params={'learning_rate': 0.049770876120074664, 'decay_rate': 0.006266772291690447, 'hidden_size': 64, 'beta1': 0.95, 'beta2': 0.99, 'signal_len': 32, 'cheb_order': 2, 's': 9.968151296457798, 'batch_size': 32, 'k': 4}
Trial 169 finished with value 0.598617156 | dataset=ETTh1_720 | selection=last | epoch=150 | best_val_epoch=96 | test_MSE=0.634979861 | MAE=0.598617156 | RMSE=0.796856236 | params={'learning_rate': 0.04820835990203311, 'decay_rate': 0.0031430647959149053, 'hidden_size': 64, 'beta1': 0.95, 'beta2': 0.99, 'signal_len': 32, 'cheb_order': 2, 's': 9.110114369680181, 'batch_size': 32, 'k': 4}
Trial 170 finished with value 0.638780323 | dataset=ETTh1_720 | selection=last | epoch=150 | best_val_epoch=58 | test_MSE=0.701155814 | MAE=0.638780323 | RMSE=0.837350473 | params={'learning_rate': 0.04576994984998226, 'decay_rate': 0.008818706557437994, 'hidden_size': 64, 'beta1': 0.95, 'beta2': 0.99, 'signal_len': 32, 'cheb_order': 2, 's': 1.2252531778885511, 'batch_size': 32, 'k': 4}
Trial 171 finished with value 0.612867818 | dataset=ETTh1_720 | selection=last | epoch=150 | best_val_epoch=39 | test_MSE=0.672574226 | MAE=0.612867818 | RMSE=0.820106229 | params={'learning_rate': 0.016790921861818346, 'decay_rate': 0.007125478294683504, 'hidden_size': 64, 'beta1': 0.95, 'beta2': 0.99, 'signal_len': 32, 'cheb_order': 2, 's': 8.723267331073165, 'batch_size': 32, 'k': 4}
Trial 172 finished with value 0.583699733 | dataset=ETTh1_720 | selection=last | epoch=150 | best_val_epoch=127 | test_MSE=0.642584339 | MAE=0.583699733 | RMSE=0.801613584 | params={'learning_rate': 0.04691368690578681, 'decay_rate': 0.008488923632910783, 'hidden_size': 64, 'beta1': 0.95, 'beta2': 0.99, 'signal_len': 32, 'cheb_order': 2, 's': 8.957683458809168, 'batch_size': 32, 'k': 4}
Trial 173 finished with value 0.650735839 | dataset=ETTh1_720 | selection=last | epoch=150 | best_val_epoch=66 | test_MSE=0.721121661 | MAE=0.650735839 | RMSE=0.849188825 | params={'learning_rate': 0.044613965807308975, 'decay_rate': 0.006023558770279513, 'hidden_size': 64, 'beta1': 0.95, 'beta2': 0.99, 'signal_len': 32, 'cheb_order': 2, 's': 5.0726248911347405, 'batch_size': 32, 'k': 4}
Trial 174 finished with value 0.616979896 | dataset=ETTh1_720 | selection=last | epoch=150 | best_val_epoch=105 | test_MSE=0.652100305 | MAE=0.616979896 | RMSE=0.807527278 | params={'learning_rate': 0.046099850750828106, 'decay_rate': 0.0048946164783847815, 'hidden_size': 64, 'beta1': 0.95, 'beta2': 0.99, 'signal_len': 32, 'cheb_order': 2, 's': 8.660807006866763, 'batch_size': 32, 'k': 4}
Trial 175 finished with value 0.555947243 | dataset=ETTh1_720 | selection=last | epoch=150 | best_val_epoch=145 | test_MSE=0.580800832 | MAE=0.555947243 | RMSE=0.762102901 | params={'learning_rate': 0.047948622680292166, 'decay_rate': 0.010483193712953146, 'hidden_size': 64, 'beta1': 0.95, 'beta2': 0.99, 'signal_len': 32, 'cheb_order': 2, 's': 9.730479182002789, 'batch_size': 32, 'k': 4}
Trial 176 finished with value 0.625229062 | dataset=ETTh1_720 | selection=last | epoch=150 | best_val_epoch=64 | test_MSE=0.677554589 | MAE=0.625229062 | RMSE=0.823137041 | params={'learning_rate': 0.04790035706554336, 'decay_rate': 0.013623242540741981, 'hidden_size': 64, 'beta1': 0.95, 'beta2': 0.99, 'signal_len': 32, 'cheb_order': 2, 's': 9.821944848964504, 'batch_size': 32, 'k': 4}
Trial 177 finished with value 0.561383718 | dataset=ETTh1_720 | selection=last | epoch=150 | best_val_epoch=142 | test_MSE=0.591350261 | MAE=0.561383718 | RMSE=0.768993018 | params={'learning_rate': 0.049029150123522346, 'decay_rate': 0.010529161426613016, 'hidden_size': 16, 'beta1': 0.95, 'beta2': 0.99, 'signal_len': 32, 'cheb_order': 2, 's': 9.339257753078726, 'batch_size': 32, 'k': 4}
Trial 178 finished with value 0.555781906 | dataset=ETTh1_720 | selection=last | epoch=150 | best_val_epoch=145 | test_MSE=0.581560989 | MAE=0.555781906 | RMSE=0.762601461 | params={'learning_rate': 0.04762751659699986, 'decay_rate': 0.006865893682485509, 'hidden_size': 64, 'beta1': 0.95, 'beta2': 0.95, 'signal_len': 32, 'cheb_order': 2, 's': 9.573286969333786, 'batch_size': 32, 'k': 4}
Trial 179 finished with value 0.657009980 | dataset=ETTh1_720 | selection=last | epoch=150 | best_val_epoch=89 | test_MSE=0.709325174 | MAE=0.657009980 | RMSE=0.842214447 | params={'learning_rate': 0.0474762028268464, 'decay_rate': 0.009643163527753802, 'hidden_size': 64, 'beta1': 0.99, 'beta2': 0.95, 'signal_len': 32, 'cheb_order': 3, 's': 9.60203375233501, 'batch_size': 32, 'k': 4}
Trial 180 finished with value 0.555654201 | dataset=ETTh1_720 | selection=last | epoch=150 | best_val_epoch=145 | test_MSE=0.581294594 | MAE=0.555654201 | RMSE=0.762426779 | params={'learning_rate': 0.04883827941519634, 'decay_rate': 0.006849044643281235, 'hidden_size': 64, 'beta1': 0.95, 'beta2': 0.95, 'signal_len': 32, 'cheb_order': 2, 's': 9.695991165005402, 'batch_size': 32, 'k': 4}
Trial 181 finished with value 0.554128826 | dataset=ETTh1_720 | selection=last | epoch=150 | best_val_epoch=145 | test_MSE=0.578827566 | MAE=0.554128826 | RMSE=0.760807181 | params={'learning_rate': 0.048778083672270274, 'decay_rate': 0.0066861675365977044, 'hidden_size': 64, 'beta1': 0.95, 'beta2': 0.95, 'signal_len': 32, 'cheb_order': 2, 's': 9.7725302319208, 'batch_size': 32, 'k': 4}
Trial 182 finished with value 0.557906985 | dataset=ETTh1_720 | selection=last | epoch=150 | best_val_epoch=90 | test_MSE=0.586732786 | MAE=0.557906985 | RMSE=0.765984847 | params={'learning_rate': 0.0483421588727092, 'decay_rate': 0.006366894368052757, 'hidden_size': 64, 'beta1': 0.95, 'beta2': 0.95, 'signal_len': 32, 'cheb_order': 2, 's': 9.754126602576848, 'batch_size': 32, 'k': 4}
Trial 183 finished with value 0.627781469 | dataset=ETTh1_720 | selection=last | epoch=150 | best_val_epoch=71 | test_MSE=0.683873103 | MAE=0.627781469 | RMSE=0.826966204 | params={'learning_rate': 0.04993848354258738, 'decay_rate': 0.0055971325001350335, 'hidden_size': 64, 'beta1': 0.95, 'beta2': 0.95, 'signal_len': 32, 'cheb_order': 2, 's': 9.50951355724807, 'batch_size': 32, 'k': 4}
Trial 184 finished with value 0.551777829 | dataset=ETTh1_720 | selection=last | epoch=150 | best_val_epoch=145 | test_MSE=0.576317373 | MAE=0.551777829 | RMSE=0.759155698 | params={'learning_rate': 0.048459706039858975, 'decay_rate': 0.0041036324386013075, 'hidden_size': 64, 'beta1': 0.95, 'beta2': 0.95, 'signal_len': 32, 'cheb_order': 2, 's': 9.989763892310021, 'batch_size': 32, 'k': 4}
