Trial 111 finished with value 0.559597001 | dataset=ETTh1_720 | selection=last | epoch=150 | best_val_epoch=129 | test_MSE=0.589454706 | MAE=0.559597001 | RMSE=0.767759536 | params={'learning_rate': 0.04485117388740585, 'decay_rate': 0.008162342462086991, 'hidden_size': 64, 'beta1': 0.95, 'beta2': 0.99, 'signal_len': 16, 'cheb_order': 2, 's': 8.36647527563403, 'batch_size': 64, 'k': 4}
Trial 112 finished with value 0.575342276 | dataset=ETTh1_720 | selection=last | epoch=150 | best_val_epoch=145 | test_MSE=0.619120092 | MAE=0.575342276 | RMSE=0.786841847 | params={'learning_rate': 0.042122579523083035, 'decay_rate': 0.00844561127066468, 'hidden_size': 64, 'beta1': 0.95, 'beta2': 0.99, 'signal_len': 16, 'cheb_order': 2, 's': 8.376370994031397, 'batch_size': 64, 'k': 4}
Trial 113 finished with value 0.588282708 | dataset=ETTh1_720 | selection=last | epoch=150 | best_val_epoch=92 | test_MSE=0.641666048 | MAE=0.588282708 | RMSE=0.801040603 | params={'learning_rate': 0.04511199118254866, 'decay_rate': 0.012372977169920155, 'hidden_size': 64, 'beta1': 0.95, 'beta2': 0.99, 'signal_len': 16, 'cheb_order': 2, 's': 8.683390395691466, 'batch_size': 64, 'k': 4}
Trial 114 finished with value 0.559804683 | dataset=ETTh1_720 | selection=last | epoch=150 | best_val_epoch=129 | test_MSE=0.590038372 | MAE=0.559804683 | RMSE=0.768139552 | params={'learning_rate': 0.04027554079998402, 'decay_rate': 0.007575491288613672, 'hidden_size': 64, 'beta1': 0.95, 'beta2': 0.99, 'signal_len': 16, 'cheb_order': 2, 's': 8.323589599933944, 'batch_size': 64, 'k': 4}
Trial 115 finished with value 0.559752897 | dataset=ETTh1_720 | selection=last | epoch=150 | best_val_epoch=149 | test_MSE=0.589716528 | MAE=0.559752897 | RMSE=0.767930028 | params={'learning_rate': 0.03969769091090724, 'decay_rate': 0.007878969108531248, 'hidden_size': 64, 'beta1': 0.95, 'beta2': 0.99, 'signal_len': 16, 'cheb_order': 2, 's': 8.41491653291318, 'batch_size': 64, 'k': 4}
Trial 116 finished with value 0.617973450 | dataset=ETTh1_720 | selection=last | epoch=150 | best_val_epoch=71 | test_MSE=0.709406141 | MAE=0.617973450 | RMSE=0.842262513 | params={'learning_rate': 0.03971919604112787, 'decay_rate': 0.007899739769144959, 'hidden_size': 64, 'beta1': 0.95, 'beta2': 0.99, 'signal_len': 16, 'cheb_order': 2, 's': 8.473495330154405, 'batch_size': 64, 'k': 4}
Trial 117 finished with value 0.612726258 | dataset=ETTh1_720 | selection=last | epoch=150 | best_val_epoch=46 | test_MSE=0.690352917 | MAE=0.612726258 | RMSE=0.830874790 | params={'learning_rate': 0.037627776494693316, 'decay_rate': 0.00371951958330882, 'hidden_size': 64, 'beta1': 0.95, 'beta2': 0.99, 'signal_len': 16, 'cheb_order': 2, 's': 8.281094354936386, 'batch_size': 64, 'k': 4}
Trial 118 finished with value 0.559905962 | dataset=ETTh1_720 | selection=last | epoch=150 | best_val_epoch=129 | test_MSE=0.590411121 | MAE=0.559905962 | RMSE=0.768382145 | params={'learning_rate': 0.043120856105207744, 'decay_rate': 0.0073646266903945766, 'hidden_size': 64, 'beta1': 0.95, 'beta2': 0.99, 'signal_len': 16, 'cheb_order': 2, 's': 8.99053189074382, 'batch_size': 64, 'k': 4}
Trial 119 finished with value 0.560817964 | dataset=ETTh1_720 | selection=last | epoch=150 | best_val_epoch=129 | test_MSE=0.591460899 | MAE=0.560817964 | RMSE=0.769064951 | params={'learning_rate': 0.04329261200829439, 'decay_rate': 0.008648454023733267, 'hidden_size': 64, 'beta1': 0.95, 'beta2': 0.99, 'signal_len': 16, 'cheb_order': 2, 's': 7.633617641051707, 'batch_size': 64, 'k': 4}
Trial 120 finished with value 0.573199330 | dataset=ETTh1_720 | selection=last | epoch=150 | best_val_epoch=129 | test_MSE=0.608073164 | MAE=0.573199330 | RMSE=0.779790462 | params={'learning_rate': 0.03642260390667524, 'decay_rate': 0.03753855094955083, 'hidden_size': 64, 'beta1': 0.95, 'beta2': 0.99, 'signal_len': 16, 'cheb_order': 2, 's': 9.515844578030357, 'batch_size': 64, 'k': 4}
Trial 121 finished with value 0.567703037 | dataset=ETTh1_720 | selection=last | epoch=150 | best_val_epoch=144 | test_MSE=0.598083865 | MAE=0.567703037 | RMSE=0.773358820 | params={'learning_rate': 0.04118399330684292, 'decay_rate': 0.009158684567480077, 'hidden_size': 64, 'beta1': 0.95, 'beta2': 0.99, 'signal_len': 16, 'cheb_order': 2, 's': 8.976868946799698, 'batch_size': 64, 'k': 4}
Trial 122 finished with value 0.559097000 | dataset=ETTh1_720 | selection=last | epoch=150 | best_val_epoch=129 | test_MSE=0.588997398 | MAE=0.559097000 | RMSE=0.767461659 | params={'learning_rate': 0.03977956788622527, 'decay_rate': 0.007071390558110682, 'hidden_size': 64, 'beta1': 0.95, 'beta2': 0.99, 'signal_len': 16, 'cheb_order': 2, 's': 8.286549131147293, 'batch_size': 64, 'k': 4}
Trial 123 finished with value 0.569400369 | dataset=ETTh1_720 | selection=last | epoch=150 | best_val_epoch=144 | test_MSE=0.604038199 | MAE=0.569400369 | RMSE=0.777198944 | params={'learning_rate': 0.04001098018394608, 'decay_rate': 0.007435075459600155, 'hidden_size': 64, 'beta1': 0.95, 'beta2': 0.99, 'signal_len': 16, 'cheb_order': 2, 's': 8.897147665643523, 'batch_size': 64, 'k': 4}
Trial 124 finished with value 0.598744031 | dataset=ETTh1_720 | selection=last | epoch=150 | best_val_epoch=13 | test_MSE=0.660368707 | MAE=0.598744031 | RMSE=0.812630733 | params={'learning_rate': 0.0387345596533383, 'decay_rate': 0.0055366961783503595, 'hidden_size': 64, 'beta1': 0.95, 'beta2': 0.99, 'signal_len': 16, 'cheb_order': 2, 's': 8.258952230589857, 'batch_size': 256, 'k': 4}
Trial 125 finished with value 0.689808553 | dataset=ETTh1_720 | selection=last | epoch=150 | best_val_epoch=39 | test_MSE=0.779521396 | MAE=0.689808553 | RMSE=0.882905089 | params={'learning_rate': 0.04427041190828416, 'decay_rate': 0.010419196498131236, 'hidden_size': 64, 'beta1': 0.95, 'beta2': 0.99, 'signal_len': 64, 'cheb_order': 2, 's': 9.263093865306699, 'batch_size': 64, 'k': 4}
Trial 126 finished with value 0.561125301 | dataset=ETTh1_720 | selection=last | epoch=150 | best_val_epoch=112 | test_MSE=0.592074468 | MAE=0.561125301 | RMSE=0.769463754 | params={'learning_rate': 0.04271441179586583, 'decay_rate': 0.007152817131561403, 'hidden_size': 64, 'beta1': 0.95, 'beta2': 0.99, 'signal_len': 16, 'cheb_order': 2, 's': 8.593552309172201, 'batch_size': 64, 'k': 4}
Trial 127 finished with value 0.562500795 | dataset=ETTh1_720 | selection=last | epoch=150 | best_val_epoch=129 | test_MSE=0.593440476 | MAE=0.562500795 | RMSE=0.770350878 | params={'learning_rate': 0.040581521945048674, 'decay_rate': 0.011234975804603307, 'hidden_size': 64, 'beta1': 0.95, 'beta2': 0.99, 'signal_len': 16, 'cheb_order': 2, 's': 9.113064103129819, 'batch_size': 64, 'k': 4}
Trial 128 finished with value 0.588817465 | dataset=ETTh1_720 | selection=last | epoch=150 | best_val_epoch=30 | test_MSE=0.632579697 | MAE=0.588817465 | RMSE=0.795348790 | params={'learning_rate': 0.013105132791432744, 'decay_rate': 0.00495827108362862, 'hidden_size': 64, 'beta1': 0.95, 'beta2': 0.99, 'signal_len': 16, 'cheb_order': 2, 's': 9.692013132852178, 'batch_size': 64, 'k': 4}
Trial 129 finished with value 0.591264942 | dataset=ETTh1_720 | selection=last | epoch=150 | best_val_epoch=64 | test_MSE=0.626763897 | MAE=0.591264942 | RMSE=0.791684216 | params={'learning_rate': 0.04484791781804357, 'decay_rate': 0.003304021892875279, 'hidden_size': 64, 'beta1': 0.95, 'beta2': 0.99, 'signal_len': 16, 'cheb_order': 2, 's': 8.207385010375305, 'batch_size': 64, 'k': 4}
Trial 130 finished with value 0.581142188 | dataset=ETTh1_720 | selection=last | epoch=150 | best_val_epoch=70 | test_MSE=0.642886257 | MAE=0.581142188 | RMSE=0.801801882 | params={'learning_rate': 0.0372690890022353, 'decay_rate': 0.009220823552354276, 'hidden_size': 64, 'beta1': 0.99, 'beta2': 0.99, 'signal_len': 16, 'cheb_order': 2, 's': 7.824410244369052, 'batch_size': 64, 'k': 4}
Trial 131 finished with value 0.594030695 | dataset=ETTh1_720 | selection=last | epoch=150 | best_val_epoch=52 | test_MSE=0.665015181 | MAE=0.594030695 | RMSE=0.815484630 | params={'learning_rate': 0.042283819363199936, 'decay_rate': 0.007916637991388375, 'hidden_size': 64, 'beta1': 0.95, 'beta2': 0.99, 'signal_len': 16, 'cheb_order': 2, 's': 8.52018914056585, 'batch_size': 64, 'k': 4}
Trial 132 finished with value 0.558802565 | dataset=ETTh1_720 | selection=last | epoch=150 | best_val_epoch=129 | test_MSE=0.588904505 | MAE=0.558802565 | RMSE=0.767401137 | params={'learning_rate': 0.04169345052404238, 'decay_rate': 0.006365003068262811, 'hidden_size': 64, 'beta1': 0.95, 'beta2': 0.99, 'signal_len': 16, 'cheb_order': 2, 's': 8.870623104104226, 'batch_size': 64, 'k': 4}
Trial 133 finished with value 0.620621110 | dataset=ETTh1_720 | selection=last | epoch=150 | best_val_epoch=47 | test_MSE=0.689100590 | MAE=0.620621110 | RMSE=0.830120829 | params={'learning_rate': 0.04357010009923177, 'decay_rate': 0.006044412424680364, 'hidden_size': 64, 'beta1': 0.95, 'beta2': 0.99, 'signal_len': 16, 'cheb_order': 2, 's': 8.820250361141143, 'batch_size': 64, 'k': 4}
Trial 134 finished with value 0.596609720 | dataset=ETTh1_720 | selection=last | epoch=150 | best_val_epoch=90 | test_MSE=0.647909004 | MAE=0.596609720 | RMSE=0.804927949 | params={'learning_rate': 0.035132759853114565, 'decay_rate': 0.0038857560677057106, 'hidden_size': 64, 'beta1': 0.95, 'beta2': 0.99, 'signal_len': 16, 'cheb_order': 2, 's': 9.554504315857926, 'batch_size': 64, 'k': 4}
Trial 135 finished with value 0.751538273 | dataset=ETTh1_720 | selection=last | epoch=150 | best_val_epoch=107 | test_MSE=0.923892905 | MAE=0.751538273 | RMSE=0.961193479 | params={'learning_rate': 0.03955748145502859, 'decay_rate': 0.0056918228744124305, 'hidden_size': 16, 'beta1': 0.95, 'beta2': 0.99, 'signal_len': 128, 'cheb_order': 2, 's': 9.13969002815542, 'batch_size': 512, 'k': 4}
Trial 136 finished with value 0.568548459 | dataset=ETTh1_720 | selection=last | epoch=150 | best_val_epoch=120 | test_MSE=0.603027978 | MAE=0.568548459 | RMSE=0.776548761 | params={'learning_rate': 0.04984707130290702, 'decay_rate': 0.007404165759275444, 'hidden_size': 64, 'beta1': 0.95, 'beta2': 0.99, 'signal_len': 16, 'cheb_order': 2, 's': 8.169239249406058, 'batch_size': 64, 'k': 4}
Trial 137 finished with value 0.595594138 | dataset=ETTh1_720 | selection=last | epoch=150 | best_val_epoch=70 | test_MSE=0.659208543 | MAE=0.595594138 | RMSE=0.811916586 | params={'learning_rate': 0.048248015799490944, 'decay_rate': 0.009236377335926789, 'hidden_size': 64, 'beta1': 0.95, 'beta2': 0.99, 'signal_len': 16, 'cheb_order': 2, 's': 7.6465009243342585, 'batch_size': 64, 'k': 4}
Trial 138 finished with value 0.602942630 | dataset=ETTh1_720 | selection=last | epoch=150 | best_val_epoch=16 | test_MSE=0.686513390 | MAE=0.602942630 | RMSE=0.828561036 | params={'learning_rate': 0.021676640458935244, 'decay_rate': 0.006719907671831645, 'hidden_size': 64, 'beta1': 0.95, 'beta2': 0.99, 'signal_len': 16, 'cheb_order': 2, 's': 8.624694175742647, 'batch_size': 64, 'k': 4}
Trial 139 finished with value 0.595852189 | dataset=ETTh1_720 | selection=last | epoch=150 | best_val_epoch=74 | test_MSE=0.664011293 | MAE=0.595852189 | RMSE=0.814868881 | params={'learning_rate': 0.04504107616236211, 'decay_rate': 0.004700881672770678, 'hidden_size': 64, 'beta1': 0.95, 'beta2': 0.99, 'signal_len': 16, 'cheb_order': 2, 's': 8.34293563896191, 'batch_size': 64, 'k': 4}
Trial 140 finished with value 0.690697491 | dataset=ETTh1_720 | selection=last | epoch=150 | best_val_epoch=51 | test_MSE=0.819829404 | MAE=0.690697491 | RMSE=0.905444313 | params={'learning_rate': 0.033769519446468825, 'decay_rate': 0.010898894021464045, 'hidden_size': 64, 'beta1': 0.95, 'beta2': 0.99, 'signal_len': 64, 'cheb_order': 2, 's': 8.786544967586197, 'batch_size': 256, 'k': 4}
Trial 141 finished with value 0.560128600 | dataset=ETTh1_720 | selection=last | epoch=150 | best_val_epoch=129 | test_MSE=0.590756169 | MAE=0.560128600 | RMSE=0.768606641 | params={'learning_rate': 0.04156263558443135, 'decay_rate': 0.007699277680128078, 'hidden_size': 64, 'beta1': 0.95, 'beta2': 0.99, 'signal_len': 16, 'cheb_order': 2, 's': 8.448860091952971, 'batch_size': 64, 'k': 4}
Trial 142 finished with value 0.569669037 | dataset=ETTh1_720 | selection=last | epoch=150 | best_val_epoch=114 | test_MSE=0.601598875 | MAE=0.569669037 | RMSE=0.775628052 | params={'learning_rate': 0.04157334576892844, 'decay_rate': 0.03293737332969604, 'hidden_size': 64, 'beta1': 0.95, 'beta2': 0.99, 'signal_len': 16, 'cheb_order': 2, 's': 8.97072581626989, 'batch_size': 64, 'k': 4}
Trial 143 finished with value 0.633880382 | dataset=ETTh1_720 | selection=last | epoch=150 | best_val_epoch=46 | test_MSE=0.733422621 | MAE=0.633880382 | RMSE=0.856400970 | params={'learning_rate': 0.044021334591508914, 'decay_rate': 0.006626909514247803, 'hidden_size': 64, 'beta1': 0.95, 'beta2': 0.99, 'signal_len': 16, 'cheb_order': 2, 's': 8.595272498149686, 'batch_size': 64, 'k': 4}
Trial 144 finished with value 0.562170351 | dataset=ETTh1_720 | selection=last | epoch=150 | best_val_epoch=129 | test_MSE=0.593326115 | MAE=0.562170351 | RMSE=0.770276648 | params={'learning_rate': 0.03884905156571974, 'decay_rate': 0.009850130130930801, 'hidden_size': 64, 'beta1': 0.95, 'beta2': 0.99, 'signal_len': 16, 'cheb_order': 2, 's': 9.284326002478597, 'batch_size': 64, 'k': 4}
Trial 145 finished with value 0.557905680 | dataset=ETTh1_720 | selection=last | epoch=150 | best_val_epoch=129 | test_MSE=0.586418517 | MAE=0.557905680 | RMSE=0.765779679 | params={'learning_rate': 0.04571701631033132, 'decay_rate': 0.008200757105343109, 'hidden_size': 64, 'beta1': 0.95, 'beta2': 0.99, 'signal_len': 16, 'cheb_order': 2, 's': 7.412378735289596, 'batch_size': 64, 'k': 4}
Trial 146 finished with value 0.575578250 | dataset=ETTh1_720 | selection=last | epoch=150 | best_val_epoch=129 | test_MSE=0.611716552 | MAE=0.575578250 | RMSE=0.782123106 | params={'learning_rate': 0.04603078385217413, 'decay_rate': 0.043469382503749994, 'hidden_size': 64, 'beta1': 0.95, 'beta2': 0.99, 'signal_len': 16, 'cheb_order': 2, 's': 8.089818510757853, 'batch_size': 64, 'k': 4}
Trial 147 finished with value 0.560041507 | dataset=ETTh1_720 | selection=last | epoch=150 | best_val_epoch=129 | test_MSE=0.590096277 | MAE=0.560041507 | RMSE=0.768177243 | params={'learning_rate': 0.048372187458873776, 'decay_rate': 0.008578149802960395, 'hidden_size': 64, 'beta1': 0.95, 'beta2': 0.99, 'signal_len': 16, 'cheb_order': 2, 's': 7.2382085065164565, 'batch_size': 64, 'k': 4}
Trial 148 finished with value 0.612206751 | dataset=ETTh1_720 | selection=last | epoch=150 | best_val_epoch=23 | test_MSE=0.697902633 | MAE=0.612206751 | RMSE=0.835405670 | params={'learning_rate': 0.043386158437771466, 'decay_rate': 0.005208787096986675, 'hidden_size': 64, 'beta1': 0.95, 'beta2': 0.999, 'signal_len': 16, 'cheb_order': 2, 's': 7.478017044794899, 'batch_size': 64, 'k': 4}
Trial 149 finished with value 0.632260631 | dataset=ETTh1_720 | selection=last | epoch=150 | best_val_epoch=90 | test_MSE=0.713517676 | MAE=0.632260631 | RMSE=0.844699755 | params={'learning_rate': 0.04589052923491925, 'decay_rate': 0.0026451302390062244, 'hidden_size': 16, 'beta1': 0.95, 'beta2': 0.99, 'signal_len': 16, 'cheb_order': 2, 's': 6.085723107615933, 'batch_size': 64, 'k': 4}
Trial 150 finished with value 0.597322984 | dataset=ETTh1_720 | selection=last | epoch=150 | best_val_epoch=50 | test_MSE=0.667459649 | MAE=0.597322984 | RMSE=0.816982037 | params={'learning_rate': 0.044456556796970026, 'decay_rate': 0.011870509764809117, 'hidden_size': 64, 'beta1': 0.99, 'beta2': 0.99, 'signal_len': 16, 'cheb_order': 2, 's': 7.915324880224974, 'batch_size': 64, 'k': 4}
Trial 151 finished with value 0.606052602 | dataset=ETTh1_720 | selection=last | epoch=150 | best_val_epoch=26 | test_MSE=0.677979219 | MAE=0.606052602 | RMSE=0.823394935 | params={'learning_rate': 0.040692888216836115, 'decay_rate': 0.007879782028301528, 'hidden_size': 64, 'beta1': 0.95, 'beta2': 0.99, 'signal_len': 16, 'cheb_order': 2, 's': 8.440422021900423, 'batch_size': 64, 'k': 4}
Trial 152 finished with value 0.558451390 | dataset=ETTh1_720 | selection=last | epoch=150 | best_val_epoch=129 | test_MSE=0.588125222 | MAE=0.558451390 | RMSE=0.766893227 | params={'learning_rate': 0.04250643375423337, 'decay_rate': 0.006664310824312252, 'hidden_size': 64, 'beta1': 0.95, 'beta2': 0.99, 'signal_len': 16, 'cheb_order': 2, 's': 8.919264842331048, 'batch_size': 64, 'k': 4}
Trial 153 finished with value 0.602009033 | dataset=ETTh1_720 | selection=last | epoch=150 | best_val_epoch=20 | test_MSE=0.678187149 | MAE=0.602009033 | RMSE=0.823521189 | params={'learning_rate': 0.04261982394701348, 'decay_rate': 0.006245741497914131, 'hidden_size': 64, 'beta1': 0.95, 'beta2': 0.99, 'signal_len': 16, 'cheb_order': 2, 's': 9.074500331261468, 'batch_size': 64, 'k': 4}
Trial 154 finished with value 0.595960238 | dataset=ETTh1_720 | selection=last | epoch=150 | best_val_epoch=11 | test_MSE=0.669619090 | MAE=0.595960238 | RMSE=0.818302566 | params={'learning_rate': 0.018727970797512535, 'decay_rate': 0.004209948582757323, 'hidden_size': 64, 'beta1': 0.95, 'beta2': 0.99, 'signal_len': 16, 'cheb_order': 2, 's': 6.873521868090748, 'batch_size': 64, 'k': 4}
Trial 155 finished with value 0.588435424 | dataset=ETTh1_720 | selection=last | epoch=150 | best_val_epoch=59 | test_MSE=0.624173640 | MAE=0.588435424 | RMSE=0.790046606 | params={'learning_rate': 0.04661398506148397, 'decay_rate': 0.008818313059506344, 'hidden_size': 64, 'beta1': 0.95, 'beta2': 0.99, 'signal_len': 16, 'cheb_order': 2, 's': 8.856474791994316, 'batch_size': 64, 'k': 4}
Trial 156 finished with value 0.558049621 | dataset=ETTh1_720 | selection=last | epoch=150 | best_val_epoch=145 | test_MSE=0.585846826 | MAE=0.558049621 | RMSE=0.765406314 | params={'learning_rate': 0.04287663833440989, 'decay_rate': 0.006791147428295099, 'hidden_size': 64, 'beta1': 0.95, 'beta2': 0.99, 'signal_len': 32, 'cheb_order': 2, 's': 9.44893989718429, 'batch_size': 64, 'k': 4}
Trial 157 finished with value 0.633507255 | dataset=ETTh1_720 | selection=last | epoch=150 | best_val_epoch=79 | test_MSE=0.692384536 | MAE=0.633507255 | RMSE=0.832096470 | params={'learning_rate': 0.04516125377781835, 'decay_rate': 0.005635796054630154, 'hidden_size': 64, 'beta1': 0.95, 'beta2': 0.99, 'signal_len': 32, 'cheb_order': 2, 's': 9.363688641452727, 'batch_size': 64, 'k': 4}
Trial 158 finished with value 0.643231061 | dataset=ETTh1_720 | selection=last | epoch=150 | best_val_epoch=42 | test_MSE=0.717455224 | MAE=0.643231061 | RMSE=0.847027287 | params={'learning_rate': 0.040300915014832864, 'decay_rate': 0.0014217134189415653, 'hidden_size': 64, 'beta1': 0.95, 'beta2': 0.99, 'signal_len': 32, 'cheb_order': 2, 's': 9.699215031713756, 'batch_size': 512, 'k': 4}
Trial 159 finished with value 0.558021873 | dataset=ETTh1_720 | selection=last | epoch=150 | best_val_epoch=127 | test_MSE=0.585813417 | MAE=0.558021873 | RMSE=0.765384489 | params={'learning_rate': 0.04759759956508983, 'decay_rate': 0.006683320921646413, 'hidden_size': 64, 'beta1': 0.95, 'beta2': 0.99, 'signal_len': 32, 'cheb_order': 2, 's': 8.70828401407873, 'batch_size': 64, 'k': 4}
Trial 160 finished with value 0.552539392 | dataset=ETTh1_720 | selection=last | epoch=150 | best_val_epoch=145 | test_MSE=0.575014413 | MAE=0.552539392 | RMSE=0.758297048 | params={'learning_rate': 0.04755145625727121, 'decay_rate': 0.01011321584266817, 'hidden_size': 64, 'beta1': 0.95, 'beta2': 0.99, 'signal_len': 32, 'cheb_order': 2, 's': 8.702287534514651, 'batch_size': 32, 'k': 4}
Trial 161 finished with value 0.558036508 | dataset=ETTh1_720 | selection=last | epoch=150 | best_val_epoch=107 | test_MSE=0.586860375 | MAE=0.558036508 | RMSE=0.766068127 | params={'learning_rate': 0.047705174317091543, 'decay_rate': 0.006503623574552725, 'hidden_size': 64, 'beta1': 0.95, 'beta2': 0.99, 'signal_len': 32, 'cheb_order': 2, 's': 8.726616603834945, 'batch_size': 32, 'k': 4}
Trial 162 finished with value 0.636432843 | dataset=ETTh1_720 | selection=last | epoch=150 | best_val_epoch=52 | test_MSE=0.716059375 | MAE=0.636432843 | RMSE=0.846202916 | params={'learning_rate': 0.0477765246374307, 'decay_rate': 0.006640223114502141, 'hidden_size': 64, 'beta1': 0.95, 'beta2': 0.99, 'signal_len': 32, 'cheb_order': 2, 's': 9.529461118466074, 'batch_size': 32, 'k': 4}
Trial 163 finished with value 0.650044774 | dataset=ETTh1_720 | selection=last | epoch=150 | best_val_epoch=85 | test_MSE=0.713459151 | MAE=0.650044774 | RMSE=0.844665112 | params={'learning_rate': 0.049262030373689585, 'decay_rate': 0.005357775456977033, 'hidden_size': 64, 'beta1': 0.95, 'beta2': 0.99, 'signal_len': 32, 'cheb_order': 2, 's': 8.654367604513709, 'batch_size': 32, 'k': 4}
Trial 164 finished with value 0.556084109 | dataset=ETTh1_720 | selection=last | epoch=150 | best_val_epoch=145 | test_MSE=0.581533463 | MAE=0.556084109 | RMSE=0.762583414 | params={'learning_rate': 0.04738854831854081, 'decay_rate': 0.009696781702811807, 'hidden_size': 64, 'beta1': 0.95, 'beta2': 0.99, 'signal_len': 32, 'cheb_order': 2, 's': 9.17685527603188, 'batch_size': 32, 'k': 4}
Trial 165 finished with value 0.638639734 | dataset=ETTh1_720 | selection=last | epoch=150 | best_val_epoch=85 | test_MSE=0.688236694 | MAE=0.638639734 | RMSE=0.829600322 | params={'learning_rate': 0.047415244258169384, 'decay_rate': 0.010234151789442869, 'hidden_size': 64, 'beta1': 0.95, 'beta2': 0.99, 'signal_len': 32, 'cheb_order': 2, 's': 9.206664190921087, 'batch_size': 32, 'k': 4}
Trial 166 finished with value 0.605951308 | dataset=ETTh1_720 | selection=last | epoch=150 | best_val_epoch=77 | test_MSE=0.653741417 | MAE=0.605951308 | RMSE=0.808542774 | params={'learning_rate': 0.048727082016560015, 'decay_rate': 0.009587178408008795, 'hidden_size': 64, 'beta1': 0.95, 'beta2': 0.999, 'signal_len': 32, 'cheb_order': 2, 's': 8.875575261746267, 'batch_size': 32, 'k': 4}
