Trial 223 finished with value 0.415551325 | dataset=ETTh1_96 | selection=last | epoch=150 | best_val_epoch=72 | test_MSE=0.414552919 | MAE=0.415551325 | RMSE=0.643857840 | params={'learning_rate': 0.0358494022254872, 'decay_rate': 0.000933958547801512, 'hidden_size': 16, 'beta1': 0.95, 'beta2': 0.95, 'signal_len': 16, 'cheb_order': 2, 's': 3.065350681752865, 'batch_size': 32, 'k': 4}
Trial 224 finished with value 0.435516785 | dataset=ETTh1_96 | selection=last | epoch=150 | best_val_epoch=72 | test_MSE=0.430836297 | MAE=0.435516785 | RMSE=0.656381213 | params={'learning_rate': 0.03480616134914596, 'decay_rate': 0.0010520429557722944, 'hidden_size': 16, 'beta1': 0.95, 'beta2': 0.95, 'signal_len': 16, 'cheb_order': 2, 's': 2.879770796586527, 'batch_size': 32, 'k': 4}
Trial 225 finished with value 0.442935190 | dataset=ETTh1_96 | selection=last | epoch=150 | best_val_epoch=102 | test_MSE=0.438262084 | MAE=0.442935190 | RMSE=0.662013658 | params={'learning_rate': 0.03548733525148478, 'decay_rate': 0.0007029269461060277, 'hidden_size': 16, 'beta1': 0.95, 'beta2': 0.95, 'signal_len': 16, 'cheb_order': 2, 's': 3.124206341014494, 'batch_size': 32, 'k': 4}
Trial 226 finished with value 0.416156451 | dataset=ETTh1_96 | selection=last | epoch=150 | best_val_epoch=72 | test_MSE=0.415001118 | MAE=0.416156451 | RMSE=0.644205804 | params={'learning_rate': 0.03639503856113696, 'decay_rate': 0.001423309936504683, 'hidden_size': 16, 'beta1': 0.95, 'beta2': 0.95, 'signal_len': 16, 'cheb_order': 2, 's': 3.108276380183848, 'batch_size': 32, 'k': 4}
Trial 227 finished with value 0.431056958 | dataset=ETTh1_96 | selection=last | epoch=150 | best_val_epoch=64 | test_MSE=0.425413750 | MAE=0.431056958 | RMSE=0.652237495 | params={'learning_rate': 0.03806882632718213, 'decay_rate': 2.100408153926322e-05, 'hidden_size': 16, 'beta1': 0.95, 'beta2': 0.95, 'signal_len': 16, 'cheb_order': 2, 's': 2.878258543074707, 'batch_size': 32, 'k': 4}
Trial 228 finished with value 0.417775981 | dataset=ETTh1_96 | selection=last | epoch=150 | best_val_epoch=72 | test_MSE=0.416269499 | MAE=0.417775981 | RMSE=0.645189506 | params={'learning_rate': 0.036523100189457945, 'decay_rate': 0.002795807826939648, 'hidden_size': 16, 'beta1': 0.95, 'beta2': 0.95, 'signal_len': 16, 'cheb_order': 2, 's': 2.9613057297747054, 'batch_size': 32, 'k': 4}
Trial 229 finished with value 0.416571588 | dataset=ETTh1_96 | selection=last | epoch=150 | best_val_epoch=72 | test_MSE=0.415274115 | MAE=0.416571588 | RMSE=0.644417656 | params={'learning_rate': 0.03459711050846973, 'decay_rate': 0.0017133474553435008, 'hidden_size': 16, 'beta1': 0.95, 'beta2': 0.95, 'signal_len': 16, 'cheb_order': 2, 's': 3.3024155419383994, 'batch_size': 32, 'k': 4}
Trial 230 finished with value 0.433305972 | dataset=ETTh1_96 | selection=last | epoch=150 | best_val_epoch=101 | test_MSE=0.429752080 | MAE=0.433305972 | RMSE=0.655554788 | params={'learning_rate': 0.034796833230883784, 'decay_rate': 0.0015466453354865072, 'hidden_size': 16, 'beta1': 0.99, 'beta2': 0.95, 'signal_len': 16, 'cheb_order': 2, 's': 2.700822436449799, 'batch_size': 32, 'k': 4}
