Trial 110 finished with value 0.467231024 | dataset=ETTh1_336 | selection=last | epoch=150 | best_val_epoch=104 | test_MSE=0.466156113 | MAE=0.467231024 | RMSE=0.682756262 | params={'learning_rate': 0.01986888753964893, 'decay_rate': 0.0068144282090122875, 'hidden_size': 64, 'beta1': 0.95, 'beta2': 0.999, 'signal_len': 16, 'cheb_order': 2, 's': 5.792033164350129, 'batch_size': 32, 'k': 2}
Trial 111 finished with value 0.483716121 | dataset=ETTh1_336 | selection=last | epoch=150 | best_val_epoch=116 | test_MSE=0.488599069 | MAE=0.483716121 | RMSE=0.698998619 | params={'learning_rate': 0.016580856012916693, 'decay_rate': 0.008049652983594394, 'hidden_size': 64, 'beta1': 0.99, 'beta2': 0.99, 'signal_len': 16, 'cheb_order': 3, 's': 4.258613547708005, 'batch_size': 256, 'k': 2}
Trial 112 finished with value 0.498719651 | dataset=ETTh1_336 | selection=last | epoch=150 | best_val_epoch=86 | test_MSE=0.499089069 | MAE=0.498719651 | RMSE=0.706462362 | params={'learning_rate': 0.021881764522002536, 'decay_rate': 0.0028071796995847434, 'hidden_size': 64, 'beta1': 0.95, 'beta2': 0.99, 'signal_len': 32, 'cheb_order': 3, 's': 5.559746812464842, 'batch_size': 32, 'k': 2}
Trial 113 finished with value 0.490742852 | dataset=ETTh1_336 | selection=last | epoch=150 | best_val_epoch=107 | test_MSE=0.497364978 | MAE=0.490742852 | RMSE=0.705241078 | params={'learning_rate': 0.024671069601085765, 'decay_rate': 0.04474430060607293, 'hidden_size': 64, 'beta1': 0.9, 'beta2': 0.99, 'signal_len': 64, 'cheb_order': 3, 's': 6.386770662864691, 'batch_size': 32, 'k': 2}
Trial 114 finished with value 0.464435799 | dataset=ETTh1_336 | selection=last | epoch=150 | best_val_epoch=59 | test_MSE=0.463873737 | MAE=0.464435799 | RMSE=0.681082768 | params={'learning_rate': 0.026064937220932585, 'decay_rate': 0.0038093137923979536, 'hidden_size': 64, 'beta1': 0.95, 'beta2': 0.99, 'signal_len': 16, 'cheb_order': 3, 's': 5.9972371596686775, 'batch_size': 32, 'k': 2}
Trial 115 finished with value 0.464871418 | dataset=ETTh1_336 | selection=last | epoch=150 | best_val_epoch=88 | test_MSE=0.464420364 | MAE=0.464871418 | RMSE=0.681483942 | params={'learning_rate': 0.0269676040828282, 'decay_rate': 0.004036205059604619, 'hidden_size': 64, 'beta1': 0.95, 'beta2': 0.99, 'signal_len': 16, 'cheb_order': 3, 's': 6.053335101368218, 'batch_size': 32, 'k': 2}
Trial 116 finished with value 0.494632745 | dataset=ETTh1_336 | selection=last | epoch=150 | best_val_epoch=126 | test_MSE=0.504581537 | MAE=0.494632745 | RMSE=0.710339029 | params={'learning_rate': 0.02340635168829799, 'decay_rate': 0.026792677622260768, 'hidden_size': 64, 'beta1': 0.95, 'beta2': 0.99, 'signal_len': 16, 'cheb_order': 3, 's': 5.661890384797392, 'batch_size': 32, 'k': 2}
Trial 117 finished with value 0.483903179 | dataset=ETTh1_336 | selection=last | epoch=150 | best_val_epoch=68 | test_MSE=0.490866753 | MAE=0.483903179 | RMSE=0.700618836 | params={'learning_rate': 0.026251627650998605, 'decay_rate': 0.0015455069847697734, 'hidden_size': 64, 'beta1': 0.95, 'beta2': 0.99, 'signal_len': 16, 'cheb_order': 3, 's': 5.983450672143372, 'batch_size': 32, 'k': 2}
Trial 118 finished with value 0.476801048 | dataset=ETTh1_336 | selection=last | epoch=150 | best_val_epoch=126 | test_MSE=0.478304104 | MAE=0.476801048 | RMSE=0.691595333 | params={'learning_rate': 0.025454929803127465, 'decay_rate': 0.005578948654626867, 'hidden_size': 64, 'beta1': 0.95, 'beta2': 0.99, 'signal_len': 16, 'cheb_order': 3, 's': 5.205589647768542, 'batch_size': 32, 'k': 2}
Trial 119 finished with value 0.484617158 | dataset=ETTh1_336 | selection=last | epoch=150 | best_val_epoch=15 | test_MSE=0.495244713 | MAE=0.484617158 | RMSE=0.703736253 | params={'learning_rate': 0.02161895994465579, 'decay_rate': 8.534298941503034e-05, 'hidden_size': 64, 'beta1': 0.95, 'beta2': 0.99, 'signal_len': 16, 'cheb_order': 2, 's': 3.618780007243691, 'batch_size': 32, 'k': 2}
Trial 120 finished with value 0.490562627 | dataset=ETTh1_336 | selection=last | epoch=150 | best_val_epoch=60 | test_MSE=0.497201632 | MAE=0.490562627 | RMSE=0.705125260 | params={'learning_rate': 0.010717723485863386, 'decay_rate': 0.004203910716253949, 'hidden_size': 64, 'beta1': 0.95, 'beta2': 0.999, 'signal_len': 16, 'cheb_order': 3, 's': 7.846358847498471, 'batch_size': 32, 'k': 2}
Trial 121 finished with value 0.483964506 | dataset=ETTh1_336 | selection=last | epoch=150 | best_val_epoch=42 | test_MSE=0.493716040 | MAE=0.483964506 | RMSE=0.702649301 | params={'learning_rate': 0.008132286752851416, 'decay_rate': 0.002575821059274511, 'hidden_size': 64, 'beta1': 0.95, 'beta2': 0.99, 'signal_len': 16, 'cheb_order': 3, 's': 7.311728777288041, 'batch_size': 32, 'k': 2}
Trial 122 finished with value 0.468913606 | dataset=ETTh1_336 | selection=last | epoch=150 | best_val_epoch=121 | test_MSE=0.465575052 | MAE=0.468913606 | RMSE=0.682330603 | params={'learning_rate': 0.019187186692484218, 'decay_rate': 0.006786375767514909, 'hidden_size': 64, 'beta1': 0.95, 'beta2': 0.99, 'signal_len': 16, 'cheb_order': 3, 's': 4.485698256368761, 'batch_size': 32, 'k': 2}
Trial 123 finished with value 0.468114175 | dataset=ETTh1_336 | selection=last | epoch=150 | best_val_epoch=61 | test_MSE=0.466919099 | MAE=0.468114175 | RMSE=0.683314788 | params={'learning_rate': 0.028585461147285995, 'decay_rate': 0.009557764918815354, 'hidden_size': 16, 'beta1': 0.99, 'beta2': 0.99, 'signal_len': 16, 'cheb_order': 3, 's': 5.424987983611662, 'batch_size': 64, 'k': 2}
Trial 124 finished with value 0.465013694 | dataset=ETTh1_336 | selection=last | epoch=150 | best_val_epoch=88 | test_MSE=0.464579219 | MAE=0.465013694 | RMSE=0.681600483 | params={'learning_rate': 0.027223022561820617, 'decay_rate': 0.0040649967698028035, 'hidden_size': 64, 'beta1': 0.95, 'beta2': 0.99, 'signal_len': 16, 'cheb_order': 3, 's': 5.8574349919130295, 'batch_size': 32, 'k': 2}
Trial 125 finished with value 0.463662366 | dataset=ETTh1_336 | selection=last | epoch=150 | best_val_epoch=73 | test_MSE=0.463807189 | MAE=0.463662366 | RMSE=0.681033912 | params={'learning_rate': 0.026756193315317273, 'decay_rate': 0.001684841900767737, 'hidden_size': 64, 'beta1': 0.95, 'beta2': 0.99, 'signal_len': 16, 'cheb_order': 3, 's': 6.1496790634040135, 'batch_size': 32, 'k': 2}
Trial 126 finished with value 0.462663457 | dataset=ETTh1_336 | selection=last | epoch=150 | best_val_epoch=92 | test_MSE=0.463041542 | MAE=0.462663457 | RMSE=0.680471558 | params={'learning_rate': 0.02409744657912659, 'decay_rate': 0.0014024270748645108, 'hidden_size': 64, 'beta1': 0.95, 'beta2': 0.99, 'signal_len': 16, 'cheb_order': 3, 's': 6.194317960009094, 'batch_size': 32, 'k': 2}
Trial 127 finished with value 0.464491729 | dataset=ETTh1_336 | selection=last | epoch=150 | best_val_epoch=35 | test_MSE=0.465192429 | MAE=0.464491729 | RMSE=0.682050166 | params={'learning_rate': 0.024206955457562386, 'decay_rate': 0.001362037747858698, 'hidden_size': 64, 'beta1': 0.95, 'beta2': 0.99, 'signal_len': 16, 'cheb_order': 3, 's': 6.136350413617222, 'batch_size': 32, 'k': 2}
Trial 128 finished with value 0.464450666 | dataset=ETTh1_336 | selection=last | epoch=150 | best_val_epoch=73 | test_MSE=0.464081729 | MAE=0.464450666 | RMSE=0.681235443 | params={'learning_rate': 0.02282490528116821, 'decay_rate': 0.003079717779748658, 'hidden_size': 64, 'beta1': 0.95, 'beta2': 0.99, 'signal_len': 16, 'cheb_order': 3, 's': 5.691362439920918, 'batch_size': 32, 'k': 2}
Trial 129 finished with value 0.487798853 | dataset=ETTh1_336 | selection=last | epoch=150 | best_val_epoch=68 | test_MSE=0.497504812 | MAE=0.487798853 | RMSE=0.705340210 | params={'learning_rate': 0.022759379725454252, 'decay_rate': 8.661940816879696e-05, 'hidden_size': 64, 'beta1': 0.95, 'beta2': 0.99, 'signal_len': 16, 'cheb_order': 3, 's': 6.361694503192724, 'batch_size': 32, 'k': 2}
Trial 130 finished with value 0.607113493 | dataset=ETTh1_336 | selection=last | epoch=150 | best_val_epoch=22 | test_MSE=0.726712846 | MAE=0.607113493 | RMSE=0.852474542 | params={'learning_rate': 0.0278623694251971, 'decay_rate': 0.003232493940626702, 'hidden_size': 64, 'beta1': 0.95, 'beta2': 0.99, 'signal_len': 128, 'cheb_order': 3, 's': 6.688588543447923, 'batch_size': 32, 'k': 2}
Trial 131 finished with value 0.505203443 | dataset=ETTh1_336 | selection=last | epoch=150 | best_val_epoch=126 | test_MSE=0.519040985 | MAE=0.505203443 | RMSE=0.720444991 | params={'learning_rate': 0.02618438010146722, 'decay_rate': 0.0017373633878127515, 'hidden_size': 64, 'beta1': 0.95, 'beta2': 0.99, 'signal_len': 16, 'cheb_order': 3, 's': 7.033818158452501, 'batch_size': 128, 'k': 2}
Trial 132 finished with value 0.479760909 | dataset=ETTh1_336 | selection=last | epoch=150 | best_val_epoch=126 | test_MSE=0.484533357 | MAE=0.479760909 | RMSE=0.696084303 | params={'learning_rate': 0.0250175066786536, 'decay_rate': 0.00586305517508363, 'hidden_size': 64, 'beta1': 0.95, 'beta2': 0.99, 'signal_len': 16, 'cheb_order': 3, 's': 5.6904601606000815, 'batch_size': 32, 'k': 2}
Trial 133 finished with value 0.494634830 | dataset=ETTh1_336 | selection=last | epoch=150 | best_val_epoch=74 | test_MSE=0.506009447 | MAE=0.494634830 | RMSE=0.711343410 | params={'learning_rate': 0.02070453616761884, 'decay_rate': 0.0009325391385970614, 'hidden_size': 64, 'beta1': 0.95, 'beta2': 0.99, 'signal_len': 16, 'cheb_order': 3, 's': 6.479429230402264, 'batch_size': 32, 'k': 2}
Trial 134 finished with value 0.463176938 | dataset=ETTh1_336 | selection=last | epoch=150 | best_val_epoch=83 | test_MSE=0.462966525 | MAE=0.463176938 | RMSE=0.680416435 | params={'learning_rate': 0.02331503458343458, 'decay_rate': 0.0023697520598982983, 'hidden_size': 64, 'beta1': 0.95, 'beta2': 0.99, 'signal_len': 16, 'cheb_order': 3, 's': 5.633012063560769, 'batch_size': 32, 'k': 2}
Trial 135 finished with value 0.464443799 | dataset=ETTh1_336 | selection=last | epoch=150 | best_val_epoch=73 | test_MSE=0.463909751 | MAE=0.464443799 | RMSE=0.681109206 | params={'learning_rate': 0.023883043716799918, 'decay_rate': 0.0035066157912973803, 'hidden_size': 64, 'beta1': 0.95, 'beta2': 0.99, 'signal_len': 16, 'cheb_order': 3, 's': 5.916523208840945, 'batch_size': 32, 'k': 2}
Trial 136 finished with value 0.477360622 | dataset=ETTh1_336 | selection=last | epoch=150 | best_val_epoch=126 | test_MSE=0.480435814 | MAE=0.477360622 | RMSE=0.693134774 | params={'learning_rate': 0.024178785237446838, 'decay_rate': 0.004710333180466654, 'hidden_size': 64, 'beta1': 0.95, 'beta2': 0.99, 'signal_len': 16, 'cheb_order': 3, 's': 6.213012341800577, 'batch_size': 32, 'k': 2}
Trial 137 finished with value 0.462497787 | dataset=ETTh1_336 | selection=last | epoch=150 | best_val_epoch=73 | test_MSE=0.462154591 | MAE=0.462497787 | RMSE=0.679819528 | params={'learning_rate': 0.025544383193548584, 'decay_rate': 0.0021062778814700256, 'hidden_size': 64, 'beta1': 0.95, 'beta2': 0.99, 'signal_len': 16, 'cheb_order': 3, 's': 5.967230786742115, 'batch_size': 32, 'k': 2}
Trial 138 finished with value 0.479132846 | dataset=ETTh1_336 | selection=last | epoch=150 | best_val_epoch=107 | test_MSE=0.480467625 | MAE=0.479132846 | RMSE=0.693157720 | params={'learning_rate': 0.025657817268306543, 'decay_rate': 0.023052427621527573, 'hidden_size': 64, 'beta1': 0.95, 'beta2': 0.99, 'signal_len': 16, 'cheb_order': 3, 's': 4.957974567610508, 'batch_size': 32, 'k': 2}
Trial 139 finished with value 0.495454134 | dataset=ETTh1_336 | selection=last | epoch=150 | best_val_epoch=61 | test_MSE=0.509557546 | MAE=0.495454134 | RMSE=0.713832996 | params={'learning_rate': 0.02711017410029938, 'decay_rate': 0.002037649315239027, 'hidden_size': 64, 'beta1': 0.95, 'beta2': 0.99, 'signal_len': 16, 'cheb_order': 3, 's': 6.841285097633553, 'batch_size': 512, 'k': 2}
Trial 140 finished with value 0.497438729 | dataset=ETTh1_336 | selection=last | epoch=150 | best_val_epoch=54 | test_MSE=0.520810195 | MAE=0.497438729 | RMSE=0.721671805 | params={'learning_rate': 0.030010670562858804, 'decay_rate': 0.0009876999120240777, 'hidden_size': 64, 'beta1': 0.95, 'beta2': 0.95, 'signal_len': 16, 'cheb_order': 3, 's': 5.2738021815537754, 'batch_size': 32, 'k': 2}
Trial 141 finished with value 0.516876887 | dataset=ETTh1_336 | selection=last | epoch=150 | best_val_epoch=54 | test_MSE=0.523826319 | MAE=0.516876887 | RMSE=0.723758467 | params={'learning_rate': 0.02842860019100183, 'decay_rate': 0.0021633870710389357, 'hidden_size': 64, 'beta1': 0.95, 'beta2': 0.99, 'signal_len': 32, 'cheb_order': 3, 's': 8.470937974973644, 'batch_size': 256, 'k': 2}
Trial 142 finished with value 0.465898950 | dataset=ETTh1_336 | selection=last | epoch=150 | best_val_epoch=77 | test_MSE=0.464851522 | MAE=0.465898950 | RMSE=0.681800207 | params={'learning_rate': 0.026471878536408783, 'decay_rate': 0.00512997208340793, 'hidden_size': 64, 'beta1': 0.9, 'beta2': 0.99, 'signal_len': 64, 'cheb_order': 3, 's': 6.18930398944867, 'batch_size': 32, 'k': 2}
Trial 143 finished with value 0.464105443 | dataset=ETTh1_336 | selection=last | epoch=150 | best_val_epoch=73 | test_MSE=0.463630781 | MAE=0.464105443 | RMSE=0.680904384 | params={'learning_rate': 0.024973735710937837, 'decay_rate': 0.003358727086798556, 'hidden_size': 16, 'beta1': 0.95, 'beta2': 0.99, 'signal_len': 16, 'cheb_order': 3, 's': 8.076180300734585, 'batch_size': 32, 'k': 2}
Trial 144 finished with value 0.487084886 | dataset=ETTh1_336 | selection=last | epoch=150 | best_val_epoch=65 | test_MSE=0.488796438 | MAE=0.487084886 | RMSE=0.699139784 | params={'learning_rate': 0.02491815882276905, 'decay_rate': 0.0034400224001641644, 'hidden_size': 16, 'beta1': 0.95, 'beta2': 0.99, 'signal_len': 16, 'cheb_order': 3, 's': 8.017776453635252, 'batch_size': 32, 'k': 2}
Trial 145 finished with value 0.483869672 | dataset=ETTh1_336 | selection=last | epoch=150 | best_val_epoch=15 | test_MSE=0.497896499 | MAE=0.483869672 | RMSE=0.705617813 | params={'learning_rate': 0.022445119716694672, 'decay_rate': 0.0010863072511908957, 'hidden_size': 16, 'beta1': 0.95, 'beta2': 0.99, 'signal_len': 16, 'cheb_order': 3, 's': 8.160154933090494, 'batch_size': 32, 'k': 2}
Trial 146 finished with value 0.492115224 | dataset=ETTh1_336 | selection=last | epoch=150 | best_val_epoch=76 | test_MSE=0.504386828 | MAE=0.492115224 | RMSE=0.710201963 | params={'learning_rate': 0.02327002570375447, 'decay_rate': 0.004073726030683173, 'hidden_size': 16, 'beta1': 0.95, 'beta2': 0.99, 'signal_len': 16, 'cheb_order': 3, 's': 7.581679335744221, 'batch_size': 32, 'k': 2}
Trial 147 finished with value 0.485468452 | dataset=ETTh1_336 | selection=last | epoch=150 | best_val_epoch=73 | test_MSE=0.488997440 | MAE=0.485468452 | RMSE=0.699283519 | params={'learning_rate': 0.02037981222428994, 'decay_rate': 0.03686324846728167, 'hidden_size': 16, 'beta1': 0.95, 'beta2': 0.99, 'signal_len': 16, 'cheb_order': 3, 's': 7.758759346102877, 'batch_size': 32, 'k': 2}
Trial 148 finished with value 0.462879628 | dataset=ETTh1_336 | selection=last | epoch=150 | best_val_epoch=73 | test_MSE=0.462568044 | MAE=0.462879628 | RMSE=0.680123550 | params={'learning_rate': 0.02529363396133114, 'decay_rate': 0.0024203514551821756, 'hidden_size': 16, 'beta1': 0.95, 'beta2': 0.99, 'signal_len': 16, 'cheb_order': 3, 's': 5.4349557451998365, 'batch_size': 32, 'k': 2}
Trial 149 finished with value 0.494768539 | dataset=ETTh1_336 | selection=last | epoch=150 | best_val_epoch=38 | test_MSE=0.505507874 | MAE=0.494768539 | RMSE=0.710990769 | params={'learning_rate': 0.018381405311450782, 'decay_rate': 0.00010337571249170946, 'hidden_size': 16, 'beta1': 0.95, 'beta2': 0.99, 'signal_len': 16, 'cheb_order': 3, 's': 5.0600648973263995, 'batch_size': 32, 'k': 2}
Trial 150 finished with value 0.462947666 | dataset=ETTh1_336 | selection=last | epoch=150 | best_val_epoch=79 | test_MSE=0.462963331 | MAE=0.462947666 | RMSE=0.680414088 | params={'learning_rate': 0.025044142303273766, 'decay_rate': 0.0022165654380373765, 'hidden_size': 16, 'beta1': 0.95, 'beta2': 0.99, 'signal_len': 16, 'cheb_order': 3, 's': 5.498663686349814, 'batch_size': 32, 'k': 2}
Trial 151 finished with value 0.478977261 | dataset=ETTh1_336 | selection=last | epoch=150 | best_val_epoch=129 | test_MSE=0.486305134 | MAE=0.478977261 | RMSE=0.697355816 | params={'learning_rate': 0.0251495966966813, 'decay_rate': 0.00228876328918965, 'hidden_size': 16, 'beta1': 0.95, 'beta2': 0.99, 'signal_len': 16, 'cheb_order': 3, 's': 4.726672792154088, 'batch_size': 32, 'k': 2}
Trial 152 finished with value 0.462984120 | dataset=ETTh1_336 | selection=last | epoch=150 | best_val_epoch=65 | test_MSE=0.462924457 | MAE=0.462984120 | RMSE=0.680385521 | params={'learning_rate': 0.027999038859962806, 'decay_rate': 0.0018204589163653057, 'hidden_size': 16, 'beta1': 0.95, 'beta2': 0.99, 'signal_len': 16, 'cheb_order': 3, 's': 5.632710178176321, 'batch_size': 32, 'k': 2}
Trial 153 finished with value 0.488215612 | dataset=ETTh1_336 | selection=last | epoch=150 | best_val_epoch=65 | test_MSE=0.501597148 | MAE=0.488215612 | RMSE=0.708235235 | params={'learning_rate': 0.02733684189362821, 'decay_rate': 0.0014823750175237905, 'hidden_size': 16, 'beta1': 0.95, 'beta2': 0.99, 'signal_len': 16, 'cheb_order': 3, 's': 5.559036121720301, 'batch_size': 64, 'k': 2}
Trial 154 finished with value 0.484509504 | dataset=ETTh1_336 | selection=last | epoch=150 | best_val_epoch=106 | test_MSE=0.492841985 | MAE=0.484509504 | RMSE=0.702027054 | params={'learning_rate': 0.02438257652502262, 'decay_rate': 0.002679417578118659, 'hidden_size': 16, 'beta1': 0.95, 'beta2': 0.99, 'signal_len': 16, 'cheb_order': 3, 's': 5.289828086266932, 'batch_size': 32, 'k': 2}
Trial 155 finished with value 0.465273737 | dataset=ETTh1_336 | selection=last | epoch=150 | best_val_epoch=70 | test_MSE=0.464512246 | MAE=0.465273737 | RMSE=0.681551352 | params={'learning_rate': 0.025681565618898484, 'decay_rate': 0.004732125813212319, 'hidden_size': 16, 'beta1': 0.95, 'beta2': 0.99, 'signal_len': 16, 'cheb_order': 3, 's': 5.395681296341865, 'batch_size': 32, 'k': 2}
Trial 156 finished with value 0.463997281 | dataset=ETTh1_336 | selection=last | epoch=150 | best_val_epoch=45 | test_MSE=0.464330194 | MAE=0.463997281 | RMSE=0.681417783 | params={'learning_rate': 0.0278463586756056, 'decay_rate': 0.0017150907889586999, 'hidden_size': 16, 'beta1': 0.95, 'beta2': 0.99, 'signal_len': 16, 'cheb_order': 3, 's': 5.6361292842200275, 'batch_size': 32, 'k': 2}
Trial 157 finished with value 0.486390457 | dataset=ETTh1_336 | selection=last | epoch=150 | best_val_epoch=79 | test_MSE=0.495183864 | MAE=0.486390457 | RMSE=0.703693019 | params={'learning_rate': 0.03099161157963124, 'decay_rate': 4.0452630141188644e-05, 'hidden_size': 16, 'beta1': 0.95, 'beta2': 0.99, 'signal_len': 16, 'cheb_order': 3, 's': 5.671454463221406, 'batch_size': 32, 'k': 2}
Trial 158 finished with value 0.652096319 | dataset=ETTh1_336 | selection=last | epoch=150 | best_val_epoch=49 | test_MSE=0.878368755 | MAE=0.652096319 | RMSE=0.937213292 | params={'learning_rate': 0.028095402941868148, 'decay_rate': 0.001770105334183405, 'hidden_size': 16, 'beta1': 0.95, 'beta2': 0.99, 'signal_len': 128, 'cheb_order': 3, 's': 5.843420151801565, 'batch_size': 32, 'k': 2}
RUN study=ETTh1_336_ufgtime_plus_ett_main_config_mean_v1_mean_last | storage=sqlite:////home/xy/Research/UFGTime/UFGTime+/sqlite/ETTh1_336_ufgtime_plus_ett_main_config_mean_v1_mean_last.sqlite3 | trials_this_run=500 | log=/home/xy/Research/UFGTime/UFGTime+/logs/ETTh1_336_ufgtime_plus_ett_main_config_mean_v1_mean_last/20260917_170138_158580.log
