Trial 54 finished with value 0.488895625 | dataset=ETTh1_336 | selection=last | epoch=150 | best_val_epoch=63 | test_MSE=0.497250396 | MAE=0.488895625 | RMSE=0.705159837 | params={'learning_rate': 0.016663028909851333, 'decay_rate': 0.004899243123929708, 'hidden_size': 64, 'beta1': 0.95, 'beta2': 0.99, 'signal_len': 16, 'cheb_order': 3, 's': 7.942650853552167, 'batch_size': 32, 'k': 2}
RUN study=ETTh1_336_ufgtime_plus_ett_main_config_mean_v1_mean_last | storage=sqlite:////home/xy/Research/UFGTime/UFGTime+/sqlite/ETTh1_336_ufgtime_plus_ett_main_config_mean_v1_mean_last.sqlite3 | trials_this_run=500 | log=/home/xy/Research/UFGTime/UFGTime+/logs/ETTh1_336_ufgtime_plus_ett_main_config_mean_v1_mean_last/20260917_061900_34590.log
Trial 56 finished with value 0.465863875 | dataset=ETTh1_336 | selection=last | epoch=150 | best_val_epoch=137 | test_MSE=0.465532163 | MAE=0.465863875 | RMSE=0.682299174 | params={'learning_rate': 0.019605461567684584, 'decay_rate': 0.001956745780368296, 'hidden_size': 64, 'beta1': 0.95, 'beta2': 0.99, 'signal_len': 16, 'cheb_order': 3, 's': 8.53883178220607, 'batch_size': 32, 'k': 6}
Trial 57 finished with value 0.487073558 | dataset=ETTh1_336 | selection=last | epoch=150 | best_val_epoch=92 | test_MSE=0.489879183 | MAE=0.487073558 | RMSE=0.699913697 | params={'learning_rate': 0.022087578851607573, 'decay_rate': 0.0019227276239434953, 'hidden_size': 64, 'beta1': 0.95, 'beta2': 0.99, 'signal_len': 16, 'cheb_order': 3, 's': 8.406116065146577, 'batch_size': 32, 'k': 6}
Trial 58 finished with value 0.492430663 | dataset=ETTh1_336 | selection=last | epoch=150 | best_val_epoch=74 | test_MSE=0.501490145 | MAE=0.492430663 | RMSE=0.708159689 | params={'learning_rate': 0.018980044675874143, 'decay_rate': 0.0015731094172974267, 'hidden_size': 64, 'beta1': 0.95, 'beta2': 0.99, 'signal_len': 16, 'cheb_order': 3, 's': 8.927884224939817, 'batch_size': 32, 'k': 6}
Trial 59 finished with value 0.471087279 | dataset=ETTh1_336 | selection=last | epoch=150 | best_val_epoch=88 | test_MSE=0.469558118 | MAE=0.471087279 | RMSE=0.685243109 | params={'learning_rate': 0.027831190471563332, 'decay_rate': 0.011827364360966309, 'hidden_size': 16, 'beta1': 0.95, 'beta2': 0.99, 'signal_len': 32, 'cheb_order': 3, 's': 7.142782393231289, 'batch_size': 64, 'k': 6}
Trial 60 finished with value 0.476640111 | dataset=ETTh1_336 | selection=last | epoch=150 | best_val_epoch=73 | test_MSE=0.476958405 | MAE=0.476640111 | RMSE=0.690621752 | params={'learning_rate': 0.014940709449041033, 'decay_rate': 0.020894901076869216, 'hidden_size': 64, 'beta1': 0.95, 'beta2': 0.99, 'signal_len': 16, 'cheb_order': 3, 's': 9.574699605563653, 'batch_size': 32, 'k': 6}
Trial 61 finished with value 0.483052522 | dataset=ETTh1_336 | selection=last | epoch=150 | best_val_epoch=148 | test_MSE=0.487872201 | MAE=0.483052522 | RMSE=0.698478490 | params={'learning_rate': 0.024098703700223552, 'decay_rate': 0.00904715951108004, 'hidden_size': 64, 'beta1': 0.95, 'beta2': 0.99, 'signal_len': 16, 'cheb_order': 3, 's': 7.914919519837407, 'batch_size': 32, 'k': 4}
Trial 62 finished with value 0.595543894 | dataset=ETTh1_336 | selection=last | epoch=150 | best_val_epoch=90 | test_MSE=0.652328616 | MAE=0.595543894 | RMSE=0.807668630 | params={'learning_rate': 0.02147584124768325, 'decay_rate': 0.03401503454415242, 'hidden_size': 32, 'beta1': 0.95, 'beta2': 0.99, 'signal_len': 128, 'cheb_order': 3, 's': 6.625546460155247, 'batch_size': 512, 'k': 4}
Trial 63 finished with value 0.465010437 | dataset=ETTh1_336 | selection=last | epoch=150 | best_val_epoch=88 | test_MSE=0.464647629 | MAE=0.465010437 | RMSE=0.681650665 | params={'learning_rate': 0.029316836089956905, 'decay_rate': 0.0037733706570029822, 'hidden_size': 64, 'beta1': 0.95, 'beta2': 0.99, 'signal_len': 16, 'cheb_order': 3, 's': 8.765899608541437, 'batch_size': 32, 'k': 2}
Trial 64 finished with value 0.481825923 | dataset=ETTh1_336 | selection=last | epoch=150 | best_val_epoch=126 | test_MSE=0.486128657 | MAE=0.481825923 | RMSE=0.697229271 | params={'learning_rate': 0.03320752840959791, 'decay_rate': 0.0038957175953618613, 'hidden_size': 64, 'beta1': 0.95, 'beta2': 0.99, 'signal_len': 16, 'cheb_order': 3, 's': 8.771783098688458, 'batch_size': 32, 'k': 2}
Trial 65 finished with value 0.466820482 | dataset=ETTh1_336 | selection=last | epoch=150 | best_val_epoch=80 | test_MSE=0.465899650 | MAE=0.466820482 | RMSE=0.682568422 | params={'learning_rate': 0.03522668648998581, 'decay_rate': 0.005788673288940221, 'hidden_size': 64, 'beta1': 0.95, 'beta2': 0.99, 'signal_len': 16, 'cheb_order': 3, 's': 8.176952198523907, 'batch_size': 32, 'k': 2}
Trial 66 finished with value 0.477371528 | dataset=ETTh1_336 | selection=last | epoch=150 | best_val_epoch=137 | test_MSE=0.479636748 | MAE=0.477371528 | RMSE=0.692558119 | params={'learning_rate': 0.029388185360603877, 'decay_rate': 0.0016613787138559924, 'hidden_size': 64, 'beta1': 0.95, 'beta2': 0.99, 'signal_len': 16, 'cheb_order': 3, 's': 9.258243950984143, 'batch_size': 32, 'k': 2}
Trial 67 finished with value 0.464884089 | dataset=ETTh1_336 | selection=last | epoch=150 | best_val_epoch=114 | test_MSE=0.464341378 | MAE=0.464884089 | RMSE=0.681425988 | params={'learning_rate': 0.02538306062526872, 'decay_rate': 0.003452519033968225, 'hidden_size': 64, 'beta1': 0.95, 'beta2': 0.99, 'signal_len': 16, 'cheb_order': 3, 's': 7.549498530896674, 'batch_size': 32, 'k': 2}
Trial 68 finished with value 0.464056490 | dataset=ETTh1_336 | selection=last | epoch=150 | best_val_epoch=73 | test_MSE=0.463429050 | MAE=0.464056490 | RMSE=0.680756234 | params={'learning_rate': 0.025361297859754904, 'decay_rate': 0.0034725754163172605, 'hidden_size': 64, 'beta1': 0.95, 'beta2': 0.99, 'signal_len': 16, 'cheb_order': 3, 's': 7.111252486509779, 'batch_size': 32, 'k': 2}
Trial 69 finished with value 0.474202893 | dataset=ETTh1_336 | selection=last | epoch=150 | best_val_epoch=46 | test_MSE=0.477420022 | MAE=0.474202893 | RMSE=0.690955875 | params={'learning_rate': 0.03204701750871808, 'decay_rate': 0.004109699383205702, 'hidden_size': 64, 'beta1': 0.95, 'beta2': 0.99, 'signal_len': 16, 'cheb_order': 3, 's': 5.832271707834612, 'batch_size': 128, 'k': 2}
Trial 70 finished with value 0.481377197 | dataset=ETTh1_336 | selection=last | epoch=150 | best_val_epoch=149 | test_MSE=0.483318388 | MAE=0.481377197 | RMSE=0.695211039 | params={'learning_rate': 0.025580949374296464, 'decay_rate': 0.006992246019338909, 'hidden_size': 32, 'beta1': 0.95, 'beta2': 0.99, 'signal_len': 16, 'cheb_order': 3, 's': 7.176449698794378, 'batch_size': 256, 'k': 2}
Trial 71 finished with value 0.469989561 | dataset=ETTh1_336 | selection=last | epoch=150 | best_val_epoch=69 | test_MSE=0.469199640 | MAE=0.469989561 | RMSE=0.684981489 | params={'learning_rate': 0.029008199005319382, 'decay_rate': 0.010282419499939324, 'hidden_size': 64, 'beta1': 0.95, 'beta2': 0.95, 'signal_len': 16, 'cheb_order': 3, 's': 6.280533439090609, 'batch_size': 32, 'k': 2}
Trial 72 finished with value 0.488826034 | dataset=ETTh1_336 | selection=last | epoch=150 | best_val_epoch=79 | test_MSE=0.489161614 | MAE=0.488826034 | RMSE=0.699400896 | params={'learning_rate': 0.022756507695579895, 'decay_rate': 0.013668123852052624, 'hidden_size': 64, 'beta1': 0.95, 'beta2': 0.99, 'signal_len': 32, 'cheb_order': 3, 's': 7.611007674691812, 'batch_size': 32, 'k': 2}
Trial 73 finished with value 0.475444860 | dataset=ETTh1_336 | selection=last | epoch=150 | best_val_epoch=145 | test_MSE=0.476615000 | MAE=0.475444860 | RMSE=0.690373087 | params={'learning_rate': 0.036684007046895284, 'decay_rate': 0.007710194964195336, 'hidden_size': 64, 'beta1': 0.95, 'beta2': 0.99, 'signal_len': 16, 'cheb_order': 3, 's': 7.045043529758705, 'batch_size': 32, 'k': 2}
Trial 74 finished with value 0.496103155 | dataset=ETTh1_336 | selection=last | epoch=150 | best_val_epoch=112 | test_MSE=0.501368475 | MAE=0.496103155 | RMSE=0.708073778 | params={'learning_rate': 0.027206180145083067, 'decay_rate': 0.000850416222724325, 'hidden_size': 64, 'beta1': 0.95, 'beta2': 0.99, 'signal_len': 16, 'cheb_order': 3, 's': 8.705885660281801, 'batch_size': 32, 'k': 2}
Trial 75 finished with value 0.463816418 | dataset=ETTh1_336 | selection=last | epoch=150 | best_val_epoch=73 | test_MSE=0.463308136 | MAE=0.463816418 | RMSE=0.680667419 | params={'learning_rate': 0.019491323273294173, 'decay_rate': 0.0033071210463829206, 'hidden_size': 64, 'beta1': 0.95, 'beta2': 0.99, 'signal_len': 16, 'cheb_order': 3, 's': 8.309389621251036, 'batch_size': 32, 'k': 2}
Trial 76 finished with value 0.463598381 | dataset=ETTh1_336 | selection=last | epoch=150 | best_val_epoch=73 | test_MSE=0.463075861 | MAE=0.463598381 | RMSE=0.680496776 | params={'learning_rate': 0.024898941510750658, 'decay_rate': 0.002994659253448533, 'hidden_size': 64, 'beta1': 0.95, 'beta2': 0.99, 'signal_len': 16, 'cheb_order': 3, 's': 7.606345143929305, 'batch_size': 32, 'k': 2}
Trial 77 finished with value 0.478883842 | dataset=ETTh1_336 | selection=last | epoch=150 | best_val_epoch=144 | test_MSE=0.481059571 | MAE=0.478883842 | RMSE=0.693584581 | params={'learning_rate': 0.0296196793065276, 'decay_rate': 0.004769665327491079, 'hidden_size': 64, 'beta1': 0.95, 'beta2': 0.99, 'signal_len': 16, 'cheb_order': 3, 's': 7.497731531845992, 'batch_size': 32, 'k': 2}
Trial 78 finished with value 0.618595645 | dataset=ETTh1_336 | selection=last | epoch=150 | best_val_epoch=8 | test_MSE=0.723583120 | MAE=0.618595645 | RMSE=0.850636891 | params={'learning_rate': 0.026120970203401154, 'decay_rate': 1.2128594938234233e-05, 'hidden_size': 64, 'beta1': 0.95, 'beta2': 0.99, 'signal_len': 64, 'cheb_order': 3, 's': 8.281650965903209, 'batch_size': 64, 'k': 2}
Trial 79 finished with value 0.492116466 | dataset=ETTh1_336 | selection=last | epoch=150 | best_val_epoch=88 | test_MSE=0.499099186 | MAE=0.492116466 | RMSE=0.706469523 | params={'learning_rate': 0.031690600074912444, 'decay_rate': 0.04930877124469531, 'hidden_size': 64, 'beta1': 0.95, 'beta2': 0.95, 'signal_len': 16, 'cheb_order': 3, 's': 7.6792025397146375, 'batch_size': 32, 'k': 2}
Trial 80 finished with value 0.482577473 | dataset=ETTh1_336 | selection=last | epoch=150 | best_val_epoch=121 | test_MSE=0.487896554 | MAE=0.482577473 | RMSE=0.698495923 | params={'learning_rate': 0.02320313139930088, 'decay_rate': 0.002890310949514096, 'hidden_size': 16, 'beta1': 0.99, 'beta2': 0.99, 'signal_len': 16, 'cheb_order': 3, 's': 6.809735943027678, 'batch_size': 32, 'k': 2}
Trial 81 finished with value 0.466168359 | dataset=ETTh1_336 | selection=last | epoch=150 | best_val_epoch=81 | test_MSE=0.465451368 | MAE=0.466168359 | RMSE=0.682239963 | params={'learning_rate': 0.02842348905525937, 'decay_rate': 0.006043876996122384, 'hidden_size': 64, 'beta1': 0.95, 'beta2': 0.99, 'signal_len': 16, 'cheb_order': 3, 's': 7.442307507503077, 'batch_size': 128, 'k': 2}
Trial 82 finished with value 0.630198629 | dataset=ETTh1_336 | selection=last | epoch=150 | best_val_epoch=2 | test_MSE=0.705659708 | MAE=0.630198629 | RMSE=0.840035540 | params={'learning_rate': 0.024817039513818886, 'decay_rate': 0.010614831088717254, 'hidden_size': 64, 'beta1': 0.95, 'beta2': 0.99, 'signal_len': 128, 'cheb_order': 3, 's': 9.478867651542261, 'batch_size': 32, 'k': 2}
Trial 83 finished with value 0.465001885 | dataset=ETTh1_336 | selection=last | epoch=150 | best_val_epoch=63 | test_MSE=0.464087592 | MAE=0.465001885 | RMSE=0.681239746 | params={'learning_rate': 0.020983389926140763, 'decay_rate': 0.004918145670946347, 'hidden_size': 32, 'beta1': 0.95, 'beta2': 0.99, 'signal_len': 16, 'cheb_order': 3, 's': 8.224066895288935, 'batch_size': 32, 'k': 2}
Trial 84 finished with value 0.481312455 | dataset=ETTh1_336 | selection=last | epoch=150 | best_val_epoch=85 | test_MSE=0.485653740 | MAE=0.481312455 | RMSE=0.696888614 | params={'learning_rate': 0.021175898638835844, 'decay_rate': 0.00504273469321685, 'hidden_size': 32, 'beta1': 0.95, 'beta2': 0.99, 'signal_len': 16, 'cheb_order': 3, 's': 8.166638709483415, 'batch_size': 32, 'k': 2}
Trial 85 finished with value 0.494946251 | dataset=ETTh1_336 | selection=last | epoch=150 | best_val_epoch=149 | test_MSE=0.509257332 | MAE=0.494946251 | RMSE=0.713622682 | params={'learning_rate': 0.02611936790934051, 'decay_rate': 0.003693130073290657, 'hidden_size': 32, 'beta1': 0.95, 'beta2': 0.99, 'signal_len': 16, 'cheb_order': 3, 's': 7.791686919362862, 'batch_size': 32, 'k': 2}
Trial 86 finished with value 0.492765646 | dataset=ETTh1_336 | selection=last | epoch=150 | best_val_epoch=80 | test_MSE=0.497973571 | MAE=0.492765646 | RMSE=0.705672425 | params={'learning_rate': 0.02236099645331913, 'decay_rate': 0.0011778904617412644, 'hidden_size': 32, 'beta1': 0.95, 'beta2': 0.99, 'signal_len': 16, 'cheb_order': 3, 's': 7.263178564455368, 'batch_size': 32, 'k': 2}
Trial 87 finished with value 0.467180076 | dataset=ETTh1_336 | selection=last | epoch=150 | best_val_epoch=62 | test_MSE=0.466150771 | MAE=0.467180076 | RMSE=0.682752350 | params={'learning_rate': 0.030394817692347746, 'decay_rate': 0.007639705134355446, 'hidden_size': 32, 'beta1': 0.99, 'beta2': 0.99, 'signal_len': 16, 'cheb_order': 3, 's': 8.666577182039676, 'batch_size': 32, 'k': 2}
Trial 88 finished with value 0.494840059 | dataset=ETTh1_336 | selection=last | epoch=150 | best_val_epoch=60 | test_MSE=0.497801565 | MAE=0.494840059 | RMSE=0.705550540 | params={'learning_rate': 0.019307009292513624, 'decay_rate': 0.002670123643305584, 'hidden_size': 32, 'beta1': 0.95, 'beta2': 0.99, 'signal_len': 16, 'cheb_order': 3, 's': 8.333019753633172, 'batch_size': 32, 'k': 2}
Trial 89 finished with value 0.482519534 | dataset=ETTh1_336 | selection=last | epoch=150 | best_val_epoch=80 | test_MSE=0.485476085 | MAE=0.482519534 | RMSE=0.696761139 | params={'learning_rate': 0.027043940689295973, 'decay_rate': 0.006755312872948791, 'hidden_size': 64, 'beta1': 0.95, 'beta2': 0.95, 'signal_len': 16, 'cheb_order': 3, 's': 6.4349839153107, 'batch_size': 512, 'k': 2}
Trial 90 finished with value 0.490524432 | dataset=ETTh1_336 | selection=last | epoch=150 | best_val_epoch=103 | test_MSE=0.498338613 | MAE=0.490524432 | RMSE=0.705931026 | params={'learning_rate': 0.023757206075274526, 'decay_rate': 0.0052143230152470075, 'hidden_size': 64, 'beta1': 0.95, 'beta2': 0.99, 'signal_len': 16, 'cheb_order': 3, 's': 6.933621990006688, 'batch_size': 256, 'k': 2}
Trial 91 finished with value 0.556502175 | dataset=ETTh1_336 | selection=last | epoch=150 | best_val_epoch=68 | test_MSE=0.583294197 | MAE=0.556502175 | RMSE=0.763736995 | params={'learning_rate': 0.02488727053753953, 'decay_rate': 0.008602264854819214, 'hidden_size': 64, 'beta1': 0.99, 'beta2': 0.99, 'signal_len': 64, 'cheb_order': 3, 's': 9.152278540501872, 'batch_size': 32, 'k': 2}
Trial 92 finished with value 0.486523546 | dataset=ETTh1_336 | selection=last | epoch=150 | best_val_epoch=130 | test_MSE=0.481581055 | MAE=0.486523546 | RMSE=0.693960413 | params={'learning_rate': 0.0201369774637537, 'decay_rate': 0.004198626090458754, 'hidden_size': 64, 'beta1': 0.95, 'beta2': 0.99, 'signal_len': 32, 'cheb_order': 3, 's': 1.4569532875969573, 'batch_size': 32, 'k': 2}
Trial 93 finished with value 0.489030511 | dataset=ETTh1_336 | selection=last | epoch=150 | best_val_epoch=22 | test_MSE=0.506945528 | MAE=0.489030511 | RMSE=0.712001073 | params={'learning_rate': 0.018451212237641828, 'decay_rate': 0.001111818588740281, 'hidden_size': 16, 'beta1': 0.95, 'beta2': 0.99, 'signal_len': 16, 'cheb_order': 3, 's': 8.888384123659714, 'batch_size': 32, 'k': 2}
Trial 94 finished with value 0.463573125 | dataset=ETTh1_336 | selection=last | epoch=150 | best_val_epoch=73 | test_MSE=0.462964944 | MAE=0.463573125 | RMSE=0.680415273 | params={'learning_rate': 0.021297491994589614, 'decay_rate': 0.003248802453202404, 'hidden_size': 64, 'beta1': 0.95, 'beta2': 0.99, 'signal_len': 16, 'cheb_order': 3, 's': 5.651942776843377, 'batch_size': 32, 'k': 2}
Trial 95 finished with value 0.463510269 | dataset=ETTh1_336 | selection=last | epoch=150 | best_val_epoch=77 | test_MSE=0.463163352 | MAE=0.463510269 | RMSE=0.680561056 | params={'learning_rate': 0.021069004564687976, 'decay_rate': 0.002752678910115153, 'hidden_size': 64, 'beta1': 0.95, 'beta2': 0.99, 'signal_len': 16, 'cheb_order': 3, 's': 5.228246762032997, 'batch_size': 32, 'k': 2}
Trial 96 finished with value 0.464456124 | dataset=ETTh1_336 | selection=last | epoch=150 | best_val_epoch=73 | test_MSE=0.464399094 | MAE=0.464456124 | RMSE=0.681468337 | params={'learning_rate': 0.021479522000713444, 'decay_rate': 0.002528291024117853, 'hidden_size': 64, 'beta1': 0.95, 'beta2': 0.99, 'signal_len': 16, 'cheb_order': 3, 's': 5.53624943727148, 'batch_size': 32, 'k': 2}
Trial 97 finished with value 0.490470136 | dataset=ETTh1_336 | selection=last | epoch=150 | best_val_epoch=104 | test_MSE=0.497026619 | MAE=0.490470136 | RMSE=0.705001148 | params={'learning_rate': 0.016062005516925135, 'decay_rate': 0.00279389356384185, 'hidden_size': 64, 'beta1': 0.95, 'beta2': 0.99, 'signal_len': 16, 'cheb_order': 3, 's': 5.505129077671774, 'batch_size': 32, 'k': 2}
Trial 98 finished with value 0.487049034 | dataset=ETTh1_336 | selection=last | epoch=150 | best_val_epoch=83 | test_MSE=0.491127280 | MAE=0.487049034 | RMSE=0.700804737 | params={'learning_rate': 0.021987411697050475, 'decay_rate': 0.0403038941339119, 'hidden_size': 64, 'beta1': 0.95, 'beta2': 0.99, 'signal_len': 16, 'cheb_order': 3, 's': 5.077539098647285, 'batch_size': 32, 'k': 2}
Trial 99 finished with value 0.506746291 | dataset=ETTh1_336 | selection=last | epoch=150 | best_val_epoch=11 | test_MSE=0.526706110 | MAE=0.506746291 | RMSE=0.725745210 | params={'learning_rate': 0.0004570518849480801, 'decay_rate': 0.0008301907854438252, 'hidden_size': 64, 'beta1': 0.95, 'beta2': 0.99, 'signal_len': 16, 'cheb_order': 3, 's': 6.025833194474391, 'batch_size': 32, 'k': 2}
Trial 100 finished with value 0.492665644 | dataset=ETTh1_336 | selection=last | epoch=150 | best_val_epoch=75 | test_MSE=0.503575569 | MAE=0.492665644 | RMSE=0.709630586 | params={'learning_rate': 0.04983503143295927, 'decay_rate': 0.002560698079042815, 'hidden_size': 64, 'beta1': 0.99, 'beta2': 0.99, 'signal_len': 16, 'cheb_order': 3, 's': 4.741963575884309, 'batch_size': 64, 'k': 2}
Trial 101 finished with value 0.489510327 | dataset=ETTh1_336 | selection=last | epoch=150 | best_val_epoch=13 | test_MSE=0.498383214 | MAE=0.489510327 | RMSE=0.705962615 | params={'learning_rate': 0.004890598079451314, 'decay_rate': 0.006139383926367249, 'hidden_size': 64, 'beta1': 0.95, 'beta2': 0.99, 'signal_len': 16, 'cheb_order': 3, 's': 5.37267370695953, 'batch_size': 32, 'k': 2}
Trial 102 finished with value 0.638946280 | dataset=ETTh1_336 | selection=last | epoch=150 | best_val_epoch=5 | test_MSE=0.866534494 | MAE=0.638946280 | RMSE=0.930878345 | params={'learning_rate': 0.02285936905143436, 'decay_rate': 0.0017079716116344152, 'hidden_size': 64, 'beta1': 0.95, 'beta2': 0.99, 'signal_len': 128, 'cheb_order': 3, 's': 7.435011504391924, 'batch_size': 128, 'k': 2}
Trial 103 finished with value 0.473526151 | dataset=ETTh1_336 | selection=last | epoch=150 | best_val_epoch=104 | test_MSE=0.472658662 | MAE=0.473526151 | RMSE=0.687501754 | params={'learning_rate': 0.012298898075785117, 'decay_rate': 0.015971276999842465, 'hidden_size': 64, 'beta1': 0.95, 'beta2': 0.95, 'signal_len': 16, 'cheb_order': 3, 's': 6.611935026695101, 'batch_size': 32, 'k': 2}
Trial 104 finished with value 0.470998560 | dataset=ETTh1_336 | selection=last | epoch=150 | best_val_epoch=126 | test_MSE=0.470049291 | MAE=0.470998560 | RMSE=0.685601408 | params={'learning_rate': 0.020758497640730136, 'decay_rate': 0.004957158258354395, 'hidden_size': 64, 'beta1': 0.95, 'beta2': 0.99, 'signal_len': 16, 'cheb_order': 3, 's': 7.792243166723458, 'batch_size': 32, 'k': 2}
Trial 105 finished with value 0.464288678 | dataset=ETTh1_336 | selection=last | epoch=150 | best_val_epoch=77 | test_MSE=0.463857297 | MAE=0.464288678 | RMSE=0.681070699 | params={'learning_rate': 0.018406486754205965, 'decay_rate': 0.0035028546093006244, 'hidden_size': 64, 'beta1': 0.95, 'beta2': 0.99, 'signal_len': 16, 'cheb_order': 3, 's': 8.110655641469005, 'batch_size': 32, 'k': 2}
Trial 106 finished with value 0.486858563 | dataset=ETTh1_336 | selection=last | epoch=150 | best_val_epoch=13 | test_MSE=0.494300877 | MAE=0.486858563 | RMSE=0.703065343 | params={'learning_rate': 0.014769395627829076, 'decay_rate': 0.0035363203339874123, 'hidden_size': 64, 'beta1': 0.95, 'beta2': 0.99, 'signal_len': 16, 'cheb_order': 3, 's': 5.244047894881194, 'batch_size': 32, 'k': 2}
Trial 107 finished with value 0.485573152 | dataset=ETTh1_336 | selection=last | epoch=150 | best_val_epoch=73 | test_MSE=0.490760423 | MAE=0.485573152 | RMSE=0.700542948 | params={'learning_rate': 0.01819217314834823, 'decay_rate': 0.0006922079454636104, 'hidden_size': 64, 'beta1': 0.95, 'beta2': 0.99, 'signal_len': 16, 'cheb_order': 3, 's': 8.037681865143798, 'batch_size': 32, 'k': 2}
Trial 108 finished with value 0.463079420 | dataset=ETTh1_336 | selection=last | epoch=150 | best_val_epoch=107 | test_MSE=0.462687635 | MAE=0.463079420 | RMSE=0.680211463 | params={'learning_rate': 0.02528215985232521, 'decay_rate': 0.002402593072835153, 'hidden_size': 64, 'beta1': 0.95, 'beta2': 0.99, 'signal_len': 16, 'cheb_order': 3, 's': 5.70865318190079, 'batch_size': 32, 'k': 2}
Trial 109 finished with value 0.499749831 | dataset=ETTh1_336 | selection=last | epoch=150 | best_val_epoch=23 | test_MSE=0.514994398 | MAE=0.499749831 | RMSE=0.717631102 | params={'learning_rate': 0.023668432336566434, 'decay_rate': 0.0021530019127186076, 'hidden_size': 64, 'beta1': 0.95, 'beta2': 0.99, 'signal_len': 16, 'cheb_order': 3, 's': 4.895527766188877, 'batch_size': 512, 'k': 2}
