Trial 279 finished with value 0.462929287 | dataset=ETTh1_192 | selection=last | epoch=150 | best_val_epoch=74 | test_MSE=0.464508908 | MAE=0.462929287 | RMSE=0.681548904 | params={'learning_rate': 0.03822237140339018, 'decay_rate': 0.0016178914654894684, 'hidden_size': 32, 'beta1': 0.95, 'beta2': 0.99, 'signal_len': 16, 'cheb_order': 2, 's': 7.370544296544875, 'batch_size': 128, 'k': 6}
Trial 280 finished with value 0.455613525 | dataset=ETTh1_192 | selection=last | epoch=150 | best_val_epoch=7 | test_MSE=0.460472949 | MAE=0.455613525 | RMSE=0.678581571 | params={'learning_rate': 0.044270267716328186, 'decay_rate': 0.0039258062004867665, 'hidden_size': 32, 'beta1': 0.95, 'beta2': 0.99, 'signal_len': 16, 'cheb_order': 2, 's': 6.99017678186182, 'batch_size': 256, 'k': 6}
