Trial 111 finished with value 0.446438377 | dataset=ETTh1_96 | selection=last | epoch=150 | best_val_epoch=54 | test_MSE=0.448383394 | MAE=0.446438377 | RMSE=0.669614362 | params={'learning_rate': 0.048086746852371506, 'decay_rate': 0.0011226364361584355, 'hidden_size': 16, 'beta1': 0.95, 'beta2': 0.99, 'signal_len': 32, 'cheb_order': 2, 's': 4.96798393675106, 'batch_size': 64, 'k': 4}
Trial 112 finished with value 0.437160861 | dataset=ETTh1_96 | selection=last | epoch=150 | best_val_epoch=75 | test_MSE=0.435214218 | MAE=0.437160861 | RMSE=0.659707676 | params={'learning_rate': 0.0402659497863866, 'decay_rate': 0.003923008162049867, 'hidden_size': 16, 'beta1': 0.9, 'beta2': 0.99, 'signal_len': 16, 'cheb_order': 2, 's': 9.104111020843416, 'batch_size': 512, 'k': 4}
Trial 113 finished with value 0.429894116 | dataset=ETTh1_96 | selection=last | epoch=150 | best_val_epoch=129 | test_MSE=0.428863795 | MAE=0.429894116 | RMSE=0.654876932 | params={'learning_rate': 0.04426342694513814, 'decay_rate': 0.006089342823299492, 'hidden_size': 16, 'beta1': 0.95, 'beta2': 0.95, 'signal_len': 16, 'cheb_order': 2, 's': 3.599833042048496, 'batch_size': 64, 'k': 4}
Trial 114 finished with value 0.421457382 | dataset=ETTh1_96 | selection=last | epoch=150 | best_val_epoch=122 | test_MSE=0.424144901 | MAE=0.421457382 | RMSE=0.651264079 | params={'learning_rate': 0.04901835398031222, 'decay_rate': 0.002244285775565895, 'hidden_size': 32, 'beta1': 0.95, 'beta2': 0.99, 'signal_len': 16, 'cheb_order': 2, 's': 2.7765301018549917, 'batch_size': 64, 'k': 4}
Trial 115 finished with value 0.418056936 | dataset=ETTh1_96 | selection=last | epoch=150 | best_val_epoch=56 | test_MSE=0.416270409 | MAE=0.418056936 | RMSE=0.645190211 | params={'learning_rate': 0.04576737348474659, 'decay_rate': 0.003191200956350633, 'hidden_size': 32, 'beta1': 0.95, 'beta2': 0.99, 'signal_len': 16, 'cheb_order': 2, 's': 3.352421685515054, 'batch_size': 64, 'k': 4}
Trial 116 finished with value 0.416833884 | dataset=ETTh1_96 | selection=last | epoch=150 | best_val_epoch=40 | test_MSE=0.415399687 | MAE=0.416833884 | RMSE=0.644515079 | params={'learning_rate': 0.04790588035992616, 'decay_rate': 0.0009227673503576866, 'hidden_size': 32, 'beta1': 0.95, 'beta2': 0.99, 'signal_len': 16, 'cheb_order': 2, 's': 3.1844900475922713, 'batch_size': 64, 'k': 4}
Trial 117 finished with value 0.415436383 | dataset=ETTh1_96 | selection=last | epoch=150 | best_val_epoch=100 | test_MSE=0.414520857 | MAE=0.415436383 | RMSE=0.643832942 | params={'learning_rate': 0.045241377251643976, 'decay_rate': 0.0008266264925651666, 'hidden_size': 32, 'beta1': 0.95, 'beta2': 0.99, 'signal_len': 16, 'cheb_order': 2, 's': 2.925193858638907, 'batch_size': 64, 'k': 4}
Trial 118 finished with value 0.416482493 | dataset=ETTh1_96 | selection=last | epoch=150 | best_val_epoch=91 | test_MSE=0.415475511 | MAE=0.416482493 | RMSE=0.644573899 | params={'learning_rate': 0.04681024107692602, 'decay_rate': 0.0007785017780051052, 'hidden_size': 32, 'beta1': 0.95, 'beta2': 0.99, 'signal_len': 16, 'cheb_order': 2, 's': 2.6091617925971184, 'batch_size': 64, 'k': 4}
Trial 119 finished with value 0.432607478 | dataset=ETTh1_96 | selection=last | epoch=150 | best_val_epoch=72 | test_MSE=0.432593101 | MAE=0.432607478 | RMSE=0.657718102 | params={'learning_rate': 0.044754895969817424, 'decay_rate': 0.0006397331045296737, 'hidden_size': 32, 'beta1': 0.95, 'beta2': 0.95, 'signal_len': 16, 'cheb_order': 3, 's': 2.568090353247472, 'batch_size': 64, 'k': 4}
Trial 120 finished with value 0.416003029 | dataset=ETTh1_96 | selection=last | epoch=150 | best_val_epoch=72 | test_MSE=0.414774444 | MAE=0.416003029 | RMSE=0.644029847 | params={'learning_rate': 0.04520064322321449, 'decay_rate': 0.0016036507443942156, 'hidden_size': 32, 'beta1': 0.95, 'beta2': 0.95, 'signal_len': 16, 'cheb_order': 2, 's': 2.280629151642896, 'batch_size': 64, 'k': 4}
Trial 121 finished with value 0.417619211 | dataset=ETTh1_96 | selection=last | epoch=150 | best_val_epoch=110 | test_MSE=0.415671382 | MAE=0.417619211 | RMSE=0.644725819 | params={'learning_rate': 0.046594549821726484, 'decay_rate': 0.0015678161486608808, 'hidden_size': 32, 'beta1': 0.95, 'beta2': 0.95, 'signal_len': 16, 'cheb_order': 2, 's': 2.2028669948733235, 'batch_size': 64, 'k': 4}
Trial 122 finished with value 0.438972600 | dataset=ETTh1_96 | selection=last | epoch=150 | best_val_epoch=29 | test_MSE=0.434271408 | MAE=0.438972600 | RMSE=0.658992722 | params={'learning_rate': 0.04523688325132369, 'decay_rate': 7.305889729337283e-05, 'hidden_size': 32, 'beta1': 0.95, 'beta2': 0.95, 'signal_len': 16, 'cheb_order': 2, 's': 2.3728909493554715, 'batch_size': 256, 'k': 4}
Trial 123 finished with value 0.439451747 | dataset=ETTh1_96 | selection=last | epoch=150 | best_val_epoch=91 | test_MSE=0.443405902 | MAE=0.439451747 | RMSE=0.665887304 | params={'learning_rate': 0.04763808676664826, 'decay_rate': 0.03902932007478991, 'hidden_size': 32, 'beta1': 0.95, 'beta2': 0.95, 'signal_len': 16, 'cheb_order': 2, 's': 3.1208289920439882, 'batch_size': 64, 'k': 4}
Trial 124 finished with value 0.429542759 | dataset=ETTh1_96 | selection=last | epoch=150 | best_val_epoch=122 | test_MSE=0.435851435 | MAE=0.429542759 | RMSE=0.660190454 | params={'learning_rate': 0.046497472577913715, 'decay_rate': 0.001527737414622891, 'hidden_size': 32, 'beta1': 0.95, 'beta2': 0.95, 'signal_len': 16, 'cheb_order': 2, 's': 1.8808403061204757, 'batch_size': 64, 'k': 4}
Trial 125 finished with value 0.438512820 | dataset=ETTh1_96 | selection=last | epoch=150 | best_val_epoch=5 | test_MSE=0.436771226 | MAE=0.438512820 | RMSE=0.660886697 | params={'learning_rate': 0.0010113626675385505, 'decay_rate': 0.004645500113155018, 'hidden_size': 32, 'beta1': 0.95, 'beta2': 0.95, 'signal_len': 16, 'cheb_order': 2, 's': 2.8414112167473338, 'batch_size': 64, 'k': 4}
Trial 126 finished with value 0.440534222 | dataset=ETTh1_96 | selection=last | epoch=150 | best_val_epoch=8 | test_MSE=0.435621728 | MAE=0.440534222 | RMSE=0.660016460 | params={'learning_rate': 0.04226310282972133, 'decay_rate': 0.0008548464579502067, 'hidden_size': 32, 'beta1': 0.95, 'beta2': 0.95, 'signal_len': 16, 'cheb_order': 2, 's': 2.566761776642258, 'batch_size': 64, 'k': 4}
Trial 127 finished with value 0.444248605 | dataset=ETTh1_96 | selection=last | epoch=150 | best_val_epoch=70 | test_MSE=0.439668912 | MAE=0.444248605 | RMSE=0.663075344 | params={'learning_rate': 0.049289585683825916, 'decay_rate': 0.0015723590017626518, 'hidden_size': 32, 'beta1': 0.95, 'beta2': 0.95, 'signal_len': 16, 'cheb_order': 2, 's': 4.607539281172431, 'batch_size': 128, 'k': 4}
Trial 128 finished with value 0.418480015 | dataset=ETTh1_96 | selection=last | epoch=150 | best_val_epoch=72 | test_MSE=0.416825922 | MAE=0.418480015 | RMSE=0.645620571 | params={'learning_rate': 0.044547430828281935, 'decay_rate': 0.003915225175510516, 'hidden_size': 32, 'beta1': 0.95, 'beta2': 0.99, 'signal_len': 16, 'cheb_order': 2, 's': 2.084675638853418, 'batch_size': 64, 'k': 4}
Trial 129 finished with value 0.560760241 | dataset=ETTh1_96 | selection=last | epoch=150 | best_val_epoch=4 | test_MSE=0.691328293 | MAE=0.560760241 | RMSE=0.831461540 | params={'learning_rate': 0.04343715108243047, 'decay_rate': 0.0030117680909741893, 'hidden_size': 32, 'beta1': 0.99, 'beta2': 0.999, 'signal_len': 128, 'cheb_order': 3, 's': 2.8688138685217406, 'batch_size': 64, 'k': 4}
Trial 130 finished with value 0.503819495 | dataset=ETTh1_96 | selection=last | epoch=150 | best_val_epoch=70 | test_MSE=0.565069505 | MAE=0.503819495 | RMSE=0.751711051 | params={'learning_rate': 0.0455636016412686, 'decay_rate': 0.00013387622647381627, 'hidden_size': 32, 'beta1': 0.95, 'beta2': 0.95, 'signal_len': 64, 'cheb_order': 2, 's': 7.267861194931033, 'batch_size': 64, 'k': 4}
Trial 131 finished with value 0.420388434 | dataset=ETTh1_96 | selection=last | epoch=150 | best_val_epoch=96 | test_MSE=0.418023860 | MAE=0.420388434 | RMSE=0.646547647 | params={'learning_rate': 0.04093811378287671, 'decay_rate': 0.005235951503812182, 'hidden_size': 32, 'beta1': 0.95, 'beta2': 0.95, 'signal_len': 16, 'cheb_order': 2, 's': 1.7127993460204693, 'batch_size': 64, 'k': 4}
Trial 132 finished with value 0.416821796 | dataset=ETTh1_96 | selection=last | epoch=150 | best_val_epoch=56 | test_MSE=0.415240089 | MAE=0.416821796 | RMSE=0.644391254 | params={'learning_rate': 0.04741662670580474, 'decay_rate': 0.002290424259582091, 'hidden_size': 32, 'beta1': 0.95, 'beta2': 0.99, 'signal_len': 16, 'cheb_order': 2, 's': 3.7251699084858743, 'batch_size': 64, 'k': 4}
Trial 133 finished with value 0.425216703 | dataset=ETTh1_96 | selection=last | epoch=150 | best_val_epoch=131 | test_MSE=0.427957969 | MAE=0.425216703 | RMSE=0.654184965 | params={'learning_rate': 0.047134606898128234, 'decay_rate': 0.0016185387999254023, 'hidden_size': 32, 'beta1': 0.9, 'beta2': 0.99, 'signal_len': 16, 'cheb_order': 2, 's': 3.747619022624554, 'batch_size': 64, 'k': 4}
Trial 134 finished with value 0.431762409 | dataset=ETTh1_96 | selection=last | epoch=150 | best_val_epoch=119 | test_MSE=0.434085102 | MAE=0.431762409 | RMSE=0.658851351 | params={'learning_rate': 0.04993462309419574, 'decay_rate': 0.003967555267088099, 'hidden_size': 32, 'beta1': 0.95, 'beta2': 0.99, 'signal_len': 16, 'cheb_order': 2, 's': 4.1095006921363515, 'batch_size': 64, 'k': 4}
Trial 135 finished with value 0.425504081 | dataset=ETTh1_96 | selection=last | epoch=150 | best_val_epoch=122 | test_MSE=0.429222987 | MAE=0.425504081 | RMSE=0.655151118 | params={'learning_rate': 0.048433951773109864, 'decay_rate': 0.0021657850602995617, 'hidden_size': 32, 'beta1': 0.95, 'beta2': 0.99, 'signal_len': 16, 'cheb_order': 2, 's': 3.1641484517599165, 'batch_size': 64, 'k': 4}
Trial 136 finished with value 0.415962615 | dataset=ETTh1_96 | selection=last | epoch=150 | best_val_epoch=91 | test_MSE=0.414772183 | MAE=0.415962615 | RMSE=0.644028092 | params={'learning_rate': 0.0464705244168812, 'decay_rate': 0.0008390562937077484, 'hidden_size': 32, 'beta1': 0.95, 'beta2': 0.99, 'signal_len': 16, 'cheb_order': 2, 's': 7.897148939915425, 'batch_size': 64, 'k': 4}
Trial 137 finished with value 0.415997013 | dataset=ETTh1_96 | selection=last | epoch=150 | best_val_epoch=95 | test_MSE=0.414136097 | MAE=0.415997013 | RMSE=0.643534068 | params={'learning_rate': 0.04596990176994252, 'decay_rate': 0.0010392476922199776, 'hidden_size': 32, 'beta1': 0.95, 'beta2': 0.99, 'signal_len': 16, 'cheb_order': 2, 's': 7.839668355130562, 'batch_size': 64, 'k': 4}
Trial 138 finished with value 0.446873331 | dataset=ETTh1_96 | selection=last | epoch=150 | best_val_epoch=37 | test_MSE=0.443239379 | MAE=0.446873331 | RMSE=0.665762254 | params={'learning_rate': 0.047910862032585835, 'decay_rate': 0.0007940700602466306, 'hidden_size': 32, 'beta1': 0.95, 'beta2': 0.99, 'signal_len': 16, 'cheb_order': 2, 's': 7.920988068059181, 'batch_size': 64, 'k': 4}
Trial 139 finished with value 0.416579423 | dataset=ETTh1_96 | selection=last | epoch=150 | best_val_epoch=110 | test_MSE=0.414843902 | MAE=0.416579423 | RMSE=0.644083770 | params={'learning_rate': 0.04609341417141042, 'decay_rate': 0.001206994680231679, 'hidden_size': 32, 'beta1': 0.95, 'beta2': 0.99, 'signal_len': 16, 'cheb_order': 2, 's': 8.222484790744163, 'batch_size': 64, 'k': 4}
Trial 140 finished with value 0.444402975 | dataset=ETTh1_96 | selection=last | epoch=150 | best_val_epoch=13 | test_MSE=0.442150713 | MAE=0.444402975 | RMSE=0.664944143 | params={'learning_rate': 0.04612395479425924, 'decay_rate': 0.00015141511640091399, 'hidden_size': 32, 'beta1': 0.95, 'beta2': 0.99, 'signal_len': 16, 'cheb_order': 2, 's': 7.873171169644901, 'batch_size': 64, 'k': 4}
Trial 141 finished with value 0.450861436 | dataset=ETTh1_96 | selection=last | epoch=150 | best_val_epoch=17 | test_MSE=0.449047270 | MAE=0.450861436 | RMSE=0.670109894 | params={'learning_rate': 0.044961765575177934, 'decay_rate': 0.0027093283778891857, 'hidden_size': 32, 'beta1': 0.95, 'beta2': 0.99, 'signal_len': 32, 'cheb_order': 2, 's': 8.29011590878345, 'batch_size': 512, 'k': 4}
Trial 142 finished with value 0.430752108 | dataset=ETTh1_96 | selection=last | epoch=150 | best_val_epoch=100 | test_MSE=0.430977772 | MAE=0.430752108 | RMSE=0.656488973 | params={'learning_rate': 0.04721378170988306, 'decay_rate': 0.018027667342733027, 'hidden_size': 32, 'beta1': 0.95, 'beta2': 0.99, 'signal_len': 16, 'cheb_order': 2, 's': 7.58673636182529, 'batch_size': 32, 'k': 4}
Trial 143 finished with value 0.421004006 | dataset=ETTh1_96 | selection=last | epoch=150 | best_val_epoch=122 | test_MSE=0.424796165 | MAE=0.421004006 | RMSE=0.651763887 | params={'learning_rate': 0.04883643837235415, 'decay_rate': 0.0011734472208741848, 'hidden_size': 32, 'beta1': 0.95, 'beta2': 0.99, 'signal_len': 16, 'cheb_order': 2, 's': 7.758561370051634, 'batch_size': 64, 'k': 4}
Trial 144 finished with value 0.416843678 | dataset=ETTh1_96 | selection=last | epoch=150 | best_val_epoch=96 | test_MSE=0.414410794 | MAE=0.416843678 | RMSE=0.643747461 | params={'learning_rate': 0.04391035080044945, 'decay_rate': 0.002023365192270437, 'hidden_size': 32, 'beta1': 0.95, 'beta2': 0.99, 'signal_len': 16, 'cheb_order': 2, 's': 8.373118222030751, 'batch_size': 64, 'k': 4}
Trial 145 finished with value 0.418185881 | dataset=ETTh1_96 | selection=last | epoch=150 | best_val_epoch=91 | test_MSE=0.415495521 | MAE=0.418185881 | RMSE=0.644589421 | params={'learning_rate': 0.04405456935017761, 'decay_rate': 0.0030630311956102423, 'hidden_size': 32, 'beta1': 0.95, 'beta2': 0.99, 'signal_len': 16, 'cheb_order': 2, 's': 8.169738556680931, 'batch_size': 64, 'k': 4}
Trial 146 finished with value 0.416716262 | dataset=ETTh1_96 | selection=last | epoch=150 | best_val_epoch=107 | test_MSE=0.415165163 | MAE=0.416716262 | RMSE=0.644333115 | params={'learning_rate': 0.04596779069426277, 'decay_rate': 0.0019421984358142682, 'hidden_size': 32, 'beta1': 0.95, 'beta2': 0.99, 'signal_len': 16, 'cheb_order': 2, 's': 8.56318978549322, 'batch_size': 64, 'k': 4}
Trial 147 finished with value 0.443960755 | dataset=ETTh1_96 | selection=last | epoch=150 | best_val_epoch=52 | test_MSE=0.440360712 | MAE=0.443960755 | RMSE=0.663596799 | params={'learning_rate': 0.04628037910155957, 'decay_rate': 0.0009044198958130696, 'hidden_size': 32, 'beta1': 0.95, 'beta2': 0.99, 'signal_len': 16, 'cheb_order': 2, 's': 8.448459078360983, 'batch_size': 64, 'k': 4}
Trial 148 finished with value 0.425746893 | dataset=ETTh1_96 | selection=last | epoch=150 | best_val_epoch=122 | test_MSE=0.428806782 | MAE=0.425746893 | RMSE=0.654833400 | params={'learning_rate': 0.04531916596342404, 'decay_rate': 0.00439298950170087, 'hidden_size': 32, 'beta1': 0.95, 'beta2': 0.99, 'signal_len': 16, 'cheb_order': 2, 's': 8.162594207777646, 'batch_size': 64, 'k': 4}
Trial 149 finished with value 0.446944844 | dataset=ETTh1_96 | selection=last | epoch=150 | best_val_epoch=83 | test_MSE=0.444999418 | MAE=0.446944844 | RMSE=0.667082767 | params={'learning_rate': 0.04747647930286611, 'decay_rate': 2.716674185918727e-05, 'hidden_size': 32, 'beta1': 0.95, 'beta2': 0.99, 'signal_len': 16, 'cheb_order': 2, 's': 8.690439426988018, 'batch_size': 64, 'k': 4}
Trial 150 finished with value 0.425817453 | dataset=ETTh1_96 | selection=last | epoch=150 | best_val_epoch=95 | test_MSE=0.429653365 | MAE=0.425817453 | RMSE=0.655479492 | params={'learning_rate': 0.04996818881416746, 'decay_rate': 0.0015808867912096508, 'hidden_size': 32, 'beta1': 0.95, 'beta2': 0.99, 'signal_len': 16, 'cheb_order': 2, 's': 9.127229419052103, 'batch_size': 64, 'k': 4}
Trial 151 finished with value 0.435479010 | dataset=ETTh1_96 | selection=last | epoch=150 | best_val_epoch=13 | test_MSE=0.427942273 | MAE=0.435479010 | RMSE=0.654172969 | params={'learning_rate': 0.04850107885138756, 'decay_rate': 0.003528450793435463, 'hidden_size': 32, 'beta1': 0.95, 'beta2': 0.99, 'signal_len': 16, 'cheb_order': 2, 's': 8.854453112987935, 'batch_size': 64, 'k': 4}
Trial 152 finished with value 0.422435458 | dataset=ETTh1_96 | selection=last | epoch=150 | best_val_epoch=122 | test_MSE=0.426057222 | MAE=0.422435458 | RMSE=0.652730589 | params={'learning_rate': 0.04683105054059106, 'decay_rate': 0.0020426433650614297, 'hidden_size': 32, 'beta1': 0.95, 'beta2': 0.99, 'signal_len': 16, 'cheb_order': 2, 's': 8.577880787556296, 'batch_size': 64, 'k': 4}
Trial 153 finished with value 0.437554781 | dataset=ETTh1_96 | selection=last | epoch=150 | best_val_epoch=138 | test_MSE=0.441567647 | MAE=0.437554781 | RMSE=0.664505566 | params={'learning_rate': 0.0441793695496109, 'decay_rate': 0.03218934626136094, 'hidden_size': 32, 'beta1': 0.95, 'beta2': 0.99, 'signal_len': 64, 'cheb_order': 2, 's': 8.035160845336208, 'batch_size': 256, 'k': 4}
Trial 154 finished with value 0.433899340 | dataset=ETTh1_96 | selection=last | epoch=150 | best_val_epoch=100 | test_MSE=0.435298843 | MAE=0.433899340 | RMSE=0.659771811 | params={'learning_rate': 0.04250401368051113, 'decay_rate': 0.025980784209589634, 'hidden_size': 32, 'beta1': 0.95, 'beta2': 0.99, 'signal_len': 16, 'cheb_order': 2, 's': 8.313500498794722, 'batch_size': 64, 'k': 4}
Trial 155 finished with value 0.417658452 | dataset=ETTh1_96 | selection=last | epoch=150 | best_val_epoch=91 | test_MSE=0.415107659 | MAE=0.417658452 | RMSE=0.644288490 | params={'learning_rate': 0.045312511547878374, 'decay_rate': 0.0023766769535248024, 'hidden_size': 32, 'beta1': 0.95, 'beta2': 0.99, 'signal_len': 16, 'cheb_order': 2, 's': 7.0380414129962885, 'batch_size': 64, 'k': 4}
Trial 156 finished with value 0.422758799 | dataset=ETTh1_96 | selection=last | epoch=150 | best_val_epoch=122 | test_MSE=0.427428380 | MAE=0.422758799 | RMSE=0.653780070 | params={'learning_rate': 0.04300461717324517, 'decay_rate': 0.0009321325428139574, 'hidden_size': 32, 'beta1': 0.95, 'beta2': 0.99, 'signal_len': 16, 'cheb_order': 2, 's': 7.426752518354136, 'batch_size': 64, 'k': 4}
Trial 157 finished with value 0.418012609 | dataset=ETTh1_96 | selection=last | epoch=150 | best_val_epoch=41 | test_MSE=0.416361893 | MAE=0.418012609 | RMSE=0.645261104 | params={'learning_rate': 0.046543929645017856, 'decay_rate': 0.003195774991264754, 'hidden_size': 32, 'beta1': 0.95, 'beta2': 0.99, 'signal_len': 16, 'cheb_order': 2, 's': 8.881635828706765, 'batch_size': 64, 'k': 4}
Trial 158 finished with value 0.416310293 | dataset=ETTh1_96 | selection=last | epoch=150 | best_val_epoch=72 | test_MSE=0.415016210 | MAE=0.416310293 | RMSE=0.644217517 | params={'learning_rate': 0.048089143713847225, 'decay_rate': 0.0018441200773455949, 'hidden_size': 32, 'beta1': 0.95, 'beta2': 0.99, 'signal_len': 16, 'cheb_order': 2, 's': 7.65356885704419, 'batch_size': 64, 'k': 4}
Trial 159 finished with value 0.428384974 | dataset=ETTh1_96 | selection=last | epoch=150 | best_val_epoch=59 | test_MSE=0.427686922 | MAE=0.428384974 | RMSE=0.653977769 | params={'learning_rate': 0.04784651482872026, 'decay_rate': 4.511370200546445e-05, 'hidden_size': 32, 'beta1': 0.95, 'beta2': 0.99, 'signal_len': 16, 'cheb_order': 2, 's': 7.757403969560983, 'batch_size': 64, 'k': 4}
Trial 160 finished with value 0.435448891 | dataset=ETTh1_96 | selection=last | epoch=150 | best_val_epoch=107 | test_MSE=0.433993467 | MAE=0.435448891 | RMSE=0.658781805 | params={'learning_rate': 0.048825891213709685, 'decay_rate': 0.0018495961426035958, 'hidden_size': 32, 'beta1': 0.99, 'beta2': 0.99, 'signal_len': 16, 'cheb_order': 2, 's': 8.393297773799464, 'batch_size': 128, 'k': 4}
Trial 161 finished with value 0.427372019 | dataset=ETTh1_96 | selection=last | epoch=150 | best_val_epoch=122 | test_MSE=0.431535374 | MAE=0.427372019 | RMSE=0.656913521 | params={'learning_rate': 0.04609534552133679, 'decay_rate': 0.004656537719633017, 'hidden_size': 32, 'beta1': 0.95, 'beta2': 0.99, 'signal_len': 16, 'cheb_order': 2, 's': 7.415799991170283, 'batch_size': 64, 'k': 4}
Trial 162 finished with value 0.548191809 | dataset=ETTh1_96 | selection=last | epoch=150 | best_val_epoch=68 | test_MSE=0.696673792 | MAE=0.548191809 | RMSE=0.834669870 | params={'learning_rate': 0.0477671833842614, 'decay_rate': 0.0011482181076898983, 'hidden_size': 32, 'beta1': 0.95, 'beta2': 0.99, 'signal_len': 128, 'cheb_order': 2, 's': 8.004822404676633, 'batch_size': 64, 'k': 4}
Trial 163 finished with value 0.420766782 | dataset=ETTh1_96 | selection=last | epoch=150 | best_val_epoch=60 | test_MSE=0.419211973 | MAE=0.420766782 | RMSE=0.647465808 | params={'learning_rate': 0.044877324022917095, 'decay_rate': 0.005958971649282212, 'hidden_size': 32, 'beta1': 0.9, 'beta2': 0.99, 'signal_len': 16, 'cheb_order': 2, 's': 7.761496611541011, 'batch_size': 64, 'k': 4}
Trial 164 finished with value 0.418456629 | dataset=ETTh1_96 | selection=last | epoch=150 | best_val_epoch=59 | test_MSE=0.415860167 | MAE=0.418456629 | RMSE=0.644872210 | params={'learning_rate': 0.043475430193015, 'decay_rate': 0.0024266267244166966, 'hidden_size': 32, 'beta1': 0.95, 'beta2': 0.99, 'signal_len': 16, 'cheb_order': 2, 's': 8.207559906492481, 'batch_size': 64, 'k': 4}
Trial 165 finished with value 0.425998274 | dataset=ETTh1_96 | selection=last | epoch=150 | best_val_epoch=122 | test_MSE=0.430457588 | MAE=0.425998274 | RMSE=0.656092667 | params={'learning_rate': 0.049189535943599844, 'decay_rate': 0.003663629259056375, 'hidden_size': 32, 'beta1': 0.95, 'beta2': 0.99, 'signal_len': 16, 'cheb_order': 2, 's': 7.629990755087562, 'batch_size': 64, 'k': 4}
Trial 166 finished with value 0.416985392 | dataset=ETTh1_96 | selection=last | epoch=150 | best_val_epoch=100 | test_MSE=0.414562087 | MAE=0.416985392 | RMSE=0.643864960 | params={'learning_rate': 0.04647319739258988, 'decay_rate': 0.001818234402180582, 'hidden_size': 32, 'beta1': 0.95, 'beta2': 0.99, 'signal_len': 16, 'cheb_order': 2, 's': 8.521469513178864, 'batch_size': 64, 'k': 4}
