RUN study=ETTh1_192_ufgtime_plus_ett_main_config_mean_v1_mean_last | storage=sqlite:////home/xy/Research/UFGTime/UFGTime+/sqlite/ETTh1_192_ufgtime_plus_ett_main_config_mean_v1_mean_last.sqlite3 | trials_this_run=500 | log=/home/xy/Research/UFGTime/UFGTime+/logs/ETTh1_192_ufgtime_plus_ett_main_config_mean_v1_mean_last/20260917_170334_159444.log
Trial 0 finished with value 0.468051726 | dataset=ETTh1_192 | selection=last | epoch=150 | best_val_epoch=38 | test_MSE=0.454179112 | MAE=0.468051726 | RMSE=0.673928121 | params={'learning_rate': 0.027445187061326964, 'decay_rate': 0.03576231642495725, 'hidden_size': 16, 'beta1': 0.99, 'beta2': 0.95, 'signal_len': 64, 'cheb_order': 2, 's': 8.510316625376648, 'batch_size': 128, 'k': 6}
Trial 1 finished with value 0.546426473 | dataset=ETTh1_192 | selection=last | epoch=150 | best_val_epoch=21 | test_MSE=0.598202397 | MAE=0.546426473 | RMSE=0.773435451 | params={'learning_rate': 0.005922538549187971, 'decay_rate': 0.031999651856162915, 'hidden_size': 32, 'beta1': 0.99, 'beta2': 0.99, 'signal_len': 128, 'cheb_order': 2, 's': 4.989584388814139, 'batch_size': 32, 'k': 2}
Trial 2 finished with value 0.595435007 | dataset=ETTh1_192 | selection=last | epoch=150 | best_val_epoch=14 | test_MSE=0.761765211 | MAE=0.595435007 | RMSE=0.872791620 | params={'learning_rate': 0.01577826326269995, 'decay_rate': 0.018191901439421704, 'hidden_size': 64, 'beta1': 0.95, 'beta2': 0.95, 'signal_len': 128, 'cheb_order': 3, 's': 4.381654018882581, 'batch_size': 512, 'k': 4}
Trial 3 finished with value 0.461764388 | dataset=ETTh1_192 | selection=last | epoch=150 | best_val_epoch=64 | test_MSE=0.463763482 | MAE=0.461764388 | RMSE=0.681001822 | params={'learning_rate': 0.04883828679863496, 'decay_rate': 0.03024622753205485, 'hidden_size': 16, 'beta1': 0.95, 'beta2': 0.99, 'signal_len': 16, 'cheb_order': 3, 's': 9.370736158428306, 'batch_size': 256, 'k': 2}
Trial 4 finished with value 0.532934297 | dataset=ETTh1_192 | selection=last | epoch=150 | best_val_epoch=53 | test_MSE=0.584351737 | MAE=0.532934297 | RMSE=0.764429027 | params={'learning_rate': 0.029329781611156056, 'decay_rate': 0.0010151762339128028, 'hidden_size': 16, 'beta1': 0.99, 'beta2': 0.999, 'signal_len': 64, 'cheb_order': 2, 's': 3.74718886261069, 'batch_size': 512, 'k': 6}
Trial 5 finished with value 0.587318166 | dataset=ETTh1_192 | selection=last | epoch=150 | best_val_epoch=5 | test_MSE=0.714998949 | MAE=0.587318166 | RMSE=0.845576105 | params={'learning_rate': 0.036265461448183836, 'decay_rate': 0.025071205852515845, 'hidden_size': 16, 'beta1': 0.9, 'beta2': 0.95, 'signal_len': 128, 'cheb_order': 2, 's': 6.913487296728489, 'batch_size': 128, 'k': 6}
Trial 6 finished with value 0.464217580 | dataset=ETTh1_192 | selection=last | epoch=150 | best_val_epoch=74 | test_MSE=0.466818519 | MAE=0.464217580 | RMSE=0.683241187 | params={'learning_rate': 0.04031163751241383, 'decay_rate': 0.03519739029118291, 'hidden_size': 32, 'beta1': 0.9, 'beta2': 0.99, 'signal_len': 16, 'cheb_order': 3, 's': 5.136529875834814, 'batch_size': 128, 'k': 4}
Trial 7 finished with value 0.491714111 | dataset=ETTh1_192 | selection=last | epoch=150 | best_val_epoch=51 | test_MSE=0.492256873 | MAE=0.491714111 | RMSE=0.701610200 | params={'learning_rate': 0.036502228215578664, 'decay_rate': 0.008589767566299412, 'hidden_size': 16, 'beta1': 0.95, 'beta2': 0.99, 'signal_len': 64, 'cheb_order': 3, 's': 6.564297008096474, 'batch_size': 128, 'k': 2}
Trial 8 finished with value 0.523169210 | dataset=ETTh1_192 | selection=last | epoch=150 | best_val_epoch=25 | test_MSE=0.553150974 | MAE=0.523169210 | RMSE=0.743741201 | params={'learning_rate': 0.009317788363958005, 'decay_rate': 0.04721917577529684, 'hidden_size': 16, 'beta1': 0.99, 'beta2': 0.99, 'signal_len': 128, 'cheb_order': 3, 's': 9.080374508059045, 'batch_size': 32, 'k': 6}
Trial 9 finished with value 0.468185402 | dataset=ETTh1_192 | selection=last | epoch=150 | best_val_epoch=115 | test_MSE=0.449501153 | MAE=0.468185402 | RMSE=0.670448472 | params={'learning_rate': 0.016007657369615166, 'decay_rate': 0.01917936006965318, 'hidden_size': 32, 'beta1': 0.9, 'beta2': 0.99, 'signal_len': 32, 'cheb_order': 3, 's': 1.328398190685331, 'batch_size': 256, 'k': 4}
Trial 10 finished with value 0.479083903 | dataset=ETTh1_192 | selection=last | epoch=150 | best_val_epoch=123 | test_MSE=0.488415036 | MAE=0.479083903 | RMSE=0.698866966 | params={'learning_rate': 0.04832192844157156, 'decay_rate': 0.048428145212528015, 'hidden_size': 64, 'beta1': 0.95, 'beta2': 0.999, 'signal_len': 16, 'cheb_order': 3, 's': 9.744168370328143, 'batch_size': 256, 'k': 2}
Trial 11 finished with value 0.464965274 | dataset=ETTh1_192 | selection=last | epoch=150 | best_val_epoch=72 | test_MSE=0.467630726 | MAE=0.464965274 | RMSE=0.683835307 | params={'learning_rate': 0.04872253595313032, 'decay_rate': 0.03666242079365813, 'hidden_size': 32, 'beta1': 0.9, 'beta2': 0.99, 'signal_len': 16, 'cheb_order': 3, 's': 2.745014496807323, 'batch_size': 64, 'k': 4}
Trial 12 finished with value 0.460228358 | dataset=ETTh1_192 | selection=last | epoch=150 | best_val_epoch=112 | test_MSE=0.461608596 | MAE=0.460228358 | RMSE=0.679417836 | params={'learning_rate': 0.0406261564576961, 'decay_rate': 0.026210630759467446, 'hidden_size': 32, 'beta1': 0.9, 'beta2': 0.99, 'signal_len': 16, 'cheb_order': 3, 's': 6.973024510517861, 'batch_size': 256, 'k': 2}
Trial 13 finished with value 0.462056614 | dataset=ETTh1_192 | selection=last | epoch=150 | best_val_epoch=127 | test_MSE=0.464672324 | MAE=0.462056614 | RMSE=0.681668779 | params={'learning_rate': 0.042953923341174746, 'decay_rate': 0.027791825316910098, 'hidden_size': 32, 'beta1': 0.95, 'beta2': 0.99, 'signal_len': 16, 'cheb_order': 3, 's': 7.7940265253138, 'batch_size': 256, 'k': 2}
Trial 14 finished with value 0.459516600 | dataset=ETTh1_192 | selection=last | epoch=150 | best_val_epoch=142 | test_MSE=0.461844663 | MAE=0.459516600 | RMSE=0.679591541 | params={'learning_rate': 0.04990212173196915, 'decay_rate': 0.01868990622977254, 'hidden_size': 64, 'beta1': 0.9, 'beta2': 0.99, 'signal_len': 16, 'cheb_order': 3, 's': 6.620716108807902, 'batch_size': 256, 'k': 2}
Trial 15 finished with value 0.459870123 | dataset=ETTh1_192 | selection=last | epoch=150 | best_val_epoch=61 | test_MSE=0.461456792 | MAE=0.459870123 | RMSE=0.679306110 | params={'learning_rate': 0.03242576990838731, 'decay_rate': 0.016826800839396527, 'hidden_size': 64, 'beta1': 0.9, 'beta2': 0.999, 'signal_len': 32, 'cheb_order': 3, 's': 6.51320877864725, 'batch_size': 256, 'k': 2}
Trial 16 finished with value 0.462314068 | dataset=ETTh1_192 | selection=last | epoch=150 | best_val_epoch=25 | test_MSE=0.464320918 | MAE=0.462314068 | RMSE=0.681410976 | params={'learning_rate': 0.02157066507537507, 'decay_rate': 0.014879310543932461, 'hidden_size': 64, 'beta1': 0.9, 'beta2': 0.999, 'signal_len': 32, 'cheb_order': 3, 's': 6.021976140637165, 'batch_size': 64, 'k': 2}
Trial 17 finished with value 0.461322152 | dataset=ETTh1_192 | selection=last | epoch=150 | best_val_epoch=111 | test_MSE=0.448033046 | MAE=0.461322152 | RMSE=0.669352707 | params={'learning_rate': 0.031095315431088413, 'decay_rate': 0.00989615351298663, 'hidden_size': 64, 'beta1': 0.9, 'beta2': 0.999, 'signal_len': 32, 'cheb_order': 3, 's': 8.002727901519352, 'batch_size': 256, 'k': 4}
Trial 18 finished with value 0.479042268 | dataset=ETTh1_192 | selection=last | epoch=150 | best_val_epoch=40 | test_MSE=0.472943183 | MAE=0.479042268 | RMSE=0.687708647 | params={'learning_rate': 0.02239191964307103, 'decay_rate': 0.0010316047452102461, 'hidden_size': 64, 'beta1': 0.9, 'beta2': 0.999, 'signal_len': 32, 'cheb_order': 2, 's': 6.029589962332179, 'batch_size': 256, 'k': 2}
Trial 19 finished with value 0.459470832 | dataset=ETTh1_192 | selection=last | epoch=150 | best_val_epoch=103 | test_MSE=0.460914020 | MAE=0.459470832 | RMSE=0.678906488 | params={'learning_rate': 0.03271935190977053, 'decay_rate': 0.019730160282593695, 'hidden_size': 64, 'beta1': 0.9, 'beta2': 0.999, 'signal_len': 32, 'cheb_order': 3, 's': 3.438324732326343, 'batch_size': 256, 'k': 2}
Trial 20 finished with value 0.459413014 | dataset=ETTh1_192 | selection=last | epoch=150 | best_val_epoch=20 | test_MSE=0.445960725 | MAE=0.459413014 | RMSE=0.667802909 | params={'learning_rate': 0.0016201381485527397, 'decay_rate': 0.009181379904458623, 'hidden_size': 64, 'beta1': 0.9, 'beta2': 0.999, 'signal_len': 32, 'cheb_order': 3, 's': 2.7495560573858473, 'batch_size': 64, 'k': 4}
Trial 21 finished with value 0.460545745 | dataset=ETTh1_192 | selection=last | epoch=150 | best_val_epoch=20 | test_MSE=0.445449569 | MAE=0.460545745 | RMSE=0.667420085 | params={'learning_rate': 0.004423021480220944, 'decay_rate': 0.011291659451856624, 'hidden_size': 64, 'beta1': 0.9, 'beta2': 0.999, 'signal_len': 32, 'cheb_order': 3, 's': 2.6822099800076913, 'batch_size': 64, 'k': 4}
Trial 22 finished with value 0.471808461 | dataset=ETTh1_192 | selection=last | epoch=150 | best_val_epoch=107 | test_MSE=0.454629824 | MAE=0.471808461 | RMSE=0.674262429 | params={'learning_rate': 0.018143677506390243, 'decay_rate': 0.02217179150653573, 'hidden_size': 64, 'beta1': 0.9, 'beta2': 0.999, 'signal_len': 32, 'cheb_order': 3, 's': 1.5339472961383411, 'batch_size': 64, 'k': 4}
Trial 23 finished with value 0.467898308 | dataset=ETTh1_192 | selection=last | epoch=150 | best_val_epoch=86 | test_MSE=0.457908335 | MAE=0.467898308 | RMSE=0.676689246 | params={'learning_rate': 0.011957038588085517, 'decay_rate': 0.005485971807623026, 'hidden_size': 64, 'beta1': 0.9, 'beta2': 0.999, 'signal_len': 32, 'cheb_order': 3, 's': 3.1471511143545747, 'batch_size': 64, 'k': 2}
Trial 24 finished with value 0.459880511 | dataset=ETTh1_192 | selection=last | epoch=150 | best_val_epoch=20 | test_MSE=0.437642481 | MAE=0.459880511 | RMSE=0.661545525 | params={'learning_rate': 0.04450428056827519, 'decay_rate': 0.013918818284642344, 'hidden_size': 64, 'beta1': 0.9, 'beta2': 0.999, 'signal_len': 32, 'cheb_order': 3, 's': 1.973540452797405, 'batch_size': 512, 'k': 4}
Trial 25 finished with value 0.465574568 | dataset=ETTh1_192 | selection=last | epoch=150 | best_val_epoch=1 | test_MSE=0.445738760 | MAE=0.465574568 | RMSE=0.667636698 | params={'learning_rate': 0.002628012871108691, 'decay_rate': 0.020357654181216704, 'hidden_size': 64, 'beta1': 0.9, 'beta2': 0.95, 'signal_len': 32, 'cheb_order': 3, 's': 4.114304538802378, 'batch_size': 32, 'k': 2}
Trial 26 finished with value 0.465026547 | dataset=ETTh1_192 | selection=last | epoch=150 | best_val_epoch=51 | test_MSE=0.461158377 | MAE=0.465026547 | RMSE=0.679086428 | params={'learning_rate': 0.00039015314278083735, 'decay_rate': 0.0067084996441373855, 'hidden_size': 64, 'beta1': 0.9, 'beta2': 0.999, 'signal_len': 16, 'cheb_order': 2, 's': 3.5300074482473236, 'batch_size': 64, 'k': 4}
Trial 27 finished with value 0.481581915 | dataset=ETTh1_192 | selection=last | epoch=150 | best_val_epoch=17 | test_MSE=0.474417899 | MAE=0.481581915 | RMSE=0.688780008 | params={'learning_rate': 0.025021034587004956, 'decay_rate': 0.012893273922937785, 'hidden_size': 64, 'beta1': 0.9, 'beta2': 0.999, 'signal_len': 64, 'cheb_order': 3, 's': 2.2561595048017726, 'batch_size': 256, 'k': 2}
Trial 28 finished with value 0.457948366 | dataset=ETTh1_192 | selection=last | epoch=150 | best_val_epoch=106 | test_MSE=0.438853162 | MAE=0.457948366 | RMSE=0.662459932 | params={'learning_rate': 0.034690488086068665, 'decay_rate': 0.022441131734079807, 'hidden_size': 64, 'beta1': 0.99, 'beta2': 0.95, 'signal_len': 32, 'cheb_order': 3, 's': 4.581634928892315, 'batch_size': 256, 'k': 4}
Trial 29 finished with value 0.463681517 | dataset=ETTh1_192 | selection=last | epoch=150 | best_val_epoch=114 | test_MSE=0.448197413 | MAE=0.463681517 | RMSE=0.669475476 | params={'learning_rate': 0.03551759018649882, 'decay_rate': 0.022594458740362672, 'hidden_size': 64, 'beta1': 0.99, 'beta2': 0.95, 'signal_len': 32, 'cheb_order': 2, 's': 4.283744219544426, 'batch_size': 64, 'k': 6}
Trial 30 finished with value 0.463101328 | dataset=ETTh1_192 | selection=last | epoch=150 | best_val_epoch=74 | test_MSE=0.462690031 | MAE=0.463101328 | RMSE=0.680213225 | params={'learning_rate': 0.026555669465501298, 'decay_rate': 0.003952476157930762, 'hidden_size': 64, 'beta1': 0.99, 'beta2': 0.95, 'signal_len': 32, 'cheb_order': 3, 's': 4.97140214016548, 'batch_size': 32, 'k': 6}
Trial 31 finished with value 0.460326942 | dataset=ETTh1_192 | selection=last | epoch=150 | best_val_epoch=96 | test_MSE=0.445481886 | MAE=0.460326942 | RMSE=0.667444295 | params={'learning_rate': 0.03402038355471593, 'decay_rate': 0.01557558304792793, 'hidden_size': 64, 'beta1': 0.99, 'beta2': 0.95, 'signal_len': 32, 'cheb_order': 3, 's': 3.2740252805928955, 'batch_size': 256, 'k': 4}
Trial 32 finished with value 0.467462919 | dataset=ETTh1_192 | selection=last | epoch=150 | best_val_epoch=147 | test_MSE=0.445070803 | MAE=0.467462919 | RMSE=0.667136270 | params={'learning_rate': 0.03912237402509847, 'decay_rate': 0.023024554498698405, 'hidden_size': 64, 'beta1': 0.99, 'beta2': 0.95, 'signal_len': 32, 'cheb_order': 3, 's': 4.87973738562317, 'batch_size': 256, 'k': 4}
Trial 33 finished with value 0.476557667 | dataset=ETTh1_192 | selection=last | epoch=150 | best_val_epoch=42 | test_MSE=0.465914255 | MAE=0.476557667 | RMSE=0.682579120 | params={'learning_rate': 0.02878114097295724, 'decay_rate': 0.029126923027274352, 'hidden_size': 64, 'beta1': 0.99, 'beta2': 0.95, 'signal_len': 64, 'cheb_order': 3, 's': 5.711696795029777, 'batch_size': 256, 'k': 4}
Trial 34 finished with value 0.606678999 | dataset=ETTh1_192 | selection=last | epoch=150 | best_val_epoch=32 | test_MSE=0.777382289 | MAE=0.606678999 | RMSE=0.881692854 | params={'learning_rate': 0.04530812795495178, 'decay_rate': 0.01816467122795257, 'hidden_size': 64, 'beta1': 0.99, 'beta2': 0.95, 'signal_len': 128, 'cheb_order': 3, 's': 4.537315941158697, 'batch_size': 512, 'k': 2}
Trial 35 finished with value 0.462433977 | dataset=ETTh1_192 | selection=last | epoch=150 | best_val_epoch=55 | test_MSE=0.464688645 | MAE=0.462433977 | RMSE=0.681680750 | params={'learning_rate': 0.02156029521094003, 'decay_rate': 0.03184965228563444, 'hidden_size': 64, 'beta1': 0.95, 'beta2': 0.99, 'signal_len': 16, 'cheb_order': 2, 's': 3.856711222553463, 'batch_size': 256, 'k': 4}
Trial 36 finished with value 0.464825847 | dataset=ETTh1_192 | selection=last | epoch=150 | best_val_epoch=102 | test_MSE=0.447259172 | MAE=0.464825847 | RMSE=0.668774380 | params={'learning_rate': 0.031353603692227214, 'decay_rate': 0.021105406122957894, 'hidden_size': 64, 'beta1': 0.99, 'beta2': 0.999, 'signal_len': 32, 'cheb_order': 3, 's': 2.710705389688247, 'batch_size': 256, 'k': 2}
Trial 37 finished with value 0.567548800 | dataset=ETTh1_192 | selection=last | epoch=150 | best_val_epoch=5 | test_MSE=0.661369448 | MAE=0.567548800 | RMSE=0.813246241 | params={'learning_rate': 0.008448009906534711, 'decay_rate': 0.03866029527786853, 'hidden_size': 16, 'beta1': 0.9, 'beta2': 0.95, 'signal_len': 128, 'cheb_order': 3, 's': 1.8716458745260427, 'batch_size': 128, 'k': 6}
Trial 38 finished with value 0.464571184 | dataset=ETTh1_192 | selection=last | epoch=150 | best_val_epoch=96 | test_MSE=0.467699108 | MAE=0.464571184 | RMSE=0.683885303 | params={'learning_rate': 0.038707095310424426, 'decay_rate': 0.024751419347942383, 'hidden_size': 64, 'beta1': 0.9, 'beta2': 0.99, 'signal_len': 64, 'cheb_order': 2, 's': 5.425181245619723, 'batch_size': 512, 'k': 4}
Trial 39 finished with value 0.459128350 | dataset=ETTh1_192 | selection=last | epoch=150 | best_val_epoch=12 | test_MSE=0.459737734 | MAE=0.459128350 | RMSE=0.678039626 | params={'learning_rate': 0.012618296236693534, 'decay_rate': 0.011189591559112613, 'hidden_size': 16, 'beta1': 0.99, 'beta2': 0.999, 'signal_len': 16, 'cheb_order': 3, 's': 7.337108968126842, 'batch_size': 32, 'k': 2}
Trial 40 finished with value 0.458646481 | dataset=ETTh1_192 | selection=last | epoch=150 | best_val_epoch=10 | test_MSE=0.443929293 | MAE=0.458646481 | RMSE=0.666280191 | params={'learning_rate': 0.012799118337866802, 'decay_rate': 0.01171221420317394, 'hidden_size': 16, 'beta1': 0.99, 'beta2': 0.999, 'signal_len': 32, 'cheb_order': 3, 's': 8.077464850144176, 'batch_size': 32, 'k': 6}
Trial 41 finished with value 0.459733637 | dataset=ETTh1_192 | selection=last | epoch=150 | best_val_epoch=116 | test_MSE=0.447587119 | MAE=0.459733637 | RMSE=0.669019521 | params={'learning_rate': 0.01336875688163999, 'decay_rate': 0.008888396195667734, 'hidden_size': 16, 'beta1': 0.99, 'beta2': 0.999, 'signal_len': 32, 'cheb_order': 3, 's': 8.553755895995304, 'batch_size': 32, 'k': 6}
Trial 42 finished with value 0.467431377 | dataset=ETTh1_192 | selection=last | epoch=150 | best_val_epoch=125 | test_MSE=0.451952130 | MAE=0.467431377 | RMSE=0.672273850 | params={'learning_rate': 0.008228470567588585, 'decay_rate': 0.012623359351025702, 'hidden_size': 16, 'beta1': 0.99, 'beta2': 0.999, 'signal_len': 32, 'cheb_order': 3, 's': 7.325020791644107, 'batch_size': 32, 'k': 6}
Trial 43 finished with value 0.454202329 | dataset=ETTh1_192 | selection=last | epoch=150 | best_val_epoch=114 | test_MSE=0.445062933 | MAE=0.454202329 | RMSE=0.667130372 | params={'learning_rate': 0.011045450635580998, 'decay_rate': 0.0066604816184311555, 'hidden_size': 16, 'beta1': 0.99, 'beta2': 0.999, 'signal_len': 32, 'cheb_order': 3, 's': 8.82850972911442, 'batch_size': 32, 'k': 4}
Trial 44 finished with value 0.599342896 | dataset=ETTh1_192 | selection=last | epoch=150 | best_val_epoch=3 | test_MSE=0.728171334 | MAE=0.599342896 | RMSE=0.853329558 | params={'learning_rate': 0.011454496794443922, 'decay_rate': 0.007292849922685731, 'hidden_size': 16, 'beta1': 0.99, 'beta2': 0.999, 'signal_len': 128, 'cheb_order': 3, 's': 9.08281340783087, 'batch_size': 32, 'k': 4}
Trial 45 finished with value 0.471833414 | dataset=ETTh1_192 | selection=last | epoch=150 | best_val_epoch=28 | test_MSE=0.467817585 | MAE=0.471833414 | RMSE=0.683971918 | params={'learning_rate': 0.005937802633999216, 'decay_rate': 0.003590582811562638, 'hidden_size': 16, 'beta1': 0.99, 'beta2': 0.999, 'signal_len': 32, 'cheb_order': 3, 's': 7.755596755265646, 'batch_size': 32, 'k': 4}
Trial 46 finished with value 0.452975900 | dataset=ETTh1_192 | selection=last | epoch=150 | best_val_epoch=134 | test_MSE=0.455625913 | MAE=0.452975900 | RMSE=0.675000676 | params={'learning_rate': 0.017033179004934385, 'decay_rate': 0.011158635333476228, 'hidden_size': 16, 'beta1': 0.99, 'beta2': 0.999, 'signal_len': 16, 'cheb_order': 3, 's': 9.909929611946003, 'batch_size': 32, 'k': 6}
Trial 47 finished with value 0.468216499 | dataset=ETTh1_192 | selection=last | epoch=150 | best_val_epoch=51 | test_MSE=0.473371869 | MAE=0.468216499 | RMSE=0.688020253 | params={'learning_rate': 0.016867102704647606, 'decay_rate': 0.0013247602695425215, 'hidden_size': 16, 'beta1': 0.99, 'beta2': 0.999, 'signal_len': 16, 'cheb_order': 3, 's': 9.979514217972163, 'batch_size': 32, 'k': 6}
Trial 48 finished with value 0.471481080 | dataset=ETTh1_192 | selection=last | epoch=150 | best_val_epoch=130 | test_MSE=0.476162094 | MAE=0.471481080 | RMSE=0.690044995 | params={'learning_rate': 0.01872753060369565, 'decay_rate': 0.04344592688873334, 'hidden_size': 16, 'beta1': 0.99, 'beta2': 0.999, 'signal_len': 16, 'cheb_order': 3, 's': 8.454781894287814, 'batch_size': 32, 'k': 6}
Trial 49 finished with value 0.460345932 | dataset=ETTh1_192 | selection=last | epoch=150 | best_val_epoch=67 | test_MSE=0.460337878 | MAE=0.460345932 | RMSE=0.678482040 | params={'learning_rate': 0.014577776834002756, 'decay_rate': 0.011533765767908329, 'hidden_size': 16, 'beta1': 0.99, 'beta2': 0.999, 'signal_len': 16, 'cheb_order': 2, 's': 9.290763216433742, 'batch_size': 32, 'k': 6}
Trial 50 finished with value 0.459167876 | dataset=ETTh1_192 | selection=last | epoch=150 | best_val_epoch=99 | test_MSE=0.461601512 | MAE=0.459167876 | RMSE=0.679412623 | params={'learning_rate': 0.010622896885515886, 'decay_rate': 0.004743016167475829, 'hidden_size': 16, 'beta1': 0.99, 'beta2': 0.999, 'signal_len': 16, 'cheb_order': 3, 's': 8.609273988436252, 'batch_size': 32, 'k': 6}
Trial 51 finished with value 0.461919032 | dataset=ETTh1_192 | selection=last | epoch=150 | best_val_epoch=24 | test_MSE=0.464166419 | MAE=0.461919032 | RMSE=0.681297599 | params={'learning_rate': 0.009427951250419786, 'decay_rate': 0.004135215995550003, 'hidden_size': 16, 'beta1': 0.99, 'beta2': 0.999, 'signal_len': 16, 'cheb_order': 3, 's': 8.677721563996645, 'batch_size': 32, 'k': 6}
Trial 52 finished with value 0.448226698 | dataset=ETTh1_192 | selection=last | epoch=150 | best_val_epoch=123 | test_MSE=0.445851529 | MAE=0.448226698 | RMSE=0.667721146 | params={'learning_rate': 0.011431628417567372, 'decay_rate': 0.006377643912819721, 'hidden_size': 16, 'beta1': 0.99, 'beta2': 0.999, 'signal_len': 16, 'cheb_order': 3, 's': 9.608222381536038, 'batch_size': 32, 'k': 6}
Trial 53 finished with value 0.462659744 | dataset=ETTh1_192 | selection=last | epoch=150 | best_val_epoch=53 | test_MSE=0.463290185 | MAE=0.462659744 | RMSE=0.680654233 | params={'learning_rate': 0.006605887676791401, 'decay_rate': 0.010493633964656501, 'hidden_size': 16, 'beta1': 0.99, 'beta2': 0.999, 'signal_len': 16, 'cheb_order': 3, 's': 9.531342948912846, 'batch_size': 32, 'k': 6}
Trial 54 finished with value 0.452571183 | dataset=ETTh1_192 | selection=last | epoch=150 | best_val_epoch=134 | test_MSE=0.451508487 | MAE=0.452571183 | RMSE=0.671943812 | params={'learning_rate': 0.014690472254071954, 'decay_rate': 0.007059926671742554, 'hidden_size': 16, 'beta1': 0.99, 'beta2': 0.999, 'signal_len': 16, 'cheb_order': 3, 's': 8.249717071716685, 'batch_size': 32, 'k': 6}
