Trial 55 finished with value 0.448698088 | dataset=ETTh1_192 | selection=last | epoch=150 | best_val_epoch=127 | test_MSE=0.448436368 | MAE=0.448698088 | RMSE=0.669653917 | params={'learning_rate': 0.019394181808111987, 'decay_rate': 0.00716833924444089, 'hidden_size': 16, 'beta1': 0.99, 'beta2': 0.999, 'signal_len': 16, 'cheb_order': 3, 's': 9.70445356708573, 'batch_size': 32, 'k': 6}
Trial 56 finished with value 0.463143411 | dataset=ETTh1_192 | selection=last | epoch=150 | best_val_epoch=17 | test_MSE=0.465522794 | MAE=0.463143411 | RMSE=0.682292309 | params={'learning_rate': 0.018993552692423633, 'decay_rate': 0.0021830336807585242, 'hidden_size': 16, 'beta1': 0.95, 'beta2': 0.999, 'signal_len': 16, 'cheb_order': 3, 's': 9.980856301877676, 'batch_size': 128, 'k': 6}
Trial 57 finished with value 0.447666938 | dataset=ETTh1_192 | selection=last | epoch=150 | best_val_epoch=98 | test_MSE=0.451260558 | MAE=0.447666938 | RMSE=0.671759301 | params={'learning_rate': 0.016980902978276532, 'decay_rate': 0.007228570243493347, 'hidden_size': 32, 'beta1': 0.99, 'beta2': 0.999, 'signal_len': 16, 'cheb_order': 3, 's': 9.520991863041212, 'batch_size': 32, 'k': 6}
Trial 58 finished with value 0.453929942 | dataset=ETTh1_192 | selection=last | epoch=150 | best_val_epoch=98 | test_MSE=0.452860816 | MAE=0.453929942 | RMSE=0.672949341 | params={'learning_rate': 0.0159061727179127, 'decay_rate': 0.006576989293997218, 'hidden_size': 32, 'beta1': 0.99, 'beta2': 0.999, 'signal_len': 16, 'cheb_order': 3, 's': 8.9696341301358, 'batch_size': 32, 'k': 6}
Trial 59 finished with value 0.459663419 | dataset=ETTh1_192 | selection=last | epoch=150 | best_val_epoch=24 | test_MSE=0.464463587 | MAE=0.459663419 | RMSE=0.681515654 | params={'learning_rate': 0.015104645368076765, 'decay_rate': 0.00011109448437851034, 'hidden_size': 32, 'beta1': 0.99, 'beta2': 0.999, 'signal_len': 16, 'cheb_order': 3, 's': 9.607733775090074, 'batch_size': 32, 'k': 6}
Trial 60 finished with value 0.448569541 | dataset=ETTh1_192 | selection=last | epoch=150 | best_val_epoch=98 | test_MSE=0.451527598 | MAE=0.448569541 | RMSE=0.671958033 | params={'learning_rate': 0.02041245862959046, 'decay_rate': 0.008079453605162627, 'hidden_size': 32, 'beta1': 0.99, 'beta2': 0.999, 'signal_len': 16, 'cheb_order': 3, 's': 9.22114724672127, 'batch_size': 32, 'k': 6}
Trial 61 finished with value 0.454931353 | dataset=ETTh1_192 | selection=last | epoch=150 | best_val_epoch=84 | test_MSE=0.453760455 | MAE=0.454931353 | RMSE=0.673617440 | params={'learning_rate': 0.02111893222169104, 'decay_rate': 0.0077030804855479475, 'hidden_size': 32, 'beta1': 0.99, 'beta2': 0.999, 'signal_len': 16, 'cheb_order': 3, 's': 9.212375888633902, 'batch_size': 32, 'k': 6}
Trial 62 finished with value 0.456762863 | dataset=ETTh1_192 | selection=last | epoch=150 | best_val_epoch=79 | test_MSE=0.460233861 | MAE=0.456762863 | RMSE=0.678405381 | params={'learning_rate': 0.017039637873660463, 'decay_rate': 0.005867809573878448, 'hidden_size': 32, 'beta1': 0.99, 'beta2': 0.999, 'signal_len': 16, 'cheb_order': 3, 's': 9.640602780946768, 'batch_size': 32, 'k': 6}
Trial 63 finished with value 0.450382096 | dataset=ETTh1_192 | selection=last | epoch=150 | best_val_epoch=139 | test_MSE=0.450052183 | MAE=0.450382096 | RMSE=0.670859287 | params={'learning_rate': 0.020410681895603626, 'decay_rate': 0.0025900251251999035, 'hidden_size': 32, 'beta1': 0.99, 'beta2': 0.999, 'signal_len': 16, 'cheb_order': 3, 's': 8.94561459022558, 'batch_size': 32, 'k': 6}
Trial 64 finished with value 0.455103101 | dataset=ETTh1_192 | selection=last | epoch=150 | best_val_epoch=75 | test_MSE=0.458605133 | MAE=0.455103101 | RMSE=0.677203908 | params={'learning_rate': 0.023743614199747378, 'decay_rate': 0.002123900331259868, 'hidden_size': 32, 'beta1': 0.99, 'beta2': 0.999, 'signal_len': 16, 'cheb_order': 3, 's': 8.226075183047396, 'batch_size': 32, 'k': 6}
Trial 65 finished with value 0.455270646 | dataset=ETTh1_192 | selection=last | epoch=150 | best_val_epoch=65 | test_MSE=0.458870845 | MAE=0.455270646 | RMSE=0.677400063 | params={'learning_rate': 0.02019541805942986, 'decay_rate': 0.0028623744867698354, 'hidden_size': 32, 'beta1': 0.95, 'beta2': 0.999, 'signal_len': 16, 'cheb_order': 3, 's': 9.437748448650302, 'batch_size': 32, 'k': 6}
Trial 66 finished with value 0.449272752 | dataset=ETTh1_192 | selection=last | epoch=150 | best_val_epoch=71 | test_MSE=0.452070807 | MAE=0.449272752 | RMSE=0.672362110 | params={'learning_rate': 0.023532596474192036, 'decay_rate': 0.009487003897642824, 'hidden_size': 32, 'beta1': 0.99, 'beta2': 0.999, 'signal_len': 16, 'cheb_order': 3, 's': 9.723644834505217, 'batch_size': 32, 'k': 6}
Trial 67 finished with value 0.450247304 | dataset=ETTh1_192 | selection=last | epoch=150 | best_val_epoch=114 | test_MSE=0.453008754 | MAE=0.450247304 | RMSE=0.673059250 | params={'learning_rate': 0.02377299589602059, 'decay_rate': 0.00907040805647008, 'hidden_size': 32, 'beta1': 0.99, 'beta2': 0.999, 'signal_len': 16, 'cheb_order': 2, 's': 8.910458298145686, 'batch_size': 32, 'k': 6}
Trial 68 finished with value 0.448595813 | dataset=ETTh1_192 | selection=last | epoch=150 | best_val_epoch=98 | test_MSE=0.450451835 | MAE=0.448595813 | RMSE=0.671157087 | params={'learning_rate': 0.023443779102411032, 'decay_rate': 0.008417950603305448, 'hidden_size': 32, 'beta1': 0.99, 'beta2': 0.999, 'signal_len': 16, 'cheb_order': 2, 's': 8.91249921158787, 'batch_size': 32, 'k': 6}
Trial 69 finished with value 0.462229198 | dataset=ETTh1_192 | selection=last | epoch=150 | best_val_epoch=113 | test_MSE=0.457532453 | MAE=0.462229198 | RMSE=0.676411453 | params={'learning_rate': 0.023626799308214336, 'decay_rate': 0.009463428123783936, 'hidden_size': 32, 'beta1': 0.99, 'beta2': 0.999, 'signal_len': 16, 'cheb_order': 2, 's': 9.340854082457776, 'batch_size': 128, 'k': 6}
Trial 70 finished with value 0.454313030 | dataset=ETTh1_192 | selection=last | epoch=150 | best_val_epoch=72 | test_MSE=0.455779729 | MAE=0.454313030 | RMSE=0.675114604 | params={'learning_rate': 0.026436274713671472, 'decay_rate': 0.016401231908757207, 'hidden_size': 32, 'beta1': 0.99, 'beta2': 0.999, 'signal_len': 16, 'cheb_order': 2, 's': 9.745204574814938, 'batch_size': 32, 'k': 6}
Trial 71 finished with value 0.452781499 | dataset=ETTh1_192 | selection=last | epoch=150 | best_val_epoch=63 | test_MSE=0.454613689 | MAE=0.452781499 | RMSE=0.674250464 | params={'learning_rate': 0.0234611135114, 'decay_rate': 0.014012666873045766, 'hidden_size': 32, 'beta1': 0.99, 'beta2': 0.999, 'signal_len': 16, 'cheb_order': 2, 's': 8.793952542702097, 'batch_size': 32, 'k': 6}
Trial 72 finished with value 0.448790099 | dataset=ETTh1_192 | selection=last | epoch=150 | best_val_epoch=63 | test_MSE=0.451871284 | MAE=0.448790099 | RMSE=0.672213719 | params={'learning_rate': 0.028432795549222296, 'decay_rate': 0.008563176047196048, 'hidden_size': 32, 'beta1': 0.99, 'beta2': 0.999, 'signal_len': 16, 'cheb_order': 2, 's': 9.091753553043688, 'batch_size': 32, 'k': 6}
Trial 73 finished with value 0.448199458 | dataset=ETTh1_192 | selection=last | epoch=150 | best_val_epoch=84 | test_MSE=0.451358619 | MAE=0.448199458 | RMSE=0.671832285 | params={'learning_rate': 0.02790286677937707, 'decay_rate': 0.008116206296680892, 'hidden_size': 32, 'beta1': 0.99, 'beta2': 0.999, 'signal_len': 16, 'cheb_order': 2, 's': 9.134156424928083, 'batch_size': 32, 'k': 6}
Trial 74 finished with value 0.463228782 | dataset=ETTh1_192 | selection=last | epoch=150 | best_val_epoch=76 | test_MSE=0.464382826 | MAE=0.463228782 | RMSE=0.681456401 | params={'learning_rate': 0.029064273155967418, 'decay_rate': 0.004955328384313437, 'hidden_size': 32, 'beta1': 0.99, 'beta2': 0.99, 'signal_len': 16, 'cheb_order': 2, 's': 9.145818620682228, 'batch_size': 512, 'k': 6}
Trial 75 finished with value 0.448288648 | dataset=ETTh1_192 | selection=last | epoch=150 | best_val_epoch=71 | test_MSE=0.451567162 | MAE=0.448288648 | RMSE=0.671987472 | params={'learning_rate': 0.027496758713812713, 'decay_rate': 0.007973523838064033, 'hidden_size': 32, 'beta1': 0.99, 'beta2': 0.999, 'signal_len': 16, 'cheb_order': 2, 's': 9.706858082042343, 'batch_size': 32, 'k': 6}
Trial 76 finished with value 0.519343785 | dataset=ETTh1_192 | selection=last | epoch=150 | best_val_epoch=51 | test_MSE=0.568172897 | MAE=0.519343785 | RMSE=0.753772444 | params={'learning_rate': 0.02552324067991744, 'decay_rate': 0.008089032020978262, 'hidden_size': 32, 'beta1': 0.99, 'beta2': 0.999, 'signal_len': 64, 'cheb_order': 2, 's': 9.334464954810729, 'batch_size': 32, 'k': 6}
Trial 77 finished with value 0.452729604 | dataset=ETTh1_192 | selection=last | epoch=150 | best_val_epoch=80 | test_MSE=0.454255847 | MAE=0.452729604 | RMSE=0.673985049 | params={'learning_rate': 0.027651856943295302, 'decay_rate': 0.013434827546067125, 'hidden_size': 32, 'beta1': 0.95, 'beta2': 0.999, 'signal_len': 16, 'cheb_order': 2, 's': 8.331652375905616, 'batch_size': 32, 'k': 6}
Trial 78 finished with value 0.448431168 | dataset=ETTh1_192 | selection=last | epoch=150 | best_val_epoch=117 | test_MSE=0.452477485 | MAE=0.448431168 | RMSE=0.672664467 | params={'learning_rate': 0.03089588588040803, 'decay_rate': 0.005420181526823947, 'hidden_size': 32, 'beta1': 0.99, 'beta2': 0.999, 'signal_len': 16, 'cheb_order': 2, 's': 7.92759053632572, 'batch_size': 32, 'k': 6}
Trial 79 finished with value 0.446612025 | dataset=ETTh1_192 | selection=last | epoch=150 | best_val_epoch=71 | test_MSE=0.450775956 | MAE=0.446612025 | RMSE=0.671398508 | params={'learning_rate': 0.03170713024909014, 'decay_rate': 0.005910219265830312, 'hidden_size': 32, 'beta1': 0.99, 'beta2': 0.999, 'signal_len': 16, 'cheb_order': 2, 's': 7.6419431043438575, 'batch_size': 32, 'k': 6}
Trial 80 finished with value 0.461565401 | dataset=ETTh1_192 | selection=last | epoch=150 | best_val_epoch=88 | test_MSE=0.463962358 | MAE=0.461565401 | RMSE=0.681147824 | params={'learning_rate': 0.030450466830111517, 'decay_rate': 0.004999288102571322, 'hidden_size': 32, 'beta1': 0.99, 'beta2': 0.99, 'signal_len': 16, 'cheb_order': 2, 's': 7.857155202429751, 'batch_size': 128, 'k': 6}
Trial 81 finished with value 0.446374486 | dataset=ETTh1_192 | selection=last | epoch=150 | best_val_epoch=63 | test_MSE=0.450725896 | MAE=0.446374486 | RMSE=0.671361226 | params={'learning_rate': 0.032523568975463026, 'decay_rate': 0.005698420623520713, 'hidden_size': 32, 'beta1': 0.99, 'beta2': 0.999, 'signal_len': 16, 'cheb_order': 2, 's': 7.542202749236999, 'batch_size': 32, 'k': 6}
Trial 82 finished with value 0.445962085 | dataset=ETTh1_192 | selection=last | epoch=150 | best_val_epoch=92 | test_MSE=0.448528648 | MAE=0.445962085 | RMSE=0.669722815 | params={'learning_rate': 0.032562480684425396, 'decay_rate': 0.005666981377640711, 'hidden_size': 32, 'beta1': 0.99, 'beta2': 0.999, 'signal_len': 16, 'cheb_order': 2, 's': 7.1858456476571355, 'batch_size': 32, 'k': 6}
Trial 83 finished with value 0.446150507 | dataset=ETTh1_192 | selection=last | epoch=150 | best_val_epoch=84 | test_MSE=0.450409522 | MAE=0.446150507 | RMSE=0.671125563 | params={'learning_rate': 0.033040979223174984, 'decay_rate': 0.005620532910364658, 'hidden_size': 32, 'beta1': 0.99, 'beta2': 0.999, 'signal_len': 16, 'cheb_order': 2, 's': 7.411816002779393, 'batch_size': 32, 'k': 6}
Trial 84 finished with value 0.611229732 | dataset=ETTh1_192 | selection=last | epoch=150 | best_val_epoch=13 | test_MSE=0.788251423 | MAE=0.611229732 | RMSE=0.887835246 | params={'learning_rate': 0.032987983882905914, 'decay_rate': 0.005740588548847512, 'hidden_size': 32, 'beta1': 0.99, 'beta2': 0.999, 'signal_len': 128, 'cheb_order': 2, 's': 7.487623325865795, 'batch_size': 32, 'k': 6}
Trial 85 finished with value 0.465994923 | dataset=ETTh1_192 | selection=last | epoch=150 | best_val_epoch=95 | test_MSE=0.456439800 | MAE=0.465994923 | RMSE=0.675603286 | params={'learning_rate': 0.03680847402529765, 'decay_rate': 0.003288927375006055, 'hidden_size': 32, 'beta1': 0.99, 'beta2': 0.999, 'signal_len': 16, 'cheb_order': 2, 's': 7.005749648947507, 'batch_size': 512, 'k': 6}
Trial 86 finished with value 0.445851093 | dataset=ETTh1_192 | selection=last | epoch=150 | best_val_epoch=110 | test_MSE=0.449858711 | MAE=0.445851093 | RMSE=0.670715074 | params={'learning_rate': 0.03028977907468038, 'decay_rate': 0.0038894587614629376, 'hidden_size': 32, 'beta1': 0.99, 'beta2': 0.999, 'signal_len': 16, 'cheb_order': 2, 's': 7.4257260269557435, 'batch_size': 32, 'k': 6}
Trial 87 finished with value 0.530364098 | dataset=ETTh1_192 | selection=last | epoch=150 | best_val_epoch=44 | test_MSE=0.561763185 | MAE=0.530364098 | RMSE=0.749508629 | params={'learning_rate': 0.03375529662480206, 'decay_rate': 0.0009819320107711934, 'hidden_size': 32, 'beta1': 0.99, 'beta2': 0.999, 'signal_len': 64, 'cheb_order': 2, 's': 6.715297966185688, 'batch_size': 32, 'k': 6}
Trial 88 finished with value 0.450088876 | dataset=ETTh1_192 | selection=last | epoch=150 | best_val_epoch=110 | test_MSE=0.451575821 | MAE=0.450088876 | RMSE=0.671993914 | params={'learning_rate': 0.03204692143968652, 'decay_rate': 0.010253453372240888, 'hidden_size': 32, 'beta1': 0.99, 'beta2': 0.999, 'signal_len': 16, 'cheb_order': 2, 's': 7.601491276731448, 'batch_size': 64, 'k': 6}
Trial 89 finished with value 0.450694262 | dataset=ETTh1_192 | selection=last | epoch=150 | best_val_epoch=149 | test_MSE=0.455502227 | MAE=0.450694262 | RMSE=0.674909051 | params={'learning_rate': 0.03705978876552343, 'decay_rate': 0.004075560044348352, 'hidden_size': 32, 'beta1': 0.95, 'beta2': 0.999, 'signal_len': 16, 'cheb_order': 2, 's': 7.155645732211478, 'batch_size': 32, 'k': 6}
Trial 90 finished with value 0.447263570 | dataset=ETTh1_192 | selection=last | epoch=150 | best_val_epoch=107 | test_MSE=0.449613581 | MAE=0.447263570 | RMSE=0.670532312 | params={'learning_rate': 0.030041932182439744, 'decay_rate': 0.006158628547734683, 'hidden_size': 32, 'beta1': 0.99, 'beta2': 0.999, 'signal_len': 16, 'cheb_order': 2, 's': 6.111840550091889, 'batch_size': 32, 'k': 6}
Trial 91 finished with value 0.446513532 | dataset=ETTh1_192 | selection=last | epoch=150 | best_val_epoch=70 | test_MSE=0.450634906 | MAE=0.446513532 | RMSE=0.671293458 | params={'learning_rate': 0.02991447717595896, 'decay_rate': 0.00603966889328986, 'hidden_size': 32, 'beta1': 0.99, 'beta2': 0.999, 'signal_len': 16, 'cheb_order': 2, 's': 6.383300900900674, 'batch_size': 32, 'k': 6}
Trial 92 finished with value 0.465703495 | dataset=ETTh1_192 | selection=last | epoch=150 | best_val_epoch=6 | test_MSE=0.472513063 | MAE=0.465703495 | RMSE=0.687395856 | params={'learning_rate': 0.034886025521265684, 'decay_rate': 5.116136771121573e-05, 'hidden_size': 32, 'beta1': 0.99, 'beta2': 0.999, 'signal_len': 16, 'cheb_order': 2, 's': 6.33278296350851, 'batch_size': 32, 'k': 6}
Trial 93 finished with value 0.444504670 | dataset=ETTh1_192 | selection=last | epoch=150 | best_val_epoch=84 | test_MSE=0.449947773 | MAE=0.444504670 | RMSE=0.670781465 | params={'learning_rate': 0.02988766052822028, 'decay_rate': 0.003994083924301221, 'hidden_size': 32, 'beta1': 0.99, 'beta2': 0.999, 'signal_len': 16, 'cheb_order': 2, 's': 6.302147929911803, 'batch_size': 32, 'k': 6}
Trial 94 finished with value 0.444714975 | dataset=ETTh1_192 | selection=last | epoch=150 | best_val_epoch=74 | test_MSE=0.450227347 | MAE=0.444714975 | RMSE=0.670989827 | params={'learning_rate': 0.030010670562858804, 'decay_rate': 0.004049911896807652, 'hidden_size': 32, 'beta1': 0.99, 'beta2': 0.999, 'signal_len': 16, 'cheb_order': 2, 's': 6.164343553022076, 'batch_size': 32, 'k': 6}
Trial 95 finished with value 0.596524993 | dataset=ETTh1_192 | selection=last | epoch=150 | best_val_epoch=6 | test_MSE=0.755298657 | MAE=0.596524993 | RMSE=0.869079201 | params={'learning_rate': 0.029916535375014902, 'decay_rate': 0.0013815310419049197, 'hidden_size': 32, 'beta1': 0.99, 'beta2': 0.999, 'signal_len': 128, 'cheb_order': 2, 's': 5.612331590411505, 'batch_size': 32, 'k': 6}
Trial 96 finished with value 0.450203797 | dataset=ETTh1_192 | selection=last | epoch=150 | best_val_epoch=146 | test_MSE=0.456104048 | MAE=0.450203797 | RMSE=0.675354757 | params={'learning_rate': 0.03193478498670892, 'decay_rate': 0.0038322173674491733, 'hidden_size': 32, 'beta1': 0.99, 'beta2': 0.999, 'signal_len': 16, 'cheb_order': 2, 's': 6.114861086480413, 'batch_size': 32, 'k': 6}
Trial 97 finished with value 0.445920632 | dataset=ETTh1_192 | selection=last | epoch=150 | best_val_epoch=107 | test_MSE=0.449142963 | MAE=0.445920632 | RMSE=0.670181291 | params={'learning_rate': 0.03291342092105473, 'decay_rate': 0.004536425206451941, 'hidden_size': 32, 'beta1': 0.99, 'beta2': 0.999, 'signal_len': 16, 'cheb_order': 2, 's': 5.837010992795759, 'batch_size': 32, 'k': 6}
Trial 98 finished with value 0.445396710 | dataset=ETTh1_192 | selection=last | epoch=150 | best_val_epoch=126 | test_MSE=0.448381806 | MAE=0.445396710 | RMSE=0.669613177 | params={'learning_rate': 0.03570883026527187, 'decay_rate': 0.004572576720825519, 'hidden_size': 32, 'beta1': 0.99, 'beta2': 0.99, 'signal_len': 16, 'cheb_order': 2, 's': 5.325982766052714, 'batch_size': 32, 'k': 6}
Trial 99 finished with value 0.445128058 | dataset=ETTh1_192 | selection=last | epoch=150 | best_val_epoch=130 | test_MSE=0.450709469 | MAE=0.445128058 | RMSE=0.671348992 | params={'learning_rate': 0.03324823391944534, 'decay_rate': 0.0021468159540553164, 'hidden_size': 32, 'beta1': 0.99, 'beta2': 0.99, 'signal_len': 16, 'cheb_order': 2, 's': 5.3609398761675635, 'batch_size': 32, 'k': 6}
Trial 100 finished with value 0.461386498 | dataset=ETTh1_192 | selection=last | epoch=150 | best_val_epoch=88 | test_MSE=0.459849975 | MAE=0.461386498 | RMSE=0.678122389 | params={'learning_rate': 0.038297426895468605, 'decay_rate': 0.0022229364800183298, 'hidden_size': 32, 'beta1': 0.99, 'beta2': 0.99, 'signal_len': 16, 'cheb_order': 2, 's': 5.210866219616204, 'batch_size': 512, 'k': 6}
Trial 101 finished with value 0.445105560 | dataset=ETTh1_192 | selection=last | epoch=150 | best_val_epoch=77 | test_MSE=0.450188932 | MAE=0.445105560 | RMSE=0.670961200 | params={'learning_rate': 0.03340041387825925, 'decay_rate': 0.0044954372809729165, 'hidden_size': 32, 'beta1': 0.99, 'beta2': 0.99, 'signal_len': 16, 'cheb_order': 2, 's': 5.842046537788149, 'batch_size': 32, 'k': 6}
Trial 102 finished with value 0.445025308 | dataset=ETTh1_192 | selection=last | epoch=150 | best_val_epoch=77 | test_MSE=0.450151810 | MAE=0.445025308 | RMSE=0.670933536 | params={'learning_rate': 0.03570101970271041, 'decay_rate': 0.0044193999700566505, 'hidden_size': 32, 'beta1': 0.99, 'beta2': 0.99, 'signal_len': 16, 'cheb_order': 2, 's': 5.819927149107708, 'batch_size': 32, 'k': 6}
Trial 103 finished with value 0.445011710 | dataset=ETTh1_192 | selection=last | epoch=150 | best_val_epoch=77 | test_MSE=0.450155463 | MAE=0.445011710 | RMSE=0.670936258 | params={'learning_rate': 0.0357298631577947, 'decay_rate': 0.004358363034718674, 'hidden_size': 32, 'beta1': 0.99, 'beta2': 0.99, 'signal_len': 16, 'cheb_order': 2, 's': 5.800469593186149, 'batch_size': 32, 'k': 6}
Trial 104 finished with value 0.460645058 | dataset=ETTh1_192 | selection=last | epoch=150 | best_val_epoch=33 | test_MSE=0.467586746 | MAE=0.460645058 | RMSE=0.683803148 | params={'learning_rate': 0.03579678204577605, 'decay_rate': 0.0031820408524585726, 'hidden_size': 32, 'beta1': 0.99, 'beta2': 0.99, 'signal_len': 16, 'cheb_order': 2, 's': 5.823734746202389, 'batch_size': 32, 'k': 6}
Trial 105 finished with value 0.445054904 | dataset=ETTh1_192 | selection=last | epoch=150 | best_val_epoch=112 | test_MSE=0.450050936 | MAE=0.445054904 | RMSE=0.670858358 | params={'learning_rate': 0.03770841132651825, 'decay_rate': 0.004534410632122138, 'hidden_size': 32, 'beta1': 0.99, 'beta2': 0.99, 'signal_len': 16, 'cheb_order': 2, 's': 5.471902273977937, 'batch_size': 32, 'k': 6}
Trial 106 finished with value 0.535756796 | dataset=ETTh1_192 | selection=last | epoch=150 | best_val_epoch=85 | test_MSE=0.593530635 | MAE=0.535756796 | RMSE=0.770409394 | params={'learning_rate': 0.040353714533698425, 'decay_rate': 0.0015482665080636627, 'hidden_size': 32, 'beta1': 0.99, 'beta2': 0.99, 'signal_len': 64, 'cheb_order': 2, 's': 5.357204004115316, 'batch_size': 64, 'k': 6}
Trial 107 finished with value 0.445150303 | dataset=ETTh1_192 | selection=last | epoch=150 | best_val_epoch=67 | test_MSE=0.450198308 | MAE=0.445150303 | RMSE=0.670968187 | params={'learning_rate': 0.038011302412870415, 'decay_rate': 0.004442582072454684, 'hidden_size': 32, 'beta1': 0.99, 'beta2': 0.99, 'signal_len': 16, 'cheb_order': 2, 's': 5.813280997945692, 'batch_size': 32, 'k': 6}
Trial 108 finished with value 0.444628843 | dataset=ETTh1_192 | selection=last | epoch=150 | best_val_epoch=67 | test_MSE=0.450055450 | MAE=0.444628843 | RMSE=0.670861722 | params={'learning_rate': 0.03768683205302114, 'decay_rate': 0.003966121147855192, 'hidden_size': 32, 'beta1': 0.99, 'beta2': 0.99, 'signal_len': 16, 'cheb_order': 2, 's': 5.8679340107796465, 'batch_size': 32, 'k': 6}
Trial 109 finished with value 0.463367792 | dataset=ETTh1_192 | selection=last | epoch=150 | best_val_epoch=59 | test_MSE=0.468999202 | MAE=0.463367792 | RMSE=0.684835164 | params={'learning_rate': 0.042356307937861035, 'decay_rate': 0.0005943667445720987, 'hidden_size': 32, 'beta1': 0.99, 'beta2': 0.99, 'signal_len': 16, 'cheb_order': 2, 's': 4.837890621865551, 'batch_size': 128, 'k': 6}
Trial 110 finished with value 0.444732067 | dataset=ETTh1_192 | selection=last | epoch=150 | best_val_epoch=90 | test_MSE=0.449230440 | MAE=0.444732067 | RMSE=0.670246552 | params={'learning_rate': 0.03799341327716111, 'decay_rate': 0.0030087573969952673, 'hidden_size': 32, 'beta1': 0.95, 'beta2': 0.99, 'signal_len': 16, 'cheb_order': 2, 's': 5.448236142164611, 'batch_size': 32, 'k': 6}
