RUN study=ETTh1_720_ufgtime_plus_ett_main_config_mean_v1_mean_last | storage=sqlite:////home/xy/Research/UFGTime/UFGTime+/sqlite/ETTh1_720_ufgtime_plus_ett_main_config_mean_v1_mean_last.sqlite3 | trials_this_run=500 | log=/home/xy/Research/UFGTime/UFGTime+/logs/ETTh1_720_ufgtime_plus_ett_main_config_mean_v1_mean_last/20260917_170140_158639.log
Trial 0 finished with value 0.615704309 | dataset=ETTh1_720 | selection=last | epoch=150 | best_val_epoch=135 | test_MSE=0.651340517 | MAE=0.615704309 | RMSE=0.807056700 | params={'learning_rate': 0.027445187061326964, 'decay_rate': 0.03576231642495725, 'hidden_size': 16, 'beta1': 0.99, 'beta2': 0.95, 'signal_len': 64, 'cheb_order': 2, 's': 8.510316625376648, 'batch_size': 128, 'k': 6}
Trial 1 finished with value 0.862443761 | dataset=ETTh1_720 | selection=last | epoch=150 | best_val_epoch=37 | test_MSE=1.255168610 | MAE=0.862443761 | RMSE=1.120343077 | params={'learning_rate': 0.005922538549187971, 'decay_rate': 0.031999651856162915, 'hidden_size': 32, 'beta1': 0.99, 'beta2': 0.99, 'signal_len': 128, 'cheb_order': 2, 's': 4.989584388814139, 'batch_size': 32, 'k': 2}
Trial 2 finished with value 0.808712160 | dataset=ETTh1_720 | selection=last | epoch=150 | best_val_epoch=14 | test_MSE=1.084209985 | MAE=0.808712160 | RMSE=1.041254045 | params={'learning_rate': 0.01577826326269995, 'decay_rate': 0.018191901439421704, 'hidden_size': 64, 'beta1': 0.95, 'beta2': 0.95, 'signal_len': 128, 'cheb_order': 3, 's': 4.381654018882581, 'batch_size': 512, 'k': 4}
Trial 3 finished with value 0.595063346 | dataset=ETTh1_720 | selection=last | epoch=150 | best_val_epoch=12 | test_MSE=0.648630258 | MAE=0.595063346 | RMSE=0.805375849 | params={'learning_rate': 0.04883828679863496, 'decay_rate': 0.03024622753205485, 'hidden_size': 16, 'beta1': 0.95, 'beta2': 0.99, 'signal_len': 16, 'cheb_order': 3, 's': 9.370736158428306, 'batch_size': 256, 'k': 2}
Trial 4 finished with value 0.665247708 | dataset=ETTh1_720 | selection=last | epoch=150 | best_val_epoch=70 | test_MSE=0.794387232 | MAE=0.665247708 | RMSE=0.891284035 | params={'learning_rate': 0.029329781611156056, 'decay_rate': 0.0010151762339128028, 'hidden_size': 16, 'beta1': 0.99, 'beta2': 0.999, 'signal_len': 64, 'cheb_order': 2, 's': 3.74718886261069, 'batch_size': 512, 'k': 6}
Trial 5 finished with value 0.566601399 | dataset=ETTh1_720 | selection=last | epoch=150 | best_val_epoch=106 | test_MSE=0.596636778 | MAE=0.566601399 | RMSE=0.772422668 | params={'learning_rate': 0.036265461448183836, 'decay_rate': 0.025071205852515845, 'hidden_size': 16, 'beta1': 0.9, 'beta2': 0.95, 'signal_len': 128, 'cheb_order': 2, 's': 6.913487296728489, 'batch_size': 128, 'k': 6}
Trial 6 finished with value 0.571213100 | dataset=ETTh1_720 | selection=last | epoch=150 | best_val_epoch=116 | test_MSE=0.604261398 | MAE=0.571213100 | RMSE=0.777342523 | params={'learning_rate': 0.04031163751241383, 'decay_rate': 0.03519739029118291, 'hidden_size': 32, 'beta1': 0.9, 'beta2': 0.99, 'signal_len': 16, 'cheb_order': 3, 's': 5.136529875834814, 'batch_size': 128, 'k': 4}
Trial 7 finished with value 0.684634301 | dataset=ETTh1_720 | selection=last | epoch=150 | best_val_epoch=7 | test_MSE=0.810745502 | MAE=0.684634301 | RMSE=0.900414072 | params={'learning_rate': 0.036502228215578664, 'decay_rate': 0.008589767566299412, 'hidden_size': 16, 'beta1': 0.95, 'beta2': 0.99, 'signal_len': 64, 'cheb_order': 3, 's': 6.564297008096474, 'batch_size': 128, 'k': 2}
Trial 8 finished with value 0.721832680 | dataset=ETTh1_720 | selection=last | epoch=150 | best_val_epoch=64 | test_MSE=0.872310604 | MAE=0.721832680 | RMSE=0.933975698 | params={'learning_rate': 0.009317788363958005, 'decay_rate': 0.04721917577529684, 'hidden_size': 16, 'beta1': 0.99, 'beta2': 0.99, 'signal_len': 128, 'cheb_order': 3, 's': 9.080374508059045, 'batch_size': 32, 'k': 6}
Trial 9 finished with value 0.603391418 | dataset=ETTh1_720 | selection=last | epoch=150 | best_val_epoch=10 | test_MSE=0.641902799 | MAE=0.603391418 | RMSE=0.801188367 | params={'learning_rate': 0.016007657369615166, 'decay_rate': 0.01917936006965318, 'hidden_size': 32, 'beta1': 0.9, 'beta2': 0.99, 'signal_len': 32, 'cheb_order': 3, 's': 1.328398190685331, 'batch_size': 256, 'k': 4}
Trial 10 finished with value 0.573650506 | dataset=ETTh1_720 | selection=last | epoch=150 | best_val_epoch=145 | test_MSE=0.607569647 | MAE=0.573650506 | RMSE=0.779467541 | params={'learning_rate': 0.047567903043685376, 'decay_rate': 0.047676375135133765, 'hidden_size': 64, 'beta1': 0.9, 'beta2': 0.95, 'signal_len': 32, 'cheb_order': 2, 's': 7.26587594064285, 'batch_size': 64, 'k': 6}
Trial 11 finished with value 0.578029043 | dataset=ETTh1_720 | selection=last | epoch=150 | best_val_epoch=144 | test_MSE=0.616113204 | MAE=0.578029043 | RMSE=0.784928789 | params={'learning_rate': 0.03794315013456961, 'decay_rate': 0.03909328258737703, 'hidden_size': 32, 'beta1': 0.9, 'beta2': 0.999, 'signal_len': 16, 'cheb_order': 2, 's': 6.2696334582544635, 'batch_size': 128, 'k': 4}
Trial 12 finished with value 0.564083178 | dataset=ETTh1_720 | selection=last | epoch=150 | best_val_epoch=149 | test_MSE=0.592454255 | MAE=0.564083178 | RMSE=0.769710501 | params={'learning_rate': 0.038971984814691836, 'decay_rate': 0.023820900199092672, 'hidden_size': 32, 'beta1': 0.9, 'beta2': 0.95, 'signal_len': 16, 'cheb_order': 3, 's': 2.975749673236617, 'batch_size': 128, 'k': 4}
Trial 13 finished with value 0.563247444 | dataset=ETTh1_720 | selection=last | epoch=150 | best_val_epoch=126 | test_MSE=0.592430541 | MAE=0.563247444 | RMSE=0.769695096 | params={'learning_rate': 0.03306098218238344, 'decay_rate': 0.021565680292177484, 'hidden_size': 32, 'beta1': 0.9, 'beta2': 0.95, 'signal_len': 128, 'cheb_order': 2, 's': 2.520025703846003, 'batch_size': 128, 'k': 4}
Trial 14 finished with value 0.558586621 | dataset=ETTh1_720 | selection=last | epoch=150 | best_val_epoch=133 | test_MSE=0.582605866 | MAE=0.558586621 | RMSE=0.763286228 | params={'learning_rate': 0.02124567765985253, 'decay_rate': 0.015490666885866271, 'hidden_size': 32, 'beta1': 0.9, 'beta2': 0.95, 'signal_len': 16, 'cheb_order': 2, 's': 2.4020492418242143, 'batch_size': 64, 'k': 4}
Trial 15 finished with value 0.831403648 | dataset=ETTh1_720 | selection=last | epoch=150 | best_val_epoch=6 | test_MSE=1.181389435 | MAE=0.831403648 | RMSE=1.086917400 | params={'learning_rate': 0.02067508896209822, 'decay_rate': 0.013937549371041946, 'hidden_size': 32, 'beta1': 0.9, 'beta2': 0.95, 'signal_len': 128, 'cheb_order': 2, 's': 1.7673163087842618, 'batch_size': 64, 'k': 4}
Trial 16 finished with value 0.575497774 | dataset=ETTh1_720 | selection=last | epoch=150 | best_val_epoch=133 | test_MSE=0.604107562 | MAE=0.575497774 | RMSE=0.777243567 | params={'learning_rate': 0.02157066507537507, 'decay_rate': 0.00710620633156726, 'hidden_size': 32, 'beta1': 0.9, 'beta2': 0.95, 'signal_len': 16, 'cheb_order': 2, 's': 2.648849622842509, 'batch_size': 64, 'k': 2}
Trial 17 finished with value 0.560118597 | dataset=ETTh1_720 | selection=last | epoch=150 | best_val_epoch=147 | test_MSE=0.588383556 | MAE=0.560118597 | RMSE=0.767061638 | params={'learning_rate': 0.031095315431088413, 'decay_rate': 0.012526966829763493, 'hidden_size': 32, 'beta1': 0.9, 'beta2': 0.95, 'signal_len': 32, 'cheb_order': 2, 's': 2.519578027608249, 'batch_size': 64, 'k': 4}
Trial 18 finished with value 0.638230562 | dataset=ETTh1_720 | selection=last | epoch=150 | best_val_epoch=55 | test_MSE=0.731745394 | MAE=0.638230562 | RMSE=0.855421179 | params={'learning_rate': 0.012837428972152997, 'decay_rate': 0.010749721137940293, 'hidden_size': 64, 'beta1': 0.9, 'beta2': 0.999, 'signal_len': 32, 'cheb_order': 2, 's': 3.7238088260910596, 'batch_size': 64, 'k': 2}
Trial 19 finished with value 0.649900117 | dataset=ETTh1_720 | selection=last | epoch=150 | best_val_epoch=10 | test_MSE=0.761317971 | MAE=0.649900117 | RMSE=0.872535369 | params={'learning_rate': 0.002296626419212737, 'decay_rate': 0.0002750126987798463, 'hidden_size': 32, 'beta1': 0.95, 'beta2': 0.95, 'signal_len': 32, 'cheb_order': 2, 's': 1.9804072874189802, 'batch_size': 64, 'k': 4}
Trial 20 finished with value 0.580561467 | dataset=ETTh1_720 | selection=last | epoch=150 | best_val_epoch=10 | test_MSE=0.621474827 | MAE=0.580561467 | RMSE=0.788336747 | params={'learning_rate': 0.022777839946405844, 'decay_rate': 0.013432316231113937, 'hidden_size': 32, 'beta1': 0.9, 'beta2': 0.95, 'signal_len': 32, 'cheb_order': 2, 's': 3.6304726173788042, 'batch_size': 64, 'k': 4}
Trial 21 finished with value 0.564515222 | dataset=ETTh1_720 | selection=last | epoch=150 | best_val_epoch=107 | test_MSE=0.594415829 | MAE=0.564515222 | RMSE=0.770983676 | params={'learning_rate': 0.03136163168931489, 'decay_rate': 0.019673313346928213, 'hidden_size': 32, 'beta1': 0.9, 'beta2': 0.95, 'signal_len': 32, 'cheb_order': 2, 's': 2.6383640912905806, 'batch_size': 64, 'k': 4}
Trial 22 finished with value 0.567278065 | dataset=ETTh1_720 | selection=last | epoch=150 | best_val_epoch=116 | test_MSE=0.598002683 | MAE=0.567278065 | RMSE=0.773306332 | params={'learning_rate': 0.03234275846086836, 'decay_rate': 0.02687334249141227, 'hidden_size': 32, 'beta1': 0.9, 'beta2': 0.95, 'signal_len': 16, 'cheb_order': 2, 's': 2.41928941522443, 'batch_size': 64, 'k': 4}
Trial 23 finished with value 0.824433135 | dataset=ETTh1_720 | selection=last | epoch=150 | best_val_epoch=58 | test_MSE=1.090938026 | MAE=0.824433135 | RMSE=1.044479787 | params={'learning_rate': 0.025703290799388795, 'decay_rate': 0.005752054127566268, 'hidden_size': 32, 'beta1': 0.9, 'beta2': 0.95, 'signal_len': 128, 'cheb_order': 2, 's': 1.12327514534591, 'batch_size': 32, 'k': 4}
Trial 24 finished with value 0.737625993 | dataset=ETTh1_720 | selection=last | epoch=150 | best_val_epoch=41 | test_MSE=0.875552710 | MAE=0.737625993 | RMSE=0.935709736 | params={'learning_rate': 0.04332350390959716, 'decay_rate': 0.01647177120879584, 'hidden_size': 32, 'beta1': 0.9, 'beta2': 0.95, 'signal_len': 128, 'cheb_order': 2, 's': 3.1659298036527046, 'batch_size': 512, 'k': 4}
Trial 25 finished with value 0.589761175 | dataset=ETTh1_720 | selection=last | epoch=150 | best_val_epoch=11 | test_MSE=0.643680626 | MAE=0.589761175 | RMSE=0.802297094 | params={'learning_rate': 0.033212274668690735, 'decay_rate': 0.0215454530362262, 'hidden_size': 64, 'beta1': 0.9, 'beta2': 0.999, 'signal_len': 16, 'cheb_order': 2, 's': 4.437384941550461, 'batch_size': 256, 'k': 4}
Trial 26 finished with value 0.583874753 | dataset=ETTh1_720 | selection=last | epoch=150 | best_val_epoch=67 | test_MSE=0.626074232 | MAE=0.583874753 | RMSE=0.791248527 | params={'learning_rate': 0.01915250803576927, 'decay_rate': 0.014657889103251848, 'hidden_size': 32, 'beta1': 0.9, 'beta2': 0.95, 'signal_len': 32, 'cheb_order': 2, 's': 1.9093950257182057, 'batch_size': 64, 'k': 6}
Trial 27 finished with value 0.685497856 | dataset=ETTh1_720 | selection=last | epoch=150 | best_val_epoch=29 | test_MSE=0.785229530 | MAE=0.685497856 | RMSE=0.886131779 | params={'learning_rate': 0.02624216297686441, 'decay_rate': 0.010778620307738898, 'hidden_size': 32, 'beta1': 0.9, 'beta2': 0.95, 'signal_len': 64, 'cheb_order': 2, 's': 4.350708384908732, 'batch_size': 64, 'k': 2}
Trial 28 finished with value 0.557881675 | dataset=ETTh1_720 | selection=last | epoch=150 | best_val_epoch=97 | test_MSE=0.587956634 | MAE=0.557881675 | RMSE=0.766783303 | params={'learning_rate': 0.029356934108900803, 'decay_rate': 0.004316188841092071, 'hidden_size': 32, 'beta1': 0.95, 'beta2': 0.95, 'signal_len': 32, 'cheb_order': 2, 's': 5.545211655502538, 'batch_size': 128, 'k': 4}
Trial 29 finished with value 0.617925736 | dataset=ETTh1_720 | selection=last | epoch=150 | best_val_epoch=5 | test_MSE=0.672594160 | MAE=0.617925736 | RMSE=0.820118381 | params={'learning_rate': 0.02765454691200975, 'decay_rate': 0.005773324692228448, 'hidden_size': 64, 'beta1': 0.95, 'beta2': 0.95, 'signal_len': 32, 'cheb_order': 2, 's': 8.453249994561205, 'batch_size': 128, 'k': 6}
Trial 30 finished with value 0.660260168 | dataset=ETTh1_720 | selection=last | epoch=150 | best_val_epoch=70 | test_MSE=0.757586877 | MAE=0.660260168 | RMSE=0.870394667 | params={'learning_rate': 0.024118373879221857, 'decay_rate': 0.002994659253448533, 'hidden_size': 32, 'beta1': 0.95, 'beta2': 0.999, 'signal_len': 32, 'cheb_order': 2, 's': 5.962924199474597, 'batch_size': 32, 'k': 4}
Trial 31 finished with value 0.561348653 | dataset=ETTh1_720 | selection=last | epoch=150 | best_val_epoch=105 | test_MSE=0.591475207 | MAE=0.561348653 | RMSE=0.769074253 | params={'learning_rate': 0.028649205468645533, 'decay_rate': 0.010343347193290008, 'hidden_size': 32, 'beta1': 0.95, 'beta2': 0.95, 'signal_len': 32, 'cheb_order': 2, 's': 3.1631038689338444, 'batch_size': 128, 'k': 4}
Trial 32 finished with value 0.646791330 | dataset=ETTh1_720 | selection=last | epoch=150 | best_val_epoch=8 | test_MSE=0.711449997 | MAE=0.646791330 | RMSE=0.843474954 | params={'learning_rate': 0.01808388423128022, 'decay_rate': 0.010933835683535752, 'hidden_size': 32, 'beta1': 0.95, 'beta2': 0.95, 'signal_len': 32, 'cheb_order': 2, 's': 8.056614515940463, 'batch_size': 128, 'k': 4}
Trial 33 finished with value 0.639561498 | dataset=ETTh1_720 | selection=last | epoch=150 | best_val_epoch=44 | test_MSE=0.705783691 | MAE=0.639561498 | RMSE=0.840109332 | params={'learning_rate': 0.028531558956120296, 'decay_rate': 0.0038621509846208184, 'hidden_size': 32, 'beta1': 0.95, 'beta2': 0.95, 'signal_len': 32, 'cheb_order': 2, 's': 4.970043656518384, 'batch_size': 128, 'k': 4}
Trial 34 finished with value 0.651078039 | dataset=ETTh1_720 | selection=last | epoch=150 | best_val_epoch=13 | test_MSE=0.727884703 | MAE=0.651078039 | RMSE=0.853161593 | params={'learning_rate': 0.03008788325603544, 'decay_rate': 0.009263985852466251, 'hidden_size': 32, 'beta1': 0.95, 'beta2': 0.95, 'signal_len': 32, 'cheb_order': 2, 's': 3.202389517257484, 'batch_size': 512, 'k': 4}
Trial 35 finished with value 0.638770516 | dataset=ETTh1_720 | selection=last | epoch=150 | best_val_epoch=71 | test_MSE=0.711501344 | MAE=0.638770516 | RMSE=0.843505391 | params={'learning_rate': 0.024921653974429792, 'decay_rate': 0.016329027540082416, 'hidden_size': 32, 'beta1': 0.99, 'beta2': 0.95, 'signal_len': 32, 'cheb_order': 2, 's': 5.521739411453289, 'batch_size': 256, 'k': 2}
Trial 36 finished with value 0.676813396 | dataset=ETTh1_720 | selection=last | epoch=150 | best_val_epoch=4 | test_MSE=0.763631741 | MAE=0.676813396 | RMSE=0.873860253 | params={'learning_rate': 0.03523521572177179, 'decay_rate': 0.0033263274118911397, 'hidden_size': 16, 'beta1': 0.95, 'beta2': 0.95, 'signal_len': 64, 'cheb_order': 2, 's': 4.198174780440136, 'batch_size': 128, 'k': 4}
Trial 37 finished with value 0.589819499 | dataset=ETTh1_720 | selection=last | epoch=150 | best_val_epoch=34 | test_MSE=0.654931366 | MAE=0.589819499 | RMSE=0.809278299 | params={'learning_rate': 0.014791736919036777, 'decay_rate': 0.012283883538296759, 'hidden_size': 32, 'beta1': 0.95, 'beta2': 0.95, 'signal_len': 16, 'cheb_order': 2, 's': 1.642465538428031, 'batch_size': 128, 'k': 4}
Trial 38 finished with value 0.636957377 | dataset=ETTh1_720 | selection=last | epoch=150 | best_val_epoch=61 | test_MSE=0.709839905 | MAE=0.636957377 | RMSE=0.842519973 | params={'learning_rate': 0.04284563360534913, 'decay_rate': 0.007730334061495895, 'hidden_size': 64, 'beta1': 0.99, 'beta2': 0.99, 'signal_len': 32, 'cheb_order': 3, 's': 9.917231902312682, 'batch_size': 512, 'k': 6}
Trial 39 finished with value 0.568357304 | dataset=ETTh1_720 | selection=last | epoch=150 | best_val_epoch=143 | test_MSE=0.599724377 | MAE=0.568357304 | RMSE=0.774418735 | params={'learning_rate': 0.028745840424545505, 'decay_rate': 0.029086739960660534, 'hidden_size': 16, 'beta1': 0.95, 'beta2': 0.95, 'signal_len': 64, 'cheb_order': 2, 's': 3.409873734198806, 'batch_size': 32, 'k': 2}
Trial 40 finished with value 0.621784368 | dataset=ETTh1_720 | selection=last | epoch=150 | best_val_epoch=31 | test_MSE=0.683875154 | MAE=0.621784368 | RMSE=0.826967444 | params={'learning_rate': 0.009567984857145972, 'decay_rate': 0.015665551783965188, 'hidden_size': 32, 'beta1': 0.99, 'beta2': 0.999, 'signal_len': 32, 'cheb_order': 3, 's': 4.837562083222853, 'batch_size': 128, 'k': 4}
Trial 41 finished with value 0.830539986 | dataset=ETTh1_720 | selection=last | epoch=150 | best_val_epoch=21 | test_MSE=1.220182169 | MAE=0.830539986 | RMSE=1.104618563 | params={'learning_rate': 0.03463855661462666, 'decay_rate': 0.022053949989482936, 'hidden_size': 32, 'beta1': 0.95, 'beta2': 0.95, 'signal_len': 128, 'cheb_order': 2, 's': 2.241071058671611, 'batch_size': 128, 'k': 4}
Trial 42 finished with value 0.821623187 | dataset=ETTh1_720 | selection=last | epoch=150 | best_val_epoch=37 | test_MSE=1.195059357 | MAE=0.821623187 | RMSE=1.093187704 | params={'learning_rate': 0.031292332653983984, 'decay_rate': 0.018125639458986584, 'hidden_size': 32, 'beta1': 0.95, 'beta2': 0.95, 'signal_len': 128, 'cheb_order': 2, 's': 2.753163416227665, 'batch_size': 128, 'k': 4}
Trial 43 finished with value 0.761861241 | dataset=ETTh1_720 | selection=last | epoch=150 | best_val_epoch=40 | test_MSE=0.995975647 | MAE=0.761861241 | RMSE=0.997985795 | params={'learning_rate': 0.023148390339388748, 'decay_rate': 0.02069423792815334, 'hidden_size': 32, 'beta1': 0.9, 'beta2': 0.95, 'signal_len': 128, 'cheb_order': 2, 's': 2.1626402721399893, 'batch_size': 128, 'k': 4}
Trial 44 finished with value 0.586613926 | dataset=ETTh1_720 | selection=last | epoch=150 | best_val_epoch=31 | test_MSE=0.642441401 | MAE=0.586613926 | RMSE=0.801524423 | params={'learning_rate': 0.03296423669199076, 'decay_rate': 0.017498467188374472, 'hidden_size': 32, 'beta1': 0.99, 'beta2': 0.99, 'signal_len': 16, 'cheb_order': 2, 's': 1.5818002074228428, 'batch_size': 128, 'k': 4}
Trial 45 finished with value 0.597028811 | dataset=ETTh1_720 | selection=last | epoch=150 | best_val_epoch=25 | test_MSE=0.636830046 | MAE=0.597028811 | RMSE=0.798016319 | params={'learning_rate': 0.02675003325262451, 'decay_rate': 0.023204711404495135, 'hidden_size': 16, 'beta1': 0.9, 'beta2': 0.95, 'signal_len': 32, 'cheb_order': 2, 's': 4.097192391299144, 'batch_size': 256, 'k': 4}
Trial 46 finished with value 0.738724399 | dataset=ETTh1_720 | selection=last | epoch=150 | best_val_epoch=37 | test_MSE=0.902131695 | MAE=0.738724399 | RMSE=0.949806135 | params={'learning_rate': 0.04115059351043557, 'decay_rate': 0.025253230088138734, 'hidden_size': 32, 'beta1': 0.95, 'beta2': 0.95, 'signal_len': 128, 'cheb_order': 3, 's': 7.426766021690241, 'batch_size': 64, 'k': 4}
Trial 47 finished with value 0.570308692 | dataset=ETTh1_720 | selection=last | epoch=150 | best_val_epoch=74 | test_MSE=0.602776164 | MAE=0.570308692 | RMSE=0.776386607 | params={'learning_rate': 0.037774697534191506, 'decay_rate': 0.03228985996495945, 'hidden_size': 32, 'beta1': 0.9, 'beta2': 0.99, 'signal_len': 16, 'cheb_order': 2, 's': 2.9473221350674863, 'batch_size': 128, 'k': 4}
Trial 48 finished with value 0.574284135 | dataset=ETTh1_720 | selection=last | epoch=150 | best_val_epoch=128 | test_MSE=0.609522431 | MAE=0.574284135 | RMSE=0.780719175 | params={'learning_rate': 0.030006842564593645, 'decay_rate': 0.04344592688873334, 'hidden_size': 32, 'beta1': 0.9, 'beta2': 0.95, 'signal_len': 32, 'cheb_order': 2, 's': 5.550274037050858, 'batch_size': 64, 'k': 6}
Trial 49 finished with value 0.668029664 | dataset=ETTh1_720 | selection=last | epoch=150 | best_val_epoch=7 | test_MSE=0.758346189 | MAE=0.668029664 | RMSE=0.870830746 | params={'learning_rate': 0.019987708166474973, 'decay_rate': 0.005561946830458751, 'hidden_size': 32, 'beta1': 0.95, 'beta2': 0.95, 'signal_len': 64, 'cheb_order': 2, 's': 3.3883871631253943, 'batch_size': 128, 'k': 4}
Trial 50 finished with value 0.581909424 | dataset=ETTh1_720 | selection=last | epoch=150 | best_val_epoch=107 | test_MSE=0.630553702 | MAE=0.581909424 | RMSE=0.794074116 | params={'learning_rate': 0.03460839312834691, 'decay_rate': 0.01291083527531051, 'hidden_size': 64, 'beta1': 0.9, 'beta2': 0.95, 'signal_len': 16, 'cheb_order': 3, 's': 3.8634115518574372, 'batch_size': 64, 'k': 4}
Trial 51 finished with value 0.567866139 | dataset=ETTh1_720 | selection=last | epoch=150 | best_val_epoch=84 | test_MSE=0.598880366 | MAE=0.567866139 | RMSE=0.773873611 | params={'learning_rate': 0.04068824258017879, 'decay_rate': 0.027770121998496388, 'hidden_size': 32, 'beta1': 0.9, 'beta2': 0.95, 'signal_len': 16, 'cheb_order': 3, 's': 2.4928154400335987, 'batch_size': 128, 'k': 4}
Trial 52 finished with value 0.566802104 | dataset=ETTh1_720 | selection=last | epoch=150 | best_val_epoch=149 | test_MSE=0.597641929 | MAE=0.566802104 | RMSE=0.773073043 | params={'learning_rate': 0.03825287193187032, 'decay_rate': 0.024225209814437414, 'hidden_size': 32, 'beta1': 0.9, 'beta2': 0.95, 'signal_len': 16, 'cheb_order': 3, 's': 3.0144362809522853, 'batch_size': 128, 'k': 4}
Trial 53 finished with value 0.561038639 | dataset=ETTh1_720 | selection=last | epoch=150 | best_val_epoch=149 | test_MSE=0.590715529 | MAE=0.561038639 | RMSE=0.768580203 | params={'learning_rate': 0.04482080999566555, 'decay_rate': 0.00978839714306249, 'hidden_size': 32, 'beta1': 0.9, 'beta2': 0.95, 'signal_len': 16, 'cheb_order': 3, 's': 2.2234252121868137, 'batch_size': 128, 'k': 4}
Trial 54 finished with value 0.582118168 | dataset=ETTh1_720 | selection=last | epoch=150 | best_val_epoch=115 | test_MSE=0.624253355 | MAE=0.582118168 | RMSE=0.790097054 | params={'learning_rate': 0.04983503143295927, 'decay_rate': 0.008760663113888777, 'hidden_size': 32, 'beta1': 0.9, 'beta2': 0.95, 'signal_len': 16, 'cheb_order': 3, 's': 1.362076418174666, 'batch_size': 128, 'k': 4}
