Trial 55 finished with value 0.776151822 | dataset=ETTh1_720 | selection=last | epoch=150 | best_val_epoch=57 | test_MSE=1.104060891 | MAE=0.776151822 | RMSE=1.050743018 | params={'learning_rate': 0.03615160040832316, 'decay_rate': 0.01162272368073246, 'hidden_size': 32, 'beta1': 0.9, 'beta2': 0.95, 'signal_len': 128, 'cheb_order': 3, 's': 2.1303949377292524, 'batch_size': 128, 'k': 4}
Trial 56 finished with value 0.563936383 | dataset=ETTh1_720 | selection=last | epoch=150 | best_val_epoch=26 | test_MSE=0.592873236 | MAE=0.563936383 | RMSE=0.769982621 | params={'learning_rate': 0.04507142150999588, 'decay_rate': 0.01436460024154888, 'hidden_size': 16, 'beta1': 0.9, 'beta2': 0.999, 'signal_len': 16, 'cheb_order': 2, 's': 2.525131673293256, 'batch_size': 512, 'k': 4}
Trial 57 finished with value 0.623704450 | dataset=ETTh1_720 | selection=last | epoch=150 | best_val_epoch=71 | test_MSE=0.674299322 | MAE=0.623704450 | RMSE=0.821157307 | params={'learning_rate': 0.022248576369019647, 'decay_rate': 0.009416643157807172, 'hidden_size': 32, 'beta1': 0.9, 'beta2': 0.95, 'signal_len': 32, 'cheb_order': 3, 's': 1.3570277525676184, 'batch_size': 64, 'k': 4}
Trial 58 finished with value 0.648184076 | dataset=ETTh1_720 | selection=last | epoch=150 | best_val_epoch=38 | test_MSE=0.723139299 | MAE=0.648184076 | RMSE=0.850375975 | params={'learning_rate': 0.030504272817713615, 'decay_rate': 0.002043416834502975, 'hidden_size': 32, 'beta1': 0.9, 'beta2': 0.99, 'signal_len': 32, 'cheb_order': 2, 's': 1.9007454883133945, 'batch_size': 32, 'k': 4}
Trial 59 finished with value 0.563757804 | dataset=ETTh1_720 | selection=last | epoch=150 | best_val_epoch=146 | test_MSE=0.593382984 | MAE=0.563757804 | RMSE=0.770313562 | params={'learning_rate': 0.04653707382968741, 'decay_rate': 0.019161540174564735, 'hidden_size': 32, 'beta1': 0.95, 'beta2': 0.95, 'signal_len': 16, 'cheb_order': 2, 's': 2.8090571822710864, 'batch_size': 64, 'k': 4}
Trial 60 finished with value 0.834230430 | dataset=ETTh1_720 | selection=last | epoch=150 | best_val_epoch=20 | test_MSE=1.185312686 | MAE=0.834230430 | RMSE=1.088720665 | params={'learning_rate': 0.018175441793879275, 'decay_rate': 0.006465536365137954, 'hidden_size': 32, 'beta1': 0.99, 'beta2': 0.95, 'signal_len': 128, 'cheb_order': 2, 's': 4.6590562181548725, 'batch_size': 256, 'k': 4}
Trial 61 finished with value 0.563387109 | dataset=ETTh1_720 | selection=last | epoch=150 | best_val_epoch=146 | test_MSE=0.592831500 | MAE=0.563387109 | RMSE=0.769955518 | params={'learning_rate': 0.04755265040628706, 'decay_rate': 0.019592409276861938, 'hidden_size': 32, 'beta1': 0.95, 'beta2': 0.95, 'signal_len': 16, 'cheb_order': 2, 's': 2.765665145172223, 'batch_size': 64, 'k': 4}
Trial 62 finished with value 0.562100030 | dataset=ETTh1_720 | selection=last | epoch=150 | best_val_epoch=146 | test_MSE=0.591355815 | MAE=0.562100030 | RMSE=0.768996628 | params={'learning_rate': 0.04767746650181808, 'decay_rate': 0.015242508414984068, 'hidden_size': 32, 'beta1': 0.95, 'beta2': 0.95, 'signal_len': 16, 'cheb_order': 2, 's': 2.3744115934214807, 'batch_size': 64, 'k': 4}
Trial 63 finished with value 0.562217957 | dataset=ETTh1_720 | selection=last | epoch=150 | best_val_epoch=116 | test_MSE=0.591327768 | MAE=0.562217957 | RMSE=0.768978393 | params={'learning_rate': 0.04323350435554223, 'decay_rate': 0.015257457349615276, 'hidden_size': 32, 'beta1': 0.95, 'beta2': 0.95, 'signal_len': 16, 'cheb_order': 2, 's': 2.399293607805653, 'batch_size': 64, 'k': 4}
Trial 64 finished with value 0.559987850 | dataset=ETTh1_720 | selection=last | epoch=150 | best_val_epoch=116 | test_MSE=0.588752344 | MAE=0.559987850 | RMSE=0.767301990 | params={'learning_rate': 0.04549194642245716, 'decay_rate': 0.010150567059143073, 'hidden_size': 32, 'beta1': 0.95, 'beta2': 0.95, 'signal_len': 16, 'cheb_order': 2, 's': 2.2312183687619678, 'batch_size': 64, 'k': 4}
Trial 65 finished with value 0.603965957 | dataset=ETTh1_720 | selection=last | epoch=150 | best_val_epoch=41 | test_MSE=0.682853756 | MAE=0.603965957 | RMSE=0.826349657 | params={'learning_rate': 0.04572468999840828, 'decay_rate': 0.004493939150234193, 'hidden_size': 32, 'beta1': 0.95, 'beta2': 0.95, 'signal_len': 16, 'cheb_order': 2, 's': 1.7580783174037442, 'batch_size': 64, 'k': 4}
Trial 66 finished with value 0.561567231 | dataset=ETTh1_720 | selection=last | epoch=150 | best_val_epoch=129 | test_MSE=0.591925449 | MAE=0.561567231 | RMSE=0.769366915 | params={'learning_rate': 0.04956586572731078, 'decay_rate': 0.010295427462638538, 'hidden_size': 64, 'beta1': 0.95, 'beta2': 0.95, 'signal_len': 16, 'cheb_order': 2, 's': 3.628645108396476, 'batch_size': 64, 'k': 4}
Trial 67 finished with value 0.558755977 | dataset=ETTh1_720 | selection=last | epoch=150 | best_val_epoch=95 | test_MSE=0.587806244 | MAE=0.558755977 | RMSE=0.766685231 | params={'learning_rate': 0.04420136896708413, 'decay_rate': 0.007620902649234779, 'hidden_size': 64, 'beta1': 0.95, 'beta2': 0.95, 'signal_len': 16, 'cheb_order': 2, 's': 3.413383070139089, 'batch_size': 64, 'k': 4}
Trial 68 finished with value 0.605632888 | dataset=ETTh1_720 | selection=last | epoch=150 | best_val_epoch=41 | test_MSE=0.670486970 | MAE=0.605632888 | RMSE=0.818832688 | params={'learning_rate': 0.04452156447981457, 'decay_rate': 0.007459213875139137, 'hidden_size': 64, 'beta1': 0.95, 'beta2': 0.999, 'signal_len': 16, 'cheb_order': 2, 's': 6.520937557649666, 'batch_size': 64, 'k': 4}
Trial 69 finished with value 0.660827689 | dataset=ETTh1_720 | selection=last | epoch=150 | best_val_epoch=38 | test_MSE=0.748530795 | MAE=0.660827689 | RMSE=0.865176742 | params={'learning_rate': 0.040827788258912354, 'decay_rate': 0.0017556335725599109, 'hidden_size': 64, 'beta1': 0.95, 'beta2': 0.95, 'signal_len': 32, 'cheb_order': 3, 's': 3.3817201917708934, 'batch_size': 64, 'k': 2}
Trial 70 finished with value 0.562185204 | dataset=ETTh1_720 | selection=last | epoch=150 | best_val_epoch=92 | test_MSE=0.592230047 | MAE=0.562185204 | RMSE=0.769564843 | params={'learning_rate': 0.02453994195518746, 'decay_rate': 0.013092411931986708, 'hidden_size': 64, 'beta1': 0.95, 'beta2': 0.95, 'signal_len': 16, 'cheb_order': 2, 's': 3.9229799590670544, 'batch_size': 64, 'k': 4}
Trial 71 finished with value 0.587592671 | dataset=ETTh1_720 | selection=last | epoch=150 | best_val_epoch=78 | test_MSE=0.621328222 | MAE=0.587592671 | RMSE=0.788243758 | params={'learning_rate': 0.049662509785942964, 'decay_rate': 0.010285687983241545, 'hidden_size': 64, 'beta1': 0.95, 'beta2': 0.95, 'signal_len': 16, 'cheb_order': 2, 's': 3.2013290587877226, 'batch_size': 64, 'k': 4}
Trial 72 finished with value 0.570061275 | dataset=ETTh1_720 | selection=last | epoch=150 | best_val_epoch=137 | test_MSE=0.591432082 | MAE=0.570061275 | RMSE=0.769046216 | params={'learning_rate': 0.04856611476630306, 'decay_rate': 0.008156875065779312, 'hidden_size': 64, 'beta1': 0.95, 'beta2': 0.95, 'signal_len': 16, 'cheb_order': 2, 's': 3.4988378977264025, 'batch_size': 64, 'k': 4}
Trial 73 finished with value 0.625300226 | dataset=ETTh1_720 | selection=last | epoch=150 | best_val_epoch=48 | test_MSE=0.722204144 | MAE=0.625300226 | RMSE=0.849825950 | params={'learning_rate': 0.04228615611936008, 'decay_rate': 0.0002169723680799443, 'hidden_size': 64, 'beta1': 0.95, 'beta2': 0.95, 'signal_len': 16, 'cheb_order': 2, 's': 2.005553931338963, 'batch_size': 64, 'k': 4}
Trial 74 finished with value 0.560184799 | dataset=ETTh1_720 | selection=last | epoch=150 | best_val_epoch=131 | test_MSE=0.586042995 | MAE=0.560184799 | RMSE=0.765534450 | params={'learning_rate': 0.046788389961142096, 'decay_rate': 0.004869260452417488, 'hidden_size': 64, 'beta1': 0.95, 'beta2': 0.95, 'signal_len': 16, 'cheb_order': 2, 's': 3.6825077908252384, 'batch_size': 64, 'k': 4}
Trial 75 finished with value 0.633193760 | dataset=ETTh1_720 | selection=last | epoch=150 | best_val_epoch=49 | test_MSE=0.696917142 | MAE=0.633193760 | RMSE=0.834815634 | params={'learning_rate': 0.03898702153322172, 'decay_rate': 0.005093555553847763, 'hidden_size': 64, 'beta1': 0.95, 'beta2': 0.95, 'signal_len': 32, 'cheb_order': 2, 's': 7.194852151145709, 'batch_size': 64, 'k': 4}
Trial 76 finished with value 0.619089963 | dataset=ETTh1_720 | selection=last | epoch=150 | best_val_epoch=41 | test_MSE=0.694128677 | MAE=0.619089963 | RMSE=0.833143852 | params={'learning_rate': 0.04431029246616863, 'decay_rate': 0.004086663820909774, 'hidden_size': 64, 'beta1': 0.95, 'beta2': 0.95, 'signal_len': 16, 'cheb_order': 2, 's': 3.0280075759387204, 'batch_size': 512, 'k': 4}
Trial 77 finished with value 0.644445747 | dataset=ETTh1_720 | selection=last | epoch=150 | best_val_epoch=110 | test_MSE=0.685438795 | MAE=0.644445747 | RMSE=0.827912311 | params={'learning_rate': 0.028203307941074673, 'decay_rate': 0.011472274100310573, 'hidden_size': 16, 'beta1': 0.95, 'beta2': 0.95, 'signal_len': 64, 'cheb_order': 2, 's': 1.5876521181017562, 'batch_size': 32, 'k': 4}
Trial 78 finished with value 0.558283294 | dataset=ETTh1_720 | selection=last | epoch=150 | best_val_epoch=15 | test_MSE=0.587298676 | MAE=0.558283294 | RMSE=0.766354145 | params={'learning_rate': 0.045607258634447534, 'decay_rate': 0.007018860405809482, 'hidden_size': 64, 'beta1': 0.95, 'beta2': 0.99, 'signal_len': 32, 'cheb_order': 2, 's': 2.242337378903428, 'batch_size': 64, 'k': 4}
Trial 79 finished with value 0.606712637 | dataset=ETTh1_720 | selection=last | epoch=150 | best_val_epoch=47 | test_MSE=0.698331977 | MAE=0.606712637 | RMSE=0.835662598 | params={'learning_rate': 0.04674132567338747, 'decay_rate': 0.002684738429278615, 'hidden_size': 64, 'beta1': 0.95, 'beta2': 0.99, 'signal_len': 16, 'cheb_order': 2, 's': 2.214599609546726, 'batch_size': 64, 'k': 4}
Trial 80 finished with value 0.636385419 | dataset=ETTh1_720 | selection=last | epoch=150 | best_val_epoch=46 | test_MSE=0.715031779 | MAE=0.636385419 | RMSE=0.845595517 | params={'learning_rate': 0.045560389338052024, 'decay_rate': 0.007298100020689395, 'hidden_size': 64, 'beta1': 0.99, 'beta2': 0.99, 'signal_len': 32, 'cheb_order': 2, 's': 5.319833555190678, 'batch_size': 64, 'k': 4}
Trial 81 finished with value 0.643527341 | dataset=ETTh1_720 | selection=last | epoch=150 | best_val_epoch=54 | test_MSE=0.702081522 | MAE=0.643527341 | RMSE=0.837903050 | params={'learning_rate': 0.04157284846017819, 'decay_rate': 0.0066153690244675975, 'hidden_size': 64, 'beta1': 0.95, 'beta2': 0.99, 'signal_len': 32, 'cheb_order': 2, 's': 2.5822947563983365, 'batch_size': 64, 'k': 4}
Trial 82 finished with value 0.602474336 | dataset=ETTh1_720 | selection=last | epoch=150 | best_val_epoch=85 | test_MSE=0.646613412 | MAE=0.602474336 | RMSE=0.804122759 | params={'learning_rate': 0.03965813427125547, 'decay_rate': 0.0095566243661395, 'hidden_size': 64, 'beta1': 0.95, 'beta2': 0.99, 'signal_len': 32, 'cheb_order': 2, 's': 2.77887034885002, 'batch_size': 64, 'k': 4}
Trial 83 finished with value 0.614383106 | dataset=ETTh1_720 | selection=last | epoch=150 | best_val_epoch=58 | test_MSE=0.663447175 | MAE=0.614383106 | RMSE=0.814522667 | params={'learning_rate': 0.04412223773788851, 'decay_rate': 0.012213002700611562, 'hidden_size': 64, 'beta1': 0.95, 'beta2': 0.99, 'signal_len': 32, 'cheb_order': 2, 's': 3.1874563483296585, 'batch_size': 256, 'k': 4}
Trial 84 finished with value 0.649220612 | dataset=ETTh1_720 | selection=last | epoch=150 | best_val_epoch=30 | test_MSE=0.717286603 | MAE=0.649220612 | RMSE=0.846927743 | params={'learning_rate': 0.016393946486224664, 'decay_rate': 0.006046044498318503, 'hidden_size': 32, 'beta1': 0.95, 'beta2': 0.95, 'signal_len': 32, 'cheb_order': 2, 's': 5.901746328810219, 'batch_size': 128, 'k': 4}
Trial 85 finished with value 0.646328944 | dataset=ETTh1_720 | selection=last | epoch=150 | best_val_epoch=10 | test_MSE=0.712157486 | MAE=0.646328944 | RMSE=0.843894239 | params={'learning_rate': 0.02695334758386326, 'decay_rate': 0.00840303848491504, 'hidden_size': 32, 'beta1': 0.95, 'beta2': 0.999, 'signal_len': 32, 'cheb_order': 2, 's': 1.9582398174260365, 'batch_size': 64, 'k': 4}
Trial 86 finished with value 0.601551477 | dataset=ETTh1_720 | selection=last | epoch=150 | best_val_epoch=78 | test_MSE=0.657796210 | MAE=0.601551477 | RMSE=0.811046367 | params={'learning_rate': 0.04803277446279304, 'decay_rate': 0.01372738095924059, 'hidden_size': 32, 'beta1': 0.9, 'beta2': 0.95, 'signal_len': 16, 'cheb_order': 3, 's': 4.022771973079696, 'batch_size': 64, 'k': 4}
Trial 87 finished with value 0.653493466 | dataset=ETTh1_720 | selection=last | epoch=150 | best_val_epoch=75 | test_MSE=0.736412735 | MAE=0.653493466 | RMSE=0.858144938 | params={'learning_rate': 0.020744394650629355, 'decay_rate': 0.004421536291362043, 'hidden_size': 64, 'beta1': 0.95, 'beta2': 0.95, 'signal_len': 32, 'cheb_order': 2, 's': 4.465412915625053, 'batch_size': 128, 'k': 4}
Trial 88 finished with value 0.587991692 | dataset=ETTh1_720 | selection=last | epoch=150 | best_val_epoch=21 | test_MSE=0.657101517 | MAE=0.587991692 | RMSE=0.810617984 | params={'learning_rate': 0.002725337671460413, 'decay_rate': 0.017136859068926365, 'hidden_size': 32, 'beta1': 0.9, 'beta2': 0.95, 'signal_len': 16, 'cheb_order': 2, 's': 3.6431850722167516, 'batch_size': 64, 'k': 4}
Trial 89 finished with value 0.697694389 | dataset=ETTh1_720 | selection=last | epoch=150 | best_val_epoch=34 | test_MSE=0.825740309 | MAE=0.697694389 | RMSE=0.908702542 | params={'learning_rate': 0.04627689182453676, 'decay_rate': 0.009801322023607423, 'hidden_size': 16, 'beta1': 0.95, 'beta2': 0.99, 'signal_len': 64, 'cheb_order': 2, 's': 2.262917998985479, 'batch_size': 128, 'k': 4}
Trial 90 finished with value 0.578299180 | dataset=ETTh1_720 | selection=last | epoch=150 | best_val_epoch=127 | test_MSE=0.616108317 | MAE=0.578299180 | RMSE=0.784925676 | params={'learning_rate': 0.02545913456426837, 'decay_rate': 0.049541450868810594, 'hidden_size': 32, 'beta1': 0.9, 'beta2': 0.95, 'signal_len': 32, 'cheb_order': 3, 's': 1.4536010177284466, 'batch_size': 512, 'k': 4}
Trial 91 finished with value 0.559432032 | dataset=ETTh1_720 | selection=last | epoch=150 | best_val_epoch=129 | test_MSE=0.588862650 | MAE=0.559432032 | RMSE=0.767373866 | params={'learning_rate': 0.04964070127675351, 'decay_rate': 0.008348019285728064, 'hidden_size': 64, 'beta1': 0.95, 'beta2': 0.95, 'signal_len': 16, 'cheb_order': 2, 's': 1.1888005108783624, 'batch_size': 64, 'k': 4}
Trial 92 finished with value 0.561508380 | dataset=ETTh1_720 | selection=last | epoch=150 | best_val_epoch=116 | test_MSE=0.591657055 | MAE=0.561508380 | RMSE=0.769192470 | params={'learning_rate': 0.048565150127607266, 'decay_rate': 0.007979534213850673, 'hidden_size': 64, 'beta1': 0.95, 'beta2': 0.95, 'signal_len': 16, 'cheb_order': 2, 's': 2.926143503564197, 'batch_size': 64, 'k': 4}
Trial 93 finished with value 0.562788004 | dataset=ETTh1_720 | selection=last | epoch=150 | best_val_epoch=149 | test_MSE=0.593788150 | MAE=0.562788004 | RMSE=0.770576505 | params={'learning_rate': 0.042331952351734294, 'decay_rate': 0.011208487095715881, 'hidden_size': 64, 'beta1': 0.95, 'beta2': 0.95, 'signal_len': 16, 'cheb_order': 2, 's': 1.7655462621482714, 'batch_size': 64, 'k': 4}
Trial 94 finished with value 0.588990151 | dataset=ETTh1_720 | selection=last | epoch=150 | best_val_epoch=77 | test_MSE=0.654925818 | MAE=0.588990151 | RMSE=0.809274871 | params={'learning_rate': 0.03191572401145781, 'decay_rate': 0.0015034719223489127, 'hidden_size': 64, 'beta1': 0.95, 'beta2': 0.95, 'signal_len': 16, 'cheb_order': 2, 's': 2.630975835691296, 'batch_size': 64, 'k': 4}
Trial 95 finished with value 0.560404126 | dataset=ETTh1_720 | selection=last | epoch=150 | best_val_epoch=131 | test_MSE=0.589014332 | MAE=0.560404126 | RMSE=0.767472691 | params={'learning_rate': 0.04708908963117011, 'decay_rate': 0.006572149672420459, 'hidden_size': 64, 'beta1': 0.95, 'beta2': 0.95, 'signal_len': 16, 'cheb_order': 2, 's': 7.971581734273753, 'batch_size': 32, 'k': 4}
Trial 96 finished with value 0.606781061 | dataset=ETTh1_720 | selection=last | epoch=150 | best_val_epoch=92 | test_MSE=0.646671879 | MAE=0.606781061 | RMSE=0.804159113 | params={'learning_rate': 0.04692785660670242, 'decay_rate': 0.005166111428275262, 'hidden_size': 64, 'beta1': 0.95, 'beta2': 0.95, 'signal_len': 16, 'cheb_order': 2, 's': 8.993680594284681, 'batch_size': 32, 'k': 4}
Trial 97 finished with value 0.628033314 | dataset=ETTh1_720 | selection=last | epoch=150 | best_val_epoch=76 | test_MSE=0.724934996 | MAE=0.628033314 | RMSE=0.851431146 | params={'learning_rate': 0.04337330738679689, 'decay_rate': 0.0029531875759234976, 'hidden_size': 64, 'beta1': 0.99, 'beta2': 0.95, 'signal_len': 16, 'cheb_order': 2, 's': 1.1002782319164621, 'batch_size': 32, 'k': 4}
Trial 98 finished with value 0.560760696 | dataset=ETTh1_720 | selection=last | epoch=150 | best_val_epoch=123 | test_MSE=0.591316012 | MAE=0.560760696 | RMSE=0.768970748 | params={'learning_rate': 0.047107138241950064, 'decay_rate': 0.006741733584392397, 'hidden_size': 64, 'beta1': 0.9, 'beta2': 0.95, 'signal_len': 16, 'cheb_order': 2, 's': 7.988544196213768, 'batch_size': 32, 'k': 4}
Trial 99 finished with value 0.558769177 | dataset=ETTh1_720 | selection=last | epoch=150 | best_val_epoch=117 | test_MSE=0.586956386 | MAE=0.558769177 | RMSE=0.766130789 | params={'learning_rate': 0.04883131653292152, 'decay_rate': 0.007011117037716094, 'hidden_size': 64, 'beta1': 0.95, 'beta2': 0.95, 'signal_len': 16, 'cheb_order': 2, 's': 9.141181480193584, 'batch_size': 32, 'k': 4}
Trial 100 finished with value 0.581260340 | dataset=ETTh1_720 | selection=last | epoch=150 | best_val_epoch=67 | test_MSE=0.621917179 | MAE=0.581260340 | RMSE=0.788617258 | params={'learning_rate': 0.048878137777737626, 'decay_rate': 0.008863582238507443, 'hidden_size': 64, 'beta1': 0.95, 'beta2': 0.999, 'signal_len': 16, 'cheb_order': 2, 's': 9.87231854167396, 'batch_size': 32, 'k': 4}
Trial 101 finished with value 0.561550647 | dataset=ETTh1_720 | selection=last | epoch=150 | best_val_epoch=123 | test_MSE=0.592805825 | MAE=0.561550647 | RMSE=0.769938845 | params={'learning_rate': 0.047270300052541424, 'decay_rate': 0.006740116737094148, 'hidden_size': 64, 'beta1': 0.95, 'beta2': 0.95, 'signal_len': 16, 'cheb_order': 2, 's': 7.789354838110825, 'batch_size': 32, 'k': 4}
Trial 102 finished with value 0.600747748 | dataset=ETTh1_720 | selection=last | epoch=150 | best_val_epoch=41 | test_MSE=0.680606164 | MAE=0.600747748 | RMSE=0.824988584 | params={'learning_rate': 0.04607465241289473, 'decay_rate': 0.003693576006306341, 'hidden_size': 64, 'beta1': 0.95, 'beta2': 0.95, 'signal_len': 16, 'cheb_order': 2, 's': 8.776938516598406, 'batch_size': 32, 'k': 4}
Trial 103 finished with value 0.560739586 | dataset=ETTh1_720 | selection=last | epoch=150 | best_val_epoch=123 | test_MSE=0.591879584 | MAE=0.560739586 | RMSE=0.769337107 | params={'learning_rate': 0.04777939720261618, 'decay_rate': 0.005766714004606539, 'hidden_size': 64, 'beta1': 0.95, 'beta2': 0.95, 'signal_len': 16, 'cheb_order': 2, 's': 8.047879966682524, 'batch_size': 32, 'k': 4}
Trial 104 finished with value 0.606808439 | dataset=ETTh1_720 | selection=last | epoch=150 | best_val_epoch=74 | test_MSE=0.688371526 | MAE=0.606808439 | RMSE=0.829681581 | params={'learning_rate': 0.049126463798448934, 'decay_rate': 0.006029049064514868, 'hidden_size': 64, 'beta1': 0.95, 'beta2': 0.95, 'signal_len': 16, 'cheb_order': 2, 's': 9.377854686693514, 'batch_size': 32, 'k': 4}
Trial 105 finished with value 0.558317407 | dataset=ETTh1_720 | selection=last | epoch=150 | best_val_epoch=117 | test_MSE=0.587280295 | MAE=0.558317407 | RMSE=0.766342153 | params={'learning_rate': 0.045349074936955, 'decay_rate': 0.004848246152572917, 'hidden_size': 64, 'beta1': 0.95, 'beta2': 0.95, 'signal_len': 16, 'cheb_order': 2, 's': 8.584580188428548, 'batch_size': 32, 'k': 4}
Trial 106 finished with value 0.613344858 | dataset=ETTh1_720 | selection=last | epoch=150 | best_val_epoch=49 | test_MSE=0.689121073 | MAE=0.613344858 | RMSE=0.830133166 | params={'learning_rate': 0.04376691512273309, 'decay_rate': 0.002374720518043227, 'hidden_size': 64, 'beta1': 0.95, 'beta2': 0.95, 'signal_len': 16, 'cheb_order': 2, 's': 9.256988926217904, 'batch_size': 32, 'k': 4}
Trial 107 finished with value 0.592670172 | dataset=ETTh1_720 | selection=last | epoch=150 | best_val_epoch=59 | test_MSE=0.641174441 | MAE=0.592670172 | RMSE=0.800733689 | params={'learning_rate': 0.023696700625373116, 'decay_rate': 0.00466977251298986, 'hidden_size': 64, 'beta1': 0.95, 'beta2': 0.95, 'signal_len': 16, 'cheb_order': 2, 's': 8.750340255646181, 'batch_size': 32, 'k': 4}
Trial 108 finished with value 0.627691120 | dataset=ETTh1_720 | selection=last | epoch=150 | best_val_epoch=44 | test_MSE=0.712369939 | MAE=0.627691120 | RMSE=0.844020106 | params={'learning_rate': 0.045777303982771585, 'decay_rate': 0.0008134064736635416, 'hidden_size': 64, 'beta1': 0.95, 'beta2': 0.95, 'signal_len': 16, 'cheb_order': 2, 's': 6.8547114949216175, 'batch_size': 32, 'k': 4}
Trial 109 finished with value 0.559964448 | dataset=ETTh1_720 | selection=last | epoch=150 | best_val_epoch=129 | test_MSE=0.590316489 | MAE=0.559964448 | RMSE=0.768320564 | params={'learning_rate': 0.04173750819394793, 'decay_rate': 0.007650744421026975, 'hidden_size': 64, 'beta1': 0.95, 'beta2': 0.99, 'signal_len': 16, 'cheb_order': 2, 's': 8.519003698151737, 'batch_size': 64, 'k': 4}
Trial 110 finished with value 0.559513803 | dataset=ETTh1_720 | selection=last | epoch=150 | best_val_epoch=129 | test_MSE=0.589409104 | MAE=0.559513803 | RMSE=0.767729838 | params={'learning_rate': 0.044980753511000095, 'decay_rate': 0.00785906981801826, 'hidden_size': 64, 'beta1': 0.95, 'beta2': 0.99, 'signal_len': 16, 'cheb_order': 2, 's': 8.456955572221919, 'batch_size': 64, 'k': 4}
