RUN study=ETTh1_96_ufgtime_plus_ett_main_config_mean_v1_mean_last | storage=sqlite:////home/xy/Research/UFGTime/UFGTime+/sqlite/ETTh1_96_ufgtime_plus_ett_main_config_mean_v1_mean_last.sqlite3 | trials_this_run=500 | log=/home/xy/Research/UFGTime/UFGTime+/logs/ETTh1_96_ufgtime_plus_ett_main_config_mean_v1_mean_last/20260915_074450_1419013.log
Trial 0 finished with value 0.441964376 | dataset=ETTh1_96 | selection=last | epoch=150 | best_val_epoch=85 | test_MSE=0.429400260 | MAE=0.441964376 | RMSE=0.655286396 | params={'learning_rate': 0.027445187061326964, 'decay_rate': 0.03576231642495725, 'hidden_size': 16, 'beta1': 0.99, 'beta2': 0.95, 'signal_len': 64, 'cheb_order': 2, 's': 8.510316625376648, 'batch_size': 128, 'k': 6}
Trial 1 finished with value 0.436325554 | dataset=ETTh1_96 | selection=last | epoch=150 | best_val_epoch=2 | test_MSE=0.426579787 | MAE=0.436325554 | RMSE=0.653130758 | params={'learning_rate': 0.005922538549187971, 'decay_rate': 0.031999651856162915, 'hidden_size': 32, 'beta1': 0.99, 'beta2': 0.99, 'signal_len': 128, 'cheb_order': 2, 's': 4.989584388814139, 'batch_size': 32, 'k': 2}
Trial 2 finished with value 0.460532755 | dataset=ETTh1_96 | selection=last | epoch=150 | best_val_epoch=12 | test_MSE=0.453219360 | MAE=0.460532755 | RMSE=0.673215686 | params={'learning_rate': 0.01577826326269995, 'decay_rate': 0.018191901439421704, 'hidden_size': 64, 'beta1': 0.95, 'beta2': 0.95, 'signal_len': 128, 'cheb_order': 3, 's': 4.381654018882581, 'batch_size': 512, 'k': 4}
Trial 3 finished with value 0.443544588 | dataset=ETTh1_96 | selection=last | epoch=150 | best_val_epoch=132 | test_MSE=0.449691050 | MAE=0.443544588 | RMSE=0.670590076 | params={'learning_rate': 0.04883828679863496, 'decay_rate': 0.03024622753205485, 'hidden_size': 16, 'beta1': 0.95, 'beta2': 0.99, 'signal_len': 16, 'cheb_order': 3, 's': 9.370736158428306, 'batch_size': 256, 'k': 2}
Trial 4 finished with value 0.467568212 | dataset=ETTh1_96 | selection=last | epoch=150 | best_val_epoch=60 | test_MSE=0.466055668 | MAE=0.467568212 | RMSE=0.682682699 | params={'learning_rate': 0.029329781611156056, 'decay_rate': 0.0010151762339128028, 'hidden_size': 16, 'beta1': 0.99, 'beta2': 0.999, 'signal_len': 64, 'cheb_order': 2, 's': 3.74718886261069, 'batch_size': 512, 'k': 6}
Trial 5 finished with value 0.458419812 | dataset=ETTh1_96 | selection=last | epoch=150 | best_val_epoch=99 | test_MSE=0.458541314 | MAE=0.458419812 | RMSE=0.677156787 | params={'learning_rate': 0.036265461448183836, 'decay_rate': 0.025071205852515845, 'hidden_size': 16, 'beta1': 0.9, 'beta2': 0.95, 'signal_len': 128, 'cheb_order': 2, 's': 6.913487296728489, 'batch_size': 128, 'k': 6}
Trial 6 finished with value 0.437752809 | dataset=ETTh1_96 | selection=last | epoch=150 | best_val_epoch=72 | test_MSE=0.441041653 | MAE=0.437752809 | RMSE=0.664109669 | params={'learning_rate': 0.04031163751241383, 'decay_rate': 0.03519739029118291, 'hidden_size': 32, 'beta1': 0.9, 'beta2': 0.99, 'signal_len': 16, 'cheb_order': 3, 's': 5.136529875834814, 'batch_size': 128, 'k': 4}
Trial 7 finished with value 0.451601877 | dataset=ETTh1_96 | selection=last | epoch=150 | best_val_epoch=59 | test_MSE=0.447232023 | MAE=0.451601877 | RMSE=0.668754082 | params={'learning_rate': 0.036502228215578664, 'decay_rate': 0.008589767566299412, 'hidden_size': 16, 'beta1': 0.95, 'beta2': 0.99, 'signal_len': 64, 'cheb_order': 3, 's': 6.564297008096474, 'batch_size': 128, 'k': 2}
Trial 8 finished with value 0.435753301 | dataset=ETTh1_96 | selection=last | epoch=150 | best_val_epoch=18 | test_MSE=0.422364485 | MAE=0.435753301 | RMSE=0.649895750 | params={'learning_rate': 0.009317788363958005, 'decay_rate': 0.04721917577529684, 'hidden_size': 16, 'beta1': 0.99, 'beta2': 0.99, 'signal_len': 128, 'cheb_order': 3, 's': 9.080374508059045, 'batch_size': 32, 'k': 6}
Trial 9 finished with value 0.429635134 | dataset=ETTh1_96 | selection=last | epoch=150 | best_val_epoch=85 | test_MSE=0.429525617 | MAE=0.429635134 | RMSE=0.655382039 | params={'learning_rate': 0.016007657369615166, 'decay_rate': 0.01917936006965318, 'hidden_size': 32, 'beta1': 0.9, 'beta2': 0.99, 'signal_len': 32, 'cheb_order': 3, 's': 1.328398190685331, 'batch_size': 256, 'k': 4}
Trial 10 finished with value 0.448923288 | dataset=ETTh1_96 | selection=last | epoch=150 | best_val_epoch=4 | test_MSE=0.445251398 | MAE=0.448923288 | RMSE=0.667271607 | params={'learning_rate': 0.019869356981020957, 'decay_rate': 0.014830272352031907, 'hidden_size': 32, 'beta1': 0.9, 'beta2': 0.999, 'signal_len': 32, 'cheb_order': 3, 's': 1.9545105615364184, 'batch_size': 256, 'k': 4}
Trial 11 finished with value 0.445271342 | dataset=ETTh1_96 | selection=last | epoch=150 | best_val_epoch=19 | test_MSE=0.444052406 | MAE=0.445271342 | RMSE=0.666372573 | params={'learning_rate': 0.00025951295303890815, 'decay_rate': 0.04905356968286194, 'hidden_size': 64, 'beta1': 0.9, 'beta2': 0.99, 'signal_len': 32, 'cheb_order': 3, 's': 1.1498117700566004, 'batch_size': 64, 'k': 4}
Trial 12 finished with value 0.442993162 | dataset=ETTh1_96 | selection=last | epoch=150 | best_val_epoch=79 | test_MSE=0.449076909 | MAE=0.442993162 | RMSE=0.670132009 | params={'learning_rate': 0.011833853159032928, 'decay_rate': 0.04833922953733648, 'hidden_size': 32, 'beta1': 0.99, 'beta2': 0.99, 'signal_len': 32, 'cheb_order': 3, 's': 2.7454091243357954, 'batch_size': 32, 'k': 6}
Trial 13 finished with value 0.451068659 | dataset=ETTh1_96 | selection=last | epoch=150 | best_val_epoch=8 | test_MSE=0.444603567 | MAE=0.451068659 | RMSE=0.666785998 | params={'learning_rate': 0.010227397404531406, 'decay_rate': 0.04154887231813162, 'hidden_size': 32, 'beta1': 0.99, 'beta2': 0.99, 'signal_len': 32, 'cheb_order': 3, 's': 8.001759098025069, 'batch_size': 256, 'k': 4}
Trial 14 finished with value 0.431225820 | dataset=ETTh1_96 | selection=last | epoch=150 | best_val_epoch=103 | test_MSE=0.431893157 | MAE=0.431225820 | RMSE=0.657185786 | params={'learning_rate': 0.020862610792104497, 'decay_rate': 0.020894901076869216, 'hidden_size': 64, 'beta1': 0.9, 'beta2': 0.99, 'signal_len': 128, 'cheb_order': 3, 's': 6.343146693140897, 'batch_size': 32, 'k': 6}
Trial 15 finished with value 0.433422791 | dataset=ETTh1_96 | selection=last | epoch=150 | best_val_epoch=142 | test_MSE=0.436853047 | MAE=0.433422791 | RMSE=0.660948596 | params={'learning_rate': 0.02035407117507814, 'decay_rate': 0.01923592818213525, 'hidden_size': 64, 'beta1': 0.9, 'beta2': 0.999, 'signal_len': 128, 'cheb_order': 3, 's': 6.426456826880962, 'batch_size': 64, 'k': 4}
Trial 16 finished with value 0.425765920 | dataset=ETTh1_96 | selection=last | epoch=150 | best_val_epoch=37 | test_MSE=0.424779452 | MAE=0.425765920 | RMSE=0.651751066 | params={'learning_rate': 0.02157066507537507, 'decay_rate': 0.012296000475999042, 'hidden_size': 64, 'beta1': 0.9, 'beta2': 0.99, 'signal_len': 32, 'cheb_order': 3, 's': 3.392694457493717, 'batch_size': 256, 'k': 6}
Trial 17 finished with value 0.423930305 | dataset=ETTh1_96 | selection=last | epoch=150 | best_val_epoch=134 | test_MSE=0.420727833 | MAE=0.423930305 | RMSE=0.648635362 | params={'learning_rate': 0.025289807636531113, 'decay_rate': 0.010061158782093951, 'hidden_size': 64, 'beta1': 0.9, 'beta2': 0.99, 'signal_len': 32, 'cheb_order': 3, 's': 3.102298282626394, 'batch_size': 256, 'k': 2}
Trial 18 finished with value 0.445210511 | dataset=ETTh1_96 | selection=last | epoch=150 | best_val_epoch=28 | test_MSE=0.440870303 | MAE=0.445210511 | RMSE=0.663980649 | params={'learning_rate': 0.03001914442814794, 'decay_rate': 0.008926498323388949, 'hidden_size': 64, 'beta1': 0.9, 'beta2': 0.999, 'signal_len': 32, 'cheb_order': 2, 's': 3.318827422172093, 'batch_size': 256, 'k': 2}
Trial 19 finished with value 0.461945454 | dataset=ETTh1_96 | selection=last | epoch=150 | best_val_epoch=10 | test_MSE=0.465182498 | MAE=0.461945454 | RMSE=0.682042885 | params={'learning_rate': 0.032962053727309426, 'decay_rate': 0.00019782035930826156, 'hidden_size': 64, 'beta1': 0.9, 'beta2': 0.95, 'signal_len': 32, 'cheb_order': 3, 's': 2.760965124998655, 'batch_size': 256, 'k': 2}
Trial 20 finished with value 0.426076610 | dataset=ETTh1_96 | selection=last | epoch=150 | best_val_epoch=45 | test_MSE=0.425275300 | MAE=0.426076610 | RMSE=0.652131352 | params={'learning_rate': 0.0230548200002118, 'decay_rate': 0.009181379904458623, 'hidden_size': 64, 'beta1': 0.9, 'beta2': 0.99, 'signal_len': 32, 'cheb_order': 3, 's': 3.5283996764744883, 'batch_size': 256, 'k': 2}
Trial 21 finished with value 0.453248046 | dataset=ETTh1_96 | selection=last | epoch=150 | best_val_epoch=124 | test_MSE=0.454312766 | MAE=0.453248046 | RMSE=0.674027274 | params={'learning_rate': 0.023947193263825568, 'decay_rate': 0.009421650214795567, 'hidden_size': 64, 'beta1': 0.9, 'beta2': 0.99, 'signal_len': 32, 'cheb_order': 3, 's': 3.969473049954812, 'batch_size': 256, 'k': 2}
Trial 22 finished with value 0.426688934 | dataset=ETTh1_96 | selection=last | epoch=150 | best_val_epoch=134 | test_MSE=0.423572253 | MAE=0.426688934 | RMSE=0.650824287 | params={'learning_rate': 0.024778404376187065, 'decay_rate': 0.012982886332728543, 'hidden_size': 64, 'beta1': 0.9, 'beta2': 0.99, 'signal_len': 32, 'cheb_order': 3, 's': 2.4825592931511635, 'batch_size': 256, 'k': 2}
Trial 23 finished with value 0.443750918 | dataset=ETTh1_96 | selection=last | epoch=150 | best_val_epoch=38 | test_MSE=0.440093777 | MAE=0.443750918 | RMSE=0.663395641 | params={'learning_rate': 0.01674262778603401, 'decay_rate': 0.005485971807623026, 'hidden_size': 64, 'beta1': 0.9, 'beta2': 0.99, 'signal_len': 32, 'cheb_order': 3, 's': 4.546591399418744, 'batch_size': 256, 'k': 2}
Trial 24 finished with value 0.421891439 | dataset=ETTh1_96 | selection=last | epoch=150 | best_val_epoch=33 | test_MSE=0.420188612 | MAE=0.421891439 | RMSE=0.648219571 | params={'learning_rate': 0.024170869110752422, 'decay_rate': 0.0051285030812944655, 'hidden_size': 64, 'beta1': 0.9, 'beta2': 0.99, 'signal_len': 16, 'cheb_order': 3, 's': 3.487739386174395, 'batch_size': 256, 'k': 2}
Trial 25 finished with value 0.417416319 | dataset=ETTh1_96 | selection=last | epoch=150 | best_val_epoch=65 | test_MSE=0.415581663 | MAE=0.417416319 | RMSE=0.644656236 | params={'learning_rate': 0.04403760690236902, 'decay_rate': 0.0033326546688411535, 'hidden_size': 64, 'beta1': 0.95, 'beta2': 0.99, 'signal_len': 16, 'cheb_order': 3, 's': 2.036944808256564, 'batch_size': 64, 'k': 4}
Trial 26 finished with value 0.419111939 | dataset=ETTh1_96 | selection=last | epoch=150 | best_val_epoch=99 | test_MSE=0.417613829 | MAE=0.419111939 | RMSE=0.646230477 | params={'learning_rate': 0.048742539007084404, 'decay_rate': 0.0038047060839806043, 'hidden_size': 64, 'beta1': 0.95, 'beta2': 0.99, 'signal_len': 16, 'cheb_order': 2, 's': 1.9506025670025777, 'batch_size': 64, 'k': 2}
Trial 27 finished with value 0.426292618 | dataset=ETTh1_96 | selection=last | epoch=150 | best_val_epoch=120 | test_MSE=0.423193991 | MAE=0.426292618 | RMSE=0.650533621 | params={'learning_rate': 0.04961153233844922, 'decay_rate': 0.0042043411145710795, 'hidden_size': 64, 'beta1': 0.95, 'beta2': 0.99, 'signal_len': 16, 'cheb_order': 2, 's': 1.9236624886148028, 'batch_size': 64, 'k': 2}
Trial 28 finished with value 0.423163845 | dataset=ETTh1_96 | selection=last | epoch=150 | best_val_epoch=90 | test_MSE=0.421870402 | MAE=0.423163845 | RMSE=0.649515513 | params={'learning_rate': 0.045594230967889664, 'decay_rate': 0.004417698625410153, 'hidden_size': 64, 'beta1': 0.95, 'beta2': 0.999, 'signal_len': 16, 'cheb_order': 2, 's': 2.0066422236166632, 'batch_size': 64, 'k': 4}
Trial 29 finished with value 0.418073007 | dataset=ETTh1_96 | selection=last | epoch=150 | best_val_epoch=67 | test_MSE=0.416261723 | MAE=0.418073007 | RMSE=0.645183480 | params={'learning_rate': 0.0438628019423331, 'decay_rate': 0.003789415306669878, 'hidden_size': 64, 'beta1': 0.95, 'beta2': 0.95, 'signal_len': 16, 'cheb_order': 2, 's': 2.322305379532226, 'batch_size': 64, 'k': 4}
Trial 30 finished with value 0.443406003 | dataset=ETTh1_96 | selection=last | epoch=150 | best_val_epoch=67 | test_MSE=0.439468612 | MAE=0.443406003 | RMSE=0.662924288 | params={'learning_rate': 0.04380350586459859, 'decay_rate': 0.00012462693248494177, 'hidden_size': 64, 'beta1': 0.95, 'beta2': 0.95, 'signal_len': 16, 'cheb_order': 2, 's': 1.8415526932540651, 'batch_size': 64, 'k': 4}
Trial 31 finished with value 0.419680186 | dataset=ETTh1_96 | selection=last | epoch=150 | best_val_epoch=99 | test_MSE=0.418245228 | MAE=0.419680186 | RMSE=0.646718817 | params={'learning_rate': 0.04160494505784856, 'decay_rate': 0.004239786837275578, 'hidden_size': 64, 'beta1': 0.95, 'beta2': 0.95, 'signal_len': 16, 'cheb_order': 2, 's': 2.4259220888124475, 'batch_size': 64, 'k': 4}
Trial 32 finished with value 0.423144257 | dataset=ETTh1_96 | selection=last | epoch=150 | best_val_epoch=120 | test_MSE=0.418395953 | MAE=0.423144257 | RMSE=0.646835337 | params={'learning_rate': 0.04243255549480823, 'decay_rate': 0.0039076521413845666, 'hidden_size': 64, 'beta1': 0.95, 'beta2': 0.95, 'signal_len': 16, 'cheb_order': 2, 's': 2.459192394773837, 'batch_size': 64, 'k': 4}
Trial 33 finished with value 0.432531657 | dataset=ETTh1_96 | selection=last | epoch=150 | best_val_epoch=120 | test_MSE=0.430362660 | MAE=0.432531657 | RMSE=0.656020320 | params={'learning_rate': 0.03920440131797092, 'decay_rate': 0.015061565350043025, 'hidden_size': 64, 'beta1': 0.95, 'beta2': 0.95, 'signal_len': 16, 'cheb_order': 2, 's': 1.116157941866977, 'batch_size': 64, 'k': 4}
Trial 34 finished with value 0.420173304 | dataset=ETTh1_96 | selection=last | epoch=150 | best_val_epoch=63 | test_MSE=0.418171482 | MAE=0.420173304 | RMSE=0.646661799 | params={'learning_rate': 0.04679878652370377, 'decay_rate': 0.006096643422883073, 'hidden_size': 64, 'beta1': 0.95, 'beta2': 0.95, 'signal_len': 16, 'cheb_order': 2, 's': 1.658882964694254, 'batch_size': 64, 'k': 4}
Trial 35 finished with value 0.416882336 | dataset=ETTh1_96 | selection=last | epoch=150 | best_val_epoch=106 | test_MSE=0.415071067 | MAE=0.416882336 | RMSE=0.644260092 | params={'learning_rate': 0.04660734773332955, 'decay_rate': 0.002402463214245076, 'hidden_size': 64, 'beta1': 0.95, 'beta2': 0.95, 'signal_len': 16, 'cheb_order': 2, 's': 4.244591324083567, 'batch_size': 64, 'k': 4}
Trial 36 finished with value 0.432836757 | dataset=ETTh1_96 | selection=last | epoch=150 | best_val_epoch=44 | test_MSE=0.433951863 | MAE=0.432836757 | RMSE=0.658750228 | params={'learning_rate': 0.0473382306086364, 'decay_rate': 0.02463095022000346, 'hidden_size': 64, 'beta1': 0.95, 'beta2': 0.95, 'signal_len': 16, 'cheb_order': 2, 's': 4.39891432659061, 'batch_size': 512, 'k': 4}
Trial 37 finished with value 0.416477013 | dataset=ETTh1_96 | selection=last | epoch=150 | best_val_epoch=52 | test_MSE=0.415143317 | MAE=0.416477013 | RMSE=0.644316162 | params={'learning_rate': 0.03589121410131739, 'decay_rate': 0.0019917632764310414, 'hidden_size': 16, 'beta1': 0.95, 'beta2': 0.95, 'signal_len': 16, 'cheb_order': 2, 's': 5.385021552372969, 'batch_size': 64, 'k': 4}
Trial 38 finished with value 0.453252103 | dataset=ETTh1_96 | selection=last | epoch=150 | best_val_epoch=117 | test_MSE=0.460992642 | MAE=0.453252103 | RMSE=0.678964390 | params={'learning_rate': 0.03751307309298885, 'decay_rate': 0.0013592063956626003, 'hidden_size': 16, 'beta1': 0.95, 'beta2': 0.95, 'signal_len': 64, 'cheb_order': 2, 's': 5.745178649797868, 'batch_size': 64, 'k': 4}
Trial 39 finished with value 0.431549284 | dataset=ETTh1_96 | selection=last | epoch=150 | best_val_epoch=48 | test_MSE=0.427618685 | MAE=0.431549284 | RMSE=0.653925596 | params={'learning_rate': 0.033601142087742876, 'decay_rate': 0.006736503211566108, 'hidden_size': 16, 'beta1': 0.95, 'beta2': 0.95, 'signal_len': 16, 'cheb_order': 2, 's': 5.334653085375879, 'batch_size': 512, 'k': 4}
Trial 40 finished with value 0.434509249 | dataset=ETTh1_96 | selection=last | epoch=150 | best_val_epoch=129 | test_MSE=0.434226797 | MAE=0.434509249 | RMSE=0.658958874 | params={'learning_rate': 0.04433562824341234, 'decay_rate': 0.012077149392568222, 'hidden_size': 16, 'beta1': 0.95, 'beta2': 0.95, 'signal_len': 16, 'cheb_order': 2, 's': 4.766728678860478, 'batch_size': 64, 'k': 4}
Trial 41 finished with value 0.416795790 | dataset=ETTh1_96 | selection=last | epoch=150 | best_val_epoch=52 | test_MSE=0.415388372 | MAE=0.416795790 | RMSE=0.644506301 | params={'learning_rate': 0.048121291782429854, 'decay_rate': 0.0021318100463758303, 'hidden_size': 16, 'beta1': 0.95, 'beta2': 0.95, 'signal_len': 16, 'cheb_order': 2, 's': 4.028919921705701, 'batch_size': 64, 'k': 4}
Trial 42 finished with value 0.416495338 | dataset=ETTh1_96 | selection=last | epoch=150 | best_val_epoch=52 | test_MSE=0.415155947 | MAE=0.416495338 | RMSE=0.644325963 | params={'learning_rate': 0.03915806922740537, 'decay_rate': 0.0018439248298870307, 'hidden_size': 16, 'beta1': 0.95, 'beta2': 0.95, 'signal_len': 16, 'cheb_order': 2, 's': 5.844381380081021, 'batch_size': 64, 'k': 4}
RUN study=ETTh1_96_ufgtime_plus_ett_main_config_mean_v1_mean_last | storage=sqlite:////home/xy/Research/UFGTime/UFGTime+/sqlite/ETTh1_96_ufgtime_plus_ett_main_config_mean_v1_mean_last.sqlite3 | trials_this_run=500 | log=/home/xy/Research/UFGTime/UFGTime+/logs/ETTh1_96_ufgtime_plus_ett_main_config_mean_v1_mean_last/20260916_065615_18341.log
Trial 44 finished with value 0.444453102 | dataset=ETTh1_96 | selection=last | epoch=150 | best_val_epoch=64 | test_MSE=0.441287073 | MAE=0.444453102 | RMSE=0.664294417 | params={'learning_rate': 0.040021401059177494, 'decay_rate': 0.0020332257254730202, 'hidden_size': 16, 'beta1': 0.95, 'beta2': 0.95, 'signal_len': 16, 'cheb_order': 2, 's': 7.498312378524002, 'batch_size': 128, 'k': 4}
Trial 45 finished with value 0.454146980 | dataset=ETTh1_96 | selection=last | epoch=150 | best_val_epoch=90 | test_MSE=0.450018105 | MAE=0.454146980 | RMSE=0.670833888 | params={'learning_rate': 0.03564292978074598, 'decay_rate': 0.007288745706883705, 'hidden_size': 16, 'beta1': 0.95, 'beta2': 0.95, 'signal_len': 64, 'cheb_order': 2, 's': 5.802682305787007, 'batch_size': 64, 'k': 4}
Trial 46 finished with value 0.416879022 | dataset=ETTh1_96 | selection=last | epoch=150 | best_val_epoch=71 | test_MSE=0.415409623 | MAE=0.416879022 | RMSE=0.644522787 | params={'learning_rate': 0.038917145933479426, 'decay_rate': 0.0015817301512457865, 'hidden_size': 16, 'beta1': 0.95, 'beta2': 0.95, 'signal_len': 16, 'cheb_order': 2, 's': 3.9210641725935913, 'batch_size': 64, 'k': 4}
Trial 47 finished with value 0.436991443 | dataset=ETTh1_96 | selection=last | epoch=150 | best_val_epoch=45 | test_MSE=0.439940197 | MAE=0.436991443 | RMSE=0.663279878 | params={'learning_rate': 0.03250425061981736, 'decay_rate': 0.03415607871406335, 'hidden_size': 16, 'beta1': 0.99, 'beta2': 0.95, 'signal_len': 16, 'cheb_order': 2, 's': 4.129427290630575, 'batch_size': 64, 'k': 4}
Trial 48 finished with value 0.434703284 | dataset=ETTh1_96 | selection=last | epoch=150 | best_val_epoch=68 | test_MSE=0.436723739 | MAE=0.434703284 | RMSE=0.660850769 | params={'learning_rate': 0.037563739227292246, 'decay_rate': 0.02936265029192565, 'hidden_size': 16, 'beta1': 0.95, 'beta2': 0.95, 'signal_len': 16, 'cheb_order': 2, 's': 5.007995485195554, 'batch_size': 128, 'k': 6}
Trial 49 finished with value 0.439562069 | dataset=ETTh1_96 | selection=last | epoch=150 | best_val_epoch=72 | test_MSE=0.443820512 | MAE=0.439562069 | RMSE=0.666198553 | params={'learning_rate': 0.02786492769219696, 'decay_rate': 0.03964288404542593, 'hidden_size': 16, 'beta1': 0.95, 'beta2': 0.95, 'signal_len': 16, 'cheb_order': 2, 's': 5.876800637334247, 'batch_size': 32, 'k': 4}
Trial 50 finished with value 0.548785627 | dataset=ETTh1_96 | selection=last | epoch=150 | best_val_epoch=65 | test_MSE=0.706754441 | MAE=0.548785627 | RMSE=0.840686886 | params={'learning_rate': 0.04086943416625064, 'decay_rate': 0.001439226797574255, 'hidden_size': 16, 'beta1': 0.95, 'beta2': 0.95, 'signal_len': 128, 'cheb_order': 2, 's': 5.35011825928025, 'batch_size': 64, 'k': 4}
Trial 51 finished with value 0.434731264 | dataset=ETTh1_96 | selection=last | epoch=150 | best_val_epoch=63 | test_MSE=0.423928297 | MAE=0.434731264 | RMSE=0.651097763 | params={'learning_rate': 0.03482565521700953, 'decay_rate': 0.011199793564304585, 'hidden_size': 16, 'beta1': 0.99, 'beta2': 0.95, 'signal_len': 64, 'cheb_order': 2, 's': 3.9153818507181275, 'batch_size': 512, 'k': 4}
Trial 52 finished with value 0.416431913 | dataset=ETTh1_96 | selection=last | epoch=150 | best_val_epoch=54 | test_MSE=0.415141986 | MAE=0.416431913 | RMSE=0.644315129 | params={'learning_rate': 0.04638460784453654, 'decay_rate': 0.0017903577982718005, 'hidden_size': 16, 'beta1': 0.95, 'beta2': 0.95, 'signal_len': 16, 'cheb_order': 2, 's': 7.34447266862507, 'batch_size': 64, 'k': 4}
Trial 53 finished with value 0.426348030 | dataset=ETTh1_96 | selection=last | epoch=150 | best_val_epoch=114 | test_MSE=0.425094135 | MAE=0.426348030 | RMSE=0.651992435 | params={'learning_rate': 0.04699730813020125, 'decay_rate': 0.00744599075964994, 'hidden_size': 16, 'beta1': 0.95, 'beta2': 0.95, 'signal_len': 16, 'cheb_order': 2, 's': 6.909431617198664, 'batch_size': 64, 'k': 4}
Trial 54 finished with value 0.416578634 | dataset=ETTh1_96 | selection=last | epoch=150 | best_val_epoch=52 | test_MSE=0.415253015 | MAE=0.416578634 | RMSE=0.644401284 | params={'learning_rate': 0.049640176278432424, 'decay_rate': 0.0015052147597053045, 'hidden_size': 16, 'beta1': 0.95, 'beta2': 0.95, 'signal_len': 16, 'cheb_order': 2, 's': 8.195365956267542, 'batch_size': 64, 'k': 4}
