Trial 111 finished with value 0.444437190 | dataset=ETTh1_192 | selection=last | epoch=150 | best_val_epoch=72 | test_MSE=0.450130521 | MAE=0.444437190 | RMSE=0.670917670 | params={'learning_rate': 0.03767073597202036, 'decay_rate': 0.0028396844541078692, 'hidden_size': 32, 'beta1': 0.95, 'beta2': 0.99, 'signal_len': 16, 'cheb_order': 2, 's': 5.456600763235675, 'batch_size': 32, 'k': 6}
Trial 112 finished with value 0.444561836 | dataset=ETTh1_192 | selection=last | epoch=150 | best_val_epoch=72 | test_MSE=0.450093853 | MAE=0.444561836 | RMSE=0.670890343 | params={'learning_rate': 0.03780456057711978, 'decay_rate': 0.003001175832156649, 'hidden_size': 32, 'beta1': 0.95, 'beta2': 0.99, 'signal_len': 16, 'cheb_order': 2, 's': 5.116458477646413, 'batch_size': 32, 'k': 6}
Trial 113 finished with value 0.444065363 | dataset=ETTh1_192 | selection=last | epoch=150 | best_val_epoch=69 | test_MSE=0.449991267 | MAE=0.444065363 | RMSE=0.670813884 | params={'learning_rate': 0.04187741846670682, 'decay_rate': 0.0025666757139594376, 'hidden_size': 32, 'beta1': 0.95, 'beta2': 0.99, 'signal_len': 16, 'cheb_order': 2, 's': 5.061572255842964, 'batch_size': 32, 'k': 6}
Trial 114 finished with value 0.445309422 | dataset=ETTh1_192 | selection=last | epoch=150 | best_val_epoch=106 | test_MSE=0.449765740 | MAE=0.445309422 | RMSE=0.670645763 | params={'learning_rate': 0.04225092740376152, 'decay_rate': 0.002662494099420938, 'hidden_size': 32, 'beta1': 0.95, 'beta2': 0.99, 'signal_len': 16, 'cheb_order': 2, 's': 4.718322304456651, 'batch_size': 32, 'k': 6}
Trial 115 finished with value 0.443296353 | dataset=ETTh1_192 | selection=last | epoch=150 | best_val_epoch=90 | test_MSE=0.448927396 | MAE=0.443296353 | RMSE=0.670020444 | params={'learning_rate': 0.039490717423966884, 'decay_rate': 0.0017451233400073308, 'hidden_size': 32, 'beta1': 0.95, 'beta2': 0.99, 'signal_len': 16, 'cheb_order': 2, 's': 5.169238077021134, 'batch_size': 32, 'k': 6}
Trial 116 finished with value 0.621583728 | dataset=ETTh1_192 | selection=last | epoch=150 | best_val_epoch=2 | test_MSE=0.793310531 | MAE=0.621583728 | RMSE=0.890679814 | params={'learning_rate': 0.03984214503716539, 'decay_rate': 0.0014954556566247781, 'hidden_size': 32, 'beta1': 0.95, 'beta2': 0.99, 'signal_len': 128, 'cheb_order': 2, 's': 5.055868373363104, 'batch_size': 32, 'k': 6}
Trial 117 finished with value 0.445115789 | dataset=ETTh1_192 | selection=last | epoch=150 | best_val_epoch=85 | test_MSE=0.450106942 | MAE=0.445115789 | RMSE=0.670900099 | params={'learning_rate': 0.04123811012310985, 'decay_rate': 0.0034220774658060534, 'hidden_size': 32, 'beta1': 0.95, 'beta2': 0.99, 'signal_len': 16, 'cheb_order': 2, 's': 5.588310671026409, 'batch_size': 32, 'k': 6}
Trial 118 finished with value 0.454703900 | dataset=ETTh1_192 | selection=last | epoch=150 | best_val_epoch=67 | test_MSE=0.455200010 | MAE=0.454703900 | RMSE=0.674685119 | params={'learning_rate': 0.044571423672810355, 'decay_rate': 0.0003784897754745258, 'hidden_size': 32, 'beta1': 0.95, 'beta2': 0.99, 'signal_len': 16, 'cheb_order': 2, 's': 5.1274821009573825, 'batch_size': 32, 'k': 6}
Trial 119 finished with value 0.464207257 | dataset=ETTh1_192 | selection=last | epoch=150 | best_val_epoch=90 | test_MSE=0.466165940 | MAE=0.464207257 | RMSE=0.682763458 | params={'learning_rate': 0.037460159333100713, 'decay_rate': 0.034698971155755425, 'hidden_size': 32, 'beta1': 0.95, 'beta2': 0.99, 'signal_len': 16, 'cheb_order': 2, 's': 4.253882654306625, 'batch_size': 32, 'k': 6}
Trial 120 finished with value 0.444355084 | dataset=ETTh1_192 | selection=last | epoch=150 | best_val_epoch=85 | test_MSE=0.449803102 | MAE=0.444355084 | RMSE=0.670673618 | params={'learning_rate': 0.03931258823512967, 'decay_rate': 0.002859137714541345, 'hidden_size': 32, 'beta1': 0.95, 'beta2': 0.99, 'signal_len': 16, 'cheb_order': 2, 's': 5.95816561373827, 'batch_size': 32, 'k': 6}
Trial 121 finished with value 0.444300049 | dataset=ETTh1_192 | selection=last | epoch=150 | best_val_epoch=90 | test_MSE=0.449357328 | MAE=0.444300049 | RMSE=0.670341202 | params={'learning_rate': 0.039685936763934275, 'decay_rate': 0.0025006882002394314, 'hidden_size': 32, 'beta1': 0.95, 'beta2': 0.99, 'signal_len': 16, 'cheb_order': 2, 's': 5.9588111453819, 'batch_size': 32, 'k': 6}
Trial 122 finished with value 0.444678658 | dataset=ETTh1_192 | selection=last | epoch=150 | best_val_epoch=66 | test_MSE=0.450242825 | MAE=0.444678658 | RMSE=0.671001360 | params={'learning_rate': 0.03952215862258008, 'decay_rate': 0.0029995775926399287, 'hidden_size': 32, 'beta1': 0.95, 'beta2': 0.99, 'signal_len': 16, 'cheb_order': 2, 's': 6.309692200573215, 'batch_size': 32, 'k': 6}
Trial 123 finished with value 0.444512707 | dataset=ETTh1_192 | selection=last | epoch=150 | best_val_epoch=106 | test_MSE=0.448913995 | MAE=0.444512707 | RMSE=0.670010444 | params={'learning_rate': 0.03966037528175703, 'decay_rate': 0.002440727352198309, 'hidden_size': 32, 'beta1': 0.95, 'beta2': 0.99, 'signal_len': 16, 'cheb_order': 2, 's': 6.251886554147875, 'batch_size': 32, 'k': 6}
Trial 124 finished with value 0.444526281 | dataset=ETTh1_192 | selection=last | epoch=150 | best_val_epoch=82 | test_MSE=0.449834865 | MAE=0.444526281 | RMSE=0.670697298 | params={'learning_rate': 0.04705898007843795, 'decay_rate': 0.0028238291112606703, 'hidden_size': 32, 'beta1': 0.95, 'beta2': 0.99, 'signal_len': 16, 'cheb_order': 2, 's': 6.739037064827072, 'batch_size': 32, 'k': 6}
Trial 125 finished with value 0.443857335 | dataset=ETTh1_192 | selection=last | epoch=150 | best_val_epoch=127 | test_MSE=0.449188481 | MAE=0.443857335 | RMSE=0.670215250 | params={'learning_rate': 0.04660216755660317, 'decay_rate': 0.0027611167877458803, 'hidden_size': 32, 'beta1': 0.95, 'beta2': 0.99, 'signal_len': 16, 'cheb_order': 2, 's': 6.779786591441931, 'batch_size': 32, 'k': 6}
Trial 126 finished with value 0.443651013 | dataset=ETTh1_192 | selection=last | epoch=150 | best_val_epoch=66 | test_MSE=0.450413414 | MAE=0.443651013 | RMSE=0.671128463 | params={'learning_rate': 0.046932269511905864, 'decay_rate': 0.00168278099163456, 'hidden_size': 32, 'beta1': 0.95, 'beta2': 0.99, 'signal_len': 16, 'cheb_order': 2, 's': 6.725550677728697, 'batch_size': 32, 'k': 6}
Trial 127 finished with value 0.445288115 | dataset=ETTh1_192 | selection=last | epoch=150 | best_val_epoch=124 | test_MSE=0.447478960 | MAE=0.445288115 | RMSE=0.668938682 | params={'learning_rate': 0.04736575327208502, 'decay_rate': 0.001418800704673912, 'hidden_size': 32, 'beta1': 0.95, 'beta2': 0.99, 'signal_len': 16, 'cheb_order': 2, 's': 6.482077040403481, 'batch_size': 32, 'k': 6}
Trial 128 finished with value 0.456762709 | dataset=ETTh1_192 | selection=last | epoch=150 | best_val_epoch=57 | test_MSE=0.460767241 | MAE=0.456762709 | RMSE=0.678798380 | params={'learning_rate': 0.047729881878420394, 'decay_rate': 0.0025034534905655492, 'hidden_size': 32, 'beta1': 0.95, 'beta2': 0.99, 'signal_len': 16, 'cheb_order': 2, 's': 6.721494412997338, 'batch_size': 32, 'k': 6}
Trial 129 finished with value 0.461254641 | dataset=ETTh1_192 | selection=last | epoch=150 | best_val_epoch=65 | test_MSE=0.468692530 | MAE=0.461254641 | RMSE=0.684611225 | params={'learning_rate': 0.04608447205947399, 'decay_rate': 0.0001245611164241889, 'hidden_size': 32, 'beta1': 0.95, 'beta2': 0.99, 'signal_len': 16, 'cheb_order': 2, 's': 6.651138251044048, 'batch_size': 64, 'k': 6}
Trial 130 finished with value 0.443986049 | dataset=ETTh1_192 | selection=last | epoch=150 | best_val_epoch=77 | test_MSE=0.450891678 | MAE=0.443986049 | RMSE=0.671484682 | params={'learning_rate': 0.04984839204726046, 'decay_rate': 0.001832031546619151, 'hidden_size': 32, 'beta1': 0.95, 'beta2': 0.99, 'signal_len': 64, 'cheb_order': 2, 's': 6.851813992011239, 'batch_size': 32, 'k': 6}
Trial 131 finished with value 0.510764962 | dataset=ETTh1_192 | selection=last | epoch=150 | best_val_epoch=16 | test_MSE=0.525834831 | MAE=0.510764962 | RMSE=0.725144697 | params={'learning_rate': 0.04976477840805941, 'decay_rate': 0.001814554747408221, 'hidden_size': 32, 'beta1': 0.95, 'beta2': 0.99, 'signal_len': 64, 'cheb_order': 2, 's': 6.883228490501516, 'batch_size': 32, 'k': 6}
Trial 132 finished with value 0.530440195 | dataset=ETTh1_192 | selection=last | epoch=150 | best_val_epoch=88 | test_MSE=0.558943937 | MAE=0.530440195 | RMSE=0.747625533 | params={'learning_rate': 0.043587582296168124, 'decay_rate': 0.0010660530187981644, 'hidden_size': 32, 'beta1': 0.95, 'beta2': 0.99, 'signal_len': 64, 'cheb_order': 2, 's': 6.303604614210339, 'batch_size': 32, 'k': 6}
Trial 133 finished with value 0.524149442 | dataset=ETTh1_192 | selection=last | epoch=150 | best_val_epoch=45 | test_MSE=0.572197771 | MAE=0.524149442 | RMSE=0.756437553 | params={'learning_rate': 0.039438652597765016, 'decay_rate': 0.0030756640064997596, 'hidden_size': 32, 'beta1': 0.95, 'beta2': 0.99, 'signal_len': 64, 'cheb_order': 2, 's': 6.918017627739606, 'batch_size': 32, 'k': 6}
Trial 134 finished with value 0.535321440 | dataset=ETTh1_192 | selection=last | epoch=150 | best_val_epoch=19 | test_MSE=0.570593059 | MAE=0.535321440 | RMSE=0.755376104 | params={'learning_rate': 0.04625372667353809, 'decay_rate': 0.0022362074639660974, 'hidden_size': 32, 'beta1': 0.95, 'beta2': 0.99, 'signal_len': 64, 'cheb_order': 2, 's': 6.58392562300818, 'batch_size': 32, 'k': 6}
Trial 135 finished with value 0.462605960 | dataset=ETTh1_192 | selection=last | epoch=150 | best_val_epoch=65 | test_MSE=0.469380576 | MAE=0.462605960 | RMSE=0.685113550 | params={'learning_rate': 0.04132830670665373, 'decay_rate': 0.0006516858927475863, 'hidden_size': 32, 'beta1': 0.95, 'beta2': 0.99, 'signal_len': 16, 'cheb_order': 2, 's': 6.246334990883534, 'batch_size': 32, 'k': 6}
Trial 136 finished with value 0.525545491 | dataset=ETTh1_192 | selection=last | epoch=150 | best_val_epoch=60 | test_MSE=0.563566329 | MAE=0.525545491 | RMSE=0.750710549 | params={'learning_rate': 0.04910264511779275, 'decay_rate': 0.0032654771380696015, 'hidden_size': 32, 'beta1': 0.95, 'beta2': 0.99, 'signal_len': 64, 'cheb_order': 2, 's': 6.00926436048709, 'batch_size': 128, 'k': 6}
Trial 137 finished with value 0.469759099 | dataset=ETTh1_192 | selection=last | epoch=150 | best_val_epoch=40 | test_MSE=0.475846684 | MAE=0.469759099 | RMSE=0.689816413 | params={'learning_rate': 0.04337842882440689, 'decay_rate': 0.0018452731606518184, 'hidden_size': 32, 'beta1': 0.95, 'beta2': 0.99, 'signal_len': 16, 'cheb_order': 2, 's': 5.986648707822071, 'batch_size': 512, 'k': 6}
Trial 138 finished with value 0.465239827 | dataset=ETTh1_192 | selection=last | epoch=150 | best_val_epoch=7 | test_MSE=0.468898681 | MAE=0.465239827 | RMSE=0.684761769 | params={'learning_rate': 0.03901346946064088, 'decay_rate': 0.00012132733400012537, 'hidden_size': 32, 'beta1': 0.95, 'beta2': 0.99, 'signal_len': 16, 'cheb_order': 2, 's': 6.529570546329788, 'batch_size': 256, 'k': 6}
Trial 139 finished with value 0.444871812 | dataset=ETTh1_192 | selection=last | epoch=150 | best_val_epoch=90 | test_MSE=0.449832511 | MAE=0.444871812 | RMSE=0.670695543 | params={'learning_rate': 0.046961684125837434, 'decay_rate': 0.0027232747272320054, 'hidden_size': 32, 'beta1': 0.95, 'beta2': 0.99, 'signal_len': 16, 'cheb_order': 2, 's': 6.812009974508958, 'batch_size': 32, 'k': 6}
Trial 140 finished with value 0.457867340 | dataset=ETTh1_192 | selection=last | epoch=150 | best_val_epoch=60 | test_MSE=0.458047414 | MAE=0.457867340 | RMSE=0.676792002 | params={'learning_rate': 0.04522462333449255, 'decay_rate': 0.0015007734475201255, 'hidden_size': 32, 'beta1': 0.95, 'beta2': 0.99, 'signal_len': 16, 'cheb_order': 2, 's': 6.407286748508735, 'batch_size': 32, 'k': 6}
Trial 141 finished with value 0.471923654 | dataset=ETTh1_192 | selection=last | epoch=150 | best_val_epoch=138 | test_MSE=0.479754642 | MAE=0.471923654 | RMSE=0.692643228 | params={'learning_rate': 0.04396715332412943, 'decay_rate': 0.042200604104465717, 'hidden_size': 32, 'beta1': 0.95, 'beta2': 0.99, 'signal_len': 16, 'cheb_order': 2, 's': 6.108652150070417, 'batch_size': 32, 'k': 6}
Trial 142 finished with value 0.446217171 | dataset=ETTh1_192 | selection=last | epoch=150 | best_val_epoch=150 | test_MSE=0.447704832 | MAE=0.446217171 | RMSE=0.669107489 | params={'learning_rate': 0.04106303620879307, 'decay_rate': 0.0031010352517533936, 'hidden_size': 32, 'beta1': 0.95, 'beta2': 0.99, 'signal_len': 16, 'cheb_order': 2, 's': 7.064460235670969, 'batch_size': 32, 'k': 6}
Trial 143 finished with value 0.444677735 | dataset=ETTh1_192 | selection=last | epoch=150 | best_val_epoch=128 | test_MSE=0.449375823 | MAE=0.444677735 | RMSE=0.670354998 | params={'learning_rate': 0.048396544958364256, 'decay_rate': 0.00353374721868128, 'hidden_size': 32, 'beta1': 0.95, 'beta2': 0.99, 'signal_len': 16, 'cheb_order': 2, 's': 4.594740349971331, 'batch_size': 32, 'k': 6}
Trial 144 finished with value 0.445295009 | dataset=ETTh1_192 | selection=last | epoch=150 | best_val_epoch=72 | test_MSE=0.450401900 | MAE=0.445295009 | RMSE=0.671119885 | params={'learning_rate': 0.04225111935615747, 'decay_rate': 0.0033591592648377364, 'hidden_size': 32, 'beta1': 0.95, 'beta2': 0.99, 'signal_len': 16, 'cheb_order': 2, 's': 4.449385374333573, 'batch_size': 32, 'k': 6}
Trial 145 finished with value 0.563408708 | dataset=ETTh1_192 | selection=last | epoch=150 | best_val_epoch=48 | test_MSE=0.639849567 | MAE=0.563408708 | RMSE=0.799905974 | params={'learning_rate': 0.049050451421648836, 'decay_rate': 0.006743981103345508, 'hidden_size': 32, 'beta1': 0.95, 'beta2': 0.99, 'signal_len': 128, 'cheb_order': 2, 's': 4.741607475938031, 'batch_size': 32, 'k': 6}
Trial 146 finished with value 0.453414447 | dataset=ETTh1_192 | selection=last | epoch=150 | best_val_epoch=67 | test_MSE=0.457410598 | MAE=0.453414447 | RMSE=0.676321372 | params={'learning_rate': 0.04598048776179707, 'decay_rate': 0.0019796067346112187, 'hidden_size': 32, 'beta1': 0.95, 'beta2': 0.99, 'signal_len': 16, 'cheb_order': 2, 's': 3.8444756741303823, 'batch_size': 32, 'k': 6}
Trial 147 finished with value 0.443609996 | dataset=ETTh1_192 | selection=last | epoch=150 | best_val_epoch=46 | test_MSE=0.451450914 | MAE=0.443609996 | RMSE=0.671900970 | params={'learning_rate': 0.04812966055107248, 'decay_rate': 0.000994713663626516, 'hidden_size': 32, 'beta1': 0.95, 'beta2': 0.99, 'signal_len': 16, 'cheb_order': 2, 's': 5.184147121866711, 'batch_size': 32, 'k': 6}
Trial 148 finished with value 0.458632223 | dataset=ETTh1_192 | selection=last | epoch=150 | best_val_epoch=101 | test_MSE=0.462562466 | MAE=0.458632223 | RMSE=0.680119450 | params={'learning_rate': 0.047289673556546244, 'decay_rate': 0.0007077103038413634, 'hidden_size': 32, 'beta1': 0.95, 'beta2': 0.99, 'signal_len': 16, 'cheb_order': 2, 's': 4.672107871664098, 'batch_size': 32, 'k': 6}
Trial 149 finished with value 0.448536408 | dataset=ETTh1_192 | selection=last | epoch=150 | best_val_epoch=101 | test_MSE=0.451905370 | MAE=0.448536408 | RMSE=0.672239072 | params={'learning_rate': 0.04810989789467264, 'decay_rate': 0.005224859050891579, 'hidden_size': 32, 'beta1': 0.95, 'beta2': 0.99, 'signal_len': 16, 'cheb_order': 2, 's': 4.916360014778541, 'batch_size': 32, 'k': 6}
Trial 150 finished with value 0.462271429 | dataset=ETTh1_192 | selection=last | epoch=150 | best_val_epoch=67 | test_MSE=0.466595888 | MAE=0.462271429 | RMSE=0.683078245 | params={'learning_rate': 0.04882378247473548, 'decay_rate': 0.0014496301892450317, 'hidden_size': 32, 'beta1': 0.95, 'beta2': 0.99, 'signal_len': 16, 'cheb_order': 2, 's': 5.640312221731729, 'batch_size': 32, 'k': 6}
Trial 151 finished with value 0.445299818 | dataset=ETTh1_192 | selection=last | epoch=150 | best_val_epoch=72 | test_MSE=0.450290096 | MAE=0.445299818 | RMSE=0.671036583 | params={'learning_rate': 0.040101953151629274, 'decay_rate': 0.0036237481715095474, 'hidden_size': 32, 'beta1': 0.95, 'beta2': 0.99, 'signal_len': 16, 'cheb_order': 2, 's': 5.199085866214412, 'batch_size': 32, 'k': 6}
Trial 152 finished with value 0.444483594 | dataset=ETTh1_192 | selection=last | epoch=150 | best_val_epoch=103 | test_MSE=0.450311896 | MAE=0.444483594 | RMSE=0.671052827 | params={'learning_rate': 0.049790868753197215, 'decay_rate': 0.002570682050075282, 'hidden_size': 32, 'beta1': 0.95, 'beta2': 0.99, 'signal_len': 16, 'cheb_order': 2, 's': 4.982001579457764, 'batch_size': 32, 'k': 6}
Trial 153 finished with value 0.447339154 | dataset=ETTh1_192 | selection=last | epoch=150 | best_val_epoch=127 | test_MSE=0.451544049 | MAE=0.447339154 | RMSE=0.671970274 | params={'learning_rate': 0.049981223743917766, 'decay_rate': 0.0023307539854571747, 'hidden_size': 32, 'beta1': 0.95, 'beta2': 0.99, 'signal_len': 16, 'cheb_order': 2, 's': 4.978801914377217, 'batch_size': 32, 'k': 6}
Trial 154 finished with value 0.457763379 | dataset=ETTh1_192 | selection=last | epoch=150 | best_val_epoch=60 | test_MSE=0.460654266 | MAE=0.457763379 | RMSE=0.678715158 | params={'learning_rate': 0.046779839185114636, 'decay_rate': 0.0012452016957488266, 'hidden_size': 32, 'beta1': 0.95, 'beta2': 0.95, 'signal_len': 16, 'cheb_order': 2, 's': 5.120585919868776, 'batch_size': 32, 'k': 6}
Trial 155 finished with value 0.446510910 | dataset=ETTh1_192 | selection=last | epoch=150 | best_val_epoch=58 | test_MSE=0.450599740 | MAE=0.446510910 | RMSE=0.671267264 | params={'learning_rate': 0.04510357429560089, 'decay_rate': 0.00503819259145454, 'hidden_size': 32, 'beta1': 0.95, 'beta2': 0.99, 'signal_len': 16, 'cheb_order': 2, 's': 4.035710383720394, 'batch_size': 32, 'k': 6}
Trial 156 finished with value 0.470547012 | dataset=ETTh1_192 | selection=last | epoch=150 | best_val_epoch=66 | test_MSE=0.475725550 | MAE=0.470547012 | RMSE=0.689728606 | params={'learning_rate': 0.04824606792663009, 'decay_rate': 0.04923735963395479, 'hidden_size': 32, 'beta1': 0.95, 'beta2': 0.99, 'signal_len': 16, 'cheb_order': 2, 's': 5.565397465199686, 'batch_size': 32, 'k': 6}
Trial 157 finished with value 0.472526918 | dataset=ETTh1_192 | selection=last | epoch=150 | best_val_epoch=101 | test_MSE=0.474092694 | MAE=0.472526918 | RMSE=0.688543894 | params={'learning_rate': 0.048285838077099616, 'decay_rate': 6.87203775872878e-05, 'hidden_size': 32, 'beta1': 0.95, 'beta2': 0.99, 'signal_len': 16, 'cheb_order': 2, 's': 5.282702061230909, 'batch_size': 32, 'k': 6}
Trial 158 finished with value 0.547728727 | dataset=ETTh1_192 | selection=last | epoch=150 | best_val_epoch=62 | test_MSE=0.625156459 | MAE=0.547728727 | RMSE=0.790668362 | params={'learning_rate': 0.04581536634811311, 'decay_rate': 0.0036922717656899234, 'hidden_size': 32, 'beta1': 0.95, 'beta2': 0.99, 'signal_len': 64, 'cheb_order': 2, 's': 4.423193771246417, 'batch_size': 32, 'k': 6}
Trial 159 finished with value 0.445212401 | dataset=ETTh1_192 | selection=last | epoch=150 | best_val_epoch=98 | test_MSE=0.449964804 | MAE=0.445212401 | RMSE=0.670794159 | params={'learning_rate': 0.04991884327228876, 'decay_rate': 0.0023376123014624012, 'hidden_size': 32, 'beta1': 0.95, 'beta2': 0.99, 'signal_len': 16, 'cheb_order': 2, 's': 5.960657865683686, 'batch_size': 32, 'k': 6}
Trial 160 finished with value 0.443053558 | dataset=ETTh1_192 | selection=last | epoch=150 | best_val_epoch=90 | test_MSE=0.449333063 | MAE=0.443053558 | RMSE=0.670323104 | params={'learning_rate': 0.03703923136753325, 'decay_rate': 0.0010221502589986562, 'hidden_size': 32, 'beta1': 0.95, 'beta2': 0.99, 'signal_len': 16, 'cheb_order': 2, 's': 7.204529397568694, 'batch_size': 32, 'k': 6}
Trial 161 finished with value 0.442984094 | dataset=ETTh1_192 | selection=last | epoch=150 | best_val_epoch=101 | test_MSE=0.448889964 | MAE=0.442984094 | RMSE=0.669992511 | params={'learning_rate': 0.037155675831225816, 'decay_rate': 0.001225832641664388, 'hidden_size': 32, 'beta1': 0.95, 'beta2': 0.99, 'signal_len': 16, 'cheb_order': 2, 's': 6.736506491695529, 'batch_size': 32, 'k': 6}
Trial 162 finished with value 0.442542698 | dataset=ETTh1_192 | selection=last | epoch=150 | best_val_epoch=103 | test_MSE=0.448958777 | MAE=0.442542698 | RMSE=0.670043862 | params={'learning_rate': 0.03445164658428737, 'decay_rate': 0.0008887124300385452, 'hidden_size': 32, 'beta1': 0.95, 'beta2': 0.99, 'signal_len': 16, 'cheb_order': 2, 's': 7.172571922350905, 'batch_size': 32, 'k': 6}
Trial 163 finished with value 0.442763579 | dataset=ETTh1_192 | selection=last | epoch=150 | best_val_epoch=72 | test_MSE=0.450397378 | MAE=0.442763579 | RMSE=0.671116516 | params={'learning_rate': 0.03466422304644788, 'decay_rate': 0.0010909341468826866, 'hidden_size': 32, 'beta1': 0.95, 'beta2': 0.99, 'signal_len': 16, 'cheb_order': 2, 's': 7.071154230549084, 'batch_size': 32, 'k': 6}
Trial 164 finished with value 0.444123806 | dataset=ETTh1_192 | selection=last | epoch=150 | best_val_epoch=25 | test_MSE=0.451710539 | MAE=0.444123806 | RMSE=0.672094145 | params={'learning_rate': 0.03437504513527893, 'decay_rate': 0.000970719317130859, 'hidden_size': 32, 'beta1': 0.95, 'beta2': 0.99, 'signal_len': 16, 'cheb_order': 2, 's': 7.296851937817161, 'batch_size': 32, 'k': 6}
Trial 165 finished with value 0.446097782 | dataset=ETTh1_192 | selection=last | epoch=150 | best_val_epoch=128 | test_MSE=0.450372583 | MAE=0.446097782 | RMSE=0.671098043 | params={'learning_rate': 0.03457742946573563, 'decay_rate': 0.0013881440775151692, 'hidden_size': 32, 'beta1': 0.95, 'beta2': 0.99, 'signal_len': 16, 'cheb_order': 2, 's': 7.239413028843416, 'batch_size': 32, 'k': 6}
Trial 166 finished with value 0.467258373 | dataset=ETTh1_192 | selection=last | epoch=150 | best_val_epoch=10 | test_MSE=0.475139812 | MAE=0.467258373 | RMSE=0.689303860 | params={'learning_rate': 0.036743711840739685, 'decay_rate': 9.980505159395102e-05, 'hidden_size': 32, 'beta1': 0.95, 'beta2': 0.99, 'signal_len': 16, 'cheb_order': 2, 's': 7.08774454770959, 'batch_size': 256, 'k': 6}
