Trial 167 finished with value 0.423853118 | dataset=ETTh1_96 | selection=last | epoch=150 | best_val_epoch=122 | test_MSE=0.427112095 | MAE=0.423853118 | RMSE=0.653538136 | params={'learning_rate': 0.04549120624380531, 'decay_rate': 0.00299636756705579, 'hidden_size': 32, 'beta1': 0.95, 'beta2': 0.99, 'signal_len': 16, 'cheb_order': 2, 's': 7.927285730767417, 'batch_size': 64, 'k': 4}
Trial 168 finished with value 0.448337103 | dataset=ETTh1_96 | selection=last | epoch=150 | best_val_epoch=72 | test_MSE=0.448498386 | MAE=0.448337103 | RMSE=0.669700221 | params={'learning_rate': 0.04733501325984303, 'decay_rate': 0.0008734863418610428, 'hidden_size': 32, 'beta1': 0.95, 'beta2': 0.999, 'signal_len': 16, 'cheb_order': 2, 's': 6.300458715633279, 'batch_size': 64, 'k': 4}
Trial 169 finished with value 0.418662760 | dataset=ETTh1_96 | selection=last | epoch=150 | best_val_epoch=72 | test_MSE=0.416983410 | MAE=0.418662760 | RMSE=0.645742526 | params={'learning_rate': 0.04455783615246387, 'decay_rate': 0.00414721102420665, 'hidden_size': 32, 'beta1': 0.95, 'beta2': 0.99, 'signal_len': 16, 'cheb_order': 2, 's': 9.35222875665048, 'batch_size': 64, 'k': 4}
Trial 170 finished with value 0.421735426 | dataset=ETTh1_96 | selection=last | epoch=150 | best_val_epoch=131 | test_MSE=0.423672709 | MAE=0.421735426 | RMSE=0.650901459 | params={'learning_rate': 0.04137172212030336, 'decay_rate': 0.0020390546370953984, 'hidden_size': 32, 'beta1': 0.95, 'beta2': 0.99, 'signal_len': 16, 'cheb_order': 2, 's': 3.0032917711878833, 'batch_size': 64, 'k': 4}
Trial 171 finished with value 0.476352827 | dataset=ETTh1_96 | selection=last | epoch=150 | best_val_epoch=112 | test_MSE=0.491873476 | MAE=0.476352827 | RMSE=0.701336920 | params={'learning_rate': 0.048424252868166165, 'decay_rate': 6.275678146154648e-05, 'hidden_size': 32, 'beta1': 0.95, 'beta2': 0.99, 'signal_len': 32, 'cheb_order': 2, 's': 6.686557630000886, 'batch_size': 64, 'k': 4}
Trial 172 finished with value 0.417702805 | dataset=ETTh1_96 | selection=last | epoch=150 | best_val_epoch=39 | test_MSE=0.416042760 | MAE=0.417702805 | RMSE=0.645013767 | params={'learning_rate': 0.04570247049978362, 'decay_rate': 0.003158523780163453, 'hidden_size': 32, 'beta1': 0.95, 'beta2': 0.99, 'signal_len': 16, 'cheb_order': 2, 's': 7.113941041166012, 'batch_size': 64, 'k': 4}
Trial 173 finished with value 0.416550917 | dataset=ETTh1_96 | selection=last | epoch=150 | best_val_epoch=59 | test_MSE=0.415397924 | MAE=0.416550917 | RMSE=0.644513712 | params={'learning_rate': 0.04355854292008299, 'decay_rate': 0.0013610806021282008, 'hidden_size': 32, 'beta1': 0.95, 'beta2': 0.99, 'signal_len': 16, 'cheb_order': 2, 's': 3.499039227853413, 'batch_size': 32, 'k': 4}
Trial 174 finished with value 0.416803127 | dataset=ETTh1_96 | selection=last | epoch=150 | best_val_epoch=95 | test_MSE=0.415455165 | MAE=0.416803127 | RMSE=0.644558116 | params={'learning_rate': 0.04400601308054814, 'decay_rate': 0.00127773427629473, 'hidden_size': 32, 'beta1': 0.95, 'beta2': 0.99, 'signal_len': 16, 'cheb_order': 2, 's': 3.4481989914237365, 'batch_size': 32, 'k': 4}
Trial 175 finished with value 0.416962937 | dataset=ETTh1_96 | selection=last | epoch=150 | best_val_epoch=96 | test_MSE=0.415698969 | MAE=0.416962937 | RMSE=0.644747213 | params={'learning_rate': 0.046937466776263356, 'decay_rate': 0.0011981733706844472, 'hidden_size': 32, 'beta1': 0.95, 'beta2': 0.99, 'signal_len': 16, 'cheb_order': 2, 's': 3.4665248866049208, 'batch_size': 32, 'k': 4}
Trial 176 finished with value 0.440578398 | dataset=ETTh1_96 | selection=last | epoch=150 | best_val_epoch=39 | test_MSE=0.434600758 | MAE=0.440578398 | RMSE=0.659242564 | params={'learning_rate': 0.04395503851760288, 'decay_rate': 0.0013126205377994218, 'hidden_size': 32, 'beta1': 0.95, 'beta2': 0.99, 'signal_len': 16, 'cheb_order': 2, 's': 2.6248142729985453, 'batch_size': 32, 'k': 4}
Trial 177 finished with value 0.418134547 | dataset=ETTh1_96 | selection=last | epoch=150 | best_val_epoch=79 | test_MSE=0.416671339 | MAE=0.418134547 | RMSE=0.645500843 | params={'learning_rate': 0.04597328609475665, 'decay_rate': 0.0025337075588795165, 'hidden_size': 32, 'beta1': 0.95, 'beta2': 0.99, 'signal_len': 16, 'cheb_order': 2, 's': 8.075759405462458, 'batch_size': 32, 'k': 4}
Trial 178 finished with value 0.441069583 | dataset=ETTh1_96 | selection=last | epoch=150 | best_val_epoch=24 | test_MSE=0.432070664 | MAE=0.441069583 | RMSE=0.657320823 | params={'learning_rate': 0.048142229958040524, 'decay_rate': 0.0006453051639365793, 'hidden_size': 32, 'beta1': 0.95, 'beta2': 0.99, 'signal_len': 16, 'cheb_order': 2, 's': 3.669559680774968, 'batch_size': 32, 'k': 4}
Trial 179 finished with value 0.418719084 | dataset=ETTh1_96 | selection=last | epoch=150 | best_val_epoch=106 | test_MSE=0.417501403 | MAE=0.418719084 | RMSE=0.646143484 | params={'learning_rate': 0.04468154339123215, 'decay_rate': 0.0017680779965832966, 'hidden_size': 32, 'beta1': 0.95, 'beta2': 0.95, 'signal_len': 16, 'cheb_order': 2, 's': 3.1885760784979302, 'batch_size': 32, 'k': 4}
Trial 180 finished with value 0.420314417 | dataset=ETTh1_96 | selection=last | epoch=150 | best_val_epoch=100 | test_MSE=0.418570578 | MAE=0.420314417 | RMSE=0.646970307 | params={'learning_rate': 0.04711534270489792, 'decay_rate': 0.0034464014238488857, 'hidden_size': 32, 'beta1': 0.95, 'beta2': 0.99, 'signal_len': 16, 'cheb_order': 2, 's': 2.4028384741180733, 'batch_size': 32, 'k': 4}
Trial 181 finished with value 0.420016493 | dataset=ETTh1_96 | selection=last | epoch=150 | best_val_epoch=81 | test_MSE=0.418383230 | MAE=0.420016493 | RMSE=0.646825502 | params={'learning_rate': 0.02913881597870826, 'decay_rate': 0.005290609504999271, 'hidden_size': 32, 'beta1': 0.95, 'beta2': 0.95, 'signal_len': 16, 'cheb_order': 2, 's': 8.673463312416246, 'batch_size': 32, 'k': 4}
Trial 182 finished with value 0.416086972 | dataset=ETTh1_96 | selection=last | epoch=150 | best_val_epoch=59 | test_MSE=0.415083613 | MAE=0.416086972 | RMSE=0.644269829 | params={'learning_rate': 0.049370419425433715, 'decay_rate': 0.0008720305721609655, 'hidden_size': 32, 'beta1': 0.95, 'beta2': 0.99, 'signal_len': 16, 'cheb_order': 2, 's': 8.439956159600618, 'batch_size': 32, 'k': 4}
Trial 183 finished with value 0.439826821 | dataset=ETTh1_96 | selection=last | epoch=150 | best_val_epoch=63 | test_MSE=0.433425138 | MAE=0.439826821 | RMSE=0.658350316 | params={'learning_rate': 0.021869727811474372, 'decay_rate': 0.0008099924773125772, 'hidden_size': 32, 'beta1': 0.95, 'beta2': 0.99, 'signal_len': 16, 'cheb_order': 2, 's': 7.385091661782901, 'batch_size': 32, 'k': 4}
Trial 184 finished with value 0.423185678 | dataset=ETTh1_96 | selection=last | epoch=150 | best_val_epoch=123 | test_MSE=0.418838731 | MAE=0.423185678 | RMSE=0.647177511 | params={'learning_rate': 0.04853997564008999, 'decay_rate': 0.0001083948183164124, 'hidden_size': 32, 'beta1': 0.95, 'beta2': 0.99, 'signal_len': 16, 'cheb_order': 2, 's': 8.450135184836903, 'batch_size': 32, 'k': 4}
Trial 185 finished with value 0.417916715 | dataset=ETTh1_96 | selection=last | epoch=150 | best_val_epoch=59 | test_MSE=0.416562803 | MAE=0.417916715 | RMSE=0.645416767 | params={'learning_rate': 0.04971672133806504, 'decay_rate': 0.002205446068301883, 'hidden_size': 32, 'beta1': 0.95, 'beta2': 0.99, 'signal_len': 16, 'cheb_order': 2, 's': 8.209165143060709, 'batch_size': 32, 'k': 4}
Trial 186 finished with value 0.438409965 | dataset=ETTh1_96 | selection=last | epoch=150 | best_val_epoch=24 | test_MSE=0.433714184 | MAE=0.438409965 | RMSE=0.658569802 | params={'learning_rate': 0.047255485748098826, 'decay_rate': 0.0015141049643358443, 'hidden_size': 32, 'beta1': 0.95, 'beta2': 0.99, 'signal_len': 16, 'cheb_order': 2, 's': 8.288817717797487, 'batch_size': 32, 'k': 4}
Trial 187 finished with value 0.419155851 | dataset=ETTh1_96 | selection=last | epoch=150 | best_val_epoch=96 | test_MSE=0.417467219 | MAE=0.419155851 | RMSE=0.646117032 | params={'learning_rate': 0.04578270741758803, 'decay_rate': 0.0027997460064998793, 'hidden_size': 32, 'beta1': 0.95, 'beta2': 0.99, 'signal_len': 16, 'cheb_order': 2, 's': 7.818230501871096, 'batch_size': 32, 'k': 4}
Trial 188 finished with value 0.436471673 | dataset=ETTh1_96 | selection=last | epoch=150 | best_val_epoch=37 | test_MSE=0.430351875 | MAE=0.436471673 | RMSE=0.656012099 | params={'learning_rate': 0.049333172356816835, 'decay_rate': 7.46179087170902e-05, 'hidden_size': 32, 'beta1': 0.95, 'beta2': 0.99, 'signal_len': 16, 'cheb_order': 2, 's': 5.200310624459237, 'batch_size': 32, 'k': 4}
Trial 189 finished with value 0.440135078 | dataset=ETTh1_96 | selection=last | epoch=150 | best_val_epoch=45 | test_MSE=0.435031653 | MAE=0.440135078 | RMSE=0.659569293 | params={'learning_rate': 0.04333820893651478, 'decay_rate': 0.0038450327732403398, 'hidden_size': 32, 'beta1': 0.95, 'beta2': 0.95, 'signal_len': 16, 'cheb_order': 2, 's': 8.976695162193021, 'batch_size': 512, 'k': 4}
Trial 190 finished with value 0.484364885 | dataset=ETTh1_96 | selection=last | epoch=150 | best_val_epoch=79 | test_MSE=0.534530524 | MAE=0.484364885 | RMSE=0.731115944 | params={'learning_rate': 0.04792440945150797, 'decay_rate': 0.0014677938822038692, 'hidden_size': 32, 'beta1': 0.95, 'beta2': 0.99, 'signal_len': 64, 'cheb_order': 2, 's': 5.623778291395712, 'batch_size': 256, 'k': 4}
Trial 191 finished with value 0.418934070 | dataset=ETTh1_96 | selection=last | epoch=150 | best_val_epoch=112 | test_MSE=0.416940239 | MAE=0.418934070 | RMSE=0.645709098 | params={'learning_rate': 0.049992554481272274, 'decay_rate': 0.0025822100588825236, 'hidden_size': 32, 'beta1': 0.99, 'beta2': 0.999, 'signal_len': 16, 'cheb_order': 2, 's': 3.5342256311234617, 'batch_size': 64, 'k': 4}
Trial 192 finished with value 0.437381560 | dataset=ETTh1_96 | selection=last | epoch=150 | best_val_epoch=12 | test_MSE=0.431200102 | MAE=0.437381560 | RMSE=0.656658284 | params={'learning_rate': 0.046355157604069594, 'decay_rate': 0.0010470078492044116, 'hidden_size': 32, 'beta1': 0.95, 'beta2': 0.95, 'signal_len': 16, 'cheb_order': 2, 's': 2.936141869246821, 'batch_size': 64, 'k': 4}
Trial 193 finished with value 0.419281893 | dataset=ETTh1_96 | selection=last | epoch=150 | best_val_epoch=91 | test_MSE=0.416534111 | MAE=0.419281893 | RMSE=0.645394539 | params={'learning_rate': 0.044381319905118594, 'decay_rate': 0.004458785437864776, 'hidden_size': 32, 'beta1': 0.95, 'beta2': 0.99, 'signal_len': 16, 'cheb_order': 2, 's': 7.5892777188783915, 'batch_size': 64, 'k': 4}
Trial 194 finished with value 0.427018178 | dataset=ETTh1_96 | selection=last | epoch=150 | best_val_epoch=129 | test_MSE=0.426313156 | MAE=0.427018178 | RMSE=0.652926608 | params={'learning_rate': 0.043268947867310455, 'decay_rate': 0.0021025103142410183, 'hidden_size': 16, 'beta1': 0.95, 'beta2': 0.99, 'signal_len': 16, 'cheb_order': 2, 's': 3.29882200759059, 'batch_size': 64, 'k': 4}
Trial 195 finished with value 0.429199331 | dataset=ETTh1_96 | selection=last | epoch=150 | best_val_epoch=120 | test_MSE=0.429337852 | MAE=0.429199331 | RMSE=0.655238775 | params={'learning_rate': 0.04171510811180027, 'decay_rate': 0.0028324855039658418, 'hidden_size': 16, 'beta1': 0.95, 'beta2': 0.99, 'signal_len': 16, 'cheb_order': 2, 's': 2.7615730445577267, 'batch_size': 64, 'k': 4}
Trial 196 finished with value 0.416943817 | dataset=ETTh1_96 | selection=last | epoch=150 | best_val_epoch=54 | test_MSE=0.415508953 | MAE=0.416943817 | RMSE=0.644599839 | params={'learning_rate': 0.045095021058376795, 'decay_rate': 0.0017252245845775296, 'hidden_size': 16, 'beta1': 0.95, 'beta2': 0.99, 'signal_len': 16, 'cheb_order': 2, 's': 3.8555721053391587, 'batch_size': 64, 'k': 4}
Trial 197 finished with value 0.443384213 | dataset=ETTh1_96 | selection=last | epoch=150 | best_val_epoch=53 | test_MSE=0.439536072 | MAE=0.443384213 | RMSE=0.662975167 | params={'learning_rate': 0.042318104511724616, 'decay_rate': 0.0010243101680116517, 'hidden_size': 16, 'beta1': 0.95, 'beta2': 0.99, 'signal_len': 16, 'cheb_order': 2, 's': 3.469423304334264, 'batch_size': 64, 'k': 4}
Trial 198 finished with value 0.418350695 | dataset=ETTh1_96 | selection=last | epoch=150 | best_val_epoch=91 | test_MSE=0.415721397 | MAE=0.418350695 | RMSE=0.644764606 | params={'learning_rate': 0.04682900812791803, 'decay_rate': 0.0031059767779928393, 'hidden_size': 32, 'beta1': 0.95, 'beta2': 0.99, 'signal_len': 16, 'cheb_order': 2, 's': 8.542558376289879, 'batch_size': 64, 'k': 4}
Trial 199 finished with value 0.417631880 | dataset=ETTh1_96 | selection=last | epoch=150 | best_val_epoch=52 | test_MSE=0.416128063 | MAE=0.417631880 | RMSE=0.645079889 | params={'learning_rate': 0.04552074386096026, 'decay_rate': 0.0019791294690274324, 'hidden_size': 16, 'beta1': 0.9, 'beta2': 0.99, 'signal_len': 16, 'cheb_order': 2, 's': 3.138147806156484, 'batch_size': 64, 'k': 4}
Trial 200 finished with value 0.451711185 | dataset=ETTh1_96 | selection=last | epoch=150 | best_val_epoch=95 | test_MSE=0.447619787 | MAE=0.451711185 | RMSE=0.669043935 | params={'learning_rate': 0.048942027574010755, 'decay_rate': 0.000706894551346267, 'hidden_size': 32, 'beta1': 0.95, 'beta2': 0.95, 'signal_len': 16, 'cheb_order': 2, 's': 5.97335128426052, 'batch_size': 128, 'k': 4}
Trial 201 finished with value 0.578646222 | dataset=ETTh1_96 | selection=last | epoch=150 | best_val_epoch=41 | test_MSE=0.774103526 | MAE=0.578646222 | RMSE=0.879831533 | params={'learning_rate': 0.04786528031921314, 'decay_rate': 7.0993585550115e-05, 'hidden_size': 32, 'beta1': 0.95, 'beta2': 0.99, 'signal_len': 128, 'cheb_order': 2, 's': 7.975915577876775, 'batch_size': 64, 'k': 4}
Trial 202 finished with value 0.418501094 | dataset=ETTh1_96 | selection=last | epoch=150 | best_val_epoch=77 | test_MSE=0.416858566 | MAE=0.418501094 | RMSE=0.645645852 | params={'learning_rate': 0.044112339192265024, 'decay_rate': 0.0036850165919326706, 'hidden_size': 16, 'beta1': 0.95, 'beta2': 0.99, 'signal_len': 16, 'cheb_order': 2, 's': 8.334571266986334, 'batch_size': 64, 'k': 4}
Trial 203 finished with value 0.422300449 | dataset=ETTh1_96 | selection=last | epoch=150 | best_val_epoch=129 | test_MSE=0.425665271 | MAE=0.422300449 | RMSE=0.652430281 | params={'learning_rate': 0.040175226621060156, 'decay_rate': 0.0023752481841640637, 'hidden_size': 32, 'beta1': 0.95, 'beta2': 0.95, 'signal_len': 16, 'cheb_order': 2, 's': 3.684401037681151, 'batch_size': 64, 'k': 4}
Trial 204 finished with value 0.416350872 | dataset=ETTh1_96 | selection=last | epoch=150 | best_val_epoch=52 | test_MSE=0.415060783 | MAE=0.416350872 | RMSE=0.644252111 | params={'learning_rate': 0.0358966929217364, 'decay_rate': 0.0014725296272470067, 'hidden_size': 16, 'beta1': 0.95, 'beta2': 0.95, 'signal_len': 16, 'cheb_order': 2, 's': 3.3979242203071647, 'batch_size': 64, 'k': 4}
Trial 205 finished with value 0.448992944 | dataset=ETTh1_96 | selection=last | epoch=150 | best_val_epoch=132 | test_MSE=0.458678940 | MAE=0.448992944 | RMSE=0.677258400 | params={'learning_rate': 0.035728142326276725, 'decay_rate': 0.04581900173178628, 'hidden_size': 16, 'beta1': 0.95, 'beta2': 0.95, 'signal_len': 16, 'cheb_order': 2, 's': 3.3996691557933074, 'batch_size': 64, 'k': 4}
Trial 206 finished with value 0.416288622 | dataset=ETTh1_96 | selection=last | epoch=150 | best_val_epoch=54 | test_MSE=0.415006539 | MAE=0.416288622 | RMSE=0.644210012 | params={'learning_rate': 0.03080664894261379, 'decay_rate': 0.0013090867342780616, 'hidden_size': 16, 'beta1': 0.95, 'beta2': 0.95, 'signal_len': 16, 'cheb_order': 2, 's': 3.0820840354216914, 'batch_size': 64, 'k': 4}
Trial 207 finished with value 0.440406919 | dataset=ETTh1_96 | selection=last | epoch=150 | best_val_epoch=58 | test_MSE=0.436802237 | MAE=0.440406919 | RMSE=0.660910158 | params={'learning_rate': 0.03182428583140044, 'decay_rate': 0.001066453112145792, 'hidden_size': 16, 'beta1': 0.95, 'beta2': 0.95, 'signal_len': 16, 'cheb_order': 2, 's': 2.993429774320679, 'batch_size': 64, 'k': 4}
Trial 208 finished with value 0.424053619 | dataset=ETTh1_96 | selection=last | epoch=150 | best_val_epoch=132 | test_MSE=0.426845512 | MAE=0.424053619 | RMSE=0.653334151 | params={'learning_rate': 0.033707564132182816, 'decay_rate': 0.0015374652706441395, 'hidden_size': 16, 'beta1': 0.95, 'beta2': 0.95, 'signal_len': 16, 'cheb_order': 2, 's': 3.1961296979332214, 'batch_size': 64, 'k': 4}
Trial 209 finished with value 0.445919607 | dataset=ETTh1_96 | selection=last | epoch=150 | best_val_epoch=47 | test_MSE=0.444972486 | MAE=0.445919607 | RMSE=0.667062580 | params={'learning_rate': 0.037009827954511326, 'decay_rate': 0.0007617285290110622, 'hidden_size': 16, 'beta1': 0.95, 'beta2': 0.95, 'signal_len': 32, 'cheb_order': 2, 's': 7.9262602062635, 'batch_size': 64, 'k': 4}
Trial 210 finished with value 0.418982831 | dataset=ETTh1_96 | selection=last | epoch=150 | best_val_epoch=118 | test_MSE=0.417344054 | MAE=0.418982831 | RMSE=0.646021714 | params={'learning_rate': 0.030066339124635875, 'decay_rate': 0.0028580885363693816, 'hidden_size': 32, 'beta1': 0.95, 'beta2': 0.95, 'signal_len': 16, 'cheb_order': 2, 's': 2.7324017997878287, 'batch_size': 32, 'k': 4}
Trial 211 finished with value 0.450199813 | dataset=ETTh1_96 | selection=last | epoch=150 | best_val_epoch=109 | test_MSE=0.451372288 | MAE=0.450199813 | RMSE=0.671842458 | params={'learning_rate': 0.026856095307287796, 'decay_rate': 9.126294527076265e-05, 'hidden_size': 16, 'beta1': 0.95, 'beta2': 0.95, 'signal_len': 16, 'cheb_order': 2, 's': 8.749336234394573, 'batch_size': 64, 'k': 4}
Trial 212 finished with value 0.417363783 | dataset=ETTh1_96 | selection=last | epoch=150 | best_val_epoch=96 | test_MSE=0.415326772 | MAE=0.417363783 | RMSE=0.644458511 | params={'learning_rate': 0.04697359644309654, 'decay_rate': 0.0018307995047820047, 'hidden_size': 32, 'beta1': 0.95, 'beta2': 0.95, 'signal_len': 16, 'cheb_order': 2, 's': 2.545271662156626, 'batch_size': 64, 'k': 4}
Trial 213 finished with value 0.426150939 | dataset=ETTh1_96 | selection=last | epoch=150 | best_val_epoch=122 | test_MSE=0.429254689 | MAE=0.426150939 | RMSE=0.655175312 | params={'learning_rate': 0.03402869613638689, 'decay_rate': 0.0037455056790637034, 'hidden_size': 32, 'beta1': 0.95, 'beta2': 0.95, 'signal_len': 16, 'cheb_order': 2, 's': 8.101053638264155, 'batch_size': 64, 'k': 4}
Trial 214 finished with value 0.432986026 | dataset=ETTh1_96 | selection=last | epoch=150 | best_val_epoch=137 | test_MSE=0.433196201 | MAE=0.432986026 | RMSE=0.658176421 | params={'learning_rate': 0.04604160369779081, 'decay_rate': 0.0023025252427425562, 'hidden_size': 16, 'beta1': 0.95, 'beta2': 0.99, 'signal_len': 16, 'cheb_order': 2, 's': 3.472262261867632, 'batch_size': 64, 'k': 4}
Trial 215 finished with value 0.416256216 | dataset=ETTh1_96 | selection=last | epoch=150 | best_val_epoch=54 | test_MSE=0.415028938 | MAE=0.416256216 | RMSE=0.644227396 | params={'learning_rate': 0.04498981864946459, 'decay_rate': 0.0013826314789465053, 'hidden_size': 16, 'beta1': 0.95, 'beta2': 0.95, 'signal_len': 16, 'cheb_order': 2, 's': 3.269175189777066, 'batch_size': 64, 'k': 4}
Trial 216 finished with value 0.429224470 | dataset=ETTh1_96 | selection=last | epoch=150 | best_val_epoch=137 | test_MSE=0.433107794 | MAE=0.429224470 | RMSE=0.658109257 | params={'learning_rate': 0.04514333890427487, 'decay_rate': 0.001336019744481337, 'hidden_size': 16, 'beta1': 0.95, 'beta2': 0.95, 'signal_len': 16, 'cheb_order': 2, 's': 3.0064329055709607, 'batch_size': 64, 'k': 4}
Trial 217 finished with value 0.445302876 | dataset=ETTh1_96 | selection=last | epoch=150 | best_val_epoch=97 | test_MSE=0.446848451 | MAE=0.445302876 | RMSE=0.668467240 | params={'learning_rate': 0.0480315889067075, 'decay_rate': 1.2072127761207554e-05, 'hidden_size': 16, 'beta1': 0.95, 'beta2': 0.95, 'signal_len': 16, 'cheb_order': 2, 's': 3.265602856026677, 'batch_size': 64, 'k': 4}
Trial 218 finished with value 0.418076065 | dataset=ETTh1_96 | selection=last | epoch=150 | best_val_epoch=108 | test_MSE=0.416705723 | MAE=0.418076065 | RMSE=0.645527476 | params={'learning_rate': 0.04640135840860249, 'decay_rate': 0.0010526476054572732, 'hidden_size': 16, 'beta1': 0.95, 'beta2': 0.95, 'signal_len': 16, 'cheb_order': 2, 's': 3.649842823084073, 'batch_size': 64, 'k': 4}
Trial 219 finished with value 0.434766301 | dataset=ETTh1_96 | selection=last | epoch=150 | best_val_epoch=80 | test_MSE=0.430443481 | MAE=0.434766301 | RMSE=0.656081917 | params={'learning_rate': 0.04861076114746887, 'decay_rate': 0.0026844320173078674, 'hidden_size': 16, 'beta1': 0.95, 'beta2': 0.95, 'signal_len': 16, 'cheb_order': 2, 's': 7.698438924639944, 'batch_size': 512, 'k': 4}
Trial 220 finished with value 0.430811250 | dataset=ETTh1_96 | selection=last | epoch=150 | best_val_epoch=72 | test_MSE=0.431152276 | MAE=0.430811250 | RMSE=0.656621867 | params={'learning_rate': 0.031215544535452763, 'decay_rate': 0.021206839513494436, 'hidden_size': 32, 'beta1': 0.95, 'beta2': 0.95, 'signal_len': 16, 'cheb_order': 2, 's': 3.8224726439166683, 'batch_size': 64, 'k': 4}
Trial 221 finished with value 0.424899696 | dataset=ETTh1_96 | selection=last | epoch=150 | best_val_epoch=131 | test_MSE=0.430142274 | MAE=0.424899696 | RMSE=0.655852326 | params={'learning_rate': 0.04467321437767636, 'decay_rate': 0.0019612291465069534, 'hidden_size': 32, 'beta1': 0.95, 'beta2': 0.95, 'signal_len': 16, 'cheb_order': 2, 's': 2.3062810074278794, 'batch_size': 64, 'k': 4}
Trial 222 finished with value 0.416292674 | dataset=ETTh1_96 | selection=last | epoch=150 | best_val_epoch=72 | test_MSE=0.415070883 | MAE=0.416292674 | RMSE=0.644259950 | params={'learning_rate': 0.03455646518347111, 'decay_rate': 0.0011331346792705765, 'hidden_size': 16, 'beta1': 0.95, 'beta2': 0.95, 'signal_len': 16, 'cheb_order': 2, 's': 3.1080222802829893, 'batch_size': 32, 'k': 4}
