Trial 223 finished with value 0.462282894 | dataset=ETTh1_192 | selection=last | epoch=150 | best_val_epoch=63 | test_MSE=0.468802504 | MAE=0.462282894 | RMSE=0.684691539 | params={'learning_rate': 0.042963240629578306, 'decay_rate': 0.001037778346709533, 'hidden_size': 32, 'beta1': 0.95, 'beta2': 0.99, 'signal_len': 16, 'cheb_order': 2, 's': 8.44036595466262, 'batch_size': 64, 'k': 6}
Trial 224 finished with value 0.463224411 | dataset=ETTh1_192 | selection=last | epoch=150 | best_val_epoch=26 | test_MSE=0.474513364 | MAE=0.463224411 | RMSE=0.688849304 | params={'learning_rate': 0.0406468835244998, 'decay_rate': 1.2005539626990924e-05, 'hidden_size': 32, 'beta1': 0.95, 'beta2': 0.99, 'signal_len': 16, 'cheb_order': 2, 's': 8.642112953968466, 'batch_size': 64, 'k': 6}
Trial 225 finished with value 0.443812525 | dataset=ETTh1_192 | selection=last | epoch=150 | best_val_epoch=77 | test_MSE=0.449902576 | MAE=0.443812525 | RMSE=0.670747774 | params={'learning_rate': 0.043759139090390434, 'decay_rate': 0.0029348674832197857, 'hidden_size': 32, 'beta1': 0.95, 'beta2': 0.99, 'signal_len': 16, 'cheb_order': 2, 's': 8.340937184861598, 'batch_size': 64, 'k': 6}
Trial 226 finished with value 0.442912469 | dataset=ETTh1_192 | selection=last | epoch=150 | best_val_epoch=110 | test_MSE=0.448665690 | MAE=0.442912469 | RMSE=0.669825119 | params={'learning_rate': 0.042364023353035504, 'decay_rate': 0.001378231468069349, 'hidden_size': 32, 'beta1': 0.95, 'beta2': 0.99, 'signal_len': 16, 'cheb_order': 2, 's': 8.2217955160946, 'batch_size': 64, 'k': 6}
Trial 227 finished with value 0.462624638 | dataset=ETTh1_192 | selection=last | epoch=150 | best_val_epoch=58 | test_MSE=0.464855629 | MAE=0.462624638 | RMSE=0.681803218 | params={'learning_rate': 0.04260829215974002, 'decay_rate': 0.03177262247952711, 'hidden_size': 32, 'beta1': 0.95, 'beta2': 0.99, 'signal_len': 128, 'cheb_order': 2, 's': 7.894093928730474, 'batch_size': 64, 'k': 6}
Trial 228 finished with value 0.443647082 | dataset=ETTh1_192 | selection=last | epoch=150 | best_val_epoch=52 | test_MSE=0.450998580 | MAE=0.443647082 | RMSE=0.671564278 | params={'learning_rate': 0.041853801993315946, 'decay_rate': 0.0015664616130198774, 'hidden_size': 32, 'beta1': 0.95, 'beta2': 0.99, 'signal_len': 16, 'cheb_order': 2, 's': 8.114218575922655, 'batch_size': 64, 'k': 6}
Trial 229 finished with value 0.455578666 | dataset=ETTh1_192 | selection=last | epoch=150 | best_val_epoch=83 | test_MSE=0.456768841 | MAE=0.455578666 | RMSE=0.675846759 | params={'learning_rate': 0.04166180011611907, 'decay_rate': 0.018174864878913673, 'hidden_size': 32, 'beta1': 0.95, 'beta2': 0.99, 'signal_len': 16, 'cheb_order': 2, 's': 8.12182087107167, 'batch_size': 64, 'k': 4}
Trial 230 finished with value 0.443599681 | dataset=ETTh1_192 | selection=last | epoch=150 | best_val_epoch=77 | test_MSE=0.449751676 | MAE=0.443599681 | RMSE=0.670635278 | params={'learning_rate': 0.04058547667814818, 'decay_rate': 0.002993523434474103, 'hidden_size': 32, 'beta1': 0.95, 'beta2': 0.99, 'signal_len': 16, 'cheb_order': 2, 's': 8.29736353908112, 'batch_size': 64, 'k': 6}
Trial 231 finished with value 0.443286780 | dataset=ETTh1_192 | selection=last | epoch=150 | best_val_epoch=77 | test_MSE=0.449833922 | MAE=0.443286780 | RMSE=0.670696594 | params={'learning_rate': 0.04053894516964975, 'decay_rate': 0.0025380450766100604, 'hidden_size': 32, 'beta1': 0.95, 'beta2': 0.99, 'signal_len': 16, 'cheb_order': 2, 's': 8.176552073081279, 'batch_size': 64, 'k': 6}
Trial 232 finished with value 0.444683524 | dataset=ETTh1_192 | selection=last | epoch=150 | best_val_epoch=77 | test_MSE=0.450339309 | MAE=0.444683524 | RMSE=0.671073252 | params={'learning_rate': 0.04042538981035479, 'decay_rate': 0.0032813998415143954, 'hidden_size': 32, 'beta1': 0.95, 'beta2': 0.99, 'signal_len': 16, 'cheb_order': 2, 's': 8.450738280695768, 'batch_size': 64, 'k': 6}
Trial 233 finished with value 0.459640691 | dataset=ETTh1_192 | selection=last | epoch=150 | best_val_epoch=100 | test_MSE=0.464738470 | MAE=0.459640691 | RMSE=0.681717295 | params={'learning_rate': 0.04056747660951459, 'decay_rate': 0.002475645026015088, 'hidden_size': 32, 'beta1': 0.95, 'beta2': 0.99, 'signal_len': 16, 'cheb_order': 2, 's': 8.282268508628922, 'batch_size': 64, 'k': 6}
Trial 234 finished with value 0.470045669 | dataset=ETTh1_192 | selection=last | epoch=150 | best_val_epoch=58 | test_MSE=0.480947093 | MAE=0.470045669 | RMSE=0.693503492 | params={'learning_rate': 0.04151488365410257, 'decay_rate': 1.5510692249223268e-05, 'hidden_size': 32, 'beta1': 0.95, 'beta2': 0.99, 'signal_len': 16, 'cheb_order': 2, 's': 8.630455952681162, 'batch_size': 64, 'k': 6}
Trial 235 finished with value 0.449138818 | dataset=ETTh1_192 | selection=last | epoch=150 | best_val_epoch=128 | test_MSE=0.461123001 | MAE=0.449138818 | RMSE=0.679060381 | params={'learning_rate': 0.04402436217111146, 'decay_rate': 0.0012871879167156545, 'hidden_size': 32, 'beta1': 0.95, 'beta2': 0.99, 'signal_len': 16, 'cheb_order': 2, 's': 8.205760187494247, 'batch_size': 64, 'k': 6}
Trial 236 finished with value 0.443502258 | dataset=ETTh1_192 | selection=last | epoch=150 | best_val_epoch=83 | test_MSE=0.449828305 | MAE=0.443502258 | RMSE=0.670692407 | params={'learning_rate': 0.04269077355378977, 'decay_rate': 0.0026334353123756296, 'hidden_size': 32, 'beta1': 0.95, 'beta2': 0.99, 'signal_len': 16, 'cheb_order': 2, 's': 7.878146392036491, 'batch_size': 64, 'k': 6}
Trial 237 finished with value 0.443643293 | dataset=ETTh1_192 | selection=last | epoch=150 | best_val_epoch=77 | test_MSE=0.449930542 | MAE=0.443643293 | RMSE=0.670768620 | params={'learning_rate': 0.03996200985320312, 'decay_rate': 0.0027710900160779575, 'hidden_size': 32, 'beta1': 0.95, 'beta2': 0.99, 'signal_len': 16, 'cheb_order': 2, 's': 7.9669208178424515, 'batch_size': 64, 'k': 6}
Trial 238 finished with value 0.445376650 | dataset=ETTh1_192 | selection=last | epoch=150 | best_val_epoch=110 | test_MSE=0.448938582 | MAE=0.445376650 | RMSE=0.670028792 | params={'learning_rate': 0.04107592578225127, 'decay_rate': 0.004147640119920172, 'hidden_size': 32, 'beta1': 0.95, 'beta2': 0.99, 'signal_len': 16, 'cheb_order': 2, 's': 7.801892829142957, 'batch_size': 64, 'k': 6}
Trial 239 finished with value 0.455193131 | dataset=ETTh1_192 | selection=last | epoch=150 | best_val_epoch=69 | test_MSE=0.458391414 | MAE=0.455193131 | RMSE=0.677046094 | params={'learning_rate': 0.042040360774258045, 'decay_rate': 0.0024477999091983564, 'hidden_size': 32, 'beta1': 0.95, 'beta2': 0.99, 'signal_len': 16, 'cheb_order': 2, 's': 8.217861991041017, 'batch_size': 64, 'k': 6}
Trial 240 finished with value 0.444827444 | dataset=ETTh1_192 | selection=last | epoch=150 | best_val_epoch=98 | test_MSE=0.448828413 | MAE=0.444827444 | RMSE=0.669946575 | params={'learning_rate': 0.0392184726712364, 'decay_rate': 0.0037117412317905795, 'hidden_size': 32, 'beta1': 0.95, 'beta2': 0.99, 'signal_len': 16, 'cheb_order': 2, 's': 8.81687165060649, 'batch_size': 64, 'k': 6}
Trial 241 finished with value 0.442283640 | dataset=ETTh1_192 | selection=last | epoch=150 | best_val_epoch=76 | test_MSE=0.450241605 | MAE=0.442283640 | RMSE=0.671000451 | params={'learning_rate': 0.042946997980561494, 'decay_rate': 0.001193691566196224, 'hidden_size': 32, 'beta1': 0.95, 'beta2': 0.99, 'signal_len': 16, 'cheb_order': 2, 's': 7.51236755967421, 'batch_size': 64, 'k': 6}
Trial 242 finished with value 0.442596505 | dataset=ETTh1_192 | selection=last | epoch=150 | best_val_epoch=77 | test_MSE=0.449938008 | MAE=0.442596505 | RMSE=0.670774186 | params={'learning_rate': 0.042653626263023124, 'decay_rate': 0.001801521913737199, 'hidden_size': 32, 'beta1': 0.95, 'beta2': 0.99, 'signal_len': 16, 'cheb_order': 2, 's': 7.761137105486604, 'batch_size': 64, 'k': 6}
Trial 243 finished with value 0.443695544 | dataset=ETTh1_192 | selection=last | epoch=150 | best_val_epoch=52 | test_MSE=0.450770244 | MAE=0.443695544 | RMSE=0.671394254 | params={'learning_rate': 0.04287402937438081, 'decay_rate': 0.001973121601090542, 'hidden_size': 32, 'beta1': 0.95, 'beta2': 0.99, 'signal_len': 16, 'cheb_order': 2, 's': 7.737293282430748, 'batch_size': 64, 'k': 6}
Trial 244 finished with value 0.469345903 | dataset=ETTh1_192 | selection=last | epoch=150 | best_val_epoch=65 | test_MSE=0.474060244 | MAE=0.469345903 | RMSE=0.688520329 | params={'learning_rate': 0.045111019043035896, 'decay_rate': 0.04675400470994817, 'hidden_size': 32, 'beta1': 0.95, 'beta2': 0.99, 'signal_len': 16, 'cheb_order': 2, 's': 8.479358103184628, 'batch_size': 64, 'k': 6}
Trial 245 finished with value 0.450900834 | dataset=ETTh1_192 | selection=last | epoch=150 | best_val_epoch=146 | test_MSE=0.452608017 | MAE=0.450900834 | RMSE=0.672761486 | params={'learning_rate': 0.04396894318989667, 'decay_rate': 0.001994315484380313, 'hidden_size': 32, 'beta1': 0.95, 'beta2': 0.99, 'signal_len': 16, 'cheb_order': 2, 's': 7.927085416162874, 'batch_size': 64, 'k': 6}
Trial 246 finished with value 0.484748453 | dataset=ETTh1_192 | selection=last | epoch=150 | best_val_epoch=87 | test_MSE=0.490886007 | MAE=0.484748453 | RMSE=0.700632576 | params={'learning_rate': 0.04245132066174574, 'decay_rate': 0.0030645377515278738, 'hidden_size': 16, 'beta1': 0.95, 'beta2': 0.99, 'signal_len': 32, 'cheb_order': 2, 's': 7.61297095052355, 'batch_size': 64, 'k': 6}
Trial 247 finished with value 0.469659608 | dataset=ETTh1_192 | selection=last | epoch=150 | best_val_epoch=77 | test_MSE=0.479887598 | MAE=0.469659608 | RMSE=0.692739199 | params={'learning_rate': 0.04157886057906493, 'decay_rate': 0.0014977822995044508, 'hidden_size': 32, 'beta1': 0.95, 'beta2': 0.99, 'signal_len': 16, 'cheb_order': 2, 's': 8.338530220032299, 'batch_size': 64, 'k': 6}
Trial 248 finished with value 0.443365307 | dataset=ETTh1_192 | selection=last | epoch=150 | best_val_epoch=77 | test_MSE=0.449884290 | MAE=0.443365307 | RMSE=0.670734143 | params={'learning_rate': 0.042905164676597156, 'decay_rate': 0.0025007069772618132, 'hidden_size': 32, 'beta1': 0.95, 'beta2': 0.99, 'signal_len': 16, 'cheb_order': 2, 's': 8.069810768352902, 'batch_size': 64, 'k': 6}
Trial 249 finished with value 0.444468687 | dataset=ETTh1_192 | selection=last | epoch=150 | best_val_epoch=83 | test_MSE=0.450056196 | MAE=0.444468687 | RMSE=0.670862278 | params={'learning_rate': 0.043838579697440726, 'decay_rate': 0.003236374383320939, 'hidden_size': 32, 'beta1': 0.95, 'beta2': 0.95, 'signal_len': 16, 'cheb_order': 2, 's': 8.037312047162477, 'batch_size': 64, 'k': 6}
Trial 250 finished with value 0.455558402 | dataset=ETTh1_192 | selection=last | epoch=150 | best_val_epoch=55 | test_MSE=0.457632269 | MAE=0.455558402 | RMSE=0.676485232 | params={'learning_rate': 0.04293394019399118, 'decay_rate': 0.002392262576347904, 'hidden_size': 32, 'beta1': 0.95, 'beta2': 0.99, 'signal_len': 16, 'cheb_order': 2, 's': 7.805079416472726, 'batch_size': 64, 'k': 6}
Trial 251 finished with value 0.461232991 | dataset=ETTh1_192 | selection=last | epoch=150 | best_val_epoch=45 | test_MSE=0.464283892 | MAE=0.461232991 | RMSE=0.681383806 | params={'learning_rate': 0.042231264620884584, 'decay_rate': 0.0017993297197978649, 'hidden_size': 32, 'beta1': 0.95, 'beta2': 0.99, 'signal_len': 16, 'cheb_order': 2, 's': 8.243679931442134, 'batch_size': 64, 'k': 6}
Trial 252 finished with value 0.447938569 | dataset=ETTh1_192 | selection=last | epoch=150 | best_val_epoch=98 | test_MSE=0.445214070 | MAE=0.447938569 | RMSE=0.667243636 | params={'learning_rate': 0.04455700250008216, 'decay_rate': 0.004412508631612194, 'hidden_size': 32, 'beta1': 0.95, 'beta2': 0.99, 'signal_len': 16, 'cheb_order': 2, 's': 7.962659274575202, 'batch_size': 64, 'k': 2}
Trial 253 finished with value 0.454879431 | dataset=ETTh1_192 | selection=last | epoch=150 | best_val_epoch=30 | test_MSE=0.458345977 | MAE=0.454879431 | RMSE=0.677012538 | params={'learning_rate': 0.041144516965824655, 'decay_rate': 0.0028015405611420494, 'hidden_size': 32, 'beta1': 0.95, 'beta2': 0.99, 'signal_len': 16, 'cheb_order': 2, 's': 8.577111643357473, 'batch_size': 64, 'k': 6}
Trial 254 finished with value 0.458181757 | dataset=ETTh1_192 | selection=last | epoch=150 | best_val_epoch=68 | test_MSE=0.465555009 | MAE=0.458181757 | RMSE=0.682315916 | params={'learning_rate': 0.039844793876653836, 'decay_rate': 0.000834233993643449, 'hidden_size': 64, 'beta1': 0.9, 'beta2': 0.99, 'signal_len': 16, 'cheb_order': 2, 's': 7.63919040777954, 'batch_size': 64, 'k': 6}
Trial 255 finished with value 0.458737641 | dataset=ETTh1_192 | selection=last | epoch=150 | best_val_epoch=65 | test_MSE=0.466216959 | MAE=0.458737641 | RMSE=0.682800819 | params={'learning_rate': 0.04330083517989232, 'decay_rate': 3.1220955993475994e-05, 'hidden_size': 32, 'beta1': 0.95, 'beta2': 0.99, 'signal_len': 16, 'cheb_order': 2, 's': 8.148509042704625, 'batch_size': 64, 'k': 6}
Trial 256 finished with value 0.475949149 | dataset=ETTh1_192 | selection=last | epoch=150 | best_val_epoch=120 | test_MSE=0.493092879 | MAE=0.475949149 | RMSE=0.702205724 | params={'learning_rate': 0.04225189863849637, 'decay_rate': 0.0017660124895002237, 'hidden_size': 32, 'beta1': 0.95, 'beta2': 0.99, 'signal_len': 16, 'cheb_order': 2, 's': 8.344773520652932, 'batch_size': 64, 'k': 6}
Trial 257 finished with value 0.444189944 | dataset=ETTh1_192 | selection=last | epoch=150 | best_val_epoch=77 | test_MSE=0.449875375 | MAE=0.444189944 | RMSE=0.670727497 | params={'learning_rate': 0.040433737993776295, 'decay_rate': 0.003469154724939897, 'hidden_size': 32, 'beta1': 0.95, 'beta2': 0.99, 'signal_len': 16, 'cheb_order': 2, 's': 7.8243611293550535, 'batch_size': 64, 'k': 6}
Trial 258 finished with value 0.443933409 | dataset=ETTh1_192 | selection=last | epoch=150 | best_val_epoch=108 | test_MSE=0.448912804 | MAE=0.443933409 | RMSE=0.670009555 | params={'learning_rate': 0.04153830448134121, 'decay_rate': 0.0022567179311747724, 'hidden_size': 32, 'beta1': 0.95, 'beta2': 0.99, 'signal_len': 16, 'cheb_order': 2, 's': 8.015933861207895, 'batch_size': 64, 'k': 6}
Trial 259 finished with value 0.458183943 | dataset=ETTh1_192 | selection=last | epoch=150 | best_val_epoch=56 | test_MSE=0.464702795 | MAE=0.458183943 | RMSE=0.681691129 | params={'learning_rate': 0.03945985524386967, 'decay_rate': 0.0007898283359310818, 'hidden_size': 32, 'beta1': 0.95, 'beta2': 0.99, 'signal_len': 16, 'cheb_order': 2, 's': 7.5650772704030205, 'batch_size': 64, 'k': 6}
Trial 260 finished with value 0.628989379 | dataset=ETTh1_192 | selection=last | epoch=150 | best_val_epoch=15 | test_MSE=0.823596798 | MAE=0.628989379 | RMSE=0.907522340 | params={'learning_rate': 0.04382934460218811, 'decay_rate': 0.0015705577670206265, 'hidden_size': 32, 'beta1': 0.95, 'beta2': 0.99, 'signal_len': 128, 'cheb_order': 2, 's': 8.502229724333965, 'batch_size': 64, 'k': 6}
Trial 261 finished with value 0.448198208 | dataset=ETTh1_192 | selection=last | epoch=150 | best_val_epoch=146 | test_MSE=0.454738892 | MAE=0.448198208 | RMSE=0.674343304 | params={'learning_rate': 0.04273068627750007, 'decay_rate': 0.003522563675170529, 'hidden_size': 32, 'beta1': 0.95, 'beta2': 0.99, 'signal_len': 16, 'cheb_order': 2, 's': 8.771218142411012, 'batch_size': 64, 'k': 6}
Trial 262 finished with value 0.465348600 | dataset=ETTh1_192 | selection=last | epoch=150 | best_val_epoch=90 | test_MSE=0.466751327 | MAE=0.465348600 | RMSE=0.683192013 | params={'learning_rate': 0.04107572661402455, 'decay_rate': 1.787925381400307e-05, 'hidden_size': 32, 'beta1': 0.95, 'beta2': 0.99, 'signal_len': 16, 'cheb_order': 2, 's': 8.095800931568943, 'batch_size': 64, 'k': 6}
Trial 263 finished with value 0.462833876 | dataset=ETTh1_192 | selection=last | epoch=150 | best_val_epoch=8 | test_MSE=0.471592813 | MAE=0.462833876 | RMSE=0.686726156 | params={'learning_rate': 0.04547900466550699, 'decay_rate': 0.002552956105411007, 'hidden_size': 32, 'beta1': 0.95, 'beta2': 0.99, 'signal_len': 16, 'cheb_order': 2, 's': 7.814500269765912, 'batch_size': 256, 'k': 6}
Trial 264 finished with value 0.454956145 | dataset=ETTh1_192 | selection=last | epoch=150 | best_val_epoch=88 | test_MSE=0.457254868 | MAE=0.454956145 | RMSE=0.676206232 | params={'learning_rate': 0.04027038579221196, 'decay_rate': 0.001010037313302188, 'hidden_size': 32, 'beta1': 0.95, 'beta2': 0.99, 'signal_len': 16, 'cheb_order': 2, 's': 7.253007872221928, 'batch_size': 64, 'k': 6}
Trial 265 finished with value 0.456980978 | dataset=ETTh1_192 | selection=last | epoch=150 | best_val_epoch=42 | test_MSE=0.460195426 | MAE=0.456980978 | RMSE=0.678377053 | params={'learning_rate': 0.04252619474628898, 'decay_rate': 0.004889985486032338, 'hidden_size': 32, 'beta1': 0.95, 'beta2': 0.99, 'signal_len': 16, 'cheb_order': 2, 's': 8.353461885440536, 'batch_size': 128, 'k': 6}
Trial 266 finished with value 0.464664960 | dataset=ETTh1_192 | selection=last | epoch=150 | best_val_epoch=16 | test_MSE=0.465360966 | MAE=0.464664960 | RMSE=0.682173707 | params={'learning_rate': 0.04471118961560364, 'decay_rate': 0.0019299820098238204, 'hidden_size': 32, 'beta1': 0.95, 'beta2': 0.99, 'signal_len': 16, 'cheb_order': 2, 's': 7.596863489015714, 'batch_size': 512, 'k': 6}
Trial 267 finished with value 0.468834689 | dataset=ETTh1_192 | selection=last | epoch=150 | best_val_epoch=129 | test_MSE=0.470846485 | MAE=0.468834689 | RMSE=0.686182545 | params={'learning_rate': 0.03888883650451275, 'decay_rate': 0.03822980485209744, 'hidden_size': 16, 'beta1': 0.95, 'beta2': 0.99, 'signal_len': 16, 'cheb_order': 2, 's': 7.468467206237909, 'batch_size': 64, 'k': 6}
Trial 268 finished with value 0.462758100 | dataset=ETTh1_192 | selection=last | epoch=150 | best_val_epoch=53 | test_MSE=0.472242050 | MAE=0.462758100 | RMSE=0.687198697 | params={'learning_rate': 0.04160878775906825, 'decay_rate': 0.001082504720590913, 'hidden_size': 32, 'beta1': 0.95, 'beta2': 0.99, 'signal_len': 16, 'cheb_order': 2, 's': 7.990803956903591, 'batch_size': 64, 'k': 6}
Trial 269 finished with value 0.443765662 | dataset=ETTh1_192 | selection=last | epoch=150 | best_val_epoch=83 | test_MSE=0.449828889 | MAE=0.443765662 | RMSE=0.670692843 | params={'learning_rate': 0.04336890152755968, 'decay_rate': 0.002816412219188847, 'hidden_size': 32, 'beta1': 0.95, 'beta2': 0.95, 'signal_len': 16, 'cheb_order': 2, 's': 7.719253537612278, 'batch_size': 64, 'k': 6}
Trial 270 finished with value 0.477847534 | dataset=ETTh1_192 | selection=last | epoch=150 | best_val_epoch=93 | test_MSE=0.478920726 | MAE=0.477847534 | RMSE=0.692040986 | params={'learning_rate': 0.04011974815502572, 'decay_rate': 0.0038068486116080774, 'hidden_size': 32, 'beta1': 0.95, 'beta2': 0.99, 'signal_len': 32, 'cheb_order': 2, 's': 8.936129650126086, 'batch_size': 64, 'k': 6}
Trial 271 finished with value 0.464883084 | dataset=ETTh1_192 | selection=last | epoch=150 | best_val_epoch=53 | test_MSE=0.470995279 | MAE=0.464883084 | RMSE=0.686290958 | params={'learning_rate': 0.041652360321112, 'decay_rate': 0.0009942603794692978, 'hidden_size': 32, 'beta1': 0.95, 'beta2': 0.99, 'signal_len': 16, 'cheb_order': 2, 's': 8.179654731158656, 'batch_size': 64, 'k': 6}
Trial 272 finished with value 0.457279406 | dataset=ETTh1_192 | selection=last | epoch=150 | best_val_epoch=72 | test_MSE=0.458382543 | MAE=0.457279406 | RMSE=0.677039543 | params={'learning_rate': 0.04260318209961812, 'decay_rate': 0.02143469597655718, 'hidden_size': 32, 'beta1': 0.95, 'beta2': 0.99, 'signal_len': 16, 'cheb_order': 2, 's': 7.235672728823483, 'batch_size': 64, 'k': 6}
Trial 273 finished with value 0.443232906 | dataset=ETTh1_192 | selection=last | epoch=150 | best_val_epoch=77 | test_MSE=0.450144508 | MAE=0.443232906 | RMSE=0.670928095 | params={'learning_rate': 0.04411191022460405, 'decay_rate': 0.0020430907368587845, 'hidden_size': 32, 'beta1': 0.95, 'beta2': 0.99, 'signal_len': 16, 'cheb_order': 2, 's': 8.53524937699167, 'batch_size': 64, 'k': 6}
Trial 274 finished with value 0.452255191 | dataset=ETTh1_192 | selection=last | epoch=150 | best_val_epoch=65 | test_MSE=0.457787915 | MAE=0.452255191 | RMSE=0.676600262 | params={'learning_rate': 0.044282921601671354, 'decay_rate': 0.0018285861889169894, 'hidden_size': 32, 'beta1': 0.9, 'beta2': 0.99, 'signal_len': 16, 'cheb_order': 2, 's': 8.640399746603615, 'batch_size': 64, 'k': 4}
Trial 275 finished with value 0.474132609 | dataset=ETTh1_192 | selection=last | epoch=150 | best_val_epoch=49 | test_MSE=0.477612031 | MAE=0.474132609 | RMSE=0.691094806 | params={'learning_rate': 0.043693126676178994, 'decay_rate': 0.0006745967810005591, 'hidden_size': 32, 'beta1': 0.95, 'beta2': 0.99, 'signal_len': 16, 'cheb_order': 2, 's': 8.529300579096912, 'batch_size': 64, 'k': 6}
Trial 276 finished with value 0.443527850 | dataset=ETTh1_192 | selection=last | epoch=150 | best_val_epoch=108 | test_MSE=0.448786451 | MAE=0.443527850 | RMSE=0.669915257 | params={'learning_rate': 0.043251091950700954, 'decay_rate': 0.0019298344261946994, 'hidden_size': 32, 'beta1': 0.95, 'beta2': 0.99, 'signal_len': 16, 'cheb_order': 2, 's': 7.50283228329401, 'batch_size': 64, 'k': 6}
Trial 277 finished with value 0.460693326 | dataset=ETTh1_192 | selection=last | epoch=150 | best_val_epoch=19 | test_MSE=0.468748503 | MAE=0.460693326 | RMSE=0.684652103 | params={'learning_rate': 0.045169573009858785, 'decay_rate': 0.0006473401797321948, 'hidden_size': 32, 'beta1': 0.95, 'beta2': 0.99, 'signal_len': 16, 'cheb_order': 2, 's': 7.155954218710559, 'batch_size': 64, 'k': 6}
Trial 278 finished with value 0.469553232 | dataset=ETTh1_192 | selection=last | epoch=150 | best_val_epoch=109 | test_MSE=0.476542373 | MAE=0.469553232 | RMSE=0.690320486 | params={'learning_rate': 0.042094508877310366, 'decay_rate': 0.002497241023401427, 'hidden_size': 64, 'beta1': 0.95, 'beta2': 0.99, 'signal_len': 16, 'cheb_order': 2, 's': 7.840434827830962, 'batch_size': 512, 'k': 6}
