Trial 55 finished with value 0.443352436 | dataset=ETTh1_96 | selection=last | epoch=150 | best_val_epoch=28 | test_MSE=0.439140600 | MAE=0.443352436 | RMSE=0.662676844 | params={'learning_rate': 0.0495096477432009, 'decay_rate': 0.0008799833257461718, 'hidden_size': 16, 'beta1': 0.95, 'beta2': 0.95, 'signal_len': 16, 'cheb_order': 2, 's': 8.796315585119979, 'batch_size': 64, 'k': 4}
Trial 56 finished with value 0.457104583 | dataset=ETTh1_96 | selection=last | epoch=150 | best_val_epoch=46 | test_MSE=0.450947293 | MAE=0.457104583 | RMSE=0.671526093 | params={'learning_rate': 0.03093055478292801, 'decay_rate': 1.5458171938665657e-05, 'hidden_size': 16, 'beta1': 0.95, 'beta2': 0.95, 'signal_len': 16, 'cheb_order': 2, 's': 8.415321608428275, 'batch_size': 64, 'k': 4}
Trial 57 finished with value 0.475984099 | dataset=ETTh1_96 | selection=last | epoch=150 | best_val_epoch=34 | test_MSE=0.474619205 | MAE=0.475984099 | RMSE=0.688926124 | params={'learning_rate': 0.03896790409823094, 'decay_rate': 0.016453756168895838, 'hidden_size': 16, 'beta1': 0.95, 'beta2': 0.999, 'signal_len': 128, 'cheb_order': 2, 's': 7.731452424229014, 'batch_size': 32, 'k': 4}
Trial 58 finished with value 0.434512252 | dataset=ETTh1_96 | selection=last | epoch=150 | best_val_epoch=129 | test_MSE=0.433439918 | MAE=0.434512252 | RMSE=0.658361540 | params={'learning_rate': 0.04538880703103179, 'decay_rate': 0.0070712632724237645, 'hidden_size': 16, 'beta1': 0.95, 'beta2': 0.95, 'signal_len': 16, 'cheb_order': 2, 's': 9.589343326189866, 'batch_size': 64, 'k': 6}
Trial 59 finished with value 0.432346148 | dataset=ETTh1_96 | selection=last | epoch=150 | best_val_epoch=72 | test_MSE=0.429774238 | MAE=0.432346148 | RMSE=0.655571688 | params={'learning_rate': 0.04207312928425458, 'decay_rate': 0.00215291325243315, 'hidden_size': 32, 'beta1': 0.99, 'beta2': 0.95, 'signal_len': 16, 'cheb_order': 2, 's': 7.220753546492336, 'batch_size': 64, 'k': 4}
Trial 60 finished with value 0.425548226 | dataset=ETTh1_96 | selection=last | epoch=150 | best_val_epoch=108 | test_MSE=0.424096148 | MAE=0.425548226 | RMSE=0.651226649 | params={'learning_rate': 0.04805528165183883, 'decay_rate': 0.01046528201330988, 'hidden_size': 16, 'beta1': 0.95, 'beta2': 0.95, 'signal_len': 16, 'cheb_order': 2, 's': 8.315127766805155, 'batch_size': 128, 'k': 4}
Trial 61 finished with value 0.465576175 | dataset=ETTh1_96 | selection=last | epoch=150 | best_val_epoch=71 | test_MSE=0.481439950 | MAE=0.465576175 | RMSE=0.693858739 | params={'learning_rate': 0.04267011022731776, 'decay_rate': 0.00823367821281206, 'hidden_size': 16, 'beta1': 0.95, 'beta2': 0.95, 'signal_len': 64, 'cheb_order': 2, 's': 6.220858301834021, 'batch_size': 64, 'k': 6}
Trial 62 finished with value 0.421116582 | dataset=ETTh1_96 | selection=last | epoch=150 | best_val_epoch=114 | test_MSE=0.419382164 | MAE=0.421116582 | RMSE=0.647597223 | params={'learning_rate': 0.04585393870749005, 'decay_rate': 0.0022966621123908107, 'hidden_size': 16, 'beta1': 0.95, 'beta2': 0.95, 'signal_len': 16, 'cheb_order': 2, 's': 9.980386612985047, 'batch_size': 64, 'k': 4}
Trial 63 finished with value 0.421528453 | dataset=ETTh1_96 | selection=last | epoch=150 | best_val_epoch=114 | test_MSE=0.419837178 | MAE=0.421528453 | RMSE=0.647948438 | params={'learning_rate': 0.0483798324314571, 'decay_rate': 0.002604867809189398, 'hidden_size': 16, 'beta1': 0.95, 'beta2': 0.95, 'signal_len': 16, 'cheb_order': 2, 's': 4.740518818526259, 'batch_size': 64, 'k': 4}
Trial 64 finished with value 0.431727304 | dataset=ETTh1_96 | selection=last | epoch=150 | best_val_epoch=129 | test_MSE=0.430892832 | MAE=0.431727304 | RMSE=0.656424278 | params={'learning_rate': 0.045518477503510305, 'decay_rate': 0.005505214459819675, 'hidden_size': 16, 'beta1': 0.95, 'beta2': 0.95, 'signal_len': 16, 'cheb_order': 2, 's': 4.186926211696876, 'batch_size': 64, 'k': 4}
Trial 65 finished with value 0.436265758 | dataset=ETTh1_96 | selection=last | epoch=150 | best_val_epoch=72 | test_MSE=0.430535417 | MAE=0.436265758 | RMSE=0.656151977 | params={'learning_rate': 0.037875105630537816, 'decay_rate': 0.002797230944351006, 'hidden_size': 32, 'beta1': 0.95, 'beta2': 0.999, 'signal_len': 16, 'cheb_order': 2, 's': 2.978511343167692, 'batch_size': 64, 'k': 4}
Trial 66 finished with value 0.442526291 | dataset=ETTh1_96 | selection=last | epoch=150 | best_val_epoch=18 | test_MSE=0.436801200 | MAE=0.442526291 | RMSE=0.660909374 | params={'learning_rate': 0.04057922080996197, 'decay_rate': 1.2010670932996459e-05, 'hidden_size': 16, 'beta1': 0.95, 'beta2': 0.95, 'signal_len': 16, 'cheb_order': 2, 's': 3.7178783839891767, 'batch_size': 64, 'k': 4}
Trial 67 finished with value 0.433023680 | dataset=ETTh1_96 | selection=last | epoch=150 | best_val_epoch=15 | test_MSE=0.431269508 | MAE=0.433023680 | RMSE=0.656711130 | params={'learning_rate': 0.006017414593140976, 'decay_rate': 0.005619516388883297, 'hidden_size': 16, 'beta1': 0.95, 'beta2': 0.95, 'signal_len': 16, 'cheb_order': 2, 's': 6.668326037185873, 'batch_size': 64, 'k': 4}
Trial 68 finished with value 0.538572170 | dataset=ETTh1_96 | selection=last | epoch=150 | best_val_epoch=41 | test_MSE=0.642371716 | MAE=0.538572170 | RMSE=0.801480952 | params={'learning_rate': 0.049899742705529625, 'decay_rate': 0.00891417984795888, 'hidden_size': 16, 'beta1': 0.95, 'beta2': 0.95, 'signal_len': 128, 'cheb_order': 2, 's': 6.1260367217985054, 'batch_size': 32, 'k': 4}
Trial 69 finished with value 0.434575847 | dataset=ETTh1_96 | selection=last | epoch=150 | best_val_epoch=64 | test_MSE=0.429690433 | MAE=0.434575847 | RMSE=0.655507767 | params={'learning_rate': 0.04268762081284824, 'decay_rate': 0.0029632059544898565, 'hidden_size': 16, 'beta1': 0.99, 'beta2': 0.95, 'signal_len': 16, 'cheb_order': 2, 's': 5.209161296932983, 'batch_size': 64, 'k': 4}
Trial 70 finished with value 0.432467246 | dataset=ETTh1_96 | selection=last | epoch=150 | best_val_epoch=112 | test_MSE=0.433024279 | MAE=0.432467246 | RMSE=0.658045803 | params={'learning_rate': 0.047342228050463724, 'decay_rate': 0.02217959125801791, 'hidden_size': 32, 'beta1': 0.95, 'beta2': 0.95, 'signal_len': 16, 'cheb_order': 2, 's': 4.717386293538416, 'batch_size': 64, 'k': 4}
Trial 71 finished with value 0.439025851 | dataset=ETTh1_96 | selection=last | epoch=150 | best_val_epoch=120 | test_MSE=0.440376820 | MAE=0.439025851 | RMSE=0.663608936 | params={'learning_rate': 0.04459594289702537, 'decay_rate': 0.013499992867624003, 'hidden_size': 16, 'beta1': 0.95, 'beta2': 0.999, 'signal_len': 16, 'cheb_order': 2, 's': 7.974491736112174, 'batch_size': 64, 'k': 4}
Trial 72 finished with value 0.426613555 | dataset=ETTh1_96 | selection=last | epoch=150 | best_val_epoch=129 | test_MSE=0.425092962 | MAE=0.426613555 | RMSE=0.651991536 | params={'learning_rate': 0.04376923860140536, 'decay_rate': 0.0044487371029624054, 'hidden_size': 16, 'beta1': 0.95, 'beta2': 0.99, 'signal_len': 16, 'cheb_order': 3, 's': 3.2348391451735505, 'batch_size': 64, 'k': 4}
Trial 73 finished with value 0.430101133 | dataset=ETTh1_96 | selection=last | epoch=150 | best_val_epoch=127 | test_MSE=0.431417940 | MAE=0.430101133 | RMSE=0.656824132 | params={'learning_rate': 0.046253766832291016, 'decay_rate': 0.0016856792552479329, 'hidden_size': 16, 'beta1': 0.95, 'beta2': 0.95, 'signal_len': 16, 'cheb_order': 3, 's': 8.838476365243677, 'batch_size': 64, 'k': 4}
Trial 74 finished with value 0.427747452 | dataset=ETTh1_96 | selection=last | epoch=150 | best_val_epoch=76 | test_MSE=0.426316409 | MAE=0.427747452 | RMSE=0.652929100 | params={'learning_rate': 0.039024833455767606, 'decay_rate': 0.005512424548718966, 'hidden_size': 16, 'beta1': 0.95, 'beta2': 0.95, 'signal_len': 16, 'cheb_order': 3, 's': 7.249092444097351, 'batch_size': 512, 'k': 4}
Trial 75 finished with value 0.418082480 | dataset=ETTh1_96 | selection=last | epoch=150 | best_val_epoch=54 | test_MSE=0.416466807 | MAE=0.418082480 | RMSE=0.645342396 | params={'learning_rate': 0.0432885324428342, 'decay_rate': 0.003580182844361973, 'hidden_size': 16, 'beta1': 0.95, 'beta2': 0.99, 'signal_len': 16, 'cheb_order': 2, 's': 3.7553440917325003, 'batch_size': 64, 'k': 4}
Trial 76 finished with value 0.422279647 | dataset=ETTh1_96 | selection=last | epoch=150 | best_val_epoch=128 | test_MSE=0.428434415 | MAE=0.422279647 | RMSE=0.654549016 | params={'learning_rate': 0.04835430863735451, 'decay_rate': 0.001330847841172436, 'hidden_size': 32, 'beta1': 0.95, 'beta2': 0.95, 'signal_len': 16, 'cheb_order': 3, 's': 4.519837676665601, 'batch_size': 64, 'k': 4}
Trial 77 finished with value 0.418103621 | dataset=ETTh1_96 | selection=last | epoch=150 | best_val_epoch=55 | test_MSE=0.416355262 | MAE=0.418103621 | RMSE=0.645255966 | params={'learning_rate': 0.04133994802099216, 'decay_rate': 0.003162139531359662, 'hidden_size': 64, 'beta1': 0.95, 'beta2': 0.95, 'signal_len': 16, 'cheb_order': 2, 's': 5.6011167086757006, 'batch_size': 64, 'k': 4}
Trial 78 finished with value 0.429898883 | dataset=ETTh1_96 | selection=last | epoch=150 | best_val_epoch=120 | test_MSE=0.429545523 | MAE=0.429898883 | RMSE=0.655397226 | params={'learning_rate': 0.036685084662568285, 'decay_rate': 0.006366938033938254, 'hidden_size': 16, 'beta1': 0.95, 'beta2': 0.99, 'signal_len': 16, 'cheb_order': 2, 's': 2.9545625970297023, 'batch_size': 64, 'k': 4}
Trial 79 finished with value 0.422048693 | dataset=ETTh1_96 | selection=last | epoch=150 | best_val_epoch=108 | test_MSE=0.419796015 | MAE=0.422048693 | RMSE=0.647916673 | params={'learning_rate': 0.044626896352435205, 'decay_rate': 0.008008856109658373, 'hidden_size': 64, 'beta1': 0.95, 'beta2': 0.95, 'signal_len': 16, 'cheb_order': 2, 's': 6.554633271513474, 'batch_size': 128, 'k': 4}
Trial 80 finished with value 0.442663941 | dataset=ETTh1_96 | selection=last | epoch=150 | best_val_epoch=100 | test_MSE=0.448560341 | MAE=0.442663941 | RMSE=0.669746475 | params={'learning_rate': 0.018659730409392436, 'decay_rate': 0.04630780864099884, 'hidden_size': 16, 'beta1': 0.95, 'beta2': 0.95, 'signal_len': 64, 'cheb_order': 3, 's': 1.4569532875969573, 'batch_size': 64, 'k': 4}
Trial 81 finished with value 0.432575272 | dataset=ETTh1_96 | selection=last | epoch=150 | best_val_epoch=25 | test_MSE=0.428594778 | MAE=0.432575272 | RMSE=0.654671504 | params={'learning_rate': 0.013249089141521403, 'decay_rate': 0.0044038482924975905, 'hidden_size': 16, 'beta1': 0.95, 'beta2': 0.999, 'signal_len': 16, 'cheb_order': 2, 's': 4.259918445602984, 'batch_size': 64, 'k': 4}
RUN study=ETTh1_96_ufgtime_plus_ett_main_config_mean_v1_mean_last | storage=sqlite:////home/xy/Research/UFGTime/UFGTime+/sqlite/ETTh1_96_ufgtime_plus_ett_main_config_mean_v1_mean_last.sqlite3 | trials_this_run=500 | log=/home/xy/Research/UFGTime/UFGTime+/logs/ETTh1_96_ufgtime_plus_ett_main_config_mean_v1_mean_last/20260917_045130_4058.log
Trial 83 finished with value 0.438599302 | dataset=ETTh1_96 | selection=last | epoch=150 | best_val_epoch=57 | test_MSE=0.434665882 | MAE=0.438599302 | RMSE=0.659291955 | params={'learning_rate': 0.046700321945589984, 'decay_rate': 0.000979628797443081, 'hidden_size': 64, 'beta1': 0.95, 'beta2': 0.95, 'signal_len': 16, 'cheb_order': 2, 's': 2.6407589823798263, 'batch_size': 64, 'k': 4}
Trial 84 finished with value 0.421005819 | dataset=ETTh1_96 | selection=last | epoch=150 | best_val_epoch=120 | test_MSE=0.417234898 | MAE=0.421005819 | RMSE=0.645937225 | params={'learning_rate': 0.03971359919334638, 'decay_rate': 0.0033990804091812, 'hidden_size': 64, 'beta1': 0.95, 'beta2': 0.95, 'signal_len': 16, 'cheb_order': 2, 's': 3.596520193961936, 'batch_size': 64, 'k': 4}
RUN study=ETTh1_96_ufgtime_plus_ett_main_config_mean_v1_mean_last | storage=sqlite:////home/xy/Research/UFGTime/UFGTime+/sqlite/ETTh1_96_ufgtime_plus_ett_main_config_mean_v1_mean_last.sqlite3 | trials_this_run=500 | log=/home/xy/Research/UFGTime/UFGTime+/logs/ETTh1_96_ufgtime_plus_ett_main_config_mean_v1_mean_last/20260917_061811_34137.log
Trial 86 finished with value 0.419149789 | dataset=ETTh1_96 | selection=last | epoch=150 | best_val_epoch=67 | test_MSE=0.417242472 | MAE=0.419149789 | RMSE=0.645943087 | params={'learning_rate': 0.0438686697666652, 'decay_rate': 0.004856820599111666, 'hidden_size': 64, 'beta1': 0.95, 'beta2': 0.95, 'signal_len': 16, 'cheb_order': 2, 's': 6.00501936705965, 'batch_size': 64, 'k': 4}
Trial 87 finished with value 0.434420857 | dataset=ETTh1_96 | selection=last | epoch=150 | best_val_epoch=99 | test_MSE=0.429155721 | MAE=0.434420857 | RMSE=0.655099780 | params={'learning_rate': 0.04872084873784511, 'decay_rate': 0.001365182768488158, 'hidden_size': 64, 'beta1': 0.95, 'beta2': 0.95, 'signal_len': 16, 'cheb_order': 2, 's': 3.974567995181393, 'batch_size': 64, 'k': 4}
Trial 88 finished with value 0.517848810 | dataset=ETTh1_96 | selection=last | epoch=150 | best_val_epoch=12 | test_MSE=0.632645991 | MAE=0.517848810 | RMSE=0.795390465 | params={'learning_rate': 0.03396279343098408, 'decay_rate': 0.0031861092317319057, 'hidden_size': 64, 'beta1': 0.95, 'beta2': 0.95, 'signal_len': 128, 'cheb_order': 2, 's': 2.268308921086839, 'batch_size': 512, 'k': 4}
Trial 89 finished with value 0.424645138 | dataset=ETTh1_96 | selection=last | epoch=150 | best_val_epoch=126 | test_MSE=0.423445301 | MAE=0.424645138 | RMSE=0.650726748 | params={'learning_rate': 0.04176282631408403, 'decay_rate': 0.006544029263789937, 'hidden_size': 64, 'beta1': 0.99, 'beta2': 0.95, 'signal_len': 16, 'cheb_order': 2, 's': 2.14063733821691, 'batch_size': 64, 'k': 4}
Trial 90 finished with value 0.434896747 | dataset=ETTh1_96 | selection=last | epoch=150 | best_val_epoch=66 | test_MSE=0.436840302 | MAE=0.434896747 | RMSE=0.660938955 | params={'learning_rate': 0.049989061109489814, 'decay_rate': 0.02877131182921807, 'hidden_size': 16, 'beta1': 0.95, 'beta2': 0.99, 'signal_len': 16, 'cheb_order': 2, 's': 4.9267617191200435, 'batch_size': 32, 'k': 4}
Trial 91 finished with value 0.447676565 | dataset=ETTh1_96 | selection=last | epoch=150 | best_val_epoch=46 | test_MSE=0.442026142 | MAE=0.447676565 | RMSE=0.664850466 | params={'learning_rate': 0.04512655421961176, 'decay_rate': 0.0001382962617073203, 'hidden_size': 64, 'beta1': 0.95, 'beta2': 0.95, 'signal_len': 16, 'cheb_order': 2, 's': 1.4482452664946674, 'batch_size': 64, 'k': 4}
Trial 92 finished with value 0.459080842 | dataset=ETTh1_96 | selection=last | epoch=150 | best_val_epoch=54 | test_MSE=0.462926806 | MAE=0.459080842 | RMSE=0.680387247 | params={'learning_rate': 0.047349347813337245, 'decay_rate': 0.00197842956201973, 'hidden_size': 16, 'beta1': 0.95, 'beta2': 0.95, 'signal_len': 32, 'cheb_order': 3, 's': 8.128148321999946, 'batch_size': 64, 'k': 4}
Trial 93 finished with value 0.421949474 | dataset=ETTh1_96 | selection=last | epoch=150 | best_val_epoch=114 | test_MSE=0.419981444 | MAE=0.421949474 | RMSE=0.648059754 | params={'learning_rate': 0.03552162593044357, 'decay_rate': 0.004504516550925533, 'hidden_size': 16, 'beta1': 0.9, 'beta2': 0.95, 'signal_len': 16, 'cheb_order': 2, 's': 7.548640284761207, 'batch_size': 64, 'k': 4}
Trial 94 finished with value 0.417961472 | dataset=ETTh1_96 | selection=last | epoch=150 | best_val_epoch=52 | test_MSE=0.416331528 | MAE=0.417961472 | RMSE=0.645237575 | params={'learning_rate': 0.04314740351544951, 'decay_rate': 0.0036259396496625875, 'hidden_size': 16, 'beta1': 0.95, 'beta2': 0.99, 'signal_len': 16, 'cheb_order': 2, 's': 3.9155604654844915, 'batch_size': 64, 'k': 4}
Trial 95 finished with value 0.416876973 | dataset=ETTh1_96 | selection=last | epoch=150 | best_val_epoch=54 | test_MSE=0.415420386 | MAE=0.416876973 | RMSE=0.644531137 | params={'learning_rate': 0.04287686520832292, 'decay_rate': 0.0022423951060980183, 'hidden_size': 16, 'beta1': 0.95, 'beta2': 0.99, 'signal_len': 16, 'cheb_order': 2, 's': 3.3747296665238933, 'batch_size': 64, 'k': 4}
Trial 96 finished with value 0.417505408 | dataset=ETTh1_96 | selection=last | epoch=150 | best_val_epoch=58 | test_MSE=0.415934090 | MAE=0.417505408 | RMSE=0.644929524 | params={'learning_rate': 0.0378934862871096, 'decay_rate': 0.0026061070727446947, 'hidden_size': 16, 'beta1': 0.95, 'beta2': 0.99, 'signal_len': 16, 'cheb_order': 2, 's': 3.3352569037859015, 'batch_size': 64, 'k': 4}
Trial 97 finished with value 0.428202220 | dataset=ETTh1_96 | selection=last | epoch=150 | best_val_epoch=137 | test_MSE=0.432896365 | MAE=0.428202220 | RMSE=0.657948604 | params={'learning_rate': 0.032246923938030095, 'decay_rate': 0.000925529733986303, 'hidden_size': 16, 'beta1': 0.95, 'beta2': 0.99, 'signal_len': 16, 'cheb_order': 2, 's': 3.44744970919098, 'batch_size': 64, 'k': 4}
Trial 98 finished with value 0.423992913 | dataset=ETTh1_96 | selection=last | epoch=150 | best_val_epoch=137 | test_MSE=0.423733774 | MAE=0.423992913 | RMSE=0.650948365 | params={'learning_rate': 0.0365438991830419, 'decay_rate': 0.0023748654438851486, 'hidden_size': 16, 'beta1': 0.95, 'beta2': 0.99, 'signal_len': 16, 'cheb_order': 2, 's': 2.749591395828292, 'batch_size': 64, 'k': 4}
Trial 99 finished with value 0.426934391 | dataset=ETTh1_96 | selection=last | epoch=150 | best_val_epoch=93 | test_MSE=0.421792602 | MAE=0.426934391 | RMSE=0.649455619 | params={'learning_rate': 0.03913770746010982, 'decay_rate': 0.005922603505851073, 'hidden_size': 16, 'beta1': 0.95, 'beta2': 0.99, 'signal_len': 16, 'cheb_order': 2, 's': 4.444158950546645, 'batch_size': 128, 'k': 4}
Trial 100 finished with value 0.462363857 | dataset=ETTh1_96 | selection=last | epoch=150 | best_val_epoch=33 | test_MSE=0.473104093 | MAE=0.462363857 | RMSE=0.687825627 | params={'learning_rate': 0.02698458082970541, 'decay_rate': 0.005070260180916861, 'hidden_size': 16, 'beta1': 0.95, 'beta2': 0.99, 'signal_len': 64, 'cheb_order': 2, 's': 3.007005387085417, 'batch_size': 64, 'k': 4}
Trial 101 finished with value 0.437918772 | dataset=ETTh1_96 | selection=last | epoch=150 | best_val_epoch=48 | test_MSE=0.435706378 | MAE=0.437918772 | RMSE=0.660080585 | params={'learning_rate': 0.037637665681740734, 'decay_rate': 0.0023135924677371482, 'hidden_size': 16, 'beta1': 0.95, 'beta2': 0.99, 'signal_len': 16, 'cheb_order': 2, 's': 3.1301313025478548, 'batch_size': 256, 'k': 4}
Trial 102 finished with value 0.421535050 | dataset=ETTh1_96 | selection=last | epoch=150 | best_val_epoch=52 | test_MSE=0.419815127 | MAE=0.421535050 | RMSE=0.647931421 | params={'learning_rate': 0.04071247502804821, 'decay_rate': 0.00746200568954445, 'hidden_size': 16, 'beta1': 0.95, 'beta2': 0.99, 'signal_len': 16, 'cheb_order': 2, 's': 5.4806541083626295, 'batch_size': 64, 'k': 4}
Trial 103 finished with value 0.525959758 | dataset=ETTh1_96 | selection=last | epoch=150 | best_val_epoch=55 | test_MSE=0.591915669 | MAE=0.525959758 | RMSE=0.769360558 | params={'learning_rate': 0.045934350319170925, 'decay_rate': 0.009486435774465578, 'hidden_size': 16, 'beta1': 0.95, 'beta2': 0.99, 'signal_len': 128, 'cheb_order': 3, 's': 8.648751404005278, 'batch_size': 64, 'k': 4}
Trial 104 finished with value 0.418275095 | dataset=ETTh1_96 | selection=last | epoch=150 | best_val_epoch=77 | test_MSE=0.416654529 | MAE=0.418275095 | RMSE=0.645487822 | params={'learning_rate': 0.04314338420246171, 'decay_rate': 0.0037548232692676256, 'hidden_size': 16, 'beta1': 0.95, 'beta2': 0.99, 'signal_len': 16, 'cheb_order': 2, 's': 3.812604950099344, 'batch_size': 64, 'k': 4}
Trial 105 finished with value 0.425884226 | dataset=ETTh1_96 | selection=last | epoch=150 | best_val_epoch=120 | test_MSE=0.429060848 | MAE=0.425884226 | RMSE=0.655027364 | params={'learning_rate': 0.038444813352774235, 'decay_rate': 0.0009054849886299939, 'hidden_size': 16, 'beta1': 0.95, 'beta2': 0.99, 'signal_len': 16, 'cheb_order': 2, 's': 4.038855271131154, 'batch_size': 64, 'k': 4}
Trial 106 finished with value 0.445136997 | dataset=ETTh1_96 | selection=last | epoch=150 | best_val_epoch=71 | test_MSE=0.446571397 | MAE=0.445136997 | RMSE=0.668259977 | params={'learning_rate': 0.04198261480421722, 'decay_rate': 5.7846875633820946e-05, 'hidden_size': 16, 'beta1': 0.95, 'beta2': 0.99, 'signal_len': 16, 'cheb_order': 2, 's': 4.275583920546624, 'batch_size': 64, 'k': 4}
Trial 107 finished with value 0.417714955 | dataset=ETTh1_96 | selection=last | epoch=150 | best_val_epoch=52 | test_MSE=0.416131505 | MAE=0.417714955 | RMSE=0.645082557 | params={'learning_rate': 0.048007574982279484, 'decay_rate': 0.003019760177596304, 'hidden_size': 16, 'beta1': 0.95, 'beta2': 0.99, 'signal_len': 16, 'cheb_order': 2, 's': 3.294403999503799, 'batch_size': 64, 'k': 4}
Trial 108 finished with value 0.434423532 | dataset=ETTh1_96 | selection=last | epoch=150 | best_val_epoch=39 | test_MSE=0.430802973 | MAE=0.434423532 | RMSE=0.656355828 | params={'learning_rate': 0.04745211769775054, 'decay_rate': 0.0021453423304874154, 'hidden_size': 16, 'beta1': 0.99, 'beta2': 0.99, 'signal_len': 16, 'cheb_order': 2, 's': 3.5982454027368735, 'batch_size': 64, 'k': 4}
Trial 109 finished with value 0.417930140 | dataset=ETTh1_96 | selection=last | epoch=150 | best_val_epoch=91 | test_MSE=0.415375937 | MAE=0.417930140 | RMSE=0.644496654 | params={'learning_rate': 0.048981549783536596, 'decay_rate': 0.0025768984899368986, 'hidden_size': 32, 'beta1': 0.95, 'beta2': 0.99, 'signal_len': 16, 'cheb_order': 2, 's': 3.3403916232388133, 'batch_size': 64, 'k': 4}
Trial 110 finished with value 0.436861716 | dataset=ETTh1_96 | selection=last | epoch=150 | best_val_epoch=120 | test_MSE=0.438850766 | MAE=0.436861716 | RMSE=0.662458124 | params={'learning_rate': 0.04648547367886158, 'decay_rate': 0.004995150760252967, 'hidden_size': 16, 'beta1': 0.95, 'beta2': 0.999, 'signal_len': 16, 'cheb_order': 2, 's': 6.878525890456958, 'batch_size': 32, 'k': 4}
