RUN study=ETTh1_336_ufgtime_plus_ett_main_config_mean_v1_mean_last | storage=sqlite:////home/xy/Research/UFGTime/UFGTime+/sqlite/ETTh1_336_ufgtime_plus_ett_main_config_mean_v1_mean_last.sqlite3 | trials_this_run=500 | log=/home/xy/Research/UFGTime/UFGTime+/logs/ETTh1_336_ufgtime_plus_ett_main_config_mean_v1_mean_last/20260915_074504_1419337.log
Trial 0 finished with value 0.507503169 | dataset=ETTh1_336 | selection=last | epoch=150 | best_val_epoch=68 | test_MSE=0.519772642 | MAE=0.507503169 | RMSE=0.720952593 | params={'learning_rate': 0.027445187061326964, 'decay_rate': 0.03576231642495725, 'hidden_size': 16, 'beta1': 0.99, 'beta2': 0.95, 'signal_len': 64, 'cheb_order': 2, 's': 8.510316625376648, 'batch_size': 128, 'k': 6}
Trial 1 finished with value 0.577490702 | dataset=ETTh1_336 | selection=last | epoch=150 | best_val_epoch=48 | test_MSE=0.591444236 | MAE=0.577490702 | RMSE=0.769054118 | params={'learning_rate': 0.005922538549187971, 'decay_rate': 0.031999651856162915, 'hidden_size': 32, 'beta1': 0.99, 'beta2': 0.99, 'signal_len': 128, 'cheb_order': 2, 's': 4.989584388814139, 'batch_size': 32, 'k': 2}
Trial 2 finished with value 0.624389732 | dataset=ETTh1_336 | selection=last | epoch=150 | best_val_epoch=30 | test_MSE=0.723804096 | MAE=0.624389732 | RMSE=0.850766769 | params={'learning_rate': 0.01577826326269995, 'decay_rate': 0.018191901439421704, 'hidden_size': 64, 'beta1': 0.95, 'beta2': 0.95, 'signal_len': 128, 'cheb_order': 3, 's': 4.381654018882581, 'batch_size': 512, 'k': 4}
Trial 3 finished with value 0.486086950 | dataset=ETTh1_336 | selection=last | epoch=150 | best_val_epoch=120 | test_MSE=0.489268024 | MAE=0.486086950 | RMSE=0.699476965 | params={'learning_rate': 0.04883828679863496, 'decay_rate': 0.03024622753205485, 'hidden_size': 16, 'beta1': 0.95, 'beta2': 0.99, 'signal_len': 16, 'cheb_order': 3, 's': 9.370736158428306, 'batch_size': 256, 'k': 2}
Trial 4 finished with value 0.580622519 | dataset=ETTh1_336 | selection=last | epoch=150 | best_val_epoch=44 | test_MSE=0.614183442 | MAE=0.580622519 | RMSE=0.783698566 | params={'learning_rate': 0.029329781611156056, 'decay_rate': 0.0010151762339128028, 'hidden_size': 16, 'beta1': 0.99, 'beta2': 0.999, 'signal_len': 64, 'cheb_order': 2, 's': 3.74718886261069, 'batch_size': 512, 'k': 6}
Trial 5 finished with value 0.480406466 | dataset=ETTh1_336 | selection=last | epoch=150 | best_val_epoch=94 | test_MSE=0.481556828 | MAE=0.480406466 | RMSE=0.693942957 | params={'learning_rate': 0.036265461448183836, 'decay_rate': 0.025071205852515845, 'hidden_size': 16, 'beta1': 0.9, 'beta2': 0.95, 'signal_len': 128, 'cheb_order': 2, 's': 6.913487296728489, 'batch_size': 128, 'k': 6}
Trial 6 finished with value 0.484071892 | dataset=ETTh1_336 | selection=last | epoch=150 | best_val_epoch=82 | test_MSE=0.486764898 | MAE=0.484071892 | RMSE=0.697685386 | params={'learning_rate': 0.04031163751241383, 'decay_rate': 0.03519739029118291, 'hidden_size': 32, 'beta1': 0.9, 'beta2': 0.99, 'signal_len': 16, 'cheb_order': 3, 's': 5.136529875834814, 'batch_size': 128, 'k': 4}
Trial 7 finished with value 0.532936342 | dataset=ETTh1_336 | selection=last | epoch=150 | best_val_epoch=66 | test_MSE=0.534460670 | MAE=0.532936342 | RMSE=0.731068171 | params={'learning_rate': 0.036502228215578664, 'decay_rate': 0.008589767566299412, 'hidden_size': 16, 'beta1': 0.95, 'beta2': 0.99, 'signal_len': 64, 'cheb_order': 3, 's': 6.564297008096474, 'batch_size': 128, 'k': 2}
Trial 8 finished with value 0.515881643 | dataset=ETTh1_336 | selection=last | epoch=150 | best_val_epoch=19 | test_MSE=0.518363300 | MAE=0.515881643 | RMSE=0.719974514 | params={'learning_rate': 0.009317788363958005, 'decay_rate': 0.04721917577529684, 'hidden_size': 16, 'beta1': 0.99, 'beta2': 0.99, 'signal_len': 128, 'cheb_order': 3, 's': 9.080374508059045, 'batch_size': 32, 'k': 6}
Trial 9 finished with value 0.491317946 | dataset=ETTh1_336 | selection=last | epoch=150 | best_val_epoch=28 | test_MSE=0.485869646 | MAE=0.491317946 | RMSE=0.697043503 | params={'learning_rate': 0.016007657369615166, 'decay_rate': 0.01917936006965318, 'hidden_size': 32, 'beta1': 0.9, 'beta2': 0.99, 'signal_len': 32, 'cheb_order': 3, 's': 1.328398190685331, 'batch_size': 256, 'k': 4}
Trial 10 finished with value 0.490613535 | dataset=ETTh1_336 | selection=last | epoch=150 | best_val_epoch=64 | test_MSE=0.496513031 | MAE=0.490613535 | RMSE=0.704636808 | params={'learning_rate': 0.047567903043685376, 'decay_rate': 0.047676375135133765, 'hidden_size': 64, 'beta1': 0.9, 'beta2': 0.95, 'signal_len': 32, 'cheb_order': 2, 's': 7.26587594064285, 'batch_size': 64, 'k': 6}
Trial 11 finished with value 0.492202789 | dataset=ETTh1_336 | selection=last | epoch=150 | best_val_epoch=60 | test_MSE=0.498867630 | MAE=0.492202789 | RMSE=0.706305621 | params={'learning_rate': 0.03794315013456961, 'decay_rate': 0.03909328258737703, 'hidden_size': 32, 'beta1': 0.9, 'beta2': 0.999, 'signal_len': 16, 'cheb_order': 2, 's': 6.2696334582544635, 'batch_size': 128, 'k': 4}
Trial 12 finished with value 0.477954333 | dataset=ETTh1_336 | selection=last | epoch=150 | best_val_epoch=89 | test_MSE=0.478550112 | MAE=0.477954333 | RMSE=0.691773165 | params={'learning_rate': 0.038971984814691836, 'decay_rate': 0.023820900199092672, 'hidden_size': 32, 'beta1': 0.9, 'beta2': 0.95, 'signal_len': 16, 'cheb_order': 3, 's': 2.975749673236617, 'batch_size': 128, 'k': 4}
Trial 13 finished with value 0.476685861 | dataset=ETTh1_336 | selection=last | epoch=150 | best_val_epoch=88 | test_MSE=0.477006331 | MAE=0.476685861 | RMSE=0.690656449 | params={'learning_rate': 0.03306098218238344, 'decay_rate': 0.021565680292177484, 'hidden_size': 32, 'beta1': 0.9, 'beta2': 0.95, 'signal_len': 128, 'cheb_order': 2, 's': 2.520025703846003, 'batch_size': 128, 'k': 4}
Trial 14 finished with value 0.486123894 | dataset=ETTh1_336 | selection=last | epoch=150 | best_val_epoch=60 | test_MSE=0.485232245 | MAE=0.486123894 | RMSE=0.696586136 | params={'learning_rate': 0.02124567765985253, 'decay_rate': 0.015490666885866271, 'hidden_size': 32, 'beta1': 0.9, 'beta2': 0.95, 'signal_len': 16, 'cheb_order': 2, 's': 2.4020492418242143, 'batch_size': 64, 'k': 4}
Trial 15 finished with value 0.620664768 | dataset=ETTh1_336 | selection=last | epoch=150 | best_val_epoch=48 | test_MSE=0.688539187 | MAE=0.620664768 | RMSE=0.829782614 | params={'learning_rate': 0.030678300328842462, 'decay_rate': 0.025020470810628036, 'hidden_size': 32, 'beta1': 0.9, 'beta2': 0.95, 'signal_len': 128, 'cheb_order': 3, 's': 3.0154248679139126, 'batch_size': 128, 'k': 4}
Trial 16 finished with value 0.472002642 | dataset=ETTh1_336 | selection=last | epoch=150 | best_val_epoch=117 | test_MSE=0.471945857 | MAE=0.472002642 | RMSE=0.686983156 | params={'learning_rate': 0.042504449948587576, 'decay_rate': 0.012296000475999042, 'hidden_size': 32, 'beta1': 0.9, 'beta2': 0.95, 'signal_len': 16, 'cheb_order': 2, 's': 1.1313315952306877, 'batch_size': 128, 'k': 2}
Trial 17 finished with value 0.494603260 | dataset=ETTh1_336 | selection=last | epoch=150 | best_val_epoch=150 | test_MSE=0.490235881 | MAE=0.494603260 | RMSE=0.700168466 | params={'learning_rate': 0.04531136479845436, 'decay_rate': 0.009586434734447142, 'hidden_size': 32, 'beta1': 0.9, 'beta2': 0.95, 'signal_len': 32, 'cheb_order': 2, 's': 1.1146805291549766, 'batch_size': 128, 'k': 2}
Trial 18 finished with value 0.470382338 | dataset=ETTh1_336 | selection=last | epoch=150 | best_val_epoch=60 | test_MSE=0.469700493 | MAE=0.470382338 | RMSE=0.685346987 | params={'learning_rate': 0.02263426546461684, 'decay_rate': 0.010466505768078657, 'hidden_size': 64, 'beta1': 0.9, 'beta2': 0.999, 'signal_len': 16, 'cheb_order': 2, 's': 2.0092268472656025, 'batch_size': 32, 'k': 2}
Trial 19 finished with value 0.485569291 | dataset=ETTh1_336 | selection=last | epoch=150 | best_val_epoch=60 | test_MSE=0.498660479 | MAE=0.485569291 | RMSE=0.706158961 | params={'learning_rate': 0.022970264401262038, 'decay_rate': 0.00019782035930826156, 'hidden_size': 64, 'beta1': 0.95, 'beta2': 0.999, 'signal_len': 16, 'cheb_order': 2, 's': 1.9035656674299704, 'batch_size': 32, 'k': 2}
Trial 20 finished with value 0.494196558 | dataset=ETTh1_336 | selection=last | epoch=150 | best_val_epoch=41 | test_MSE=0.505583526 | MAE=0.494196558 | RMSE=0.711043969 | params={'learning_rate': 0.0016201381485527397, 'decay_rate': 0.011418732316666966, 'hidden_size': 64, 'beta1': 0.9, 'beta2': 0.999, 'signal_len': 16, 'cheb_order': 2, 's': 3.8524883483693584, 'batch_size': 32, 'k': 2}
Trial 21 finished with value 0.468701741 | dataset=ETTh1_336 | selection=last | epoch=150 | best_val_epoch=96 | test_MSE=0.468911871 | MAE=0.468701741 | RMSE=0.684771401 | params={'learning_rate': 0.03136163168931489, 'decay_rate': 0.00601514983457109, 'hidden_size': 64, 'beta1': 0.9, 'beta2': 0.999, 'signal_len': 16, 'cheb_order': 2, 's': 2.088816412445741, 'batch_size': 32, 'k': 2}
Trial 22 finished with value 0.470957723 | dataset=ETTh1_336 | selection=last | epoch=150 | best_val_epoch=145 | test_MSE=0.469139917 | MAE=0.470957723 | RMSE=0.684937893 | params={'learning_rate': 0.043397848271987026, 'decay_rate': 0.007057663152554607, 'hidden_size': 64, 'beta1': 0.9, 'beta2': 0.999, 'signal_len': 16, 'cheb_order': 2, 's': 1.928266883045009, 'batch_size': 32, 'k': 2}
Trial 23 finished with value 0.475485050 | dataset=ETTh1_336 | selection=last | epoch=150 | best_val_epoch=109 | test_MSE=0.476809140 | MAE=0.475485050 | RMSE=0.690513678 | params={'learning_rate': 0.020570061713024494, 'decay_rate': 0.0046199547823041354, 'hidden_size': 64, 'beta1': 0.9, 'beta2': 0.999, 'signal_len': 16, 'cheb_order': 2, 's': 1.9099220027064805, 'batch_size': 32, 'k': 2}
Trial 24 finished with value 0.466273190 | dataset=ETTh1_336 | selection=last | epoch=150 | best_val_epoch=85 | test_MSE=0.465460853 | MAE=0.466273190 | RMSE=0.682246915 | params={'learning_rate': 0.017044359200792496, 'decay_rate': 0.006023631357205076, 'hidden_size': 64, 'beta1': 0.9, 'beta2': 0.999, 'signal_len': 16, 'cheb_order': 2, 's': 3.5507420768498115, 'batch_size': 32, 'k': 2}
Trial 25 finished with value 0.484173048 | dataset=ETTh1_336 | selection=last | epoch=150 | best_val_epoch=96 | test_MSE=0.484234336 | MAE=0.484173048 | RMSE=0.695869482 | params={'learning_rate': 0.015143632118247898, 'decay_rate': 0.0033326546688411535, 'hidden_size': 64, 'beta1': 0.9, 'beta2': 0.999, 'signal_len': 16, 'cheb_order': 2, 's': 3.546569899363363, 'batch_size': 32, 'k': 2}
Trial 26 finished with value 0.488835103 | dataset=ETTh1_336 | selection=last | epoch=150 | best_val_epoch=83 | test_MSE=0.493174088 | MAE=0.488835103 | RMSE=0.702263546 | params={'learning_rate': 0.025643865227581414, 'decay_rate': 0.014292097093253537, 'hidden_size': 64, 'beta1': 0.9, 'beta2': 0.999, 'signal_len': 16, 'cheb_order': 2, 's': 4.528750012914918, 'batch_size': 32, 'k': 2}
RUN study=ETTh1_336_ufgtime_plus_ett_main_config_mean_v1_mean_last | storage=sqlite:////home/xy/Research/UFGTime/UFGTime+/sqlite/ETTh1_336_ufgtime_plus_ett_main_config_mean_v1_mean_last.sqlite3 | trials_this_run=500 | log=/home/xy/Research/UFGTime/UFGTime+/logs/ETTh1_336_ufgtime_plus_ett_main_config_mean_v1_mean_last/20260916_065654_18921.log
Trial 28 finished with value 0.469834881 | dataset=ETTh1_336 | selection=last | epoch=150 | best_val_epoch=73 | test_MSE=0.469541755 | MAE=0.469834881 | RMSE=0.685231169 | params={'learning_rate': 0.019209368331655742, 'decay_rate': 0.006141164001689557, 'hidden_size': 64, 'beta1': 0.9, 'beta2': 0.999, 'signal_len': 16, 'cheb_order': 2, 's': 2.6355910312987842, 'batch_size': 32, 'k': 2}
Trial 29 finished with value 0.464493659 | dataset=ETTh1_336 | selection=last | epoch=150 | best_val_epoch=74 | test_MSE=0.463437178 | MAE=0.464493659 | RMSE=0.680762204 | params={'learning_rate': 0.010651571685990336, 'decay_rate': 0.005217957276681361, 'hidden_size': 64, 'beta1': 0.99, 'beta2': 0.999, 'signal_len': 16, 'cheb_order': 2, 's': 3.194892106221995, 'batch_size': 32, 'k': 2}
Trial 30 finished with value 0.600053878 | dataset=ETTh1_336 | selection=last | epoch=150 | best_val_epoch=15 | test_MSE=0.671069361 | MAE=0.600053878 | RMSE=0.819188233 | params={'learning_rate': 0.01025316356263159, 'decay_rate': 0.004249878801026402, 'hidden_size': 64, 'beta1': 0.99, 'beta2': 0.999, 'signal_len': 64, 'cheb_order': 2, 's': 5.826146164944376, 'batch_size': 256, 'k': 2}
Trial 31 finished with value 0.503138095 | dataset=ETTh1_336 | selection=last | epoch=150 | best_val_epoch=116 | test_MSE=0.495430300 | MAE=0.503138095 | RMSE=0.703868099 | params={'learning_rate': 0.011224466062922156, 'decay_rate': 0.016191157729844953, 'hidden_size': 64, 'beta1': 0.99, 'beta2': 0.999, 'signal_len': 32, 'cheb_order': 2, 's': 3.1905726174743445, 'batch_size': 64, 'k': 2}
Trial 32 finished with value 0.466652116 | dataset=ETTh1_336 | selection=last | epoch=150 | best_val_epoch=81 | test_MSE=0.465678281 | MAE=0.466652116 | RMSE=0.682406243 | params={'learning_rate': 0.017752220579387884, 'decay_rate': 0.007158078816778386, 'hidden_size': 64, 'beta1': 0.99, 'beta2': 0.999, 'signal_len': 16, 'cheb_order': 2, 's': 4.079936729559165, 'batch_size': 32, 'k': 2}
Trial 33 finished with value 0.504624825 | dataset=ETTh1_336 | selection=last | epoch=150 | best_val_epoch=39 | test_MSE=0.525734278 | MAE=0.504624825 | RMSE=0.725075360 | params={'learning_rate': 0.003294940566942038, 'decay_rate': 0.0019115075103809205, 'hidden_size': 64, 'beta1': 0.99, 'beta2': 0.999, 'signal_len': 16, 'cheb_order': 2, 's': 4.387014070860359, 'batch_size': 32, 'k': 2}
Trial 34 finished with value 0.493508280 | dataset=ETTh1_336 | selection=last | epoch=150 | best_val_epoch=93 | test_MSE=0.495405227 | MAE=0.493508280 | RMSE=0.703850288 | params={'learning_rate': 0.007021587672498844, 'decay_rate': 0.00710620633156726, 'hidden_size': 64, 'beta1': 0.99, 'beta2': 0.999, 'signal_len': 16, 'cheb_order': 2, 's': 3.972420677586612, 'batch_size': 32, 'k': 2}
Trial 35 finished with value 0.500560036 | dataset=ETTh1_336 | selection=last | epoch=150 | best_val_epoch=74 | test_MSE=0.501927432 | MAE=0.500560036 | RMSE=0.708468370 | params={'learning_rate': 0.013492675945387052, 'decay_rate': 0.012868424796305244, 'hidden_size': 64, 'beta1': 0.99, 'beta2': 0.999, 'signal_len': 16, 'cheb_order': 2, 's': 4.939264215477406, 'batch_size': 512, 'k': 2}
Trial 36 finished with value 0.583257962 | dataset=ETTh1_336 | selection=last | epoch=150 | best_val_epoch=55 | test_MSE=0.681531595 | MAE=0.583257962 | RMSE=0.825549269 | params={'learning_rate': 0.017558790310398996, 'decay_rate': 0.004880742737804927, 'hidden_size': 64, 'beta1': 0.99, 'beta2': 0.999, 'signal_len': 64, 'cheb_order': 2, 's': 3.331562358616272, 'batch_size': 32, 'k': 2}
Trial 37 finished with value 0.493818846 | dataset=ETTh1_336 | selection=last | epoch=150 | best_val_epoch=11 | test_MSE=0.507449686 | MAE=0.493818846 | RMSE=0.712355028 | params={'learning_rate': 0.026970306618784412, 'decay_rate': 0.00010226189483641436, 'hidden_size': 64, 'beta1': 0.99, 'beta2': 0.999, 'signal_len': 16, 'cheb_order': 2, 's': 5.34647754216905, 'batch_size': 32, 'k': 2}
Trial 38 finished with value 0.498062980 | dataset=ETTh1_336 | selection=last | epoch=150 | best_val_epoch=30 | test_MSE=0.499707630 | MAE=0.498062980 | RMSE=0.706900014 | params={'learning_rate': 0.01338230477617246, 'decay_rate': 0.01851998916517716, 'hidden_size': 64, 'beta1': 0.95, 'beta2': 0.999, 'signal_len': 16, 'cheb_order': 2, 's': 4.051589037062789, 'batch_size': 512, 'k': 2}
Trial 39 finished with value 0.499487762 | dataset=ETTh1_336 | selection=last | epoch=150 | best_val_epoch=97 | test_MSE=0.481755098 | MAE=0.499487762 | RMSE=0.694085800 | params={'learning_rate': 0.0304549144370089, 'decay_rate': 0.02995347252631296, 'hidden_size': 64, 'beta1': 0.99, 'beta2': 0.999, 'signal_len': 64, 'cheb_order': 2, 's': 4.732306555545868, 'batch_size': 32, 'k': 2}
Trial 40 finished with value 0.492548680 | dataset=ETTh1_336 | selection=last | epoch=150 | best_val_epoch=80 | test_MSE=0.502758709 | MAE=0.492548680 | RMSE=0.709054800 | params={'learning_rate': 0.0054879375243742975, 'decay_rate': 0.008398558227624333, 'hidden_size': 16, 'beta1': 0.99, 'beta2': 0.999, 'signal_len': 16, 'cheb_order': 2, 's': 2.7485243577490617, 'batch_size': 256, 'k': 4}
Trial 41 finished with value 0.465188034 | dataset=ETTh1_336 | selection=last | epoch=150 | best_val_epoch=70 | test_MSE=0.464962080 | MAE=0.465188034 | RMSE=0.681881280 | params={'learning_rate': 0.024320300021827796, 'decay_rate': 0.003242827625030578, 'hidden_size': 64, 'beta1': 0.95, 'beta2': 0.99, 'signal_len': 16, 'cheb_order': 3, 's': 5.796745732915648, 'batch_size': 32, 'k': 2}
Trial 42 finished with value 0.463450279 | dataset=ETTh1_336 | selection=last | epoch=150 | best_val_epoch=68 | test_MSE=0.463274714 | MAE=0.463450279 | RMSE=0.680642868 | params={'learning_rate': 0.0246357142400259, 'decay_rate': 0.0025166346971620523, 'hidden_size': 64, 'beta1': 0.95, 'beta2': 0.99, 'signal_len': 16, 'cheb_order': 3, 's': 7.768082676795721, 'batch_size': 32, 'k': 2}
Trial 43 finished with value 0.463131053 | dataset=ETTh1_336 | selection=last | epoch=150 | best_val_epoch=73 | test_MSE=0.462649418 | MAE=0.463131053 | RMSE=0.680183371 | params={'learning_rate': 0.024602273792917795, 'decay_rate': 0.002737968849102744, 'hidden_size': 64, 'beta1': 0.95, 'beta2': 0.99, 'signal_len': 16, 'cheb_order': 3, 's': 7.693431426383174, 'batch_size': 32, 'k': 2}
Trial 44 finished with value 0.491796274 | dataset=ETTh1_336 | selection=last | epoch=150 | best_val_epoch=107 | test_MSE=0.500167324 | MAE=0.491796274 | RMSE=0.707225087 | params={'learning_rate': 0.02374968382570387, 'decay_rate': 0.0025984471788742516, 'hidden_size': 64, 'beta1': 0.95, 'beta2': 0.99, 'signal_len': 16, 'cheb_order': 3, 's': 7.620449079030621, 'batch_size': 32, 'k': 2}
Trial 45 finished with value 0.686567871 | dataset=ETTh1_336 | selection=last | epoch=150 | best_val_epoch=39 | test_MSE=0.850365985 | MAE=0.686567871 | RMSE=0.922152908 | params={'learning_rate': 0.026237623860140488, 'decay_rate': 0.0024063531924633495, 'hidden_size': 16, 'beta1': 0.95, 'beta2': 0.99, 'signal_len': 128, 'cheb_order': 3, 's': 8.495296986305021, 'batch_size': 32, 'k': 2}
Trial 46 finished with value 0.488064606 | dataset=ETTh1_336 | selection=last | epoch=150 | best_val_epoch=68 | test_MSE=0.492453374 | MAE=0.488064606 | RMSE=0.701750222 | params={'learning_rate': 0.028061981547469427, 'decay_rate': 0.0417563333337649, 'hidden_size': 64, 'beta1': 0.95, 'beta2': 0.99, 'signal_len': 32, 'cheb_order': 3, 's': 9.983818786622077, 'batch_size': 512, 'k': 4}
Trial 47 finished with value 0.490771614 | dataset=ETTh1_336 | selection=last | epoch=150 | best_val_epoch=70 | test_MSE=0.498465235 | MAE=0.490771614 | RMSE=0.706020704 | params={'learning_rate': 0.012821706951776117, 'decay_rate': 8.049809119613574e-05, 'hidden_size': 64, 'beta1': 0.95, 'beta2': 0.99, 'signal_len': 16, 'cheb_order': 3, 's': 8.046534635344145, 'batch_size': 32, 'k': 2}
Trial 48 finished with value 0.493056710 | dataset=ETTh1_336 | selection=last | epoch=150 | best_val_epoch=91 | test_MSE=0.500799205 | MAE=0.493056710 | RMSE=0.707671679 | params={'learning_rate': 0.03392439475839036, 'decay_rate': 0.0034305459451180976, 'hidden_size': 16, 'beta1': 0.95, 'beta2': 0.99, 'signal_len': 16, 'cheb_order': 3, 's': 6.798873179144395, 'batch_size': 256, 'k': 4}
Trial 49 finished with value 0.587615110 | dataset=ETTh1_336 | selection=last | epoch=150 | best_val_epoch=25 | test_MSE=0.635723021 | MAE=0.587615110 | RMSE=0.797322407 | params={'learning_rate': 0.02032471097067426, 'decay_rate': 0.027956785171565846, 'hidden_size': 64, 'beta1': 0.95, 'beta2': 0.99, 'signal_len': 128, 'cheb_order': 3, 's': 6.190446437185314, 'batch_size': 64, 'k': 2}
Trial 50 finished with value 0.527867728 | dataset=ETTh1_336 | selection=last | epoch=150 | best_val_epoch=50 | test_MSE=0.536579694 | MAE=0.527867728 | RMSE=0.732516002 | params={'learning_rate': 0.008371966448615029, 'decay_rate': 0.009638660354813557, 'hidden_size': 64, 'beta1': 0.95, 'beta2': 0.99, 'signal_len': 64, 'cheb_order': 3, 's': 7.44865792017084, 'batch_size': 32, 'k': 2}
Trial 51 finished with value 0.469894152 | dataset=ETTh1_336 | selection=last | epoch=150 | best_val_epoch=114 | test_MSE=0.469325255 | MAE=0.469894152 | RMSE=0.685073175 | params={'learning_rate': 0.024579266045333135, 'decay_rate': 0.008418370682681583, 'hidden_size': 64, 'beta1': 0.95, 'beta2': 0.99, 'signal_len': 16, 'cheb_order': 3, 's': 9.015012663206189, 'batch_size': 32, 'k': 4}
Trial 52 finished with value 0.466084610 | dataset=ETTh1_336 | selection=last | epoch=150 | best_val_epoch=121 | test_MSE=0.461936232 | MAE=0.466084610 | RMSE=0.679658909 | params={'learning_rate': 0.017678687934979887, 'decay_rate': 0.005898881164690624, 'hidden_size': 64, 'beta1': 0.95, 'beta2': 0.99, 'signal_len': 16, 'cheb_order': 3, 's': 7.930661621716746, 'batch_size': 32, 'k': 2}
RUN study=ETTh1_336_ufgtime_plus_ett_main_config_mean_v1_mean_last | storage=sqlite:////home/xy/Research/UFGTime/UFGTime+/sqlite/ETTh1_336_ufgtime_plus_ett_main_config_mean_v1_mean_last.sqlite3 | trials_this_run=500 | log=/home/xy/Research/UFGTime/UFGTime+/logs/ETTh1_336_ufgtime_plus_ett_main_config_mean_v1_mean_last/20260917_045155_4550.log
