Trial 167 finished with value 0.464852529 | dataset=ETTh1_192 | selection=last | epoch=150 | best_val_epoch=8 | test_MSE=0.477158610 | MAE=0.464852529 | RMSE=0.690766683 | params={'learning_rate': 0.03446476728646836, 'decay_rate': 0.0007791972982814752, 'hidden_size': 32, 'beta1': 0.95, 'beta2': 0.99, 'signal_len': 16, 'cheb_order': 2, 's': 7.270602875115807, 'batch_size': 64, 'k': 6}
Trial 168 finished with value 0.443688645 | dataset=ETTh1_192 | selection=last | epoch=150 | best_val_epoch=49 | test_MSE=0.451288746 | MAE=0.443688645 | RMSE=0.671780281 | params={'learning_rate': 0.03828981664191713, 'decay_rate': 0.0011413013370267433, 'hidden_size': 32, 'beta1': 0.95, 'beta2': 0.99, 'signal_len': 16, 'cheb_order': 2, 's': 6.8989648831736075, 'batch_size': 32, 'k': 6}
Trial 169 finished with value 0.477117084 | dataset=ETTh1_192 | selection=last | epoch=150 | best_val_epoch=25 | test_MSE=0.480813189 | MAE=0.477117084 | RMSE=0.693406943 | params={'learning_rate': 0.03639745359649337, 'decay_rate': 0.0012361670015652725, 'hidden_size': 32, 'beta1': 0.95, 'beta2': 0.99, 'signal_len': 16, 'cheb_order': 2, 's': 6.9733864857618855, 'batch_size': 512, 'k': 6}
Trial 170 finished with value 0.474249733 | dataset=ETTh1_192 | selection=last | epoch=150 | best_val_epoch=98 | test_MSE=0.477336831 | MAE=0.474249733 | RMSE=0.690895673 | params={'learning_rate': 0.036802423245890184, 'decay_rate': 2.3669276225176013e-05, 'hidden_size': 32, 'beta1': 0.95, 'beta2': 0.99, 'signal_len': 16, 'cheb_order': 2, 's': 6.806881738804905, 'batch_size': 128, 'k': 6}
Trial 171 finished with value 0.445390308 | dataset=ETTh1_192 | selection=last | epoch=150 | best_val_epoch=128 | test_MSE=0.448521140 | MAE=0.445390308 | RMSE=0.669717209 | params={'learning_rate': 0.03867360788612053, 'decay_rate': 0.0022518520029107033, 'hidden_size': 32, 'beta1': 0.95, 'beta2': 0.99, 'signal_len': 16, 'cheb_order': 2, 's': 6.539744876951692, 'batch_size': 32, 'k': 6}
Trial 172 finished with value 0.459137635 | dataset=ETTh1_192 | selection=last | epoch=150 | best_val_epoch=47 | test_MSE=0.464673606 | MAE=0.459137635 | RMSE=0.681669719 | params={'learning_rate': 0.03927775158433691, 'decay_rate': 0.0009914988322101434, 'hidden_size': 32, 'beta1': 0.95, 'beta2': 0.99, 'signal_len': 16, 'cheb_order': 2, 's': 7.355497495474089, 'batch_size': 32, 'k': 6}
Trial 173 finished with value 0.443996546 | dataset=ETTh1_192 | selection=last | epoch=150 | best_val_epoch=49 | test_MSE=0.450866994 | MAE=0.443996546 | RMSE=0.671466301 | params={'learning_rate': 0.041004798078440416, 'decay_rate': 0.0019821074795745948, 'hidden_size': 32, 'beta1': 0.95, 'beta2': 0.99, 'signal_len': 16, 'cheb_order': 2, 's': 7.089975100190487, 'batch_size': 32, 'k': 6}
Trial 174 finished with value 0.446059282 | dataset=ETTh1_192 | selection=last | epoch=150 | best_val_epoch=150 | test_MSE=0.450012471 | MAE=0.446059282 | RMSE=0.670829688 | params={'learning_rate': 0.035070511417983834, 'decay_rate': 0.0018164584788512485, 'hidden_size': 32, 'beta1': 0.95, 'beta2': 0.99, 'signal_len': 16, 'cheb_order': 2, 's': 7.074843388164947, 'batch_size': 32, 'k': 6}
Trial 175 finished with value 0.637882809 | dataset=ETTh1_192 | selection=last | epoch=150 | best_val_epoch=24 | test_MSE=0.829673821 | MAE=0.637882809 | RMSE=0.910864327 | params={'learning_rate': 0.04074235914373235, 'decay_rate': 0.0011576082143998484, 'hidden_size': 32, 'beta1': 0.95, 'beta2': 0.95, 'signal_len': 128, 'cheb_order': 2, 's': 7.60956344079217, 'batch_size': 32, 'k': 6}
Trial 176 finished with value 0.443277249 | dataset=ETTh1_192 | selection=last | epoch=150 | best_val_epoch=127 | test_MSE=0.449208411 | MAE=0.443277249 | RMSE=0.670230118 | params={'learning_rate': 0.041648620042695705, 'decay_rate': 0.0019834516245170125, 'hidden_size': 32, 'beta1': 0.95, 'beta2': 0.99, 'signal_len': 16, 'cheb_order': 2, 's': 6.830344262080004, 'batch_size': 32, 'k': 6}
Trial 177 finished with value 0.452989356 | dataset=ETTh1_192 | selection=last | epoch=150 | best_val_epoch=101 | test_MSE=0.465056552 | MAE=0.452989356 | RMSE=0.681950550 | params={'learning_rate': 0.04117217718009164, 'decay_rate': 2.9276294260954967e-05, 'hidden_size': 32, 'beta1': 0.95, 'beta2': 0.99, 'signal_len': 16, 'cheb_order': 2, 's': 6.949149813745097, 'batch_size': 32, 'k': 6}
Trial 178 finished with value 0.459923618 | dataset=ETTh1_192 | selection=last | epoch=150 | best_val_epoch=98 | test_MSE=0.460799424 | MAE=0.459923618 | RMSE=0.678822085 | params={'learning_rate': 0.04180158228214364, 'decay_rate': 0.02447273003171234, 'hidden_size': 32, 'beta1': 0.95, 'beta2': 0.99, 'signal_len': 16, 'cheb_order': 2, 's': 7.208470582074593, 'batch_size': 32, 'k': 6}
Trial 179 finished with value 0.490093608 | dataset=ETTh1_192 | selection=last | epoch=150 | best_val_epoch=82 | test_MSE=0.499820658 | MAE=0.490093608 | RMSE=0.706979956 | params={'learning_rate': 0.04340402068201345, 'decay_rate': 0.0019921989959631996, 'hidden_size': 64, 'beta1': 0.95, 'beta2': 0.99, 'signal_len': 64, 'cheb_order': 2, 's': 7.8077395060797485, 'batch_size': 32, 'k': 6}
Trial 180 finished with value 0.443711620 | dataset=ETTh1_192 | selection=last | epoch=150 | best_val_epoch=72 | test_MSE=0.450234622 | MAE=0.443711620 | RMSE=0.670995247 | params={'learning_rate': 0.038610303388019684, 'decay_rate': 0.0019514380557049925, 'hidden_size': 32, 'beta1': 0.95, 'beta2': 0.99, 'signal_len': 16, 'cheb_order': 2, 's': 7.4128097576251335, 'batch_size': 32, 'k': 6}
Trial 181 finished with value 0.460810726 | dataset=ETTh1_192 | selection=last | epoch=150 | best_val_epoch=127 | test_MSE=0.461729541 | MAE=0.460810726 | RMSE=0.679506836 | params={'learning_rate': 0.04031358100920096, 'decay_rate': 0.027940992975236018, 'hidden_size': 32, 'beta1': 0.95, 'beta2': 0.99, 'signal_len': 16, 'cheb_order': 2, 's': 7.432352311370857, 'batch_size': 32, 'k': 6}
Trial 182 finished with value 0.464418902 | dataset=ETTh1_192 | selection=last | epoch=150 | best_val_epoch=5 | test_MSE=0.470717906 | MAE=0.464418902 | RMSE=0.686088847 | params={'learning_rate': 0.038469143390783216, 'decay_rate': 0.0010219729102305221, 'hidden_size': 32, 'beta1': 0.95, 'beta2': 0.99, 'signal_len': 16, 'cheb_order': 2, 's': 6.760928941470103, 'batch_size': 32, 'k': 6}
Trial 183 finished with value 0.447036956 | dataset=ETTh1_192 | selection=last | epoch=150 | best_val_epoch=150 | test_MSE=0.448088318 | MAE=0.447036956 | RMSE=0.669393993 | params={'learning_rate': 0.04270342952752876, 'decay_rate': 0.002061519739730131, 'hidden_size': 32, 'beta1': 0.95, 'beta2': 0.99, 'signal_len': 16, 'cheb_order': 2, 's': 7.174850904974712, 'batch_size': 32, 'k': 6}
Trial 184 finished with value 0.444934497 | dataset=ETTh1_192 | selection=last | epoch=150 | best_val_epoch=124 | test_MSE=0.448856185 | MAE=0.444934497 | RMSE=0.669967301 | params={'learning_rate': 0.03620495633583204, 'decay_rate': 0.002472438221564597, 'hidden_size': 32, 'beta1': 0.95, 'beta2': 0.99, 'signal_len': 16, 'cheb_order': 2, 's': 6.916569795640293, 'batch_size': 32, 'k': 6}
Trial 185 finished with value 0.462863632 | dataset=ETTh1_192 | selection=last | epoch=150 | best_val_epoch=107 | test_MSE=0.464845888 | MAE=0.462863632 | RMSE=0.681796075 | params={'learning_rate': 0.038692694207756145, 'decay_rate': 0.0007760114357921036, 'hidden_size': 32, 'beta1': 0.95, 'beta2': 0.99, 'signal_len': 16, 'cheb_order': 2, 's': 6.642644326753185, 'batch_size': 32, 'k': 6}
Trial 186 finished with value 0.444502331 | dataset=ETTh1_192 | selection=last | epoch=150 | best_val_epoch=128 | test_MSE=0.446700765 | MAE=0.444502331 | RMSE=0.668356764 | params={'learning_rate': 0.03716864336352313, 'decay_rate': 0.002990716743315162, 'hidden_size': 32, 'beta1': 0.95, 'beta2': 0.99, 'signal_len': 16, 'cheb_order': 2, 's': 7.2768813662057665, 'batch_size': 32, 'k': 6}
Trial 187 finished with value 0.443254928 | dataset=ETTh1_192 | selection=last | epoch=150 | best_val_epoch=90 | test_MSE=0.448659777 | MAE=0.443254928 | RMSE=0.669820705 | params={'learning_rate': 0.04005532599028678, 'decay_rate': 0.0018717527747636343, 'hidden_size': 32, 'beta1': 0.95, 'beta2': 0.99, 'signal_len': 16, 'cheb_order': 2, 's': 7.0481472220188826, 'batch_size': 32, 'k': 6}
Trial 188 finished with value 0.453811475 | dataset=ETTh1_192 | selection=last | epoch=150 | best_val_epoch=134 | test_MSE=0.457005062 | MAE=0.453811475 | RMSE=0.676021495 | params={'learning_rate': 0.04033998045172919, 'decay_rate': 0.001470431215748527, 'hidden_size': 32, 'beta1': 0.95, 'beta2': 0.99, 'signal_len': 16, 'cheb_order': 2, 's': 7.7201988412074645, 'batch_size': 32, 'k': 6}
Trial 189 finished with value 0.457167146 | dataset=ETTh1_192 | selection=last | epoch=150 | best_val_epoch=101 | test_MSE=0.459621892 | MAE=0.457167146 | RMSE=0.677954196 | params={'learning_rate': 0.038997682208994994, 'decay_rate': 0.0008092263835612647, 'hidden_size': 32, 'beta1': 0.9, 'beta2': 0.99, 'signal_len': 16, 'cheb_order': 2, 's': 7.5128979058798855, 'batch_size': 32, 'k': 6}
Trial 190 finished with value 0.484550743 | dataset=ETTh1_192 | selection=last | epoch=150 | best_val_epoch=29 | test_MSE=0.504078175 | MAE=0.484550743 | RMSE=0.709984630 | params={'learning_rate': 0.037469137637436166, 'decay_rate': 2.341267569276671e-05, 'hidden_size': 32, 'beta1': 0.95, 'beta2': 0.99, 'signal_len': 32, 'cheb_order': 2, 's': 6.94204004836849, 'batch_size': 32, 'k': 6}
Trial 191 finished with value 0.444003808 | dataset=ETTh1_192 | selection=last | epoch=150 | best_val_epoch=72 | test_MSE=0.450275853 | MAE=0.444003808 | RMSE=0.671025970 | params={'learning_rate': 0.039927214586450745, 'decay_rate': 0.0021416103381874637, 'hidden_size': 32, 'beta1': 0.95, 'beta2': 0.99, 'signal_len': 16, 'cheb_order': 2, 's': 7.087782253320972, 'batch_size': 32, 'k': 6}
Trial 192 finished with value 0.445202109 | dataset=ETTh1_192 | selection=last | epoch=150 | best_val_epoch=69 | test_MSE=0.450089698 | MAE=0.445202109 | RMSE=0.670887247 | params={'learning_rate': 0.03982330654522272, 'decay_rate': 0.0038792270772095086, 'hidden_size': 32, 'beta1': 0.95, 'beta2': 0.99, 'signal_len': 16, 'cheb_order': 2, 's': 7.098017050638244, 'batch_size': 32, 'k': 6}
Trial 193 finished with value 0.443850412 | dataset=ETTh1_192 | selection=last | epoch=150 | best_val_epoch=99 | test_MSE=0.448952010 | MAE=0.443850412 | RMSE=0.670038813 | params={'learning_rate': 0.040965855576982485, 'decay_rate': 0.0018660472548120964, 'hidden_size': 32, 'beta1': 0.95, 'beta2': 0.99, 'signal_len': 16, 'cheb_order': 2, 's': 7.397446034435801, 'batch_size': 32, 'k': 6}
Trial 194 finished with value 0.443758674 | dataset=ETTh1_192 | selection=last | epoch=150 | best_val_epoch=72 | test_MSE=0.450301103 | MAE=0.443758674 | RMSE=0.671044785 | params={'learning_rate': 0.042480317222765074, 'decay_rate': 0.0018473729477130106, 'hidden_size': 32, 'beta1': 0.95, 'beta2': 0.99, 'signal_len': 16, 'cheb_order': 2, 's': 7.293656088704857, 'batch_size': 32, 'k': 6}
Trial 195 finished with value 0.443472361 | dataset=ETTh1_192 | selection=last | epoch=150 | best_val_epoch=99 | test_MSE=0.449017500 | MAE=0.443472361 | RMSE=0.670087681 | params={'learning_rate': 0.041691922294967716, 'decay_rate': 0.0016673303014945672, 'hidden_size': 32, 'beta1': 0.95, 'beta2': 0.99, 'signal_len': 16, 'cheb_order': 2, 's': 7.38695368335558, 'batch_size': 32, 'k': 6}
Trial 196 finished with value 0.443107893 | dataset=ETTh1_192 | selection=last | epoch=150 | best_val_epoch=63 | test_MSE=0.450183784 | MAE=0.443107893 | RMSE=0.670957364 | params={'learning_rate': 0.04132509678235921, 'decay_rate': 0.0015844674889675793, 'hidden_size': 32, 'beta1': 0.95, 'beta2': 0.99, 'signal_len': 16, 'cheb_order': 2, 's': 7.389391289352674, 'batch_size': 32, 'k': 6}
Trial 197 finished with value 0.459417965 | dataset=ETTh1_192 | selection=last | epoch=150 | best_val_epoch=130 | test_MSE=0.464084170 | MAE=0.459417965 | RMSE=0.681237235 | params={'learning_rate': 0.04184957518247406, 'decay_rate': 0.0016376353813635455, 'hidden_size': 32, 'beta1': 0.95, 'beta2': 0.99, 'signal_len': 16, 'cheb_order': 2, 's': 7.947894580257731, 'batch_size': 32, 'k': 6}
Trial 198 finished with value 0.444504058 | dataset=ETTh1_192 | selection=last | epoch=150 | best_val_epoch=128 | test_MSE=0.447724870 | MAE=0.444504058 | RMSE=0.669122462 | params={'learning_rate': 0.04225639031358818, 'decay_rate': 0.0017065883162645506, 'hidden_size': 32, 'beta1': 0.95, 'beta2': 0.99, 'signal_len': 16, 'cheb_order': 2, 's': 7.526425092559665, 'batch_size': 32, 'k': 6}
Trial 199 finished with value 0.445707965 | dataset=ETTh1_192 | selection=last | epoch=150 | best_val_epoch=90 | test_MSE=0.450271941 | MAE=0.445707965 | RMSE=0.671023056 | params={'learning_rate': 0.044331382311557845, 'decay_rate': 0.0035539840312243803, 'hidden_size': 32, 'beta1': 0.95, 'beta2': 0.99, 'signal_len': 16, 'cheb_order': 2, 's': 7.350212689948752, 'batch_size': 32, 'k': 6}
Trial 200 finished with value 0.548360960 | dataset=ETTh1_192 | selection=last | epoch=150 | best_val_epoch=74 | test_MSE=0.627942777 | MAE=0.548360960 | RMSE=0.792428405 | params={'learning_rate': 0.04283870905245943, 'decay_rate': 1.762218692753846e-05, 'hidden_size': 32, 'beta1': 0.95, 'beta2': 0.99, 'signal_len': 64, 'cheb_order': 2, 's': 7.138800911597969, 'batch_size': 32, 'k': 6}
Trial 201 finished with value 0.442341537 | dataset=ETTh1_192 | selection=last | epoch=150 | best_val_epoch=90 | test_MSE=0.448858944 | MAE=0.442341537 | RMSE=0.669969361 | params={'learning_rate': 0.041264567067505725, 'decay_rate': 0.0010439674568532425, 'hidden_size': 32, 'beta1': 0.95, 'beta2': 0.99, 'signal_len': 16, 'cheb_order': 2, 's': 7.368681627639708, 'batch_size': 32, 'k': 6}
Trial 202 finished with value 0.445808426 | dataset=ETTh1_192 | selection=last | epoch=150 | best_val_epoch=124 | test_MSE=0.450597527 | MAE=0.445808426 | RMSE=0.671265616 | params={'learning_rate': 0.04124835339761211, 'decay_rate': 0.0018667847956158412, 'hidden_size': 32, 'beta1': 0.95, 'beta2': 0.99, 'signal_len': 16, 'cheb_order': 2, 's': 7.673891325593394, 'batch_size': 32, 'k': 6}
Trial 203 finished with value 0.443625148 | dataset=ETTh1_192 | selection=last | epoch=150 | best_val_epoch=56 | test_MSE=0.451500830 | MAE=0.443625148 | RMSE=0.671938115 | params={'learning_rate': 0.04073697599780624, 'decay_rate': 0.0008826030080392506, 'hidden_size': 32, 'beta1': 0.95, 'beta2': 0.99, 'signal_len': 16, 'cheb_order': 2, 's': 7.451362563834641, 'batch_size': 32, 'k': 6}
Trial 204 finished with value 0.442298915 | dataset=ETTh1_192 | selection=last | epoch=150 | best_val_epoch=90 | test_MSE=0.448985011 | MAE=0.442298915 | RMSE=0.670063438 | params={'learning_rate': 0.04082674832895808, 'decay_rate': 0.0009679477512710946, 'hidden_size': 32, 'beta1': 0.95, 'beta2': 0.99, 'signal_len': 16, 'cheb_order': 2, 's': 7.425094500867817, 'batch_size': 32, 'k': 6}
Trial 205 finished with value 0.442513491 | dataset=ETTh1_192 | selection=last | epoch=150 | best_val_epoch=99 | test_MSE=0.448863622 | MAE=0.442513491 | RMSE=0.669972852 | params={'learning_rate': 0.04100946777323408, 'decay_rate': 0.0010175803632081547, 'hidden_size': 32, 'beta1': 0.95, 'beta2': 0.99, 'signal_len': 16, 'cheb_order': 2, 's': 8.047152098060465, 'batch_size': 32, 'k': 6}
Trial 206 finished with value 0.443637089 | dataset=ETTh1_192 | selection=last | epoch=150 | best_val_epoch=44 | test_MSE=0.451504796 | MAE=0.443637089 | RMSE=0.671941066 | params={'learning_rate': 0.043000810063533526, 'decay_rate': 0.0009533883089265437, 'hidden_size': 32, 'beta1': 0.95, 'beta2': 0.99, 'signal_len': 16, 'cheb_order': 2, 's': 7.427943684340927, 'batch_size': 32, 'k': 6}
Trial 207 finished with value 0.443239964 | dataset=ETTh1_192 | selection=last | epoch=150 | best_val_epoch=63 | test_MSE=0.451106906 | MAE=0.443239964 | RMSE=0.671644925 | params={'learning_rate': 0.04285777515287373, 'decay_rate': 0.0009180648846557229, 'hidden_size': 32, 'beta1': 0.95, 'beta2': 0.99, 'signal_len': 16, 'cheb_order': 2, 's': 8.021932442159141, 'batch_size': 64, 'k': 6}
Trial 208 finished with value 0.441929681 | dataset=ETTh1_192 | selection=last | epoch=150 | best_val_epoch=110 | test_MSE=0.448450986 | MAE=0.441929681 | RMSE=0.669664831 | params={'learning_rate': 0.04408401712142432, 'decay_rate': 0.0007954455232772828, 'hidden_size': 32, 'beta1': 0.95, 'beta2': 0.99, 'signal_len': 16, 'cheb_order': 2, 's': 8.040772786341257, 'batch_size': 64, 'k': 6}
Trial 209 finished with value 0.455920005 | dataset=ETTh1_192 | selection=last | epoch=150 | best_val_epoch=88 | test_MSE=0.462420179 | MAE=0.455920005 | RMSE=0.680014837 | params={'learning_rate': 0.043330507517382724, 'decay_rate': 0.0006574312510667471, 'hidden_size': 32, 'beta1': 0.95, 'beta2': 0.95, 'signal_len': 16, 'cheb_order': 2, 's': 8.106779221139506, 'batch_size': 64, 'k': 6}
Trial 210 finished with value 0.443399841 | dataset=ETTh1_192 | selection=last | epoch=150 | best_val_epoch=83 | test_MSE=0.450862863 | MAE=0.443399841 | RMSE=0.671463225 | params={'learning_rate': 0.04438006811585935, 'decay_rate': 0.001149936566783912, 'hidden_size': 32, 'beta1': 0.95, 'beta2': 0.99, 'signal_len': 16, 'cheb_order': 2, 's': 8.135105291318121, 'batch_size': 64, 'k': 6}
Trial 211 finished with value 0.463646346 | dataset=ETTh1_192 | selection=last | epoch=150 | best_val_epoch=23 | test_MSE=0.471289572 | MAE=0.463646346 | RMSE=0.686505333 | params={'learning_rate': 0.044080289758716244, 'decay_rate': 3.828908829734356e-05, 'hidden_size': 32, 'beta1': 0.95, 'beta2': 0.99, 'signal_len': 16, 'cheb_order': 2, 's': 7.9559122704799705, 'batch_size': 64, 'k': 6}
Trial 212 finished with value 0.442470199 | dataset=ETTh1_192 | selection=last | epoch=150 | best_val_epoch=65 | test_MSE=0.450566657 | MAE=0.442470199 | RMSE=0.671242621 | params={'learning_rate': 0.042911561523737596, 'decay_rate': 0.001014063423597927, 'hidden_size': 32, 'beta1': 0.95, 'beta2': 0.99, 'signal_len': 16, 'cheb_order': 2, 's': 8.457772996205483, 'batch_size': 64, 'k': 6}
Trial 213 finished with value 0.455931599 | dataset=ETTh1_192 | selection=last | epoch=150 | best_val_epoch=101 | test_MSE=0.460640915 | MAE=0.455931599 | RMSE=0.678705323 | params={'learning_rate': 0.043104435445931004, 'decay_rate': 0.001129050394231698, 'hidden_size': 32, 'beta1': 0.95, 'beta2': 0.99, 'signal_len': 16, 'cheb_order': 2, 's': 8.263420017596196, 'batch_size': 64, 'k': 6}
Trial 214 finished with value 0.461887588 | dataset=ETTh1_192 | selection=last | epoch=150 | best_val_epoch=65 | test_MSE=0.469648160 | MAE=0.461887588 | RMSE=0.685308806 | params={'learning_rate': 0.04479357634679587, 'decay_rate': 0.0007870950084528458, 'hidden_size': 32, 'beta1': 0.95, 'beta2': 0.99, 'signal_len': 16, 'cheb_order': 2, 's': 8.14376629807499, 'batch_size': 64, 'k': 6}
Trial 215 finished with value 0.459589374 | dataset=ETTh1_192 | selection=last | epoch=150 | best_val_epoch=52 | test_MSE=0.463166912 | MAE=0.459589374 | RMSE=0.680563673 | params={'learning_rate': 0.04199069453834158, 'decay_rate': 4.515079528388832e-05, 'hidden_size': 32, 'beta1': 0.95, 'beta2': 0.99, 'signal_len': 16, 'cheb_order': 2, 's': 8.418272060369668, 'batch_size': 64, 'k': 6}
Trial 216 finished with value 0.462860573 | dataset=ETTh1_192 | selection=last | epoch=150 | best_val_epoch=14 | test_MSE=0.465882036 | MAE=0.462860573 | RMSE=0.682555519 | params={'learning_rate': 0.04340331682296212, 'decay_rate': 0.000986531918423639, 'hidden_size': 64, 'beta1': 0.95, 'beta2': 0.99, 'signal_len': 16, 'cheb_order': 2, 's': 7.798478811982671, 'batch_size': 64, 'k': 6}
Trial 217 finished with value 0.459784540 | dataset=ETTh1_192 | selection=last | epoch=150 | best_val_epoch=113 | test_MSE=0.461631776 | MAE=0.459784540 | RMSE=0.679434894 | params={'learning_rate': 0.04465651485766453, 'decay_rate': 0.0009756955530768174, 'hidden_size': 32, 'beta1': 0.95, 'beta2': 0.99, 'signal_len': 16, 'cheb_order': 2, 's': 8.051867382372595, 'batch_size': 64, 'k': 6}
Trial 218 finished with value 0.455786170 | dataset=ETTh1_192 | selection=last | epoch=150 | best_val_epoch=19 | test_MSE=0.463035943 | MAE=0.455786170 | RMSE=0.680467445 | params={'learning_rate': 0.04055315804114208, 'decay_rate': 0.0009965923046844957, 'hidden_size': 32, 'beta1': 0.9, 'beta2': 0.99, 'signal_len': 16, 'cheb_order': 2, 's': 7.63487052896058, 'batch_size': 64, 'k': 6}
Trial 219 finished with value 0.441839204 | dataset=ETTh1_192 | selection=last | epoch=150 | best_val_epoch=102 | test_MSE=0.448683201 | MAE=0.441839204 | RMSE=0.669838190 | params={'learning_rate': 0.04110851901334397, 'decay_rate': 0.0008746379813971581, 'hidden_size': 32, 'beta1': 0.95, 'beta2': 0.99, 'signal_len': 16, 'cheb_order': 2, 's': 8.58643967231767, 'batch_size': 64, 'k': 6}
Trial 220 finished with value 0.461425709 | dataset=ETTh1_192 | selection=last | epoch=150 | best_val_epoch=11 | test_MSE=0.467243588 | MAE=0.461425709 | RMSE=0.683552184 | params={'learning_rate': 0.04195851545712057, 'decay_rate': 0.00013625990710062802, 'hidden_size': 32, 'beta1': 0.95, 'beta2': 0.99, 'signal_len': 16, 'cheb_order': 2, 's': 8.572749549545263, 'batch_size': 64, 'k': 6}
Trial 221 finished with value 0.442836168 | dataset=ETTh1_192 | selection=last | epoch=150 | best_val_epoch=63 | test_MSE=0.450621379 | MAE=0.442836168 | RMSE=0.671283382 | params={'learning_rate': 0.0412579617813238, 'decay_rate': 0.001180920502326824, 'hidden_size': 32, 'beta1': 0.95, 'beta2': 0.99, 'signal_len': 16, 'cheb_order': 2, 's': 8.666671899623523, 'batch_size': 64, 'k': 6}
Trial 222 finished with value 0.455716867 | dataset=ETTh1_192 | selection=last | epoch=150 | best_val_epoch=21 | test_MSE=0.459745444 | MAE=0.455716867 | RMSE=0.678045311 | params={'learning_rate': 0.041411416395934625, 'decay_rate': 0.0009773225056143335, 'hidden_size': 32, 'beta1': 0.95, 'beta2': 0.99, 'signal_len': 16, 'cheb_order': 2, 's': 8.74148255430745, 'batch_size': 64, 'k': 6}
