Trial 112 finished with value 0.359189352 | dataset=ETTm1_96 | selection=last | epoch=150 | best_val_epoch=10 | test_MSE=0.326215349 | MAE=0.359189352 | RMSE=0.571152650 | params={'learning_rate': 0.009714915199168544, 'decay_rate': 0.004342812681048153, 'hidden_size': 16, 'beta1': 0.95, 'beta2': 0.95, 'signal_len': 16, 'cheb_order': 3, 's': 4.792252095743567, 'batch_size': 64, 'k': 2}
Trial 113 finished with value 0.359339508 | dataset=ETTm1_96 | selection=last | epoch=150 | best_val_epoch=94 | test_MSE=0.327909247 | MAE=0.359339508 | RMSE=0.572633606 | params={'learning_rate': 0.012989750317023893, 'decay_rate': 0.003410419492898416, 'hidden_size': 64, 'beta1': 0.95, 'beta2': 0.99, 'signal_len': 16, 'cheb_order': 3, 's': 5.098010788782823, 'batch_size': 64, 'k': 2}
Trial 114 finished with value 0.358236021 | dataset=ETTm1_96 | selection=last | epoch=150 | best_val_epoch=44 | test_MSE=0.325356380 | MAE=0.358236021 | RMSE=0.570400193 | params={'learning_rate': 0.007503664752593609, 'decay_rate': 0.0006175683215122649, 'hidden_size': 64, 'beta1': 0.95, 'beta2': 0.99, 'signal_len': 16, 'cheb_order': 3, 's': 3.980153269180936, 'batch_size': 64, 'k': 2}
Trial 115 finished with value 0.364756323 | dataset=ETTm1_96 | selection=last | epoch=150 | best_val_epoch=47 | test_MSE=0.329757794 | MAE=0.364756323 | RMSE=0.574245413 | params={'learning_rate': 0.007216851697787876, 'decay_rate': 5.0917804839524495e-05, 'hidden_size': 64, 'beta1': 0.95, 'beta2': 0.99, 'signal_len': 16, 'cheb_order': 3, 's': 3.962087936518756, 'batch_size': 64, 'k': 2}
Trial 116 finished with value 0.358665778 | dataset=ETTm1_96 | selection=last | epoch=150 | best_val_epoch=42 | test_MSE=0.325712670 | MAE=0.358665778 | RMSE=0.570712423 | params={'learning_rate': 0.005158762185130688, 'decay_rate': 0.0019353386604183131, 'hidden_size': 64, 'beta1': 0.95, 'beta2': 0.99, 'signal_len': 16, 'cheb_order': 3, 's': 4.175206107468291, 'batch_size': 64, 'k': 2}
Trial 117 finished with value 0.362470799 | dataset=ETTm1_96 | selection=last | epoch=150 | best_val_epoch=70 | test_MSE=0.329387942 | MAE=0.362470799 | RMSE=0.573923289 | params={'learning_rate': 0.009168605849892498, 'decay_rate': 0.021931048777925132, 'hidden_size': 64, 'beta1': 0.95, 'beta2': 0.99, 'signal_len': 16, 'cheb_order': 3, 's': 4.867044522294674, 'batch_size': 64, 'k': 2}
Trial 118 finished with value 0.358225882 | dataset=ETTm1_96 | selection=last | epoch=150 | best_val_epoch=66 | test_MSE=0.325126476 | MAE=0.358225882 | RMSE=0.570198629 | params={'learning_rate': 0.014109861831448372, 'decay_rate': 0.00078500015696234, 'hidden_size': 64, 'beta1': 0.95, 'beta2': 0.99, 'signal_len': 32, 'cheb_order': 3, 's': 4.3614411669307875, 'batch_size': 64, 'k': 2}
Trial 119 finished with value 0.358817923 | dataset=ETTm1_96 | selection=last | epoch=150 | best_val_epoch=89 | test_MSE=0.327062222 | MAE=0.358817923 | RMSE=0.571893541 | params={'learning_rate': 0.014043195634366755, 'decay_rate': 0.0021949562554950575, 'hidden_size': 64, 'beta1': 0.99, 'beta2': 0.99, 'signal_len': 16, 'cheb_order': 3, 's': 4.540733859871581, 'batch_size': 64, 'k': 2}
Trial 120 finished with value 0.358231770 | dataset=ETTm1_96 | selection=last | epoch=150 | best_val_epoch=30 | test_MSE=0.325330410 | MAE=0.358231770 | RMSE=0.570377427 | params={'learning_rate': 0.0063825155029031, 'decay_rate': 0.0006083526491816923, 'hidden_size': 64, 'beta1': 0.95, 'beta2': 0.99, 'signal_len': 16, 'cheb_order': 3, 's': 3.920592984588081, 'batch_size': 64, 'k': 2}
Trial 121 finished with value 0.358812891 | dataset=ETTm1_96 | selection=last | epoch=150 | best_val_epoch=58 | test_MSE=0.325928719 | MAE=0.358812891 | RMSE=0.570901672 | params={'learning_rate': 0.006645678587906769, 'decay_rate': 0.0035078329112360617, 'hidden_size': 32, 'beta1': 0.9, 'beta2': 0.99, 'signal_len': 16, 'cheb_order': 3, 's': 4.350583498661069, 'batch_size': 64, 'k': 2}
Trial 122 finished with value 0.359587356 | dataset=ETTm1_96 | selection=last | epoch=150 | best_val_epoch=23 | test_MSE=0.326566978 | MAE=0.359587356 | RMSE=0.571460391 | params={'learning_rate': 0.0026412550385260174, 'decay_rate': 0.005648070134889724, 'hidden_size': 64, 'beta1': 0.95, 'beta2': 0.99, 'signal_len': 16, 'cheb_order': 3, 's': 4.726530721664287, 'batch_size': 64, 'k': 2}
Trial 123 finished with value 0.364672924 | dataset=ETTm1_96 | selection=last | epoch=150 | best_val_epoch=45 | test_MSE=0.326511647 | MAE=0.364672924 | RMSE=0.571411977 | params={'learning_rate': 0.008076162931250554, 'decay_rate': 4.881548309462237e-05, 'hidden_size': 64, 'beta1': 0.95, 'beta2': 0.999, 'signal_len': 16, 'cheb_order': 3, 's': 5.060627048669403, 'batch_size': 64, 'k': 2}
Trial 124 finished with value 0.358529301 | dataset=ETTm1_96 | selection=last | epoch=150 | best_val_epoch=4 | test_MSE=0.325571703 | MAE=0.358529301 | RMSE=0.570588909 | params={'learning_rate': 0.011046874819856781, 'decay_rate': 0.0016184723295353369, 'hidden_size': 64, 'beta1': 0.95, 'beta2': 0.99, 'signal_len': 16, 'cheb_order': 3, 's': 4.017871758763703, 'batch_size': 64, 'k': 2}
Trial 125 finished with value 0.358199544 | dataset=ETTm1_96 | selection=last | epoch=150 | best_val_epoch=41 | test_MSE=0.325353657 | MAE=0.358199544 | RMSE=0.570397806 | params={'learning_rate': 0.009546941642696089, 'decay_rate': 0.0006683190867356716, 'hidden_size': 64, 'beta1': 0.95, 'beta2': 0.99, 'signal_len': 16, 'cheb_order': 3, 's': 4.337930942476359, 'batch_size': 64, 'k': 2}
Trial 126 finished with value 0.358527874 | dataset=ETTm1_96 | selection=last | epoch=150 | best_val_epoch=70 | test_MSE=0.325702136 | MAE=0.358527874 | RMSE=0.570703195 | params={'learning_rate': 0.010403078436769372, 'decay_rate': 0.002694182832698509, 'hidden_size': 64, 'beta1': 0.95, 'beta2': 0.99, 'signal_len': 16, 'cheb_order': 3, 's': 4.366971674180326, 'batch_size': 64, 'k': 2}
Trial 127 finished with value 0.358305396 | dataset=ETTm1_96 | selection=last | epoch=150 | best_val_epoch=4 | test_MSE=0.325380463 | MAE=0.358305396 | RMSE=0.570421303 | params={'learning_rate': 0.0064875699118769345, 'decay_rate': 0.0006966224545616931, 'hidden_size': 64, 'beta1': 0.95, 'beta2': 0.99, 'signal_len': 16, 'cheb_order': 3, 's': 4.590477221618137, 'batch_size': 64, 'k': 2}
Trial 128 finished with value 0.358236827 | dataset=ETTm1_96 | selection=last | epoch=150 | best_val_epoch=4 | test_MSE=0.325326655 | MAE=0.358236827 | RMSE=0.570374136 | params={'learning_rate': 0.006460878732873043, 'decay_rate': 0.0005791043172129295, 'hidden_size': 64, 'beta1': 0.95, 'beta2': 0.99, 'signal_len': 16, 'cheb_order': 3, 's': 4.270115005220803, 'batch_size': 64, 'k': 2}
Trial 129 finished with value 0.359131438 | dataset=ETTm1_96 | selection=last | epoch=150 | best_val_epoch=44 | test_MSE=0.326229116 | MAE=0.359131438 | RMSE=0.571164702 | params={'learning_rate': 0.009185133925462923, 'decay_rate': 0.004469944032012449, 'hidden_size': 64, 'beta1': 0.95, 'beta2': 0.99, 'signal_len': 16, 'cheb_order': 3, 's': 4.201284624865323, 'batch_size': 64, 'k': 2}
Trial 130 finished with value 0.358747686 | dataset=ETTm1_96 | selection=last | epoch=150 | best_val_epoch=4 | test_MSE=0.325766253 | MAE=0.358747686 | RMSE=0.570759365 | params={'learning_rate': 0.007412967473285533, 'decay_rate': 0.0023085151004677952, 'hidden_size': 64, 'beta1': 0.95, 'beta2': 0.99, 'signal_len': 16, 'cheb_order': 3, 's': 3.231800944191394, 'batch_size': 64, 'k': 2}
Trial 131 finished with value 0.366287772 | dataset=ETTm1_96 | selection=last | epoch=150 | best_val_epoch=4 | test_MSE=0.332756672 | MAE=0.366287772 | RMSE=0.576850650 | params={'learning_rate': 0.0029238526850520015, 'decay_rate': 0.042842313426463406, 'hidden_size': 64, 'beta1': 0.95, 'beta2': 0.99, 'signal_len': 16, 'cheb_order': 3, 's': 3.71453893330209, 'batch_size': 64, 'k': 2}
Trial 132 finished with value 0.358276959 | dataset=ETTm1_96 | selection=last | epoch=150 | best_val_epoch=26 | test_MSE=0.325359250 | MAE=0.358276959 | RMSE=0.570402708 | params={'learning_rate': 0.00608623008688556, 'decay_rate': 0.0006355713412682604, 'hidden_size': 64, 'beta1': 0.95, 'beta2': 0.99, 'signal_len': 16, 'cheb_order': 3, 's': 4.275950080333533, 'batch_size': 64, 'k': 4}
Trial 133 finished with value 0.365471246 | dataset=ETTm1_96 | selection=last | epoch=150 | best_val_epoch=41 | test_MSE=0.327220902 | MAE=0.365471246 | RMSE=0.572032256 | params={'learning_rate': 9.114198987165718e-05, 'decay_rate': 0.0032687252258762115, 'hidden_size': 64, 'beta1': 0.95, 'beta2': 0.999, 'signal_len': 16, 'cheb_order': 3, 's': 7.50037094665648, 'batch_size': 64, 'k': 2}
Trial 134 finished with value 0.358289731 | dataset=ETTm1_96 | selection=last | epoch=150 | best_val_epoch=4 | test_MSE=0.325363922 | MAE=0.358289731 | RMSE=0.570406804 | params={'learning_rate': 0.00587635228963777, 'decay_rate': 0.0006757397875090813, 'hidden_size': 64, 'beta1': 0.95, 'beta2': 0.99, 'signal_len': 16, 'cheb_order': 3, 's': 4.296644951874543, 'batch_size': 64, 'k': 2}
Trial 135 finished with value 0.358605779 | dataset=ETTm1_96 | selection=last | epoch=150 | best_val_epoch=41 | test_MSE=0.325641038 | MAE=0.358605779 | RMSE=0.570649663 | params={'learning_rate': 0.005002604544667457, 'decay_rate': 0.001846782628922102, 'hidden_size': 64, 'beta1': 0.95, 'beta2': 0.99, 'signal_len': 16, 'cheb_order': 3, 's': 3.982069641640188, 'batch_size': 64, 'k': 6}
Trial 136 finished with value 0.357637403 | dataset=ETTm1_96 | selection=last | epoch=150 | best_val_epoch=30 | test_MSE=0.324956247 | MAE=0.357637403 | RMSE=0.570049337 | params={'learning_rate': 0.00759039262593173, 'decay_rate': 0.00010821892327519923, 'hidden_size': 64, 'beta1': 0.95, 'beta2': 0.99, 'signal_len': 16, 'cheb_order': 3, 's': 4.470180261870135, 'batch_size': 64, 'k': 4}
Trial 137 finished with value 0.364207411 | dataset=ETTm1_96 | selection=last | epoch=150 | best_val_epoch=34 | test_MSE=0.325388009 | MAE=0.364207411 | RMSE=0.570427918 | params={'learning_rate': 0.0074510825573795856, 'decay_rate': 4.646223046955451e-05, 'hidden_size': 64, 'beta1': 0.95, 'beta2': 0.99, 'signal_len': 16, 'cheb_order': 3, 's': 4.508382957841815, 'batch_size': 64, 'k': 4}
Trial 138 finished with value 0.358512679 | dataset=ETTm1_96 | selection=last | epoch=150 | best_val_epoch=44 | test_MSE=0.325643231 | MAE=0.358512679 | RMSE=0.570651585 | params={'learning_rate': 0.009808910954241943, 'decay_rate': 0.0018255412749958893, 'hidden_size': 64, 'beta1': 0.95, 'beta2': 0.99, 'signal_len': 16, 'cheb_order': 3, 's': 4.95265473179434, 'batch_size': 64, 'k': 4}
Trial 139 finished with value 0.359265796 | dataset=ETTm1_96 | selection=last | epoch=150 | best_val_epoch=69 | test_MSE=0.326312307 | MAE=0.359265796 | RMSE=0.571237522 | params={'learning_rate': 0.011765279148608192, 'decay_rate': 0.00416647178617158, 'hidden_size': 64, 'beta1': 0.95, 'beta2': 0.99, 'signal_len': 128, 'cheb_order': 3, 's': 4.794958074299013, 'batch_size': 64, 'k': 2}
Trial 140 finished with value 0.358644662 | dataset=ETTm1_96 | selection=last | epoch=150 | best_val_epoch=40 | test_MSE=0.325655383 | MAE=0.358644662 | RMSE=0.570662232 | params={'learning_rate': 0.04257774755161372, 'decay_rate': 0.0015625248354372585, 'hidden_size': 16, 'beta1': 0.95, 'beta2': 0.99, 'signal_len': 16, 'cheb_order': 3, 's': 5.6171421944329385, 'batch_size': 64, 'k': 2}
Trial 141 finished with value 0.358783137 | dataset=ETTm1_96 | selection=last | epoch=150 | best_val_epoch=32 | test_MSE=0.325771820 | MAE=0.358783137 | RMSE=0.570764242 | params={'learning_rate': 0.007942121031889399, 'decay_rate': 0.002955691571156935, 'hidden_size': 64, 'beta1': 0.99, 'beta2': 0.99, 'signal_len': 64, 'cheb_order': 3, 's': 3.8370875782115066, 'batch_size': 64, 'k': 2}
Trial 142 finished with value 0.358247101 | dataset=ETTm1_96 | selection=last | epoch=150 | best_val_epoch=79 | test_MSE=0.325780052 | MAE=0.358247101 | RMSE=0.570771454 | params={'learning_rate': 0.0037609111301400923, 'decay_rate': 0.0008943626824865359, 'hidden_size': 64, 'beta1': 0.95, 'beta2': 0.99, 'signal_len': 16, 'cheb_order': 3, 's': 3.4917231299406195, 'batch_size': 64, 'k': 6}
Trial 143 finished with value 0.367298125 | dataset=ETTm1_96 | selection=last | epoch=150 | best_val_epoch=12 | test_MSE=0.327816628 | MAE=0.367298125 | RMSE=0.572552730 | params={'learning_rate': 0.003781615524279703, 'decay_rate': 0.00018308834536823562, 'hidden_size': 32, 'beta1': 0.95, 'beta2': 0.99, 'signal_len': 16, 'cheb_order': 3, 's': 3.3696247679856133, 'batch_size': 64, 'k': 4}
Trial 144 finished with value 0.358406569 | dataset=ETTm1_96 | selection=last | epoch=150 | best_val_epoch=6 | test_MSE=0.325462139 | MAE=0.358406569 | RMSE=0.570492891 | params={'learning_rate': 0.008764263537878013, 'decay_rate': 0.0011214031306787885, 'hidden_size': 64, 'beta1': 0.95, 'beta2': 0.99, 'signal_len': 16, 'cheb_order': 3, 's': 3.5696298195324063, 'batch_size': 64, 'k': 6}
Trial 145 finished with value 0.358832651 | dataset=ETTm1_96 | selection=last | epoch=150 | best_val_epoch=4 | test_MSE=0.325838533 | MAE=0.358832651 | RMSE=0.570822681 | params={'learning_rate': 0.005110800008720569, 'decay_rate': 0.0023354412596353624, 'hidden_size': 64, 'beta1': 0.95, 'beta2': 0.99, 'signal_len': 16, 'cheb_order': 3, 's': 4.122349257384115, 'batch_size': 64, 'k': 6}
Trial 146 finished with value 0.363403815 | dataset=ETTm1_96 | selection=last | epoch=150 | best_val_epoch=24 | test_MSE=0.326784685 | MAE=0.363403815 | RMSE=0.571650842 | params={'learning_rate': 0.0021502834528657547, 'decay_rate': 0.000963498935369507, 'hidden_size': 64, 'beta1': 0.95, 'beta2': 0.99, 'signal_len': 16, 'cheb_order': 3, 's': 4.431740083693609, 'batch_size': 64, 'k': 6}
Trial 147 finished with value 0.358782801 | dataset=ETTm1_96 | selection=last | epoch=150 | best_val_epoch=71 | test_MSE=0.326239856 | MAE=0.358782801 | RMSE=0.571174103 | params={'learning_rate': 0.010120762249389941, 'decay_rate': 0.0032131005128137003, 'hidden_size': 64, 'beta1': 0.95, 'beta2': 0.99, 'signal_len': 16, 'cheb_order': 3, 's': 3.1488714301348355, 'batch_size': 256, 'k': 2}
Trial 148 finished with value 0.364815139 | dataset=ETTm1_96 | selection=last | epoch=150 | best_val_epoch=2 | test_MSE=0.326341551 | MAE=0.364815139 | RMSE=0.571263119 | params={'learning_rate': 0.003841219548095323, 'decay_rate': 0.00011228878505316927, 'hidden_size': 64, 'beta1': 0.95, 'beta2': 0.99, 'signal_len': 16, 'cheb_order': 3, 's': 3.843975237816308, 'batch_size': 64, 'k': 2}
Trial 149 finished with value 0.358676764 | dataset=ETTm1_96 | selection=last | epoch=150 | best_val_epoch=4 | test_MSE=0.325705884 | MAE=0.358676764 | RMSE=0.570706478 | params={'learning_rate': 0.011845548724842154, 'decay_rate': 0.0018271711323233563, 'hidden_size': 64, 'beta1': 0.9, 'beta2': 0.999, 'signal_len': 16, 'cheb_order': 3, 's': 5.235655499056539, 'batch_size': 64, 'k': 4}
Trial 150 finished with value 0.359036865 | dataset=ETTm1_96 | selection=last | epoch=150 | best_val_epoch=47 | test_MSE=0.326089704 | MAE=0.359036865 | RMSE=0.571042646 | params={'learning_rate': 0.006361719289200696, 'decay_rate': 0.0038427887742861324, 'hidden_size': 64, 'beta1': 0.95, 'beta2': 0.99, 'signal_len': 16, 'cheb_order': 3, 's': 5.035765663138956, 'batch_size': 64, 'k': 2}
Trial 151 finished with value 0.359375825 | dataset=ETTm1_96 | selection=last | epoch=150 | best_val_epoch=4 | test_MSE=0.326363148 | MAE=0.359375825 | RMSE=0.571282021 | params={'learning_rate': 0.008886893698875416, 'decay_rate': 0.005207431566742898, 'hidden_size': 64, 'beta1': 0.95, 'beta2': 0.99, 'signal_len': 16, 'cheb_order': 3, 's': 4.682225213171355, 'batch_size': 64, 'k': 2}
Trial 152 finished with value 0.358606148 | dataset=ETTm1_96 | selection=last | epoch=150 | best_val_epoch=94 | test_MSE=0.327200695 | MAE=0.358606148 | RMSE=0.572014594 | params={'learning_rate': 0.01481851265551509, 'decay_rate': 0.0013134002369182603, 'hidden_size': 64, 'beta1': 0.95, 'beta2': 0.99, 'signal_len': 16, 'cheb_order': 3, 's': 4.096068274828816, 'batch_size': 64, 'k': 2}
Trial 153 finished with value 0.362876380 | dataset=ETTm1_96 | selection=last | epoch=150 | best_val_epoch=32 | test_MSE=0.325689317 | MAE=0.362876380 | RMSE=0.570691964 | params={'learning_rate': 0.007622601409354402, 'decay_rate': 1.15481966818188e-05, 'hidden_size': 64, 'beta1': 0.95, 'beta2': 0.99, 'signal_len': 16, 'cheb_order': 3, 's': 3.486681457961859, 'batch_size': 64, 'k': 6}
Trial 154 finished with value 0.358407601 | dataset=ETTm1_96 | selection=last | epoch=150 | best_val_epoch=4 | test_MSE=0.325463329 | MAE=0.358407601 | RMSE=0.570493935 | params={'learning_rate': 0.006089008144172352, 'decay_rate': 0.0009533521303873491, 'hidden_size': 64, 'beta1': 0.95, 'beta2': 0.99, 'signal_len': 16, 'cheb_order': 3, 's': 4.288614289471487, 'batch_size': 64, 'k': 4}
Trial 155 finished with value 0.358861796 | dataset=ETTm1_96 | selection=last | epoch=150 | best_val_epoch=4 | test_MSE=0.325869464 | MAE=0.358861796 | RMSE=0.570849774 | params={'learning_rate': 0.005953220688953991, 'decay_rate': 0.0025962888293606344, 'hidden_size': 64, 'beta1': 0.95, 'beta2': 0.99, 'signal_len': 16, 'cheb_order': 3, 's': 4.441451942651492, 'batch_size': 64, 'k': 4}
Trial 156 finished with value 0.358433689 | dataset=ETTm1_96 | selection=last | epoch=150 | best_val_epoch=25 | test_MSE=0.325493248 | MAE=0.358433689 | RMSE=0.570520155 | params={'learning_rate': 0.004304253121815708, 'decay_rate': 0.0009477190872151529, 'hidden_size': 64, 'beta1': 0.95, 'beta2': 0.99, 'signal_len': 16, 'cheb_order': 3, 's': 3.759894875289179, 'batch_size': 64, 'k': 4}
Trial 157 finished with value 0.365736106 | dataset=ETTm1_96 | selection=last | epoch=150 | best_val_epoch=94 | test_MSE=0.333295608 | MAE=0.365736106 | RMSE=0.577317597 | params={'learning_rate': 0.01071624449925357, 'decay_rate': 0.03577381699714342, 'hidden_size': 64, 'beta1': 0.95, 'beta2': 0.99, 'signal_len': 16, 'cheb_order': 3, 's': 7.09700880303401, 'batch_size': 64, 'k': 4}
Trial 158 finished with value 0.358591229 | dataset=ETTm1_96 | selection=last | epoch=150 | best_val_epoch=32 | test_MSE=0.325701840 | MAE=0.358591229 | RMSE=0.570702935 | params={'learning_rate': 0.0093784390698259, 'decay_rate': 0.002172508722150774, 'hidden_size': 64, 'beta1': 0.95, 'beta2': 0.99, 'signal_len': 16, 'cheb_order': 3, 's': 4.820368361653437, 'batch_size': 64, 'k': 4}
Trial 159 finished with value 0.358832277 | dataset=ETTm1_96 | selection=last | epoch=150 | best_val_epoch=47 | test_MSE=0.325902143 | MAE=0.358832277 | RMSE=0.570878396 | params={'learning_rate': 0.006972895888194935, 'decay_rate': 0.0029785171496739087, 'hidden_size': 64, 'beta1': 0.95, 'beta2': 0.99, 'signal_len': 16, 'cheb_order': 3, 's': 4.0322711423296, 'batch_size': 64, 'k': 4}
Trial 160 finished with value 0.358441687 | dataset=ETTm1_96 | selection=last | epoch=150 | best_val_epoch=45 | test_MSE=0.325453554 | MAE=0.358441687 | RMSE=0.570485367 | params={'learning_rate': 0.012719683832363441, 'decay_rate': 0.0017375557096101077, 'hidden_size': 64, 'beta1': 0.95, 'beta2': 0.99, 'signal_len': 16, 'cheb_order': 3, 's': 4.235541758163358, 'batch_size': 512, 'k': 2}
Trial 161 finished with value 0.358326624 | dataset=ETTm1_96 | selection=last | epoch=150 | best_val_epoch=19 | test_MSE=0.325424025 | MAE=0.358326624 | RMSE=0.570459486 | params={'learning_rate': 0.008250768220812292, 'decay_rate': 0.0007723721180204237, 'hidden_size': 64, 'beta1': 0.95, 'beta2': 0.999, 'signal_len': 16, 'cheb_order': 3, 's': 4.568851432160738, 'batch_size': 64, 'k': 2}
Trial 162 finished with value 0.359219847 | dataset=ETTm1_96 | selection=last | epoch=150 | best_val_epoch=69 | test_MSE=0.326269340 | MAE=0.359219847 | RMSE=0.571199912 | params={'learning_rate': 0.01154708592199324, 'decay_rate': 0.003981359875620309, 'hidden_size': 64, 'beta1': 0.95, 'beta2': 0.99, 'signal_len': 128, 'cheb_order': 3, 's': 4.3760815419945445, 'batch_size': 64, 'k': 2}
Trial 163 finished with value 0.367454229 | dataset=ETTm1_96 | selection=last | epoch=150 | best_val_epoch=18 | test_MSE=0.327851090 | MAE=0.367454229 | RMSE=0.572582824 | params={'learning_rate': 0.005632101757002456, 'decay_rate': 1.9694164515409764e-05, 'hidden_size': 64, 'beta1': 0.95, 'beta2': 0.99, 'signal_len': 16, 'cheb_order': 3, 's': 5.8420357106051, 'batch_size': 256, 'k': 2}
Trial 164 finished with value 0.358367886 | dataset=ETTm1_96 | selection=last | epoch=150 | best_val_epoch=4 | test_MSE=0.325424676 | MAE=0.358367886 | RMSE=0.570460056 | params={'learning_rate': 0.005450898179525092, 'decay_rate': 0.0008250397000224771, 'hidden_size': 64, 'beta1': 0.95, 'beta2': 0.99, 'signal_len': 16, 'cheb_order': 3, 's': 4.286684572193211, 'batch_size': 64, 'k': 2}
Trial 165 finished with value 0.358647129 | dataset=ETTm1_96 | selection=last | epoch=150 | best_val_epoch=32 | test_MSE=0.325712437 | MAE=0.358647129 | RMSE=0.570712219 | params={'learning_rate': 0.006802078086958885, 'decay_rate': 0.0020774454205643024, 'hidden_size': 64, 'beta1': 0.95, 'beta2': 0.99, 'signal_len': 16, 'cheb_order': 3, 's': 4.710525390352142, 'batch_size': 64, 'k': 2}
Trial 166 finished with value 0.358345262 | dataset=ETTm1_96 | selection=last | epoch=150 | best_val_epoch=65 | test_MSE=0.325946188 | MAE=0.358345262 | RMSE=0.570916971 | params={'learning_rate': 0.04106220108918928, 'decay_rate': 0.0011011835421776458, 'hidden_size': 64, 'beta1': 0.95, 'beta2': 0.99, 'signal_len': 16, 'cheb_order': 3, 's': 3.9905378054683056, 'batch_size': 64, 'k': 2}
Trial 167 finished with value 0.358909057 | dataset=ETTm1_96 | selection=last | epoch=150 | best_val_epoch=26 | test_MSE=0.325930031 | MAE=0.358909057 | RMSE=0.570902821 | params={'learning_rate': 0.004650650106673766, 'decay_rate': 0.002742599795185957, 'hidden_size': 64, 'beta1': 0.95, 'beta2': 0.99, 'signal_len': 16, 'cheb_order': 3, 's': 4.266489109208213, 'batch_size': 64, 'k': 2}
