RUN study=ETTm1_720_ufgtime_plus_ett_main_config_mean_v1_mean_last | storage=sqlite:////home/xy/Research/UFGTime/UFGTime+/sqlite/ETTm1_720_ufgtime_plus_ett_main_config_mean_v1_mean_last.sqlite3 | trials_this_run=500 | log=/home/xy/Research/UFGTime/UFGTime+/logs/ETTm1_720_ufgtime_plus_ett_main_config_mean_v1_mean_last/20260920_045533_323506.log
Trial 0 finished with value 0.474832069 | dataset=ETTm1_720 | selection=last | epoch=150 | best_val_epoch=101 | test_MSE=0.528422844 | MAE=0.474832069 | RMSE=0.726926986 | params={'learning_rate': 0.027445187061326964, 'decay_rate': 0.03576231642495725, 'hidden_size': 16, 'beta1': 0.99, 'beta2': 0.95, 'signal_len': 64, 'cheb_order': 2, 's': 8.510316625376648, 'batch_size': 128, 'k': 6}
Trial 1 finished with value 0.473206304 | dataset=ETTm1_720 | selection=last | epoch=150 | best_val_epoch=141 | test_MSE=0.525701953 | MAE=0.473206304 | RMSE=0.725053069 | params={'learning_rate': 0.005922538549187971, 'decay_rate': 0.031999651856162915, 'hidden_size': 32, 'beta1': 0.99, 'beta2': 0.99, 'signal_len': 128, 'cheb_order': 2, 's': 4.989584388814139, 'batch_size': 32, 'k': 2}
Trial 2 finished with value 0.474043840 | dataset=ETTm1_720 | selection=last | epoch=150 | best_val_epoch=130 | test_MSE=0.533249150 | MAE=0.474043840 | RMSE=0.730239104 | params={'learning_rate': 0.01577826326269995, 'decay_rate': 0.018191901439421704, 'hidden_size': 64, 'beta1': 0.95, 'beta2': 0.95, 'signal_len': 128, 'cheb_order': 3, 's': 4.381654018882581, 'batch_size': 512, 'k': 4}
Trial 3 finished with value 0.473514692 | dataset=ETTm1_720 | selection=last | epoch=150 | best_val_epoch=96 | test_MSE=0.527275690 | MAE=0.473514692 | RMSE=0.726137514 | params={'learning_rate': 0.04883828679863496, 'decay_rate': 0.03024622753205485, 'hidden_size': 16, 'beta1': 0.95, 'beta2': 0.99, 'signal_len': 16, 'cheb_order': 3, 's': 9.370736158428306, 'batch_size': 256, 'k': 2}
Trial 4 finished with value 0.504540178 | dataset=ETTm1_720 | selection=last | epoch=150 | best_val_epoch=70 | test_MSE=0.565667715 | MAE=0.504540178 | RMSE=0.752108845 | params={'learning_rate': 0.029329781611156056, 'decay_rate': 0.0010151762339128028, 'hidden_size': 16, 'beta1': 0.99, 'beta2': 0.999, 'signal_len': 64, 'cheb_order': 2, 's': 3.74718886261069, 'batch_size': 512, 'k': 6}
Trial 5 finished with value 0.473355341 | dataset=ETTm1_720 | selection=last | epoch=150 | best_val_epoch=82 | test_MSE=0.525828781 | MAE=0.473355341 | RMSE=0.725140525 | params={'learning_rate': 0.036265461448183836, 'decay_rate': 0.025071205852515845, 'hidden_size': 16, 'beta1': 0.9, 'beta2': 0.95, 'signal_len': 128, 'cheb_order': 2, 's': 6.913487296728489, 'batch_size': 128, 'k': 6}
Trial 6 finished with value 0.474461368 | dataset=ETTm1_720 | selection=last | epoch=150 | best_val_epoch=4 | test_MSE=0.526120658 | MAE=0.474461368 | RMSE=0.725341753 | params={'learning_rate': 0.04031163751241383, 'decay_rate': 0.03519739029118291, 'hidden_size': 32, 'beta1': 0.9, 'beta2': 0.99, 'signal_len': 16, 'cheb_order': 3, 's': 5.136529875834814, 'batch_size': 128, 'k': 4}
Trial 7 finished with value 0.470714908 | dataset=ETTm1_720 | selection=last | epoch=150 | best_val_epoch=52 | test_MSE=0.523031415 | MAE=0.470714908 | RMSE=0.723209109 | params={'learning_rate': 0.036502228215578664, 'decay_rate': 0.008589767566299412, 'hidden_size': 16, 'beta1': 0.95, 'beta2': 0.99, 'signal_len': 64, 'cheb_order': 3, 's': 6.564297008096474, 'batch_size': 128, 'k': 2}
Trial 8 finished with value 0.475814606 | dataset=ETTm1_720 | selection=last | epoch=150 | best_val_epoch=73 | test_MSE=0.527424470 | MAE=0.475814606 | RMSE=0.726239953 | params={'learning_rate': 0.009317788363958005, 'decay_rate': 0.04721917577529684, 'hidden_size': 16, 'beta1': 0.99, 'beta2': 0.99, 'signal_len': 128, 'cheb_order': 3, 's': 9.080374508059045, 'batch_size': 32, 'k': 6}
Trial 9 finished with value 0.472350381 | dataset=ETTm1_720 | selection=last | epoch=150 | best_val_epoch=16 | test_MSE=0.524429700 | MAE=0.472350381 | RMSE=0.724175186 | params={'learning_rate': 0.016007657369615166, 'decay_rate': 0.01917936006965318, 'hidden_size': 32, 'beta1': 0.9, 'beta2': 0.99, 'signal_len': 32, 'cheb_order': 3, 's': 1.328398190685331, 'batch_size': 256, 'k': 4}
Trial 10 finished with value 0.513174781 | dataset=ETTm1_720 | selection=last | epoch=150 | best_val_epoch=40 | test_MSE=0.581825276 | MAE=0.513174781 | RMSE=0.762774722 | params={'learning_rate': 0.04760253803654846, 'decay_rate': 0.001276049259700803, 'hidden_size': 64, 'beta1': 0.95, 'beta2': 0.999, 'signal_len': 64, 'cheb_order': 3, 's': 7.26587594064285, 'batch_size': 64, 'k': 2}
Trial 11 finished with value 0.471269717 | dataset=ETTm1_720 | selection=last | epoch=150 | best_val_epoch=53 | test_MSE=0.523582929 | MAE=0.471269717 | RMSE=0.723590305 | params={'learning_rate': 0.01839903491473656, 'decay_rate': 0.012569189281125376, 'hidden_size': 32, 'beta1': 0.9, 'beta2': 0.99, 'signal_len': 32, 'cheb_order': 3, 's': 1.1498117700566004, 'batch_size': 256, 'k': 4}
Trial 12 finished with value 0.470671239 | dataset=ETTm1_720 | selection=last | epoch=150 | best_val_epoch=53 | test_MSE=0.523089929 | MAE=0.470671239 | RMSE=0.723249562 | params={'learning_rate': 0.01939917104259369, 'decay_rate': 0.008898642588605048, 'hidden_size': 32, 'beta1': 0.9, 'beta2': 0.99, 'signal_len': 32, 'cheb_order': 3, 's': 1.2374298557644865, 'batch_size': 256, 'k': 2}
Trial 13 finished with value 0.471330542 | dataset=ETTm1_720 | selection=last | epoch=150 | best_val_epoch=92 | test_MSE=0.523186500 | MAE=0.471330542 | RMSE=0.723316321 | params={'learning_rate': 0.03306098218238344, 'decay_rate': 0.011966404681989652, 'hidden_size': 32, 'beta1': 0.95, 'beta2': 0.99, 'signal_len': 32, 'cheb_order': 3, 's': 2.9544722788840203, 'batch_size': 64, 'k': 2}
Trial 14 finished with value 0.470725425 | dataset=ETTm1_720 | selection=last | epoch=150 | best_val_epoch=62 | test_MSE=0.522827664 | MAE=0.470725425 | RMSE=0.723068229 | params={'learning_rate': 0.022528278297505748, 'decay_rate': 0.008062571752713483, 'hidden_size': 64, 'beta1': 0.9, 'beta2': 0.99, 'signal_len': 32, 'cheb_order': 3, 's': 6.378563450979996, 'batch_size': 128, 'k': 2}
Trial 15 finished with value 0.496661824 | dataset=ETTm1_720 | selection=last | epoch=150 | best_val_epoch=2 | test_MSE=0.555336893 | MAE=0.496661824 | RMSE=0.745209295 | params={'learning_rate': 0.0005293226455401409, 'decay_rate': 0.011912428959774221, 'hidden_size': 16, 'beta1': 0.95, 'beta2': 0.999, 'signal_len': 64, 'cheb_order': 3, 's': 2.888006876401793, 'batch_size': 256, 'k': 2}
Trial 16 finished with value 0.470893258 | dataset=ETTm1_720 | selection=last | epoch=150 | best_val_epoch=85 | test_MSE=0.523270972 | MAE=0.470893258 | RMSE=0.723374711 | params={'learning_rate': 0.040932311184452924, 'decay_rate': 0.006778140820630177, 'hidden_size': 32, 'beta1': 0.9, 'beta2': 0.99, 'signal_len': 64, 'cheb_order': 3, 's': 7.783375109746617, 'batch_size': 128, 'k': 2}
Trial 17 finished with value 0.477152990 | dataset=ETTm1_720 | selection=last | epoch=150 | best_val_epoch=131 | test_MSE=0.527130147 | MAE=0.477152990 | RMSE=0.726037291 | params={'learning_rate': 0.023438205885374673, 'decay_rate': 0.019249470396048282, 'hidden_size': 16, 'beta1': 0.95, 'beta2': 0.99, 'signal_len': 32, 'cheb_order': 3, 's': 5.848971865354792, 'batch_size': 256, 'k': 4}
Trial 18 finished with value 0.470578660 | dataset=ETTm1_720 | selection=last | epoch=150 | best_val_epoch=52 | test_MSE=0.522998880 | MAE=0.470578660 | RMSE=0.723186615 | params={'learning_rate': 0.03293422184243647, 'decay_rate': 0.007122839773577898, 'hidden_size': 32, 'beta1': 0.95, 'beta2': 0.999, 'signal_len': 16, 'cheb_order': 2, 's': 2.475858406672561, 'batch_size': 32, 'k': 2}
Trial 19 finished with value 0.470068723 | dataset=ETTm1_720 | selection=last | epoch=150 | best_val_epoch=63 | test_MSE=0.522612030 | MAE=0.470068723 | RMSE=0.722919103 | params={'learning_rate': 0.010445578303074734, 'decay_rate': 0.003831094744318291, 'hidden_size': 32, 'beta1': 0.9, 'beta2': 0.999, 'signal_len': 16, 'cheb_order': 2, 's': 2.161470032296402, 'batch_size': 32, 'k': 2}
Trial 20 finished with value 0.470233619 | dataset=ETTm1_720 | selection=last | epoch=150 | best_val_epoch=58 | test_MSE=0.522753179 | MAE=0.470233619 | RMSE=0.723016721 | params={'learning_rate': 0.011944050149949592, 'decay_rate': 0.004517578232985145, 'hidden_size': 32, 'beta1': 0.9, 'beta2': 0.999, 'signal_len': 16, 'cheb_order': 2, 's': 2.4952846330695784, 'batch_size': 32, 'k': 4}
Trial 21 finished with value 0.469876598 | dataset=ETTm1_720 | selection=last | epoch=150 | best_val_epoch=52 | test_MSE=0.522475296 | MAE=0.469876598 | RMSE=0.722824527 | params={'learning_rate': 0.01000498478389588, 'decay_rate': 0.0031963193243600297, 'hidden_size': 32, 'beta1': 0.9, 'beta2': 0.999, 'signal_len': 16, 'cheb_order': 2, 's': 2.5117110099000817, 'batch_size': 32, 'k': 4}
Trial 22 finished with value 0.482181145 | dataset=ETTm1_720 | selection=last | epoch=150 | best_val_epoch=3 | test_MSE=0.531028711 | MAE=0.482181145 | RMSE=0.728717168 | params={'learning_rate': 0.011359334229789263, 'decay_rate': 3.39436856997017e-05, 'hidden_size': 32, 'beta1': 0.9, 'beta2': 0.999, 'signal_len': 16, 'cheb_order': 2, 's': 2.3064903971723476, 'batch_size': 32, 'k': 4}
Trial 23 finished with value 0.478006368 | dataset=ETTm1_720 | selection=last | epoch=150 | best_val_epoch=3 | test_MSE=0.516937897 | MAE=0.478006368 | RMSE=0.718983934 | params={'learning_rate': 0.001943297054534738, 'decay_rate': 0.0037088418794703447, 'hidden_size': 32, 'beta1': 0.9, 'beta2': 0.999, 'signal_len': 16, 'cheb_order': 2, 's': 4.029749127161244, 'batch_size': 32, 'k': 4}
Trial 24 finished with value 0.470266343 | dataset=ETTm1_720 | selection=last | epoch=150 | best_val_epoch=63 | test_MSE=0.522780195 | MAE=0.470266343 | RMSE=0.723035404 | params={'learning_rate': 0.010682601046148061, 'decay_rate': 0.004749643346935827, 'hidden_size': 32, 'beta1': 0.9, 'beta2': 0.999, 'signal_len': 16, 'cheb_order': 2, 's': 1.9715869957862129, 'batch_size': 32, 'k': 4}
Trial 25 finished with value 0.472035983 | dataset=ETTm1_720 | selection=last | epoch=150 | best_val_epoch=52 | test_MSE=0.524176635 | MAE=0.472035983 | RMSE=0.724000438 | params={'learning_rate': 0.005293824294390388, 'decay_rate': 0.015986711401233023, 'hidden_size': 32, 'beta1': 0.9, 'beta2': 0.999, 'signal_len': 16, 'cheb_order': 2, 's': 3.377832281944588, 'batch_size': 32, 'k': 4}
Trial 26 finished with value 0.473171493 | dataset=ETTm1_720 | selection=last | epoch=150 | best_val_epoch=75 | test_MSE=0.525097361 | MAE=0.473171493 | RMSE=0.724636019 | params={'learning_rate': 0.01379117128331251, 'decay_rate': 0.02371530902564821, 'hidden_size': 32, 'beta1': 0.9, 'beta2': 0.999, 'signal_len': 16, 'cheb_order': 2, 's': 1.8954185863732913, 'batch_size': 32, 'k': 6}
Trial 27 finished with value 0.475827784 | dataset=ETTm1_720 | selection=last | epoch=150 | best_val_epoch=76 | test_MSE=0.527499375 | MAE=0.475827784 | RMSE=0.726291522 | params={'learning_rate': 0.007110747991578719, 'decay_rate': 0.04640681152248512, 'hidden_size': 64, 'beta1': 0.9, 'beta2': 0.999, 'signal_len': 16, 'cheb_order': 2, 's': 4.631942060483242, 'batch_size': 32, 'k': 4}
Trial 28 finished with value 0.469764644 | dataset=ETTm1_720 | selection=last | epoch=150 | best_val_epoch=76 | test_MSE=0.522246741 | MAE=0.469764644 | RMSE=0.722666410 | params={'learning_rate': 0.0034163364422690554, 'decay_rate': 0.004230895416144485, 'hidden_size': 32, 'beta1': 0.9, 'beta2': 0.999, 'signal_len': 16, 'cheb_order': 2, 's': 3.2593473409022877, 'batch_size': 32, 'k': 4}
Trial 29 finished with value 0.473957756 | dataset=ETTm1_720 | selection=last | epoch=150 | best_val_epoch=20 | test_MSE=0.521966600 | MAE=0.473957756 | RMSE=0.722472560 | params={'learning_rate': 0.0039290155356982, 'decay_rate': 0.04240128229325578, 'hidden_size': 32, 'beta1': 0.99, 'beta2': 0.95, 'signal_len': 16, 'cheb_order': 2, 's': 3.369077041644788, 'batch_size': 512, 'k': 6}
Trial 30 finished with value 0.471785831 | dataset=ETTm1_720 | selection=last | epoch=150 | best_val_epoch=3 | test_MSE=0.524046012 | MAE=0.471785831 | RMSE=0.723910224 | params={'learning_rate': 0.008399635358258276, 'decay_rate': 0.014795283635866815, 'hidden_size': 32, 'beta1': 0.9, 'beta2': 0.999, 'signal_len': 16, 'cheb_order': 2, 's': 1.8828045507487308, 'batch_size': 64, 'k': 6}
Trial 31 finished with value 0.470366921 | dataset=ETTm1_720 | selection=last | epoch=150 | best_val_epoch=63 | test_MSE=0.522875487 | MAE=0.470366921 | RMSE=0.723101298 | params={'learning_rate': 0.012512980847019912, 'decay_rate': 0.005024345508940046, 'hidden_size': 32, 'beta1': 0.9, 'beta2': 0.999, 'signal_len': 16, 'cheb_order': 2, 's': 2.7097821339267907, 'batch_size': 32, 'k': 4}
Trial 32 finished with value 0.469656441 | dataset=ETTm1_720 | selection=last | epoch=150 | best_val_epoch=76 | test_MSE=0.522150557 | MAE=0.469656441 | RMSE=0.722599860 | params={'learning_rate': 0.004596011225504201, 'decay_rate': 0.003521177939387203, 'hidden_size': 32, 'beta1': 0.9, 'beta2': 0.999, 'signal_len': 16, 'cheb_order': 2, 's': 3.404794820254105, 'batch_size': 32, 'k': 4}
Trial 33 finished with value 0.480650499 | dataset=ETTm1_720 | selection=last | epoch=150 | best_val_epoch=146 | test_MSE=0.524497202 | MAE=0.480650499 | RMSE=0.724221790 | params={'learning_rate': 0.0031475000487858123, 'decay_rate': 0.001180541681949511, 'hidden_size': 32, 'beta1': 0.9, 'beta2': 0.999, 'signal_len': 16, 'cheb_order': 2, 's': 3.569980087667777, 'batch_size': 32, 'k': 4}
Trial 34 finished with value 0.470862215 | dataset=ETTm1_720 | selection=last | epoch=150 | best_val_epoch=83 | test_MSE=0.523028715 | MAE=0.470862215 | RMSE=0.723207242 | params={'learning_rate': 0.006586615116908615, 'decay_rate': 0.01013603446913514, 'hidden_size': 32, 'beta1': 0.99, 'beta2': 0.95, 'signal_len': 16, 'cheb_order': 2, 's': 4.361396026295138, 'batch_size': 32, 'k': 4}
Trial 35 finished with value 0.483355389 | dataset=ETTm1_720 | selection=last | epoch=150 | best_val_epoch=26 | test_MSE=0.527980931 | MAE=0.483355389 | RMSE=0.726622963 | params={'learning_rate': 0.0009892169328036106, 'decay_rate': 0.002765447737421099, 'hidden_size': 64, 'beta1': 0.9, 'beta2': 0.999, 'signal_len': 16, 'cheb_order': 2, 's': 5.251048247949394, 'batch_size': 32, 'k': 4}
Trial 36 finished with value 0.473330171 | dataset=ETTm1_720 | selection=last | epoch=150 | best_val_epoch=105 | test_MSE=0.523915142 | MAE=0.473330171 | RMSE=0.723819827 | params={'learning_rate': 0.015055398191875435, 'decay_rate': 0.02463095022000346, 'hidden_size': 32, 'beta1': 0.9, 'beta2': 0.999, 'signal_len': 128, 'cheb_order': 2, 's': 3.1169257795301997, 'batch_size': 512, 'k': 4}
Trial 37 finished with value 0.470225631 | dataset=ETTm1_720 | selection=last | epoch=150 | best_val_epoch=76 | test_MSE=0.522681663 | MAE=0.470225631 | RMSE=0.722967263 | params={'learning_rate': 0.0049482318842757975, 'decay_rate': 0.005985773310051592, 'hidden_size': 32, 'beta1': 0.9, 'beta2': 0.999, 'signal_len': 16, 'cheb_order': 2, 's': 4.089473317076809, 'batch_size': 32, 'k': 6}
Trial 38 finished with value 0.474914626 | dataset=ETTm1_720 | selection=last | epoch=150 | best_val_epoch=118 | test_MSE=0.526804190 | MAE=0.474914626 | RMSE=0.725812779 | params={'learning_rate': 0.02689022940431414, 'decay_rate': 0.015785299482884214, 'hidden_size': 32, 'beta1': 0.99, 'beta2': 0.95, 'signal_len': 16, 'cheb_order': 2, 's': 9.917231902312682, 'batch_size': 32, 'k': 4}
Trial 39 finished with value 0.473787672 | dataset=ETTm1_720 | selection=last | epoch=150 | best_val_epoch=62 | test_MSE=0.525878901 | MAE=0.473787672 | RMSE=0.725175083 | params={'learning_rate': 0.0086846855919355, 'decay_rate': 0.028820107520937464, 'hidden_size': 64, 'beta1': 0.9, 'beta2': 0.999, 'signal_len': 128, 'cheb_order': 2, 's': 3.837512215829977, 'batch_size': 32, 'k': 2}
Trial 40 finished with value 0.479649672 | dataset=ETTm1_720 | selection=last | epoch=150 | best_val_epoch=65 | test_MSE=0.518041317 | MAE=0.479649672 | RMSE=0.719750872 | params={'learning_rate': 0.019539120200958215, 'decay_rate': 0.003288107476510208, 'hidden_size': 32, 'beta1': 0.9, 'beta2': 0.999, 'signal_len': 16, 'cheb_order': 2, 's': 1.6152310343522363, 'batch_size': 512, 'k': 4}
Trial 41 finished with value 0.470473272 | dataset=ETTm1_720 | selection=last | epoch=150 | best_val_epoch=3 | test_MSE=0.522952222 | MAE=0.470473272 | RMSE=0.723154356 | params={'learning_rate': 0.004303355188444156, 'decay_rate': 0.006912094628614614, 'hidden_size': 32, 'beta1': 0.9, 'beta2': 0.999, 'signal_len': 16, 'cheb_order': 2, 's': 4.844418598531717, 'batch_size': 32, 'k': 6}
Trial 42 finished with value 0.470323233 | dataset=ETTm1_720 | selection=last | epoch=150 | best_val_epoch=4 | test_MSE=0.522821312 | MAE=0.470323233 | RMSE=0.723063837 | params={'learning_rate': 0.0065044701009534574, 'decay_rate': 0.005954684024993679, 'hidden_size': 32, 'beta1': 0.9, 'beta2': 0.999, 'signal_len': 16, 'cheb_order': 2, 's': 4.026788884992586, 'batch_size': 32, 'k': 6}
Trial 43 finished with value 0.470914015 | dataset=ETTm1_720 | selection=last | epoch=150 | best_val_epoch=63 | test_MSE=0.523270929 | MAE=0.470914015 | RMSE=0.723374681 | params={'learning_rate': 0.003078193976387031, 'decay_rate': 0.01026390877084741, 'hidden_size': 32, 'beta1': 0.9, 'beta2': 0.999, 'signal_len': 16, 'cheb_order': 2, 's': 2.2293077615460133, 'batch_size': 32, 'k': 6}
Trial 44 finished with value 0.488243009 | dataset=ETTm1_720 | selection=last | epoch=150 | best_val_epoch=88 | test_MSE=0.537535218 | MAE=0.488243009 | RMSE=0.733167933 | params={'learning_rate': 0.00024387242005861204, 'decay_rate': 0.00021597510446953998, 'hidden_size': 32, 'beta1': 0.9, 'beta2': 0.999, 'signal_len': 16, 'cheb_order': 2, 's': 4.344622949103365, 'batch_size': 32, 'k': 6}
Trial 45 finished with value 0.559964985 | dataset=ETTm1_720 | selection=last | epoch=150 | best_val_epoch=36 | test_MSE=0.670431214 | MAE=0.559964985 | RMSE=0.818798641 | params={'learning_rate': 0.009529666784605824, 'decay_rate': 0.002152482441637559, 'hidden_size': 16, 'beta1': 0.9, 'beta2': 0.999, 'signal_len': 128, 'cheb_order': 2, 's': 3.1917211498502116, 'batch_size': 64, 'k': 4}
Trial 46 finished with value 0.478337250 | dataset=ETTm1_720 | selection=last | epoch=150 | best_val_epoch=125 | test_MSE=0.532647787 | MAE=0.478337250 | RMSE=0.729827231 | params={'learning_rate': 0.017067674907493426, 'decay_rate': 0.013705244654605273, 'hidden_size': 32, 'beta1': 0.99, 'beta2': 0.95, 'signal_len': 16, 'cheb_order': 2, 's': 5.598652134202074, 'batch_size': 32, 'k': 4}
Trial 47 finished with value 0.470899440 | dataset=ETTm1_720 | selection=last | epoch=150 | best_val_epoch=49 | test_MSE=0.523402747 | MAE=0.470899440 | RMSE=0.723465788 | params={'learning_rate': 0.005247190724330931, 'decay_rate': 0.009622573401623476, 'hidden_size': 32, 'beta1': 0.9, 'beta2': 0.999, 'signal_len': 64, 'cheb_order': 2, 's': 2.7764067572191, 'batch_size': 32, 'k': 2}
Trial 48 finished with value 0.472764266 | dataset=ETTm1_720 | selection=last | epoch=150 | best_val_epoch=24 | test_MSE=0.524799598 | MAE=0.472764266 | RMSE=0.724430533 | params={'learning_rate': 0.013581211190548916, 'decay_rate': 0.021121286489954257, 'hidden_size': 32, 'beta1': 0.9, 'beta2': 0.999, 'signal_len': 16, 'cheb_order': 2, 's': 3.6566043886375867, 'batch_size': 128, 'k': 6}
Trial 49 finished with value 0.474574652 | dataset=ETTm1_720 | selection=last | epoch=150 | best_val_epoch=64 | test_MSE=0.526297946 | MAE=0.474574652 | RMSE=0.725463952 | params={'learning_rate': 0.007289918238695174, 'decay_rate': 0.035375737510186675, 'hidden_size': 16, 'beta1': 0.9, 'beta2': 0.999, 'signal_len': 16, 'cheb_order': 2, 's': 1.532142343417585, 'batch_size': 32, 'k': 2}
Trial 50 finished with value 0.486581093 | dataset=ETTm1_720 | selection=last | epoch=150 | best_val_epoch=114 | test_MSE=0.535348000 | MAE=0.486581093 | RMSE=0.731674791 | params={'learning_rate': 0.010302428183173394, 'decay_rate': 0.0032599967292256346, 'hidden_size': 64, 'beta1': 0.95, 'beta2': 0.999, 'signal_len': 64, 'cheb_order': 2, 's': 4.216081564763368, 'batch_size': 64, 'k': 4}
Trial 51 finished with value 0.470382211 | dataset=ETTm1_720 | selection=last | epoch=150 | best_val_epoch=63 | test_MSE=0.522879608 | MAE=0.470382211 | RMSE=0.723104147 | params={'learning_rate': 0.012691379496502148, 'decay_rate': 0.005069973102624578, 'hidden_size': 32, 'beta1': 0.9, 'beta2': 0.999, 'signal_len': 16, 'cheb_order': 2, 's': 2.3931000234255233, 'batch_size': 32, 'k': 4}
Trial 52 finished with value 0.470680700 | dataset=ETTm1_720 | selection=last | epoch=150 | best_val_epoch=3 | test_MSE=0.523124648 | MAE=0.470680700 | RMSE=0.723273564 | params={'learning_rate': 0.0033162738570630054, 'decay_rate': 0.008017696178313435, 'hidden_size': 32, 'beta1': 0.9, 'beta2': 0.999, 'signal_len': 16, 'cheb_order': 2, 's': 2.6620858196353896, 'batch_size': 32, 'k': 4}
Trial 53 finished with value 0.472510602 | dataset=ETTm1_720 | selection=last | epoch=150 | best_val_epoch=118 | test_MSE=0.524901737 | MAE=0.472510602 | RMSE=0.724501026 | params={'learning_rate': 0.021479647411361314, 'decay_rate': 0.005078347036572636, 'hidden_size': 32, 'beta1': 0.9, 'beta2': 0.999, 'signal_len': 16, 'cheb_order': 2, 's': 3.130915474080355, 'batch_size': 32, 'k': 4}
Trial 54 finished with value 0.471310469 | dataset=ETTm1_720 | selection=last | epoch=150 | best_val_epoch=52 | test_MSE=0.523645148 | MAE=0.471310469 | RMSE=0.723633296 | params={'learning_rate': 0.011436664202191553, 'decay_rate': 0.011119407786079009, 'hidden_size': 32, 'beta1': 0.9, 'beta2': 0.999, 'signal_len': 16, 'cheb_order': 2, 's': 1.9962152163669555, 'batch_size': 32, 'k': 4}
