Trial 166 finished with value 0.430220005 | dataset=ETTm1_192 | selection=last | epoch=150 | best_val_epoch=52 | test_MSE=0.420765915 | MAE=0.430220005 | RMSE=0.648664717 | params={'learning_rate': 0.04021543497749135, 'decay_rate': 0.001893522908871323, 'hidden_size': 32, 'beta1': 0.99, 'beta2': 0.95, 'signal_len': 128, 'cheb_order': 2, 's': 2.360226571863079, 'batch_size': 512, 'k': 6}
Trial 167 finished with value 0.381706194 | dataset=ETTm1_192 | selection=last | epoch=150 | best_val_epoch=53 | test_MSE=0.368771055 | MAE=0.381706194 | RMSE=0.607265226 | params={'learning_rate': 0.045358243071797366, 'decay_rate': 0.001128758873710283, 'hidden_size': 16, 'beta1': 0.99, 'beta2': 0.999, 'signal_len': 128, 'cheb_order': 2, 's': 3.8586926449556525, 'batch_size': 128, 'k': 6}
Trial 168 finished with value 0.382274579 | dataset=ETTm1_192 | selection=last | epoch=150 | best_val_epoch=72 | test_MSE=0.368758414 | MAE=0.382274579 | RMSE=0.607254818 | params={'learning_rate': 0.04191993058740083, 'decay_rate': 0.004121257989326147, 'hidden_size': 16, 'beta1': 0.99, 'beta2': 0.999, 'signal_len': 128, 'cheb_order': 2, 's': 3.188762571963794, 'batch_size': 128, 'k': 6}
Trial 169 finished with value 0.381662459 | dataset=ETTm1_192 | selection=last | epoch=150 | best_val_epoch=19 | test_MSE=0.368725704 | MAE=0.381662459 | RMSE=0.607227885 | params={'learning_rate': 0.04789753425023513, 'decay_rate': 0.0009568756114636378, 'hidden_size': 16, 'beta1': 0.99, 'beta2': 0.999, 'signal_len': 128, 'cheb_order': 2, 's': 2.6628232757605104, 'batch_size': 128, 'k': 6}
Trial 170 finished with value 0.381908820 | dataset=ETTm1_192 | selection=last | epoch=150 | best_val_epoch=85 | test_MSE=0.368347979 | MAE=0.381908820 | RMSE=0.606916781 | params={'learning_rate': 0.03935000597704453, 'decay_rate': 0.0024249727807742387, 'hidden_size': 16, 'beta1': 0.99, 'beta2': 0.999, 'signal_len': 128, 'cheb_order': 2, 's': 3.663118142395008, 'batch_size': 128, 'k': 6}
Trial 171 finished with value 0.381687987 | dataset=ETTm1_192 | selection=last | epoch=150 | best_val_epoch=19 | test_MSE=0.368753795 | MAE=0.381687987 | RMSE=0.607251015 | params={'learning_rate': 0.04506049040049715, 'decay_rate': 0.0009728055072286581, 'hidden_size': 16, 'beta1': 0.99, 'beta2': 0.999, 'signal_len': 128, 'cheb_order': 2, 's': 3.340641333472648, 'batch_size': 128, 'k': 6}
Trial 172 finished with value 0.381831259 | dataset=ETTm1_192 | selection=last | epoch=150 | best_val_epoch=53 | test_MSE=0.368823679 | MAE=0.381831259 | RMSE=0.607308553 | params={'learning_rate': 0.04646241785087537, 'decay_rate': 0.0018596303806371157, 'hidden_size': 16, 'beta1': 0.99, 'beta2': 0.999, 'signal_len': 128, 'cheb_order': 2, 's': 3.2200132683717886, 'batch_size': 128, 'k': 6}
Trial 173 finished with value 0.381566237 | dataset=ETTm1_192 | selection=last | epoch=150 | best_val_epoch=23 | test_MSE=0.368642128 | MAE=0.381566237 | RMSE=0.607159064 | params={'learning_rate': 0.0440588972255065, 'decay_rate': 0.0007683688041072246, 'hidden_size': 16, 'beta1': 0.99, 'beta2': 0.999, 'signal_len': 128, 'cheb_order': 2, 's': 2.979891911840724, 'batch_size': 128, 'k': 6}
Trial 174 finished with value 0.382142181 | dataset=ETTm1_192 | selection=last | epoch=150 | best_val_epoch=81 | test_MSE=0.368674879 | MAE=0.382142181 | RMSE=0.607186033 | params={'learning_rate': 0.04409382661445812, 'decay_rate': 0.0033552628215814764, 'hidden_size': 16, 'beta1': 0.99, 'beta2': 0.999, 'signal_len': 128, 'cheb_order': 2, 's': 2.9759825111642346, 'batch_size': 128, 'k': 6}
Trial 175 finished with value 0.436300382 | dataset=ETTm1_192 | selection=last | epoch=150 | best_val_epoch=8 | test_MSE=0.433380781 | MAE=0.436300382 | RMSE=0.658316627 | params={'learning_rate': 0.04318304709478042, 'decay_rate': 0.0003758758178054162, 'hidden_size': 16, 'beta1': 0.99, 'beta2': 0.999, 'signal_len': 128, 'cheb_order': 2, 's': 2.7718769134457792, 'batch_size': 128, 'k': 6}
Trial 176 finished with value 0.382260120 | dataset=ETTm1_192 | selection=last | epoch=150 | best_val_epoch=59 | test_MSE=0.369120890 | MAE=0.382260120 | RMSE=0.607553199 | params={'learning_rate': 0.041617558671290314, 'decay_rate': 0.0020552080055647945, 'hidden_size': 16, 'beta1': 0.99, 'beta2': 0.999, 'signal_len': 128, 'cheb_order': 2, 's': 1.4926631736915152, 'batch_size': 64, 'k': 6}
Trial 177 finished with value 0.390256100 | dataset=ETTm1_192 | selection=last | epoch=150 | best_val_epoch=43 | test_MSE=0.373138572 | MAE=0.390256100 | RMSE=0.610850695 | params={'learning_rate': 0.04072059449377509, 'decay_rate': 1.9131284367453227e-05, 'hidden_size': 16, 'beta1': 0.99, 'beta2': 0.999, 'signal_len': 32, 'cheb_order': 2, 's': 3.0541148756007956, 'batch_size': 128, 'k': 6}
Trial 178 finished with value 0.382124057 | dataset=ETTm1_192 | selection=last | epoch=150 | best_val_epoch=69 | test_MSE=0.368707798 | MAE=0.382124057 | RMSE=0.607213141 | params={'learning_rate': 0.042574016765162495, 'decay_rate': 0.0030133982771688122, 'hidden_size': 16, 'beta1': 0.99, 'beta2': 0.999, 'signal_len': 128, 'cheb_order': 2, 's': 2.58234035584734, 'batch_size': 128, 'k': 6}
Trial 179 finished with value 0.382226919 | dataset=ETTm1_192 | selection=last | epoch=150 | best_val_epoch=80 | test_MSE=0.369263068 | MAE=0.382226919 | RMSE=0.607670197 | params={'learning_rate': 0.04624432551366356, 'decay_rate': 0.0015471683788670259, 'hidden_size': 16, 'beta1': 0.9, 'beta2': 0.999, 'signal_len': 128, 'cheb_order': 2, 's': 2.278673953090569, 'batch_size': 128, 'k': 4}
Trial 180 finished with value 0.382307693 | dataset=ETTm1_192 | selection=last | epoch=150 | best_val_epoch=50 | test_MSE=0.369119870 | MAE=0.382307693 | RMSE=0.607552360 | params={'learning_rate': 0.04382886376178787, 'decay_rate': 0.0045348201820625805, 'hidden_size': 16, 'beta1': 0.99, 'beta2': 0.999, 'signal_len': 128, 'cheb_order': 2, 's': 1.9038029994204835, 'batch_size': 128, 'k': 6}
Trial 181 finished with value 0.381539028 | dataset=ETTm1_192 | selection=last | epoch=150 | best_val_epoch=59 | test_MSE=0.368346914 | MAE=0.381539028 | RMSE=0.606915903 | params={'learning_rate': 0.044611490945325655, 'decay_rate': 0.0008269958243838064, 'hidden_size': 16, 'beta1': 0.99, 'beta2': 0.999, 'signal_len': 128, 'cheb_order': 2, 's': 3.460096375160299, 'batch_size': 128, 'k': 6}
Trial 182 finished with value 0.441316636 | dataset=ETTm1_192 | selection=last | epoch=150 | best_val_epoch=49 | test_MSE=0.479025688 | MAE=0.441316636 | RMSE=0.692116817 | params={'learning_rate': 0.04515650310018018, 'decay_rate': 5.178683154099498e-05, 'hidden_size': 16, 'beta1': 0.99, 'beta2': 0.999, 'signal_len': 128, 'cheb_order': 2, 's': 3.5621187738401936, 'batch_size': 128, 'k': 6}
Trial 183 finished with value 0.383100738 | dataset=ETTm1_192 | selection=last | epoch=150 | best_val_epoch=106 | test_MSE=0.371955106 | MAE=0.383100738 | RMSE=0.609881223 | params={'learning_rate': 0.049286431864138794, 'decay_rate': 0.0011021378039836067, 'hidden_size': 16, 'beta1': 0.99, 'beta2': 0.999, 'signal_len': 128, 'cheb_order': 2, 's': 2.938846064929933, 'batch_size': 128, 'k': 6}
Trial 184 finished with value 0.381966125 | dataset=ETTm1_192 | selection=last | epoch=150 | best_val_epoch=16 | test_MSE=0.368923639 | MAE=0.381966125 | RMSE=0.607390845 | params={'learning_rate': 0.04749499127774169, 'decay_rate': 0.002412000473040668, 'hidden_size': 16, 'beta1': 0.99, 'beta2': 0.999, 'signal_len': 128, 'cheb_order': 2, 's': 3.457934633218543, 'batch_size': 128, 'k': 6}
Trial 185 finished with value 0.381638922 | dataset=ETTm1_192 | selection=last | epoch=150 | best_val_epoch=81 | test_MSE=0.368392477 | MAE=0.381638922 | RMSE=0.606953439 | params={'learning_rate': 0.0425954628803903, 'decay_rate': 0.0011910461997588179, 'hidden_size': 16, 'beta1': 0.99, 'beta2': 0.999, 'signal_len': 128, 'cheb_order': 2, 's': 3.179585629931617, 'batch_size': 128, 'k': 6}
Trial 186 finished with value 0.381561111 | dataset=ETTm1_192 | selection=last | epoch=150 | best_val_epoch=53 | test_MSE=0.368651244 | MAE=0.381561111 | RMSE=0.607166571 | params={'learning_rate': 0.04297265268509329, 'decay_rate': 0.0009893687867457623, 'hidden_size': 16, 'beta1': 0.99, 'beta2': 0.999, 'signal_len': 128, 'cheb_order': 2, 's': 3.213676235109489, 'batch_size': 128, 'k': 6}
Trial 187 finished with value 0.382156565 | dataset=ETTm1_192 | selection=last | epoch=150 | best_val_epoch=55 | test_MSE=0.369015090 | MAE=0.382156565 | RMSE=0.607466123 | params={'learning_rate': 0.04439577857228375, 'decay_rate': 0.003583855935701632, 'hidden_size': 16, 'beta1': 0.99, 'beta2': 0.999, 'signal_len': 128, 'cheb_order': 2, 's': 3.9654070055878967, 'batch_size': 128, 'k': 6}
Trial 188 finished with value 0.434874469 | dataset=ETTm1_192 | selection=last | epoch=150 | best_val_epoch=21 | test_MSE=0.438446661 | MAE=0.434874469 | RMSE=0.662153050 | params={'learning_rate': 0.043503979627772194, 'decay_rate': 5.5623091627745626e-05, 'hidden_size': 16, 'beta1': 0.99, 'beta2': 0.999, 'signal_len': 128, 'cheb_order': 2, 's': 3.332798591184267, 'batch_size': 128, 'k': 6}
Trial 189 finished with value 0.381956264 | dataset=ETTm1_192 | selection=last | epoch=150 | best_val_epoch=84 | test_MSE=0.368665042 | MAE=0.381956264 | RMSE=0.607177933 | params={'learning_rate': 0.04132807282632043, 'decay_rate': 0.002109995272883171, 'hidden_size': 32, 'beta1': 0.99, 'beta2': 0.999, 'signal_len': 128, 'cheb_order': 2, 's': 2.8928591449320273, 'batch_size': 128, 'k': 6}
Trial 190 finished with value 0.381564376 | dataset=ETTm1_192 | selection=last | epoch=150 | best_val_epoch=53 | test_MSE=0.368664122 | MAE=0.381564376 | RMSE=0.607177175 | params={'learning_rate': 0.046734377195394736, 'decay_rate': 0.0009287252351369483, 'hidden_size': 16, 'beta1': 0.99, 'beta2': 0.999, 'signal_len': 128, 'cheb_order': 3, 's': 3.7366376462123316, 'batch_size': 128, 'k': 2}
Trial 191 finished with value 0.381440527 | dataset=ETTm1_192 | selection=last | epoch=150 | best_val_epoch=81 | test_MSE=0.368280370 | MAE=0.381440527 | RMSE=0.606861079 | params={'learning_rate': 0.04689223184201493, 'decay_rate': 0.0007030514198697919, 'hidden_size': 16, 'beta1': 0.99, 'beta2': 0.999, 'signal_len': 128, 'cheb_order': 3, 's': 3.7086629315577877, 'batch_size': 128, 'k': 2}
Trial 192 finished with value 0.381575341 | dataset=ETTm1_192 | selection=last | epoch=150 | best_val_epoch=23 | test_MSE=0.368644196 | MAE=0.381575341 | RMSE=0.607160766 | params={'learning_rate': 0.04640191576528576, 'decay_rate': 0.0008125280273065322, 'hidden_size': 16, 'beta1': 0.99, 'beta2': 0.999, 'signal_len': 128, 'cheb_order': 3, 's': 3.718888940256843, 'batch_size': 128, 'k': 2}
Trial 193 finished with value 0.381885972 | dataset=ETTm1_192 | selection=last | epoch=150 | best_val_epoch=53 | test_MSE=0.368835317 | MAE=0.381885972 | RMSE=0.607318135 | params={'learning_rate': 0.048535511349726404, 'decay_rate': 0.002551941867654559, 'hidden_size': 16, 'beta1': 0.99, 'beta2': 0.999, 'signal_len': 128, 'cheb_order': 3, 's': 3.856518402143312, 'batch_size': 128, 'k': 2}
Trial 194 finished with value 0.381563650 | dataset=ETTm1_192 | selection=last | epoch=150 | best_val_epoch=58 | test_MSE=0.368366957 | MAE=0.381563650 | RMSE=0.606932416 | params={'learning_rate': 0.04639580687260163, 'decay_rate': 0.0007857411125570394, 'hidden_size': 16, 'beta1': 0.99, 'beta2': 0.999, 'signal_len': 128, 'cheb_order': 3, 's': 3.687372537510537, 'batch_size': 128, 'k': 2}
Trial 195 finished with value 0.381594699 | dataset=ETTm1_192 | selection=last | epoch=150 | best_val_epoch=55 | test_MSE=0.368630362 | MAE=0.381594699 | RMSE=0.607149374 | params={'learning_rate': 0.04684275559727038, 'decay_rate': 0.0007352851495355601, 'hidden_size': 16, 'beta1': 0.99, 'beta2': 0.999, 'signal_len': 128, 'cheb_order': 3, 's': 4.192567748000832, 'batch_size': 128, 'k': 2}
Trial 196 finished with value 0.382453970 | dataset=ETTm1_192 | selection=last | epoch=150 | best_val_epoch=66 | test_MSE=0.370129353 | MAE=0.382453970 | RMSE=0.608382571 | params={'learning_rate': 0.04730481699227809, 'decay_rate': 0.0017839898087749126, 'hidden_size': 16, 'beta1': 0.99, 'beta2': 0.999, 'signal_len': 16, 'cheb_order': 3, 's': 3.6898101435747472, 'batch_size': 256, 'k': 2}
Trial 197 finished with value 0.464868071 | dataset=ETTm1_192 | selection=last | epoch=150 | best_val_epoch=69 | test_MSE=0.493169508 | MAE=0.464868071 | RMSE=0.702260285 | params={'learning_rate': 0.04629748627396214, 'decay_rate': 0.0001140445124558758, 'hidden_size': 16, 'beta1': 0.95, 'beta2': 0.95, 'signal_len': 128, 'cheb_order': 3, 's': 3.5643770399244437, 'batch_size': 128, 'k': 2}
Trial 198 finished with value 0.383443308 | dataset=ETTm1_192 | selection=last | epoch=150 | best_val_epoch=17 | test_MSE=0.369956225 | MAE=0.383443308 | RMSE=0.608240269 | params={'learning_rate': 0.04839090343283428, 'decay_rate': 0.0030989549434446133, 'hidden_size': 16, 'beta1': 0.99, 'beta2': 0.999, 'signal_len': 128, 'cheb_order': 3, 's': 4.015610286081287, 'batch_size': 512, 'k': 2}
Trial 199 finished with value 0.381848727 | dataset=ETTm1_192 | selection=last | epoch=150 | best_val_epoch=59 | test_MSE=0.368480392 | MAE=0.381848727 | RMSE=0.607025858 | params={'learning_rate': 0.045455019555915625, 'decay_rate': 0.001979376205173711, 'hidden_size': 16, 'beta1': 0.99, 'beta2': 0.999, 'signal_len': 128, 'cheb_order': 3, 's': 3.7531512254775588, 'batch_size': 128, 'k': 2}
Trial 200 finished with value 0.390744687 | dataset=ETTm1_192 | selection=last | epoch=150 | best_val_epoch=94 | test_MSE=0.376455980 | MAE=0.390744687 | RMSE=0.613560087 | params={'learning_rate': 0.04698770993498318, 'decay_rate': 0.045886995674719155, 'hidden_size': 16, 'beta1': 0.99, 'beta2': 0.999, 'signal_len': 128, 'cheb_order': 3, 's': 3.400558536127029, 'batch_size': 128, 'k': 2}
Trial 201 finished with value 0.381613208 | dataset=ETTm1_192 | selection=last | epoch=150 | best_val_epoch=69 | test_MSE=0.368355899 | MAE=0.381613208 | RMSE=0.606923305 | params={'learning_rate': 0.04584621903062548, 'decay_rate': 0.0008994326635942314, 'hidden_size': 16, 'beta1': 0.99, 'beta2': 0.999, 'signal_len': 128, 'cheb_order': 3, 's': 3.0949911752690893, 'batch_size': 128, 'k': 2}
Trial 202 finished with value 0.458175193 | dataset=ETTm1_192 | selection=last | epoch=150 | best_val_epoch=23 | test_MSE=0.492725144 | MAE=0.458175193 | RMSE=0.701943832 | params={'learning_rate': 0.04502533366361405, 'decay_rate': 5.993489248998934e-05, 'hidden_size': 16, 'beta1': 0.99, 'beta2': 0.999, 'signal_len': 128, 'cheb_order': 3, 's': 3.271028146672985, 'batch_size': 128, 'k': 2}
Trial 203 finished with value 0.381777070 | dataset=ETTm1_192 | selection=last | epoch=150 | best_val_epoch=81 | test_MSE=0.368468014 | MAE=0.381777070 | RMSE=0.607015662 | params={'learning_rate': 0.04462246191912506, 'decay_rate': 0.0015879691437667926, 'hidden_size': 16, 'beta1': 0.99, 'beta2': 0.999, 'signal_len': 128, 'cheb_order': 3, 's': 3.515381629937849, 'batch_size': 128, 'k': 2}
Trial 204 finished with value 0.383229140 | dataset=ETTm1_192 | selection=last | epoch=150 | best_val_epoch=106 | test_MSE=0.371928089 | MAE=0.383229140 | RMSE=0.609859073 | params={'learning_rate': 0.04921894092718436, 'decay_rate': 0.000892981364928196, 'hidden_size': 16, 'beta1': 0.99, 'beta2': 0.999, 'signal_len': 128, 'cheb_order': 3, 's': 3.692931619669239, 'batch_size': 128, 'k': 2}
Trial 205 finished with value 0.382341305 | dataset=ETTm1_192 | selection=last | epoch=150 | best_val_epoch=87 | test_MSE=0.368886503 | MAE=0.382341305 | RMSE=0.607360274 | params={'learning_rate': 0.044138381002875406, 'decay_rate': 0.0028296706065140337, 'hidden_size': 16, 'beta1': 0.99, 'beta2': 0.999, 'signal_len': 128, 'cheb_order': 3, 's': 3.091987399969797, 'batch_size': 128, 'k': 2}
Trial 206 finished with value 0.381824795 | dataset=ETTm1_192 | selection=last | epoch=150 | best_val_epoch=48 | test_MSE=0.368834377 | MAE=0.381824795 | RMSE=0.607317361 | params={'learning_rate': 0.04569987046369643, 'decay_rate': 0.0018388105831377418, 'hidden_size': 16, 'beta1': 0.99, 'beta2': 0.999, 'signal_len': 128, 'cheb_order': 3, 's': 3.3796397169613925, 'batch_size': 128, 'k': 2}
Trial 207 finished with value 0.381632627 | dataset=ETTm1_192 | selection=last | epoch=150 | best_val_epoch=53 | test_MSE=0.368725437 | MAE=0.381632627 | RMSE=0.607227665 | params={'learning_rate': 0.043268743409258716, 'decay_rate': 0.0009529108900213474, 'hidden_size': 16, 'beta1': 0.99, 'beta2': 0.999, 'signal_len': 128, 'cheb_order': 3, 's': 3.894130862572937, 'batch_size': 128, 'k': 2}
Trial 208 finished with value 0.387844647 | dataset=ETTm1_192 | selection=last | epoch=150 | best_val_epoch=39 | test_MSE=0.375616989 | MAE=0.387844647 | RMSE=0.612875998 | params={'learning_rate': 0.047685822389337, 'decay_rate': 1.2930248344278491e-05, 'hidden_size': 16, 'beta1': 0.9, 'beta2': 0.999, 'signal_len': 128, 'cheb_order': 3, 's': 3.2379288125211545, 'batch_size': 128, 'k': 2}
Trial 209 finished with value 0.382005536 | dataset=ETTm1_192 | selection=last | epoch=150 | best_val_epoch=69 | test_MSE=0.368592421 | MAE=0.382005536 | RMSE=0.607118128 | params={'learning_rate': 0.04639033211426166, 'decay_rate': 0.002632999630890419, 'hidden_size': 16, 'beta1': 0.99, 'beta2': 0.999, 'signal_len': 128, 'cheb_order': 3, 's': 2.80206906276075, 'batch_size': 128, 'k': 4}
Trial 210 finished with value 0.399951538 | dataset=ETTm1_192 | selection=last | epoch=150 | best_val_epoch=135 | test_MSE=0.384480394 | MAE=0.399951538 | RMSE=0.620064830 | params={'learning_rate': 0.04480470634019789, 'decay_rate': 0.03362319929926833, 'hidden_size': 16, 'beta1': 0.99, 'beta2': 0.999, 'signal_len': 32, 'cheb_order': 3, 's': 3.501568869888021, 'batch_size': 64, 'k': 2}
Trial 211 finished with value 0.381495942 | dataset=ETTm1_192 | selection=last | epoch=150 | best_val_epoch=56 | test_MSE=0.368459275 | MAE=0.381495942 | RMSE=0.607008464 | params={'learning_rate': 0.047121087161397214, 'decay_rate': 0.0009443912814267484, 'hidden_size': 16, 'beta1': 0.99, 'beta2': 0.999, 'signal_len': 128, 'cheb_order': 3, 's': 4.196561368750986, 'batch_size': 128, 'k': 2}
Trial 212 finished with value 0.383498724 | dataset=ETTm1_192 | selection=last | epoch=150 | best_val_epoch=56 | test_MSE=0.369830999 | MAE=0.383498724 | RMSE=0.608137319 | params={'learning_rate': 0.04800277785595707, 'decay_rate': 0.013420789900836404, 'hidden_size': 16, 'beta1': 0.99, 'beta2': 0.999, 'signal_len': 128, 'cheb_order': 3, 's': 3.6838196414063757, 'batch_size': 128, 'k': 2}
Trial 213 finished with value 0.381662530 | dataset=ETTm1_192 | selection=last | epoch=150 | best_val_epoch=16 | test_MSE=0.368754883 | MAE=0.381662530 | RMSE=0.607251911 | params={'learning_rate': 0.04659338190931058, 'decay_rate': 0.0010070301480125928, 'hidden_size': 16, 'beta1': 0.99, 'beta2': 0.999, 'signal_len': 128, 'cheb_order': 3, 's': 4.151391510847441, 'batch_size': 128, 'k': 2}
Trial 214 finished with value 0.381891098 | dataset=ETTm1_192 | selection=last | epoch=150 | best_val_epoch=85 | test_MSE=0.368296746 | MAE=0.381891098 | RMSE=0.606874572 | params={'learning_rate': 0.043580555839857114, 'decay_rate': 0.0019132176324468386, 'hidden_size': 16, 'beta1': 0.99, 'beta2': 0.999, 'signal_len': 128, 'cheb_order': 3, 's': 2.998010442061393, 'batch_size': 128, 'k': 2}
Trial 215 finished with value 0.387351067 | dataset=ETTm1_192 | selection=last | epoch=150 | best_val_epoch=56 | test_MSE=0.372491728 | MAE=0.387351067 | RMSE=0.610321004 | params={'learning_rate': 0.049439316769064066, 'decay_rate': 0.03831692466282115, 'hidden_size': 16, 'beta1': 0.99, 'beta2': 0.999, 'signal_len': 128, 'cheb_order': 3, 's': 3.190889098928793, 'batch_size': 128, 'k': 2}
Trial 216 finished with value 0.381665159 | dataset=ETTm1_192 | selection=last | epoch=150 | best_val_epoch=16 | test_MSE=0.368767482 | MAE=0.381665159 | RMSE=0.607262284 | params={'learning_rate': 0.04574595541067266, 'decay_rate': 0.0009491646342910085, 'hidden_size': 16, 'beta1': 0.99, 'beta2': 0.999, 'signal_len': 128, 'cheb_order': 3, 's': 3.803687128453329, 'batch_size': 128, 'k': 2}
Trial 217 finished with value 0.382067944 | dataset=ETTm1_192 | selection=last | epoch=150 | best_val_epoch=53 | test_MSE=0.368956695 | MAE=0.382067944 | RMSE=0.607418056 | params={'learning_rate': 0.047321998261621, 'decay_rate': 0.003514287235874121, 'hidden_size': 16, 'beta1': 0.99, 'beta2': 0.999, 'signal_len': 128, 'cheb_order': 3, 's': 3.42142103693216, 'batch_size': 128, 'k': 4}
Trial 218 finished with value 0.459228937 | dataset=ETTm1_192 | selection=last | epoch=150 | best_val_epoch=13 | test_MSE=0.494914946 | MAE=0.459228937 | RMSE=0.703501916 | params={'learning_rate': 0.04256332782222402, 'decay_rate': 5.202826408014379e-05, 'hidden_size': 16, 'beta1': 0.99, 'beta2': 0.999, 'signal_len': 128, 'cheb_order': 3, 's': 3.626764253476267, 'batch_size': 128, 'k': 2}
Trial 219 finished with value 0.384104193 | dataset=ETTm1_192 | selection=last | epoch=150 | best_val_epoch=56 | test_MSE=0.370255558 | MAE=0.384104193 | RMSE=0.608486284 | params={'learning_rate': 0.04416942235769282, 'decay_rate': 0.0172264870590715, 'hidden_size': 16, 'beta1': 0.99, 'beta2': 0.999, 'signal_len': 128, 'cheb_order': 2, 's': 3.2926462368869736, 'batch_size': 128, 'k': 2}
Trial 220 finished with value 0.381873395 | dataset=ETTm1_192 | selection=last | epoch=150 | best_val_epoch=59 | test_MSE=0.368499259 | MAE=0.381873395 | RMSE=0.607041398 | params={'learning_rate': 0.04514230307409232, 'decay_rate': 0.002027039544466409, 'hidden_size': 16, 'beta1': 0.99, 'beta2': 0.999, 'signal_len': 128, 'cheb_order': 2, 's': 8.572749549545263, 'batch_size': 128, 'k': 6}
