Trial 280 finished with value 0.358151657 | dataset=ETTm1_96 | selection=last | epoch=150 | best_val_epoch=68 | test_MSE=0.325604874 | MAE=0.358151657 | RMSE=0.570617975 | params={'learning_rate': 0.03216142783992976, 'decay_rate': 0.0007457867207658175, 'hidden_size': 64, 'beta1': 0.95, 'beta2': 0.999, 'signal_len': 16, 'cheb_order': 3, 's': 3.2934589076166314, 'batch_size': 64, 'k': 2}
Trial 281 finished with value 0.367451960 | dataset=ETTm1_96 | selection=last | epoch=150 | best_val_epoch=94 | test_MSE=0.334996679 | MAE=0.367451960 | RMSE=0.578788977 | params={'learning_rate': 0.013531871733144346, 'decay_rate': 0.04443658093641688, 'hidden_size': 64, 'beta1': 0.95, 'beta2': 0.999, 'signal_len': 16, 'cheb_order': 3, 's': 8.110906547437937, 'batch_size': 64, 'k': 2}
Trial 282 finished with value 0.362811443 | dataset=ETTm1_96 | selection=last | epoch=150 | best_val_epoch=62 | test_MSE=0.330278271 | MAE=0.362811443 | RMSE=0.574698418 | params={'learning_rate': 0.03369100457919691, 'decay_rate': 3.704567905398739e-05, 'hidden_size': 64, 'beta1': 0.95, 'beta2': 0.999, 'signal_len': 16, 'cheb_order': 2, 's': 4.938301985729871, 'batch_size': 512, 'k': 2}
Trial 283 finished with value 0.358933785 | dataset=ETTm1_96 | selection=last | epoch=150 | best_val_epoch=79 | test_MSE=0.326536554 | MAE=0.358933785 | RMSE=0.571433770 | params={'learning_rate': 0.03633009237228792, 'decay_rate': 0.0027256098507573837, 'hidden_size': 64, 'beta1': 0.95, 'beta2': 0.999, 'signal_len': 16, 'cheb_order': 3, 's': 3.310963551171411, 'batch_size': 64, 'k': 2}
Trial 284 finished with value 0.359414804 | dataset=ETTm1_96 | selection=last | epoch=150 | best_val_epoch=91 | test_MSE=0.327513420 | MAE=0.359414804 | RMSE=0.572287882 | params={'learning_rate': 0.02999845254811048, 'decay_rate': 0.0008871050551042901, 'hidden_size': 64, 'beta1': 0.95, 'beta2': 0.999, 'signal_len': 16, 'cheb_order': 2, 's': 4.567044050297769, 'batch_size': 32, 'k': 2}
Trial 285 finished with value 0.358566990 | dataset=ETTm1_96 | selection=last | epoch=150 | best_val_epoch=15 | test_MSE=0.325586748 | MAE=0.358566990 | RMSE=0.570602093 | params={'learning_rate': 0.012135754921642681, 'decay_rate': 0.0018732483490613862, 'hidden_size': 64, 'beta1': 0.95, 'beta2': 0.95, 'signal_len': 16, 'cheb_order': 3, 's': 1.7858447573757696, 'batch_size': 256, 'k': 2}
Trial 286 finished with value 0.359573386 | dataset=ETTm1_96 | selection=last | epoch=150 | best_val_epoch=84 | test_MSE=0.326137820 | MAE=0.359573386 | RMSE=0.571084774 | params={'learning_rate': 0.03276824713806037, 'decay_rate': 0.00382616027269307, 'hidden_size': 64, 'beta1': 0.95, 'beta2': 0.999, 'signal_len': 32, 'cheb_order': 3, 's': 5.703244754800701, 'batch_size': 64, 'k': 2}
Trial 287 finished with value 0.358347025 | dataset=ETTm1_96 | selection=last | epoch=150 | best_val_epoch=4 | test_MSE=0.325420476 | MAE=0.358347025 | RMSE=0.570456375 | params={'learning_rate': 0.009997079013154116, 'decay_rate': 0.0008586644496317724, 'hidden_size': 64, 'beta1': 0.95, 'beta2': 0.999, 'signal_len': 16, 'cheb_order': 2, 's': 5.513877887803088, 'batch_size': 64, 'k': 2}
Trial 288 finished with value 0.358811351 | dataset=ETTm1_96 | selection=last | epoch=150 | best_val_epoch=22 | test_MSE=0.325796896 | MAE=0.358811351 | RMSE=0.570786209 | params={'learning_rate': 0.026668406516744673, 'decay_rate': 0.0022675002713289927, 'hidden_size': 64, 'beta1': 0.95, 'beta2': 0.99, 'signal_len': 16, 'cheb_order': 3, 's': 3.16559021739761, 'batch_size': 64, 'k': 2}
Trial 289 finished with value 0.363381244 | dataset=ETTm1_96 | selection=last | epoch=150 | best_val_epoch=120 | test_MSE=0.329006984 | MAE=0.363381244 | RMSE=0.573591304 | params={'learning_rate': 0.040405987082461035, 'decay_rate': 0.0015352746187675473, 'hidden_size': 64, 'beta1': 0.95, 'beta2': 0.99, 'signal_len': 16, 'cheb_order': 2, 's': 4.428483104988501, 'batch_size': 64, 'k': 2}
Trial 290 finished with value 0.359500406 | dataset=ETTm1_96 | selection=last | epoch=150 | best_val_epoch=27 | test_MSE=0.324625374 | MAE=0.359500406 | RMSE=0.569759049 | params={'learning_rate': 0.015067689752789978, 'decay_rate': 0.0007951572775662227, 'hidden_size': 16, 'beta1': 0.95, 'beta2': 0.999, 'signal_len': 16, 'cheb_order': 3, 's': 2.9896812576517364, 'batch_size': 256, 'k': 2}
Trial 291 finished with value 0.370367484 | dataset=ETTm1_96 | selection=last | epoch=150 | best_val_epoch=79 | test_MSE=0.335561405 | MAE=0.370367484 | RMSE=0.579276623 | params={'learning_rate': 0.01683896921559341, 'decay_rate': 6.495006941135409e-05, 'hidden_size': 64, 'beta1': 0.95, 'beta2': 0.99, 'signal_len': 16, 'cheb_order': 3, 's': 7.668199513779972, 'batch_size': 32, 'k': 2}
Trial 292 finished with value 0.358850653 | dataset=ETTm1_96 | selection=last | epoch=150 | best_val_epoch=66 | test_MSE=0.325648332 | MAE=0.358850653 | RMSE=0.570656054 | params={'learning_rate': 0.011100134535121486, 'decay_rate': 0.0029334839920534908, 'hidden_size': 64, 'beta1': 0.95, 'beta2': 0.99, 'signal_len': 32, 'cheb_order': 2, 's': 5.998438610638877, 'batch_size': 64, 'k': 2}
Trial 293 finished with value 0.358557480 | dataset=ETTm1_96 | selection=last | epoch=150 | best_val_epoch=68 | test_MSE=0.326184646 | MAE=0.358557480 | RMSE=0.571125771 | params={'learning_rate': 0.0350695596998595, 'decay_rate': 0.0016863443968635912, 'hidden_size': 64, 'beta1': 0.95, 'beta2': 0.99, 'signal_len': 16, 'cheb_order': 3, 's': 4.083489873756924, 'batch_size': 64, 'k': 2}
Trial 294 finished with value 0.358248215 | dataset=ETTm1_96 | selection=last | epoch=150 | best_val_epoch=32 | test_MSE=0.325363635 | MAE=0.358248215 | RMSE=0.570406552 | params={'learning_rate': 0.008709105361354125, 'decay_rate': 0.0007812903982519915, 'hidden_size': 64, 'beta1': 0.95, 'beta2': 0.99, 'signal_len': 16, 'cheb_order': 2, 's': 1.2076904116056077, 'batch_size': 64, 'k': 2}
Trial 295 finished with value 0.359063342 | dataset=ETTm1_96 | selection=last | epoch=150 | best_val_epoch=89 | test_MSE=0.327412131 | MAE=0.359063342 | RMSE=0.572199380 | params={'learning_rate': 0.014356763806880274, 'decay_rate': 0.002508757263733366, 'hidden_size': 64, 'beta1': 0.99, 'beta2': 0.99, 'signal_len': 16, 'cheb_order': 3, 's': 3.9667815479498123, 'batch_size': 64, 'k': 2}
Trial 296 finished with value 0.358607679 | dataset=ETTm1_96 | selection=last | epoch=150 | best_val_epoch=23 | test_MSE=0.325594958 | MAE=0.358607679 | RMSE=0.570609286 | params={'learning_rate': 0.006706600199305007, 'decay_rate': 0.0015889962551476383, 'hidden_size': 32, 'beta1': 0.95, 'beta2': 0.99, 'signal_len': 16, 'cheb_order': 2, 's': 4.706212074895641, 'batch_size': 64, 'k': 2}
Trial 297 finished with value 0.433540409 | dataset=ETTm1_96 | selection=last | epoch=150 | best_val_epoch=4 | test_MSE=0.446216338 | MAE=0.433540409 | RMSE=0.667994265 | params={'learning_rate': 0.012285633161371382, 'decay_rate': 1.7364045121290132e-05, 'hidden_size': 64, 'beta1': 0.95, 'beta2': 0.999, 'signal_len': 128, 'cheb_order': 3, 's': 4.28269576644833, 'batch_size': 256, 'k': 2}
Trial 298 finished with value 0.359611073 | dataset=ETTm1_96 | selection=last | epoch=150 | best_val_epoch=72 | test_MSE=0.327142929 | MAE=0.359611073 | RMSE=0.571964098 | params={'learning_rate': 0.038602302678091734, 'decay_rate': 0.003111223441446939, 'hidden_size': 64, 'beta1': 0.95, 'beta2': 0.99, 'signal_len': 64, 'cheb_order': 3, 's': 3.8151365029213262, 'batch_size': 32, 'k': 2}
Trial 299 finished with value 0.364477199 | dataset=ETTm1_96 | selection=last | epoch=150 | best_val_epoch=40 | test_MSE=0.329816134 | MAE=0.364477199 | RMSE=0.574296208 | params={'learning_rate': 0.009623290128096972, 'decay_rate': 2.5695380571923317e-05, 'hidden_size': 64, 'beta1': 0.95, 'beta2': 0.99, 'signal_len': 16, 'cheb_order': 2, 's': 6.260186403679118, 'batch_size': 64, 'k': 2}
Trial 300 finished with value 0.359719486 | dataset=ETTm1_96 | selection=last | epoch=150 | best_val_epoch=94 | test_MSE=0.328183131 | MAE=0.359719486 | RMSE=0.572872700 | params={'learning_rate': 0.013498351770832896, 'decay_rate': 0.004655818146360516, 'hidden_size': 64, 'beta1': 0.95, 'beta2': 0.99, 'signal_len': 16, 'cheb_order': 3, 's': 5.26621901898093, 'batch_size': 64, 'k': 2}
Trial 301 finished with value 0.358714611 | dataset=ETTm1_96 | selection=last | epoch=150 | best_val_epoch=79 | test_MSE=0.325352014 | MAE=0.358714611 | RMSE=0.570396366 | params={'learning_rate': 0.04154718247315352, 'decay_rate': 0.0012173621410561072, 'hidden_size': 64, 'beta1': 0.9, 'beta2': 0.99, 'signal_len': 32, 'cheb_order': 2, 's': 4.115124283451358, 'batch_size': 128, 'k': 2}
Trial 302 finished with value 0.358605650 | dataset=ETTm1_96 | selection=last | epoch=150 | best_val_epoch=47 | test_MSE=0.325700017 | MAE=0.358605650 | RMSE=0.570701338 | params={'learning_rate': 0.007889777178750697, 'decay_rate': 0.0020967165848922407, 'hidden_size': 64, 'beta1': 0.95, 'beta2': 0.99, 'signal_len': 16, 'cheb_order': 3, 's': 5.798875214509686, 'batch_size': 64, 'k': 2}
Trial 303 finished with value 0.358186074 | dataset=ETTm1_96 | selection=last | epoch=150 | best_val_epoch=44 | test_MSE=0.325447863 | MAE=0.358186074 | RMSE=0.570480379 | params={'learning_rate': 0.018001014849082793, 'decay_rate': 0.0009825616209610628, 'hidden_size': 64, 'beta1': 0.95, 'beta2': 0.99, 'signal_len': 16, 'cheb_order': 3, 's': 2.6850495686107134, 'batch_size': 64, 'k': 2}
Trial 304 finished with value 0.359560686 | dataset=ETTm1_96 | selection=last | epoch=150 | best_val_epoch=94 | test_MSE=0.327993300 | MAE=0.359560686 | RMSE=0.572706993 | params={'learning_rate': 0.017585852139397756, 'decay_rate': 0.003494196125778573, 'hidden_size': 64, 'beta1': 0.95, 'beta2': 0.99, 'signal_len': 16, 'cheb_order': 2, 's': 1.908033193818293, 'batch_size': 64, 'k': 2}
Trial 305 finished with value 0.358538312 | dataset=ETTm1_96 | selection=last | epoch=150 | best_val_epoch=70 | test_MSE=0.325937753 | MAE=0.358538312 | RMSE=0.570909584 | params={'learning_rate': 0.016448139374186956, 'decay_rate': 0.0016093664294530318, 'hidden_size': 64, 'beta1': 0.95, 'beta2': 0.999, 'signal_len': 16, 'cheb_order': 3, 's': 2.4817471181677946, 'batch_size': 32, 'k': 2}
Trial 306 finished with value 0.363487405 | dataset=ETTm1_96 | selection=last | epoch=150 | best_val_epoch=40 | test_MSE=0.326245138 | MAE=0.363487405 | RMSE=0.571178727 | params={'learning_rate': 0.04401978511870669, 'decay_rate': 0.0009013319900769828, 'hidden_size': 64, 'beta1': 0.99, 'beta2': 0.99, 'signal_len': 16, 'cheb_order': 3, 's': 2.8479635963821828, 'batch_size': 64, 'k': 2}
Trial 307 finished with value 0.358655908 | dataset=ETTm1_96 | selection=last | epoch=150 | best_val_epoch=50 | test_MSE=0.325687027 | MAE=0.358655908 | RMSE=0.570689957 | params={'learning_rate': 0.015400763197775903, 'decay_rate': 0.0024109111450206725, 'hidden_size': 64, 'beta1': 0.95, 'beta2': 0.99, 'signal_len': 16, 'cheb_order': 2, 's': 2.6726838920930045, 'batch_size': 256, 'k': 2}
Trial 308 finished with value 0.358206736 | dataset=ETTm1_96 | selection=last | epoch=150 | best_val_epoch=62 | test_MSE=0.325050715 | MAE=0.358206736 | RMSE=0.570132191 | params={'learning_rate': 0.018266395135560946, 'decay_rate': 0.0008081806972227116, 'hidden_size': 64, 'beta1': 0.95, 'beta2': 0.99, 'signal_len': 32, 'cheb_order': 3, 's': 5.427611461801821, 'batch_size': 64, 'k': 2}
Trial 309 finished with value 0.358570991 | dataset=ETTm1_96 | selection=last | epoch=150 | best_val_epoch=106 | test_MSE=0.325054426 | MAE=0.358570991 | RMSE=0.570135446 | params={'learning_rate': 0.01853491288215542, 'decay_rate': 0.0009897324700582316, 'hidden_size': 64, 'beta1': 0.95, 'beta2': 0.99, 'signal_len': 32, 'cheb_order': 2, 's': 5.080033896341467, 'batch_size': 64, 'k': 2}
Trial 310 finished with value 0.358537033 | dataset=ETTm1_96 | selection=last | epoch=150 | best_val_epoch=11 | test_MSE=0.325584094 | MAE=0.358537033 | RMSE=0.570599767 | params={'learning_rate': 0.01775196457928041, 'decay_rate': 0.002238994114979878, 'hidden_size': 64, 'beta1': 0.95, 'beta2': 0.95, 'signal_len': 32, 'cheb_order': 3, 's': 5.481798794760325, 'batch_size': 512, 'k': 2}
Trial 311 finished with value 0.359442589 | dataset=ETTm1_96 | selection=last | epoch=150 | best_val_epoch=79 | test_MSE=0.326089538 | MAE=0.359442589 | RMSE=0.571042501 | params={'learning_rate': 0.019730802480133362, 'decay_rate': 0.004016954092660794, 'hidden_size': 64, 'beta1': 0.95, 'beta2': 0.99, 'signal_len': 32, 'cheb_order': 3, 's': 5.261965986060525, 'batch_size': 64, 'k': 2}
Trial 312 finished with value 0.358520714 | dataset=ETTm1_96 | selection=last | epoch=150 | best_val_epoch=128 | test_MSE=0.327459844 | MAE=0.358520714 | RMSE=0.572241072 | params={'learning_rate': 0.014644763007624472, 'decay_rate': 0.0015670560725622206, 'hidden_size': 64, 'beta1': 0.95, 'beta2': 0.99, 'signal_len': 32, 'cheb_order': 2, 's': 5.631987350005133, 'batch_size': 64, 'k': 2}
Trial 313 finished with value 0.359524245 | dataset=ETTm1_96 | selection=last | epoch=150 | best_val_epoch=106 | test_MSE=0.325869010 | MAE=0.359524245 | RMSE=0.570849376 | params={'learning_rate': 0.016388890553500596, 'decay_rate': 0.002895416955485103, 'hidden_size': 64, 'beta1': 0.95, 'beta2': 0.99, 'signal_len': 32, 'cheb_order': 3, 's': 4.899703916984431, 'batch_size': 64, 'k': 2}
Trial 314 finished with value 0.374424962 | dataset=ETTm1_96 | selection=last | epoch=150 | best_val_epoch=11 | test_MSE=0.337322261 | MAE=0.374424962 | RMSE=0.580794509 | params={'learning_rate': 0.031307806725840714, 'decay_rate': 1.8824376299653623e-05, 'hidden_size': 16, 'beta1': 0.99, 'beta2': 0.999, 'signal_len': 32, 'cheb_order': 2, 's': 5.822015684151229, 'batch_size': 32, 'k': 2}
Trial 315 finished with value 0.358373792 | dataset=ETTm1_96 | selection=last | epoch=150 | best_val_epoch=27 | test_MSE=0.325383884 | MAE=0.358373792 | RMSE=0.570424302 | params={'learning_rate': 0.013834560386320662, 'decay_rate': 0.0011745848015055366, 'hidden_size': 64, 'beta1': 0.95, 'beta2': 0.99, 'signal_len': 32, 'cheb_order': 3, 's': 6.5722114084356456, 'batch_size': 256, 'k': 2}
Trial 316 finished with value 0.358186945 | dataset=ETTm1_96 | selection=last | epoch=150 | best_val_epoch=44 | test_MSE=0.325380948 | MAE=0.358186945 | RMSE=0.570421728 | params={'learning_rate': 0.012519211259116338, 'decay_rate': 0.00086056924962261, 'hidden_size': 64, 'beta1': 0.95, 'beta2': 0.99, 'signal_len': 16, 'cheb_order': 3, 's': 5.443318803981935, 'batch_size': 64, 'k': 2}
Trial 317 finished with value 0.358669722 | dataset=ETTm1_96 | selection=last | epoch=150 | best_val_epoch=22 | test_MSE=0.325682757 | MAE=0.358669722 | RMSE=0.570686216 | params={'learning_rate': 0.012630776242165511, 'decay_rate': 0.0021780426906186376, 'hidden_size': 64, 'beta1': 0.95, 'beta2': 0.99, 'signal_len': 16, 'cheb_order': 2, 's': 5.314656253476581, 'batch_size': 64, 'k': 2}
Trial 318 finished with value 0.367567800 | dataset=ETTm1_96 | selection=last | epoch=150 | best_val_epoch=13 | test_MSE=0.329319820 | MAE=0.367567800 | RMSE=0.573863939 | params={'learning_rate': 0.021630331325099197, 'decay_rate': 4.007624020363552e-05, 'hidden_size': 64, 'beta1': 0.95, 'beta2': 0.99, 'signal_len': 16, 'cheb_order': 3, 's': 5.596678018791819, 'batch_size': 64, 'k': 2}
Trial 319 finished with value 0.359078690 | dataset=ETTm1_96 | selection=last | epoch=150 | best_val_epoch=79 | test_MSE=0.325819312 | MAE=0.359078690 | RMSE=0.570805844 | params={'learning_rate': 0.012053902649793415, 'decay_rate': 0.003441146224367729, 'hidden_size': 64, 'beta1': 0.95, 'beta2': 0.99, 'signal_len': 32, 'cheb_order': 3, 's': 5.424342096330348, 'batch_size': 64, 'k': 2}
Trial 320 finished with value 0.358511483 | dataset=ETTm1_96 | selection=last | epoch=150 | best_val_epoch=4 | test_MSE=0.325556637 | MAE=0.358511483 | RMSE=0.570575706 | params={'learning_rate': 0.0109773088020118, 'decay_rate': 0.0015458846198402282, 'hidden_size': 64, 'beta1': 0.95, 'beta2': 0.99, 'signal_len': 16, 'cheb_order': 2, 's': 2.2765125503751573, 'batch_size': 64, 'k': 2}
Trial 321 finished with value 0.361855245 | dataset=ETTm1_96 | selection=last | epoch=150 | best_val_epoch=120 | test_MSE=0.327957928 | MAE=0.361855245 | RMSE=0.572676110 | params={'learning_rate': 0.01348421320491501, 'decay_rate': 0.0009386501685937985, 'hidden_size': 64, 'beta1': 0.95, 'beta2': 0.999, 'signal_len': 16, 'cheb_order': 3, 's': 8.312468067552885, 'batch_size': 32, 'k': 2}
Trial 322 finished with value 0.358663252 | dataset=ETTm1_96 | selection=last | epoch=150 | best_val_epoch=37 | test_MSE=0.325656510 | MAE=0.358663252 | RMSE=0.570663219 | params={'learning_rate': 0.022950987341698106, 'decay_rate': 0.0026495210599723202, 'hidden_size': 64, 'beta1': 0.95, 'beta2': 0.99, 'signal_len': 16, 'cheb_order': 2, 's': 5.039915600720558, 'batch_size': 256, 'k': 2}
Trial 323 finished with value 0.359620637 | dataset=ETTm1_96 | selection=last | epoch=150 | best_val_epoch=115 | test_MSE=0.326591736 | MAE=0.359620637 | RMSE=0.571482052 | params={'learning_rate': 0.018520652551213695, 'decay_rate': 0.0009043097549813892, 'hidden_size': 32, 'beta1': 0.99, 'beta2': 0.99, 'signal_len': 128, 'cheb_order': 3, 's': 5.959016391890698, 'batch_size': 64, 'k': 2}
Trial 324 finished with value 0.362693301 | dataset=ETTm1_96 | selection=last | epoch=150 | best_val_epoch=48 | test_MSE=0.329510393 | MAE=0.362693301 | RMSE=0.574029959 | params={'learning_rate': 0.015765401387669166, 'decay_rate': 0.02277162464150149, 'hidden_size': 64, 'beta1': 0.9, 'beta2': 0.99, 'signal_len': 64, 'cheb_order': 3, 's': 5.1249463105293165, 'batch_size': 64, 'k': 2}
Trial 325 finished with value 0.358497917 | dataset=ETTm1_96 | selection=last | epoch=150 | best_val_epoch=54 | test_MSE=0.325478341 | MAE=0.358497917 | RMSE=0.570507091 | params={'learning_rate': 0.014676127109858994, 'decay_rate': 0.0017792706558027566, 'hidden_size': 64, 'beta1': 0.95, 'beta2': 0.99, 'signal_len': 16, 'cheb_order': 2, 's': 4.758235859407715, 'batch_size': 64, 'k': 2}
Trial 326 finished with value 0.358195112 | dataset=ETTm1_96 | selection=last | epoch=150 | best_val_epoch=32 | test_MSE=0.325369750 | MAE=0.358195112 | RMSE=0.570411913 | params={'learning_rate': 0.011674545447147635, 'decay_rate': 0.000883096296576027, 'hidden_size': 64, 'beta1': 0.95, 'beta2': 0.99, 'signal_len': 16, 'cheb_order': 3, 's': 5.684273785013541, 'batch_size': 64, 'k': 2}
Trial 327 finished with value 0.358842019 | dataset=ETTm1_96 | selection=last | epoch=150 | best_val_epoch=46 | test_MSE=0.325854795 | MAE=0.358842019 | RMSE=0.570836925 | params={'learning_rate': 0.010847839580744392, 'decay_rate': 0.0035498044248516145, 'hidden_size': 64, 'beta1': 0.95, 'beta2': 0.99, 'signal_len': 16, 'cheb_order': 2, 's': 5.6172394508520505, 'batch_size': 128, 'k': 2}
Trial 328 finished with value 0.358715238 | dataset=ETTm1_96 | selection=last | epoch=150 | best_val_epoch=4 | test_MSE=0.325735108 | MAE=0.358715238 | RMSE=0.570732081 | params={'learning_rate': 0.011846625412794597, 'decay_rate': 0.002130853814286562, 'hidden_size': 64, 'beta1': 0.95, 'beta2': 0.999, 'signal_len': 16, 'cheb_order': 3, 's': 5.855731809542055, 'batch_size': 64, 'k': 2}
Trial 329 finished with value 0.366779830 | dataset=ETTm1_96 | selection=last | epoch=150 | best_val_epoch=26 | test_MSE=0.327723588 | MAE=0.366779830 | RMSE=0.572471474 | params={'learning_rate': 0.01021665778329288, 'decay_rate': 4.270212181399719e-05, 'hidden_size': 64, 'beta1': 0.95, 'beta2': 0.99, 'signal_len': 16, 'cheb_order': 3, 's': 5.774421454132872, 'batch_size': 32, 'k': 2}
Trial 330 finished with value 0.358373984 | dataset=ETTm1_96 | selection=last | epoch=150 | best_val_epoch=94 | test_MSE=0.327247076 | MAE=0.358373984 | RMSE=0.572055134 | params={'learning_rate': 0.0116737732185036, 'decay_rate': 0.0009063865007272197, 'hidden_size': 64, 'beta1': 0.95, 'beta2': 0.99, 'signal_len': 16, 'cheb_order': 2, 's': 5.384597716593141, 'batch_size': 64, 'k': 2}
Trial 331 finished with value 0.358769679 | dataset=ETTm1_96 | selection=last | epoch=150 | best_val_epoch=24 | test_MSE=0.325760415 | MAE=0.358769679 | RMSE=0.570754251 | params={'learning_rate': 0.012900936373994613, 'decay_rate': 0.0025827987939535894, 'hidden_size': 64, 'beta1': 0.95, 'beta2': 0.99, 'signal_len': 16, 'cheb_order': 3, 's': 5.977714265678397, 'batch_size': 256, 'k': 2}
Trial 332 finished with value 0.359167354 | dataset=ETTm1_96 | selection=last | epoch=150 | best_val_epoch=44 | test_MSE=0.326322602 | MAE=0.359167354 | RMSE=0.571246533 | params={'learning_rate': 0.01284557384145864, 'decay_rate': 0.004589032837372893, 'hidden_size': 64, 'beta1': 0.95, 'beta2': 0.95, 'signal_len': 16, 'cheb_order': 2, 's': 5.531757911175223, 'batch_size': 64, 'k': 2}
Trial 333 finished with value 0.358410436 | dataset=ETTm1_96 | selection=last | epoch=150 | best_val_epoch=21 | test_MSE=0.325458212 | MAE=0.358410436 | RMSE=0.570489449 | params={'learning_rate': 0.011096355393937008, 'decay_rate': 0.0016370964364720813, 'hidden_size': 64, 'beta1': 0.99, 'beta2': 0.99, 'signal_len': 16, 'cheb_order': 3, 's': 5.687623231164399, 'batch_size': 64, 'k': 2}
Trial 334 finished with value 0.358193103 | dataset=ETTm1_96 | selection=last | epoch=150 | best_val_epoch=40 | test_MSE=0.325338687 | MAE=0.358193103 | RMSE=0.570384684 | params={'learning_rate': 0.009793420220465237, 'decay_rate': 0.0007498576723669402, 'hidden_size': 64, 'beta1': 0.95, 'beta2': 0.99, 'signal_len': 16, 'cheb_order': 3, 's': 5.403871575181298, 'batch_size': 64, 'k': 2}
Trial 335 finished with value 0.365295603 | dataset=ETTm1_96 | selection=last | epoch=150 | best_val_epoch=41 | test_MSE=0.325537335 | MAE=0.365295603 | RMSE=0.570558792 | params={'learning_rate': 0.009350837441677202, 'decay_rate': 5.006653679957222e-05, 'hidden_size': 64, 'beta1': 0.95, 'beta2': 0.999, 'signal_len': 16, 'cheb_order': 2, 's': 5.299759797734829, 'batch_size': 64, 'k': 2}
