Trial 55 finished with value 0.435273836 | dataset=ETTm1_192 | selection=last | epoch=150 | best_val_epoch=3 | test_MSE=0.433479092 | MAE=0.435273836 | RMSE=0.658391291 | params={'learning_rate': 0.008466611785648687, 'decay_rate': 0.0018194442120957836, 'hidden_size': 64, 'beta1': 0.9, 'beta2': 0.999, 'signal_len': 128, 'cheb_order': 2, 's': 4.8293474909290435, 'batch_size': 512, 'k': 6}
Trial 56 finished with value 0.383604685 | dataset=ETTm1_192 | selection=last | epoch=150 | best_val_epoch=62 | test_MSE=0.369902499 | MAE=0.383604685 | RMSE=0.608196102 | params={'learning_rate': 0.011004605346765263, 'decay_rate': 0.012364330525619544, 'hidden_size': 16, 'beta1': 0.99, 'beta2': 0.999, 'signal_len': 64, 'cheb_order': 2, 's': 5.699450964507595, 'batch_size': 32, 'k': 6}
Trial 57 finished with value 0.408217994 | dataset=ETTm1_192 | selection=last | epoch=150 | best_val_epoch=10 | test_MSE=0.388789265 | MAE=0.408217994 | RMSE=0.623529683 | params={'learning_rate': 3.391553492680232e-05, 'decay_rate': 0.005471388633057283, 'hidden_size': 64, 'beta1': 0.99, 'beta2': 0.95, 'signal_len': 128, 'cheb_order': 2, 's': 6.377201830149555, 'batch_size': 128, 'k': 6}
Trial 58 finished with value 0.384271862 | dataset=ETTm1_192 | selection=last | epoch=150 | best_val_epoch=92 | test_MSE=0.371161457 | MAE=0.384271862 | RMSE=0.609230217 | params={'learning_rate': 0.006497754381160405, 'decay_rate': 0.01670686406197974, 'hidden_size': 64, 'beta1': 0.99, 'beta2': 0.99, 'signal_len': 128, 'cheb_order': 2, 's': 2.8838588320336767, 'batch_size': 32, 'k': 4}
Trial 59 finished with value 0.454768718 | dataset=ETTm1_192 | selection=last | epoch=150 | best_val_epoch=1 | test_MSE=0.484399163 | MAE=0.454768718 | RMSE=0.695987904 | params={'learning_rate': 0.004205707559008253, 'decay_rate': 4.979178577132863e-05, 'hidden_size': 64, 'beta1': 0.99, 'beta2': 0.999, 'signal_len': 128, 'cheb_order': 3, 's': 6.785531089400699, 'batch_size': 32, 'k': 2}
Trial 60 finished with value 0.383233985 | dataset=ETTm1_192 | selection=last | epoch=150 | best_val_epoch=38 | test_MSE=0.369845057 | MAE=0.383233985 | RMSE=0.608148878 | params={'learning_rate': 0.001297660466513454, 'decay_rate': 0.009146617761101535, 'hidden_size': 32, 'beta1': 0.9, 'beta2': 0.999, 'signal_len': 16, 'cheb_order': 2, 's': 3.990888165409287, 'batch_size': 32, 'k': 6}
Trial 61 finished with value 0.381891770 | dataset=ETTm1_192 | selection=last | epoch=150 | best_val_epoch=87 | test_MSE=0.368838486 | MAE=0.381891770 | RMSE=0.607320744 | params={'learning_rate': 0.003668807807659867, 'decay_rate': 0.0024374216217725865, 'hidden_size': 64, 'beta1': 0.99, 'beta2': 0.999, 'signal_len': 128, 'cheb_order': 2, 's': 5.198669452798037, 'batch_size': 32, 'k': 6}
Trial 62 finished with value 0.382315237 | dataset=ETTm1_192 | selection=last | epoch=150 | best_val_epoch=13 | test_MSE=0.369191123 | MAE=0.382315237 | RMSE=0.607610996 | params={'learning_rate': 0.005338052202388945, 'decay_rate': 0.004450577521443037, 'hidden_size': 64, 'beta1': 0.99, 'beta2': 0.999, 'signal_len': 128, 'cheb_order': 2, 's': 5.26288310110197, 'batch_size': 32, 'k': 6}
Trial 63 finished with value 0.381698870 | dataset=ETTm1_192 | selection=last | epoch=150 | best_val_epoch=58 | test_MSE=0.368699846 | MAE=0.381698870 | RMSE=0.607206593 | params={'learning_rate': 0.007415812513075189, 'decay_rate': 0.001796168771131841, 'hidden_size': 64, 'beta1': 0.99, 'beta2': 0.999, 'signal_len': 128, 'cheb_order': 2, 's': 5.932788454501806, 'batch_size': 32, 'k': 6}
Trial 64 finished with value 0.383858631 | dataset=ETTm1_192 | selection=last | epoch=150 | best_val_epoch=126 | test_MSE=0.373139182 | MAE=0.383858631 | RMSE=0.610851194 | params={'learning_rate': 0.007320691707694265, 'decay_rate': 0.0017026753386287516, 'hidden_size': 64, 'beta1': 0.99, 'beta2': 0.999, 'signal_len': 128, 'cheb_order': 2, 's': 5.992391125144351, 'batch_size': 32, 'k': 6}
Trial 65 finished with value 0.435829985 | dataset=ETTm1_192 | selection=last | epoch=150 | best_val_epoch=6 | test_MSE=0.433159396 | MAE=0.435829985 | RMSE=0.658148461 | params={'learning_rate': 0.009462502834310927, 'decay_rate': 0.004327256753227129, 'hidden_size': 64, 'beta1': 0.99, 'beta2': 0.95, 'signal_len': 128, 'cheb_order': 2, 's': 4.327900876588237, 'batch_size': 256, 'k': 6}
Trial 66 finished with value 0.392406482 | dataset=ETTm1_192 | selection=last | epoch=150 | best_val_epoch=73 | test_MSE=0.375330166 | MAE=0.392406482 | RMSE=0.612641956 | params={'learning_rate': 0.011659099932619002, 'decay_rate': 0.0070621531900543, 'hidden_size': 64, 'beta1': 0.99, 'beta2': 0.999, 'signal_len': 64, 'cheb_order': 2, 's': 4.7581222095396445, 'batch_size': 512, 'k': 6}
Trial 67 finished with value 0.382590336 | dataset=ETTm1_192 | selection=last | epoch=150 | best_val_epoch=3 | test_MSE=0.369382915 | MAE=0.382590336 | RMSE=0.607768801 | params={'learning_rate': 0.0020586583464424985, 'decay_rate': 0.0055461163083249335, 'hidden_size': 64, 'beta1': 0.99, 'beta2': 0.999, 'signal_len': 128, 'cheb_order': 3, 's': 5.6338619476443625, 'batch_size': 32, 'k': 6}
Trial 68 finished with value 0.381949906 | dataset=ETTm1_192 | selection=last | epoch=150 | best_val_epoch=62 | test_MSE=0.368869984 | MAE=0.381949906 | RMSE=0.607346675 | params={'learning_rate': 0.03989387251017555, 'decay_rate': 0.0018995017141962328, 'hidden_size': 64, 'beta1': 0.99, 'beta2': 0.999, 'signal_len': 128, 'cheb_order': 2, 's': 6.012828872139924, 'batch_size': 128, 'k': 6}
Trial 69 finished with value 0.384970018 | dataset=ETTm1_192 | selection=last | epoch=150 | best_val_epoch=87 | test_MSE=0.370816171 | MAE=0.384970018 | RMSE=0.608946772 | params={'learning_rate': 0.006357914976485022, 'decay_rate': 0.02043327163274332, 'hidden_size': 16, 'beta1': 0.9, 'beta2': 0.999, 'signal_len': 128, 'cheb_order': 2, 's': 7.205810348323222, 'batch_size': 32, 'k': 6}
Trial 70 finished with value 0.383271460 | dataset=ETTm1_192 | selection=last | epoch=150 | best_val_epoch=50 | test_MSE=0.369851659 | MAE=0.383271460 | RMSE=0.608154305 | params={'learning_rate': 0.017686224346474926, 'decay_rate': 0.01040276721038469, 'hidden_size': 64, 'beta1': 0.99, 'beta2': 0.999, 'signal_len': 16, 'cheb_order': 2, 's': 5.3941281791612745, 'batch_size': 32, 'k': 6}
Trial 71 finished with value 0.391683629 | dataset=ETTm1_192 | selection=last | epoch=150 | best_val_epoch=131 | test_MSE=0.384923922 | MAE=0.391683629 | RMSE=0.620422374 | params={'learning_rate': 0.04133943708246619, 'decay_rate': 0.0034105006197242688, 'hidden_size': 64, 'beta1': 0.99, 'beta2': 0.999, 'signal_len': 128, 'cheb_order': 2, 's': 5.773873037755558, 'batch_size': 128, 'k': 6}
Trial 72 finished with value 0.381815569 | dataset=ETTm1_192 | selection=last | epoch=150 | best_val_epoch=62 | test_MSE=0.368761836 | MAE=0.381815569 | RMSE=0.607257636 | params={'learning_rate': 0.03379275638548415, 'decay_rate': 0.0018896610373372795, 'hidden_size': 64, 'beta1': 0.99, 'beta2': 0.999, 'signal_len': 128, 'cheb_order': 2, 's': 5.991220995702449, 'batch_size': 128, 'k': 6}
Trial 73 finished with value 0.441764938 | dataset=ETTm1_192 | selection=last | epoch=150 | best_val_epoch=6 | test_MSE=0.463288839 | MAE=0.441764938 | RMSE=0.680653245 | params={'learning_rate': 0.003142173977496837, 'decay_rate': 0.0010954933610754075, 'hidden_size': 64, 'beta1': 0.99, 'beta2': 0.999, 'signal_len': 128, 'cheb_order': 2, 's': 7.584868619700766, 'batch_size': 128, 'k': 6}
Trial 74 finished with value 0.382174703 | dataset=ETTm1_192 | selection=last | epoch=150 | best_val_epoch=23 | test_MSE=0.369077788 | MAE=0.382174703 | RMSE=0.607517726 | params={'learning_rate': 0.0052236604245356425, 'decay_rate': 0.003589576989192273, 'hidden_size': 64, 'beta1': 0.99, 'beta2': 0.999, 'signal_len': 128, 'cheb_order': 2, 's': 6.228900684548901, 'batch_size': 128, 'k': 6}
Trial 75 finished with value 0.382467414 | dataset=ETTm1_192 | selection=last | epoch=150 | best_val_epoch=58 | test_MSE=0.369535916 | MAE=0.382467414 | RMSE=0.607894658 | params={'learning_rate': 0.03460784418617296, 'decay_rate': 0.005366526357866911, 'hidden_size': 64, 'beta1': 0.99, 'beta2': 0.999, 'signal_len': 128, 'cheb_order': 2, 's': 4.93337707537075, 'batch_size': 32, 'k': 6}
Trial 76 finished with value 0.381847527 | dataset=ETTm1_192 | selection=last | epoch=150 | best_val_epoch=57 | test_MSE=0.368929322 | MAE=0.381847527 | RMSE=0.607395524 | params={'learning_rate': 0.030054064908838076, 'decay_rate': 0.0015526994702315282, 'hidden_size': 64, 'beta1': 0.99, 'beta2': 0.999, 'signal_len': 64, 'cheb_order': 2, 's': 4.351259816905068, 'batch_size': 32, 'k': 6}
Trial 77 finished with value 0.429739036 | dataset=ETTm1_192 | selection=last | epoch=150 | best_val_epoch=57 | test_MSE=0.502832228 | MAE=0.429739036 | RMSE=0.709106641 | params={'learning_rate': 0.028132745867952762, 'decay_rate': 0.0001272215347531316, 'hidden_size': 64, 'beta1': 0.99, 'beta2': 0.95, 'signal_len': 64, 'cheb_order': 3, 's': 3.4263102169163835, 'batch_size': 256, 'k': 6}
Trial 78 finished with value 0.382613265 | dataset=ETTm1_192 | selection=last | epoch=150 | best_val_epoch=26 | test_MSE=0.369198924 | MAE=0.382613265 | RMSE=0.607617416 | params={'learning_rate': 0.03314838448405226, 'decay_rate': 0.0074287494284650205, 'hidden_size': 32, 'beta1': 0.99, 'beta2': 0.99, 'signal_len': 64, 'cheb_order': 2, 's': 4.309896950524255, 'batch_size': 512, 'k': 6}
Trial 79 finished with value 0.382796729 | dataset=ETTm1_192 | selection=last | epoch=150 | best_val_epoch=94 | test_MSE=0.369762669 | MAE=0.382796729 | RMSE=0.608081137 | params={'learning_rate': 0.030873631443529715, 'decay_rate': 0.003377932120303396, 'hidden_size': 64, 'beta1': 0.99, 'beta2': 0.999, 'signal_len': 64, 'cheb_order': 2, 's': 6.454809557351346, 'batch_size': 32, 'k': 6}
Trial 80 finished with value 0.382394494 | dataset=ETTm1_192 | selection=last | epoch=150 | best_val_epoch=94 | test_MSE=0.369261383 | MAE=0.382394494 | RMSE=0.607668810 | params={'learning_rate': 0.037420368628897395, 'decay_rate': 0.0011447168327690853, 'hidden_size': 64, 'beta1': 0.99, 'beta2': 0.999, 'signal_len': 64, 'cheb_order': 2, 's': 3.7967791132257167, 'batch_size': 32, 'k': 6}
Trial 81 finished with value 0.382140958 | dataset=ETTm1_192 | selection=last | epoch=150 | best_val_epoch=83 | test_MSE=0.369432753 | MAE=0.382140958 | RMSE=0.607809800 | params={'learning_rate': 0.035100634161444946, 'decay_rate': 0.0024237126025995707, 'hidden_size': 64, 'beta1': 0.99, 'beta2': 0.999, 'signal_len': 128, 'cheb_order': 2, 's': 4.614053207756965, 'batch_size': 32, 'k': 6}
Trial 82 finished with value 0.382390972 | dataset=ETTm1_192 | selection=last | epoch=150 | best_val_epoch=70 | test_MSE=0.369308721 | MAE=0.382390972 | RMSE=0.607707759 | params={'learning_rate': 0.025459979004083685, 'decay_rate': 0.004324611799419251, 'hidden_size': 64, 'beta1': 0.99, 'beta2': 0.999, 'signal_len': 128, 'cheb_order': 2, 's': 5.111899806302685, 'batch_size': 32, 'k': 6}
Trial 83 finished with value 0.382149851 | dataset=ETTm1_192 | selection=last | epoch=150 | best_val_epoch=94 | test_MSE=0.369190473 | MAE=0.382149851 | RMSE=0.607610462 | params={'learning_rate': 0.02697855210439876, 'decay_rate': 0.0014740666709951527, 'hidden_size': 64, 'beta1': 0.99, 'beta2': 0.999, 'signal_len': 64, 'cheb_order': 2, 's': 5.457051584668353, 'batch_size': 32, 'k': 6}
Trial 84 finished with value 0.387237229 | dataset=ETTm1_192 | selection=last | epoch=150 | best_val_epoch=92 | test_MSE=0.373551906 | MAE=0.387237229 | RMSE=0.611188928 | params={'learning_rate': 0.0012598020759638164, 'decay_rate': 0.034625169254077284, 'hidden_size': 64, 'beta1': 0.99, 'beta2': 0.999, 'signal_len': 128, 'cheb_order': 2, 's': 5.901746328810219, 'batch_size': 32, 'k': 6}
Trial 85 finished with value 0.382522216 | dataset=ETTm1_192 | selection=last | epoch=150 | best_val_epoch=87 | test_MSE=0.369186639 | MAE=0.382522216 | RMSE=0.607607307 | params={'learning_rate': 0.0033941807441332014, 'decay_rate': 0.006132112348333994, 'hidden_size': 16, 'beta1': 0.99, 'beta2': 0.999, 'signal_len': 128, 'cheb_order': 2, 's': 3.0762905133033422, 'batch_size': 32, 'k': 6}
Trial 86 finished with value 0.381984119 | dataset=ETTm1_192 | selection=last | epoch=150 | best_val_epoch=77 | test_MSE=0.368947439 | MAE=0.381984119 | RMSE=0.607410437 | params={'learning_rate': 0.023053916667604084, 'decay_rate': 0.0027684282324933265, 'hidden_size': 64, 'beta1': 0.99, 'beta2': 0.999, 'signal_len': 32, 'cheb_order': 2, 's': 4.269587611378255, 'batch_size': 128, 'k': 6}
Trial 87 finished with value 0.383286383 | dataset=ETTm1_192 | selection=last | epoch=150 | best_val_epoch=82 | test_MSE=0.369988735 | MAE=0.383286383 | RMSE=0.608266993 | params={'learning_rate': 0.008500137008421508, 'decay_rate': 0.009665838242683366, 'hidden_size': 64, 'beta1': 0.9, 'beta2': 0.99, 'signal_len': 128, 'cheb_order': 2, 's': 5.012436187901925, 'batch_size': 32, 'k': 6}
Trial 88 finished with value 0.382449264 | dataset=ETTm1_192 | selection=last | epoch=150 | best_val_epoch=58 | test_MSE=0.369446821 | MAE=0.382449264 | RMSE=0.607821372 | params={'learning_rate': 0.030709146153436565, 'decay_rate': 0.0050882941739519155, 'hidden_size': 64, 'beta1': 0.99, 'beta2': 0.999, 'signal_len': 128, 'cheb_order': 2, 's': 4.5750388289596735, 'batch_size': 32, 'k': 6}
Trial 89 finished with value 0.382907992 | dataset=ETTm1_192 | selection=last | epoch=150 | best_val_epoch=72 | test_MSE=0.369546507 | MAE=0.382907992 | RMSE=0.607903370 | params={'learning_rate': 0.010507466200327178, 'decay_rate': 0.007520936129646109, 'hidden_size': 16, 'beta1': 0.99, 'beta2': 0.999, 'signal_len': 16, 'cheb_order': 2, 's': 5.278434882112634, 'batch_size': 32, 'k': 6}
Trial 90 finished with value 0.464462911 | dataset=ETTm1_192 | selection=last | epoch=150 | best_val_epoch=2 | test_MSE=0.540859209 | MAE=0.464462911 | RMSE=0.735431308 | params={'learning_rate': 0.007040160403334468, 'decay_rate': 0.00023609105050756158, 'hidden_size': 64, 'beta1': 0.99, 'beta2': 0.999, 'signal_len': 128, 'cheb_order': 3, 's': 6.686373507823576, 'batch_size': 32, 'k': 6}
Trial 91 finished with value 0.381758651 | dataset=ETTm1_192 | selection=last | epoch=150 | best_val_epoch=92 | test_MSE=0.369784298 | MAE=0.381758651 | RMSE=0.608098922 | params={'learning_rate': 0.04060772517537488, 'decay_rate': 0.0024537991880096807, 'hidden_size': 64, 'beta1': 0.99, 'beta2': 0.999, 'signal_len': 128, 'cheb_order': 2, 's': 5.974806628221279, 'batch_size': 128, 'k': 6}
Trial 92 finished with value 0.382231051 | dataset=ETTm1_192 | selection=last | epoch=150 | best_val_epoch=58 | test_MSE=0.369021767 | MAE=0.382231051 | RMSE=0.607471618 | params={'learning_rate': 0.04384120746901756, 'decay_rate': 0.003414707657503166, 'hidden_size': 64, 'beta1': 0.99, 'beta2': 0.999, 'signal_len': 128, 'cheb_order': 2, 's': 5.604308694590676, 'batch_size': 128, 'k': 6}
Trial 93 finished with value 0.381935831 | dataset=ETTm1_192 | selection=last | epoch=150 | best_val_epoch=69 | test_MSE=0.368834683 | MAE=0.381935831 | RMSE=0.607317613 | params={'learning_rate': 0.045123259375592945, 'decay_rate': 0.002052913752256709, 'hidden_size': 64, 'beta1': 0.99, 'beta2': 0.999, 'signal_len': 128, 'cheb_order': 2, 's': 6.184611988186784, 'batch_size': 128, 'k': 6}
Trial 94 finished with value 0.381634355 | dataset=ETTm1_192 | selection=last | epoch=150 | best_val_epoch=62 | test_MSE=0.368664030 | MAE=0.381634355 | RMSE=0.607177099 | params={'learning_rate': 0.03771973252451054, 'decay_rate': 0.001050140676686199, 'hidden_size': 64, 'beta1': 0.99, 'beta2': 0.999, 'signal_len': 128, 'cheb_order': 2, 's': 5.837002476969347, 'batch_size': 128, 'k': 6}
Trial 95 finished with value 0.385768325 | dataset=ETTm1_192 | selection=last | epoch=150 | best_val_epoch=113 | test_MSE=0.371342024 | MAE=0.385768325 | RMSE=0.609378392 | params={'learning_rate': 0.037957943014969735, 'decay_rate': 0.02666438215873398, 'hidden_size': 64, 'beta1': 0.99, 'beta2': 0.999, 'signal_len': 128, 'cheb_order': 2, 's': 5.850381289550108, 'batch_size': 128, 'k': 6}
Trial 96 finished with value 0.443508558 | dataset=ETTm1_192 | selection=last | epoch=150 | best_val_epoch=46 | test_MSE=0.459673413 | MAE=0.443508558 | RMSE=0.677992193 | params={'learning_rate': 0.04022149695776343, 'decay_rate': 0.0009284981534302137, 'hidden_size': 32, 'beta1': 0.99, 'beta2': 0.99, 'signal_len': 128, 'cheb_order': 2, 's': 6.8856189421908525, 'batch_size': 128, 'k': 6}
Trial 97 finished with value 0.382481317 | dataset=ETTm1_192 | selection=last | epoch=150 | best_val_epoch=62 | test_MSE=0.369240495 | MAE=0.382481317 | RMSE=0.607651623 | params={'learning_rate': 0.03911993764681837, 'decay_rate': 0.0044597348942572905, 'hidden_size': 64, 'beta1': 0.99, 'beta2': 0.999, 'signal_len': 128, 'cheb_order': 2, 's': 6.313376703723101, 'batch_size': 128, 'k': 6}
Trial 98 finished with value 0.382618750 | dataset=ETTm1_192 | selection=last | epoch=150 | best_val_epoch=55 | test_MSE=0.369357921 | MAE=0.382618750 | RMSE=0.607748238 | params={'learning_rate': 0.03519643445087176, 'decay_rate': 0.006650029175717373, 'hidden_size': 64, 'beta1': 0.99, 'beta2': 0.95, 'signal_len': 128, 'cheb_order': 2, 's': 6.140759801712323, 'batch_size': 128, 'k': 6}
Trial 99 finished with value 0.382185727 | dataset=ETTm1_192 | selection=last | epoch=150 | best_val_epoch=60 | test_MSE=0.369047744 | MAE=0.382185727 | RMSE=0.607492999 | params={'learning_rate': 0.032976787228849246, 'decay_rate': 0.0033216940442303304, 'hidden_size': 64, 'beta1': 0.99, 'beta2': 0.999, 'signal_len': 128, 'cheb_order': 2, 's': 5.498735500378878, 'batch_size': 128, 'k': 6}
Trial 100 finished with value 0.381642417 | dataset=ETTm1_192 | selection=last | epoch=150 | best_val_epoch=108 | test_MSE=0.368339631 | MAE=0.381642417 | RMSE=0.606909903 | params={'learning_rate': 0.04204552810386433, 'decay_rate': 0.0014520394803603197, 'hidden_size': 16, 'beta1': 0.99, 'beta2': 0.999, 'signal_len': 128, 'cheb_order': 2, 's': 1.840448657370922, 'batch_size': 128, 'k': 6}
Trial 101 finished with value 0.381450168 | dataset=ETTm1_192 | selection=last | epoch=150 | best_val_epoch=72 | test_MSE=0.368281497 | MAE=0.381450168 | RMSE=0.606862008 | params={'learning_rate': 0.03661796396826565, 'decay_rate': 0.001050218262325813, 'hidden_size': 16, 'beta1': 0.99, 'beta2': 0.999, 'signal_len': 128, 'cheb_order': 2, 's': 2.0809798685927072, 'batch_size': 128, 'k': 6}
Trial 102 finished with value 0.444942240 | dataset=ETTm1_192 | selection=last | epoch=150 | best_val_epoch=8 | test_MSE=0.484240596 | MAE=0.444942240 | RMSE=0.695873980 | params={'learning_rate': 0.036288930949620254, 'decay_rate': 0.0010302315305767413, 'hidden_size': 16, 'beta1': 0.99, 'beta2': 0.999, 'signal_len': 128, 'cheb_order': 2, 's': 1.8455402969065797, 'batch_size': 128, 'k': 6}
Trial 103 finished with value 0.455119879 | dataset=ETTm1_192 | selection=last | epoch=150 | best_val_epoch=8 | test_MSE=0.502543617 | MAE=0.455119879 | RMSE=0.708903108 | params={'learning_rate': 0.04266046496008483, 'decay_rate': 6.151365838563227e-05, 'hidden_size': 16, 'beta1': 0.99, 'beta2': 0.999, 'signal_len': 128, 'cheb_order': 2, 's': 1.9199047995806497, 'batch_size': 128, 'k': 6}
Trial 104 finished with value 0.391508703 | dataset=ETTm1_192 | selection=last | epoch=150 | best_val_epoch=120 | test_MSE=0.383146010 | MAE=0.391508703 | RMSE=0.618987891 | params={'learning_rate': 0.03802744314862675, 'decay_rate': 0.001283080123330612, 'hidden_size': 16, 'beta1': 0.99, 'beta2': 0.999, 'signal_len': 128, 'cheb_order': 2, 's': 2.3748042707874184, 'batch_size': 128, 'k': 6}
Trial 105 finished with value 0.382935767 | dataset=ETTm1_192 | selection=last | epoch=150 | best_val_epoch=80 | test_MSE=0.369813979 | MAE=0.382935767 | RMSE=0.608123326 | params={'learning_rate': 0.04294442555801485, 'decay_rate': 0.0051173348774341655, 'hidden_size': 16, 'beta1': 0.9, 'beta2': 0.999, 'signal_len': 128, 'cheb_order': 2, 's': 1.4318248770834376, 'batch_size': 128, 'k': 6}
Trial 106 finished with value 0.384604137 | dataset=ETTm1_192 | selection=last | epoch=150 | best_val_epoch=88 | test_MSE=0.372522378 | MAE=0.384604137 | RMSE=0.610346113 | params={'learning_rate': 0.04145465715079527, 'decay_rate': 0.0037137690461529343, 'hidden_size': 16, 'beta1': 0.99, 'beta2': 0.999, 'signal_len': 128, 'cheb_order': 2, 's': 2.251519374403672, 'batch_size': 128, 'k': 6}
Trial 107 finished with value 0.381777817 | dataset=ETTm1_192 | selection=last | epoch=150 | best_val_epoch=56 | test_MSE=0.368629871 | MAE=0.381777817 | RMSE=0.607148969 | params={'learning_rate': 0.03289710442620738, 'decay_rate': 0.0023451178604522913, 'hidden_size': 16, 'beta1': 0.99, 'beta2': 0.99, 'signal_len': 64, 'cheb_order': 2, 's': 2.1050740726238755, 'batch_size': 128, 'k': 6}
Trial 108 finished with value 0.381934914 | dataset=ETTm1_192 | selection=last | epoch=150 | best_val_epoch=81 | test_MSE=0.368565767 | MAE=0.381934914 | RMSE=0.607096176 | params={'learning_rate': 0.038918950995360635, 'decay_rate': 0.002617315739499122, 'hidden_size': 16, 'beta1': 0.99, 'beta2': 0.99, 'signal_len': 128, 'cheb_order': 2, 's': 2.122411963294269, 'batch_size': 128, 'k': 6}
Trial 109 finished with value 0.382899585 | dataset=ETTm1_192 | selection=last | epoch=150 | best_val_epoch=64 | test_MSE=0.369682231 | MAE=0.382899585 | RMSE=0.608014992 | params={'learning_rate': 0.037233094682803454, 'decay_rate': 0.006093737134272554, 'hidden_size': 16, 'beta1': 0.95, 'beta2': 0.99, 'signal_len': 128, 'cheb_order': 3, 's': 2.7415589193590453, 'batch_size': 128, 'k': 4}
Trial 110 finished with value 0.387734432 | dataset=ETTm1_192 | selection=last | epoch=150 | best_val_epoch=72 | test_MSE=0.372565958 | MAE=0.387734432 | RMSE=0.610381813 | params={'learning_rate': 0.033763553638031824, 'decay_rate': 0.04054586351621034, 'hidden_size': 16, 'beta1': 0.99, 'beta2': 0.99, 'signal_len': 128, 'cheb_order': 2, 's': 1.5879305493117746, 'batch_size': 128, 'k': 6}
