Trial 224 finished with value 0.358288719 | dataset=ETTm1_96 | selection=last | epoch=150 | best_val_epoch=4 | test_MSE=0.325375693 | MAE=0.358288719 | RMSE=0.570417122 | params={'learning_rate': 0.011042872077399405, 'decay_rate': 0.0008198784510917145, 'hidden_size': 64, 'beta1': 0.95, 'beta2': 0.99, 'signal_len': 16, 'cheb_order': 2, 's': 3.904437154971214, 'batch_size': 64, 'k': 2}
Trial 225 finished with value 0.358733968 | dataset=ETTm1_96 | selection=last | epoch=150 | best_val_epoch=4 | test_MSE=0.325752508 | MAE=0.358733968 | RMSE=0.570747324 | params={'learning_rate': 0.008647777608517267, 'decay_rate': 0.002292461248255135, 'hidden_size': 64, 'beta1': 0.95, 'beta2': 0.99, 'signal_len': 16, 'cheb_order': 3, 's': 3.653155290087917, 'batch_size': 64, 'k': 2}
Trial 226 finished with value 0.358407687 | dataset=ETTm1_96 | selection=last | epoch=150 | best_val_epoch=38 | test_MSE=0.325492553 | MAE=0.358407687 | RMSE=0.570519546 | params={'learning_rate': 0.006181689559222799, 'decay_rate': 0.0009040384018586384, 'hidden_size': 64, 'beta1': 0.9, 'beta2': 0.99, 'signal_len': 16, 'cheb_order': 3, 's': 4.549367323176035, 'batch_size': 64, 'k': 2}
Trial 227 finished with value 0.358580581 | dataset=ETTm1_96 | selection=last | epoch=150 | best_val_epoch=47 | test_MSE=0.325666414 | MAE=0.358580581 | RMSE=0.570671897 | params={'learning_rate': 0.007295643485044666, 'decay_rate': 0.001866867923167646, 'hidden_size': 64, 'beta1': 0.95, 'beta2': 0.99, 'signal_len': 16, 'cheb_order': 3, 's': 3.3697182297228876, 'batch_size': 64, 'k': 2}
Trial 228 finished with value 0.358383968 | dataset=ETTm1_96 | selection=last | epoch=150 | best_val_epoch=4 | test_MSE=0.325435487 | MAE=0.358383968 | RMSE=0.570469532 | params={'learning_rate': 0.004622602808153785, 'decay_rate': 0.0008893867460757748, 'hidden_size': 64, 'beta1': 0.95, 'beta2': 0.99, 'signal_len': 16, 'cheb_order': 2, 's': 4.023256022150973, 'batch_size': 64, 'k': 2}
Trial 229 finished with value 0.358743409 | dataset=ETTm1_96 | selection=last | epoch=150 | best_val_epoch=44 | test_MSE=0.325762153 | MAE=0.358743409 | RMSE=0.570755773 | params={'learning_rate': 0.011950837198101204, 'decay_rate': 0.0027494195358032567, 'hidden_size': 64, 'beta1': 0.95, 'beta2': 0.99, 'signal_len': 16, 'cheb_order': 3, 's': 3.7975860169712496, 'batch_size': 64, 'k': 2}
Trial 230 finished with value 0.380019504 | dataset=ETTm1_96 | selection=last | epoch=150 | best_val_epoch=15 | test_MSE=0.340068487 | MAE=0.380019504 | RMSE=0.583153913 | params={'learning_rate': 0.009958078633190582, 'decay_rate': 4.8279341676780324e-05, 'hidden_size': 64, 'beta1': 0.95, 'beta2': 0.99, 'signal_len': 32, 'cheb_order': 3, 's': 4.169304924430696, 'batch_size': 64, 'k': 2}
Trial 231 finished with value 0.358452834 | dataset=ETTm1_96 | selection=last | epoch=150 | best_val_epoch=54 | test_MSE=0.325438772 | MAE=0.358452834 | RMSE=0.570472411 | params={'learning_rate': 0.015178201532022345, 'decay_rate': 0.0016359384065415044, 'hidden_size': 64, 'beta1': 0.95, 'beta2': 0.99, 'signal_len': 16, 'cheb_order': 3, 's': 4.421058300891351, 'batch_size': 64, 'k': 2}
Trial 232 finished with value 0.358287928 | dataset=ETTm1_96 | selection=last | epoch=150 | best_val_epoch=41 | test_MSE=0.325486051 | MAE=0.358287928 | RMSE=0.570513848 | params={'learning_rate': 0.013482503009145759, 'decay_rate': 0.0012343510074843418, 'hidden_size': 64, 'beta1': 0.95, 'beta2': 0.99, 'signal_len': 16, 'cheb_order': 2, 's': 3.498455787548258, 'batch_size': 64, 'k': 2}
Trial 233 finished with value 0.358997675 | dataset=ETTm1_96 | selection=last | epoch=150 | best_val_epoch=32 | test_MSE=0.326070377 | MAE=0.358997675 | RMSE=0.571025723 | params={'learning_rate': 0.008581392961002776, 'decay_rate': 0.003933823341145816, 'hidden_size': 64, 'beta1': 0.95, 'beta2': 0.95, 'signal_len': 16, 'cheb_order': 3, 's': 4.230500376176177, 'batch_size': 64, 'k': 2}
Trial 234 finished with value 0.358137864 | dataset=ETTm1_96 | selection=last | epoch=150 | best_val_epoch=68 | test_MSE=0.325495602 | MAE=0.358137864 | RMSE=0.570522218 | params={'learning_rate': 0.014486789559051555, 'decay_rate': 0.0009324673014853191, 'hidden_size': 64, 'beta1': 0.95, 'beta2': 0.99, 'signal_len': 16, 'cheb_order': 2, 's': 5.762166808584573, 'batch_size': 32, 'k': 2}
Trial 235 finished with value 0.358250705 | dataset=ETTm1_96 | selection=last | epoch=150 | best_val_epoch=44 | test_MSE=0.325304536 | MAE=0.358250705 | RMSE=0.570354746 | params={'learning_rate': 0.014682406110320324, 'decay_rate': 0.0008337682646653772, 'hidden_size': 64, 'beta1': 0.95, 'beta2': 0.99, 'signal_len': 16, 'cheb_order': 2, 's': 5.8492923256295715, 'batch_size': 256, 'k': 2}
Trial 236 finished with value 0.366439167 | dataset=ETTm1_96 | selection=last | epoch=150 | best_val_epoch=15 | test_MSE=0.327397049 | MAE=0.366439167 | RMSE=0.572186201 | params={'learning_rate': 0.01680325542195308, 'decay_rate': 1.1786347090347632e-05, 'hidden_size': 64, 'beta1': 0.95, 'beta2': 0.99, 'signal_len': 16, 'cheb_order': 2, 's': 5.900910478967261, 'batch_size': 256, 'k': 2}
Trial 237 finished with value 0.358594541 | dataset=ETTm1_96 | selection=last | epoch=150 | best_val_epoch=40 | test_MSE=0.325594091 | MAE=0.358594541 | RMSE=0.570608527 | params={'learning_rate': 0.01429078476392151, 'decay_rate': 0.002074742292910691, 'hidden_size': 64, 'beta1': 0.95, 'beta2': 0.99, 'signal_len': 16, 'cheb_order': 2, 's': 6.268818465665013, 'batch_size': 256, 'k': 2}
Trial 238 finished with value 0.357771250 | dataset=ETTm1_96 | selection=last | epoch=150 | best_val_epoch=94 | test_MSE=0.325779573 | MAE=0.357771250 | RMSE=0.570771034 | params={'learning_rate': 0.015516373319429028, 'decay_rate': 0.0010026677603255764, 'hidden_size': 64, 'beta1': 0.95, 'beta2': 0.99, 'signal_len': 16, 'cheb_order': 2, 's': 5.8481359191608435, 'batch_size': 256, 'k': 2}
Trial 239 finished with value 0.358740003 | dataset=ETTm1_96 | selection=last | epoch=150 | best_val_epoch=29 | test_MSE=0.325726575 | MAE=0.358740003 | RMSE=0.570724605 | params={'learning_rate': 0.014560194989490445, 'decay_rate': 0.002753608653620455, 'hidden_size': 64, 'beta1': 0.95, 'beta2': 0.99, 'signal_len': 16, 'cheb_order': 2, 's': 6.106004308861108, 'batch_size': 256, 'k': 2}
Trial 240 finished with value 0.358477282 | dataset=ETTm1_96 | selection=last | epoch=150 | best_val_epoch=68 | test_MSE=0.325844890 | MAE=0.358477282 | RMSE=0.570828250 | params={'learning_rate': 0.015915853841063973, 'decay_rate': 0.0015971844611065837, 'hidden_size': 64, 'beta1': 0.95, 'beta2': 0.99, 'signal_len': 16, 'cheb_order': 2, 's': 5.794797559344592, 'batch_size': 32, 'k': 2}
Trial 241 finished with value 0.413158187 | dataset=ETTm1_96 | selection=last | epoch=150 | best_val_epoch=8 | test_MSE=0.416554522 | MAE=0.413158187 | RMSE=0.645410352 | params={'learning_rate': 0.015259628671058475, 'decay_rate': 0.0007996308971242424, 'hidden_size': 16, 'beta1': 0.95, 'beta2': 0.99, 'signal_len': 128, 'cheb_order': 2, 's': 5.855445844011373, 'batch_size': 256, 'k': 2}
Trial 242 finished with value 0.365550439 | dataset=ETTm1_96 | selection=last | epoch=150 | best_val_epoch=2 | test_MSE=0.326379926 | MAE=0.365550439 | RMSE=0.571296706 | params={'learning_rate': 0.013193106248667616, 'decay_rate': 2.700239362324634e-05, 'hidden_size': 64, 'beta1': 0.95, 'beta2': 0.99, 'signal_len': 16, 'cheb_order': 2, 's': 5.575205777514583, 'batch_size': 256, 'k': 2}
Trial 243 finished with value 0.358694021 | dataset=ETTm1_96 | selection=last | epoch=150 | best_val_epoch=15 | test_MSE=0.325704691 | MAE=0.358694021 | RMSE=0.570705433 | params={'learning_rate': 0.013581646482462312, 'decay_rate': 0.002522007859811889, 'hidden_size': 64, 'beta1': 0.95, 'beta2': 0.99, 'signal_len': 16, 'cheb_order': 2, 's': 5.714791830146194, 'batch_size': 256, 'k': 2}
Trial 244 finished with value 0.358145175 | dataset=ETTm1_96 | selection=last | epoch=150 | best_val_epoch=86 | test_MSE=0.325604655 | MAE=0.358145175 | RMSE=0.570617783 | params={'learning_rate': 0.014780595569178847, 'decay_rate': 0.0008886398073268453, 'hidden_size': 64, 'beta1': 0.95, 'beta2': 0.99, 'signal_len': 16, 'cheb_order': 2, 's': 5.999524055896049, 'batch_size': 256, 'k': 2}
Trial 245 finished with value 0.364725622 | dataset=ETTm1_96 | selection=last | epoch=150 | best_val_epoch=120 | test_MSE=0.331016089 | MAE=0.364725622 | RMSE=0.575339977 | params={'learning_rate': 0.014911781440979687, 'decay_rate': 0.0015122192286919935, 'hidden_size': 64, 'beta1': 0.95, 'beta2': 0.99, 'signal_len': 16, 'cheb_order': 2, 's': 5.383078198390989, 'batch_size': 32, 'k': 2}
Trial 246 finished with value 0.366591614 | dataset=ETTm1_96 | selection=last | epoch=150 | best_val_epoch=47 | test_MSE=0.327188320 | MAE=0.366591614 | RMSE=0.572003776 | params={'learning_rate': 0.017713163326595647, 'decay_rate': 1.5548144132817437e-05, 'hidden_size': 64, 'beta1': 0.95, 'beta2': 0.99, 'signal_len': 16, 'cheb_order': 2, 's': 5.727310864464041, 'batch_size': 128, 'k': 2}
Trial 247 finished with value 0.358266448 | dataset=ETTm1_96 | selection=last | epoch=150 | best_val_epoch=50 | test_MSE=0.325331801 | MAE=0.358266448 | RMSE=0.570378647 | params={'learning_rate': 0.014103844974283596, 'decay_rate': 0.0009939736237565208, 'hidden_size': 64, 'beta1': 0.95, 'beta2': 0.99, 'signal_len': 16, 'cheb_order': 2, 's': 5.941947951421456, 'batch_size': 256, 'k': 2}
Trial 248 finished with value 0.358156858 | dataset=ETTm1_96 | selection=last | epoch=150 | best_val_epoch=103 | test_MSE=0.325905807 | MAE=0.358156858 | RMSE=0.570881605 | params={'learning_rate': 0.012440619897420823, 'decay_rate': 0.0018394970136237756, 'hidden_size': 64, 'beta1': 0.95, 'beta2': 0.99, 'signal_len': 16, 'cheb_order': 2, 's': 5.609695670364903, 'batch_size': 256, 'k': 2}
Trial 249 finished with value 0.384733486 | dataset=ETTm1_96 | selection=last | epoch=150 | best_val_epoch=4 | test_MSE=0.362241246 | MAE=0.384733486 | RMSE=0.601864807 | params={'learning_rate': 0.011887584281976187, 'decay_rate': 0.0018824415187133838, 'hidden_size': 64, 'beta1': 0.95, 'beta2': 0.99, 'signal_len': 64, 'cheb_order': 2, 's': 5.209236678147168, 'batch_size': 256, 'k': 2}
Trial 250 finished with value 0.358616667 | dataset=ETTm1_96 | selection=last | epoch=150 | best_val_epoch=29 | test_MSE=0.325616057 | MAE=0.358616667 | RMSE=0.570627774 | params={'learning_rate': 0.012382852052761358, 'decay_rate': 0.002086288807946261, 'hidden_size': 64, 'beta1': 0.95, 'beta2': 0.99, 'signal_len': 16, 'cheb_order': 2, 's': 6.150880552621201, 'batch_size': 256, 'k': 2}
Trial 251 finished with value 0.358678161 | dataset=ETTm1_96 | selection=last | epoch=150 | best_val_epoch=77 | test_MSE=0.325697368 | MAE=0.358678161 | RMSE=0.570699017 | params={'learning_rate': 0.012433894480150524, 'decay_rate': 0.0032313028054712133, 'hidden_size': 64, 'beta1': 0.95, 'beta2': 0.99, 'signal_len': 16, 'cheb_order': 2, 's': 5.59365281813937, 'batch_size': 256, 'k': 2}
Trial 252 finished with value 0.358293627 | dataset=ETTm1_96 | selection=last | epoch=150 | best_val_epoch=12 | test_MSE=0.325370807 | MAE=0.358293627 | RMSE=0.570412839 | params={'learning_rate': 0.01333923089847389, 'decay_rate': 0.001078960023728878, 'hidden_size': 32, 'beta1': 0.95, 'beta2': 0.99, 'signal_len': 32, 'cheb_order': 2, 's': 6.720875686861017, 'batch_size': 256, 'k': 6}
Trial 253 finished with value 0.358397703 | dataset=ETTm1_96 | selection=last | epoch=150 | best_val_epoch=41 | test_MSE=0.325438752 | MAE=0.358397703 | RMSE=0.570472394 | params={'learning_rate': 0.01605597580973519, 'decay_rate': 0.0016922133609597013, 'hidden_size': 64, 'beta1': 0.95, 'beta2': 0.99, 'signal_len': 16, 'cheb_order': 2, 's': 4.676363731109174, 'batch_size': 256, 'k': 2}
Trial 254 finished with value 0.360886411 | dataset=ETTm1_96 | selection=last | epoch=150 | best_val_epoch=94 | test_MSE=0.329014941 | MAE=0.360886411 | RMSE=0.573598240 | params={'learning_rate': 0.0066235854126752945, 'decay_rate': 0.011107924051812625, 'hidden_size': 64, 'beta1': 0.95, 'beta2': 0.99, 'signal_len': 16, 'cheb_order': 2, 's': 6.09603644015527, 'batch_size': 32, 'k': 2}
Trial 255 finished with value 0.362163097 | dataset=ETTm1_96 | selection=last | epoch=150 | best_val_epoch=41 | test_MSE=0.328999616 | MAE=0.362163097 | RMSE=0.573584882 | params={'learning_rate': 0.011329509119433654, 'decay_rate': 0.020536057242228574, 'hidden_size': 64, 'beta1': 0.95, 'beta2': 0.99, 'signal_len': 16, 'cheb_order': 2, 's': 6.380179104369869, 'batch_size': 256, 'k': 2}
Trial 256 finished with value 0.364902726 | dataset=ETTm1_96 | selection=last | epoch=150 | best_val_epoch=120 | test_MSE=0.330330409 | MAE=0.364902726 | RMSE=0.574743777 | params={'learning_rate': 0.039077620621313106, 'decay_rate': 0.0007673093943835204, 'hidden_size': 64, 'beta1': 0.95, 'beta2': 0.99, 'signal_len': 16, 'cheb_order': 2, 's': 5.488359284785545, 'batch_size': 64, 'k': 2}
Trial 257 finished with value 0.358560877 | dataset=ETTm1_96 | selection=last | epoch=150 | best_val_epoch=54 | test_MSE=0.325515819 | MAE=0.358560877 | RMSE=0.570539936 | params={'learning_rate': 0.005636559868604439, 'decay_rate': 0.0026380185760680698, 'hidden_size': 64, 'beta1': 0.95, 'beta2': 0.99, 'signal_len': 16, 'cheb_order': 2, 's': 4.480912127880162, 'batch_size': 512, 'k': 2}
Trial 258 finished with value 0.378948932 | dataset=ETTm1_96 | selection=last | epoch=150 | best_val_epoch=5 | test_MSE=0.339974780 | MAE=0.378948932 | RMSE=0.583073563 | params={'learning_rate': 0.003481771648941125, 'decay_rate': 3.954528841495597e-05, 'hidden_size': 64, 'beta1': 0.95, 'beta2': 0.99, 'signal_len': 32, 'cheb_order': 2, 's': 4.892118824717119, 'batch_size': 64, 'k': 2}
Trial 259 finished with value 0.358789421 | dataset=ETTm1_96 | selection=last | epoch=150 | best_val_epoch=94 | test_MSE=0.327114608 | MAE=0.358789421 | RMSE=0.571939340 | params={'learning_rate': 0.012843254889175454, 'decay_rate': 0.0018843907525794034, 'hidden_size': 64, 'beta1': 0.9, 'beta2': 0.99, 'signal_len': 16, 'cheb_order': 2, 's': 7.375825622316763, 'batch_size': 64, 'k': 2}
Trial 260 finished with value 0.358380128 | dataset=ETTm1_96 | selection=last | epoch=150 | best_val_epoch=4 | test_MSE=0.325445289 | MAE=0.358380128 | RMSE=0.570478123 | params={'learning_rate': 0.007360788205711688, 'decay_rate': 0.000919579895813989, 'hidden_size': 64, 'beta1': 0.95, 'beta2': 0.99, 'signal_len': 16, 'cheb_order': 2, 's': 6.039800295520125, 'batch_size': 64, 'k': 2}
Trial 261 finished with value 0.363919892 | dataset=ETTm1_96 | selection=last | epoch=150 | best_val_epoch=120 | test_MSE=0.329652606 | MAE=0.363919892 | RMSE=0.574153817 | params={'learning_rate': 0.013992891050316002, 'decay_rate': 0.0033552076928785144, 'hidden_size': 64, 'beta1': 0.95, 'beta2': 0.99, 'signal_len': 16, 'cheb_order': 3, 's': 5.135882018386355, 'batch_size': 32, 'k': 2}
Trial 262 finished with value 0.367692903 | dataset=ETTm1_96 | selection=last | epoch=150 | best_val_epoch=23 | test_MSE=0.330709644 | MAE=0.367692903 | RMSE=0.575073598 | params={'learning_rate': 0.015382109978487827, 'decay_rate': 3.148287658997161e-05, 'hidden_size': 64, 'beta1': 0.95, 'beta2': 0.95, 'signal_len': 16, 'cheb_order': 3, 's': 4.348565446432217, 'batch_size': 64, 'k': 2}
Trial 263 finished with value 0.358545061 | dataset=ETTm1_96 | selection=last | epoch=150 | best_val_epoch=4 | test_MSE=0.325585170 | MAE=0.358545061 | RMSE=0.570600710 | params={'learning_rate': 0.01095869729430428, 'decay_rate': 0.0016837417643168985, 'hidden_size': 64, 'beta1': 0.95, 'beta2': 0.99, 'signal_len': 16, 'cheb_order': 2, 's': 5.66298393509288, 'batch_size': 64, 'k': 2}
Trial 264 finished with value 0.358920556 | dataset=ETTm1_96 | selection=last | epoch=150 | best_val_epoch=43 | test_MSE=0.325837214 | MAE=0.358920556 | RMSE=0.570821526 | params={'learning_rate': 0.004887203051660261, 'decay_rate': 0.002517588338850631, 'hidden_size': 64, 'beta1': 0.95, 'beta2': 0.99, 'signal_len': 32, 'cheb_order': 3, 's': 4.043849495234722, 'batch_size': 64, 'k': 2}
Trial 265 finished with value 0.358805922 | dataset=ETTm1_96 | selection=last | epoch=150 | best_val_epoch=79 | test_MSE=0.327177849 | MAE=0.358805922 | RMSE=0.571994623 | params={'learning_rate': 0.02810810455310883, 'decay_rate': 0.0010073840910516335, 'hidden_size': 64, 'beta1': 0.95, 'beta2': 0.999, 'signal_len': 16, 'cheb_order': 3, 's': 4.507058234605277, 'batch_size': 64, 'k': 2}
Trial 266 finished with value 0.364556859 | dataset=ETTm1_96 | selection=last | epoch=150 | best_val_epoch=17 | test_MSE=0.325370269 | MAE=0.364556859 | RMSE=0.570412367 | params={'learning_rate': 0.012871311161584933, 'decay_rate': 0.000841162446811475, 'hidden_size': 64, 'beta1': 0.95, 'beta2': 0.99, 'signal_len': 16, 'cheb_order': 2, 's': 5.350517436183068, 'batch_size': 256, 'k': 2}
Trial 267 finished with value 0.365498087 | dataset=ETTm1_96 | selection=last | epoch=150 | best_val_epoch=4 | test_MSE=0.325418630 | MAE=0.365498087 | RMSE=0.570454757 | params={'learning_rate': 0.007745755097573871, 'decay_rate': 2.6876622130723245e-05, 'hidden_size': 64, 'beta1': 0.95, 'beta2': 0.99, 'signal_len': 16, 'cheb_order': 3, 's': 3.950769103561693, 'batch_size': 64, 'k': 6}
Trial 268 finished with value 0.358731398 | dataset=ETTm1_96 | selection=last | epoch=150 | best_val_epoch=67 | test_MSE=0.325686233 | MAE=0.358731398 | RMSE=0.570689261 | params={'learning_rate': 0.014294684137520637, 'decay_rate': 0.0022930275399412744, 'hidden_size': 16, 'beta1': 0.95, 'beta2': 0.99, 'signal_len': 16, 'cheb_order': 2, 's': 9.026213664301771, 'batch_size': 64, 'k': 2}
Trial 269 finished with value 0.358342111 | dataset=ETTm1_96 | selection=last | epoch=150 | best_val_epoch=40 | test_MSE=0.325614320 | MAE=0.358342111 | RMSE=0.570626253 | params={'learning_rate': 0.011536034414482052, 'decay_rate': 0.0013137711452077148, 'hidden_size': 64, 'beta1': 0.95, 'beta2': 0.99, 'signal_len': 16, 'cheb_order': 3, 's': 3.6442137913431063, 'batch_size': 32, 'k': 2}
Trial 270 finished with value 0.359060795 | dataset=ETTm1_96 | selection=last | epoch=150 | best_val_epoch=34 | test_MSE=0.326069358 | MAE=0.359060795 | RMSE=0.571024831 | params={'learning_rate': 0.005879816879794552, 'decay_rate': 0.003282264203139041, 'hidden_size': 64, 'beta1': 0.95, 'beta2': 0.99, 'signal_len': 128, 'cheb_order': 3, 's': 4.786387735941603, 'batch_size': 64, 'k': 2}
Trial 271 finished with value 0.358637744 | dataset=ETTm1_96 | selection=last | epoch=150 | best_val_epoch=94 | test_MSE=0.325193308 | MAE=0.358637744 | RMSE=0.570257229 | params={'learning_rate': 0.04983430756471587, 'decay_rate': 0.0015398986729299848, 'hidden_size': 64, 'beta1': 0.95, 'beta2': 0.99, 'signal_len': 32, 'cheb_order': 2, 's': 4.2006501990902105, 'batch_size': 64, 'k': 2}
Trial 272 finished with value 0.359373580 | dataset=ETTm1_96 | selection=last | epoch=150 | best_val_epoch=92 | test_MSE=0.327978444 | MAE=0.359373580 | RMSE=0.572694023 | params={'learning_rate': 0.008919710225701398, 'decay_rate': 0.00422002965412396, 'hidden_size': 64, 'beta1': 0.95, 'beta2': 0.999, 'signal_len': 16, 'cheb_order': 3, 's': 4.332766042792771, 'batch_size': 64, 'k': 2}
Trial 273 finished with value 0.358374003 | dataset=ETTm1_96 | selection=last | epoch=150 | best_val_epoch=91 | test_MSE=0.325925254 | MAE=0.358374003 | RMSE=0.570898637 | params={'learning_rate': 0.04719921355020968, 'decay_rate': 0.0007927547046583454, 'hidden_size': 32, 'beta1': 0.95, 'beta2': 0.99, 'signal_len': 16, 'cheb_order': 3, 's': 4.617338256882376, 'batch_size': 128, 'k': 2}
Trial 274 finished with value 0.364494828 | dataset=ETTm1_96 | selection=last | epoch=150 | best_val_epoch=4 | test_MSE=0.324810936 | MAE=0.364494828 | RMSE=0.569921868 | params={'learning_rate': 0.010400242202642018, 'decay_rate': 1.8303898168250824e-05, 'hidden_size': 64, 'beta1': 0.95, 'beta2': 0.99, 'signal_len': 16, 'cheb_order': 2, 's': 3.7676806433527337, 'batch_size': 64, 'k': 2}
Trial 275 finished with value 0.358728276 | dataset=ETTm1_96 | selection=last | epoch=150 | best_val_epoch=4 | test_MSE=0.325744602 | MAE=0.358728276 | RMSE=0.570740398 | params={'learning_rate': 0.012945242461636535, 'decay_rate': 0.0026354034440732336, 'hidden_size': 64, 'beta1': 0.95, 'beta2': 0.99, 'signal_len': 64, 'cheb_order': 3, 's': 4.011872147400849, 'batch_size': 256, 'k': 2}
Trial 276 finished with value 0.364680003 | dataset=ETTm1_96 | selection=last | epoch=150 | best_val_epoch=70 | test_MSE=0.331334465 | MAE=0.364680003 | RMSE=0.575616595 | params={'learning_rate': 0.007023111914224892, 'decay_rate': 0.033839207565686064, 'hidden_size': 64, 'beta1': 0.95, 'beta2': 0.99, 'signal_len': 16, 'cheb_order': 2, 's': 4.257575227685487, 'batch_size': 64, 'k': 2}
Trial 277 finished with value 0.358592704 | dataset=ETTm1_96 | selection=last | epoch=150 | best_val_epoch=79 | test_MSE=0.325956354 | MAE=0.358592704 | RMSE=0.570925874 | params={'learning_rate': 0.015597387873008668, 'decay_rate': 0.0018872241510225563, 'hidden_size': 64, 'beta1': 0.95, 'beta2': 0.99, 'signal_len': 16, 'cheb_order': 3, 's': 6.968831391059526, 'batch_size': 32, 'k': 2}
Trial 278 finished with value 0.365499794 | dataset=ETTm1_96 | selection=last | epoch=150 | best_val_epoch=44 | test_MSE=0.332077813 | MAE=0.365499794 | RMSE=0.576261931 | params={'learning_rate': 0.008096023730162934, 'decay_rate': 0.03832279068189315, 'hidden_size': 64, 'beta1': 0.95, 'beta2': 0.99, 'signal_len': 16, 'cheb_order': 3, 's': 7.9219323743425205, 'batch_size': 64, 'k': 2}
Trial 279 finished with value 0.358594473 | dataset=ETTm1_96 | selection=last | epoch=150 | best_val_epoch=5 | test_MSE=0.325611919 | MAE=0.358594473 | RMSE=0.570624149 | params={'learning_rate': 0.0023958318356352105, 'decay_rate': 0.0015131011297987095, 'hidden_size': 64, 'beta1': 0.9, 'beta2': 0.99, 'signal_len': 32, 'cheb_order': 2, 's': 9.64902614823871, 'batch_size': 64, 'k': 2}
