Trial 336 finished with value 0.358648867 | dataset=ETTm1_96 | selection=last | epoch=150 | best_val_epoch=94 | test_MSE=0.326974191 | MAE=0.358648867 | RMSE=0.571816571 | params={'learning_rate': 0.009982533055132442, 'decay_rate': 0.0015670226753563793, 'hidden_size': 64, 'beta1': 0.95, 'beta2': 0.99, 'signal_len': 16, 'cheb_order': 3, 's': 8.606589112538133, 'batch_size': 32, 'k': 2}
Trial 337 finished with value 0.358814019 | dataset=ETTm1_96 | selection=last | epoch=150 | best_val_epoch=12 | test_MSE=0.325827099 | MAE=0.358814019 | RMSE=0.570812665 | params={'learning_rate': 0.010640317277585175, 'decay_rate': 0.0030471572236918185, 'hidden_size': 16, 'beta1': 0.95, 'beta2': 0.99, 'signal_len': 16, 'cheb_order': 2, 's': 6.147123329617705, 'batch_size': 512, 'k': 2}
Trial 338 finished with value 0.358228171 | dataset=ETTm1_96 | selection=last | epoch=150 | best_val_epoch=44 | test_MSE=0.325405610 | MAE=0.358228171 | RMSE=0.570443345 | params={'learning_rate': 0.011716735699970565, 'decay_rate': 0.0009586971090396016, 'hidden_size': 64, 'beta1': 0.95, 'beta2': 0.99, 'signal_len': 16, 'cheb_order': 3, 's': 4.974586397897113, 'batch_size': 64, 'k': 2}
Trial 339 finished with value 0.361656158 | dataset=ETTm1_96 | selection=last | epoch=150 | best_val_epoch=46 | test_MSE=0.328552920 | MAE=0.361656158 | RMSE=0.573195360 | params={'learning_rate': 0.009017725910719056, 'decay_rate': 0.017764006659725044, 'hidden_size': 64, 'beta1': 0.95, 'beta2': 0.99, 'signal_len': 16, 'cheb_order': 3, 's': 4.530327001645103, 'batch_size': 256, 'k': 2}
Trial 340 finished with value 0.358973510 | dataset=ETTm1_96 | selection=last | epoch=150 | best_val_epoch=94 | test_MSE=0.327674334 | MAE=0.358973510 | RMSE=0.572428454 | params={'learning_rate': 0.013447245924404706, 'decay_rate': 0.0021517331458928528, 'hidden_size': 64, 'beta1': 0.95, 'beta2': 0.99, 'signal_len': 16, 'cheb_order': 2, 's': 5.748180373648329, 'batch_size': 64, 'k': 2}
Trial 341 finished with value 0.357830563 | dataset=ETTm1_96 | selection=last | epoch=150 | best_val_epoch=78 | test_MSE=0.324945865 | MAE=0.357830563 | RMSE=0.570040231 | params={'learning_rate': 0.012376139661782594, 'decay_rate': 0.0010904114070890971, 'hidden_size': 64, 'beta1': 0.99, 'beta2': 0.99, 'signal_len': 16, 'cheb_order': 3, 's': 5.530289013109869, 'batch_size': 64, 'k': 2}
Trial 342 finished with value 0.370419209 | dataset=ETTm1_96 | selection=last | epoch=150 | best_val_epoch=54 | test_MSE=0.332201820 | MAE=0.370419209 | RMSE=0.576369517 | params={'learning_rate': 0.012535280142418122, 'decay_rate': 4.321550838722239e-05, 'hidden_size': 64, 'beta1': 0.99, 'beta2': 0.999, 'signal_len': 16, 'cheb_order': 3, 's': 5.93140216759335, 'batch_size': 64, 'k': 2}
Trial 343 finished with value 0.358997457 | dataset=ETTm1_96 | selection=last | epoch=150 | best_val_epoch=116 | test_MSE=0.325604062 | MAE=0.358997457 | RMSE=0.570617264 | params={'learning_rate': 0.014025209658785773, 'decay_rate': 0.0035121355247078, 'hidden_size': 32, 'beta1': 0.99, 'beta2': 0.99, 'signal_len': 16, 'cheb_order': 2, 's': 5.490125575034468, 'batch_size': 64, 'k': 2}
Trial 344 finished with value 0.358371684 | dataset=ETTm1_96 | selection=last | epoch=150 | best_val_epoch=30 | test_MSE=0.325448033 | MAE=0.358371684 | RMSE=0.570480528 | params={'learning_rate': 0.011719273832864061, 'decay_rate': 0.0017456476402458215, 'hidden_size': 64, 'beta1': 0.99, 'beta2': 0.99, 'signal_len': 16, 'cheb_order': 3, 's': 5.110205447694344, 'batch_size': 32, 'k': 2}
Trial 345 finished with value 0.360451540 | dataset=ETTm1_96 | selection=last | epoch=150 | best_val_epoch=97 | test_MSE=0.330130269 | MAE=0.360451540 | RMSE=0.574569638 | params={'learning_rate': 0.02541608379618951, 'decay_rate': 0.002562199376748903, 'hidden_size': 64, 'beta1': 0.99, 'beta2': 0.99, 'signal_len': 16, 'cheb_order': 2, 's': 2.6406331233884606, 'batch_size': 64, 'k': 2}
Trial 346 finished with value 0.359269211 | dataset=ETTm1_96 | selection=last | epoch=150 | best_val_epoch=46 | test_MSE=0.326216138 | MAE=0.359269211 | RMSE=0.571153340 | params={'learning_rate': 0.012957407963671187, 'decay_rate': 0.005437595774278904, 'hidden_size': 64, 'beta1': 0.99, 'beta2': 0.99, 'signal_len': 16, 'cheb_order': 3, 's': 5.59389515540839, 'batch_size': 256, 'k': 2}
Trial 347 finished with value 0.367001263 | dataset=ETTm1_96 | selection=last | epoch=150 | best_val_epoch=41 | test_MSE=0.333399507 | MAE=0.367001263 | RMSE=0.577407575 | params={'learning_rate': 0.01480057027450285, 'decay_rate': 0.04720859756272444, 'hidden_size': 64, 'beta1': 0.99, 'beta2': 0.99, 'signal_len': 16, 'cheb_order': 2, 's': 5.272911178842469, 'batch_size': 64, 'k': 4}
Trial 348 finished with value 0.358103374 | dataset=ETTm1_96 | selection=last | epoch=150 | best_val_epoch=92 | test_MSE=0.325981992 | MAE=0.358103374 | RMSE=0.570948327 | params={'learning_rate': 0.01068455115153765, 'decay_rate': 0.0010183615552619607, 'hidden_size': 64, 'beta1': 0.99, 'beta2': 0.99, 'signal_len': 16, 'cheb_order': 3, 's': 5.730240722542174, 'batch_size': 64, 'k': 2}
