RUN study=ETTm1_96_ufgtime_plus_ett_main_config_mean_v1_mean_last | storage=sqlite:////home/xy/Research/UFGTime/UFGTime+/sqlite/ETTm1_96_ufgtime_plus_ett_main_config_mean_v1_mean_last.sqlite3 | trials_this_run=500 | log=/home/xy/Research/UFGTime/UFGTime+/logs/ETTm1_96_ufgtime_plus_ett_main_config_mean_v1_mean_last/20260915_074501_1419237.log
Trial 0 finished with value 0.365047771 | dataset=ETTm1_96 | selection=last | epoch=150 | best_val_epoch=30 | test_MSE=0.331638657 | MAE=0.365047771 | RMSE=0.575880767 | params={'learning_rate': 0.027445187061326964, 'decay_rate': 0.03576231642495725, 'hidden_size': 16, 'beta1': 0.99, 'beta2': 0.95, 'signal_len': 64, 'cheb_order': 2, 's': 8.510316625376648, 'batch_size': 128, 'k': 6}
Trial 1 finished with value 0.364339525 | dataset=ETTm1_96 | selection=last | epoch=150 | best_val_epoch=72 | test_MSE=0.330999588 | MAE=0.364339525 | RMSE=0.575325637 | params={'learning_rate': 0.005922538549187971, 'decay_rate': 0.031999651856162915, 'hidden_size': 32, 'beta1': 0.99, 'beta2': 0.99, 'signal_len': 128, 'cheb_order': 2, 's': 4.989584388814139, 'batch_size': 32, 'k': 2}
Trial 2 finished with value 0.362198359 | dataset=ETTm1_96 | selection=last | epoch=150 | best_val_epoch=69 | test_MSE=0.329078291 | MAE=0.362198359 | RMSE=0.573653459 | params={'learning_rate': 0.01577826326269995, 'decay_rate': 0.018191901439421704, 'hidden_size': 64, 'beta1': 0.95, 'beta2': 0.95, 'signal_len': 128, 'cheb_order': 3, 's': 4.381654018882581, 'batch_size': 512, 'k': 4}
Trial 3 finished with value 0.364140773 | dataset=ETTm1_96 | selection=last | epoch=150 | best_val_epoch=82 | test_MSE=0.330813433 | MAE=0.364140773 | RMSE=0.575163831 | params={'learning_rate': 0.04883828679863496, 'decay_rate': 0.03024622753205485, 'hidden_size': 16, 'beta1': 0.95, 'beta2': 0.99, 'signal_len': 16, 'cheb_order': 3, 's': 9.370736158428306, 'batch_size': 256, 'k': 2}
Trial 4 finished with value 0.402258177 | dataset=ETTm1_96 | selection=last | epoch=150 | best_val_epoch=13 | test_MSE=0.429648662 | MAE=0.402258177 | RMSE=0.655475905 | params={'learning_rate': 0.029329781611156056, 'decay_rate': 0.0010151762339128028, 'hidden_size': 16, 'beta1': 0.99, 'beta2': 0.999, 'signal_len': 64, 'cheb_order': 2, 's': 3.74718886261069, 'batch_size': 512, 'k': 6}
Trial 5 finished with value 0.362409970 | dataset=ETTm1_96 | selection=last | epoch=150 | best_val_epoch=95 | test_MSE=0.329131862 | MAE=0.362409970 | RMSE=0.573700150 | params={'learning_rate': 0.036265461448183836, 'decay_rate': 0.025071205852515845, 'hidden_size': 16, 'beta1': 0.9, 'beta2': 0.95, 'signal_len': 128, 'cheb_order': 2, 's': 6.913487296728489, 'batch_size': 128, 'k': 6}
Trial 6 finished with value 0.365331044 | dataset=ETTm1_96 | selection=last | epoch=150 | best_val_epoch=57 | test_MSE=0.331940529 | MAE=0.365331044 | RMSE=0.576142802 | params={'learning_rate': 0.04031163751241383, 'decay_rate': 0.03519739029118291, 'hidden_size': 32, 'beta1': 0.9, 'beta2': 0.99, 'signal_len': 16, 'cheb_order': 3, 's': 5.136529875834814, 'batch_size': 128, 'k': 4}
Trial 7 finished with value 0.360266216 | dataset=ETTm1_96 | selection=last | epoch=150 | best_val_epoch=72 | test_MSE=0.327504315 | MAE=0.360266216 | RMSE=0.572279927 | params={'learning_rate': 0.036502228215578664, 'decay_rate': 0.008589767566299412, 'hidden_size': 16, 'beta1': 0.95, 'beta2': 0.99, 'signal_len': 64, 'cheb_order': 3, 's': 6.564297008096474, 'batch_size': 128, 'k': 2}
Trial 8 finished with value 0.371148052 | dataset=ETTm1_96 | selection=last | epoch=150 | best_val_epoch=126 | test_MSE=0.342322408 | MAE=0.371148052 | RMSE=0.585083249 | params={'learning_rate': 0.009317788363958005, 'decay_rate': 0.04721917577529684, 'hidden_size': 16, 'beta1': 0.99, 'beta2': 0.99, 'signal_len': 128, 'cheb_order': 3, 's': 9.080374508059045, 'batch_size': 32, 'k': 6}
Trial 9 finished with value 0.362019703 | dataset=ETTm1_96 | selection=last | epoch=150 | best_val_epoch=82 | test_MSE=0.328816916 | MAE=0.362019703 | RMSE=0.573425598 | params={'learning_rate': 0.016007657369615166, 'decay_rate': 0.01917936006965318, 'hidden_size': 32, 'beta1': 0.9, 'beta2': 0.99, 'signal_len': 32, 'cheb_order': 3, 's': 1.328398190685331, 'batch_size': 256, 'k': 4}
Trial 10 finished with value 0.359083513 | dataset=ETTm1_96 | selection=last | epoch=150 | best_val_epoch=32 | test_MSE=0.326351703 | MAE=0.359083513 | RMSE=0.571272004 | params={'learning_rate': 0.04760253803654846, 'decay_rate': 0.001276049259700803, 'hidden_size': 64, 'beta1': 0.95, 'beta2': 0.999, 'signal_len': 64, 'cheb_order': 3, 's': 7.26587594064285, 'batch_size': 64, 'k': 2}
RUN study=ETTm1_96_ufgtime_plus_ett_main_config_mean_v1_mean_last | storage=sqlite:////home/xy/Research/UFGTime/UFGTime+/sqlite/ETTm1_96_ufgtime_plus_ett_main_config_mean_v1_mean_last.sqlite3 | trials_this_run=500 | log=/home/xy/Research/UFGTime/UFGTime+/logs/ETTm1_96_ufgtime_plus_ett_main_config_mean_v1_mean_last/20260916_065632_18622.log
Trial 12 finished with value 0.359204454 | dataset=ETTm1_96 | selection=last | epoch=150 | best_val_epoch=96 | test_MSE=0.327985862 | MAE=0.359204454 | RMSE=0.572700500 | params={'learning_rate': 0.0489898292324763, 'decay_rate': 0.000675210242332579, 'hidden_size': 64, 'beta1': 0.95, 'beta2': 0.999, 'signal_len': 64, 'cheb_order': 3, 's': 7.184961823295354, 'batch_size': 64, 'k': 2}
Trial 13 finished with value 0.359562332 | dataset=ETTm1_96 | selection=last | epoch=150 | best_val_epoch=96 | test_MSE=0.328234888 | MAE=0.359562332 | RMSE=0.572917872 | params={'learning_rate': 0.04774166367319382, 'decay_rate': 0.0014947877582794692, 'hidden_size': 64, 'beta1': 0.95, 'beta2': 0.999, 'signal_len': 64, 'cheb_order': 3, 's': 7.594841461982431, 'batch_size': 64, 'k': 2}
Trial 14 finished with value 0.360919262 | dataset=ETTm1_96 | selection=last | epoch=150 | best_val_epoch=77 | test_MSE=0.328124183 | MAE=0.360919262 | RMSE=0.572821249 | params={'learning_rate': 0.042988990501641976, 'decay_rate': 0.009622756792765436, 'hidden_size': 64, 'beta1': 0.95, 'beta2': 0.999, 'signal_len': 64, 'cheb_order': 3, 's': 6.460142770043154, 'batch_size': 64, 'k': 2}
Trial 15 finished with value 0.360556326 | dataset=ETTm1_96 | selection=last | epoch=150 | best_val_epoch=66 | test_MSE=0.327077730 | MAE=0.360556326 | RMSE=0.571907099 | params={'learning_rate': 0.048704525781949344, 'decay_rate': 0.009898428570391554, 'hidden_size': 64, 'beta1': 0.95, 'beta2': 0.999, 'signal_len': 32, 'cheb_order': 3, 's': 7.941835877304768, 'batch_size': 64, 'k': 2}
Trial 16 finished with value 0.362391273 | dataset=ETTm1_96 | selection=last | epoch=150 | best_val_epoch=121 | test_MSE=0.330434559 | MAE=0.362391273 | RMSE=0.574834375 | params={'learning_rate': 0.03287035174118514, 'decay_rate': 0.004444075393083603, 'hidden_size': 64, 'beta1': 0.95, 'beta2': 0.999, 'signal_len': 64, 'cheb_order': 3, 's': 9.792205034497309, 'batch_size': 64, 'k': 4}
Trial 17 finished with value 0.361438916 | dataset=ETTm1_96 | selection=last | epoch=150 | best_val_epoch=4 | test_MSE=0.328367993 | MAE=0.361438916 | RMSE=0.573034025 | params={'learning_rate': 0.022985386298205363, 'decay_rate': 0.016175686551781934, 'hidden_size': 64, 'beta1': 0.95, 'beta2': 0.999, 'signal_len': 64, 'cheb_order': 3, 's': 3.290963656082122, 'batch_size': 64, 'k': 2}
Trial 18 finished with value 0.361391909 | dataset=ETTm1_96 | selection=last | epoch=150 | best_val_epoch=77 | test_MSE=0.328580756 | MAE=0.361391909 | RMSE=0.573219640 | params={'learning_rate': 0.042504449948587576, 'decay_rate': 0.012296000475999042, 'hidden_size': 64, 'beta1': 0.95, 'beta2': 0.999, 'signal_len': 64, 'cheb_order': 3, 's': 6.217679572497813, 'batch_size': 64, 'k': 4}
Trial 19 finished with value 0.359450014 | dataset=ETTm1_96 | selection=last | epoch=150 | best_val_epoch=70 | test_MSE=0.326790793 | MAE=0.359450014 | RMSE=0.571656184 | params={'learning_rate': 0.021985376581646073, 'decay_rate': 0.005487948076104658, 'hidden_size': 64, 'beta1': 0.95, 'beta2': 0.999, 'signal_len': 16, 'cheb_order': 2, 's': 7.864971984162771, 'batch_size': 64, 'k': 2}
RUN study=ETTm1_96_ufgtime_plus_ett_main_config_mean_v1_mean_last | storage=sqlite:////home/xy/Research/UFGTime/UFGTime+/sqlite/ETTm1_96_ufgtime_plus_ett_main_config_mean_v1_mean_last.sqlite3 | trials_this_run=500 | log=/home/xy/Research/UFGTime/UFGTime+/logs/ETTm1_96_ufgtime_plus_ett_main_config_mean_v1_mean_last/20260917_045143_4306.log
RUN study=ETTm1_96_ufgtime_plus_ett_main_config_mean_v1_mean_last | storage=sqlite:////home/xy/Research/UFGTime/UFGTime+/sqlite/ETTm1_96_ufgtime_plus_ett_main_config_mean_v1_mean_last.sqlite3 | trials_this_run=500 | log=/home/xy/Research/UFGTime/UFGTime+/logs/ETTm1_96_ufgtime_plus_ett_main_config_mean_v1_mean_last/20260917_061851_34472.log
Trial 22 finished with value 0.366745887 | dataset=ETTm1_96 | selection=last | epoch=150 | best_val_epoch=10 | test_MSE=0.333179624 | MAE=0.366745887 | RMSE=0.577217138 | params={'learning_rate': 0.001026520236530281, 'decay_rate': 0.04533665171198225, 'hidden_size': 64, 'beta1': 0.9, 'beta2': 0.999, 'signal_len': 32, 'cheb_order': 3, 's': 7.125114640240254, 'batch_size': 64, 'k': 2}
Trial 23 finished with value 0.364868158 | dataset=ETTm1_96 | selection=last | epoch=150 | best_val_epoch=70 | test_MSE=0.331477362 | MAE=0.364868158 | RMSE=0.575740707 | params={'learning_rate': 0.04450726156431558, 'decay_rate': 0.023598239638777493, 'hidden_size': 64, 'beta1': 0.95, 'beta2': 0.999, 'signal_len': 64, 'cheb_order': 3, 's': 5.791979394844513, 'batch_size': 512, 'k': 4}
Trial 24 finished with value 0.359340832 | dataset=ETTm1_96 | selection=last | epoch=150 | best_val_epoch=47 | test_MSE=0.326673287 | MAE=0.359340832 | RMSE=0.571553398 | params={'learning_rate': 0.021940407837968735, 'decay_rate': 0.004920024261487604, 'hidden_size': 64, 'beta1': 0.95, 'beta2': 0.999, 'signal_len': 16, 'cheb_order': 2, 's': 8.246680342075068, 'batch_size': 64, 'k': 2}
Trial 25 finished with value 0.360495637 | dataset=ETTm1_96 | selection=last | epoch=150 | best_val_epoch=114 | test_MSE=0.329161578 | MAE=0.360495637 | RMSE=0.573726048 | params={'learning_rate': 0.016716892151765868, 'decay_rate': 0.005536567262630791, 'hidden_size': 64, 'beta1': 0.95, 'beta2': 0.999, 'signal_len': 16, 'cheb_order': 2, 's': 8.366409648168837, 'batch_size': 64, 'k': 2}
Trial 26 finished with value 0.357932934 | dataset=ETTm1_96 | selection=last | epoch=150 | best_val_epoch=44 | test_MSE=0.325472562 | MAE=0.357932934 | RMSE=0.570502026 | params={'learning_rate': 0.03758890281631978, 'decay_rate': 0.00036012593446372925, 'hidden_size': 64, 'beta1': 0.95, 'beta2': 0.999, 'signal_len': 16, 'cheb_order': 2, 's': 8.529530257836704, 'batch_size': 64, 'k': 2}
Trial 27 finished with value 0.362887089 | dataset=ETTm1_96 | selection=last | epoch=150 | best_val_epoch=119 | test_MSE=0.331349473 | MAE=0.362887089 | RMSE=0.575629632 | params={'learning_rate': 0.03779864203338533, 'decay_rate': 0.00032712336269730954, 'hidden_size': 64, 'beta1': 0.95, 'beta2': 0.999, 'signal_len': 16, 'cheb_order': 2, 's': 8.888486503171126, 'batch_size': 64, 'k': 2}
Trial 28 finished with value 0.360990725 | dataset=ETTm1_96 | selection=last | epoch=150 | best_val_epoch=72 | test_MSE=0.327852735 | MAE=0.360990725 | RMSE=0.572584260 | params={'learning_rate': 0.04529585594968388, 'decay_rate': 0.013208880698272472, 'hidden_size': 32, 'beta1': 0.95, 'beta2': 0.95, 'signal_len': 64, 'cheb_order': 2, 's': 9.922979224238711, 'batch_size': 32, 'k': 4}
Trial 29 finished with value 0.364824728 | dataset=ETTm1_96 | selection=last | epoch=150 | best_val_epoch=6 | test_MSE=0.327514618 | MAE=0.364824728 | RMSE=0.572288929 | params={'learning_rate': 0.03273793441212949, 'decay_rate': 9.272497001945558e-05, 'hidden_size': 64, 'beta1': 0.95, 'beta2': 0.999, 'signal_len': 16, 'cheb_order': 2, 's': 7.484957183692821, 'batch_size': 256, 'k': 2}
Trial 30 finished with value 0.360106406 | dataset=ETTm1_96 | selection=last | epoch=150 | best_val_epoch=66 | test_MSE=0.326637076 | MAE=0.360106406 | RMSE=0.571521720 | params={'learning_rate': 0.04043006298524862, 'decay_rate': 0.007279062951895027, 'hidden_size': 64, 'beta1': 0.95, 'beta2': 0.999, 'signal_len': 32, 'cheb_order': 3, 's': 5.82482876313246, 'batch_size': 64, 'k': 2}
Trial 31 finished with value 0.359816025 | dataset=ETTm1_96 | selection=last | epoch=150 | best_val_epoch=85 | test_MSE=0.327161891 | MAE=0.359816025 | RMSE=0.571980673 | params={'learning_rate': 0.04962115107260957, 'decay_rate': 0.003370332942990562, 'hidden_size': 64, 'beta1': 0.9, 'beta2': 0.999, 'signal_len': 64, 'cheb_order': 2, 's': 7.222144980487889, 'batch_size': 64, 'k': 4}
Trial 32 finished with value 0.369934021 | dataset=ETTm1_96 | selection=last | epoch=150 | best_val_epoch=119 | test_MSE=0.334207086 | MAE=0.369934021 | RMSE=0.578106466 | params={'learning_rate': 0.029388185360603877, 'decay_rate': 0.04070480271567339, 'hidden_size': 32, 'beta1': 0.99, 'beta2': 0.95, 'signal_len': 64, 'cheb_order': 2, 's': 8.661240532520461, 'batch_size': 64, 'k': 2}
Trial 33 finished with value 0.363036903 | dataset=ETTm1_96 | selection=last | epoch=150 | best_val_epoch=120 | test_MSE=0.331671235 | MAE=0.363036903 | RMSE=0.575909051 | params={'learning_rate': 0.04580500171956525, 'decay_rate': 0.012884250949106064, 'hidden_size': 64, 'beta1': 0.99, 'beta2': 0.999, 'signal_len': 16, 'cheb_order': 3, 's': 1.6190927141448457, 'batch_size': 256, 'k': 2}
Trial 34 finished with value 0.362113504 | dataset=ETTm1_96 | selection=last | epoch=150 | best_val_epoch=140 | test_MSE=0.329831937 | MAE=0.362113504 | RMSE=0.574309966 | params={'learning_rate': 0.025630133516507315, 'decay_rate': 0.003989740137105705, 'hidden_size': 64, 'beta1': 0.95, 'beta2': 0.999, 'signal_len': 16, 'cheb_order': 2, 's': 8.26641754616157, 'batch_size': 64, 'k': 2}
Trial 35 finished with value 0.372978864 | dataset=ETTm1_96 | selection=last | epoch=150 | best_val_epoch=120 | test_MSE=0.339527674 | MAE=0.372978864 | RMSE=0.582690033 | params={'learning_rate': 0.03301696238348286, 'decay_rate': 0.007806700847678883, 'hidden_size': 64, 'beta1': 0.95, 'beta2': 0.999, 'signal_len': 16, 'cheb_order': 2, 's': 8.19303260916329, 'batch_size': 64, 'k': 2}
Trial 36 finished with value 0.359165215 | dataset=ETTm1_96 | selection=last | epoch=150 | best_val_epoch=47 | test_MSE=0.326178297 | MAE=0.359165215 | RMSE=0.571120212 | params={'learning_rate': 0.020663487376012802, 'decay_rate': 0.003294324786146318, 'hidden_size': 64, 'beta1': 0.95, 'beta2': 0.999, 'signal_len': 16, 'cheb_order': 2, 's': 9.485150631721627, 'batch_size': 32, 'k': 2}
Trial 37 finished with value 0.360333106 | dataset=ETTm1_96 | selection=last | epoch=150 | best_val_epoch=96 | test_MSE=0.329477445 | MAE=0.360333106 | RMSE=0.574001259 | params={'learning_rate': 0.018598772822376406, 'decay_rate': 0.00215291325243315, 'hidden_size': 64, 'beta1': 0.95, 'beta2': 0.95, 'signal_len': 128, 'cheb_order': 2, 's': 9.267007666345147, 'batch_size': 32, 'k': 2}
Trial 38 finished with value 0.362345949 | dataset=ETTm1_96 | selection=last | epoch=150 | best_val_epoch=94 | test_MSE=0.330332171 | MAE=0.362345949 | RMSE=0.574745310 | params={'learning_rate': 0.010597895839758792, 'decay_rate': 0.016298664005436714, 'hidden_size': 64, 'beta1': 0.95, 'beta2': 0.999, 'signal_len': 16, 'cheb_order': 2, 's': 9.551907301674337, 'batch_size': 32, 'k': 2}
Trial 39 finished with value 0.364080654 | dataset=ETTm1_96 | selection=last | epoch=150 | best_val_epoch=105 | test_MSE=0.330299535 | MAE=0.364080654 | RMSE=0.574716917 | params={'learning_rate': 0.04019993655867344, 'decay_rate': 0.010950842359900922, 'hidden_size': 16, 'beta1': 0.99, 'beta2': 0.999, 'signal_len': 16, 'cheb_order': 2, 's': 8.766556157329342, 'batch_size': 32, 'k': 4}
Trial 40 finished with value 0.363719995 | dataset=ETTm1_96 | selection=last | epoch=150 | best_val_epoch=72 | test_MSE=0.330387567 | MAE=0.363719995 | RMSE=0.574793499 | params={'learning_rate': 0.028826196806891934, 'decay_rate': 0.028832615434819686, 'hidden_size': 32, 'beta1': 0.95, 'beta2': 0.95, 'signal_len': 128, 'cheb_order': 2, 's': 4.6953556785159245, 'batch_size': 512, 'k': 2}
Trial 41 finished with value 0.388644381 | dataset=ETTm1_96 | selection=last | epoch=150 | best_val_epoch=13 | test_MSE=0.366475365 | MAE=0.388644381 | RMSE=0.605372088 | params={'learning_rate': 0.012042714359364838, 'decay_rate': 8.049809119613574e-05, 'hidden_size': 64, 'beta1': 0.95, 'beta2': 0.99, 'signal_len': 64, 'cheb_order': 3, 's': 6.7751991158699445, 'batch_size': 128, 'k': 2}
Trial 42 finished with value 0.359830666 | dataset=ETTm1_96 | selection=last | epoch=150 | best_val_epoch=7 | test_MSE=0.326789403 | MAE=0.359830666 | RMSE=0.571654969 | params={'learning_rate': 0.04674392049555101, 'decay_rate': 0.007029935400160108, 'hidden_size': 16, 'beta1': 0.9, 'beta2': 0.999, 'signal_len': 16, 'cheb_order': 3, 's': 9.1616157232282, 'batch_size': 32, 'k': 6}
Trial 43 finished with value 0.363477597 | dataset=ETTm1_96 | selection=last | epoch=150 | best_val_epoch=33 | test_MSE=0.330133129 | MAE=0.363477597 | RMSE=0.574572126 | params={'learning_rate': 0.038241785790865644, 'decay_rate': 0.021130091877926763, 'hidden_size': 64, 'beta1': 0.99, 'beta2': 0.999, 'signal_len': 64, 'cheb_order': 2, 's': 7.633063204946071, 'batch_size': 512, 'k': 4}
Trial 44 finished with value 0.362941069 | dataset=ETTm1_96 | selection=last | epoch=150 | best_val_epoch=120 | test_MSE=0.330172397 | MAE=0.362941069 | RMSE=0.574606297 | params={'learning_rate': 0.023330026401748187, 'decay_rate': 0.0029389521498356186, 'hidden_size': 64, 'beta1': 0.95, 'beta2': 0.999, 'signal_len': 16, 'cheb_order': 2, 's': 8.579000688442783, 'batch_size': 64, 'k': 2}
Trial 45 finished with value 0.360130659 | dataset=ETTm1_96 | selection=last | epoch=150 | best_val_epoch=90 | test_MSE=0.329059795 | MAE=0.360130659 | RMSE=0.573637337 | params={'learning_rate': 0.020063139783125336, 'decay_rate': 0.005640780971863156, 'hidden_size': 64, 'beta1': 0.95, 'beta2': 0.999, 'signal_len': 16, 'cheb_order': 2, 's': 8.05059637379024, 'batch_size': 128, 'k': 2}
Trial 46 finished with value 0.359135232 | dataset=ETTm1_96 | selection=last | epoch=150 | best_val_epoch=79 | test_MSE=0.326862561 | MAE=0.359135232 | RMSE=0.571718952 | params={'learning_rate': 0.02549631577216436, 'decay_rate': 0.0034214738050739406, 'hidden_size': 64, 'beta1': 0.95, 'beta2': 0.99, 'signal_len': 16, 'cheb_order': 2, 's': 9.375943669117934, 'batch_size': 32, 'k': 2}
Trial 47 finished with value 0.358938548 | dataset=ETTm1_96 | selection=last | epoch=150 | best_val_epoch=44 | test_MSE=0.325971929 | MAE=0.358938548 | RMSE=0.570939515 | params={'learning_rate': 0.02592799020432652, 'decay_rate': 0.0025506037080341897, 'hidden_size': 64, 'beta1': 0.95, 'beta2': 0.99, 'signal_len': 16, 'cheb_order': 2, 's': 9.513277567528354, 'batch_size': 32, 'k': 2}
Trial 48 finished with value 0.360905342 | dataset=ETTm1_96 | selection=last | epoch=150 | best_val_epoch=105 | test_MSE=0.326823083 | MAE=0.360905342 | RMSE=0.571684426 | params={'learning_rate': 0.026569284587540605, 'decay_rate': 0.002730538316965714, 'hidden_size': 16, 'beta1': 0.95, 'beta2': 0.99, 'signal_len': 16, 'cheb_order': 2, 's': 9.476180213660577, 'batch_size': 32, 'k': 2}
Trial 49 finished with value 0.359784799 | dataset=ETTm1_96 | selection=last | epoch=150 | best_val_epoch=58 | test_MSE=0.327002553 | MAE=0.359784799 | RMSE=0.571841371 | params={'learning_rate': 0.013995615945832738, 'decay_rate': 0.006854194886285139, 'hidden_size': 32, 'beta1': 0.95, 'beta2': 0.99, 'signal_len': 16, 'cheb_order': 2, 's': 9.832884404658492, 'batch_size': 32, 'k': 2}
Trial 50 finished with value 0.360375504 | dataset=ETTm1_96 | selection=last | epoch=150 | best_val_epoch=79 | test_MSE=0.328299069 | MAE=0.360375504 | RMSE=0.572973882 | params={'learning_rate': 0.03466541104727595, 'decay_rate': 0.009535963404573735, 'hidden_size': 64, 'beta1': 0.95, 'beta2': 0.99, 'signal_len': 16, 'cheb_order': 2, 's': 9.122672561926558, 'batch_size': 32, 'k': 2}
Trial 51 finished with value 0.363160130 | dataset=ETTm1_96 | selection=last | epoch=150 | best_val_epoch=96 | test_MSE=0.329860575 | MAE=0.363160130 | RMSE=0.574334898 | params={'learning_rate': 0.028362324890804536, 'decay_rate': 0.01510423917600143, 'hidden_size': 64, 'beta1': 0.9, 'beta2': 0.99, 'signal_len': 128, 'cheb_order': 2, 's': 9.569933887563689, 'batch_size': 32, 'k': 2}
Trial 52 finished with value 0.359045955 | dataset=ETTm1_96 | selection=last | epoch=150 | best_val_epoch=87 | test_MSE=0.326998367 | MAE=0.359045955 | RMSE=0.571837710 | params={'learning_rate': 0.03061683532401576, 'decay_rate': 0.0022946126644545085, 'hidden_size': 64, 'beta1': 0.95, 'beta2': 0.99, 'signal_len': 16, 'cheb_order': 2, 's': 8.897533411349881, 'batch_size': 32, 'k': 2}
Trial 53 finished with value 0.365028930 | dataset=ETTm1_96 | selection=last | epoch=150 | best_val_epoch=60 | test_MSE=0.331910543 | MAE=0.365028930 | RMSE=0.576116779 | params={'learning_rate': 0.03141938795476224, 'decay_rate': 0.03312307318018348, 'hidden_size': 16, 'beta1': 0.95, 'beta2': 0.99, 'signal_len': 32, 'cheb_order': 2, 's': 8.799097164018962, 'batch_size': 32, 'k': 4}
Trial 54 finished with value 0.358802446 | dataset=ETTm1_96 | selection=last | epoch=150 | best_val_epoch=79 | test_MSE=0.326476828 | MAE=0.358802446 | RMSE=0.571381508 | params={'learning_rate': 0.024490035345507935, 'decay_rate': 0.002149822989099979, 'hidden_size': 64, 'beta1': 0.95, 'beta2': 0.99, 'signal_len': 16, 'cheb_order': 2, 's': 9.240442606865253, 'batch_size': 32, 'k': 2}
Trial 55 finished with value 0.358735800 | dataset=ETTm1_96 | selection=last | epoch=150 | best_val_epoch=79 | test_MSE=0.326414328 | MAE=0.358735800 | RMSE=0.571326814 | params={'learning_rate': 0.026029421881349067, 'decay_rate': 0.001890875160679375, 'hidden_size': 64, 'beta1': 0.95, 'beta2': 0.99, 'signal_len': 16, 'cheb_order': 2, 's': 9.99263314626966, 'batch_size': 32, 'k': 2}
