Trial 111 finished with value 0.381917585 | dataset=ETTm1_192 | selection=last | epoch=150 | best_val_epoch=111 | test_MSE=0.368257286 | MAE=0.381917585 | RMSE=0.606842060 | params={'learning_rate': 0.031296805827986565, 'decay_rate': 0.0018857403130677097, 'hidden_size': 16, 'beta1': 0.99, 'beta2': 0.99, 'signal_len': 64, 'cheb_order': 2, 's': 1.993895936757187, 'batch_size': 128, 'k': 6}
Trial 112 finished with value 0.406410229 | dataset=ETTm1_192 | selection=last | epoch=150 | best_val_epoch=48 | test_MSE=0.402754737 | MAE=0.406410229 | RMSE=0.634629606 | params={'learning_rate': 0.03625301063507722, 'decay_rate': 0.0007459129352711342, 'hidden_size': 16, 'beta1': 0.99, 'beta2': 0.99, 'signal_len': 64, 'cheb_order': 2, 's': 6.022836309520853, 'batch_size': 128, 'k': 6}
Trial 113 finished with value 0.382374687 | dataset=ETTm1_192 | selection=last | epoch=150 | best_val_epoch=39 | test_MSE=0.369238285 | MAE=0.382374687 | RMSE=0.607649805 | params={'learning_rate': 0.045758836532853224, 'decay_rate': 0.004125742686050221, 'hidden_size': 16, 'beta1': 0.99, 'beta2': 0.999, 'signal_len': 64, 'cheb_order': 2, 's': 1.6518307022257677, 'batch_size': 256, 'k': 6}
Trial 114 finished with value 0.398931956 | dataset=ETTm1_192 | selection=last | epoch=150 | best_val_epoch=82 | test_MSE=0.380730499 | MAE=0.398931956 | RMSE=0.617033629 | params={'learning_rate': 0.029230249210919185, 'decay_rate': 0.002662494099420938, 'hidden_size': 16, 'beta1': 0.99, 'beta2': 0.999, 'signal_len': 64, 'cheb_order': 2, 's': 6.547569672661691, 'batch_size': 512, 'k': 2}
Trial 115 finished with value 0.381779356 | dataset=ETTm1_192 | selection=last | epoch=150 | best_val_epoch=74 | test_MSE=0.369041984 | MAE=0.381779356 | RMSE=0.607488259 | params={'learning_rate': 0.04990619217305592, 'decay_rate': 0.0014417109974609156, 'hidden_size': 16, 'beta1': 0.99, 'beta2': 0.999, 'signal_len': 64, 'cheb_order': 2, 's': 1.1073268564230494, 'batch_size': 128, 'k': 6}
Trial 116 finished with value 0.382356132 | dataset=ETTm1_192 | selection=last | epoch=150 | best_val_epoch=55 | test_MSE=0.369160175 | MAE=0.382356132 | RMSE=0.607585529 | params={'learning_rate': 0.04874298269781514, 'decay_rate': 0.004706215554753281, 'hidden_size': 16, 'beta1': 0.99, 'beta2': 0.99, 'signal_len': 128, 'cheb_order': 2, 's': 1.1437193914870405, 'batch_size': 128, 'k': 6}
Trial 117 finished with value 0.382609285 | dataset=ETTm1_192 | selection=last | epoch=150 | best_val_epoch=121 | test_MSE=0.370496754 | MAE=0.382609285 | RMSE=0.608684446 | params={'learning_rate': 0.048591767254338815, 'decay_rate': 0.002934683043280399, 'hidden_size': 16, 'beta1': 0.99, 'beta2': 0.999, 'signal_len': 16, 'cheb_order': 2, 's': 2.5005030866407285, 'batch_size': 128, 'k': 6}
Trial 118 finished with value 0.381368919 | dataset=ETTm1_192 | selection=last | epoch=150 | best_val_epoch=56 | test_MSE=0.368347134 | MAE=0.381368919 | RMSE=0.606916085 | params={'learning_rate': 0.049609834262126395, 'decay_rate': 0.0008513478473905086, 'hidden_size': 16, 'beta1': 0.99, 'beta2': 0.999, 'signal_len': 128, 'cheb_order': 2, 's': 1.4012581370010166, 'batch_size': 128, 'k': 6}
Trial 119 finished with value 0.398453020 | dataset=ETTm1_192 | selection=last | epoch=150 | best_val_epoch=76 | test_MSE=0.373880363 | MAE=0.398453020 | RMSE=0.611457573 | params={'learning_rate': 0.04743959227948164, 'decay_rate': 0.0007707839392226304, 'hidden_size': 16, 'beta1': 0.99, 'beta2': 0.95, 'signal_len': 64, 'cheb_order': 2, 's': 1.3838274633632373, 'batch_size': 128, 'k': 6}
Trial 120 finished with value 0.384204233 | dataset=ETTm1_192 | selection=last | epoch=150 | best_val_epoch=106 | test_MSE=0.372426381 | MAE=0.384204233 | RMSE=0.610267467 | params={'learning_rate': 0.04639982883287221, 'decay_rate': 0.0037370614774555402, 'hidden_size': 16, 'beta1': 0.99, 'beta2': 0.999, 'signal_len': 128, 'cheb_order': 2, 's': 1.287731452506786, 'batch_size': 128, 'k': 6}
Trial 121 finished with value 0.381893597 | dataset=ETTm1_192 | selection=last | epoch=150 | best_val_epoch=61 | test_MSE=0.368505641 | MAE=0.381893597 | RMSE=0.607046655 | params={'learning_rate': 0.049900117226318035, 'decay_rate': 0.0018730183948763017, 'hidden_size': 16, 'beta1': 0.99, 'beta2': 0.999, 'signal_len': 128, 'cheb_order': 2, 's': 1.7277010033132518, 'batch_size': 128, 'k': 6}
Trial 122 finished with value 0.381572396 | dataset=ETTm1_192 | selection=last | epoch=150 | best_val_epoch=16 | test_MSE=0.368704465 | MAE=0.381572396 | RMSE=0.607210396 | params={'learning_rate': 0.044631136256817514, 'decay_rate': 0.0007834491220925664, 'hidden_size': 16, 'beta1': 0.99, 'beta2': 0.999, 'signal_len': 128, 'cheb_order': 2, 's': 2.721407966150667, 'batch_size': 128, 'k': 6}
Trial 123 finished with value 0.437154351 | dataset=ETTm1_192 | selection=last | epoch=150 | best_val_epoch=23 | test_MSE=0.441280474 | MAE=0.437154351 | RMSE=0.664289450 | params={'learning_rate': 0.044719837020191604, 'decay_rate': 0.00021644758735379747, 'hidden_size': 16, 'beta1': 0.99, 'beta2': 0.999, 'signal_len': 128, 'cheb_order': 2, 's': 1.5452293680511957, 'batch_size': 128, 'k': 6}
Trial 124 finished with value 0.381615909 | dataset=ETTm1_192 | selection=last | epoch=150 | best_val_epoch=69 | test_MSE=0.368334582 | MAE=0.381615909 | RMSE=0.606905744 | params={'learning_rate': 0.04154253712440584, 'decay_rate': 0.001193154595541918, 'hidden_size': 16, 'beta1': 0.99, 'beta2': 0.999, 'signal_len': 128, 'cheb_order': 2, 's': 2.149889106272393, 'batch_size': 128, 'k': 6}
Trial 125 finished with value 0.437021879 | dataset=ETTm1_192 | selection=last | epoch=150 | best_val_epoch=54 | test_MSE=0.470315192 | MAE=0.437021879 | RMSE=0.685795299 | params={'learning_rate': 0.04143844638233862, 'decay_rate': 5.5076100368937377e-05, 'hidden_size': 16, 'beta1': 0.99, 'beta2': 0.999, 'signal_len': 128, 'cheb_order': 2, 's': 2.6764963284312038, 'batch_size': 128, 'k': 6}
Trial 126 finished with value 0.381652288 | dataset=ETTm1_192 | selection=last | epoch=150 | best_val_epoch=40 | test_MSE=0.368737689 | MAE=0.381652288 | RMSE=0.607237753 | params={'learning_rate': 0.04220050610039644, 'decay_rate': 0.001251002450321768, 'hidden_size': 16, 'beta1': 0.99, 'beta2': 0.999, 'signal_len': 128, 'cheb_order': 2, 's': 1.7984874761207414, 'batch_size': 128, 'k': 6}
Trial 127 finished with value 0.382532744 | dataset=ETTm1_192 | selection=last | epoch=150 | best_val_epoch=62 | test_MSE=0.369492804 | MAE=0.382532744 | RMSE=0.607859198 | params={'learning_rate': 0.04241654459611663, 'decay_rate': 0.0030472600655794386, 'hidden_size': 16, 'beta1': 0.9, 'beta2': 0.999, 'signal_len': 128, 'cheb_order': 2, 's': 2.194128929097895, 'batch_size': 128, 'k': 6}
Trial 128 finished with value 0.384843004 | dataset=ETTm1_192 | selection=last | epoch=150 | best_val_epoch=145 | test_MSE=0.372612639 | MAE=0.384843004 | RMSE=0.610420052 | params={'learning_rate': 0.04411261907747875, 'decay_rate': 0.005530729553399586, 'hidden_size': 16, 'beta1': 0.99, 'beta2': 0.999, 'signal_len': 128, 'cheb_order': 2, 's': 2.0038224758388385, 'batch_size': 128, 'k': 6}
Trial 129 finished with value 0.381541020 | dataset=ETTm1_192 | selection=last | epoch=150 | best_val_epoch=79 | test_MSE=0.368294056 | MAE=0.381541020 | RMSE=0.606872356 | params={'learning_rate': 0.04117395882423015, 'decay_rate': 0.0011596518137877419, 'hidden_size': 16, 'beta1': 0.99, 'beta2': 0.999, 'signal_len': 128, 'cheb_order': 2, 's': 1.8220520933659394, 'batch_size': 128, 'k': 6}
Trial 130 finished with value 0.384718713 | dataset=ETTm1_192 | selection=last | epoch=150 | best_val_epoch=139 | test_MSE=0.371604872 | MAE=0.384718713 | RMSE=0.609594022 | params={'learning_rate': 0.04084165042583695, 'decay_rate': 0.0010769229298363341, 'hidden_size': 16, 'beta1': 0.95, 'beta2': 0.999, 'signal_len': 128, 'cheb_order': 3, 's': 1.7903697316458516, 'batch_size': 128, 'k': 6}
Trial 131 finished with value 0.382116140 | dataset=ETTm1_192 | selection=last | epoch=150 | best_val_epoch=87 | test_MSE=0.368828888 | MAE=0.382116140 | RMSE=0.607312842 | params={'learning_rate': 0.03957954313893911, 'decay_rate': 0.0022265461120351496, 'hidden_size': 16, 'beta1': 0.99, 'beta2': 0.999, 'signal_len': 128, 'cheb_order': 2, 's': 2.36648710381254, 'batch_size': 128, 'k': 6}
Trial 132 finished with value 0.382159535 | dataset=ETTm1_192 | selection=last | epoch=150 | best_val_epoch=49 | test_MSE=0.369026994 | MAE=0.382159535 | RMSE=0.607475920 | params={'learning_rate': 0.043412555064959966, 'decay_rate': 0.0038867725196922677, 'hidden_size': 16, 'beta1': 0.99, 'beta2': 0.999, 'signal_len': 128, 'cheb_order': 2, 's': 2.148004271171983, 'batch_size': 128, 'k': 6}
Trial 133 finished with value 0.381534525 | dataset=ETTm1_192 | selection=last | epoch=150 | best_val_epoch=79 | test_MSE=0.368311709 | MAE=0.381534525 | RMSE=0.606886899 | params={'learning_rate': 0.04203853215770572, 'decay_rate': 0.0010492942484659534, 'hidden_size': 16, 'beta1': 0.99, 'beta2': 0.999, 'signal_len': 128, 'cheb_order': 2, 's': 3.050502431825472, 'batch_size': 128, 'k': 6}
Trial 134 finished with value 0.381548064 | dataset=ETTm1_192 | selection=last | epoch=150 | best_val_epoch=61 | test_MSE=0.368336104 | MAE=0.381548064 | RMSE=0.606906998 | params={'learning_rate': 0.04261280830339182, 'decay_rate': 0.0009909932165555308, 'hidden_size': 16, 'beta1': 0.99, 'beta2': 0.999, 'signal_len': 128, 'cheb_order': 2, 's': 3.106122562241545, 'batch_size': 128, 'k': 6}
Trial 135 finished with value 0.454163507 | dataset=ETTm1_192 | selection=last | epoch=150 | best_val_epoch=23 | test_MSE=0.498142231 | MAE=0.454163507 | RMSE=0.705791917 | params={'learning_rate': 0.04746924085314281, 'decay_rate': 0.00012012514099850856, 'hidden_size': 16, 'beta1': 0.99, 'beta2': 0.999, 'signal_len': 128, 'cheb_order': 2, 's': 2.7003918686279245, 'batch_size': 128, 'k': 6}
Trial 136 finished with value 0.381570539 | dataset=ETTm1_192 | selection=last | epoch=150 | best_val_epoch=61 | test_MSE=0.368343568 | MAE=0.381570539 | RMSE=0.606913147 | params={'learning_rate': 0.04248434561505261, 'decay_rate': 0.0010851531185833833, 'hidden_size': 16, 'beta1': 0.99, 'beta2': 0.999, 'signal_len': 128, 'cheb_order': 2, 's': 3.1416081267762284, 'batch_size': 128, 'k': 6}
Trial 137 finished with value 0.381565406 | dataset=ETTm1_192 | selection=last | epoch=150 | best_val_epoch=61 | test_MSE=0.368330670 | MAE=0.381565406 | RMSE=0.606902521 | params={'learning_rate': 0.04179844597239803, 'decay_rate': 0.0011767239435681697, 'hidden_size': 16, 'beta1': 0.99, 'beta2': 0.999, 'signal_len': 128, 'cheb_order': 2, 's': 3.1072783371800665, 'batch_size': 128, 'k': 6}
Trial 138 finished with value 0.381669008 | dataset=ETTm1_192 | selection=last | epoch=150 | best_val_epoch=53 | test_MSE=0.368736015 | MAE=0.381669008 | RMSE=0.607236375 | params={'learning_rate': 0.04241582999430941, 'decay_rate': 0.0011779450143031887, 'hidden_size': 16, 'beta1': 0.99, 'beta2': 0.999, 'signal_len': 128, 'cheb_order': 2, 's': 2.9703971746627804, 'batch_size': 128, 'k': 6}
Trial 139 finished with value 0.381645955 | dataset=ETTm1_192 | selection=last | epoch=150 | best_val_epoch=23 | test_MSE=0.368678217 | MAE=0.381645955 | RMSE=0.607188782 | params={'learning_rate': 0.04210686228070844, 'decay_rate': 0.001175712442740889, 'hidden_size': 16, 'beta1': 0.99, 'beta2': 0.999, 'signal_len': 128, 'cheb_order': 2, 's': 3.193832839467474, 'batch_size': 128, 'k': 6}
Trial 140 finished with value 0.381530313 | dataset=ETTm1_192 | selection=last | epoch=150 | best_val_epoch=70 | test_MSE=0.368310262 | MAE=0.381530313 | RMSE=0.606885708 | params={'learning_rate': 0.042393653499070726, 'decay_rate': 0.0009443645172913382, 'hidden_size': 16, 'beta1': 0.99, 'beta2': 0.999, 'signal_len': 128, 'cheb_order': 2, 's': 2.9224966299636406, 'batch_size': 128, 'k': 6}
Trial 141 finished with value 0.443834927 | dataset=ETTm1_192 | selection=last | epoch=150 | best_val_epoch=37 | test_MSE=0.458076421 | MAE=0.443834927 | RMSE=0.676813431 | params={'learning_rate': 0.04184196685056189, 'decay_rate': 1.2132581634977796e-05, 'hidden_size': 16, 'beta1': 0.99, 'beta2': 0.999, 'signal_len': 128, 'cheb_order': 2, 's': 3.063672872205225, 'batch_size': 128, 'k': 6}
Trial 142 finished with value 0.381582734 | dataset=ETTm1_192 | selection=last | epoch=150 | best_val_epoch=59 | test_MSE=0.368352375 | MAE=0.381582734 | RMSE=0.606920403 | params={'learning_rate': 0.04466357202851378, 'decay_rate': 0.0009986758143736571, 'hidden_size': 16, 'beta1': 0.99, 'beta2': 0.999, 'signal_len': 128, 'cheb_order': 2, 's': 3.255149661830542, 'batch_size': 128, 'k': 6}
Trial 143 finished with value 0.381645773 | dataset=ETTm1_192 | selection=last | epoch=150 | best_val_epoch=16 | test_MSE=0.368742161 | MAE=0.381645773 | RMSE=0.607241435 | params={'learning_rate': 0.04461329819019405, 'decay_rate': 0.0010135939924024945, 'hidden_size': 16, 'beta1': 0.99, 'beta2': 0.999, 'signal_len': 128, 'cheb_order': 2, 's': 3.260168540487451, 'batch_size': 128, 'k': 6}
Trial 144 finished with value 0.382111387 | dataset=ETTm1_192 | selection=last | epoch=150 | best_val_epoch=81 | test_MSE=0.368646388 | MAE=0.382111387 | RMSE=0.607162571 | params={'learning_rate': 0.044254861187720214, 'decay_rate': 0.003294844304988026, 'hidden_size': 16, 'beta1': 0.99, 'beta2': 0.999, 'signal_len': 128, 'cheb_order': 2, 's': 3.1324781524315255, 'batch_size': 128, 'k': 6}
Trial 145 finished with value 0.381553476 | dataset=ETTm1_192 | selection=last | epoch=150 | best_val_epoch=19 | test_MSE=0.368634166 | MAE=0.381553476 | RMSE=0.607152507 | params={'learning_rate': 0.04619208649227292, 'decay_rate': 0.000882531294108933, 'hidden_size': 16, 'beta1': 0.99, 'beta2': 0.999, 'signal_len': 128, 'cheb_order': 2, 's': 3.3245959695285934, 'batch_size': 128, 'k': 6}
Trial 146 finished with value 0.381577708 | dataset=ETTm1_192 | selection=last | epoch=150 | best_val_epoch=55 | test_MSE=0.368607713 | MAE=0.381577708 | RMSE=0.607130722 | params={'learning_rate': 0.04548815182347532, 'decay_rate': 0.0007794079569935586, 'hidden_size': 16, 'beta1': 0.99, 'beta2': 0.999, 'signal_len': 128, 'cheb_order': 2, 's': 3.642555931275636, 'batch_size': 128, 'k': 6}
Trial 147 finished with value 0.385189941 | dataset=ETTm1_192 | selection=last | epoch=150 | best_val_epoch=85 | test_MSE=0.370720607 | MAE=0.385189941 | RMSE=0.608868300 | params={'learning_rate': 0.04571473006574313, 'decay_rate': 0.02214238030726583, 'hidden_size': 16, 'beta1': 0.99, 'beta2': 0.999, 'signal_len': 128, 'cheb_order': 2, 's': 3.7238596057829714, 'batch_size': 128, 'k': 6}
Trial 148 finished with value 0.386012396 | dataset=ETTm1_192 | selection=last | epoch=150 | best_val_epoch=88 | test_MSE=0.374015916 | MAE=0.386012396 | RMSE=0.611568407 | params={'learning_rate': 0.04667767885192438, 'decay_rate': 0.004609023325090177, 'hidden_size': 16, 'beta1': 0.99, 'beta2': 0.999, 'signal_len': 128, 'cheb_order': 2, 's': 3.4782554452079073, 'batch_size': 128, 'k': 6}
Trial 149 finished with value 0.382113357 | dataset=ETTm1_192 | selection=last | epoch=150 | best_val_epoch=69 | test_MSE=0.368671258 | MAE=0.382113357 | RMSE=0.607183051 | params={'learning_rate': 0.04315743200384034, 'decay_rate': 0.003154288489832067, 'hidden_size': 16, 'beta1': 0.99, 'beta2': 0.999, 'signal_len': 128, 'cheb_order': 2, 's': 2.8800190341442784, 'batch_size': 128, 'k': 6}
Trial 150 finished with value 0.381355595 | dataset=ETTm1_192 | selection=last | epoch=150 | best_val_epoch=23 | test_MSE=0.368537972 | MAE=0.381355595 | RMSE=0.607073284 | params={'learning_rate': 0.04570156867172838, 'decay_rate': 0.00021225922219125619, 'hidden_size': 16, 'beta1': 0.99, 'beta2': 0.999, 'signal_len': 128, 'cheb_order': 2, 's': 3.6122052092915427, 'batch_size': 128, 'k': 6}
Trial 151 finished with value 0.450286827 | dataset=ETTm1_192 | selection=last | epoch=150 | best_val_epoch=23 | test_MSE=0.487400756 | MAE=0.450286827 | RMSE=0.698140928 | params={'learning_rate': 0.04556436416205025, 'decay_rate': 2.050377539310666e-05, 'hidden_size': 16, 'beta1': 0.99, 'beta2': 0.999, 'signal_len': 128, 'cheb_order': 2, 's': 3.3982904484344645, 'batch_size': 128, 'k': 6}
Trial 152 finished with value 0.381873956 | dataset=ETTm1_192 | selection=last | epoch=150 | best_val_epoch=16 | test_MSE=0.368866347 | MAE=0.381873956 | RMSE=0.607343681 | params={'learning_rate': 0.047977312544952924, 'decay_rate': 0.0019759892819360423, 'hidden_size': 16, 'beta1': 0.99, 'beta2': 0.999, 'signal_len': 128, 'cheb_order': 2, 's': 2.796622025078336, 'batch_size': 128, 'k': 6}
Trial 153 finished with value 0.394523160 | dataset=ETTm1_192 | selection=last | epoch=150 | best_val_epoch=144 | test_MSE=0.388129896 | MAE=0.394523160 | RMSE=0.623000719 | params={'learning_rate': 0.043791362968349616, 'decay_rate': 0.000974892549500821, 'hidden_size': 16, 'beta1': 0.99, 'beta2': 0.999, 'signal_len': 128, 'cheb_order': 2, 's': 3.546402258922535, 'batch_size': 128, 'k': 6}
Trial 154 finished with value 0.382052356 | dataset=ETTm1_192 | selection=last | epoch=150 | best_val_epoch=69 | test_MSE=0.368620631 | MAE=0.382052356 | RMSE=0.607141360 | params={'learning_rate': 0.04670870609055212, 'decay_rate': 0.0027257832027125593, 'hidden_size': 16, 'beta1': 0.99, 'beta2': 0.999, 'signal_len': 128, 'cheb_order': 2, 's': 2.5919703226030286, 'batch_size': 128, 'k': 6}
Trial 155 finished with value 0.381755140 | dataset=ETTm1_192 | selection=last | epoch=150 | best_val_epoch=49 | test_MSE=0.368758413 | MAE=0.381755140 | RMSE=0.607254817 | params={'learning_rate': 0.04069190061058765, 'decay_rate': 0.0019306881043570313, 'hidden_size': 16, 'beta1': 0.99, 'beta2': 0.999, 'signal_len': 128, 'cheb_order': 2, 's': 3.858368215864917, 'batch_size': 128, 'k': 6}
Trial 156 finished with value 0.382179830 | dataset=ETTm1_192 | selection=last | epoch=150 | best_val_epoch=49 | test_MSE=0.369049293 | MAE=0.382179830 | RMSE=0.607494274 | params={'learning_rate': 0.04485010543158651, 'decay_rate': 0.0037919185385370544, 'hidden_size': 16, 'beta1': 0.99, 'beta2': 0.999, 'signal_len': 128, 'cheb_order': 2, 's': 3.3419304595238684, 'batch_size': 128, 'k': 6}
Trial 157 finished with value 0.430391376 | dataset=ETTm1_192 | selection=last | epoch=150 | best_val_epoch=22 | test_MSE=0.465502034 | MAE=0.430391376 | RMSE=0.682277095 | params={'learning_rate': 0.039812730240297, 'decay_rate': 4.362088083386989e-05, 'hidden_size': 16, 'beta1': 0.99, 'beta2': 0.999, 'signal_len': 128, 'cheb_order': 2, 's': 3.628204503829234, 'batch_size': 128, 'k': 6}
Trial 158 finished with value 0.380698227 | dataset=ETTm1_192 | selection=last | epoch=150 | best_val_epoch=40 | test_MSE=0.368307958 | MAE=0.380698227 | RMSE=0.606883809 | params={'learning_rate': 0.04333942672839446, 'decay_rate': 0.0010733178976026448, 'hidden_size': 16, 'beta1': 0.9, 'beta2': 0.999, 'signal_len': 128, 'cheb_order': 2, 's': 3.2216847391036576, 'batch_size': 128, 'k': 6}
Trial 159 finished with value 0.382492449 | dataset=ETTm1_192 | selection=last | epoch=150 | best_val_epoch=62 | test_MSE=0.369469021 | MAE=0.382492449 | RMSE=0.607839634 | params={'learning_rate': 0.043761593168924556, 'decay_rate': 0.002712697160960093, 'hidden_size': 16, 'beta1': 0.9, 'beta2': 0.999, 'signal_len': 128, 'cheb_order': 3, 's': 2.941253437737924, 'batch_size': 128, 'k': 6}
Trial 160 finished with value 0.387804195 | dataset=ETTm1_192 | selection=last | epoch=150 | best_val_epoch=80 | test_MSE=0.369564732 | MAE=0.387804195 | RMSE=0.607918360 | params={'learning_rate': 0.04586273425463764, 'decay_rate': 0.0008418410199281782, 'hidden_size': 16, 'beta1': 0.9, 'beta2': 0.999, 'signal_len': 16, 'cheb_order': 2, 's': 3.05790505157751, 'batch_size': 128, 'k': 6}
Trial 161 finished with value 0.381867665 | dataset=ETTm1_192 | selection=last | epoch=150 | best_val_epoch=2 | test_MSE=0.368794153 | MAE=0.381867665 | RMSE=0.607284244 | params={'learning_rate': 0.04314640579667254, 'decay_rate': 0.0012722586633758125, 'hidden_size': 16, 'beta1': 0.9, 'beta2': 0.999, 'signal_len': 128, 'cheb_order': 2, 's': 3.2101360609349747, 'batch_size': 128, 'k': 6}
Trial 162 finished with value 0.386425452 | dataset=ETTm1_192 | selection=last | epoch=150 | best_val_epoch=80 | test_MSE=0.372161553 | MAE=0.386425452 | RMSE=0.610050451 | params={'learning_rate': 0.03846494233206501, 'decay_rate': 0.029137581125769734, 'hidden_size': 16, 'beta1': 0.9, 'beta2': 0.999, 'signal_len': 128, 'cheb_order': 2, 's': 2.5014653945289007, 'batch_size': 128, 'k': 6}
Trial 163 finished with value 0.382247625 | dataset=ETTm1_192 | selection=last | epoch=150 | best_val_epoch=80 | test_MSE=0.369246289 | MAE=0.382247625 | RMSE=0.607656391 | params={'learning_rate': 0.04117400471218182, 'decay_rate': 0.0018218728417277877, 'hidden_size': 16, 'beta1': 0.9, 'beta2': 0.999, 'signal_len': 128, 'cheb_order': 2, 's': 3.3607324313495193, 'batch_size': 128, 'k': 6}
Trial 164 finished with value 0.449542971 | dataset=ETTm1_192 | selection=last | epoch=150 | best_val_epoch=22 | test_MSE=0.467908446 | MAE=0.449542971 | RMSE=0.684038336 | params={'learning_rate': 0.044544633452233445, 'decay_rate': 0.00012046171200061597, 'hidden_size': 16, 'beta1': 0.99, 'beta2': 0.999, 'signal_len': 128, 'cheb_order': 2, 's': 2.835532245208574, 'batch_size': 256, 'k': 6}
Trial 165 finished with value 0.382470068 | dataset=ETTm1_192 | selection=last | epoch=150 | best_val_epoch=80 | test_MSE=0.369351487 | MAE=0.382470068 | RMSE=0.607742945 | params={'learning_rate': 0.04301569511881723, 'decay_rate': 0.0029332543902246327, 'hidden_size': 16, 'beta1': 0.95, 'beta2': 0.999, 'signal_len': 128, 'cheb_order': 2, 's': 3.529209372290559, 'batch_size': 128, 'k': 6}
