Trial 168 finished with value 0.366346608 | dataset=ETTm1_96 | selection=last | epoch=150 | best_val_epoch=2 | test_MSE=0.327647192 | MAE=0.366346608 | RMSE=0.572404745 | params={'learning_rate': 0.0015188867227006152, 'decay_rate': 0.00012936259048635127, 'hidden_size': 64, 'beta1': 0.95, 'beta2': 0.99, 'signal_len': 16, 'cheb_order': 3, 's': 8.488957737009374, 'batch_size': 64, 'k': 2}
Trial 169 finished with value 0.361031452 | dataset=ETTm1_96 | selection=last | epoch=150 | best_val_epoch=9 | test_MSE=0.327999718 | MAE=0.361031452 | RMSE=0.572712596 | params={'learning_rate': 0.003348843804948369, 'decay_rate': 0.01422856059029123, 'hidden_size': 16, 'beta1': 0.95, 'beta2': 0.99, 'signal_len': 64, 'cheb_order': 3, 's': 4.523927126965431, 'batch_size': 64, 'k': 2}
Trial 170 finished with value 0.358501672 | dataset=ETTm1_96 | selection=last | epoch=150 | best_val_epoch=47 | test_MSE=0.325608118 | MAE=0.358501672 | RMSE=0.570620818 | params={'learning_rate': 0.008402943263327665, 'decay_rate': 0.00175814803734638, 'hidden_size': 64, 'beta1': 0.95, 'beta2': 0.99, 'signal_len': 16, 'cheb_order': 3, 's': 7.810973600491016, 'batch_size': 64, 'k': 2}
Trial 171 finished with value 0.358070660 | dataset=ETTm1_96 | selection=last | epoch=150 | best_val_epoch=46 | test_MSE=0.325189668 | MAE=0.358070660 | RMSE=0.570254038 | params={'learning_rate': 0.013488310446293476, 'decay_rate': 0.0009997967950007099, 'hidden_size': 64, 'beta1': 0.99, 'beta2': 0.99, 'signal_len': 16, 'cheb_order': 3, 's': 3.6799730345032824, 'batch_size': 64, 'k': 2}
Trial 172 finished with value 0.359342780 | dataset=ETTm1_96 | selection=last | epoch=150 | best_val_epoch=103 | test_MSE=0.327508849 | MAE=0.359342780 | RMSE=0.572283888 | params={'learning_rate': 0.013751258672929551, 'decay_rate': 0.00375988061342837, 'hidden_size': 64, 'beta1': 0.99, 'beta2': 0.99, 'signal_len': 16, 'cheb_order': 3, 's': 3.6648341442370898, 'batch_size': 64, 'k': 2}
Trial 173 finished with value 0.358793315 | dataset=ETTm1_96 | selection=last | epoch=150 | best_val_epoch=75 | test_MSE=0.325630232 | MAE=0.358793315 | RMSE=0.570640195 | params={'learning_rate': 0.012562951553895627, 'decay_rate': 0.002806898857611954, 'hidden_size': 64, 'beta1': 0.99, 'beta2': 0.99, 'signal_len': 32, 'cheb_order': 3, 's': 5.349818969108339, 'batch_size': 64, 'k': 4}
Trial 174 finished with value 0.358268087 | dataset=ETTm1_96 | selection=last | epoch=150 | best_val_epoch=44 | test_MSE=0.325272981 | MAE=0.358268087 | RMSE=0.570327083 | params={'learning_rate': 0.01022071282492838, 'decay_rate': 0.0007797492202905408, 'hidden_size': 64, 'beta1': 0.99, 'beta2': 0.99, 'signal_len': 16, 'cheb_order': 3, 's': 3.8481706734795575, 'batch_size': 64, 'k': 2}
Trial 175 finished with value 0.363102716 | dataset=ETTm1_96 | selection=last | epoch=150 | best_val_epoch=87 | test_MSE=0.329759257 | MAE=0.363102716 | RMSE=0.574246687 | params={'learning_rate': 0.010011547370500973, 'decay_rate': 0.02651068926934945, 'hidden_size': 64, 'beta1': 0.99, 'beta2': 0.99, 'signal_len': 16, 'cheb_order': 3, 's': 3.771017252202552, 'batch_size': 64, 'k': 2}
Trial 176 finished with value 0.358411004 | dataset=ETTm1_96 | selection=last | epoch=150 | best_val_epoch=54 | test_MSE=0.325363998 | MAE=0.358411004 | RMSE=0.570406871 | params={'learning_rate': 0.011392660108790652, 'decay_rate': 0.0014645984272146982, 'hidden_size': 64, 'beta1': 0.99, 'beta2': 0.99, 'signal_len': 16, 'cheb_order': 3, 's': 3.410253066582446, 'batch_size': 64, 'k': 2}
Trial 177 finished with value 0.361674734 | dataset=ETTm1_96 | selection=last | epoch=150 | best_val_epoch=89 | test_MSE=0.329324699 | MAE=0.361674734 | RMSE=0.573868190 | params={'learning_rate': 0.009247947816800552, 'decay_rate': 0.01697396792876652, 'hidden_size': 64, 'beta1': 0.99, 'beta2': 0.99, 'signal_len': 16, 'cheb_order': 3, 's': 4.084207668661233, 'batch_size': 64, 'k': 2}
Trial 178 finished with value 0.370532571 | dataset=ETTm1_96 | selection=last | epoch=150 | best_val_epoch=33 | test_MSE=0.333225799 | MAE=0.370532571 | RMSE=0.577257134 | params={'learning_rate': 0.01475895180435471, 'decay_rate': 4.6199442012738175e-05, 'hidden_size': 32, 'beta1': 0.99, 'beta2': 0.99, 'signal_len': 16, 'cheb_order': 3, 's': 3.076742328435726, 'batch_size': 64, 'k': 2}
Trial 179 finished with value 0.358276404 | dataset=ETTm1_96 | selection=last | epoch=150 | best_val_epoch=21 | test_MSE=0.325350982 | MAE=0.358276404 | RMSE=0.570395461 | params={'learning_rate': 0.010691219733509085, 'decay_rate': 0.0009619506764841643, 'hidden_size': 64, 'beta1': 0.99, 'beta2': 0.999, 'signal_len': 16, 'cheb_order': 3, 's': 3.8941129855569088, 'batch_size': 64, 'k': 2}
Trial 180 finished with value 0.358523807 | dataset=ETTm1_96 | selection=last | epoch=150 | best_val_epoch=54 | test_MSE=0.325467414 | MAE=0.358523807 | RMSE=0.570497514 | params={'learning_rate': 0.010549139475062565, 'decay_rate': 0.0017413446373637058, 'hidden_size': 64, 'beta1': 0.99, 'beta2': 0.999, 'signal_len': 16, 'cheb_order': 3, 's': 3.965386331257649, 'batch_size': 64, 'k': 2}
Trial 181 finished with value 0.359048369 | dataset=ETTm1_96 | selection=last | epoch=150 | best_val_epoch=15 | test_MSE=0.326043779 | MAE=0.359048369 | RMSE=0.571002434 | params={'learning_rate': 0.011912453026333782, 'decay_rate': 0.002263787314714808, 'hidden_size': 64, 'beta1': 0.99, 'beta2': 0.999, 'signal_len': 16, 'cheb_order': 3, 's': 3.5870936792844628, 'batch_size': 512, 'k': 2}
Trial 182 finished with value 0.358969884 | dataset=ETTm1_96 | selection=last | epoch=150 | best_val_epoch=94 | test_MSE=0.327772368 | MAE=0.358969884 | RMSE=0.572514077 | params={'learning_rate': 0.013504479788896002, 'decay_rate': 0.0009881878164134635, 'hidden_size': 64, 'beta1': 0.99, 'beta2': 0.999, 'signal_len': 16, 'cheb_order': 3, 's': 3.864840024907612, 'batch_size': 64, 'k': 2}
Trial 183 finished with value 0.359813897 | dataset=ETTm1_96 | selection=last | epoch=150 | best_val_epoch=63 | test_MSE=0.328970808 | MAE=0.359813897 | RMSE=0.573559768 | params={'learning_rate': 0.015987868309155058, 'decay_rate': 0.0031019119361122907, 'hidden_size': 64, 'beta1': 0.99, 'beta2': 0.999, 'signal_len': 16, 'cheb_order': 3, 's': 2.644228375640026, 'batch_size': 64, 'k': 2}
Trial 184 finished with value 0.358056839 | dataset=ETTm1_96 | selection=last | epoch=150 | best_val_epoch=77 | test_MSE=0.325150794 | MAE=0.358056839 | RMSE=0.570219952 | params={'learning_rate': 0.0076517733328446995, 'decay_rate': 0.0009650094396040449, 'hidden_size': 64, 'beta1': 0.99, 'beta2': 0.999, 'signal_len': 16, 'cheb_order': 3, 's': 4.152144163312537, 'batch_size': 64, 'k': 2}
Trial 185 finished with value 0.358292861 | dataset=ETTm1_96 | selection=last | epoch=150 | best_val_epoch=41 | test_MSE=0.325297338 | MAE=0.358292861 | RMSE=0.570348436 | params={'learning_rate': 0.00783343444961412, 'decay_rate': 0.0008791679691836552, 'hidden_size': 64, 'beta1': 0.99, 'beta2': 0.999, 'signal_len': 16, 'cheb_order': 3, 's': 3.611543361708292, 'batch_size': 64, 'k': 2}
Trial 186 finished with value 0.358379810 | dataset=ETTm1_96 | selection=last | epoch=150 | best_val_epoch=88 | test_MSE=0.326639939 | MAE=0.358379810 | RMSE=0.571524225 | params={'learning_rate': 0.0095253872814726, 'decay_rate': 0.0018413390522116061, 'hidden_size': 64, 'beta1': 0.99, 'beta2': 0.999, 'signal_len': 16, 'cheb_order': 3, 's': 4.111781538037672, 'batch_size': 64, 'k': 2}
Trial 187 finished with value 0.359147005 | dataset=ETTm1_96 | selection=last | epoch=150 | best_val_epoch=120 | test_MSE=0.326923622 | MAE=0.359147005 | RMSE=0.571772351 | params={'learning_rate': 0.011128991008915021, 'decay_rate': 0.0008088965543967649, 'hidden_size': 64, 'beta1': 0.99, 'beta2': 0.999, 'signal_len': 16, 'cheb_order': 3, 's': 4.897775287356829, 'batch_size': 64, 'k': 2}
Trial 188 finished with value 0.369958802 | dataset=ETTm1_96 | selection=last | epoch=150 | best_val_epoch=131 | test_MSE=0.342939934 | MAE=0.369958802 | RMSE=0.585610736 | params={'learning_rate': 0.008598917164757585, 'decay_rate': 0.001844061910706296, 'hidden_size': 64, 'beta1': 0.99, 'beta2': 0.999, 'signal_len': 16, 'cheb_order': 3, 's': 3.8739339175684417, 'batch_size': 64, 'k': 2}
Trial 189 finished with value 0.364889800 | dataset=ETTm1_96 | selection=last | epoch=150 | best_val_epoch=41 | test_MSE=0.326940869 | MAE=0.364889800 | RMSE=0.571787433 | params={'learning_rate': 0.017586045810166526, 'decay_rate': 1.8732393327521523e-05, 'hidden_size': 64, 'beta1': 0.99, 'beta2': 0.999, 'signal_len': 16, 'cheb_order': 3, 's': 4.5330728148696835, 'batch_size': 64, 'k': 2}
Trial 190 finished with value 0.367699519 | dataset=ETTm1_96 | selection=last | epoch=150 | best_val_epoch=29 | test_MSE=0.332494008 | MAE=0.367699519 | RMSE=0.576622934 | params={'learning_rate': 0.012601037883609646, 'decay_rate': 3.500656230808711e-05, 'hidden_size': 64, 'beta1': 0.99, 'beta2': 0.999, 'signal_len': 16, 'cheb_order': 3, 's': 3.2452096548934883, 'batch_size': 64, 'k': 2}
Trial 191 finished with value 0.358835964 | dataset=ETTm1_96 | selection=last | epoch=150 | best_val_epoch=79 | test_MSE=0.325637995 | MAE=0.358835964 | RMSE=0.570646997 | params={'learning_rate': 0.010329784825734866, 'decay_rate': 0.0027366669223107395, 'hidden_size': 64, 'beta1': 0.9, 'beta2': 0.99, 'signal_len': 32, 'cheb_order': 3, 's': 4.713670314363776, 'batch_size': 64, 'k': 2}
Trial 192 finished with value 0.359089930 | dataset=ETTm1_96 | selection=last | epoch=150 | best_val_epoch=28 | test_MSE=0.326068568 | MAE=0.359089930 | RMSE=0.571024140 | params={'learning_rate': 0.00725628830534181, 'decay_rate': 0.004451383944520837, 'hidden_size': 64, 'beta1': 0.99, 'beta2': 0.99, 'signal_len': 16, 'cheb_order': 3, 's': 3.7339439331818136, 'batch_size': 256, 'k': 2}
Trial 193 finished with value 0.358499912 | dataset=ETTm1_96 | selection=last | epoch=150 | best_val_epoch=47 | test_MSE=0.325500234 | MAE=0.358499912 | RMSE=0.570526278 | params={'learning_rate': 0.03727376554504604, 'decay_rate': 0.001403701059723374, 'hidden_size': 64, 'beta1': 0.99, 'beta2': 0.99, 'signal_len': 16, 'cheb_order': 3, 's': 3.4378429555786885, 'batch_size': 64, 'k': 2}
Trial 194 finished with value 0.358079098 | dataset=ETTm1_96 | selection=last | epoch=150 | best_val_epoch=94 | test_MSE=0.326991703 | MAE=0.358079098 | RMSE=0.571831883 | params={'learning_rate': 0.007688159575642959, 'decay_rate': 0.0009939360822923651, 'hidden_size': 64, 'beta1': 0.95, 'beta2': 0.99, 'signal_len': 16, 'cheb_order': 3, 's': 4.212038225825129, 'batch_size': 64, 'k': 2}
Trial 195 finished with value 0.358262534 | dataset=ETTm1_96 | selection=last | epoch=150 | best_val_epoch=41 | test_MSE=0.325366192 | MAE=0.358262534 | RMSE=0.570408794 | params={'learning_rate': 0.009290643295014776, 'decay_rate': 0.0010513990253529476, 'hidden_size': 64, 'beta1': 0.95, 'beta2': 0.99, 'signal_len': 16, 'cheb_order': 3, 's': 4.156086192035888, 'batch_size': 64, 'k': 2}
Trial 196 finished with value 0.358644496 | dataset=ETTm1_96 | selection=last | epoch=150 | best_val_epoch=32 | test_MSE=0.325745435 | MAE=0.358644496 | RMSE=0.570741127 | params={'learning_rate': 0.008905712815596312, 'decay_rate': 0.0023487033400033733, 'hidden_size': 64, 'beta1': 0.95, 'beta2': 0.99, 'signal_len': 16, 'cheb_order': 3, 's': 4.154022704561143, 'batch_size': 64, 'k': 2}
Trial 197 finished with value 0.358423278 | dataset=ETTm1_96 | selection=last | epoch=150 | best_val_epoch=32 | test_MSE=0.325513673 | MAE=0.358423278 | RMSE=0.570538056 | params={'learning_rate': 0.007674750121002107, 'decay_rate': 0.0013053858007738344, 'hidden_size': 64, 'beta1': 0.95, 'beta2': 0.99, 'signal_len': 16, 'cheb_order': 3, 's': 4.356647941396248, 'batch_size': 64, 'k': 2}
Trial 198 finished with value 0.358902007 | dataset=ETTm1_96 | selection=last | epoch=150 | best_val_epoch=47 | test_MSE=0.325967694 | MAE=0.358902007 | RMSE=0.570935806 | params={'learning_rate': 0.006918980110620322, 'decay_rate': 0.0032933697741410126, 'hidden_size': 64, 'beta1': 0.95, 'beta2': 0.99, 'signal_len': 16, 'cheb_order': 3, 's': 4.4584164805039475, 'batch_size': 64, 'k': 2}
Trial 199 finished with value 0.358275002 | dataset=ETTm1_96 | selection=last | epoch=150 | best_val_epoch=92 | test_MSE=0.327260971 | MAE=0.358275002 | RMSE=0.572067278 | params={'learning_rate': 0.009598610169360332, 'decay_rate': 0.0008935172891719946, 'hidden_size': 64, 'beta1': 0.95, 'beta2': 0.99, 'signal_len': 16, 'cheb_order': 3, 's': 4.154363230286878, 'batch_size': 64, 'k': 2}
Trial 200 finished with value 0.370803604 | dataset=ETTm1_96 | selection=last | epoch=150 | best_val_epoch=4 | test_MSE=0.333117506 | MAE=0.370803604 | RMSE=0.577163327 | params={'learning_rate': 0.007996373788562751, 'decay_rate': 5.556359102810884e-05, 'hidden_size': 64, 'beta1': 0.95, 'beta2': 0.99, 'signal_len': 16, 'cheb_order': 3, 's': 5.507687101186847, 'batch_size': 64, 'k': 2}
Trial 201 finished with value 0.358695062 | dataset=ETTm1_96 | selection=last | epoch=150 | best_val_epoch=20 | test_MSE=0.325706315 | MAE=0.358695062 | RMSE=0.570706855 | params={'learning_rate': 0.0052716269674385734, 'decay_rate': 0.0018739222038364506, 'hidden_size': 16, 'beta1': 0.95, 'beta2': 0.99, 'signal_len': 128, 'cheb_order': 3, 's': 5.026649017570776, 'batch_size': 64, 'k': 2}
Trial 202 finished with value 0.404937304 | dataset=ETTm1_96 | selection=last | epoch=150 | best_val_epoch=1 | test_MSE=0.400732663 | MAE=0.404937304 | RMSE=0.633034488 | params={'learning_rate': 0.006569894171924216, 'decay_rate': 1.7716854957353263e-05, 'hidden_size': 64, 'beta1': 0.95, 'beta2': 0.99, 'signal_len': 64, 'cheb_order': 3, 's': 4.649010675739169, 'batch_size': 128, 'k': 2}
Trial 203 finished with value 0.358584834 | dataset=ETTm1_96 | selection=last | epoch=150 | best_val_epoch=34 | test_MSE=0.325749590 | MAE=0.358584834 | RMSE=0.570744768 | params={'learning_rate': 0.01183636255723709, 'decay_rate': 0.0022589099432525285, 'hidden_size': 64, 'beta1': 0.95, 'beta2': 0.99, 'signal_len': 16, 'cheb_order': 3, 's': 4.45960460197631, 'batch_size': 64, 'k': 2}
Trial 204 finished with value 0.358315059 | dataset=ETTm1_96 | selection=last | epoch=150 | best_val_epoch=92 | test_MSE=0.327226740 | MAE=0.358315059 | RMSE=0.572037359 | params={'learning_rate': 0.009068755764798254, 'decay_rate': 0.0011347296243352822, 'hidden_size': 64, 'beta1': 0.95, 'beta2': 0.99, 'signal_len': 16, 'cheb_order': 3, 's': 4.103075510529289, 'batch_size': 64, 'k': 2}
Trial 205 finished with value 0.357884280 | dataset=ETTm1_96 | selection=last | epoch=150 | best_val_epoch=91 | test_MSE=0.325185983 | MAE=0.357884280 | RMSE=0.570250807 | params={'learning_rate': 0.00990521871451026, 'decay_rate': 0.001083763369143059, 'hidden_size': 64, 'beta1': 0.95, 'beta2': 0.99, 'signal_len': 16, 'cheb_order': 3, 's': 4.2363705077621105, 'batch_size': 64, 'k': 2}
Trial 206 finished with value 0.358919966 | dataset=ETTm1_96 | selection=last | epoch=150 | best_val_epoch=92 | test_MSE=0.327616420 | MAE=0.358919966 | RMSE=0.572377865 | params={'learning_rate': 0.010008049282886997, 'decay_rate': 0.0026691902840422837, 'hidden_size': 64, 'beta1': 0.95, 'beta2': 0.99, 'signal_len': 16, 'cheb_order': 3, 's': 4.267058106075586, 'batch_size': 64, 'k': 2}
Trial 207 finished with value 0.365794048 | dataset=ETTm1_96 | selection=last | epoch=150 | best_val_epoch=120 | test_MSE=0.333553270 | MAE=0.365794048 | RMSE=0.577540709 | params={'learning_rate': 0.04438742512128973, 'decay_rate': 0.0012194339829644176, 'hidden_size': 64, 'beta1': 0.95, 'beta2': 0.99, 'signal_len': 16, 'cheb_order': 3, 's': 3.980424339640273, 'batch_size': 64, 'k': 2}
Trial 208 finished with value 0.358888965 | dataset=ETTm1_96 | selection=last | epoch=150 | best_val_epoch=47 | test_MSE=0.325976030 | MAE=0.358888965 | RMSE=0.570943106 | params={'learning_rate': 0.008117385126749829, 'decay_rate': 0.0034079883637638878, 'hidden_size': 64, 'beta1': 0.95, 'beta2': 0.99, 'signal_len': 16, 'cheb_order': 3, 's': 4.344157595992846, 'batch_size': 64, 'k': 2}
Trial 209 finished with value 0.358540108 | dataset=ETTm1_96 | selection=last | epoch=150 | best_val_epoch=50 | test_MSE=0.325712174 | MAE=0.358540108 | RMSE=0.570711988 | params={'learning_rate': 0.010942022533081932, 'decay_rate': 0.0018522756649474966, 'hidden_size': 64, 'beta1': 0.95, 'beta2': 0.99, 'signal_len': 16, 'cheb_order': 3, 's': 4.644027002082354, 'batch_size': 64, 'k': 2}
Trial 210 finished with value 0.369283386 | dataset=ETTm1_96 | selection=last | epoch=150 | best_val_epoch=12 | test_MSE=0.332829696 | MAE=0.369283386 | RMSE=0.576913942 | params={'learning_rate': 0.009578365543324783, 'decay_rate': 3.842214228912003e-05, 'hidden_size': 32, 'beta1': 0.95, 'beta2': 0.99, 'signal_len': 16, 'cheb_order': 3, 's': 4.7969176436369185, 'batch_size': 64, 'k': 2}
Trial 211 finished with value 0.358195444 | dataset=ETTm1_96 | selection=last | epoch=150 | best_val_epoch=40 | test_MSE=0.325391106 | MAE=0.358195444 | RMSE=0.570430632 | params={'learning_rate': 0.013168907728667892, 'decay_rate': 0.0009624931063445634, 'hidden_size': 64, 'beta1': 0.95, 'beta2': 0.99, 'signal_len': 16, 'cheb_order': 2, 's': 3.720912442843578, 'batch_size': 64, 'k': 2}
Trial 212 finished with value 0.364896093 | dataset=ETTm1_96 | selection=last | epoch=150 | best_val_epoch=94 | test_MSE=0.332631509 | MAE=0.364896093 | RMSE=0.576742151 | params={'learning_rate': 0.012699906435398135, 'decay_rate': 0.030620937188759904, 'hidden_size': 64, 'beta1': 0.95, 'beta2': 0.99, 'signal_len': 16, 'cheb_order': 3, 's': 3.7205015082050314, 'batch_size': 64, 'k': 2}
Trial 213 finished with value 0.358196139 | dataset=ETTm1_96 | selection=last | epoch=150 | best_val_epoch=52 | test_MSE=0.325308551 | MAE=0.358196139 | RMSE=0.570358265 | params={'learning_rate': 0.014437934885748642, 'decay_rate': 0.0009313023056539193, 'hidden_size': 64, 'beta1': 0.95, 'beta2': 0.99, 'signal_len': 32, 'cheb_order': 2, 's': 3.907847935231885, 'batch_size': 64, 'k': 2}
Trial 214 finished with value 0.358069857 | dataset=ETTm1_96 | selection=last | epoch=150 | best_val_epoch=79 | test_MSE=0.324973679 | MAE=0.358069857 | RMSE=0.570064627 | params={'learning_rate': 0.014596087456716731, 'decay_rate': 0.0007571111326116451, 'hidden_size': 64, 'beta1': 0.95, 'beta2': 0.99, 'signal_len': 32, 'cheb_order': 2, 's': 3.90510285076534, 'batch_size': 64, 'k': 2}
Trial 215 finished with value 0.358396142 | dataset=ETTm1_96 | selection=last | epoch=150 | best_val_epoch=106 | test_MSE=0.324943665 | MAE=0.358396142 | RMSE=0.570038301 | params={'learning_rate': 0.0148565768434906, 'decay_rate': 0.0010545195928380261, 'hidden_size': 64, 'beta1': 0.95, 'beta2': 0.99, 'signal_len': 32, 'cheb_order': 2, 's': 4.000653734632069, 'batch_size': 64, 'k': 2}
Trial 216 finished with value 0.358782917 | dataset=ETTm1_96 | selection=last | epoch=150 | best_val_epoch=79 | test_MSE=0.325507031 | MAE=0.358782917 | RMSE=0.570532235 | params={'learning_rate': 0.014227598625078549, 'decay_rate': 0.002225724305268765, 'hidden_size': 64, 'beta1': 0.95, 'beta2': 0.99, 'signal_len': 32, 'cheb_order': 2, 's': 4.186532455757893, 'batch_size': 64, 'k': 2}
Trial 217 finished with value 0.358355114 | dataset=ETTm1_96 | selection=last | epoch=150 | best_val_epoch=43 | test_MSE=0.325236967 | MAE=0.358355114 | RMSE=0.570295509 | params={'learning_rate': 0.01308555851870614, 'decay_rate': 0.0007886548670675948, 'hidden_size': 64, 'beta1': 0.95, 'beta2': 0.99, 'signal_len': 32, 'cheb_order': 2, 's': 3.6803466165536216, 'batch_size': 64, 'k': 2}
Trial 218 finished with value 0.382131073 | dataset=ETTm1_96 | selection=last | epoch=150 | best_val_epoch=24 | test_MSE=0.340991434 | MAE=0.382131073 | RMSE=0.583944718 | params={'learning_rate': 0.013555349897560125, 'decay_rate': 3.0006523675381444e-05, 'hidden_size': 64, 'beta1': 0.95, 'beta2': 0.99, 'signal_len': 32, 'cheb_order': 2, 's': 4.418857889568763, 'batch_size': 64, 'k': 2}
Trial 219 finished with value 0.358759422 | dataset=ETTm1_96 | selection=last | epoch=150 | best_val_epoch=79 | test_MSE=0.325478635 | MAE=0.358759422 | RMSE=0.570507349 | params={'learning_rate': 0.01561126071525211, 'decay_rate': 0.0019610928024408132, 'hidden_size': 64, 'beta1': 0.95, 'beta2': 0.99, 'signal_len': 32, 'cheb_order': 2, 's': 3.930014934245033, 'batch_size': 64, 'k': 6}
Trial 220 finished with value 0.359372378 | dataset=ETTm1_96 | selection=last | epoch=150 | best_val_epoch=79 | test_MSE=0.325915437 | MAE=0.359372378 | RMSE=0.570890040 | params={'learning_rate': 0.03490491333406877, 'decay_rate': 0.0032065230620856927, 'hidden_size': 64, 'beta1': 0.95, 'beta2': 0.99, 'signal_len': 32, 'cheb_order': 2, 's': 4.127732188554196, 'batch_size': 64, 'k': 2}
Trial 221 finished with value 0.358456034 | dataset=ETTm1_96 | selection=last | epoch=150 | best_val_epoch=15 | test_MSE=0.325492679 | MAE=0.358456034 | RMSE=0.570519657 | params={'learning_rate': 0.012129689399907844, 'decay_rate': 0.0014858321538395252, 'hidden_size': 64, 'beta1': 0.95, 'beta2': 0.99, 'signal_len': 32, 'cheb_order': 2, 's': 3.5314564430187767, 'batch_size': 64, 'k': 2}
Trial 222 finished with value 0.370005243 | dataset=ETTm1_96 | selection=last | epoch=150 | best_val_epoch=63 | test_MSE=0.330032949 | MAE=0.370005243 | RMSE=0.574484943 | params={'learning_rate': 0.013930470288767498, 'decay_rate': 0.0010026153465924835, 'hidden_size': 64, 'beta1': 0.95, 'beta2': 0.99, 'signal_len': 32, 'cheb_order': 2, 's': 4.3010282611507815, 'batch_size': 512, 'k': 2}
Trial 223 finished with value 0.372149672 | dataset=ETTm1_96 | selection=last | epoch=150 | best_val_epoch=15 | test_MSE=0.332694459 | MAE=0.372149672 | RMSE=0.576796722 | params={'learning_rate': 0.016362834199621482, 'decay_rate': 3.0200250068139348e-05, 'hidden_size': 64, 'beta1': 0.95, 'beta2': 0.99, 'signal_len': 32, 'cheb_order': 2, 's': 3.8243454722746466, 'batch_size': 64, 'k': 2}
