RUN study=ETTm1_192_ufgtime_plus_ett_main_config_mean_v1_mean_last | storage=sqlite:////home/xy/Research/UFGTime/UFGTime+/sqlite/ETTm1_192_ufgtime_plus_ett_main_config_mean_v1_mean_last.sqlite3 | trials_this_run=500 | log=/home/xy/Research/UFGTime/UFGTime+/logs/ETTm1_192_ufgtime_plus_ett_main_config_mean_v1_mean_last/20260918_170907_264656.log
Trial 0 finished with value 0.395815918 | dataset=ETTm1_192 | selection=last | epoch=150 | best_val_epoch=121 | test_MSE=0.387175696 | MAE=0.395815918 | RMSE=0.622234438 | params={'learning_rate': 0.027445187061326964, 'decay_rate': 0.03576231642495725, 'hidden_size': 16, 'beta1': 0.99, 'beta2': 0.95, 'signal_len': 64, 'cheb_order': 2, 's': 8.510316625376648, 'batch_size': 128, 'k': 6}
Trial 1 finished with value 0.386616311 | dataset=ETTm1_192 | selection=last | epoch=150 | best_val_epoch=83 | test_MSE=0.372010567 | MAE=0.386616311 | RMSE=0.609926690 | params={'learning_rate': 0.005922538549187971, 'decay_rate': 0.031999651856162915, 'hidden_size': 32, 'beta1': 0.99, 'beta2': 0.99, 'signal_len': 128, 'cheb_order': 2, 's': 4.989584388814139, 'batch_size': 32, 'k': 2}
Trial 2 finished with value 0.384396421 | dataset=ETTm1_192 | selection=last | epoch=150 | best_val_epoch=13 | test_MSE=0.370567352 | MAE=0.384396421 | RMSE=0.608742435 | params={'learning_rate': 0.01577826326269995, 'decay_rate': 0.018191901439421704, 'hidden_size': 64, 'beta1': 0.95, 'beta2': 0.95, 'signal_len': 128, 'cheb_order': 3, 's': 4.381654018882581, 'batch_size': 512, 'k': 4}
Trial 3 finished with value 0.391449766 | dataset=ETTm1_192 | selection=last | epoch=150 | best_val_epoch=129 | test_MSE=0.376490154 | MAE=0.391449766 | RMSE=0.613587935 | params={'learning_rate': 0.04883828679863496, 'decay_rate': 0.03024622753205485, 'hidden_size': 16, 'beta1': 0.95, 'beta2': 0.99, 'signal_len': 16, 'cheb_order': 3, 's': 9.370736158428306, 'batch_size': 256, 'k': 2}
Trial 4 finished with value 0.408663750 | dataset=ETTm1_192 | selection=last | epoch=150 | best_val_epoch=42 | test_MSE=0.417525572 | MAE=0.408663750 | RMSE=0.646162187 | params={'learning_rate': 0.029329781611156056, 'decay_rate': 0.0010151762339128028, 'hidden_size': 16, 'beta1': 0.99, 'beta2': 0.999, 'signal_len': 64, 'cheb_order': 2, 's': 3.74718886261069, 'batch_size': 512, 'k': 6}
Trial 5 finished with value 0.387071480 | dataset=ETTm1_192 | selection=last | epoch=150 | best_val_epoch=114 | test_MSE=0.372938029 | MAE=0.387071480 | RMSE=0.610686523 | params={'learning_rate': 0.036265461448183836, 'decay_rate': 0.025071205852515845, 'hidden_size': 16, 'beta1': 0.9, 'beta2': 0.95, 'signal_len': 128, 'cheb_order': 2, 's': 6.913487296728489, 'batch_size': 128, 'k': 6}
Trial 6 finished with value 0.387551853 | dataset=ETTm1_192 | selection=last | epoch=150 | best_val_epoch=105 | test_MSE=0.372857128 | MAE=0.387551853 | RMSE=0.610620281 | params={'learning_rate': 0.04031163751241383, 'decay_rate': 0.03519739029118291, 'hidden_size': 32, 'beta1': 0.9, 'beta2': 0.99, 'signal_len': 16, 'cheb_order': 3, 's': 5.136529875834814, 'batch_size': 128, 'k': 4}
Trial 7 finished with value 0.386961895 | dataset=ETTm1_192 | selection=last | epoch=150 | best_val_epoch=138 | test_MSE=0.370619069 | MAE=0.386961895 | RMSE=0.608784912 | params={'learning_rate': 0.036502228215578664, 'decay_rate': 0.008589767566299412, 'hidden_size': 16, 'beta1': 0.95, 'beta2': 0.99, 'signal_len': 64, 'cheb_order': 3, 's': 6.564297008096474, 'batch_size': 128, 'k': 2}
Trial 8 finished with value 0.390535135 | dataset=ETTm1_192 | selection=last | epoch=150 | best_val_epoch=139 | test_MSE=0.376099812 | MAE=0.390535135 | RMSE=0.613269771 | params={'learning_rate': 0.009317788363958005, 'decay_rate': 0.04721917577529684, 'hidden_size': 16, 'beta1': 0.99, 'beta2': 0.99, 'signal_len': 128, 'cheb_order': 3, 's': 9.080374508059045, 'batch_size': 32, 'k': 6}
Trial 9 finished with value 0.384620543 | dataset=ETTm1_192 | selection=last | epoch=150 | best_val_epoch=28 | test_MSE=0.370667137 | MAE=0.384620543 | RMSE=0.608824389 | params={'learning_rate': 0.016007657369615166, 'decay_rate': 0.01917936006965318, 'hidden_size': 32, 'beta1': 0.9, 'beta2': 0.99, 'signal_len': 32, 'cheb_order': 3, 's': 1.328398190685331, 'batch_size': 256, 'k': 4}
Trial 10 finished with value 0.383907886 | dataset=ETTm1_192 | selection=last | epoch=150 | best_val_epoch=38 | test_MSE=0.370322696 | MAE=0.383907886 | RMSE=0.608541449 | params={'learning_rate': 0.019726689256566284, 'decay_rate': 0.014830272352031907, 'hidden_size': 64, 'beta1': 0.95, 'beta2': 0.95, 'signal_len': 32, 'cheb_order': 3, 's': 2.551281492006072, 'batch_size': 512, 'k': 4}
Trial 11 finished with value 0.383675349 | dataset=ETTm1_192 | selection=last | epoch=150 | best_val_epoch=57 | test_MSE=0.370165217 | MAE=0.383675349 | RMSE=0.608412046 | params={'learning_rate': 0.017708611205475917, 'decay_rate': 0.0135803551309581, 'hidden_size': 64, 'beta1': 0.95, 'beta2': 0.95, 'signal_len': 32, 'cheb_order': 3, 's': 2.413613603881284, 'batch_size': 512, 'k': 4}
Trial 12 finished with value 0.383347390 | dataset=ETTm1_192 | selection=last | epoch=150 | best_val_epoch=57 | test_MSE=0.369944588 | MAE=0.383347390 | RMSE=0.608230703 | params={'learning_rate': 0.018640997168072996, 'decay_rate': 0.011549805717906975, 'hidden_size': 64, 'beta1': 0.95, 'beta2': 0.95, 'signal_len': 32, 'cheb_order': 3, 's': 1.7199741226910992, 'batch_size': 512, 'k': 4}
Trial 13 finished with value 0.382622109 | dataset=ETTm1_192 | selection=last | epoch=150 | best_val_epoch=6 | test_MSE=0.369437568 | MAE=0.382622109 | RMSE=0.607813761 | params={'learning_rate': 0.0008898558144719224, 'decay_rate': 0.005845637074066028, 'hidden_size': 64, 'beta1': 0.95, 'beta2': 0.95, 'signal_len': 32, 'cheb_order': 3, 's': 1.2284414296121469, 'batch_size': 64, 'k': 4}
Trial 14 finished with value 0.397845665 | dataset=ETTm1_192 | selection=last | epoch=150 | best_val_epoch=18 | test_MSE=0.379935645 | MAE=0.397845665 | RMSE=0.616389199 | params={'learning_rate': 0.000395534258416215, 'decay_rate': 0.0009673175401161398, 'hidden_size': 64, 'beta1': 0.95, 'beta2': 0.999, 'signal_len': 32, 'cheb_order': 3, 's': 1.2511106308675846, 'batch_size': 64, 'k': 4}
Trial 15 finished with value 0.394175731 | dataset=ETTm1_192 | selection=last | epoch=150 | best_val_epoch=20 | test_MSE=0.371598214 | MAE=0.394175731 | RMSE=0.609588561 | params={'learning_rate': 0.00013688128507709338, 'decay_rate': 0.00881993434717197, 'hidden_size': 64, 'beta1': 0.95, 'beta2': 0.95, 'signal_len': 32, 'cheb_order': 3, 's': 3.0110365848607055, 'batch_size': 64, 'k': 2}
Trial 16 finished with value 0.382714609 | dataset=ETTm1_192 | selection=last | epoch=150 | best_val_epoch=64 | test_MSE=0.369408429 | MAE=0.382714609 | RMSE=0.607789790 | params={'learning_rate': 0.007473307298019033, 'decay_rate': 0.00710620633156726, 'hidden_size': 64, 'beta1': 0.95, 'beta2': 0.95, 'signal_len': 32, 'cheb_order': 3, 's': 1.1182203601704217, 'batch_size': 64, 'k': 4}
Trial 17 finished with value 0.382538911 | dataset=ETTm1_192 | selection=last | epoch=150 | best_val_epoch=67 | test_MSE=0.369293172 | MAE=0.382538911 | RMSE=0.607694967 | params={'learning_rate': 0.00828145293060782, 'decay_rate': 0.005621307386696025, 'hidden_size': 64, 'beta1': 0.95, 'beta2': 0.95, 'signal_len': 32, 'cheb_order': 3, 's': 3.570993296340104, 'batch_size': 64, 'k': 6}
Trial 18 finished with value 0.382436860 | dataset=ETTm1_192 | selection=last | epoch=150 | best_val_epoch=33 | test_MSE=0.369185716 | MAE=0.382436860 | RMSE=0.607606547 | params={'learning_rate': 0.011108442692295453, 'decay_rate': 0.004551043120337328, 'hidden_size': 64, 'beta1': 0.95, 'beta2': 0.999, 'signal_len': 32, 'cheb_order': 2, 's': 3.6662311854786, 'batch_size': 64, 'k': 6}
Trial 19 finished with value 0.390081123 | dataset=ETTm1_192 | selection=last | epoch=150 | best_val_epoch=99 | test_MSE=0.371294677 | MAE=0.390081123 | RMSE=0.609339542 | params={'learning_rate': 0.011114778435907155, 'decay_rate': 0.00014654154810429202, 'hidden_size': 64, 'beta1': 0.9, 'beta2': 0.999, 'signal_len': 16, 'cheb_order': 2, 's': 3.759004586330687, 'batch_size': 64, 'k': 6}
Trial 20 finished with value 0.387975684 | dataset=ETTm1_192 | selection=last | epoch=150 | best_val_epoch=128 | test_MSE=0.376203790 | MAE=0.387975684 | RMSE=0.613354539 | params={'learning_rate': 0.012169323657518874, 'decay_rate': 0.022811290147486934, 'hidden_size': 64, 'beta1': 0.95, 'beta2': 0.999, 'signal_len': 32, 'cheb_order': 2, 's': 6.011513917079416, 'batch_size': 64, 'k': 6}
Trial 21 finished with value 0.382511657 | dataset=ETTm1_192 | selection=last | epoch=150 | best_val_epoch=74 | test_MSE=0.369273838 | MAE=0.382511657 | RMSE=0.607679059 | params={'learning_rate': 0.004296643385643455, 'decay_rate': 0.00601514983457109, 'hidden_size': 64, 'beta1': 0.95, 'beta2': 0.999, 'signal_len': 32, 'cheb_order': 2, 's': 3.372960510348545, 'batch_size': 64, 'k': 6}
Trial 22 finished with value 0.382344443 | dataset=ETTm1_192 | selection=last | epoch=150 | best_val_epoch=67 | test_MSE=0.369162556 | MAE=0.382344443 | RMSE=0.607587488 | params={'learning_rate': 0.005685062239545958, 'decay_rate': 0.004880707371838852, 'hidden_size': 64, 'beta1': 0.95, 'beta2': 0.999, 'signal_len': 32, 'cheb_order': 2, 's': 3.316022208106589, 'batch_size': 64, 'k': 6}
Trial 23 finished with value 0.382178162 | dataset=ETTm1_192 | selection=last | epoch=150 | best_val_epoch=67 | test_MSE=0.369043493 | MAE=0.382178162 | RMSE=0.607489500 | params={'learning_rate': 0.005730054832939067, 'decay_rate': 0.003915146792171023, 'hidden_size': 64, 'beta1': 0.95, 'beta2': 0.999, 'signal_len': 32, 'cheb_order': 2, 's': 4.49801861300036, 'batch_size': 64, 'k': 6}
Trial 24 finished with value 0.382598192 | dataset=ETTm1_192 | selection=last | epoch=150 | best_val_epoch=113 | test_MSE=0.368510630 | MAE=0.382598192 | RMSE=0.607050764 | params={'learning_rate': 0.021360712917082792, 'decay_rate': 0.0033549503614582234, 'hidden_size': 64, 'beta1': 0.95, 'beta2': 0.999, 'signal_len': 32, 'cheb_order': 2, 's': 4.4582961995146535, 'batch_size': 64, 'k': 6}
Trial 25 finished with value 0.383787232 | dataset=ETTm1_192 | selection=last | epoch=150 | best_val_epoch=103 | test_MSE=0.370367667 | MAE=0.383787232 | RMSE=0.608578398 | params={'learning_rate': 0.013489577224540188, 'decay_rate': 0.011565466061520127, 'hidden_size': 32, 'beta1': 0.95, 'beta2': 0.999, 'signal_len': 32, 'cheb_order': 2, 's': 4.437384941550461, 'batch_size': 64, 'k': 6}
Trial 26 finished with value 0.388241256 | dataset=ETTm1_192 | selection=last | epoch=150 | best_val_epoch=5 | test_MSE=0.373257912 | MAE=0.388241256 | RMSE=0.610948371 | params={'learning_rate': 0.004587151110540302, 'decay_rate': 0.04327795220626106, 'hidden_size': 64, 'beta1': 0.95, 'beta2': 0.999, 'signal_len': 32, 'cheb_order': 2, 's': 5.701348092625002, 'batch_size': 64, 'k': 6}
Trial 27 finished with value 0.384153073 | dataset=ETTm1_192 | selection=last | epoch=150 | best_val_epoch=98 | test_MSE=0.369917180 | MAE=0.384153073 | RMSE=0.608208172 | params={'learning_rate': 0.013291252245752894, 'decay_rate': 0.014253070603529374, 'hidden_size': 64, 'beta1': 0.95, 'beta2': 0.999, 'signal_len': 64, 'cheb_order': 2, 's': 2.4937222204771743, 'batch_size': 32, 'k': 6}
Trial 28 finished with value 0.384429589 | dataset=ETTm1_192 | selection=last | epoch=150 | best_val_epoch=85 | test_MSE=0.370681922 | MAE=0.384429589 | RMSE=0.608836531 | params={'learning_rate': 0.025274186106219423, 'decay_rate': 0.018644967135050167, 'hidden_size': 64, 'beta1': 0.99, 'beta2': 0.999, 'signal_len': 16, 'cheb_order': 2, 's': 7.307812667656723, 'batch_size': 256, 'k': 6}
Trial 29 finished with value 0.384436506 | dataset=ETTm1_192 | selection=last | epoch=150 | best_val_epoch=96 | test_MSE=0.371619997 | MAE=0.384436506 | RMSE=0.609606428 | params={'learning_rate': 0.02951574120820536, 'decay_rate': 0.010550308966908528, 'hidden_size': 32, 'beta1': 0.9, 'beta2': 0.999, 'signal_len': 64, 'cheb_order': 2, 's': 7.580167830996919, 'batch_size': 64, 'k': 6}
Trial 30 finished with value 0.382146627 | dataset=ETTm1_192 | selection=last | epoch=150 | best_val_epoch=22 | test_MSE=0.369132631 | MAE=0.382146627 | RMSE=0.607562861 | params={'learning_rate': 0.003779342096286091, 'decay_rate': 0.002994659253448533, 'hidden_size': 64, 'beta1': 0.99, 'beta2': 0.999, 'signal_len': 32, 'cheb_order': 2, 's': 5.1714170170364016, 'batch_size': 64, 'k': 6}
Trial 31 finished with value 0.382065351 | dataset=ETTm1_192 | selection=last | epoch=150 | best_val_epoch=3 | test_MSE=0.369039882 | MAE=0.382065351 | RMSE=0.607486528 | params={'learning_rate': 0.0035014310456423737, 'decay_rate': 0.0026861483356836044, 'hidden_size': 64, 'beta1': 0.99, 'beta2': 0.999, 'signal_len': 32, 'cheb_order': 2, 's': 5.14883346226848, 'batch_size': 64, 'k': 6}
Trial 32 finished with value 0.382084188 | dataset=ETTm1_192 | selection=last | epoch=150 | best_val_epoch=6 | test_MSE=0.369043740 | MAE=0.382084188 | RMSE=0.607489704 | params={'learning_rate': 0.00389947780910965, 'decay_rate': 0.003067379931335752, 'hidden_size': 64, 'beta1': 0.99, 'beta2': 0.999, 'signal_len': 32, 'cheb_order': 2, 's': 5.036389749366842, 'batch_size': 64, 'k': 6}
Trial 33 finished with value 0.381932192 | dataset=ETTm1_192 | selection=last | epoch=150 | best_val_epoch=64 | test_MSE=0.368931653 | MAE=0.381932192 | RMSE=0.607397442 | params={'learning_rate': 0.0033077511534280865, 'decay_rate': 0.002298743534333525, 'hidden_size': 64, 'beta1': 0.99, 'beta2': 0.999, 'signal_len': 32, 'cheb_order': 2, 's': 4.968103649727766, 'batch_size': 32, 'k': 6}
Trial 34 finished with value 0.382032745 | dataset=ETTm1_192 | selection=last | epoch=150 | best_val_epoch=22 | test_MSE=0.369021510 | MAE=0.382032745 | RMSE=0.607471407 | params={'learning_rate': 0.004409773385612924, 'decay_rate': 0.0024469059176228576, 'hidden_size': 64, 'beta1': 0.99, 'beta2': 0.999, 'signal_len': 128, 'cheb_order': 2, 's': 5.065204554747033, 'batch_size': 32, 'k': 6}
Trial 35 finished with value 0.381757925 | dataset=ETTm1_192 | selection=last | epoch=150 | best_val_epoch=16 | test_MSE=0.368887728 | MAE=0.381757925 | RMSE=0.607361283 | params={'learning_rate': 0.002818965636840742, 'decay_rate': 0.0009506692980715788, 'hidden_size': 64, 'beta1': 0.99, 'beta2': 0.999, 'signal_len': 128, 'cheb_order': 2, 's': 6.1842262060694075, 'batch_size': 32, 'k': 6}
Trial 36 finished with value 0.438792035 | dataset=ETTm1_192 | selection=last | epoch=150 | best_val_epoch=3 | test_MSE=0.450003483 | MAE=0.438792035 | RMSE=0.670822990 | params={'learning_rate': 0.0019116201853840512, 'decay_rate': 0.0003535360768844966, 'hidden_size': 16, 'beta1': 0.99, 'beta2': 0.999, 'signal_len': 128, 'cheb_order': 2, 's': 6.23987643457733, 'batch_size': 32, 'k': 6}
Trial 37 finished with value 0.386290711 | dataset=ETTm1_192 | selection=last | epoch=150 | best_val_epoch=69 | test_MSE=0.371781554 | MAE=0.386290711 | RMSE=0.609738923 | params={'learning_rate': 0.008323143777719536, 'decay_rate': 0.02997750560362253, 'hidden_size': 32, 'beta1': 0.99, 'beta2': 0.999, 'signal_len': 128, 'cheb_order': 2, 's': 8.19418253991564, 'batch_size': 32, 'k': 6}
Trial 38 finished with value 0.383063592 | dataset=ETTm1_192 | selection=last | epoch=150 | best_val_epoch=34 | test_MSE=0.369679120 | MAE=0.383063592 | RMSE=0.608012434 | params={'learning_rate': 0.002390649285789262, 'decay_rate': 0.008892526327051044, 'hidden_size': 64, 'beta1': 0.99, 'beta2': 0.999, 'signal_len': 128, 'cheb_order': 2, 's': 5.568920948790418, 'batch_size': 32, 'k': 6}
Trial 39 finished with value 0.385633760 | dataset=ETTm1_192 | selection=last | epoch=150 | best_val_epoch=51 | test_MSE=0.371288734 | MAE=0.385633760 | RMSE=0.609334665 | params={'learning_rate': 0.04698051657039729, 'decay_rate': 0.026010867048837587, 'hidden_size': 16, 'beta1': 0.99, 'beta2': 0.999, 'signal_len': 128, 'cheb_order': 2, 's': 6.649911007172392, 'batch_size': 32, 'k': 6}
Trial 40 finished with value 0.387661638 | dataset=ETTm1_192 | selection=last | epoch=150 | best_val_epoch=68 | test_MSE=0.372805107 | MAE=0.387661638 | RMSE=0.610577683 | params={'learning_rate': 0.009677756046856695, 'decay_rate': 0.03955669770026884, 'hidden_size': 64, 'beta1': 0.99, 'beta2': 0.99, 'signal_len': 128, 'cheb_order': 2, 's': 6.1516161123788615, 'batch_size': 32, 'k': 2}
Trial 41 finished with value 0.381754494 | dataset=ETTm1_192 | selection=last | epoch=150 | best_val_epoch=62 | test_MSE=0.368736564 | MAE=0.381754494 | RMSE=0.607236827 | params={'learning_rate': 0.0031335116045781513, 'decay_rate': 0.0023524126696794255, 'hidden_size': 64, 'beta1': 0.99, 'beta2': 0.999, 'signal_len': 128, 'cheb_order': 2, 's': 4.9933251935391, 'batch_size': 32, 'k': 6}
Trial 42 finished with value 0.381708434 | dataset=ETTm1_192 | selection=last | epoch=150 | best_val_epoch=58 | test_MSE=0.368689136 | MAE=0.381708434 | RMSE=0.607197773 | params={'learning_rate': 0.0067504694333468855, 'decay_rate': 0.0020915067866532425, 'hidden_size': 64, 'beta1': 0.99, 'beta2': 0.999, 'signal_len': 128, 'cheb_order': 2, 's': 4.096722137222596, 'batch_size': 32, 'k': 6}
Trial 43 finished with value 0.382912834 | dataset=ETTm1_192 | selection=last | epoch=150 | best_val_epoch=58 | test_MSE=0.369545150 | MAE=0.382912834 | RMSE=0.607902254 | params={'learning_rate': 0.006578412567473988, 'decay_rate': 0.008285785640989706, 'hidden_size': 64, 'beta1': 0.99, 'beta2': 0.999, 'signal_len': 128, 'cheb_order': 2, 's': 4.042799707037968, 'batch_size': 32, 'k': 6}
Trial 44 finished with value 0.452878459 | dataset=ETTm1_192 | selection=last | epoch=150 | best_val_epoch=18 | test_MSE=0.495284034 | MAE=0.452878459 | RMSE=0.703764189 | params={'learning_rate': 0.014286599435556156, 'decay_rate': 0.00014431373839569677, 'hidden_size': 64, 'beta1': 0.99, 'beta2': 0.999, 'signal_len': 128, 'cheb_order': 2, 's': 4.645680098477102, 'batch_size': 32, 'k': 6}
Trial 45 finished with value 0.381791402 | dataset=ETTm1_192 | selection=last | epoch=150 | best_val_epoch=56 | test_MSE=0.368774961 | MAE=0.381791402 | RMSE=0.607268442 | params={'learning_rate': 0.006166590514544559, 'decay_rate': 0.0021456236438743685, 'hidden_size': 16, 'beta1': 0.99, 'beta2': 0.99, 'signal_len': 128, 'cheb_order': 2, 's': 5.475705037887313, 'batch_size': 32, 'k': 6}
Trial 46 finished with value 0.384203031 | dataset=ETTm1_192 | selection=last | epoch=150 | best_val_epoch=76 | test_MSE=0.370401463 | MAE=0.384203031 | RMSE=0.608606164 | params={'learning_rate': 0.01569545953415263, 'decay_rate': 0.01564203366572163, 'hidden_size': 16, 'beta1': 0.99, 'beta2': 0.99, 'signal_len': 128, 'cheb_order': 2, 's': 9.909929611946003, 'batch_size': 32, 'k': 4}
Trial 47 finished with value 0.382774999 | dataset=ETTm1_192 | selection=last | epoch=150 | best_val_epoch=70 | test_MSE=0.369131392 | MAE=0.382774999 | RMSE=0.607561842 | params={'learning_rate': 0.03198988793741271, 'decay_rate': 0.007853877130915964, 'hidden_size': 16, 'beta1': 0.99, 'beta2': 0.99, 'signal_len': 128, 'cheb_order': 2, 's': 5.8598583879657875, 'batch_size': 128, 'k': 6}
Trial 48 finished with value 0.383584515 | dataset=ETTm1_192 | selection=last | epoch=150 | best_val_epoch=64 | test_MSE=0.370144626 | MAE=0.383584515 | RMSE=0.608395123 | params={'learning_rate': 0.02257581202142049, 'decay_rate': 0.01066794450898214, 'hidden_size': 16, 'beta1': 0.99, 'beta2': 0.99, 'signal_len': 128, 'cheb_order': 2, 's': 4.078756292148535, 'batch_size': 32, 'k': 4}
Trial 49 finished with value 0.382764811 | dataset=ETTm1_192 | selection=last | epoch=150 | best_val_epoch=80 | test_MSE=0.369358900 | MAE=0.382764811 | RMSE=0.607749044 | params={'learning_rate': 0.009839101984159253, 'decay_rate': 0.006677916728774765, 'hidden_size': 16, 'beta1': 0.99, 'beta2': 0.99, 'signal_len': 128, 'cheb_order': 2, 's': 7.046657112563517, 'batch_size': 32, 'k': 6}
Trial 50 finished with value 0.389126162 | dataset=ETTm1_192 | selection=last | epoch=150 | best_val_epoch=8 | test_MSE=0.373910275 | MAE=0.389126162 | RMSE=0.611482031 | params={'learning_rate': 0.00020916064102196848, 'decay_rate': 0.049650496545276604, 'hidden_size': 16, 'beta1': 0.99, 'beta2': 0.99, 'signal_len': 128, 'cheb_order': 2, 's': 5.436620948422941, 'batch_size': 32, 'k': 4}
Trial 51 finished with value 0.382103804 | dataset=ETTm1_192 | selection=last | epoch=150 | best_val_epoch=105 | test_MSE=0.369270560 | MAE=0.382103804 | RMSE=0.607676361 | params={'learning_rate': 0.00727818551020899, 'decay_rate': 0.0014856566600715865, 'hidden_size': 32, 'beta1': 0.99, 'beta2': 0.999, 'signal_len': 128, 'cheb_order': 2, 's': 4.806447863934295, 'batch_size': 32, 'k': 6}
Trial 52 finished with value 0.382097050 | dataset=ETTm1_192 | selection=last | epoch=150 | best_val_epoch=3 | test_MSE=0.369073899 | MAE=0.382097050 | RMSE=0.607514525 | params={'learning_rate': 0.0026778354522916524, 'decay_rate': 0.0024258346286981716, 'hidden_size': 64, 'beta1': 0.99, 'beta2': 0.999, 'signal_len': 128, 'cheb_order': 2, 's': 6.485504631012891, 'batch_size': 32, 'k': 6}
Trial 53 finished with value 0.382309943 | dataset=ETTm1_192 | selection=last | epoch=150 | best_val_epoch=11 | test_MSE=0.369189832 | MAE=0.382309943 | RMSE=0.607609934 | params={'learning_rate': 0.00559689127212993, 'decay_rate': 0.004412354720492251, 'hidden_size': 64, 'beta1': 0.99, 'beta2': 0.99, 'signal_len': 128, 'cheb_order': 2, 's': 5.376872339345838, 'batch_size': 32, 'k': 6}
Trial 54 finished with value 0.382658493 | dataset=ETTm1_192 | selection=last | epoch=150 | best_val_epoch=5 | test_MSE=0.369448835 | MAE=0.382658493 | RMSE=0.607823029 | params={'learning_rate': 0.0023107903900171445, 'decay_rate': 0.006455538129518246, 'hidden_size': 64, 'beta1': 0.99, 'beta2': 0.999, 'signal_len': 16, 'cheb_order': 2, 's': 4.082735378928955, 'batch_size': 256, 'k': 6}
