Trial 55 finished with value 0.423364402 | dataset=ETTm1_336 | selection=last | epoch=150 | best_val_epoch=5 | test_MSE=0.444010049 | MAE=0.423364402 | RMSE=0.666340790 | params={'learning_rate': 0.0017707123719418565, 'decay_rate': 0.007940697144878793, 'hidden_size': 64, 'beta1': 0.99, 'beta2': 0.999, 'signal_len': 128, 'cheb_order': 2, 's': 7.686738853052214, 'batch_size': 128, 'k': 4}
Trial 56 finished with value 0.424312932 | dataset=ETTm1_336 | selection=last | epoch=150 | best_val_epoch=7 | test_MSE=0.444656711 | MAE=0.424312932 | RMSE=0.666825848 | params={'learning_rate': 0.011114086060230823, 'decay_rate': 0.012730914246825091, 'hidden_size': 32, 'beta1': 0.99, 'beta2': 0.999, 'signal_len': 128, 'cheb_order': 2, 's': 8.459204009445616, 'batch_size': 64, 'k': 4}
Trial 57 finished with value 0.422686665 | dataset=ETTm1_336 | selection=last | epoch=150 | best_val_epoch=75 | test_MSE=0.443269888 | MAE=0.422686665 | RMSE=0.665785166 | params={'learning_rate': 0.010034019218384444, 'decay_rate': 0.005965629553107562, 'hidden_size': 32, 'beta1': 0.99, 'beta2': 0.99, 'signal_len': 128, 'cheb_order': 2, 's': 8.217027797895865, 'batch_size': 64, 'k': 4}
Trial 58 finished with value 0.436502084 | dataset=ETTm1_336 | selection=last | epoch=150 | best_val_epoch=13 | test_MSE=0.443369037 | MAE=0.436502084 | RMSE=0.665859623 | params={'learning_rate': 0.04622762305360183, 'decay_rate': 0.001973198738258129, 'hidden_size': 16, 'beta1': 0.99, 'beta2': 0.999, 'signal_len': 64, 'cheb_order': 2, 's': 7.0092873679943795, 'batch_size': 512, 'k': 4}
Trial 59 finished with value 0.423403514 | dataset=ETTm1_336 | selection=last | epoch=150 | best_val_epoch=25 | test_MSE=0.444144276 | MAE=0.423403514 | RMSE=0.666441502 | params={'learning_rate': 0.015104645368076765, 'decay_rate': 0.00888956805559892, 'hidden_size': 32, 'beta1': 0.99, 'beta2': 0.99, 'signal_len': 128, 'cheb_order': 3, 's': 9.0596056728803, 'batch_size': 256, 'k': 4}
Trial 60 finished with value 0.470435961 | dataset=ETTm1_336 | selection=last | epoch=150 | best_val_epoch=51 | test_MSE=0.512574855 | MAE=0.470435961 | RMSE=0.715943333 | params={'learning_rate': 0.018175441793879275, 'decay_rate': 0.0032749625716054775, 'hidden_size': 64, 'beta1': 0.99, 'beta2': 0.95, 'signal_len': 128, 'cheb_order': 2, 's': 9.55670312127419, 'batch_size': 64, 'k': 4}
Trial 61 finished with value 0.491330837 | dataset=ETTm1_336 | selection=last | epoch=150 | best_val_epoch=5 | test_MSE=0.546739196 | MAE=0.491330837 | RMSE=0.739418147 | params={'learning_rate': 0.006790774415927546, 'decay_rate': 0.00015733542040611854, 'hidden_size': 32, 'beta1': 0.9, 'beta2': 0.95, 'signal_len': 128, 'cheb_order': 2, 's': 9.587709598508512, 'batch_size': 128, 'k': 4}
Trial 62 finished with value 0.422224652 | dataset=ETTm1_336 | selection=last | epoch=150 | best_val_epoch=2 | test_MSE=0.443327179 | MAE=0.422224652 | RMSE=0.665828190 | params={'learning_rate': 0.004519438482370776, 'decay_rate': 0.0026291666209403808, 'hidden_size': 32, 'beta1': 0.9, 'beta2': 0.95, 'signal_len': 128, 'cheb_order': 2, 's': 8.716534908289542, 'batch_size': 64, 'k': 4}
Trial 63 finished with value 0.426054187 | dataset=ETTm1_336 | selection=last | epoch=150 | best_val_epoch=38 | test_MSE=0.445849135 | MAE=0.426054187 | RMSE=0.667719354 | params={'learning_rate': 0.001811501626048047, 'decay_rate': 0.02169277893181229, 'hidden_size': 32, 'beta1': 0.9, 'beta2': 0.95, 'signal_len': 128, 'cheb_order': 2, 's': 9.251567513913262, 'batch_size': 512, 'k': 4}
Trial 64 finished with value 0.426344136 | dataset=ETTm1_336 | selection=last | epoch=150 | best_val_epoch=122 | test_MSE=0.444719219 | MAE=0.426344136 | RMSE=0.666872716 | params={'learning_rate': 0.006623355892315555, 'decay_rate': 0.006424281257663773, 'hidden_size': 32, 'beta1': 0.9, 'beta2': 0.95, 'signal_len': 32, 'cheb_order': 2, 's': 8.12114822833987, 'batch_size': 32, 'k': 4}
Trial 65 finished with value 0.496874278 | dataset=ETTm1_336 | selection=last | epoch=150 | best_val_epoch=22 | test_MSE=0.558688042 | MAE=0.496874278 | RMSE=0.747454374 | params={'learning_rate': 0.009761070946332398, 'decay_rate': 0.001996657736171927, 'hidden_size': 32, 'beta1': 0.99, 'beta2': 0.95, 'signal_len': 128, 'cheb_order': 2, 's': 7.809196590567386, 'batch_size': 64, 'k': 4}
Trial 66 finished with value 0.422727058 | dataset=ETTm1_336 | selection=last | epoch=150 | best_val_epoch=66 | test_MSE=0.444410396 | MAE=0.422727058 | RMSE=0.666641130 | params={'learning_rate': 0.005245978160810126, 'decay_rate': 0.004744082230164029, 'hidden_size': 32, 'beta1': 0.95, 'beta2': 0.95, 'signal_len': 64, 'cheb_order': 2, 's': 8.872684148256521, 'batch_size': 32, 'k': 4}
Trial 67 finished with value 0.423479267 | dataset=ETTm1_336 | selection=last | epoch=150 | best_val_epoch=75 | test_MSE=0.443676412 | MAE=0.423479267 | RMSE=0.666090393 | params={'learning_rate': 0.008305874701663548, 'decay_rate': 0.008256786376397526, 'hidden_size': 32, 'beta1': 0.9, 'beta2': 0.999, 'signal_len': 128, 'cheb_order': 3, 's': 9.690259698464986, 'batch_size': 256, 'k': 4}
Trial 68 finished with value 0.431112423 | dataset=ETTm1_336 | selection=last | epoch=150 | best_val_epoch=118 | test_MSE=0.448825906 | MAE=0.431112423 | RMSE=0.669944703 | params={'learning_rate': 0.031045190239759456, 'decay_rate': 0.03355059273762945, 'hidden_size': 32, 'beta1': 0.9, 'beta2': 0.95, 'signal_len': 128, 'cheb_order': 2, 's': 5.949367607983728, 'batch_size': 32, 'k': 4}
Trial 69 finished with value 0.424043991 | dataset=ETTm1_336 | selection=last | epoch=150 | best_val_epoch=4 | test_MSE=0.444472545 | MAE=0.424043991 | RMSE=0.666687742 | params={'learning_rate': 0.012604595776811466, 'decay_rate': 0.011177443644643617, 'hidden_size': 32, 'beta1': 0.9, 'beta2': 0.95, 'signal_len': 128, 'cheb_order': 2, 's': 9.311602194614089, 'batch_size': 128, 'k': 2}
Trial 70 finished with value 0.422850926 | dataset=ETTm1_336 | selection=last | epoch=150 | best_val_epoch=24 | test_MSE=0.443627155 | MAE=0.422850926 | RMSE=0.666053417 | params={'learning_rate': 0.001070549558635163, 'decay_rate': 0.005511479619670972, 'hidden_size': 64, 'beta1': 0.99, 'beta2': 0.95, 'signal_len': 32, 'cheb_order': 2, 's': 6.775805820964521, 'batch_size': 32, 'k': 4}
Trial 71 finished with value 0.422327039 | dataset=ETTm1_336 | selection=last | epoch=150 | best_val_epoch=26 | test_MSE=0.443307757 | MAE=0.422327039 | RMSE=0.665813605 | params={'learning_rate': 0.004123310770214831, 'decay_rate': 0.0029028576489909005, 'hidden_size': 32, 'beta1': 0.9, 'beta2': 0.95, 'signal_len': 128, 'cheb_order': 2, 's': 8.637993404670311, 'batch_size': 64, 'k': 4}
Trial 72 finished with value 0.421641782 | dataset=ETTm1_336 | selection=last | epoch=150 | best_val_epoch=38 | test_MSE=0.442909807 | MAE=0.421641782 | RMSE=0.665514693 | params={'learning_rate': 0.0029275963328299504, 'decay_rate': 0.0012101603802619982, 'hidden_size': 32, 'beta1': 0.9, 'beta2': 0.95, 'signal_len': 128, 'cheb_order': 2, 's': 7.601309463828144, 'batch_size': 64, 'k': 4}
Trial 73 finished with value 0.422468783 | dataset=ETTm1_336 | selection=last | epoch=150 | best_val_epoch=79 | test_MSE=0.443005232 | MAE=0.422468783 | RMSE=0.665586382 | params={'learning_rate': 0.002654647913096197, 'decay_rate': 0.0035553857958458062, 'hidden_size': 32, 'beta1': 0.9, 'beta2': 0.95, 'signal_len': 128, 'cheb_order': 2, 's': 6.386984212014962, 'batch_size': 64, 'k': 4}
Trial 74 finished with value 0.421650512 | dataset=ETTm1_336 | selection=last | epoch=150 | best_val_epoch=12 | test_MSE=0.442983752 | MAE=0.421650512 | RMSE=0.665570246 | params={'learning_rate': 0.006307551126387804, 'decay_rate': 0.00107929429819886, 'hidden_size': 32, 'beta1': 0.9, 'beta2': 0.95, 'signal_len': 128, 'cheb_order': 2, 's': 8.273353347200311, 'batch_size': 64, 'k': 4}
Trial 75 finished with value 0.421521113 | dataset=ETTm1_336 | selection=last | epoch=150 | best_val_epoch=78 | test_MSE=0.442410192 | MAE=0.421521113 | RMSE=0.665139228 | params={'learning_rate': 0.002778527548701149, 'decay_rate': 0.001112181295150152, 'hidden_size': 32, 'beta1': 0.9, 'beta2': 0.95, 'signal_len': 128, 'cheb_order': 2, 's': 7.5945214390023805, 'batch_size': 64, 'k': 4}
Trial 76 finished with value 0.499382603 | dataset=ETTm1_336 | selection=last | epoch=150 | best_val_epoch=2 | test_MSE=0.541364863 | MAE=0.499382603 | RMSE=0.735775008 | params={'learning_rate': 0.0005227203998422101, 'decay_rate': 0.0006250878760358509, 'hidden_size': 32, 'beta1': 0.9, 'beta2': 0.95, 'signal_len': 128, 'cheb_order': 2, 's': 7.652025525137992, 'batch_size': 64, 'k': 4}
Trial 77 finished with value 0.422851298 | dataset=ETTm1_336 | selection=last | epoch=150 | best_val_epoch=44 | test_MSE=0.443688851 | MAE=0.422851298 | RMSE=0.666099730 | params={'learning_rate': 0.0031303651363669763, 'decay_rate': 0.004962693158341111, 'hidden_size': 16, 'beta1': 0.9, 'beta2': 0.95, 'signal_len': 64, 'cheb_order': 3, 's': 8.308356381657036, 'batch_size': 64, 'k': 4}
Trial 78 finished with value 0.472581239 | dataset=ETTm1_336 | selection=last | epoch=150 | best_val_epoch=41 | test_MSE=0.511904989 | MAE=0.472581239 | RMSE=0.715475359 | params={'learning_rate': 0.007397161988845592, 'decay_rate': 0.0008366607907104588, 'hidden_size': 32, 'beta1': 0.9, 'beta2': 0.95, 'signal_len': 128, 'cheb_order': 2, 's': 8.096049610176065, 'batch_size': 64, 'k': 4}
Trial 79 finished with value 0.422277309 | dataset=ETTm1_336 | selection=last | epoch=150 | best_val_epoch=64 | test_MSE=0.442725997 | MAE=0.422277309 | RMSE=0.665376583 | params={'learning_rate': 0.0056609867117373616, 'decay_rate': 0.0035497167292796866, 'hidden_size': 32, 'beta1': 0.9, 'beta2': 0.95, 'signal_len': 128, 'cheb_order': 2, 's': 8.42875858111296, 'batch_size': 64, 'k': 4}
Trial 80 finished with value 0.423190954 | dataset=ETTm1_336 | selection=last | epoch=150 | best_val_epoch=36 | test_MSE=0.443611563 | MAE=0.423190954 | RMSE=0.666041713 | params={'learning_rate': 0.01117227641389221, 'decay_rate': 0.007212023559632688, 'hidden_size': 32, 'beta1': 0.9, 'beta2': 0.95, 'signal_len': 128, 'cheb_order': 2, 's': 7.549221578959134, 'batch_size': 64, 'k': 4}
Trial 81 finished with value 0.421835141 | dataset=ETTm1_336 | selection=last | epoch=150 | best_val_epoch=17 | test_MSE=0.443144504 | MAE=0.421835141 | RMSE=0.665690997 | params={'learning_rate': 0.0037725463872177035, 'decay_rate': 0.001371881762179613, 'hidden_size': 32, 'beta1': 0.9, 'beta2': 0.95, 'signal_len': 128, 'cheb_order': 2, 's': 6.953440676939129, 'batch_size': 64, 'k': 4}
Trial 82 finished with value 0.473846367 | dataset=ETTm1_336 | selection=last | epoch=150 | best_val_epoch=6 | test_MSE=0.501930787 | MAE=0.473846367 | RMSE=0.708470738 | params={'learning_rate': 0.00010945078658198062, 'decay_rate': 0.0014745474023022866, 'hidden_size': 32, 'beta1': 0.9, 'beta2': 0.95, 'signal_len': 128, 'cheb_order': 2, 's': 7.252232329436255, 'batch_size': 64, 'k': 4}
Trial 83 finished with value 0.506234062 | dataset=ETTm1_336 | selection=last | epoch=150 | best_val_epoch=4 | test_MSE=0.570441640 | MAE=0.506234062 | RMSE=0.755275870 | params={'learning_rate': 0.002399714080455957, 'decay_rate': 7.289898783516009e-05, 'hidden_size': 32, 'beta1': 0.9, 'beta2': 0.95, 'signal_len': 128, 'cheb_order': 2, 's': 7.9342521729882955, 'batch_size': 64, 'k': 4}
Trial 84 finished with value 0.422564851 | dataset=ETTm1_336 | selection=last | epoch=150 | best_val_epoch=73 | test_MSE=0.443001291 | MAE=0.422564851 | RMSE=0.665583421 | params={'learning_rate': 0.003775244831347275, 'decay_rate': 0.004225520379635144, 'hidden_size': 32, 'beta1': 0.9, 'beta2': 0.95, 'signal_len': 128, 'cheb_order': 2, 's': 8.916507826878753, 'batch_size': 64, 'k': 4}
Trial 85 finished with value 0.422917308 | dataset=ETTm1_336 | selection=last | epoch=150 | best_val_epoch=57 | test_MSE=0.442635206 | MAE=0.422917308 | RMSE=0.665308354 | params={'learning_rate': 0.02424462818828561, 'decay_rate': 0.005347646418018112, 'hidden_size': 32, 'beta1': 0.9, 'beta2': 0.95, 'signal_len': 32, 'cheb_order': 2, 's': 7.761911649308542, 'batch_size': 512, 'k': 4}
Trial 86 finished with value 0.421409948 | dataset=ETTm1_336 | selection=last | epoch=150 | best_val_epoch=80 | test_MSE=0.442614446 | MAE=0.421409948 | RMSE=0.665292752 | params={'learning_rate': 0.005883904434043439, 'decay_rate': 0.0011630196424695627, 'hidden_size': 32, 'beta1': 0.95, 'beta2': 0.95, 'signal_len': 128, 'cheb_order': 2, 's': 3.629262962294895, 'batch_size': 64, 'k': 4}
Trial 87 finished with value 0.421631452 | dataset=ETTm1_336 | selection=last | epoch=150 | best_val_epoch=26 | test_MSE=0.442700071 | MAE=0.421631452 | RMSE=0.665357101 | params={'learning_rate': 0.008676329792189375, 'decay_rate': 0.0013392060160229194, 'hidden_size': 32, 'beta1': 0.95, 'beta2': 0.95, 'signal_len': 128, 'cheb_order': 2, 's': 3.4485067690327815, 'batch_size': 64, 'k': 4}
Trial 88 finished with value 0.427316217 | dataset=ETTm1_336 | selection=last | epoch=150 | best_val_epoch=81 | test_MSE=0.446425110 | MAE=0.427316217 | RMSE=0.668150514 | params={'learning_rate': 0.009372602162293507, 'decay_rate': 0.02896827788228051, 'hidden_size': 32, 'beta1': 0.95, 'beta2': 0.99, 'signal_len': 128, 'cheb_order': 2, 's': 3.673786574463757, 'batch_size': 64, 'k': 4}
Trial 89 finished with value 0.422533261 | dataset=ETTm1_336 | selection=last | epoch=150 | best_val_epoch=4 | test_MSE=0.443481738 | MAE=0.422533261 | RMSE=0.665944245 | params={'learning_rate': 0.0060411952641048865, 'decay_rate': 0.004233137084485892, 'hidden_size': 32, 'beta1': 0.95, 'beta2': 0.95, 'signal_len': 128, 'cheb_order': 2, 's': 3.1669969535766356, 'batch_size': 64, 'k': 4}
Trial 90 finished with value 0.430157008 | dataset=ETTm1_336 | selection=last | epoch=150 | best_val_epoch=81 | test_MSE=0.448760389 | MAE=0.430157008 | RMSE=0.669895805 | params={'learning_rate': 0.008068961133284888, 'decay_rate': 0.049541450868810594, 'hidden_size': 64, 'beta1': 0.95, 'beta2': 0.95, 'signal_len': 128, 'cheb_order': 3, 's': 2.148022715240268, 'batch_size': 64, 'k': 4}
Trial 91 finished with value 0.421246928 | dataset=ETTm1_336 | selection=last | epoch=150 | best_val_epoch=80 | test_MSE=0.442405529 | MAE=0.421246928 | RMSE=0.665135722 | params={'learning_rate': 0.007355678166177653, 'decay_rate': 0.001077990635256916, 'hidden_size': 32, 'beta1': 0.95, 'beta2': 0.95, 'signal_len': 128, 'cheb_order': 2, 's': 3.89661280758592, 'batch_size': 64, 'k': 4}
Trial 92 finished with value 0.422195438 | dataset=ETTm1_336 | selection=last | epoch=150 | best_val_epoch=17 | test_MSE=0.443297266 | MAE=0.422195438 | RMSE=0.665805727 | params={'learning_rate': 0.0072107477928032085, 'decay_rate': 0.0029830096612607822, 'hidden_size': 32, 'beta1': 0.95, 'beta2': 0.95, 'signal_len': 128, 'cheb_order': 2, 's': 4.191678976244821, 'batch_size': 64, 'k': 4}
Trial 93 finished with value 0.421383268 | dataset=ETTm1_336 | selection=last | epoch=150 | best_val_epoch=80 | test_MSE=0.442365169 | MAE=0.421383268 | RMSE=0.665105382 | params={'learning_rate': 0.010487209374751932, 'decay_rate': 0.001483183365147189, 'hidden_size': 32, 'beta1': 0.95, 'beta2': 0.95, 'signal_len': 128, 'cheb_order': 2, 's': 2.9236796922943666, 'batch_size': 64, 'k': 4}
Trial 94 finished with value 0.499038438 | dataset=ETTm1_336 | selection=last | epoch=150 | best_val_epoch=12 | test_MSE=0.549142919 | MAE=0.499038438 | RMSE=0.741041779 | params={'learning_rate': 0.013564077689796625, 'decay_rate': 0.0008645601136048531, 'hidden_size': 32, 'beta1': 0.95, 'beta2': 0.95, 'signal_len': 128, 'cheb_order': 2, 's': 3.134236741926178, 'batch_size': 64, 'k': 4}
Trial 95 finished with value 0.422136791 | dataset=ETTm1_336 | selection=last | epoch=150 | best_val_epoch=81 | test_MSE=0.442772982 | MAE=0.422136791 | RMSE=0.665411889 | params={'learning_rate': 0.01068316621237628, 'decay_rate': 0.0034484856550919575, 'hidden_size': 32, 'beta1': 0.95, 'beta2': 0.95, 'signal_len': 128, 'cheb_order': 2, 's': 4.2491727137284965, 'batch_size': 64, 'k': 4}
Trial 96 finished with value 0.428721642 | dataset=ETTm1_336 | selection=last | epoch=150 | best_val_epoch=44 | test_MSE=0.447651430 | MAE=0.428721642 | RMSE=0.669067583 | params={'learning_rate': 0.009307533473335829, 'decay_rate': 0.03848477959217801, 'hidden_size': 16, 'beta1': 0.95, 'beta2': 0.95, 'signal_len': 128, 'cheb_order': 2, 's': 2.303891622254062, 'batch_size': 64, 'k': 4}
Trial 97 finished with value 0.422810122 | dataset=ETTm1_336 | selection=last | epoch=150 | best_val_epoch=28 | test_MSE=0.443742668 | MAE=0.422810122 | RMSE=0.666140127 | params={'learning_rate': 0.012018241553086173, 'decay_rate': 0.0057543382442906575, 'hidden_size': 32, 'beta1': 0.95, 'beta2': 0.95, 'signal_len': 64, 'cheb_order': 2, 's': 2.814441394862807, 'batch_size': 256, 'k': 4}
Trial 98 finished with value 0.421709147 | dataset=ETTm1_336 | selection=last | epoch=150 | best_val_epoch=25 | test_MSE=0.442991835 | MAE=0.421709147 | RMSE=0.665576318 | params={'learning_rate': 0.0055195778972175445, 'decay_rate': 0.0013156918753779497, 'hidden_size': 32, 'beta1': 0.95, 'beta2': 0.95, 'signal_len': 128, 'cheb_order': 2, 's': 3.8624178883324256, 'batch_size': 64, 'k': 4}
Trial 99 finished with value 0.503751776 | dataset=ETTm1_336 | selection=last | epoch=150 | best_val_epoch=56 | test_MSE=0.551269070 | MAE=0.503751776 | RMSE=0.742474963 | params={'learning_rate': 0.03738243275592737, 'decay_rate': 9.73560661328718e-05, 'hidden_size': 32, 'beta1': 0.95, 'beta2': 0.95, 'signal_len': 128, 'cheb_order': 2, 's': 3.4998220890050793, 'batch_size': 64, 'k': 4}
Trial 100 finished with value 0.421738731 | dataset=ETTm1_336 | selection=last | epoch=150 | best_val_epoch=25 | test_MSE=0.443024177 | MAE=0.421738731 | RMSE=0.665600614 | params={'learning_rate': 0.005334875050871563, 'decay_rate': 0.0012950034386100613, 'hidden_size': 32, 'beta1': 0.95, 'beta2': 0.95, 'signal_len': 128, 'cheb_order': 2, 's': 4.942357508933192, 'batch_size': 64, 'k': 4}
Trial 101 finished with value 0.421757477 | dataset=ETTm1_336 | selection=last | epoch=150 | best_val_epoch=80 | test_MSE=0.442591045 | MAE=0.421757477 | RMSE=0.665275165 | params={'learning_rate': 0.008840514126853627, 'decay_rate': 0.0029038621858572845, 'hidden_size': 32, 'beta1': 0.95, 'beta2': 0.95, 'signal_len': 128, 'cheb_order': 2, 's': 4.002089815498686, 'batch_size': 64, 'k': 4}
Trial 102 finished with value 0.421378465 | dataset=ETTm1_336 | selection=last | epoch=150 | best_val_epoch=80 | test_MSE=0.442565019 | MAE=0.421378465 | RMSE=0.665255604 | params={'learning_rate': 0.006389519401217038, 'decay_rate': 0.001148524773530416, 'hidden_size': 32, 'beta1': 0.95, 'beta2': 0.95, 'signal_len': 128, 'cheb_order': 2, 's': 1.7956475922025268, 'batch_size': 64, 'k': 4}
Trial 103 finished with value 0.421643260 | dataset=ETTm1_336 | selection=last | epoch=150 | best_val_epoch=6 | test_MSE=0.442956954 | MAE=0.421643260 | RMSE=0.665550114 | params={'learning_rate': 0.0060825281566607575, 'decay_rate': 0.0011290341944402468, 'hidden_size': 32, 'beta1': 0.95, 'beta2': 0.95, 'signal_len': 128, 'cheb_order': 2, 's': 3.81519755139105, 'batch_size': 64, 'k': 4}
Trial 104 finished with value 0.422161866 | dataset=ETTm1_336 | selection=last | epoch=150 | best_val_epoch=80 | test_MSE=0.442961778 | MAE=0.422161866 | RMSE=0.665553738 | params={'learning_rate': 0.006421959666438112, 'decay_rate': 0.004082647452109695, 'hidden_size': 32, 'beta1': 0.95, 'beta2': 0.95, 'signal_len': 128, 'cheb_order': 2, 's': 4.630816604785579, 'batch_size': 64, 'k': 4}
Trial 105 finished with value 0.426777994 | dataset=ETTm1_336 | selection=last | epoch=150 | best_val_epoch=52 | test_MSE=0.446274864 | MAE=0.426777994 | RMSE=0.668038071 | params={'learning_rate': 0.01021360167753092, 'decay_rate': 0.025625880882277123, 'hidden_size': 32, 'beta1': 0.95, 'beta2': 0.99, 'signal_len': 16, 'cheb_order': 2, 's': 3.177134910714304, 'batch_size': 64, 'k': 4}
Trial 106 finished with value 0.421097151 | dataset=ETTm1_336 | selection=last | epoch=150 | best_val_epoch=80 | test_MSE=0.442229722 | MAE=0.421097151 | RMSE=0.665003550 | params={'learning_rate': 0.008359119984344084, 'decay_rate': 0.0010241645608315099, 'hidden_size': 32, 'beta1': 0.95, 'beta2': 0.95, 'signal_len': 128, 'cheb_order': 2, 's': 1.2234485984395387, 'batch_size': 64, 'k': 4}
Trial 107 finished with value 0.421614768 | dataset=ETTm1_336 | selection=last | epoch=150 | best_val_epoch=44 | test_MSE=0.442696245 | MAE=0.421614768 | RMSE=0.665354225 | params={'learning_rate': 0.008291865199731468, 'decay_rate': 0.0012930514149827456, 'hidden_size': 32, 'beta1': 0.95, 'beta2': 0.95, 'signal_len': 128, 'cheb_order': 2, 's': 1.7802825701266551, 'batch_size': 64, 'k': 4}
Trial 108 finished with value 0.423052511 | dataset=ETTm1_336 | selection=last | epoch=150 | best_val_epoch=46 | test_MSE=0.443810282 | MAE=0.423052511 | RMSE=0.666190875 | params={'learning_rate': 0.00809009344911143, 'decay_rate': 0.006855838907830699, 'hidden_size': 32, 'beta1': 0.95, 'beta2': 0.95, 'signal_len': 128, 'cheb_order': 2, 's': 1.5442066229980265, 'batch_size': 64, 'k': 4}
Trial 109 finished with value 0.422721589 | dataset=ETTm1_336 | selection=last | epoch=150 | best_val_epoch=83 | test_MSE=0.443178438 | MAE=0.422721589 | RMSE=0.665716484 | params={'learning_rate': 0.01478539022168503, 'decay_rate': 0.0052278344042891185, 'hidden_size': 32, 'beta1': 0.95, 'beta2': 0.95, 'signal_len': 128, 'cheb_order': 2, 's': 1.6515610954019753, 'batch_size': 64, 'k': 4}
Trial 110 finished with value 0.421993464 | dataset=ETTm1_336 | selection=last | epoch=150 | best_val_epoch=80 | test_MSE=0.443014756 | MAE=0.421993464 | RMSE=0.665593537 | params={'learning_rate': 0.004635968586166464, 'decay_rate': 0.0025901469750847375, 'hidden_size': 32, 'beta1': 0.95, 'beta2': 0.95, 'signal_len': 128, 'cheb_order': 3, 's': 1.7822709790255686, 'batch_size': 64, 'k': 4}
