Trial 55 finished with value 0.479870690 | dataset=ETTm1_720 | selection=last | epoch=150 | best_val_epoch=114 | test_MSE=0.508680743 | MAE=0.479870690 | RMSE=0.713218580 | params={'learning_rate': 0.015253333851819994, 'decay_rate': 0.0018218802493627532, 'hidden_size': 32, 'beta1': 0.9, 'beta2': 0.999, 'signal_len': 32, 'cheb_order': 2, 's': 3.582807122548501, 'batch_size': 256, 'k': 4}
Trial 56 finished with value 0.471009355 | dataset=ETTm1_720 | selection=last | epoch=150 | best_val_epoch=52 | test_MSE=0.523337066 | MAE=0.471009355 | RMSE=0.723420394 | params={'learning_rate': 0.00842071836615715, 'decay_rate': 0.008217985779550997, 'hidden_size': 32, 'beta1': 0.9, 'beta2': 0.999, 'signal_len': 16, 'cheb_order': 2, 's': 1.1047503761285964, 'batch_size': 128, 'k': 2}
Trial 57 finished with value 0.470221045 | dataset=ETTm1_720 | selection=last | epoch=150 | best_val_epoch=63 | test_MSE=0.522775788 | MAE=0.470221045 | RMSE=0.723032356 | params={'learning_rate': 0.0021713504496623363, 'decay_rate': 0.006481204778021369, 'hidden_size': 32, 'beta1': 0.9, 'beta2': 0.95, 'signal_len': 16, 'cheb_order': 2, 's': 2.5102160336706274, 'batch_size': 32, 'k': 4}
Trial 58 finished with value 0.480927506 | dataset=ETTm1_720 | selection=last | epoch=150 | best_val_epoch=48 | test_MSE=0.532307735 | MAE=0.480927506 | RMSE=0.729594227 | params={'learning_rate': 0.0020995670424577965, 'decay_rate': 0.006532378457942677, 'hidden_size': 16, 'beta1': 0.95, 'beta2': 0.95, 'signal_len': 16, 'cheb_order': 2, 's': 2.211707247623358, 'batch_size': 32, 'k': 4}
Trial 59 finished with value 0.474943157 | dataset=ETTm1_720 | selection=last | epoch=150 | best_val_epoch=5 | test_MSE=0.526575637 | MAE=0.474943157 | RMSE=0.725655316 | params={'learning_rate': 0.0056479647872841095, 'decay_rate': 0.0391767882988406, 'hidden_size': 32, 'beta1': 0.9, 'beta2': 0.95, 'signal_len': 128, 'cheb_order': 3, 's': 1.6576216166691016, 'batch_size': 512, 'k': 4}
Trial 60 finished with value 0.471236326 | dataset=ETTm1_720 | selection=last | epoch=150 | best_val_epoch=32 | test_MSE=0.523468915 | MAE=0.471236326 | RMSE=0.723511517 | params={'learning_rate': 0.001600447871290384, 'decay_rate': 0.011733596455643949, 'hidden_size': 32, 'beta1': 0.99, 'beta2': 0.95, 'signal_len': 32, 'cheb_order': 2, 's': 4.683621344251996, 'batch_size': 32, 'k': 4}
Trial 61 finished with value 0.480330552 | dataset=ETTm1_720 | selection=last | epoch=150 | best_val_epoch=24 | test_MSE=0.527704005 | MAE=0.480330552 | RMSE=0.726432381 | params={'learning_rate': 1.7832096373649256e-05, 'decay_rate': 0.0038293917064558514, 'hidden_size': 32, 'beta1': 0.9, 'beta2': 0.95, 'signal_len': 16, 'cheb_order': 2, 's': 2.614024586843936, 'batch_size': 32, 'k': 4}
Trial 62 finished with value 0.484585920 | dataset=ETTm1_720 | selection=last | epoch=150 | best_val_epoch=131 | test_MSE=0.520061342 | MAE=0.484585920 | RMSE=0.721152787 | params={'learning_rate': 0.004786638178799388, 'decay_rate': 0.0005081810009426977, 'hidden_size': 32, 'beta1': 0.9, 'beta2': 0.99, 'signal_len': 16, 'cheb_order': 2, 's': 2.8828578371810356, 'batch_size': 32, 'k': 4}
Trial 63 finished with value 0.475829240 | dataset=ETTm1_720 | selection=last | epoch=150 | best_val_epoch=121 | test_MSE=0.527181527 | MAE=0.475829240 | RMSE=0.726072673 | params={'learning_rate': 0.0069746730700659745, 'decay_rate': 0.00902296876589056, 'hidden_size': 32, 'beta1': 0.9, 'beta2': 0.999, 'signal_len': 16, 'cheb_order': 2, 's': 3.382992823910884, 'batch_size': 32, 'k': 4}
Trial 64 finished with value 0.470947180 | dataset=ETTm1_720 | selection=last | epoch=150 | best_val_epoch=88 | test_MSE=0.522846854 | MAE=0.470947180 | RMSE=0.723081499 | params={'learning_rate': 0.010290582296626018, 'decay_rate': 0.005952273523779823, 'hidden_size': 32, 'beta1': 0.9, 'beta2': 0.95, 'signal_len': 16, 'cheb_order': 2, 's': 2.4063971977661804, 'batch_size': 32, 'k': 4}
Trial 65 finished with value 0.479197667 | dataset=ETTm1_720 | selection=last | epoch=150 | best_val_epoch=14 | test_MSE=0.517973352 | MAE=0.479197667 | RMSE=0.719703656 | params={'learning_rate': 0.044961765575177934, 'decay_rate': 0.0021588237300770256, 'hidden_size': 32, 'beta1': 0.9, 'beta2': 0.999, 'signal_len': 16, 'cheb_order': 2, 's': 2.9766371334077477, 'batch_size': 256, 'k': 4}
