Trial 56 finished with value 0.358717066 | dataset=ETTm1_96 | selection=last | epoch=150 | best_val_epoch=79 | test_MSE=0.326366968 | MAE=0.358717066 | RMSE=0.571285365 | params={'learning_rate': 0.02445928200449238, 'decay_rate': 0.0018637171194047571, 'hidden_size': 64, 'beta1': 0.95, 'beta2': 0.99, 'signal_len': 16, 'cheb_order': 2, 's': 9.93091138871119, 'batch_size': 32, 'k': 2}
Trial 57 finished with value 0.358770921 | dataset=ETTm1_96 | selection=last | epoch=150 | best_val_epoch=79 | test_MSE=0.326623632 | MAE=0.358770921 | RMSE=0.571509958 | params={'learning_rate': 0.03077630657111848, 'decay_rate': 0.0018921398791716844, 'hidden_size': 64, 'beta1': 0.95, 'beta2': 0.99, 'signal_len': 16, 'cheb_order': 2, 's': 9.94751834397906, 'batch_size': 32, 'k': 2}
Trial 58 finished with value 0.360053912 | dataset=ETTm1_96 | selection=last | epoch=150 | best_val_epoch=79 | test_MSE=0.327839748 | MAE=0.360053912 | RMSE=0.572572920 | params={'learning_rate': 0.02718623797765805, 'decay_rate': 0.008106748652996505, 'hidden_size': 64, 'beta1': 0.95, 'beta2': 0.99, 'signal_len': 16, 'cheb_order': 2, 's': 9.919694965465968, 'batch_size': 32, 'k': 2}
Trial 59 finished with value 0.359545125 | dataset=ETTm1_96 | selection=last | epoch=150 | best_val_epoch=79 | test_MSE=0.327221573 | MAE=0.359545125 | RMSE=0.572032843 | params={'learning_rate': 0.023739074264816126, 'decay_rate': 0.005508681427821181, 'hidden_size': 64, 'beta1': 0.95, 'beta2': 0.99, 'signal_len': 16, 'cheb_order': 2, 's': 9.992773461688586, 'batch_size': 32, 'k': 2}
Trial 60 finished with value 0.358557419 | dataset=ETTm1_96 | selection=last | epoch=150 | best_val_epoch=70 | test_MSE=0.326202645 | MAE=0.358557419 | RMSE=0.571141528 | params={'learning_rate': 0.024364470371353482, 'decay_rate': 0.0015292520251224595, 'hidden_size': 64, 'beta1': 0.95, 'beta2': 0.99, 'signal_len': 16, 'cheb_order': 2, 's': 3.650372964690809, 'batch_size': 32, 'k': 2}
Trial 61 finished with value 0.360540084 | dataset=ETTm1_96 | selection=last | epoch=150 | best_val_epoch=47 | test_MSE=0.327562616 | MAE=0.360540084 | RMSE=0.572330862 | params={'learning_rate': 0.01737367678824798, 'decay_rate': 0.011077515902348822, 'hidden_size': 64, 'beta1': 0.95, 'beta2': 0.99, 'signal_len': 16, 'cheb_order': 2, 's': 3.3670434631697317, 'batch_size': 32, 'k': 2}
Trial 62 finished with value 0.366375571 | dataset=ETTm1_96 | selection=last | epoch=150 | best_val_epoch=114 | test_MSE=0.339536760 | MAE=0.366375571 | RMSE=0.582697829 | params={'learning_rate': 0.034700935005429256, 'decay_rate': 1.5846238420099117e-05, 'hidden_size': 64, 'beta1': 0.9, 'beta2': 0.99, 'signal_len': 16, 'cheb_order': 2, 's': 2.1060112494626666, 'batch_size': 256, 'k': 6}
Trial 63 finished with value 0.359625543 | dataset=ETTm1_96 | selection=last | epoch=150 | best_val_epoch=91 | test_MSE=0.327874288 | MAE=0.359625543 | RMSE=0.572603081 | params={'learning_rate': 0.024298074199149033, 'decay_rate': 0.004811016766029424, 'hidden_size': 32, 'beta1': 0.99, 'beta2': 0.99, 'signal_len': 16, 'cheb_order': 2, 's': 4.439314534530216, 'batch_size': 32, 'k': 2}
Trial 64 finished with value 0.358743528 | dataset=ETTm1_96 | selection=last | epoch=150 | best_val_epoch=79 | test_MSE=0.326260604 | MAE=0.358743528 | RMSE=0.571192266 | params={'learning_rate': 0.02064170936143727, 'decay_rate': 0.002084430634975763, 'hidden_size': 64, 'beta1': 0.95, 'beta2': 0.99, 'signal_len': 16, 'cheb_order': 2, 's': 5.197197589541162, 'batch_size': 32, 'k': 2}
Trial 65 finished with value 0.358415216 | dataset=ETTm1_96 | selection=last | epoch=150 | best_val_epoch=79 | test_MSE=0.325864369 | MAE=0.358415216 | RMSE=0.570845311 | params={'learning_rate': 0.02002397511616144, 'decay_rate': 0.0012449603223660191, 'hidden_size': 64, 'beta1': 0.95, 'beta2': 0.99, 'signal_len': 16, 'cheb_order': 2, 's': 5.2173777192042525, 'batch_size': 32, 'k': 2}
Trial 66 finished with value 0.359708478 | dataset=ETTm1_96 | selection=last | epoch=150 | best_val_epoch=47 | test_MSE=0.326739461 | MAE=0.359708478 | RMSE=0.571611285 | params={'learning_rate': 0.019040490473257156, 'decay_rate': 0.006340619336648032, 'hidden_size': 64, 'beta1': 0.95, 'beta2': 0.99, 'signal_len': 16, 'cheb_order': 2, 's': 5.184625205673791, 'batch_size': 32, 'k': 2}
Trial 67 finished with value 0.358602566 | dataset=ETTm1_96 | selection=last | epoch=150 | best_val_epoch=87 | test_MSE=0.326124411 | MAE=0.358602566 | RMSE=0.571073035 | params={'learning_rate': 0.020888715589524265, 'decay_rate': 0.0013876004933647628, 'hidden_size': 64, 'beta1': 0.95, 'beta2': 0.99, 'signal_len': 16, 'cheb_order': 2, 's': 3.7141078644229237, 'batch_size': 32, 'k': 2}
Trial 68 finished with value 0.358329968 | dataset=ETTm1_96 | selection=last | epoch=150 | best_val_epoch=9 | test_MSE=0.325407902 | MAE=0.358329968 | RMSE=0.570445354 | params={'learning_rate': 0.01413718823403785, 'decay_rate': 0.0011206947308018537, 'hidden_size': 64, 'beta1': 0.95, 'beta2': 0.99, 'signal_len': 32, 'cheb_order': 2, 's': 3.8816603511573335, 'batch_size': 128, 'k': 2}
Trial 69 finished with value 0.359219046 | dataset=ETTm1_96 | selection=last | epoch=150 | best_val_epoch=44 | test_MSE=0.326041596 | MAE=0.359219046 | RMSE=0.571000522 | params={'learning_rate': 0.014002381097118176, 'decay_rate': 0.004253550302401354, 'hidden_size': 64, 'beta1': 0.95, 'beta2': 0.99, 'signal_len': 32, 'cheb_order': 2, 's': 3.9228232923777675, 'batch_size': 128, 'k': 2}
Trial 70 finished with value 0.371914743 | dataset=ETTm1_96 | selection=last | epoch=150 | best_val_epoch=10 | test_MSE=0.330694062 | MAE=0.371914743 | RMSE=0.575060051 | params={'learning_rate': 0.004675485032436966, 'decay_rate': 0.0011111073136924447, 'hidden_size': 64, 'beta1': 0.95, 'beta2': 0.99, 'signal_len': 32, 'cheb_order': 2, 's': 3.7983829556359545, 'batch_size': 128, 'k': 2}
Trial 71 finished with value 0.365631202 | dataset=ETTm1_96 | selection=last | epoch=150 | best_val_epoch=10 | test_MSE=0.332149726 | MAE=0.365631202 | RMSE=0.576324323 | params={'learning_rate': 0.015104645368076765, 'decay_rate': 0.0391767882988406, 'hidden_size': 64, 'beta1': 0.95, 'beta2': 0.99, 'signal_len': 32, 'cheb_order': 2, 's': 2.841864243021038, 'batch_size': 128, 'k': 2}
Trial 72 finished with value 0.359955021 | dataset=ETTm1_96 | selection=last | epoch=150 | best_val_epoch=10 | test_MSE=0.326943623 | MAE=0.359955021 | RMSE=0.571789841 | params={'learning_rate': 0.006684978590361209, 'decay_rate': 0.008389958625415996, 'hidden_size': 64, 'beta1': 0.95, 'beta2': 0.99, 'signal_len': 32, 'cheb_order': 2, 's': 4.088190972305714, 'batch_size': 128, 'k': 2}
Trial 73 finished with value 0.363570878 | dataset=ETTm1_96 | selection=last | epoch=150 | best_val_epoch=77 | test_MSE=0.330286284 | MAE=0.363570878 | RMSE=0.574705388 | params={'learning_rate': 0.021739516899515483, 'decay_rate': 0.02802268099765489, 'hidden_size': 64, 'beta1': 0.95, 'beta2': 0.99, 'signal_len': 128, 'cheb_order': 2, 's': 4.818327506598073, 'batch_size': 512, 'k': 4}
Trial 74 finished with value 0.358406201 | dataset=ETTm1_96 | selection=last | epoch=150 | best_val_epoch=79 | test_MSE=0.325836294 | MAE=0.358406201 | RMSE=0.570820719 | params={'learning_rate': 0.018824924289927995, 'decay_rate': 0.0012655351794589648, 'hidden_size': 64, 'beta1': 0.95, 'beta2': 0.99, 'signal_len': 16, 'cheb_order': 2, 's': 5.374577868789203, 'batch_size': 32, 'k': 2}
Trial 75 finished with value 0.359492307 | dataset=ETTm1_96 | selection=last | epoch=150 | best_val_epoch=120 | test_MSE=0.326996724 | MAE=0.359492307 | RMSE=0.571836274 | params={'learning_rate': 0.017653297809746612, 'decay_rate': 0.004360308783718124, 'hidden_size': 64, 'beta1': 0.95, 'beta2': 0.99, 'signal_len': 16, 'cheb_order': 2, 's': 2.8762182045737092, 'batch_size': 256, 'k': 2}
Trial 76 finished with value 0.362354262 | dataset=ETTm1_96 | selection=last | epoch=150 | best_val_epoch=140 | test_MSE=0.328798487 | MAE=0.362354262 | RMSE=0.573409528 | params={'learning_rate': 0.015594081885682148, 'decay_rate': 0.0009707035243673494, 'hidden_size': 64, 'beta1': 0.95, 'beta2': 0.99, 'signal_len': 16, 'cheb_order': 2, 's': 5.490259632559852, 'batch_size': 32, 'k': 2}
Trial 77 finished with value 0.358347457 | dataset=ETTm1_96 | selection=last | epoch=150 | best_val_epoch=79 | test_MSE=0.325159079 | MAE=0.358347457 | RMSE=0.570227217 | params={'learning_rate': 0.012796993684711383, 'decay_rate': 0.0008934016222224028, 'hidden_size': 64, 'beta1': 0.95, 'beta2': 0.95, 'signal_len': 32, 'cheb_order': 2, 's': 6.161939765684578, 'batch_size': 32, 'k': 2}
Trial 78 finished with value 0.369617538 | dataset=ETTm1_96 | selection=last | epoch=150 | best_val_epoch=27 | test_MSE=0.331968861 | MAE=0.369617538 | RMSE=0.576167390 | params={'learning_rate': 0.011919798976556832, 'decay_rate': 0.0002592789251616947, 'hidden_size': 64, 'beta1': 0.95, 'beta2': 0.95, 'signal_len': 32, 'cheb_order': 2, 's': 3.4955999509718785, 'batch_size': 128, 'k': 2}
Trial 79 finished with value 0.359494802 | dataset=ETTm1_96 | selection=last | epoch=150 | best_val_epoch=79 | test_MSE=0.326476057 | MAE=0.359494802 | RMSE=0.571380834 | params={'learning_rate': 0.01857474005543322, 'decay_rate': 0.003932319379795667, 'hidden_size': 16, 'beta1': 0.99, 'beta2': 0.95, 'signal_len': 32, 'cheb_order': 2, 's': 4.353875687159322, 'batch_size': 32, 'k': 2}
Trial 80 finished with value 0.360231117 | dataset=ETTm1_96 | selection=last | epoch=150 | best_val_epoch=95 | test_MSE=0.327643872 | MAE=0.360231117 | RMSE=0.572401845 | params={'learning_rate': 0.00970716850594408, 'decay_rate': 0.006148994713890651, 'hidden_size': 32, 'beta1': 0.95, 'beta2': 0.95, 'signal_len': 32, 'cheb_order': 2, 's': 2.938722741640201, 'batch_size': 32, 'k': 2}
Trial 81 finished with value 0.368326836 | dataset=ETTm1_96 | selection=last | epoch=150 | best_val_epoch=41 | test_MSE=0.329068780 | MAE=0.368326836 | RMSE=0.573645169 | params={'learning_rate': 0.007286001895189675, 'decay_rate': 0.0012066183256486058, 'hidden_size': 64, 'beta1': 0.9, 'beta2': 0.95, 'signal_len': 32, 'cheb_order': 2, 's': 6.255022106412829, 'batch_size': 512, 'k': 2}
Trial 82 finished with value 0.359231113 | dataset=ETTm1_96 | selection=last | epoch=150 | best_val_epoch=43 | test_MSE=0.326217379 | MAE=0.359231113 | RMSE=0.571154427 | params={'learning_rate': 0.02235194630599336, 'decay_rate': 0.003551016760656978, 'hidden_size': 64, 'beta1': 0.95, 'beta2': 0.95, 'signal_len': 32, 'cheb_order': 2, 's': 5.925947076711911, 'batch_size': 32, 'k': 2}
Trial 83 finished with value 0.360031513 | dataset=ETTm1_96 | selection=last | epoch=150 | best_val_epoch=10 | test_MSE=0.327009630 | MAE=0.360031513 | RMSE=0.571847558 | params={'learning_rate': 0.012372085144671707, 'decay_rate': 0.009207878617911919, 'hidden_size': 64, 'beta1': 0.95, 'beta2': 0.99, 'signal_len': 32, 'cheb_order': 2, 's': 2.4682232208300325, 'batch_size': 256, 'k': 2}
Trial 84 finished with value 0.358269096 | dataset=ETTm1_96 | selection=last | epoch=150 | best_val_epoch=94 | test_MSE=0.325877734 | MAE=0.358269096 | RMSE=0.570857017 | params={'learning_rate': 0.019690462592517975, 'decay_rate': 0.0015051038264914489, 'hidden_size': 64, 'beta1': 0.95, 'beta2': 0.99, 'signal_len': 16, 'cheb_order': 2, 's': 5.58326560938947, 'batch_size': 32, 'k': 2}
Trial 85 finished with value 0.364481625 | dataset=ETTm1_96 | selection=last | epoch=150 | best_val_epoch=94 | test_MSE=0.326998336 | MAE=0.364481625 | RMSE=0.571837684 | params={'learning_rate': 0.02080165586669306, 'decay_rate': 2.5034864547945662e-05, 'hidden_size': 64, 'beta1': 0.95, 'beta2': 0.99, 'signal_len': 16, 'cheb_order': 2, 's': 5.453288720889484, 'batch_size': 32, 'k': 2}
Trial 86 finished with value 0.359434883 | dataset=ETTm1_96 | selection=last | epoch=150 | best_val_epoch=79 | test_MSE=0.326982096 | MAE=0.359434883 | RMSE=0.571823483 | params={'learning_rate': 0.01941144141566895, 'decay_rate': 0.005037807145099934, 'hidden_size': 64, 'beta1': 0.95, 'beta2': 0.99, 'signal_len': 16, 'cheb_order': 2, 's': 4.251732257658635, 'batch_size': 32, 'k': 2}
Trial 87 finished with value 0.367366750 | dataset=ETTm1_96 | selection=last | epoch=150 | best_val_epoch=47 | test_MSE=0.333788646 | MAE=0.367366750 | RMSE=0.577744447 | params={'learning_rate': 0.01407044825487359, 'decay_rate': 0.04925470244849925, 'hidden_size': 64, 'beta1': 0.95, 'beta2': 0.99, 'signal_len': 16, 'cheb_order': 2, 's': 3.564064232832589, 'batch_size': 32, 'k': 2}
Trial 88 finished with value 0.358317797 | dataset=ETTm1_96 | selection=last | epoch=150 | best_val_epoch=68 | test_MSE=0.325687472 | MAE=0.358317797 | RMSE=0.570690347 | params={'learning_rate': 0.01616310531314207, 'decay_rate': 0.0012507858555406992, 'hidden_size': 64, 'beta1': 0.95, 'beta2': 0.99, 'signal_len': 16, 'cheb_order': 2, 's': 4.604200203652143, 'batch_size': 32, 'k': 2}
Trial 89 finished with value 0.360494055 | dataset=ETTm1_96 | selection=last | epoch=150 | best_val_epoch=96 | test_MSE=0.329624320 | MAE=0.360494055 | RMSE=0.574129184 | params={'learning_rate': 0.016876787640510985, 'decay_rate': 0.0029180663925725647, 'hidden_size': 64, 'beta1': 0.95, 'beta2': 0.95, 'signal_len': 128, 'cheb_order': 2, 's': 4.615434777846377, 'batch_size': 32, 'k': 2}
Trial 90 finished with value 0.359636096 | dataset=ETTm1_96 | selection=last | epoch=150 | best_val_epoch=77 | test_MSE=0.326710513 | MAE=0.359636096 | RMSE=0.571585963 | params={'learning_rate': 0.01613252053448471, 'decay_rate': 0.007195768987982302, 'hidden_size': 64, 'beta1': 0.95, 'beta2': 0.99, 'signal_len': 16, 'cheb_order': 2, 's': 5.985781176979916, 'batch_size': 128, 'k': 2}
Trial 91 finished with value 0.358143141 | dataset=ETTm1_96 | selection=last | epoch=150 | best_val_epoch=68 | test_MSE=0.325472257 | MAE=0.358143141 | RMSE=0.570501759 | params={'learning_rate': 0.012853389176370226, 'decay_rate': 0.0010300233474523038, 'hidden_size': 64, 'beta1': 0.95, 'beta2': 0.99, 'signal_len': 16, 'cheb_order': 2, 's': 5.620282675300289, 'batch_size': 32, 'k': 2}
Trial 92 finished with value 0.360222786 | dataset=ETTm1_96 | selection=last | epoch=150 | best_val_epoch=103 | test_MSE=0.326764763 | MAE=0.360222786 | RMSE=0.571633417 | params={'learning_rate': 0.013206905424876824, 'decay_rate': 0.0037966699097595593, 'hidden_size': 16, 'beta1': 0.95, 'beta2': 0.99, 'signal_len': 16, 'cheb_order': 2, 's': 5.292616102745627, 'batch_size': 32, 'k': 2}
Trial 93 finished with value 0.359308749 | dataset=ETTm1_96 | selection=last | epoch=150 | best_val_epoch=23 | test_MSE=0.326238378 | MAE=0.359308749 | RMSE=0.571172809 | params={'learning_rate': 0.011404929607928002, 'decay_rate': 0.0052053718447740574, 'hidden_size': 64, 'beta1': 0.99, 'beta2': 0.95, 'signal_len': 16, 'cheb_order': 2, 's': 4.947079454869515, 'batch_size': 64, 'k': 2}
Trial 94 finished with value 0.358444839 | dataset=ETTm1_96 | selection=last | epoch=150 | best_val_epoch=94 | test_MSE=0.326866045 | MAE=0.358444839 | RMSE=0.571722000 | params={'learning_rate': 0.008661909212367615, 'decay_rate': 0.0012583430432959914, 'hidden_size': 64, 'beta1': 0.95, 'beta2': 0.99, 'signal_len': 16, 'cheb_order': 2, 's': 5.710546051418969, 'batch_size': 32, 'k': 2}
Trial 95 finished with value 0.358426804 | dataset=ETTm1_96 | selection=last | epoch=150 | best_val_epoch=4 | test_MSE=0.325498509 | MAE=0.358426804 | RMSE=0.570524766 | params={'learning_rate': 0.008441138879960251, 'decay_rate': 0.001138764206304847, 'hidden_size': 64, 'beta1': 0.95, 'beta2': 0.99, 'signal_len': 16, 'cheb_order': 2, 's': 6.621508918205418, 'batch_size': 32, 'k': 2}
Trial 96 finished with value 0.358915705 | dataset=ETTm1_96 | selection=last | epoch=150 | best_val_epoch=6 | test_MSE=0.325921905 | MAE=0.358915705 | RMSE=0.570895704 | params={'learning_rate': 0.008185801976055541, 'decay_rate': 0.0029689387598216496, 'hidden_size': 64, 'beta1': 0.95, 'beta2': 0.99, 'signal_len': 16, 'cheb_order': 2, 's': 5.671648874890139, 'batch_size': 32, 'k': 2}
Trial 97 finished with value 0.357967653 | dataset=ETTm1_96 | selection=last | epoch=150 | best_val_epoch=94 | test_MSE=0.326547719 | MAE=0.357967653 | RMSE=0.571443540 | params={'learning_rate': 0.009641650199703398, 'decay_rate': 0.0006385654939211936, 'hidden_size': 64, 'beta1': 0.95, 'beta2': 0.99, 'signal_len': 16, 'cheb_order': 2, 's': 6.532110052779215, 'batch_size': 32, 'k': 2}
Trial 98 finished with value 0.358349284 | dataset=ETTm1_96 | selection=last | epoch=150 | best_val_epoch=32 | test_MSE=0.325432744 | MAE=0.358349284 | RMSE=0.570467128 | params={'learning_rate': 0.004095247644225125, 'decay_rate': 0.0007280767439227189, 'hidden_size': 64, 'beta1': 0.95, 'beta2': 0.99, 'signal_len': 16, 'cheb_order': 3, 's': 6.5712912136639, 'batch_size': 32, 'k': 2}
Trial 99 finished with value 0.362416683 | dataset=ETTm1_96 | selection=last | epoch=150 | best_val_epoch=137 | test_MSE=0.329530103 | MAE=0.362416683 | RMSE=0.574047126 | params={'learning_rate': 0.010399406272800482, 'decay_rate': 0.0026516167455499567, 'hidden_size': 32, 'beta1': 0.95, 'beta2': 0.99, 'signal_len': 16, 'cheb_order': 3, 's': 6.8928182703063055, 'batch_size': 32, 'k': 2}
Trial 100 finished with value 0.359417406 | dataset=ETTm1_96 | selection=last | epoch=150 | best_val_epoch=4 | test_MSE=0.326420386 | MAE=0.359417406 | RMSE=0.571332115 | params={'learning_rate': 0.002793468299752855, 'decay_rate': 0.004729823390999907, 'hidden_size': 64, 'beta1': 0.9, 'beta2': 0.99, 'signal_len': 16, 'cheb_order': 3, 's': 6.115965764264695, 'batch_size': 32, 'k': 2}
Trial 101 finished with value 0.359758576 | dataset=ETTm1_96 | selection=last | epoch=150 | best_val_epoch=63 | test_MSE=0.326354748 | MAE=0.359758576 | RMSE=0.571274670 | params={'learning_rate': 0.015007871538754247, 'decay_rate': 0.00619443700251867, 'hidden_size': 64, 'beta1': 0.95, 'beta2': 0.99, 'signal_len': 32, 'cheb_order': 3, 's': 6.44469671701888, 'batch_size': 512, 'k': 2}
Trial 102 finished with value 0.357620703 | dataset=ETTm1_96 | selection=last | epoch=150 | best_val_epoch=44 | test_MSE=0.324932561 | MAE=0.357620703 | RMSE=0.570028561 | params={'learning_rate': 0.005088404350865497, 'decay_rate': 0.00015264015988604982, 'hidden_size': 64, 'beta1': 0.95, 'beta2': 0.99, 'signal_len': 16, 'cheb_order': 3, 's': 4.993544538264553, 'batch_size': 64, 'k': 2}
Trial 103 finished with value 0.361961708 | dataset=ETTm1_96 | selection=last | epoch=150 | best_val_epoch=34 | test_MSE=0.328850412 | MAE=0.361961708 | RMSE=0.573454804 | params={'learning_rate': 0.004022756354620913, 'decay_rate': 0.018903870154606563, 'hidden_size': 64, 'beta1': 0.95, 'beta2': 0.99, 'signal_len': 128, 'cheb_order': 3, 's': 4.967601457268385, 'batch_size': 64, 'k': 2}
Trial 104 finished with value 0.370208845 | dataset=ETTm1_96 | selection=last | epoch=150 | best_val_epoch=2 | test_MSE=0.332030943 | MAE=0.370208845 | RMSE=0.576221262 | params={'learning_rate': 0.0013188320239586743, 'decay_rate': 1.6841540819446325e-05, 'hidden_size': 64, 'beta1': 0.95, 'beta2': 0.99, 'signal_len': 16, 'cheb_order': 3, 's': 5.428117769028009, 'batch_size': 64, 'k': 2}
Trial 105 finished with value 0.359064910 | dataset=ETTm1_96 | selection=last | epoch=150 | best_val_epoch=4 | test_MSE=0.326060517 | MAE=0.359064910 | RMSE=0.571017090 | params={'learning_rate': 0.005687017879507915, 'decay_rate': 0.0035068925073944057, 'hidden_size': 64, 'beta1': 0.95, 'beta2': 0.99, 'signal_len': 16, 'cheb_order': 3, 's': 6.379313615518616, 'batch_size': 64, 'k': 2}
Trial 106 finished with value 0.358132663 | dataset=ETTm1_96 | selection=last | epoch=150 | best_val_epoch=31 | test_MSE=0.325331942 | MAE=0.358132663 | RMSE=0.570378770 | params={'learning_rate': 0.012941003937222757, 'decay_rate': 0.0007572876242531087, 'hidden_size': 64, 'beta1': 0.95, 'beta2': 0.99, 'signal_len': 16, 'cheb_order': 3, 's': 4.525954047315345, 'batch_size': 64, 'k': 2}
Trial 107 finished with value 0.359066296 | dataset=ETTm1_96 | selection=last | epoch=150 | best_val_epoch=94 | test_MSE=0.327726909 | MAE=0.359066296 | RMSE=0.572474375 | params={'learning_rate': 0.012995472360039909, 'decay_rate': 0.002466192977381416, 'hidden_size': 64, 'beta1': 0.95, 'beta2': 0.99, 'signal_len': 16, 'cheb_order': 3, 's': 4.483995105554177, 'batch_size': 64, 'k': 2}
Trial 108 finished with value 0.358153058 | dataset=ETTm1_96 | selection=last | epoch=150 | best_val_epoch=32 | test_MSE=0.325314972 | MAE=0.358153058 | RMSE=0.570363894 | params={'learning_rate': 0.010944226005960712, 'decay_rate': 0.0006880660176178543, 'hidden_size': 64, 'beta1': 0.95, 'beta2': 0.99, 'signal_len': 16, 'cheb_order': 3, 's': 4.6697424949094755, 'batch_size': 64, 'k': 2}
Trial 109 finished with value 0.357730904 | dataset=ETTm1_96 | selection=last | epoch=150 | best_val_epoch=70 | test_MSE=0.325065015 | MAE=0.357730904 | RMSE=0.570144732 | params={'learning_rate': 0.009543080298426607, 'decay_rate': 0.0007327488618473767, 'hidden_size': 64, 'beta1': 0.95, 'beta2': 0.99, 'signal_len': 16, 'cheb_order': 3, 's': 4.653154976607724, 'batch_size': 64, 'k': 2}
Trial 110 finished with value 0.363596057 | dataset=ETTm1_96 | selection=last | epoch=150 | best_val_epoch=94 | test_MSE=0.331461193 | MAE=0.363596057 | RMSE=0.575726665 | params={'learning_rate': 0.010565268351621616, 'decay_rate': 0.02440266296137296, 'hidden_size': 64, 'beta1': 0.95, 'beta2': 0.99, 'signal_len': 16, 'cheb_order': 3, 's': 4.119935278452454, 'batch_size': 64, 'k': 6}
Trial 111 finished with value 0.358679058 | dataset=ETTm1_96 | selection=last | epoch=150 | best_val_epoch=48 | test_MSE=0.325698223 | MAE=0.358679058 | RMSE=0.570699766 | params={'learning_rate': 0.011243803635037764, 'decay_rate': 0.002518974806718778, 'hidden_size': 64, 'beta1': 0.95, 'beta2': 0.99, 'signal_len': 64, 'cheb_order': 3, 's': 4.667175271348622, 'batch_size': 64, 'k': 2}
