Trial 111 finished with value 0.497204329 | dataset=ETTm1_336 | selection=last | epoch=150 | best_val_epoch=8 | test_MSE=0.528218609 | MAE=0.497204329 | RMSE=0.726786494 | params={'learning_rate': 0.00877225776612186, 'decay_rate': 2.9383790497816524e-05, 'hidden_size': 32, 'beta1': 0.95, 'beta2': 0.95, 'signal_len': 128, 'cheb_order': 2, 's': 1.9015542718500953, 'batch_size': 64, 'k': 4}
Trial 112 finished with value 0.496994493 | dataset=ETTm1_336 | selection=last | epoch=150 | best_val_epoch=3 | test_MSE=0.552915052 | MAE=0.496994493 | RMSE=0.743582579 | params={'learning_rate': 0.003051722420023586, 'decay_rate': 0.0011426063286805528, 'hidden_size': 32, 'beta1': 0.95, 'beta2': 0.95, 'signal_len': 128, 'cheb_order': 2, 's': 1.3604387563918827, 'batch_size': 64, 'k': 4}
Trial 113 finished with value 0.422257329 | dataset=ETTm1_336 | selection=last | epoch=150 | best_val_epoch=81 | test_MSE=0.442862549 | MAE=0.422257329 | RMSE=0.665479188 | params={'learning_rate': 0.011882291917978034, 'decay_rate': 0.0035212444880469247, 'hidden_size': 32, 'beta1': 0.95, 'beta2': 0.95, 'signal_len': 128, 'cheb_order': 2, 's': 1.2009954067327464, 'batch_size': 64, 'k': 4}
Trial 114 finished with value 0.421212385 | dataset=ETTm1_336 | selection=last | epoch=150 | best_val_epoch=80 | test_MSE=0.442225478 | MAE=0.421212385 | RMSE=0.665000359 | params={'learning_rate': 0.01040103929873988, 'decay_rate': 0.0013266520517075824, 'hidden_size': 32, 'beta1': 0.95, 'beta2': 0.95, 'signal_len': 128, 'cheb_order': 2, 's': 1.9890406576076987, 'batch_size': 64, 'k': 4}
Trial 115 finished with value 0.421975620 | dataset=ETTm1_336 | selection=last | epoch=150 | best_val_epoch=10 | test_MSE=0.443095032 | MAE=0.421975620 | RMSE=0.665653838 | params={'learning_rate': 0.012822337394229546, 'decay_rate': 0.0024185699729338964, 'hidden_size': 32, 'beta1': 0.95, 'beta2': 0.95, 'signal_len': 128, 'cheb_order': 2, 's': 2.535802401860787, 'batch_size': 64, 'k': 4}
Trial 116 finished with value 0.422501938 | dataset=ETTm1_336 | selection=last | epoch=150 | best_val_epoch=29 | test_MSE=0.443303793 | MAE=0.422501938 | RMSE=0.665810629 | params={'learning_rate': 0.010822979614929406, 'decay_rate': 0.00463602856510712, 'hidden_size': 64, 'beta1': 0.95, 'beta2': 0.95, 'signal_len': 32, 'cheb_order': 2, 's': 1.9465284651091945, 'batch_size': 128, 'k': 4}
Trial 117 finished with value 0.420837312 | dataset=ETTm1_336 | selection=last | epoch=150 | best_val_epoch=118 | test_MSE=0.441909399 | MAE=0.420837312 | RMSE=0.664762663 | params={'learning_rate': 0.00975910431819054, 'decay_rate': 0.0009384498811212507, 'hidden_size': 32, 'beta1': 0.95, 'beta2': 0.95, 'signal_len': 128, 'cheb_order': 2, 's': 2.7580110057107126, 'batch_size': 64, 'k': 4}
Trial 118 finished with value 0.469355901 | dataset=ETTm1_336 | selection=last | epoch=150 | best_val_epoch=7 | test_MSE=0.491862540 | MAE=0.469355901 | RMSE=0.701329124 | params={'learning_rate': 0.009868952354133622, 'decay_rate': 0.002089153319518757, 'hidden_size': 16, 'beta1': 0.95, 'beta2': 0.999, 'signal_len': 128, 'cheb_order': 2, 's': 2.755011583536659, 'batch_size': 64, 'k': 4}
Trial 119 finished with value 0.421980897 | dataset=ETTm1_336 | selection=last | epoch=150 | best_val_epoch=80 | test_MSE=0.442803341 | MAE=0.421980897 | RMSE=0.665434701 | params={'learning_rate': 0.007552843894435334, 'decay_rate': 0.00340207714855716, 'hidden_size': 32, 'beta1': 0.95, 'beta2': 0.95, 'signal_len': 128, 'cheb_order': 2, 's': 2.9994830685736376, 'batch_size': 64, 'k': 4}
Trial 120 finished with value 0.422882671 | dataset=ETTm1_336 | selection=last | epoch=150 | best_val_epoch=26 | test_MSE=0.443730629 | MAE=0.422882671 | RMSE=0.666131090 | params={'learning_rate': 0.00858851243833642, 'decay_rate': 0.0060320455779399925, 'hidden_size': 32, 'beta1': 0.95, 'beta2': 0.95, 'signal_len': 128, 'cheb_order': 2, 's': 2.1887763180400928, 'batch_size': 512, 'k': 4}
Trial 121 finished with value 0.421407523 | dataset=ETTm1_336 | selection=last | epoch=150 | best_val_epoch=44 | test_MSE=0.442648014 | MAE=0.421407523 | RMSE=0.665317979 | params={'learning_rate': 0.0074882741483549625, 'decay_rate': 0.0007446117505675345, 'hidden_size': 32, 'beta1': 0.95, 'beta2': 0.95, 'signal_len': 128, 'cheb_order': 2, 's': 3.46652069428109, 'batch_size': 64, 'k': 4}
Trial 122 finished with value 0.421386335 | dataset=ETTm1_336 | selection=last | epoch=150 | best_val_epoch=6 | test_MSE=0.442829301 | MAE=0.421386335 | RMSE=0.665454206 | params={'learning_rate': 0.007340004473596118, 'decay_rate': 0.000608365959288301, 'hidden_size': 32, 'beta1': 0.95, 'beta2': 0.95, 'signal_len': 128, 'cheb_order': 2, 's': 3.4886192238880254, 'batch_size': 64, 'k': 4}
Trial 123 finished with value 0.485903724 | dataset=ETTm1_336 | selection=last | epoch=150 | best_val_epoch=4 | test_MSE=0.555364053 | MAE=0.485903724 | RMSE=0.745227518 | params={'learning_rate': 0.007631246004178575, 'decay_rate': 0.00019354117689892886, 'hidden_size': 32, 'beta1': 0.95, 'beta2': 0.95, 'signal_len': 128, 'cheb_order': 2, 's': 3.437451319308222, 'batch_size': 64, 'k': 4}
Trial 124 finished with value 0.421826635 | dataset=ETTm1_336 | selection=last | epoch=150 | best_val_epoch=17 | test_MSE=0.443050308 | MAE=0.421826635 | RMSE=0.665620243 | params={'learning_rate': 0.009955095249976741, 'decay_rate': 0.0019439488844047738, 'hidden_size': 32, 'beta1': 0.95, 'beta2': 0.95, 'signal_len': 128, 'cheb_order': 2, 's': 2.9362369908611723, 'batch_size': 64, 'k': 4}
Trial 125 finished with value 0.422044079 | dataset=ETTm1_336 | selection=last | epoch=150 | best_val_epoch=44 | test_MSE=0.442805021 | MAE=0.422044079 | RMSE=0.665435963 | params={'learning_rate': 0.011559361035908162, 'decay_rate': 0.0028541151735376495, 'hidden_size': 32, 'beta1': 0.95, 'beta2': 0.95, 'signal_len': 128, 'cheb_order': 2, 's': 2.6079693900661476, 'batch_size': 64, 'k': 4}
Trial 126 finished with value 0.422437332 | dataset=ETTm1_336 | selection=last | epoch=150 | best_val_epoch=77 | test_MSE=0.443049256 | MAE=0.422437332 | RMSE=0.665619453 | params={'learning_rate': 0.014052395185606522, 'decay_rate': 0.004125271740436149, 'hidden_size': 32, 'beta1': 0.95, 'beta2': 0.99, 'signal_len': 128, 'cheb_order': 2, 's': 3.5528539451079975, 'batch_size': 64, 'k': 4}
Trial 127 finished with value 0.421025876 | dataset=ETTm1_336 | selection=last | epoch=150 | best_val_epoch=80 | test_MSE=0.442251692 | MAE=0.421025876 | RMSE=0.665020069 | params={'learning_rate': 0.0070291137864063255, 'decay_rate': 0.0008336606248725922, 'hidden_size': 32, 'beta1': 0.95, 'beta2': 0.95, 'signal_len': 128, 'cheb_order': 2, 's': 1.4369363789957514, 'batch_size': 64, 'k': 4}
Trial 128 finished with value 0.448385966 | dataset=ETTm1_336 | selection=last | epoch=150 | best_val_epoch=6 | test_MSE=0.462882726 | MAE=0.448385966 | RMSE=0.680354853 | params={'learning_rate': 0.0051048050381315565, 'decay_rate': 0.0006235617846790291, 'hidden_size': 32, 'beta1': 0.95, 'beta2': 0.95, 'signal_len': 64, 'cheb_order': 2, 's': 2.394621873960764, 'batch_size': 256, 'k': 4}
Trial 129 finished with value 0.502467358 | dataset=ETTm1_336 | selection=last | epoch=150 | best_val_epoch=6 | test_MSE=0.563268689 | MAE=0.502467358 | RMSE=0.750512284 | params={'learning_rate': 0.0076556288593560805, 'decay_rate': 7.792368590714047e-05, 'hidden_size': 32, 'beta1': 0.95, 'beta2': 0.999, 'signal_len': 128, 'cheb_order': 2, 's': 1.5568533580651431, 'batch_size': 64, 'k': 4}
Trial 130 finished with value 0.425396383 | dataset=ETTm1_336 | selection=last | epoch=150 | best_val_epoch=80 | test_MSE=0.445191984 | MAE=0.425396383 | RMSE=0.667227086 | params={'learning_rate': 0.0068687666396380544, 'decay_rate': 0.018368311083391937, 'hidden_size': 32, 'beta1': 0.95, 'beta2': 0.95, 'signal_len': 128, 'cheb_order': 2, 's': 1.382976239222611, 'batch_size': 64, 'k': 4}
Trial 131 finished with value 0.421457356 | dataset=ETTm1_336 | selection=last | epoch=150 | best_val_epoch=80 | test_MSE=0.442422349 | MAE=0.421457356 | RMSE=0.665148366 | params={'learning_rate': 0.00861267547827622, 'decay_rate': 0.0018863672957573337, 'hidden_size': 32, 'beta1': 0.95, 'beta2': 0.95, 'signal_len': 128, 'cheb_order': 2, 's': 2.11941943748868, 'batch_size': 64, 'k': 4}
Trial 132 finished with value 0.421667991 | dataset=ETTm1_336 | selection=last | epoch=150 | best_val_epoch=80 | test_MSE=0.442579052 | MAE=0.421667991 | RMSE=0.665266151 | params={'learning_rate': 0.009418149882229214, 'decay_rate': 0.0020985818775078034, 'hidden_size': 32, 'beta1': 0.95, 'beta2': 0.95, 'signal_len': 128, 'cheb_order': 2, 's': 2.085024877989824, 'batch_size': 64, 'k': 4}
Trial 133 finished with value 0.422163608 | dataset=ETTm1_336 | selection=last | epoch=150 | best_val_epoch=3 | test_MSE=0.443210611 | MAE=0.422163608 | RMSE=0.665740648 | params={'learning_rate': 0.010790633955572143, 'decay_rate': 0.003118207779891047, 'hidden_size': 32, 'beta1': 0.95, 'beta2': 0.95, 'signal_len': 128, 'cheb_order': 2, 's': 1.81901622757116, 'batch_size': 64, 'k': 4}
Trial 134 finished with value 0.421963766 | dataset=ETTm1_336 | selection=last | epoch=150 | best_val_epoch=10 | test_MSE=0.443145906 | MAE=0.421963766 | RMSE=0.665692050 | params={'learning_rate': 0.0045613550052602935, 'decay_rate': 0.0018809090000361918, 'hidden_size': 32, 'beta1': 0.95, 'beta2': 0.95, 'signal_len': 128, 'cheb_order': 2, 's': 1.653193860913074, 'batch_size': 64, 'k': 4}
Trial 135 finished with value 0.422323389 | dataset=ETTm1_336 | selection=last | epoch=150 | best_val_epoch=80 | test_MSE=0.443058625 | MAE=0.422323389 | RMSE=0.665626491 | params={'learning_rate': 0.007042104886987482, 'decay_rate': 0.004564752499730843, 'hidden_size': 32, 'beta1': 0.95, 'beta2': 0.95, 'signal_len': 128, 'cheb_order': 2, 's': 1.2285182922230042, 'batch_size': 64, 'k': 4}
Trial 136 finished with value 0.421621237 | dataset=ETTm1_336 | selection=last | epoch=150 | best_val_epoch=43 | test_MSE=0.442891690 | MAE=0.421621237 | RMSE=0.665501082 | params={'learning_rate': 0.005866127128540154, 'decay_rate': 0.0009622753433114772, 'hidden_size': 32, 'beta1': 0.95, 'beta2': 0.95, 'signal_len': 128, 'cheb_order': 3, 's': 2.0406660207494975, 'batch_size': 64, 'k': 4}
Trial 137 finished with value 0.421899255 | dataset=ETTm1_336 | selection=last | epoch=150 | best_val_epoch=87 | test_MSE=0.442607795 | MAE=0.421899255 | RMSE=0.665287753 | params={'learning_rate': 0.008219404664090517, 'decay_rate': 0.0034979680682011237, 'hidden_size': 32, 'beta1': 0.95, 'beta2': 0.95, 'signal_len': 128, 'cheb_order': 2, 's': 2.3163302209656873, 'batch_size': 128, 'k': 4}
Trial 138 finished with value 0.434957056 | dataset=ETTm1_336 | selection=last | epoch=150 | best_val_epoch=37 | test_MSE=0.447814635 | MAE=0.434957056 | RMSE=0.669189536 | params={'learning_rate': 0.027374042492338373, 'decay_rate': 0.00012059284156556906, 'hidden_size': 64, 'beta1': 0.95, 'beta2': 0.95, 'signal_len': 32, 'cheb_order': 2, 's': 3.2703713721501746, 'batch_size': 64, 'k': 4}
Trial 139 finished with value 0.421825881 | dataset=ETTm1_336 | selection=last | epoch=150 | best_val_epoch=77 | test_MSE=0.442630980 | MAE=0.421825881 | RMSE=0.665305178 | params={'learning_rate': 0.01228632128386781, 'decay_rate': 0.002500988001753794, 'hidden_size': 32, 'beta1': 0.95, 'beta2': 0.95, 'signal_len': 128, 'cheb_order': 2, 's': 1.527029200908343, 'batch_size': 64, 'k': 4}
Trial 140 finished with value 0.421642943 | dataset=ETTm1_336 | selection=last | epoch=150 | best_val_epoch=12 | test_MSE=0.442916990 | MAE=0.421642943 | RMSE=0.665520089 | params={'learning_rate': 0.009778845429435197, 'decay_rate': 0.0014271883914432353, 'hidden_size': 32, 'beta1': 0.95, 'beta2': 0.95, 'signal_len': 128, 'cheb_order': 2, 's': 2.5434528479835405, 'batch_size': 64, 'k': 4}
Trial 141 finished with value 0.421568058 | dataset=ETTm1_336 | selection=last | epoch=150 | best_val_epoch=36 | test_MSE=0.442812156 | MAE=0.421568058 | RMSE=0.665441324 | params={'learning_rate': 0.006294147982446102, 'decay_rate': 0.0010002822170003109, 'hidden_size': 32, 'beta1': 0.95, 'beta2': 0.95, 'signal_len': 128, 'cheb_order': 3, 's': 2.055931106168372, 'batch_size': 64, 'k': 4}
Trial 142 finished with value 0.421617337 | dataset=ETTm1_336 | selection=last | epoch=150 | best_val_epoch=3 | test_MSE=0.442962046 | MAE=0.421617337 | RMSE=0.665553939 | params={'learning_rate': 0.00391433762341578, 'decay_rate': 0.0010278502223607375, 'hidden_size': 32, 'beta1': 0.95, 'beta2': 0.95, 'signal_len': 128, 'cheb_order': 3, 's': 1.1286968987229011, 'batch_size': 64, 'k': 4}
Trial 143 finished with value 0.421943995 | dataset=ETTm1_336 | selection=last | epoch=150 | best_val_epoch=36 | test_MSE=0.442831774 | MAE=0.421943995 | RMSE=0.665456065 | params={'learning_rate': 0.009026177752019556, 'decay_rate': 0.002503370125404674, 'hidden_size': 32, 'beta1': 0.95, 'beta2': 0.95, 'signal_len': 128, 'cheb_order': 3, 's': 2.979859164938657, 'batch_size': 64, 'k': 4}
Trial 144 finished with value 0.486984532 | dataset=ETTm1_336 | selection=last | epoch=150 | best_val_epoch=4 | test_MSE=0.524937751 | MAE=0.486984532 | RMSE=0.724525880 | params={'learning_rate': 0.006854627136901338, 'decay_rate': 8.993118838874223e-05, 'hidden_size': 32, 'beta1': 0.95, 'beta2': 0.95, 'signal_len': 128, 'cheb_order': 3, 's': 1.746598787459337, 'batch_size': 64, 'k': 4}
Trial 145 finished with value 0.422502205 | dataset=ETTm1_336 | selection=last | epoch=150 | best_val_epoch=17 | test_MSE=0.443509164 | MAE=0.422502205 | RMSE=0.665964837 | params={'learning_rate': 0.0056242393096045465, 'decay_rate': 0.003971861384732405, 'hidden_size': 32, 'beta1': 0.95, 'beta2': 0.95, 'signal_len': 128, 'cheb_order': 3, 's': 1.445432261888389, 'batch_size': 64, 'k': 4}
Trial 146 finished with value 0.476195164 | dataset=ETTm1_336 | selection=last | epoch=150 | best_val_epoch=3 | test_MSE=0.528273760 | MAE=0.476195164 | RMSE=0.726824435 | params={'learning_rate': 0.007992670957450636, 'decay_rate': 0.0016953704328979608, 'hidden_size': 16, 'beta1': 0.95, 'beta2': 0.999, 'signal_len': 128, 'cheb_order': 2, 's': 1.9731533514154789, 'batch_size': 64, 'k': 4}
Trial 147 finished with value 0.422142609 | dataset=ETTm1_336 | selection=last | epoch=150 | best_val_epoch=2 | test_MSE=0.443198472 | MAE=0.422142609 | RMSE=0.665731532 | params={'learning_rate': 0.010752952712607258, 'decay_rate': 0.003044532500784421, 'hidden_size': 32, 'beta1': 0.95, 'beta2': 0.95, 'signal_len': 128, 'cheb_order': 3, 's': 2.3398837629386575, 'batch_size': 64, 'k': 4}
Trial 148 finished with value 0.420946993 | dataset=ETTm1_336 | selection=last | epoch=150 | best_val_epoch=80 | test_MSE=0.441997349 | MAE=0.420946993 | RMSE=0.664828812 | params={'learning_rate': 0.043386158437771466, 'decay_rate': 0.0011882700657984435, 'hidden_size': 32, 'beta1': 0.95, 'beta2': 0.95, 'signal_len': 128, 'cheb_order': 2, 's': 3.979889815633455, 'batch_size': 512, 'k': 4}
Trial 149 finished with value 0.422095604 | dataset=ETTm1_336 | selection=last | epoch=150 | best_val_epoch=98 | test_MSE=0.441419368 | MAE=0.422095604 | RMSE=0.664393986 | params={'learning_rate': 0.02921400618364255, 'decay_rate': 0.005421539816772108, 'hidden_size': 32, 'beta1': 0.95, 'beta2': 0.95, 'signal_len': 128, 'cheb_order': 2, 's': 3.6555385989628144, 'batch_size': 512, 'k': 4}
Trial 150 finished with value 0.429264084 | dataset=ETTm1_336 | selection=last | epoch=150 | best_val_epoch=5 | test_MSE=0.448043578 | MAE=0.429264084 | RMSE=0.669360574 | params={'learning_rate': 0.044168529051678306, 'decay_rate': 0.04231995714628586, 'hidden_size': 32, 'beta1': 0.95, 'beta2': 0.99, 'signal_len': 64, 'cheb_order': 2, 's': 4.147030858025608, 'batch_size': 512, 'k': 4}
Trial 151 finished with value 0.495943678 | dataset=ETTm1_336 | selection=last | epoch=150 | best_val_epoch=3 | test_MSE=0.542852766 | MAE=0.495943678 | RMSE=0.736785427 | params={'learning_rate': 0.006419952567691717, 'decay_rate': 0.0009926170452322716, 'hidden_size': 32, 'beta1': 0.95, 'beta2': 0.95, 'signal_len': 128, 'cheb_order': 2, 's': 3.964375585330927, 'batch_size': 512, 'k': 4}
