Trial 221 finished with value 0.381641350 | dataset=ETTm1_192 | selection=last | epoch=150 | best_val_epoch=53 | test_MSE=0.368731170 | MAE=0.381641350 | RMSE=0.607232385 | params={'learning_rate': 0.04699133174616665, 'decay_rate': 0.0009858358857193275, 'hidden_size': 16, 'beta1': 0.99, 'beta2': 0.999, 'signal_len': 128, 'cheb_order': 3, 's': 4.226681270330014, 'batch_size': 128, 'k': 2}
Trial 222 finished with value 0.382857321 | dataset=ETTm1_192 | selection=last | epoch=150 | best_val_epoch=114 | test_MSE=0.369820448 | MAE=0.382857321 | RMSE=0.608128645 | params={'learning_rate': 0.0464586713306422, 'decay_rate': 0.0008986574677106408, 'hidden_size': 16, 'beta1': 0.99, 'beta2': 0.999, 'signal_len': 128, 'cheb_order': 3, 's': 4.092084223097086, 'batch_size': 128, 'k': 2}
Trial 223 finished with value 0.381647549 | dataset=ETTm1_192 | selection=last | epoch=150 | best_val_epoch=56 | test_MSE=0.368516211 | MAE=0.381647549 | RMSE=0.607055361 | params={'learning_rate': 0.0478412482190018, 'decay_rate': 0.0017758467729767783, 'hidden_size': 16, 'beta1': 0.99, 'beta2': 0.999, 'signal_len': 128, 'cheb_order': 3, 's': 3.0236024274002467, 'batch_size': 128, 'k': 2}
Trial 224 finished with value 0.469882459 | dataset=ETTm1_192 | selection=last | epoch=150 | best_val_epoch=19 | test_MSE=0.495166435 | MAE=0.469882459 | RMSE=0.703680634 | params={'learning_rate': 0.04313528574745936, 'decay_rate': 1.1693603831028484e-05, 'hidden_size': 16, 'beta1': 0.99, 'beta2': 0.999, 'signal_len': 128, 'cheb_order': 3, 's': 3.5392955721120463, 'batch_size': 128, 'k': 2}
Trial 225 finished with value 0.381992216 | dataset=ETTm1_192 | selection=last | epoch=150 | best_val_epoch=67 | test_MSE=0.368535715 | MAE=0.381992216 | RMSE=0.607071425 | params={'learning_rate': 0.048875362800222845, 'decay_rate': 0.0025738137274347824, 'hidden_size': 16, 'beta1': 0.99, 'beta2': 0.999, 'signal_len': 128, 'cheb_order': 3, 's': 3.8385373112613674, 'batch_size': 128, 'k': 2}
Trial 226 finished with value 0.382771853 | dataset=ETTm1_192 | selection=last | epoch=150 | best_val_epoch=91 | test_MSE=0.371170696 | MAE=0.382771853 | RMSE=0.609237799 | params={'learning_rate': 0.04591096011036237, 'decay_rate': 0.0010042803191377594, 'hidden_size': 16, 'beta1': 0.99, 'beta2': 0.999, 'signal_len': 128, 'cheb_order': 2, 's': 2.8904220716026297, 'batch_size': 128, 'k': 2}
Trial 227 finished with value 0.383193584 | dataset=ETTm1_192 | selection=last | epoch=150 | best_val_epoch=99 | test_MSE=0.371511391 | MAE=0.383193584 | RMSE=0.609517343 | params={'learning_rate': 0.04485036688874655, 'decay_rate': 0.0016443149055794738, 'hidden_size': 16, 'beta1': 0.99, 'beta2': 0.999, 'signal_len': 128, 'cheb_order': 3, 's': 3.1536665247851774, 'batch_size': 128, 'k': 6}
Trial 228 finished with value 0.430909159 | dataset=ETTm1_192 | selection=last | epoch=150 | best_val_epoch=46 | test_MSE=0.432344756 | MAE=0.430909159 | RMSE=0.657529282 | params={'learning_rate': 0.04219527028940629, 'decay_rate': 0.0007914797537813067, 'hidden_size': 32, 'beta1': 0.9, 'beta2': 0.999, 'signal_len': 128, 'cheb_order': 2, 's': 4.3802890926158575, 'batch_size': 128, 'k': 6}
Trial 229 finished with value 0.382019421 | dataset=ETTm1_192 | selection=last | epoch=150 | best_val_epoch=6 | test_MSE=0.368922520 | MAE=0.382019421 | RMSE=0.607389924 | params={'learning_rate': 0.04687664296006934, 'decay_rate': 0.0027670955689962635, 'hidden_size': 16, 'beta1': 0.99, 'beta2': 0.999, 'signal_len': 16, 'cheb_order': 2, 's': 3.9937420164795223, 'batch_size': 128, 'k': 6}
Trial 230 finished with value 0.450222936 | dataset=ETTm1_192 | selection=last | epoch=150 | best_val_epoch=71 | test_MSE=0.472389040 | MAE=0.450222936 | RMSE=0.687305638 | params={'learning_rate': 0.04425665055330313, 'decay_rate': 2.6607713580436817e-05, 'hidden_size': 16, 'beta1': 0.99, 'beta2': 0.95, 'signal_len': 128, 'cheb_order': 2, 's': 3.3839410257979634, 'batch_size': 128, 'k': 6}
Trial 231 finished with value 0.381655254 | dataset=ETTm1_192 | selection=last | epoch=150 | best_val_epoch=16 | test_MSE=0.368755875 | MAE=0.381655254 | RMSE=0.607252728 | params={'learning_rate': 0.045760089493407, 'decay_rate': 0.0009838008426147377, 'hidden_size': 16, 'beta1': 0.99, 'beta2': 0.999, 'signal_len': 128, 'cheb_order': 3, 's': 3.2108350319852677, 'batch_size': 128, 'k': 2}
