RUN study=ETTm1_336_ufgtime_plus_ett_main_config_mean_v1_mean_last | storage=sqlite:////home/xy/Research/UFGTime/UFGTime+/sqlite/ETTm1_336_ufgtime_plus_ett_main_config_mean_v1_mean_last.sqlite3 | trials_this_run=500 | log=/home/xy/Research/UFGTime/UFGTime+/logs/ETTm1_336_ufgtime_plus_ett_main_config_mean_v1_mean_last/20260918_052946_182467.log
Trial 0 finished with value 0.428290996 | dataset=ETTm1_336 | selection=last | epoch=150 | best_val_epoch=3 | test_MSE=0.447381358 | MAE=0.428290996 | RMSE=0.668865725 | params={'learning_rate': 0.027445187061326964, 'decay_rate': 0.03576231642495725, 'hidden_size': 16, 'beta1': 0.99, 'beta2': 0.95, 'signal_len': 64, 'cheb_order': 2, 's': 8.510316625376648, 'batch_size': 128, 'k': 6}
Trial 1 finished with value 0.427788951 | dataset=ETTm1_336 | selection=last | epoch=150 | best_val_epoch=25 | test_MSE=0.446998606 | MAE=0.427788951 | RMSE=0.668579543 | params={'learning_rate': 0.005922538549187971, 'decay_rate': 0.031999651856162915, 'hidden_size': 32, 'beta1': 0.99, 'beta2': 0.99, 'signal_len': 128, 'cheb_order': 2, 's': 4.989584388814139, 'batch_size': 32, 'k': 2}
Trial 2 finished with value 0.425286257 | dataset=ETTm1_336 | selection=last | epoch=150 | best_val_epoch=58 | test_MSE=0.445427152 | MAE=0.425286257 | RMSE=0.667403290 | params={'learning_rate': 0.01577826326269995, 'decay_rate': 0.018191901439421704, 'hidden_size': 64, 'beta1': 0.95, 'beta2': 0.95, 'signal_len': 128, 'cheb_order': 3, 's': 4.381654018882581, 'batch_size': 512, 'k': 4}
Trial 3 finished with value 0.429507589 | dataset=ETTm1_336 | selection=last | epoch=150 | best_val_epoch=104 | test_MSE=0.450826152 | MAE=0.429507589 | RMSE=0.671435888 | params={'learning_rate': 0.04883828679863496, 'decay_rate': 0.03024622753205485, 'hidden_size': 16, 'beta1': 0.95, 'beta2': 0.99, 'signal_len': 16, 'cheb_order': 3, 's': 9.370736158428306, 'batch_size': 256, 'k': 2}
Trial 4 finished with value 0.439094704 | dataset=ETTm1_336 | selection=last | epoch=150 | best_val_epoch=57 | test_MSE=0.440924951 | MAE=0.439094704 | RMSE=0.664021800 | params={'learning_rate': 0.029329781611156056, 'decay_rate': 0.0010151762339128028, 'hidden_size': 16, 'beta1': 0.99, 'beta2': 0.999, 'signal_len': 64, 'cheb_order': 2, 's': 3.74718886261069, 'batch_size': 512, 'k': 6}
Trial 5 finished with value 0.426762815 | dataset=ETTm1_336 | selection=last | epoch=150 | best_val_epoch=68 | test_MSE=0.446879792 | MAE=0.426762815 | RMSE=0.668490682 | params={'learning_rate': 0.036265461448183836, 'decay_rate': 0.025071205852515845, 'hidden_size': 16, 'beta1': 0.9, 'beta2': 0.95, 'signal_len': 128, 'cheb_order': 2, 's': 6.913487296728489, 'batch_size': 128, 'k': 6}
Trial 6 finished with value 0.428949118 | dataset=ETTm1_336 | selection=last | epoch=150 | best_val_epoch=95 | test_MSE=0.444933131 | MAE=0.428949118 | RMSE=0.667033081 | params={'learning_rate': 0.04031163751241383, 'decay_rate': 0.03519739029118291, 'hidden_size': 32, 'beta1': 0.9, 'beta2': 0.99, 'signal_len': 16, 'cheb_order': 3, 's': 5.136529875834814, 'batch_size': 128, 'k': 4}
Trial 7 finished with value 0.423535841 | dataset=ETTm1_336 | selection=last | epoch=150 | best_val_epoch=46 | test_MSE=0.444105504 | MAE=0.423535841 | RMSE=0.666412413 | params={'learning_rate': 0.036502228215578664, 'decay_rate': 0.008589767566299412, 'hidden_size': 16, 'beta1': 0.95, 'beta2': 0.99, 'signal_len': 64, 'cheb_order': 3, 's': 6.564297008096474, 'batch_size': 128, 'k': 2}
Trial 8 finished with value 0.429951894 | dataset=ETTm1_336 | selection=last | epoch=150 | best_val_epoch=71 | test_MSE=0.448600420 | MAE=0.429951894 | RMSE=0.669776396 | params={'learning_rate': 0.009317788363958005, 'decay_rate': 0.04721917577529684, 'hidden_size': 16, 'beta1': 0.99, 'beta2': 0.99, 'signal_len': 128, 'cheb_order': 3, 's': 9.080374508059045, 'batch_size': 32, 'k': 6}
Trial 9 finished with value 0.425575295 | dataset=ETTm1_336 | selection=last | epoch=150 | best_val_epoch=57 | test_MSE=0.445382681 | MAE=0.425575295 | RMSE=0.667369973 | params={'learning_rate': 0.016007657369615166, 'decay_rate': 0.01917936006965318, 'hidden_size': 32, 'beta1': 0.9, 'beta2': 0.99, 'signal_len': 32, 'cheb_order': 3, 's': 1.328398190685331, 'batch_size': 256, 'k': 4}
Trial 10 finished with value 0.451754979 | dataset=ETTm1_336 | selection=last | epoch=150 | best_val_epoch=28 | test_MSE=0.466122241 | MAE=0.451754979 | RMSE=0.682731456 | params={'learning_rate': 0.04760253803654846, 'decay_rate': 0.001276049259700803, 'hidden_size': 64, 'beta1': 0.95, 'beta2': 0.999, 'signal_len': 64, 'cheb_order': 3, 's': 7.26587594064285, 'batch_size': 64, 'k': 2}
Trial 11 finished with value 0.424353338 | dataset=ETTm1_336 | selection=last | epoch=150 | best_val_epoch=55 | test_MSE=0.444575518 | MAE=0.424353338 | RMSE=0.666764964 | params={'learning_rate': 0.017708611205475917, 'decay_rate': 0.012999432331575536, 'hidden_size': 64, 'beta1': 0.95, 'beta2': 0.95, 'signal_len': 32, 'cheb_order': 3, 's': 3.411983168164797, 'batch_size': 512, 'k': 4}
Trial 12 finished with value 0.423465216 | dataset=ETTm1_336 | selection=last | epoch=150 | best_val_epoch=13 | test_MSE=0.444049000 | MAE=0.423465216 | RMSE=0.666370017 | params={'learning_rate': 0.01939917104259369, 'decay_rate': 0.00901325367733779, 'hidden_size': 64, 'beta1': 0.95, 'beta2': 0.95, 'signal_len': 32, 'cheb_order': 3, 's': 2.710197191729969, 'batch_size': 512, 'k': 2}
Trial 13 finished with value 0.424196483 | dataset=ETTm1_336 | selection=last | epoch=150 | best_val_epoch=37 | test_MSE=0.444515893 | MAE=0.424196483 | RMSE=0.666720251 | params={'learning_rate': 0.03306098218238344, 'decay_rate': 0.011969726367093717, 'hidden_size': 64, 'beta1': 0.95, 'beta2': 0.95, 'signal_len': 32, 'cheb_order': 3, 's': 1.2517069871937787, 'batch_size': 64, 'k': 2}
Trial 14 finished with value 0.423794453 | dataset=ETTm1_336 | selection=last | epoch=150 | best_val_epoch=54 | test_MSE=0.443695080 | MAE=0.423794453 | RMSE=0.666104406 | params={'learning_rate': 0.022528278297505748, 'decay_rate': 0.008073333040065519, 'hidden_size': 64, 'beta1': 0.95, 'beta2': 0.999, 'signal_len': 32, 'cheb_order': 3, 's': 2.668740235812652, 'batch_size': 128, 'k': 2}
Trial 15 finished with value 0.439562701 | dataset=ETTm1_336 | selection=last | epoch=150 | best_val_epoch=4 | test_MSE=0.438856826 | MAE=0.439562701 | RMSE=0.662462698 | params={'learning_rate': 0.0005293226455401409, 'decay_rate': 0.01191588890608115, 'hidden_size': 16, 'beta1': 0.95, 'beta2': 0.99, 'signal_len': 64, 'cheb_order': 3, 's': 6.625524188735556, 'batch_size': 512, 'k': 2}
Trial 16 finished with value 0.426389717 | dataset=ETTm1_336 | selection=last | epoch=150 | best_val_epoch=96 | test_MSE=0.445773201 | MAE=0.426389717 | RMSE=0.667662490 | params={'learning_rate': 0.040932311184452924, 'decay_rate': 0.006778140820630177, 'hidden_size': 64, 'beta1': 0.95, 'beta2': 0.95, 'signal_len': 64, 'cheb_order': 3, 's': 5.974723126348919, 'batch_size': 128, 'k': 2}
Trial 17 finished with value 0.425512530 | dataset=ETTm1_336 | selection=last | epoch=150 | best_val_epoch=13 | test_MSE=0.445408451 | MAE=0.425512530 | RMSE=0.667389280 | params={'learning_rate': 0.021985376581646073, 'decay_rate': 0.019249470396048282, 'hidden_size': 64, 'beta1': 0.95, 'beta2': 0.99, 'signal_len': 32, 'cheb_order': 3, 's': 2.4422065047154233, 'batch_size': 512, 'k': 4}
Trial 18 finished with value 0.423426033 | dataset=ETTm1_336 | selection=last | epoch=150 | best_val_epoch=108 | test_MSE=0.444253746 | MAE=0.423426033 | RMSE=0.666523628 | params={'learning_rate': 0.03293422184243647, 'decay_rate': 0.007122839773577898, 'hidden_size': 16, 'beta1': 0.95, 'beta2': 0.95, 'signal_len': 16, 'cheb_order': 2, 's': 7.861215998774989, 'batch_size': 32, 'k': 2}
Trial 19 finished with value 0.423356386 | dataset=ETTm1_336 | selection=last | epoch=150 | best_val_epoch=90 | test_MSE=0.440461826 | MAE=0.423356386 | RMSE=0.663672981 | params={'learning_rate': 0.010445578303074734, 'decay_rate': 0.003831094744318291, 'hidden_size': 32, 'beta1': 0.9, 'beta2': 0.95, 'signal_len': 16, 'cheb_order': 2, 's': 7.919004858122701, 'batch_size': 32, 'k': 2}
Trial 20 finished with value 0.422754541 | dataset=ETTm1_336 | selection=last | epoch=150 | best_val_epoch=52 | test_MSE=0.443652800 | MAE=0.422754541 | RMSE=0.666072668 | params={'learning_rate': 0.011944050149949592, 'decay_rate': 0.004517578232985145, 'hidden_size': 32, 'beta1': 0.9, 'beta2': 0.95, 'signal_len': 16, 'cheb_order': 2, 's': 8.195365956267542, 'batch_size': 32, 'k': 4}
Trial 21 finished with value 0.423085445 | dataset=ETTm1_336 | selection=last | epoch=150 | best_val_epoch=90 | test_MSE=0.440629397 | MAE=0.423085445 | RMSE=0.663799214 | params={'learning_rate': 0.01000498478389588, 'decay_rate': 0.003739372764831033, 'hidden_size': 32, 'beta1': 0.9, 'beta2': 0.95, 'signal_len': 16, 'cheb_order': 2, 's': 7.973103874397082, 'batch_size': 32, 'k': 4}
Trial 22 finished with value 0.424127662 | dataset=ETTm1_336 | selection=last | epoch=150 | best_val_epoch=90 | test_MSE=0.434740422 | MAE=0.424127662 | RMSE=0.659348483 | params={'learning_rate': 0.011359334229789263, 'decay_rate': 3.39436856997017e-05, 'hidden_size': 32, 'beta1': 0.9, 'beta2': 0.95, 'signal_len': 16, 'cheb_order': 2, 's': 7.972609613340198, 'batch_size': 32, 'k': 4}
Trial 23 finished with value 0.422616290 | dataset=ETTm1_336 | selection=last | epoch=150 | best_val_epoch=26 | test_MSE=0.443613718 | MAE=0.422616290 | RMSE=0.666043331 | params={'learning_rate': 0.001943297054534738, 'decay_rate': 0.0037088418794703447, 'hidden_size': 32, 'beta1': 0.9, 'beta2': 0.95, 'signal_len': 16, 'cheb_order': 2, 's': 9.941942803803641, 'batch_size': 32, 'k': 4}
Trial 24 finished with value 0.424912032 | dataset=ETTm1_336 | selection=last | epoch=150 | best_val_epoch=42 | test_MSE=0.444991187 | MAE=0.424912032 | RMSE=0.667076597 | params={'learning_rate': 0.003572933229490243, 'decay_rate': 0.015556541977780003, 'hidden_size': 32, 'beta1': 0.9, 'beta2': 0.95, 'signal_len': 16, 'cheb_order': 2, 's': 9.931153278077005, 'batch_size': 32, 'k': 4}
Trial 25 finished with value 0.422726106 | dataset=ETTm1_336 | selection=last | epoch=150 | best_val_epoch=1 | test_MSE=0.443633150 | MAE=0.422726106 | RMSE=0.666057918 | params={'learning_rate': 0.0061677901670114995, 'decay_rate': 0.004909274140120658, 'hidden_size': 32, 'beta1': 0.9, 'beta2': 0.95, 'signal_len': 16, 'cheb_order': 2, 's': 9.942041523651099, 'batch_size': 32, 'k': 4}
Trial 26 finished with value 0.429319405 | dataset=ETTm1_336 | selection=last | epoch=150 | best_val_epoch=72 | test_MSE=0.443427676 | MAE=0.429319405 | RMSE=0.665903654 | params={'learning_rate': 0.00028972562022277354, 'decay_rate': 0.023239583500570933, 'hidden_size': 32, 'beta1': 0.9, 'beta2': 0.95, 'signal_len': 16, 'cheb_order': 2, 's': 9.82784476552155, 'batch_size': 32, 'k': 4}
Trial 27 finished with value 0.429872593 | dataset=ETTm1_336 | selection=last | epoch=150 | best_val_epoch=72 | test_MSE=0.448422019 | MAE=0.429872593 | RMSE=0.669643202 | params={'learning_rate': 0.005524279550503507, 'decay_rate': 0.04640681152248512, 'hidden_size': 32, 'beta1': 0.9, 'beta2': 0.999, 'signal_len': 16, 'cheb_order': 2, 's': 8.837788267932863, 'batch_size': 32, 'k': 4}
Trial 28 finished with value 0.424304719 | dataset=ETTm1_336 | selection=last | epoch=150 | best_val_epoch=90 | test_MSE=0.440463014 | MAE=0.424304719 | RMSE=0.663673876 | params={'learning_rate': 0.013530032786587454, 'decay_rate': 0.004205725553253993, 'hidden_size': 32, 'beta1': 0.9, 'beta2': 0.95, 'signal_len': 16, 'cheb_order': 2, 's': 9.428995922042635, 'batch_size': 32, 'k': 4}
Trial 29 finished with value 0.429254575 | dataset=ETTm1_336 | selection=last | epoch=150 | best_val_epoch=45 | test_MSE=0.448069419 | MAE=0.429254575 | RMSE=0.669379877 | params={'learning_rate': 0.006286234928030685, 'decay_rate': 0.04240128229325578, 'hidden_size': 32, 'beta1': 0.9, 'beta2': 0.95, 'signal_len': 16, 'cheb_order': 2, 's': 8.543503870879292, 'batch_size': 256, 'k': 6}
Trial 30 finished with value 0.424664217 | dataset=ETTm1_336 | selection=last | epoch=150 | best_val_epoch=72 | test_MSE=0.444846366 | MAE=0.424664217 | RMSE=0.666968040 | params={'learning_rate': 0.0031215577418126743, 'decay_rate': 0.01470264271598155, 'hidden_size': 32, 'beta1': 0.9, 'beta2': 0.95, 'signal_len': 16, 'cheb_order': 2, 's': 9.946301058791278, 'batch_size': 64, 'k': 6}
Trial 31 finished with value 0.422869643 | dataset=ETTm1_336 | selection=last | epoch=150 | best_val_epoch=94 | test_MSE=0.441281945 | MAE=0.422869643 | RMSE=0.664290558 | params={'learning_rate': 0.007852113060540594, 'decay_rate': 0.00438611279099195, 'hidden_size': 32, 'beta1': 0.9, 'beta2': 0.95, 'signal_len': 16, 'cheb_order': 2, 's': 8.325063467541368, 'batch_size': 32, 'k': 4}
Trial 32 finished with value 0.423000898 | dataset=ETTm1_336 | selection=last | epoch=150 | best_val_epoch=88 | test_MSE=0.441276016 | MAE=0.423000898 | RMSE=0.664286095 | params={'learning_rate': 0.008354487119942428, 'decay_rate': 0.004722430585898159, 'hidden_size': 32, 'beta1': 0.9, 'beta2': 0.95, 'signal_len': 16, 'cheb_order': 2, 's': 8.495936107776794, 'batch_size': 32, 'k': 4}
Trial 33 finished with value 0.423612350 | dataset=ETTm1_336 | selection=last | epoch=150 | best_val_epoch=72 | test_MSE=0.444130095 | MAE=0.423612350 | RMSE=0.666430863 | params={'learning_rate': 0.0033133342549639035, 'decay_rate': 0.009671888517958846, 'hidden_size': 32, 'beta1': 0.9, 'beta2': 0.95, 'signal_len': 16, 'cheb_order': 2, 's': 9.209729792259472, 'batch_size': 32, 'k': 4}
Trial 34 finished with value 0.423031655 | dataset=ETTm1_336 | selection=last | epoch=150 | best_val_epoch=63 | test_MSE=0.443858568 | MAE=0.423031655 | RMSE=0.666227114 | params={'learning_rate': 0.013788364301540316, 'decay_rate': 0.005797717796171752, 'hidden_size': 32, 'beta1': 0.99, 'beta2': 0.95, 'signal_len': 16, 'cheb_order': 2, 's': 7.3448282275959915, 'batch_size': 32, 'k': 4}
Trial 35 finished with value 0.421680381 | dataset=ETTm1_336 | selection=last | epoch=150 | best_val_epoch=72 | test_MSE=0.442726213 | MAE=0.421680381 | RMSE=0.665376745 | params={'learning_rate': 0.006579709353499978, 'decay_rate': 0.0021754080825925415, 'hidden_size': 32, 'beta1': 0.9, 'beta2': 0.95, 'signal_len': 16, 'cheb_order': 2, 's': 8.521192635644482, 'batch_size': 32, 'k': 4}
Trial 36 finished with value 0.493317501 | dataset=ETTm1_336 | selection=last | epoch=150 | best_val_epoch=67 | test_MSE=0.524219181 | MAE=0.493317501 | RMSE=0.724029821 | params={'learning_rate': 0.012664278024340891, 'decay_rate': 0.00028117804707078996, 'hidden_size': 32, 'beta1': 0.9, 'beta2': 0.95, 'signal_len': 128, 'cheb_order': 2, 's': 9.468063150884205, 'batch_size': 32, 'k': 4}
Trial 37 finished with value 0.427157325 | dataset=ETTm1_336 | selection=last | epoch=150 | best_val_epoch=23 | test_MSE=0.446624977 | MAE=0.427157325 | RMSE=0.668300065 | params={'learning_rate': 0.005027323627558386, 'decay_rate': 0.02794187292952007, 'hidden_size': 32, 'beta1': 0.99, 'beta2': 0.999, 'signal_len': 16, 'cheb_order': 2, 's': 8.839530976064209, 'batch_size': 32, 'k': 4}
Trial 38 finished with value 0.425096485 | dataset=ETTm1_336 | selection=last | epoch=150 | best_val_epoch=64 | test_MSE=0.445120721 | MAE=0.425096485 | RMSE=0.667173681 | params={'learning_rate': 0.02620580869006843, 'decay_rate': 0.016275232393088868, 'hidden_size': 32, 'beta1': 0.9, 'beta2': 0.95, 'signal_len': 16, 'cheb_order': 2, 's': 5.594346945123381, 'batch_size': 256, 'k': 6}
Trial 39 finished with value 0.421939546 | dataset=ETTm1_336 | selection=last | epoch=150 | best_val_epoch=3 | test_MSE=0.443168162 | MAE=0.421939546 | RMSE=0.665708767 | params={'learning_rate': 0.0015689735864420412, 'decay_rate': 0.0017490526476082653, 'hidden_size': 32, 'beta1': 0.9, 'beta2': 0.95, 'signal_len': 128, 'cheb_order': 2, 's': 9.450816298381127, 'batch_size': 32, 'k': 4}
Trial 40 finished with value 0.500479565 | dataset=ETTm1_336 | selection=last | epoch=150 | best_val_epoch=3 | test_MSE=0.547362379 | MAE=0.500479565 | RMSE=0.739839428 | params={'learning_rate': 0.00044430097582145436, 'decay_rate': 0.0017264271894718367, 'hidden_size': 32, 'beta1': 0.9, 'beta2': 0.95, 'signal_len': 128, 'cheb_order': 2, 's': 9.603053460782787, 'batch_size': 32, 'k': 4}
Trial 41 finished with value 0.423931405 | dataset=ETTm1_336 | selection=last | epoch=150 | best_val_epoch=37 | test_MSE=0.444361362 | MAE=0.423931405 | RMSE=0.666604352 | params={'learning_rate': 0.0024110710552345815, 'decay_rate': 0.010475577518835402, 'hidden_size': 32, 'beta1': 0.9, 'beta2': 0.95, 'signal_len': 128, 'cheb_order': 2, 's': 9.019554859313578, 'batch_size': 32, 'k': 4}
Trial 42 finished with value 0.421738694 | dataset=ETTm1_336 | selection=last | epoch=150 | best_val_epoch=80 | test_MSE=0.442652762 | MAE=0.421738694 | RMSE=0.665321548 | params={'learning_rate': 0.006734539794944624, 'decay_rate': 0.0024404911147749464, 'hidden_size': 32, 'beta1': 0.9, 'beta2': 0.95, 'signal_len': 128, 'cheb_order': 2, 's': 9.520334527113977, 'batch_size': 32, 'k': 4}
Trial 43 finished with value 0.422013411 | dataset=ETTm1_336 | selection=last | epoch=150 | best_val_epoch=3 | test_MSE=0.443167875 | MAE=0.422013411 | RMSE=0.665708551 | params={'learning_rate': 0.006577919999112656, 'decay_rate': 0.002343449700998992, 'hidden_size': 32, 'beta1': 0.9, 'beta2': 0.95, 'signal_len': 128, 'cheb_order': 2, 's': 9.979306984685206, 'batch_size': 32, 'k': 4}
Trial 44 finished with value 0.421792362 | dataset=ETTm1_336 | selection=last | epoch=150 | best_val_epoch=22 | test_MSE=0.443094420 | MAE=0.421792362 | RMSE=0.665653378 | params={'learning_rate': 0.007451263969014753, 'decay_rate': 0.0019398537493422587, 'hidden_size': 32, 'beta1': 0.99, 'beta2': 0.95, 'signal_len': 128, 'cheb_order': 2, 's': 8.817135158787764, 'batch_size': 64, 'k': 4}
Trial 45 finished with value 0.421449410 | dataset=ETTm1_336 | selection=last | epoch=150 | best_val_epoch=87 | test_MSE=0.442484148 | MAE=0.421449410 | RMSE=0.665194819 | params={'learning_rate': 0.007473578162914257, 'decay_rate': 0.0021118615839974837, 'hidden_size': 32, 'beta1': 0.99, 'beta2': 0.999, 'signal_len': 128, 'cheb_order': 2, 's': 7.5122383521747285, 'batch_size': 64, 'k': 4}
Trial 46 finished with value 0.482853738 | dataset=ETTm1_336 | selection=last | epoch=150 | best_val_epoch=40 | test_MSE=0.531756044 | MAE=0.482853738 | RMSE=0.729216048 | params={'learning_rate': 0.015761843012576066, 'decay_rate': 0.00010002025117535843, 'hidden_size': 16, 'beta1': 0.99, 'beta2': 0.999, 'signal_len': 128, 'cheb_order': 2, 's': 7.426766021690241, 'batch_size': 64, 'k': 4}
Trial 47 finished with value 0.428425675 | dataset=ETTm1_336 | selection=last | epoch=150 | best_val_epoch=87 | test_MSE=0.447128047 | MAE=0.428425675 | RMSE=0.668676340 | params={'learning_rate': 0.008460781710761183, 'decay_rate': 0.036364635937083674, 'hidden_size': 32, 'beta1': 0.99, 'beta2': 0.999, 'signal_len': 128, 'cheb_order': 2, 's': 8.723455507220256, 'batch_size': 64, 'k': 6}
Trial 48 finished with value 0.423187695 | dataset=ETTm1_336 | selection=last | epoch=150 | best_val_epoch=35 | test_MSE=0.443896316 | MAE=0.423187695 | RMSE=0.666255444 | params={'learning_rate': 0.01615552261829791, 'decay_rate': 0.007278411389238088, 'hidden_size': 32, 'beta1': 0.99, 'beta2': 0.999, 'signal_len': 128, 'cheb_order': 2, 's': 4.595366217851883, 'batch_size': 64, 'k': 4}
Trial 49 finished with value 0.421962030 | dataset=ETTm1_336 | selection=last | epoch=150 | best_val_epoch=12 | test_MSE=0.443111675 | MAE=0.421962030 | RMSE=0.665666339 | params={'learning_rate': 0.004618487972087349, 'decay_rate': 0.0021541491210791547, 'hidden_size': 32, 'beta1': 0.99, 'beta2': 0.999, 'signal_len': 128, 'cheb_order': 2, 's': 7.022252055886288, 'batch_size': 64, 'k': 4}
Trial 50 finished with value 0.423829419 | dataset=ETTm1_336 | selection=last | epoch=150 | best_val_epoch=42 | test_MSE=0.444252965 | MAE=0.423829419 | RMSE=0.666523041 | params={'learning_rate': 0.021138947950996752, 'decay_rate': 0.010136641918255605, 'hidden_size': 16, 'beta1': 0.99, 'beta2': 0.99, 'signal_len': 128, 'cheb_order': 2, 's': 6.253619465620888, 'batch_size': 64, 'k': 4}
Trial 51 finished with value 0.466435644 | dataset=ETTm1_336 | selection=last | epoch=150 | best_val_epoch=13 | test_MSE=0.509336247 | MAE=0.466435644 | RMSE=0.713677972 | params={'learning_rate': 0.0048577669408675535, 'decay_rate': 0.0014872664358465686, 'hidden_size': 32, 'beta1': 0.99, 'beta2': 0.999, 'signal_len': 128, 'cheb_order': 2, 's': 7.1236136493559545, 'batch_size': 64, 'k': 4}
Trial 52 finished with value 0.462494476 | dataset=ETTm1_336 | selection=last | epoch=150 | best_val_epoch=64 | test_MSE=0.484512692 | MAE=0.462494476 | RMSE=0.696069459 | params={'learning_rate': 0.00745399631898647, 'decay_rate': 0.0024637956669542947, 'hidden_size': 32, 'beta1': 0.99, 'beta2': 0.999, 'signal_len': 128, 'cheb_order': 2, 's': 7.490969671764478, 'batch_size': 64, 'k': 4}
Trial 53 finished with value 0.422932962 | dataset=ETTm1_336 | selection=last | epoch=150 | best_val_epoch=20 | test_MSE=0.443679811 | MAE=0.422932962 | RMSE=0.666092945 | params={'learning_rate': 0.009082634465440574, 'decay_rate': 0.006490624172963232, 'hidden_size': 32, 'beta1': 0.99, 'beta2': 0.999, 'signal_len': 128, 'cheb_order': 2, 's': 9.167800753166757, 'batch_size': 64, 'k': 4}
Trial 54 finished with value 0.472831768 | dataset=ETTm1_336 | selection=last | epoch=150 | best_val_epoch=14 | test_MSE=0.527145231 | MAE=0.472831768 | RMSE=0.726047678 | params={'learning_rate': 0.004074308690312043, 'decay_rate': 0.0024446707452639572, 'hidden_size': 32, 'beta1': 0.99, 'beta2': 0.999, 'signal_len': 128, 'cheb_order': 2, 's': 6.651833567299693, 'batch_size': 64, 'k': 4}
