Trial 216 finished with value 0.030722736 | dataset=exchange | model=ufgtime_plus | val_MSE=0.002368344 | test_MSE=0.001957321 | MAE=0.030722736 | RMSE=0.044241622 | MAPE=9.420506859% | params={'learning_rate': 0.013095834027632938, 'decay_rate': 0.002193434442698435, 'hidden_size': 64, 'beta1': 0.9, 'beta2': 0.999, 'signal_len': 16, 'cheb_order': 3, 's': 6.328530829258754, 'batch_size': 16, 'k': 6}
Trial 217 finished with value 0.027586804 | dataset=exchange | model=ufgtime_plus | val_MSE=0.002066572 | test_MSE=0.001726678 | MAE=0.027586804 | RMSE=0.041553319 | MAPE=8.400146017% | params={'learning_rate': 0.014517528000654641, 'decay_rate': 8.157644568065977e-05, 'hidden_size': 16, 'beta1': 0.9, 'beta2': 0.999, 'signal_len': 16, 'cheb_order': 3, 's': 6.493145729770798, 'batch_size': 16, 'k': 6}
Trial 218 finished with value 0.030030426 | dataset=exchange | model=ufgtime_plus | val_MSE=0.002400768 | test_MSE=0.001897216 | MAE=0.030030426 | RMSE=0.043557038 | MAPE=9.340032242% | params={'learning_rate': 0.011352416091912959, 'decay_rate': 0.0017634950568603742, 'hidden_size': 16, 'beta1': 0.9, 'beta2': 0.999, 'signal_len': 16, 'cheb_order': 3, 's': 6.0489664433599675, 'batch_size': 16, 'k': 6}
Trial 219 finished with value 0.030704707 | dataset=exchange | model=ufgtime_plus | val_MSE=0.002309092 | test_MSE=0.001936538 | MAE=0.030704707 | RMSE=0.044006111 | MAPE=9.465645144% | params={'learning_rate': 0.012650183263401844, 'decay_rate': 0.0008509212814968312, 'hidden_size': 16, 'beta1': 0.9, 'beta2': 0.999, 'signal_len': 16, 'cheb_order': 3, 's': 5.768387416313947, 'batch_size': 16, 'k': 6}
Trial 220 finished with value 0.030996629 | dataset=exchange | model=ufgtime_plus | val_MSE=0.002409838 | test_MSE=0.001986283 | MAE=0.030996629 | RMSE=0.044567731 | MAPE=9.369807111% | params={'learning_rate': 0.010284367451902868, 'decay_rate': 0.002695287935571636, 'hidden_size': 16, 'beta1': 0.9, 'beta2': 0.999, 'signal_len': 16, 'cheb_order': 3, 's': 6.150252153702339, 'batch_size': 16, 'k': 6}
Trial 221 finished with value 0.026786406 | dataset=exchange | model=ufgtime_plus | val_MSE=0.002066089 | test_MSE=0.001684698 | MAE=0.026786406 | RMSE=0.041045072 | MAPE=8.100545134% | params={'learning_rate': 0.013176105420131189, 'decay_rate': 4.6226704283992326e-05, 'hidden_size': 16, 'beta1': 0.9, 'beta2': 0.999, 'signal_len': 16, 'cheb_order': 3, 's': 6.601122329375491, 'batch_size': 32, 'k': 6}
Trial 222 finished with value 0.026768534 | dataset=exchange | model=ufgtime_plus | val_MSE=0.002065246 | test_MSE=0.001684925 | MAE=0.026768534 | RMSE=0.041047834 | MAPE=8.093862311% | params={'learning_rate': 0.013629751716474183, 'decay_rate': 4.2358728735482904e-05, 'hidden_size': 16, 'beta1': 0.9, 'beta2': 0.999, 'signal_len': 16, 'cheb_order': 3, 's': 6.475130485689753, 'batch_size': 32, 'k': 6}
Trial 223 finished with value 0.029847067 | dataset=exchange | model=ufgtime_plus | val_MSE=0.002313614 | test_MSE=0.001874771 | MAE=0.029847067 | RMSE=0.043298632 | MAPE=9.206369905% | params={'learning_rate': 0.011669067082453306, 'decay_rate': 0.000971415203185046, 'hidden_size': 16, 'beta1': 0.9, 'beta2': 0.999, 'signal_len': 16, 'cheb_order': 3, 's': 6.3833906422216575, 'batch_size': 32, 'k': 6}
Trial 224 finished with value 0.029947011 | dataset=exchange | model=ufgtime_plus | val_MSE=0.002303649 | test_MSE=0.001880007 | MAE=0.029947011 | RMSE=0.043359044 | MAPE=9.290652867% | params={'learning_rate': 0.012984663750195283, 'decay_rate': 0.0009217001025891179, 'hidden_size': 16, 'beta1': 0.9, 'beta2': 0.999, 'signal_len': 16, 'cheb_order': 3, 's': 6.536786866698051, 'batch_size': 32, 'k': 6}
Trial 225 finished with value 0.030015958 | dataset=exchange | model=ufgtime_plus | val_MSE=0.002343724 | test_MSE=0.001901647 | MAE=0.030015958 | RMSE=0.043607879 | MAPE=9.101000263% | params={'learning_rate': 0.014696124064314657, 'decay_rate': 0.0016403090793556197, 'hidden_size': 16, 'beta1': 0.9, 'beta2': 0.999, 'signal_len': 16, 'cheb_order': 3, 's': 6.2977941682175125, 'batch_size': 16, 'k': 6}
Trial 226 finished with value 0.026696175 | dataset=exchange | model=ufgtime_plus | val_MSE=0.002063925 | test_MSE=0.001684870 | MAE=0.026696175 | RMSE=0.041047166 | MAPE=8.067441053% | params={'learning_rate': 0.013328416582867339, 'decay_rate': 3.137090667999584e-05, 'hidden_size': 16, 'beta1': 0.9, 'beta2': 0.999, 'signal_len': 16, 'cheb_order': 3, 's': 6.550601385375646, 'batch_size': 32, 'k': 6}
Trial 227 finished with value 0.027265044 | dataset=exchange | model=ufgtime_plus | val_MSE=0.002047293 | test_MSE=0.001728398 | MAE=0.027265044 | RMSE=0.041574010 | MAPE=8.306127218% | params={'learning_rate': 0.01385146169061675, 'decay_rate': 1.8059407979989457e-05, 'hidden_size': 32, 'beta1': 0.9, 'beta2': 0.999, 'signal_len': 16, 'cheb_order': 3, 's': 6.537595027387802, 'batch_size': 32, 'k': 6}
Trial 228 finished with value 0.032461141 | dataset=exchange | model=ufgtime_plus | val_MSE=0.002402129 | test_MSE=0.002073776 | MAE=0.032461141 | RMSE=0.045538731 | MAPE=10.122143994% | params={'learning_rate': 0.0121261428924195, 'decay_rate': 0.001794318615184097, 'hidden_size': 16, 'beta1': 0.9, 'beta2': 0.999, 'signal_len': 16, 'cheb_order': 3, 's': 6.253003451375095, 'batch_size': 32, 'k': 6}
Trial 229 finished with value 0.029726965 | dataset=exchange | model=ufgtime_plus | val_MSE=0.002314578 | test_MSE=0.001866311 | MAE=0.029726965 | RMSE=0.043200817 | MAPE=9.166040569% | params={'learning_rate': 0.010974993879394143, 'decay_rate': 0.0009469429719856345, 'hidden_size': 16, 'beta1': 0.9, 'beta2': 0.999, 'signal_len': 16, 'cheb_order': 3, 's': 6.075117552048093, 'batch_size': 32, 'k': 6}
Trial 230 finished with value 0.026594170 | dataset=exchange | model=ufgtime_plus | val_MSE=0.002070897 | test_MSE=0.001679631 | MAE=0.026594170 | RMSE=0.040983306 | MAPE=8.033329318% | params={'learning_rate': 0.008570665652798497, 'decay_rate': 2.9743618007757345e-05, 'hidden_size': 16, 'beta1': 0.9, 'beta2': 0.999, 'signal_len': 16, 'cheb_order': 3, 's': 6.695017069863695, 'batch_size': 32, 'k': 6}
Trial 231 finished with value 0.029580668 | dataset=exchange | model=ufgtime_plus | val_MSE=0.002312119 | test_MSE=0.001855554 | MAE=0.029580668 | RMSE=0.043076136 | MAPE=9.108075218% | params={'learning_rate': 0.008567899163121723, 'decay_rate': 0.000903218428071917, 'hidden_size': 16, 'beta1': 0.9, 'beta2': 0.999, 'signal_len': 16, 'cheb_order': 3, 's': 6.663321671219994, 'batch_size': 32, 'k': 6}
Trial 232 finished with value 0.026998430 | dataset=exchange | model=ufgtime_plus | val_MSE=0.002048622 | test_MSE=0.001710599 | MAE=0.026998430 | RMSE=0.041359382 | MAPE=8.093394851% | params={'learning_rate': 0.009569681061738864, 'decay_rate': 2.4200128585104043e-05, 'hidden_size': 16, 'beta1': 0.9, 'beta2': 0.999, 'signal_len': 16, 'cheb_order': 3, 's': 6.482910823829958, 'batch_size': 32, 'k': 6}
Trial 233 finished with value 0.029497072 | dataset=exchange | model=ufgtime_plus | val_MSE=0.002312621 | test_MSE=0.001849631 | MAE=0.029497072 | RMSE=0.043007335 | MAPE=9.075617290% | params={'learning_rate': 0.009558216704339489, 'decay_rate': 0.000884832701508334, 'hidden_size': 16, 'beta1': 0.9, 'beta2': 0.999, 'signal_len': 16, 'cheb_order': 3, 's': 6.471794554474199, 'batch_size': 32, 'k': 6}
Trial 234 finished with value 0.026649710 | dataset=exchange | model=ufgtime_plus | val_MSE=0.002055856 | test_MSE=0.001683732 | MAE=0.026649710 | RMSE=0.041033308 | MAPE=8.036663086% | params={'learning_rate': 0.008021323277536527, 'decay_rate': 1.7438786361106424e-05, 'hidden_size': 16, 'beta1': 0.9, 'beta2': 0.999, 'signal_len': 16, 'cheb_order': 3, 's': 6.8481114535966485, 'batch_size': 32, 'k': 6}
Trial 235 finished with value 0.027069568 | dataset=exchange | model=ufgtime_plus | val_MSE=0.002049280 | test_MSE=0.001713591 | MAE=0.027069568 | RMSE=0.041395540 | MAPE=8.149880587% | params={'learning_rate': 0.008164699406246562, 'decay_rate': 1.5266943633157323e-05, 'hidden_size': 16, 'beta1': 0.9, 'beta2': 0.999, 'signal_len': 16, 'cheb_order': 3, 's': 6.796615822524875, 'batch_size': 32, 'k': 6}
Trial 236 finished with value 0.030746667 | dataset=exchange | model=ufgtime_plus | val_MSE=0.002372218 | test_MSE=0.001942895 | MAE=0.030746667 | RMSE=0.044078288 | MAPE=9.580668699% | params={'learning_rate': 0.007456661802135014, 'decay_rate': 0.0018475553827506166, 'hidden_size': 16, 'beta1': 0.9, 'beta2': 0.999, 'signal_len': 16, 'cheb_order': 3, 's': 6.852926658388344, 'batch_size': 32, 'k': 6}
Trial 237 finished with value 0.027113739 | dataset=exchange | model=ufgtime_plus | val_MSE=0.002049626 | test_MSE=0.001709184 | MAE=0.027113739 | RMSE=0.041342281 | MAPE=8.181228041% | params={'learning_rate': 0.008416294849140568, 'decay_rate': 3.722249211262256e-05, 'hidden_size': 16, 'beta1': 0.9, 'beta2': 0.999, 'signal_len': 16, 'cheb_order': 3, 's': 6.414776182304027, 'batch_size': 32, 'k': 6}
Trial 238 finished with value 0.027417873 | dataset=exchange | model=ufgtime_plus | val_MSE=0.002061034 | test_MSE=0.001719803 | MAE=0.027417873 | RMSE=0.041470508 | MAPE=8.254469311% | params={'learning_rate': 0.008507940089971414, 'decay_rate': 5.000319021912698e-05, 'hidden_size': 16, 'beta1': 0.9, 'beta2': 0.999, 'signal_len': 16, 'cheb_order': 3, 's': 6.4138117184628305, 'batch_size': 32, 'k': 6}
Trial 239 finished with value 0.029935767 | dataset=exchange | model=ufgtime_plus | val_MSE=0.002380077 | test_MSE=0.001885772 | MAE=0.029935767 | RMSE=0.043425482 | MAPE=9.303524713% | params={'learning_rate': 0.007928603811825625, 'decay_rate': 0.0016434791812996508, 'hidden_size': 16, 'beta1': 0.9, 'beta2': 0.999, 'signal_len': 16, 'cheb_order': 3, 's': 6.784564996544017, 'batch_size': 32, 'k': 6}
Trial 240 finished with value 0.033236946 | dataset=exchange | model=ufgtime_plus | val_MSE=0.002450167 | test_MSE=0.002128383 | MAE=0.033236946 | RMSE=0.046134406 | MAPE=10.268964634% | params={'learning_rate': 0.009388519307903048, 'decay_rate': 0.0024800093670372934, 'hidden_size': 16, 'beta1': 0.9, 'beta2': 0.999, 'signal_len': 16, 'cheb_order': 3, 's': 6.493469931022857, 'batch_size': 32, 'k': 6}
Trial 241 finished with value 0.045056574 | dataset=exchange | model=ufgtime_plus | val_MSE=0.005779722 | test_MSE=0.003469499 | MAE=0.045056574 | RMSE=0.058902451 | MAPE=15.236549426% | params={'learning_rate': 0.006933221425541622, 'decay_rate': 0.023242673695147098, 'hidden_size': 16, 'beta1': 0.9, 'beta2': 0.999, 'signal_len': 16, 'cheb_order': 3, 's': 6.303577896554729, 'batch_size': 32, 'k': 6}
Trial 242 finished with value 0.026885612 | dataset=exchange | model=ufgtime_plus | val_MSE=0.002051867 | test_MSE=0.001693809 | MAE=0.026885612 | RMSE=0.041155914 | MAPE=8.113868089% | params={'learning_rate': 0.010057442348687889, 'decay_rate': 2.859722861693289e-05, 'hidden_size': 16, 'beta1': 0.9, 'beta2': 0.999, 'signal_len': 16, 'cheb_order': 3, 's': 6.59868986141874, 'batch_size': 32, 'k': 6}
Trial 243 finished with value 0.027211347 | dataset=exchange | model=ufgtime_plus | val_MSE=0.002054328 | test_MSE=0.001713400 | MAE=0.027211347 | RMSE=0.041393239 | MAPE=8.194026355% | params={'learning_rate': 0.009532375975218627, 'decay_rate': 3.1688978403352855e-05, 'hidden_size': 16, 'beta1': 0.9, 'beta2': 0.999, 'signal_len': 16, 'cheb_order': 3, 's': 6.5866001615747996, 'batch_size': 32, 'k': 6}
Trial 244 finished with value 0.029773909 | dataset=exchange | model=ufgtime_plus | val_MSE=0.002327485 | test_MSE=0.001870808 | MAE=0.029773909 | RMSE=0.043252834 | MAPE=9.194015553% | params={'learning_rate': 0.010618880255240073, 'decay_rate': 0.0010644267585941769, 'hidden_size': 16, 'beta1': 0.9, 'beta2': 0.999, 'signal_len': 16, 'cheb_order': 3, 's': 6.7305451714932145, 'batch_size': 32, 'k': 6}
Trial 245 finished with value 0.027079167 | dataset=exchange | model=ufgtime_plus | val_MSE=0.002048960 | test_MSE=0.001710572 | MAE=0.027079167 | RMSE=0.041359065 | MAPE=8.163692311% | params={'learning_rate': 0.008122631508823957, 'decay_rate': 2.6428917302789478e-05, 'hidden_size': 16, 'beta1': 0.9, 'beta2': 0.999, 'signal_len': 16, 'cheb_order': 3, 's': 6.659502527499269, 'batch_size': 32, 'k': 6}
Trial 246 finished with value 0.029186444 | dataset=exchange | model=ufgtime_plus | val_MSE=0.002312725 | test_MSE=0.001837316 | MAE=0.029186444 | RMSE=0.042863929 | MAPE=8.793641907% | params={'learning_rate': 0.007663642412982457, 'decay_rate': 0.0010003085725421533, 'hidden_size': 16, 'beta1': 0.9, 'beta2': 0.999, 'signal_len': 16, 'cheb_order': 3, 's': 6.7813243253557856, 'batch_size': 32, 'k': 6}
Trial 247 finished with value 0.027582290 | dataset=exchange | model=ufgtime_plus | val_MSE=0.002049382 | test_MSE=0.001745474 | MAE=0.027582290 | RMSE=0.041778866 | MAPE=8.361449789% | params={'learning_rate': 0.010290903548561672, 'decay_rate': 1.3479324495026492e-05, 'hidden_size': 16, 'beta1': 0.9, 'beta2': 0.999, 'signal_len': 16, 'cheb_order': 3, 's': 6.920188860236264, 'batch_size': 32, 'k': 6}
Trial 248 finished with value 0.029896919 | dataset=exchange | model=ufgtime_plus | val_MSE=0.002342267 | test_MSE=0.001880879 | MAE=0.029896919 | RMSE=0.043369098 | MAPE=9.254491288% | params={'learning_rate': 0.011119224770966779, 'decay_rate': 0.0012487835049317469, 'hidden_size': 16, 'beta1': 0.9, 'beta2': 0.999, 'signal_len': 16, 'cheb_order': 3, 's': 6.595036013359762, 'batch_size': 32, 'k': 6}
Trial 249 finished with value 0.029559174 | dataset=exchange | model=ufgtime_plus | val_MSE=0.002316035 | test_MSE=0.001854412 | MAE=0.029559174 | RMSE=0.043062887 | MAPE=9.101703078% | params={'learning_rate': 0.009102027507820666, 'decay_rate': 0.0009246897252128521, 'hidden_size': 16, 'beta1': 0.9, 'beta2': 0.999, 'signal_len': 16, 'cheb_order': 3, 's': 6.706828173448829, 'batch_size': 32, 'k': 6}
Trial 250 finished with value 0.029584088 | dataset=exchange | model=ufgtime_plus | val_MSE=0.002357028 | test_MSE=0.001869079 | MAE=0.029584088 | RMSE=0.043232842 | MAPE=9.003273489% | params={'learning_rate': 0.006979959097934412, 'decay_rate': 0.001920560518459784, 'hidden_size': 16, 'beta1': 0.9, 'beta2': 0.999, 'signal_len': 16, 'cheb_order': 3, 's': 6.236124958078999, 'batch_size': 32, 'k': 6}
Trial 251 finished with value 0.029581849 | dataset=exchange | model=ufgtime_plus | val_MSE=0.002308961 | test_MSE=0.001859910 | MAE=0.029581849 | RMSE=0.043126669 | MAPE=9.094871999% | params={'learning_rate': 0.012230087564627517, 'decay_rate': 0.0009035951884092831, 'hidden_size': 16, 'beta1': 0.9, 'beta2': 0.999, 'signal_len': 16, 'cheb_order': 3, 's': 6.9980774600225155, 'batch_size': 32, 'k': 6}
Trial 252 finished with value 0.027253320 | dataset=exchange | model=ufgtime_plus | val_MSE=0.002056302 | test_MSE=0.001713056 | MAE=0.027253320 | RMSE=0.041389084 | MAPE=8.226543068% | params={'learning_rate': 0.009863565101218042, 'decay_rate': 4.735298962191294e-05, 'hidden_size': 16, 'beta1': 0.9, 'beta2': 0.999, 'signal_len': 16, 'cheb_order': 3, 's': 6.548156474771608, 'batch_size': 32, 'k': 6}
Trial 253 finished with value 0.030407107 | dataset=exchange | model=ufgtime_plus | val_MSE=0.002413135 | test_MSE=0.001921912 | MAE=0.030407107 | RMSE=0.043839614 | MAPE=9.527607511% | params={'learning_rate': 0.008060743399820455, 'decay_rate': 0.002499355697353407, 'hidden_size': 32, 'beta1': 0.9, 'beta2': 0.999, 'signal_len': 16, 'cheb_order': 3, 's': 6.8649205654478465, 'batch_size': 32, 'k': 6}
Trial 254 finished with value 0.031778868 | dataset=exchange | model=ufgtime_plus | val_MSE=0.002370436 | test_MSE=0.002028120 | MAE=0.031778868 | RMSE=0.045034655 | MAPE=9.815606214% | params={'learning_rate': 0.011498245673975645, 'decay_rate': 0.0016285168285983477, 'hidden_size': 16, 'beta1': 0.9, 'beta2': 0.999, 'signal_len': 16, 'cheb_order': 3, 's': 6.381866757734846, 'batch_size': 32, 'k': 6}
Trial 255 finished with value 0.036449328 | dataset=exchange | model=ufgtime_plus | val_MSE=0.002904539 | test_MSE=0.002415063 | MAE=0.036449328 | RMSE=0.049143295 | MAPE=12.546992003% | params={'learning_rate': 0.008846084296795235, 'decay_rate': 0.010867520740415002, 'hidden_size': 64, 'beta1': 0.9, 'beta2': 0.999, 'signal_len': 16, 'cheb_order': 3, 's': 6.636660352076794, 'batch_size': 32, 'k': 6}
Trial 256 finished with value 0.029329725 | dataset=exchange | model=ufgtime_plus | val_MSE=0.002321545 | test_MSE=0.001848783 | MAE=0.029329725 | RMSE=0.042997472 | MAPE=8.838173970% | params={'learning_rate': 0.006054951841678912, 'decay_rate': 0.001062640642440033, 'hidden_size': 16, 'beta1': 0.9, 'beta2': 0.999, 'signal_len': 16, 'cheb_order': 3, 's': 6.247901928761155, 'batch_size': 32, 'k': 6}
Trial 257 finished with value 0.032140399 | dataset=exchange | model=ufgtime_plus | val_MSE=0.002422941 | test_MSE=0.002047661 | MAE=0.032140399 | RMSE=0.045251090 | MAPE=10.245199387% | params={'learning_rate': 0.013293120262499257, 'decay_rate': 0.003077218686243604, 'hidden_size': 16, 'beta1': 0.9, 'beta2': 0.999, 'signal_len': 16, 'cheb_order': 3, 's': 6.7535067564261695, 'batch_size': 32, 'k': 6}
Trial 258 finished with value 0.029536349 | dataset=exchange | model=ufgtime_plus | val_MSE=0.002333091 | test_MSE=0.001854256 | MAE=0.029536349 | RMSE=0.043061068 | MAPE=9.099941613% | params={'learning_rate': 0.010267940947564981, 'decay_rate': 0.0010312842733037203, 'hidden_size': 16, 'beta1': 0.9, 'beta2': 0.999, 'signal_len': 16, 'cheb_order': 3, 's': 6.98310943687897, 'batch_size': 32, 'k': 6}
Trial 259 finished with value 0.089889830 | dataset=exchange | model=ufgtime_plus | val_MSE=0.053733072 | test_MSE=0.011924909 | MAE=0.089889830 | RMSE=0.109201232 | MAPE=21.687711620% | params={'learning_rate': 0.006543202251776044, 'decay_rate': 0.027269098944240847, 'hidden_size': 16, 'beta1': 0.9, 'beta2': 0.999, 'signal_len': 16, 'cheb_order': 3, 's': 6.468665709233103, 'batch_size': 32, 'k': 6}
Trial 260 finished with value 0.030797339 | dataset=exchange | model=ufgtime_plus | val_MSE=0.002401216 | test_MSE=0.001963366 | MAE=0.030797339 | RMSE=0.044309881 | MAPE=9.485874314% | params={'learning_rate': 0.012419072464967968, 'decay_rate': 0.0019449330963632351, 'hidden_size': 16, 'beta1': 0.9, 'beta2': 0.999, 'signal_len': 16, 'cheb_order': 3, 's': 6.567123650484463, 'batch_size': 32, 'k': 6}
Trial 261 finished with value 0.027546160 | dataset=exchange | model=ufgtime_plus | val_MSE=0.002070022 | test_MSE=0.001715866 | MAE=0.027546160 | RMSE=0.041423017 | MAPE=8.369006836% | params={'learning_rate': 0.011606550366217458, 'decay_rate': 9.608090677675968e-05, 'hidden_size': 16, 'beta1': 0.9, 'beta2': 0.999, 'signal_len': 16, 'cheb_order': 3, 's': 6.838819872412125, 'batch_size': 32, 'k': 6}
Trial 262 finished with value 0.026892487 | dataset=exchange | model=ufgtime_plus | val_MSE=0.002057266 | test_MSE=0.001689152 | MAE=0.026892487 | RMSE=0.041099299 | MAPE=8.158069850% | params={'learning_rate': 0.007579243549169733, 'decay_rate': 6.374353574201672e-05, 'hidden_size': 16, 'beta1': 0.9, 'beta2': 0.999, 'signal_len': 16, 'cheb_order': 2, 's': 3.4875981219732766, 'batch_size': 128, 'k': 6}
Trial 263 finished with value 0.030468342 | dataset=exchange | model=ufgtime_plus | val_MSE=0.002311363 | test_MSE=0.001923705 | MAE=0.030468342 | RMSE=0.043860062 | MAPE=9.375096221% | params={'learning_rate': 0.005761913709005917, 'decay_rate': 0.000991167136591428, 'hidden_size': 16, 'beta1': 0.9, 'beta2': 0.999, 'signal_len': 16, 'cheb_order': 2, 's': 2.7672771509377325, 'batch_size': 128, 'k': 6}
Trial 264 finished with value 0.026609584 | dataset=exchange | model=ufgtime_plus | val_MSE=0.002050218 | test_MSE=0.001687503 | MAE=0.026609584 | RMSE=0.041079232 | MAPE=8.032179153% | params={'learning_rate': 0.03636304337509439, 'decay_rate': 1.5272906966147522e-05, 'hidden_size': 16, 'beta1': 0.9, 'beta2': 0.999, 'signal_len': 16, 'cheb_order': 2, 's': 4.151391510847441, 'batch_size': 128, 'k': 6}
Trial 265 finished with value 0.065272610 | dataset=exchange | model=ufgtime_plus | val_MSE=0.015726696 | test_MSE=0.007025821 | MAE=0.065272610 | RMSE=0.083820173 | MAPE=18.176490722% | params={'learning_rate': 0.041519324435583725, 'decay_rate': 0.03610217349343729, 'hidden_size': 32, 'beta1': 0.9, 'beta2': 0.999, 'signal_len': 16, 'cheb_order': 2, 's': 3.9258002941422934, 'batch_size': 128, 'k': 6}
Trial 266 finished with value 0.072480067 | dataset=exchange | model=ufgtime_plus | val_MSE=0.019586929 | test_MSE=0.008593806 | MAE=0.072480067 | RMSE=0.092702785 | MAPE=19.743209944% | params={'learning_rate': 0.013233480863802808, 'decay_rate': 0.04296405563040695, 'hidden_size': 16, 'beta1': 0.9, 'beta2': 0.999, 'signal_len': 16, 'cheb_order': 2, 's': 4.221460651427413, 'batch_size': 128, 'k': 6}
Trial 267 finished with value 0.030734149 | dataset=exchange | model=ufgtime_plus | val_MSE=0.002362694 | test_MSE=0.001953904 | MAE=0.030734149 | RMSE=0.044202987 | MAPE=9.538101643% | params={'learning_rate': 0.03630465735260791, 'decay_rate': 0.0019816464706645842, 'hidden_size': 16, 'beta1': 0.9, 'beta2': 0.999, 'signal_len': 16, 'cheb_order': 2, 's': 3.32424045126665, 'batch_size': 128, 'k': 2}
Trial 268 finished with value 0.030358121 | dataset=exchange | model=ufgtime_plus | val_MSE=0.002318396 | test_MSE=0.001915202 | MAE=0.030358121 | RMSE=0.043763020 | MAPE=9.310050568% | params={'learning_rate': 0.005012331028772792, 'decay_rate': 0.001036006591168029, 'hidden_size': 16, 'beta1': 0.9, 'beta2': 0.999, 'signal_len': 16, 'cheb_order': 2, 's': 1.9007433051513525, 'batch_size': 128, 'k': 5}
Trial 269 finished with value 0.031224381 | dataset=exchange | model=ufgtime_plus | val_MSE=0.002431610 | test_MSE=0.001983426 | MAE=0.031224381 | RMSE=0.044535666 | MAPE=9.842743667% | params={'learning_rate': 0.03416662868656656, 'decay_rate': 0.002840195819785644, 'hidden_size': 16, 'beta1': 0.9, 'beta2': 0.999, 'signal_len': 16, 'cheb_order': 2, 's': 6.04252431731127, 'batch_size': 128, 'k': 6}
