Trial 593 finished with value 0.030754174 | dataset=exchange | model=ufgtime_plus | val_MSE=0.002450187 | test_MSE=0.001942788 | MAE=0.030754174 | RMSE=0.044077064 | MAPE=9.633636303% | params={'learning_rate': 0.005600550182813874, 'decay_rate': 0.0024631938366333475, 'hidden_size': 16, 'beta1': 0.9, 'beta2': 0.999, 'signal_len': 16, 'cheb_order': 3, 's': 3.0430739200166412, 'batch_size': 128, 'k': 6}
Trial 594 finished with value 0.032071583 | dataset=exchange | model=ufgtime_plus | val_MSE=0.002742411 | test_MSE=0.002054400 | MAE=0.032071583 | RMSE=0.045325494 | MAPE=10.395440918% | params={'learning_rate': 0.008692983495148089, 'decay_rate': 0.006113233226974746, 'hidden_size': 32, 'beta1': 0.9, 'beta2': 0.999, 'signal_len': 16, 'cheb_order': 3, 's': 2.733510228939908, 'batch_size': 128, 'k': 6}
Trial 595 finished with value 0.026887816 | dataset=exchange | model=ufgtime_plus | val_MSE=0.002055561 | test_MSE=0.001693047 | MAE=0.026887816 | RMSE=0.041146650 | MAPE=8.154459403% | params={'learning_rate': 0.011793634117554498, 'decay_rate': 3.2248242010518756e-05, 'hidden_size': 16, 'beta1': 0.9, 'beta2': 0.999, 'signal_len': 16, 'cheb_order': 3, 's': 2.378691032873798, 'batch_size': 128, 'k': 7}
Trial 596 finished with value 0.031705518 | dataset=exchange | model=ufgtime_plus | val_MSE=0.002373915 | test_MSE=0.002003629 | MAE=0.031705518 | RMSE=0.044761914 | MAPE=9.979877780% | params={'learning_rate': 0.004544561697816314, 'decay_rate': 0.0016017462397241676, 'hidden_size': 32, 'beta1': 0.9, 'beta2': 0.999, 'signal_len': 16, 'cheb_order': 2, 's': 6.40482366199297, 'batch_size': 32, 'k': 6}
Trial 597 finished with value 0.029827870 | dataset=exchange | model=ufgtime_plus | val_MSE=0.002320281 | test_MSE=0.001889546 | MAE=0.029827870 | RMSE=0.043468904 | MAPE=9.126580006% | params={'learning_rate': 0.003085656283206455, 'decay_rate': 0.000894521755283272, 'hidden_size': 16, 'beta1': 0.9, 'beta2': 0.999, 'signal_len': 16, 'cheb_order': 3, 's': 6.797229684923352, 'batch_size': 64, 'k': 6}
Trial 598 finished with value 0.026694117 | dataset=exchange | model=ufgtime_plus | val_MSE=0.002058409 | test_MSE=0.001686955 | MAE=0.026694117 | RMSE=0.041072553 | MAPE=8.095946221% | params={'learning_rate': 0.007686474225390609, 'decay_rate': 2.033848551583042e-05, 'hidden_size': 32, 'beta1': 0.9, 'beta2': 0.999, 'signal_len': 16, 'cheb_order': 3, 's': 5.810038836712804, 'batch_size': 128, 'k': 6}
Trial 599 finished with value 0.030982254 | dataset=exchange | model=ufgtime_plus | val_MSE=0.002384856 | test_MSE=0.001966607 | MAE=0.030982254 | RMSE=0.044346438 | MAPE=9.669978118% | params={'learning_rate': 0.008784631212714639, 'decay_rate': 0.0024348178071305917, 'hidden_size': 16, 'beta1': 0.9, 'beta2': 0.999, 'signal_len': 16, 'cheb_order': 2, 's': 6.962949800927919, 'batch_size': 128, 'k': 6}
Best trial 315 | value=0.026396296 | dataset=exchange | model=ufgtime_plus | params={'learning_rate': 0.0039877064453043305, 'decay_rate': 1.1328129014050974e-05, 'hidden_size': 16, 'beta1': 0.9, 'beta2': 0.999, 'signal_len': 16, 'cheb_order': 3, 's': 7.08752455402401, 'batch_size': 16, 'k': 5} | val_MSE=0.002061824 | test_MSE=0.001676416 | MAE=0.026396296 | RMSE=0.040944064 | MAPE=7.919255828%
