Trial 108 finished with value 0.031400156 | dataset=exchange | model=ufgtime_plus | val_MSE=0.002420738 | test_MSE=0.001994794 | MAE=0.031400156 | RMSE=0.044663118 | MAPE=9.989526538% | params={'learning_rate': 0.010929538595500521, 'decay_rate': 0.002302442497850993, 'hidden_size': 16, 'beta1': 0.9, 'beta2': 0.999, 'signal_len': 8, 'cheb_order': 2, 's': 5.065267467389204, 'batch_size': 16, 'k': 3}
Trial 109 finished with value 0.030101162 | dataset=exchange | model=ufgtime_plus | val_MSE=0.002348754 | test_MSE=0.001893896 | MAE=0.030101162 | RMSE=0.043518910 | MAPE=9.307155375% | params={'learning_rate': 0.023395144337491458, 'decay_rate': 0.0010869568291767395, 'hidden_size': 32, 'beta1': 0.9, 'beta2': 0.999, 'signal_len': 8, 'cheb_order': 3, 's': 6.937506173885253, 'batch_size': 32, 'k': 4}
Trial 110 finished with value 0.041537830 | dataset=exchange | model=ufgtime_plus | val_MSE=0.005535376 | test_MSE=0.003075646 | MAE=0.041537830 | RMSE=0.055458506 | MAPE=13.058777957% | params={'learning_rate': 0.013227918122175381, 'decay_rate': 0.016128582282156845, 'hidden_size': 16, 'beta1': 0.9, 'beta2': 0.999, 'signal_len': 8, 'cheb_order': 3, 's': 9.417248101618899, 'batch_size': 256, 'k': 6}
Trial 111 finished with value 0.028764037 | dataset=exchange | model=ufgtime_plus | val_MSE=0.002196584 | test_MSE=0.001789014 | MAE=0.028764037 | RMSE=0.042296736 | MAPE=8.791781493% | params={'learning_rate': 0.017790644501472518, 'decay_rate': 0.00037706781586063786, 'hidden_size': 16, 'beta1': 0.9, 'beta2': 0.999, 'signal_len': 8, 'cheb_order': 3, 's': 6.487800881472518, 'batch_size': 16, 'k': 3}
Trial 112 finished with value 0.032420507 | dataset=exchange | model=ufgtime_plus | val_MSE=0.002395594 | test_MSE=0.002061140 | MAE=0.032420507 | RMSE=0.045399779 | MAPE=10.235317604% | params={'learning_rate': 0.016121995422072287, 'decay_rate': 0.0021314467641100373, 'hidden_size': 16, 'beta1': 0.9, 'beta2': 0.999, 'signal_len': 8, 'cheb_order': 3, 's': 5.487459211155063, 'batch_size': 64, 'k': 3}
Trial 113 finished with value 0.032532612 | dataset=exchange | model=ufgtime_plus | val_MSE=0.002427995 | test_MSE=0.002074844 | MAE=0.032532612 | RMSE=0.045550457 | MAPE=10.486179529% | params={'learning_rate': 0.024873931611342166, 'decay_rate': 0.004211229641295678, 'hidden_size': 16, 'beta1': 0.9, 'beta2': 0.999, 'signal_len': 8, 'cheb_order': 3, 's': 5.928536255929638, 'batch_size': 16, 'k': 3}
Trial 114 finished with value 0.027553800 | dataset=exchange | model=ufgtime_plus | val_MSE=0.002089673 | test_MSE=0.001711865 | MAE=0.027553800 | RMSE=0.041374694 | MAPE=8.402068375% | params={'learning_rate': 0.01459857035657462, 'decay_rate': 0.0001338596177401977, 'hidden_size': 16, 'beta1': 0.9, 'beta2': 0.999, 'signal_len': 8, 'cheb_order': 3, 's': 5.698323821530102, 'batch_size': 64, 'k': 3}
Trial 115 finished with value 0.033246665 | dataset=exchange | model=ufgtime_plus | val_MSE=0.002419202 | test_MSE=0.002137062 | MAE=0.033246665 | RMSE=0.046228373 | MAPE=10.735151056% | params={'learning_rate': 0.014371821067347867, 'decay_rate': 0.003194446379925272, 'hidden_size': 16, 'beta1': 0.9, 'beta2': 0.999, 'signal_len': 8, 'cheb_order': 3, 's': 5.676019972861242, 'batch_size': 16, 'k': 5}
Trial 116 finished with value 0.027509639 | dataset=exchange | model=ufgtime_plus | val_MSE=0.002104444 | test_MSE=0.001709770 | MAE=0.027509639 | RMSE=0.041349362 | MAPE=8.269441021% | params={'learning_rate': 0.012584073081858419, 'decay_rate': 0.00014728342422156153, 'hidden_size': 16, 'beta1': 0.9, 'beta2': 0.999, 'signal_len': 8, 'cheb_order': 3, 's': 5.263363093682232, 'batch_size': 128, 'k': 3}
Trial 117 finished with value 0.030853724 | dataset=exchange | model=ufgtime_plus | val_MSE=0.002354561 | test_MSE=0.001959649 | MAE=0.030853724 | RMSE=0.044267924 | MAPE=9.612952982% | params={'learning_rate': 0.012034704581394813, 'decay_rate': 0.0016231818043946974, 'hidden_size': 16, 'beta1': 0.9, 'beta2': 0.999, 'signal_len': 8, 'cheb_order': 3, 's': 5.196048896846229, 'batch_size': 128, 'k': 3}
Trial 118 finished with value 0.031030548 | dataset=exchange | model=ufgtime_plus | val_MSE=0.002337800 | test_MSE=0.001971762 | MAE=0.031030548 | RMSE=0.044404530 | MAPE=9.593165463% | params={'learning_rate': 0.009428570337138552, 'decay_rate': 0.001235736994824292, 'hidden_size': 64, 'beta1': 0.9, 'beta2': 0.999, 'signal_len': 8, 'cheb_order': 2, 's': 7.05901330743624, 'batch_size': 128, 'k': 2}
Trial 119 finished with value 0.031456108 | dataset=exchange | model=ufgtime_plus | val_MSE=0.002417132 | test_MSE=0.001997539 | MAE=0.031456108 | RMSE=0.044693841 | MAPE=9.954229041% | params={'learning_rate': 0.016961069418867644, 'decay_rate': 0.002983742018721812, 'hidden_size': 16, 'beta1': 0.9, 'beta2': 0.999, 'signal_len': 8, 'cheb_order': 3, 's': 6.804981436781824, 'batch_size': 128, 'k': 3}
Trial 120 finished with value 0.030424664 | dataset=exchange | model=ufgtime_plus | val_MSE=0.002376707 | test_MSE=0.001923193 | MAE=0.030424664 | RMSE=0.043854226 | MAPE=9.504205561% | params={'learning_rate': 0.006749974993442537, 'decay_rate': 0.002067988078524703, 'hidden_size': 16, 'beta1': 0.9, 'beta2': 0.999, 'signal_len': 8, 'cheb_order': 3, 's': 4.821424551858561, 'batch_size': 128, 'k': 3}
Trial 121 finished with value 0.026932596 | dataset=exchange | model=ufgtime_plus | val_MSE=0.002051971 | test_MSE=0.001696039 | MAE=0.026932596 | RMSE=0.041182995 | MAPE=8.153595345% | params={'learning_rate': 0.01569431396699465, 'decay_rate': 2.959566654792731e-05, 'hidden_size': 16, 'beta1': 0.9, 'beta2': 0.999, 'signal_len': 8, 'cheb_order': 3, 's': 6.324173136473476, 'batch_size': 64, 'k': 3}
Trial 122 finished with value 0.027625539 | dataset=exchange | model=ufgtime_plus | val_MSE=0.002111874 | test_MSE=0.001712156 | MAE=0.027625539 | RMSE=0.041378213 | MAPE=8.414342493% | params={'learning_rate': 0.01563474256130522, 'decay_rate': 0.00016424017688759714, 'hidden_size': 16, 'beta1': 0.9, 'beta2': 0.999, 'signal_len': 8, 'cheb_order': 3, 's': 6.305836716344713, 'batch_size': 128, 'k': 3}
Trial 123 finished with value 0.026856614 | dataset=exchange | model=ufgtime_plus | val_MSE=0.002045802 | test_MSE=0.001708402 | MAE=0.026856614 | RMSE=0.041332817 | MAPE=8.040870699% | params={'learning_rate': 0.012256976807576241, 'decay_rate': 3.308727318880582e-05, 'hidden_size': 16, 'beta1': 0.9, 'beta2': 0.999, 'signal_len': 8, 'cheb_order': 3, 's': 6.5754812109014935, 'batch_size': 16, 'k': 3}
Trial 124 finished with value 0.030441638 | dataset=exchange | model=ufgtime_plus | val_MSE=0.002343941 | test_MSE=0.001926983 | MAE=0.030441638 | RMSE=0.043897416 | MAPE=9.498218768% | params={'learning_rate': 0.012462241900625318, 'decay_rate': 0.0014350628870264488, 'hidden_size': 16, 'beta1': 0.9, 'beta2': 0.999, 'signal_len': 8, 'cheb_order': 3, 's': 6.564736210872851, 'batch_size': 16, 'k': 3}
Trial 125 finished with value 0.033399616 | dataset=exchange | model=ufgtime_plus | val_MSE=0.002429448 | test_MSE=0.002145804 | MAE=0.033399616 | RMSE=0.046322825 | MAPE=10.570225850% | params={'learning_rate': 0.008037091820551361, 'decay_rate': 0.0035137252791116254, 'hidden_size': 16, 'beta1': 0.9, 'beta2': 0.999, 'signal_len': 8, 'cheb_order': 3, 's': 6.1190390470028095, 'batch_size': 64, 'k': 3}
Trial 126 finished with value 0.027206812 | dataset=exchange | model=ufgtime_plus | val_MSE=0.002053493 | test_MSE=0.001719140 | MAE=0.027206812 | RMSE=0.041462512 | MAPE=8.239908875% | params={'learning_rate': 0.013578453605168678, 'decay_rate': 3.019347793870039e-05, 'hidden_size': 16, 'beta1': 0.9, 'beta2': 0.999, 'signal_len': 8, 'cheb_order': 3, 's': 7.261008273855193, 'batch_size': 256, 'k': 3}
Trial 127 finished with value 0.063453096 | dataset=exchange | model=ufgtime_plus | val_MSE=0.014930456 | test_MSE=0.006644407 | MAE=0.063453096 | RMSE=0.081513230 | MAPE=17.155437344% | params={'learning_rate': 0.014143942645284588, 'decay_rate': 0.03188307299629721, 'hidden_size': 16, 'beta1': 0.9, 'beta2': 0.999, 'signal_len': 16, 'cheb_order': 3, 's': 7.4492529367898825, 'batch_size': 256, 'k': 4}
Trial 128 finished with value 0.070556713 | dataset=exchange | model=ufgtime_plus | val_MSE=0.018639756 | test_MSE=0.008152176 | MAE=0.070556713 | RMSE=0.090289400 | MAPE=18.915712372% | params={'learning_rate': 0.010246426133901514, 'decay_rate': 0.0379645498673456, 'hidden_size': 16, 'beta1': 0.9, 'beta2': 0.999, 'signal_len': 8, 'cheb_order': 3, 's': 7.2441735735306185, 'batch_size': 256, 'k': 2}
Trial 129 finished with value 0.071215316 | dataset=exchange | model=ufgtime_plus | val_MSE=0.052308667 | test_MSE=0.008414316 | MAE=0.071215316 | RMSE=0.091729581 | MAPE=18.509820532% | params={'learning_rate': 0.00017703662209477868, 'decay_rate': 0.020028016157635706, 'hidden_size': 16, 'beta1': 0.9, 'beta2': 0.999, 'signal_len': 8, 'cheb_order': 2, 's': 6.72481281774788, 'batch_size': 256, 'k': 3}
Trial 130 finished with value 0.031895407 | dataset=exchange | model=ufgtime_plus | val_MSE=0.002395775 | test_MSE=0.002022525 | MAE=0.031895407 | RMSE=0.044972487 | MAPE=10.025094948% | params={'learning_rate': 0.013448043756791752, 'decay_rate': 0.0024697551471356788, 'hidden_size': 16, 'beta1': 0.9, 'beta2': 0.999, 'signal_len': 8, 'cheb_order': 3, 's': 7.56553602030404, 'batch_size': 256, 'k': 7}
Trial 131 finished with value 0.029621383 | dataset=exchange | model=ufgtime_plus | val_MSE=0.002303500 | test_MSE=0.001858136 | MAE=0.029621383 | RMSE=0.043106098 | MAPE=9.136411871% | params={'learning_rate': 0.011301197819395687, 'decay_rate': 0.0008761424876988099, 'hidden_size': 16, 'beta1': 0.9, 'beta2': 0.999, 'signal_len': 8, 'cheb_order': 3, 's': 6.392860727100285, 'batch_size': 128, 'k': 3}
Trial 132 finished with value 0.030161784 | dataset=exchange | model=ufgtime_plus | val_MSE=0.002351606 | test_MSE=0.001899046 | MAE=0.030161784 | RMSE=0.043578040 | MAPE=9.425500910% | params={'learning_rate': 0.012089706325020284, 'decay_rate': 0.0012931667078207973, 'hidden_size': 16, 'beta1': 0.9, 'beta2': 0.999, 'signal_len': 8, 'cheb_order': 3, 's': 7.0012078424237565, 'batch_size': 16, 'k': 3}
Trial 133 finished with value 0.027624222 | dataset=exchange | model=ufgtime_plus | val_MSE=0.002053832 | test_MSE=0.001750147 | MAE=0.027624222 | RMSE=0.041834753 | MAPE=8.367728582% | params={'learning_rate': 0.013335196692965198, 'decay_rate': 3.9145363267894476e-05, 'hidden_size': 16, 'beta1': 0.9, 'beta2': 0.999, 'signal_len': 8, 'cheb_order': 3, 's': 6.575148433908848, 'batch_size': 256, 'k': 3}
Trial 134 finished with value 0.030356788 | dataset=exchange | model=ufgtime_plus | val_MSE=0.002398081 | test_MSE=0.001915594 | MAE=0.030356788 | RMSE=0.043767499 | MAPE=9.502717570% | params={'learning_rate': 0.01570279435437226, 'decay_rate': 0.0021706291571447585, 'hidden_size': 16, 'beta1': 0.9, 'beta2': 0.999, 'signal_len': 8, 'cheb_order': 3, 's': 7.220475750809424, 'batch_size': 64, 'k': 3}
Trial 135 finished with value 0.029904407 | dataset=exchange | model=ufgtime_plus | val_MSE=0.002320200 | test_MSE=0.001878836 | MAE=0.029904407 | RMSE=0.043345537 | MAPE=9.252562898% | params={'learning_rate': 0.009358822478627328, 'decay_rate': 0.0010404062065833247, 'hidden_size': 16, 'beta1': 0.9, 'beta2': 0.999, 'signal_len': 8, 'cheb_order': 3, 's': 6.807768422270969, 'batch_size': 32, 'k': 3}
Trial 136 finished with value 0.037738275 | dataset=exchange | model=ufgtime_plus | val_MSE=0.002622312 | test_MSE=0.002519774 | MAE=0.037738275 | RMSE=0.050197353 | MAPE=11.971501047% | params={'learning_rate': 0.018515532543185786, 'decay_rate': 0.0038295044355726136, 'hidden_size': 32, 'beta1': 0.9, 'beta2': 0.999, 'signal_len': 8, 'cheb_order': 3, 's': 6.312903593932762, 'batch_size': 16, 'k': 3}
Trial 137 finished with value 0.032666630 | dataset=exchange | model=ufgtime_plus | val_MSE=0.002491562 | test_MSE=0.002097291 | MAE=0.032666630 | RMSE=0.045796189 | MAPE=10.583772620% | params={'learning_rate': 0.014821933679042169, 'decay_rate': 0.004685127488874483, 'hidden_size': 16, 'beta1': 0.9, 'beta2': 0.999, 'signal_len': 8, 'cheb_order': 3, 's': 8.050185194948101, 'batch_size': 128, 'k': 4}
Trial 138 finished with value 0.033356966 | dataset=exchange | model=ufgtime_plus | val_MSE=0.002411831 | test_MSE=0.002156181 | MAE=0.033356966 | RMSE=0.046434699 | MAPE=10.538544866% | params={'learning_rate': 0.010652596978701667, 'decay_rate': 0.002725485171726746, 'hidden_size': 16, 'beta1': 0.9, 'beta2': 0.999, 'signal_len': 8, 'cheb_order': 3, 's': 5.913497711479082, 'batch_size': 16, 'k': 5}
Trial 139 finished with value 0.027059579 | dataset=exchange | model=ufgtime_plus | val_MSE=0.002076574 | test_MSE=0.001688774 | MAE=0.027059579 | RMSE=0.041094696 | MAPE=8.217521668% | params={'learning_rate': 0.005728355467458978, 'decay_rate': 8.562315135700892e-05, 'hidden_size': 16, 'beta1': 0.9, 'beta2': 0.999, 'signal_len': 8, 'cheb_order': 3, 's': 7.121432940614926, 'batch_size': 64, 'k': 6}
Trial 140 finished with value 0.030069204 | dataset=exchange | model=ufgtime_plus | val_MSE=0.002319785 | test_MSE=0.001900213 | MAE=0.030069204 | RMSE=0.043591435 | MAPE=9.244243737% | params={'learning_rate': 0.0038149402954149834, 'decay_rate': 0.0012559153034893654, 'hidden_size': 16, 'beta1': 0.9, 'beta2': 0.999, 'signal_len': 8, 'cheb_order': 3, 's': 7.089336028300409, 'batch_size': 64, 'k': 6}
Trial 141 finished with value 0.026731721 | dataset=exchange | model=ufgtime_plus | val_MSE=0.002046959 | test_MSE=0.001688910 | MAE=0.026731721 | RMSE=0.041096349 | MAPE=8.096010860% | params={'learning_rate': 0.00480788282231904, 'decay_rate': 3.813349236343444e-05, 'hidden_size': 16, 'beta1': 0.9, 'beta2': 0.999, 'signal_len': 8, 'cheb_order': 3, 's': 7.344774815407551, 'batch_size': 64, 'k': 6}
Trial 142 finished with value 0.026805089 | dataset=exchange | model=ufgtime_plus | val_MSE=0.002040983 | test_MSE=0.001706331 | MAE=0.026805089 | RMSE=0.041307758 | MAPE=8.080117712% | params={'learning_rate': 0.004800575234052226, 'decay_rate': 1.6930416897087817e-05, 'hidden_size': 16, 'beta1': 0.9, 'beta2': 0.999, 'signal_len': 8, 'cheb_order': 3, 's': 7.657824443213992, 'batch_size': 64, 'k': 6}
Trial 143 finished with value 0.031673269 | dataset=exchange | model=ufgtime_plus | val_MSE=0.002393371 | test_MSE=0.002011997 | MAE=0.031673269 | RMSE=0.044855291 | MAPE=9.840759840% | params={'learning_rate': 0.005164941040967893, 'decay_rate': 0.002023193929381189, 'hidden_size': 16, 'beta1': 0.9, 'beta2': 0.999, 'signal_len': 8, 'cheb_order': 3, 's': 7.627059437536428, 'batch_size': 64, 'k': 6}
Trial 144 finished with value 0.030896100 | dataset=exchange | model=ufgtime_plus | val_MSE=0.002329958 | test_MSE=0.001962043 | MAE=0.030896100 | RMSE=0.044294950 | MAPE=9.492261578% | params={'learning_rate': 0.005893561664408156, 'decay_rate': 0.0011658387070354163, 'hidden_size': 16, 'beta1': 0.9, 'beta2': 0.999, 'signal_len': 8, 'cheb_order': 3, 's': 7.3584492252976865, 'batch_size': 64, 'k': 6}
Trial 145 finished with value 0.027663796 | dataset=exchange | model=ufgtime_plus | val_MSE=0.002073482 | test_MSE=0.001722740 | MAE=0.027663796 | RMSE=0.041505902 | MAPE=8.388427784% | params={'learning_rate': 0.007382512063998755, 'decay_rate': 9.605364817522391e-05, 'hidden_size': 16, 'beta1': 0.9, 'beta2': 0.999, 'signal_len': 8, 'cheb_order': 3, 's': 8.401975208975827, 'batch_size': 64, 'k': 6}
Trial 146 finished with value 0.033286224 | dataset=exchange | model=ufgtime_plus | val_MSE=0.002452401 | test_MSE=0.002140447 | MAE=0.033286224 | RMSE=0.046264968 | MAPE=10.447304691% | params={'learning_rate': 0.004409387997326463, 'decay_rate': 0.0033668257236188007, 'hidden_size': 64, 'beta1': 0.9, 'beta2': 0.999, 'signal_len': 8, 'cheb_order': 2, 's': 8.64637891702397, 'batch_size': 64, 'k': 6}
Trial 147 finished with value 0.031310777 | dataset=exchange | model=ufgtime_plus | val_MSE=0.002361235 | test_MSE=0.001992052 | MAE=0.031310777 | RMSE=0.044632408 | MAPE=9.840812069% | params={'learning_rate': 0.005951627258231908, 'decay_rate': 0.002229792353546502, 'hidden_size': 16, 'beta1': 0.9, 'beta2': 0.999, 'signal_len': 8, 'cheb_order': 3, 's': 7.781418352690585, 'batch_size': 64, 'k': 6}
Trial 148 finished with value 0.027180224 | dataset=exchange | model=ufgtime_plus | val_MSE=0.002045053 | test_MSE=0.001725842 | MAE=0.027180224 | RMSE=0.041543255 | MAPE=8.330458616% | params={'learning_rate': 0.0021840936547287766, 'decay_rate': 2.134383120873157e-05, 'hidden_size': 16, 'beta1': 0.9, 'beta2': 0.999, 'signal_len': 8, 'cheb_order': 3, 's': 7.248650879888018, 'batch_size': 64, 'k': 6}
Trial 149 finished with value 0.030273782 | dataset=exchange | model=ufgtime_plus | val_MSE=0.002314565 | test_MSE=0.001915002 | MAE=0.030273782 | RMSE=0.043760733 | MAPE=9.336383577% | params={'learning_rate': 0.004718034325132028, 'decay_rate': 0.0009311445816153386, 'hidden_size': 16, 'beta1': 0.9, 'beta2': 0.999, 'signal_len': 16, 'cheb_order': 3, 's': 7.534556658710204, 'batch_size': 64, 'k': 6}
Trial 150 finished with value 0.031521703 | dataset=exchange | model=ufgtime_plus | val_MSE=0.002362458 | test_MSE=0.002001132 | MAE=0.031521703 | RMSE=0.044734011 | MAPE=9.801977683% | params={'learning_rate': 0.0018383389647725818, 'decay_rate': 0.0018522906454563933, 'hidden_size': 16, 'beta1': 0.9, 'beta2': 0.999, 'signal_len': 8, 'cheb_order': 3, 's': 7.2607812243319785, 'batch_size': 64, 'k': 6}
Trial 151 finished with value 0.027402547 | dataset=exchange | model=ufgtime_plus | val_MSE=0.002054472 | test_MSE=0.001722879 | MAE=0.027402547 | RMSE=0.041507572 | MAPE=8.417195288% | params={'learning_rate': 0.001189089767198352, 'decay_rate': 6.274834249371837e-05, 'hidden_size': 16, 'beta1': 0.9, 'beta2': 0.999, 'signal_len': 8, 'cheb_order': 3, 's': 6.8919605166287194, 'batch_size': 64, 'k': 6}
Trial 152 finished with value 0.027218936 | dataset=exchange | model=ufgtime_plus | val_MSE=0.002065474 | test_MSE=0.001713066 | MAE=0.027218936 | RMSE=0.041389204 | MAPE=8.401620411% | params={'learning_rate': 0.000892025441008408, 'decay_rate': 5.394426265648872e-05, 'hidden_size': 16, 'beta1': 0.9, 'beta2': 0.999, 'signal_len': 8, 'cheb_order': 3, 's': 6.836178581094224, 'batch_size': 64, 'k': 6}
Trial 153 finished with value 0.026850552 | dataset=exchange | model=ufgtime_plus | val_MSE=0.002078235 | test_MSE=0.001690431 | MAE=0.026850552 | RMSE=0.041114853 | MAPE=8.190756276% | params={'learning_rate': 0.0019242067873696356, 'decay_rate': 4.195164049306501e-05, 'hidden_size': 16, 'beta1': 0.9, 'beta2': 0.999, 'signal_len': 8, 'cheb_order': 3, 's': 6.875226022606683, 'batch_size': 64, 'k': 6}
Trial 154 finished with value 0.030213668 | dataset=exchange | model=ufgtime_plus | val_MSE=0.002346800 | test_MSE=0.001900736 | MAE=0.030213668 | RMSE=0.043597433 | MAPE=9.404464890% | params={'learning_rate': 0.0030624585605370986, 'decay_rate': 0.0011363863216741943, 'hidden_size': 16, 'beta1': 0.9, 'beta2': 0.999, 'signal_len': 8, 'cheb_order': 3, 's': 7.097849676061907, 'batch_size': 64, 'k': 6}
Trial 155 finished with value 0.031197636 | dataset=exchange | model=ufgtime_plus | val_MSE=0.002380771 | test_MSE=0.001975973 | MAE=0.031197636 | RMSE=0.044451920 | MAPE=9.833158227% | params={'learning_rate': 0.0020596447887091256, 'decay_rate': 0.0027509227042690626, 'hidden_size': 16, 'beta1': 0.9, 'beta2': 0.999, 'signal_len': 8, 'cheb_order': 3, 's': 7.375799097649515, 'batch_size': 64, 'k': 6}
Trial 156 finished with value 0.030430328 | dataset=exchange | model=ufgtime_plus | val_MSE=0.002315088 | test_MSE=0.001931449 | MAE=0.030430328 | RMSE=0.043948255 | MAPE=9.578029687% | params={'learning_rate': 0.0005981354283950873, 'decay_rate': 0.0009094785645834309, 'hidden_size': 16, 'beta1': 0.9, 'beta2': 0.999, 'signal_len': 8, 'cheb_order': 3, 's': 6.802830376147189, 'batch_size': 64, 'k': 6}
Trial 157 finished with value 0.027282191 | dataset=exchange | model=ufgtime_plus | val_MSE=0.002056656 | test_MSE=0.001726471 | MAE=0.027282191 | RMSE=0.041550820 | MAPE=8.303538908% | params={'learning_rate': 0.003218304457110275, 'decay_rate': 1.0974738624382286e-05, 'hidden_size': 16, 'beta1': 0.9, 'beta2': 0.999, 'signal_len': 8, 'cheb_order': 3, 's': 6.661291444173202, 'batch_size': 64, 'k': 7}
Trial 158 finished with value 0.030494265 | dataset=exchange | model=ufgtime_plus | val_MSE=0.002360143 | test_MSE=0.001925887 | MAE=0.030494265 | RMSE=0.043884929 | MAPE=9.499778497% | params={'learning_rate': 0.0021672858273774813, 'decay_rate': 0.0018304062807537914, 'hidden_size': 16, 'beta1': 0.9, 'beta2': 0.999, 'signal_len': 8, 'cheb_order': 3, 's': 6.988217310054326, 'batch_size': 64, 'k': 6}
Trial 159 finished with value 0.033996893 | dataset=exchange | model=ufgtime_plus | val_MSE=0.002455728 | test_MSE=0.002194917 | MAE=0.033996893 | RMSE=0.046849937 | MAPE=10.596634833% | params={'learning_rate': 0.003993447993866955, 'decay_rate': 0.003095207452513177, 'hidden_size': 16, 'beta1': 0.9, 'beta2': 0.999, 'signal_len': 8, 'cheb_order': 3, 's': 7.7605532170275255, 'batch_size': 64, 'k': 5}
Trial 160 finished with value 0.032689975 | dataset=exchange | model=ufgtime_plus | val_MSE=0.003306168 | test_MSE=0.002135888 | MAE=0.032689975 | RMSE=0.046215666 | MAPE=10.649464373% | params={'learning_rate': 0.0014493872089487783, 'decay_rate': 0.004430242133678373, 'hidden_size': 16, 'beta1': 0.9, 'beta2': 0.999, 'signal_len': 8, 'cheb_order': 3, 's': 7.160313519606694, 'batch_size': 64, 'k': 6}
Trial 161 finished with value 0.027186507 | dataset=exchange | model=ufgtime_plus | val_MSE=0.002056570 | test_MSE=0.001702901 | MAE=0.027186507 | RMSE=0.041266223 | MAPE=8.262406997% | params={'learning_rate': 0.0034419790885190666, 'decay_rate': 8.42143354694662e-05, 'hidden_size': 16, 'beta1': 0.9, 'beta2': 0.999, 'signal_len': 8, 'cheb_order': 3, 's': 6.626631995164239, 'batch_size': 64, 'k': 7}
