Trial 162 finished with value 0.030979261 | dataset=exchange | model=ufgtime_plus | val_MSE=0.002326777 | test_MSE=0.001964670 | MAE=0.030979261 | RMSE=0.044324595 | MAPE=9.487895461% | params={'learning_rate': 0.005309921155029607, 'decay_rate': 0.0010052346428584952, 'hidden_size': 16, 'beta1': 0.9, 'beta2': 0.999, 'signal_len': 8, 'cheb_order': 3, 's': 7.994926945273293, 'batch_size': 64, 'k': 7}
Trial 163 finished with value 0.030407310 | dataset=exchange | model=ufgtime_plus | val_MSE=0.002372698 | test_MSE=0.001921647 | MAE=0.030407310 | RMSE=0.043836590 | MAPE=9.422645329% | params={'learning_rate': 0.003571425545893587, 'decay_rate': 0.0018391300664707805, 'hidden_size': 16, 'beta1': 0.9, 'beta2': 0.999, 'signal_len': 8, 'cheb_order': 3, 's': 6.609373605848591, 'batch_size': 64, 'k': 7}
Trial 164 finished with value 0.027291642 | dataset=exchange | model=ufgtime_plus | val_MSE=0.002057180 | test_MSE=0.001715812 | MAE=0.027291642 | RMSE=0.041422358 | MAPE=8.263706193% | params={'learning_rate': 0.006413345705667095, 'decay_rate': 3.864957371601132e-05, 'hidden_size': 16, 'beta1': 0.9, 'beta2': 0.999, 'signal_len': 8, 'cheb_order': 3, 's': 7.4053970710060995, 'batch_size': 64, 'k': 7}
Trial 165 finished with value 0.032188617 | dataset=exchange | model=ufgtime_plus | val_MSE=0.004200366 | test_MSE=0.002119079 | MAE=0.032188617 | RMSE=0.046033452 | MAPE=10.018749903% | params={'learning_rate': 4.931315895995462e-05, 'decay_rate': 0.0009192511793747666, 'hidden_size': 16, 'beta1': 0.9, 'beta2': 0.999, 'signal_len': 8, 'cheb_order': 3, 's': 6.948058770333319, 'batch_size': 64, 'k': 7}
Trial 166 finished with value 0.031128448 | dataset=exchange | model=ufgtime_plus | val_MSE=0.002361720 | test_MSE=0.001976107 | MAE=0.031128448 | RMSE=0.044453421 | MAPE=9.744245131% | params={'learning_rate': 0.0022453384737616735, 'decay_rate': 0.0022218039197653156, 'hidden_size': 32, 'beta1': 0.9, 'beta2': 0.999, 'signal_len': 8, 'cheb_order': 3, 's': 2.3432670150749852, 'batch_size': 64, 'k': 6}
Trial 167 finished with value 0.030382069 | dataset=exchange | model=ufgtime_plus | val_MSE=0.002317906 | test_MSE=0.001915813 | MAE=0.030382069 | RMSE=0.043769997 | MAPE=9.393269816% | params={'learning_rate': 0.0029007891521818357, 'decay_rate': 0.001038695312632988, 'hidden_size': 16, 'beta1': 0.9, 'beta2': 0.999, 'signal_len': 8, 'cheb_order': 3, 's': 7.567935216348801, 'batch_size': 64, 'k': 6}
Trial 168 finished with value 0.027754289 | dataset=exchange | model=ufgtime_plus | val_MSE=0.002059346 | test_MSE=0.001755464 | MAE=0.027754289 | RMSE=0.041898258 | MAPE=8.423570567% | params={'learning_rate': 0.005156838486844987, 'decay_rate': 4.174585688575542e-05, 'hidden_size': 16, 'beta1': 0.9, 'beta2': 0.999, 'signal_len': 8, 'cheb_order': 3, 's': 6.409190047178459, 'batch_size': 64, 'k': 7}
Trial 169 finished with value 0.032096346 | dataset=exchange | model=ufgtime_plus | val_MSE=0.002407342 | test_MSE=0.002046292 | MAE=0.032096346 | RMSE=0.045235963 | MAPE=10.208058996% | params={'learning_rate': 0.00851700091324718, 'decay_rate': 0.003402336997866089, 'hidden_size': 16, 'beta1': 0.9, 'beta2': 0.999, 'signal_len': 8, 'cheb_order': 3, 's': 6.7825931817013405, 'batch_size': 64, 'k': 6}
Trial 170 finished with value 0.031022160 | dataset=exchange | model=ufgtime_plus | val_MSE=0.002367078 | test_MSE=0.001963845 | MAE=0.031022160 | RMSE=0.044315293 | MAPE=9.656588502% | params={'learning_rate': 0.0011782686155324888, 'decay_rate': 0.0018612931499240267, 'hidden_size': 16, 'beta1': 0.9, 'beta2': 0.999, 'signal_len': 8, 'cheb_order': 3, 's': 6.17240679136974, 'batch_size': 64, 'k': 6}
Trial 171 finished with value 0.030000456 | dataset=exchange | model=ufgtime_plus | val_MSE=0.002296838 | test_MSE=0.001893888 | MAE=0.030000456 | RMSE=0.043518820 | MAPE=9.157639720% | params={'learning_rate': 0.003162524163988269, 'decay_rate': 0.0008441435004793706, 'hidden_size': 16, 'beta1': 0.9, 'beta2': 0.999, 'signal_len': 8, 'cheb_order': 3, 's': 6.6550016709871125, 'batch_size': 64, 'k': 7}
Trial 172 finished with value 0.027274523 | dataset=exchange | model=ufgtime_plus | val_MSE=0.002056972 | test_MSE=0.001719613 | MAE=0.027274523 | RMSE=0.041468215 | MAPE=8.268027758% | params={'learning_rate': 0.003848076725420811, 'decay_rate': 2.0913628750492115e-05, 'hidden_size': 16, 'beta1': 0.9, 'beta2': 0.999, 'signal_len': 8, 'cheb_order': 3, 's': 7.202117347642682, 'batch_size': 64, 'k': 7}
Trial 173 finished with value 0.030044150 | dataset=exchange | model=ufgtime_plus | val_MSE=0.002349252 | test_MSE=0.001895312 | MAE=0.030044150 | RMSE=0.043535185 | MAPE=9.268544196% | params={'learning_rate': 0.007035454081085879, 'decay_rate': 0.0014712758954000223, 'hidden_size': 16, 'beta1': 0.9, 'beta2': 0.999, 'signal_len': 8, 'cheb_order': 3, 's': 7.204661267499463, 'batch_size': 64, 'k': 7}
Trial 174 finished with value 0.032506933 | dataset=exchange | model=ufgtime_plus | val_MSE=0.002392208 | test_MSE=0.002076643 | MAE=0.032506933 | RMSE=0.045570193 | MAPE=10.142151496% | params={'learning_rate': 0.005065341645636158, 'decay_rate': 0.0025903386242155674, 'hidden_size': 16, 'beta1': 0.9, 'beta2': 0.999, 'signal_len': 8, 'cheb_order': 3, 's': 7.306572163323231, 'batch_size': 64, 'k': 7}
Trial 175 finished with value 0.029303055 | dataset=exchange | model=ufgtime_plus | val_MSE=0.002311290 | test_MSE=0.001839666 | MAE=0.029303055 | RMSE=0.042891329 | MAPE=8.935887780% | params={'learning_rate': 0.004350620659124917, 'decay_rate': 0.0008497424700455393, 'hidden_size': 16, 'beta1': 0.9, 'beta2': 0.999, 'signal_len': 8, 'cheb_order': 3, 's': 7.023609927466469, 'batch_size': 64, 'k': 7}
Trial 176 finished with value 0.030713551 | dataset=exchange | model=ufgtime_plus | val_MSE=0.002352414 | test_MSE=0.001949699 | MAE=0.030713551 | RMSE=0.044155394 | MAPE=9.557666993% | params={'learning_rate': 0.0013780115054973317, 'decay_rate': 0.001807457696850462, 'hidden_size': 16, 'beta1': 0.9, 'beta2': 0.999, 'signal_len': 8, 'cheb_order': 3, 's': 6.508441143900692, 'batch_size': 16, 'k': 5}
Trial 177 finished with value 0.027443815 | dataset=exchange | model=ufgtime_plus | val_MSE=0.002067116 | test_MSE=0.001721184 | MAE=0.027443815 | RMSE=0.041487156 | MAPE=8.323205260% | params={'learning_rate': 0.003945639992541617, 'decay_rate': 9.872088768104862e-05, 'hidden_size': 16, 'beta1': 0.9, 'beta2': 0.999, 'signal_len': 8, 'cheb_order': 3, 's': 6.846272864750501, 'batch_size': 32, 'k': 6}
Trial 178 finished with value 0.073118686 | dataset=exchange | model=ufgtime_plus | val_MSE=0.049135763 | test_MSE=0.008904775 | MAE=0.073118686 | RMSE=0.094365118 | MAPE=24.452945204% | params={'learning_rate': 0.007529599233113996, 'decay_rate': 0.04949674727839906, 'hidden_size': 64, 'beta1': 0.9, 'beta2': 0.999, 'signal_len': 8, 'cheb_order': 3, 's': 7.679649225927679, 'batch_size': 64, 'k': 7}
Trial 179 finished with value 0.030916474 | dataset=exchange | model=ufgtime_plus | val_MSE=0.002426634 | test_MSE=0.001959236 | MAE=0.030916474 | RMSE=0.044263256 | MAPE=9.766280730% | params={'learning_rate': 0.006398074701283129, 'decay_rate': 0.0028799135434057726, 'hidden_size': 16, 'beta1': 0.9, 'beta2': 0.999, 'signal_len': 16, 'cheb_order': 3, 's': 7.493950361711701, 'batch_size': 64, 'k': 6}
Trial 180 finished with value 0.030000387 | dataset=exchange | model=ufgtime_plus | val_MSE=0.002306356 | test_MSE=0.001890863 | MAE=0.030000387 | RMSE=0.043484053 | MAPE=9.280269118% | params={'learning_rate': 0.03957893107807252, 'decay_rate': 0.001059067077866106, 'hidden_size': 16, 'beta1': 0.9, 'beta2': 0.999, 'signal_len': 8, 'cheb_order': 3, 's': 8.200582036313028, 'batch_size': 16, 'k': 7}
Trial 181 finished with value 0.028303306 | dataset=exchange | model=ufgtime_plus | val_MSE=0.002131527 | test_MSE=0.001753028 | MAE=0.028303306 | RMSE=0.041869180 | MAPE=8.627162618% | params={'learning_rate': 0.002507721932957355, 'decay_rate': 0.0002304982050664541, 'hidden_size': 16, 'beta1': 0.9, 'beta2': 0.999, 'signal_len': 8, 'cheb_order': 3, 's': 6.624551207939955, 'batch_size': 64, 'k': 7}
Trial 182 finished with value 0.028330946 | dataset=exchange | model=ufgtime_plus | val_MSE=0.002094944 | test_MSE=0.001762262 | MAE=0.028330946 | RMSE=0.041979301 | MAPE=8.693278888% | params={'learning_rate': 0.0034982795863959123, 'decay_rate': 0.00016503816528965284, 'hidden_size': 16, 'beta1': 0.9, 'beta2': 0.999, 'signal_len': 8, 'cheb_order': 3, 's': 6.265387045775472, 'batch_size': 64, 'k': 7}
Trial 183 finished with value 0.026663653 | dataset=exchange | model=ufgtime_plus | val_MSE=0.002043035 | test_MSE=0.001695033 | MAE=0.026663653 | RMSE=0.041170781 | MAPE=8.081028697% | params={'learning_rate': 0.0025778954283807616, 'decay_rate': 1.8299560602591843e-05, 'hidden_size': 16, 'beta1': 0.9, 'beta2': 0.999, 'signal_len': 8, 'cheb_order': 3, 's': 7.08386859159978, 'batch_size': 64, 'k': 7}
Trial 184 finished with value 0.030518812 | dataset=exchange | model=ufgtime_plus | val_MSE=0.002381233 | test_MSE=0.001931422 | MAE=0.030518812 | RMSE=0.043947951 | MAPE=9.407848207% | params={'learning_rate': 0.01408497014599506, 'decay_rate': 0.0018296786638928298, 'hidden_size': 16, 'beta1': 0.9, 'beta2': 0.999, 'signal_len': 8, 'cheb_order': 3, 's': 7.166623625989034, 'batch_size': 64, 'k': 7}
Trial 185 finished with value 0.030167272 | dataset=exchange | model=ufgtime_plus | val_MSE=0.002302013 | test_MSE=0.001900716 | MAE=0.030167272 | RMSE=0.043597201 | MAPE=9.325591426% | params={'learning_rate': 0.0009023205978248019, 'decay_rate': 0.0009994742976447773, 'hidden_size': 16, 'beta1': 0.9, 'beta2': 0.999, 'signal_len': 8, 'cheb_order': 3, 's': 6.973567164149912, 'batch_size': 64, 'k': 7}
Trial 186 finished with value 0.030495310 | dataset=exchange | model=ufgtime_plus | val_MSE=0.002401776 | test_MSE=0.001926750 | MAE=0.030495310 | RMSE=0.043894763 | MAPE=9.560028452% | params={'learning_rate': 0.002273930292227947, 'decay_rate': 0.002451547347655862, 'hidden_size': 16, 'beta1': 0.9, 'beta2': 0.999, 'signal_len': 8, 'cheb_order': 3, 's': 7.339493936922787, 'batch_size': 64, 'k': 6}
Trial 187 finished with value 0.029982269 | dataset=exchange | model=ufgtime_plus | val_MSE=0.002337730 | test_MSE=0.001886044 | MAE=0.029982269 | RMSE=0.043428609 | MAPE=9.311859051% | params={'learning_rate': 0.00455815645116905, 'decay_rate': 0.0011971038059847255, 'hidden_size': 16, 'beta1': 0.9, 'beta2': 0.999, 'signal_len': 8, 'cheb_order': 3, 's': 6.837319751515629, 'batch_size': 16, 'k': 6}
Trial 188 finished with value 0.033330764 | dataset=exchange | model=ufgtime_plus | val_MSE=0.002434388 | test_MSE=0.002135881 | MAE=0.033330764 | RMSE=0.046215590 | MAPE=10.599019838% | params={'learning_rate': 0.015480379664070409, 'decay_rate': 0.0039295868335507775, 'hidden_size': 16, 'beta1': 0.9, 'beta2': 0.999, 'signal_len': 8, 'cheb_order': 3, 's': 7.099913510882015, 'batch_size': 64, 'k': 7}
Trial 189 finished with value 0.027624606 | dataset=exchange | model=ufgtime_plus | val_MSE=0.002059948 | test_MSE=0.001728037 | MAE=0.027624606 | RMSE=0.041569666 | MAPE=8.382063578% | params={'learning_rate': 0.00593556685864742, 'decay_rate': 7.780541481478627e-05, 'hidden_size': 16, 'beta1': 0.9, 'beta2': 0.999, 'signal_len': 8, 'cheb_order': 3, 's': 6.420966084135394, 'batch_size': 16, 'k': 6}
Trial 190 finished with value 0.030481467 | dataset=exchange | model=ufgtime_plus | val_MSE=0.002372301 | test_MSE=0.001925935 | MAE=0.030481467 | RMSE=0.043885475 | MAPE=9.549899820% | params={'learning_rate': 0.032788644690564084, 'decay_rate': 0.0020405404940858126, 'hidden_size': 16, 'beta1': 0.9, 'beta2': 0.999, 'signal_len': 8, 'cheb_order': 3, 's': 7.449095521889378, 'batch_size': 64, 'k': 7}
Trial 191 finished with value 0.027257950 | dataset=exchange | model=ufgtime_plus | val_MSE=0.002055706 | test_MSE=0.001722499 | MAE=0.027257950 | RMSE=0.041502997 | MAPE=8.272952747% | params={'learning_rate': 0.003616429465935868, 'decay_rate': 1.3982535262954432e-05, 'hidden_size': 16, 'beta1': 0.9, 'beta2': 0.999, 'signal_len': 8, 'cheb_order': 3, 's': 6.692263612552715, 'batch_size': 64, 'k': 7}
Trial 192 finished with value 0.030483734 | dataset=exchange | model=ufgtime_plus | val_MSE=0.002307668 | test_MSE=0.001921850 | MAE=0.030483734 | RMSE=0.043838912 | MAPE=9.410061619% | params={'learning_rate': 0.002797569680118329, 'decay_rate': 0.0008962568690451737, 'hidden_size': 16, 'beta1': 0.9, 'beta2': 0.999, 'signal_len': 8, 'cheb_order': 3, 's': 6.765933910721446, 'batch_size': 64, 'k': 7}
Trial 193 finished with value 0.027993894 | dataset=exchange | model=ufgtime_plus | val_MSE=0.002067997 | test_MSE=0.001759473 | MAE=0.027993894 | RMSE=0.041946070 | MAPE=8.553545766% | params={'learning_rate': 0.003974016314836555, 'decay_rate': 3.787271316429606e-05, 'hidden_size': 16, 'beta1': 0.9, 'beta2': 0.999, 'signal_len': 8, 'cheb_order': 3, 's': 6.54362432937568, 'batch_size': 64, 'k': 7}
Trial 194 finished with value 0.030672636 | dataset=exchange | model=ufgtime_plus | val_MSE=0.002332095 | test_MSE=0.001938584 | MAE=0.030672636 | RMSE=0.044029356 | MAPE=9.536097946% | params={'learning_rate': 0.04477785224448454, 'decay_rate': 0.0014703699985550236, 'hidden_size': 16, 'beta1': 0.9, 'beta2': 0.999, 'signal_len': 8, 'cheb_order': 3, 's': 7.181363553616095, 'batch_size': 64, 'k': 7}
Trial 195 finished with value 0.031245311 | dataset=exchange | model=ufgtime_plus | val_MSE=0.002346741 | test_MSE=0.001980779 | MAE=0.031245311 | RMSE=0.044505948 | MAPE=9.635671077% | params={'learning_rate': 0.001869327377671153, 'decay_rate': 0.001235517826420309, 'hidden_size': 16, 'beta1': 0.9, 'beta2': 0.999, 'signal_len': 8, 'cheb_order': 3, 's': 6.95509508600854, 'batch_size': 64, 'k': 7}
Trial 196 finished with value 0.028189563 | dataset=exchange | model=ufgtime_plus | val_MSE=0.002071455 | test_MSE=0.001762002 | MAE=0.028189563 | RMSE=0.041976203 | MAPE=8.649512878% | params={'learning_rate': 0.013015536729462634, 'decay_rate': 3.698119615045019e-05, 'hidden_size': 16, 'beta1': 0.9, 'beta2': 0.999, 'signal_len': 8, 'cheb_order': 3, 's': 6.066698061366476, 'batch_size': 64, 'k': 6}
Trial 197 finished with value 0.030369238 | dataset=exchange | model=ufgtime_plus | val_MSE=0.002431678 | test_MSE=0.001921245 | MAE=0.030369238 | RMSE=0.043832012 | MAPE=9.518001030% | params={'learning_rate': 0.0002537457011841972, 'decay_rate': 0.0026068442293542037, 'hidden_size': 16, 'beta1': 0.9, 'beta2': 0.999, 'signal_len': 8, 'cheb_order': 3, 's': 6.713151267882836, 'batch_size': 16, 'k': 3}
Trial 198 finished with value 0.026541287 | dataset=exchange | model=ufgtime_plus | val_MSE=0.002054599 | test_MSE=0.001680125 | MAE=0.026541287 | RMSE=0.040989327 | MAPE=7.999979640% | params={'learning_rate': 0.0053333434984685155, 'decay_rate': 1.7196069781395847e-05, 'hidden_size': 32, 'beta1': 0.9, 'beta2': 0.999, 'signal_len': 8, 'cheb_order': 3, 's': 6.373626636903034, 'batch_size': 64, 'k': 2}
Trial 199 finished with value 0.037542067 | dataset=exchange | model=ufgtime_plus | val_MSE=0.003473033 | test_MSE=0.002554121 | MAE=0.037542067 | RMSE=0.050538315 | MAPE=12.785536783% | params={'learning_rate': 0.011271156051934583, 'decay_rate': 0.013713258983493482, 'hidden_size': 32, 'beta1': 0.9, 'beta2': 0.999, 'signal_len': 8, 'cheb_order': 3, 's': 6.314557744559035, 'batch_size': 128, 'k': 2}
Trial 200 finished with value 0.030619719 | dataset=exchange | model=ufgtime_plus | val_MSE=0.002359803 | test_MSE=0.001931243 | MAE=0.030619719 | RMSE=0.043945905 | MAPE=9.549702470% | params={'learning_rate': 0.005282732520164288, 'decay_rate': 0.0017472435497372038, 'hidden_size': 32, 'beta1': 0.9, 'beta2': 0.999, 'signal_len': 8, 'cheb_order': 3, 's': 6.445439098638881, 'batch_size': 64, 'k': 2}
Trial 201 finished with value 0.029215729 | dataset=exchange | model=ufgtime_plus | val_MSE=0.002338171 | test_MSE=0.001829266 | MAE=0.029215729 | RMSE=0.042769923 | MAPE=8.979187061% | params={'learning_rate': 0.004428920011548041, 'decay_rate': 0.0008372512471168142, 'hidden_size': 32, 'beta1': 0.9, 'beta2': 0.999, 'signal_len': 8, 'cheb_order': 3, 's': 7.042745641677412, 'batch_size': 64, 'k': 2}
Trial 202 finished with value 0.027359092 | dataset=exchange | model=ufgtime_plus | val_MSE=0.002060875 | test_MSE=0.001712043 | MAE=0.027359092 | RMSE=0.041376842 | MAPE=8.328891033% | params={'learning_rate': 0.005916709234509052, 'decay_rate': 9.00492247571645e-05, 'hidden_size': 32, 'beta1': 0.9, 'beta2': 0.999, 'signal_len': 8, 'cheb_order': 3, 's': 7.2895510552711, 'batch_size': 64, 'k': 2}
Trial 203 finished with value 0.031090791 | dataset=exchange | model=ufgtime_plus | val_MSE=0.002342020 | test_MSE=0.001964556 | MAE=0.031090791 | RMSE=0.044323311 | MAPE=9.657319293% | params={'learning_rate': 0.003105778091698239, 'decay_rate': 0.0010898933044669848, 'hidden_size': 32, 'beta1': 0.9, 'beta2': 0.999, 'signal_len': 8, 'cheb_order': 3, 's': 6.161874182038538, 'batch_size': 64, 'k': 2}
Trial 204 finished with value 0.031490297 | dataset=exchange | model=ufgtime_plus | val_MSE=0.002350952 | test_MSE=0.002006953 | MAE=0.031490297 | RMSE=0.044799034 | MAPE=9.610360927% | params={'learning_rate': 0.013862577760230557, 'decay_rate': 0.0010531243994600292, 'hidden_size': 16, 'beta1': 0.9, 'beta2': 0.999, 'signal_len': 8, 'cheb_order': 3, 's': 6.877532224965757, 'batch_size': 64, 'k': 3}
Trial 205 finished with value 0.026743255 | dataset=exchange | model=ufgtime_plus | val_MSE=0.002059995 | test_MSE=0.001689833 | MAE=0.026743255 | RMSE=0.041107577 | MAPE=8.136636301% | params={'learning_rate': 0.0013266262236658363, 'decay_rate': 3.477207013623045e-05, 'hidden_size': 16, 'beta1': 0.9, 'beta2': 0.999, 'signal_len': 8, 'cheb_order': 3, 's': 6.58912101661555, 'batch_size': 16, 'k': 5}
Trial 206 finished with value 0.030591237 | dataset=exchange | model=ufgtime_plus | val_MSE=0.002367826 | test_MSE=0.001939581 | MAE=0.030591237 | RMSE=0.044040680 | MAPE=9.549588416% | params={'learning_rate': 0.00132123827530895, 'decay_rate': 0.0020535046758238494, 'hidden_size': 16, 'beta1': 0.9, 'beta2': 0.999, 'signal_len': 8, 'cheb_order': 3, 's': 6.612724447414553, 'batch_size': 16, 'k': 5}
Trial 207 finished with value 0.032402386 | dataset=exchange | model=ufgtime_plus | val_MSE=0.002454714 | test_MSE=0.002060774 | MAE=0.032402386 | RMSE=0.045395749 | MAPE=10.222565058% | params={'learning_rate': 0.0020835543742221394, 'decay_rate': 0.003079962348880266, 'hidden_size': 16, 'beta1': 0.9, 'beta2': 0.999, 'signal_len': 8, 'cheb_order': 3, 's': 6.439810645362928, 'batch_size': 16, 'k': 5}
Trial 208 finished with value 0.031126911 | dataset=exchange | model=ufgtime_plus | val_MSE=0.003200043 | test_MSE=0.002010503 | MAE=0.031126911 | RMSE=0.044838633 | MAPE=9.980145014% | params={'learning_rate': 3.877580417773244e-05, 'decay_rate': 0.0009873341232457672, 'hidden_size': 16, 'beta1': 0.9, 'beta2': 0.999, 'signal_len': 8, 'cheb_order': 3, 's': 6.683595756196488, 'batch_size': 16, 'k': 6}
Trial 209 finished with value 0.026829763 | dataset=exchange | model=ufgtime_plus | val_MSE=0.002049171 | test_MSE=0.001699398 | MAE=0.026829763 | RMSE=0.041223751 | MAPE=8.130409745% | params={'learning_rate': 0.011936014517308784, 'decay_rate': 2.305815099176666e-05, 'hidden_size': 16, 'beta1': 0.9, 'beta2': 0.999, 'signal_len': 16, 'cheb_order': 3, 's': 6.252203861995266, 'batch_size': 16, 'k': 6}
Trial 210 finished with value 0.026848743 | dataset=exchange | model=ufgtime_plus | val_MSE=0.002046563 | test_MSE=0.001704523 | MAE=0.026848743 | RMSE=0.041285870 | MAPE=8.135038427% | params={'learning_rate': 0.012137954346045905, 'decay_rate': 1.3786685279556794e-05, 'hidden_size': 16, 'beta1': 0.9, 'beta2': 0.999, 'signal_len': 16, 'cheb_order': 3, 's': 5.992518650062722, 'batch_size': 16, 'k': 6}
Trial 211 finished with value 0.027466826 | dataset=exchange | model=ufgtime_plus | val_MSE=0.002058488 | test_MSE=0.001722271 | MAE=0.027466826 | RMSE=0.041500252 | MAPE=8.360706787% | params={'learning_rate': 0.011965420502879378, 'decay_rate': 9.487592997258469e-05, 'hidden_size': 16, 'beta1': 0.9, 'beta2': 0.999, 'signal_len': 16, 'cheb_order': 3, 's': 6.032459602109663, 'batch_size': 16, 'k': 6}
Trial 212 finished with value 0.026643930 | dataset=exchange | model=ufgtime_plus | val_MSE=0.002054536 | test_MSE=0.001687812 | MAE=0.026643930 | RMSE=0.041082993 | MAPE=7.987717606% | params={'learning_rate': 0.01243289695780872, 'decay_rate': 2.6215190673384744e-05, 'hidden_size': 16, 'beta1': 0.9, 'beta2': 0.999, 'signal_len': 16, 'cheb_order': 3, 's': 6.304286098281167, 'batch_size': 16, 'k': 6}
Trial 213 finished with value 0.030875083 | dataset=exchange | model=ufgtime_plus | val_MSE=0.002380116 | test_MSE=0.001956640 | MAE=0.030875083 | RMSE=0.044233920 | MAPE=9.657768245% | params={'learning_rate': 0.012160482377883945, 'decay_rate': 0.00184778584015382, 'hidden_size': 16, 'beta1': 0.9, 'beta2': 0.999, 'signal_len': 16, 'cheb_order': 3, 's': 6.274073273428086, 'batch_size': 16, 'k': 6}
Trial 214 finished with value 0.029890588 | dataset=exchange | model=ufgtime_plus | val_MSE=0.002337295 | test_MSE=0.001883933 | MAE=0.029890588 | RMSE=0.043404297 | MAPE=9.142539777% | params={'learning_rate': 0.009356101662210523, 'decay_rate': 0.0010590591172072975, 'hidden_size': 16, 'beta1': 0.9, 'beta2': 0.999, 'signal_len': 16, 'cheb_order': 3, 's': 6.196484093302207, 'batch_size': 16, 'k': 6}
Trial 215 finished with value 0.029709187 | dataset=exchange | model=ufgtime_plus | val_MSE=0.002314592 | test_MSE=0.001871194 | MAE=0.029709187 | RMSE=0.043257306 | MAPE=9.131496546% | params={'learning_rate': 0.01043155708893366, 'decay_rate': 0.0010111664301104028, 'hidden_size': 16, 'beta1': 0.9, 'beta2': 0.999, 'signal_len': 16, 'cheb_order': 3, 's': 5.889671608783406, 'batch_size': 16, 'k': 6}
