Trial 270 finished with value 0.030161814 | dataset=exchange | model=ufgtime_plus | val_MSE=0.002359588 | test_MSE=0.001901523 | MAE=0.030161814 | RMSE=0.043606460 | MAPE=9.354341438% | params={'learning_rate': 0.046384902065150384, 'decay_rate': 0.0015978929151983865, 'hidden_size': 16, 'beta1': 0.9, 'beta2': 0.999, 'signal_len': 16, 'cheb_order': 2, 's': 3.7860616190538967, 'batch_size': 128, 'k': 6}
Trial 271 finished with value 0.029698164 | dataset=exchange | model=ufgtime_plus | val_MSE=0.002300300 | test_MSE=0.001869174 | MAE=0.029698164 | RMSE=0.043233947 | MAPE=9.119930537% | params={'learning_rate': 0.01070335326755644, 'decay_rate': 0.0008700783385348152, 'hidden_size': 16, 'beta1': 0.9, 'beta2': 0.999, 'signal_len': 16, 'cheb_order': 2, 's': 6.174198972903163, 'batch_size': 128, 'k': 6}
Trial 272 finished with value 0.044366731 | dataset=exchange | model=ufgtime_plus | val_MSE=0.006420932 | test_MSE=0.003440712 | MAE=0.044366731 | RMSE=0.058657580 | MAPE=13.962394511% | params={'learning_rate': 0.012114306459110217, 'decay_rate': 0.01947663257824242, 'hidden_size': 16, 'beta1': 0.9, 'beta2': 0.999, 'signal_len': 16, 'cheb_order': 2, 's': 2.8413833285067387, 'batch_size': 128, 'k': 5}
Trial 273 finished with value 0.030533067 | dataset=exchange | model=ufgtime_plus | val_MSE=0.002356418 | test_MSE=0.001934525 | MAE=0.030533067 | RMSE=0.043983239 | MAPE=9.481681615% | params={'learning_rate': 0.031010681676950664, 'decay_rate': 0.0018927801630710913, 'hidden_size': 16, 'beta1': 0.9, 'beta2': 0.999, 'signal_len': 16, 'cheb_order': 2, 's': 3.547758584147035, 'batch_size': 128, 'k': 6}
Trial 274 finished with value 0.027358291 | dataset=exchange | model=ufgtime_plus | val_MSE=0.002062248 | test_MSE=0.001709055 | MAE=0.027358291 | RMSE=0.041340723 | MAPE=8.296743270% | params={'learning_rate': 0.01395735839801999, 'decay_rate': 7.507979511197686e-05, 'hidden_size': 16, 'beta1': 0.9, 'beta2': 0.999, 'signal_len': 16, 'cheb_order': 2, 's': 6.376407832075293, 'batch_size': 128, 'k': 2}
Trial 275 finished with value 0.026689201 | dataset=exchange | model=ufgtime_plus | val_MSE=0.002059797 | test_MSE=0.001678137 | MAE=0.026689201 | RMSE=0.040965074 | MAPE=7.979076347% | params={'learning_rate': 0.012782673299248202, 'decay_rate': 4.1594330391233715e-05, 'hidden_size': 16, 'beta1': 0.9, 'beta2': 0.999, 'signal_len': 16, 'cheb_order': 3, 's': 3.0257419305168454, 'batch_size': 128, 'k': 6}
Trial 276 finished with value 0.031704028 | dataset=exchange | model=ufgtime_plus | val_MSE=0.002473293 | test_MSE=0.002007534 | MAE=0.031704028 | RMSE=0.044805513 | MAPE=10.054779419% | params={'learning_rate': 0.012437390032903348, 'decay_rate': 0.0034897874135636888, 'hidden_size': 16, 'beta1': 0.9, 'beta2': 0.999, 'signal_len': 16, 'cheb_order': 3, 's': 2.9468546532518647, 'batch_size': 128, 'k': 6}
Trial 277 finished with value 0.031648157 | dataset=exchange | model=ufgtime_plus | val_MSE=0.002344672 | test_MSE=0.002012660 | MAE=0.031648157 | RMSE=0.044862682 | MAPE=9.708506830% | params={'learning_rate': 0.011112560924155817, 'decay_rate': 0.0009955928885456596, 'hidden_size': 32, 'beta1': 0.9, 'beta2': 0.999, 'signal_len': 16, 'cheb_order': 3, 's': 3.6813011152763906, 'batch_size': 128, 'k': 6}
Trial 278 finished with value 0.032191162 | dataset=exchange | model=ufgtime_plus | val_MSE=0.002413208 | test_MSE=0.002047215 | MAE=0.032191162 | RMSE=0.045246161 | MAPE=10.235204115% | params={'learning_rate': 0.013366907566166248, 'decay_rate': 0.0024544770198018447, 'hidden_size': 64, 'beta1': 0.9, 'beta2': 0.999, 'signal_len': 16, 'cheb_order': 3, 's': 5.897362414646217, 'batch_size': 128, 'k': 6}
Trial 279 finished with value 0.029886931 | dataset=exchange | model=ufgtime_plus | val_MSE=0.002306960 | test_MSE=0.001878135 | MAE=0.029886931 | RMSE=0.043337458 | MAPE=9.219320913% | params={'learning_rate': 0.014676188860376131, 'decay_rate': 0.000986141948610784, 'hidden_size': 16, 'beta1': 0.9, 'beta2': 0.999, 'signal_len': 16, 'cheb_order': 2, 's': 3.269929989699006, 'batch_size': 128, 'k': 6}
Trial 280 finished with value 0.026683453 | dataset=exchange | model=ufgtime_plus | val_MSE=0.002054766 | test_MSE=0.001686585 | MAE=0.026683453 | RMSE=0.041068049 | MAPE=7.974744262% | params={'learning_rate': 0.011668448530510776, 'decay_rate': 2.1091005705177113e-05, 'hidden_size': 16, 'beta1': 0.9, 'beta2': 0.999, 'signal_len': 16, 'cheb_order': 3, 's': 3.084393490446184, 'batch_size': 128, 'k': 6}
Trial 281 finished with value 0.030896136 | dataset=exchange | model=ufgtime_plus | val_MSE=0.002358890 | test_MSE=0.001952465 | MAE=0.030896136 | RMSE=0.044186701 | MAPE=9.610422876% | params={'learning_rate': 0.009677962738362352, 'decay_rate': 0.0017633505136161875, 'hidden_size': 16, 'beta1': 0.9, 'beta2': 0.999, 'signal_len': 16, 'cheb_order': 3, 's': 3.147600720350567, 'batch_size': 128, 'k': 6}
Trial 282 finished with value 0.027799053 | dataset=exchange | model=ufgtime_plus | val_MSE=0.002058681 | test_MSE=0.001742683 | MAE=0.027799053 | RMSE=0.041745455 | MAPE=8.509657043% | params={'learning_rate': 0.011733715178400808, 'decay_rate': 7.385564445249105e-05, 'hidden_size': 16, 'beta1': 0.9, 'beta2': 0.999, 'signal_len': 16, 'cheb_order': 3, 's': 3.0054275456420076, 'batch_size': 16, 'k': 6}
Trial 283 finished with value 0.029729096 | dataset=exchange | model=ufgtime_plus | val_MSE=0.002309234 | test_MSE=0.001872062 | MAE=0.029729096 | RMSE=0.043267326 | MAPE=9.137891617% | params={'learning_rate': 0.010707058301775704, 'decay_rate': 0.0009454301738064916, 'hidden_size': 16, 'beta1': 0.9, 'beta2': 0.999, 'signal_len': 16, 'cheb_order': 3, 's': 2.49832814484538, 'batch_size': 128, 'k': 6}
Trial 284 finished with value 0.030402194 | dataset=exchange | model=ufgtime_plus | val_MSE=0.002355836 | test_MSE=0.001926143 | MAE=0.030402194 | RMSE=0.043887844 | MAPE=9.342406243% | params={'learning_rate': 0.012580217770091363, 'decay_rate': 0.0026155776150862354, 'hidden_size': 16, 'beta1': 0.9, 'beta2': 0.999, 'signal_len': 16, 'cheb_order': 3, 's': 2.5736919860841243, 'batch_size': 16, 'k': 6}
Trial 285 finished with value 0.039685274 | dataset=exchange | model=ufgtime_plus | val_MSE=0.003888651 | test_MSE=0.002776906 | MAE=0.039685274 | RMSE=0.052696358 | MAPE=13.673687664% | params={'learning_rate': 0.008986429579109605, 'decay_rate': 0.01627610890351512, 'hidden_size': 16, 'beta1': 0.9, 'beta2': 0.999, 'signal_len': 16, 'cheb_order': 3, 's': 3.0824508555231827, 'batch_size': 32, 'k': 6}
Trial 286 finished with value 0.029723019 | dataset=exchange | model=ufgtime_plus | val_MSE=0.002309659 | test_MSE=0.001875001 | MAE=0.029723019 | RMSE=0.043301283 | MAPE=9.101990128% | params={'learning_rate': 0.009809879616669579, 'decay_rate': 0.0009467522794877705, 'hidden_size': 16, 'beta1': 0.9, 'beta2': 0.999, 'signal_len': 16, 'cheb_order': 3, 's': 2.68759183829378, 'batch_size': 128, 'k': 6}
Trial 287 finished with value 0.030072305 | dataset=exchange | model=ufgtime_plus | val_MSE=0.002401741 | test_MSE=0.001900531 | MAE=0.030072305 | RMSE=0.043595085 | MAPE=9.362399448% | params={'learning_rate': 0.01151376895012478, 'decay_rate': 0.0018272421654511922, 'hidden_size': 16, 'beta1': 0.9, 'beta2': 0.999, 'signal_len': 16, 'cheb_order': 3, 's': 3.457194211888652, 'batch_size': 16, 'k': 2}
Trial 288 finished with value 0.027665461 | dataset=exchange | model=ufgtime_plus | val_MSE=0.002082480 | test_MSE=0.001733599 | MAE=0.027665461 | RMSE=0.041636515 | MAPE=8.334495924% | params={'learning_rate': 0.007079510336158807, 'decay_rate': 0.00010260521106860046, 'hidden_size': 16, 'beta1': 0.9, 'beta2': 0.999, 'signal_len': 16, 'cheb_order': 3, 's': 2.2684334207788206, 'batch_size': 32, 'k': 4}
Trial 289 finished with value 0.029726478 | dataset=exchange | model=ufgtime_plus | val_MSE=0.002318634 | test_MSE=0.001866608 | MAE=0.029726478 | RMSE=0.043204260 | MAPE=9.169151151% | params={'learning_rate': 0.010685096487692648, 'decay_rate': 0.0009776021972185869, 'hidden_size': 16, 'beta1': 0.9, 'beta2': 0.999, 'signal_len': 16, 'cheb_order': 3, 's': 4.116136425728253, 'batch_size': 32, 'k': 6}
Trial 290 finished with value 0.027268317 | dataset=exchange | model=ufgtime_plus | val_MSE=0.002049607 | test_MSE=0.001729325 | MAE=0.027268317 | RMSE=0.041585149 | MAPE=8.274737658% | params={'learning_rate': 0.013953677014431001, 'decay_rate': 1.3474738027046181e-05, 'hidden_size': 16, 'beta1': 0.9, 'beta2': 0.999, 'signal_len': 16, 'cheb_order': 3, 's': 3.2206694987168714, 'batch_size': 16, 'k': 6}
Trial 291 finished with value 0.026672062 | dataset=exchange | model=ufgtime_plus | val_MSE=0.002059642 | test_MSE=0.001684555 | MAE=0.026672062 | RMSE=0.041043335 | MAPE=8.077574983% | params={'learning_rate': 0.012266148809634647, 'decay_rate': 1.0529169573903896e-05, 'hidden_size': 32, 'beta1': 0.9, 'beta2': 0.999, 'signal_len': 16, 'cheb_order': 2, 's': 4.65526697058178, 'batch_size': 128, 'k': 6}
Trial 292 finished with value 0.030753378 | dataset=exchange | model=ufgtime_plus | val_MSE=0.002345881 | test_MSE=0.001942968 | MAE=0.030753378 | RMSE=0.044079107 | MAPE=9.590610987% | params={'learning_rate': 0.011752185954659967, 'decay_rate': 0.0017148031069436163, 'hidden_size': 32, 'beta1': 0.9, 'beta2': 0.999, 'signal_len': 16, 'cheb_order': 2, 's': 3.002410519663882, 'batch_size': 128, 'k': 6}
Trial 293 finished with value 0.030650407 | dataset=exchange | model=ufgtime_plus | val_MSE=0.002562952 | test_MSE=0.001942700 | MAE=0.030650407 | RMSE=0.044076065 | MAPE=9.635279608% | params={'learning_rate': 0.012785777968593195, 'decay_rate': 0.0033267621414272215, 'hidden_size': 32, 'beta1': 0.9, 'beta2': 0.999, 'signal_len': 16, 'cheb_order': 2, 's': 4.577807477891462, 'batch_size': 128, 'k': 6}
Trial 294 finished with value 0.026670556 | dataset=exchange | model=ufgtime_plus | val_MSE=0.002059298 | test_MSE=0.001687356 | MAE=0.026670556 | RMSE=0.041077434 | MAPE=8.098411214% | params={'learning_rate': 0.006778301935792997, 'decay_rate': 1.5692076384291194e-05, 'hidden_size': 32, 'beta1': 0.9, 'beta2': 0.999, 'signal_len': 16, 'cheb_order': 2, 's': 6.205115785187079, 'batch_size': 128, 'k': 6}
Trial 295 finished with value 0.030806567 | dataset=exchange | model=ufgtime_plus | val_MSE=0.002371717 | test_MSE=0.001944911 | MAE=0.030806567 | RMSE=0.044101141 | MAPE=9.614487317% | params={'learning_rate': 0.00638824737696008, 'decay_rate': 0.0017561966287358178, 'hidden_size': 32, 'beta1': 0.9, 'beta2': 0.999, 'signal_len': 16, 'cheb_order': 2, 's': 4.5336891025991815, 'batch_size': 128, 'k': 6}
Trial 296 finished with value 0.029909382 | dataset=exchange | model=ufgtime_plus | val_MSE=0.002325376 | test_MSE=0.001879458 | MAE=0.029909382 | RMSE=0.043352712 | MAPE=9.234772417% | params={'learning_rate': 0.028704755494972745, 'decay_rate': 0.0011065040938355898, 'hidden_size': 32, 'beta1': 0.9, 'beta2': 0.999, 'signal_len': 16, 'cheb_order': 2, 's': 4.312212769445656, 'batch_size': 128, 'k': 6}
Trial 297 finished with value 0.030380271 | dataset=exchange | model=ufgtime_plus | val_MSE=0.002547076 | test_MSE=0.001924668 | MAE=0.030380271 | RMSE=0.043871040 | MAPE=9.492479839% | params={'learning_rate': 0.004985685377691404, 'decay_rate': 0.0026631314273731026, 'hidden_size': 32, 'beta1': 0.9, 'beta2': 0.999, 'signal_len': 16, 'cheb_order': 2, 's': 3.5900686402973307, 'batch_size': 128, 'k': 6}
Trial 298 finished with value 0.030378305 | dataset=exchange | model=ufgtime_plus | val_MSE=0.002307495 | test_MSE=0.001927379 | MAE=0.030378305 | RMSE=0.043901928 | MAPE=9.297482248% | params={'learning_rate': 0.0077944882118555475, 'decay_rate': 0.0009198600327865395, 'hidden_size': 32, 'beta1': 0.9, 'beta2': 0.999, 'signal_len': 16, 'cheb_order': 2, 's': 3.8349658978680594, 'batch_size': 128, 'k': 6}
Trial 299 finished with value 0.027323962 | dataset=exchange | model=ufgtime_plus | val_MSE=0.002056489 | test_MSE=0.001712317 | MAE=0.027323962 | RMSE=0.041380154 | MAPE=8.306931965% | params={'learning_rate': 0.04914338909439154, 'decay_rate': 7.249280641271903e-05, 'hidden_size': 32, 'beta1': 0.9, 'beta2': 0.999, 'signal_len': 16, 'cheb_order': 2, 's': 6.055772801074805, 'batch_size': 128, 'k': 6}
Best trial 198 | value=0.026541287 | dataset=exchange | model=ufgtime_plus | params={'learning_rate': 0.0053333434984685155, 'decay_rate': 1.7196069781395847e-05, 'hidden_size': 32, 'beta1': 0.9, 'beta2': 0.999, 'signal_len': 8, 'cheb_order': 3, 's': 6.373626636903034, 'batch_size': 64, 'k': 2} | val_MSE=0.002054599 | test_MSE=0.001680125 | MAE=0.026541287 | RMSE=0.040989327 | MAPE=7.999979640%
Trial 300 finished with value 0.031040185 | dataset=exchange | model=ufgtime_plus | val_MSE=0.002375264 | test_MSE=0.001961417 | MAE=0.031040185 | RMSE=0.044287886 | MAPE=9.694130736% | params={'learning_rate': 0.007329241580730022, 'decay_rate': 0.0019147833994889794, 'hidden_size': 32, 'beta1': 0.9, 'beta2': 0.999, 'signal_len': 16, 'cheb_order': 2, 's': 4.953279830620382, 'batch_size': 128, 'k': 6}
Trial 301 finished with value 0.051349884 | dataset=exchange | model=ufgtime_plus | val_MSE=0.007948692 | test_MSE=0.004385110 | MAE=0.051349884 | RMSE=0.066220161 | MAPE=17.092861966% | params={'learning_rate': 0.03727944811114931, 'decay_rate': 0.031452431615559606, 'hidden_size': 32, 'beta1': 0.9, 'beta2': 0.999, 'signal_len': 16, 'cheb_order': 2, 's': 6.206861169934995, 'batch_size': 128, 'k': 6}
Trial 302 finished with value 0.027068044 | dataset=exchange | model=ufgtime_plus | val_MSE=0.002052199 | test_MSE=0.001712753 | MAE=0.027068044 | RMSE=0.041385419 | MAPE=8.226404371% | params={'learning_rate': 0.02663806902125416, 'decay_rate': 2.1984584208221616e-05, 'hidden_size': 32, 'beta1': 0.9, 'beta2': 0.999, 'signal_len': 16, 'cheb_order': 2, 's': 5.715023955509109, 'batch_size': 128, 'k': 2}
Trial 303 finished with value 0.030837182 | dataset=exchange | model=ufgtime_plus | val_MSE=0.002320794 | test_MSE=0.001945015 | MAE=0.030837182 | RMSE=0.044102327 | MAPE=9.541369690% | params={'learning_rate': 0.006014429503751141, 'decay_rate': 0.0009963734336383456, 'hidden_size': 32, 'beta1': 0.9, 'beta2': 0.999, 'signal_len': 16, 'cheb_order': 2, 's': 2.890358209836308, 'batch_size': 128, 'k': 5}
Trial 304 finished with value 0.031555823 | dataset=exchange | model=ufgtime_plus | val_MSE=0.002377448 | test_MSE=0.002008700 | MAE=0.031555823 | RMSE=0.044818526 | MAPE=9.904915021% | params={'learning_rate': 0.013347025566083082, 'decay_rate': 0.002546771758646749, 'hidden_size': 32, 'beta1': 0.9, 'beta2': 0.999, 'signal_len': 16, 'cheb_order': 2, 's': 3.3328734963602704, 'batch_size': 128, 'k': 6}
Trial 305 finished with value 0.029489163 | dataset=exchange | model=ufgtime_plus | val_MSE=0.002347167 | test_MSE=0.001849805 | MAE=0.029489163 | RMSE=0.043009362 | MAPE=9.100867335% | params={'learning_rate': 0.015473911224846539, 'decay_rate': 0.0010214023507308402, 'hidden_size': 64, 'beta1': 0.9, 'beta2': 0.999, 'signal_len': 16, 'cheb_order': 2, 's': 6.323018991482377, 'batch_size': 128, 'k': 6}
Trial 306 finished with value 0.032965032 | dataset=exchange | model=ufgtime_plus | val_MSE=0.003363406 | test_MSE=0.002170549 | MAE=0.032965032 | RMSE=0.046589151 | MAPE=10.531824240% | params={'learning_rate': 0.004393064310241801, 'decay_rate': 0.0036134197260862364, 'hidden_size': 16, 'beta1': 0.9, 'beta2': 0.999, 'signal_len': 16, 'cheb_order': 3, 's': 5.907775014051973, 'batch_size': 128, 'k': 6}
Trial 307 finished with value 0.030415983 | dataset=exchange | model=ufgtime_plus | val_MSE=0.002319643 | test_MSE=0.001918197 | MAE=0.030415983 | RMSE=0.043797226 | MAPE=9.471559999% | params={'learning_rate': 0.014616929561947439, 'decay_rate': 0.0009008295164110365, 'hidden_size': 16, 'beta1': 0.9, 'beta2': 0.999, 'signal_len': 16, 'cheb_order': 3, 's': 6.210447724074913, 'batch_size': 128, 'k': 6}
Trial 308 finished with value 0.029951865 | dataset=exchange | model=ufgtime_plus | val_MSE=0.002398196 | test_MSE=0.001891118 | MAE=0.029951865 | RMSE=0.043486982 | MAPE=9.278428508% | params={'learning_rate': 0.04334196063774013, 'decay_rate': 0.0019675918529602613, 'hidden_size': 32, 'beta1': 0.9, 'beta2': 0.999, 'signal_len': 16, 'cheb_order': 2, 's': 6.419303466573335, 'batch_size': 32, 'k': 6}
Trial 309 finished with value 0.029540370 | dataset=exchange | model=ufgtime_plus | val_MSE=0.002311337 | test_MSE=0.001852145 | MAE=0.029540370 | RMSE=0.043036551 | MAPE=9.106412031% | params={'learning_rate': 0.010780658697191647, 'decay_rate': 0.0009053376745277391, 'hidden_size': 16, 'beta1': 0.9, 'beta2': 0.999, 'signal_len': 16, 'cheb_order': 3, 's': 6.0803192757808215, 'batch_size': 64, 'k': 6}
Trial 310 finished with value 0.026797830 | dataset=exchange | model=ufgtime_plus | val_MSE=0.002067244 | test_MSE=0.001684582 | MAE=0.026797830 | RMSE=0.041043661 | MAPE=8.084500732% | params={'learning_rate': 0.005326685689958287, 'decay_rate': 4.613178840324326e-05, 'hidden_size': 16, 'beta1': 0.9, 'beta2': 0.999, 'signal_len': 16, 'cheb_order': 3, 's': 7.007576389846502, 'batch_size': 16, 'k': 4}
Trial 311 finished with value 0.026641412 | dataset=exchange | model=ufgtime_plus | val_MSE=0.002064810 | test_MSE=0.001685074 | MAE=0.026641412 | RMSE=0.041049655 | MAPE=8.022793389% | params={'learning_rate': 0.005364903934028171, 'decay_rate': 1.906185838210107e-05, 'hidden_size': 16, 'beta1': 0.9, 'beta2': 0.999, 'signal_len': 16, 'cheb_order': 3, 's': 7.0662752263306325, 'batch_size': 16, 'k': 4}
Trial 312 finished with value 0.030234354 | dataset=exchange | model=ufgtime_plus | val_MSE=0.002388165 | test_MSE=0.001913709 | MAE=0.030234354 | RMSE=0.043745961 | MAPE=9.394556951% | params={'learning_rate': 0.004939956910637621, 'decay_rate': 0.0018307238368134974, 'hidden_size': 16, 'beta1': 0.9, 'beta2': 0.999, 'signal_len': 16, 'cheb_order': 3, 's': 7.008658352269033, 'batch_size': 16, 'k': 4}
Trial 313 finished with value 0.030140864 | dataset=exchange | model=ufgtime_plus | val_MSE=0.002316445 | test_MSE=0.001895608 | MAE=0.030140864 | RMSE=0.043538580 | MAPE=9.306752896% | params={'learning_rate': 0.0058701495429188755, 'decay_rate': 0.0009660341443932368, 'hidden_size': 16, 'beta1': 0.9, 'beta2': 0.999, 'signal_len': 16, 'cheb_order': 3, 's': 7.055846246390641, 'batch_size': 16, 'k': 4}
Trial 314 finished with value 0.031068988 | dataset=exchange | model=ufgtime_plus | val_MSE=0.002391021 | test_MSE=0.001971705 | MAE=0.031068988 | RMSE=0.044403880 | MAPE=9.737849070% | params={'learning_rate': 0.004589765278259052, 'decay_rate': 0.0027972056981466877, 'hidden_size': 16, 'beta1': 0.9, 'beta2': 0.999, 'signal_len': 16, 'cheb_order': 3, 's': 1.6142658319816425, 'batch_size': 16, 'k': 4}
Trial 315 finished with value 0.026396296 | dataset=exchange | model=ufgtime_plus | val_MSE=0.002061824 | test_MSE=0.001676416 | MAE=0.026396296 | RMSE=0.040944064 | MAPE=7.919255828% | params={'learning_rate': 0.0039877064453043305, 'decay_rate': 1.1328129014050974e-05, 'hidden_size': 16, 'beta1': 0.9, 'beta2': 0.999, 'signal_len': 16, 'cheb_order': 3, 's': 7.08752455402401, 'batch_size': 16, 'k': 5}
Trial 316 finished with value 0.029830954 | dataset=exchange | model=ufgtime_plus | val_MSE=0.002410608 | test_MSE=0.001880787 | MAE=0.029830954 | RMSE=0.043368047 | MAPE=9.247975653% | params={'learning_rate': 0.003518958619631523, 'decay_rate': 0.0016484548780963425, 'hidden_size': 16, 'beta1': 0.9, 'beta2': 0.999, 'signal_len': 16, 'cheb_order': 3, 's': 7.1274196379031896, 'batch_size': 16, 'k': 5}
Trial 317 finished with value 0.026897598 | dataset=exchange | model=ufgtime_plus | val_MSE=0.002049582 | test_MSE=0.001709344 | MAE=0.026897598 | RMSE=0.041344213 | MAPE=8.044962430% | params={'learning_rate': 0.0027934075764597345, 'decay_rate': 2.2160846966790713e-05, 'hidden_size': 32, 'beta1': 0.9, 'beta2': 0.999, 'signal_len': 16, 'cheb_order': 3, 's': 7.5635153643595245, 'batch_size': 16, 'k': 5}
Trial 318 finished with value 0.026815163 | dataset=exchange | model=ufgtime_plus | val_MSE=0.002040208 | test_MSE=0.001706096 | MAE=0.026815163 | RMSE=0.041304911 | MAPE=8.110712654% | params={'learning_rate': 0.004452018676391494, 'decay_rate': 1.4680098044754073e-05, 'hidden_size': 16, 'beta1': 0.9, 'beta2': 0.999, 'signal_len': 16, 'cheb_order': 3, 's': 7.380144410624036, 'batch_size': 16, 'k': 5}
Trial 319 finished with value 0.029495049 | dataset=exchange | model=ufgtime_plus | val_MSE=0.002340385 | test_MSE=0.001852724 | MAE=0.029495049 | RMSE=0.043043281 | MAPE=9.076058503% | params={'learning_rate': 0.00434457734366153, 'decay_rate': 0.000982452103505282, 'hidden_size': 16, 'beta1': 0.9, 'beta2': 0.999, 'signal_len': 16, 'cheb_order': 3, 's': 7.812345029650754, 'batch_size': 16, 'k': 5}
Trial 320 finished with value 0.030927562 | dataset=exchange | model=ufgtime_plus | val_MSE=0.002362395 | test_MSE=0.001968475 | MAE=0.030927562 | RMSE=0.044367495 | MAPE=9.605005325% | params={'learning_rate': 0.005932519312262704, 'decay_rate': 0.0022027523237307407, 'hidden_size': 16, 'beta1': 0.9, 'beta2': 0.999, 'signal_len': 16, 'cheb_order': 3, 's': 7.224793395670572, 'batch_size': 16, 'k': 5}
Trial 321 finished with value 0.029682192 | dataset=exchange | model=ufgtime_plus | val_MSE=0.002326046 | test_MSE=0.001858005 | MAE=0.029682192 | RMSE=0.043104577 | MAPE=9.135435196% | params={'learning_rate': 0.005366816511397239, 'decay_rate': 0.000895263045076044, 'hidden_size': 16, 'beta1': 0.9, 'beta2': 0.999, 'signal_len': 16, 'cheb_order': 3, 's': 7.534907674876767, 'batch_size': 16, 'k': 5}
Trial 322 finished with value 0.026796668 | dataset=exchange | model=ufgtime_plus | val_MSE=0.002046754 | test_MSE=0.001699569 | MAE=0.026796668 | RMSE=0.041225829 | MAPE=8.094768211% | params={'learning_rate': 0.0036413338227077414, 'decay_rate': 1.4168065604633499e-05, 'hidden_size': 16, 'beta1': 0.9, 'beta2': 0.999, 'signal_len': 16, 'cheb_order': 3, 's': 7.418985646750159, 'batch_size': 16, 'k': 5}
