Trial 431 finished with value 0.026694839 | dataset=exchange | model=ufgtime_plus | val_MSE=0.002051462 | test_MSE=0.001688577 | MAE=0.026694839 | RMSE=0.041092302 | MAPE=8.098472596% | params={'learning_rate': 0.008657989228549323, 'decay_rate': 2.7768191376596545e-05, 'hidden_size': 64, 'beta1': 0.9, 'beta2': 0.999, 'signal_len': 16, 'cheb_order': 2, 's': 2.72867144748575, 'batch_size': 128, 'k': 2}
Trial 432 finished with value 0.027005972 | dataset=exchange | model=ufgtime_plus | val_MSE=0.002064507 | test_MSE=0.001717081 | MAE=0.027005972 | RMSE=0.041437674 | MAPE=8.207472469% | params={'learning_rate': 0.008306418738095121, 'decay_rate': 1.4362016393991766e-05, 'hidden_size': 64, 'beta1': 0.9, 'beta2': 0.999, 'signal_len': 16, 'cheb_order': 2, 's': 2.830368131969443, 'batch_size': 128, 'k': 2}
Trial 433 finished with value 0.030989212 | dataset=exchange | model=ufgtime_plus | val_MSE=0.002361585 | test_MSE=0.001965257 | MAE=0.030989212 | RMSE=0.044331214 | MAPE=9.763704595% | params={'learning_rate': 0.009748526162055505, 'decay_rate': 0.0017601346525796685, 'hidden_size': 64, 'beta1': 0.9, 'beta2': 0.999, 'signal_len': 16, 'cheb_order': 2, 's': 2.6699394162373604, 'batch_size': 128, 'k': 2}
Trial 434 finished with value 0.030404954 | dataset=exchange | model=ufgtime_plus | val_MSE=0.002332490 | test_MSE=0.001924452 | MAE=0.030404954 | RMSE=0.043868573 | MAPE=9.383698846% | params={'learning_rate': 0.00924135571358638, 'decay_rate': 0.0013790695841321492, 'hidden_size': 64, 'beta1': 0.9, 'beta2': 0.999, 'signal_len': 16, 'cheb_order': 2, 's': 3.023870792500434, 'batch_size': 128, 'k': 2}
Trial 435 finished with value 0.030306676 | dataset=exchange | model=ufgtime_plus | val_MSE=0.002344093 | test_MSE=0.001902519 | MAE=0.030306676 | RMSE=0.043617874 | MAPE=9.281511653% | params={'learning_rate': 0.005979014192046281, 'decay_rate': 0.00086858971857589, 'hidden_size': 64, 'beta1': 0.9, 'beta2': 0.999, 'signal_len': 16, 'cheb_order': 2, 's': 2.3164642728313862, 'batch_size': 128, 'k': 2}
Trial 436 finished with value 0.030536737 | dataset=exchange | model=ufgtime_plus | val_MSE=0.002539240 | test_MSE=0.001936253 | MAE=0.030536737 | RMSE=0.044002873 | MAPE=9.637204846% | params={'learning_rate': 0.007626749920741969, 'decay_rate': 0.0032144174648811017, 'hidden_size': 64, 'beta1': 0.9, 'beta2': 0.999, 'signal_len': 16, 'cheb_order': 2, 's': 2.683620578309653, 'batch_size': 128, 'k': 2}
Trial 437 finished with value 0.032017887 | dataset=exchange | model=ufgtime_plus | val_MSE=0.002371168 | test_MSE=0.002044575 | MAE=0.032017887 | RMSE=0.045216982 | MAPE=10.134483109% | params={'learning_rate': 0.008739901869112566, 'decay_rate': 0.002443738756822066, 'hidden_size': 64, 'beta1': 0.9, 'beta2': 0.999, 'signal_len': 16, 'cheb_order': 2, 's': 2.871484116841035, 'batch_size': 128, 'k': 2}
Trial 438 finished with value 0.027387498 | dataset=exchange | model=ufgtime_plus | val_MSE=0.002054016 | test_MSE=0.001750274 | MAE=0.027387498 | RMSE=0.041836271 | MAPE=8.339464901% | params={'learning_rate': 0.006378695769979455, 'decay_rate': 1.7090049638240225e-05, 'hidden_size': 64, 'beta1': 0.9, 'beta2': 0.999, 'signal_len': 16, 'cheb_order': 2, 's': 3.18651115581676, 'batch_size': 128, 'k': 2}
Trial 439 finished with value 0.035763241 | dataset=exchange | model=ufgtime_plus | val_MSE=0.002619873 | test_MSE=0.002523602 | MAE=0.035763241 | RMSE=0.050235468 | MAPE=11.810329114% | params={'learning_rate': 0.005244739592219419, 'decay_rate': 0.0011680983209908604, 'hidden_size': 64, 'beta1': 0.9, 'beta2': 0.999, 'signal_len': 16, 'cheb_order': 2, 's': 2.8079073720988785, 'batch_size': 128, 'k': 2}
Trial 440 finished with value 0.030260780 | dataset=exchange | model=ufgtime_plus | val_MSE=0.002306649 | test_MSE=0.001913122 | MAE=0.030260780 | RMSE=0.043739248 | MAPE=9.295949774% | params={'learning_rate': 0.00740171531304854, 'decay_rate': 0.0009563915211055721, 'hidden_size': 32, 'beta1': 0.9, 'beta2': 0.999, 'signal_len': 16, 'cheb_order': 2, 's': 2.495469531718935, 'batch_size': 128, 'k': 2}
Trial 441 finished with value 0.031542096 | dataset=exchange | model=ufgtime_plus | val_MSE=0.002361058 | test_MSE=0.002002262 | MAE=0.031542096 | RMSE=0.044746645 | MAPE=9.884849283% | params={'learning_rate': 0.008672392825838714, 'decay_rate': 0.002126666745772488, 'hidden_size': 32, 'beta1': 0.9, 'beta2': 0.999, 'signal_len': 16, 'cheb_order': 2, 's': 2.4135956129036464, 'batch_size': 64, 'k': 2}
Trial 442 finished with value 0.028022426 | dataset=exchange | model=ufgtime_plus | val_MSE=0.002121069 | test_MSE=0.001769527 | MAE=0.028022426 | RMSE=0.042065750 | MAPE=8.675793682% | params={'learning_rate': 0.0043532264488093005, 'decay_rate': 3.9348352765092484e-05, 'hidden_size': 64, 'beta1': 0.9, 'beta2': 0.999, 'signal_len': 16, 'cheb_order': 2, 's': 2.5840980995954306, 'batch_size': 256, 'k': 2}
Trial 443 finished with value 0.029572166 | dataset=exchange | model=ufgtime_plus | val_MSE=0.002311682 | test_MSE=0.001854079 | MAE=0.029572166 | RMSE=0.043059020 | MAPE=9.065212674% | params={'learning_rate': 0.006152955872329403, 'decay_rate': 0.0007985082293513742, 'hidden_size': 32, 'beta1': 0.9, 'beta2': 0.999, 'signal_len': 16, 'cheb_order': 3, 's': 4.598534683884623, 'batch_size': 128, 'k': 2}
Trial 444 finished with value 0.026653450 | dataset=exchange | model=ufgtime_plus | val_MSE=0.002043284 | test_MSE=0.001691909 | MAE=0.026653450 | RMSE=0.041132817 | MAPE=8.014626124% | params={'learning_rate': 0.024034273908640245, 'decay_rate': 1.4098835314561701e-05, 'hidden_size': 32, 'beta1': 0.9, 'beta2': 0.999, 'signal_len': 16, 'cheb_order': 3, 's': 3.3398979140279748, 'batch_size': 64, 'k': 6}
Trial 445 finished with value 0.033716139 | dataset=exchange | model=ufgtime_plus | val_MSE=0.002494142 | test_MSE=0.002156424 | MAE=0.033716139 | RMSE=0.046437311 | MAPE=10.661935352% | params={'learning_rate': 0.03283190493512518, 'decay_rate': 0.004299526388928081, 'hidden_size': 32, 'beta1': 0.9, 'beta2': 0.999, 'signal_len': 16, 'cheb_order': 3, 's': 3.208313581667176, 'batch_size': 64, 'k': 6}
Trial 446 finished with value 0.031494817 | dataset=exchange | model=ufgtime_plus | val_MSE=0.002350631 | test_MSE=0.002003800 | MAE=0.031494817 | RMSE=0.044763827 | MAPE=9.799776359% | params={'learning_rate': 0.019923861254778123, 'decay_rate': 0.0018320140650481655, 'hidden_size': 16, 'beta1': 0.9, 'beta2': 0.999, 'signal_len': 16, 'cheb_order': 3, 's': 3.7543124920261004, 'batch_size': 64, 'k': 6}
Trial 447 finished with value 0.026666058 | dataset=exchange | model=ufgtime_plus | val_MSE=0.002043288 | test_MSE=0.001698573 | MAE=0.026666058 | RMSE=0.041213749 | MAPE=8.088204077% | params={'learning_rate': 0.007218060817012427, 'decay_rate': 1.0647882228981945e-05, 'hidden_size': 32, 'beta1': 0.9, 'beta2': 0.999, 'signal_len': 16, 'cheb_order': 2, 's': 3.025892236212633, 'batch_size': 64, 'k': 6}
Trial 448 finished with value 0.030694636 | dataset=exchange | model=ufgtime_plus | val_MSE=0.002376159 | test_MSE=0.001935597 | MAE=0.030694636 | RMSE=0.043995418 | MAPE=9.572298546% | params={'learning_rate': 0.008183869949007543, 'decay_rate': 0.0015982745908211344, 'hidden_size': 16, 'beta1': 0.9, 'beta2': 0.999, 'signal_len': 16, 'cheb_order': 2, 's': 3.294975191678101, 'batch_size': 64, 'k': 6}
Trial 449 finished with value 0.030312915 | dataset=exchange | model=ufgtime_plus | val_MSE=0.002323723 | test_MSE=0.001905756 | MAE=0.030312915 | RMSE=0.043654967 | MAPE=9.340192390% | params={'learning_rate': 0.00739088158667141, 'decay_rate': 0.0009059578233846402, 'hidden_size': 64, 'beta1': 0.9, 'beta2': 0.999, 'signal_len': 16, 'cheb_order': 2, 's': 2.968581057870074, 'batch_size': 64, 'k': 6}
Trial 450 finished with value 0.031071104 | dataset=exchange | model=ufgtime_plus | val_MSE=0.002387830 | test_MSE=0.001976225 | MAE=0.031071104 | RMSE=0.044454757 | MAPE=9.776086674% | params={'learning_rate': 0.006653156274121578, 'decay_rate': 0.0029529973469657545, 'hidden_size': 16, 'beta1': 0.9, 'beta2': 0.999, 'signal_len': 16, 'cheb_order': 2, 's': 3.3114120073044537, 'batch_size': 64, 'k': 6}
Trial 451 finished with value 0.029506492 | dataset=exchange | model=ufgtime_plus | val_MSE=0.002311444 | test_MSE=0.001865242 | MAE=0.029506492 | RMSE=0.043188443 | MAPE=8.883242717% | params={'learning_rate': 0.04350281477359019, 'decay_rate': 0.0009034055761940428, 'hidden_size': 32, 'beta1': 0.9, 'beta2': 0.999, 'signal_len': 16, 'cheb_order': 2, 's': 3.122768927515609, 'batch_size': 64, 'k': 6}
Trial 452 finished with value 0.030728429 | dataset=exchange | model=ufgtime_plus | val_MSE=0.002390234 | test_MSE=0.001957218 | MAE=0.030728429 | RMSE=0.044240459 | MAPE=9.406023323% | params={'learning_rate': 0.02278142741865599, 'decay_rate': 0.0022387105662266178, 'hidden_size': 16, 'beta1': 0.9, 'beta2': 0.999, 'signal_len': 16, 'cheb_order': 2, 's': 3.0410407609898207, 'batch_size': 64, 'k': 6}
Trial 453 finished with value 0.031039420 | dataset=exchange | model=ufgtime_plus | val_MSE=0.002335564 | test_MSE=0.001956881 | MAE=0.031039420 | RMSE=0.044236643 | MAPE=9.588362832% | params={'learning_rate': 0.009054984527251668, 'decay_rate': 0.0009340845111093363, 'hidden_size': 32, 'beta1': 0.9, 'beta2': 0.999, 'signal_len': 16, 'cheb_order': 2, 's': 2.9822046745881425, 'batch_size': 64, 'k': 6}
Trial 454 finished with value 0.027126244 | dataset=exchange | model=ufgtime_plus | val_MSE=0.002045588 | test_MSE=0.001712676 | MAE=0.027126244 | RMSE=0.041384491 | MAPE=8.187282950% | params={'learning_rate': 0.023790286998859055, 'decay_rate': 2.9865936840496438e-05, 'hidden_size': 16, 'beta1': 0.9, 'beta2': 0.999, 'signal_len': 16, 'cheb_order': 2, 's': 2.829167831006499, 'batch_size': 64, 'k': 6}
Trial 455 finished with value 0.031338182 | dataset=exchange | model=ufgtime_plus | val_MSE=0.002347563 | test_MSE=0.001992611 | MAE=0.031338182 | RMSE=0.044638668 | MAPE=9.754020633% | params={'learning_rate': 0.021696300309989695, 'decay_rate': 0.0018055441215387104, 'hidden_size': 16, 'beta1': 0.9, 'beta2': 0.999, 'signal_len': 16, 'cheb_order': 2, 's': 3.434020389227469, 'batch_size': 64, 'k': 6}
Trial 456 finished with value 0.029886735 | dataset=exchange | model=ufgtime_plus | val_MSE=0.002300093 | test_MSE=0.001878367 | MAE=0.029886735 | RMSE=0.043340136 | MAPE=9.230124920% | params={'learning_rate': 0.007056931381570575, 'decay_rate': 0.0009331357602590728, 'hidden_size': 32, 'beta1': 0.9, 'beta2': 0.999, 'signal_len': 16, 'cheb_order': 2, 's': 3.4516107700216634, 'batch_size': 64, 'k': 6}
Trial 457 finished with value 0.047770010 | dataset=exchange | model=ufgtime_plus | val_MSE=0.006456372 | test_MSE=0.003832425 | MAE=0.047770010 | RMSE=0.061906581 | MAPE=16.271910469% | params={'learning_rate': 0.04077976313046799, 'decay_rate': 0.025280291972586928, 'hidden_size': 16, 'beta1': 0.9, 'beta2': 0.999, 'signal_len': 16, 'cheb_order': 2, 's': 2.805841453153973, 'batch_size': 64, 'k': 6}
Trial 458 finished with value 0.043372853 | dataset=exchange | model=ufgtime_plus | val_MSE=0.005591426 | test_MSE=0.003273141 | MAE=0.043372853 | RMSE=0.057211370 | MAPE=14.359822949% | params={'learning_rate': 0.01082336873230595, 'decay_rate': 0.021373156759368975, 'hidden_size': 32, 'beta1': 0.9, 'beta2': 0.999, 'signal_len': 16, 'cheb_order': 2, 's': 2.6818979979420963, 'batch_size': 64, 'k': 6}
Trial 459 finished with value 0.032905314 | dataset=exchange | model=ufgtime_plus | val_MSE=0.002412348 | test_MSE=0.002111727 | MAE=0.032905314 | RMSE=0.045953531 | MAPE=10.396724634% | params={'learning_rate': 0.009995631270004622, 'decay_rate': 0.0035291383371283437, 'hidden_size': 16, 'beta1': 0.9, 'beta2': 0.999, 'signal_len': 16, 'cheb_order': 3, 's': 3.605695473728185, 'batch_size': 128, 'k': 6}
Trial 460 finished with value 0.030908672 | dataset=exchange | model=ufgtime_plus | val_MSE=0.002354909 | test_MSE=0.001957962 | MAE=0.030908672 | RMSE=0.044248865 | MAPE=9.659632946% | params={'learning_rate': 0.00820527876238472, 'decay_rate': 0.001685629087831939, 'hidden_size': 64, 'beta1': 0.9, 'beta2': 0.999, 'signal_len': 16, 'cheb_order': 2, 's': 2.637897804726965, 'batch_size': 64, 'k': 6}
Trial 461 finished with value 0.030267508 | dataset=exchange | model=ufgtime_plus | val_MSE=0.002303248 | test_MSE=0.001908554 | MAE=0.030267508 | RMSE=0.043686995 | MAPE=9.257737788% | params={'learning_rate': 0.005236495020271289, 'decay_rate': 0.000861297677397596, 'hidden_size': 16, 'beta1': 0.9, 'beta2': 0.999, 'signal_len': 16, 'cheb_order': 3, 's': 2.068728203289785, 'batch_size': 128, 'k': 6}
Trial 462 finished with value 0.026899359 | dataset=exchange | model=ufgtime_plus | val_MSE=0.002055939 | test_MSE=0.001704308 | MAE=0.026899359 | RMSE=0.041283269 | MAPE=8.108802742% | params={'learning_rate': 0.005978548909587145, 'decay_rate': 1.794202304471175e-05, 'hidden_size': 32, 'beta1': 0.9, 'beta2': 0.999, 'signal_len': 16, 'cheb_order': 3, 's': 5.793902123213426, 'batch_size': 64, 'k': 6}
Trial 463 finished with value 0.031042984 | dataset=exchange | model=ufgtime_plus | val_MSE=0.002387727 | test_MSE=0.001966592 | MAE=0.031042984 | RMSE=0.044346271 | MAPE=9.756068897% | params={'learning_rate': 0.007372140449501241, 'decay_rate': 0.0025256544938064545, 'hidden_size': 16, 'beta1': 0.9, 'beta2': 0.999, 'signal_len': 16, 'cheb_order': 3, 's': 3.1784646180352825, 'batch_size': 128, 'k': 6}
Trial 464 finished with value 0.029813265 | dataset=exchange | model=ufgtime_plus | val_MSE=0.002313273 | test_MSE=0.001875240 | MAE=0.029813265 | RMSE=0.043304041 | MAPE=9.183338355% | params={'learning_rate': 0.009202208828495845, 'decay_rate': 0.0009298574630772879, 'hidden_size': 32, 'beta1': 0.9, 'beta2': 0.999, 'signal_len': 16, 'cheb_order': 2, 's': 2.459467506693822, 'batch_size': 128, 'k': 6}
Trial 465 finished with value 0.030725941 | dataset=exchange | model=ufgtime_plus | val_MSE=0.002344255 | test_MSE=0.001951208 | MAE=0.030725941 | RMSE=0.044172475 | MAPE=9.539003202% | params={'learning_rate': 0.0056703952465612115, 'decay_rate': 0.0017234547576981908, 'hidden_size': 16, 'beta1': 0.9, 'beta2': 0.999, 'signal_len': 16, 'cheb_order': 3, 's': 2.9650459284972444, 'batch_size': 64, 'k': 6}
Trial 466 finished with value 0.030531116 | dataset=exchange | model=ufgtime_plus | val_MSE=0.002314458 | test_MSE=0.001921945 | MAE=0.030531116 | RMSE=0.043839993 | MAPE=9.460426661% | params={'learning_rate': 0.011533042952775916, 'decay_rate': 0.0008699167208855257, 'hidden_size': 16, 'beta1': 0.9, 'beta2': 0.999, 'signal_len': 16, 'cheb_order': 3, 's': 2.773551289741494, 'batch_size': 128, 'k': 6}
Trial 467 finished with value 0.026940167 | dataset=exchange | model=ufgtime_plus | val_MSE=0.002058602 | test_MSE=0.001689183 | MAE=0.026940167 | RMSE=0.041099675 | MAPE=8.160176108% | params={'learning_rate': 0.006758681890774325, 'decay_rate': 7.555555557260127e-05, 'hidden_size': 32, 'beta1': 0.9, 'beta2': 0.999, 'signal_len': 16, 'cheb_order': 3, 's': 3.114857620309739, 'batch_size': 64, 'k': 6}
Trial 468 finished with value 0.027122433 | dataset=exchange | model=ufgtime_plus | val_MSE=0.002038432 | test_MSE=0.001726294 | MAE=0.027122433 | RMSE=0.041548699 | MAPE=8.316766993% | params={'learning_rate': 0.004728779989007952, 'decay_rate': 2.4481876446859297e-05, 'hidden_size': 16, 'beta1': 0.9, 'beta2': 0.999, 'signal_len': 16, 'cheb_order': 2, 's': 3.8987175483982024, 'batch_size': 128, 'k': 6}
Trial 469 finished with value 0.031470560 | dataset=exchange | model=ufgtime_plus | val_MSE=0.002386000 | test_MSE=0.002003027 | MAE=0.031470560 | RMSE=0.044755192 | MAPE=9.992782229% | params={'learning_rate': 0.008158019137919682, 'decay_rate': 0.002589264435347317, 'hidden_size': 64, 'beta1': 0.9, 'beta2': 0.999, 'signal_len': 16, 'cheb_order': 3, 's': 3.324933714791142, 'batch_size': 128, 'k': 6}
Trial 470 finished with value 0.030429201 | dataset=exchange | model=ufgtime_plus | val_MSE=0.002353279 | test_MSE=0.001924152 | MAE=0.030429201 | RMSE=0.043865155 | MAPE=9.507702647% | params={'learning_rate': 0.006271025184327333, 'decay_rate': 0.0017229630353610365, 'hidden_size': 32, 'beta1': 0.9, 'beta2': 0.999, 'signal_len': 16, 'cheb_order': 3, 's': 5.322391058281759, 'batch_size': 64, 'k': 6}
Trial 471 finished with value 0.052400350 | dataset=exchange | model=ufgtime_plus | val_MSE=0.013321856 | test_MSE=0.004726592 | MAE=0.052400350 | RMSE=0.068750212 | MAPE=15.912447448% | params={'learning_rate': 0.004130031031860034, 'decay_rate': 0.015443438058259797, 'hidden_size': 16, 'beta1': 0.9, 'beta2': 0.999, 'signal_len': 16, 'cheb_order': 3, 's': 5.0817335917721715, 'batch_size': 256, 'k': 6}
Trial 472 finished with value 0.066957880 | dataset=exchange | model=ufgtime_plus | val_MSE=0.016536500 | test_MSE=0.007371121 | MAE=0.066957880 | RMSE=0.085855230 | MAPE=18.623436701% | params={'learning_rate': 0.012600631120828662, 'decay_rate': 0.037622768767975934, 'hidden_size': 16, 'beta1': 0.9, 'beta2': 0.999, 'signal_len': 16, 'cheb_order': 2, 's': 2.295247381371783, 'batch_size': 128, 'k': 6}
Trial 473 finished with value 0.026579752 | dataset=exchange | model=ufgtime_plus | val_MSE=0.002044030 | test_MSE=0.001689275 | MAE=0.026579752 | RMSE=0.041100793 | MAPE=8.020054140% | params={'learning_rate': 0.02616553541008849, 'decay_rate': 1.650020588999945e-05, 'hidden_size': 32, 'beta1': 0.9, 'beta2': 0.999, 'signal_len': 16, 'cheb_order': 3, 's': 2.565968805082645, 'batch_size': 128, 'k': 6}
Trial 474 finished with value 0.032816323 | dataset=exchange | model=ufgtime_plus | val_MSE=0.002603187 | test_MSE=0.002107499 | MAE=0.032816323 | RMSE=0.045907505 | MAPE=10.816858462% | params={'learning_rate': 0.016717814671158335, 'decay_rate': 0.0068772262290773415, 'hidden_size': 32, 'beta1': 0.9, 'beta2': 0.999, 'signal_len': 16, 'cheb_order': 3, 's': 2.4465505238647545, 'batch_size': 128, 'k': 6}
Trial 475 finished with value 0.029878920 | dataset=exchange | model=ufgtime_plus | val_MSE=0.002356851 | test_MSE=0.001873127 | MAE=0.029878920 | RMSE=0.043279634 | MAPE=9.121590402% | params={'learning_rate': 0.025752605160189936, 'decay_rate': 0.0009476277854856197, 'hidden_size': 32, 'beta1': 0.9, 'beta2': 0.999, 'signal_len': 16, 'cheb_order': 3, 's': 2.645136783083922, 'batch_size': 128, 'k': 6}
Trial 476 finished with value 0.031836965 | dataset=exchange | model=ufgtime_plus | val_MSE=0.002411808 | test_MSE=0.002024807 | MAE=0.031836965 | RMSE=0.044997856 | MAPE=10.133176995% | params={'learning_rate': 0.021003883414975826, 'decay_rate': 0.0034767168571269488, 'hidden_size': 32, 'beta1': 0.9, 'beta2': 0.999, 'signal_len': 16, 'cheb_order': 3, 's': 2.8653901656483165, 'batch_size': 128, 'k': 7}
Trial 477 finished with value 0.031153273 | dataset=exchange | model=ufgtime_plus | val_MSE=0.002359173 | test_MSE=0.001978302 | MAE=0.031153273 | RMSE=0.044478102 | MAPE=9.723155294% | params={'learning_rate': 0.027963074897108267, 'decay_rate': 0.0016616847276112905, 'hidden_size': 32, 'beta1': 0.9, 'beta2': 0.999, 'signal_len': 16, 'cheb_order': 2, 's': 2.195958740180238, 'batch_size': 128, 'k': 6}
Trial 478 finished with value 0.029870773 | dataset=exchange | model=ufgtime_plus | val_MSE=0.002311566 | test_MSE=0.001877779 | MAE=0.029870773 | RMSE=0.043333345 | MAPE=9.238532654% | params={'learning_rate': 0.014080217132126673, 'decay_rate': 0.001034079513492772, 'hidden_size': 32, 'beta1': 0.9, 'beta2': 0.999, 'signal_len': 16, 'cheb_order': 3, 's': 2.7147919045965625, 'batch_size': 128, 'k': 6}
Trial 479 finished with value 0.027367742 | dataset=exchange | model=ufgtime_plus | val_MSE=0.002063917 | test_MSE=0.001723535 | MAE=0.027367742 | RMSE=0.041515479 | MAPE=8.380118122% | params={'learning_rate': 0.010225013914697654, 'decay_rate': 6.263947796076468e-05, 'hidden_size': 32, 'beta1': 0.9, 'beta2': 0.999, 'signal_len': 16, 'cheb_order': 3, 's': 2.3609833188637905, 'batch_size': 128, 'k': 6}
Trial 480 finished with value 0.030793503 | dataset=exchange | model=ufgtime_plus | val_MSE=0.002430871 | test_MSE=0.001954283 | MAE=0.030793503 | RMSE=0.044207277 | MAPE=9.640294174% | params={'learning_rate': 0.00877402427868329, 'decay_rate': 0.002574634029398148, 'hidden_size': 32, 'beta1': 0.9, 'beta2': 0.999, 'signal_len': 16, 'cheb_order': 3, 's': 2.5922571305535236, 'batch_size': 128, 'k': 6}
Trial 481 finished with value 0.027194075 | dataset=exchange | model=ufgtime_plus | val_MSE=0.002039956 | test_MSE=0.001731864 | MAE=0.027194075 | RMSE=0.041615666 | MAPE=8.294971518% | params={'learning_rate': 0.02467684170855626, 'decay_rate': 1.3267620185650645e-05, 'hidden_size': 32, 'beta1': 0.9, 'beta2': 0.999, 'signal_len': 16, 'cheb_order': 2, 's': 5.589158208771689, 'batch_size': 128, 'k': 6}
Trial 482 finished with value 0.042274883 | dataset=exchange | model=ufgtime_plus | val_MSE=0.005590979 | test_MSE=0.003157264 | MAE=0.042274883 | RMSE=0.056189541 | MAPE=13.519006065% | params={'learning_rate': 0.011680892866855136, 'decay_rate': 0.01805502221763652, 'hidden_size': 32, 'beta1': 0.9, 'beta2': 0.999, 'signal_len': 16, 'cheb_order': 3, 's': 2.9423864198349516, 'batch_size': 128, 'k': 2}
Trial 483 finished with value 0.031044390 | dataset=exchange | model=ufgtime_plus | val_MSE=0.002392364 | test_MSE=0.001959514 | MAE=0.031044390 | RMSE=0.044266398 | MAPE=9.654707907% | params={'learning_rate': 0.026585529175544936, 'decay_rate': 0.0016744747152743536, 'hidden_size': 32, 'beta1': 0.9, 'beta2': 0.999, 'signal_len': 16, 'cheb_order': 3, 's': 5.42949202382398, 'batch_size': 128, 'k': 6}
Trial 484 finished with value 0.029732446 | dataset=exchange | model=ufgtime_plus | val_MSE=0.002333789 | test_MSE=0.001868085 | MAE=0.029732446 | RMSE=0.043221344 | MAPE=9.187512858% | params={'learning_rate': 0.007532615143517579, 'decay_rate': 0.0008990051180489707, 'hidden_size': 64, 'beta1': 0.9, 'beta2': 0.999, 'signal_len': 16, 'cheb_order': 3, 's': 4.2286261264967955, 'batch_size': 128, 'k': 6}
