Trial 54 finished with value 0.027540221 | dataset=exchange | model=ufgtime_plus | val_MSE=0.002068471 | test_MSE=0.001720608 | MAE=0.027540221 | RMSE=0.041480206 | MAPE=8.334593499% | params={'learning_rate': 0.016606088598617685, 'decay_rate': 9.42520203180763e-05, 'hidden_size': 16, 'beta1': 0.9, 'beta2': 0.999, 'signal_len': 8, 'cheb_order': 3, 's': 5.175393866944873, 'batch_size': 16, 'k': 3}
Trial 55 finished with value 0.056826687 | dataset=exchange | model=ufgtime_plus | val_MSE=0.010786873 | test_MSE=0.005359264 | MAE=0.056826687 | RMSE=0.073206995 | MAPE=17.700234944% | params={'learning_rate': 0.016215283251126388, 'decay_rate': 0.04630780864099884, 'hidden_size': 16, 'beta1': 0.9, 'beta2': 0.999, 'signal_len': 8, 'cheb_order': 3, 's': 5.298136121748553, 'batch_size': 16, 'k': 3}
Trial 56 finished with value 0.035094359 | dataset=exchange | model=ufgtime_plus | val_MSE=0.003142498 | test_MSE=0.002326332 | MAE=0.035094359 | RMSE=0.048232062 | MAPE=11.734557423% | params={'learning_rate': 0.011974096978798634, 'decay_rate': 0.009208397286836607, 'hidden_size': 16, 'beta1': 0.9, 'beta2': 0.999, 'signal_len': 8, 'cheb_order': 3, 's': 4.315023115269005, 'batch_size': 16, 'k': 2}
Trial 57 finished with value 0.039374284 | dataset=exchange | model=ufgtime_plus | val_MSE=0.002685003 | test_MSE=0.002677850 | MAE=0.039374284 | RMSE=0.051747947 | MAPE=12.607847808% | params={'learning_rate': 0.013530728001569696, 'decay_rate': 0.007219611057343869, 'hidden_size': 16, 'beta1': 0.9, 'beta2': 0.999, 'signal_len': 16, 'cheb_order': 3, 's': 6.241714463226691, 'batch_size': 16, 'k': 3}
Trial 58 finished with value 0.031343568 | dataset=exchange | model=ufgtime_plus | val_MSE=0.002358825 | test_MSE=0.002004944 | MAE=0.031343568 | RMSE=0.044776605 | MAPE=9.685514738% | params={'learning_rate': 0.01579527440522935, 'decay_rate': 0.0019234821736589288, 'hidden_size': 32, 'beta1': 0.9, 'beta2': 0.999, 'signal_len': 8, 'cheb_order': 3, 's': 4.78976510144949, 'batch_size': 16, 'k': 4}
Trial 59 finished with value 0.032396192 | dataset=exchange | model=ufgtime_plus | val_MSE=0.002421223 | test_MSE=0.002069494 | MAE=0.032396192 | RMSE=0.045491692 | MAPE=10.404644300% | params={'learning_rate': 0.007970620189592888, 'decay_rate': 0.004036677442100074, 'hidden_size': 16, 'beta1': 0.9, 'beta2': 0.999, 'signal_len': 8, 'cheb_order': 3, 's': 5.3936725370291505, 'batch_size': 16, 'k': 4}
Trial 60 finished with value 0.035008041 | dataset=exchange | model=ufgtime_plus | val_MSE=0.002570468 | test_MSE=0.002297460 | MAE=0.035008041 | RMSE=0.047931827 | MAPE=11.329584054% | params={'learning_rate': 0.02057949122261892, 'decay_rate': 0.00596351416926575, 'hidden_size': 16, 'beta1': 0.9, 'beta2': 0.999, 'signal_len': 8, 'cheb_order': 3, 's': 5.691825004023244, 'batch_size': 16, 'k': 2}
Trial 61 finished with value 0.027137761 | dataset=exchange | model=ufgtime_plus | val_MSE=0.002057273 | test_MSE=0.001705778 | MAE=0.027137761 | RMSE=0.041301067 | MAPE=8.216193184% | params={'learning_rate': 0.01788787566384302, 'decay_rate': 7.661396808116727e-05, 'hidden_size': 16, 'beta1': 0.9, 'beta2': 0.999, 'signal_len': 8, 'cheb_order': 3, 's': 5.978817759566779, 'batch_size': 16, 'k': 3}
Trial 62 finished with value 0.030826436 | dataset=exchange | model=ufgtime_plus | val_MSE=0.002347691 | test_MSE=0.001951938 | MAE=0.030826436 | RMSE=0.044180746 | MAPE=9.624751228% | params={'learning_rate': 0.01733689352738608, 'decay_rate': 0.0017867755707450766, 'hidden_size': 16, 'beta1': 0.9, 'beta2': 0.999, 'signal_len': 8, 'cheb_order': 3, 's': 5.94997343676983, 'batch_size': 16, 'k': 3}
Trial 63 finished with value 0.027461397 | dataset=exchange | model=ufgtime_plus | val_MSE=0.002078725 | test_MSE=0.001725552 | MAE=0.027461397 | RMSE=0.041539758 | MAPE=8.189511409% | params={'learning_rate': 0.02358311599115228, 'decay_rate': 0.00010939178481053752, 'hidden_size': 16, 'beta1': 0.9, 'beta2': 0.999, 'signal_len': 8, 'cheb_order': 3, 's': 6.472708230828872, 'batch_size': 16, 'k': 3}
Trial 64 finished with value 0.034177636 | dataset=exchange | model=ufgtime_plus | val_MSE=0.002470549 | test_MSE=0.002213472 | MAE=0.034177636 | RMSE=0.047047549 | MAPE=11.238411513% | params={'learning_rate': 0.02392308770167349, 'decay_rate': 0.0041274334197196295, 'hidden_size': 16, 'beta1': 0.9, 'beta2': 0.999, 'signal_len': 8, 'cheb_order': 3, 's': 6.4667560216959235, 'batch_size': 16, 'k': 2}
Trial 65 finished with value 0.030567593 | dataset=exchange | model=ufgtime_plus | val_MSE=0.002386403 | test_MSE=0.001938222 | MAE=0.030567593 | RMSE=0.044025241 | MAPE=9.497533758% | params={'learning_rate': 0.026280184939684162, 'decay_rate': 0.001816995713570938, 'hidden_size': 16, 'beta1': 0.9, 'beta2': 0.999, 'signal_len': 8, 'cheb_order': 3, 's': 6.902006265170261, 'batch_size': 16, 'k': 3}
Trial 66 finished with value 0.035810895 | dataset=exchange | model=ufgtime_plus | val_MSE=0.002517114 | test_MSE=0.002363360 | MAE=0.035810895 | RMSE=0.048614404 | MAPE=11.494903840% | params={'learning_rate': 0.021282952874452112, 'decay_rate': 0.004746279994906628, 'hidden_size': 64, 'beta1': 0.9, 'beta2': 0.999, 'signal_len': 8, 'cheb_order': 3, 's': 5.535735419018473, 'batch_size': 16, 'k': 4}
Trial 67 finished with value 0.029880764 | dataset=exchange | model=ufgtime_plus | val_MSE=0.002465735 | test_MSE=0.001883768 | MAE=0.029880764 | RMSE=0.043402399 | MAPE=9.295460693% | params={'learning_rate': 0.023286318238905746, 'decay_rate': 0.0018098426479522724, 'hidden_size': 16, 'beta1': 0.9, 'beta2': 0.999, 'signal_len': 8, 'cheb_order': 3, 's': 8.12222630163254, 'batch_size': 16, 'k': 3}
Trial 68 finished with value 0.028085241 | dataset=exchange | model=ufgtime_plus | val_MSE=0.002069911 | test_MSE=0.001763417 | MAE=0.028085241 | RMSE=0.041993064 | MAPE=8.662432272% | params={'learning_rate': 0.01885034426677115, 'decay_rate': 8.033540313274226e-05, 'hidden_size': 16, 'beta1': 0.9, 'beta2': 0.999, 'signal_len': 8, 'cheb_order': 3, 's': 6.576748813844538, 'batch_size': 256, 'k': 3}
Trial 69 finished with value 0.034653769 | dataset=exchange | model=ufgtime_plus | val_MSE=0.002700142 | test_MSE=0.002229173 | MAE=0.034653769 | RMSE=0.047214118 | MAPE=11.070291100% | params={'learning_rate': 0.025621122778107467, 'decay_rate': 0.006073527420958285, 'hidden_size': 16, 'beta1': 0.9, 'beta2': 0.999, 'signal_len': 8, 'cheb_order': 3, 's': 3.9635914242505956, 'batch_size': 16, 'k': 4}
Trial 70 finished with value 0.031873052 | dataset=exchange | model=ufgtime_plus | val_MSE=0.002523179 | test_MSE=0.002019627 | MAE=0.031873052 | RMSE=0.044940262 | MAPE=10.157545003% | params={'learning_rate': 0.02834150997288341, 'decay_rate': 0.004012940577692271, 'hidden_size': 16, 'beta1': 0.9, 'beta2': 0.999, 'signal_len': 8, 'cheb_order': 3, 's': 7.233717932600759, 'batch_size': 16, 'k': 2}
Trial 71 finished with value 0.030013334 | dataset=exchange | model=ufgtime_plus | val_MSE=0.002330208 | test_MSE=0.001886245 | MAE=0.030013334 | RMSE=0.043430923 | MAPE=9.309264167% | params={'learning_rate': 0.017858450738653036, 'decay_rate': 0.0011363792259146087, 'hidden_size': 16, 'beta1': 0.9, 'beta2': 0.999, 'signal_len': 8, 'cheb_order': 3, 's': 5.932452997581414, 'batch_size': 32, 'k': 3}
Trial 72 finished with value 0.030570956 | dataset=exchange | model=ufgtime_plus | val_MSE=0.002342089 | test_MSE=0.001930976 | MAE=0.030570956 | RMSE=0.043942870 | MAPE=9.496052326% | params={'learning_rate': 0.011315945670077411, 'decay_rate': 0.0013104605495360526, 'hidden_size': 16, 'beta1': 0.9, 'beta2': 0.999, 'signal_len': 8, 'cheb_order': 3, 's': 4.978573689946924, 'batch_size': 16, 'k': 3}
Trial 73 finished with value 0.027654999 | dataset=exchange | model=ufgtime_plus | val_MSE=0.002093267 | test_MSE=0.001715866 | MAE=0.027654999 | RMSE=0.041423017 | MAPE=8.402414903% | params={'learning_rate': 0.01502702882060335, 'decay_rate': 0.0001277064954353983, 'hidden_size': 16, 'beta1': 0.9, 'beta2': 0.999, 'signal_len': 8, 'cheb_order': 3, 's': 6.051316696103347, 'batch_size': 128, 'k': 3}
Trial 74 finished with value 0.033563855 | dataset=exchange | model=ufgtime_plus | val_MSE=0.002464255 | test_MSE=0.002149835 | MAE=0.033563855 | RMSE=0.046366308 | MAPE=10.628673364% | params={'learning_rate': 0.01960710070020321, 'decay_rate': 0.0029761709196060708, 'hidden_size': 16, 'beta1': 0.9, 'beta2': 0.999, 'signal_len': 8, 'cheb_order': 3, 's': 6.38078182071826, 'batch_size': 16, 'k': 3}
Trial 75 finished with value 0.051979931 | dataset=exchange | model=ufgtime_plus | val_MSE=0.009429415 | test_MSE=0.004583313 | MAE=0.051979931 | RMSE=0.067700171 | MAPE=15.649111110% | params={'learning_rate': 0.021707639293393248, 'decay_rate': 0.02503797453265262, 'hidden_size': 16, 'beta1': 0.9, 'beta2': 0.999, 'signal_len': 8, 'cheb_order': 3, 's': 6.960486836764636, 'batch_size': 256, 'k': 4}
Trial 76 finished with value 0.043319817 | dataset=exchange | model=ufgtime_plus | val_MSE=0.004854323 | test_MSE=0.003215622 | MAE=0.043319817 | RMSE=0.056706455 | MAPE=15.038854714% | params={'learning_rate': 0.013624127388348988, 'decay_rate': 0.021912748480385744, 'hidden_size': 32, 'beta1': 0.9, 'beta2': 0.999, 'signal_len': 8, 'cheb_order': 3, 's': 6.745012263268327, 'batch_size': 16, 'k': 3}
Trial 77 finished with value 0.034261568 | dataset=exchange | model=ufgtime_plus | val_MSE=0.002540074 | test_MSE=0.002243937 | MAE=0.034261568 | RMSE=0.047370210 | MAPE=10.936405438% | params={'learning_rate': 0.010494513108315949, 'decay_rate': 0.005001327201876672, 'hidden_size': 16, 'beta1': 0.9, 'beta2': 0.999, 'signal_len': 16, 'cheb_order': 2, 's': 8.452315628834995, 'batch_size': 16, 'k': 4}
Trial 78 finished with value 0.041261967 | dataset=exchange | model=ufgtime_plus | val_MSE=0.002759962 | test_MSE=0.002848538 | MAE=0.041261967 | RMSE=0.053371695 | MAPE=13.301590897% | params={'learning_rate': 0.016528499123031715, 'decay_rate': 0.008629255868329603, 'hidden_size': 16, 'beta1': 0.9, 'beta2': 0.999, 'signal_len': 8, 'cheb_order': 3, 's': 5.172316649045733, 'batch_size': 32, 'k': 3}
Trial 79 finished with value 0.030000599 | dataset=exchange | model=ufgtime_plus | val_MSE=0.002336274 | test_MSE=0.001891863 | MAE=0.030000599 | RMSE=0.043495549 | MAPE=9.312245461% | params={'learning_rate': 0.002850070361383084, 'decay_rate': 0.0011395559774798863, 'hidden_size': 64, 'beta1': 0.9, 'beta2': 0.999, 'signal_len': 8, 'cheb_order': 3, 's': 9.610078541822716, 'batch_size': 128, 'k': 2}
Trial 80 finished with value 0.047012127 | dataset=exchange | model=ufgtime_plus | val_MSE=0.005591161 | test_MSE=0.003680456 | MAE=0.047012127 | RMSE=0.060666764 | MAPE=16.536463338% | params={'learning_rate': 0.018411797166243436, 'decay_rate': 0.027533064840713363, 'hidden_size': 16, 'beta1': 0.9, 'beta2': 0.999, 'signal_len': 8, 'cheb_order': 2, 's': 5.531654162621073, 'batch_size': 64, 'k': 3}
Trial 81 finished with value 0.028639472 | dataset=exchange | model=ufgtime_plus | val_MSE=0.002209042 | test_MSE=0.001778072 | MAE=0.028639472 | RMSE=0.042167185 | MAPE=8.775228044% | params={'learning_rate': 0.014920705683973452, 'decay_rate': 0.0003669749405595436, 'hidden_size': 16, 'beta1': 0.9, 'beta2': 0.999, 'signal_len': 8, 'cheb_order': 3, 's': 6.09151922614456, 'batch_size': 128, 'k': 3}
Trial 82 finished with value 0.027045061 | dataset=exchange | model=ufgtime_plus | val_MSE=0.002063138 | test_MSE=0.001695629 | MAE=0.027045061 | RMSE=0.041178018 | MAPE=8.246899561% | params={'learning_rate': 0.012874320691681944, 'decay_rate': 3.101563388757085e-05, 'hidden_size': 16, 'beta1': 0.9, 'beta2': 0.999, 'signal_len': 8, 'cheb_order': 3, 's': 6.384143060285515, 'batch_size': 128, 'k': 3}
Trial 83 finished with value 0.031194650 | dataset=exchange | model=ufgtime_plus | val_MSE=0.002477983 | test_MSE=0.001982688 | MAE=0.031194650 | RMSE=0.044527385 | MAPE=9.964487862% | params={'learning_rate': 0.012848596598627929, 'decay_rate': 0.0031752996329184836, 'hidden_size': 16, 'beta1': 0.9, 'beta2': 0.999, 'signal_len': 8, 'cheb_order': 3, 's': 6.731095141598263, 'batch_size': 128, 'k': 2}
Trial 84 finished with value 0.030467771 | dataset=exchange | model=ufgtime_plus | val_MSE=0.002399748 | test_MSE=0.001935978 | MAE=0.030467771 | RMSE=0.043999749 | MAPE=9.476037760% | params={'learning_rate': 0.020037126457316742, 'decay_rate': 0.0027118827619306766, 'hidden_size': 16, 'beta1': 0.9, 'beta2': 0.999, 'signal_len': 8, 'cheb_order': 3, 's': 7.409643769782999, 'batch_size': 128, 'k': 3}
Trial 85 finished with value 0.031222068 | dataset=exchange | model=ufgtime_plus | val_MSE=0.002341043 | test_MSE=0.001983588 | MAE=0.031222068 | RMSE=0.044537487 | MAPE=9.592016061% | params={'learning_rate': 0.005338192025218722, 'decay_rate': 0.0012279512167144523, 'hidden_size': 16, 'beta1': 0.9, 'beta2': 0.999, 'signal_len': 8, 'cheb_order': 3, 's': 7.927000241217226, 'batch_size': 64, 'k': 4}
Trial 86 finished with value 0.034331581 | dataset=exchange | model=ufgtime_plus | val_MSE=0.002732929 | test_MSE=0.002251512 | MAE=0.034331581 | RMSE=0.047450105 | MAPE=11.002404477% | params={'learning_rate': 0.008821200274424382, 'decay_rate': 0.006647117657283948, 'hidden_size': 16, 'beta1': 0.9, 'beta2': 0.999, 'signal_len': 8, 'cheb_order': 3, 's': 7.0819184687914385, 'batch_size': 16, 'k': 3}
Trial 87 finished with value 0.026827581 | dataset=exchange | model=ufgtime_plus | val_MSE=0.002070567 | test_MSE=0.001683430 | MAE=0.026827581 | RMSE=0.041029619 | MAPE=8.143039630% | params={'learning_rate': 0.01024435234094212, 'decay_rate': 4.479029861977272e-05, 'hidden_size': 16, 'beta1': 0.9, 'beta2': 0.999, 'signal_len': 8, 'cheb_order': 3, 's': 6.429286745463671, 'batch_size': 128, 'k': 7}
Trial 88 finished with value 0.032397509 | dataset=exchange | model=ufgtime_plus | val_MSE=0.002405382 | test_MSE=0.002064629 | MAE=0.032397509 | RMSE=0.045438192 | MAPE=10.316362665% | params={'learning_rate': 0.01031413898848186, 'decay_rate': 0.003917434110134583, 'hidden_size': 16, 'beta1': 0.9, 'beta2': 0.999, 'signal_len': 8, 'cheb_order': 2, 's': 7.625734147817989, 'batch_size': 128, 'k': 7}
Trial 89 finished with value 0.030987040 | dataset=exchange | model=ufgtime_plus | val_MSE=0.002405686 | test_MSE=0.001964231 | MAE=0.030987040 | RMSE=0.044319646 | MAPE=9.738157905% | params={'learning_rate': 0.004465684738214751, 'decay_rate': 0.002395893394749856, 'hidden_size': 32, 'beta1': 0.9, 'beta2': 0.999, 'signal_len': 16, 'cheb_order': 3, 's': 6.386984212014962, 'batch_size': 128, 'k': 7}
Trial 90 finished with value 0.031646797 | dataset=exchange | model=ufgtime_plus | val_MSE=0.002650074 | test_MSE=0.002020317 | MAE=0.031646797 | RMSE=0.044947939 | MAPE=10.212634008% | params={'learning_rate': 0.008264646283190343, 'decay_rate': 0.00512865626929269, 'hidden_size': 16, 'beta1': 0.9, 'beta2': 0.999, 'signal_len': 8, 'cheb_order': 3, 's': 7.154438293578065, 'batch_size': 128, 'k': 7}
Trial 91 finished with value 0.028401815 | dataset=exchange | model=ufgtime_plus | val_MSE=0.002168631 | test_MSE=0.001760513 | MAE=0.028401815 | RMSE=0.041958465 | MAPE=8.678133870% | params={'learning_rate': 0.015272416617880357, 'decay_rate': 0.00029231063455467676, 'hidden_size': 16, 'beta1': 0.9, 'beta2': 0.999, 'signal_len': 8, 'cheb_order': 3, 's': 6.296269589408666, 'batch_size': 128, 'k': 3}
Trial 92 finished with value 0.029565880 | dataset=exchange | model=ufgtime_plus | val_MSE=0.002355705 | test_MSE=0.001861711 | MAE=0.029565880 | RMSE=0.043147551 | MAPE=9.054472971% | params={'learning_rate': 0.007095221277760973, 'decay_rate': 0.0013038709439280806, 'hidden_size': 16, 'beta1': 0.9, 'beta2': 0.999, 'signal_len': 8, 'cheb_order': 3, 's': 5.778482930553506, 'batch_size': 64, 'k': 2}
Trial 93 finished with value 0.030004809 | dataset=exchange | model=ufgtime_plus | val_MSE=0.002376655 | test_MSE=0.001895274 | MAE=0.030004809 | RMSE=0.043534750 | MAPE=9.216503189% | params={'learning_rate': 0.012717534013216254, 'decay_rate': 0.002816481522953033, 'hidden_size': 16, 'beta1': 0.9, 'beta2': 0.999, 'signal_len': 8, 'cheb_order': 3, 's': 6.603676544414964, 'batch_size': 16, 'k': 5}
Trial 94 finished with value 0.027494187 | dataset=exchange | model=ufgtime_plus | val_MSE=0.002076377 | test_MSE=0.001711514 | MAE=0.027494187 | RMSE=0.041370449 | MAPE=8.343026554% | params={'learning_rate': 0.01702646970423552, 'decay_rate': 0.00010431546763785533, 'hidden_size': 16, 'beta1': 0.9, 'beta2': 0.999, 'signal_len': 8, 'cheb_order': 3, 's': 5.927657087336872, 'batch_size': 256, 'k': 3}
Trial 95 finished with value 0.032313197 | dataset=exchange | model=ufgtime_plus | val_MSE=0.002729922 | test_MSE=0.002082395 | MAE=0.032313197 | RMSE=0.045633261 | MAPE=10.279234851% | params={'learning_rate': 0.016174359780456494, 'decay_rate': 0.0038080919064490404, 'hidden_size': 16, 'beta1': 0.9, 'beta2': 0.999, 'signal_len': 8, 'cheb_order': 3, 's': 4.502723246386466, 'batch_size': 256, 'k': 7}
Trial 96 finished with value 0.032704370 | dataset=exchange | model=ufgtime_plus | val_MSE=0.002373872 | test_MSE=0.002080956 | MAE=0.032704370 | RMSE=0.045617492 | MAPE=10.346397856% | params={'learning_rate': 0.02270506081017251, 'decay_rate': 0.001780044061338575, 'hidden_size': 16, 'beta1': 0.9, 'beta2': 0.999, 'signal_len': 8, 'cheb_order': 3, 's': 5.657997680802107, 'batch_size': 256, 'k': 3}
Trial 97 finished with value 0.070231099 | dataset=exchange | model=ufgtime_plus | val_MSE=0.031904198 | test_MSE=0.008050765 | MAE=0.070231099 | RMSE=0.089726056 | MAPE=18.539880982% | params={'learning_rate': 0.002362777251270841, 'decay_rate': 0.017696976072033216, 'hidden_size': 16, 'beta1': 0.9, 'beta2': 0.999, 'signal_len': 8, 'cheb_order': 2, 's': 7.377675494670136, 'batch_size': 256, 'k': 4}
Trial 98 finished with value 0.030740909 | dataset=exchange | model=ufgtime_plus | val_MSE=0.002313554 | test_MSE=0.001940470 | MAE=0.030740909 | RMSE=0.044050763 | MAPE=9.588614642% | params={'learning_rate': 0.009981544538336643, 'decay_rate': 0.000856699958060664, 'hidden_size': 16, 'beta1': 0.9, 'beta2': 0.999, 'signal_len': 8, 'cheb_order': 3, 's': 5.88057281695537, 'batch_size': 256, 'k': 6}
Trial 99 finished with value 0.040609135 | dataset=exchange | model=ufgtime_plus | val_MSE=0.002811038 | test_MSE=0.002834096 | MAE=0.040609135 | RMSE=0.053236232 | MAPE=12.983531825% | params={'learning_rate': 0.014077902818577999, 'decay_rate': 0.007833305878328761, 'hidden_size': 64, 'beta1': 0.9, 'beta2': 0.999, 'signal_len': 8, 'cheb_order': 3, 's': 5.362317723699534, 'batch_size': 16, 'k': 3}
Trial 100 finished with value 0.033596654 | dataset=exchange | model=ufgtime_plus | val_MSE=0.002463420 | test_MSE=0.002152662 | MAE=0.033596654 | RMSE=0.046396790 | MAPE=10.984301224% | params={'learning_rate': 0.016861767659489376, 'decay_rate': 0.005830084338687968, 'hidden_size': 16, 'beta1': 0.9, 'beta2': 0.999, 'signal_len': 8, 'cheb_order': 3, 's': 6.890795728159284, 'batch_size': 128, 'k': 2}
Trial 101 finished with value 0.030796728 | dataset=exchange | model=ufgtime_plus | val_MSE=0.002410610 | test_MSE=0.001946618 | MAE=0.030796728 | RMSE=0.044120499 | MAPE=9.542743043% | params={'learning_rate': 0.02105158806309615, 'decay_rate': 0.002232789649480614, 'hidden_size': 16, 'beta1': 0.9, 'beta2': 0.999, 'signal_len': 8, 'cheb_order': 3, 's': 6.117275426642302, 'batch_size': 64, 'k': 3}
Trial 102 finished with value 0.028041576 | dataset=exchange | model=ufgtime_plus | val_MSE=0.002129550 | test_MSE=0.001742581 | MAE=0.028041576 | RMSE=0.041744237 | MAPE=8.555785834% | params={'learning_rate': 0.01840565543749541, 'decay_rate': 0.00021525371065586125, 'hidden_size': 16, 'beta1': 0.9, 'beta2': 0.999, 'signal_len': 8, 'cheb_order': 3, 's': 6.449619233924771, 'batch_size': 64, 'k': 3}
Trial 103 finished with value 0.027028888 | dataset=exchange | model=ufgtime_plus | val_MSE=0.002052814 | test_MSE=0.001703420 | MAE=0.027028888 | RMSE=0.041272512 | MAPE=8.227446647% | params={'learning_rate': 0.012676815888446503, 'decay_rate': 4.8472685648231096e-05, 'hidden_size': 16, 'beta1': 0.9, 'beta2': 0.999, 'signal_len': 8, 'cheb_order': 3, 's': 6.625128873775884, 'batch_size': 16, 'k': 3}
Trial 104 finished with value 0.029950161 | dataset=exchange | model=ufgtime_plus | val_MSE=0.002322653 | test_MSE=0.001891841 | MAE=0.029950161 | RMSE=0.043495298 | MAPE=9.223591189% | params={'learning_rate': 0.01271074116202622, 'decay_rate': 0.001232393963123268, 'hidden_size': 16, 'beta1': 0.9, 'beta2': 0.999, 'signal_len': 8, 'cheb_order': 3, 's': 6.686023864037556, 'batch_size': 16, 'k': 3}
Trial 105 finished with value 0.034507589 | dataset=exchange | model=ufgtime_plus | val_MSE=0.002461639 | test_MSE=0.002233760 | MAE=0.034507589 | RMSE=0.047262674 | MAPE=10.847919719% | params={'learning_rate': 0.011438606752962883, 'decay_rate': 0.0032990758906920243, 'hidden_size': 16, 'beta1': 0.9, 'beta2': 0.999, 'signal_len': 8, 'cheb_order': 3, 's': 9.020526758316501, 'batch_size': 16, 'k': 3}
Trial 106 finished with value 0.033686168 | dataset=exchange | model=ufgtime_plus | val_MSE=0.002481248 | test_MSE=0.002172838 | MAE=0.033686168 | RMSE=0.046613714 | MAPE=10.983020748% | params={'learning_rate': 0.015187304505013929, 'decay_rate': 0.004685604858445492, 'hidden_size': 16, 'beta1': 0.9, 'beta2': 0.999, 'signal_len': 8, 'cheb_order': 3, 's': 7.826869052507339, 'batch_size': 16, 'k': 4}
Trial 107 finished with value 0.063942720 | dataset=exchange | model=ufgtime_plus | val_MSE=0.013778683 | test_MSE=0.006664115 | MAE=0.063942720 | RMSE=0.081634031 | MAPE=19.889699201% | params={'learning_rate': 0.01947950424982042, 'decay_rate': 0.043265092644078997, 'hidden_size': 16, 'beta1': 0.9, 'beta2': 0.999, 'signal_len': 16, 'cheb_order': 3, 's': 6.202961752894975, 'batch_size': 16, 'k': 3}
