Trial 323 finished with value 0.032247506 | dataset=exchange | model=ufgtime_plus | val_MSE=0.002374882 | test_MSE=0.002060353 | MAE=0.032247506 | RMSE=0.045391111 | MAPE=10.174013524% | params={'learning_rate': 0.004046432696580254, 'decay_rate': 0.0017054546312766574, 'hidden_size': 16, 'beta1': 0.9, 'beta2': 0.999, 'signal_len': 16, 'cheb_order': 3, 's': 7.324892771947477, 'batch_size': 16, 'k': 5}
Trial 324 finished with value 0.030910308 | dataset=exchange | model=ufgtime_plus | val_MSE=0.002447693 | test_MSE=0.001967168 | MAE=0.030910308 | RMSE=0.044352770 | MAPE=9.698936108% | params={'learning_rate': 0.0052576886770022285, 'decay_rate': 0.003698985850789894, 'hidden_size': 64, 'beta1': 0.9, 'beta2': 0.999, 'signal_len': 16, 'cheb_order': 3, 's': 7.4714853279042055, 'batch_size': 16, 'k': 5}
Trial 325 finished with value 0.026809703 | dataset=exchange | model=ufgtime_plus | val_MSE=0.002042778 | test_MSE=0.001701546 | MAE=0.026809703 | RMSE=0.041249794 | MAPE=8.116914469% | params={'learning_rate': 0.003300692908741187, 'decay_rate': 2.5348221360851058e-05, 'hidden_size': 16, 'beta1': 0.9, 'beta2': 0.999, 'signal_len': 16, 'cheb_order': 3, 's': 7.698297625028182, 'batch_size': 16, 'k': 5}
Trial 326 finished with value 0.030566214 | dataset=exchange | model=ufgtime_plus | val_MSE=0.002330102 | test_MSE=0.001926311 | MAE=0.030566214 | RMSE=0.043889765 | MAPE=9.420106274% | params={'learning_rate': 0.0033370591444415645, 'decay_rate': 0.000993472943097148, 'hidden_size': 16, 'beta1': 0.9, 'beta2': 0.999, 'signal_len': 16, 'cheb_order': 3, 's': 7.881149148529636, 'batch_size': 16, 'k': 5}
Trial 327 finished with value 0.030637293 | dataset=exchange | model=ufgtime_plus | val_MSE=0.002431069 | test_MSE=0.001943879 | MAE=0.030637293 | RMSE=0.044089443 | MAPE=9.581707716% | params={'learning_rate': 0.002597853611887472, 'decay_rate': 0.0026662926747063535, 'hidden_size': 32, 'beta1': 0.9, 'beta2': 0.999, 'signal_len': 16, 'cheb_order': 3, 's': 7.37156394256777, 'batch_size': 16, 'k': 5}
Trial 328 finished with value 0.030835619 | dataset=exchange | model=ufgtime_plus | val_MSE=0.002352769 | test_MSE=0.001945139 | MAE=0.030835619 | RMSE=0.044103726 | MAPE=9.606530092% | params={'learning_rate': 0.004270187216723747, 'decay_rate': 0.0017148188194884622, 'hidden_size': 16, 'beta1': 0.9, 'beta2': 0.999, 'signal_len': 16, 'cheb_order': 3, 's': 7.786593839171063, 'batch_size': 16, 'k': 5}
Trial 329 finished with value 0.026870092 | dataset=exchange | model=ufgtime_plus | val_MSE=0.002067020 | test_MSE=0.001685369 | MAE=0.026870092 | RMSE=0.041053245 | MAPE=8.128411730% | params={'learning_rate': 0.006440212240225484, 'decay_rate': 5.811425047835857e-05, 'hidden_size': 16, 'beta1': 0.9, 'beta2': 0.999, 'signal_len': 16, 'cheb_order': 3, 's': 7.643302255835801, 'batch_size': 16, 'k': 5}
Trial 330 finished with value 0.029821498 | dataset=exchange | model=ufgtime_plus | val_MSE=0.002302429 | test_MSE=0.001874769 | MAE=0.029821498 | RMSE=0.043298601 | MAPE=9.217275627% | params={'learning_rate': 0.0033471718094266905, 'decay_rate': 0.0009368329096274818, 'hidden_size': 16, 'beta1': 0.9, 'beta2': 0.999, 'signal_len': 16, 'cheb_order': 3, 's': 7.658476665363046, 'batch_size': 16, 'k': 5}
Trial 331 finished with value 0.030315813 | dataset=exchange | model=ufgtime_plus | val_MSE=0.002357611 | test_MSE=0.001915130 | MAE=0.030315813 | RMSE=0.043762197 | MAPE=9.471968659% | params={'learning_rate': 0.004850608181256039, 'decay_rate': 0.001704586350169736, 'hidden_size': 16, 'beta1': 0.9, 'beta2': 0.999, 'signal_len': 16, 'cheb_order': 3, 's': 7.436727506819243, 'batch_size': 16, 'k': 5}
Trial 332 finished with value 0.032870453 | dataset=exchange | model=ufgtime_plus | val_MSE=0.002405680 | test_MSE=0.002115807 | MAE=0.032870453 | RMSE=0.045997899 | MAPE=10.188692928% | params={'learning_rate': 0.006710095269365379, 'decay_rate': 0.0025764053558361474, 'hidden_size': 16, 'beta1': 0.9, 'beta2': 0.999, 'signal_len': 16, 'cheb_order': 3, 's': 7.081083121475271, 'batch_size': 16, 'k': 5}
Trial 333 finished with value 0.029678625 | dataset=exchange | model=ufgtime_plus | val_MSE=0.002324747 | test_MSE=0.001857629 | MAE=0.029678625 | RMSE=0.043100215 | MAPE=9.132852750% | params={'learning_rate': 0.005284432319781713, 'decay_rate': 0.0008855929000836068, 'hidden_size': 16, 'beta1': 0.9, 'beta2': 0.999, 'signal_len': 16, 'cheb_order': 3, 's': 7.9460831962775185, 'batch_size': 16, 'k': 5}
Trial 334 finished with value 0.028103827 | dataset=exchange | model=ufgtime_plus | val_MSE=0.002065835 | test_MSE=0.001761682 | MAE=0.028103827 | RMSE=0.041972398 | MAPE=8.663452473% | params={'learning_rate': 0.003994566977076804, 'decay_rate': 1.9926684928852803e-05, 'hidden_size': 32, 'beta1': 0.9, 'beta2': 0.999, 'signal_len': 16, 'cheb_order': 3, 's': 7.308664897523486, 'batch_size': 16, 'k': 5}
Trial 335 finished with value 0.029884286 | dataset=exchange | model=ufgtime_plus | val_MSE=0.002316173 | test_MSE=0.001877101 | MAE=0.029884286 | RMSE=0.043325525 | MAPE=9.226337417% | params={'learning_rate': 0.0018761049937019445, 'decay_rate': 0.0009004424167693778, 'hidden_size': 16, 'beta1': 0.9, 'beta2': 0.999, 'signal_len': 16, 'cheb_order': 3, 's': 6.994881428564623, 'batch_size': 16, 'k': 5}
Trial 336 finished with value 0.026861629 | dataset=exchange | model=ufgtime_plus | val_MSE=0.002046000 | test_MSE=0.001706731 | MAE=0.026861629 | RMSE=0.041312602 | MAPE=8.183065709% | params={'learning_rate': 0.0025894439676151424, 'decay_rate': 1.2273791146185587e-05, 'hidden_size': 16, 'beta1': 0.9, 'beta2': 0.999, 'signal_len': 16, 'cheb_order': 3, 's': 7.125724460366261, 'batch_size': 16, 'k': 4}
Trial 337 finished with value 0.030497804 | dataset=exchange | model=ufgtime_plus | val_MSE=0.002364667 | test_MSE=0.001934787 | MAE=0.030497804 | RMSE=0.043986212 | MAPE=9.415360078% | params={'learning_rate': 0.005463644846335299, 'decay_rate': 0.001816517187389276, 'hidden_size': 16, 'beta1': 0.9, 'beta2': 0.999, 'signal_len': 16, 'cheb_order': 3, 's': 7.641671669188547, 'batch_size': 16, 'k': 5}
Trial 338 finished with value 0.032007780 | dataset=exchange | model=ufgtime_plus | val_MSE=0.002432227 | test_MSE=0.002028187 | MAE=0.032007780 | RMSE=0.045035396 | MAPE=10.085504338% | params={'learning_rate': 0.00353782340840627, 'decay_rate': 0.00324764105931267, 'hidden_size': 16, 'beta1': 0.9, 'beta2': 0.999, 'signal_len': 16, 'cheb_order': 3, 's': 7.37243841288554, 'batch_size': 16, 'k': 5}
Trial 339 finished with value 0.033510566 | dataset=exchange | model=ufgtime_plus | val_MSE=0.002508738 | test_MSE=0.002178685 | MAE=0.033510566 | RMSE=0.046676382 | MAPE=10.800253569% | params={'learning_rate': 0.006939078720630727, 'decay_rate': 0.004499467287673387, 'hidden_size': 16, 'beta1': 0.9, 'beta2': 0.999, 'signal_len': 16, 'cheb_order': 3, 's': 8.113488375599003, 'batch_size': 16, 'k': 5}
Trial 340 finished with value 0.029788614 | dataset=exchange | model=ufgtime_plus | val_MSE=0.002369667 | test_MSE=0.001879303 | MAE=0.029788614 | RMSE=0.043350932 | MAPE=9.197308811% | params={'learning_rate': 0.004852995175711635, 'decay_rate': 0.0010615369140194624, 'hidden_size': 16, 'beta1': 0.9, 'beta2': 0.999, 'signal_len': 16, 'cheb_order': 3, 's': 6.886230849312871, 'batch_size': 256, 'k': 5}
Trial 341 finished with value 0.026736207 | dataset=exchange | model=ufgtime_plus | val_MSE=0.002057345 | test_MSE=0.001690115 | MAE=0.026736207 | RMSE=0.041111007 | MAPE=8.074806151% | params={'learning_rate': 0.003889203630085581, 'decay_rate': 2.9052048980214808e-05, 'hidden_size': 32, 'beta1': 0.9, 'beta2': 0.999, 'signal_len': 16, 'cheb_order': 3, 's': 7.219840560964187, 'batch_size': 16, 'k': 5}
Trial 342 finished with value 0.030276955 | dataset=exchange | model=ufgtime_plus | val_MSE=0.002434038 | test_MSE=0.001914339 | MAE=0.030276955 | RMSE=0.043753163 | MAPE=9.498231790% | params={'learning_rate': 0.0013844815189502369, 'decay_rate': 0.002354106079162489, 'hidden_size': 32, 'beta1': 0.9, 'beta2': 0.999, 'signal_len': 16, 'cheb_order': 3, 's': 7.141844538969471, 'batch_size': 16, 'k': 5}
Trial 343 finished with value 0.029783682 | dataset=exchange | model=ufgtime_plus | val_MSE=0.002327832 | test_MSE=0.001871202 | MAE=0.029783682 | RMSE=0.043257398 | MAPE=9.216031726% | params={'learning_rate': 0.002756383519375886, 'decay_rate': 0.0010703033983400347, 'hidden_size': 32, 'beta1': 0.9, 'beta2': 0.999, 'signal_len': 16, 'cheb_order': 3, 's': 7.469027476384618, 'batch_size': 16, 'k': 5}
Trial 344 finished with value 0.078120228 | dataset=exchange | model=ufgtime_plus | val_MSE=0.044698344 | test_MSE=0.009153734 | MAE=0.078120228 | RMSE=0.095675147 | MAPE=18.637291886% | params={'learning_rate': 0.004073768834587426, 'decay_rate': 0.0404376472494716, 'hidden_size': 32, 'beta1': 0.9, 'beta2': 0.999, 'signal_len': 16, 'cheb_order': 3, 's': 7.269750440583989, 'batch_size': 128, 'k': 5}
Trial 345 finished with value 0.026678375 | dataset=exchange | model=ufgtime_plus | val_MSE=0.002052235 | test_MSE=0.001690561 | MAE=0.026678375 | RMSE=0.041116427 | MAPE=8.004745990% | params={'learning_rate': 0.00563935117546487, 'decay_rate': 2.909789559644312e-05, 'hidden_size': 32, 'beta1': 0.9, 'beta2': 0.999, 'signal_len': 16, 'cheb_order': 3, 's': 6.877929320935661, 'batch_size': 16, 'k': 5}
Trial 346 finished with value 0.031543052 | dataset=exchange | model=ufgtime_plus | val_MSE=0.002386682 | test_MSE=0.001993470 | MAE=0.031543052 | RMSE=0.044648287 | MAPE=9.884673554% | params={'learning_rate': 0.006063398101188001, 'decay_rate': 0.0016679635209532126, 'hidden_size': 32, 'beta1': 0.9, 'beta2': 0.999, 'signal_len': 16, 'cheb_order': 3, 's': 6.937817996473731, 'batch_size': 16, 'k': 5}
Trial 347 finished with value 0.026791918 | dataset=exchange | model=ufgtime_plus | val_MSE=0.002054531 | test_MSE=0.001701084 | MAE=0.026791918 | RMSE=0.041244197 | MAPE=8.070290644% | params={'learning_rate': 0.004507033659178656, 'decay_rate': 1.705226789987119e-05, 'hidden_size': 32, 'beta1': 0.9, 'beta2': 0.999, 'signal_len': 16, 'cheb_order': 3, 's': 7.107403834045826, 'batch_size': 16, 'k': 5}
Trial 348 finished with value 0.072350199 | dataset=exchange | model=ufgtime_plus | val_MSE=0.061185991 | test_MSE=0.009167614 | MAE=0.072350199 | RMSE=0.095747660 | MAPE=19.688917760% | params={'learning_rate': 0.005145947798968609, 'decay_rate': 0.04723337301240249, 'hidden_size': 32, 'beta1': 0.9, 'beta2': 0.999, 'signal_len': 16, 'cheb_order': 3, 's': 7.139797204412271, 'batch_size': 16, 'k': 5}
Trial 349 finished with value 0.029757051 | dataset=exchange | model=ufgtime_plus | val_MSE=0.002310561 | test_MSE=0.001868289 | MAE=0.029757051 | RMSE=0.043223709 | MAPE=9.195096871% | params={'learning_rate': 0.0038295873348210933, 'decay_rate': 0.0009364414001707123, 'hidden_size': 32, 'beta1': 0.9, 'beta2': 0.999, 'signal_len': 16, 'cheb_order': 3, 's': 6.9517122408290275, 'batch_size': 16, 'k': 5}
Trial 350 finished with value 0.027646553 | dataset=exchange | model=ufgtime_plus | val_MSE=0.002061628 | test_MSE=0.001745798 | MAE=0.027646553 | RMSE=0.041782752 | MAPE=8.499978628% | params={'learning_rate': 0.006217889498213611, 'decay_rate': 1.1343255827398494e-05, 'hidden_size': 32, 'beta1': 0.9, 'beta2': 0.999, 'signal_len': 16, 'cheb_order': 3, 's': 6.802194956451854, 'batch_size': 16, 'k': 5}
Trial 351 finished with value 0.030080670 | dataset=exchange | model=ufgtime_plus | val_MSE=0.002463551 | test_MSE=0.001905227 | MAE=0.030080670 | RMSE=0.043648900 | MAPE=9.239619567% | params={'learning_rate': 0.0027031462221350586, 'decay_rate': 0.002551378909722623, 'hidden_size': 32, 'beta1': 0.9, 'beta2': 0.999, 'signal_len': 16, 'cheb_order': 3, 's': 7.157858208021586, 'batch_size': 16, 'k': 5}
Trial 352 finished with value 0.031346834 | dataset=exchange | model=ufgtime_plus | val_MSE=0.002357235 | test_MSE=0.001988951 | MAE=0.031346834 | RMSE=0.044597659 | MAPE=9.786387552% | params={'learning_rate': 0.0056035889925495986, 'decay_rate': 0.0016056462767050136, 'hidden_size': 32, 'beta1': 0.9, 'beta2': 0.999, 'signal_len': 16, 'cheb_order': 3, 's': 6.893867078293333, 'batch_size': 32, 'k': 5}
Trial 353 finished with value 0.029496423 | dataset=exchange | model=ufgtime_plus | val_MSE=0.002349623 | test_MSE=0.001850711 | MAE=0.029496423 | RMSE=0.043019889 | MAPE=9.114188236% | params={'learning_rate': 0.006702024593630939, 'decay_rate': 0.0010330054816581624, 'hidden_size': 32, 'beta1': 0.9, 'beta2': 0.999, 'signal_len': 16, 'cheb_order': 3, 's': 7.062979007763507, 'batch_size': 16, 'k': 5}
Trial 354 finished with value 0.031547071 | dataset=exchange | model=ufgtime_plus | val_MSE=0.002309137 | test_MSE=0.001994407 | MAE=0.031547071 | RMSE=0.044658790 | MAPE=9.834502668% | params={'learning_rate': 0.003977438175604999, 'decay_rate': 0.000799049316063001, 'hidden_size': 32, 'beta1': 0.9, 'beta2': 0.999, 'signal_len': 16, 'cheb_order': 3, 's': 5.479646652100085, 'batch_size': 16, 'k': 4}
Trial 355 finished with value 0.031226740 | dataset=exchange | model=ufgtime_plus | val_MSE=0.002384139 | test_MSE=0.001979813 | MAE=0.031226740 | RMSE=0.044495089 | MAPE=9.761653625% | params={'learning_rate': 0.004828857690404762, 'decay_rate': 0.0032684286760235426, 'hidden_size': 32, 'beta1': 0.9, 'beta2': 0.999, 'signal_len': 16, 'cheb_order': 3, 's': 7.248867292793888, 'batch_size': 32, 'k': 5}
Trial 356 finished with value 0.031094534 | dataset=exchange | model=ufgtime_plus | val_MSE=0.002360841 | test_MSE=0.001970273 | MAE=0.031094534 | RMSE=0.044387756 | MAPE=9.710844286% | params={'learning_rate': 0.003209156076374891, 'decay_rate': 0.00211265098081221, 'hidden_size': 32, 'beta1': 0.9, 'beta2': 0.999, 'signal_len': 16, 'cheb_order': 3, 's': 6.812110697703867, 'batch_size': 16, 'k': 4}
Trial 357 finished with value 0.049414680 | dataset=exchange | model=ufgtime_plus | val_MSE=0.023836892 | test_MSE=0.004138818 | MAE=0.049414680 | RMSE=0.064333646 | MAPE=14.733345072% | params={'learning_rate': 0.001862167827706285, 'decay_rate': 0.012794835335091721, 'hidden_size': 32, 'beta1': 0.9, 'beta2': 0.999, 'signal_len': 16, 'cheb_order': 3, 's': 7.6603396858496575, 'batch_size': 32, 'k': 5}
Trial 358 finished with value 0.026718337 | dataset=exchange | model=ufgtime_plus | val_MSE=0.002053184 | test_MSE=0.001690993 | MAE=0.026718337 | RMSE=0.041121689 | MAPE=8.019383308% | params={'learning_rate': 0.0056451412518054205, 'decay_rate': 3.356563777466771e-05, 'hidden_size': 32, 'beta1': 0.9, 'beta2': 0.999, 'signal_len': 16, 'cheb_order': 2, 's': 4.758518416497499, 'batch_size': 16, 'k': 5}
Trial 359 finished with value 0.030223435 | dataset=exchange | model=ufgtime_plus | val_MSE=0.002394342 | test_MSE=0.001914132 | MAE=0.030223435 | RMSE=0.043750797 | MAPE=9.287576905% | params={'learning_rate': 0.005707386461359157, 'decay_rate': 0.0016522054557704105, 'hidden_size': 32, 'beta1': 0.9, 'beta2': 0.999, 'signal_len': 16, 'cheb_order': 2, 's': 4.735141448518686, 'batch_size': 16, 'k': 5}
Trial 360 finished with value 0.027776536 | dataset=exchange | model=ufgtime_plus | val_MSE=0.002067021 | test_MSE=0.001756432 | MAE=0.027776536 | RMSE=0.041909808 | MAPE=8.492471297% | params={'learning_rate': 0.0391176994231969, 'decay_rate': 1.7125710060444076e-05, 'hidden_size': 32, 'beta1': 0.9, 'beta2': 0.999, 'signal_len': 16, 'cheb_order': 2, 's': 5.017360338814748, 'batch_size': 256, 'k': 4}
Trial 361 finished with value 0.030263520 | dataset=exchange | model=ufgtime_plus | val_MSE=0.002315786 | test_MSE=0.001909541 | MAE=0.030263520 | RMSE=0.043698290 | MAPE=9.331435605% | params={'learning_rate': 0.007443881249154783, 'decay_rate': 0.0011475338711345866, 'hidden_size': 32, 'beta1': 0.9, 'beta2': 0.999, 'signal_len': 16, 'cheb_order': 2, 's': 6.684683573350205, 'batch_size': 32, 'k': 5}
Trial 362 finished with value 0.029780710 | dataset=exchange | model=ufgtime_plus | val_MSE=0.002305695 | test_MSE=0.001874093 | MAE=0.029780710 | RMSE=0.043290791 | MAPE=9.203572960% | params={'learning_rate': 0.006800497232643981, 'decay_rate': 0.0009480493761890847, 'hidden_size': 32, 'beta1': 0.9, 'beta2': 0.999, 'signal_len': 16, 'cheb_order': 2, 's': 6.95336798494745, 'batch_size': 16, 'k': 5}
Trial 363 finished with value 0.031270543 | dataset=exchange | model=ufgtime_plus | val_MSE=0.002441013 | test_MSE=0.001983250 | MAE=0.031270543 | RMSE=0.044533691 | MAPE=9.887464950% | params={'learning_rate': 0.0049425737075989235, 'decay_rate': 0.0026538489945680532, 'hidden_size': 32, 'beta1': 0.9, 'beta2': 0.999, 'signal_len': 16, 'cheb_order': 2, 's': 4.472992906077068, 'batch_size': 16, 'k': 5}
Trial 364 finished with value 0.054406565 | dataset=exchange | model=ufgtime_plus | val_MSE=0.044900472 | test_MSE=0.005476483 | MAE=0.054406565 | RMSE=0.074003261 | MAPE=17.083808797% | params={'learning_rate': 0.0060047834017949876, 'decay_rate': 0.03448103003531705, 'hidden_size': 32, 'beta1': 0.9, 'beta2': 0.999, 'signal_len': 16, 'cheb_order': 2, 's': 4.254463111891844, 'batch_size': 32, 'k': 5}
Trial 365 finished with value 0.054394895 | dataset=exchange | model=ufgtime_plus | val_MSE=0.012044805 | test_MSE=0.005012148 | MAE=0.054394895 | RMSE=0.070796522 | MAPE=15.083884280% | params={'learning_rate': 0.006782035355364004, 'decay_rate': 0.023340114578103695, 'hidden_size': 32, 'beta1': 0.9, 'beta2': 0.999, 'signal_len': 16, 'cheb_order': 2, 's': 4.678541418170286, 'batch_size': 64, 'k': 5}
Trial 366 finished with value 0.029724474 | dataset=exchange | model=ufgtime_plus | val_MSE=0.002303314 | test_MSE=0.001865951 | MAE=0.029724474 | RMSE=0.043196652 | MAPE=9.179839341% | params={'learning_rate': 0.0039007181984369267, 'decay_rate': 0.000882699601252784, 'hidden_size': 32, 'beta1': 0.9, 'beta2': 0.999, 'signal_len': 16, 'cheb_order': 2, 's': 6.808888945997717, 'batch_size': 16, 'k': 6}
Trial 367 finished with value 0.031009466 | dataset=exchange | model=ufgtime_plus | val_MSE=0.002364946 | test_MSE=0.001967749 | MAE=0.031009466 | RMSE=0.044359316 | MAPE=9.499966211% | params={'learning_rate': 0.004950162634163747, 'decay_rate': 0.0018464718894470099, 'hidden_size': 32, 'beta1': 0.9, 'beta2': 0.999, 'signal_len': 16, 'cheb_order': 2, 's': 7.068045509666991, 'batch_size': 32, 'k': 2}
Trial 368 finished with value 0.026702033 | dataset=exchange | model=ufgtime_plus | val_MSE=0.002051505 | test_MSE=0.001692691 | MAE=0.026702033 | RMSE=0.041142329 | MAPE=8.007281148% | params={'learning_rate': 0.005826649990376349, 'decay_rate': 2.7589204578248198e-05, 'hidden_size': 32, 'beta1': 0.9, 'beta2': 0.999, 'signal_len': 16, 'cheb_order': 3, 's': 5.220830248842889, 'batch_size': 16, 'k': 5}
Trial 369 finished with value 0.068053581 | dataset=exchange | model=ufgtime_plus | val_MSE=0.035964460 | test_MSE=0.007587124 | MAE=0.068053581 | RMSE=0.087104097 | MAPE=23.282623098% | params={'learning_rate': 0.007792587406584062, 'decay_rate': 0.02907110983156106, 'hidden_size': 32, 'beta1': 0.9, 'beta2': 0.999, 'signal_len': 16, 'cheb_order': 3, 's': 4.8648490470750625, 'batch_size': 16, 'k': 5}
Trial 370 finished with value 0.033217736 | dataset=exchange | model=ufgtime_plus | val_MSE=0.002529903 | test_MSE=0.002114063 | MAE=0.033217736 | RMSE=0.045978946 | MAPE=10.543225356% | params={'learning_rate': 0.005632561887266814, 'decay_rate': 0.004019924438475806, 'hidden_size': 32, 'beta1': 0.9, 'beta2': 0.999, 'signal_len': 16, 'cheb_order': 3, 's': 5.041763097916085, 'batch_size': 16, 'k': 5}
Trial 371 finished with value 0.029709741 | dataset=exchange | model=ufgtime_plus | val_MSE=0.002320561 | test_MSE=0.001865357 | MAE=0.029709741 | RMSE=0.043189778 | MAPE=9.174094970% | params={'learning_rate': 0.007156243502196363, 'decay_rate': 0.000939506548499162, 'hidden_size': 32, 'beta1': 0.9, 'beta2': 0.999, 'signal_len': 16, 'cheb_order': 3, 's': 5.358196766349961, 'batch_size': 16, 'k': 5}
Trial 372 finished with value 0.027411883 | dataset=exchange | model=ufgtime_plus | val_MSE=0.002073522 | test_MSE=0.001753594 | MAE=0.027411883 | RMSE=0.041875939 | MAPE=8.383055185% | params={'learning_rate': 0.030957470349615823, 'decay_rate': 1.8623840591188982e-05, 'hidden_size': 32, 'beta1': 0.9, 'beta2': 0.999, 'signal_len': 16, 'cheb_order': 2, 's': 4.406105764259173, 'batch_size': 16, 'k': 5}
Trial 373 finished with value 0.031668744 | dataset=exchange | model=ufgtime_plus | val_MSE=0.002410984 | test_MSE=0.002003656 | MAE=0.031668744 | RMSE=0.044762216 | MAPE=10.006538452% | params={'learning_rate': 0.006120749978977387, 'decay_rate': 0.0021873068058915206, 'hidden_size': 32, 'beta1': 0.9, 'beta2': 0.999, 'signal_len': 16, 'cheb_order': 3, 's': 5.220149795885199, 'batch_size': 16, 'k': 5}
Trial 374 finished with value 0.029607073 | dataset=exchange | model=ufgtime_plus | val_MSE=0.002324065 | test_MSE=0.001857422 | MAE=0.029607073 | RMSE=0.043097823 | MAPE=9.135568692% | params={'learning_rate': 0.008268223333612849, 'decay_rate': 0.0008957264453250999, 'hidden_size': 32, 'beta1': 0.9, 'beta2': 0.999, 'signal_len': 16, 'cheb_order': 3, 's': 4.075826734124731, 'batch_size': 16, 'k': 4}
Trial 375 finished with value 0.031671646 | dataset=exchange | model=ufgtime_plus | val_MSE=0.002364204 | test_MSE=0.002008937 | MAE=0.031671646 | RMSE=0.044821164 | MAPE=10.035110390% | params={'learning_rate': 0.004323045572943069, 'decay_rate': 0.0017300722727356186, 'hidden_size': 32, 'beta1': 0.9, 'beta2': 0.999, 'signal_len': 16, 'cheb_order': 3, 's': 5.141849260524184, 'batch_size': 16, 'k': 5}
Trial 376 finished with value 0.026820320 | dataset=exchange | model=ufgtime_plus | val_MSE=0.002052327 | test_MSE=0.001689198 | MAE=0.026820320 | RMSE=0.041099851 | MAPE=8.102205883% | params={'learning_rate': 0.006654361714545719, 'decay_rate': 2.861983822138772e-05, 'hidden_size': 64, 'beta1': 0.9, 'beta2': 0.999, 'signal_len': 16, 'cheb_order': 3, 's': 4.7661370755630985, 'batch_size': 16, 'k': 5}
