Trial 539 finished with value 0.026670774 | dataset=exchange | model=ufgtime_plus | val_MSE=0.002059027 | test_MSE=0.001688348 | MAE=0.026670774 | RMSE=0.041089512 | MAPE=8.100605194% | params={'learning_rate': 0.006823387434898616, 'decay_rate': 1.3853142493332095e-05, 'hidden_size': 32, 'beta1': 0.9, 'beta2': 0.999, 'signal_len': 16, 'cheb_order': 3, 's': 6.25569739638835, 'batch_size': 128, 'k': 6}
Trial 540 finished with value 0.030295832 | dataset=exchange | model=ufgtime_plus | val_MSE=0.002304865 | test_MSE=0.001918380 | MAE=0.030295832 | RMSE=0.043799316 | MAPE=9.334572149% | params={'learning_rate': 0.008546217189189215, 'decay_rate': 0.0009399347171789488, 'hidden_size': 32, 'beta1': 0.9, 'beta2': 0.999, 'signal_len': 16, 'cheb_order': 3, 's': 5.948264596933619, 'batch_size': 128, 'k': 6}
Trial 541 finished with value 0.031004966 | dataset=exchange | model=ufgtime_plus | val_MSE=0.002406131 | test_MSE=0.001959991 | MAE=0.031004966 | RMSE=0.044271789 | MAPE=9.767784516% | params={'learning_rate': 0.007403038192065323, 'decay_rate': 0.0025919805023267685, 'hidden_size': 32, 'beta1': 0.9, 'beta2': 0.999, 'signal_len': 16, 'cheb_order': 3, 's': 6.071776777808924, 'batch_size': 128, 'k': 6}
Trial 542 finished with value 0.029732285 | dataset=exchange | model=ufgtime_plus | val_MSE=0.002317013 | test_MSE=0.001868675 | MAE=0.029732285 | RMSE=0.043228170 | MAPE=9.180245122% | params={'learning_rate': 0.009563704843221, 'decay_rate': 0.0009445640837879863, 'hidden_size': 32, 'beta1': 0.9, 'beta2': 0.999, 'signal_len': 16, 'cheb_order': 3, 's': 5.961685284070908, 'batch_size': 128, 'k': 6}
Trial 543 finished with value 0.031168290 | dataset=exchange | model=ufgtime_plus | val_MSE=0.002364095 | test_MSE=0.001979773 | MAE=0.031168290 | RMSE=0.044494642 | MAPE=9.745991134% | params={'learning_rate': 0.028606705323764622, 'decay_rate': 0.0017813561915339812, 'hidden_size': 32, 'beta1': 0.9, 'beta2': 0.999, 'signal_len': 16, 'cheb_order': 3, 's': 6.192289874294662, 'batch_size': 128, 'k': 6}
Trial 544 finished with value 0.026809911 | dataset=exchange | model=ufgtime_plus | val_MSE=0.002055256 | test_MSE=0.001687325 | MAE=0.026809911 | RMSE=0.041077065 | MAPE=8.103728195% | params={'learning_rate': 0.04804600777569122, 'decay_rate': 3.629620349699815e-05, 'hidden_size': 32, 'beta1': 0.9, 'beta2': 0.999, 'signal_len': 16, 'cheb_order': 3, 's': 6.019884174907507, 'batch_size': 128, 'k': 6}
Trial 545 finished with value 0.029960951 | dataset=exchange | model=ufgtime_plus | val_MSE=0.002308221 | test_MSE=0.001883377 | MAE=0.029960951 | RMSE=0.043397892 | MAPE=9.253907175% | params={'learning_rate': 0.006876884776505721, 'decay_rate': 0.0009980968843597642, 'hidden_size': 32, 'beta1': 0.9, 'beta2': 0.999, 'signal_len': 16, 'cheb_order': 3, 's': 6.256184973313373, 'batch_size': 128, 'k': 6}
Trial 546 finished with value 0.031936435 | dataset=exchange | model=ufgtime_plus | val_MSE=0.002396142 | test_MSE=0.002039847 | MAE=0.031936435 | RMSE=0.045164663 | MAPE=10.149206794% | params={'learning_rate': 0.012137992450794081, 'decay_rate': 0.003336463725903719, 'hidden_size': 32, 'beta1': 0.9, 'beta2': 0.999, 'signal_len': 16, 'cheb_order': 3, 's': 6.387864499261979, 'batch_size': 128, 'k': 6}
Trial 547 finished with value 0.040580863 | dataset=exchange | model=ufgtime_plus | val_MSE=0.004991593 | test_MSE=0.002943106 | MAE=0.040580863 | RMSE=0.054250399 | MAPE=13.177227028% | params={'learning_rate': 0.014416605678354871, 'decay_rate': 0.016783811385378943, 'hidden_size': 32, 'beta1': 0.9, 'beta2': 0.999, 'signal_len': 16, 'cheb_order': 3, 's': 2.9672933001042083, 'batch_size': 128, 'k': 6}
Trial 548 finished with value 0.031142905 | dataset=exchange | model=ufgtime_plus | val_MSE=0.002373647 | test_MSE=0.001969585 | MAE=0.031142905 | RMSE=0.044380002 | MAPE=9.686995941% | params={'learning_rate': 0.008168854524567323, 'decay_rate': 0.001731741410926222, 'hidden_size': 32, 'beta1': 0.9, 'beta2': 0.999, 'signal_len': 16, 'cheb_order': 3, 's': 6.1043566304662695, 'batch_size': 128, 'k': 6}
Trial 549 finished with value 0.029809006 | dataset=exchange | model=ufgtime_plus | val_MSE=0.002295232 | test_MSE=0.001875382 | MAE=0.029809006 | RMSE=0.043305686 | MAPE=9.176700579% | params={'learning_rate': 0.02716161312633783, 'decay_rate': 0.0009191690171089097, 'hidden_size': 32, 'beta1': 0.9, 'beta2': 0.999, 'signal_len': 16, 'cheb_order': 3, 's': 2.520600185878982, 'batch_size': 128, 'k': 6}
Trial 550 finished with value 0.062669705 | dataset=exchange | model=ufgtime_plus | val_MSE=0.014322346 | test_MSE=0.006496912 | MAE=0.062669705 | RMSE=0.080603426 | MAPE=17.821012678% | params={'learning_rate': 0.013066965718892383, 'decay_rate': 0.03362319929926833, 'hidden_size': 32, 'beta1': 0.9, 'beta2': 0.999, 'signal_len': 16, 'cheb_order': 3, 's': 5.867200314175758, 'batch_size': 128, 'k': 6}
Trial 551 finished with value 0.031569363 | dataset=exchange | model=ufgtime_plus | val_MSE=0.002375772 | test_MSE=0.002007830 | MAE=0.031569363 | RMSE=0.044808811 | MAPE=9.792997590% | params={'learning_rate': 0.02386188921464493, 'decay_rate': 0.0025199993240565453, 'hidden_size': 16, 'beta1': 0.9, 'beta2': 0.999, 'signal_len': 16, 'cheb_order': 3, 's': 6.442837740637082, 'batch_size': 128, 'k': 6}
Trial 552 finished with value 0.027420391 | dataset=exchange | model=ufgtime_plus | val_MSE=0.002051044 | test_MSE=0.001731690 | MAE=0.027420391 | RMSE=0.041613578 | MAPE=8.343655221% | params={'learning_rate': 0.01714835612206101, 'decay_rate': 6.34106555230378e-05, 'hidden_size': 32, 'beta1': 0.9, 'beta2': 0.999, 'signal_len': 16, 'cheb_order': 3, 's': 3.4875981219732766, 'batch_size': 128, 'k': 6}
Trial 553 finished with value 0.030351434 | dataset=exchange | model=ufgtime_plus | val_MSE=0.002324011 | test_MSE=0.001909731 | MAE=0.030351434 | RMSE=0.043700469 | MAPE=9.406096145% | params={'learning_rate': 0.006622861875132835, 'decay_rate': 0.0009813066805428859, 'hidden_size': 16, 'beta1': 0.9, 'beta2': 0.999, 'signal_len': 16, 'cheb_order': 3, 's': 2.905247540219708, 'batch_size': 128, 'k': 6}
Trial 554 finished with value 0.026752827 | dataset=exchange | model=ufgtime_plus | val_MSE=0.002041876 | test_MSE=0.001704795 | MAE=0.026752827 | RMSE=0.041289159 | MAPE=8.065394657% | params={'learning_rate': 0.039387657826004036, 'decay_rate': 1.5279882793594757e-05, 'hidden_size': 32, 'beta1': 0.9, 'beta2': 0.999, 'signal_len': 16, 'cheb_order': 3, 's': 6.281187730538608, 'batch_size': 128, 'k': 6}
Trial 555 finished with value 0.031705054 | dataset=exchange | model=ufgtime_plus | val_MSE=0.002456314 | test_MSE=0.002016331 | MAE=0.031705054 | RMSE=0.044903576 | MAPE=10.211132460% | params={'learning_rate': 0.008813804726679822, 'decay_rate': 0.004521616676348443, 'hidden_size': 16, 'beta1': 0.9, 'beta2': 0.999, 'signal_len': 16, 'cheb_order': 3, 's': 3.249353579694075, 'batch_size': 128, 'k': 6}
Trial 556 finished with value 0.029913706 | dataset=exchange | model=ufgtime_plus | val_MSE=0.002519167 | test_MSE=0.001889269 | MAE=0.029913706 | RMSE=0.043465727 | MAPE=9.271365262% | params={'learning_rate': 0.010142735358856413, 'decay_rate': 0.001877106501085182, 'hidden_size': 32, 'beta1': 0.9, 'beta2': 0.999, 'signal_len': 16, 'cheb_order': 3, 's': 2.726862267552571, 'batch_size': 256, 'k': 6}
Trial 557 finished with value 0.030350361 | dataset=exchange | model=ufgtime_plus | val_MSE=0.002310200 | test_MSE=0.001914097 | MAE=0.030350361 | RMSE=0.043750397 | MAPE=9.286668362% | params={'learning_rate': 0.005042571808244786, 'decay_rate': 0.0009075644427956086, 'hidden_size': 16, 'beta1': 0.9, 'beta2': 0.999, 'signal_len': 16, 'cheb_order': 3, 's': 9.437728243804337, 'batch_size': 128, 'k': 6}
Trial 558 finished with value 0.053898236 | dataset=exchange | model=ufgtime_plus | val_MSE=0.009775096 | test_MSE=0.004863511 | MAE=0.053898236 | RMSE=0.069738878 | MAPE=16.790408851% | params={'learning_rate': 0.015804346864498768, 'decay_rate': 0.031178561250319335, 'hidden_size': 32, 'beta1': 0.9, 'beta2': 0.999, 'signal_len': 16, 'cheb_order': 3, 's': 6.507092182468564, 'batch_size': 128, 'k': 6}
Trial 559 finished with value 0.045111654 | dataset=exchange | model=ufgtime_plus | val_MSE=0.004553239 | test_MSE=0.003400358 | MAE=0.045111654 | RMSE=0.058312586 | MAPE=16.244171581% | params={'learning_rate': 0.046238683532003375, 'decay_rate': 0.023770915807877095, 'hidden_size': 16, 'beta1': 0.9, 'beta2': 0.999, 'signal_len': 16, 'cheb_order': 3, 's': 3.6937332910994374, 'batch_size': 128, 'k': 7}
Trial 560 finished with value 0.026722083 | dataset=exchange | model=ufgtime_plus | val_MSE=0.002060738 | test_MSE=0.001682222 | MAE=0.026722083 | RMSE=0.041014900 | MAPE=8.102615910% | params={'learning_rate': 0.007383684553397838, 'decay_rate': 3.732855406747024e-05, 'hidden_size': 32, 'beta1': 0.9, 'beta2': 0.999, 'signal_len': 16, 'cheb_order': 3, 's': 8.859286299369431, 'batch_size': 128, 'k': 6}
Trial 561 finished with value 0.030449771 | dataset=exchange | model=ufgtime_plus | val_MSE=0.002367150 | test_MSE=0.001923049 | MAE=0.030449771 | RMSE=0.043852581 | MAPE=9.464781779% | params={'learning_rate': 0.00617477089078634, 'decay_rate': 0.0017324043989954236, 'hidden_size': 16, 'beta1': 0.9, 'beta2': 0.999, 'signal_len': 16, 'cheb_order': 3, 's': 2.3799966315455494, 'batch_size': 128, 'k': 6}
Trial 562 finished with value 0.031249695 | dataset=exchange | model=ufgtime_plus | val_MSE=0.002438145 | test_MSE=0.001973263 | MAE=0.031249695 | RMSE=0.044421424 | MAPE=9.857791813% | params={'learning_rate': 0.003840088037539476, 'decay_rate': 0.003050499559553605, 'hidden_size': 32, 'beta1': 0.9, 'beta2': 0.999, 'signal_len': 16, 'cheb_order': 3, 's': 6.172783286391897, 'batch_size': 128, 'k': 6}
Trial 563 finished with value 0.029822184 | dataset=exchange | model=ufgtime_plus | val_MSE=0.002305998 | test_MSE=0.001879283 | MAE=0.029822184 | RMSE=0.043350703 | MAPE=9.166558381% | params={'learning_rate': 0.011007193080941297, 'decay_rate': 0.0009442149825628313, 'hidden_size': 16, 'beta1': 0.9, 'beta2': 0.999, 'signal_len': 16, 'cheb_order': 3, 's': 5.984116254432989, 'batch_size': 128, 'k': 6}
Trial 564 finished with value 0.031126157 | dataset=exchange | model=ufgtime_plus | val_MSE=0.002371793 | test_MSE=0.001968093 | MAE=0.031126157 | RMSE=0.044363192 | MAPE=9.680767325% | params={'learning_rate': 0.007886037414172119, 'decay_rate': 0.0016982091046353527, 'hidden_size': 32, 'beta1': 0.9, 'beta2': 0.999, 'signal_len': 16, 'cheb_order': 3, 's': 2.6299490014088724, 'batch_size': 128, 'k': 6}
Trial 565 finished with value 0.026769925 | dataset=exchange | model=ufgtime_plus | val_MSE=0.002049240 | test_MSE=0.001690233 | MAE=0.026769925 | RMSE=0.041112441 | MAPE=8.106240091% | params={'learning_rate': 0.013469292372102235, 'decay_rate': 4.1397183860841953e-05, 'hidden_size': 16, 'beta1': 0.9, 'beta2': 0.999, 'signal_len': 16, 'cheb_order': 3, 's': 6.357802309158497, 'batch_size': 128, 'k': 7}
Trial 566 finished with value 0.030524588 | dataset=exchange | model=ufgtime_plus | val_MSE=0.002450733 | test_MSE=0.001929458 | MAE=0.030524588 | RMSE=0.043925598 | MAPE=9.550201281% | params={'learning_rate': 0.005437470728893688, 'decay_rate': 0.0025145730976518714, 'hidden_size': 32, 'beta1': 0.9, 'beta2': 0.999, 'signal_len': 16, 'cheb_order': 3, 's': 3.091612917067651, 'batch_size': 128, 'k': 6}
Trial 567 finished with value 0.030321507 | dataset=exchange | model=ufgtime_plus | val_MSE=0.002326755 | test_MSE=0.001907577 | MAE=0.030321507 | RMSE=0.043675821 | MAPE=9.394838979% | params={'learning_rate': 0.006717031686893186, 'decay_rate': 0.000995296859481749, 'hidden_size': 16, 'beta1': 0.9, 'beta2': 0.999, 'signal_len': 16, 'cheb_order': 3, 's': 6.525430195066093, 'batch_size': 128, 'k': 6}
Trial 568 finished with value 0.029656715 | dataset=exchange | model=ufgtime_plus | val_MSE=0.002340332 | test_MSE=0.001864263 | MAE=0.029656715 | RMSE=0.043177114 | MAPE=9.179983198% | params={'learning_rate': 0.019845550882681206, 'decay_rate': 0.001130782729181087, 'hidden_size': 32, 'beta1': 0.9, 'beta2': 0.999, 'signal_len': 16, 'cheb_order': 3, 's': 5.728851562930261, 'batch_size': 128, 'k': 6}
Trial 569 finished with value 0.031209154 | dataset=exchange | model=ufgtime_plus | val_MSE=0.002365005 | test_MSE=0.001978904 | MAE=0.031209154 | RMSE=0.044484874 | MAPE=9.762235505% | params={'learning_rate': 0.00952381207452806, 'decay_rate': 0.002215150818639948, 'hidden_size': 16, 'beta1': 0.9, 'beta2': 0.999, 'signal_len': 16, 'cheb_order': 3, 's': 6.106288592552167, 'batch_size': 128, 'k': 6}
Trial 570 finished with value 0.027816856 | dataset=exchange | model=ufgtime_plus | val_MSE=0.002070295 | test_MSE=0.001765718 | MAE=0.027816856 | RMSE=0.042020450 | MAPE=8.594167046% | params={'learning_rate': 0.002708215816893839, 'decay_rate': 1.2221388737963102e-05, 'hidden_size': 32, 'beta1': 0.9, 'beta2': 0.999, 'signal_len': 16, 'cheb_order': 3, 's': 3.269493416842172, 'batch_size': 256, 'k': 4}
Trial 571 finished with value 0.030275775 | dataset=exchange | model=ufgtime_plus | val_MSE=0.002314846 | test_MSE=0.001917066 | MAE=0.030275775 | RMSE=0.043784311 | MAPE=9.256016315% | params={'learning_rate': 0.008445061999499216, 'decay_rate': 0.0009696675491579346, 'hidden_size': 16, 'beta1': 0.9, 'beta2': 0.999, 'signal_len': 16, 'cheb_order': 3, 's': 2.9024298049256725, 'batch_size': 128, 'k': 6}
Trial 572 finished with value 0.030118435 | dataset=exchange | model=ufgtime_plus | val_MSE=0.002419388 | test_MSE=0.001901285 | MAE=0.030118435 | RMSE=0.043603730 | MAPE=9.357687111% | params={'learning_rate': 0.005503239502619344, 'decay_rate': 0.0017831688747525951, 'hidden_size': 32, 'beta1': 0.9, 'beta2': 0.999, 'signal_len': 16, 'cheb_order': 3, 's': 6.7420176130373, 'batch_size': 128, 'k': 6}
Trial 573 finished with value 0.032186357 | dataset=exchange | model=ufgtime_plus | val_MSE=0.002420670 | test_MSE=0.002055292 | MAE=0.032186357 | RMSE=0.045335326 | MAPE=10.271428681% | params={'learning_rate': 0.04282330981401805, 'decay_rate': 0.0035056789976541155, 'hidden_size': 16, 'beta1': 0.9, 'beta2': 0.999, 'signal_len': 16, 'cheb_order': 3, 's': 6.374101097118024, 'batch_size': 128, 'k': 6}
Trial 574 finished with value 0.030047832 | dataset=exchange | model=ufgtime_plus | val_MSE=0.002303546 | test_MSE=0.001889463 | MAE=0.030047832 | RMSE=0.043467957 | MAPE=9.271254628% | params={'learning_rate': 0.011296326927642085, 'decay_rate': 0.00076186225489203, 'hidden_size': 32, 'beta1': 0.9, 'beta2': 0.999, 'signal_len': 16, 'cheb_order': 2, 's': 2.5134426814977253, 'batch_size': 128, 'k': 6}
Trial 575 finished with value 0.026906554 | dataset=exchange | model=ufgtime_plus | val_MSE=0.002043173 | test_MSE=0.001708646 | MAE=0.026906554 | RMSE=0.041335770 | MAPE=8.219599771% | params={'learning_rate': 0.007299093767368077, 'decay_rate': 2.1343043874768316e-05, 'hidden_size': 16, 'beta1': 0.9, 'beta2': 0.999, 'signal_len': 16, 'cheb_order': 3, 's': 2.2049631039086193, 'batch_size': 128, 'k': 6}
Trial 576 finished with value 0.030652318 | dataset=exchange | model=ufgtime_plus | val_MSE=0.002347537 | test_MSE=0.001934024 | MAE=0.030652318 | RMSE=0.043977536 | MAPE=9.542135097% | params={'learning_rate': 0.012211892859879963, 'decay_rate': 0.0015947107229859674, 'hidden_size': 32, 'beta1': 0.9, 'beta2': 0.999, 'signal_len': 16, 'cheb_order': 3, 's': 2.724413854421712, 'batch_size': 64, 'k': 6}
Trial 577 finished with value 0.030337017 | dataset=exchange | model=ufgtime_plus | val_MSE=0.002310319 | test_MSE=0.001912754 | MAE=0.030337017 | RMSE=0.043735044 | MAPE=9.282872514% | params={'learning_rate': 0.004984510672033168, 'decay_rate': 0.0009045777173463137, 'hidden_size': 16, 'beta1': 0.9, 'beta2': 0.999, 'signal_len': 16, 'cheb_order': 2, 's': 5.902800905204071, 'batch_size': 128, 'k': 6}
Trial 578 finished with value 0.033154193 | dataset=exchange | model=ufgtime_plus | val_MSE=0.002431590 | test_MSE=0.002150444 | MAE=0.033154193 | RMSE=0.046372879 | MAPE=10.344684297% | params={'learning_rate': 0.030972545973212428, 'decay_rate': 0.0026883191680685567, 'hidden_size': 32, 'beta1': 0.9, 'beta2': 0.999, 'signal_len': 16, 'cheb_order': 3, 's': 9.935332828449905, 'batch_size': 128, 'k': 6}
Trial 579 finished with value 0.029652702 | dataset=exchange | model=ufgtime_plus | val_MSE=0.002299968 | test_MSE=0.001858159 | MAE=0.029652702 | RMSE=0.043106365 | MAPE=9.138141894% | params={'learning_rate': 0.014632961187525507, 'decay_rate': 0.0008186906559699624, 'hidden_size': 16, 'beta1': 0.9, 'beta2': 0.999, 'signal_len': 16, 'cheb_order': 3, 's': 3.0916286478062602, 'batch_size': 128, 'k': 6}
Trial 580 finished with value 0.026727598 | dataset=exchange | model=ufgtime_plus | val_MSE=0.002047017 | test_MSE=0.001694944 | MAE=0.026727598 | RMSE=0.041169692 | MAPE=8.111899503% | params={'learning_rate': 0.006427046606549016, 'decay_rate': 1.3450174652693971e-05, 'hidden_size': 32, 'beta1': 0.9, 'beta2': 0.999, 'signal_len': 16, 'cheb_order': 3, 's': 6.576255520170965, 'batch_size': 64, 'k': 6}
Trial 581 finished with value 0.028182669 | dataset=exchange | model=ufgtime_plus | val_MSE=0.002064985 | test_MSE=0.001806410 | MAE=0.028182669 | RMSE=0.042501887 | MAPE=8.698094966% | params={'learning_rate': 0.0035268640174898223, 'decay_rate': 1.0522287284053815e-05, 'hidden_size': 16, 'beta1': 0.9, 'beta2': 0.999, 'signal_len': 16, 'cheb_order': 2, 's': 6.219851260542506, 'batch_size': 128, 'k': 4}
Trial 582 finished with value 0.031248019 | dataset=exchange | model=ufgtime_plus | val_MSE=0.002360373 | test_MSE=0.001991011 | MAE=0.031248019 | RMSE=0.044620749 | MAPE=9.775899013% | params={'learning_rate': 0.009206415766559142, 'decay_rate': 0.001702251625294175, 'hidden_size': 32, 'beta1': 0.9, 'beta2': 0.999, 'signal_len': 16, 'cheb_order': 3, 's': 6.907999733006826, 'batch_size': 128, 'k': 6}
Trial 583 finished with value 0.031165101 | dataset=exchange | model=ufgtime_plus | val_MSE=0.002363660 | test_MSE=0.001983082 | MAE=0.031165101 | RMSE=0.044531806 | MAPE=9.717093573% | params={'learning_rate': 0.007736348129607251, 'decay_rate': 0.002086957093399114, 'hidden_size': 16, 'beta1': 0.9, 'beta2': 0.999, 'signal_len': 16, 'cheb_order': 3, 's': 3.4044829126081373, 'batch_size': 128, 'k': 6}
Trial 584 finished with value 0.026928411 | dataset=exchange | model=ufgtime_plus | val_MSE=0.002049968 | test_MSE=0.001710312 | MAE=0.026928411 | RMSE=0.041355924 | MAPE=8.232168148% | params={'learning_rate': 0.004517751914748295, 'decay_rate': 1.5632848547028922e-05, 'hidden_size': 32, 'beta1': 0.9, 'beta2': 0.999, 'signal_len': 16, 'cheb_order': 3, 's': 6.308884689526661, 'batch_size': 64, 'k': 7}
Trial 585 finished with value 0.076706421 | dataset=exchange | model=ufgtime_plus | val_MSE=0.022191955 | test_MSE=0.009577705 | MAE=0.076706421 | RMSE=0.097865749 | MAPE=19.962025323% | params={'learning_rate': 0.006351506946081815, 'decay_rate': 0.04057854000368212, 'hidden_size': 16, 'beta1': 0.9, 'beta2': 0.999, 'signal_len': 16, 'cheb_order': 2, 's': 4.087020402876321, 'batch_size': 256, 'k': 6}
Trial 586 finished with value 0.030174140 | dataset=exchange | model=ufgtime_plus | val_MSE=0.002324846 | test_MSE=0.001913418 | MAE=0.030174140 | RMSE=0.043742633 | MAPE=9.178546629% | params={'learning_rate': 0.013796345687446884, 'decay_rate': 0.001099445846545177, 'hidden_size': 32, 'beta1': 0.9, 'beta2': 0.999, 'signal_len': 16, 'cheb_order': 3, 's': 6.7473052849463295, 'batch_size': 128, 'k': 6}
Trial 587 finished with value 0.053118612 | dataset=exchange | model=ufgtime_plus | val_MSE=0.009632305 | test_MSE=0.004745326 | MAE=0.053118612 | RMSE=0.068886324 | MAPE=16.363980430% | params={'learning_rate': 0.012910406772398651, 'decay_rate': 0.028679126436737073, 'hidden_size': 16, 'beta1': 0.9, 'beta2': 0.999, 'signal_len': 16, 'cheb_order': 3, 's': 7.109233587945985, 'batch_size': 128, 'k': 6}
Trial 588 finished with value 0.031957038 | dataset=exchange | model=ufgtime_plus | val_MSE=0.002397314 | test_MSE=0.002029221 | MAE=0.031957038 | RMSE=0.045046879 | MAPE=10.172361230% | params={'learning_rate': 0.04043055852537046, 'decay_rate': 0.0029704922003691656, 'hidden_size': 32, 'beta1': 0.9, 'beta2': 0.999, 'signal_len': 16, 'cheb_order': 2, 's': 2.8730395927585537, 'batch_size': 128, 'k': 6}
Trial 589 finished with value 0.029419854 | dataset=exchange | model=ufgtime_plus | val_MSE=0.002347038 | test_MSE=0.001846403 | MAE=0.029419854 | RMSE=0.042969790 | MAPE=9.075102055% | params={'learning_rate': 0.00694924893233392, 'decay_rate': 0.0009764928268000323, 'hidden_size': 16, 'beta1': 0.9, 'beta2': 0.999, 'signal_len': 16, 'cheb_order': 3, 's': 6.097083565834101, 'batch_size': 64, 'k': 6}
Trial 590 finished with value 0.030115497 | dataset=exchange | model=ufgtime_plus | val_MSE=0.002372824 | test_MSE=0.001898072 | MAE=0.030115497 | RMSE=0.043566871 | MAPE=9.372002759% | params={'learning_rate': 0.04992502296214911, 'decay_rate': 0.001713835686018098, 'hidden_size': 32, 'beta1': 0.9, 'beta2': 0.999, 'signal_len': 16, 'cheb_order': 3, 's': 6.59896192644665, 'batch_size': 128, 'k': 6}
Trial 591 finished with value 0.029386387 | dataset=exchange | model=ufgtime_plus | val_MSE=0.002331993 | test_MSE=0.001841987 | MAE=0.029386387 | RMSE=0.042918373 | MAPE=9.047805357% | params={'learning_rate': 0.03346461592158526, 'decay_rate': 0.0009062521999058756, 'hidden_size': 16, 'beta1': 0.9, 'beta2': 0.999, 'signal_len': 16, 'cheb_order': 3, 's': 2.5464176295774394, 'batch_size': 128, 'k': 6}
Trial 592 finished with value 0.031826140 | dataset=exchange | model=ufgtime_plus | val_MSE=0.002579671 | test_MSE=0.002019332 | MAE=0.031826140 | RMSE=0.044936973 | MAPE=10.031421565% | params={'learning_rate': 0.01007709038604457, 'decay_rate': 0.003981306326053818, 'hidden_size': 32, 'beta1': 0.9, 'beta2': 0.999, 'signal_len': 16, 'cheb_order': 2, 's': 3.7550358453588952, 'batch_size': 64, 'k': 6}
