Trial 485 finished with value 0.031773206 | dataset=exchange | model=ufgtime_plus | val_MSE=0.002376752 | test_MSE=0.002016873 | MAE=0.031773206 | RMSE=0.044909607 | MAPE=9.955480980% | params={'learning_rate': 0.018894878402836192, 'decay_rate': 0.0026564785066105576, 'hidden_size': 32, 'beta1': 0.9, 'beta2': 0.999, 'signal_len': 16, 'cheb_order': 2, 's': 3.170612897304822, 'batch_size': 128, 'k': 2}
Trial 486 finished with value 0.027129605 | dataset=exchange | model=ufgtime_plus | val_MSE=0.002059992 | test_MSE=0.001709102 | MAE=0.027129605 | RMSE=0.041341292 | MAPE=8.173135397% | params={'learning_rate': 0.030224365781445092, 'decay_rate': 3.20153481117988e-05, 'hidden_size': 32, 'beta1': 0.9, 'beta2': 0.999, 'signal_len': 16, 'cheb_order': 3, 's': 3.4634510728518304, 'batch_size': 128, 'k': 6}
Trial 487 finished with value 0.030957960 | dataset=exchange | model=ufgtime_plus | val_MSE=0.002365937 | test_MSE=0.001955175 | MAE=0.030957960 | RMSE=0.044217362 | MAPE=9.631353277% | params={'learning_rate': 0.006825528525065736, 'decay_rate': 0.0015956196973354077, 'hidden_size': 32, 'beta1': 0.9, 'beta2': 0.999, 'signal_len': 16, 'cheb_order': 3, 's': 2.4509993094105353, 'batch_size': 128, 'k': 7}
Trial 488 finished with value 0.026993770 | dataset=exchange | model=ufgtime_plus | val_MSE=0.002042368 | test_MSE=0.001711353 | MAE=0.026993770 | RMSE=0.041368501 | MAPE=8.211166661% | params={'learning_rate': 0.04518687741418072, 'decay_rate': 1.5864090035928507e-05, 'hidden_size': 32, 'beta1': 0.9, 'beta2': 0.999, 'signal_len': 16, 'cheb_order': 2, 's': 5.1618511649132754, 'batch_size': 128, 'k': 6}
Trial 489 finished with value 0.032354827 | dataset=exchange | model=ufgtime_plus | val_MSE=0.002488865 | test_MSE=0.002067000 | MAE=0.032354827 | RMSE=0.045464276 | MAPE=10.374723546% | params={'learning_rate': 0.029289167563796802, 'decay_rate': 0.0048650655773972195, 'hidden_size': 64, 'beta1': 0.9, 'beta2': 0.999, 'signal_len': 16, 'cheb_order': 3, 's': 3.017907167819731, 'batch_size': 128, 'k': 2}
Trial 490 finished with value 0.029998931 | dataset=exchange | model=ufgtime_plus | val_MSE=0.002350211 | test_MSE=0.001886414 | MAE=0.029998931 | RMSE=0.043432863 | MAPE=9.254032147% | params={'learning_rate': 0.005811776437574448, 'decay_rate': 0.0011229534468273005, 'hidden_size': 32, 'beta1': 0.9, 'beta2': 0.999, 'signal_len': 16, 'cheb_order': 3, 's': 2.651469577381187, 'batch_size': 256, 'k': 6}
Trial 491 finished with value 0.030134686 | dataset=exchange | model=ufgtime_plus | val_MSE=0.002388915 | test_MSE=0.001903445 | MAE=0.030134686 | RMSE=0.043628485 | MAPE=9.403215720% | params={'learning_rate': 0.032022827701617136, 'decay_rate': 0.0020397669802997087, 'hidden_size': 32, 'beta1': 0.9, 'beta2': 0.999, 'signal_len': 16, 'cheb_order': 3, 's': 2.784216893411211, 'batch_size': 128, 'k': 4}
Trial 492 finished with value 0.029975339 | dataset=exchange | model=ufgtime_plus | val_MSE=0.002297919 | test_MSE=0.001883900 | MAE=0.029975339 | RMSE=0.043403914 | MAPE=9.234548715% | params={'learning_rate': 0.015589412076061366, 'decay_rate': 0.0009149209608840579, 'hidden_size': 16, 'beta1': 0.9, 'beta2': 0.999, 'signal_len': 16, 'cheb_order': 2, 's': 5.753240708145697, 'batch_size': 128, 'k': 6}
Trial 493 finished with value 0.029816944 | dataset=exchange | model=ufgtime_plus | val_MSE=0.002305032 | test_MSE=0.001878803 | MAE=0.029816944 | RMSE=0.043345159 | MAPE=9.163545561% | params={'learning_rate': 0.011049826153064853, 'decay_rate': 0.0009338748800652051, 'hidden_size': 16, 'beta1': 0.9, 'beta2': 0.999, 'signal_len': 16, 'cheb_order': 3, 's': 4.93178226595462, 'batch_size': 128, 'k': 2}
Trial 494 finished with value 0.031313286 | dataset=exchange | model=ufgtime_plus | val_MSE=0.002436843 | test_MSE=0.001990321 | MAE=0.031313286 | RMSE=0.044613011 | MAPE=9.979580094% | params={'learning_rate': 0.009664567758927801, 'decay_rate': 0.003978088122650058, 'hidden_size': 32, 'beta1': 0.9, 'beta2': 0.999, 'signal_len': 16, 'cheb_order': 3, 's': 6.815070849285328, 'batch_size': 128, 'k': 6}
Trial 495 finished with value 0.026995590 | dataset=exchange | model=ufgtime_plus | val_MSE=0.002060708 | test_MSE=0.001695459 | MAE=0.026995590 | RMSE=0.041175947 | MAPE=8.143310141% | params={'learning_rate': 0.017909760858444427, 'decay_rate': 3.0854126228133685e-05, 'hidden_size': 16, 'beta1': 0.9, 'beta2': 0.999, 'signal_len': 16, 'cheb_order': 3, 's': 3.971881678889595, 'batch_size': 64, 'k': 6}
Trial 496 finished with value 0.031983133 | dataset=exchange | model=ufgtime_plus | val_MSE=0.002412542 | test_MSE=0.002030766 | MAE=0.031983133 | RMSE=0.045064021 | MAPE=10.175280825% | params={'learning_rate': 0.01269720810557129, 'decay_rate': 0.0026028612122213114, 'hidden_size': 64, 'beta1': 0.9, 'beta2': 0.999, 'signal_len': 16, 'cheb_order': 2, 's': 3.617916042150532, 'batch_size': 128, 'k': 6}
Trial 497 finished with value 0.030490710 | dataset=exchange | model=ufgtime_plus | val_MSE=0.002338848 | test_MSE=0.001926451 | MAE=0.030490710 | RMSE=0.043891357 | MAPE=9.475204105% | params={'learning_rate': 0.005262794417335731, 'decay_rate': 0.001552864835835384, 'hidden_size': 32, 'beta1': 0.9, 'beta2': 0.999, 'signal_len': 16, 'cheb_order': 3, 's': 3.2065433498720344, 'batch_size': 64, 'k': 2}
Trial 498 finished with value 0.029692372 | dataset=exchange | model=ufgtime_plus | val_MSE=0.002305415 | test_MSE=0.001868757 | MAE=0.029692372 | RMSE=0.043229124 | MAPE=9.122353091% | params={'learning_rate': 0.007956908580053768, 'decay_rate': 0.0008929398946966602, 'hidden_size': 16, 'beta1': 0.9, 'beta2': 0.999, 'signal_len': 16, 'cheb_order': 3, 's': 2.542391044502028, 'batch_size': 128, 'k': 6}
Trial 499 finished with value 0.026865348 | dataset=exchange | model=ufgtime_plus | val_MSE=0.002055948 | test_MSE=0.001702461 | MAE=0.026865348 | RMSE=0.041260895 | MAPE=8.015133693% | params={'learning_rate': 0.014177215739869487, 'decay_rate': 2.10440980216962e-05, 'hidden_size': 16, 'beta1': 0.9, 'beta2': 0.999, 'signal_len': 16, 'cheb_order': 3, 's': 1.394926176005133, 'batch_size': 128, 'k': 6}
Trial 500 finished with value 0.027693985 | dataset=exchange | model=ufgtime_plus | val_MSE=0.002043667 | test_MSE=0.001770588 | MAE=0.027693985 | RMSE=0.042078354 | MAPE=8.544675146% | params={'learning_rate': 0.0031498786113599454, 'decay_rate': 1.3160416105859814e-05, 'hidden_size': 32, 'beta1': 0.9, 'beta2': 0.999, 'signal_len': 16, 'cheb_order': 2, 's': 2.849307091582943, 'batch_size': 64, 'k': 7}
Trial 501 finished with value 0.049098900 | dataset=exchange | model=ufgtime_plus | val_MSE=0.007329573 | test_MSE=0.004058766 | MAE=0.049098900 | RMSE=0.063708443 | MAPE=16.268340888% | params={'learning_rate': 0.031788997787931934, 'decay_rate': 0.026686777945959066, 'hidden_size': 16, 'beta1': 0.9, 'beta2': 0.999, 'signal_len': 16, 'cheb_order': 3, 's': 2.130166431701305, 'batch_size': 128, 'k': 2}
Trial 502 finished with value 0.030886164 | dataset=exchange | model=ufgtime_plus | val_MSE=0.002357305 | test_MSE=0.001958504 | MAE=0.030886164 | RMSE=0.044254988 | MAPE=9.577717393% | params={'learning_rate': 0.006912538035593347, 'decay_rate': 0.00182800955432021, 'hidden_size': 32, 'beta1': 0.9, 'beta2': 0.999, 'signal_len': 16, 'cheb_order': 3, 's': 6.765980056996457, 'batch_size': 256, 'k': 6}
Trial 503 finished with value 0.032416071 | dataset=exchange | model=ufgtime_plus | val_MSE=0.002391416 | test_MSE=0.002076166 | MAE=0.032416071 | RMSE=0.045564961 | MAPE=10.182251012% | params={'learning_rate': 0.008665346889925433, 'decay_rate': 0.0029155927007293954, 'hidden_size': 16, 'beta1': 0.9, 'beta2': 0.999, 'signal_len': 16, 'cheb_order': 2, 's': 4.3633732988200205, 'batch_size': 128, 'k': 6}
Trial 504 finished with value 0.029554704 | dataset=exchange | model=ufgtime_plus | val_MSE=0.002312619 | test_MSE=0.001855379 | MAE=0.029554704 | RMSE=0.043074114 | MAPE=9.113235537% | params={'learning_rate': 0.005336662901057013, 'decay_rate': 0.0009409365816933553, 'hidden_size': 64, 'beta1': 0.9, 'beta2': 0.999, 'signal_len': 16, 'cheb_order': 3, 's': 6.897830625203107, 'batch_size': 64, 'k': 2}
Trial 505 finished with value 0.030123964 | dataset=exchange | model=ufgtime_plus | val_MSE=0.002364509 | test_MSE=0.001903250 | MAE=0.030123964 | RMSE=0.043626251 | MAPE=9.343013977% | params={'learning_rate': 0.004082416980513521, 'decay_rate': 0.0018012922709505768, 'hidden_size': 32, 'beta1': 0.9, 'beta2': 0.999, 'signal_len': 16, 'cheb_order': 3, 's': 3.0804713279362095, 'batch_size': 128, 'k': 6}
Trial 506 finished with value 0.030102298 | dataset=exchange | model=ufgtime_plus | val_MSE=0.002298895 | test_MSE=0.001892386 | MAE=0.030102298 | RMSE=0.043501569 | MAPE=9.320123989% | params={'learning_rate': 0.013335244768000349, 'decay_rate': 0.0009318065771168561, 'hidden_size': 16, 'beta1': 0.9, 'beta2': 0.999, 'signal_len': 16, 'cheb_order': 3, 's': 3.375830905902255, 'batch_size': 64, 'k': 6}
Trial 507 finished with value 0.036069236 | dataset=exchange | model=ufgtime_plus | val_MSE=0.003452014 | test_MSE=0.002420054 | MAE=0.036069236 | RMSE=0.049194046 | MAPE=12.108635263% | params={'learning_rate': 0.006277667484035726, 'decay_rate': 0.011846848116849015, 'hidden_size': 16, 'beta1': 0.9, 'beta2': 0.999, 'signal_len': 16, 'cheb_order': 2, 's': 2.7489939756241975, 'batch_size': 128, 'k': 4}
Trial 508 finished with value 0.026743169 | dataset=exchange | model=ufgtime_plus | val_MSE=0.002061536 | test_MSE=0.001687277 | MAE=0.026743169 | RMSE=0.041076477 | MAPE=8.124511144% | params={'learning_rate': 0.007636312712509251, 'decay_rate': 3.645968359423024e-05, 'hidden_size': 32, 'beta1': 0.9, 'beta2': 0.999, 'signal_len': 16, 'cheb_order': 3, 's': 1.9568117614718523, 'batch_size': 128, 'k': 2}
Trial 509 finished with value 0.055166431 | dataset=exchange | model=ufgtime_plus | val_MSE=0.037205374 | test_MSE=0.005304867 | MAE=0.055166431 | RMSE=0.072834516 | MAPE=18.900309452% | params={'learning_rate': 0.004545169574036206, 'decay_rate': 0.0195288081169405, 'hidden_size': 16, 'beta1': 0.9, 'beta2': 0.999, 'signal_len': 16, 'cheb_order': 3, 's': 2.315157249058588, 'batch_size': 16, 'k': 6}
Trial 510 finished with value 0.031660334 | dataset=exchange | model=ufgtime_plus | val_MSE=0.002480995 | test_MSE=0.002004177 | MAE=0.031660334 | RMSE=0.044768036 | MAPE=9.794272152% | params={'learning_rate': 0.009650656740072677, 'decay_rate': 0.0023884151932370757, 'hidden_size': 32, 'beta1': 0.9, 'beta2': 0.999, 'signal_len': 16, 'cheb_order': 3, 's': 3.8331628639783215, 'batch_size': 64, 'k': 6}
Trial 511 finished with value 0.030232712 | dataset=exchange | model=ufgtime_plus | val_MSE=0.002316661 | test_MSE=0.001900457 | MAE=0.030232712 | RMSE=0.043594232 | MAPE=9.368820503% | params={'learning_rate': 0.012041792076775939, 'decay_rate': 0.0008673148502644171, 'hidden_size': 16, 'beta1': 0.9, 'beta2': 0.999, 'signal_len': 16, 'cheb_order': 2, 's': 6.683435579630219, 'batch_size': 128, 'k': 6}
Trial 512 finished with value 0.030778198 | dataset=exchange | model=ufgtime_plus | val_MSE=0.002542779 | test_MSE=0.001951536 | MAE=0.030778198 | RMSE=0.044176194 | MAPE=9.712166782% | params={'learning_rate': 0.005795087430195703, 'decay_rate': 0.0034840528365666502, 'hidden_size': 32, 'beta1': 0.9, 'beta2': 0.999, 'signal_len': 16, 'cheb_order': 3, 's': 5.229636248732399, 'batch_size': 128, 'k': 2}
Trial 513 finished with value 0.030252311 | dataset=exchange | model=ufgtime_plus | val_MSE=0.002362549 | test_MSE=0.001911744 | MAE=0.030252311 | RMSE=0.043723495 | MAPE=9.451054227% | params={'learning_rate': 0.0106664463623936, 'decay_rate': 0.0016057983760667909, 'hidden_size': 16, 'beta1': 0.9, 'beta2': 0.999, 'signal_len': 16, 'cheb_order': 3, 's': 5.905291668132383, 'batch_size': 16, 'k': 6}
Trial 514 finished with value 0.030516521 | dataset=exchange | model=ufgtime_plus | val_MSE=0.002294481 | test_MSE=0.001920116 | MAE=0.030516521 | RMSE=0.043819132 | MAPE=9.430340423% | params={'learning_rate': 0.022297844426457877, 'decay_rate': 0.0008549422257319024, 'hidden_size': 64, 'beta1': 0.9, 'beta2': 0.999, 'signal_len': 16, 'cheb_order': 3, 's': 6.902066591866124, 'batch_size': 64, 'k': 7}
Trial 515 finished with value 0.026703989 | dataset=exchange | model=ufgtime_plus | val_MSE=0.002060919 | test_MSE=0.001682490 | MAE=0.026703989 | RMSE=0.041018171 | MAPE=8.097734508% | params={'learning_rate': 0.00707496808909458, 'decay_rate': 3.2178498631658264e-05, 'hidden_size': 32, 'beta1': 0.9, 'beta2': 0.999, 'signal_len': 16, 'cheb_order': 2, 's': 6.386604248004197, 'batch_size': 128, 'k': 6}
Trial 516 finished with value 0.030980345 | dataset=exchange | model=ufgtime_plus | val_MSE=0.002375254 | test_MSE=0.001957093 | MAE=0.030980345 | RMSE=0.044239049 | MAPE=9.678082205% | params={'learning_rate': 0.007123918552970409, 'decay_rate': 0.0019087606719581385, 'hidden_size': 32, 'beta1': 0.9, 'beta2': 0.999, 'signal_len': 16, 'cheb_order': 2, 's': 6.420903834013707, 'batch_size': 128, 'k': 6}
Trial 517 finished with value 0.097254843 | dataset=exchange | model=ufgtime_plus | val_MSE=0.040517716 | test_MSE=0.015472771 | MAE=0.097254843 | RMSE=0.124389593 | MAPE=23.798515849% | params={'learning_rate': 0.008603557879422581, 'decay_rate': 0.04990293237810223, 'hidden_size': 32, 'beta1': 0.9, 'beta2': 0.999, 'signal_len': 16, 'cheb_order': 2, 's': 6.172359661498382, 'batch_size': 128, 'k': 6}
Trial 518 finished with value 0.030178002 | dataset=exchange | model=ufgtime_plus | val_MSE=0.002299585 | test_MSE=0.001910802 | MAE=0.030178002 | RMSE=0.043712726 | MAPE=9.238989343% | params={'learning_rate': 0.007654892683660263, 'decay_rate': 0.0008665291534489422, 'hidden_size': 32, 'beta1': 0.9, 'beta2': 0.999, 'signal_len': 16, 'cheb_order': 2, 's': 6.350456493566669, 'batch_size': 128, 'k': 6}
Trial 519 finished with value 0.031121293 | dataset=exchange | model=ufgtime_plus | val_MSE=0.002412596 | test_MSE=0.001968453 | MAE=0.031121293 | RMSE=0.044367247 | MAPE=9.805482954% | params={'learning_rate': 0.008477962078834484, 'decay_rate': 0.0026727686949682217, 'hidden_size': 32, 'beta1': 0.9, 'beta2': 0.999, 'signal_len': 16, 'cheb_order': 2, 's': 6.618044786146459, 'batch_size': 128, 'k': 6}
Trial 520 finished with value 0.026689630 | dataset=exchange | model=ufgtime_plus | val_MSE=0.002061281 | test_MSE=0.001682658 | MAE=0.026689630 | RMSE=0.041020212 | MAPE=8.096600213% | params={'learning_rate': 0.006632263535301908, 'decay_rate': 2.8299951629779563e-05, 'hidden_size': 32, 'beta1': 0.9, 'beta2': 0.999, 'signal_len': 16, 'cheb_order': 2, 's': 6.350069933572379, 'batch_size': 128, 'k': 6}
Trial 521 finished with value 0.030919087 | dataset=exchange | model=ufgtime_plus | val_MSE=0.002365398 | test_MSE=0.001952293 | MAE=0.030919087 | RMSE=0.044184756 | MAPE=9.619208062% | params={'learning_rate': 0.006727790108019745, 'decay_rate': 0.0015776901243127195, 'hidden_size': 32, 'beta1': 0.9, 'beta2': 0.999, 'signal_len': 16, 'cheb_order': 2, 's': 6.056268188982593, 'batch_size': 128, 'k': 6}
Trial 522 finished with value 0.026746301 | dataset=exchange | model=ufgtime_plus | val_MSE=0.002054670 | test_MSE=0.001687161 | MAE=0.026746301 | RMSE=0.041075068 | MAPE=8.107554278% | params={'learning_rate': 0.009155922495298873, 'decay_rate': 2.3350007328444507e-05, 'hidden_size': 32, 'beta1': 0.9, 'beta2': 0.999, 'signal_len': 16, 'cheb_order': 2, 's': 6.512737490688764, 'batch_size': 128, 'k': 6}
Trial 523 finished with value 0.030521788 | dataset=exchange | model=ufgtime_plus | val_MSE=0.002315543 | test_MSE=0.001933563 | MAE=0.030521788 | RMSE=0.043972294 | MAPE=9.375101964% | params={'learning_rate': 0.007783947855889473, 'decay_rate': 0.0010725817742389928, 'hidden_size': 32, 'beta1': 0.9, 'beta2': 0.999, 'signal_len': 16, 'cheb_order': 2, 's': 6.114109094560838, 'batch_size': 128, 'k': 6}
Trial 524 finished with value 0.027236835 | dataset=exchange | model=ufgtime_plus | val_MSE=0.002068023 | test_MSE=0.001720758 | MAE=0.027236835 | RMSE=0.041482017 | MAPE=8.166965552% | params={'learning_rate': 0.014989097231112709, 'decay_rate': 1.720423523781541e-05, 'hidden_size': 32, 'beta1': 0.9, 'beta2': 0.999, 'signal_len': 16, 'cheb_order': 2, 's': 6.264010982760123, 'batch_size': 128, 'k': 6}
Trial 525 finished with value 0.030381019 | dataset=exchange | model=ufgtime_plus | val_MSE=0.002386548 | test_MSE=0.001921797 | MAE=0.030381019 | RMSE=0.043838301 | MAPE=9.454504249% | params={'learning_rate': 0.012493661799670935, 'decay_rate': 0.0017738370590953162, 'hidden_size': 16, 'beta1': 0.9, 'beta2': 0.999, 'signal_len': 16, 'cheb_order': 2, 's': 6.288896237541745, 'batch_size': 128, 'k': 6}
Trial 526 finished with value 0.029632092 | dataset=exchange | model=ufgtime_plus | val_MSE=0.002328362 | test_MSE=0.001859340 | MAE=0.029632092 | RMSE=0.043120060 | MAPE=9.100272658% | params={'learning_rate': 0.006546368075895449, 'decay_rate': 0.0009189459356359272, 'hidden_size': 32, 'beta1': 0.9, 'beta2': 0.999, 'signal_len': 16, 'cheb_order': 2, 's': 6.440192036626512, 'batch_size': 128, 'k': 6}
Trial 527 finished with value 0.032959654 | dataset=exchange | model=ufgtime_plus | val_MSE=0.002418536 | test_MSE=0.002119505 | MAE=0.032959654 | RMSE=0.046038080 | MAPE=10.293791205% | params={'learning_rate': 0.01014484955418599, 'decay_rate': 0.002868798343942289, 'hidden_size': 16, 'beta1': 0.9, 'beta2': 0.999, 'signal_len': 16, 'cheb_order': 2, 's': 6.694524053421437, 'batch_size': 128, 'k': 6}
Trial 528 finished with value 0.029914004 | dataset=exchange | model=ufgtime_plus | val_MSE=0.002298427 | test_MSE=0.001878992 | MAE=0.029914004 | RMSE=0.043347338 | MAPE=9.227464950% | params={'learning_rate': 0.007615613639271933, 'decay_rate': 0.000908909999963359, 'hidden_size': 32, 'beta1': 0.9, 'beta2': 0.999, 'signal_len': 16, 'cheb_order': 2, 's': 6.5428799984845645, 'batch_size': 128, 'k': 6}
Trial 529 finished with value 0.030466599 | dataset=exchange | model=ufgtime_plus | val_MSE=0.002361868 | test_MSE=0.001924645 | MAE=0.030466599 | RMSE=0.043870772 | MAPE=9.477912227% | params={'learning_rate': 0.011425077035284009, 'decay_rate': 0.0017679912772043916, 'hidden_size': 16, 'beta1': 0.9, 'beta2': 0.999, 'signal_len': 16, 'cheb_order': 2, 's': 6.325184791475354, 'batch_size': 128, 'k': 6}
Trial 530 finished with value 0.029813414 | dataset=exchange | model=ufgtime_plus | val_MSE=0.002310521 | test_MSE=0.001874865 | MAE=0.029813414 | RMSE=0.043299706 | MAPE=9.180180325% | params={'learning_rate': 0.009194079992640812, 'decay_rate': 0.0008962279864731038, 'hidden_size': 32, 'beta1': 0.9, 'beta2': 0.999, 'signal_len': 16, 'cheb_order': 3, 's': 6.97490551706954, 'batch_size': 128, 'k': 6}
Trial 531 finished with value 0.031787160 | dataset=exchange | model=ufgtime_plus | val_MSE=0.002380747 | test_MSE=0.002015259 | MAE=0.031787160 | RMSE=0.044891636 | MAPE=10.122614350% | params={'learning_rate': 0.01355328783041335, 'decay_rate': 0.0022534248439929285, 'hidden_size': 16, 'beta1': 0.9, 'beta2': 0.999, 'signal_len': 16, 'cheb_order': 2, 's': 6.674421829944948, 'batch_size': 128, 'k': 6}
Trial 532 finished with value 0.026688489 | dataset=exchange | model=ufgtime_plus | val_MSE=0.002061772 | test_MSE=0.001682359 | MAE=0.026688489 | RMSE=0.041016572 | MAPE=8.098468246% | params={'learning_rate': 0.006357809996639372, 'decay_rate': 2.8598412659184506e-05, 'hidden_size': 32, 'beta1': 0.9, 'beta2': 0.999, 'signal_len': 16, 'cheb_order': 3, 's': 6.112256781166794, 'batch_size': 128, 'k': 6}
Trial 533 finished with value 0.026696218 | dataset=exchange | model=ufgtime_plus | val_MSE=0.002061803 | test_MSE=0.001681862 | MAE=0.026696218 | RMSE=0.041010514 | MAPE=8.099307494% | params={'learning_rate': 0.00655139810549822, 'decay_rate': 3.165541572170884e-05, 'hidden_size': 32, 'beta1': 0.9, 'beta2': 0.999, 'signal_len': 16, 'cheb_order': 3, 's': 5.948109891457425, 'batch_size': 128, 'k': 6}
Trial 534 finished with value 0.030787972 | dataset=exchange | model=ufgtime_plus | val_MSE=0.002607045 | test_MSE=0.001956234 | MAE=0.030787972 | RMSE=0.044229339 | MAPE=9.702868639% | params={'learning_rate': 0.006102920196144311, 'decay_rate': 0.0036803692248397915, 'hidden_size': 32, 'beta1': 0.9, 'beta2': 0.999, 'signal_len': 16, 'cheb_order': 3, 's': 5.767328066674639, 'batch_size': 128, 'k': 6}
Trial 535 finished with value 0.026748203 | dataset=exchange | model=ufgtime_plus | val_MSE=0.002046501 | test_MSE=0.001694485 | MAE=0.026748203 | RMSE=0.041164118 | MAPE=8.124320467% | params={'learning_rate': 0.008062923526336363, 'decay_rate': 2.6319609930126892e-05, 'hidden_size': 32, 'beta1': 0.9, 'beta2': 0.999, 'signal_len': 16, 'cheb_order': 3, 's': 6.168385386646887, 'batch_size': 128, 'k': 6}
Trial 536 finished with value 0.034160640 | dataset=exchange | model=ufgtime_plus | val_MSE=0.003527965 | test_MSE=0.002267543 | MAE=0.034160640 | RMSE=0.047618721 | MAPE=10.847844790% | params={'learning_rate': 0.006171157681470582, 'decay_rate': 0.008304332425042353, 'hidden_size': 32, 'beta1': 0.9, 'beta2': 0.999, 'signal_len': 16, 'cheb_order': 3, 's': 6.165967700299043, 'batch_size': 128, 'k': 6}
Trial 537 finished with value 0.029902100 | dataset=exchange | model=ufgtime_plus | val_MSE=0.002320564 | test_MSE=0.001883144 | MAE=0.029902100 | RMSE=0.043395202 | MAPE=9.215304584% | params={'learning_rate': 0.005096149287709363, 'decay_rate': 0.0010930554777700348, 'hidden_size': 32, 'beta1': 0.9, 'beta2': 0.999, 'signal_len': 16, 'cheb_order': 3, 's': 5.972096102383056, 'batch_size': 128, 'k': 6}
Trial 538 finished with value 0.031036851 | dataset=exchange | model=ufgtime_plus | val_MSE=0.002364917 | test_MSE=0.001963615 | MAE=0.031036851 | RMSE=0.044312696 | MAPE=9.686480654% | params={'learning_rate': 0.01082239197164432, 'decay_rate': 0.0019716104788713067, 'hidden_size': 32, 'beta1': 0.9, 'beta2': 0.999, 'signal_len': 16, 'cheb_order': 3, 's': 5.822983591268991, 'batch_size': 128, 'k': 6}
