Trial 0 finished with value 0.061805257 | dataset=exchange | model=ufgtime_plus | val_MSE=0.013699229 | test_MSE=0.006315901 | MAE=0.061805257 | RMSE=0.079472641 | MAPE=18.030522819% | params={'learning_rate': 0.027445187061326964, 'decay_rate': 0.03576231642495725, 'hidden_size': 16, 'beta1': 0.9, 'beta2': 0.999, 'signal_len': 8, 'cheb_order': 3, 's': 4.512629517549422, 'batch_size': 128, 'k': 2}
Trial 1 finished with value 0.069725693 | dataset=exchange | model=ufgtime_plus | val_MSE=0.052038790 | test_MSE=0.007662021 | MAE=0.069725693 | RMSE=0.087532968 | MAPE=19.161324428% | params={'learning_rate': 0.0010207176880418828, 'decay_rate': 0.04163266607894142, 'hidden_size': 64, 'beta1': 0.9, 'beta2': 0.999, 'signal_len': 8, 'cheb_order': 2, 's': 6.795297089814962, 'batch_size': 32, 'k': 6}
Trial 2 finished with value 0.050352069 | dataset=exchange | model=ufgtime_plus | val_MSE=0.008081830 | test_MSE=0.004276291 | MAE=0.050352069 | RMSE=0.065393359 | MAPE=16.239395437% | params={'learning_rate': 0.02281295510750526, 'decay_rate': 0.02842601310394374, 'hidden_size': 32, 'beta1': 0.9, 'beta2': 0.999, 'signal_len': 16, 'cheb_order': 2, 's': 4.989584388814139, 'batch_size': 16, 'k': 2}
Trial 3 finished with value 0.041324647 | dataset=exchange | model=ufgtime_plus | val_MSE=0.004305882 | test_MSE=0.002969110 | MAE=0.041324647 | RMSE=0.054489541 | MAPE=14.253872942% | params={'learning_rate': 0.01577826326269995, 'decay_rate': 0.018191901439421704, 'hidden_size': 64, 'beta1': 0.9, 'beta2': 0.999, 'signal_len': 16, 'cheb_order': 3, 's': 3.354295262604061, 'batch_size': 256, 'k': 2}
Trial 4 finished with value 0.040146923 | dataset=exchange | model=ufgtime_plus | val_MSE=0.004897836 | test_MSE=0.002894236 | MAE=0.040146923 | RMSE=0.053798100 | MAPE=12.965462296% | params={'learning_rate': 0.009837152260385874, 'decay_rate': 0.018442571281341594, 'hidden_size': 64, 'beta1': 0.9, 'beta2': 0.999, 'signal_len': 16, 'cheb_order': 3, 's': 6.4831251257309095, 'batch_size': 16, 'k': 2}
Trial 5 finished with value 0.046159551 | dataset=exchange | model=ufgtime_plus | val_MSE=0.007142604 | test_MSE=0.003688862 | MAE=0.046159551 | RMSE=0.060736002 | MAPE=14.210305430% | params={'learning_rate': 0.015905979137904862, 'decay_rate': 0.02071900709578835, 'hidden_size': 32, 'beta1': 0.9, 'beta2': 0.999, 'signal_len': 16, 'cheb_order': 3, 's': 9.370736158428306, 'batch_size': 128, 'k': 3}
Trial 6 finished with value 0.031122767 | dataset=exchange | model=ufgtime_plus | val_MSE=0.002328158 | test_MSE=0.001971418 | MAE=0.031122767 | RMSE=0.044400658 | MAPE=9.700538707% | params={'learning_rate': 0.029329781611156056, 'decay_rate': 0.0010151762339128028, 'hidden_size': 16, 'beta1': 0.9, 'beta2': 0.999, 'signal_len': 16, 'cheb_order': 2, 's': 6.227800276318749, 'batch_size': 128, 'k': 7}
Trial 7 finished with value 0.048618244 | dataset=exchange | model=ufgtime_plus | val_MSE=0.003175156 | test_MSE=0.003732707 | MAE=0.048618244 | RMSE=0.061095887 | MAPE=16.522365460% | params={'learning_rate': 0.034976968973122045, 'decay_rate': 0.014878873173248132, 'hidden_size': 64, 'beta1': 0.9, 'beta2': 0.999, 'signal_len': 16, 'cheb_order': 3, 's': 5.56178699914765, 'batch_size': 16, 'k': 3}
Trial 8 finished with value 0.038940999 | dataset=exchange | model=ufgtime_plus | val_MSE=0.004219764 | test_MSE=0.002732030 | MAE=0.038940999 | RMSE=0.052268824 | MAPE=13.026613677% | params={'learning_rate': 0.03301207513925933, 'decay_rate': 0.014510979584450098, 'hidden_size': 16, 'beta1': 0.9, 'beta2': 0.999, 'signal_len': 16, 'cheb_order': 2, 's': 6.913487296728489, 'batch_size': 64, 'k': 7}
Trial 9 finished with value 0.053716395 | dataset=exchange | model=ufgtime_plus | val_MSE=0.007712734 | test_MSE=0.004689423 | MAE=0.053716395 | RMSE=0.068479364 | MAPE=18.594535611% | params={'learning_rate': 0.04031163751241383, 'decay_rate': 0.03519739029118291, 'hidden_size': 32, 'beta1': 0.9, 'beta2': 0.999, 'signal_len': 8, 'cheb_order': 2, 's': 6.578480122126214, 'batch_size': 32, 'k': 2}
Trial 10 finished with value 0.029488355 | dataset=exchange | model=ufgtime_plus | val_MSE=0.002358322 | test_MSE=0.001852547 | MAE=0.029488355 | RMSE=0.043041228 | MAPE=9.078144021% | params={'learning_rate': 0.047034199581109624, 'decay_rate': 0.0011794268671467987, 'hidden_size': 16, 'beta1': 0.9, 'beta2': 0.999, 'signal_len': 8, 'cheb_order': 2, 's': 1.4402165119027721, 'batch_size': 128, 'k': 5}
Trial 11 finished with value 0.029993070 | dataset=exchange | model=ufgtime_plus | val_MSE=0.002399974 | test_MSE=0.001892312 | MAE=0.029993070 | RMSE=0.043500707 | MAPE=9.303822877% | params={'learning_rate': 0.04975582417093499, 'decay_rate': 0.0017508211083609522, 'hidden_size': 16, 'beta1': 0.9, 'beta2': 0.999, 'signal_len': 8, 'cheb_order': 2, 's': 1.7143610050113107, 'batch_size': 128, 'k': 5}
Trial 12 finished with value 0.028472843 | dataset=exchange | model=ufgtime_plus | val_MSE=0.002170568 | test_MSE=0.001764652 | MAE=0.028472843 | RMSE=0.042007764 | MAPE=8.695353801% | params={'learning_rate': 0.04869714009298913, 'decay_rate': 0.0002897854365313951, 'hidden_size': 16, 'beta1': 0.9, 'beta2': 0.999, 'signal_len': 8, 'cheb_order': 2, 's': 1.1426809468954664, 'batch_size': 128, 'k': 5}
Trial 13 finished with value 0.034645687 | dataset=exchange | model=ufgtime_plus | val_MSE=0.003325466 | test_MSE=0.002302791 | MAE=0.034645687 | RMSE=0.047987407 | MAPE=11.217056454% | params={'learning_rate': 0.04849564158029872, 'decay_rate': 0.00841408604577265, 'hidden_size': 16, 'beta1': 0.9, 'beta2': 0.999, 'signal_len': 8, 'cheb_order': 2, 's': 1.2401730631741632, 'batch_size': 128, 'k': 5}
Trial 14 finished with value 0.032230749 | dataset=exchange | model=ufgtime_plus | val_MSE=0.002576847 | test_MSE=0.002061273 | MAE=0.032230749 | RMSE=0.045401249 | MAPE=10.467800197% | params={'learning_rate': 0.042004984965544126, 'decay_rate': 0.005946602305274062, 'hidden_size': 16, 'beta1': 0.9, 'beta2': 0.999, 'signal_len': 8, 'cheb_order': 2, 's': 2.674481289654345, 'batch_size': 64, 'k': 4}
Trial 15 finished with value 0.033806064 | dataset=exchange | model=ufgtime_plus | val_MSE=0.003075775 | test_MSE=0.002208922 | MAE=0.033806064 | RMSE=0.046999166 | MAPE=11.125763715% | params={'learning_rate': 0.042681039775246295, 'decay_rate': 0.008879865571753052, 'hidden_size': 16, 'beta1': 0.9, 'beta2': 0.999, 'signal_len': 8, 'cheb_order': 2, 's': 2.7566576315322164, 'batch_size': 256, 'k': 6}
Trial 16 finished with value 0.047280205 | dataset=exchange | model=ufgtime_plus | val_MSE=0.004040304 | test_MSE=0.003657743 | MAE=0.047280205 | RMSE=0.060479277 | MAPE=17.545060467% | params={'learning_rate': 0.04542870447692563, 'decay_rate': 0.025808207028753333, 'hidden_size': 16, 'beta1': 0.9, 'beta2': 0.999, 'signal_len': 8, 'cheb_order': 2, 's': 4.019299906730597, 'batch_size': 128, 'k': 4}
Trial 17 finished with value 0.033800943 | dataset=exchange | model=ufgtime_plus | val_MSE=0.002483895 | test_MSE=0.002177687 | MAE=0.033800943 | RMSE=0.046665693 | MAPE=11.100819155% | params={'learning_rate': 0.03816181477668296, 'decay_rate': 0.005961495336792681, 'hidden_size': 16, 'beta1': 0.9, 'beta2': 0.999, 'signal_len': 8, 'cheb_order': 2, 's': 1.9857533748572362, 'batch_size': 128, 'k': 6}
Trial 18 finished with value 0.070780018 | dataset=exchange | model=ufgtime_plus | val_MSE=0.018403509 | test_MSE=0.008208268 | MAE=0.070780018 | RMSE=0.090599492 | MAPE=20.063888988% | params={'learning_rate': 0.049883602410590214, 'decay_rate': 0.04810813119811558, 'hidden_size': 16, 'beta1': 0.9, 'beta2': 0.999, 'signal_len': 8, 'cheb_order': 2, 's': 1.1231814887616973, 'batch_size': 128, 'k': 5}
Trial 19 finished with value 0.041635073 | dataset=exchange | model=ufgtime_plus | val_MSE=0.002722928 | test_MSE=0.002873700 | MAE=0.041635073 | RMSE=0.053606901 | MAPE=13.882917336% | params={'learning_rate': 0.035938679328178104, 'decay_rate': 0.011758460493692637, 'hidden_size': 32, 'beta1': 0.9, 'beta2': 0.999, 'signal_len': 8, 'cheb_order': 2, 's': 3.3958180570801964, 'batch_size': 32, 'k': 4}
Trial 20 finished with value 0.028360255 | dataset=exchange | model=ufgtime_plus | val_MSE=0.002146489 | test_MSE=0.001764088 | MAE=0.028360255 | RMSE=0.042001050 | MAPE=8.666492482% | params={'learning_rate': 0.02257912237072279, 'decay_rate': 0.00025482712949218017, 'hidden_size': 16, 'beta1': 0.9, 'beta2': 0.999, 'signal_len': 8, 'cheb_order': 2, 's': 8.297605326087155, 'batch_size': 64, 'k': 6}
Trial 21 finished with value 0.027436177 | dataset=exchange | model=ufgtime_plus | val_MSE=0.002081444 | test_MSE=0.001712184 | MAE=0.027436177 | RMSE=0.041378550 | MAPE=8.341721209% | params={'learning_rate': 0.02260333474834329, 'decay_rate': 0.0001254315731108917, 'hidden_size': 16, 'beta1': 0.9, 'beta2': 0.999, 'signal_len': 8, 'cheb_order': 2, 's': 8.66522933725423, 'batch_size': 64, 'k': 6}
Trial 22 finished with value 0.032886806 | dataset=exchange | model=ufgtime_plus | val_MSE=0.002473618 | test_MSE=0.002120369 | MAE=0.032886806 | RMSE=0.046047467 | MAPE=10.499618093% | params={'learning_rate': 0.02232263911366685, 'decay_rate': 0.0046262390316754365, 'hidden_size': 16, 'beta1': 0.9, 'beta2': 0.999, 'signal_len': 8, 'cheb_order': 2, 's': 8.443154891497668, 'batch_size': 64, 'k': 6}
Trial 23 finished with value 0.034782163 | dataset=exchange | model=ufgtime_plus | val_MSE=0.003251954 | test_MSE=0.002294283 | MAE=0.034782163 | RMSE=0.047898679 | MAPE=11.442443605% | params={'learning_rate': 0.014515181228994083, 'decay_rate': 0.010332544929466395, 'hidden_size': 16, 'beta1': 0.9, 'beta2': 0.999, 'signal_len': 8, 'cheb_order': 2, 's': 8.228858507068532, 'batch_size': 64, 'k': 7}
Trial 24 finished with value 0.030647844 | dataset=exchange | model=ufgtime_plus | val_MSE=0.002349019 | test_MSE=0.001938928 | MAE=0.030647844 | RMSE=0.044033259 | MAPE=9.483311131% | params={'learning_rate': 0.018842206572647763, 'decay_rate': 0.0009768456542122875, 'hidden_size': 16, 'beta1': 0.9, 'beta2': 0.999, 'signal_len': 8, 'cheb_order': 2, 's': 9.761133420704994, 'batch_size': 64, 'k': 6}
Trial 25 finished with value 0.033246748 | dataset=exchange | model=ufgtime_plus | val_MSE=0.002454208 | test_MSE=0.002133124 | MAE=0.033246748 | RMSE=0.046185759 | MAPE=10.660556999% | params={'learning_rate': 0.009348352183521171, 'decay_rate': 0.004838395407220805, 'hidden_size': 16, 'beta1': 0.9, 'beta2': 0.999, 'signal_len': 8, 'cheb_order': 2, 's': 8.062532125164129, 'batch_size': 64, 'k': 6}
Trial 26 finished with value 0.027924669 | dataset=exchange | model=ufgtime_plus | val_MSE=0.002119460 | test_MSE=0.001727072 | MAE=0.027924669 | RMSE=0.041558061 | MAPE=8.502715025% | params={'learning_rate': 0.03027962045310954, 'decay_rate': 0.00014342389683009096, 'hidden_size': 16, 'beta1': 0.9, 'beta2': 0.999, 'signal_len': 8, 'cheb_order': 3, 's': 7.69211927788537, 'batch_size': 64, 'k': 5}
Trial 27 finished with value 0.035716203 | dataset=exchange | model=ufgtime_plus | val_MSE=0.003257147 | test_MSE=0.002378149 | MAE=0.035716203 | RMSE=0.048766272 | MAPE=12.009574767% | params={'learning_rate': 0.02928552687276282, 'decay_rate': 0.011698200723096257, 'hidden_size': 16, 'beta1': 0.9, 'beta2': 0.999, 'signal_len': 8, 'cheb_order': 3, 's': 7.460807133860377, 'batch_size': 64, 'k': 7}
Trial 28 finished with value 0.033563216 | dataset=exchange | model=ufgtime_plus | val_MSE=0.002463021 | test_MSE=0.002154161 | MAE=0.033563216 | RMSE=0.046412941 | MAPE=10.920166541% | params={'learning_rate': 0.024315858755128743, 'decay_rate': 0.005276476757035624, 'hidden_size': 32, 'beta1': 0.9, 'beta2': 0.999, 'signal_len': 8, 'cheb_order': 3, 's': 9.256950216215824, 'batch_size': 64, 'k': 6}
Trial 29 finished with value 0.052687316 | dataset=exchange | model=ufgtime_plus | val_MSE=0.009166834 | test_MSE=0.004652421 | MAE=0.052687316 | RMSE=0.068208659 | MAPE=16.651642289% | params={'learning_rate': 0.02731800841735507, 'decay_rate': 0.030099184858489166, 'hidden_size': 64, 'beta1': 0.9, 'beta2': 0.999, 'signal_len': 8, 'cheb_order': 3, 's': 8.884943729454221, 'batch_size': 64, 'k': 5}
Trial 30 finished with value 0.043224942 | dataset=exchange | model=ufgtime_plus | val_MSE=0.005133676 | test_MSE=0.003227598 | MAE=0.043224942 | RMSE=0.056811950 | MAPE=14.706117245% | params={'learning_rate': 0.019848187036940246, 'decay_rate': 0.022228921570308827, 'hidden_size': 16, 'beta1': 0.9, 'beta2': 0.999, 'signal_len': 8, 'cheb_order': 3, 's': 7.713581635258616, 'batch_size': 64, 'k': 7}
Trial 31 finished with value 0.028503216 | dataset=exchange | model=ufgtime_plus | val_MSE=0.002111508 | test_MSE=0.001785420 | MAE=0.028503216 | RMSE=0.042254231 | MAPE=8.661688077% | params={'learning_rate': 0.03214522022320854, 'decay_rate': 0.00014685707734559244, 'hidden_size': 16, 'beta1': 0.9, 'beta2': 0.999, 'signal_len': 8, 'cheb_order': 3, 's': 8.756228464171267, 'batch_size': 256, 'k': 5}
Trial 32 finished with value 0.031445365 | dataset=exchange | model=ufgtime_plus | val_MSE=0.002422145 | test_MSE=0.001998361 | MAE=0.031445365 | RMSE=0.044703029 | MAPE=10.018535165% | params={'learning_rate': 0.009116833187838395, 'decay_rate': 0.0037583086629829517, 'hidden_size': 16, 'beta1': 0.9, 'beta2': 0.999, 'signal_len': 8, 'cheb_order': 3, 's': 7.310157237604498, 'batch_size': 64, 'k': 6}
Trial 33 finished with value 0.034683235 | dataset=exchange | model=ufgtime_plus | val_MSE=0.002572996 | test_MSE=0.002263064 | MAE=0.034683235 | RMSE=0.047571671 | MAPE=11.517999190% | params={'learning_rate': 0.02668187497889845, 'decay_rate': 0.008037316863740788, 'hidden_size': 16, 'beta1': 0.9, 'beta2': 0.999, 'signal_len': 8, 'cheb_order': 2, 's': 5.8071150774627505, 'batch_size': 64, 'k': 4}
Trial 34 finished with value 0.031268474 | dataset=exchange | model=ufgtime_plus | val_MSE=0.002396075 | test_MSE=0.001989955 | MAE=0.031268474 | RMSE=0.044608915 | MAPE=9.778099070% | params={'learning_rate': 0.0037301850671084442, 'decay_rate': 0.002742697311236321, 'hidden_size': 16, 'beta1': 0.9, 'beta2': 0.999, 'signal_len': 8, 'cheb_order': 2, 's': 5.150899888849963, 'batch_size': 32, 'k': 5}
Trial 35 finished with value 0.039245214 | dataset=exchange | model=ufgtime_plus | val_MSE=0.004768413 | test_MSE=0.002799644 | MAE=0.039245214 | RMSE=0.052911661 | MAPE=12.576504763% | params={'learning_rate': 0.018958833199691754, 'decay_rate': 0.01472367855961659, 'hidden_size': 64, 'beta1': 0.9, 'beta2': 0.999, 'signal_len': 8, 'cheb_order': 3, 's': 9.90380344605061, 'batch_size': 256, 'k': 6}
Trial 36 finished with value 0.055892899 | dataset=exchange | model=ufgtime_plus | val_MSE=0.010371924 | test_MSE=0.005189319 | MAE=0.055892899 | RMSE=0.072036931 | MAPE=17.579216168% | params={'learning_rate': 0.022073893385031063, 'decay_rate': 0.039063224735965255, 'hidden_size': 16, 'beta1': 0.9, 'beta2': 0.999, 'signal_len': 8, 'cheb_order': 2, 's': 4.732575683973403, 'batch_size': 16, 'k': 5}
Trial 37 finished with value 0.038808397 | dataset=exchange | model=ufgtime_plus | val_MSE=0.002651612 | test_MSE=0.002609513 | MAE=0.038808397 | RMSE=0.051083397 | MAPE=12.401983072% | params={'learning_rate': 0.014381887221501232, 'decay_rate': 0.006815764311657254, 'hidden_size': 32, 'beta1': 0.9, 'beta2': 0.999, 'signal_len': 16, 'cheb_order': 3, 's': 7.915382012559292, 'batch_size': 64, 'k': 6}
Trial 38 finished with value 0.034175922 | dataset=exchange | model=ufgtime_plus | val_MSE=0.002517904 | test_MSE=0.002206177 | MAE=0.034175922 | RMSE=0.046969958 | MAPE=10.651701990% | params={'learning_rate': 0.03003439519643669, 'decay_rate': 0.0033518887013020133, 'hidden_size': 64, 'beta1': 0.9, 'beta2': 0.999, 'signal_len': 16, 'cheb_order': 2, 's': 9.108652512138194, 'batch_size': 16, 'k': 3}
Trial 39 finished with value 0.027982334 | dataset=exchange | model=ufgtime_plus | val_MSE=0.002127631 | test_MSE=0.001736865 | MAE=0.027982334 | RMSE=0.041675716 | MAPE=8.522972427% | params={'learning_rate': 0.017130001870785568, 'decay_rate': 0.00022706018501045524, 'hidden_size': 16, 'beta1': 0.9, 'beta2': 0.999, 'signal_len': 8, 'cheb_order': 3, 's': 7.2202639430876046, 'batch_size': 64, 'k': 4}
Trial 40 finished with value 0.043411884 | dataset=exchange | model=ufgtime_plus | val_MSE=0.006258951 | test_MSE=0.003319661 | MAE=0.043411884 | RMSE=0.057616499 | MAPE=13.313448213% | params={'learning_rate': 0.024822607640573847, 'decay_rate': 0.017265275355162316, 'hidden_size': 16, 'beta1': 0.9, 'beta2': 0.999, 'signal_len': 16, 'cheb_order': 3, 's': 7.080866894504902, 'batch_size': 64, 'k': 4}
Trial 41 finished with value 0.027585129 | dataset=exchange | model=ufgtime_plus | val_MSE=0.002078642 | test_MSE=0.001716502 | MAE=0.027585129 | RMSE=0.041430693 | MAPE=8.391788334% | params={'learning_rate': 0.017558258240454726, 'decay_rate': 0.00012440380822729727, 'hidden_size': 16, 'beta1': 0.9, 'beta2': 0.999, 'signal_len': 8, 'cheb_order': 3, 's': 6.019504543007634, 'batch_size': 64, 'k': 3}
Trial 42 finished with value 0.032552079 | dataset=exchange | model=ufgtime_plus | val_MSE=0.002427579 | test_MSE=0.002088416 | MAE=0.032552079 | RMSE=0.045699188 | MAPE=10.137144318% | params={'learning_rate': 0.01750697214775572, 'decay_rate': 0.0028087193734208887, 'hidden_size': 16, 'beta1': 0.9, 'beta2': 0.999, 'signal_len': 8, 'cheb_order': 3, 's': 6.169694879648253, 'batch_size': 64, 'k': 3}
Trial 43 finished with value 0.032781728 | dataset=exchange | model=ufgtime_plus | val_MSE=0.002410502 | test_MSE=0.002088943 | MAE=0.032781728 | RMSE=0.045704958 | MAPE=10.567309994% | params={'learning_rate': 0.01203274314671844, 'decay_rate': 0.003295845303327488, 'hidden_size': 16, 'beta1': 0.9, 'beta2': 0.999, 'signal_len': 8, 'cheb_order': 3, 's': 8.60437812327229, 'batch_size': 64, 'k': 3}
Trial 44 finished with value 0.026706664 | dataset=exchange | model=ufgtime_plus | val_MSE=0.002053546 | test_MSE=0.001682804 | MAE=0.026706664 | RMSE=0.041021997 | MAPE=8.005777853% | params={'learning_rate': 0.005825394041013026, 'decay_rate': 4.850817660795598e-05, 'hidden_size': 16, 'beta1': 0.9, 'beta2': 0.999, 'signal_len': 8, 'cheb_order': 3, 's': 6.855450616450828, 'batch_size': 64, 'k': 2}
Trial 45 finished with value 0.049403820 | dataset=exchange | model=ufgtime_plus | val_MSE=0.014751043 | test_MSE=0.004147541 | MAE=0.049403820 | RMSE=0.064401407 | MAPE=14.590532914% | params={'learning_rate': 0.0033367212529237964, 'decay_rate': 0.010084841805776812, 'hidden_size': 64, 'beta1': 0.9, 'beta2': 0.999, 'signal_len': 8, 'cheb_order': 3, 's': 6.578391105399982, 'batch_size': 64, 'k': 2}
Trial 46 finished with value 0.032202114 | dataset=exchange | model=ufgtime_plus | val_MSE=0.002794233 | test_MSE=0.002082541 | MAE=0.032202114 | RMSE=0.045634865 | MAPE=10.188581133% | params={'learning_rate': 0.006863588441853939, 'decay_rate': 0.007175073312895842, 'hidden_size': 32, 'beta1': 0.9, 'beta2': 0.999, 'signal_len': 8, 'cheb_order': 3, 's': 6.258061502608323, 'batch_size': 64, 'k': 2}
Trial 47 finished with value 0.054994718 | dataset=exchange | model=ufgtime_plus | val_MSE=0.010042740 | test_MSE=0.005029680 | MAE=0.054994718 | RMSE=0.070920234 | MAPE=17.270416667% | params={'learning_rate': 0.011473556642113147, 'decay_rate': 0.032815286995608206, 'hidden_size': 16, 'beta1': 0.9, 'beta2': 0.999, 'signal_len': 16, 'cheb_order': 3, 's': 6.938265206153048, 'batch_size': 32, 'k': 3}
Trial 48 finished with value 0.031132313 | dataset=exchange | model=ufgtime_plus | val_MSE=0.002362989 | test_MSE=0.001979341 | MAE=0.031132313 | RMSE=0.044489780 | MAPE=9.718774135% | params={'learning_rate': 0.006199296367217815, 'decay_rate': 0.002204185525627567, 'hidden_size': 16, 'beta1': 0.9, 'beta2': 0.999, 'signal_len': 8, 'cheb_order': 3, 's': 5.771279473073487, 'batch_size': 64, 'k': 2}
Trial 49 finished with value 0.027260381 | dataset=exchange | model=ufgtime_plus | val_MSE=0.002063824 | test_MSE=0.001706896 | MAE=0.027260381 | RMSE=0.041314594 | MAPE=8.262672177% | params={'learning_rate': 0.015327486728401025, 'decay_rate': 9.759959140626977e-05, 'hidden_size': 16, 'beta1': 0.9, 'beta2': 0.999, 'signal_len': 8, 'cheb_order': 3, 's': 7.47329631065851, 'batch_size': 16, 'k': 3}
Trial 50 finished with value 0.050869434 | dataset=exchange | model=ufgtime_plus | val_MSE=0.032234145 | test_MSE=0.004631827 | MAE=0.050869434 | RMSE=0.068057524 | MAPE=14.575030976% | params={'learning_rate': 0.0008975182794751929, 'decay_rate': 0.012833903164288818, 'hidden_size': 16, 'beta1': 0.9, 'beta2': 0.999, 'signal_len': 8, 'cheb_order': 3, 's': 7.531735517275402, 'batch_size': 16, 'k': 3}
Trial 51 finished with value 0.027139756 | dataset=exchange | model=ufgtime_plus | val_MSE=0.002057282 | test_MSE=0.001704892 | MAE=0.027139756 | RMSE=0.041290341 | MAPE=8.218277390% | params={'learning_rate': 0.0158169780592405, 'decay_rate': 7.505972345608859e-05, 'hidden_size': 16, 'beta1': 0.9, 'beta2': 0.999, 'signal_len': 8, 'cheb_order': 3, 's': 7.218685414866574, 'batch_size': 16, 'k': 4}
Trial 52 finished with value 0.035193658 | dataset=exchange | model=ufgtime_plus | val_MSE=0.002552696 | test_MSE=0.002317767 | MAE=0.035193658 | RMSE=0.048143193 | MAPE=11.278479832% | params={'learning_rate': 0.020608306716670848, 'decay_rate': 0.0053001907269974195, 'hidden_size': 16, 'beta1': 0.9, 'beta2': 0.999, 'signal_len': 8, 'cheb_order': 3, 's': 6.73063154141098, 'batch_size': 16, 'k': 3}
Trial 53 finished with value 0.030164303 | dataset=exchange | model=ufgtime_plus | val_MSE=0.002385962 | test_MSE=0.001911560 | MAE=0.030164303 | RMSE=0.043721391 | MAPE=9.168882883% | params={'learning_rate': 0.013823816487436554, 'decay_rate': 0.0024906161867920803, 'hidden_size': 16, 'beta1': 0.9, 'beta2': 0.999, 'signal_len': 8, 'cheb_order': 3, 's': 7.757376802519758, 'batch_size': 16, 'k': 2}
