Trial 377 finished with value 0.038666122 | dataset=exchange | model=ufgtime_plus | val_MSE=0.008368819 | test_MSE=0.002857831 | MAE=0.038666122 | RMSE=0.053458688 | MAPE=12.454732831% | params={'learning_rate': 0.0013419276642246511, 'decay_rate': 0.0029130469340303737, 'hidden_size': 32, 'beta1': 0.9, 'beta2': 0.999, 'signal_len': 16, 'cheb_order': 2, 's': 5.606005009878723, 'batch_size': 128, 'k': 5}
Trial 378 finished with value 0.026734922 | dataset=exchange | model=ufgtime_plus | val_MSE=0.002044855 | test_MSE=0.001697459 | MAE=0.026734922 | RMSE=0.041200230 | MAPE=8.006381922% | params={'learning_rate': 0.034502875942529265, 'decay_rate': 3.290473653885101e-05, 'hidden_size': 32, 'beta1': 0.9, 'beta2': 0.999, 'signal_len': 16, 'cheb_order': 3, 's': 4.597807546582367, 'batch_size': 32, 'k': 2}
Trial 379 finished with value 0.030639813 | dataset=exchange | model=ufgtime_plus | val_MSE=0.002335433 | test_MSE=0.001938078 | MAE=0.030639813 | RMSE=0.044023609 | MAPE=9.557946011% | params={'learning_rate': 0.0026312584504415365, 'decay_rate': 0.0016003943098271175, 'hidden_size': 32, 'beta1': 0.9, 'beta2': 0.999, 'signal_len': 16, 'cheb_order': 3, 's': 4.7084031877228805, 'batch_size': 32, 'k': 2}
Trial 380 finished with value 0.030517464 | dataset=exchange | model=ufgtime_plus | val_MSE=0.002331629 | test_MSE=0.001922665 | MAE=0.030517464 | RMSE=0.043848207 | MAPE=9.417058893% | params={'learning_rate': 0.004194499824618249, 'decay_rate': 0.0010466921619303941, 'hidden_size': 32, 'beta1': 0.9, 'beta2': 0.999, 'signal_len': 16, 'cheb_order': 3, 's': 4.52249013168155, 'batch_size': 32, 'k': 2}
Trial 381 finished with value 0.029793681 | dataset=exchange | model=ufgtime_plus | val_MSE=0.002295366 | test_MSE=0.001876366 | MAE=0.029793681 | RMSE=0.043317039 | MAPE=9.181034792% | params={'learning_rate': 0.03638216555477869, 'decay_rate': 0.0008720725072316568, 'hidden_size': 32, 'beta1': 0.9, 'beta2': 0.999, 'signal_len': 16, 'cheb_order': 3, 's': 4.769978698775229, 'batch_size': 32, 'k': 2}
Trial 382 finished with value 0.030432185 | dataset=exchange | model=ufgtime_plus | val_MSE=0.002430800 | test_MSE=0.001926620 | MAE=0.030432185 | RMSE=0.043893276 | MAPE=9.521281032% | params={'learning_rate': 0.036137632900350866, 'decay_rate': 0.0024978294562992102, 'hidden_size': 32, 'beta1': 0.9, 'beta2': 0.999, 'signal_len': 16, 'cheb_order': 3, 's': 4.42365696300904, 'batch_size': 32, 'k': 2}
Trial 383 finished with value 0.029672691 | dataset=exchange | model=ufgtime_plus | val_MSE=0.002284793 | test_MSE=0.001870862 | MAE=0.029672691 | RMSE=0.043253463 | MAPE=9.045483405% | params={'learning_rate': 0.03694202560440081, 'decay_rate': 0.0008359634324660165, 'hidden_size': 32, 'beta1': 0.9, 'beta2': 0.999, 'signal_len': 16, 'cheb_order': 2, 's': 2.1419692243914725, 'batch_size': 32, 'k': 2}
Trial 384 finished with value 0.027214386 | dataset=exchange | model=ufgtime_plus | val_MSE=0.002052010 | test_MSE=0.001709624 | MAE=0.027214386 | RMSE=0.041347599 | MAPE=8.269397640% | params={'learning_rate': 0.03814947572074659, 'decay_rate': 5.180003038653561e-05, 'hidden_size': 32, 'beta1': 0.9, 'beta2': 0.999, 'signal_len': 16, 'cheb_order': 3, 's': 5.023259141803616, 'batch_size': 32, 'k': 6}
Trial 385 finished with value 0.030140479 | dataset=exchange | model=ufgtime_plus | val_MSE=0.002392026 | test_MSE=0.001904541 | MAE=0.030140479 | RMSE=0.043641051 | MAPE=9.355544202% | params={'learning_rate': 0.03557965740622766, 'decay_rate': 0.0018318576820034666, 'hidden_size': 32, 'beta1': 0.9, 'beta2': 0.999, 'signal_len': 16, 'cheb_order': 3, 's': 4.883262743698782, 'batch_size': 32, 'k': 2}
Trial 386 finished with value 0.026798788 | dataset=exchange | model=ufgtime_plus | val_MSE=0.002045812 | test_MSE=0.001707025 | MAE=0.026798788 | RMSE=0.041316162 | MAPE=8.104328808% | params={'learning_rate': 0.034321342059037065, 'decay_rate': 1.9217033029362834e-05, 'hidden_size': 32, 'beta1': 0.9, 'beta2': 0.999, 'signal_len': 16, 'cheb_order': 3, 's': 4.59960158457697, 'batch_size': 128, 'k': 2}
Trial 387 finished with value 0.031350376 | dataset=exchange | model=ufgtime_plus | val_MSE=0.002421337 | test_MSE=0.001989929 | MAE=0.031350376 | RMSE=0.044608619 | MAPE=10.016566702% | params={'learning_rate': 0.035217071947155974, 'decay_rate': 0.0031349691960364232, 'hidden_size': 32, 'beta1': 0.9, 'beta2': 0.999, 'signal_len': 16, 'cheb_order': 3, 's': 6.684243595601534, 'batch_size': 32, 'k': 5}
Trial 388 finished with value 0.031032966 | dataset=exchange | model=ufgtime_plus | val_MSE=0.002357190 | test_MSE=0.001964854 | MAE=0.031032966 | RMSE=0.044326670 | MAPE=9.575004780% | params={'learning_rate': 0.013823384034486344, 'decay_rate': 0.0015040139079776878, 'hidden_size': 32, 'beta1': 0.9, 'beta2': 0.999, 'signal_len': 16, 'cheb_order': 3, 's': 4.218327585687412, 'batch_size': 128, 'k': 6}
Trial 389 finished with value 0.027398732 | dataset=exchange | model=ufgtime_plus | val_MSE=0.002065167 | test_MSE=0.001736583 | MAE=0.027398732 | RMSE=0.041672330 | MAPE=8.528656044% | params={'learning_rate': 0.025399140630193856, 'decay_rate': 2.1777172491033892e-05, 'hidden_size': 32, 'beta1': 0.9, 'beta2': 0.999, 'signal_len': 16, 'cheb_order': 2, 's': 5.234824590853749, 'batch_size': 32, 'k': 5}
Trial 390 finished with value 0.028817392 | dataset=exchange | model=ufgtime_plus | val_MSE=0.006334947 | test_MSE=0.001804789 | MAE=0.028817392 | RMSE=0.042482804 | MAPE=8.578820983% | params={'learning_rate': 0.0007224553339899732, 'decay_rate': 0.0010006296228348478, 'hidden_size': 64, 'beta1': 0.9, 'beta2': 0.999, 'signal_len': 16, 'cheb_order': 3, 's': 6.716738285632407, 'batch_size': 128, 'k': 6}
Trial 391 finished with value 0.031778790 | dataset=exchange | model=ufgtime_plus | val_MSE=0.002374130 | test_MSE=0.002018099 | MAE=0.031778790 | RMSE=0.044923255 | MAPE=9.910257764% | params={'learning_rate': 0.03342762426150521, 'decay_rate': 0.002157100384172022, 'hidden_size': 32, 'beta1': 0.9, 'beta2': 0.999, 'signal_len': 16, 'cheb_order': 3, 's': 7.19011228105635, 'batch_size': 256, 'k': 2}
Trial 392 finished with value 0.056913619 | dataset=exchange | model=ufgtime_plus | val_MSE=0.055602515 | test_MSE=0.006172448 | MAE=0.056913619 | RMSE=0.078564926 | MAPE=18.070247977% | params={'learning_rate': 0.003277496388021534, 'decay_rate': 0.044961875558420364, 'hidden_size': 32, 'beta1': 0.9, 'beta2': 0.999, 'signal_len': 16, 'cheb_order': 3, 's': 6.519825587477628, 'batch_size': 32, 'k': 6}
Trial 393 finished with value 0.029964890 | dataset=exchange | model=ufgtime_plus | val_MSE=0.002290571 | test_MSE=0.001881390 | MAE=0.029964890 | RMSE=0.043374995 | MAPE=9.236765611% | params={'learning_rate': 0.0373501947192206, 'decay_rate': 0.00082538465366978, 'hidden_size': 32, 'beta1': 0.9, 'beta2': 0.999, 'signal_len': 16, 'cheb_order': 3, 's': 6.88752450142377, 'batch_size': 128, 'k': 5}
Trial 394 finished with value 0.031416237 | dataset=exchange | model=ufgtime_plus | val_MSE=0.002532164 | test_MSE=0.001991510 | MAE=0.031416237 | RMSE=0.044626338 | MAPE=10.042853329% | params={'learning_rate': 0.005839109333932231, 'decay_rate': 0.005368005372003361, 'hidden_size': 32, 'beta1': 0.9, 'beta2': 0.999, 'signal_len': 16, 'cheb_order': 2, 's': 4.853631191941157, 'batch_size': 32, 'k': 6}
Trial 395 finished with value 0.031087912 | dataset=exchange | model=ufgtime_plus | val_MSE=0.002511873 | test_MSE=0.001974183 | MAE=0.031087912 | RMSE=0.044431778 | MAPE=9.735496882% | params={'learning_rate': 0.00865622460783157, 'decay_rate': 0.0035267915167229197, 'hidden_size': 32, 'beta1': 0.9, 'beta2': 0.999, 'signal_len': 16, 'cheb_order': 3, 's': 6.690578619178316, 'batch_size': 16, 'k': 5}
Trial 396 finished with value 0.030317703 | dataset=exchange | model=ufgtime_plus | val_MSE=0.002354223 | test_MSE=0.001914411 | MAE=0.030317703 | RMSE=0.043753983 | MAPE=9.425935764% | params={'learning_rate': 0.0078369548963893, 'decay_rate': 0.001739483044836115, 'hidden_size': 32, 'beta1': 0.9, 'beta2': 0.999, 'signal_len': 16, 'cheb_order': 3, 's': 6.9911067680595975, 'batch_size': 32, 'k': 6}
Trial 397 finished with value 0.030671147 | dataset=exchange | model=ufgtime_plus | val_MSE=0.002317758 | test_MSE=0.001936405 | MAE=0.030671147 | RMSE=0.044004598 | MAPE=9.444242499% | params={'learning_rate': 0.03832166363987674, 'decay_rate': 0.00100179208827711, 'hidden_size': 32, 'beta1': 0.9, 'beta2': 0.999, 'signal_len': 16, 'cheb_order': 3, 's': 7.267623863442752, 'batch_size': 16, 'k': 6}
Trial 398 finished with value 0.026626437 | dataset=exchange | model=ufgtime_plus | val_MSE=0.002072796 | test_MSE=0.001679581 | MAE=0.026626437 | RMSE=0.040982690 | MAPE=8.068731832% | params={'learning_rate': 0.005065167965103106, 'decay_rate': 2.9858658165324146e-05, 'hidden_size': 32, 'beta1': 0.9, 'beta2': 0.999, 'signal_len': 16, 'cheb_order': 3, 's': 4.041746808054671, 'batch_size': 128, 'k': 2}
Trial 399 finished with value 0.030854305 | dataset=exchange | model=ufgtime_plus | val_MSE=0.002413856 | test_MSE=0.001950920 | MAE=0.030854305 | RMSE=0.044169225 | MAPE=9.712639909% | params={'learning_rate': 0.006274692666417327, 'decay_rate': 0.0025300125370551806, 'hidden_size': 32, 'beta1': 0.9, 'beta2': 0.999, 'signal_len': 16, 'cheb_order': 2, 's': 3.871732553753536, 'batch_size': 128, 'k': 2}
Trial 400 finished with value 0.034869408 | dataset=exchange | model=ufgtime_plus | val_MSE=0.003635856 | test_MSE=0.002332359 | MAE=0.034869408 | RMSE=0.048294502 | MAPE=11.188232691% | params={'learning_rate': 0.005235604313023289, 'decay_rate': 0.009832609849522677, 'hidden_size': 32, 'beta1': 0.9, 'beta2': 0.999, 'signal_len': 16, 'cheb_order': 3, 's': 4.389552089728349, 'batch_size': 128, 'k': 6}
Trial 401 finished with value 0.030011401 | dataset=exchange | model=ufgtime_plus | val_MSE=0.002350514 | test_MSE=0.001890993 | MAE=0.030011401 | RMSE=0.043485546 | MAPE=9.251322853% | params={'learning_rate': 0.004703520906329131, 'decay_rate': 0.0008108176621479358, 'hidden_size': 32, 'beta1': 0.9, 'beta2': 0.999, 'signal_len': 16, 'cheb_order': 3, 's': 4.139097137957451, 'batch_size': 128, 'k': 2}
Trial 402 finished with value 0.030875623 | dataset=exchange | model=ufgtime_plus | val_MSE=0.002371306 | test_MSE=0.001949573 | MAE=0.030875623 | RMSE=0.044153966 | MAPE=9.632475124% | params={'learning_rate': 0.0066995059709332345, 'decay_rate': 0.0017672046153832028, 'hidden_size': 32, 'beta1': 0.9, 'beta2': 0.999, 'signal_len': 16, 'cheb_order': 3, 's': 3.6421137205982808, 'batch_size': 128, 'k': 2}
Trial 403 finished with value 0.030337364 | dataset=exchange | model=ufgtime_plus | val_MSE=0.002305203 | test_MSE=0.001918679 | MAE=0.030337364 | RMSE=0.043802728 | MAPE=9.309939497% | params={'learning_rate': 0.007447841823103025, 'decay_rate': 0.0009109755712533313, 'hidden_size': 32, 'beta1': 0.9, 'beta2': 0.999, 'signal_len': 16, 'cheb_order': 3, 's': 4.6727319402940095, 'batch_size': 128, 'k': 2}
Trial 404 finished with value 0.026939974 | dataset=exchange | model=ufgtime_plus | val_MSE=0.002058588 | test_MSE=0.001690150 | MAE=0.026939974 | RMSE=0.041111439 | MAPE=8.161349292% | params={'learning_rate': 0.047486827332440223, 'decay_rate': 7.31851512597121e-05, 'hidden_size': 32, 'beta1': 0.9, 'beta2': 0.999, 'signal_len': 16, 'cheb_order': 2, 's': 4.0433289332222255, 'batch_size': 128, 'k': 2}
Trial 405 finished with value 0.030643587 | dataset=exchange | model=ufgtime_plus | val_MSE=0.002341099 | test_MSE=0.001940670 | MAE=0.030643587 | RMSE=0.044053041 | MAPE=9.504091531% | params={'learning_rate': 0.005632920348405193, 'decay_rate': 0.0016554964939384078, 'hidden_size': 32, 'beta1': 0.9, 'beta2': 0.999, 'signal_len': 16, 'cheb_order': 3, 's': 4.360414847595401, 'batch_size': 128, 'k': 2}
Trial 406 finished with value 0.031197655 | dataset=exchange | model=ufgtime_plus | val_MSE=0.002365146 | test_MSE=0.001982867 | MAE=0.031197655 | RMSE=0.044529394 | MAPE=9.785737999% | params={'learning_rate': 0.014601037114354969, 'decay_rate': 0.0025377285302674514, 'hidden_size': 32, 'beta1': 0.9, 'beta2': 0.999, 'signal_len': 16, 'cheb_order': 3, 's': 1.1618999984949792, 'batch_size': 128, 'k': 2}
Trial 407 finished with value 0.026721188 | dataset=exchange | model=ufgtime_plus | val_MSE=0.002062792 | test_MSE=0.001689245 | MAE=0.026721188 | RMSE=0.041100422 | MAPE=8.094989261% | params={'learning_rate': 0.004573836982242071, 'decay_rate': 3.21210218969241e-05, 'hidden_size': 64, 'beta1': 0.9, 'beta2': 0.999, 'signal_len': 16, 'cheb_order': 3, 's': 5.374467005933969, 'batch_size': 32, 'k': 2}
Trial 408 finished with value 0.029585304 | dataset=exchange | model=ufgtime_plus | val_MSE=0.002316053 | test_MSE=0.001856284 | MAE=0.029585304 | RMSE=0.043084612 | MAPE=9.112037591% | params={'learning_rate': 0.008800271738868912, 'decay_rate': 0.0009321017783439178, 'hidden_size': 16, 'beta1': 0.9, 'beta2': 0.999, 'signal_len': 16, 'cheb_order': 3, 's': 5.536364995620273, 'batch_size': 32, 'k': 2}
Trial 409 finished with value 0.030440935 | dataset=exchange | model=ufgtime_plus | val_MSE=0.002346236 | test_MSE=0.001922082 | MAE=0.030440935 | RMSE=0.043841561 | MAPE=9.487049311% | params={'learning_rate': 0.0130911525507899, 'decay_rate': 0.0015480992071264764, 'hidden_size': 64, 'beta1': 0.9, 'beta2': 0.999, 'signal_len': 16, 'cheb_order': 3, 's': 5.068775819271833, 'batch_size': 32, 'k': 2}
Trial 410 finished with value 0.029808205 | dataset=exchange | model=ufgtime_plus | val_MSE=0.002300604 | test_MSE=0.001877209 | MAE=0.029808205 | RMSE=0.043326773 | MAPE=9.140737541% | params={'learning_rate': 0.0024047721734864512, 'decay_rate': 0.000982003506056847, 'hidden_size': 64, 'beta1': 0.9, 'beta2': 0.999, 'signal_len': 16, 'cheb_order': 2, 's': 4.5361644058102035, 'batch_size': 32, 'k': 2}
Trial 411 finished with value 0.026839487 | dataset=exchange | model=ufgtime_plus | val_MSE=0.002045630 | test_MSE=0.001704044 | MAE=0.026839487 | RMSE=0.041280067 | MAPE=8.130836401% | params={'learning_rate': 0.00704063296447798, 'decay_rate': 2.0883742748385897e-05, 'hidden_size': 64, 'beta1': 0.9, 'beta2': 0.999, 'signal_len': 16, 'cheb_order': 3, 's': 5.5937400484675965, 'batch_size': 32, 'k': 2}
Trial 412 finished with value 0.033313282 | dataset=exchange | model=ufgtime_plus | val_MSE=0.002424657 | test_MSE=0.002137911 | MAE=0.033313282 | RMSE=0.046237555 | MAPE=10.408631277% | params={'learning_rate': 0.005583318204741565, 'decay_rate': 0.0029368348883220177, 'hidden_size': 64, 'beta1': 0.9, 'beta2': 0.999, 'signal_len': 16, 'cheb_order': 3, 's': 4.025839623882106, 'batch_size': 32, 'k': 2}
Trial 413 finished with value 0.031902999 | dataset=exchange | model=ufgtime_plus | val_MSE=0.002425746 | test_MSE=0.002030203 | MAE=0.031902999 | RMSE=0.045057777 | MAPE=10.032267236% | params={'learning_rate': 0.02779438092256291, 'decay_rate': 0.004171779016373185, 'hidden_size': 64, 'beta1': 0.9, 'beta2': 0.999, 'signal_len': 16, 'cheb_order': 3, 's': 5.400677735938807, 'batch_size': 32, 'k': 2}
Trial 414 finished with value 0.031970509 | dataset=exchange | model=ufgtime_plus | val_MSE=0.002378133 | test_MSE=0.002027311 | MAE=0.031970509 | RMSE=0.045025672 | MAPE=9.988711613% | params={'learning_rate': 0.01639512650146336, 'decay_rate': 0.001827182615446596, 'hidden_size': 64, 'beta1': 0.9, 'beta2': 0.999, 'signal_len': 16, 'cheb_order': 3, 's': 5.3671515923092254, 'batch_size': 32, 'k': 2}
Trial 415 finished with value 0.030556678 | dataset=exchange | model=ufgtime_plus | val_MSE=0.002301213 | test_MSE=0.001932542 | MAE=0.030556678 | RMSE=0.043960689 | MAPE=9.445983830% | params={'learning_rate': 0.004488948551352875, 'decay_rate': 0.0008548630398625659, 'hidden_size': 64, 'beta1': 0.9, 'beta2': 0.999, 'signal_len': 16, 'cheb_order': 2, 's': 5.241427940116105, 'batch_size': 64, 'k': 6}
Trial 416 finished with value 0.026941726 | dataset=exchange | model=ufgtime_plus | val_MSE=0.002051230 | test_MSE=0.001706173 | MAE=0.026941726 | RMSE=0.041305852 | MAPE=8.160525745% | params={'learning_rate': 0.006449860242808135, 'decay_rate': 2.104461676787362e-05, 'hidden_size': 64, 'beta1': 0.9, 'beta2': 0.999, 'signal_len': 16, 'cheb_order': 3, 's': 4.908722136682479, 'batch_size': 32, 'k': 6}
Trial 417 finished with value 0.029215479 | dataset=exchange | model=ufgtime_plus | val_MSE=0.002056088 | test_MSE=0.001848758 | MAE=0.029215479 | RMSE=0.042997190 | MAPE=8.889062442% | params={'learning_rate': 0.0034832176915167695, 'decay_rate': 1.1314239538553395e-05, 'hidden_size': 64, 'beta1': 0.9, 'beta2': 0.999, 'signal_len': 16, 'cheb_order': 3, 's': 3.100045098777659, 'batch_size': 128, 'k': 6}
Trial 418 finished with value 0.033064547 | dataset=exchange | model=ufgtime_plus | val_MSE=0.002431613 | test_MSE=0.002119447 | MAE=0.033064547 | RMSE=0.046037457 | MAPE=10.180931989% | params={'learning_rate': 0.007639071971137284, 'decay_rate': 0.0022302945972045513, 'hidden_size': 16, 'beta1': 0.9, 'beta2': 0.999, 'signal_len': 16, 'cheb_order': 3, 's': 6.531918402880005, 'batch_size': 32, 'k': 2}
Trial 419 finished with value 0.026692507 | dataset=exchange | model=ufgtime_plus | val_MSE=0.002049741 | test_MSE=0.001694798 | MAE=0.026692507 | RMSE=0.041167928 | MAPE=7.983618433% | params={'learning_rate': 0.01356861692062611, 'decay_rate': 1.0617427294624502e-05, 'hidden_size': 16, 'beta1': 0.9, 'beta2': 0.999, 'signal_len': 16, 'cheb_order': 3, 's': 2.6332622219676254, 'batch_size': 128, 'k': 6}
Trial 420 finished with value 0.030300480 | dataset=exchange | model=ufgtime_plus | val_MSE=0.002391922 | test_MSE=0.001912941 | MAE=0.030300480 | RMSE=0.043737185 | MAPE=9.399883691% | params={'learning_rate': 0.005222330505380585, 'decay_rate': 0.0015495665689872619, 'hidden_size': 16, 'beta1': 0.9, 'beta2': 0.999, 'signal_len': 16, 'cheb_order': 3, 's': 2.4436407324317733, 'batch_size': 128, 'k': 6}
Trial 421 finished with value 0.029946368 | dataset=exchange | model=ufgtime_plus | val_MSE=0.002303075 | test_MSE=0.001882216 | MAE=0.029946368 | RMSE=0.043384517 | MAPE=9.233240316% | params={'learning_rate': 0.015198228656012298, 'decay_rate': 0.0009615033879182349, 'hidden_size': 16, 'beta1': 0.9, 'beta2': 0.999, 'signal_len': 16, 'cheb_order': 2, 's': 2.8022766857930432, 'batch_size': 128, 'k': 6}
Trial 422 finished with value 0.036210178 | dataset=exchange | model=ufgtime_plus | val_MSE=0.006920717 | test_MSE=0.002525671 | MAE=0.036210178 | RMSE=0.050256057 | MAPE=11.552477176% | params={'learning_rate': 0.0017204629016601553, 'decay_rate': 0.0034225932414433426, 'hidden_size': 32, 'beta1': 0.9, 'beta2': 0.999, 'signal_len': 16, 'cheb_order': 3, 's': 2.580960173967673, 'batch_size': 128, 'k': 6}
Trial 423 finished with value 0.026613995 | dataset=exchange | model=ufgtime_plus | val_MSE=0.002050478 | test_MSE=0.001686437 | MAE=0.026613995 | RMSE=0.041066246 | MAPE=8.070556894% | params={'learning_rate': 0.0063112821670011955, 'decay_rate': 2.6875942761668126e-05, 'hidden_size': 16, 'beta1': 0.9, 'beta2': 0.999, 'signal_len': 16, 'cheb_order': 3, 's': 2.433971719623453, 'batch_size': 128, 'k': 2}
Trial 424 finished with value 0.030520790 | dataset=exchange | model=ufgtime_plus | val_MSE=0.002323267 | test_MSE=0.001925782 | MAE=0.030520790 | RMSE=0.043883728 | MAPE=9.382332627% | params={'learning_rate': 0.005920775214987524, 'decay_rate': 0.0009618796822204152, 'hidden_size': 16, 'beta1': 0.9, 'beta2': 0.999, 'signal_len': 16, 'cheb_order': 3, 's': 2.042887139166629, 'batch_size': 128, 'k': 2}
Trial 425 finished with value 0.030917491 | dataset=exchange | model=ufgtime_plus | val_MSE=0.002387624 | test_MSE=0.001953220 | MAE=0.030917491 | RMSE=0.044195252 | MAPE=9.693123909% | params={'learning_rate': 0.006992645465478984, 'decay_rate': 0.002185260837906078, 'hidden_size': 32, 'beta1': 0.9, 'beta2': 0.999, 'signal_len': 16, 'cheb_order': 3, 's': 2.4855285727167424, 'batch_size': 128, 'k': 2}
Trial 426 finished with value 0.030634446 | dataset=exchange | model=ufgtime_plus | val_MSE=0.002323489 | test_MSE=0.001943054 | MAE=0.030634446 | RMSE=0.044080090 | MAPE=9.471602898% | params={'learning_rate': 0.008000048223780032, 'decay_rate': 0.0010348037622553638, 'hidden_size': 16, 'beta1': 0.9, 'beta2': 0.999, 'signal_len': 16, 'cheb_order': 2, 's': 2.940651261894131, 'batch_size': 128, 'k': 2}
Trial 427 finished with value 0.031249538 | dataset=exchange | model=ufgtime_plus | val_MSE=0.002357147 | test_MSE=0.001991813 | MAE=0.031249538 | RMSE=0.044629731 | MAPE=9.720832408% | params={'learning_rate': 0.041702643215874455, 'decay_rate': 0.0016683780535579804, 'hidden_size': 32, 'beta1': 0.9, 'beta2': 0.999, 'signal_len': 16, 'cheb_order': 3, 's': 2.283182054956278, 'batch_size': 128, 'k': 2}
Trial 428 finished with value 0.029695122 | dataset=exchange | model=ufgtime_plus | val_MSE=0.002298598 | test_MSE=0.001869060 | MAE=0.029695122 | RMSE=0.043232626 | MAPE=9.105414187% | params={'learning_rate': 0.0047728318219343886, 'decay_rate': 0.0008157262519029507, 'hidden_size': 16, 'beta1': 0.9, 'beta2': 0.999, 'signal_len': 16, 'cheb_order': 3, 's': 2.6223172170080824, 'batch_size': 128, 'k': 2}
Trial 429 finished with value 0.027090520 | dataset=exchange | model=ufgtime_plus | val_MSE=0.002050971 | test_MSE=0.001702205 | MAE=0.027090520 | RMSE=0.041257791 | MAPE=8.219812499% | params={'learning_rate': 0.006716573980833973, 'decay_rate': 5.4787729683116795e-05, 'hidden_size': 16, 'beta1': 0.9, 'beta2': 0.999, 'signal_len': 16, 'cheb_order': 3, 's': 1.7991843709759419, 'batch_size': 128, 'k': 2}
Trial 430 finished with value 0.032397149 | dataset=exchange | model=ufgtime_plus | val_MSE=0.002401553 | test_MSE=0.002062541 | MAE=0.032397149 | RMSE=0.045415207 | MAPE=10.107771560% | params={'learning_rate': 0.029837039497465818, 'decay_rate': 0.002662494099420938, 'hidden_size': 32, 'beta1': 0.9, 'beta2': 0.999, 'signal_len': 16, 'cheb_order': 3, 's': 2.236231295267989, 'batch_size': 128, 'k': 2}
