Trial 54 finished with value 0.149378006 | dataset=fred_md | model=ufgtime_plus | val_MSE=0.518070773 | test_MSE=0.415291329 | MAE=0.149378006 | RMSE=0.644431012 | MAPE=25.746267846% | params={'learning_rate': 0.032374791643376415, 'decay_rate': 5.396915317910269e-05, 'hidden_size': 64, 'beta1': 0.95, 'beta2': 0.999, 'signal_len': 16, 'cheb_order': 2, 's': 9.166906157318621, 'batch_size': 16, 'k': 5}
Trial 55 finished with value 0.154247549 | dataset=fred_md | model=ufgtime_plus | val_MSE=0.652473860 | test_MSE=0.379211270 | MAE=0.154247549 | RMSE=0.615801323 | MAPE=31.956698796% | params={'learning_rate': 0.0076012516992914085, 'decay_rate': 0.00022886209449173023, 'hidden_size': 64, 'beta1': 0.95, 'beta2': 0.999, 'signal_len': 16, 'cheb_order': 3, 's': 7.728710794215088, 'batch_size': 32, 'k': 6}
Trial 56 finished with value 0.181155961 | dataset=fred_md | model=ufgtime_plus | val_MSE=0.519035646 | test_MSE=0.970565540 | MAE=0.181155961 | RMSE=0.985172848 | MAPE=15.834734188% | params={'learning_rate': 0.012069972056340512, 'decay_rate': 6.898329216223897e-05, 'hidden_size': 16, 'beta1': 0.95, 'beta2': 0.99, 'signal_len': 8, 'cheb_order': 3, 's': 5.349862120568376, 'batch_size': 16, 'k': 8}
Trial 57 finished with value 0.270101747 | dataset=fred_md | model=ufgtime_plus | val_MSE=0.834841251 | test_MSE=1.439652090 | MAE=0.270101747 | RMSE=1.199855029 | MAPE=31.524203968% | params={'learning_rate': 0.017596129651285514, 'decay_rate': 1.5181086876448089e-05, 'hidden_size': 64, 'beta1': 0.95, 'beta2': 0.95, 'signal_len': 16, 'cheb_order': 2, 's': 6.611935026695101, 'batch_size': 256, 'k': 4}
Trial 58 finished with value 1.678457294 | dataset=fred_md | model=ufgtime_plus | val_MSE=4.949984980 | test_MSE=38.659346582 | MAE=1.678457294 | RMSE=6.217664078 | MAPE=97.585494107% | params={'learning_rate': 1.1258530030189836e-05, 'decay_rate': 3.274407999766457e-05, 'hidden_size': 64, 'beta1': 0.95, 'beta2': 0.999, 'signal_len': 16, 'cheb_order': 3, 's': 6.137376193110662, 'batch_size': 32, 'k': 6}
Trial 59 finished with value 0.138572360 | dataset=fred_md | model=ufgtime_plus | val_MSE=0.527063707 | test_MSE=0.510899892 | MAE=0.138572360 | RMSE=0.714772616 | MAPE=14.639875446% | params={'learning_rate': 0.039743441014385435, 'decay_rate': 0.0001277793472242507, 'hidden_size': 32, 'beta1': 0.95, 'beta2': 0.95, 'signal_len': 16, 'cheb_order': 3, 's': 4.963782516872652, 'batch_size': 32, 'k': 9}
Trial 60 finished with value 0.133804284 | dataset=fred_md | model=ufgtime_plus | val_MSE=0.548816568 | test_MSE=0.449632822 | MAE=0.133804284 | RMSE=0.670546659 | MAPE=17.771160533% | params={'learning_rate': 0.025746376864426254, 'decay_rate': 0.00035750065869663436, 'hidden_size': 64, 'beta1': 0.99, 'beta2': 0.99, 'signal_len': 16, 'cheb_order': 2, 's': 8.284192118566596, 'batch_size': 16, 'k': 7}
Trial 61 finished with value 0.195901040 | dataset=fred_md | model=ufgtime_plus | val_MSE=0.546098816 | test_MSE=0.743311799 | MAE=0.195901040 | RMSE=0.862155322 | MAPE=24.179048050% | params={'learning_rate': 0.020161116310118726, 'decay_rate': 0.00020431489204295644, 'hidden_size': 32, 'beta1': 0.95, 'beta2': 0.95, 'signal_len': 16, 'cheb_order': 2, 's': 2.3612154518519657, 'batch_size': 32, 'k': 2}
Trial 62 finished with value 0.117734405 | dataset=fred_md | model=ufgtime_plus | val_MSE=0.588769407 | test_MSE=0.446898656 | MAE=0.117734405 | RMSE=0.668504791 | MAPE=14.429747533% | params={'learning_rate': 0.010644691109958776, 'decay_rate': 0.0004918956119190776, 'hidden_size': 32, 'beta1': 0.95, 'beta2': 0.95, 'signal_len': 16, 'cheb_order': 2, 's': 3.034673025241064, 'batch_size': 32, 'k': 2}
Trial 63 finished with value 0.140414222 | dataset=fred_md | model=ufgtime_plus | val_MSE=0.526816872 | test_MSE=0.408346106 | MAE=0.140414222 | RMSE=0.639019645 | MAPE=24.132325171% | params={'learning_rate': 0.02220278573286715, 'decay_rate': 9.29304641983807e-05, 'hidden_size': 32, 'beta1': 0.95, 'beta2': 0.95, 'signal_len': 16, 'cheb_order': 2, 's': 2.110206462377797, 'batch_size': 32, 'k': 3}
Trial 64 finished with value 0.119005960 | dataset=fred_md | model=ufgtime_plus | val_MSE=0.612694268 | test_MSE=0.438455558 | MAE=0.119005960 | RMSE=0.662159768 | MAPE=14.655003492% | params={'learning_rate': 0.015458808084555829, 'decay_rate': 0.0005984333327757373, 'hidden_size': 32, 'beta1': 0.95, 'beta2': 0.95, 'signal_len': 16, 'cheb_order': 2, 's': 1.5775472132930695, 'batch_size': 32, 'k': 3}
Trial 65 finished with value 0.121560176 | dataset=fred_md | model=ufgtime_plus | val_MSE=0.513777769 | test_MSE=0.422432116 | MAE=0.121560176 | RMSE=0.649947779 | MAPE=15.610923774% | params={'learning_rate': 0.02883876730494967, 'decay_rate': 2.5187343217152993e-05, 'hidden_size': 32, 'beta1': 0.95, 'beta2': 0.95, 'signal_len': 16, 'cheb_order': 2, 's': 9.401148088152414, 'batch_size': 64, 'k': 2}
Trial 66 finished with value 0.102653279 | dataset=fred_md | model=ufgtime_plus | val_MSE=0.546542193 | test_MSE=0.308513345 | MAE=0.102653279 | RMSE=0.555439776 | MAPE=13.765776985% | params={'learning_rate': 0.009705037130697775, 'decay_rate': 0.00013427569593499385, 'hidden_size': 32, 'beta1': 0.95, 'beta2': 0.95, 'signal_len': 16, 'cheb_order': 2, 's': 3.7940754345971994, 'batch_size': 32, 'k': 3}
Trial 67 finished with value 0.230056495 | dataset=fred_md | model=ufgtime_plus | val_MSE=0.793331385 | test_MSE=1.122618141 | MAE=0.230056495 | RMSE=1.059536758 | MAPE=28.578157622% | params={'learning_rate': 0.006945463602499943, 'decay_rate': 5.645092108871745e-05, 'hidden_size': 64, 'beta1': 0.95, 'beta2': 0.999, 'signal_len': 16, 'cheb_order': 3, 's': 4.393184495965936, 'batch_size': 128, 'k': 4}
Trial 68 finished with value 0.167428365 | dataset=fred_md | model=ufgtime_plus | val_MSE=0.524056626 | test_MSE=0.824291677 | MAE=0.167428365 | RMSE=0.907905103 | MAPE=15.952600672% | params={'learning_rate': 0.005177806670824436, 'decay_rate': 0.00012152250667538411, 'hidden_size': 16, 'beta1': 0.95, 'beta2': 0.95, 'signal_len': 8, 'cheb_order': 2, 's': 3.8385874953324075, 'batch_size': 32, 'k': 3}
Trial 69 finished with value 1.299131410 | dataset=fred_md | model=ufgtime_plus | val_MSE=3.537791674 | test_MSE=24.024658975 | MAE=1.299131410 | RMSE=4.901495586 | MAPE=79.532924397% | params={'learning_rate': 0.003040139925165584, 'decay_rate': 0.03270428087611789, 'hidden_size': 64, 'beta1': 0.9, 'beta2': 0.95, 'signal_len': 16, 'cheb_order': 3, 's': 7.13999961661006, 'batch_size': 16, 'k': 5}
Trial 70 finished with value 0.172839744 | dataset=fred_md | model=ufgtime_plus | val_MSE=0.500320388 | test_MSE=0.556906758 | MAE=0.172839744 | RMSE=0.746261856 | MAPE=25.549195846% | params={'learning_rate': 0.010594445008616539, 'decay_rate': 3.8245515950549155e-05, 'hidden_size': 32, 'beta1': 0.95, 'beta2': 0.99, 'signal_len': 16, 'cheb_order': 2, 's': 4.953906604912827, 'batch_size': 32, 'k': 3}
Trial 71 finished with value 0.117642720 | dataset=fred_md | model=ufgtime_plus | val_MSE=0.518299953 | test_MSE=0.453847596 | MAE=0.117642720 | RMSE=0.673682118 | MAPE=13.546746231% | params={'learning_rate': 0.014766153023895648, 'decay_rate': 0.00015818273780040474, 'hidden_size': 32, 'beta1': 0.95, 'beta2': 0.95, 'signal_len': 16, 'cheb_order': 2, 's': 2.5513179783195294, 'batch_size': 32, 'k': 2}
Trial 72 finished with value 0.110589510 | dataset=fred_md | model=ufgtime_plus | val_MSE=0.555223523 | test_MSE=0.389190695 | MAE=0.110589510 | RMSE=0.623851500 | MAPE=13.544392366% | params={'learning_rate': 0.008513545142065744, 'decay_rate': 0.00031342520078085965, 'hidden_size': 32, 'beta1': 0.95, 'beta2': 0.95, 'signal_len': 16, 'cheb_order': 2, 's': 8.932962729106048, 'batch_size': 32, 'k': 2}
Trial 73 finished with value 0.121184550 | dataset=fred_md | model=ufgtime_plus | val_MSE=0.602745092 | test_MSE=0.358145340 | MAE=0.121184550 | RMSE=0.598452454 | MAPE=20.276006263% | params={'learning_rate': 0.00919998538007312, 'decay_rate': 0.00035407108838025935, 'hidden_size': 32, 'beta1': 0.95, 'beta2': 0.95, 'signal_len': 16, 'cheb_order': 2, 's': 8.92590884881448, 'batch_size': 32, 'k': 3}
Trial 74 finished with value 0.115610515 | dataset=fred_md | model=ufgtime_plus | val_MSE=0.554929799 | test_MSE=0.434806054 | MAE=0.115610515 | RMSE=0.659398251 | MAPE=13.782592072% | params={'learning_rate': 0.0062673002586690705, 'decay_rate': 0.00027488092352730256, 'hidden_size': 32, 'beta1': 0.95, 'beta2': 0.95, 'signal_len': 16, 'cheb_order': 2, 's': 7.876552067882467, 'batch_size': 32, 'k': 2}
Trial 75 finished with value 0.832676197 | dataset=fred_md | model=ufgtime_plus | val_MSE=2.033558138 | test_MSE=9.829424567 | MAE=0.832676197 | RMSE=3.135191313 | MAPE=56.453489848% | params={'learning_rate': 0.0005225377009098724, 'decay_rate': 0.0003006962408020113, 'hidden_size': 32, 'beta1': 0.95, 'beta2': 0.95, 'signal_len': 16, 'cheb_order': 2, 's': 3.6152806098221255, 'batch_size': 32, 'k': 2}
Trial 76 finished with value 0.154689601 | dataset=fred_md | model=ufgtime_plus | val_MSE=0.842984607 | test_MSE=0.427434698 | MAE=0.154689601 | RMSE=0.653784902 | MAPE=24.867453019% | params={'learning_rate': 0.00357287091772788, 'decay_rate': 0.0013990265761357876, 'hidden_size': 32, 'beta1': 0.95, 'beta2': 0.95, 'signal_len': 16, 'cheb_order': 2, 's': 7.923815475846705, 'batch_size': 32, 'k': 2}
Trial 77 finished with value 0.105770714 | dataset=fred_md | model=ufgtime_plus | val_MSE=0.545112330 | test_MSE=0.322946828 | MAE=0.105770714 | RMSE=0.568284109 | MAPE=13.132153570% | params={'learning_rate': 0.008280126600426596, 'decay_rate': 0.00021230581081500268, 'hidden_size': 32, 'beta1': 0.95, 'beta2': 0.95, 'signal_len': 16, 'cheb_order': 2, 's': 4.0867053521845245, 'batch_size': 32, 'k': 3}
Trial 78 finished with value 0.154434750 | dataset=fred_md | model=ufgtime_plus | val_MSE=0.877092881 | test_MSE=0.368231411 | MAE=0.154434750 | RMSE=0.606820740 | MAPE=27.772861052% | params={'learning_rate': 0.0022047902506805916, 'decay_rate': 0.000776498044816316, 'hidden_size': 32, 'beta1': 0.95, 'beta2': 0.95, 'signal_len': 16, 'cheb_order': 2, 's': 3.9724050137485474, 'batch_size': 32, 'k': 3}
Trial 79 finished with value 0.145048618 | dataset=fred_md | model=ufgtime_plus | val_MSE=0.527730408 | test_MSE=0.405299541 | MAE=0.145048618 | RMSE=0.636631401 | MAPE=19.810559721% | params={'learning_rate': 0.00653785916295853, 'decay_rate': 0.00025716274556779626, 'hidden_size': 32, 'beta1': 0.99, 'beta2': 0.95, 'signal_len': 16, 'cheb_order': 2, 's': 4.315995308443318, 'batch_size': 32, 'k': 3}
Trial 80 finished with value 1.249218538 | dataset=fred_md | model=ufgtime_plus | val_MSE=3.138713663 | test_MSE=21.665630217 | MAE=1.249218538 | RMSE=4.654635347 | MAPE=75.323403932% | params={'learning_rate': 9.473150679377615e-05, 'decay_rate': 0.00046137283157677336, 'hidden_size': 32, 'beta1': 0.95, 'beta2': 0.95, 'signal_len': 16, 'cheb_order': 2, 's': 4.5577816637990125, 'batch_size': 32, 'k': 2}
Trial 81 finished with value 0.137314619 | dataset=fred_md | model=ufgtime_plus | val_MSE=0.558000955 | test_MSE=0.392176376 | MAE=0.137314619 | RMSE=0.626239871 | MAPE=23.223047310% | params={'learning_rate': 0.014515540393602448, 'decay_rate': 0.0002133753576201421, 'hidden_size': 32, 'beta1': 0.95, 'beta2': 0.95, 'signal_len': 16, 'cheb_order': 2, 's': 3.210333894026097, 'batch_size': 32, 'k': 4}
Trial 82 finished with value 0.116180384 | dataset=fred_md | model=ufgtime_plus | val_MSE=0.605794742 | test_MSE=0.448166682 | MAE=0.116180384 | RMSE=0.669452524 | MAPE=14.234262797% | params={'learning_rate': 0.00870083726098425, 'decay_rate': 0.0005876146359498925, 'hidden_size': 32, 'beta1': 0.95, 'beta2': 0.95, 'signal_len': 16, 'cheb_order': 2, 's': 9.752324924506777, 'batch_size': 32, 'k': 2}
Trial 83 finished with value 0.165194165 | dataset=fred_md | model=ufgtime_plus | val_MSE=0.850014627 | test_MSE=0.461839022 | MAE=0.165194165 | RMSE=0.679587391 | MAPE=29.325506050% | params={'learning_rate': 0.0047070486824063555, 'decay_rate': 0.00017488898825659429, 'hidden_size': 32, 'beta1': 0.95, 'beta2': 0.95, 'signal_len': 16, 'cheb_order': 2, 's': 8.945891883918675, 'batch_size': 256, 'k': 3}
Trial 84 finished with value 0.114343877 | dataset=fred_md | model=ufgtime_plus | val_MSE=0.550989899 | test_MSE=0.444149530 | MAE=0.114343877 | RMSE=0.666445444 | MAPE=13.622713706% | params={'learning_rate': 0.012834456396931529, 'decay_rate': 0.00031465667585981046, 'hidden_size': 32, 'beta1': 0.95, 'beta2': 0.95, 'signal_len': 16, 'cheb_order': 2, 's': 4.044452745460286, 'batch_size': 32, 'k': 2}
Trial 85 finished with value 0.114534376 | dataset=fred_md | model=ufgtime_plus | val_MSE=0.539595159 | test_MSE=0.443856559 | MAE=0.114534376 | RMSE=0.666225607 | MAPE=13.584535790% | params={'learning_rate': 0.01337570280152244, 'decay_rate': 0.0003065895287384947, 'hidden_size': 32, 'beta1': 0.95, 'beta2': 0.95, 'signal_len': 16, 'cheb_order': 2, 's': 4.134553950052375, 'batch_size': 32, 'k': 2}
Trial 86 finished with value 0.117460612 | dataset=fred_md | model=ufgtime_plus | val_MSE=0.712426108 | test_MSE=0.399947894 | MAE=0.117460612 | RMSE=0.632414337 | MAPE=15.270970679% | params={'learning_rate': 0.01249012781130045, 'decay_rate': 0.001036549651426022, 'hidden_size': 32, 'beta1': 0.95, 'beta2': 0.95, 'signal_len': 8, 'cheb_order': 2, 's': 4.052946627102624, 'batch_size': 32, 'k': 2}
Trial 87 finished with value 0.165971958 | dataset=fred_md | model=ufgtime_plus | val_MSE=0.547557537 | test_MSE=0.776356724 | MAE=0.165971958 | RMSE=0.881111073 | MAPE=16.482518301% | params={'learning_rate': 0.03981335471148314, 'decay_rate': 0.0003837408924782785, 'hidden_size': 32, 'beta1': 0.9, 'beta2': 0.95, 'signal_len': 16, 'cheb_order': 2, 's': 3.544826599181504, 'batch_size': 32, 'k': 3}
Trial 88 finished with value 0.114033417 | dataset=fred_md | model=ufgtime_plus | val_MSE=0.554167211 | test_MSE=0.395368279 | MAE=0.114033417 | RMSE=0.628783174 | MAPE=14.190478757% | params={'learning_rate': 0.008646204913141345, 'decay_rate': 0.0003267668820153415, 'hidden_size': 32, 'beta1': 0.95, 'beta2': 0.95, 'signal_len': 16, 'cheb_order': 2, 's': 4.785141479166888, 'batch_size': 32, 'k': 2}
Trial 89 finished with value 0.114091516 | dataset=fred_md | model=ufgtime_plus | val_MSE=0.612012582 | test_MSE=0.414076278 | MAE=0.114091516 | RMSE=0.643487590 | MAPE=14.512429513% | params={'learning_rate': 0.008608102885159213, 'decay_rate': 0.0005663602333572822, 'hidden_size': 32, 'beta1': 0.95, 'beta2': 0.95, 'signal_len': 16, 'cheb_order': 2, 's': 5.163418343361015, 'batch_size': 32, 'k': 2}
Trial 90 finished with value 0.110469238 | dataset=fred_md | model=ufgtime_plus | val_MSE=0.615870823 | test_MSE=0.363555259 | MAE=0.110469238 | RMSE=0.602955437 | MAPE=14.175492656% | params={'learning_rate': 0.007906134113188681, 'decay_rate': 0.0005271020138605939, 'hidden_size': 32, 'beta1': 0.95, 'beta2': 0.95, 'signal_len': 16, 'cheb_order': 2, 's': 5.265343634095874, 'batch_size': 32, 'k': 2}
Trial 91 finished with value 0.117629649 | dataset=fred_md | model=ufgtime_plus | val_MSE=0.700616593 | test_MSE=0.400626726 | MAE=0.117629649 | RMSE=0.632950808 | MAPE=14.999535255% | params={'learning_rate': 0.00837510923685711, 'decay_rate': 0.0009473045164867599, 'hidden_size': 32, 'beta1': 0.95, 'beta2': 0.95, 'signal_len': 16, 'cheb_order': 2, 's': 5.265212069952857, 'batch_size': 32, 'k': 2}
Trial 92 finished with value 0.174225066 | dataset=fred_md | model=ufgtime_plus | val_MSE=0.679245386 | test_MSE=0.419175859 | MAE=0.174225066 | RMSE=0.647437919 | MAPE=37.261780798% | params={'learning_rate': 0.004256226665995353, 'decay_rate': 0.0005165255992022084, 'hidden_size': 32, 'beta1': 0.95, 'beta2': 0.95, 'signal_len': 16, 'cheb_order': 2, 's': 4.885782140830132, 'batch_size': 32, 'k': 2}
Trial 93 finished with value 0.121132969 | dataset=fred_md | model=ufgtime_plus | val_MSE=0.554187364 | test_MSE=0.469604792 | MAE=0.121132969 | RMSE=0.685277164 | MAPE=14.083690904% | params={'learning_rate': 0.005514185845882632, 'decay_rate': 0.00031398492084531423, 'hidden_size': 32, 'beta1': 0.95, 'beta2': 0.95, 'signal_len': 16, 'cheb_order': 2, 's': 4.3916643517049785, 'batch_size': 32, 'k': 2}
Trial 94 finished with value 0.118757710 | dataset=fred_md | model=ufgtime_plus | val_MSE=0.640265211 | test_MSE=0.425121446 | MAE=0.118757710 | RMSE=0.652013378 | MAPE=15.359966075% | params={'learning_rate': 0.009294756753049773, 'decay_rate': 0.0006873279826655241, 'hidden_size': 32, 'beta1': 0.95, 'beta2': 0.95, 'signal_len': 16, 'cheb_order': 2, 's': 5.441234633220825, 'batch_size': 32, 'k': 2}
Trial 95 finished with value 0.118548856 | dataset=fred_md | model=ufgtime_plus | val_MSE=0.536652398 | test_MSE=0.459655559 | MAE=0.118548856 | RMSE=0.677979025 | MAPE=13.767923805% | params={'learning_rate': 0.007179358694320829, 'decay_rate': 0.0002332311397187354, 'hidden_size': 32, 'beta1': 0.95, 'beta2': 0.95, 'signal_len': 16, 'cheb_order': 2, 's': 4.715449151875474, 'batch_size': 32, 'k': 2}
Trial 96 finished with value 0.157379199 | dataset=fred_md | model=ufgtime_plus | val_MSE=0.672239481 | test_MSE=0.425495644 | MAE=0.157379199 | RMSE=0.652300271 | MAPE=31.717846014% | params={'learning_rate': 0.003540521788837478, 'decay_rate': 0.00041128546906119603, 'hidden_size': 32, 'beta1': 0.95, 'beta2': 0.95, 'signal_len': 16, 'cheb_order': 2, 's': 5.8723264287046515, 'batch_size': 32, 'k': 3}
Trial 97 finished with value 0.128913196 | dataset=fred_md | model=ufgtime_plus | val_MSE=0.709326120 | test_MSE=0.505774001 | MAE=0.128913196 | RMSE=0.711177897 | MAPE=15.906614197% | params={'learning_rate': 0.012679140992615596, 'decay_rate': 0.0011747065903166666, 'hidden_size': 32, 'beta1': 0.95, 'beta2': 0.95, 'signal_len': 16, 'cheb_order': 2, 's': 3.7765443649114316, 'batch_size': 32, 'k': 2}
Trial 98 finished with value 0.115839227 | dataset=fred_md | model=ufgtime_plus | val_MSE=0.642044273 | test_MSE=0.390689630 | MAE=0.115839227 | RMSE=0.625051702 | MAPE=14.514946105% | params={'learning_rate': 0.01655193553691317, 'decay_rate': 0.0006935797738791421, 'hidden_size': 32, 'beta1': 0.95, 'beta2': 0.95, 'signal_len': 16, 'cheb_order': 2, 's': 5.1613618562834285, 'batch_size': 64, 'k': 2}
Trial 99 finished with value 0.125716207 | dataset=fred_md | model=ufgtime_plus | val_MSE=0.521929060 | test_MSE=0.447578543 | MAE=0.125716207 | RMSE=0.669013112 | MAPE=14.972552779% | params={'learning_rate': 0.011709768955919537, 'decay_rate': 0.0003255972098388443, 'hidden_size': 32, 'beta1': 0.99, 'beta2': 0.99, 'signal_len': 16, 'cheb_order': 2, 's': 4.1641922749391656, 'batch_size': 32, 'k': 3}
Trial 100 finished with value 0.115504679 | dataset=fred_md | model=ufgtime_plus | val_MSE=0.681712210 | test_MSE=0.387894852 | MAE=0.115504679 | RMSE=0.622812052 | MAPE=14.778063028% | params={'learning_rate': 0.008184344804957357, 'decay_rate': 0.0008619530393710042, 'hidden_size': 32, 'beta1': 0.95, 'beta2': 0.95, 'signal_len': 16, 'cheb_order': 2, 's': 4.4571400502185385, 'batch_size': 128, 'k': 2}
Trial 101 finished with value 0.116897577 | dataset=fred_md | model=ufgtime_plus | val_MSE=0.551611597 | test_MSE=0.242876735 | MAE=0.116897577 | RMSE=0.492825258 | MAPE=26.418979869% | params={'learning_rate': 0.01012200475207093, 'decay_rate': 1.3518471643696229e-05, 'hidden_size': 32, 'beta1': 0.95, 'beta2': 0.95, 'signal_len': 16, 'cheb_order': 2, 's': 4.798520974280661, 'batch_size': 32, 'k': 2}
Trial 102 finished with value 0.149470530 | dataset=fred_md | model=ufgtime_plus | val_MSE=0.527410011 | test_MSE=0.681953865 | MAE=0.149470530 | RMSE=0.825804980 | MAPE=15.201637552% | params={'learning_rate': 0.005273294868747507, 'decay_rate': 0.00014230729128202692, 'hidden_size': 32, 'beta1': 0.95, 'beta2': 0.95, 'signal_len': 16, 'cheb_order': 2, 's': 5.094128821919256, 'batch_size': 32, 'k': 2}
Trial 103 finished with value 0.188326964 | dataset=fred_md | model=ufgtime_plus | val_MSE=0.956434891 | test_MSE=0.556207913 | MAE=0.188326964 | RMSE=0.745793479 | MAPE=31.396925277% | params={'learning_rate': 0.0017633609208075962, 'decay_rate': 0.0005333038835407197, 'hidden_size': 32, 'beta1': 0.95, 'beta2': 0.95, 'signal_len': 16, 'cheb_order': 2, 's': 3.428169829912397, 'batch_size': 32, 'k': 2}
Trial 104 finished with value 0.106517377 | dataset=fred_md | model=ufgtime_plus | val_MSE=0.553258476 | test_MSE=0.330774707 | MAE=0.106517377 | RMSE=0.575130165 | MAPE=13.186551298% | params={'learning_rate': 0.020287009100826536, 'decay_rate': 0.000260348399471019, 'hidden_size': 16, 'beta1': 0.95, 'beta2': 0.95, 'signal_len': 16, 'cheb_order': 2, 's': 4.019763127896787, 'batch_size': 32, 'k': 3}
Trial 105 finished with value 0.194504776 | dataset=fred_md | model=ufgtime_plus | val_MSE=0.785061645 | test_MSE=1.035849420 | MAE=0.194504776 | RMSE=1.017766879 | MAPE=21.605109737% | params={'learning_rate': 0.019501162404684556, 'decay_rate': 0.002166221168670239, 'hidden_size': 16, 'beta1': 0.95, 'beta2': 0.95, 'signal_len': 16, 'cheb_order': 2, 's': 3.972449891781564, 'batch_size': 32, 'k': 3}
Trial 106 finished with value 0.119109694 | dataset=fred_md | model=ufgtime_plus | val_MSE=0.538761847 | test_MSE=0.479723049 | MAE=0.119109694 | RMSE=0.692620422 | MAPE=13.181272194% | params={'learning_rate': 0.02621530832895735, 'decay_rate': 0.00018774486249547104, 'hidden_size': 16, 'beta1': 0.95, 'beta2': 0.95, 'signal_len': 8, 'cheb_order': 2, 's': 3.1343465272868647, 'batch_size': 32, 'k': 3}
Trial 107 finished with value 0.245347910 | dataset=fred_md | model=ufgtime_plus | val_MSE=0.732315958 | test_MSE=1.270774573 | MAE=0.245347910 | RMSE=1.127286376 | MAPE=32.200243533% | params={'learning_rate': 0.013699910142846388, 'decay_rate': 0.0001132171017977206, 'hidden_size': 16, 'beta1': 0.95, 'beta2': 0.95, 'signal_len': 16, 'cheb_order': 2, 's': 4.257984563086275, 'batch_size': 256, 'k': 4}
