Trial 324 finished with value 0.122843014 | dataset=fred_md | model=ufgtime_plus | val_MSE=0.509649048 | test_MSE=0.563747925 | MAE=0.122843014 | RMSE=0.750831489 | MAPE=12.958776569% | params={'learning_rate': 0.027212906332038777, 'decay_rate': 0.0001654899354520063, 'hidden_size': 16, 'beta1': 0.95, 'beta2': 0.95, 'signal_len': 16, 'cheb_order': 2, 's': 6.843201888367659, 'batch_size': 32, 'k': 7}
Trial 325 finished with value 0.121496537 | dataset=fred_md | model=ufgtime_plus | val_MSE=0.777076946 | test_MSE=0.394625149 | MAE=0.121496537 | RMSE=0.628191968 | MAPE=15.924368849% | params={'learning_rate': 0.005438023812499182, 'decay_rate': 0.0015863644597132068, 'hidden_size': 64, 'beta1': 0.95, 'beta2': 0.95, 'signal_len': 16, 'cheb_order': 2, 's': 9.507092059318776, 'batch_size': 32, 'k': 8}
Trial 326 finished with value 0.135609130 | dataset=fred_md | model=ufgtime_plus | val_MSE=0.559286250 | test_MSE=0.618018086 | MAE=0.135609130 | RMSE=0.786141264 | MAPE=14.237734730% | params={'learning_rate': 0.0107805474083561, 'decay_rate': 0.0003463883725313376, 'hidden_size': 64, 'beta1': 0.95, 'beta2': 0.95, 'signal_len': 16, 'cheb_order': 2, 's': 7.809800068144394, 'batch_size': 16, 'k': 7}
Trial 327 finished with value 0.131865054 | dataset=fred_md | model=ufgtime_plus | val_MSE=0.513699427 | test_MSE=0.564272482 | MAE=0.131865054 | RMSE=0.751180725 | MAPE=14.229155298% | params={'learning_rate': 0.03703940093745552, 'decay_rate': 0.00021343395309807972, 'hidden_size': 16, 'beta1': 0.95, 'beta2': 0.95, 'signal_len': 16, 'cheb_order': 2, 's': 5.897892738619889, 'batch_size': 32, 'k': 7}
Trial 328 finished with value 0.227538121 | dataset=fred_md | model=ufgtime_plus | val_MSE=0.893087506 | test_MSE=1.146079967 | MAE=0.227538121 | RMSE=1.070551244 | MAPE=31.875514183% | params={'learning_rate': 0.007691959868474534, 'decay_rate': 0.00028565917938163786, 'hidden_size': 64, 'beta1': 0.95, 'beta2': 0.95, 'signal_len': 8, 'cheb_order': 2, 's': 5.658983958053283, 'batch_size': 256, 'k': 7}
Trial 329 finished with value 0.137067808 | dataset=fred_md | model=ufgtime_plus | val_MSE=0.528222986 | test_MSE=0.447030124 | MAE=0.137067808 | RMSE=0.668603114 | MAPE=22.447343467% | params={'learning_rate': 0.016493390013958414, 'decay_rate': 0.00014640660777023206, 'hidden_size': 16, 'beta1': 0.95, 'beta2': 0.95, 'signal_len': 16, 'cheb_order': 2, 's': 6.623084939852937, 'batch_size': 32, 'k': 6}
Trial 330 finished with value 0.148070778 | dataset=fred_md | model=ufgtime_plus | val_MSE=0.506129998 | test_MSE=0.675553706 | MAE=0.148070778 | RMSE=0.821920742 | MAPE=14.945402067% | params={'learning_rate': 0.00893807243155745, 'decay_rate': 1.864031268044185e-05, 'hidden_size': 64, 'beta1': 0.95, 'beta2': 0.95, 'signal_len': 16, 'cheb_order': 2, 's': 6.034907732076234, 'batch_size': 32, 'k': 7}
Trial 331 finished with value 0.246754333 | dataset=fred_md | model=ufgtime_plus | val_MSE=0.564725695 | test_MSE=0.818403859 | MAE=0.246754333 | RMSE=0.904656763 | MAPE=41.959263874% | params={'learning_rate': 0.006632263648239182, 'decay_rate': 2.3967029541332372e-05, 'hidden_size': 16, 'beta1': 0.95, 'beta2': 0.999, 'signal_len': 16, 'cheb_order': 2, 's': 6.1889631450322, 'batch_size': 32, 'k': 7}
Trial 332 finished with value 0.132489627 | dataset=fred_md | model=ufgtime_plus | val_MSE=0.535051558 | test_MSE=0.397805664 | MAE=0.132489627 | RMSE=0.630718372 | MAPE=19.010033531% | params={'learning_rate': 0.021392008484667838, 'decay_rate': 8.102721577945455e-05, 'hidden_size': 64, 'beta1': 0.95, 'beta2': 0.95, 'signal_len': 16, 'cheb_order': 2, 's': 6.43711646310109, 'batch_size': 32, 'k': 7}
Trial 333 finished with value 0.133704179 | dataset=fred_md | model=ufgtime_plus | val_MSE=0.616713107 | test_MSE=0.366815336 | MAE=0.133704179 | RMSE=0.605652818 | MAPE=21.376205932% | params={'learning_rate': 0.012199626721047128, 'decay_rate': 0.00024321866436010227, 'hidden_size': 16, 'beta1': 0.9, 'beta2': 0.95, 'signal_len': 16, 'cheb_order': 2, 's': 5.5174067088466145, 'batch_size': 256, 'k': 8}
Trial 334 finished with value 0.104801179 | dataset=fred_md | model=ufgtime_plus | val_MSE=0.569398266 | test_MSE=0.301000864 | MAE=0.104801179 | RMSE=0.548635456 | MAPE=13.464282902% | params={'learning_rate': 0.009672363414597367, 'decay_rate': 0.00019182249291187686, 'hidden_size': 64, 'beta1': 0.95, 'beta2': 0.95, 'signal_len': 16, 'cheb_order': 2, 's': 5.833569012418233, 'batch_size': 32, 'k': 7}
Trial 335 finished with value 0.159735576 | dataset=fred_md | model=ufgtime_plus | val_MSE=0.584556111 | test_MSE=0.456411206 | MAE=0.159735576 | RMSE=0.675582124 | MAPE=28.845042665% | params={'learning_rate': 0.00793425412042743, 'decay_rate': 0.00017957024899625874, 'hidden_size': 16, 'beta1': 0.95, 'beta2': 0.95, 'signal_len': 16, 'cheb_order': 2, 's': 5.966439814460516, 'batch_size': 32, 'k': 7}
Trial 336 finished with value 0.102457840 | dataset=fred_md | model=ufgtime_plus | val_MSE=0.595457421 | test_MSE=0.248461967 | MAE=0.102457840 | RMSE=0.498459594 | MAPE=14.130136973% | params={'learning_rate': 0.009603303264647563, 'decay_rate': 0.00022282211664428073, 'hidden_size': 64, 'beta1': 0.95, 'beta2': 0.95, 'signal_len': 16, 'cheb_order': 3, 's': 6.265303115766105, 'batch_size': 32, 'k': 7}
Trial 337 finished with value 0.142654402 | dataset=fred_md | model=ufgtime_plus | val_MSE=0.591734648 | test_MSE=0.369162313 | MAE=0.142654402 | RMSE=0.607587288 | MAPE=26.341980952% | params={'learning_rate': 0.006190159704864209, 'decay_rate': 0.00026012372764062973, 'hidden_size': 64, 'beta1': 0.95, 'beta2': 0.95, 'signal_len': 16, 'cheb_order': 3, 's': 6.312488646780246, 'batch_size': 128, 'k': 10}
Trial 338 finished with value 0.108587053 | dataset=fred_md | model=ufgtime_plus | val_MSE=0.560890785 | test_MSE=0.376774786 | MAE=0.108587053 | RMSE=0.613819831 | MAPE=13.459794698% | params={'learning_rate': 0.008981453410349076, 'decay_rate': 0.00032131604119247005, 'hidden_size': 16, 'beta1': 0.95, 'beta2': 0.95, 'signal_len': 16, 'cheb_order': 3, 's': 6.5706713437364765, 'batch_size': 32, 'k': 8}
Trial 339 finished with value 0.106690784 | dataset=fred_md | model=ufgtime_plus | val_MSE=0.541002276 | test_MSE=0.359167921 | MAE=0.106690784 | RMSE=0.599306199 | MAPE=13.236100552% | params={'learning_rate': 0.014008135900043591, 'decay_rate': 0.00022510415506007175, 'hidden_size': 32, 'beta1': 0.95, 'beta2': 0.95, 'signal_len': 16, 'cheb_order': 3, 's': 6.190899380507172, 'batch_size': 32, 'k': 7}
Trial 340 finished with value 0.264531315 | dataset=fred_md | model=ufgtime_plus | val_MSE=0.780454218 | test_MSE=1.566827795 | MAE=0.264531315 | RMSE=1.251729921 | MAPE=27.787662489% | params={'learning_rate': 0.00730048647224199, 'decay_rate': 0.0001266149394140238, 'hidden_size': 64, 'beta1': 0.95, 'beta2': 0.95, 'signal_len': 16, 'cheb_order': 3, 's': 6.392485893268678, 'batch_size': 256, 'k': 7}
Trial 341 finished with value 0.132270651 | dataset=fred_md | model=ufgtime_plus | val_MSE=0.550266792 | test_MSE=0.409757970 | MAE=0.132270651 | RMSE=0.640123402 | MAPE=22.215001890% | params={'learning_rate': 0.010767181648065591, 'decay_rate': 0.00021776483994592733, 'hidden_size': 16, 'beta1': 0.95, 'beta2': 0.95, 'signal_len': 16, 'cheb_order': 3, 's': 6.152094014633627, 'batch_size': 32, 'k': 6}
Trial 342 finished with value 0.154887745 | dataset=fred_md | model=ufgtime_plus | val_MSE=0.605935571 | test_MSE=0.405577549 | MAE=0.154887745 | RMSE=0.636849707 | MAPE=30.384207854% | params={'learning_rate': 0.005079586225187978, 'decay_rate': 0.00015894354993828546, 'hidden_size': 64, 'beta1': 0.95, 'beta2': 0.99, 'signal_len': 16, 'cheb_order': 3, 's': 6.7190545412436355, 'batch_size': 32, 'k': 7}
Trial 343 finished with value 0.107140999 | dataset=fred_md | model=ufgtime_plus | val_MSE=0.554174796 | test_MSE=0.346333752 | MAE=0.107140999 | RMSE=0.588501276 | MAPE=13.358314501% | params={'learning_rate': 0.009306564256271641, 'decay_rate': 0.0002724506977311993, 'hidden_size': 16, 'beta1': 0.95, 'beta2': 0.95, 'signal_len': 16, 'cheb_order': 3, 's': 2.4957931032026837, 'batch_size': 32, 'k': 7}
Trial 344 finished with value 0.185686349 | dataset=fred_md | model=ufgtime_plus | val_MSE=0.515699811 | test_MSE=0.960446061 | MAE=0.185686349 | RMSE=0.980023500 | MAPE=17.562267017% | params={'learning_rate': 0.007830006650297565, 'decay_rate': 4.728098065475083e-05, 'hidden_size': 64, 'beta1': 0.95, 'beta2': 0.999, 'signal_len': 16, 'cheb_order': 2, 's': 6.469848664223895, 'batch_size': 64, 'k': 7}
Trial 345 finished with value 0.191271746 | dataset=fred_md | model=ufgtime_plus | val_MSE=0.564498873 | test_MSE=1.108313061 | MAE=0.191271746 | RMSE=1.052764485 | MAPE=21.297986677% | params={'learning_rate': 0.012189291155118178, 'decay_rate': 0.00035413523092207074, 'hidden_size': 16, 'beta1': 0.99, 'beta2': 0.95, 'signal_len': 16, 'cheb_order': 2, 's': 6.2800313904426694, 'batch_size': 32, 'k': 7}
Trial 346 finished with value 0.253506286 | dataset=fred_md | model=ufgtime_plus | val_MSE=0.888911247 | test_MSE=1.421247556 | MAE=0.253506286 | RMSE=1.192160877 | MAPE=34.214405785% | params={'learning_rate': 0.010299199551810764, 'decay_rate': 0.00018440033249173871, 'hidden_size': 64, 'beta1': 0.95, 'beta2': 0.95, 'signal_len': 8, 'cheb_order': 2, 's': 6.03813956183041, 'batch_size': 256, 'k': 7}
Trial 347 finished with value 0.548764690 | dataset=fred_md | model=ufgtime_plus | val_MSE=1.548273806 | test_MSE=4.684520466 | MAE=0.548764690 | RMSE=2.164375306 | MAPE=50.724644057% | params={'learning_rate': 0.0005375090363738482, 'decay_rate': 0.00023685667614762172, 'hidden_size': 16, 'beta1': 0.95, 'beta2': 0.95, 'signal_len': 16, 'cheb_order': 2, 's': 8.454867284502331, 'batch_size': 32, 'k': 9}
Trial 348 finished with value 0.153255448 | dataset=fred_md | model=ufgtime_plus | val_MSE=0.553566259 | test_MSE=0.447220187 | MAE=0.153255448 | RMSE=0.668745233 | MAPE=25.674217831% | params={'learning_rate': 0.00651948543724623, 'decay_rate': 0.0001577647624560376, 'hidden_size': 64, 'beta1': 0.95, 'beta2': 0.95, 'signal_len': 16, 'cheb_order': 2, 's': 6.869813248613209, 'batch_size': 32, 'k': 8}
Trial 349 finished with value 0.113496706 | dataset=fred_md | model=ufgtime_plus | val_MSE=0.521138425 | test_MSE=0.454947671 | MAE=0.113496706 | RMSE=0.674498088 | MAPE=13.255886087% | params={'learning_rate': 0.013515856518966146, 'decay_rate': 0.00020633641397035303, 'hidden_size': 16, 'beta1': 0.95, 'beta2': 0.95, 'signal_len': 16, 'cheb_order': 3, 's': 6.071802051545846, 'batch_size': 32, 'k': 6}
Trial 350 finished with value 0.122535496 | dataset=fred_md | model=ufgtime_plus | val_MSE=0.557650388 | test_MSE=0.428138394 | MAE=0.122535496 | RMSE=0.654322851 | MAPE=17.487425482% | params={'learning_rate': 0.00850821987028467, 'decay_rate': 0.00030007109817403016, 'hidden_size': 64, 'beta1': 0.95, 'beta2': 0.95, 'signal_len': 16, 'cheb_order': 2, 's': 6.606284338077467, 'batch_size': 32, 'k': 7}
Trial 351 finished with value 0.282823606 | dataset=fred_md | model=ufgtime_plus | val_MSE=0.809223354 | test_MSE=1.541639784 | MAE=0.282823606 | RMSE=1.241627877 | MAPE=34.016054963% | params={'learning_rate': 0.010979591937768129, 'decay_rate': 0.00013446200097849703, 'hidden_size': 64, 'beta1': 0.95, 'beta2': 0.95, 'signal_len': 16, 'cheb_order': 2, 's': 5.773337216910665, 'batch_size': 256, 'k': 7}
Trial 352 finished with value 0.132124514 | dataset=fred_md | model=ufgtime_plus | val_MSE=0.597031576 | test_MSE=0.396370513 | MAE=0.132124514 | RMSE=0.629579632 | MAPE=23.753534963% | params={'learning_rate': 0.004139709231102788, 'decay_rate': 0.0002526718623970443, 'hidden_size': 32, 'beta1': 0.95, 'beta2': 0.95, 'signal_len': 16, 'cheb_order': 2, 's': 6.348004215096978, 'batch_size': 32, 'k': 7}
Trial 353 finished with value 0.108405671 | dataset=fred_md | model=ufgtime_plus | val_MSE=0.521208126 | test_MSE=0.399738466 | MAE=0.108405671 | RMSE=0.632248738 | MAPE=12.994425089% | params={'learning_rate': 0.015938857447935335, 'decay_rate': 0.00017281209396930453, 'hidden_size': 16, 'beta1': 0.95, 'beta2': 0.95, 'signal_len': 16, 'cheb_order': 2, 's': 5.975264656728129, 'batch_size': 32, 'k': 5}
Trial 354 finished with value 0.128421597 | dataset=fred_md | model=ufgtime_plus | val_MSE=0.550267910 | test_MSE=0.421341487 | MAE=0.128421597 | RMSE=0.649108225 | MAPE=19.418384246% | params={'learning_rate': 0.007732327751004338, 'decay_rate': 0.000207120479527308, 'hidden_size': 64, 'beta1': 0.95, 'beta2': 0.95, 'signal_len': 16, 'cheb_order': 2, 's': 6.221338241308398, 'batch_size': 32, 'k': 7}
Trial 355 finished with value 0.101439210 | dataset=fred_md | model=ufgtime_plus | val_MSE=0.570677363 | test_MSE=0.307934684 | MAE=0.101439210 | RMSE=0.554918628 | MAPE=13.615624825% | params={'learning_rate': 0.009581647264428167, 'decay_rate': 0.0001518010713719281, 'hidden_size': 16, 'beta1': 0.95, 'beta2': 0.95, 'signal_len': 16, 'cheb_order': 2, 's': 6.457277515509235, 'batch_size': 32, 'k': 7}
Trial 356 finished with value 0.140683431 | dataset=fred_md | model=ufgtime_plus | val_MSE=0.563888488 | test_MSE=0.454893083 | MAE=0.140683431 | RMSE=0.674457622 | MAPE=21.662640953% | params={'learning_rate': 0.005909069074593926, 'decay_rate': 0.00012305654944183127, 'hidden_size': 16, 'beta1': 0.95, 'beta2': 0.95, 'signal_len': 16, 'cheb_order': 2, 's': 6.6927107363232, 'batch_size': 32, 'k': 7}
Trial 357 finished with value 0.187027257 | dataset=fred_md | model=ufgtime_plus | val_MSE=0.606600173 | test_MSE=0.467846407 | MAE=0.187027257 | RMSE=0.683992988 | MAPE=37.008242593% | params={'learning_rate': 0.008753697850876093, 'decay_rate': 0.00014502839300828676, 'hidden_size': 16, 'beta1': 0.95, 'beta2': 0.999, 'signal_len': 16, 'cheb_order': 2, 's': 6.465939535826922, 'batch_size': 16, 'k': 7}
Trial 358 finished with value 0.237273539 | dataset=fred_md | model=ufgtime_plus | val_MSE=0.656788588 | test_MSE=0.702935866 | MAE=0.237273539 | RMSE=0.838412706 | MAPE=40.300210296% | params={'learning_rate': 0.00701913418329781, 'decay_rate': 9.958577580399519e-05, 'hidden_size': 16, 'beta1': 0.9, 'beta2': 0.95, 'signal_len': 16, 'cheb_order': 2, 's': 9.8331692183613, 'batch_size': 256, 'k': 7}
Trial 359 finished with value 0.101991172 | dataset=fred_md | model=ufgtime_plus | val_MSE=0.568640267 | test_MSE=0.270414794 | MAE=0.101991172 | RMSE=0.520014225 | MAPE=15.088182742% | params={'learning_rate': 0.009802659370188696, 'decay_rate': 0.00016451697281805018, 'hidden_size': 16, 'beta1': 0.95, 'beta2': 0.95, 'signal_len': 16, 'cheb_order': 2, 's': 6.835963367117554, 'batch_size': 32, 'k': 7}
Trial 360 finished with value 1.567683360 | dataset=fred_md | model=ufgtime_plus | val_MSE=5.282427194 | test_MSE=39.067188295 | MAE=1.567683360 | RMSE=6.250375052 | MAPE=95.324120491% | params={'learning_rate': 1.2290980854918641e-05, 'decay_rate': 0.00011345340498926304, 'hidden_size': 16, 'beta1': 0.95, 'beta2': 0.95, 'signal_len': 16, 'cheb_order': 2, 's': 7.177805655107914, 'batch_size': 32, 'k': 8}
Trial 361 finished with value 0.097212033 | dataset=fred_md | model=ufgtime_plus | val_MSE=0.579125883 | test_MSE=0.273543857 | MAE=0.097212033 | RMSE=0.523014204 | MAPE=13.395465006% | params={'learning_rate': 0.00958964216380881, 'decay_rate': 0.00015514775900662687, 'hidden_size': 16, 'beta1': 0.95, 'beta2': 0.95, 'signal_len': 16, 'cheb_order': 2, 's': 7.499424993829185, 'batch_size': 32, 'k': 8}
Trial 362 finished with value 0.123532438 | dataset=fred_md | model=ufgtime_plus | val_MSE=0.550478265 | test_MSE=0.473164767 | MAE=0.123532438 | RMSE=0.687869731 | MAPE=13.819885158% | params={'learning_rate': 0.009943896971780998, 'decay_rate': 0.00011080947681242367, 'hidden_size': 16, 'beta1': 0.95, 'beta2': 0.95, 'signal_len': 16, 'cheb_order': 2, 's': 6.990463570922357, 'batch_size': 32, 'k': 8}
Trial 363 finished with value 0.151021953 | dataset=fred_md | model=ufgtime_plus | val_MSE=0.515764045 | test_MSE=0.538334828 | MAE=0.151021953 | RMSE=0.733713042 | MAPE=19.643091564% | params={'learning_rate': 0.012892080499024459, 'decay_rate': 0.0001320547177098086, 'hidden_size': 16, 'beta1': 0.95, 'beta2': 0.95, 'signal_len': 16, 'cheb_order': 2, 's': 6.900036019157833, 'batch_size': 32, 'k': 8}
Trial 364 finished with value 0.100357616 | dataset=fred_md | model=ufgtime_plus | val_MSE=0.557907294 | test_MSE=0.259207271 | MAE=0.100357616 | RMSE=0.509124023 | MAPE=13.449198390% | params={'learning_rate': 0.00942811034667593, 'decay_rate': 0.00015032506578972976, 'hidden_size': 16, 'beta1': 0.95, 'beta2': 0.95, 'signal_len': 16, 'cheb_order': 2, 's': 6.677294628813668, 'batch_size': 32, 'k': 8}
Trial 365 finished with value 0.105544099 | dataset=fred_md | model=ufgtime_plus | val_MSE=0.561838016 | test_MSE=0.298057043 | MAE=0.105544099 | RMSE=0.545946007 | MAPE=14.018054604% | params={'learning_rate': 0.009070218638894432, 'decay_rate': 0.0001495424929312467, 'hidden_size': 16, 'beta1': 0.95, 'beta2': 0.95, 'signal_len': 16, 'cheb_order': 2, 's': 6.838654790794984, 'batch_size': 32, 'k': 8}
Trial 366 finished with value 0.104676734 | dataset=fred_md | model=ufgtime_plus | val_MSE=0.561861962 | test_MSE=0.328937900 | MAE=0.104676734 | RMSE=0.573531080 | MAPE=13.082630961% | params={'learning_rate': 0.009588734314280627, 'decay_rate': 0.00013137523258525556, 'hidden_size': 16, 'beta1': 0.95, 'beta2': 0.95, 'signal_len': 16, 'cheb_order': 2, 's': 7.207547038374335, 'batch_size': 32, 'k': 8}
Trial 367 finished with value 0.157518914 | dataset=fred_md | model=ufgtime_plus | val_MSE=0.557860365 | test_MSE=0.443318066 | MAE=0.157518914 | RMSE=0.665821347 | MAPE=28.563442703% | params={'learning_rate': 0.007926299828459049, 'decay_rate': 0.00015834552619476571, 'hidden_size': 16, 'beta1': 0.95, 'beta2': 0.95, 'signal_len': 16, 'cheb_order': 3, 's': 6.742758471677773, 'batch_size': 32, 'k': 8}
Trial 368 finished with value 0.140389706 | dataset=fred_md | model=ufgtime_plus | val_MSE=0.520699182 | test_MSE=0.560620670 | MAE=0.140389706 | RMSE=0.748746065 | MAPE=14.580219883% | params={'learning_rate': 0.011077781725213698, 'decay_rate': 9.87485581167946e-05, 'hidden_size': 16, 'beta1': 0.95, 'beta2': 0.95, 'signal_len': 8, 'cheb_order': 2, 's': 6.623706990187516, 'batch_size': 32, 'k': 8}
Trial 369 finished with value 0.159938608 | dataset=fred_md | model=ufgtime_plus | val_MSE=0.477967310 | test_MSE=0.850992490 | MAE=0.159938608 | RMSE=0.922492542 | MAPE=17.968441396% | params={'learning_rate': 0.008410401423834037, 'decay_rate': 0.000116397231095548, 'hidden_size': 16, 'beta1': 0.99, 'beta2': 0.95, 'signal_len': 16, 'cheb_order': 2, 's': 7.484587234250084, 'batch_size': 32, 'k': 8}
Trial 370 finished with value 0.104228091 | dataset=fred_md | model=ufgtime_plus | val_MSE=0.559895945 | test_MSE=0.259311816 | MAE=0.104228091 | RMSE=0.509226684 | MAPE=13.438479836% | params={'learning_rate': 0.00994427288655547, 'decay_rate': 0.00014938874238638606, 'hidden_size': 16, 'beta1': 0.95, 'beta2': 0.95, 'signal_len': 16, 'cheb_order': 2, 's': 7.322485958059969, 'batch_size': 32, 'k': 8}
Trial 371 finished with value 0.099495914 | dataset=fred_md | model=ufgtime_plus | val_MSE=0.553499997 | test_MSE=0.302406573 | MAE=0.099495914 | RMSE=0.549915060 | MAPE=15.829094455% | params={'learning_rate': 0.013943569641621805, 'decay_rate': 0.0001691936832919311, 'hidden_size': 16, 'beta1': 0.95, 'beta2': 0.95, 'signal_len': 16, 'cheb_order': 2, 's': 7.647664042350962, 'batch_size': 128, 'k': 8}
Trial 372 finished with value 0.101063813 | dataset=fred_md | model=ufgtime_plus | val_MSE=0.537077427 | test_MSE=0.334771485 | MAE=0.101063813 | RMSE=0.578594404 | MAPE=12.834946605% | params={'learning_rate': 0.018372268452492027, 'decay_rate': 0.00014023459725049324, 'hidden_size': 16, 'beta1': 0.95, 'beta2': 0.95, 'signal_len': 16, 'cheb_order': 2, 's': 7.378947430552473, 'batch_size': 128, 'k': 8}
Trial 373 finished with value 0.130038869 | dataset=fred_md | model=ufgtime_plus | val_MSE=0.531235099 | test_MSE=0.378129329 | MAE=0.130038869 | RMSE=0.614922214 | MAPE=18.502781760% | params={'learning_rate': 0.01816692616252158, 'decay_rate': 8.446311196294271e-05, 'hidden_size': 16, 'beta1': 0.95, 'beta2': 0.95, 'signal_len': 16, 'cheb_order': 2, 's': 7.59211028989576, 'batch_size': 128, 'k': 8}
Trial 374 finished with value 0.131485298 | dataset=fred_md | model=ufgtime_plus | val_MSE=0.541136444 | test_MSE=0.392317537 | MAE=0.131485298 | RMSE=0.626352566 | MAPE=21.708176921% | params={'learning_rate': 0.022092157755440014, 'decay_rate': 0.00010902169897119703, 'hidden_size': 16, 'beta1': 0.95, 'beta2': 0.95, 'signal_len': 16, 'cheb_order': 2, 's': 7.764048543228488, 'batch_size': 128, 'k': 8}
Trial 375 finished with value 0.158733239 | dataset=fred_md | model=ufgtime_plus | val_MSE=0.539766908 | test_MSE=0.366200327 | MAE=0.158733239 | RMSE=0.605144881 | MAPE=31.127011754% | params={'learning_rate': 0.018784509133831204, 'decay_rate': 0.00013245734580462313, 'hidden_size': 16, 'beta1': 0.95, 'beta2': 0.99, 'signal_len': 16, 'cheb_order': 2, 's': 7.388125751515585, 'batch_size': 128, 'k': 8}
Trial 376 finished with value 0.109100460 | dataset=fred_md | model=ufgtime_plus | val_MSE=0.546979666 | test_MSE=0.326816440 | MAE=0.109100460 | RMSE=0.571678616 | MAPE=14.710674612% | params={'learning_rate': 0.014680329725004344, 'decay_rate': 0.00016021677068726872, 'hidden_size': 16, 'beta1': 0.95, 'beta2': 0.95, 'signal_len': 16, 'cheb_order': 2, 's': 7.667938763038345, 'batch_size': 128, 'k': 8}
Trial 377 finished with value 0.119741328 | dataset=fred_md | model=ufgtime_plus | val_MSE=0.544803739 | test_MSE=0.329458260 | MAE=0.119741328 | RMSE=0.573984547 | MAPE=20.689629632% | params={'learning_rate': 0.0162661061819429, 'decay_rate': 0.00013431113284064644, 'hidden_size': 16, 'beta1': 0.95, 'beta2': 0.95, 'signal_len': 16, 'cheb_order': 2, 's': 7.890962583687729, 'batch_size': 128, 'k': 8}
