Trial 0 finished with value 0.379345835 | dataset=fred_md | model=ufgtime_plus | val_MSE=0.945370317 | test_MSE=1.524723450 | MAE=0.379345835 | RMSE=1.234796926 | MAPE=68.264780079% | params={'learning_rate': 0.0010716295704927556, 'decay_rate': 0.0044204248697702914, 'hidden_size': 16, 'beta1': 0.99, 'beta2': 0.95, 'signal_len': 16, 'cheb_order': 2, 's': 1.8754507673437124, 'batch_size': 256, 'k': 9}
Trial 1 finished with value 1.316142896 | dataset=fred_md | model=ufgtime_plus | val_MSE=3.497036391 | test_MSE=24.148616152 | MAE=1.316142896 | RMSE=4.914124149 | MAPE=74.542605389% | params={'learning_rate': 0.0005093288991452603, 'decay_rate': 0.007711768972549952, 'hidden_size': 32, 'beta1': 0.9, 'beta2': 0.99, 'signal_len': 8, 'cheb_order': 2, 's': 6.590712572185337, 'batch_size': 16, 'k': 2}
Trial 2 finished with value 0.357308259 | dataset=fred_md | model=ufgtime_plus | val_MSE=1.198791170 | test_MSE=2.347126031 | MAE=0.357308259 | RMSE=1.532033300 | MAPE=41.428794592% | params={'learning_rate': 0.0029265104573384325, 'decay_rate': 0.0030246098592898187, 'hidden_size': 64, 'beta1': 0.95, 'beta2': 0.95, 'signal_len': 16, 'cheb_order': 3, 's': 3.2753877688142645, 'batch_size': 64, 'k': 5}
Trial 3 finished with value 0.115200116 | dataset=fred_md | model=ufgtime_plus | val_MSE=0.518038451 | test_MSE=0.386305090 | MAE=0.115200116 | RMSE=0.621534464 | MAPE=14.196077698% | params={'learning_rate': 0.010885022496978598, 'decay_rate': 2.2865184314285014e-05, 'hidden_size': 64, 'beta1': 0.95, 'beta2': 0.95, 'signal_len': 16, 'cheb_order': 3, 's': 4.786940651180563, 'batch_size': 32, 'k': 2}
Trial 4 finished with value 1.368600603 | dataset=fred_md | model=ufgtime_plus | val_MSE=3.809633196 | test_MSE=26.160792762 | MAE=1.368600603 | RMSE=5.114762239 | MAPE=82.623670024% | params={'learning_rate': 0.0013502332895338673, 'decay_rate': 0.02738033515944674, 'hidden_size': 32, 'beta1': 0.9, 'beta2': 0.999, 'signal_len': 16, 'cheb_order': 3, 's': 9.6634780515452, 'batch_size': 64, 'k': 10}
Trial 5 finished with value 1.350484538 | dataset=fred_md | model=ufgtime_plus | val_MSE=3.633548295 | test_MSE=27.015370729 | MAE=1.350484538 | RMSE=5.197631261 | MAPE=82.921823529% | params={'learning_rate': 0.000450716402970127, 'decay_rate': 0.013515754382540787, 'hidden_size': 64, 'beta1': 0.95, 'beta2': 0.95, 'signal_len': 16, 'cheb_order': 2, 's': 6.496899605738527, 'batch_size': 64, 'k': 5}
Trial 6 finished with value 1.220499064 | dataset=fred_md | model=ufgtime_plus | val_MSE=3.405813491 | test_MSE=23.826132231 | MAE=1.220499064 | RMSE=4.881201925 | MAPE=73.875151407% | params={'learning_rate': 3.170403216419513e-05, 'decay_rate': 0.0001268637008825075, 'hidden_size': 32, 'beta1': 0.9, 'beta2': 0.95, 'signal_len': 8, 'cheb_order': 2, 's': 9.283395262327595, 'batch_size': 32, 'k': 7}
Trial 7 finished with value 2.001104908 | dataset=fred_md | model=ufgtime_plus | val_MSE=6.911115170 | test_MSE=50.753434720 | MAE=2.001104908 | RMSE=7.124144490 | MAPE=110.597299965% | params={'learning_rate': 2.870822904231634e-05, 'decay_rate': 0.013701149453915528, 'hidden_size': 16, 'beta1': 0.95, 'beta2': 0.999, 'signal_len': 8, 'cheb_order': 3, 's': 2.6275041276268207, 'batch_size': 256, 'k': 4}
Trial 8 finished with value 1.393681423 | dataset=fred_md | model=ufgtime_plus | val_MSE=3.918300867 | test_MSE=28.219880888 | MAE=1.393681423 | RMSE=5.312238783 | MAPE=85.337021760% | params={'learning_rate': 0.00018942858180534864, 'decay_rate': 0.027098475936476647, 'hidden_size': 16, 'beta1': 0.9, 'beta2': 0.95, 'signal_len': 16, 'cheb_order': 3, 's': 2.9676093658785874, 'batch_size': 32, 'k': 4}
Trial 9 finished with value 1.581551156 | dataset=fred_md | model=ufgtime_plus | val_MSE=4.539611340 | test_MSE=34.660302165 | MAE=1.581551156 | RMSE=5.887300074 | MAPE=94.485343269% | params={'learning_rate': 1.6392610634216824e-05, 'decay_rate': 0.0004044772199850436, 'hidden_size': 32, 'beta1': 0.9, 'beta2': 0.95, 'signal_len': 16, 'cheb_order': 3, 's': 3.4435691529606407, 'batch_size': 32, 'k': 9}
Trial 10 finished with value 0.166542149 | dataset=fred_md | model=ufgtime_plus | val_MSE=0.515142560 | test_MSE=0.594322429 | MAE=0.166542149 | RMSE=0.770923102 | MAPE=23.913043134% | params={'learning_rate': 0.03653709492383896, 'decay_rate': 1.2225033890284156e-05, 'hidden_size': 64, 'beta1': 0.99, 'beta2': 0.99, 'signal_len': 8, 'cheb_order': 3, 's': 5.192297583161556, 'batch_size': 128, 'k': 2}
Trial 11 finished with value 0.174682957 | dataset=fred_md | model=ufgtime_plus | val_MSE=0.525209546 | test_MSE=0.604815598 | MAE=0.174682957 | RMSE=0.777698912 | MAPE=27.881171084% | params={'learning_rate': 0.033096624653611795, 'decay_rate': 1.2983052267715208e-05, 'hidden_size': 64, 'beta1': 0.99, 'beta2': 0.99, 'signal_len': 8, 'cheb_order': 3, 's': 5.0987500910428505, 'batch_size': 128, 'k': 2}
Trial 12 finished with value 0.228971441 | dataset=fred_md | model=ufgtime_plus | val_MSE=0.468516052 | test_MSE=1.089052149 | MAE=0.228971441 | RMSE=1.043576614 | MAPE=24.204259323% | params={'learning_rate': 0.04157010796810431, 'decay_rate': 1.0720144507524464e-05, 'hidden_size': 64, 'beta1': 0.99, 'beta2': 0.99, 'signal_len': 8, 'cheb_order': 3, 's': 5.042339452859392, 'batch_size': 128, 'k': 2}
Trial 13 finished with value 0.161887147 | dataset=fred_md | model=ufgtime_plus | val_MSE=0.660829306 | test_MSE=0.799249552 | MAE=0.161887147 | RMSE=0.894007580 | MAPE=19.277220267% | params={'learning_rate': 0.008658684483571981, 'decay_rate': 5.5962483713112456e-05, 'hidden_size': 64, 'beta1': 0.99, 'beta2': 0.99, 'signal_len': 8, 'cheb_order': 3, 's': 7.314826963858609, 'batch_size': 128, 'k': 3}
Trial 14 finished with value 0.120902977 | dataset=fred_md | model=ufgtime_plus | val_MSE=0.536320205 | test_MSE=0.483972410 | MAE=0.120902977 | RMSE=0.695681256 | MAPE=14.090194935% | params={'learning_rate': 0.006028176762801431, 'decay_rate': 5.548064776688522e-05, 'hidden_size': 64, 'beta1': 0.95, 'beta2': 0.99, 'signal_len': 16, 'cheb_order': 3, 's': 7.910491119007984, 'batch_size': 16, 'k': 4}
Trial 15 finished with value 0.116223068 | dataset=fred_md | model=ufgtime_plus | val_MSE=0.561840785 | test_MSE=0.475542791 | MAE=0.116223068 | RMSE=0.689596107 | MAPE=13.967001694% | params={'learning_rate': 0.006253746830453507, 'decay_rate': 6.250819430700186e-05, 'hidden_size': 64, 'beta1': 0.95, 'beta2': 0.999, 'signal_len': 16, 'cheb_order': 3, 's': 8.672600818536766, 'batch_size': 16, 'k': 6}
Trial 16 finished with value 0.138436864 | dataset=fred_md | model=ufgtime_plus | val_MSE=0.656273335 | test_MSE=0.407390529 | MAE=0.138436864 | RMSE=0.638271516 | MAPE=24.621598818% | params={'learning_rate': 0.0083132788412295, 'decay_rate': 0.0006048464016296007, 'hidden_size': 64, 'beta1': 0.95, 'beta2': 0.999, 'signal_len': 16, 'cheb_order': 3, 's': 8.72617457699067, 'batch_size': 16, 'k': 6}
Trial 17 finished with value 0.166345332 | dataset=fred_md | model=ufgtime_plus | val_MSE=0.583474641 | test_MSE=0.395963826 | MAE=0.166345332 | RMSE=0.629256566 | MAPE=34.093617688% | params={'learning_rate': 0.014280689078683574, 'decay_rate': 0.00013189755169185573, 'hidden_size': 64, 'beta1': 0.95, 'beta2': 0.999, 'signal_len': 16, 'cheb_order': 3, 's': 4.2007014606167274, 'batch_size': 32, 'k': 7}
Trial 18 finished with value 0.410997357 | dataset=fred_md | model=ufgtime_plus | val_MSE=1.362022756 | test_MSE=3.513678522 | MAE=0.410997357 | RMSE=1.874480867 | MAPE=44.106158168% | params={'learning_rate': 0.0026470870550530405, 'decay_rate': 4.766570782999196e-05, 'hidden_size': 64, 'beta1': 0.95, 'beta2': 0.999, 'signal_len': 16, 'cheb_order': 2, 's': 6.255813202995423, 'batch_size': 16, 'k': 7}
Trial 19 finished with value 1.118717230 | dataset=fred_md | model=ufgtime_plus | val_MSE=2.954497494 | test_MSE=19.511994200 | MAE=1.118717230 | RMSE=4.417238300 | MAPE=73.671941678% | params={'learning_rate': 0.0001931727001990411, 'decay_rate': 0.0017613429898168953, 'hidden_size': 16, 'beta1': 0.95, 'beta2': 0.999, 'signal_len': 16, 'cheb_order': 3, 's': 8.13996059986673, 'batch_size': 32, 'k': 8}
Trial 20 finished with value 0.156241961 | dataset=fred_md | model=ufgtime_plus | val_MSE=0.562492637 | test_MSE=0.534761570 | MAE=0.156241961 | RMSE=0.731273936 | MAPE=23.302218859% | params={'learning_rate': 0.015492462907279608, 'decay_rate': 0.00025018464970480306, 'hidden_size': 64, 'beta1': 0.95, 'beta2': 0.999, 'signal_len': 16, 'cheb_order': 3, 's': 4.19944466797792, 'batch_size': 16, 'k': 6}
Trial 21 finished with value 0.142215409 | dataset=fred_md | model=ufgtime_plus | val_MSE=0.582181705 | test_MSE=0.648629279 | MAE=0.142215409 | RMSE=0.805375241 | MAPE=15.422964182% | params={'learning_rate': 0.004197945394070725, 'decay_rate': 3.516219443795876e-05, 'hidden_size': 64, 'beta1': 0.95, 'beta2': 0.99, 'signal_len': 16, 'cheb_order': 3, 's': 8.098914799767003, 'batch_size': 16, 'k': 4}
Trial 22 finished with value 0.148341528 | dataset=fred_md | model=ufgtime_plus | val_MSE=0.523669157 | test_MSE=0.684289018 | MAE=0.148341528 | RMSE=0.827217636 | MAPE=15.128895516% | params={'learning_rate': 0.006219500467753577, 'decay_rate': 2.8848126557880077e-05, 'hidden_size': 64, 'beta1': 0.95, 'beta2': 0.95, 'signal_len': 16, 'cheb_order': 3, 's': 7.486058643054984, 'batch_size': 16, 'k': 3}
Trial 23 finished with value 0.119874810 | dataset=fred_md | model=ufgtime_plus | val_MSE=0.514821233 | test_MSE=0.428400762 | MAE=0.119874810 | RMSE=0.654523309 | MAPE=14.579917998% | params={'learning_rate': 0.017449601837003607, 'decay_rate': 0.00010308463339850519, 'hidden_size': 64, 'beta1': 0.95, 'beta2': 0.99, 'signal_len': 16, 'cheb_order': 3, 's': 8.938453591702487, 'batch_size': 16, 'k': 5}
Trial 24 finished with value 0.115919185 | dataset=fred_md | model=ufgtime_plus | val_MSE=0.538978078 | test_MSE=0.384749010 | MAE=0.115919185 | RMSE=0.620281396 | MAPE=14.972489656% | params={'learning_rate': 0.01960282430484149, 'decay_rate': 0.00015458226953025316, 'hidden_size': 64, 'beta1': 0.95, 'beta2': 0.95, 'signal_len': 16, 'cheb_order': 3, 's': 9.88598559744888, 'batch_size': 16, 'k': 5}
Trial 25 finished with value 0.458884873 | dataset=fred_md | model=ufgtime_plus | val_MSE=1.412336946 | test_MSE=4.320745607 | MAE=0.458884873 | RMSE=2.078640327 | MAPE=44.097899758% | params={'learning_rate': 0.0019540504679493604, 'decay_rate': 2.5297161670326634e-05, 'hidden_size': 64, 'beta1': 0.95, 'beta2': 0.95, 'signal_len': 16, 'cheb_order': 3, 's': 9.9405675285952, 'batch_size': 256, 'k': 6}
Trial 26 finished with value 0.115553879 | dataset=fred_md | model=ufgtime_plus | val_MSE=0.538089823 | test_MSE=0.401702829 | MAE=0.115553879 | RMSE=0.633800307 | MAPE=14.585917831% | params={'learning_rate': 0.023455331280754017, 'decay_rate': 0.00020674890733183966, 'hidden_size': 64, 'beta1': 0.95, 'beta2': 0.95, 'signal_len': 16, 'cheb_order': 2, 's': 5.979473711259146, 'batch_size': 32, 'k': 3}
Trial 27 finished with value 0.145727332 | dataset=fred_md | model=ufgtime_plus | val_MSE=0.547303794 | test_MSE=0.519200223 | MAE=0.145727332 | RMSE=0.720555496 | MAPE=18.051697502% | params={'learning_rate': 0.022247832044099712, 'decay_rate': 0.0002955105899844126, 'hidden_size': 64, 'beta1': 0.95, 'beta2': 0.95, 'signal_len': 16, 'cheb_order': 2, 's': 1.1643466713178081, 'batch_size': 32, 'k': 3}
Trial 28 finished with value 0.124607064 | dataset=fred_md | model=ufgtime_plus | val_MSE=0.651049644 | test_MSE=0.351694343 | MAE=0.124607064 | RMSE=0.593038230 | MAPE=15.797878091% | params={'learning_rate': 0.047471396640028196, 'decay_rate': 0.0009558627719473519, 'hidden_size': 16, 'beta1': 0.95, 'beta2': 0.95, 'signal_len': 16, 'cheb_order': 2, 's': 6.092588539959821, 'batch_size': 32, 'k': 3}
Trial 29 finished with value 0.112798947 | dataset=fred_md | model=ufgtime_plus | val_MSE=0.523043208 | test_MSE=0.420181997 | MAE=0.112798947 | RMSE=0.648214469 | MAPE=13.360662193% | params={'learning_rate': 0.01142576430798665, 'decay_rate': 0.00019372848603916513, 'hidden_size': 32, 'beta1': 0.95, 'beta2': 0.95, 'signal_len': 16, 'cheb_order': 2, 's': 4.249571446234102, 'batch_size': 32, 'k': 3}
Trial 30 finished with value 0.124854824 | dataset=fred_md | model=ufgtime_plus | val_MSE=0.637432283 | test_MSE=0.407552084 | MAE=0.124854824 | RMSE=0.638398061 | MAPE=16.506320984% | params={'learning_rate': 0.009642702273211063, 'decay_rate': 0.0007739606112966954, 'hidden_size': 32, 'beta1': 0.99, 'beta2': 0.95, 'signal_len': 16, 'cheb_order': 2, 's': 4.16501017348326, 'batch_size': 32, 'k': 3}
Trial 31 finished with value 0.116916968 | dataset=fred_md | model=ufgtime_plus | val_MSE=0.527432518 | test_MSE=0.485906673 | MAE=0.116916968 | RMSE=0.697070063 | MAPE=13.442787165% | params={'learning_rate': 0.023391815889410913, 'decay_rate': 0.00019503558321769287, 'hidden_size': 32, 'beta1': 0.95, 'beta2': 0.95, 'signal_len': 16, 'cheb_order': 2, 's': 2.2492029815251757, 'batch_size': 32, 'k': 2}
Trial 32 finished with value 0.130679131 | dataset=fred_md | model=ufgtime_plus | val_MSE=0.505238969 | test_MSE=0.624726777 | MAE=0.130679131 | RMSE=0.790396595 | MAPE=14.083294272% | params={'learning_rate': 0.013592842910932478, 'decay_rate': 0.0001004134868326239, 'hidden_size': 32, 'beta1': 0.95, 'beta2': 0.95, 'signal_len': 16, 'cheb_order': 2, 's': 5.7165511372930355, 'batch_size': 32, 'k': 3}
Trial 33 finished with value 0.302931163 | dataset=fred_md | model=ufgtime_plus | val_MSE=0.733167470 | test_MSE=2.659711374 | MAE=0.302931163 | RMSE=1.630862157 | MAPE=31.175822789% | params={'learning_rate': 0.0240652883897213, 'decay_rate': 0.0014340047198272425, 'hidden_size': 32, 'beta1': 0.95, 'beta2': 0.95, 'signal_len': 16, 'cheb_order': 2, 's': 4.661895798492383, 'batch_size': 256, 'k': 5}
Trial 34 finished with value 0.641689483 | dataset=fred_md | model=ufgtime_plus | val_MSE=1.771365521 | test_MSE=6.630100214 | MAE=0.641689483 | RMSE=2.574898098 | MAPE=47.243287056% | params={'learning_rate': 0.000863881148544919, 'decay_rate': 0.00044729224878633, 'hidden_size': 32, 'beta1': 0.95, 'beta2': 0.95, 'signal_len': 16, 'cheb_order': 2, 's': 3.706538032790079, 'batch_size': 32, 'k': 2}
Trial 35 finished with value 0.132135981 | dataset=fred_md | model=ufgtime_plus | val_MSE=0.630895547 | test_MSE=0.328214525 | MAE=0.132135981 | RMSE=0.572900100 | MAPE=26.168941939% | params={'learning_rate': 0.0046410297439425175, 'decay_rate': 0.00018039449304003895, 'hidden_size': 32, 'beta1': 0.9, 'beta2': 0.95, 'signal_len': 16, 'cheb_order': 2, 's': 5.528480147720879, 'batch_size': 64, 'k': 4}
Trial 36 finished with value 0.192087797 | dataset=fred_md | model=ufgtime_plus | val_MSE=0.834761419 | test_MSE=0.471387268 | MAE=0.192087797 | RMSE=0.686576484 | MAPE=45.198537612% | params={'learning_rate': 0.0024793169290427647, 'decay_rate': 1.9016683675283333e-05, 'hidden_size': 16, 'beta1': 0.95, 'beta2': 0.95, 'signal_len': 16, 'cheb_order': 2, 's': 4.672605730930804, 'batch_size': 32, 'k': 5}
Trial 37 finished with value 1.283091522 | dataset=fred_md | model=ufgtime_plus | val_MSE=3.302097625 | test_MSE=24.310621365 | MAE=1.283091522 | RMSE=4.930580226 | MAPE=79.745570370% | params={'learning_rate': 0.0003563766050986986, 'decay_rate': 0.0031300928092891306, 'hidden_size': 64, 'beta1': 0.95, 'beta2': 0.95, 'signal_len': 16, 'cheb_order': 2, 's': 6.9183574388684015, 'batch_size': 64, 'k': 2}
Trial 38 finished with value 0.278543699 | dataset=fred_md | model=ufgtime_plus | val_MSE=0.524987383 | test_MSE=2.124192006 | MAE=0.278543699 | RMSE=1.457460808 | MAPE=26.570914227% | params={'learning_rate': 0.0016759752873858973, 'decay_rate': 7.677306902588735e-05, 'hidden_size': 32, 'beta1': 0.9, 'beta2': 0.95, 'signal_len': 8, 'cheb_order': 2, 's': 1.6560457137632842, 'batch_size': 32, 'k': 4}
Trial 39 finished with value 0.196205240 | dataset=fred_md | model=ufgtime_plus | val_MSE=0.886280477 | test_MSE=0.642123566 | MAE=0.196205240 | RMSE=0.801326130 | MAPE=31.267222010% | params={'learning_rate': 0.004209246130085472, 'decay_rate': 0.0003879478649220861, 'hidden_size': 64, 'beta1': 0.95, 'beta2': 0.95, 'signal_len': 16, 'cheb_order': 2, 's': 2.8154845473253465, 'batch_size': 256, 'k': 3}
Trial 40 finished with value 0.944651424 | dataset=fred_md | model=ufgtime_plus | val_MSE=2.348945289 | test_MSE=13.817798518 | MAE=0.944651424 | RMSE=3.717229952 | MAPE=66.764912192% | params={'learning_rate': 6.251774621269078e-05, 'decay_rate': 0.00016603911091101913, 'hidden_size': 16, 'beta1': 0.95, 'beta2': 0.95, 'signal_len': 16, 'cheb_order': 2, 's': 3.8455367846231714, 'batch_size': 32, 'k': 5}
Trial 41 finished with value 0.140414004 | dataset=fred_md | model=ufgtime_plus | val_MSE=0.572702824 | test_MSE=0.424434558 | MAE=0.140414004 | RMSE=0.651486422 | MAPE=23.747386640% | params={'learning_rate': 0.012253559958579676, 'decay_rate': 8.247271681912079e-05, 'hidden_size': 64, 'beta1': 0.95, 'beta2': 0.999, 'signal_len': 16, 'cheb_order': 3, 's': 9.544203421783646, 'batch_size': 16, 'k': 6}
Trial 42 finished with value 0.133439891 | dataset=fred_md | model=ufgtime_plus | val_MSE=0.516539834 | test_MSE=0.407038410 | MAE=0.133439891 | RMSE=0.637995619 | MAPE=18.690916948% | params={'learning_rate': 0.027247509279266877, 'decay_rate': 4.413353140477449e-05, 'hidden_size': 64, 'beta1': 0.95, 'beta2': 0.999, 'signal_len': 16, 'cheb_order': 3, 's': 8.74194823567662, 'batch_size': 16, 'k': 8}
Trial 43 finished with value 0.132472088 | dataset=fred_md | model=ufgtime_plus | val_MSE=0.510988300 | test_MSE=0.624577009 | MAE=0.132472088 | RMSE=0.790301847 | MAPE=13.841712126% | params={'learning_rate': 0.0077066456937336415, 'decay_rate': 1.8475790206432855e-05, 'hidden_size': 64, 'beta1': 0.95, 'beta2': 0.95, 'signal_len': 16, 'cheb_order': 3, 's': 9.99384221193844, 'batch_size': 16, 'k': 4}
Trial 44 finished with value 1.066905380 | dataset=fred_md | model=ufgtime_plus | val_MSE=2.584698943 | test_MSE=17.205582287 | MAE=1.066905380 | RMSE=4.147961221 | MAPE=65.352861714% | params={'learning_rate': 0.0011661562396218966, 'decay_rate': 6.812023026108085e-05, 'hidden_size': 64, 'beta1': 0.9, 'beta2': 0.95, 'signal_len': 16, 'cheb_order': 3, 's': 9.178468054031145, 'batch_size': 64, 'k': 10}
Trial 45 finished with value 0.274670299 | dataset=fred_md | model=ufgtime_plus | val_MSE=0.505406205 | test_MSE=1.350514408 | MAE=0.274670299 | RMSE=1.162116349 | MAPE=30.846822997% | params={'learning_rate': 0.01861562468956184, 'decay_rate': 0.0002808622505190564, 'hidden_size': 64, 'beta1': 0.99, 'beta2': 0.95, 'signal_len': 8, 'cheb_order': 3, 's': 6.834437283376118, 'batch_size': 32, 'k': 2}
Trial 46 finished with value 0.155241427 | dataset=fred_md | model=ufgtime_plus | val_MSE=0.572272539 | test_MSE=0.393509631 | MAE=0.155241427 | RMSE=0.627303460 | MAPE=29.115901304% | params={'learning_rate': 0.03133673745173777, 'decay_rate': 0.00014754595810961344, 'hidden_size': 64, 'beta1': 0.95, 'beta2': 0.999, 'signal_len': 16, 'cheb_order': 3, 's': 3.357048825346176, 'batch_size': 128, 'k': 8}
Trial 47 finished with value 0.165066273 | dataset=fred_md | model=ufgtime_plus | val_MSE=0.504811542 | test_MSE=0.832437773 | MAE=0.165066273 | RMSE=0.912380279 | MAPE=15.340988985% | params={'learning_rate': 0.010973699307067125, 'decay_rate': 1.893886876766118e-05, 'hidden_size': 32, 'beta1': 0.95, 'beta2': 0.95, 'signal_len': 8, 'cheb_order': 3, 's': 4.642165181907312, 'batch_size': 16, 'k': 3}
Trial 48 finished with value 0.104626230 | dataset=fred_md | model=ufgtime_plus | val_MSE=0.562059019 | test_MSE=0.270083038 | MAE=0.104626230 | RMSE=0.519695139 | MAPE=13.466570625% | params={'learning_rate': 0.048507246114035674, 'decay_rate': 3.432016261749854e-05, 'hidden_size': 64, 'beta1': 0.95, 'beta2': 0.999, 'signal_len': 16, 'cheb_order': 2, 's': 8.42937862940926, 'batch_size': 32, 'k': 7}
Trial 49 finished with value 0.137231339 | dataset=fred_md | model=ufgtime_plus | val_MSE=0.916461884 | test_MSE=0.357080973 | MAE=0.137231339 | RMSE=0.597562526 | MAPE=19.380272368% | params={'learning_rate': 0.04978133301664689, 'decay_rate': 0.009169925204634603, 'hidden_size': 64, 'beta1': 0.99, 'beta2': 0.95, 'signal_len': 16, 'cheb_order': 2, 's': 5.668738303948194, 'batch_size': 32, 'k': 7}
Trial 50 finished with value 0.131099294 | dataset=fred_md | model=ufgtime_plus | val_MSE=0.535625813 | test_MSE=0.457905687 | MAE=0.131099294 | RMSE=0.676687289 | MAPE=15.672937905% | params={'learning_rate': 0.03669131799711496, 'decay_rate': 1.0360443173179514e-05, 'hidden_size': 64, 'beta1': 0.9, 'beta2': 0.999, 'signal_len': 16, 'cheb_order': 2, 's': 7.466558793418321, 'batch_size': 32, 'k': 2}
Trial 51 finished with value 0.199696678 | dataset=fred_md | model=ufgtime_plus | val_MSE=0.539613379 | test_MSE=1.066630140 | MAE=0.199696678 | RMSE=1.032777876 | MAPE=18.111617545% | params={'learning_rate': 0.005579893272320886, 'decay_rate': 4.14672923307959e-05, 'hidden_size': 64, 'beta1': 0.95, 'beta2': 0.999, 'signal_len': 16, 'cheb_order': 2, 's': 8.545319331225558, 'batch_size': 32, 'k': 7}
Trial 52 finished with value 0.157985667 | dataset=fred_md | model=ufgtime_plus | val_MSE=0.560795513 | test_MSE=0.472962990 | MAE=0.157985667 | RMSE=0.687723047 | MAPE=29.266254312% | params={'learning_rate': 0.018700112142963896, 'decay_rate': 0.00010621425323331172, 'hidden_size': 64, 'beta1': 0.95, 'beta2': 0.999, 'signal_len': 16, 'cheb_order': 2, 's': 9.606219744053806, 'batch_size': 32, 'k': 6}
Trial 53 finished with value 0.264991607 | dataset=fred_md | model=ufgtime_plus | val_MSE=1.102588296 | test_MSE=1.545221354 | MAE=0.264991607 | RMSE=1.243069328 | MAPE=36.633841059% | params={'learning_rate': 0.003458695303169957, 'decay_rate': 2.924678428863791e-05, 'hidden_size': 64, 'beta1': 0.95, 'beta2': 0.999, 'signal_len': 16, 'cheb_order': 3, 's': 8.391347511273597, 'batch_size': 128, 'k': 7}
