Trial 486 finished with value 0.225630257 | dataset=fred_md | model=ufgtime_plus | val_MSE=0.771369994 | test_MSE=1.045925850 | MAE=0.225630257 | RMSE=1.022705163 | MAPE=29.374812470% | params={'learning_rate': 0.008288089463676334, 'decay_rate': 0.00016801153765139452, 'hidden_size': 16, 'beta1': 0.95, 'beta2': 0.95, 'signal_len': 8, 'cheb_order': 2, 's': 5.4219504916948145, 'batch_size': 256, 'k': 7}
Trial 487 finished with value 0.127717567 | dataset=fred_md | model=ufgtime_plus | val_MSE=0.552137254 | test_MSE=0.377657592 | MAE=0.127717567 | RMSE=0.614538520 | MAPE=22.177411001% | params={'learning_rate': 0.0066291957103558116, 'decay_rate': 9.127221900945493e-05, 'hidden_size': 64, 'beta1': 0.95, 'beta2': 0.95, 'signal_len': 16, 'cheb_order': 2, 's': 6.551162500968964, 'batch_size': 32, 'k': 9}
Trial 488 finished with value 0.109924592 | dataset=fred_md | model=ufgtime_plus | val_MSE=0.551679702 | test_MSE=0.383871454 | MAE=0.109924592 | RMSE=0.619573607 | MAPE=13.628032075% | params={'learning_rate': 0.009645178037085561, 'decay_rate': 0.00031686360681492846, 'hidden_size': 16, 'beta1': 0.95, 'beta2': 0.95, 'signal_len': 16, 'cheb_order': 2, 's': 7.477773120677702, 'batch_size': 32, 'k': 7}
Trial 489 finished with value 0.124915378 | dataset=fred_md | model=ufgtime_plus | val_MSE=0.539099503 | test_MSE=0.394038611 | MAE=0.124915378 | RMSE=0.627724949 | MAPE=22.395684702% | params={'learning_rate': 0.011773252414065839, 'decay_rate': 0.00019312856103877426, 'hidden_size': 16, 'beta1': 0.95, 'beta2': 0.95, 'signal_len': 16, 'cheb_order': 2, 's': 7.889749431331735, 'batch_size': 32, 'k': 8}
Trial 490 finished with value 0.140285547 | dataset=fred_md | model=ufgtime_plus | val_MSE=0.519663729 | test_MSE=0.479653588 | MAE=0.140285547 | RMSE=0.692570277 | MAPE=17.381081299% | params={'learning_rate': 0.015748287128938603, 'decay_rate': 0.00011578914165197285, 'hidden_size': 64, 'beta1': 0.95, 'beta2': 0.95, 'signal_len': 16, 'cheb_order': 2, 's': 6.8515971653765355, 'batch_size': 32, 'k': 7}
Trial 491 finished with value 0.113220873 | dataset=fred_md | model=ufgtime_plus | val_MSE=0.530028701 | test_MSE=0.468753201 | MAE=0.113220873 | RMSE=0.684655535 | MAPE=12.683719850% | params={'learning_rate': 0.007837172351705883, 'decay_rate': 0.0001425049079672053, 'hidden_size': 16, 'beta1': 0.95, 'beta2': 0.95, 'signal_len': 16, 'cheb_order': 3, 's': 6.382292696366861, 'batch_size': 128, 'k': 7}
Trial 492 finished with value 0.249111116 | dataset=fred_md | model=ufgtime_plus | val_MSE=0.772350073 | test_MSE=1.306519496 | MAE=0.249111116 | RMSE=1.143030838 | MAPE=31.880733799% | params={'learning_rate': 0.010526667608866258, 'decay_rate': 0.00023129823340657855, 'hidden_size': 16, 'beta1': 0.95, 'beta2': 0.95, 'signal_len': 16, 'cheb_order': 2, 's': 6.087097438955176, 'batch_size': 256, 'k': 8}
Trial 493 finished with value 0.190143646 | dataset=fred_md | model=ufgtime_plus | val_MSE=0.603753413 | test_MSE=0.695540664 | MAE=0.190143646 | RMSE=0.833990806 | MAPE=26.302691897% | params={'learning_rate': 0.004593529653592106, 'decay_rate': 0.00017204837334134534, 'hidden_size': 64, 'beta1': 0.95, 'beta2': 0.95, 'signal_len': 16, 'cheb_order': 2, 's': 5.846428296105869, 'batch_size': 32, 'k': 7}
Trial 494 finished with value 0.106756324 | dataset=fred_md | model=ufgtime_plus | val_MSE=0.576655143 | test_MSE=0.301557912 | MAE=0.106756324 | RMSE=0.549142889 | MAPE=16.187612483% | params={'learning_rate': 0.008780587341143706, 'decay_rate': 0.00019613479049459238, 'hidden_size': 16, 'beta1': 0.95, 'beta2': 0.95, 'signal_len': 16, 'cheb_order': 2, 's': 7.099108835086057, 'batch_size': 32, 'k': 7}
Trial 495 finished with value 0.157465118 | dataset=fred_md | model=ufgtime_plus | val_MSE=0.632529814 | test_MSE=0.358018222 | MAE=0.157465118 | RMSE=0.598346239 | MAPE=32.083888470% | params={'learning_rate': 0.013777784495025683, 'decay_rate': 0.00010322096273904592, 'hidden_size': 16, 'beta1': 0.9, 'beta2': 0.999, 'signal_len': 16, 'cheb_order': 2, 's': 6.647020726440491, 'batch_size': 32, 'k': 8}
Trial 496 finished with value 1.305947592 | dataset=fred_md | model=ufgtime_plus | val_MSE=3.291115382 | test_MSE=24.773991443 | MAE=1.305947592 | RMSE=4.977347832 | MAPE=77.328433649% | params={'learning_rate': 4.915975208842787e-05, 'decay_rate': 0.00014747621263443825, 'hidden_size': 64, 'beta1': 0.95, 'beta2': 0.95, 'signal_len': 16, 'cheb_order': 2, 's': 5.628847459085621, 'batch_size': 32, 'k': 7}
Trial 497 finished with value 0.107122504 | dataset=fred_md | model=ufgtime_plus | val_MSE=0.551262972 | test_MSE=0.350038780 | MAE=0.107122504 | RMSE=0.591640753 | MAPE=13.153629684% | params={'learning_rate': 0.00630407262977313, 'decay_rate': 0.00027051708850881514, 'hidden_size': 32, 'beta1': 0.95, 'beta2': 0.95, 'signal_len': 16, 'cheb_order': 2, 's': 6.228480184727476, 'batch_size': 16, 'k': 7}
Trial 498 finished with value 0.142998564 | dataset=fred_md | model=ufgtime_plus | val_MSE=0.526858929 | test_MSE=0.567730783 | MAE=0.142998564 | RMSE=0.753479119 | MAPE=18.226764582% | params={'learning_rate': 0.0109753160463657, 'decay_rate': 0.00021749909549604262, 'hidden_size': 16, 'beta1': 0.95, 'beta2': 0.95, 'signal_len': 16, 'cheb_order': 2, 's': 6.485321599061386, 'batch_size': 32, 'k': 8}
Trial 499 finished with value 0.146522606 | dataset=fred_md | model=ufgtime_plus | val_MSE=0.502318442 | test_MSE=0.798338829 | MAE=0.146522606 | RMSE=0.893498085 | MAPE=15.326228414% | params={'learning_rate': 0.007787657956060874, 'decay_rate': 0.00013130252302969526, 'hidden_size': 16, 'beta1': 0.95, 'beta2': 0.95, 'signal_len': 16, 'cheb_order': 3, 's': 6.015279085178191, 'batch_size': 128, 'k': 6}
Best trial 143 | value=0.096417444 | dataset=fred_md | model=ufgtime_plus | params={'learning_rate': 0.008361991693040426, 'decay_rate': 0.00017109579355171402, 'hidden_size': 16, 'beta1': 0.95, 'beta2': 0.95, 'signal_len': 16, 'cheb_order': 2, 's': 6.463201645644522, 'batch_size': 256, 'k': 7} | val_MSE=0.591027200 | test_MSE=0.249019155 | MAE=0.096417444 | RMSE=0.499018191 | MAPE=13.868832341%
