Trial 378 finished with value 0.154029621 | dataset=fred_md | model=ufgtime_plus | val_MSE=0.514233144 | test_MSE=0.645266757 | MAE=0.154029621 | RMSE=0.803284979 | MAPE=15.607521846% | params={'learning_rate': 0.02465455623947326, 'decay_rate': 0.00016738323910846445, 'hidden_size': 16, 'beta1': 0.95, 'beta2': 0.95, 'signal_len': 16, 'cheb_order': 3, 's': 7.347209358844838, 'batch_size': 64, 'k': 8}
Trial 379 finished with value 0.120130277 | dataset=fred_md | model=ufgtime_plus | val_MSE=0.549795330 | test_MSE=0.349397596 | MAE=0.120130277 | RMSE=0.591098634 | MAPE=19.109392787% | params={'learning_rate': 0.013571513201324747, 'decay_rate': 0.0001521530022027982, 'hidden_size': 16, 'beta1': 0.95, 'beta2': 0.95, 'signal_len': 16, 'cheb_order': 2, 's': 7.513301959681461, 'batch_size': 128, 'k': 8}
Trial 380 finished with value 0.122323398 | dataset=fred_md | model=ufgtime_plus | val_MSE=0.528251529 | test_MSE=0.395034628 | MAE=0.122323398 | RMSE=0.628517802 | MAPE=17.699005161% | params={'learning_rate': 0.019867154975428965, 'decay_rate': 0.00011772266275889253, 'hidden_size': 16, 'beta1': 0.95, 'beta2': 0.95, 'signal_len': 16, 'cheb_order': 2, 's': 7.2000874940090585, 'batch_size': 128, 'k': 8}
Trial 381 finished with value 0.142276158 | dataset=fred_md | model=ufgtime_plus | val_MSE=0.561525643 | test_MSE=0.331115785 | MAE=0.142276158 | RMSE=0.575426611 | MAPE=26.345639506% | params={'learning_rate': 0.015206860268638373, 'decay_rate': 9.542334786394999e-05, 'hidden_size': 16, 'beta1': 0.95, 'beta2': 0.95, 'signal_len': 16, 'cheb_order': 2, 's': 7.632574893518731, 'batch_size': 128, 'k': 8}
Trial 382 finished with value 0.194753675 | dataset=fred_md | model=ufgtime_plus | val_MSE=0.601972699 | test_MSE=0.532605709 | MAE=0.194753675 | RMSE=0.729798403 | MAPE=35.567737270% | params={'learning_rate': 0.012713106878502287, 'decay_rate': 0.00017391129417818112, 'hidden_size': 16, 'beta1': 0.9, 'beta2': 0.95, 'signal_len': 16, 'cheb_order': 2, 's': 7.432003511754077, 'batch_size': 128, 'k': 8}
Trial 383 finished with value 0.108139739 | dataset=fred_md | model=ufgtime_plus | val_MSE=0.556554675 | test_MSE=0.292403499 | MAE=0.108139739 | RMSE=0.540743469 | MAPE=16.197710303% | params={'learning_rate': 0.011788631613537597, 'decay_rate': 0.0001732484036858053, 'hidden_size': 16, 'beta1': 0.95, 'beta2': 0.95, 'signal_len': 16, 'cheb_order': 2, 's': 6.9937863072993425, 'batch_size': 128, 'k': 8}
Trial 384 finished with value 0.104695546 | dataset=fred_md | model=ufgtime_plus | val_MSE=0.545099199 | test_MSE=0.317823622 | MAE=0.104695546 | RMSE=0.563758478 | MAPE=14.911523751% | params={'learning_rate': 0.016404246186924997, 'decay_rate': 0.00014031510375453802, 'hidden_size': 16, 'beta1': 0.95, 'beta2': 0.95, 'signal_len': 16, 'cheb_order': 2, 's': 7.178694768481128, 'batch_size': 128, 'k': 8}
Trial 385 finished with value 0.130173539 | dataset=fred_md | model=ufgtime_plus | val_MSE=0.527222996 | test_MSE=0.435101411 | MAE=0.130173539 | RMSE=0.659622173 | MAPE=19.733923719% | params={'learning_rate': 0.013961978854585791, 'decay_rate': 0.00018299211376352436, 'hidden_size': 16, 'beta1': 0.95, 'beta2': 0.95, 'signal_len': 16, 'cheb_order': 2, 's': 6.986219089267271, 'batch_size': 16, 'k': 8}
Trial 386 finished with value 0.189464253 | dataset=fred_md | model=ufgtime_plus | val_MSE=0.553428643 | test_MSE=0.513903426 | MAE=0.189464253 | RMSE=0.716870578 | MAPE=33.508512728% | params={'learning_rate': 0.0072159338833511725, 'decay_rate': 0.0001191514460232851, 'hidden_size': 16, 'beta1': 0.95, 'beta2': 0.95, 'signal_len': 16, 'cheb_order': 2, 's': 7.966345812229365, 'batch_size': 32, 'k': 8}
Trial 387 finished with value 0.133953334 | dataset=fred_md | model=ufgtime_plus | val_MSE=0.566775918 | test_MSE=0.324929914 | MAE=0.133953334 | RMSE=0.570026240 | MAPE=25.883912555% | params={'learning_rate': 0.012004878326033322, 'decay_rate': 0.0001494979958327899, 'hidden_size': 16, 'beta1': 0.95, 'beta2': 0.95, 'signal_len': 16, 'cheb_order': 2, 's': 6.8030118370225034, 'batch_size': 128, 'k': 8}
Trial 388 finished with value 0.132350347 | dataset=fred_md | model=ufgtime_plus | val_MSE=0.553784370 | test_MSE=0.368975152 | MAE=0.132350347 | RMSE=0.607433249 | MAPE=23.273874560% | params={'learning_rate': 0.008755987481800523, 'decay_rate': 0.00019349411417487358, 'hidden_size': 32, 'beta1': 0.95, 'beta2': 0.95, 'signal_len': 16, 'cheb_order': 2, 's': 6.656026253763331, 'batch_size': 128, 'k': 8}
Trial 389 finished with value 0.117186563 | dataset=fred_md | model=ufgtime_plus | val_MSE=0.543603837 | test_MSE=0.502174581 | MAE=0.117186563 | RMSE=0.708642774 | MAPE=12.318580569% | params={'learning_rate': 0.010299194533079778, 'decay_rate': 0.00016251634405363844, 'hidden_size': 16, 'beta1': 0.95, 'beta2': 0.95, 'signal_len': 8, 'cheb_order': 2, 's': 7.098243521291231, 'batch_size': 128, 'k': 8}
Trial 390 finished with value 0.122552749 | dataset=fred_md | model=ufgtime_plus | val_MSE=0.543174291 | test_MSE=0.451546079 | MAE=0.122552749 | RMSE=0.671971785 | MAPE=14.151878235% | params={'learning_rate': 0.019990407396026078, 'decay_rate': 0.00021387429703414621, 'hidden_size': 16, 'beta1': 0.95, 'beta2': 0.95, 'signal_len': 16, 'cheb_order': 3, 's': 6.851964805530356, 'batch_size': 32, 'k': 8}
Trial 391 finished with value 0.176685936 | dataset=fred_md | model=ufgtime_plus | val_MSE=0.556775203 | test_MSE=0.471016557 | MAE=0.176685936 | RMSE=0.686306460 | MAPE=32.202859039% | params={'learning_rate': 0.0071852541723791165, 'decay_rate': 0.0001354773119432978, 'hidden_size': 16, 'beta1': 0.95, 'beta2': 0.95, 'signal_len': 16, 'cheb_order': 2, 's': 6.600786078526252, 'batch_size': 32, 'k': 7}
Trial 392 finished with value 0.151365398 | dataset=fred_md | model=ufgtime_plus | val_MSE=0.523638011 | test_MSE=0.511379397 | MAE=0.151365398 | RMSE=0.715107962 | MAPE=23.431620666% | params={'learning_rate': 0.011908435945072677, 'decay_rate': 0.00018059024379839218, 'hidden_size': 16, 'beta1': 0.95, 'beta2': 0.95, 'signal_len': 16, 'cheb_order': 2, 's': 7.4299262304569424, 'batch_size': 32, 'k': 8}
Trial 393 finished with value 0.156382964 | dataset=fred_md | model=ufgtime_plus | val_MSE=0.479419032 | test_MSE=0.602534406 | MAE=0.156382964 | RMSE=0.776230897 | MAPE=22.459751858% | params={'learning_rate': 0.014355826386384642, 'decay_rate': 0.00011130080488158848, 'hidden_size': 16, 'beta1': 0.99, 'beta2': 0.95, 'signal_len': 16, 'cheb_order': 2, 's': 6.444385374195589, 'batch_size': 32, 'k': 7}
Trial 394 finished with value 0.122572572 | dataset=fred_md | model=ufgtime_plus | val_MSE=0.805966352 | test_MSE=0.401238785 | MAE=0.122572572 | RMSE=0.633434121 | MAPE=16.324814672% | params={'learning_rate': 0.008514097878014926, 'decay_rate': 0.0022619345520968103, 'hidden_size': 16, 'beta1': 0.95, 'beta2': 0.95, 'signal_len': 16, 'cheb_order': 2, 's': 7.726246605591192, 'batch_size': 32, 'k': 7}
Trial 395 finished with value 0.261600325 | dataset=fred_md | model=ufgtime_plus | val_MSE=0.914635076 | test_MSE=1.297697596 | MAE=0.261600325 | RMSE=1.139165307 | MAPE=35.655293815% | params={'learning_rate': 0.010247371599561392, 'decay_rate': 0.010775449544593979, 'hidden_size': 16, 'beta1': 0.95, 'beta2': 0.99, 'signal_len': 16, 'cheb_order': 2, 's': 6.793366481855191, 'batch_size': 32, 'k': 9}
Trial 396 finished with value 0.113196294 | dataset=fred_md | model=ufgtime_plus | val_MSE=0.536798375 | test_MSE=0.402459621 | MAE=0.113196294 | RMSE=0.634397053 | MAPE=13.549589216% | params={'learning_rate': 0.006626904427016312, 'decay_rate': 0.00021660681987870073, 'hidden_size': 32, 'beta1': 0.95, 'beta2': 0.95, 'signal_len': 16, 'cheb_order': 2, 's': 6.523492428491832, 'batch_size': 32, 'k': 7}
Trial 397 finished with value 0.113549120 | dataset=fred_md | model=ufgtime_plus | val_MSE=0.574925900 | test_MSE=0.291053311 | MAE=0.113549120 | RMSE=0.539493569 | MAPE=17.651615362% | params={'learning_rate': 0.008252815401804111, 'decay_rate': 0.0001502947349860821, 'hidden_size': 16, 'beta1': 0.95, 'beta2': 0.95, 'signal_len': 16, 'cheb_order': 2, 's': 7.053596889118859, 'batch_size': 128, 'k': 8}
Trial 398 finished with value 0.143046074 | dataset=fred_md | model=ufgtime_plus | val_MSE=0.534187876 | test_MSE=0.462968442 | MAE=0.143046074 | RMSE=0.680417844 | MAPE=23.395730731% | params={'learning_rate': 0.012034368769382296, 'decay_rate': 0.00018038978336033137, 'hidden_size': 16, 'beta1': 0.95, 'beta2': 0.95, 'signal_len': 16, 'cheb_order': 2, 's': 7.311162516908457, 'batch_size': 32, 'k': 7}
Trial 399 finished with value 0.104189237 | dataset=fred_md | model=ufgtime_plus | val_MSE=0.565483528 | test_MSE=0.336878545 | MAE=0.104189237 | RMSE=0.580412392 | MAPE=12.578140633% | params={'learning_rate': 0.009893410697091027, 'decay_rate': 0.00012807364582222348, 'hidden_size': 16, 'beta1': 0.95, 'beta2': 0.95, 'signal_len': 16, 'cheb_order': 2, 's': 6.46650018154679, 'batch_size': 32, 'k': 7}
Trial 400 finished with value 0.106205133 | dataset=fred_md | model=ufgtime_plus | val_MSE=0.552461158 | test_MSE=0.370583635 | MAE=0.106205133 | RMSE=0.608755809 | MAPE=12.830311713% | params={'learning_rate': 0.014883782972583484, 'decay_rate': 0.00022983655540886267, 'hidden_size': 16, 'beta1': 0.95, 'beta2': 0.95, 'signal_len': 16, 'cheb_order': 2, 's': 1.6257240906191077, 'batch_size': 64, 'k': 7}
Trial 401 finished with value 0.135974543 | dataset=fred_md | model=ufgtime_plus | val_MSE=0.583378222 | test_MSE=0.366336777 | MAE=0.135974543 | RMSE=0.605257612 | MAPE=26.739167081% | params={'learning_rate': 0.007680381678110649, 'decay_rate': 0.00018912759437159654, 'hidden_size': 16, 'beta1': 0.95, 'beta2': 0.95, 'signal_len': 16, 'cheb_order': 3, 's': 6.638623608260515, 'batch_size': 32, 'k': 8}
Trial 402 finished with value 0.116625899 | dataset=fred_md | model=ufgtime_plus | val_MSE=0.557904863 | test_MSE=0.408076677 | MAE=0.116625899 | RMSE=0.638808795 | MAPE=14.089895899% | params={'learning_rate': 0.009817518836643224, 'decay_rate': 9.626529963210309e-05, 'hidden_size': 16, 'beta1': 0.95, 'beta2': 0.95, 'signal_len': 16, 'cheb_order': 2, 's': 6.3460008125356735, 'batch_size': 32, 'k': 7}
Trial 403 finished with value 0.131370082 | dataset=fred_md | model=ufgtime_plus | val_MSE=0.577281602 | test_MSE=0.360191971 | MAE=0.131370082 | RMSE=0.600159955 | MAPE=18.282206532% | params={'learning_rate': 0.01733536033695383, 'decay_rate': 0.00015865668307106192, 'hidden_size': 32, 'beta1': 0.9, 'beta2': 0.95, 'signal_len': 16, 'cheb_order': 2, 's': 6.88344310062009, 'batch_size': 32, 'k': 7}
Trial 404 finished with value 0.125832149 | dataset=fred_md | model=ufgtime_plus | val_MSE=0.533725041 | test_MSE=0.496984531 | MAE=0.125832149 | RMSE=0.704971298 | MAPE=14.767598463% | params={'learning_rate': 0.01165049450306001, 'decay_rate': 0.00021642037660624778, 'hidden_size': 16, 'beta1': 0.95, 'beta2': 0.95, 'signal_len': 16, 'cheb_order': 2, 's': 6.675744587231982, 'batch_size': 32, 'k': 8}
Trial 405 finished with value 0.111319854 | dataset=fred_md | model=ufgtime_plus | val_MSE=0.542432414 | test_MSE=0.397544796 | MAE=0.111319854 | RMSE=0.630511535 | MAPE=12.806141707% | params={'learning_rate': 0.008585093627068874, 'decay_rate': 0.00013805793683210093, 'hidden_size': 16, 'beta1': 0.95, 'beta2': 0.95, 'signal_len': 16, 'cheb_order': 2, 's': 7.630334371950704, 'batch_size': 32, 'k': 7}
Trial 406 finished with value 0.163068492 | dataset=fred_md | model=ufgtime_plus | val_MSE=0.595652211 | test_MSE=0.445993838 | MAE=0.163068492 | RMSE=0.667827701 | MAPE=30.823911218% | params={'learning_rate': 0.0057753800968630515, 'decay_rate': 0.00026194745158794873, 'hidden_size': 16, 'beta1': 0.95, 'beta2': 0.95, 'signal_len': 16, 'cheb_order': 2, 's': 6.309411185046861, 'batch_size': 16, 'k': 7}
Trial 407 finished with value 0.143892231 | dataset=fred_md | model=ufgtime_plus | val_MSE=0.520698894 | test_MSE=0.688813835 | MAE=0.143892231 | RMSE=0.829948092 | MAPE=18.487284592% | params={'learning_rate': 0.013750449111940505, 'decay_rate': 0.00017958930758441848, 'hidden_size': 16, 'beta1': 0.95, 'beta2': 0.95, 'signal_len': 8, 'cheb_order': 2, 's': 6.515441572883839, 'batch_size': 32, 'k': 8}
Trial 408 finished with value 0.112274480 | dataset=fred_md | model=ufgtime_plus | val_MSE=0.557433665 | test_MSE=0.327688652 | MAE=0.112274480 | RMSE=0.572440959 | MAPE=15.583672013% | params={'learning_rate': 0.010234548997469468, 'decay_rate': 0.00015759611119342754, 'hidden_size': 16, 'beta1': 0.95, 'beta2': 0.95, 'signal_len': 16, 'cheb_order': 2, 's': 7.1031804451364575, 'batch_size': 128, 'k': 7}
Trial 409 finished with value 0.147648144 | dataset=fred_md | model=ufgtime_plus | val_MSE=0.974524125 | test_MSE=0.315474678 | MAE=0.147648144 | RMSE=0.561671326 | MAPE=19.266906805% | params={'learning_rate': 0.006687951080764017, 'decay_rate': 0.023593023494587223, 'hidden_size': 16, 'beta1': 0.95, 'beta2': 0.95, 'signal_len': 16, 'cheb_order': 2, 's': 6.7616787222073516, 'batch_size': 32, 'k': 7}
Trial 410 finished with value 0.678245802 | dataset=fred_md | model=ufgtime_plus | val_MSE=1.807678103 | test_MSE=7.591639784 | MAE=0.678245802 | RMSE=2.755293049 | MAPE=56.748137636% | params={'learning_rate': 0.000773250935459047, 'decay_rate': 0.00020585228713118457, 'hidden_size': 16, 'beta1': 0.95, 'beta2': 0.95, 'signal_len': 16, 'cheb_order': 2, 's': 6.2268910888767515, 'batch_size': 256, 'k': 8}
Trial 411 finished with value 0.206603079 | dataset=fred_md | model=ufgtime_plus | val_MSE=0.961089177 | test_MSE=0.558971381 | MAE=0.206603079 | RMSE=0.747643887 | MAPE=48.925657455% | params={'learning_rate': 0.0019406510716543715, 'decay_rate': 0.00023867796544277766, 'hidden_size': 16, 'beta1': 0.95, 'beta2': 0.95, 'signal_len': 16, 'cheb_order': 2, 's': 6.434476276471511, 'batch_size': 32, 'k': 7}
Trial 412 finished with value 0.104035111 | dataset=fred_md | model=ufgtime_plus | val_MSE=0.539794397 | test_MSE=0.334065417 | MAE=0.104035111 | RMSE=0.577983925 | MAPE=12.966853207% | params={'learning_rate': 0.008880470646534768, 'decay_rate': 0.00011238738467161832, 'hidden_size': 32, 'beta1': 0.95, 'beta2': 0.95, 'signal_len': 16, 'cheb_order': 3, 's': 7.310278339326208, 'batch_size': 32, 'k': 7}
Trial 413 finished with value 0.114085434 | dataset=fred_md | model=ufgtime_plus | val_MSE=0.547412429 | test_MSE=0.403326818 | MAE=0.114085434 | RMSE=0.635080167 | MAPE=13.626035374% | params={'learning_rate': 0.01164020727518495, 'decay_rate': 0.00030202431715393714, 'hidden_size': 16, 'beta1': 0.95, 'beta2': 0.95, 'signal_len': 16, 'cheb_order': 2, 's': 3.3373827364625877, 'batch_size': 32, 'k': 7}
Trial 414 finished with value 0.178716435 | dataset=fred_md | model=ufgtime_plus | val_MSE=0.488272818 | test_MSE=0.532698907 | MAE=0.178716435 | RMSE=0.729862252 | MAPE=27.187709765% | params={'learning_rate': 0.021763874590478956, 'decay_rate': 0.00016595887304251283, 'hidden_size': 16, 'beta1': 0.99, 'beta2': 0.95, 'signal_len': 16, 'cheb_order': 2, 's': 8.079548882063538, 'batch_size': 32, 'k': 7}
Trial 415 finished with value 0.206936745 | dataset=fred_md | model=ufgtime_plus | val_MSE=0.921175362 | test_MSE=0.608554710 | MAE=0.206936745 | RMSE=0.780099167 | MAPE=46.544225923% | params={'learning_rate': 0.0014233615374811643, 'decay_rate': 0.00013213447073098575, 'hidden_size': 16, 'beta1': 0.95, 'beta2': 0.95, 'signal_len': 16, 'cheb_order': 2, 's': 6.181665381985454, 'batch_size': 32, 'k': 8}
Trial 416 finished with value 0.230467369 | dataset=fred_md | model=ufgtime_plus | val_MSE=0.743973434 | test_MSE=1.191208769 | MAE=0.230467369 | RMSE=1.091425109 | MAPE=29.098858128% | params={'learning_rate': 0.016552958875925623, 'decay_rate': 0.0001947527032080765, 'hidden_size': 16, 'beta1': 0.95, 'beta2': 0.99, 'signal_len': 16, 'cheb_order': 2, 's': 6.954104589422918, 'batch_size': 256, 'k': 7}
Trial 417 finished with value 0.145297311 | dataset=fred_md | model=ufgtime_plus | val_MSE=0.596275110 | test_MSE=0.432801013 | MAE=0.145297311 | RMSE=0.657876138 | MAPE=26.104493888% | params={'learning_rate': 0.0075860175515487386, 'decay_rate': 0.00023631275518132058, 'hidden_size': 16, 'beta1': 0.95, 'beta2': 0.95, 'signal_len': 16, 'cheb_order': 2, 's': 7.539047623507376, 'batch_size': 32, 'k': 7}
Trial 418 finished with value 0.101792060 | dataset=fred_md | model=ufgtime_plus | val_MSE=0.565403521 | test_MSE=0.303060648 | MAE=0.101792060 | RMSE=0.550509444 | MAPE=13.926351349% | params={'learning_rate': 0.009623829444890195, 'decay_rate': 0.00014781163932207065, 'hidden_size': 16, 'beta1': 0.95, 'beta2': 0.95, 'signal_len': 16, 'cheb_order': 2, 's': 6.532976139151167, 'batch_size': 128, 'k': 8}
Trial 419 finished with value 0.148403647 | dataset=fred_md | model=ufgtime_plus | val_MSE=0.540719748 | test_MSE=0.367295928 | MAE=0.148403647 | RMSE=0.606049443 | MAPE=28.308365666% | params={'learning_rate': 0.012706406011185641, 'decay_rate': 0.00012059203610002412, 'hidden_size': 16, 'beta1': 0.95, 'beta2': 0.95, 'signal_len': 16, 'cheb_order': 2, 's': 6.713983435114101, 'batch_size': 128, 'k': 8}
Trial 420 finished with value 0.114964042 | dataset=fred_md | model=ufgtime_plus | val_MSE=0.543156981 | test_MSE=0.320883688 | MAE=0.114964042 | RMSE=0.566465964 | MAPE=13.490793679% | params={'learning_rate': 0.010753414279267919, 'decay_rate': 8.774195894838508e-05, 'hidden_size': 16, 'beta1': 0.95, 'beta2': 0.95, 'signal_len': 16, 'cheb_order': 2, 's': 6.609141660768172, 'batch_size': 128, 'k': 8}
Trial 421 finished with value 0.119656662 | dataset=fred_md | model=ufgtime_plus | val_MSE=0.570012629 | test_MSE=0.357178767 | MAE=0.119656662 | RMSE=0.597644348 | MAPE=16.836985865% | params={'learning_rate': 0.00883315691715352, 'decay_rate': 0.00014623232014028396, 'hidden_size': 16, 'beta1': 0.95, 'beta2': 0.95, 'signal_len': 16, 'cheb_order': 2, 's': 6.498421899605087, 'batch_size': 128, 'k': 8}
Trial 422 finished with value 0.106871179 | dataset=fred_md | model=ufgtime_plus | val_MSE=0.544037104 | test_MSE=0.329640761 | MAE=0.106871179 | RMSE=0.574143502 | MAPE=16.009906167% | params={'learning_rate': 0.006989595748191855, 'decay_rate': 0.0001052084644585106, 'hidden_size': 32, 'beta1': 0.95, 'beta2': 0.95, 'signal_len': 16, 'cheb_order': 2, 's': 2.2206459876166855, 'batch_size': 128, 'k': 8}
Trial 423 finished with value 0.105230449 | dataset=fred_md | model=ufgtime_plus | val_MSE=0.559149086 | test_MSE=0.298968118 | MAE=0.105230449 | RMSE=0.546779771 | MAPE=16.064458869% | params={'learning_rate': 0.013861138200357646, 'decay_rate': 0.0001633993413129203, 'hidden_size': 16, 'beta1': 0.95, 'beta2': 0.95, 'signal_len': 16, 'cheb_order': 2, 's': 6.987482446520152, 'batch_size': 128, 'k': 8}
Trial 424 finished with value 0.112462317 | dataset=fred_md | model=ufgtime_plus | val_MSE=0.560240626 | test_MSE=0.323396474 | MAE=0.112462317 | RMSE=0.568679588 | MAPE=15.645401683% | params={'learning_rate': 0.009917830613829984, 'decay_rate': 0.000127660528826643, 'hidden_size': 16, 'beta1': 0.95, 'beta2': 0.95, 'signal_len': 16, 'cheb_order': 3, 's': 6.081647211558144, 'batch_size': 128, 'k': 8}
Trial 425 finished with value 0.149009454 | dataset=fred_md | model=ufgtime_plus | val_MSE=0.785939515 | test_MSE=0.482843520 | MAE=0.149009454 | RMSE=0.694869426 | MAPE=26.549463136% | params={'learning_rate': 0.007847833507317239, 'decay_rate': 0.0001502492997002754, 'hidden_size': 16, 'beta1': 0.95, 'beta2': 0.95, 'signal_len': 16, 'cheb_order': 2, 's': 5.306993249956575, 'batch_size': 256, 'k': 8}
Trial 426 finished with value 0.673404446 | dataset=fred_md | model=ufgtime_plus | val_MSE=2.002969503 | test_MSE=9.432850722 | MAE=0.673404446 | RMSE=3.071294633 | MAPE=58.441771015% | params={'learning_rate': 0.00036496094830871097, 'decay_rate': 0.00018525585369658023, 'hidden_size': 64, 'beta1': 0.9, 'beta2': 0.95, 'signal_len': 8, 'cheb_order': 2, 's': 6.291206221059899, 'batch_size': 128, 'k': 9}
Trial 427 finished with value 0.142348413 | dataset=fred_md | model=ufgtime_plus | val_MSE=0.522308946 | test_MSE=0.480104889 | MAE=0.142348413 | RMSE=0.692896016 | MAPE=15.454987725% | params={'learning_rate': 0.0114485673158081, 'decay_rate': 6.618242741540314e-05, 'hidden_size': 16, 'beta1': 0.95, 'beta2': 0.95, 'signal_len': 16, 'cheb_order': 2, 's': 2.9926141049297357, 'batch_size': 128, 'k': 8}
Trial 428 finished with value 0.106076007 | dataset=fred_md | model=ufgtime_plus | val_MSE=0.559601486 | test_MSE=0.353978422 | MAE=0.106076007 | RMSE=0.594960857 | MAPE=13.163692760% | params={'learning_rate': 0.015917386007286656, 'decay_rate': 0.00027384981810272077, 'hidden_size': 64, 'beta1': 0.95, 'beta2': 0.95, 'signal_len': 16, 'cheb_order': 2, 's': 6.856116268331699, 'batch_size': 128, 'k': 8}
Trial 429 finished with value 0.107478485 | dataset=fred_md | model=ufgtime_plus | val_MSE=0.580152560 | test_MSE=0.273023346 | MAE=0.107478485 | RMSE=0.522516360 | MAPE=15.713465970% | params={'learning_rate': 0.008994507534732608, 'decay_rate': 0.00019673829345564296, 'hidden_size': 16, 'beta1': 0.95, 'beta2': 0.95, 'signal_len': 16, 'cheb_order': 2, 's': 6.5908936585423366, 'batch_size': 64, 'k': 7}
Trial 430 finished with value 0.147526123 | dataset=fred_md | model=ufgtime_plus | val_MSE=0.540862514 | test_MSE=0.454625209 | MAE=0.147526123 | RMSE=0.674259007 | MAPE=22.425477895% | params={'learning_rate': 0.00639917222273272, 'decay_rate': 0.000147925884430781, 'hidden_size': 32, 'beta1': 0.95, 'beta2': 0.95, 'signal_len': 16, 'cheb_order': 2, 's': 6.367318527135082, 'batch_size': 32, 'k': 8}
Trial 431 finished with value 0.218390888 | dataset=fred_md | model=ufgtime_plus | val_MSE=0.759079635 | test_MSE=1.062073678 | MAE=0.218390888 | RMSE=1.030569589 | MAPE=29.882717435% | params={'learning_rate': 0.011976470434622893, 'decay_rate': 0.0002305323070652344, 'hidden_size': 16, 'beta1': 0.95, 'beta2': 0.95, 'signal_len': 16, 'cheb_order': 2, 's': 7.19624307120649, 'batch_size': 256, 'k': 9}
