Trial 108 finished with value 0.167543559 | dataset=fred_md | model=ufgtime_plus | val_MSE=0.540460217 | test_MSE=0.647549975 | MAE=0.167543559 | RMSE=0.804704899 | MAPE=19.821141887% | params={'learning_rate': 0.016742287351036028, 'decay_rate': 0.00025005472854130236, 'hidden_size': 16, 'beta1': 0.9, 'beta2': 0.95, 'signal_len': 16, 'cheb_order': 2, 's': 4.5666293623978875, 'batch_size': 32, 'k': 3}
Trial 109 finished with value 0.119940694 | dataset=fred_md | model=ufgtime_plus | val_MSE=0.564671824 | test_MSE=0.480887776 | MAE=0.119940694 | RMSE=0.693460724 | MAPE=14.132983018% | params={'learning_rate': 0.03176646940798389, 'decay_rate': 0.00042052993806491063, 'hidden_size': 32, 'beta1': 0.95, 'beta2': 0.95, 'signal_len': 16, 'cheb_order': 2, 's': 5.607030546153547, 'batch_size': 32, 'k': 2}
Trial 110 finished with value 0.110944650 | dataset=fred_md | model=ufgtime_plus | val_MSE=0.555049711 | test_MSE=0.393170735 | MAE=0.110944650 | RMSE=0.627033280 | MAPE=13.568638541% | params={'learning_rate': 0.009876300414893738, 'decay_rate': 0.0003005799691008733, 'hidden_size': 16, 'beta1': 0.95, 'beta2': 0.95, 'signal_len': 16, 'cheb_order': 2, 's': 6.3559857511951785, 'batch_size': 32, 'k': 3}
Trial 111 finished with value 0.110541517 | dataset=fred_md | model=ufgtime_plus | val_MSE=0.561332759 | test_MSE=0.394453283 | MAE=0.110541517 | RMSE=0.628055159 | MAPE=13.515910063% | params={'learning_rate': 0.007057722015323436, 'decay_rate': 0.0003432024629406746, 'hidden_size': 16, 'beta1': 0.95, 'beta2': 0.95, 'signal_len': 16, 'cheb_order': 2, 's': 6.409585014232973, 'batch_size': 32, 'k': 3}
Trial 112 finished with value 0.111961156 | dataset=fred_md | model=ufgtime_plus | val_MSE=0.587769873 | test_MSE=0.388151937 | MAE=0.111961156 | RMSE=0.623018409 | MAPE=13.823689556% | params={'learning_rate': 0.007394993797726917, 'decay_rate': 0.00045059267734729727, 'hidden_size': 16, 'beta1': 0.95, 'beta2': 0.95, 'signal_len': 16, 'cheb_order': 2, 's': 6.260828480097193, 'batch_size': 32, 'k': 3}
Trial 113 finished with value 0.109385594 | dataset=fred_md | model=ufgtime_plus | val_MSE=0.591241588 | test_MSE=0.348473785 | MAE=0.109385594 | RMSE=0.590316682 | MAPE=13.793308408% | params={'learning_rate': 0.006170034224914968, 'decay_rate': 0.0004481160245937426, 'hidden_size': 16, 'beta1': 0.95, 'beta2': 0.95, 'signal_len': 16, 'cheb_order': 2, 's': 6.34791735867565, 'batch_size': 32, 'k': 4}
Trial 114 finished with value 0.110830738 | dataset=fred_md | model=ufgtime_plus | val_MSE=0.591564785 | test_MSE=0.374444239 | MAE=0.110830738 | RMSE=0.611918490 | MAPE=13.783589029% | params={'learning_rate': 0.007121899482780148, 'decay_rate': 0.0004662547518905649, 'hidden_size': 16, 'beta1': 0.95, 'beta2': 0.95, 'signal_len': 16, 'cheb_order': 2, 's': 6.45533859433939, 'batch_size': 32, 'k': 4}
Trial 115 finished with value 0.172559564 | dataset=fred_md | model=ufgtime_plus | val_MSE=0.680011830 | test_MSE=0.436700181 | MAE=0.172559564 | RMSE=0.660832945 | MAPE=36.401141168% | params={'learning_rate': 0.006940106214964644, 'decay_rate': 0.0004521038197534829, 'hidden_size': 16, 'beta1': 0.95, 'beta2': 0.999, 'signal_len': 16, 'cheb_order': 2, 's': 6.400696954030305, 'batch_size': 32, 'k': 4}
Trial 116 finished with value 0.152128316 | dataset=fred_md | model=ufgtime_plus | val_MSE=0.651958971 | test_MSE=0.459302572 | MAE=0.152128316 | RMSE=0.677718652 | MAPE=26.361616168% | params={'learning_rate': 0.005760062726425004, 'decay_rate': 0.0006708287507937228, 'hidden_size': 16, 'beta1': 0.95, 'beta2': 0.95, 'signal_len': 16, 'cheb_order': 2, 's': 6.679564085587189, 'batch_size': 64, 'k': 4}
Trial 117 finished with value 0.242738375 | dataset=fred_md | model=ufgtime_plus | val_MSE=0.747778948 | test_MSE=0.540176699 | MAE=0.242738375 | RMSE=0.734967141 | MAPE=52.115496521% | params={'learning_rate': 0.002826218229352802, 'decay_rate': 0.00020246906155463426, 'hidden_size': 16, 'beta1': 0.95, 'beta2': 0.99, 'signal_len': 16, 'cheb_order': 2, 's': 6.302898342545551, 'batch_size': 32, 'k': 3}
Trial 118 finished with value 0.174160751 | dataset=fred_md | model=ufgtime_plus | val_MSE=0.659024828 | test_MSE=0.470897789 | MAE=0.174160751 | RMSE=0.686219928 | MAPE=34.125435707% | params={'learning_rate': 0.004760895979960063, 'decay_rate': 0.00025143632907818854, 'hidden_size': 16, 'beta1': 0.95, 'beta2': 0.95, 'signal_len': 16, 'cheb_order': 2, 's': 5.863310508171417, 'batch_size': 32, 'k': 3}
Trial 119 finished with value 0.144043509 | dataset=fred_md | model=ufgtime_plus | val_MSE=0.560580216 | test_MSE=0.597228027 | MAE=0.144043509 | RMSE=0.772805297 | MAPE=17.395563626% | params={'learning_rate': 0.003821394393506955, 'decay_rate': 0.00041438341899367953, 'hidden_size': 16, 'beta1': 0.99, 'beta2': 0.95, 'signal_len': 16, 'cheb_order': 2, 's': 7.0742985835781385, 'batch_size': 32, 'k': 4}
Trial 120 finished with value 0.172093418 | dataset=fred_md | model=ufgtime_plus | val_MSE=0.545566562 | test_MSE=0.478629410 | MAE=0.172093418 | RMSE=0.691830478 | MAPE=31.370815429% | params={'learning_rate': 0.0068382910775713, 'decay_rate': 0.00016602604833285166, 'hidden_size': 16, 'beta1': 0.95, 'beta2': 0.95, 'signal_len': 16, 'cheb_order': 2, 's': 6.484116431202614, 'batch_size': 32, 'k': 3}
Trial 121 finished with value 0.109643313 | dataset=fred_md | model=ufgtime_plus | val_MSE=0.608720285 | test_MSE=0.337982227 | MAE=0.109643313 | RMSE=0.581362389 | MAPE=13.873928638% | params={'learning_rate': 0.00954856452363725, 'decay_rate': 0.0005024209158494775, 'hidden_size': 16, 'beta1': 0.95, 'beta2': 0.95, 'signal_len': 16, 'cheb_order': 2, 's': 6.740990457765348, 'batch_size': 32, 'k': 3}
Trial 122 finished with value 0.126109413 | dataset=fred_md | model=ufgtime_plus | val_MSE=0.631568458 | test_MSE=0.411033082 | MAE=0.126109413 | RMSE=0.641118618 | MAPE=19.968850015% | params={'learning_rate': 0.005898076804662462, 'decay_rate': 0.00047842534951957874, 'hidden_size': 16, 'beta1': 0.95, 'beta2': 0.95, 'signal_len': 16, 'cheb_order': 2, 's': 6.7462801862933945, 'batch_size': 32, 'k': 3}
Trial 123 finished with value 0.116853025 | dataset=fred_md | model=ufgtime_plus | val_MSE=0.558300057 | test_MSE=0.435177907 | MAE=0.116853025 | RMSE=0.659680155 | MAPE=13.868654305% | params={'learning_rate': 0.010560551141509639, 'decay_rate': 0.0003441461974560984, 'hidden_size': 16, 'beta1': 0.95, 'beta2': 0.95, 'signal_len': 16, 'cheb_order': 2, 's': 6.514254394921061, 'batch_size': 32, 'k': 4}
Trial 124 finished with value 0.110070463 | dataset=fred_md | model=ufgtime_plus | val_MSE=0.571394563 | test_MSE=0.374080189 | MAE=0.110070463 | RMSE=0.611620952 | MAPE=13.733712384% | params={'learning_rate': 0.010491064528613644, 'decay_rate': 0.0003746778422723729, 'hidden_size': 16, 'beta1': 0.95, 'beta2': 0.95, 'signal_len': 16, 'cheb_order': 2, 's': 6.089341745682761, 'batch_size': 128, 'k': 3}
Trial 125 finished with value 0.114819795 | dataset=fred_md | model=ufgtime_plus | val_MSE=0.680263817 | test_MSE=0.374351069 | MAE=0.114819795 | RMSE=0.611842356 | MAPE=14.679144988% | params={'learning_rate': 0.0076461847555254585, 'decay_rate': 0.0008436057957408697, 'hidden_size': 16, 'beta1': 0.95, 'beta2': 0.95, 'signal_len': 16, 'cheb_order': 2, 's': 6.130091287552101, 'batch_size': 128, 'k': 3}
Trial 126 finished with value 0.113343013 | dataset=fred_md | model=ufgtime_plus | val_MSE=0.632376790 | test_MSE=0.384841259 | MAE=0.113343013 | RMSE=0.620355752 | MAPE=14.242262072% | params={'learning_rate': 0.009770426327772731, 'decay_rate': 0.0006113424068294811, 'hidden_size': 16, 'beta1': 0.95, 'beta2': 0.95, 'signal_len': 16, 'cheb_order': 2, 's': 7.097973177544348, 'batch_size': 128, 'k': 4}
Trial 127 finished with value 0.188964058 | dataset=fred_md | model=ufgtime_plus | val_MSE=0.701890826 | test_MSE=0.686340217 | MAE=0.188964058 | RMSE=0.828456527 | MAPE=28.447073888% | params={'learning_rate': 0.004368958960109115, 'decay_rate': 0.00039152308069602144, 'hidden_size': 16, 'beta1': 0.95, 'beta2': 0.999, 'signal_len': 8, 'cheb_order': 2, 's': 6.014781305133312, 'batch_size': 128, 'k': 3}
Trial 128 finished with value 0.942908031 | dataset=fred_md | model=ufgtime_plus | val_MSE=2.449874640 | test_MSE=13.907020536 | MAE=0.942908031 | RMSE=3.729211785 | MAPE=65.442412618% | params={'learning_rate': 0.00022088458896239233, 'decay_rate': 0.0004995721804969934, 'hidden_size': 16, 'beta1': 0.95, 'beta2': 0.95, 'signal_len': 16, 'cheb_order': 2, 's': 6.2503417595409045, 'batch_size': 128, 'k': 3}
Trial 129 finished with value 0.302497343 | dataset=fred_md | model=ufgtime_plus | val_MSE=1.259872198 | test_MSE=1.335239084 | MAE=0.302497343 | RMSE=1.155525458 | MAPE=30.511801514% | params={'learning_rate': 0.022427649135087765, 'decay_rate': 0.04787885783923408, 'hidden_size': 16, 'beta1': 0.95, 'beta2': 0.95, 'signal_len': 16, 'cheb_order': 2, 's': 7.45158798419015, 'batch_size': 128, 'k': 4}
Trial 130 finished with value 0.105666670 | dataset=fred_md | model=ufgtime_plus | val_MSE=0.637634695 | test_MSE=0.279672581 | MAE=0.105666670 | RMSE=0.528840790 | MAPE=13.490406034% | params={'learning_rate': 0.006340616312811758, 'decay_rate': 0.00028373730395967514, 'hidden_size': 16, 'beta1': 0.95, 'beta2': 0.95, 'signal_len': 16, 'cheb_order': 2, 's': 6.947525701347082, 'batch_size': 256, 'k': 9}
Trial 131 finished with value 0.144608076 | dataset=fred_md | model=ufgtime_plus | val_MSE=0.809948206 | test_MSE=0.412469040 | MAE=0.144608076 | RMSE=0.642237527 | MAPE=27.463585189% | params={'learning_rate': 0.006963416632393858, 'decay_rate': 0.00024472385951311256, 'hidden_size': 16, 'beta1': 0.95, 'beta2': 0.95, 'signal_len': 16, 'cheb_order': 2, 's': 6.926131850029899, 'batch_size': 256, 'k': 10}
Trial 132 finished with value 0.233575887 | dataset=fred_md | model=ufgtime_plus | val_MSE=0.777926564 | test_MSE=1.203862804 | MAE=0.233575887 | RMSE=1.097206819 | MAPE=29.709049764% | params={'learning_rate': 0.010451668198203748, 'decay_rate': 0.00038174632461563095, 'hidden_size': 16, 'beta1': 0.95, 'beta2': 0.95, 'signal_len': 16, 'cheb_order': 2, 's': 5.824647286854843, 'batch_size': 256, 'k': 9}
Trial 133 finished with value 0.104637986 | dataset=fred_md | model=ufgtime_plus | val_MSE=0.632276893 | test_MSE=0.312535328 | MAE=0.104637986 | RMSE=0.559048592 | MAPE=13.365095366% | params={'learning_rate': 0.005903372170170504, 'decay_rate': 0.0002563296981888074, 'hidden_size': 16, 'beta1': 0.95, 'beta2': 0.95, 'signal_len': 16, 'cheb_order': 2, 's': 6.366305612631347, 'batch_size': 256, 'k': 10}
Trial 134 finished with value 0.120671924 | dataset=fred_md | model=ufgtime_plus | val_MSE=0.666912496 | test_MSE=0.295046283 | MAE=0.120671924 | RMSE=0.543181630 | MAPE=23.296527464% | params={'learning_rate': 0.005355160219413613, 'decay_rate': 0.0002933628015434591, 'hidden_size': 16, 'beta1': 0.95, 'beta2': 0.95, 'signal_len': 16, 'cheb_order': 2, 's': 6.917374722131132, 'batch_size': 256, 'k': 10}
Trial 135 finished with value 0.102292978 | dataset=fred_md | model=ufgtime_plus | val_MSE=0.627537131 | test_MSE=0.300486040 | MAE=0.102292978 | RMSE=0.548166070 | MAPE=13.744209749% | params={'learning_rate': 0.005878414266008369, 'decay_rate': 0.00022293865682507995, 'hidden_size': 16, 'beta1': 0.95, 'beta2': 0.95, 'signal_len': 16, 'cheb_order': 2, 's': 6.658851832014144, 'batch_size': 256, 'k': 8}
Trial 136 finished with value 0.259051098 | dataset=fred_md | model=ufgtime_plus | val_MSE=0.685513318 | test_MSE=0.754722485 | MAE=0.259051098 | RMSE=0.868747653 | MAPE=45.408676163% | params={'learning_rate': 0.006039670207491303, 'decay_rate': 8.995303249753424e-05, 'hidden_size': 16, 'beta1': 0.9, 'beta2': 0.95, 'signal_len': 16, 'cheb_order': 2, 's': 6.5992957166465365, 'batch_size': 256, 'k': 8}
Trial 137 finished with value 0.131439017 | dataset=fred_md | model=ufgtime_plus | val_MSE=0.651153088 | test_MSE=0.321580322 | MAE=0.131439017 | RMSE=0.567080525 | MAPE=26.976319247% | params={'learning_rate': 0.004755206117986216, 'decay_rate': 0.00022676714901383256, 'hidden_size': 16, 'beta1': 0.95, 'beta2': 0.95, 'signal_len': 16, 'cheb_order': 2, 's': 7.312917129080667, 'batch_size': 256, 'k': 8}
Trial 138 finished with value 0.200324908 | dataset=fred_md | model=ufgtime_plus | val_MSE=0.788896203 | test_MSE=0.486077520 | MAE=0.200324908 | RMSE=0.697192599 | MAPE=44.298986055% | params={'learning_rate': 0.004007917626034363, 'decay_rate': 0.00014593599716361696, 'hidden_size': 16, 'beta1': 0.95, 'beta2': 0.999, 'signal_len': 16, 'cheb_order': 2, 's': 6.7994034280128774, 'batch_size': 256, 'k': 9}
Trial 139 finished with value 0.202186853 | dataset=fred_md | model=ufgtime_plus | val_MSE=0.771780491 | test_MSE=0.546495459 | MAE=0.202186853 | RMSE=0.739253312 | MAPE=43.681132140% | params={'learning_rate': 0.0032969872618937262, 'decay_rate': 0.00020025922615571283, 'hidden_size': 16, 'beta1': 0.95, 'beta2': 0.95, 'signal_len': 16, 'cheb_order': 2, 's': 6.018743984706945, 'batch_size': 256, 'k': 9}
Trial 140 finished with value 0.188256530 | dataset=fred_md | model=ufgtime_plus | val_MSE=0.859325111 | test_MSE=0.475962993 | MAE=0.188256530 | RMSE=0.689900713 | MAPE=44.692243561% | params={'learning_rate': 0.002256958912197556, 'decay_rate': 0.00027894310122078406, 'hidden_size': 16, 'beta1': 0.95, 'beta2': 0.95, 'signal_len': 16, 'cheb_order': 2, 's': 7.255290778968177, 'batch_size': 256, 'k': 10}
Trial 141 finished with value 0.107222566 | dataset=fred_md | model=ufgtime_plus | val_MSE=0.571028709 | test_MSE=0.295981368 | MAE=0.107222566 | RMSE=0.544041697 | MAPE=13.491300701% | params={'learning_rate': 0.009009091541737355, 'decay_rate': 0.000278923443037773, 'hidden_size': 16, 'beta1': 0.95, 'beta2': 0.95, 'signal_len': 16, 'cheb_order': 2, 's': 6.406782894532384, 'batch_size': 256, 'k': 8}
Trial 142 finished with value 0.150802872 | dataset=fred_md | model=ufgtime_plus | val_MSE=0.821737230 | test_MSE=0.432312482 | MAE=0.150802872 | RMSE=0.657504739 | MAPE=28.773257890% | params={'learning_rate': 0.00632093673810289, 'decay_rate': 0.00037438368655450915, 'hidden_size': 16, 'beta1': 0.95, 'beta2': 0.95, 'signal_len': 16, 'cheb_order': 2, 's': 6.6509792572722795, 'batch_size': 256, 'k': 8}
Trial 143 finished with value 0.096417444 | dataset=fred_md | model=ufgtime_plus | val_MSE=0.591027200 | test_MSE=0.249019155 | MAE=0.096417444 | RMSE=0.499018191 | MAPE=13.868832341% | params={'learning_rate': 0.008361991693040426, 'decay_rate': 0.00017109579355171402, 'hidden_size': 16, 'beta1': 0.95, 'beta2': 0.95, 'signal_len': 16, 'cheb_order': 2, 's': 6.463201645644522, 'batch_size': 256, 'k': 7}
Trial 144 finished with value 0.097002823 | dataset=fred_md | model=ufgtime_plus | val_MSE=0.602891326 | test_MSE=0.240667921 | MAE=0.097002823 | RMSE=0.490579169 | MAPE=14.252600759% | params={'learning_rate': 0.008272265162709092, 'decay_rate': 0.00017963475719717187, 'hidden_size': 16, 'beta1': 0.95, 'beta2': 0.95, 'signal_len': 16, 'cheb_order': 2, 's': 7.006145374822919, 'batch_size': 256, 'k': 7}
Trial 145 finished with value 0.240375925 | dataset=fred_md | model=ufgtime_plus | val_MSE=0.732199550 | test_MSE=1.259513892 | MAE=0.240375925 | RMSE=1.122280665 | MAPE=29.537229905% | params={'learning_rate': 0.01544229503267158, 'decay_rate': 0.00016995491702826712, 'hidden_size': 16, 'beta1': 0.95, 'beta2': 0.95, 'signal_len': 16, 'cheb_order': 2, 's': 7.670163369500205, 'batch_size': 256, 'k': 7}
Trial 146 finished with value 0.285643755 | dataset=fred_md | model=ufgtime_plus | val_MSE=0.810655057 | test_MSE=1.253613547 | MAE=0.285643755 | RMSE=1.119648850 | MAPE=44.337061114% | params={'learning_rate': 0.01169732338689696, 'decay_rate': 0.00012986096107269393, 'hidden_size': 16, 'beta1': 0.95, 'beta2': 0.99, 'signal_len': 16, 'cheb_order': 2, 's': 6.969011883542817, 'batch_size': 256, 'k': 7}
Trial 147 finished with value 0.118754437 | dataset=fred_md | model=ufgtime_plus | val_MSE=0.532193720 | test_MSE=0.456797347 | MAE=0.118754437 | RMSE=0.675867847 | MAPE=13.861650613% | params={'learning_rate': 0.0468909108203684, 'decay_rate': 0.00021145683309333504, 'hidden_size': 16, 'beta1': 0.95, 'beta2': 0.95, 'signal_len': 16, 'cheb_order': 2, 's': 6.136861332613213, 'batch_size': 256, 'k': 7}
Trial 148 finished with value 0.345480742 | dataset=fred_md | model=ufgtime_plus | val_MSE=0.814104915 | test_MSE=2.069524663 | MAE=0.345480742 | RMSE=1.438584256 | MAPE=39.752512703% | params={'learning_rate': 0.008171007663841412, 'decay_rate': 0.00011136050449699606, 'hidden_size': 16, 'beta1': 0.99, 'beta2': 0.95, 'signal_len': 8, 'cheb_order': 2, 's': 6.248069424634674, 'batch_size': 256, 'k': 9}
Trial 149 finished with value 0.142761701 | dataset=fred_md | model=ufgtime_plus | val_MSE=0.788564026 | test_MSE=0.453930897 | MAE=0.142761701 | RMSE=0.673743940 | MAPE=23.666028860% | params={'learning_rate': 0.009034976547987161, 'decay_rate': 0.0002623360075351177, 'hidden_size': 16, 'beta1': 0.95, 'beta2': 0.95, 'signal_len': 16, 'cheb_order': 2, 's': 6.766744639882945, 'batch_size': 256, 'k': 7}
Trial 150 finished with value 0.130325429 | dataset=fred_md | model=ufgtime_plus | val_MSE=0.629978359 | test_MSE=0.372081229 | MAE=0.130325429 | RMSE=0.609984614 | MAPE=23.034946858% | params={'learning_rate': 0.005274110747795068, 'decay_rate': 0.0001700869186047738, 'hidden_size': 16, 'beta1': 0.95, 'beta2': 0.95, 'signal_len': 16, 'cheb_order': 2, 's': 5.669932593163896, 'batch_size': 256, 'k': 8}
Trial 151 finished with value 0.144013153 | dataset=fred_md | model=ufgtime_plus | val_MSE=0.794597685 | test_MSE=0.447576528 | MAE=0.144013153 | RMSE=0.669011606 | MAPE=24.807344912% | params={'learning_rate': 0.008261978592166088, 'decay_rate': 0.00022759486589228888, 'hidden_size': 16, 'beta1': 0.95, 'beta2': 0.95, 'signal_len': 16, 'cheb_order': 2, 's': 6.482356869238855, 'batch_size': 256, 'k': 7}
Trial 152 finished with value 0.224314350 | dataset=fred_md | model=ufgtime_plus | val_MSE=0.764856458 | test_MSE=1.115356654 | MAE=0.224314350 | RMSE=1.056104471 | MAPE=29.795202687% | params={'learning_rate': 0.011454259468781511, 'decay_rate': 0.0002722756965421641, 'hidden_size': 16, 'beta1': 0.95, 'beta2': 0.95, 'signal_len': 16, 'cheb_order': 2, 's': 8.381258795556505, 'batch_size': 256, 'k': 8}
Trial 153 finished with value 0.111253533 | dataset=fred_md | model=ufgtime_plus | val_MSE=0.636840224 | test_MSE=0.312056267 | MAE=0.111253533 | RMSE=0.558619967 | MAPE=14.057830801% | params={'learning_rate': 0.006219531906229232, 'decay_rate': 0.000342846678952971, 'hidden_size': 16, 'beta1': 0.95, 'beta2': 0.95, 'signal_len': 16, 'cheb_order': 2, 's': 8.615644945192718, 'batch_size': 256, 'k': 7}
Trial 154 finished with value 0.267680182 | dataset=fred_md | model=ufgtime_plus | val_MSE=0.870904207 | test_MSE=1.223497049 | MAE=0.267680182 | RMSE=1.106118009 | MAPE=38.405088114% | params={'learning_rate': 0.009616239033376784, 'decay_rate': 0.005577937944426073, 'hidden_size': 16, 'beta1': 0.95, 'beta2': 0.95, 'signal_len': 16, 'cheb_order': 2, 's': 6.582131562488139, 'batch_size': 256, 'k': 6}
Trial 155 finished with value 1.872270326 | dataset=fred_md | model=ufgtime_plus | val_MSE=7.006055832 | test_MSE=54.105202670 | MAE=1.872270326 | RMSE=7.355623880 | MAPE=109.152288765% | params={'learning_rate': 2.592167494970193e-05, 'decay_rate': 0.00014116390506844657, 'hidden_size': 16, 'beta1': 0.95, 'beta2': 0.95, 'signal_len': 16, 'cheb_order': 2, 's': 5.944248364021839, 'batch_size': 256, 'k': 9}
Trial 156 finished with value 0.266983075 | dataset=fred_md | model=ufgtime_plus | val_MSE=0.864056170 | test_MSE=0.957907689 | MAE=0.266983075 | RMSE=0.978727587 | MAPE=46.344368808% | params={'learning_rate': 0.008320089801698606, 'decay_rate': 0.00019036054078804134, 'hidden_size': 16, 'beta1': 0.95, 'beta2': 0.999, 'signal_len': 16, 'cheb_order': 2, 's': 7.1398541016201, 'batch_size': 256, 'k': 6}
Trial 157 finished with value 0.211995669 | dataset=fred_md | model=ufgtime_plus | val_MSE=0.746339977 | test_MSE=1.094873756 | MAE=0.211995669 | RMSE=1.046362153 | MAPE=26.453671639% | params={'learning_rate': 0.013583748546183329, 'decay_rate': 0.0005441667662274615, 'hidden_size': 16, 'beta1': 0.95, 'beta2': 0.95, 'signal_len': 16, 'cheb_order': 2, 's': 6.874396226064041, 'batch_size': 256, 'k': 6}
Trial 158 finished with value 0.149461817 | dataset=fred_md | model=ufgtime_plus | val_MSE=0.581237039 | test_MSE=0.422869723 | MAE=0.149461817 | RMSE=0.650284340 | MAPE=28.106146194% | params={'learning_rate': 0.007265001389148959, 'decay_rate': 0.00032745321806500714, 'hidden_size': 16, 'beta1': 0.95, 'beta2': 0.95, 'signal_len': 16, 'cheb_order': 2, 's': 9.330479399437461, 'batch_size': 64, 'k': 7}
Trial 159 finished with value 0.128471262 | dataset=fred_md | model=ufgtime_plus | val_MSE=0.656169176 | test_MSE=0.305142703 | MAE=0.128471262 | RMSE=0.552397233 | MAPE=26.577180453% | params={'learning_rate': 0.005155926309047377, 'decay_rate': 0.00023098039483082327, 'hidden_size': 16, 'beta1': 0.95, 'beta2': 0.95, 'signal_len': 16, 'cheb_order': 2, 's': 8.828417642859096, 'batch_size': 256, 'k': 10}
Trial 160 finished with value 0.206600467 | dataset=fred_md | model=ufgtime_plus | val_MSE=0.777242064 | test_MSE=0.942685139 | MAE=0.206600467 | RMSE=0.970919739 | MAPE=29.295777536% | params={'learning_rate': 0.01752752412212602, 'decay_rate': 0.00028161011686741387, 'hidden_size': 16, 'beta1': 0.9, 'beta2': 0.95, 'signal_len': 16, 'cheb_order': 2, 's': 9.08316920864588, 'batch_size': 256, 'k': 8}
Trial 161 finished with value 0.110293789 | dataset=fred_md | model=ufgtime_plus | val_MSE=0.586147532 | test_MSE=0.356802192 | MAE=0.110293789 | RMSE=0.597329215 | MAPE=13.779660892% | params={'learning_rate': 0.0072335280895138715, 'decay_rate': 0.00043371371909135624, 'hidden_size': 16, 'beta1': 0.95, 'beta2': 0.95, 'signal_len': 16, 'cheb_order': 2, 's': 6.3984514025425625, 'batch_size': 32, 'k': 8}
