Trial 162 finished with value 0.110974696 | dataset=fred_md | model=ufgtime_plus | val_MSE=0.571134388 | test_MSE=0.374228270 | MAE=0.110974696 | RMSE=0.611741996 | MAPE=13.676614503% | params={'learning_rate': 0.010529634104429253, 'decay_rate': 0.0003753055749171807, 'hidden_size': 16, 'beta1': 0.95, 'beta2': 0.95, 'signal_len': 16, 'cheb_order': 2, 's': 6.353130813810673, 'batch_size': 128, 'k': 8}
Trial 163 finished with value 0.119172369 | dataset=fred_md | model=ufgtime_plus | val_MSE=0.656519157 | test_MSE=0.436564935 | MAE=0.119172369 | RMSE=0.660730607 | MAPE=14.812166498% | params={'learning_rate': 0.0064941091125891885, 'decay_rate': 0.0007551568949461434, 'hidden_size': 16, 'beta1': 0.95, 'beta2': 0.95, 'signal_len': 16, 'cheb_order': 2, 's': 6.15322752312335, 'batch_size': 32, 'k': 9}
Trial 164 finished with value 0.101302911 | dataset=fred_md | model=ufgtime_plus | val_MSE=0.583815595 | test_MSE=0.294080884 | MAE=0.101302911 | RMSE=0.542292250 | MAPE=14.403647914% | params={'learning_rate': 0.008925338967925134, 'decay_rate': 0.00018523915746565048, 'hidden_size': 16, 'beta1': 0.95, 'beta2': 0.95, 'signal_len': 16, 'cheb_order': 2, 's': 6.49910543561273, 'batch_size': 32, 'k': 8}
Trial 165 finished with value 0.148479007 | dataset=fred_md | model=ufgtime_plus | val_MSE=0.775184572 | test_MSE=0.506471781 | MAE=0.148479007 | RMSE=0.711668308 | MAPE=24.609901873% | params={'learning_rate': 0.0094567291703885, 'decay_rate': 0.00015794711322583677, 'hidden_size': 16, 'beta1': 0.95, 'beta2': 0.95, 'signal_len': 16, 'cheb_order': 2, 's': 6.613820048676368, 'batch_size': 256, 'k': 8}
Trial 166 finished with value 0.167304869 | dataset=fred_md | model=ufgtime_plus | val_MSE=0.651903677 | test_MSE=0.512748688 | MAE=0.167304869 | RMSE=0.716064724 | MAPE=30.225071788% | params={'learning_rate': 0.004503656050989013, 'decay_rate': 0.00021373285196872032, 'hidden_size': 16, 'beta1': 0.95, 'beta2': 0.95, 'signal_len': 16, 'cheb_order': 2, 's': 6.749389794604489, 'batch_size': 32, 'k': 8}
Trial 167 finished with value 0.115305476 | dataset=fred_md | model=ufgtime_plus | val_MSE=0.618946910 | test_MSE=0.417552940 | MAE=0.115305476 | RMSE=0.646183364 | MAPE=14.288897925% | params={'learning_rate': 0.007687396190208819, 'decay_rate': 0.0006325465488003063, 'hidden_size': 16, 'beta1': 0.95, 'beta2': 0.95, 'signal_len': 16, 'cheb_order': 2, 's': 6.490714311569442, 'batch_size': 32, 'k': 8}
Trial 168 finished with value 0.215696798 | dataset=fred_md | model=ufgtime_plus | val_MSE=0.766918898 | test_MSE=0.935542682 | MAE=0.215696798 | RMSE=0.967234554 | MAPE=32.469006887% | params={'learning_rate': 0.012110752006879501, 'decay_rate': 0.0001251789894211007, 'hidden_size': 16, 'beta1': 0.95, 'beta2': 0.95, 'signal_len': 16, 'cheb_order': 2, 's': 5.727048168173189, 'batch_size': 256, 'k': 8}
Trial 169 finished with value 0.755411994 | dataset=fred_md | model=ufgtime_plus | val_MSE=1.925371348 | test_MSE=8.854791932 | MAE=0.755411994 | RMSE=2.975700242 | MAPE=60.430684597% | params={'learning_rate': 0.0006882816178190768, 'decay_rate': 0.00018094581682099136, 'hidden_size': 16, 'beta1': 0.95, 'beta2': 0.999, 'signal_len': 16, 'cheb_order': 2, 's': 6.281487491067185, 'batch_size': 32, 'k': 9}
Trial 170 finished with value 0.168520525 | dataset=fred_md | model=ufgtime_plus | val_MSE=0.560395979 | test_MSE=0.610872319 | MAE=0.168520525 | RMSE=0.781583213 | MAPE=24.176658819% | params={'learning_rate': 0.006020411041533256, 'decay_rate': 7.238857565387472e-05, 'hidden_size': 16, 'beta1': 0.95, 'beta2': 0.95, 'signal_len': 16, 'cheb_order': 2, 's': 3.635572301754915, 'batch_size': 32, 'k': 7}
Trial 171 finished with value 0.107296331 | dataset=fred_md | model=ufgtime_plus | val_MSE=0.550202289 | test_MSE=0.365624207 | MAE=0.107296331 | RMSE=0.604668675 | MAPE=13.256161760% | params={'learning_rate': 0.008816838729314703, 'decay_rate': 0.00025315103779763987, 'hidden_size': 16, 'beta1': 0.95, 'beta2': 0.95, 'signal_len': 16, 'cheb_order': 2, 's': 7.028039566645584, 'batch_size': 32, 'k': 8}
Trial 172 finished with value 0.145051449 | dataset=fred_md | model=ufgtime_plus | val_MSE=0.573280361 | test_MSE=0.426523636 | MAE=0.145051449 | RMSE=0.653087770 | MAPE=25.457292400% | params={'learning_rate': 0.008024260982327253, 'decay_rate': 0.0002519323290194356, 'hidden_size': 16, 'beta1': 0.95, 'beta2': 0.95, 'signal_len': 16, 'cheb_order': 2, 's': 6.993077137308545, 'batch_size': 32, 'k': 8}
Trial 173 finished with value 0.111836749 | dataset=fred_md | model=ufgtime_plus | val_MSE=0.581539964 | test_MSE=0.379389843 | MAE=0.111836749 | RMSE=0.615946299 | MAPE=13.771285535% | params={'learning_rate': 0.009693695770936542, 'decay_rate': 0.00041458780720267624, 'hidden_size': 16, 'beta1': 0.95, 'beta2': 0.95, 'signal_len': 16, 'cheb_order': 2, 's': 7.541195189635449, 'batch_size': 32, 'k': 8}
Trial 174 finished with value 0.117493210 | dataset=fred_md | model=ufgtime_plus | val_MSE=0.559140209 | test_MSE=0.450276057 | MAE=0.117493210 | RMSE=0.671026122 | MAPE=13.879694297% | params={'learning_rate': 0.013519797081648879, 'decay_rate': 0.00031243316506710585, 'hidden_size': 16, 'beta1': 0.95, 'beta2': 0.95, 'signal_len': 16, 'cheb_order': 2, 's': 7.254634957871025, 'batch_size': 32, 'k': 8}
Trial 175 finished with value 0.138184701 | dataset=fred_md | model=ufgtime_plus | val_MSE=0.572193461 | test_MSE=0.402565418 | MAE=0.138184701 | RMSE=0.634480432 | MAPE=25.031408663% | params={'learning_rate': 0.007065134853146628, 'decay_rate': 0.00019423367996638765, 'hidden_size': 16, 'beta1': 0.95, 'beta2': 0.95, 'signal_len': 16, 'cheb_order': 2, 's': 6.4072619606937495, 'batch_size': 32, 'k': 8}
Trial 176 finished with value 0.156890058 | dataset=fred_md | model=ufgtime_plus | val_MSE=0.621554554 | test_MSE=0.493801413 | MAE=0.156890058 | RMSE=0.702710049 | MAPE=26.243104903% | params={'learning_rate': 0.005574758724209161, 'decay_rate': 0.0005288034245933732, 'hidden_size': 16, 'beta1': 0.95, 'beta2': 0.95, 'signal_len': 16, 'cheb_order': 2, 's': 6.819456602628457, 'batch_size': 128, 'k': 7}
Trial 177 finished with value 0.119370191 | dataset=fred_md | model=ufgtime_plus | val_MSE=0.573890317 | test_MSE=0.446002129 | MAE=0.119370191 | RMSE=0.667833908 | MAPE=15.319818568% | params={'learning_rate': 0.011002519506033233, 'decay_rate': 0.0003544690609456233, 'hidden_size': 16, 'beta1': 0.95, 'beta2': 0.99, 'signal_len': 16, 'cheb_order': 2, 's': 5.982525426770813, 'batch_size': 32, 'k': 9}
Trial 178 finished with value 0.130769345 | dataset=fred_md | model=ufgtime_plus | val_MSE=0.544502166 | test_MSE=0.625738563 | MAE=0.130769345 | RMSE=0.791036386 | MAPE=17.336056780% | params={'learning_rate': 0.00867280422180851, 'decay_rate': 0.00023521468939820983, 'hidden_size': 16, 'beta1': 0.95, 'beta2': 0.95, 'signal_len': 8, 'cheb_order': 2, 's': 6.621745858140367, 'batch_size': 64, 'k': 8}
Trial 179 finished with value 0.138344298 | dataset=fred_md | model=ufgtime_plus | val_MSE=0.524360402 | test_MSE=0.513763614 | MAE=0.138344298 | RMSE=0.716773056 | MAPE=16.180330057% | params={'learning_rate': 0.0064905955885045065, 'decay_rate': 0.00015792504382039052, 'hidden_size': 16, 'beta1': 0.99, 'beta2': 0.95, 'signal_len': 16, 'cheb_order': 2, 's': 6.13417523667962, 'batch_size': 32, 'k': 10}
Trial 180 finished with value 0.247382623 | dataset=fred_md | model=ufgtime_plus | val_MSE=0.736920774 | test_MSE=1.218006843 | MAE=0.247382623 | RMSE=1.103633473 | MAPE=33.241591815% | params={'learning_rate': 0.014437965341485042, 'decay_rate': 9.750185633117118e-05, 'hidden_size': 16, 'beta1': 0.95, 'beta2': 0.95, 'signal_len': 16, 'cheb_order': 2, 's': 7.027786765341603, 'batch_size': 256, 'k': 3}
Trial 181 finished with value 0.107892627 | dataset=fred_md | model=ufgtime_plus | val_MSE=0.554213336 | test_MSE=0.361990566 | MAE=0.107892627 | RMSE=0.601656518 | MAPE=13.295663851% | params={'learning_rate': 0.0076952262951300995, 'decay_rate': 0.0002866878433587642, 'hidden_size': 16, 'beta1': 0.95, 'beta2': 0.95, 'signal_len': 16, 'cheb_order': 2, 's': 6.371910431669628, 'batch_size': 32, 'k': 7}
Trial 182 finished with value 0.107219756 | dataset=fred_md | model=ufgtime_plus | val_MSE=0.553037811 | test_MSE=0.348386433 | MAE=0.107219756 | RMSE=0.590242690 | MAPE=13.360561607% | params={'learning_rate': 0.008970480189570643, 'decay_rate': 0.0002656131708457686, 'hidden_size': 16, 'beta1': 0.95, 'beta2': 0.95, 'signal_len': 16, 'cheb_order': 2, 's': 6.367477801962726, 'batch_size': 32, 'k': 7}
Trial 183 finished with value 0.118590513 | dataset=fred_md | model=ufgtime_plus | val_MSE=0.532653744 | test_MSE=0.462791585 | MAE=0.118590513 | RMSE=0.680287869 | MAPE=13.694759056% | params={'learning_rate': 0.011201405059784557, 'decay_rate': 0.0002626913932563913, 'hidden_size': 16, 'beta1': 0.95, 'beta2': 0.95, 'signal_len': 16, 'cheb_order': 2, 's': 6.620175244485583, 'batch_size': 32, 'k': 7}
Trial 184 finished with value 0.100590067 | dataset=fred_md | model=ufgtime_plus | val_MSE=0.575993783 | test_MSE=0.256364342 | MAE=0.100590067 | RMSE=0.506324344 | MAPE=14.853081523% | params={'learning_rate': 0.008446932290954298, 'decay_rate': 0.00019524962559321096, 'hidden_size': 16, 'beta1': 0.95, 'beta2': 0.95, 'signal_len': 16, 'cheb_order': 2, 's': 6.258087994337744, 'batch_size': 32, 'k': 7}
Trial 185 finished with value 0.109346699 | dataset=fred_md | model=ufgtime_plus | val_MSE=0.580871861 | test_MSE=0.411243767 | MAE=0.109346699 | RMSE=0.641282907 | MAPE=13.016176300% | params={'learning_rate': 0.009327383366831, 'decay_rate': 0.00020351695996663932, 'hidden_size': 16, 'beta1': 0.95, 'beta2': 0.95, 'signal_len': 16, 'cheb_order': 2, 's': 6.3298111626240114, 'batch_size': 32, 'k': 7}
Trial 186 finished with value 0.103584712 | dataset=fred_md | model=ufgtime_plus | val_MSE=0.561071825 | test_MSE=0.280674646 | MAE=0.103584712 | RMSE=0.529787359 | MAPE=13.536263117% | params={'learning_rate': 0.009465982996368453, 'decay_rate': 0.00018835334124860613, 'hidden_size': 16, 'beta1': 0.95, 'beta2': 0.95, 'signal_len': 16, 'cheb_order': 2, 's': 6.173094273374991, 'batch_size': 32, 'k': 7}
Trial 187 finished with value 0.100440722 | dataset=fred_md | model=ufgtime_plus | val_MSE=0.585640037 | test_MSE=0.285347248 | MAE=0.100440722 | RMSE=0.534179041 | MAPE=13.857038356% | params={'learning_rate': 0.008695158721187432, 'decay_rate': 0.00018706766052107036, 'hidden_size': 16, 'beta1': 0.95, 'beta2': 0.95, 'signal_len': 16, 'cheb_order': 2, 's': 6.2352907114860585, 'batch_size': 32, 'k': 7}
Trial 188 finished with value 0.114600802 | dataset=fred_md | model=ufgtime_plus | val_MSE=0.556348744 | test_MSE=0.358237772 | MAE=0.114600802 | RMSE=0.598529675 | MAPE=15.127296460% | params={'learning_rate': 0.008745994407510843, 'decay_rate': 0.00013906502049356785, 'hidden_size': 16, 'beta1': 0.95, 'beta2': 0.95, 'signal_len': 16, 'cheb_order': 2, 's': 6.25506162708194, 'batch_size': 32, 'k': 7}
Trial 189 finished with value 0.119833384 | dataset=fred_md | model=ufgtime_plus | val_MSE=0.516235952 | test_MSE=0.478068586 | MAE=0.119833384 | RMSE=0.691425040 | MAPE=13.611865968% | params={'learning_rate': 0.012476929107958706, 'decay_rate': 0.00018670413764166274, 'hidden_size': 16, 'beta1': 0.95, 'beta2': 0.95, 'signal_len': 16, 'cheb_order': 2, 's': 5.926076455809537, 'batch_size': 32, 'k': 7}
Trial 190 finished with value 0.111734955 | dataset=fred_md | model=ufgtime_plus | val_MSE=0.539510448 | test_MSE=0.379564097 | MAE=0.111734955 | RMSE=0.616087735 | MAPE=14.027427329% | params={'learning_rate': 0.035362412899716145, 'decay_rate': 0.00021313253849467422, 'hidden_size': 16, 'beta1': 0.95, 'beta2': 0.999, 'signal_len': 16, 'cheb_order': 2, 's': 5.471467817422039, 'batch_size': 32, 'k': 7}
Trial 191 finished with value 0.105137651 | dataset=fred_md | model=ufgtime_plus | val_MSE=0.576529725 | test_MSE=0.241720763 | MAE=0.105137651 | RMSE=0.491651058 | MAPE=13.805061570% | params={'learning_rate': 0.009470958725254618, 'decay_rate': 0.000164715550200499, 'hidden_size': 16, 'beta1': 0.95, 'beta2': 0.95, 'signal_len': 16, 'cheb_order': 2, 's': 6.685259924827227, 'batch_size': 32, 'k': 7}
Trial 192 finished with value 0.101326578 | dataset=fred_md | model=ufgtime_plus | val_MSE=0.582195279 | test_MSE=0.287812144 | MAE=0.101326578 | RMSE=0.536481262 | MAPE=14.118155127% | params={'learning_rate': 0.009321238427222683, 'decay_rate': 0.00016947497165124232, 'hidden_size': 16, 'beta1': 0.95, 'beta2': 0.95, 'signal_len': 16, 'cheb_order': 2, 's': 6.536469173930985, 'batch_size': 32, 'k': 7}
Trial 193 finished with value 0.133185748 | dataset=fred_md | model=ufgtime_plus | val_MSE=0.499760966 | test_MSE=0.559008405 | MAE=0.133185748 | RMSE=0.747668646 | MAPE=14.228951712% | params={'learning_rate': 0.015964350402382813, 'decay_rate': 0.00015662911935725686, 'hidden_size': 16, 'beta1': 0.95, 'beta2': 0.95, 'signal_len': 16, 'cheb_order': 2, 's': 6.498931066887661, 'batch_size': 32, 'k': 7}
Trial 194 finished with value 0.205606703 | dataset=fred_md | model=ufgtime_plus | val_MSE=0.917752870 | test_MSE=0.622017801 | MAE=0.205606703 | RMSE=0.788681052 | MAPE=45.012091966% | params={'learning_rate': 0.0013727998369782828, 'decay_rate': 0.00012115419393308361, 'hidden_size': 16, 'beta1': 0.95, 'beta2': 0.95, 'signal_len': 16, 'cheb_order': 2, 's': 6.847700142311575, 'batch_size': 32, 'k': 7}
Trial 195 finished with value 0.102483218 | dataset=fred_md | model=ufgtime_plus | val_MSE=0.571809174 | test_MSE=0.257157531 | MAE=0.102483218 | RMSE=0.507107021 | MAPE=13.565026067% | params={'learning_rate': 0.0092550736833603, 'decay_rate': 0.0001759845424560057, 'hidden_size': 16, 'beta1': 0.95, 'beta2': 0.95, 'signal_len': 16, 'cheb_order': 2, 's': 6.182777432533222, 'batch_size': 32, 'k': 7}
Trial 196 finished with value 0.122769812 | dataset=fred_md | model=ufgtime_plus | val_MSE=0.537963610 | test_MSE=0.403102860 | MAE=0.122769812 | RMSE=0.634903819 | MAPE=13.985691612% | params={'learning_rate': 0.012151237749590505, 'decay_rate': 0.00010154242156765097, 'hidden_size': 16, 'beta1': 0.95, 'beta2': 0.95, 'signal_len': 16, 'cheb_order': 2, 's': 6.185215038557126, 'batch_size': 32, 'k': 7}
Trial 197 finished with value 0.180043922 | dataset=fred_md | model=ufgtime_plus | val_MSE=0.577263722 | test_MSE=0.511372795 | MAE=0.180043922 | RMSE=0.715103345 | MAPE=30.924672315% | params={'learning_rate': 0.007713959023040527, 'decay_rate': 0.00017540546542385032, 'hidden_size': 16, 'beta1': 0.95, 'beta2': 0.95, 'signal_len': 16, 'cheb_order': 2, 's': 6.702806045780228, 'batch_size': 32, 'k': 7}
Trial 198 finished with value 0.211956542 | dataset=fred_md | model=ufgtime_plus | val_MSE=0.623043073 | test_MSE=0.595080721 | MAE=0.211956542 | RMSE=0.771414753 | MAPE=36.736537885% | params={'learning_rate': 0.01026295394909138, 'decay_rate': 0.00013971186512793177, 'hidden_size': 16, 'beta1': 0.9, 'beta2': 0.95, 'signal_len': 16, 'cheb_order': 2, 's': 5.820026613002417, 'batch_size': 32, 'k': 7}
Trial 199 finished with value 0.117661151 | dataset=fred_md | model=ufgtime_plus | val_MSE=0.712580621 | test_MSE=0.349659418 | MAE=0.117661151 | RMSE=0.591320064 | MAPE=17.600188119% | params={'learning_rate': 0.02048581314302663, 'decay_rate': 0.00017223171477639444, 'hidden_size': 16, 'beta1': 0.95, 'beta2': 0.95, 'signal_len': 16, 'cheb_order': 2, 's': 6.560153462267767, 'batch_size': 256, 'k': 7}
Trial 200 finished with value 0.164638038 | dataset=fred_md | model=ufgtime_plus | val_MSE=0.553757027 | test_MSE=0.482318100 | MAE=0.164638038 | RMSE=0.694491253 | MAPE=28.123815009% | params={'learning_rate': 0.008780413231359765, 'decay_rate': 0.00023975283172570727, 'hidden_size': 16, 'beta1': 0.95, 'beta2': 0.95, 'signal_len': 16, 'cheb_order': 2, 's': 6.058083412836054, 'batch_size': 16, 'k': 7}
Trial 201 finished with value 0.103315105 | dataset=fred_md | model=ufgtime_plus | val_MSE=0.574880357 | test_MSE=0.292146601 | MAE=0.103315105 | RMSE=0.540505875 | MAPE=15.907250415% | params={'learning_rate': 0.00946851980199097, 'decay_rate': 0.00020117751816087207, 'hidden_size': 16, 'beta1': 0.95, 'beta2': 0.95, 'signal_len': 16, 'cheb_order': 2, 's': 6.381517202993958, 'batch_size': 32, 'k': 7}
Trial 202 finished with value 0.134300650 | dataset=fred_md | model=ufgtime_plus | val_MSE=0.581522338 | test_MSE=0.407678191 | MAE=0.134300650 | RMSE=0.638496821 | MAPE=22.669348062% | params={'learning_rate': 0.007857809070948496, 'decay_rate': 0.0002051370161108767, 'hidden_size': 16, 'beta1': 0.95, 'beta2': 0.95, 'signal_len': 16, 'cheb_order': 2, 's': 3.84864951338204, 'batch_size': 32, 'k': 7}
Trial 203 finished with value 0.117964392 | dataset=fred_md | model=ufgtime_plus | val_MSE=0.546632720 | test_MSE=0.399812042 | MAE=0.117964392 | RMSE=0.632306921 | MAPE=14.328130993% | params={'learning_rate': 0.011171999707211144, 'decay_rate': 0.00015124104857271503, 'hidden_size': 16, 'beta1': 0.95, 'beta2': 0.95, 'signal_len': 16, 'cheb_order': 2, 's': 6.454818588060729, 'batch_size': 32, 'k': 7}
Trial 204 finished with value 0.113111250 | dataset=fred_md | model=ufgtime_plus | val_MSE=0.563200675 | test_MSE=0.362350601 | MAE=0.113111250 | RMSE=0.601955647 | MAPE=15.159420699% | params={'learning_rate': 0.009521983317316482, 'decay_rate': 0.00018097370174964555, 'hidden_size': 16, 'beta1': 0.95, 'beta2': 0.95, 'signal_len': 16, 'cheb_order': 2, 's': 6.723400742343274, 'batch_size': 32, 'k': 7}
Trial 205 finished with value 0.191448936 | dataset=fred_md | model=ufgtime_plus | val_MSE=0.572087087 | test_MSE=0.619477970 | MAE=0.191448936 | RMSE=0.787069228 | MAPE=31.114288177% | params={'learning_rate': 0.006179400779875987, 'decay_rate': 0.00012094112542589427, 'hidden_size': 16, 'beta1': 0.95, 'beta2': 0.95, 'signal_len': 16, 'cheb_order': 2, 's': 6.223855358597383, 'batch_size': 32, 'k': 7}
Trial 206 finished with value 0.123401890 | dataset=fred_md | model=ufgtime_plus | val_MSE=0.539404079 | test_MSE=0.501619961 | MAE=0.123401890 | RMSE=0.708251340 | MAPE=14.030398832% | params={'learning_rate': 0.01484209526908449, 'decay_rate': 0.00021771913560547835, 'hidden_size': 16, 'beta1': 0.95, 'beta2': 0.95, 'signal_len': 16, 'cheb_order': 2, 's': 6.948060554059401, 'batch_size': 32, 'k': 6}
Trial 207 finished with value 0.142727083 | dataset=fred_md | model=ufgtime_plus | val_MSE=0.806462824 | test_MSE=0.416464846 | MAE=0.142727083 | RMSE=0.645340876 | MAPE=25.403902292% | params={'learning_rate': 0.007583099691692804, 'decay_rate': 0.00027836575233358284, 'hidden_size': 16, 'beta1': 0.95, 'beta2': 0.95, 'signal_len': 16, 'cheb_order': 2, 's': 7.108228120182918, 'batch_size': 256, 'k': 7}
Trial 208 finished with value 0.169561360 | dataset=fred_md | model=ufgtime_plus | val_MSE=0.611504898 | test_MSE=0.488119927 | MAE=0.169561360 | RMSE=0.698655800 | MAPE=29.569426102% | params={'learning_rate': 0.005272410092282152, 'decay_rate': 0.0001402102108526849, 'hidden_size': 16, 'beta1': 0.95, 'beta2': 0.95, 'signal_len': 16, 'cheb_order': 2, 's': 6.516294923468754, 'batch_size': 32, 'k': 7}
Trial 209 finished with value 0.104755270 | dataset=fred_md | model=ufgtime_plus | val_MSE=0.570133138 | test_MSE=0.322487780 | MAE=0.104755270 | RMSE=0.567880075 | MAPE=14.991503400% | params={'learning_rate': 0.01079545640216174, 'decay_rate': 0.0002477409507315839, 'hidden_size': 64, 'beta1': 0.95, 'beta2': 0.95, 'signal_len': 16, 'cheb_order': 2, 's': 6.025386381193172, 'batch_size': 32, 'k': 6}
Trial 210 finished with value 0.154279743 | dataset=fred_md | model=ufgtime_plus | val_MSE=0.862349927 | test_MSE=0.611663940 | MAE=0.154279743 | RMSE=0.782089471 | MAPE=23.494383775% | params={'learning_rate': 0.012645858732087146, 'decay_rate': 0.00017570908366165317, 'hidden_size': 64, 'beta1': 0.95, 'beta2': 0.99, 'signal_len': 8, 'cheb_order': 2, 's': 6.046238155117737, 'batch_size': 256, 'k': 6}
Trial 211 finished with value 0.096784742 | dataset=fred_md | model=ufgtime_plus | val_MSE=0.580811384 | test_MSE=0.270568632 | MAE=0.096784742 | RMSE=0.520162121 | MAPE=13.660238132% | params={'learning_rate': 0.009537474926177842, 'decay_rate': 0.00024103328738494023, 'hidden_size': 64, 'beta1': 0.95, 'beta2': 0.95, 'signal_len': 16, 'cheb_order': 2, 's': 6.312264311182038, 'batch_size': 32, 'k': 7}
Trial 212 finished with value 0.100688462 | dataset=fred_md | model=ufgtime_plus | val_MSE=0.569450896 | test_MSE=0.293898194 | MAE=0.100688462 | RMSE=0.542123781 | MAPE=13.433727215% | params={'learning_rate': 0.010012112226002096, 'decay_rate': 0.0002448201639125013, 'hidden_size': 64, 'beta1': 0.95, 'beta2': 0.95, 'signal_len': 16, 'cheb_order': 2, 's': 5.8113574547782125, 'batch_size': 32, 'k': 7}
Trial 213 finished with value 0.132018224 | dataset=fred_md | model=ufgtime_plus | val_MSE=0.542804162 | test_MSE=0.473356827 | MAE=0.132018224 | RMSE=0.688009322 | MAPE=17.721589755% | params={'learning_rate': 0.011204554699729323, 'decay_rate': 0.00021617500520474048, 'hidden_size': 64, 'beta1': 0.95, 'beta2': 0.95, 'signal_len': 16, 'cheb_order': 2, 's': 5.757874126140844, 'batch_size': 32, 'k': 7}
Trial 214 finished with value 0.101916870 | dataset=fred_md | model=ufgtime_plus | val_MSE=0.553448752 | test_MSE=0.318196971 | MAE=0.101916870 | RMSE=0.564089507 | MAPE=12.815492973% | params={'learning_rate': 0.01029263309035387, 'decay_rate': 0.0001863918022202956, 'hidden_size': 64, 'beta1': 0.95, 'beta2': 0.95, 'signal_len': 16, 'cheb_order': 2, 's': 5.931336091553186, 'batch_size': 32, 'k': 7}
Trial 215 finished with value 0.154954755 | dataset=fred_md | model=ufgtime_plus | val_MSE=0.540631020 | test_MSE=0.429855822 | MAE=0.154954755 | RMSE=0.655633909 | MAPE=26.376114699% | params={'learning_rate': 0.010369456269640436, 'decay_rate': 0.0001540873118785886, 'hidden_size': 64, 'beta1': 0.95, 'beta2': 0.95, 'signal_len': 16, 'cheb_order': 2, 's': 5.9421539669202215, 'batch_size': 32, 'k': 7}
