Trial 216 finished with value 0.127258687 | dataset=fred_md | model=ufgtime_plus | val_MSE=0.587643255 | test_MSE=0.441428721 | MAE=0.127258687 | RMSE=0.664401024 | MAPE=20.638159295% | params={'learning_rate': 0.013904946366023263, 'decay_rate': 0.0001919372465180887, 'hidden_size': 64, 'beta1': 0.95, 'beta2': 0.999, 'signal_len': 16, 'cheb_order': 2, 's': 5.530923623660111, 'batch_size': 32, 'k': 7}
Trial 217 finished with value 0.099921607 | dataset=fred_md | model=ufgtime_plus | val_MSE=0.579881906 | test_MSE=0.281317189 | MAE=0.099921607 | RMSE=0.530393428 | MAPE=12.787523206% | params={'learning_rate': 0.010242686187564399, 'decay_rate': 0.00022876766293750082, 'hidden_size': 64, 'beta1': 0.95, 'beta2': 0.95, 'signal_len': 16, 'cheb_order': 2, 's': 5.837473992953762, 'batch_size': 32, 'k': 7}
Trial 218 finished with value 0.262574016 | dataset=fred_md | model=ufgtime_plus | val_MSE=0.521799198 | test_MSE=0.547749149 | MAE=0.262574016 | RMSE=0.740100770 | MAPE=47.296204835% | params={'learning_rate': 0.016726027669310976, 'decay_rate': 0.00017526640683116482, 'hidden_size': 64, 'beta1': 0.99, 'beta2': 0.95, 'signal_len': 16, 'cheb_order': 2, 's': 5.671566848713258, 'batch_size': 32, 'k': 6}
Trial 219 finished with value 0.140199641 | dataset=fred_md | model=ufgtime_plus | val_MSE=0.521361440 | test_MSE=0.643762704 | MAE=0.140199641 | RMSE=0.802348244 | MAPE=13.707907496% | params={'learning_rate': 0.012278906662341731, 'decay_rate': 0.00022160644642434427, 'hidden_size': 64, 'beta1': 0.95, 'beta2': 0.95, 'signal_len': 16, 'cheb_order': 2, 's': 5.950249446650891, 'batch_size': 32, 'k': 7}
Trial 220 finished with value 0.132415624 | dataset=fred_md | model=ufgtime_plus | val_MSE=0.526295894 | test_MSE=0.468385904 | MAE=0.132415624 | RMSE=0.684387247 | MAPE=17.225981988% | params={'learning_rate': 0.010455193391606618, 'decay_rate': 0.00013093500417491128, 'hidden_size': 64, 'beta1': 0.95, 'beta2': 0.95, 'signal_len': 16, 'cheb_order': 2, 's': 5.785106562141981, 'batch_size': 32, 'k': 7}
Trial 221 finished with value 0.125268153 | dataset=fred_md | model=ufgtime_plus | val_MSE=0.537921880 | test_MSE=0.431493842 | MAE=0.125268153 | RMSE=0.656881909 | MAPE=16.321945273% | params={'learning_rate': 0.00896412421176001, 'decay_rate': 0.000223921714351477, 'hidden_size': 64, 'beta1': 0.95, 'beta2': 0.95, 'signal_len': 16, 'cheb_order': 2, 's': 6.149805829475385, 'batch_size': 32, 'k': 7}
Trial 222 finished with value 0.131438553 | dataset=fred_md | model=ufgtime_plus | val_MSE=0.532151549 | test_MSE=0.431951415 | MAE=0.131438553 | RMSE=0.657230108 | MAPE=21.063459256% | params={'learning_rate': 0.0071297338874007085, 'decay_rate': 0.0001628875135549203, 'hidden_size': 64, 'beta1': 0.95, 'beta2': 0.95, 'signal_len': 16, 'cheb_order': 2, 's': 6.202715686125398, 'batch_size': 32, 'k': 7}
Trial 223 finished with value 0.102388598 | dataset=fred_md | model=ufgtime_plus | val_MSE=0.567335012 | test_MSE=0.341532391 | MAE=0.102388598 | RMSE=0.584407727 | MAPE=12.551091382% | params={'learning_rate': 0.010912768880115336, 'decay_rate': 0.0002463814373473281, 'hidden_size': 64, 'beta1': 0.95, 'beta2': 0.95, 'signal_len': 16, 'cheb_order': 2, 's': 6.050995447269463, 'batch_size': 32, 'k': 7}
Trial 224 finished with value 0.103721804 | dataset=fred_md | model=ufgtime_plus | val_MSE=0.563927264 | test_MSE=0.307552268 | MAE=0.103721804 | RMSE=0.554573952 | MAPE=13.384719677% | params={'learning_rate': 0.010596025179416175, 'decay_rate': 0.00020399250849348826, 'hidden_size': 64, 'beta1': 0.95, 'beta2': 0.95, 'signal_len': 16, 'cheb_order': 2, 's': 5.871297455723354, 'batch_size': 32, 'k': 7}
Trial 225 finished with value 0.104905269 | dataset=fred_md | model=ufgtime_plus | val_MSE=0.557753740 | test_MSE=0.293812892 | MAE=0.104905269 | RMSE=0.542045101 | MAPE=12.759276002% | params={'learning_rate': 0.01133245105354083, 'decay_rate': 0.00019702572371614962, 'hidden_size': 64, 'beta1': 0.95, 'beta2': 0.95, 'signal_len': 16, 'cheb_order': 2, 's': 5.58007821236818, 'batch_size': 32, 'k': 7}
Trial 226 finished with value 0.102375284 | dataset=fred_md | model=ufgtime_plus | val_MSE=0.555302740 | test_MSE=0.301079721 | MAE=0.102375284 | RMSE=0.548707318 | MAPE=12.838688885% | params={'learning_rate': 0.010915106764557224, 'decay_rate': 0.00019171805387986632, 'hidden_size': 64, 'beta1': 0.95, 'beta2': 0.95, 'signal_len': 16, 'cheb_order': 2, 's': 5.691956209960145, 'batch_size': 32, 'k': 7}
Trial 227 finished with value 0.136187230 | dataset=fred_md | model=ufgtime_plus | val_MSE=0.520433510 | test_MSE=0.543663910 | MAE=0.136187230 | RMSE=0.737335683 | MAPE=14.919873187% | params={'learning_rate': 0.013358346573338106, 'decay_rate': 0.0001904084327424101, 'hidden_size': 64, 'beta1': 0.95, 'beta2': 0.95, 'signal_len': 16, 'cheb_order': 2, 's': 5.416783689658148, 'batch_size': 32, 'k': 7}
Trial 228 finished with value 0.150306237 | dataset=fred_md | model=ufgtime_plus | val_MSE=0.533079851 | test_MSE=0.463568637 | MAE=0.150306237 | RMSE=0.680858750 | MAPE=22.973574000% | params={'learning_rate': 0.010367338889876452, 'decay_rate': 0.00015924996741858757, 'hidden_size': 64, 'beta1': 0.95, 'beta2': 0.95, 'signal_len': 16, 'cheb_order': 2, 's': 5.626636870340919, 'batch_size': 32, 'k': 7}
Trial 229 finished with value 0.133449729 | dataset=fred_md | model=ufgtime_plus | val_MSE=0.537511274 | test_MSE=0.383521401 | MAE=0.133449729 | RMSE=0.619291047 | MAPE=22.201633447% | params={'learning_rate': 0.011805946844442016, 'decay_rate': 0.0001358318090293631, 'hidden_size': 64, 'beta1': 0.95, 'beta2': 0.95, 'signal_len': 16, 'cheb_order': 2, 's': 5.83443955929796, 'batch_size': 32, 'k': 7}
Trial 230 finished with value 0.137909457 | dataset=fred_md | model=ufgtime_plus | val_MSE=0.509970725 | test_MSE=0.543566830 | MAE=0.137909457 | RMSE=0.737269849 | MAPE=13.767484741% | params={'learning_rate': 0.010947243039750568, 'decay_rate': 2.2174977300316562e-05, 'hidden_size': 64, 'beta1': 0.95, 'beta2': 0.95, 'signal_len': 16, 'cheb_order': 3, 's': 5.518902468375474, 'batch_size': 32, 'k': 7}
Trial 231 finished with value 0.105574567 | dataset=fred_md | model=ufgtime_plus | val_MSE=0.564006365 | test_MSE=0.288745436 | MAE=0.105574567 | RMSE=0.537350385 | MAPE=14.208565099% | params={'learning_rate': 0.009318038073248174, 'decay_rate': 0.00019154530939740589, 'hidden_size': 64, 'beta1': 0.95, 'beta2': 0.95, 'signal_len': 16, 'cheb_order': 2, 's': 5.965839406095101, 'batch_size': 32, 'k': 7}
Trial 232 finished with value 0.107932351 | dataset=fred_md | model=ufgtime_plus | val_MSE=0.563453342 | test_MSE=0.285468302 | MAE=0.107932351 | RMSE=0.534292338 | MAPE=13.712578009% | params={'learning_rate': 0.00984616695875397, 'decay_rate': 0.00018282032632004744, 'hidden_size': 64, 'beta1': 0.95, 'beta2': 0.95, 'signal_len': 16, 'cheb_order': 2, 's': 6.000675482469955, 'batch_size': 32, 'k': 7}
Trial 233 finished with value 0.096800012 | dataset=fred_md | model=ufgtime_plus | val_MSE=0.573492394 | test_MSE=0.275481625 | MAE=0.096800012 | RMSE=0.524863435 | MAPE=12.924389522% | params={'learning_rate': 0.012230112114299497, 'decay_rate': 0.0002032717696319324, 'hidden_size': 64, 'beta1': 0.95, 'beta2': 0.95, 'signal_len': 16, 'cheb_order': 2, 's': 5.676861315382417, 'batch_size': 32, 'k': 7}
Trial 234 finished with value 0.144758885 | dataset=fred_md | model=ufgtime_plus | val_MSE=0.534121353 | test_MSE=0.527998718 | MAE=0.144758885 | RMSE=0.726635203 | MAPE=17.443777454% | params={'learning_rate': 0.01624366548068013, 'decay_rate': 0.00022666048515454843, 'hidden_size': 64, 'beta1': 0.95, 'beta2': 0.95, 'signal_len': 16, 'cheb_order': 2, 's': 5.342845144845306, 'batch_size': 32, 'k': 7}
Trial 235 finished with value 0.125284094 | dataset=fred_md | model=ufgtime_plus | val_MSE=0.527612498 | test_MSE=0.416239232 | MAE=0.125284094 | RMSE=0.645166050 | MAPE=17.762537842% | params={'learning_rate': 0.014046884340716648, 'decay_rate': 0.00010877112512805224, 'hidden_size': 64, 'beta1': 0.95, 'beta2': 0.95, 'signal_len': 16, 'cheb_order': 2, 's': 5.670319813800962, 'batch_size': 32, 'k': 7}
Trial 236 finished with value 0.118891851 | dataset=fred_md | model=ufgtime_plus | val_MSE=0.521243026 | test_MSE=0.486521256 | MAE=0.118891851 | RMSE=0.697510757 | MAPE=13.279547442% | params={'learning_rate': 0.011996811861377408, 'decay_rate': 0.00016140385631143602, 'hidden_size': 64, 'beta1': 0.95, 'beta2': 0.95, 'signal_len': 16, 'cheb_order': 2, 's': 5.764111119884503, 'batch_size': 32, 'k': 7}
Trial 237 finished with value 0.118071245 | dataset=fred_md | model=ufgtime_plus | val_MSE=0.538484762 | test_MSE=0.427524675 | MAE=0.118071245 | RMSE=0.653853711 | MAPE=15.345728681% | params={'learning_rate': 0.013472278413317641, 'decay_rate': 0.00022728195620383746, 'hidden_size': 64, 'beta1': 0.95, 'beta2': 0.95, 'signal_len': 16, 'cheb_order': 2, 's': 5.859475346213573, 'batch_size': 32, 'k': 6}
Trial 238 finished with value 0.157482910 | dataset=fred_md | model=ufgtime_plus | val_MSE=0.999781663 | test_MSE=0.339875985 | MAE=0.157482910 | RMSE=0.582988838 | MAPE=20.233578855% | params={'learning_rate': 0.011047422663313397, 'decay_rate': 0.014360476125729516, 'hidden_size': 64, 'beta1': 0.95, 'beta2': 0.999, 'signal_len': 16, 'cheb_order': 2, 's': 6.097090732045184, 'batch_size': 32, 'k': 7}
Trial 239 finished with value 0.158692780 | dataset=fred_md | model=ufgtime_plus | val_MSE=0.629626585 | test_MSE=0.502831486 | MAE=0.158692780 | RMSE=0.709106117 | MAPE=24.946897626% | params={'learning_rate': 0.008305126047473218, 'decay_rate': 0.00020211829077583485, 'hidden_size': 64, 'beta1': 0.9, 'beta2': 0.95, 'signal_len': 16, 'cheb_order': 2, 's': 5.5632733484469785, 'batch_size': 32, 'k': 7}
Trial 240 finished with value 0.118125996 | dataset=fred_md | model=ufgtime_plus | val_MSE=0.528775108 | test_MSE=0.342863330 | MAE=0.118125996 | RMSE=0.585545327 | MAPE=16.489711162% | params={'learning_rate': 0.009877682372760696, 'decay_rate': 5.0956519308162056e-05, 'hidden_size': 64, 'beta1': 0.95, 'beta2': 0.95, 'signal_len': 16, 'cheb_order': 2, 's': 6.201226245489242, 'batch_size': 32, 'k': 7}
Trial 241 finished with value 0.132267450 | dataset=fred_md | model=ufgtime_plus | val_MSE=0.534545938 | test_MSE=0.438886819 | MAE=0.132267450 | RMSE=0.662485335 | MAPE=20.870308334% | params={'learning_rate': 0.00925006423212622, 'decay_rate': 0.00019071453113727268, 'hidden_size': 64, 'beta1': 0.95, 'beta2': 0.95, 'signal_len': 16, 'cheb_order': 2, 's': 5.950662696269568, 'batch_size': 32, 'k': 7}
Trial 242 finished with value 0.152496101 | dataset=fred_md | model=ufgtime_plus | val_MSE=0.535857240 | test_MSE=0.445451592 | MAE=0.152496101 | RMSE=0.667421600 | MAPE=25.779930234% | params={'learning_rate': 0.008443713105084141, 'decay_rate': 0.00014924319107876438, 'hidden_size': 64, 'beta1': 0.95, 'beta2': 0.95, 'signal_len': 16, 'cheb_order': 2, 's': 6.016943907814896, 'batch_size': 32, 'k': 7}
Trial 243 finished with value 0.104100308 | dataset=fred_md | model=ufgtime_plus | val_MSE=0.571422578 | test_MSE=0.281571289 | MAE=0.104100308 | RMSE=0.530632914 | MAPE=13.384450371% | params={'learning_rate': 0.011506819206061633, 'decay_rate': 0.00019449133432013912, 'hidden_size': 64, 'beta1': 0.95, 'beta2': 0.95, 'signal_len': 16, 'cheb_order': 2, 's': 5.793613518165598, 'batch_size': 32, 'k': 7}
Trial 244 finished with value 1.298814356 | dataset=fred_md | model=ufgtime_plus | val_MSE=3.267726636 | test_MSE=24.354475586 | MAE=1.298814356 | RMSE=4.935025389 | MAPE=77.220471991% | params={'learning_rate': 7.292908454682124e-05, 'decay_rate': 0.00025554811091653884, 'hidden_size': 64, 'beta1': 0.95, 'beta2': 0.95, 'signal_len': 16, 'cheb_order': 2, 's': 5.7505015062133475, 'batch_size': 32, 'k': 7}
Trial 245 finished with value 0.120358217 | dataset=fred_md | model=ufgtime_plus | val_MSE=0.535816010 | test_MSE=0.503407846 | MAE=0.120358217 | RMSE=0.709512400 | MAPE=13.214965222% | params={'learning_rate': 0.011990560200049388, 'decay_rate': 0.00023590060667755925, 'hidden_size': 64, 'beta1': 0.95, 'beta2': 0.95, 'signal_len': 16, 'cheb_order': 2, 's': 5.581124621033064, 'batch_size': 32, 'k': 7}
Trial 246 finished with value 0.116490507 | dataset=fred_md | model=ufgtime_plus | val_MSE=0.533257957 | test_MSE=0.437960291 | MAE=0.116490507 | RMSE=0.661785684 | MAPE=13.303303554% | params={'learning_rate': 0.014062502700442864, 'decay_rate': 0.00016947650642728818, 'hidden_size': 64, 'beta1': 0.95, 'beta2': 0.95, 'signal_len': 16, 'cheb_order': 2, 's': 5.357845912118977, 'batch_size': 32, 'k': 5}
Trial 247 finished with value 0.145377830 | dataset=fred_md | model=ufgtime_plus | val_MSE=0.513525866 | test_MSE=0.491221844 | MAE=0.145377830 | RMSE=0.700872202 | MAPE=17.109946698% | params={'learning_rate': 0.010745667972465572, 'decay_rate': 0.00020118397997998005, 'hidden_size': 64, 'beta1': 0.95, 'beta2': 0.95, 'signal_len': 16, 'cheb_order': 2, 's': 6.250033297841095, 'batch_size': 64, 'k': 7}
Trial 248 finished with value 0.132364564 | dataset=fred_md | model=ufgtime_plus | val_MSE=0.531538197 | test_MSE=0.453879733 | MAE=0.132364564 | RMSE=0.673705969 | MAPE=18.326235674% | params={'learning_rate': 0.007911374127518241, 'decay_rate': 0.00012406030982696207, 'hidden_size': 64, 'beta1': 0.95, 'beta2': 0.95, 'signal_len': 16, 'cheb_order': 2, 's': 5.883620586319426, 'batch_size': 32, 'k': 7}
Trial 249 finished with value 0.114126978 | dataset=fred_md | model=ufgtime_plus | val_MSE=0.535269342 | test_MSE=0.390914038 | MAE=0.114126978 | RMSE=0.625231187 | MAPE=16.116388589% | params={'learning_rate': 0.012577438369753887, 'decay_rate': 0.0001499332151256253, 'hidden_size': 64, 'beta1': 0.95, 'beta2': 0.95, 'signal_len': 16, 'cheb_order': 2, 's': 6.24053859765993, 'batch_size': 32, 'k': 7}
Trial 250 finished with value 0.140300950 | dataset=fred_md | model=ufgtime_plus | val_MSE=0.598949846 | test_MSE=0.407793985 | MAE=0.140300950 | RMSE=0.638587492 | MAPE=24.285207597% | params={'learning_rate': 0.006932739595995409, 'decay_rate': 0.00023834055166304445, 'hidden_size': 64, 'beta1': 0.95, 'beta2': 0.95, 'signal_len': 16, 'cheb_order': 2, 's': 6.099972704599868, 'batch_size': 32, 'k': 7}
Trial 251 finished with value 0.167700088 | dataset=fred_md | model=ufgtime_plus | val_MSE=0.500769147 | test_MSE=0.564600316 | MAE=0.167700088 | RMSE=0.751398906 | MAPE=21.429236660% | params={'learning_rate': 0.010077217964157241, 'decay_rate': 0.00018546663950949553, 'hidden_size': 64, 'beta1': 0.95, 'beta2': 0.95, 'signal_len': 16, 'cheb_order': 2, 's': 5.752695782289029, 'batch_size': 32, 'k': 7}
Trial 252 finished with value 0.132862103 | dataset=fred_md | model=ufgtime_plus | val_MSE=0.563011112 | test_MSE=0.495580577 | MAE=0.132862103 | RMSE=0.703974841 | MAPE=17.162305768% | params={'learning_rate': 0.007987871650455476, 'decay_rate': 0.00021688377664176781, 'hidden_size': 64, 'beta1': 0.95, 'beta2': 0.95, 'signal_len': 8, 'cheb_order': 2, 's': 1.3210954248005402, 'batch_size': 32, 'k': 6}
Trial 253 finished with value 0.157542498 | dataset=fred_md | model=ufgtime_plus | val_MSE=0.500491068 | test_MSE=0.608881610 | MAE=0.157542498 | RMSE=0.780308664 | MAPE=17.687130615% | params={'learning_rate': 0.015830687596949004, 'decay_rate': 8.426410918698117e-05, 'hidden_size': 64, 'beta1': 0.95, 'beta2': 0.95, 'signal_len': 16, 'cheb_order': 2, 's': 6.5333121989168585, 'batch_size': 16, 'k': 7}
Trial 254 finished with value 0.123214444 | dataset=fred_md | model=ufgtime_plus | val_MSE=0.592118475 | test_MSE=0.355895062 | MAE=0.123214444 | RMSE=0.596569411 | MAPE=22.495092093% | params={'learning_rate': 0.010645258521345102, 'decay_rate': 0.00016354627922404206, 'hidden_size': 64, 'beta1': 0.95, 'beta2': 0.99, 'signal_len': 16, 'cheb_order': 2, 's': 6.091659258122286, 'batch_size': 32, 'k': 7}
Trial 255 finished with value 0.141506361 | dataset=fred_md | model=ufgtime_plus | val_MSE=0.546641137 | test_MSE=0.388201327 | MAE=0.141506361 | RMSE=0.623058044 | MAPE=24.335962237% | params={'learning_rate': 0.009586941845192296, 'decay_rate': 0.0001328059509006038, 'hidden_size': 64, 'beta1': 0.95, 'beta2': 0.95, 'signal_len': 16, 'cheb_order': 2, 's': 6.3685167950755535, 'batch_size': 32, 'k': 7}
Trial 256 finished with value 0.111280918 | dataset=fred_md | model=ufgtime_plus | val_MSE=0.530259570 | test_MSE=0.393893713 | MAE=0.111280918 | RMSE=0.627609523 | MAPE=13.450498392% | params={'learning_rate': 0.007155160479454545, 'decay_rate': 0.0002593443312575517, 'hidden_size': 64, 'beta1': 0.99, 'beta2': 0.999, 'signal_len': 16, 'cheb_order': 2, 's': 5.851379012543898, 'batch_size': 32, 'k': 7}
Trial 257 finished with value 0.118514951 | dataset=fred_md | model=ufgtime_plus | val_MSE=0.536511056 | test_MSE=0.428281568 | MAE=0.118514951 | RMSE=0.654432248 | MAPE=14.360655907% | params={'learning_rate': 0.012526170436850498, 'decay_rate': 0.00019711035619389872, 'hidden_size': 64, 'beta1': 0.95, 'beta2': 0.95, 'signal_len': 16, 'cheb_order': 2, 's': 5.57799305854861, 'batch_size': 32, 'k': 7}
Trial 258 finished with value 0.125600486 | dataset=fred_md | model=ufgtime_plus | val_MSE=0.577886394 | test_MSE=0.404805194 | MAE=0.125600486 | RMSE=0.636243031 | MAPE=19.476280875% | params={'learning_rate': 0.008910781978409115, 'decay_rate': 0.00029563122894820943, 'hidden_size': 64, 'beta1': 0.95, 'beta2': 0.95, 'signal_len': 16, 'cheb_order': 2, 's': 5.237275488605802, 'batch_size': 32, 'k': 7}
Trial 259 finished with value 0.995557956 | dataset=fred_md | model=ufgtime_plus | val_MSE=2.278897854 | test_MSE=13.844044497 | MAE=0.995557956 | RMSE=3.720758592 | MAPE=60.031816761% | params={'learning_rate': 0.0003185558159084217, 'decay_rate': 0.0001790054800829822, 'hidden_size': 64, 'beta1': 0.95, 'beta2': 0.95, 'signal_len': 16, 'cheb_order': 3, 's': 6.3083284835072995, 'batch_size': 32, 'k': 6}
Trial 260 finished with value 0.103302000 | dataset=fred_md | model=ufgtime_plus | val_MSE=0.558666347 | test_MSE=0.340620119 | MAE=0.103302000 | RMSE=0.583626695 | MAPE=13.396148799% | params={'learning_rate': 0.019226826102234137, 'decay_rate': 0.00023205453686226914, 'hidden_size': 64, 'beta1': 0.95, 'beta2': 0.95, 'signal_len': 16, 'cheb_order': 2, 's': 6.045363213455858, 'batch_size': 32, 'k': 7}
Trial 261 finished with value 0.104920311 | dataset=fred_md | model=ufgtime_plus | val_MSE=0.583287622 | test_MSE=0.263523033 | MAE=0.104920311 | RMSE=0.513344945 | MAPE=12.989290504% | params={'learning_rate': 0.014944952394638998, 'decay_rate': 0.00024138446077674554, 'hidden_size': 64, 'beta1': 0.95, 'beta2': 0.95, 'signal_len': 16, 'cheb_order': 2, 's': 5.9707188110487825, 'batch_size': 32, 'k': 5}
Trial 262 finished with value 0.128458679 | dataset=fred_md | model=ufgtime_plus | val_MSE=0.528910283 | test_MSE=0.488093826 | MAE=0.128458679 | RMSE=0.698637120 | MAPE=14.654917876% | params={'learning_rate': 0.019129037113792515, 'decay_rate': 0.00020761541243543858, 'hidden_size': 64, 'beta1': 0.95, 'beta2': 0.95, 'signal_len': 16, 'cheb_order': 2, 's': 5.739165321307713, 'batch_size': 32, 'k': 7}
Trial 263 finished with value 0.127019175 | dataset=fred_md | model=ufgtime_plus | val_MSE=0.535543619 | test_MSE=0.464771835 | MAE=0.127019175 | RMSE=0.681741765 | MAPE=13.979239027% | params={'learning_rate': 0.011685333283974886, 'decay_rate': 0.00029742250550300945, 'hidden_size': 64, 'beta1': 0.95, 'beta2': 0.95, 'signal_len': 16, 'cheb_order': 2, 's': 2.8281594728035717, 'batch_size': 32, 'k': 7}
Trial 264 finished with value 0.114053363 | dataset=fred_md | model=ufgtime_plus | val_MSE=0.540513627 | test_MSE=0.419084212 | MAE=0.114053363 | RMSE=0.647367138 | MAPE=15.627021363% | params={'learning_rate': 0.01645213364545254, 'decay_rate': 0.00024389752883606806, 'hidden_size': 64, 'beta1': 0.95, 'beta2': 0.95, 'signal_len': 16, 'cheb_order': 2, 's': 6.06922833412969, 'batch_size': 32, 'k': 7}
Trial 265 finished with value 0.147127219 | dataset=fred_md | model=ufgtime_plus | val_MSE=0.501464681 | test_MSE=0.623231187 | MAE=0.147127219 | RMSE=0.789449927 | MAPE=15.164692694% | params={'learning_rate': 0.04233756970080289, 'decay_rate': 0.00014719481086775582, 'hidden_size': 64, 'beta1': 0.95, 'beta2': 0.95, 'signal_len': 16, 'cheb_order': 2, 's': 8.061255382733401, 'batch_size': 32, 'k': 7}
Trial 266 finished with value 0.130956188 | dataset=fred_md | model=ufgtime_plus | val_MSE=0.540381530 | test_MSE=0.459019532 | MAE=0.130956188 | RMSE=0.677509802 | MAPE=17.595268670% | params={'learning_rate': 0.025588459269842184, 'decay_rate': 0.00020169358339991052, 'hidden_size': 64, 'beta1': 0.95, 'beta2': 0.95, 'signal_len': 16, 'cheb_order': 2, 's': 5.430688282444575, 'batch_size': 32, 'k': 7}
Trial 267 finished with value 0.129849809 | dataset=fred_md | model=ufgtime_plus | val_MSE=0.619333052 | test_MSE=0.406617699 | MAE=0.129849809 | RMSE=0.637665821 | MAPE=23.080983231% | params={'learning_rate': 0.013067998302947439, 'decay_rate': 0.00025850385984969767, 'hidden_size': 64, 'beta1': 0.9, 'beta2': 0.95, 'signal_len': 16, 'cheb_order': 2, 's': 6.193170835907191, 'batch_size': 64, 'k': 7}
Trial 268 finished with value 0.148537973 | dataset=fred_md | model=ufgtime_plus | val_MSE=0.631710491 | test_MSE=0.436166524 | MAE=0.148537973 | RMSE=0.660429045 | MAPE=27.360821842% | params={'learning_rate': 0.007796493914546583, 'decay_rate': 0.00021517658640869293, 'hidden_size': 64, 'beta1': 0.95, 'beta2': 0.999, 'signal_len': 16, 'cheb_order': 2, 's': 5.838978957685223, 'batch_size': 32, 'k': 7}
Trial 269 finished with value 0.142180168 | dataset=fred_md | model=ufgtime_plus | val_MSE=0.530688154 | test_MSE=0.661835671 | MAE=0.142180168 | RMSE=0.813532834 | MAPE=14.003074934% | params={'learning_rate': 0.011269943029348445, 'decay_rate': 0.00030401920599593525, 'hidden_size': 64, 'beta1': 0.95, 'beta2': 0.95, 'signal_len': 16, 'cheb_order': 2, 's': 5.657776833557211, 'batch_size': 32, 'k': 6}
