Trial 432 finished with value 0.161859184 | dataset=fred_md | model=ufgtime_plus | val_MSE=0.523797784 | test_MSE=0.575732244 | MAE=0.161859184 | RMSE=0.758770218 | MAPE=19.249625095% | params={'learning_rate': 0.018881888249742525, 'decay_rate': 0.00017335130277974147, 'hidden_size': 64, 'beta1': 0.95, 'beta2': 0.95, 'signal_len': 16, 'cheb_order': 2, 's': 7.846061778037813, 'batch_size': 32, 'k': 7}
Trial 433 finished with value 0.205312472 | dataset=fred_md | model=ufgtime_plus | val_MSE=0.588493960 | test_MSE=0.657645497 | MAE=0.205312472 | RMSE=0.810953449 | MAPE=33.102338108% | params={'learning_rate': 0.0054054878634952975, 'decay_rate': 0.00012467765610766135, 'hidden_size': 16, 'beta1': 0.95, 'beta2': 0.95, 'signal_len': 16, 'cheb_order': 2, 's': 5.96030296774752, 'batch_size': 32, 'k': 7}
Trial 434 finished with value 0.145468886 | dataset=fred_md | model=ufgtime_plus | val_MSE=0.535503030 | test_MSE=0.608630112 | MAE=0.145468886 | RMSE=0.780147494 | MAPE=16.468495069% | params={'learning_rate': 0.026291286034788457, 'decay_rate': 0.00037421112938056025, 'hidden_size': 64, 'beta1': 0.95, 'beta2': 0.95, 'signal_len': 16, 'cheb_order': 2, 's': 6.246451248623368, 'batch_size': 32, 'k': 8}
Trial 435 finished with value 0.102900900 | dataset=fred_md | model=ufgtime_plus | val_MSE=0.558152553 | test_MSE=0.304536651 | MAE=0.102900900 | RMSE=0.551848395 | MAPE=14.424109360% | params={'learning_rate': 0.01016556630055318, 'decay_rate': 0.00016816008819577738, 'hidden_size': 16, 'beta1': 0.95, 'beta2': 0.95, 'signal_len': 16, 'cheb_order': 3, 's': 5.678451969040295, 'batch_size': 16, 'k': 6}
Trial 436 finished with value 0.129576006 | dataset=fred_md | model=ufgtime_plus | val_MSE=0.532294741 | test_MSE=0.467907210 | MAE=0.129576006 | RMSE=0.684037433 | MAPE=15.730595551% | params={'learning_rate': 0.010134685566028213, 'decay_rate': 0.00010475913650815786, 'hidden_size': 16, 'beta1': 0.95, 'beta2': 0.95, 'signal_len': 16, 'cheb_order': 3, 's': 5.626045482423062, 'batch_size': 16, 'k': 6}
Trial 437 finished with value 0.188828985 | dataset=fred_md | model=ufgtime_plus | val_MSE=0.835411549 | test_MSE=0.672691630 | MAE=0.188828985 | RMSE=0.820177804 | MAPE=28.876461127% | params={'learning_rate': 0.008229657537914058, 'decay_rate': 0.00017057829013402204, 'hidden_size': 16, 'beta1': 0.99, 'beta2': 0.95, 'signal_len': 16, 'cheb_order': 3, 's': 5.424301008176378, 'batch_size': 128, 'k': 8}
Trial 438 finished with value 0.112552887 | dataset=fred_md | model=ufgtime_plus | val_MSE=0.587340385 | test_MSE=0.344741238 | MAE=0.112552887 | RMSE=0.587146692 | MAPE=16.433667112% | params={'learning_rate': 0.010454945214203636, 'decay_rate': 0.00013718159233001118, 'hidden_size': 16, 'beta1': 0.95, 'beta2': 0.99, 'signal_len': 16, 'cheb_order': 3, 's': 6.808947841223772, 'batch_size': 16, 'k': 8}
Trial 439 finished with value 0.133480987 | dataset=fred_md | model=ufgtime_plus | val_MSE=0.583124081 | test_MSE=0.423015102 | MAE=0.133480987 | RMSE=0.650396112 | MAPE=20.946356316% | params={'learning_rate': 0.007882927204291849, 'decay_rate': 0.0001549225298000865, 'hidden_size': 16, 'beta1': 0.95, 'beta2': 0.95, 'signal_len': 16, 'cheb_order': 2, 's': 5.787563895254362, 'batch_size': 16, 'k': 6}
Trial 440 finished with value 0.099590164 | dataset=fred_md | model=ufgtime_plus | val_MSE=0.548570697 | test_MSE=0.262460753 | MAE=0.099590164 | RMSE=0.512309236 | MAPE=14.048404878% | params={'learning_rate': 0.009104729694500602, 'decay_rate': 0.00011848525069643657, 'hidden_size': 16, 'beta1': 0.95, 'beta2': 0.95, 'signal_len': 16, 'cheb_order': 3, 's': 5.683824643263118, 'batch_size': 16, 'k': 8}
Trial 441 finished with value 0.124028746 | dataset=fred_md | model=ufgtime_plus | val_MSE=0.590480081 | test_MSE=0.440804082 | MAE=0.124028746 | RMSE=0.663930781 | MAPE=18.179301455% | params={'learning_rate': 0.006720817484374238, 'decay_rate': 8.665678665799251e-05, 'hidden_size': 16, 'beta1': 0.95, 'beta2': 0.95, 'signal_len': 16, 'cheb_order': 3, 's': 6.527244063878409, 'batch_size': 16, 'k': 8}
Trial 442 finished with value 0.127020373 | dataset=fred_md | model=ufgtime_plus | val_MSE=0.544472906 | test_MSE=0.365822648 | MAE=0.127020373 | RMSE=0.604832744 | MAPE=14.684918103% | params={'learning_rate': 0.008825042584642803, 'decay_rate': 0.00011220272604051033, 'hidden_size': 16, 'beta1': 0.95, 'beta2': 0.95, 'signal_len': 16, 'cheb_order': 3, 's': 7.476401711159655, 'batch_size': 16, 'k': 8}
Trial 443 finished with value 0.127409571 | dataset=fred_md | model=ufgtime_plus | val_MSE=0.518311014 | test_MSE=0.474028504 | MAE=0.127409571 | RMSE=0.688497279 | MAPE=16.131030899% | params={'learning_rate': 0.01294778754708759, 'decay_rate': 9.839915768825743e-05, 'hidden_size': 16, 'beta1': 0.95, 'beta2': 0.95, 'signal_len': 16, 'cheb_order': 3, 's': 5.12564161915786, 'batch_size': 16, 'k': 8}
Trial 444 finished with value 0.108923182 | dataset=fred_md | model=ufgtime_plus | val_MSE=0.569167366 | test_MSE=0.242648543 | MAE=0.108923182 | RMSE=0.492593690 | MAPE=15.166813872% | params={'learning_rate': 0.0090364297014941, 'decay_rate': 0.00012354820728493403, 'hidden_size': 16, 'beta1': 0.95, 'beta2': 0.95, 'signal_len': 16, 'cheb_order': 3, 's': 5.499582986778924, 'batch_size': 16, 'k': 8}
Trial 445 finished with value 0.114343149 | dataset=fred_md | model=ufgtime_plus | val_MSE=0.549341500 | test_MSE=0.422469092 | MAE=0.114343149 | RMSE=0.649976224 | MAPE=13.718895741% | params={'learning_rate': 0.007311327942221382, 'decay_rate': 7.97015419839347e-05, 'hidden_size': 16, 'beta1': 0.95, 'beta2': 0.95, 'signal_len': 16, 'cheb_order': 3, 's': 6.736805331925311, 'batch_size': 256, 'k': 8}
Trial 446 finished with value 0.117444932 | dataset=fred_md | model=ufgtime_plus | val_MSE=0.558967233 | test_MSE=0.409853205 | MAE=0.117444932 | RMSE=0.640197786 | MAPE=16.254087718% | params={'learning_rate': 0.005898981319313605, 'decay_rate': 0.0001429667289712567, 'hidden_size': 16, 'beta1': 0.95, 'beta2': 0.95, 'signal_len': 8, 'cheb_order': 2, 's': 5.923121074387192, 'batch_size': 128, 'k': 8}
Trial 447 finished with value 0.198877641 | dataset=fred_md | model=ufgtime_plus | val_MSE=0.926771700 | test_MSE=0.528821450 | MAE=0.198877641 | RMSE=0.727201107 | MAPE=45.431777295% | params={'learning_rate': 0.0025199433565935574, 'decay_rate': 0.0011868680878047379, 'hidden_size': 16, 'beta1': 0.95, 'beta2': 0.95, 'signal_len': 16, 'cheb_order': 3, 's': 5.271546363749994, 'batch_size': 256, 'k': 8}
Trial 448 finished with value 0.127459137 | dataset=fred_md | model=ufgtime_plus | val_MSE=0.601812945 | test_MSE=0.358029775 | MAE=0.127459137 | RMSE=0.598355894 | MAPE=24.017153977% | params={'learning_rate': 0.01157993168267375, 'decay_rate': 0.00019830276839929642, 'hidden_size': 16, 'beta1': 0.9, 'beta2': 0.95, 'signal_len': 16, 'cheb_order': 2, 's': 1.1590374208068028, 'batch_size': 32, 'k': 8}
Trial 449 finished with value 0.099736956 | dataset=fred_md | model=ufgtime_plus | val_MSE=0.563561937 | test_MSE=0.278442901 | MAE=0.099736956 | RMSE=0.527676891 | MAPE=16.953248246% | params={'learning_rate': 0.007627934161842054, 'decay_rate': 0.00012179169716595066, 'hidden_size': 32, 'beta1': 0.95, 'beta2': 0.95, 'signal_len': 16, 'cheb_order': 2, 's': 7.077088250790118, 'batch_size': 32, 'k': 7}
Trial 450 finished with value 0.197250862 | dataset=fred_md | model=ufgtime_plus | val_MSE=0.590169547 | test_MSE=0.631842529 | MAE=0.197250862 | RMSE=0.794885230 | MAPE=32.376016355% | params={'learning_rate': 0.005326306558465295, 'decay_rate': 0.00011333021509865029, 'hidden_size': 16, 'beta1': 0.95, 'beta2': 0.95, 'signal_len': 16, 'cheb_order': 2, 's': 7.311521136582655, 'batch_size': 32, 'k': 7}
Trial 451 finished with value 0.132939199 | dataset=fred_md | model=ufgtime_plus | val_MSE=0.518211005 | test_MSE=0.497103958 | MAE=0.132939199 | RMSE=0.705055997 | MAPE=17.449196778% | params={'learning_rate': 0.007294557864178798, 'decay_rate': 0.00013131399110551944, 'hidden_size': 32, 'beta1': 0.95, 'beta2': 0.95, 'signal_len': 16, 'cheb_order': 2, 's': 7.089958579365019, 'batch_size': 16, 'k': 7}
Trial 452 finished with value 0.128559367 | dataset=fred_md | model=ufgtime_plus | val_MSE=0.544717393 | test_MSE=0.444354921 | MAE=0.128559367 | RMSE=0.666599521 | MAPE=17.601572758% | params={'learning_rate': 0.006429568741035343, 'decay_rate': 9.473497288042979e-05, 'hidden_size': 16, 'beta1': 0.95, 'beta2': 0.95, 'signal_len': 16, 'cheb_order': 2, 's': 7.067285351279933, 'batch_size': 32, 'k': 7}
Trial 453 finished with value 0.170550896 | dataset=fred_md | model=ufgtime_plus | val_MSE=0.565059404 | test_MSE=0.444538142 | MAE=0.170550896 | RMSE=0.666736936 | MAPE=32.106415117% | params={'learning_rate': 0.00816080963276703, 'decay_rate': 0.00020849638271370151, 'hidden_size': 16, 'beta1': 0.95, 'beta2': 0.95, 'signal_len': 16, 'cheb_order': 2, 's': 7.2855121537684076, 'batch_size': 64, 'k': 7}
Trial 454 finished with value 0.104320211 | dataset=fred_md | model=ufgtime_plus | val_MSE=0.560210645 | test_MSE=0.302060804 | MAE=0.104320211 | RMSE=0.549600586 | MAPE=14.806462100% | params={'learning_rate': 0.00924012539666331, 'decay_rate': 0.000172192711024513, 'hidden_size': 16, 'beta1': 0.95, 'beta2': 0.95, 'signal_len': 16, 'cheb_order': 2, 's': 6.929887579848273, 'batch_size': 128, 'k': 7}
Trial 455 finished with value 0.113897223 | dataset=fred_md | model=ufgtime_plus | val_MSE=0.546026167 | test_MSE=0.403486860 | MAE=0.113897223 | RMSE=0.635206155 | MAPE=13.684085558% | params={'learning_rate': 0.013503683971598969, 'decay_rate': 0.00028861751661362836, 'hidden_size': 16, 'beta1': 0.95, 'beta2': 0.95, 'signal_len': 16, 'cheb_order': 2, 's': 7.211931529852953, 'batch_size': 32, 'k': 7}
Trial 456 finished with value 0.119122041 | dataset=fred_md | model=ufgtime_plus | val_MSE=0.549977899 | test_MSE=0.457711673 | MAE=0.119122041 | RMSE=0.676543918 | MAPE=14.193567799% | params={'learning_rate': 0.007348447650284219, 'decay_rate': 7.30194305009753e-05, 'hidden_size': 16, 'beta1': 0.95, 'beta2': 0.95, 'signal_len': 16, 'cheb_order': 3, 's': 7.62525680247189, 'batch_size': 256, 'k': 7}
Trial 457 finished with value 0.102675201 | dataset=fred_md | model=ufgtime_plus | val_MSE=0.556474259 | test_MSE=0.262931909 | MAE=0.102675201 | RMSE=0.512768865 | MAPE=12.761479047% | params={'learning_rate': 0.010189178774447052, 'decay_rate': 0.00014068793250453693, 'hidden_size': 16, 'beta1': 0.95, 'beta2': 0.95, 'signal_len': 16, 'cheb_order': 2, 's': 6.8601222280096605, 'batch_size': 32, 'k': 7}
Trial 458 finished with value 0.160279850 | dataset=fred_md | model=ufgtime_plus | val_MSE=0.664492803 | test_MSE=0.338153511 | MAE=0.160279850 | RMSE=0.581509682 | MAPE=36.677759326% | params={'learning_rate': 0.004871742434678631, 'decay_rate': 0.00021705889517600175, 'hidden_size': 16, 'beta1': 0.95, 'beta2': 0.95, 'signal_len': 16, 'cheb_order': 2, 's': 6.636020139771649, 'batch_size': 32, 'k': 7}
Trial 459 finished with value 0.127061465 | dataset=fred_md | model=ufgtime_plus | val_MSE=0.530677745 | test_MSE=0.409943233 | MAE=0.127061465 | RMSE=0.640268094 | MAPE=21.136261240% | params={'learning_rate': 0.011542233325240733, 'decay_rate': 0.0001831320121938761, 'hidden_size': 16, 'beta1': 0.95, 'beta2': 0.95, 'signal_len': 16, 'cheb_order': 2, 's': 6.128730634016764, 'batch_size': 32, 'k': 8}
Trial 460 finished with value 0.670020293 | dataset=fred_md | model=ufgtime_plus | val_MSE=1.622878209 | test_MSE=6.697258977 | MAE=0.670020293 | RMSE=2.587906292 | MAPE=48.023417218% | params={'learning_rate': 0.00019218096684081286, 'decay_rate': 0.00010926534719596683, 'hidden_size': 32, 'beta1': 0.99, 'beta2': 0.99, 'signal_len': 16, 'cheb_order': 2, 's': 6.428507429816732, 'batch_size': 32, 'k': 7}
Trial 461 finished with value 0.113056191 | dataset=fred_md | model=ufgtime_plus | val_MSE=0.572563827 | test_MSE=0.305439195 | MAE=0.113056191 | RMSE=0.552665536 | MAPE=15.864628017% | params={'learning_rate': 0.008313603691360489, 'decay_rate': 0.0001536370399126616, 'hidden_size': 16, 'beta1': 0.95, 'beta2': 0.95, 'signal_len': 16, 'cheb_order': 2, 's': 7.0125498402750654, 'batch_size': 128, 'k': 8}
Trial 462 finished with value 1.869632337 | dataset=fred_md | model=ufgtime_plus | val_MSE=6.072496891 | test_MSE=46.340553067 | MAE=1.869632337 | RMSE=6.807389593 | MAPE=108.388119405% | params={'learning_rate': 2.4746156076946597e-05, 'decay_rate': 0.00025597280429372183, 'hidden_size': 64, 'beta1': 0.95, 'beta2': 0.95, 'signal_len': 16, 'cheb_order': 2, 's': 7.474384537054425, 'batch_size': 256, 'k': 7}
Trial 463 finished with value 0.188801931 | dataset=fred_md | model=ufgtime_plus | val_MSE=0.578285059 | test_MSE=0.585325173 | MAE=0.188801931 | RMSE=0.765065470 | MAPE=32.363303674% | params={'learning_rate': 0.0061725624237229946, 'decay_rate': 0.00012762549631976954, 'hidden_size': 16, 'beta1': 0.95, 'beta2': 0.95, 'signal_len': 16, 'cheb_order': 2, 's': 6.717394061462288, 'batch_size': 32, 'k': 7}
Trial 464 finished with value 0.127935577 | dataset=fred_md | model=ufgtime_plus | val_MSE=0.542489035 | test_MSE=0.435080113 | MAE=0.127935577 | RMSE=0.659606029 | MAPE=18.395430369% | params={'learning_rate': 0.010087665182164274, 'decay_rate': 0.00020094040203157924, 'hidden_size': 16, 'beta1': 0.95, 'beta2': 0.95, 'signal_len': 16, 'cheb_order': 2, 's': 5.739520151265344, 'batch_size': 32, 'k': 7}
Trial 465 finished with value 1.075460906 | dataset=fred_md | model=ufgtime_plus | val_MSE=2.520376835 | test_MSE=16.503356864 | MAE=1.075460906 | RMSE=4.062432383 | MAPE=65.502343436% | params={'learning_rate': 0.0002442293402626452, 'decay_rate': 0.00017968018887170795, 'hidden_size': 64, 'beta1': 0.95, 'beta2': 0.95, 'signal_len': 16, 'cheb_order': 2, 's': 6.4100665136314, 'batch_size': 32, 'k': 8}
Trial 466 finished with value 0.163388598 | dataset=fred_md | model=ufgtime_plus | val_MSE=0.870847836 | test_MSE=0.618866128 | MAE=0.163388598 | RMSE=0.786680448 | MAPE=20.084924133% | params={'learning_rate': 0.013662325792161643, 'decay_rate': 0.005598593283887993, 'hidden_size': 16, 'beta1': 0.95, 'beta2': 0.95, 'signal_len': 8, 'cheb_order': 3, 's': 6.249458636293921, 'batch_size': 32, 'k': 7}
Trial 467 finished with value 0.139426087 | dataset=fred_md | model=ufgtime_plus | val_MSE=0.554699324 | test_MSE=0.425216784 | MAE=0.139426087 | RMSE=0.652086485 | MAPE=23.641867186% | params={'learning_rate': 0.008769983134526689, 'decay_rate': 0.00023244554193997587, 'hidden_size': 16, 'beta1': 0.95, 'beta2': 0.95, 'signal_len': 16, 'cheb_order': 2, 's': 6.5250037673016985, 'batch_size': 32, 'k': 7}
Trial 468 finished with value 0.109736198 | dataset=fred_md | model=ufgtime_plus | val_MSE=0.556859434 | test_MSE=0.285682692 | MAE=0.109736198 | RMSE=0.534492930 | MAPE=19.152007712% | params={'learning_rate': 0.0073551987041138725, 'decay_rate': 0.00015423261312335628, 'hidden_size': 64, 'beta1': 0.95, 'beta2': 0.95, 'signal_len': 16, 'cheb_order': 2, 's': 6.061120439471994, 'batch_size': 128, 'k': 8}
Trial 469 finished with value 0.110450755 | dataset=fred_md | model=ufgtime_plus | val_MSE=0.540799855 | test_MSE=0.358231308 | MAE=0.110450755 | RMSE=0.598524275 | MAPE=14.723360540% | params={'learning_rate': 0.011255357565770438, 'decay_rate': 0.00014302975129068163, 'hidden_size': 16, 'beta1': 0.95, 'beta2': 0.95, 'signal_len': 16, 'cheb_order': 2, 's': 6.846122485220507, 'batch_size': 16, 'k': 7}
Trial 470 finished with value 0.140123273 | dataset=fred_md | model=ufgtime_plus | val_MSE=0.790748239 | test_MSE=0.443093831 | MAE=0.140123273 | RMSE=0.665652935 | MAPE=22.725844002% | params={'learning_rate': 0.009117883313001302, 'decay_rate': 0.0003288931694033866, 'hidden_size': 16, 'beta1': 0.95, 'beta2': 0.95, 'signal_len': 16, 'cheb_order': 2, 's': 5.84169238121446, 'batch_size': 256, 'k': 8}
Trial 471 finished with value 0.173876492 | dataset=fred_md | model=ufgtime_plus | val_MSE=0.571972489 | test_MSE=0.572401452 | MAE=0.173876492 | RMSE=0.756572173 | MAPE=25.485245910% | params={'learning_rate': 0.011427523155202625, 'decay_rate': 0.00026704665878454916, 'hidden_size': 64, 'beta1': 0.9, 'beta2': 0.95, 'signal_len': 16, 'cheb_order': 2, 's': 7.141931626326782, 'batch_size': 32, 'k': 7}
Trial 472 finished with value 0.113897192 | dataset=fred_md | model=ufgtime_plus | val_MSE=0.549921666 | test_MSE=0.365260803 | MAE=0.113897192 | RMSE=0.604368102 | MAPE=14.754351764% | params={'learning_rate': 0.015508214479397138, 'decay_rate': 0.00019417264477768068, 'hidden_size': 32, 'beta1': 0.95, 'beta2': 0.95, 'signal_len': 16, 'cheb_order': 2, 's': 6.296434437166075, 'batch_size': 32, 'k': 8}
Trial 473 finished with value 0.151595384 | dataset=fred_md | model=ufgtime_plus | val_MSE=0.553229634 | test_MSE=0.435562423 | MAE=0.151595384 | RMSE=0.659971532 | MAPE=25.677796269% | params={'learning_rate': 0.006732141144973046, 'decay_rate': 0.00011798596077383713, 'hidden_size': 16, 'beta1': 0.95, 'beta2': 0.95, 'signal_len': 16, 'cheb_order': 2, 's': 5.60650165220006, 'batch_size': 32, 'k': 7}
Trial 474 finished with value 0.153408065 | dataset=fred_md | model=ufgtime_plus | val_MSE=0.544612841 | test_MSE=0.469953324 | MAE=0.153408065 | RMSE=0.685531417 | MAPE=24.197324274% | params={'learning_rate': 0.008059317997079476, 'decay_rate': 0.0001770175977684359, 'hidden_size': 64, 'beta1': 0.95, 'beta2': 0.95, 'signal_len': 16, 'cheb_order': 3, 's': 7.70621632115263, 'batch_size': 32, 'k': 7}
Trial 475 finished with value 0.110973072 | dataset=fred_md | model=ufgtime_plus | val_MSE=0.562506139 | test_MSE=0.409786583 | MAE=0.110973072 | RMSE=0.640145751 | MAPE=13.562779820% | params={'learning_rate': 0.012545055984316449, 'decay_rate': 0.00023221071857766398, 'hidden_size': 16, 'beta1': 0.95, 'beta2': 0.95, 'signal_len': 16, 'cheb_order': 2, 's': 6.62960303948458, 'batch_size': 128, 'k': 8}
Trial 476 finished with value 0.101234392 | dataset=fred_md | model=ufgtime_plus | val_MSE=0.566334556 | test_MSE=0.248088628 | MAE=0.101234392 | RMSE=0.498084960 | MAPE=13.758118717% | params={'learning_rate': 0.009797195346796739, 'decay_rate': 0.00015791255683820946, 'hidden_size': 16, 'beta1': 0.95, 'beta2': 0.95, 'signal_len': 16, 'cheb_order': 2, 's': 6.09656449195785, 'batch_size': 32, 'k': 7}
Trial 477 finished with value 0.154274869 | dataset=fred_md | model=ufgtime_plus | val_MSE=0.768677354 | test_MSE=0.551385805 | MAE=0.154274869 | RMSE=0.742553571 | MAPE=25.153099376% | params={'learning_rate': 0.010226698897215043, 'decay_rate': 0.0001339063512343208, 'hidden_size': 16, 'beta1': 0.95, 'beta2': 0.95, 'signal_len': 16, 'cheb_order': 2, 's': 5.87990025343965, 'batch_size': 256, 'k': 7}
Trial 478 finished with value 0.136458915 | dataset=fred_md | model=ufgtime_plus | val_MSE=0.523129549 | test_MSE=0.436313050 | MAE=0.136458915 | RMSE=0.660539968 | MAPE=19.706101872% | params={'learning_rate': 0.014485371706597201, 'decay_rate': 9.680370773436913e-05, 'hidden_size': 64, 'beta1': 0.95, 'beta2': 0.95, 'signal_len': 16, 'cheb_order': 2, 's': 6.0687312147338695, 'batch_size': 32, 'k': 9}
Trial 479 finished with value 0.107029629 | dataset=fred_md | model=ufgtime_plus | val_MSE=0.569782535 | test_MSE=0.317186361 | MAE=0.107029629 | RMSE=0.563193005 | MAPE=15.952828196% | params={'learning_rate': 0.009287475564756764, 'decay_rate': 0.00015593962164459372, 'hidden_size': 16, 'beta1': 0.95, 'beta2': 0.95, 'signal_len': 16, 'cheb_order': 2, 's': 6.984068786090398, 'batch_size': 32, 'k': 8}
Trial 480 finished with value 0.109771759 | dataset=fred_md | model=ufgtime_plus | val_MSE=0.547625765 | test_MSE=0.307568246 | MAE=0.109771759 | RMSE=0.554588357 | MAPE=14.441527720% | params={'learning_rate': 0.011732000512993092, 'decay_rate': 0.00011721312121165298, 'hidden_size': 16, 'beta1': 0.95, 'beta2': 0.95, 'signal_len': 16, 'cheb_order': 2, 's': 7.3132767673171, 'batch_size': 64, 'k': 7}
Trial 481 finished with value 0.161664873 | dataset=fred_md | model=ufgtime_plus | val_MSE=0.613839916 | test_MSE=0.421839473 | MAE=0.161664873 | RMSE=0.649491704 | MAPE=31.693767418% | params={'learning_rate': 0.007561979618132513, 'decay_rate': 0.00019876389324105444, 'hidden_size': 64, 'beta1': 0.95, 'beta2': 0.99, 'signal_len': 16, 'cheb_order': 2, 's': 6.433702214351645, 'batch_size': 32, 'k': 7}
Trial 482 finished with value 0.160617027 | dataset=fred_md | model=ufgtime_plus | val_MSE=0.580138669 | test_MSE=0.485852186 | MAE=0.160617027 | RMSE=0.697030979 | MAPE=26.978880001% | params={'learning_rate': 0.005613868784916698, 'decay_rate': 0.00015783011156990585, 'hidden_size': 16, 'beta1': 0.95, 'beta2': 0.95, 'signal_len': 16, 'cheb_order': 2, 's': 5.69775872612801, 'batch_size': 32, 'k': 7}
Trial 483 finished with value 1.255067807 | dataset=fred_md | model=ufgtime_plus | val_MSE=3.109457094 | test_MSE=22.591206675 | MAE=1.255067807 | RMSE=4.753020795 | MAPE=75.165773537% | params={'learning_rate': 0.00010718752330635082, 'decay_rate': 0.0001344011654003778, 'hidden_size': 64, 'beta1': 0.95, 'beta2': 0.95, 'signal_len': 16, 'cheb_order': 3, 's': 5.948491466416749, 'batch_size': 16, 'k': 8}
Trial 484 finished with value 0.174923069 | dataset=fred_md | model=ufgtime_plus | val_MSE=0.532512394 | test_MSE=0.855263913 | MAE=0.174923069 | RMSE=0.924804797 | MAPE=20.978366754% | params={'learning_rate': 0.010169183261682986, 'decay_rate': 0.00027019759632410583, 'hidden_size': 16, 'beta1': 0.99, 'beta2': 0.95, 'signal_len': 16, 'cheb_order': 2, 's': 6.711675094144994, 'batch_size': 32, 'k': 7}
Trial 485 finished with value 0.124217574 | dataset=fred_md | model=ufgtime_plus | val_MSE=0.564088345 | test_MSE=0.345866148 | MAE=0.124217574 | RMSE=0.588103858 | MAPE=21.907438886% | params={'learning_rate': 0.013039454017345343, 'decay_rate': 0.00022434259352930783, 'hidden_size': 32, 'beta1': 0.95, 'beta2': 0.95, 'signal_len': 16, 'cheb_order': 2, 's': 6.203127941907865, 'batch_size': 128, 'k': 8}
