Trial 270 finished with value 0.120595127 | dataset=fred_md | model=ufgtime_plus | val_MSE=0.515897681 | test_MSE=0.519557812 | MAE=0.120595127 | RMSE=0.720803588 | MAPE=13.451822135% | params={'learning_rate': 0.006133079207415326, 'decay_rate': 3.0350378028518505e-05, 'hidden_size': 64, 'beta1': 0.95, 'beta2': 0.95, 'signal_len': 8, 'cheb_order': 2, 's': 6.382232085278288, 'batch_size': 32, 'k': 7}
Trial 271 finished with value 0.165222760 | dataset=fred_md | model=ufgtime_plus | val_MSE=0.524072136 | test_MSE=0.530534476 | MAE=0.165222760 | RMSE=0.728377976 | MAPE=23.774234231% | params={'learning_rate': 0.009979445180191924, 'decay_rate': 0.00011320751388004026, 'hidden_size': 64, 'beta1': 0.95, 'beta2': 0.95, 'signal_len': 16, 'cheb_order': 2, 's': 6.060291640910003, 'batch_size': 32, 'k': 7}
Trial 272 finished with value 0.120023801 | dataset=fred_md | model=ufgtime_plus | val_MSE=0.532761524 | test_MSE=0.422706499 | MAE=0.120023801 | RMSE=0.650158826 | MAPE=16.450060554% | params={'learning_rate': 0.00802266567345996, 'decay_rate': 0.00017196044591040685, 'hidden_size': 64, 'beta1': 0.95, 'beta2': 0.95, 'signal_len': 16, 'cheb_order': 2, 's': 6.49619226909509, 'batch_size': 32, 'k': 7}
Trial 273 finished with value 0.125640187 | dataset=fred_md | model=ufgtime_plus | val_MSE=0.542703833 | test_MSE=0.465949257 | MAE=0.125640187 | RMSE=0.682604759 | MAPE=15.285976984% | params={'learning_rate': 0.013498667115220747, 'decay_rate': 0.0001486045914319149, 'hidden_size': 64, 'beta1': 0.95, 'beta2': 0.95, 'signal_len': 16, 'cheb_order': 2, 's': 5.888834562658226, 'batch_size': 16, 'k': 7}
Trial 274 finished with value 0.119044028 | dataset=fred_md | model=ufgtime_plus | val_MSE=0.589176802 | test_MSE=0.319893777 | MAE=0.119044028 | RMSE=0.565591528 | MAPE=23.496561335% | params={'learning_rate': 0.006555503681417692, 'decay_rate': 0.00023587533022673127, 'hidden_size': 64, 'beta1': 0.95, 'beta2': 0.95, 'signal_len': 16, 'cheb_order': 2, 's': 6.2034870042106744, 'batch_size': 32, 'k': 7}
Trial 275 finished with value 0.174206184 | dataset=fred_md | model=ufgtime_plus | val_MSE=0.580335919 | test_MSE=0.447993977 | MAE=0.174206184 | RMSE=0.669323522 | MAPE=33.313116585% | params={'learning_rate': 0.009162549093250451, 'decay_rate': 0.00018219235716653595, 'hidden_size': 64, 'beta1': 0.95, 'beta2': 0.99, 'signal_len': 16, 'cheb_order': 2, 's': 5.612782671334222, 'batch_size': 32, 'k': 7}
Trial 276 finished with value 0.121679146 | dataset=fred_md | model=ufgtime_plus | val_MSE=0.536319487 | test_MSE=0.458743766 | MAE=0.121679146 | RMSE=0.677306257 | MAPE=15.139707824% | params={'learning_rate': 0.011560760924804894, 'decay_rate': 0.00020612404322527497, 'hidden_size': 64, 'beta1': 0.95, 'beta2': 0.95, 'signal_len': 16, 'cheb_order': 2, 's': 6.306766997002867, 'batch_size': 32, 'k': 6}
Trial 277 finished with value 0.218059743 | dataset=fred_md | model=ufgtime_plus | val_MSE=0.813272178 | test_MSE=0.987840851 | MAE=0.218059743 | RMSE=0.993901832 | MAPE=28.619873416% | params={'learning_rate': 0.008474238380494981, 'decay_rate': 0.000277943305902607, 'hidden_size': 64, 'beta1': 0.95, 'beta2': 0.95, 'signal_len': 16, 'cheb_order': 2, 's': 6.035014490831892, 'batch_size': 256, 'k': 7}
Trial 278 finished with value 0.176736428 | dataset=fred_md | model=ufgtime_plus | val_MSE=0.497530943 | test_MSE=0.810736884 | MAE=0.176736428 | RMSE=0.900409287 | MAPE=16.132273253% | params={'learning_rate': 0.010550557782555, 'decay_rate': 1.4867481783838971e-05, 'hidden_size': 64, 'beta1': 0.95, 'beta2': 0.95, 'signal_len': 16, 'cheb_order': 3, 's': 6.525876498121182, 'batch_size': 32, 'k': 7}
Trial 279 finished with value 0.120633681 | dataset=fred_md | model=ufgtime_plus | val_MSE=0.528084124 | test_MSE=0.408585170 | MAE=0.120633681 | RMSE=0.639206672 | MAPE=15.624959774% | params={'learning_rate': 0.01817971496293331, 'decay_rate': 0.00012920607847671868, 'hidden_size': 64, 'beta1': 0.95, 'beta2': 0.95, 'signal_len': 16, 'cheb_order': 2, 's': 1.962669091942198, 'batch_size': 32, 'k': 7}
Trial 280 finished with value 0.117082876 | dataset=fred_md | model=ufgtime_plus | val_MSE=0.525133077 | test_MSE=0.343706084 | MAE=0.117082876 | RMSE=0.586264517 | MAPE=14.327729518% | params={'learning_rate': 0.014776457152482582, 'decay_rate': 3.969690304372462e-05, 'hidden_size': 64, 'beta1': 0.95, 'beta2': 0.95, 'signal_len': 16, 'cheb_order': 2, 's': 5.874101671918912, 'batch_size': 32, 'k': 7}
Trial 281 finished with value 0.294204049 | dataset=fred_md | model=ufgtime_plus | val_MSE=0.828128517 | test_MSE=1.792070703 | MAE=0.294204049 | RMSE=1.338682450 | MAPE=34.145395774% | params={'learning_rate': 0.0073315745791267825, 'decay_rate': 6.101105666964153e-05, 'hidden_size': 64, 'beta1': 0.99, 'beta2': 0.999, 'signal_len': 16, 'cheb_order': 2, 's': 5.513100211803225, 'batch_size': 256, 'k': 7}
Trial 282 finished with value 0.111417596 | dataset=fred_md | model=ufgtime_plus | val_MSE=0.559252007 | test_MSE=0.290804221 | MAE=0.111417596 | RMSE=0.539262664 | MAPE=13.871504084% | params={'learning_rate': 0.009879114508308497, 'decay_rate': 0.00018177323349468968, 'hidden_size': 64, 'beta1': 0.95, 'beta2': 0.95, 'signal_len': 16, 'cheb_order': 2, 's': 6.150485378253017, 'batch_size': 32, 'k': 7}
Trial 283 finished with value 0.122598954 | dataset=fred_md | model=ufgtime_plus | val_MSE=0.536412013 | test_MSE=0.524730823 | MAE=0.122598954 | RMSE=0.724383064 | MAPE=12.666304195% | params={'learning_rate': 0.012517032070672073, 'decay_rate': 0.00023685401540399822, 'hidden_size': 64, 'beta1': 0.95, 'beta2': 0.95, 'signal_len': 16, 'cheb_order': 2, 's': 5.737723374530164, 'batch_size': 32, 'k': 7}
Trial 284 finished with value 0.141480947 | dataset=fred_md | model=ufgtime_plus | val_MSE=0.623088716 | test_MSE=0.417979986 | MAE=0.141480947 | RMSE=0.646513716 | MAPE=24.662960584% | params={'learning_rate': 0.00689701971356047, 'decay_rate': 0.00033372182879230343, 'hidden_size': 64, 'beta1': 0.95, 'beta2': 0.95, 'signal_len': 16, 'cheb_order': 2, 's': 5.012094638026696, 'batch_size': 32, 'k': 5}
Trial 285 finished with value 1.230385004 | dataset=fred_md | model=ufgtime_plus | val_MSE=3.030470559 | test_MSE=21.805183242 | MAE=1.230385004 | RMSE=4.669602043 | MAPE=74.260073419% | params={'learning_rate': 0.00013557916210499692, 'decay_rate': 0.00015470393033881143, 'hidden_size': 64, 'beta1': 0.95, 'beta2': 0.95, 'signal_len': 16, 'cheb_order': 2, 's': 6.34011350562418, 'batch_size': 32, 'k': 6}
Trial 286 finished with value 0.158334298 | dataset=fred_md | model=ufgtime_plus | val_MSE=0.726864755 | test_MSE=0.514685271 | MAE=0.158334298 | RMSE=0.717415689 | MAPE=27.323958489% | params={'learning_rate': 0.031010906120701492, 'decay_rate': 0.00020751792617707817, 'hidden_size': 64, 'beta1': 0.95, 'beta2': 0.95, 'signal_len': 16, 'cheb_order': 2, 's': 6.619421936124227, 'batch_size': 256, 'k': 7}
Trial 287 finished with value 0.136666918 | dataset=fred_md | model=ufgtime_plus | val_MSE=0.547734696 | test_MSE=0.445872978 | MAE=0.136666918 | RMSE=0.667737207 | MAPE=21.311913991% | params={'learning_rate': 0.008721894364528967, 'decay_rate': 0.00026678048738919014, 'hidden_size': 64, 'beta1': 0.95, 'beta2': 0.95, 'signal_len': 16, 'cheb_order': 2, 's': 5.935009117446552, 'batch_size': 32, 'k': 7}
Trial 288 finished with value 0.162048676 | dataset=fred_md | model=ufgtime_plus | val_MSE=0.544447381 | test_MSE=0.535825780 | MAE=0.162048676 | RMSE=0.732001216 | MAPE=20.454581401% | params={'learning_rate': 0.02247233967242442, 'decay_rate': 0.00016890539609522317, 'hidden_size': 64, 'beta1': 0.95, 'beta2': 0.95, 'signal_len': 8, 'cheb_order': 2, 's': 6.157412238321986, 'batch_size': 32, 'k': 7}
Trial 289 finished with value 0.199939900 | dataset=fred_md | model=ufgtime_plus | val_MSE=0.611429556 | test_MSE=0.601108442 | MAE=0.199939900 | RMSE=0.775311835 | MAPE=32.737814667% | params={'learning_rate': 0.010877326058006212, 'decay_rate': 0.00022397378741824083, 'hidden_size': 16, 'beta1': 0.9, 'beta2': 0.95, 'signal_len': 16, 'cheb_order': 2, 's': 6.469940821371014, 'batch_size': 32, 'k': 7}
Trial 290 finished with value 0.138538408 | dataset=fred_md | model=ufgtime_plus | val_MSE=0.527999312 | test_MSE=0.489111078 | MAE=0.138538408 | RMSE=0.699364767 | MAPE=16.810066010% | params={'learning_rate': 0.014266478605935738, 'decay_rate': 0.00013835244117405004, 'hidden_size': 64, 'beta1': 0.95, 'beta2': 0.95, 'signal_len': 16, 'cheb_order': 2, 's': 5.343609805400229, 'batch_size': 32, 'k': 7}
Trial 291 finished with value 0.154692408 | dataset=fred_md | model=ufgtime_plus | val_MSE=0.576198409 | test_MSE=0.466772217 | MAE=0.154692408 | RMSE=0.683207302 | MAPE=27.176432852% | params={'learning_rate': 0.005972133017737001, 'decay_rate': 0.00010643770306573418, 'hidden_size': 16, 'beta1': 0.95, 'beta2': 0.95, 'signal_len': 16, 'cheb_order': 2, 's': 5.99748203856758, 'batch_size': 64, 'k': 6}
Trial 292 finished with value 0.214744212 | dataset=fred_md | model=ufgtime_plus | val_MSE=0.811069369 | test_MSE=0.968716423 | MAE=0.214744212 | RMSE=0.984233927 | MAPE=28.595735179% | params={'learning_rate': 0.00807698021496169, 'decay_rate': 0.0001986925214444269, 'hidden_size': 64, 'beta1': 0.95, 'beta2': 0.95, 'signal_len': 16, 'cheb_order': 2, 's': 5.735551268219592, 'batch_size': 256, 'k': 7}
Trial 293 finished with value 0.127558503 | dataset=fred_md | model=ufgtime_plus | val_MSE=0.582142037 | test_MSE=0.376049141 | MAE=0.127558503 | RMSE=0.613228457 | MAPE=21.123055415% | params={'learning_rate': 0.009775714416273807, 'decay_rate': 0.00017263664515513612, 'hidden_size': 16, 'beta1': 0.95, 'beta2': 0.999, 'signal_len': 16, 'cheb_order': 2, 's': 6.246760511033365, 'batch_size': 32, 'k': 7}
Trial 294 finished with value 0.129543837 | dataset=fred_md | model=ufgtime_plus | val_MSE=0.535678456 | test_MSE=0.572953603 | MAE=0.129543837 | RMSE=0.756936988 | MAPE=13.586182527% | params={'learning_rate': 0.012530511062674705, 'decay_rate': 0.00029390059976986907, 'hidden_size': 64, 'beta1': 0.95, 'beta2': 0.95, 'signal_len': 16, 'cheb_order': 2, 's': 6.711731063148346, 'batch_size': 32, 'k': 7}
Trial 295 finished with value 0.109485649 | dataset=fred_md | model=ufgtime_plus | val_MSE=0.541043412 | test_MSE=0.385141658 | MAE=0.109485649 | RMSE=0.620597823 | MAPE=13.277025967% | params={'learning_rate': 0.011074816903182419, 'decay_rate': 0.0002448998136341927, 'hidden_size': 16, 'beta1': 0.95, 'beta2': 0.95, 'signal_len': 16, 'cheb_order': 2, 's': 6.3393002756268775, 'batch_size': 32, 'k': 7}
Trial 296 finished with value 0.127177785 | dataset=fred_md | model=ufgtime_plus | val_MSE=0.528944940 | test_MSE=0.421731099 | MAE=0.127177785 | RMSE=0.649408269 | MAPE=16.845645323% | params={'learning_rate': 0.017677485520734476, 'decay_rate': 0.0001483248829417091, 'hidden_size': 64, 'beta1': 0.95, 'beta2': 0.95, 'signal_len': 16, 'cheb_order': 2, 's': 5.4786132858083505, 'batch_size': 32, 'k': 7}
Trial 297 finished with value 0.131322530 | dataset=fred_md | model=ufgtime_plus | val_MSE=0.558884111 | test_MSE=0.384053681 | MAE=0.131322530 | RMSE=0.619720648 | MAPE=24.551870220% | params={'learning_rate': 0.0071811129995087725, 'decay_rate': 0.00018841481979646913, 'hidden_size': 16, 'beta1': 0.95, 'beta2': 0.95, 'signal_len': 16, 'cheb_order': 2, 's': 6.062756703959903, 'batch_size': 32, 'k': 8}
Trial 298 finished with value 0.162943380 | dataset=fred_md | model=ufgtime_plus | val_MSE=0.576004917 | test_MSE=0.539376755 | MAE=0.162943380 | RMSE=0.734422736 | MAPE=26.954790217% | params={'learning_rate': 0.009151548314817877, 'decay_rate': 0.0002231050946506863, 'hidden_size': 64, 'beta1': 0.95, 'beta2': 0.99, 'signal_len': 16, 'cheb_order': 3, 's': 5.83074940846892, 'batch_size': 16, 'k': 7}
Trial 299 finished with value 0.617702929 | dataset=fred_md | model=ufgtime_plus | val_MSE=1.652211070 | test_MSE=6.243314167 | MAE=0.617702929 | RMSE=2.498662476 | MAPE=53.880058608% | params={'learning_rate': 0.0009941888555441555, 'decay_rate': 0.00012161137218445651, 'hidden_size': 16, 'beta1': 0.95, 'beta2': 0.95, 'signal_len': 16, 'cheb_order': 2, 's': 6.534445547317129, 'batch_size': 256, 'k': 7}
Trial 300 finished with value 0.133243609 | dataset=fred_md | model=ufgtime_plus | val_MSE=0.546887437 | test_MSE=0.407322572 | MAE=0.133243609 | RMSE=0.638218279 | MAPE=15.491756679% | params={'learning_rate': 0.005526795709732201, 'decay_rate': 0.0003301342934428466, 'hidden_size': 64, 'beta1': 0.99, 'beta2': 0.95, 'signal_len': 16, 'cheb_order': 2, 's': 5.67466784129862, 'batch_size': 32, 'k': 7}
Trial 301 finished with value 0.109029020 | dataset=fred_md | model=ufgtime_plus | val_MSE=0.544587343 | test_MSE=0.373469113 | MAE=0.109029020 | RMSE=0.611121193 | MAPE=13.278538977% | params={'learning_rate': 0.008356451579383039, 'decay_rate': 0.00027266604822242385, 'hidden_size': 16, 'beta1': 0.95, 'beta2': 0.95, 'signal_len': 16, 'cheb_order': 2, 's': 6.176169002086618, 'batch_size': 32, 'k': 10}
Trial 302 finished with value 0.153661223 | dataset=fred_md | model=ufgtime_plus | val_MSE=0.541812778 | test_MSE=0.469966852 | MAE=0.153661223 | RMSE=0.685541284 | MAPE=23.850833182% | params={'learning_rate': 0.01162025569569494, 'decay_rate': 0.00016235027221293155, 'hidden_size': 64, 'beta1': 0.95, 'beta2': 0.95, 'signal_len': 16, 'cheb_order': 2, 's': 5.929973757431217, 'batch_size': 32, 'k': 6}
Trial 303 finished with value 0.117434354 | dataset=fred_md | model=ufgtime_plus | val_MSE=0.525129799 | test_MSE=0.433057690 | MAE=0.117434354 | RMSE=0.658071189 | MAPE=13.721757571% | params={'learning_rate': 0.014979009307767351, 'decay_rate': 0.00020397389116492395, 'hidden_size': 16, 'beta1': 0.95, 'beta2': 0.95, 'signal_len': 16, 'cheb_order': 2, 's': 6.345662727659685, 'batch_size': 32, 'k': 7}
Trial 304 finished with value 0.229004987 | dataset=fred_md | model=ufgtime_plus | val_MSE=0.816897273 | test_MSE=1.062519133 | MAE=0.229004987 | RMSE=1.030785687 | MAPE=28.997379600% | params={'learning_rate': 0.009550910691902387, 'decay_rate': 0.00024490592475360254, 'hidden_size': 64, 'beta1': 0.95, 'beta2': 0.95, 'signal_len': 16, 'cheb_order': 2, 's': 6.035826805061613, 'batch_size': 256, 'k': 7}
Trial 305 finished with value 0.137383198 | dataset=fred_md | model=ufgtime_plus | val_MSE=0.561385869 | test_MSE=0.410271084 | MAE=0.137383198 | RMSE=0.640524070 | MAPE=23.645171050% | params={'learning_rate': 0.00688793537271313, 'decay_rate': 0.0001864523543073779, 'hidden_size': 16, 'beta1': 0.95, 'beta2': 0.95, 'signal_len': 16, 'cheb_order': 2, 's': 6.7633784966718995, 'batch_size': 32, 'k': 7}
Trial 306 finished with value 1.476352128 | dataset=fred_md | model=ufgtime_plus | val_MSE=3.989214667 | test_MSE=31.120577287 | MAE=1.476352128 | RMSE=5.578582014 | MAPE=87.537626310% | params={'learning_rate': 3.791834493174836e-05, 'decay_rate': 0.0001396703606863945, 'hidden_size': 64, 'beta1': 0.95, 'beta2': 0.999, 'signal_len': 16, 'cheb_order': 2, 's': 5.633784865924699, 'batch_size': 32, 'k': 8}
Trial 307 finished with value 0.111447827 | dataset=fred_md | model=ufgtime_plus | val_MSE=0.527178682 | test_MSE=0.422503886 | MAE=0.111447827 | RMSE=0.650002990 | MAPE=13.172880267% | params={'learning_rate': 0.012858241905011992, 'decay_rate': 0.00021711302625897607, 'hidden_size': 16, 'beta1': 0.95, 'beta2': 0.95, 'signal_len': 16, 'cheb_order': 2, 's': 6.5143909889546086, 'batch_size': 32, 'k': 7}
Trial 308 finished with value 0.124003671 | dataset=fred_md | model=ufgtime_plus | val_MSE=0.565791504 | test_MSE=0.419958696 | MAE=0.124003671 | RMSE=0.648042203 | MAPE=16.069244104% | params={'learning_rate': 0.01065844013028157, 'decay_rate': 0.00017102561509292302, 'hidden_size': 64, 'beta1': 0.95, 'beta2': 0.95, 'signal_len': 8, 'cheb_order': 2, 's': 5.140488682618233, 'batch_size': 32, 'k': 7}
Trial 309 finished with value 0.179297194 | dataset=fred_md | model=ufgtime_plus | val_MSE=0.805355370 | test_MSE=0.554532502 | MAE=0.179297194 | RMSE=0.744669391 | MAPE=34.627233160% | params={'learning_rate': 0.007872866572572398, 'decay_rate': 1.206200217864498e-05, 'hidden_size': 16, 'beta1': 0.95, 'beta2': 0.95, 'signal_len': 16, 'cheb_order': 2, 's': 5.8743358600163225, 'batch_size': 256, 'k': 6}
Trial 310 finished with value 0.126644805 | dataset=fred_md | model=ufgtime_plus | val_MSE=0.818276223 | test_MSE=0.453668630 | MAE=0.126644805 | RMSE=0.673549278 | MAPE=16.177054912% | params={'learning_rate': 0.009059293785356609, 'decay_rate': 0.0033657922885671557, 'hidden_size': 64, 'beta1': 0.95, 'beta2': 0.95, 'signal_len': 16, 'cheb_order': 2, 's': 6.209157208686708, 'batch_size': 32, 'k': 7}
Trial 311 finished with value 0.152843871 | dataset=fred_md | model=ufgtime_plus | val_MSE=0.579407296 | test_MSE=0.486814393 | MAE=0.152843871 | RMSE=0.697720856 | MAPE=24.898306669% | params={'learning_rate': 0.011314720135547856, 'decay_rate': 0.000317811240387194, 'hidden_size': 16, 'beta1': 0.9, 'beta2': 0.95, 'signal_len': 16, 'cheb_order': 2, 's': 6.344966250933265, 'batch_size': 32, 'k': 7}
Trial 312 finished with value 0.126186245 | dataset=fred_md | model=ufgtime_plus | val_MSE=0.668644618 | test_MSE=0.293841330 | MAE=0.126186245 | RMSE=0.542071333 | MAPE=25.049328155% | params={'learning_rate': 0.004625870502132215, 'decay_rate': 0.00026114390375824427, 'hidden_size': 64, 'beta1': 0.95, 'beta2': 0.95, 'signal_len': 16, 'cheb_order': 2, 's': 6.121318424641529, 'batch_size': 32, 'k': 7}
Trial 313 finished with value 0.151835834 | dataset=fred_md | model=ufgtime_plus | val_MSE=0.517840030 | test_MSE=0.631974494 | MAE=0.151835834 | RMSE=0.794968235 | MAPE=15.395941584% | params={'learning_rate': 0.014950223856150427, 'decay_rate': 0.00019507593697991164, 'hidden_size': 64, 'beta1': 0.95, 'beta2': 0.95, 'signal_len': 16, 'cheb_order': 2, 's': 5.550510047736163, 'batch_size': 32, 'k': 8}
Trial 314 finished with value 0.140185996 | dataset=fred_md | model=ufgtime_plus | val_MSE=0.533386946 | test_MSE=0.518036805 | MAE=0.140185996 | RMSE=0.719747737 | MAPE=20.479471534% | params={'learning_rate': 0.006296923831050318, 'decay_rate': 0.00015093488781957502, 'hidden_size': 16, 'beta1': 0.95, 'beta2': 0.95, 'signal_len': 16, 'cheb_order': 2, 's': 5.751347269473485, 'batch_size': 128, 'k': 7}
Trial 315 finished with value 0.126056931 | dataset=fred_md | model=ufgtime_plus | val_MSE=0.562701314 | test_MSE=0.419972791 | MAE=0.126056931 | RMSE=0.648053077 | MAPE=18.760969061% | params={'learning_rate': 0.008134114995065504, 'decay_rate': 0.00023006865675101554, 'hidden_size': 64, 'beta1': 0.95, 'beta2': 0.95, 'signal_len': 16, 'cheb_order': 2, 's': 8.228883752119422, 'batch_size': 32, 'k': 7}
Trial 316 finished with value 0.152244433 | dataset=fred_md | model=ufgtime_plus | val_MSE=0.768387616 | test_MSE=0.538394101 | MAE=0.152244433 | RMSE=0.733753433 | MAPE=25.305952756% | params={'learning_rate': 0.01008586169094736, 'decay_rate': 0.00011922042118690073, 'hidden_size': 16, 'beta1': 0.95, 'beta2': 0.95, 'signal_len': 16, 'cheb_order': 3, 's': 6.65932528151034, 'batch_size': 256, 'k': 7}
Trial 317 finished with value 0.113385124 | dataset=fred_md | model=ufgtime_plus | val_MSE=0.539695253 | test_MSE=0.389369209 | MAE=0.113385124 | RMSE=0.623994558 | MAPE=14.777983472% | params={'learning_rate': 0.012380181597536616, 'decay_rate': 0.00017099400286401127, 'hidden_size': 64, 'beta1': 0.95, 'beta2': 0.95, 'signal_len': 16, 'cheb_order': 2, 's': 5.968680522848822, 'batch_size': 32, 'k': 7}
Trial 318 finished with value 0.168890727 | dataset=fred_md | model=ufgtime_plus | val_MSE=0.549660879 | test_MSE=0.478571125 | MAE=0.168890727 | RMSE=0.691788353 | MAPE=29.345507512% | params={'learning_rate': 0.01840192326657802, 'decay_rate': 0.00028400310141059207, 'hidden_size': 16, 'beta1': 0.95, 'beta2': 0.999, 'signal_len': 16, 'cheb_order': 2, 's': 5.41207693116581, 'batch_size': 64, 'k': 7}
Trial 319 finished with value 0.150410541 | dataset=fred_md | model=ufgtime_plus | val_MSE=0.559600883 | test_MSE=0.452546623 | MAE=0.150410541 | RMSE=0.672715856 | MAPE=25.477080706% | params={'learning_rate': 0.007160052489184996, 'decay_rate': 0.00021144600956552527, 'hidden_size': 64, 'beta1': 0.95, 'beta2': 0.95, 'signal_len': 16, 'cheb_order': 2, 's': 6.376952356766839, 'batch_size': 32, 'k': 6}
Trial 320 finished with value 0.214749231 | dataset=fred_md | model=ufgtime_plus | val_MSE=0.583814371 | test_MSE=0.574010550 | MAE=0.214749231 | RMSE=0.757634840 | MAPE=38.651996403% | params={'learning_rate': 0.008767921009114138, 'decay_rate': 0.0001361387462973561, 'hidden_size': 16, 'beta1': 0.95, 'beta2': 0.99, 'signal_len': 16, 'cheb_order': 2, 's': 6.1042701399492385, 'batch_size': 32, 'k': 7}
Trial 321 finished with value 0.134343992 | dataset=fred_md | model=ufgtime_plus | val_MSE=0.492260361 | test_MSE=0.558602179 | MAE=0.134343992 | RMSE=0.747396935 | MAPE=14.194928332% | params={'learning_rate': 0.047013746691550104, 'decay_rate': 9.832560710120189e-05, 'hidden_size': 64, 'beta1': 0.95, 'beta2': 0.95, 'signal_len': 16, 'cheb_order': 2, 's': 5.821044505283553, 'batch_size': 32, 'k': 5}
Trial 322 finished with value 0.143894193 | dataset=fred_md | model=ufgtime_plus | val_MSE=0.779664934 | test_MSE=0.475610154 | MAE=0.143894193 | RMSE=0.689644948 | MAPE=23.206299903% | params={'learning_rate': 0.009993092460547684, 'decay_rate': 0.0002487870635862218, 'hidden_size': 16, 'beta1': 0.95, 'beta2': 0.95, 'signal_len': 16, 'cheb_order': 2, 's': 6.500967664437481, 'batch_size': 256, 'k': 7}
Trial 323 finished with value 0.155603080 | dataset=fred_md | model=ufgtime_plus | val_MSE=0.515762944 | test_MSE=0.426188195 | MAE=0.155603080 | RMSE=0.652830908 | MAPE=27.256655927% | params={'learning_rate': 0.013271092663845166, 'decay_rate': 0.00018528171370295156, 'hidden_size': 64, 'beta1': 0.99, 'beta2': 0.95, 'signal_len': 16, 'cheb_order': 2, 's': 6.264086987484296, 'batch_size': 32, 'k': 9}
