Trial 648 finished with value 0.204521663 | dataset=ili | model=ufgtime_plus | val_MSE=0.039149822 | test_MSE=0.092203033 | MAE=0.204521663 | RMSE=0.303649523 | MAPE=64.990938189% | params={'learning_rate': 0.03543512169798972, 'decay_rate': 0.0021571300206799328, 'hidden_size': 64, 'signal_len': 8, 'cheb_order': 3, 's': 4.544969801344183, 'batch_size': 32, 'k': 2}
Trial 649 finished with value 0.187182978 | dataset=ili | model=ufgtime_plus | val_MSE=0.025901083 | test_MSE=0.079281594 | MAE=0.187182978 | RMSE=0.281569875 | MAPE=58.300099071% | params={'learning_rate': 0.023113544590116303, 'decay_rate': 0.0008955446754569854, 'hidden_size': 32, 'signal_len': 8, 'cheb_order': 3, 's': 3.703963295018824, 'batch_size': 256, 'k': 2}
Trial 650 finished with value 0.249880548 | dataset=ili | model=ufgtime_plus | val_MSE=0.041809842 | test_MSE=0.115572213 | MAE=0.249880548 | RMSE=0.339959134 | MAPE=75.199069121% | params={'learning_rate': 0.020361413660414458, 'decay_rate': 0.003401949579227328, 'hidden_size': 32, 'signal_len': 8, 'cheb_order': 3, 's': 3.4170702218734434, 'batch_size': 128, 'k': 2}
Trial 651 finished with value 0.212639845 | dataset=ili | model=ufgtime_plus | val_MSE=0.027273366 | test_MSE=0.086171647 | MAE=0.212639845 | RMSE=0.293550076 | MAPE=81.313209246% | params={'learning_rate': 0.03937779178308729, 'decay_rate': 0.0022983589761968216, 'hidden_size': 32, 'signal_len': 8, 'cheb_order': 3, 's': 4.285002173752382, 'batch_size': 256, 'k': 2}
Trial 652 finished with value 0.200491422 | dataset=ili | model=ufgtime_plus | val_MSE=0.025724451 | test_MSE=0.082495609 | MAE=0.200491422 | RMSE=0.287220488 | MAPE=76.258930157% | params={'learning_rate': 0.037354767300799466, 'decay_rate': 0.000847783181652383, 'hidden_size': 32, 'signal_len': 8, 'cheb_order': 3, 's': 3.952208042761574, 'batch_size': 32, 'k': 2}
Trial 653 finished with value 0.193653425 | dataset=ili | model=ufgtime_plus | val_MSE=0.026906228 | test_MSE=0.080835111 | MAE=0.193653425 | RMSE=0.284315161 | MAPE=66.125191422% | params={'learning_rate': 0.02400080921383857, 'decay_rate': 0.00157898488850629, 'hidden_size': 32, 'signal_len': 8, 'cheb_order': 2, 's': 4.1261563815546225, 'batch_size': 256, 'k': 2}
Trial 654 finished with value 0.202320717 | dataset=ili | model=ufgtime_plus | val_MSE=0.022602961 | test_MSE=0.077168532 | MAE=0.202320717 | RMSE=0.277792247 | MAPE=71.510885962% | params={'learning_rate': 0.022510786266035004, 'decay_rate': 4.017580951196098e-05, 'hidden_size': 32, 'signal_len': 8, 'cheb_order': 3, 's': 4.724028068258532, 'batch_size': 128, 'k': 2}
Trial 655 finished with value 0.239366853 | dataset=ili | model=ufgtime_plus | val_MSE=0.041616537 | test_MSE=0.113853627 | MAE=0.239366853 | RMSE=0.337422030 | MAPE=66.059501452% | params={'learning_rate': 0.01861420928353011, 'decay_rate': 0.0031429499286702084, 'hidden_size': 32, 'signal_len': 8, 'cheb_order': 3, 's': 6.447622105045707, 'batch_size': 256, 'k': 2}
Trial 656 finished with value 0.196899957 | dataset=ili | model=ufgtime_plus | val_MSE=0.033966719 | test_MSE=0.086169101 | MAE=0.196899957 | RMSE=0.293545739 | MAPE=59.130506577% | params={'learning_rate': 0.034554184326007965, 'decay_rate': 0.0009687826058586954, 'hidden_size': 64, 'signal_len': 8, 'cheb_order': 3, 's': 4.199752389015653, 'batch_size': 32, 'k': 2}
Trial 657 finished with value 0.256031268 | dataset=ili | model=ufgtime_plus | val_MSE=0.043035686 | test_MSE=0.132455329 | MAE=0.256031268 | RMSE=0.363944130 | MAPE=60.427534603% | params={'learning_rate': 0.0015757650812376926, 'decay_rate': 0.002173106898539496, 'hidden_size': 32, 'signal_len': 8, 'cheb_order': 3, 's': 4.915367011087011, 'batch_size': 256, 'k': 2}
Trial 658 finished with value 0.302453027 | dataset=ili | model=ufgtime_plus | val_MSE=0.052179432 | test_MSE=0.165538941 | MAE=0.302453027 | RMSE=0.406864769 | MAPE=72.778116825% | params={'learning_rate': 0.036156887733211615, 'decay_rate': 0.032388805323463686, 'hidden_size': 16, 'signal_len': 8, 'cheb_order': 3, 's': 2.2811763206984863, 'batch_size': 128, 'k': 2}
Trial 659 finished with value 0.220169871 | dataset=ili | model=ufgtime_plus | val_MSE=0.036769520 | test_MSE=0.102325459 | MAE=0.220169871 | RMSE=0.319883508 | MAPE=59.557773029% | params={'learning_rate': 0.02105495680132724, 'decay_rate': 0.001553329469853042, 'hidden_size': 32, 'signal_len': 8, 'cheb_order': 3, 's': 4.519399877142386, 'batch_size': 256, 'k': 2}
Trial 660 finished with value 0.248059813 | dataset=ili | model=ufgtime_plus | val_MSE=0.019536689 | test_MSE=0.102231627 | MAE=0.248059813 | RMSE=0.319736809 | MAPE=126.267993583% | params={'learning_rate': 0.021785884677116757, 'decay_rate': 1.8746426324673568e-05, 'hidden_size': 16, 'signal_len': 8, 'cheb_order': 3, 's': 3.7859968312294185, 'batch_size': 32, 'k': 2}
Trial 661 finished with value 0.246777812 | dataset=ili | model=ufgtime_plus | val_MSE=0.046988601 | test_MSE=0.117266497 | MAE=0.246777812 | RMSE=0.342441961 | MAPE=89.435635027% | params={'learning_rate': 0.0404713418049803, 'decay_rate': 0.0041426014714646105, 'hidden_size': 32, 'signal_len': 8, 'cheb_order': 3, 's': 1.8797922915823286, 'batch_size': 16, 'k': 2}
Trial 662 finished with value 0.186855289 | dataset=ili | model=ufgtime_plus | val_MSE=0.025828953 | test_MSE=0.078671058 | MAE=0.186855289 | RMSE=0.280483614 | MAPE=59.965051762% | params={'learning_rate': 0.03794091229494728, 'decay_rate': 0.0009617931058601524, 'hidden_size': 32, 'signal_len': 8, 'cheb_order': 3, 's': 4.361384741376961, 'batch_size': 128, 'k': 2}
Trial 663 finished with value 0.213808918 | dataset=ili | model=ufgtime_plus | val_MSE=0.028918372 | test_MSE=0.088898513 | MAE=0.213808918 | RMSE=0.298158537 | MAPE=75.931249511% | params={'learning_rate': 0.03690775053488349, 'decay_rate': 0.0024672059852050266, 'hidden_size': 16, 'signal_len': 8, 'cheb_order': 3, 's': 3.96829907535756, 'batch_size': 256, 'k': 2}
Trial 664 finished with value 0.208292553 | dataset=ili | model=ufgtime_plus | val_MSE=0.027660126 | test_MSE=0.089471832 | MAE=0.208292553 | RMSE=0.299118425 | MAPE=75.809620784% | params={'learning_rate': 0.023509288900937522, 'decay_rate': 0.0015256641538895985, 'hidden_size': 32, 'signal_len': 8, 'cheb_order': 3, 's': 6.151928979904045, 'batch_size': 256, 'k': 2}
Trial 665 finished with value 0.195915956 | dataset=ili | model=ufgtime_plus | val_MSE=0.026003376 | test_MSE=0.081571480 | MAE=0.195915956 | RMSE=0.285607213 | MAPE=66.622165214% | params={'learning_rate': 0.01993898260421531, 'decay_rate': 0.0008275425422741705, 'hidden_size': 32, 'signal_len': 8, 'cheb_order': 3, 's': 6.741174952864343, 'batch_size': 32, 'k': 2}
Trial 666 finished with value 0.246034698 | dataset=ili | model=ufgtime_plus | val_MSE=0.041286771 | test_MSE=0.114733945 | MAE=0.246034698 | RMSE=0.338723996 | MAPE=72.788766945% | params={'learning_rate': 0.034647213824336005, 'decay_rate': 0.0030049045079689218, 'hidden_size': 16, 'signal_len': 8, 'cheb_order': 3, 's': 4.205718921777599, 'batch_size': 128, 'k': 2}
Trial 667 finished with value 0.179083040 | dataset=ili | model=ufgtime_plus | val_MSE=0.023619529 | test_MSE=0.077058506 | MAE=0.179083040 | RMSE=0.277594140 | MAPE=57.715696578% | params={'learning_rate': 0.02256614046498053, 'decay_rate': 0.0008583600719651633, 'hidden_size': 32, 'signal_len': 8, 'cheb_order': 3, 's': 3.6309086534405646, 'batch_size': 256, 'k': 2}
Trial 668 finished with value 0.365664714 | dataset=ili | model=ufgtime_plus | val_MSE=0.066305377 | test_MSE=0.261727663 | MAE=0.365664714 | RMSE=0.511593260 | MAPE=57.889628641% | params={'learning_rate': 0.022878333126883234, 'decay_rate': 0.04949674727839906, 'hidden_size': 64, 'signal_len': 8, 'cheb_order': 3, 's': 3.550222439954642, 'batch_size': 256, 'k': 2}
Trial 669 finished with value 0.219393092 | dataset=ili | model=ufgtime_plus | val_MSE=0.038843691 | test_MSE=0.102488977 | MAE=0.219393092 | RMSE=0.320138997 | MAPE=61.404074600% | params={'learning_rate': 0.024495003182877985, 'decay_rate': 0.0019509025979196368, 'hidden_size': 32, 'signal_len': 8, 'cheb_order': 3, 's': 3.617576958256768, 'batch_size': 256, 'k': 2}
Trial 670 finished with value 0.193151817 | dataset=ili | model=ufgtime_plus | val_MSE=0.023539549 | test_MSE=0.075704871 | MAE=0.193151817 | RMSE=0.275145181 | MAPE=72.998113225% | params={'learning_rate': 0.0219759521512622, 'decay_rate': 0.0008791049185516513, 'hidden_size': 16, 'signal_len': 8, 'cheb_order': 3, 's': 3.507217249312851, 'batch_size': 256, 'k': 6}
Trial 671 finished with value 0.231092877 | dataset=ili | model=ufgtime_plus | val_MSE=0.038540229 | test_MSE=0.107577951 | MAE=0.231092877 | RMSE=0.327990779 | MAPE=65.257072569% | params={'learning_rate': 0.021039382419440606, 'decay_rate': 0.002269351851682451, 'hidden_size': 32, 'signal_len': 8, 'cheb_order': 3, 's': 3.7525277416568494, 'batch_size': 256, 'k': 2}
Trial 672 finished with value 0.256593688 | dataset=ili | model=ufgtime_plus | val_MSE=0.044430535 | test_MSE=0.125931205 | MAE=0.256593688 | RMSE=0.354867870 | MAPE=67.548099208% | params={'learning_rate': 0.016620724501261508, 'decay_rate': 0.0034536764455101784, 'hidden_size': 32, 'signal_len': 8, 'cheb_order': 2, 's': 3.466950670298369, 'batch_size': 256, 'k': 2}
Trial 673 finished with value 0.225003765 | dataset=ili | model=ufgtime_plus | val_MSE=0.022333652 | test_MSE=0.092615420 | MAE=0.225003765 | RMSE=0.304327817 | MAPE=92.496357340% | params={'learning_rate': 0.04937893193696276, 'decay_rate': 1.9844802771144896e-05, 'hidden_size': 16, 'signal_len': 8, 'cheb_order': 3, 's': 3.150656081782728, 'batch_size': 256, 'k': 2}
Trial 674 finished with value 0.230737433 | dataset=ili | model=ufgtime_plus | val_MSE=0.035745461 | test_MSE=0.105129843 | MAE=0.230737433 | RMSE=0.324237325 | MAPE=60.625694101% | params={'learning_rate': 0.022808655331740653, 'decay_rate': 0.0017937679081044228, 'hidden_size': 32, 'signal_len': 8, 'cheb_order': 3, 's': 3.0208570572450144, 'batch_size': 256, 'k': 2}
Trial 675 finished with value 0.278298296 | dataset=ili | model=ufgtime_plus | val_MSE=0.049229983 | test_MSE=0.141459735 | MAE=0.278298296 | RMSE=0.376111333 | MAPE=73.991394487% | params={'learning_rate': 0.024153284941463956, 'decay_rate': 0.008314015030476296, 'hidden_size': 16, 'signal_len': 8, 'cheb_order': 3, 's': 3.871949315878185, 'batch_size': 256, 'k': 2}
Trial 676 finished with value 0.241622132 | dataset=ili | model=ufgtime_plus | val_MSE=0.044338595 | test_MSE=0.115320127 | MAE=0.241622132 | RMSE=0.339588172 | MAPE=72.273814745% | params={'learning_rate': 0.021890900108383, 'decay_rate': 0.0050264781424659635, 'hidden_size': 32, 'signal_len': 8, 'cheb_order': 3, 's': 3.6752378885123362, 'batch_size': 256, 'k': 2}
Trial 677 finished with value 0.200037214 | dataset=ili | model=ufgtime_plus | val_MSE=0.026139915 | test_MSE=0.079428421 | MAE=0.200037214 | RMSE=0.281830482 | MAPE=77.534738953% | params={'learning_rate': 0.02085407421307009, 'decay_rate': 0.0008632334826798054, 'hidden_size': 32, 'signal_len': 8, 'cheb_order': 3, 's': 3.397737391168557, 'batch_size': 256, 'k': 5}
Trial 678 finished with value 0.203688659 | dataset=ili | model=ufgtime_plus | val_MSE=0.027338011 | test_MSE=0.085152742 | MAE=0.203688659 | RMSE=0.291809428 | MAPE=71.893423459% | params={'learning_rate': 0.02347753202462916, 'decay_rate': 0.001597463828667757, 'hidden_size': 16, 'signal_len': 8, 'cheb_order': 3, 's': 3.866331732715732, 'batch_size': 256, 'k': 2}
Trial 679 finished with value 0.238126177 | dataset=ili | model=ufgtime_plus | val_MSE=0.039563879 | test_MSE=0.111397343 | MAE=0.238126177 | RMSE=0.333762406 | MAPE=66.519370036% | params={'learning_rate': 0.019353014115689644, 'decay_rate': 0.002677562640265585, 'hidden_size': 32, 'signal_len': 8, 'cheb_order': 3, 's': 6.335245047035207, 'batch_size': 256, 'k': 2}
Trial 680 finished with value 0.212603264 | dataset=ili | model=ufgtime_plus | val_MSE=0.034713538 | test_MSE=0.088999742 | MAE=0.212603264 | RMSE=0.298328245 | MAPE=67.631666968% | params={'learning_rate': 0.04786865457791106, 'decay_rate': 0.0008479823075875246, 'hidden_size': 32, 'signal_len': 8, 'cheb_order': 3, 's': 4.005539788087792, 'batch_size': 32, 'k': 2}
Trial 681 finished with value 0.263636774 | dataset=ili | model=ufgtime_plus | val_MSE=0.019692887 | test_MSE=0.106693762 | MAE=0.263636774 | RMSE=0.326640111 | MAPE=113.325783188% | params={'learning_rate': 0.022302575449261893, 'decay_rate': 1.5300252426747466e-05, 'hidden_size': 64, 'signal_len': 8, 'cheb_order': 3, 's': 3.673070832046314, 'batch_size': 64, 'k': 2}
Trial 682 finished with value 0.206544536 | dataset=ili | model=ufgtime_plus | val_MSE=0.028018050 | test_MSE=0.085692621 | MAE=0.206544536 | RMSE=0.292733019 | MAPE=69.281590091% | params={'learning_rate': 0.02163248914819143, 'decay_rate': 0.0017360625791346973, 'hidden_size': 16, 'signal_len': 8, 'cheb_order': 3, 's': 3.378090264954447, 'batch_size': 256, 'k': 2}
Trial 683 finished with value 0.208102760 | dataset=ili | model=ufgtime_plus | val_MSE=0.026631283 | test_MSE=0.084529779 | MAE=0.208102760 | RMSE=0.290740053 | MAPE=60.706623308% | params={'learning_rate': 0.02039546462057357, 'decay_rate': 4.336711110441093e-05, 'hidden_size': 32, 'signal_len': 8, 'cheb_order': 3, 's': 3.2826141038853147, 'batch_size': 256, 'k': 2}
Trial 684 finished with value 0.239380053 | dataset=ili | model=ufgtime_plus | val_MSE=0.041103103 | test_MSE=0.110939530 | MAE=0.239380053 | RMSE=0.333075862 | MAPE=75.303896853% | params={'learning_rate': 0.023645655626876077, 'decay_rate': 0.003622440761270716, 'hidden_size': 32, 'signal_len': 8, 'cheb_order': 3, 's': 8.047955160013478, 'batch_size': 32, 'k': 2}
Trial 685 finished with value 0.204780781 | dataset=ili | model=ufgtime_plus | val_MSE=0.028271962 | test_MSE=0.085291091 | MAE=0.204780781 | RMSE=0.292046385 | MAPE=72.595602231% | params={'learning_rate': 0.022381144434766197, 'decay_rate': 0.002416094947760999, 'hidden_size': 16, 'signal_len': 8, 'cheb_order': 3, 's': 7.414073549839916, 'batch_size': 256, 'k': 2}
Trial 686 finished with value 0.273464539 | dataset=ili | model=ufgtime_plus | val_MSE=0.052422551 | test_MSE=0.133848063 | MAE=0.273464539 | RMSE=0.365852515 | MAPE=95.844992216% | params={'learning_rate': 0.024527052384208894, 'decay_rate': 0.019779354269731785, 'hidden_size': 32, 'signal_len': 8, 'cheb_order': 3, 's': 6.594414416650288, 'batch_size': 16, 'k': 2}
Trial 687 finished with value 0.190495672 | dataset=ili | model=ufgtime_plus | val_MSE=0.025247939 | test_MSE=0.082127067 | MAE=0.190495672 | RMSE=0.286578205 | MAPE=58.178056411% | params={'learning_rate': 0.023302668124817814, 'decay_rate': 0.0009601536205651839, 'hidden_size': 32, 'signal_len': 8, 'cheb_order': 3, 's': 6.122108740353567, 'batch_size': 256, 'k': 2}
Trial 688 finished with value 0.265280099 | dataset=ili | model=ufgtime_plus | val_MSE=0.018361013 | test_MSE=0.114193525 | MAE=0.265280099 | RMSE=0.337925325 | MAPE=114.917583977% | params={'learning_rate': 0.03373356168146506, 'decay_rate': 1.8273764067228398e-05, 'hidden_size': 16, 'signal_len': 8, 'cheb_order': 3, 's': 4.034104114329791, 'batch_size': 32, 'k': 2}
Trial 689 finished with value 0.200117977 | dataset=ili | model=ufgtime_plus | val_MSE=0.025828307 | test_MSE=0.081097397 | MAE=0.200117977 | RMSE=0.284776048 | MAPE=72.054266802% | params={'learning_rate': 0.02139112135638759, 'decay_rate': 0.0013896188995743417, 'hidden_size': 32, 'signal_len': 8, 'cheb_order': 3, 's': 3.8025582744202358, 'batch_size': 256, 'k': 2}
Trial 690 finished with value 0.346079704 | dataset=ili | model=ufgtime_plus | val_MSE=0.069237322 | test_MSE=0.208415265 | MAE=0.346079704 | RMSE=0.456525208 | MAPE=82.726944492% | params={'learning_rate': 0.043971556516012617, 'decay_rate': 0.045256235253356175, 'hidden_size': 32, 'signal_len': 8, 'cheb_order': 3, 's': 8.562706369960218, 'batch_size': 256, 'k': 3}
Trial 691 finished with value 0.236609481 | dataset=ili | model=ufgtime_plus | val_MSE=0.039890638 | test_MSE=0.108347366 | MAE=0.236609481 | RMSE=0.329161610 | MAPE=71.852214762% | params={'learning_rate': 0.0181497926509283, 'decay_rate': 0.002698987646026733, 'hidden_size': 16, 'signal_len': 8, 'cheb_order': 2, 's': 6.334061192906533, 'batch_size': 32, 'k': 2}
Trial 692 finished with value 0.188449983 | dataset=ili | model=ufgtime_plus | val_MSE=0.025899643 | test_MSE=0.081697713 | MAE=0.188449983 | RMSE=0.285828118 | MAPE=58.179390951% | params={'learning_rate': 0.020547308755618495, 'decay_rate': 0.0008488861256431034, 'hidden_size': 32, 'signal_len': 8, 'cheb_order': 3, 's': 4.095564879854493, 'batch_size': 256, 'k': 2}
Trial 693 finished with value 0.197708791 | dataset=ili | model=ufgtime_plus | val_MSE=0.026636571 | test_MSE=0.081636877 | MAE=0.197708791 | RMSE=0.285721677 | MAPE=72.062956834% | params={'learning_rate': 0.022753937256398876, 'decay_rate': 0.0019381505241071514, 'hidden_size': 64, 'signal_len': 8, 'cheb_order': 3, 's': 6.009565635728473, 'batch_size': 256, 'k': 2}
Trial 694 finished with value 0.200352134 | dataset=ili | model=ufgtime_plus | val_MSE=0.024760403 | test_MSE=0.078836024 | MAE=0.200352134 | RMSE=0.280777535 | MAPE=79.523031738% | params={'learning_rate': 0.03590023358202546, 'decay_rate': 0.0009451988405565924, 'hidden_size': 32, 'signal_len': 8, 'cheb_order': 3, 's': 3.8643487791791484, 'batch_size': 32, 'k': 2}
Trial 695 finished with value 0.232331477 | dataset=ili | model=ufgtime_plus | val_MSE=0.042975049 | test_MSE=0.110567875 | MAE=0.232331477 | RMSE=0.332517480 | MAPE=73.173987894% | params={'learning_rate': 0.024907603715859424, 'decay_rate': 0.003261095439914397, 'hidden_size': 16, 'signal_len': 8, 'cheb_order': 3, 's': 4.034594959765243, 'batch_size': 256, 'k': 2}
Trial 696 finished with value 0.249420065 | dataset=ili | model=ufgtime_plus | val_MSE=0.042961080 | test_MSE=0.120651622 | MAE=0.249420065 | RMSE=0.347349424 | MAPE=71.034128097% | params={'learning_rate': 0.021663962817970367, 'decay_rate': 0.004061610010799166, 'hidden_size': 32, 'signal_len': 8, 'cheb_order': 3, 's': 6.466416201542658, 'batch_size': 256, 'k': 2}
Trial 697 finished with value 0.214628735 | dataset=ili | model=ufgtime_plus | val_MSE=0.036652701 | test_MSE=0.096578433 | MAE=0.214628735 | RMSE=0.310770709 | MAPE=66.941728041% | params={'learning_rate': 0.01961521870818775, 'decay_rate': 0.0017138808685705905, 'hidden_size': 16, 'signal_len': 8, 'cheb_order': 3, 's': 8.820170691349716, 'batch_size': 16, 'k': 4}
Trial 698 finished with value 0.191443198 | dataset=ili | model=ufgtime_plus | val_MSE=0.025815008 | test_MSE=0.079288508 | MAE=0.191443198 | RMSE=0.281582151 | MAPE=67.217016380% | params={'learning_rate': 0.022619687735930427, 'decay_rate': 0.0007772523514382207, 'hidden_size': 32, 'signal_len': 8, 'cheb_order': 3, 's': 3.5861768722012646, 'batch_size': 32, 'k': 2}
Trial 699 finished with value 0.200905703 | dataset=ili | model=ufgtime_plus | val_MSE=0.026382610 | test_MSE=0.080799997 | MAE=0.200905703 | RMSE=0.284253403 | MAPE=59.746460632% | params={'learning_rate': 0.023971401923036782, 'decay_rate': 2.6386877475467817e-05, 'hidden_size': 32, 'signal_len': 8, 'cheb_order': 3, 's': 4.253021562215113, 'batch_size': 256, 'k': 2}
Trial 700 finished with value 0.206771615 | dataset=ili | model=ufgtime_plus | val_MSE=0.027384764 | test_MSE=0.085902343 | MAE=0.206771615 | RMSE=0.293091016 | MAPE=73.536480969% | params={'learning_rate': 0.020550245342809186, 'decay_rate': 0.002198188133615492, 'hidden_size': 16, 'signal_len': 8, 'cheb_order': 3, 's': 4.558573833584148, 'batch_size': 64, 'k': 2}
Trial 701 finished with value 0.190398727 | dataset=ili | model=ufgtime_plus | val_MSE=0.025496336 | test_MSE=0.079160016 | MAE=0.190398727 | RMSE=0.281353897 | MAPE=63.282788833% | params={'learning_rate': 0.04590987684840332, 'decay_rate': 0.0014087780985485654, 'hidden_size': 32, 'signal_len': 8, 'cheb_order': 3, 's': 4.148223013790835, 'batch_size': 256, 'k': 2}
Trial 702 finished with value 0.250503879 | dataset=ili | model=ufgtime_plus | val_MSE=0.020275895 | test_MSE=0.103226482 | MAE=0.250503879 | RMSE=0.321288783 | MAPE=103.718409292% | params={'learning_rate': 0.03152270183121496, 'decay_rate': 3.16604868777074e-05, 'hidden_size': 32, 'signal_len': 8, 'cheb_order': 3, 's': 4.387860913916469, 'batch_size': 32, 'k': 2}
Trial 703 finished with value 0.252743860 | dataset=ili | model=ufgtime_plus | val_MSE=0.035266936 | test_MSE=0.123743136 | MAE=0.252743860 | RMSE=0.351771425 | MAPE=66.724738247% | params={'learning_rate': 0.0031067178368439745, 'decay_rate': 0.002748802411421285, 'hidden_size': 16, 'signal_len': 8, 'cheb_order': 3, 's': 3.885208251751884, 'batch_size': 256, 'k': 2}
Trial 704 finished with value 0.212282471 | dataset=ili | model=ufgtime_plus | val_MSE=0.027164243 | test_MSE=0.091999107 | MAE=0.212282471 | RMSE=0.303313545 | MAPE=62.395957670% | params={'learning_rate': 0.03525245043658972, 'decay_rate': 0.0013589984289846596, 'hidden_size': 32, 'signal_len': 8, 'cheb_order': 3, 's': 6.253747703168203, 'batch_size': 256, 'k': 2}
Trial 705 finished with value 0.227512892 | dataset=ili | model=ufgtime_plus | val_MSE=0.038577498 | test_MSE=0.105366511 | MAE=0.227512892 | RMSE=0.324602081 | MAPE=65.628701578% | params={'learning_rate': 0.02152742865753222, 'decay_rate': 0.0022359079149574957, 'hidden_size': 32, 'signal_len': 8, 'cheb_order': 3, 's': 3.757197526654337, 'batch_size': 32, 'k': 2}
Trial 706 finished with value 0.220210654 | dataset=ili | model=ufgtime_plus | val_MSE=0.036473211 | test_MSE=0.101884995 | MAE=0.220210654 | RMSE=0.319194290 | MAPE=53.476305281% | params={'learning_rate': 0.010747047498771627, 'decay_rate': 0.0008466518474557408, 'hidden_size': 64, 'signal_len': 8, 'cheb_order': 3, 's': 4.724208518921477, 'batch_size': 256, 'k': 2}
