Trial 236 finished with value 0.261876095 | dataset=ili | model=ufgtime_plus | val_MSE=0.029380199 | test_MSE=0.130159987 | MAE=0.261876095 | RMSE=0.360776922 | MAPE=68.970292655% | params={'learning_rate': 0.0010894528983290165, 'decay_rate': 0.0023445895518403328, 'hidden_size': 16, 'signal_len': 8, 'cheb_order': 3, 's': 5.692876798199949, 'batch_size': 32, 'k': 2}
Trial 237 finished with value 0.186603746 | dataset=ili | model=ufgtime_plus | val_MSE=0.018840089 | test_MSE=0.076935795 | MAE=0.186603746 | RMSE=0.277373025 | MAPE=66.949102760% | params={'learning_rate': 0.022238830220739605, 'decay_rate': 4.6675813297346064e-05, 'hidden_size': 16, 'signal_len': 8, 'cheb_order': 3, 's': 6.653900445642423, 'batch_size': 32, 'k': 2}
Trial 238 finished with value 0.198086504 | dataset=ili | model=ufgtime_plus | val_MSE=0.020158450 | test_MSE=0.080855219 | MAE=0.198086504 | RMSE=0.284350521 | MAPE=75.014735894% | params={'learning_rate': 0.02647419746987635, 'decay_rate': 6.853472746566353e-05, 'hidden_size': 16, 'signal_len': 8, 'cheb_order': 3, 's': 6.8500870477264915, 'batch_size': 32, 'k': 2}
Trial 239 finished with value 0.200319038 | dataset=ili | model=ufgtime_plus | val_MSE=0.026031089 | test_MSE=0.077373357 | MAE=0.200319038 | RMSE=0.278160668 | MAPE=80.912845794% | params={'learning_rate': 0.025188643699711806, 'decay_rate': 0.0010541120157576786, 'hidden_size': 32, 'signal_len': 8, 'cheb_order': 3, 's': 6.519708739804861, 'batch_size': 32, 'k': 2}
Trial 240 finished with value 0.224712120 | dataset=ili | model=ufgtime_plus | val_MSE=0.038314667 | test_MSE=0.102972600 | MAE=0.224712120 | RMSE=0.320893440 | MAPE=68.452792056% | params={'learning_rate': 0.035653628231682895, 'decay_rate': 0.0025430801405991847, 'hidden_size': 16, 'signal_len': 8, 'cheb_order': 3, 's': 6.668950917621829, 'batch_size': 32, 'k': 2}
Trial 241 finished with value 0.186453124 | dataset=ili | model=ufgtime_plus | val_MSE=0.024807739 | test_MSE=0.078417313 | MAE=0.186453124 | RMSE=0.280030915 | MAPE=63.961150729% | params={'learning_rate': 0.02315215529205608, 'decay_rate': 0.0008349341553394538, 'hidden_size': 16, 'signal_len': 8, 'cheb_order': 3, 's': 8.421668701572791, 'batch_size': 32, 'k': 2}
Trial 242 finished with value 0.205619783 | dataset=ili | model=ufgtime_plus | val_MSE=0.018849249 | test_MSE=0.084437267 | MAE=0.205619783 | RMSE=0.290580914 | MAPE=87.932968335% | params={'learning_rate': 0.023621334838754338, 'decay_rate': 4.266916153375746e-05, 'hidden_size': 16, 'signal_len': 8, 'cheb_order': 3, 's': 8.634307207215592, 'batch_size': 32, 'k': 2}
Trial 243 finished with value 0.199121589 | dataset=ili | model=ufgtime_plus | val_MSE=0.025579662 | test_MSE=0.080318504 | MAE=0.199121589 | RMSE=0.283405193 | MAPE=76.010143443% | params={'learning_rate': 0.022157546595740145, 'decay_rate': 0.0016396679970418747, 'hidden_size': 16, 'signal_len': 8, 'cheb_order': 3, 's': 8.155485705443995, 'batch_size': 32, 'k': 2}
Trial 244 finished with value 0.200248556 | dataset=ili | model=ufgtime_plus | val_MSE=0.025934200 | test_MSE=0.081538365 | MAE=0.200248556 | RMSE=0.285549234 | MAPE=65.528238875% | params={'learning_rate': 0.02435186723709559, 'decay_rate': 0.0009824886548762896, 'hidden_size': 16, 'signal_len': 8, 'cheb_order': 3, 's': 8.791992220490728, 'batch_size': 32, 'k': 2}
Trial 245 finished with value 0.201106721 | dataset=ili | model=ufgtime_plus | val_MSE=0.027425899 | test_MSE=0.083766906 | MAE=0.201106721 | RMSE=0.289425130 | MAPE=71.544036634% | params={'learning_rate': 0.022699133460372056, 'decay_rate': 0.0019518328594039496, 'hidden_size': 16, 'signal_len': 8, 'cheb_order': 3, 's': 6.3955161905221845, 'batch_size': 32, 'k': 2}
Trial 246 finished with value 0.193197205 | dataset=ili | model=ufgtime_plus | val_MSE=0.025557638 | test_MSE=0.080004217 | MAE=0.193197205 | RMSE=0.282850167 | MAPE=69.538675230% | params={'learning_rate': 0.027867484891906043, 'decay_rate': 0.0009051117838939579, 'hidden_size': 16, 'signal_len': 8, 'cheb_order': 3, 's': 6.081779654576788, 'batch_size': 32, 'k': 2}
Trial 247 finished with value 0.188982470 | dataset=ili | model=ufgtime_plus | val_MSE=0.016773633 | test_MSE=0.071020613 | MAE=0.188982470 | RMSE=0.266496929 | MAPE=80.414150257% | params={'learning_rate': 0.028223914250048894, 'decay_rate': 1.4691189367746255e-05, 'hidden_size': 16, 'signal_len': 8, 'cheb_order': 3, 's': 9.267738777855584, 'batch_size': 32, 'k': 2}
Trial 248 finished with value 0.199296053 | dataset=ili | model=ufgtime_plus | val_MSE=0.024248818 | test_MSE=0.087138182 | MAE=0.199296053 | RMSE=0.295191772 | MAPE=59.907595966% | params={'learning_rate': 0.028280426219670612, 'decay_rate': 0.0006359166425935927, 'hidden_size': 16, 'signal_len': 8, 'cheb_order': 3, 's': 9.3656967829543, 'batch_size': 32, 'k': 2}
Trial 249 finished with value 0.204993474 | dataset=ili | model=ufgtime_plus | val_MSE=0.017946293 | test_MSE=0.077954116 | MAE=0.204993474 | RMSE=0.279202643 | MAPE=89.889373204% | params={'learning_rate': 0.02773666533560131, 'decay_rate': 1.585860308170187e-05, 'hidden_size': 16, 'signal_len': 8, 'cheb_order': 3, 's': 9.380567869065882, 'batch_size': 32, 'k': 2}
Trial 250 finished with value 0.201155511 | dataset=ili | model=ufgtime_plus | val_MSE=0.027008137 | test_MSE=0.083716605 | MAE=0.201155511 | RMSE=0.289338220 | MAPE=76.850005206% | params={'learning_rate': 0.029941725900865773, 'decay_rate': 0.0019648378177242426, 'hidden_size': 16, 'signal_len': 8, 'cheb_order': 3, 's': 9.198066578202692, 'batch_size': 32, 'k': 2}
Trial 251 finished with value 0.235883688 | dataset=ili | model=ufgtime_plus | val_MSE=0.040044970 | test_MSE=0.108298708 | MAE=0.235883688 | RMSE=0.329087691 | MAPE=74.905920817% | params={'learning_rate': 0.028937940407676204, 'decay_rate': 0.0033300048731385898, 'hidden_size': 32, 'signal_len': 8, 'cheb_order': 3, 's': 8.517222554474465, 'batch_size': 32, 'k': 2}
Trial 252 finished with value 0.198902229 | dataset=ili | model=ufgtime_plus | val_MSE=0.025037527 | test_MSE=0.086289353 | MAE=0.198902229 | RMSE=0.293750494 | MAPE=62.976576751% | params={'learning_rate': 0.027673607571882166, 'decay_rate': 0.0014336775017417286, 'hidden_size': 16, 'signal_len': 8, 'cheb_order': 3, 's': 9.548161682604203, 'batch_size': 32, 'k': 2}
Trial 253 finished with value 0.204472251 | dataset=ili | model=ufgtime_plus | val_MSE=0.028429026 | test_MSE=0.084007819 | MAE=0.204472251 | RMSE=0.289841023 | MAPE=81.776252959% | params={'learning_rate': 0.02933690641590274, 'decay_rate': 0.0024927937310044467, 'hidden_size': 16, 'signal_len': 8, 'cheb_order': 3, 's': 6.100017594101508, 'batch_size': 32, 'k': 2}
Trial 254 finished with value 0.199021734 | dataset=ili | model=ufgtime_plus | val_MSE=0.024590285 | test_MSE=0.078968441 | MAE=0.199021734 | RMSE=0.281013240 | MAPE=75.774350718% | params={'learning_rate': 0.02641554626744888, 'decay_rate': 0.0007619456436297153, 'hidden_size': 16, 'signal_len': 8, 'cheb_order': 3, 's': 8.859120639718695, 'batch_size': 32, 'k': 2}
Trial 255 finished with value 0.327306377 | dataset=ili | model=ufgtime_plus | val_MSE=0.063846717 | test_MSE=0.173080373 | MAE=0.327306377 | RMSE=0.416029293 | MAPE=96.727599119% | params={'learning_rate': 0.022260998115108666, 'decay_rate': 0.04292898461982191, 'hidden_size': 16, 'signal_len': 16, 'cheb_order': 3, 's': 8.440265422531947, 'batch_size': 32, 'k': 2}
Trial 256 finished with value 0.204988802 | dataset=ili | model=ufgtime_plus | val_MSE=0.018952495 | test_MSE=0.080604694 | MAE=0.204988802 | RMSE=0.283909658 | MAPE=78.376846189% | params={'learning_rate': 0.027454966537708212, 'decay_rate': 5.314180755366742e-05, 'hidden_size': 16, 'signal_len': 8, 'cheb_order': 3, 's': 6.644686022410923, 'batch_size': 32, 'k': 2}
Trial 257 finished with value 0.201441649 | dataset=ili | model=ufgtime_plus | val_MSE=0.027073331 | test_MSE=0.082195232 | MAE=0.201441649 | RMSE=0.286697108 | MAPE=77.056291561% | params={'learning_rate': 0.023797772233231908, 'decay_rate': 0.0017677673107946276, 'hidden_size': 16, 'signal_len': 8, 'cheb_order': 3, 's': 7.154756307966528, 'batch_size': 32, 'k': 2}
Trial 258 finished with value 0.226373263 | dataset=ili | model=ufgtime_plus | val_MSE=0.041007659 | test_MSE=0.099873031 | MAE=0.226373263 | RMSE=0.316026947 | MAPE=82.551394592% | params={'learning_rate': 0.039134530603042166, 'decay_rate': 0.0034730109486055837, 'hidden_size': 32, 'signal_len': 8, 'cheb_order': 3, 's': 9.647245662721742, 'batch_size': 32, 'k': 2}
Trial 259 finished with value 0.200311870 | dataset=ili | model=ufgtime_plus | val_MSE=0.025602815 | test_MSE=0.082863299 | MAE=0.200311870 | RMSE=0.287859860 | MAPE=75.051976139% | params={'learning_rate': 0.02853195007398006, 'decay_rate': 0.000985043516758052, 'hidden_size': 16, 'signal_len': 8, 'cheb_order': 3, 's': 6.281257324131578, 'batch_size': 32, 'k': 2}
Trial 260 finished with value 0.349691795 | dataset=ili | model=ufgtime_plus | val_MSE=0.065129347 | test_MSE=0.233407146 | MAE=0.349691795 | RMSE=0.483122289 | MAPE=65.577203574% | params={'learning_rate': 0.021207989653205438, 'decay_rate': 0.03362319929926833, 'hidden_size': 64, 'signal_len': 8, 'cheb_order': 3, 's': 7.026712236176714, 'batch_size': 256, 'k': 2}
Trial 261 finished with value 0.244457543 | dataset=ili | model=ufgtime_plus | val_MSE=0.040908010 | test_MSE=0.111184707 | MAE=0.244457543 | RMSE=0.333443709 | MAPE=78.824147023% | params={'learning_rate': 0.030478272469151614, 'decay_rate': 0.0027380618827959786, 'hidden_size': 16, 'signal_len': 8, 'cheb_order': 3, 's': 6.86145180074994, 'batch_size': 32, 'k': 2}
Trial 262 finished with value 0.209354859 | dataset=ili | model=ufgtime_plus | val_MSE=0.026682179 | test_MSE=0.083180914 | MAE=0.209354859 | RMSE=0.288411016 | MAPE=79.317047067% | params={'learning_rate': 0.024943201945681632, 'decay_rate': 0.001768312018288737, 'hidden_size': 16, 'signal_len': 8, 'cheb_order': 3, 's': 7.969988846352625, 'batch_size': 32, 'k': 2}
Trial 263 finished with value 0.203439659 | dataset=ili | model=ufgtime_plus | val_MSE=0.026100541 | test_MSE=0.083508012 | MAE=0.203439659 | RMSE=0.288977529 | MAPE=76.875364798% | params={'learning_rate': 0.02655731470250533, 'decay_rate': 0.0008654693735316804, 'hidden_size': 16, 'signal_len': 8, 'cheb_order': 3, 's': 6.037955261909495, 'batch_size': 32, 'k': 2}
Trial 264 finished with value 0.267590468 | dataset=ili | model=ufgtime_plus | val_MSE=0.016382313 | test_MSE=0.117356897 | MAE=0.267590468 | RMSE=0.342573929 | MAPE=127.513358351% | params={'learning_rate': 0.023143440291987907, 'decay_rate': 1.8053334031013432e-05, 'hidden_size': 16, 'signal_len': 8, 'cheb_order': 3, 's': 6.727091465517565, 'batch_size': 64, 'k': 2}
Trial 265 finished with value 0.253838433 | dataset=ili | model=ufgtime_plus | val_MSE=0.043477232 | test_MSE=0.122655718 | MAE=0.253838433 | RMSE=0.350222383 | MAPE=75.710618231% | params={'learning_rate': 0.02588796732933641, 'decay_rate': 0.003974283876820097, 'hidden_size': 32, 'signal_len': 8, 'cheb_order': 3, 's': 6.299342020920657, 'batch_size': 32, 'k': 2}
Trial 266 finished with value 0.222238076 | dataset=ili | model=ufgtime_plus | val_MSE=0.037458243 | test_MSE=0.098507286 | MAE=0.222238076 | RMSE=0.313858703 | MAPE=71.091141284% | params={'learning_rate': 0.02827031531008001, 'decay_rate': 0.0020020989308929846, 'hidden_size': 16, 'signal_len': 8, 'cheb_order': 3, 's': 6.4489726782264025, 'batch_size': 32, 'k': 2}
Trial 267 finished with value 0.195734091 | dataset=ili | model=ufgtime_plus | val_MSE=0.024671245 | test_MSE=0.078395051 | MAE=0.195734091 | RMSE=0.279991162 | MAPE=76.597522233% | params={'learning_rate': 0.026934766116973083, 'decay_rate': 0.0008980722688797151, 'hidden_size': 16, 'signal_len': 8, 'cheb_order': 3, 's': 6.604916053136607, 'batch_size': 32, 'k': 2}
Trial 268 finished with value 0.227895333 | dataset=ili | model=ufgtime_plus | val_MSE=0.040246183 | test_MSE=0.106065695 | MAE=0.227895333 | RMSE=0.325677286 | MAPE=71.374650270% | params={'learning_rate': 0.024474799818744713, 'decay_rate': 0.002918045499597774, 'hidden_size': 16, 'signal_len': 8, 'cheb_order': 3, 's': 6.869585856366419, 'batch_size': 32, 'k': 2}
Trial 269 finished with value 0.202135243 | dataset=ili | model=ufgtime_plus | val_MSE=0.026902927 | test_MSE=0.082921296 | MAE=0.202135243 | RMSE=0.287960580 | MAPE=78.049517437% | params={'learning_rate': 0.02930646514084684, 'decay_rate': 0.0016104684257350435, 'hidden_size': 16, 'signal_len': 8, 'cheb_order': 3, 's': 6.19306829033864, 'batch_size': 32, 'k': 2}
Trial 270 finished with value 0.207052994 | dataset=ili | model=ufgtime_plus | val_MSE=0.019123926 | test_MSE=0.078380442 | MAE=0.207052994 | RMSE=0.279965074 | MAPE=81.572741643% | params={'learning_rate': 0.027537271150689435, 'decay_rate': 5.136648587105645e-05, 'hidden_size': 16, 'signal_len': 8, 'cheb_order': 3, 's': 5.762452049980014, 'batch_size': 32, 'k': 2}
Trial 271 finished with value 0.272353273 | dataset=ili | model=ufgtime_plus | val_MSE=0.046863617 | test_MSE=0.132084385 | MAE=0.272353273 | RMSE=0.363434155 | MAPE=81.400220516% | params={'learning_rate': 0.021936882014756767, 'decay_rate': 0.012473035700730866, 'hidden_size': 32, 'signal_len': 8, 'cheb_order': 3, 's': 5.993317307401089, 'batch_size': 128, 'k': 2}
Trial 272 finished with value 0.230596778 | dataset=ili | model=ufgtime_plus | val_MSE=0.039772924 | test_MSE=0.105737825 | MAE=0.230596778 | RMSE=0.325173531 | MAPE=71.995333673% | params={'learning_rate': 0.02531348417944598, 'decay_rate': 0.0024276709868691357, 'hidden_size': 16, 'signal_len': 16, 'cheb_order': 3, 's': 6.611415155081252, 'batch_size': 32, 'k': 2}
Trial 273 finished with value 0.196820127 | dataset=ili | model=ufgtime_plus | val_MSE=0.026282399 | test_MSE=0.080731975 | MAE=0.196820127 | RMSE=0.284133727 | MAPE=74.563290267% | params={'learning_rate': 0.022903476949874522, 'decay_rate': 0.0010929036093850603, 'hidden_size': 16, 'signal_len': 8, 'cheb_order': 3, 's': 8.919093475239812, 'batch_size': 32, 'k': 2}
Trial 274 finished with value 0.192583870 | dataset=ili | model=ufgtime_plus | val_MSE=0.026086396 | test_MSE=0.078505689 | MAE=0.192583870 | RMSE=0.280188667 | MAPE=67.822903181% | params={'learning_rate': 0.04161306064102341, 'decay_rate': 0.0014351317982473325, 'hidden_size': 16, 'signal_len': 8, 'cheb_order': 3, 's': 6.397079384512358, 'batch_size': 32, 'k': 2}
Trial 275 finished with value 0.221265198 | dataset=ili | model=ufgtime_plus | val_MSE=0.038554410 | test_MSE=0.101120669 | MAE=0.221265198 | RMSE=0.317994762 | MAPE=68.231289617% | params={'learning_rate': 0.03827847453097116, 'decay_rate': 0.002521842637985428, 'hidden_size': 16, 'signal_len': 8, 'cheb_order': 3, 's': 6.350937030238485, 'batch_size': 32, 'k': 2}
Trial 276 finished with value 0.243271993 | dataset=ili | model=ufgtime_plus | val_MSE=0.020819893 | test_MSE=0.101510523 | MAE=0.243271993 | RMSE=0.318607161 | MAPE=100.967522603% | params={'learning_rate': 0.04116979885836618, 'decay_rate': 4.677492799215965e-05, 'hidden_size': 16, 'signal_len': 8, 'cheb_order': 3, 's': 6.066083628620233, 'batch_size': 32, 'k': 2}
Trial 277 finished with value 0.231366342 | dataset=ili | model=ufgtime_plus | val_MSE=0.041689317 | test_MSE=0.108326051 | MAE=0.231366342 | RMSE=0.329129232 | MAPE=71.628757015% | params={'learning_rate': 0.028741419858371604, 'decay_rate': 0.004054162761575323, 'hidden_size': 16, 'signal_len': 8, 'cheb_order': 3, 's': 5.5645682671937315, 'batch_size': 32, 'k': 2}
Trial 278 finished with value 0.215506871 | dataset=ili | model=ufgtime_plus | val_MSE=0.035106511 | test_MSE=0.095067089 | MAE=0.215506871 | RMSE=0.308329514 | MAPE=62.175800410% | params={'learning_rate': 0.04077067341769165, 'decay_rate': 0.0011425315038686762, 'hidden_size': 32, 'signal_len': 8, 'cheb_order': 3, 's': 6.159181364965589, 'batch_size': 32, 'k': 3}
Trial 279 finished with value 0.233196650 | dataset=ili | model=ufgtime_plus | val_MSE=0.037973416 | test_MSE=0.105258988 | MAE=0.233196650 | RMSE=0.324436415 | MAPE=71.379237098% | params={'learning_rate': 0.04207876616752374, 'decay_rate': 0.0020633435882693937, 'hidden_size': 16, 'signal_len': 8, 'cheb_order': 3, 's': 7.289109994792144, 'batch_size': 32, 'k': 2}
Trial 280 finished with value 0.187265845 | dataset=ili | model=ufgtime_plus | val_MSE=0.024539100 | test_MSE=0.076400124 | MAE=0.187265845 | RMSE=0.276405724 | MAPE=67.990084763% | params={'learning_rate': 0.03421968103380677, 'decay_rate': 0.0008734197846224609, 'hidden_size': 16, 'signal_len': 8, 'cheb_order': 3, 's': 5.834473356902306, 'batch_size': 256, 'k': 2}
Trial 281 finished with value 0.242081793 | dataset=ili | model=ufgtime_plus | val_MSE=0.040609982 | test_MSE=0.112575655 | MAE=0.242081793 | RMSE=0.335522958 | MAPE=73.491985519% | params={'learning_rate': 0.033230014108142206, 'decay_rate': 0.003381841311397092, 'hidden_size': 16, 'signal_len': 8, 'cheb_order': 3, 's': 5.769842281552143, 'batch_size': 256, 'k': 2}
Trial 282 finished with value 0.180757662 | dataset=ili | model=ufgtime_plus | val_MSE=0.025379704 | test_MSE=0.075157946 | MAE=0.180757662 | RMSE=0.274149496 | MAPE=52.281646435% | params={'learning_rate': 0.04265232570159707, 'decay_rate': 0.0007517789369119314, 'hidden_size': 64, 'signal_len': 8, 'cheb_order': 3, 's': 5.8598182441621605, 'batch_size': 256, 'k': 2}
Trial 283 finished with value 0.206541462 | dataset=ili | model=ufgtime_plus | val_MSE=0.028359821 | test_MSE=0.087455296 | MAE=0.206541462 | RMSE=0.295728416 | MAPE=76.522929429% | params={'learning_rate': 0.04449023190893183, 'decay_rate': 0.0018721544930982202, 'hidden_size': 64, 'signal_len': 8, 'cheb_order': 3, 's': 5.330808645481037, 'batch_size': 256, 'k': 2}
Trial 284 finished with value 0.179859676 | dataset=ili | model=ufgtime_plus | val_MSE=0.024429481 | test_MSE=0.072709638 | MAE=0.179859676 | RMSE=0.269647248 | MAPE=64.179420577% | params={'learning_rate': 0.020949174510228378, 'decay_rate': 0.0007661984803659459, 'hidden_size': 32, 'signal_len': 8, 'cheb_order': 3, 's': 5.866857431055263, 'batch_size': 256, 'k': 2}
Trial 285 finished with value 0.256750123 | dataset=ili | model=ufgtime_plus | val_MSE=0.021429334 | test_MSE=0.110174715 | MAE=0.256750123 | RMSE=0.331925767 | MAPE=117.837851792% | params={'learning_rate': 0.042730297941762016, 'decay_rate': 2.5940316345581796e-05, 'hidden_size': 64, 'signal_len': 8, 'cheb_order': 3, 's': 5.602426143578636, 'batch_size': 256, 'k': 2}
Trial 286 finished with value 0.217414445 | dataset=ili | model=ufgtime_plus | val_MSE=0.037024908 | test_MSE=0.100895166 | MAE=0.217414445 | RMSE=0.317639994 | MAPE=54.788248458% | params={'learning_rate': 0.02020912536523619, 'decay_rate': 0.0008593817609840565, 'hidden_size': 64, 'signal_len': 8, 'cheb_order': 3, 's': 5.58965265451941, 'batch_size': 256, 'k': 2}
Trial 287 finished with value 0.230834033 | dataset=ili | model=ufgtime_plus | val_MSE=0.036063354 | test_MSE=0.099545453 | MAE=0.230834033 | RMSE=0.315508246 | MAPE=77.500714879% | params={'learning_rate': 0.043557899270333114, 'decay_rate': 0.0027663047349843106, 'hidden_size': 32, 'signal_len': 8, 'cheb_order': 3, 's': 5.878640649523816, 'batch_size': 256, 'k': 2}
Trial 288 finished with value 0.208374863 | dataset=ili | model=ufgtime_plus | val_MSE=0.035617109 | test_MSE=0.093539315 | MAE=0.208374863 | RMSE=0.305841977 | MAPE=54.327053441% | params={'learning_rate': 0.021173863779101992, 'decay_rate': 0.0008603525860374998, 'hidden_size': 64, 'signal_len': 8, 'cheb_order': 3, 's': 5.945275174760706, 'batch_size': 256, 'k': 2}
Trial 289 finished with value 0.233529728 | dataset=ili | model=ufgtime_plus | val_MSE=0.038015027 | test_MSE=0.109936212 | MAE=0.233529728 | RMSE=0.331566301 | MAPE=64.228350253% | params={'learning_rate': 0.019951150696007496, 'decay_rate': 0.0019378054187246512, 'hidden_size': 32, 'signal_len': 8, 'cheb_order': 3, 's': 5.748783785061011, 'batch_size': 256, 'k': 2}
Trial 290 finished with value 0.220691472 | dataset=ili | model=ufgtime_plus | val_MSE=0.026513483 | test_MSE=0.097853241 | MAE=0.220691472 | RMSE=0.312815027 | MAPE=59.477334567% | params={'learning_rate': 0.045396956490781425, 'decay_rate': 1.5063741035334388e-05, 'hidden_size': 32, 'signal_len': 8, 'cheb_order': 3, 's': 3.7988369337813874, 'batch_size': 256, 'k': 2}
Trial 291 finished with value 0.193375203 | dataset=ili | model=ufgtime_plus | val_MSE=0.020231690 | test_MSE=0.074289551 | MAE=0.193375203 | RMSE=0.272561096 | MAPE=61.992012120% | params={'learning_rate': 0.01895261443424857, 'decay_rate': 1.0821308522693663e-05, 'hidden_size': 64, 'signal_len': 16, 'cheb_order': 3, 's': 5.871480077258107, 'batch_size': 256, 'k': 2}
Trial 292 finished with value 0.242714111 | dataset=ili | model=ufgtime_plus | val_MSE=0.040252920 | test_MSE=0.113895689 | MAE=0.242714111 | RMSE=0.337484353 | MAPE=71.336138284% | params={'learning_rate': 0.04268679512381281, 'decay_rate': 0.0031619543566307174, 'hidden_size': 32, 'signal_len': 8, 'cheb_order': 3, 's': 9.056090864351624, 'batch_size': 256, 'k': 2}
Trial 293 finished with value 0.198552349 | dataset=ili | model=ufgtime_plus | val_MSE=0.026270904 | test_MSE=0.082065816 | MAE=0.198552349 | RMSE=0.286471317 | MAPE=70.939166800% | params={'learning_rate': 0.034224989835035545, 'decay_rate': 0.0016751464554179143, 'hidden_size': 32, 'signal_len': 8, 'cheb_order': 3, 's': 5.435455979810912, 'batch_size': 256, 'k': 2}
Trial 294 finished with value 0.193245619 | dataset=ili | model=ufgtime_plus | val_MSE=0.025874898 | test_MSE=0.080882960 | MAE=0.193245619 | RMSE=0.284399297 | MAPE=65.782069721% | params={'learning_rate': 0.04337842100865077, 'decay_rate': 0.0011132517281497959, 'hidden_size': 64, 'signal_len': 8, 'cheb_order': 3, 's': 6.266507789805431, 'batch_size': 256, 'k': 2}
