Trial 413 finished with value 0.187982344 | dataset=ili | model=ufgtime_plus | val_MSE=0.027276658 | test_MSE=0.079049985 | MAE=0.187982344 | RMSE=0.281158292 | MAPE=59.697523314% | params={'learning_rate': 0.027056737345108346, 'decay_rate': 0.001001963429253457, 'hidden_size': 32, 'signal_len': 16, 'cheb_order': 3, 's': 9.545379311426636, 'batch_size': 256, 'k': 2}
Trial 414 finished with value 0.232430782 | dataset=ili | model=ufgtime_plus | val_MSE=0.040311668 | test_MSE=0.108851477 | MAE=0.232430782 | RMSE=0.329926472 | MAPE=66.749297418% | params={'learning_rate': 0.026717806474405557, 'decay_rate': 0.0026455359260777918, 'hidden_size': 32, 'signal_len': 8, 'cheb_order': 3, 's': 9.44152016210345, 'batch_size': 256, 'k': 2}
Trial 415 finished with value 0.197843168 | dataset=ili | model=ufgtime_plus | val_MSE=0.025680630 | test_MSE=0.082534600 | MAE=0.197843168 | RMSE=0.287288356 | MAPE=71.213915696% | params={'learning_rate': 0.027049044023514192, 'decay_rate': 0.0017405437608732574, 'hidden_size': 32, 'signal_len': 16, 'cheb_order': 3, 's': 9.190721606162018, 'batch_size': 256, 'k': 2}
Trial 416 finished with value 0.246855130 | dataset=ili | model=ufgtime_plus | val_MSE=0.047799446 | test_MSE=0.119946224 | MAE=0.246855130 | RMSE=0.346332534 | MAPE=80.931797381% | params={'learning_rate': 0.025786060169100945, 'decay_rate': 0.0035634601029514764, 'hidden_size': 32, 'signal_len': 16, 'cheb_order': 3, 's': 6.144558689924007, 'batch_size': 256, 'k': 2}
Trial 417 finished with value 0.194290765 | dataset=ili | model=ufgtime_plus | val_MSE=0.027298154 | test_MSE=0.080093292 | MAE=0.194290765 | RMSE=0.283007584 | MAPE=56.426406598% | params={'learning_rate': 0.036246022189709806, 'decay_rate': 0.0010572239832179686, 'hidden_size': 32, 'signal_len': 16, 'cheb_order': 3, 's': 8.630779999783535, 'batch_size': 256, 'k': 2}
Trial 418 finished with value 0.201602085 | dataset=ili | model=ufgtime_plus | val_MSE=0.027161354 | test_MSE=0.083939723 | MAE=0.201602085 | RMSE=0.289723528 | MAPE=69.798872683% | params={'learning_rate': 0.038624434271601234, 'decay_rate': 0.0016991637104846317, 'hidden_size': 32, 'signal_len': 8, 'cheb_order': 3, 's': 9.521459885904651, 'batch_size': 256, 'k': 2}
Trial 419 finished with value 0.200940102 | dataset=ili | model=ufgtime_plus | val_MSE=0.024539325 | test_MSE=0.084299113 | MAE=0.200940102 | RMSE=0.290343096 | MAPE=55.823062979% | params={'learning_rate': 0.02777159291605659, 'decay_rate': 0.0008028595918034655, 'hidden_size': 32, 'signal_len': 16, 'cheb_order': 3, 's': 9.796905974863417, 'batch_size': 256, 'k': 2}
Trial 420 finished with value 0.241997509 | dataset=ili | model=ufgtime_plus | val_MSE=0.038140867 | test_MSE=0.111717369 | MAE=0.241997509 | RMSE=0.334241483 | MAPE=68.935870582% | params={'learning_rate': 0.026952092041531, 'decay_rate': 0.0027401378118083056, 'hidden_size': 64, 'signal_len': 16, 'cheb_order': 3, 's': 8.958295736484827, 'batch_size': 256, 'k': 2}
Trial 421 finished with value 0.187771740 | dataset=ili | model=ufgtime_plus | val_MSE=0.018472362 | test_MSE=0.073312967 | MAE=0.187771740 | RMSE=0.270763674 | MAPE=63.568458287% | params={'learning_rate': 0.04092602149042219, 'decay_rate': 7.957643995281478e-05, 'hidden_size': 32, 'signal_len': 16, 'cheb_order': 3, 's': 5.703994624824243, 'batch_size': 256, 'k': 2}
Trial 422 finished with value 0.194698336 | dataset=ili | model=ufgtime_plus | val_MSE=0.021485081 | test_MSE=0.085609786 | MAE=0.194698336 | RMSE=0.292591500 | MAPE=58.837173689% | params={'learning_rate': 0.042248402717676665, 'decay_rate': 0.00016051940108076184, 'hidden_size': 32, 'signal_len': 16, 'cheb_order': 2, 's': 5.197834730790045, 'batch_size': 256, 'k': 2}
Trial 423 finished with value 0.194882851 | dataset=ili | model=ufgtime_plus | val_MSE=0.021264810 | test_MSE=0.073481394 | MAE=0.194882851 | RMSE=0.271074518 | MAPE=71.164234734% | params={'learning_rate': 0.040626835351786225, 'decay_rate': 4.238231965926042e-05, 'hidden_size': 32, 'signal_len': 16, 'cheb_order': 3, 's': 9.651841255375716, 'batch_size': 256, 'k': 2}
Trial 424 finished with value 0.210828228 | dataset=ili | model=ufgtime_plus | val_MSE=0.030765727 | test_MSE=0.088687454 | MAE=0.210828228 | RMSE=0.297804390 | MAPE=65.938990234% | params={'learning_rate': 0.040226552614359146, 'decay_rate': 0.001669342412819688, 'hidden_size': 32, 'signal_len': 16, 'cheb_order': 3, 's': 5.4866064310081075, 'batch_size': 256, 'k': 2}
Trial 425 finished with value 0.225812674 | dataset=ili | model=ufgtime_plus | val_MSE=0.027655117 | test_MSE=0.097924516 | MAE=0.225812674 | RMSE=0.312928931 | MAPE=62.179740257% | params={'learning_rate': 0.042499927435295924, 'decay_rate': 0.0009189161321406, 'hidden_size': 32, 'signal_len': 16, 'cheb_order': 3, 's': 4.837484532728597, 'batch_size': 256, 'k': 2}
Trial 426 finished with value 0.236454118 | dataset=ili | model=ufgtime_plus | val_MSE=0.038621545 | test_MSE=0.109277654 | MAE=0.236454118 | RMSE=0.330571708 | MAPE=66.481437140% | params={'learning_rate': 0.04146115259007027, 'decay_rate': 0.00223499006393233, 'hidden_size': 32, 'signal_len': 16, 'cheb_order': 3, 's': 5.699354584004493, 'batch_size': 256, 'k': 2}
Trial 427 finished with value 0.221178954 | dataset=ili | model=ufgtime_plus | val_MSE=0.029410150 | test_MSE=0.088779739 | MAE=0.221178954 | RMSE=0.297959291 | MAPE=70.325003573% | params={'learning_rate': 0.039059865610513035, 'decay_rate': 0.0014770556682766277, 'hidden_size': 64, 'signal_len': 16, 'cheb_order': 3, 's': 9.596304180162443, 'batch_size': 256, 'k': 2}
Trial 428 finished with value 0.303892135 | dataset=ili | model=ufgtime_plus | val_MSE=0.059382994 | test_MSE=0.156413598 | MAE=0.303892135 | RMSE=0.395491591 | MAPE=91.677417706% | params={'learning_rate': 0.04349187314966222, 'decay_rate': 0.02713670258928055, 'hidden_size': 32, 'signal_len': 16, 'cheb_order': 3, 's': 4.573689334413698, 'batch_size': 256, 'k': 2}
Trial 429 finished with value 0.258617913 | dataset=ili | model=ufgtime_plus | val_MSE=0.043649066 | test_MSE=0.123372239 | MAE=0.258617913 | RMSE=0.351243845 | MAPE=78.132963637% | params={'learning_rate': 0.03998281754926605, 'decay_rate': 0.0033173524738034665, 'hidden_size': 32, 'signal_len': 16, 'cheb_order': 3, 's': 9.268170010128314, 'batch_size': 256, 'k': 2}
Trial 430 finished with value 0.218533235 | dataset=ili | model=ufgtime_plus | val_MSE=0.022354004 | test_MSE=0.093960216 | MAE=0.218533235 | RMSE=0.306529307 | MAPE=64.662418221% | params={'learning_rate': 0.023551529461254442, 'decay_rate': 0.0010283271747245444, 'hidden_size': 32, 'signal_len': 16, 'cheb_order': 3, 's': 5.983032093064247, 'batch_size': 64, 'k': 2}
Trial 431 finished with value 0.229785584 | dataset=ili | model=ufgtime_plus | val_MSE=0.040311426 | test_MSE=0.108039534 | MAE=0.229785584 | RMSE=0.328693678 | MAPE=68.313352082% | params={'learning_rate': 0.024221793651991824, 'decay_rate': 0.002309381405090758, 'hidden_size': 32, 'signal_len': 16, 'cheb_order': 3, 's': 4.165483149358081, 'batch_size': 256, 'k': 2}
Trial 432 finished with value 0.189146412 | dataset=ili | model=ufgtime_plus | val_MSE=0.031667653 | test_MSE=0.076560287 | MAE=0.189146412 | RMSE=0.276695296 | MAPE=63.214708327% | params={'learning_rate': 0.04093765053054857, 'decay_rate': 0.0008720598903045252, 'hidden_size': 32, 'signal_len': 16, 'cheb_order': 3, 's': 6.184783412468151, 'batch_size': 16, 'k': 2}
Trial 433 finished with value 0.217155713 | dataset=ili | model=ufgtime_plus | val_MSE=0.021807702 | test_MSE=0.082947489 | MAE=0.217155713 | RMSE=0.288006058 | MAPE=83.326068289% | params={'learning_rate': 0.040826350752052674, 'decay_rate': 1.4440304137992911e-05, 'hidden_size': 32, 'signal_len': 16, 'cheb_order': 3, 's': 6.323577406607343, 'batch_size': 256, 'k': 2}
Trial 434 finished with value 0.195003833 | dataset=ili | model=ufgtime_plus | val_MSE=0.015974201 | test_MSE=0.069863572 | MAE=0.195003833 | RMSE=0.264317181 | MAPE=77.203048550% | params={'learning_rate': 0.04132720728877772, 'decay_rate': 1.6494787750041557e-05, 'hidden_size': 32, 'signal_len': 16, 'cheb_order': 3, 's': 6.067893249013389, 'batch_size': 16, 'k': 2}
Trial 435 finished with value 0.221207006 | dataset=ili | model=ufgtime_plus | val_MSE=0.042622735 | test_MSE=0.104648033 | MAE=0.221207006 | RMSE=0.323493482 | MAPE=75.168955451% | params={'learning_rate': 0.04249023618316533, 'decay_rate': 0.0016294258788775212, 'hidden_size': 64, 'signal_len': 16, 'cheb_order': 3, 's': 4.3760396824045955, 'batch_size': 16, 'k': 2}
Trial 436 finished with value 0.207417516 | dataset=ili | model=ufgtime_plus | val_MSE=0.034831830 | test_MSE=0.091906591 | MAE=0.207417516 | RMSE=0.303160998 | MAPE=60.902121710% | params={'learning_rate': 0.04064517456439004, 'decay_rate': 0.0010084457296937626, 'hidden_size': 32, 'signal_len': 16, 'cheb_order': 3, 's': 6.24550706775182, 'batch_size': 16, 'k': 2}
Trial 437 finished with value 0.261829319 | dataset=ili | model=ufgtime_plus | val_MSE=0.052142958 | test_MSE=0.129865956 | MAE=0.261829319 | RMSE=0.360369194 | MAPE=98.099969211% | params={'learning_rate': 0.03921118529257401, 'decay_rate': 0.016545919810934867, 'hidden_size': 32, 'signal_len': 16, 'cheb_order': 3, 's': 6.1360154426022335, 'batch_size': 16, 'k': 2}
Trial 438 finished with value 0.215554878 | dataset=ili | model=ufgtime_plus | val_MSE=0.039423896 | test_MSE=0.096673317 | MAE=0.215554878 | RMSE=0.310923330 | MAPE=73.140808070% | params={'learning_rate': 0.041928337685425435, 'decay_rate': 0.002957549038237714, 'hidden_size': 32, 'signal_len': 16, 'cheb_order': 3, 's': 6.263008968327272, 'batch_size': 16, 'k': 2}
Trial 439 finished with value 0.226148350 | dataset=ili | model=ufgtime_plus | val_MSE=0.034555935 | test_MSE=0.102612123 | MAE=0.226148350 | RMSE=0.320331270 | MAPE=55.384727238% | params={'learning_rate': 0.03892798416107422, 'decay_rate': 0.0008421158580442068, 'hidden_size': 32, 'signal_len': 16, 'cheb_order': 3, 's': 4.465965038094061, 'batch_size': 16, 'k': 2}
Trial 440 finished with value 0.250683053 | dataset=ili | model=ufgtime_plus | val_MSE=0.049640234 | test_MSE=0.124504032 | MAE=0.250683053 | RMSE=0.352851289 | MAPE=90.322733500% | params={'learning_rate': 0.04321533869829447, 'decay_rate': 0.006505824642413047, 'hidden_size': 32, 'signal_len': 16, 'cheb_order': 3, 's': 5.9031866832296425, 'batch_size': 16, 'k': 2}
Trial 441 finished with value 0.243044012 | dataset=ili | model=ufgtime_plus | val_MSE=0.047080997 | test_MSE=0.117754199 | MAE=0.243044012 | RMSE=0.343153317 | MAPE=86.938101000% | params={'learning_rate': 0.04027383795003013, 'decay_rate': 0.004210927815223951, 'hidden_size': 32, 'signal_len': 16, 'cheb_order': 2, 's': 9.072245663926065, 'batch_size': 16, 'k': 2}
Trial 442 finished with value 0.219708243 | dataset=ili | model=ufgtime_plus | val_MSE=0.033681538 | test_MSE=0.093036212 | MAE=0.219708243 | RMSE=0.305018379 | MAPE=72.622775942% | params={'learning_rate': 0.022715669179803197, 'decay_rate': 0.0020807070475232464, 'hidden_size': 64, 'signal_len': 16, 'cheb_order': 3, 's': 4.717687760743498, 'batch_size': 256, 'k': 2}
Trial 443 finished with value 0.194692817 | dataset=ili | model=ufgtime_plus | val_MSE=0.022433914 | test_MSE=0.077354306 | MAE=0.194692817 | RMSE=0.278126420 | MAPE=62.767632767% | params={'learning_rate': 0.037816855388518915, 'decay_rate': 5.368049406328681e-05, 'hidden_size': 32, 'signal_len': 16, 'cheb_order': 3, 's': 4.142437471219063, 'batch_size': 256, 'k': 2}
Trial 444 finished with value 0.194746454 | dataset=ili | model=ufgtime_plus | val_MSE=0.026588417 | test_MSE=0.077572156 | MAE=0.194746454 | RMSE=0.278517784 | MAPE=77.690409602% | params={'learning_rate': 0.04178053794650208, 'decay_rate': 0.001670179863113548, 'hidden_size': 32, 'signal_len': 8, 'cheb_order': 3, 's': 6.044353560705926, 'batch_size': 128, 'k': 2}
Trial 445 finished with value 0.243852508 | dataset=ili | model=ufgtime_plus | val_MSE=0.041829500 | test_MSE=0.113310792 | MAE=0.243852508 | RMSE=0.336616684 | MAPE=74.585407082% | params={'learning_rate': 0.022496531760602782, 'decay_rate': 0.0029992906924765778, 'hidden_size': 32, 'signal_len': 8, 'cheb_order': 3, 's': 8.391128108249616, 'batch_size': 256, 'k': 2}
Trial 446 finished with value 0.196255051 | dataset=ili | model=ufgtime_plus | val_MSE=0.025694505 | test_MSE=0.079327343 | MAE=0.196255051 | RMSE=0.281651102 | MAPE=72.070016382% | params={'learning_rate': 0.024894875164733602, 'decay_rate': 0.0008831763256905942, 'hidden_size': 32, 'signal_len': 8, 'cheb_order': 3, 's': 4.263679568001885, 'batch_size': 16, 'k': 2}
Trial 447 finished with value 0.328364435 | dataset=ili | model=ufgtime_plus | val_MSE=0.059965607 | test_MSE=0.196029750 | MAE=0.328364435 | RMSE=0.442752471 | MAPE=73.129703187% | params={'learning_rate': 0.02309211737471628, 'decay_rate': 0.03394133167603559, 'hidden_size': 16, 'signal_len': 16, 'cheb_order': 3, 's': 5.820260781465401, 'batch_size': 256, 'k': 2}
Trial 448 finished with value 0.240536701 | dataset=ili | model=ufgtime_plus | val_MSE=0.023084985 | test_MSE=0.102966062 | MAE=0.240536701 | RMSE=0.320883253 | MAPE=100.121400855% | params={'learning_rate': 0.04433925744774702, 'decay_rate': 4.629836230036393e-05, 'hidden_size': 16, 'signal_len': 8, 'cheb_order': 3, 's': 3.9410990290306933, 'batch_size': 256, 'k': 2}
Trial 449 finished with value 0.204704052 | dataset=ili | model=ufgtime_plus | val_MSE=0.027466375 | test_MSE=0.085224872 | MAE=0.204704052 | RMSE=0.291932992 | MAPE=70.461463519% | params={'learning_rate': 0.02184183989477882, 'decay_rate': 0.001828498839395804, 'hidden_size': 32, 'signal_len': 8, 'cheb_order': 3, 's': 9.915684796508419, 'batch_size': 256, 'k': 2}
Trial 450 finished with value 0.194896918 | dataset=ili | model=ufgtime_plus | val_MSE=0.028689330 | test_MSE=0.084258636 | MAE=0.194896918 | RMSE=0.290273382 | MAPE=60.327604406% | params={'learning_rate': 0.023839480270338036, 'decay_rate': 0.0009714904815781146, 'hidden_size': 64, 'signal_len': 8, 'cheb_order': 3, 's': 6.222639679483899, 'batch_size': 256, 'k': 2}
Trial 451 finished with value 0.248560040 | dataset=ili | model=ufgtime_plus | val_MSE=0.048408092 | test_MSE=0.120752149 | MAE=0.248560040 | RMSE=0.347494099 | MAPE=91.563122747% | params={'learning_rate': 0.04092075498910655, 'decay_rate': 0.005389560024136662, 'hidden_size': 16, 'signal_len': 8, 'cheb_order': 3, 's': 4.5527501662743965, 'batch_size': 16, 'k': 2}
Trial 452 finished with value 0.229188406 | dataset=ili | model=ufgtime_plus | val_MSE=0.039227977 | test_MSE=0.107207654 | MAE=0.229188406 | RMSE=0.327425800 | MAPE=68.944102019% | params={'learning_rate': 0.02600849258566478, 'decay_rate': 0.0026651153618367047, 'hidden_size': 32, 'signal_len': 8, 'cheb_order': 3, 's': 4.961406812242768, 'batch_size': 256, 'k': 2}
Trial 453 finished with value 0.224158391 | dataset=ili | model=ufgtime_plus | val_MSE=0.018814905 | test_MSE=0.088613271 | MAE=0.224158391 | RMSE=0.297679814 | MAPE=100.762393154% | params={'learning_rate': 0.022017981348296592, 'decay_rate': 1.2737196892916654e-05, 'hidden_size': 16, 'signal_len': 8, 'cheb_order': 3, 's': 4.106028544191644, 'batch_size': 256, 'k': 2}
Trial 454 finished with value 0.201798503 | dataset=ili | model=ufgtime_plus | val_MSE=0.028065359 | test_MSE=0.085063223 | MAE=0.201798503 | RMSE=0.291656002 | MAPE=70.517959870% | params={'learning_rate': 0.03974045535503924, 'decay_rate': 0.001774922294037513, 'hidden_size': 32, 'signal_len': 8, 'cheb_order': 3, 's': 9.452008789948527, 'batch_size': 256, 'k': 2}
Trial 455 finished with value 0.256317733 | dataset=ili | model=ufgtime_plus | val_MSE=0.045044575 | test_MSE=0.123968980 | MAE=0.256317733 | RMSE=0.352092290 | MAPE=75.877480545% | params={'learning_rate': 0.024922739490153663, 'decay_rate': 0.0037782425196111083, 'hidden_size': 16, 'signal_len': 16, 'cheb_order': 3, 's': 5.98378657581509, 'batch_size': 256, 'k': 2}
Trial 456 finished with value 0.203153607 | dataset=ili | model=ufgtime_plus | val_MSE=0.026365064 | test_MSE=0.082908689 | MAE=0.203153607 | RMSE=0.287938689 | MAPE=71.277129600% | params={'learning_rate': 0.02090307759370977, 'decay_rate': 0.0009842092367195361, 'hidden_size': 32, 'signal_len': 8, 'cheb_order': 3, 's': 6.370021301386232, 'batch_size': 64, 'k': 2}
Trial 457 finished with value 0.220267643 | dataset=ili | model=ufgtime_plus | val_MSE=0.038471064 | test_MSE=0.099362952 | MAE=0.220267643 | RMSE=0.315218895 | MAPE=71.667686300% | params={'learning_rate': 0.023228428190254422, 'decay_rate': 0.002538597325596415, 'hidden_size': 16, 'signal_len': 8, 'cheb_order': 3, 's': 4.271147014020161, 'batch_size': 16, 'k': 2}
Trial 458 finished with value 0.185886734 | dataset=ili | model=ufgtime_plus | val_MSE=0.026221784 | test_MSE=0.078205356 | MAE=0.185886734 | RMSE=0.279652205 | MAPE=66.957349913% | params={'learning_rate': 0.03852227899754492, 'decay_rate': 0.0014629838288269552, 'hidden_size': 32, 'signal_len': 8, 'cheb_order': 3, 's': 3.7137690105447723, 'batch_size': 256, 'k': 2}
Trial 459 finished with value 0.205744291 | dataset=ili | model=ufgtime_plus | val_MSE=0.028582688 | test_MSE=0.086312688 | MAE=0.205744291 | RMSE=0.293790210 | MAPE=69.650676193% | params={'learning_rate': 0.022185924896167337, 'decay_rate': 0.0018750349359709364, 'hidden_size': 16, 'signal_len': 8, 'cheb_order': 3, 's': 3.6374167776424144, 'batch_size': 256, 'k': 2}
Trial 460 finished with value 0.193585632 | dataset=ili | model=ufgtime_plus | val_MSE=0.026567206 | test_MSE=0.074884639 | MAE=0.193585632 | RMSE=0.273650579 | MAPE=59.893446002% | params={'learning_rate': 0.024129199086015615, 'decay_rate': 2.3863122992281234e-05, 'hidden_size': 32, 'signal_len': 8, 'cheb_order': 3, 's': 3.9944296634205627, 'batch_size': 256, 'k': 2}
Trial 461 finished with value 0.228662987 | dataset=ili | model=ufgtime_plus | val_MSE=0.036789503 | test_MSE=0.098127893 | MAE=0.228662987 | RMSE=0.313253720 | MAPE=81.586224697% | params={'learning_rate': 0.03906321876130572, 'decay_rate': 0.0036198997515284564, 'hidden_size': 16, 'signal_len': 8, 'cheb_order': 2, 's': 3.786933709541751, 'batch_size': 256, 'k': 2}
Trial 462 finished with value 0.200250362 | dataset=ili | model=ufgtime_plus | val_MSE=0.027279912 | test_MSE=0.082652395 | MAE=0.200250362 | RMSE=0.287493295 | MAPE=71.561410158% | params={'learning_rate': 0.03728726761212663, 'decay_rate': 0.0016599600046160973, 'hidden_size': 32, 'signal_len': 8, 'cheb_order': 3, 's': 3.8120603602255216, 'batch_size': 256, 'k': 2}
Trial 463 finished with value 0.198466224 | dataset=ili | model=ufgtime_plus | val_MSE=0.026512841 | test_MSE=0.081281934 | MAE=0.198466224 | RMSE=0.285099867 | MAPE=69.028878545% | params={'learning_rate': 0.037151203635737144, 'decay_rate': 0.0009598935510764743, 'hidden_size': 64, 'signal_len': 8, 'cheb_order': 3, 's': 3.790860390300475, 'batch_size': 256, 'k': 6}
Trial 464 finished with value 0.209794090 | dataset=ili | model=ufgtime_plus | val_MSE=0.029706467 | test_MSE=0.088641861 | MAE=0.209794090 | RMSE=0.297727831 | MAPE=70.061870328% | params={'learning_rate': 0.038629940676805766, 'decay_rate': 0.002613777976218831, 'hidden_size': 16, 'signal_len': 8, 'cheb_order': 3, 's': 4.065534469290029, 'batch_size': 256, 'k': 2}
Trial 465 finished with value 0.291808270 | dataset=ili | model=ufgtime_plus | val_MSE=0.050684407 | test_MSE=0.145555459 | MAE=0.291808270 | RMSE=0.381517312 | MAPE=83.047135537% | params={'learning_rate': 0.035713312446131615, 'decay_rate': 0.01986034561105973, 'hidden_size': 32, 'signal_len': 8, 'cheb_order': 3, 's': 4.380503652919433, 'batch_size': 256, 'k': 2}
Trial 466 finished with value 0.194454518 | dataset=ili | model=ufgtime_plus | val_MSE=0.025033358 | test_MSE=0.079682655 | MAE=0.194454518 | RMSE=0.282281163 | MAPE=71.055547896% | params={'learning_rate': 0.03825574924004475, 'decay_rate': 0.0010131786374027443, 'hidden_size': 16, 'signal_len': 8, 'cheb_order': 3, 's': 4.634855387082292, 'batch_size': 256, 'k': 2}
Trial 467 finished with value 0.228982553 | dataset=ili | model=ufgtime_plus | val_MSE=0.027128452 | test_MSE=0.103185393 | MAE=0.228982553 | RMSE=0.321224833 | MAPE=60.771387803% | params={'learning_rate': 0.020713107885320093, 'decay_rate': 1.4107619304982045e-05, 'hidden_size': 32, 'signal_len': 8, 'cheb_order': 3, 's': 3.629895409005708, 'batch_size': 256, 'k': 2}
Trial 468 finished with value 0.213330381 | dataset=ili | model=ufgtime_plus | val_MSE=0.028294844 | test_MSE=0.086609869 | MAE=0.213330381 | RMSE=0.294295547 | MAPE=78.800824565% | params={'learning_rate': 0.02311686634111975, 'decay_rate': 0.0021152844717326554, 'hidden_size': 16, 'signal_len': 8, 'cheb_order': 3, 's': 3.9194802678697855, 'batch_size': 128, 'k': 2}
Trial 469 finished with value 0.221321535 | dataset=ili | model=ufgtime_plus | val_MSE=0.037259232 | test_MSE=0.102622137 | MAE=0.221321535 | RMSE=0.320346901 | MAPE=55.972651038% | params={'learning_rate': 0.02144743184274889, 'decay_rate': 0.0015009035249218883, 'hidden_size': 32, 'signal_len': 8, 'cheb_order': 3, 's': 4.252105758648819, 'batch_size': 256, 'k': 2}
Trial 470 finished with value 0.216624793 | dataset=ili | model=ufgtime_plus | val_MSE=0.028700007 | test_MSE=0.088857775 | MAE=0.216624793 | RMSE=0.298090213 | MAPE=79.048925469% | params={'learning_rate': 0.02512464045026666, 'decay_rate': 0.0027667993930174653, 'hidden_size': 16, 'signal_len': 8, 'cheb_order': 3, 's': 9.70014326157349, 'batch_size': 256, 'k': 2}
Trial 471 finished with value 0.187606438 | dataset=ili | model=ufgtime_plus | val_MSE=0.025271507 | test_MSE=0.079568052 | MAE=0.187606438 | RMSE=0.282078096 | MAPE=62.223574488% | params={'learning_rate': 0.026063319924062592, 'decay_rate': 0.0008864989768584451, 'hidden_size': 32, 'signal_len': 8, 'cheb_order': 3, 's': 5.631787112911839, 'batch_size': 256, 'k': 2}
