Trial 707 finished with value 0.242688668 | dataset=ili | model=ufgtime_plus | val_MSE=0.036360897 | test_MSE=0.115063264 | MAE=0.242688668 | RMSE=0.339209764 | MAPE=65.913086784% | params={'learning_rate': 0.0046683445619910054, 'decay_rate': 0.0036957222944753944, 'hidden_size': 16, 'signal_len': 8, 'cheb_order': 3, 's': 6.7272292490445595, 'batch_size': 256, 'k': 2}
Trial 708 finished with value 0.229971065 | dataset=ili | model=ufgtime_plus | val_MSE=0.021033793 | test_MSE=0.092835297 | MAE=0.229971065 | RMSE=0.304688852 | MAPE=94.049482499% | params={'learning_rate': 0.033345405453229934, 'decay_rate': 3.6246275435529383e-05, 'hidden_size': 32, 'signal_len': 8, 'cheb_order': 3, 's': 4.137010550032771, 'batch_size': 16, 'k': 2}
Trial 709 finished with value 0.220429631 | dataset=ili | model=ufgtime_plus | val_MSE=0.035910144 | test_MSE=0.098513540 | MAE=0.220429631 | RMSE=0.313868667 | MAPE=62.866975589% | params={'learning_rate': 0.025353919098398854, 'decay_rate': 0.0016491613501122783, 'hidden_size': 32, 'signal_len': 8, 'cheb_order': 2, 's': 4.296063001565928, 'batch_size': 32, 'k': 2}
Trial 710 finished with value 0.219829868 | dataset=ili | model=ufgtime_plus | val_MSE=0.030541699 | test_MSE=0.093378786 | MAE=0.219829868 | RMSE=0.305579427 | MAPE=77.939422693% | params={'learning_rate': 0.022884320968297518, 'decay_rate': 0.0026266029336777393, 'hidden_size': 16, 'signal_len': 8, 'cheb_order': 3, 's': 3.9533716459050976, 'batch_size': 256, 'k': 2}
Trial 711 finished with value 0.180377206 | dataset=ili | model=ufgtime_plus | val_MSE=0.026216246 | test_MSE=0.074417742 | MAE=0.180377206 | RMSE=0.272796155 | MAPE=56.800321338% | params={'learning_rate': 0.019038944653917585, 'decay_rate': 0.0009750470138300479, 'hidden_size': 32, 'signal_len': 8, 'cheb_order': 3, 's': 6.079044501395202, 'batch_size': 256, 'k': 2}
Trial 712 finished with value 0.185951183 | dataset=ili | model=ufgtime_plus | val_MSE=0.025566110 | test_MSE=0.078529597 | MAE=0.185951183 | RMSE=0.280231328 | MAPE=58.567849148% | params={'learning_rate': 0.018757393297766267, 'decay_rate': 0.0009156945804268277, 'hidden_size': 32, 'signal_len': 8, 'cheb_order': 3, 's': 5.969719660810108, 'batch_size': 256, 'k': 2}
Trial 713 finished with value 0.188746304 | dataset=ili | model=ufgtime_plus | val_MSE=0.024866456 | test_MSE=0.079335018 | MAE=0.188746304 | RMSE=0.281664726 | MAPE=60.630286190% | params={'learning_rate': 0.02010657439538207, 'decay_rate': 0.0008293366393855757, 'hidden_size': 32, 'signal_len': 8, 'cheb_order': 3, 's': 5.98091203828346, 'batch_size': 256, 'k': 2}
Trial 714 finished with value 0.231864048 | dataset=ili | model=ufgtime_plus | val_MSE=0.037725192 | test_MSE=0.109259551 | MAE=0.231864048 | RMSE=0.330544325 | MAPE=57.741319851% | params={'learning_rate': 0.020349515185636272, 'decay_rate': 0.001669548474467873, 'hidden_size': 32, 'signal_len': 8, 'cheb_order': 3, 's': 5.911701922682703, 'batch_size': 256, 'k': 2}
Trial 715 finished with value 0.211470566 | dataset=ili | model=ufgtime_plus | val_MSE=0.026977124 | test_MSE=0.089410213 | MAE=0.211470566 | RMSE=0.299015406 | MAPE=59.137367514% | params={'learning_rate': 0.01821189029098262, 'decay_rate': 4.24619539429093e-05, 'hidden_size': 32, 'signal_len': 8, 'cheb_order': 3, 's': 6.010533948946116, 'batch_size': 256, 'k': 2}
Trial 716 finished with value 0.240127987 | dataset=ili | model=ufgtime_plus | val_MSE=0.040915407 | test_MSE=0.112085711 | MAE=0.240127987 | RMSE=0.334792042 | MAPE=71.926131436% | params={'learning_rate': 0.017609176297153153, 'decay_rate': 0.0029913946557182072, 'hidden_size': 32, 'signal_len': 8, 'cheb_order': 3, 's': 5.917157171980313, 'batch_size': 256, 'k': 2}
Trial 717 finished with value 0.202480298 | dataset=ili | model=ufgtime_plus | val_MSE=0.027069148 | test_MSE=0.080912879 | MAE=0.202480298 | RMSE=0.284451891 | MAPE=56.967393489% | params={'learning_rate': 0.019081093692846354, 'decay_rate': 2.136523096822379e-05, 'hidden_size': 32, 'signal_len': 8, 'cheb_order': 3, 's': 6.147266016467946, 'batch_size': 256, 'k': 3}
Trial 718 finished with value 0.206559980 | dataset=ili | model=ufgtime_plus | val_MSE=0.028136717 | test_MSE=0.088005484 | MAE=0.206559980 | RMSE=0.296657183 | MAPE=70.153732456% | params={'learning_rate': 0.018684597487496006, 'decay_rate': 0.00177744677258367, 'hidden_size': 32, 'signal_len': 8, 'cheb_order': 3, 's': 6.1444057511233305, 'batch_size': 256, 'k': 2}
Trial 719 finished with value 0.269082539 | dataset=ili | model=ufgtime_plus | val_MSE=0.047008742 | test_MSE=0.136460352 | MAE=0.269082539 | RMSE=0.369405403 | MAPE=69.890727754% | params={'learning_rate': 0.0162982560917111, 'decay_rate': 0.0045843291045452785, 'hidden_size': 32, 'signal_len': 8, 'cheb_order': 3, 's': 5.842697226580557, 'batch_size': 256, 'k': 2}
Trial 720 finished with value 0.195295042 | dataset=ili | model=ufgtime_plus | val_MSE=0.025823055 | test_MSE=0.081388523 | MAE=0.195295042 | RMSE=0.285286738 | MAPE=59.992933176% | params={'learning_rate': 0.01957542205616142, 'decay_rate': 0.001001938323771891, 'hidden_size': 32, 'signal_len': 8, 'cheb_order': 3, 's': 6.146557682540178, 'batch_size': 256, 'k': 2}
Trial 721 finished with value 0.229724961 | dataset=ili | model=ufgtime_plus | val_MSE=0.036455862 | test_MSE=0.103814609 | MAE=0.229724961 | RMSE=0.322202745 | MAPE=70.700485708% | params={'learning_rate': 0.018477055559997336, 'decay_rate': 0.0023658579662598086, 'hidden_size': 32, 'signal_len': 8, 'cheb_order': 3, 's': 5.863610825850673, 'batch_size': 256, 'k': 2}
Trial 722 finished with value 0.185694781 | dataset=ili | model=ufgtime_plus | val_MSE=0.025351694 | test_MSE=0.078703460 | MAE=0.185694781 | RMSE=0.280541369 | MAPE=58.210741289% | params={'learning_rate': 0.016725304127791937, 'decay_rate': 0.0009164208522927742, 'hidden_size': 32, 'signal_len': 8, 'cheb_order': 3, 's': 6.083858952100039, 'batch_size': 256, 'k': 2}
Trial 723 finished with value 0.203204354 | dataset=ili | model=ufgtime_plus | val_MSE=0.028294103 | test_MSE=0.085101799 | MAE=0.203204354 | RMSE=0.291722127 | MAPE=65.145243725% | params={'learning_rate': 0.01691031124844363, 'decay_rate': 0.0016431037431420235, 'hidden_size': 32, 'signal_len': 8, 'cheb_order': 3, 's': 6.072820787859911, 'batch_size': 256, 'k': 2}
Trial 724 finished with value 0.245439259 | dataset=ili | model=ufgtime_plus | val_MSE=0.042673592 | test_MSE=0.119299838 | MAE=0.245439259 | RMSE=0.345398087 | MAPE=68.853777538% | params={'learning_rate': 0.018901716878154586, 'decay_rate': 0.0031029495375057034, 'hidden_size': 32, 'signal_len': 8, 'cheb_order': 3, 's': 5.98732472966063, 'batch_size': 256, 'k': 2}
Trial 725 finished with value 0.214053022 | dataset=ili | model=ufgtime_plus | val_MSE=0.029138772 | test_MSE=0.094368105 | MAE=0.214053022 | RMSE=0.307193922 | MAPE=56.143484004% | params={'learning_rate': 0.012310018637501441, 'decay_rate': 1.7905138465718843e-05, 'hidden_size': 32, 'signal_len': 8, 'cheb_order': 3, 's': 6.164582986901318, 'batch_size': 256, 'k': 2}
Trial 726 finished with value 0.272327840 | dataset=ili | model=ufgtime_plus | val_MSE=0.049027439 | test_MSE=0.137551455 | MAE=0.272327840 | RMSE=0.370879300 | MAPE=72.246140664% | params={'learning_rate': 0.017911083064473757, 'decay_rate': 0.0056982459415755105, 'hidden_size': 32, 'signal_len': 8, 'cheb_order': 3, 's': 5.813219525214989, 'batch_size': 256, 'k': 2}
Trial 727 finished with value 0.182411391 | dataset=ili | model=ufgtime_plus | val_MSE=0.025863130 | test_MSE=0.078053195 | MAE=0.182411391 | RMSE=0.279380019 | MAPE=57.247583262% | params={'learning_rate': 0.016740632715486044, 'decay_rate': 0.0009464239302512224, 'hidden_size': 32, 'signal_len': 8, 'cheb_order': 3, 's': 5.725104092739914, 'batch_size': 256, 'k': 2}
Trial 728 finished with value 0.263293401 | dataset=ili | model=ufgtime_plus | val_MSE=0.046277389 | test_MSE=0.129573678 | MAE=0.263293401 | RMSE=0.359963439 | MAPE=71.416784768% | params={'learning_rate': 0.017189936884898123, 'decay_rate': 0.0039866896319480545, 'hidden_size': 32, 'signal_len': 8, 'cheb_order': 3, 's': 5.70768117278303, 'batch_size': 256, 'k': 2}
Trial 729 finished with value 0.232744252 | dataset=ili | model=ufgtime_plus | val_MSE=0.031926662 | test_MSE=0.102142503 | MAE=0.232744252 | RMSE=0.319597408 | MAPE=71.339372606% | params={'learning_rate': 0.01475779039889788, 'decay_rate': 0.0022653767085982495, 'hidden_size': 32, 'signal_len': 8, 'cheb_order': 3, 's': 5.705575020271161, 'batch_size': 256, 'k': 2}
Trial 730 finished with value 0.249082027 | dataset=ili | model=ufgtime_plus | val_MSE=0.043032940 | test_MSE=0.120603671 | MAE=0.249082027 | RMSE=0.347280393 | MAPE=65.446276604% | params={'learning_rate': 0.015651616702815774, 'decay_rate': 0.002971455628369573, 'hidden_size': 32, 'signal_len': 8, 'cheb_order': 2, 's': 5.842052389427865, 'batch_size': 256, 'k': 2}
Trial 731 finished with value 0.218657708 | dataset=ili | model=ufgtime_plus | val_MSE=0.037443191 | test_MSE=0.100000460 | MAE=0.218657708 | RMSE=0.316228494 | MAPE=61.006713152% | params={'learning_rate': 0.01738394720185891, 'decay_rate': 0.0018408086711357075, 'hidden_size': 32, 'signal_len': 8, 'cheb_order': 3, 's': 5.606930795360727, 'batch_size': 256, 'k': 2}
Trial 732 finished with value 0.227839959 | dataset=ili | model=ufgtime_plus | val_MSE=0.036395263 | test_MSE=0.105523478 | MAE=0.227839959 | RMSE=0.324843775 | MAPE=56.692436635% | params={'learning_rate': 0.014764017427893125, 'decay_rate': 0.0011470847009484387, 'hidden_size': 32, 'signal_len': 8, 'cheb_order': 3, 's': 5.489701400074691, 'batch_size': 256, 'k': 2}
Trial 733 finished with value 0.222957595 | dataset=ili | model=ufgtime_plus | val_MSE=0.041093789 | test_MSE=0.103754640 | MAE=0.222957595 | RMSE=0.322109671 | MAPE=66.809028001% | params={'learning_rate': 0.016338142338039187, 'decay_rate': 0.0024342490623886124, 'hidden_size': 32, 'signal_len': 8, 'cheb_order': 3, 's': 5.912634565256295, 'batch_size': 256, 'k': 2}
Trial 734 finished with value 0.254182262 | dataset=ili | model=ufgtime_plus | val_MSE=0.043369088 | test_MSE=0.118353071 | MAE=0.254182262 | RMSE=0.344024812 | MAPE=81.089836341% | params={'learning_rate': 0.01556453575526712, 'decay_rate': 0.0036289350848865446, 'hidden_size': 32, 'signal_len': 8, 'cheb_order': 3, 's': 5.229586363607394, 'batch_size': 256, 'k': 2}
Trial 735 finished with value 0.279067552 | dataset=ili | model=ufgtime_plus | val_MSE=0.051169124 | test_MSE=0.142370770 | MAE=0.279067552 | RMSE=0.377320514 | MAPE=74.320172740% | params={'learning_rate': 0.018302669193472308, 'decay_rate': 0.007197252569098119, 'hidden_size': 32, 'signal_len': 8, 'cheb_order': 3, 's': 5.539934724578918, 'batch_size': 256, 'k': 2}
Trial 736 finished with value 0.183547674 | dataset=ili | model=ufgtime_plus | val_MSE=0.025856575 | test_MSE=0.079673352 | MAE=0.183547674 | RMSE=0.282264685 | MAPE=56.174835699% | params={'learning_rate': 0.01739046984350054, 'decay_rate': 0.0009271670455991469, 'hidden_size': 32, 'signal_len': 8, 'cheb_order': 3, 's': 6.012257373154339, 'batch_size': 256, 'k': 2}
Trial 737 finished with value 0.205978694 | dataset=ili | model=ufgtime_plus | val_MSE=0.028703574 | test_MSE=0.087784916 | MAE=0.205978694 | RMSE=0.296285194 | MAPE=62.402178793% | params={'learning_rate': 0.0169788091628705, 'decay_rate': 0.0015165130526856785, 'hidden_size': 32, 'signal_len': 8, 'cheb_order': 3, 's': 6.0306916190891915, 'batch_size': 256, 'k': 2}
Trial 738 finished with value 0.193888650 | dataset=ili | model=ufgtime_plus | val_MSE=0.026156463 | test_MSE=0.079771919 | MAE=0.193888650 | RMSE=0.282439230 | MAPE=64.869516027% | params={'learning_rate': 0.017153574043250613, 'decay_rate': 0.0010232723178476286, 'hidden_size': 32, 'signal_len': 8, 'cheb_order': 3, 's': 5.763491518029757, 'batch_size': 256, 'k': 2}
Trial 739 finished with value 0.240979267 | dataset=ili | model=ufgtime_plus | val_MSE=0.040091861 | test_MSE=0.113063231 | MAE=0.240979267 | RMSE=0.336248764 | MAPE=64.435969894% | params={'learning_rate': 0.01583240314161257, 'decay_rate': 0.0023807779513457528, 'hidden_size': 32, 'signal_len': 8, 'cheb_order': 3, 's': 6.033630305088593, 'batch_size': 256, 'k': 2}
Trial 740 finished with value 0.235267747 | dataset=ili | model=ufgtime_plus | val_MSE=0.035277963 | test_MSE=0.109742686 | MAE=0.235267747 | RMSE=0.331274336 | MAPE=58.943917546% | params={'learning_rate': 0.018483065515494168, 'decay_rate': 0.0014627236037853407, 'hidden_size': 32, 'signal_len': 8, 'cheb_order': 3, 's': 5.962966049414568, 'batch_size': 256, 'k': 2}
Trial 741 finished with value 0.174340182 | dataset=ili | model=ufgtime_plus | val_MSE=0.024273355 | test_MSE=0.071837674 | MAE=0.174340182 | RMSE=0.268025509 | MAPE=59.275270557% | params={'learning_rate': 0.018029912113036985, 'decay_rate': 0.0008855621931904651, 'hidden_size': 32, 'signal_len': 8, 'cheb_order': 3, 's': 5.729109951454187, 'batch_size': 256, 'k': 2}
Trial 742 finished with value 0.314028089 | dataset=ili | model=ufgtime_plus | val_MSE=0.059562325 | test_MSE=0.173681830 | MAE=0.314028089 | RMSE=0.416751521 | MAPE=74.183908906% | params={'learning_rate': 0.01719659252347666, 'decay_rate': 0.02923503969840161, 'hidden_size': 32, 'signal_len': 8, 'cheb_order': 3, 's': 5.688358905088397, 'batch_size': 256, 'k': 2}
Trial 743 finished with value 0.242479061 | dataset=ili | model=ufgtime_plus | val_MSE=0.042283278 | test_MSE=0.117221102 | MAE=0.242479061 | RMSE=0.342375674 | MAPE=68.759262336% | params={'learning_rate': 0.018352730184099768, 'decay_rate': 0.00303351716211873, 'hidden_size': 32, 'signal_len': 8, 'cheb_order': 3, 's': 5.453391655440037, 'batch_size': 256, 'k': 2}
Trial 744 finished with value 0.268154510 | dataset=ili | model=ufgtime_plus | val_MSE=0.046784438 | test_MSE=0.135274119 | MAE=0.268154510 | RMSE=0.367796300 | MAPE=69.939063443% | params={'learning_rate': 0.016756057861484326, 'decay_rate': 0.004871645172283844, 'hidden_size': 32, 'signal_len': 8, 'cheb_order': 3, 's': 5.765894189266353, 'batch_size': 256, 'k': 2}
Trial 745 finished with value 0.296981880 | dataset=ili | model=ufgtime_plus | val_MSE=0.055103865 | test_MSE=0.159117695 | MAE=0.296981880 | RMSE=0.398895594 | MAPE=73.605920478% | params={'learning_rate': 0.018035758669353474, 'decay_rate': 0.010867520740415002, 'hidden_size': 32, 'signal_len': 8, 'cheb_order': 3, 's': 5.826027032840765, 'batch_size': 256, 'k': 2}
Trial 746 finished with value 0.194477722 | dataset=ili | model=ufgtime_plus | val_MSE=0.028757088 | test_MSE=0.085370476 | MAE=0.194477722 | RMSE=0.292182265 | MAPE=54.628511482% | params={'learning_rate': 0.01605458436226457, 'decay_rate': 0.0008295015011555488, 'hidden_size': 32, 'signal_len': 8, 'cheb_order': 3, 's': 5.317509352716073, 'batch_size': 256, 'k': 2}
Trial 747 finished with value 0.239493754 | dataset=ili | model=ufgtime_plus | val_MSE=0.038292821 | test_MSE=0.113328077 | MAE=0.239493754 | RMSE=0.336642358 | MAPE=65.359376240% | params={'learning_rate': 0.017936178933508438, 'decay_rate': 0.002201791077987035, 'hidden_size': 32, 'signal_len': 8, 'cheb_order': 3, 's': 6.233465808207344, 'batch_size': 256, 'k': 2}
Trial 748 finished with value 0.178953452 | dataset=ili | model=ufgtime_plus | val_MSE=0.024466967 | test_MSE=0.074808508 | MAE=0.178953452 | RMSE=0.273511440 | MAPE=54.389471078% | params={'learning_rate': 0.016237350295586258, 'decay_rate': 0.0007732134346025623, 'hidden_size': 32, 'signal_len': 8, 'cheb_order': 3, 's': 5.940885480143766, 'batch_size': 256, 'k': 2}
Trial 749 finished with value 0.215498086 | dataset=ili | model=ufgtime_plus | val_MSE=0.032942995 | test_MSE=0.095667274 | MAE=0.215498086 | RMSE=0.309301267 | MAPE=61.127618355% | params={'learning_rate': 0.014524812214786204, 'decay_rate': 0.0017909335354611916, 'hidden_size': 32, 'signal_len': 8, 'cheb_order': 3, 's': 5.778250665744251, 'batch_size': 256, 'k': 2}
Trial 750 finished with value 0.262842037 | dataset=ili | model=ufgtime_plus | val_MSE=0.045636211 | test_MSE=0.129093288 | MAE=0.262842037 | RMSE=0.359295544 | MAPE=72.499330219% | params={'learning_rate': 0.013613865866360843, 'decay_rate': 0.00369359185301872, 'hidden_size': 32, 'signal_len': 8, 'cheb_order': 2, 's': 5.552388397931174, 'batch_size': 256, 'k': 2}
Trial 751 finished with value 0.181205058 | dataset=ili | model=ufgtime_plus | val_MSE=0.026596986 | test_MSE=0.078454833 | MAE=0.181205058 | RMSE=0.280097900 | MAPE=56.819439764% | params={'learning_rate': 0.016206773448984108, 'decay_rate': 0.000820344649839038, 'hidden_size': 32, 'signal_len': 8, 'cheb_order': 3, 's': 5.643987894552859, 'batch_size': 256, 'k': 2}
Trial 752 finished with value 0.191646485 | dataset=ili | model=ufgtime_plus | val_MSE=0.025193125 | test_MSE=0.081131426 | MAE=0.191646485 | RMSE=0.284835787 | MAPE=53.564827242% | params={'learning_rate': 0.015171048165875747, 'decay_rate': 0.0007603766679887715, 'hidden_size': 32, 'signal_len': 8, 'cheb_order': 3, 's': 5.529727884261113, 'batch_size': 256, 'k': 2}
Trial 753 finished with value 0.206817039 | dataset=ili | model=ufgtime_plus | val_MSE=0.027647808 | test_MSE=0.087852838 | MAE=0.206817039 | RMSE=0.296399794 | MAPE=56.368508009% | params={'learning_rate': 0.01713956872488354, 'decay_rate': 7.886236736992774e-05, 'hidden_size': 32, 'signal_len': 8, 'cheb_order': 3, 's': 5.411590994024224, 'batch_size': 256, 'k': 2}
Trial 754 finished with value 0.240142857 | dataset=ili | model=ufgtime_plus | val_MSE=0.027225465 | test_MSE=0.113293751 | MAE=0.240142857 | RMSE=0.336591370 | MAPE=63.601620205% | params={'learning_rate': 0.016876894803756638, 'decay_rate': 1.7509627517512316e-05, 'hidden_size': 32, 'signal_len': 8, 'cheb_order': 3, 's': 5.666371847050753, 'batch_size': 256, 'k': 4}
Trial 755 finished with value 0.231773260 | dataset=ili | model=ufgtime_plus | val_MSE=0.039415456 | test_MSE=0.108462317 | MAE=0.231773260 | RMSE=0.329336176 | MAPE=63.181994266% | params={'learning_rate': 0.01628573969477149, 'decay_rate': 0.0025330766362987246, 'hidden_size': 32, 'signal_len': 8, 'cheb_order': 3, 's': 5.2564441601083045, 'batch_size': 256, 'k': 5}
Trial 756 finished with value 0.220539364 | dataset=ili | model=ufgtime_plus | val_MSE=0.034780517 | test_MSE=0.101091565 | MAE=0.220539364 | RMSE=0.317948997 | MAPE=61.137726822% | params={'learning_rate': 0.01583165035160258, 'decay_rate': 0.0016167418083915149, 'hidden_size': 32, 'signal_len': 8, 'cheb_order': 3, 's': 5.789452320660464, 'batch_size': 256, 'k': 2}
Trial 757 finished with value 0.221874894 | dataset=ili | model=ufgtime_plus | val_MSE=0.033610363 | test_MSE=0.101454108 | MAE=0.221874894 | RMSE=0.318518614 | MAPE=54.763725723% | params={'learning_rate': 0.013786130664252778, 'decay_rate': 0.000877915230887111, 'hidden_size': 32, 'signal_len': 8, 'cheb_order': 3, 's': 6.007315162436077, 'batch_size': 256, 'k': 2}
Trial 758 finished with value 0.234858780 | dataset=ili | model=ufgtime_plus | val_MSE=0.040174179 | test_MSE=0.110462379 | MAE=0.234858780 | RMSE=0.332358810 | MAPE=66.458120354% | params={'learning_rate': 0.016169691182009113, 'decay_rate': 0.002203528334668728, 'hidden_size': 64, 'signal_len': 8, 'cheb_order': 3, 's': 5.524223348758571, 'batch_size': 256, 'k': 2}
Trial 759 finished with value 0.246949050 | dataset=ili | model=ufgtime_plus | val_MSE=0.042665873 | test_MSE=0.118682854 | MAE=0.246949050 | RMSE=0.344503779 | MAPE=67.536076410% | params={'learning_rate': 0.01638358170340537, 'decay_rate': 0.00301276565036729, 'hidden_size': 32, 'signal_len': 8, 'cheb_order': 3, 's': 5.8452241391637525, 'batch_size': 256, 'k': 2}
Trial 760 finished with value 0.188290832 | dataset=ili | model=ufgtime_plus | val_MSE=0.027268924 | test_MSE=0.080936432 | MAE=0.188290832 | RMSE=0.284493289 | MAPE=55.352558559% | params={'learning_rate': 0.014925174322199848, 'decay_rate': 0.0008346984408464798, 'hidden_size': 32, 'signal_len': 8, 'cheb_order': 3, 's': 6.016714529950169, 'batch_size': 256, 'k': 2}
Trial 761 finished with value 0.216494771 | dataset=ili | model=ufgtime_plus | val_MSE=0.036599476 | test_MSE=0.099418636 | MAE=0.216494771 | RMSE=0.315307209 | MAPE=58.706797828% | params={'learning_rate': 0.017470838674598456, 'decay_rate': 0.0016033985050000557, 'hidden_size': 32, 'signal_len': 8, 'cheb_order': 3, 's': 5.709844080591847, 'batch_size': 256, 'k': 2}
Trial 762 finished with value 0.190006907 | dataset=ili | model=ufgtime_plus | val_MSE=0.027108038 | test_MSE=0.082359371 | MAE=0.190006907 | RMSE=0.286983224 | MAPE=55.355463493% | params={'learning_rate': 0.015756341947695335, 'decay_rate': 0.0008718857238230063, 'hidden_size': 32, 'signal_len': 8, 'cheb_order': 3, 's': 6.206753752751446, 'batch_size': 256, 'k': 2}
Trial 763 finished with value 0.228913312 | dataset=ili | model=ufgtime_plus | val_MSE=0.038781770 | test_MSE=0.107764643 | MAE=0.228913312 | RMSE=0.328275255 | MAPE=63.719956745% | params={'learning_rate': 0.016858983476761583, 'decay_rate': 0.002276177151870888, 'hidden_size': 32, 'signal_len': 8, 'cheb_order': 3, 's': 5.126742983702569, 'batch_size': 256, 'k': 2}
Trial 764 finished with value 0.261847726 | dataset=ili | model=ufgtime_plus | val_MSE=0.045919009 | test_MSE=0.128746022 | MAE=0.261847726 | RMSE=0.358811959 | MAPE=71.993632024% | params={'learning_rate': 0.017941385568245847, 'decay_rate': 0.004150527882948734, 'hidden_size': 32, 'signal_len': 8, 'cheb_order': 3, 's': 5.366371417473294, 'batch_size': 256, 'k': 2}
Trial 765 finished with value 0.192537741 | dataset=ili | model=ufgtime_plus | val_MSE=0.018495997 | test_MSE=0.077453907 | MAE=0.192537741 | RMSE=0.278305420 | MAPE=67.985981233% | params={'learning_rate': 0.014602633216697988, 'decay_rate': 5.65655619509329e-05, 'hidden_size': 32, 'signal_len': 8, 'cheb_order': 3, 's': 5.559901575345657, 'batch_size': 16, 'k': 2}
