Trial 884 finished with value 0.181462176 | dataset=ili | model=ufgtime_plus | val_MSE=0.024794003 | test_MSE=0.076661406 | MAE=0.181462176 | RMSE=0.276877963 | MAPE=58.586863673% | params={'learning_rate': 0.020875442968363567, 'decay_rate': 0.0007801816549529029, 'hidden_size': 32, 'signal_len': 8, 'cheb_order': 3, 's': 5.4814301318781045, 'batch_size': 256, 'k': 2}
Trial 885 finished with value 0.203268363 | dataset=ili | model=ufgtime_plus | val_MSE=0.028781710 | test_MSE=0.088001008 | MAE=0.203268363 | RMSE=0.296649638 | MAPE=70.263692526% | params={'learning_rate': 0.020580073420696624, 'decay_rate': 0.0018097670723719386, 'hidden_size': 32, 'signal_len': 8, 'cheb_order': 3, 's': 7.853060298620143, 'batch_size': 256, 'k': 2}
Trial 886 finished with value 0.289831868 | dataset=ili | model=ufgtime_plus | val_MSE=0.051009255 | test_MSE=0.149886577 | MAE=0.289831868 | RMSE=0.387151878 | MAPE=76.762446932% | params={'learning_rate': 0.019185367075763207, 'decay_rate': 0.017240794090930718, 'hidden_size': 32, 'signal_len': 8, 'cheb_order': 3, 's': 5.4703890018191075, 'batch_size': 128, 'k': 2}
Trial 887 finished with value 0.254066176 | dataset=ili | model=ufgtime_plus | val_MSE=0.041904137 | test_MSE=0.114742627 | MAE=0.254066176 | RMSE=0.338736811 | MAPE=82.950880771% | params={'learning_rate': 0.020890984386677306, 'decay_rate': 0.00322735699959087, 'hidden_size': 16, 'signal_len': 8, 'cheb_order': 3, 's': 6.549373314268671, 'batch_size': 256, 'k': 2}
Trial 888 finished with value 0.194897634 | dataset=ili | model=ufgtime_plus | val_MSE=0.029278362 | test_MSE=0.085987894 | MAE=0.194897634 | RMSE=0.293236925 | MAPE=53.950329203% | params={'learning_rate': 0.017677604830794887, 'decay_rate': 0.0008878896005988243, 'hidden_size': 32, 'signal_len': 8, 'cheb_order': 3, 's': 5.296537063375642, 'batch_size': 256, 'k': 2}
Trial 889 finished with value 0.198864702 | dataset=ili | model=ufgtime_plus | val_MSE=0.028136207 | test_MSE=0.081669016 | MAE=0.198864702 | RMSE=0.285777913 | MAPE=56.094969517% | params={'learning_rate': 0.01980664274578624, 'decay_rate': 3.158611029459074e-05, 'hidden_size': 32, 'signal_len': 8, 'cheb_order': 3, 's': 5.562610562506197, 'batch_size': 256, 'k': 2}
Trial 890 finished with value 0.239848480 | dataset=ili | model=ufgtime_plus | val_MSE=0.040552858 | test_MSE=0.111234809 | MAE=0.239848480 | RMSE=0.333518829 | MAPE=68.224076233% | params={'learning_rate': 0.018754036225272306, 'decay_rate': 0.0023370271290797497, 'hidden_size': 64, 'signal_len': 8, 'cheb_order': 3, 's': 6.2859402093747425, 'batch_size': 16, 'k': 2}
Trial 891 finished with value 0.212240800 | dataset=ili | model=ufgtime_plus | val_MSE=0.037872535 | test_MSE=0.098166867 | MAE=0.212240800 | RMSE=0.313315921 | MAPE=61.582133456% | params={'learning_rate': 0.020949160447905943, 'decay_rate': 0.001520362526159785, 'hidden_size': 32, 'signal_len': 8, 'cheb_order': 3, 's': 5.903059222559415, 'batch_size': 128, 'k': 2}
Trial 892 finished with value 0.199523103 | dataset=ili | model=ufgtime_plus | val_MSE=0.025507775 | test_MSE=0.084241425 | MAE=0.199523103 | RMSE=0.290243734 | MAPE=66.063061833% | params={'learning_rate': 0.01762990092665594, 'decay_rate': 0.0010445726660248662, 'hidden_size': 16, 'signal_len': 8, 'cheb_order': 3, 's': 5.674731296027837, 'batch_size': 64, 'k': 4}
Trial 893 finished with value 0.250958112 | dataset=ili | model=ufgtime_plus | val_MSE=0.043963525 | test_MSE=0.122252900 | MAE=0.250958112 | RMSE=0.349646821 | MAPE=72.705224666% | params={'learning_rate': 0.034096081018237974, 'decay_rate': 0.0038707038828868544, 'hidden_size': 32, 'signal_len': 8, 'cheb_order': 3, 's': 5.976931390676655, 'batch_size': 256, 'k': 2}
Trial 894 finished with value 0.219141039 | dataset=ili | model=ufgtime_plus | val_MSE=0.032642055 | test_MSE=0.096628510 | MAE=0.219141039 | RMSE=0.310851266 | MAPE=63.657288398% | params={'learning_rate': 0.01994210841840548, 'decay_rate': 0.0025603007696651378, 'hidden_size': 32, 'signal_len': 8, 'cheb_order': 3, 's': 5.757984710190859, 'batch_size': 256, 'k': 2}
Trial 895 finished with value 0.186218331 | dataset=ili | model=ufgtime_plus | val_MSE=0.025459485 | test_MSE=0.080128674 | MAE=0.186218331 | RMSE=0.283070086 | MAPE=60.640209560% | params={'learning_rate': 0.02310938462378926, 'decay_rate': 0.0008880360518782736, 'hidden_size': 32, 'signal_len': 8, 'cheb_order': 3, 's': 5.519312804144623, 'batch_size': 256, 'k': 2}
Trial 896 finished with value 0.210095053 | dataset=ili | model=ufgtime_plus | val_MSE=0.028648108 | test_MSE=0.088392111 | MAE=0.210095053 | RMSE=0.297308108 | MAPE=73.893082951% | params={'learning_rate': 0.01860931430001826, 'decay_rate': 0.0019312003154839774, 'hidden_size': 16, 'signal_len': 8, 'cheb_order': 3, 's': 6.391363729130833, 'batch_size': 256, 'k': 2}
Trial 897 finished with value 0.185395343 | dataset=ili | model=ufgtime_plus | val_MSE=0.025345894 | test_MSE=0.077003909 | MAE=0.185395343 | RMSE=0.277495783 | MAPE=69.118134751% | params={'learning_rate': 0.03567484820782884, 'decay_rate': 0.0008647447901167148, 'hidden_size': 32, 'signal_len': 8, 'cheb_order': 3, 's': 5.933158828488122, 'batch_size': 128, 'k': 2}
Trial 898 finished with value 0.243238977 | dataset=ili | model=ufgtime_plus | val_MSE=0.042505819 | test_MSE=0.117408535 | MAE=0.243238977 | RMSE=0.342649288 | MAPE=69.536277457% | params={'learning_rate': 0.03067974709579068, 'decay_rate': 0.002995043167691855, 'hidden_size': 32, 'signal_len': 8, 'cheb_order': 3, 's': 3.5040648857934684, 'batch_size': 256, 'k': 3}
Trial 899 finished with value 0.214092343 | dataset=ili | model=ufgtime_plus | val_MSE=0.028716711 | test_MSE=0.095010924 | MAE=0.214092343 | RMSE=0.308238420 | MAPE=56.031145549% | params={'learning_rate': 0.016169379550293593, 'decay_rate': 8.559236224909325e-05, 'hidden_size': 32, 'signal_len': 8, 'cheb_order': 3, 's': 5.381337483496404, 'batch_size': 256, 'k': 2}
Trial 900 finished with value 0.206283074 | dataset=ili | model=ufgtime_plus | val_MSE=0.030103754 | test_MSE=0.088348813 | MAE=0.206283074 | RMSE=0.297235282 | MAPE=57.111065727% | params={'learning_rate': 0.04567116554802671, 'decay_rate': 4.231570567736541e-05, 'hidden_size': 32, 'signal_len': 8, 'cheb_order': 3, 's': 6.181273689480723, 'batch_size': 256, 'k': 2}
Trial 901 finished with value 0.223814250 | dataset=ili | model=ufgtime_plus | val_MSE=0.034822891 | test_MSE=0.095697267 | MAE=0.223814250 | RMSE=0.309349748 | MAPE=68.477393947% | params={'learning_rate': 0.02136336780269366, 'decay_rate': 0.001705377632174123, 'hidden_size': 16, 'signal_len': 8, 'cheb_order': 3, 's': 5.786780423983753, 'batch_size': 16, 'k': 2}
Trial 902 finished with value 0.244423394 | dataset=ili | model=ufgtime_plus | val_MSE=0.040727060 | test_MSE=0.110699852 | MAE=0.244423394 | RMSE=0.332715872 | MAPE=78.295610558% | params={'learning_rate': 0.022531601878626264, 'decay_rate': 0.0040759553003768, 'hidden_size': 64, 'signal_len': 8, 'cheb_order': 2, 's': 6.097928215777028, 'batch_size': 128, 'k': 2}
Trial 903 finished with value 0.200358478 | dataset=ili | model=ufgtime_plus | val_MSE=0.025820421 | test_MSE=0.082138369 | MAE=0.200358478 | RMSE=0.286597922 | MAPE=67.425704469% | params={'learning_rate': 0.03479192950625119, 'decay_rate': 0.0016546114723016434, 'hidden_size': 32, 'signal_len': 16, 'cheb_order': 3, 's': 6.301416718430091, 'batch_size': 256, 'k': 2}
Trial 904 finished with value 0.199231293 | dataset=ili | model=ufgtime_plus | val_MSE=0.028082505 | test_MSE=0.081823669 | MAE=0.199231293 | RMSE=0.286048367 | MAPE=56.242309282% | params={'learning_rate': 0.019691913593468457, 'decay_rate': 2.9189187207654104e-05, 'hidden_size': 32, 'signal_len': 8, 'cheb_order': 3, 's': 4.199169177493272, 'batch_size': 256, 'k': 2}
Trial 905 finished with value 0.234875773 | dataset=ili | model=ufgtime_plus | val_MSE=0.040707875 | test_MSE=0.112037771 | MAE=0.234875773 | RMSE=0.334720437 | MAPE=66.668960693% | params={'learning_rate': 0.017991764196966548, 'decay_rate': 0.002560352561097991, 'hidden_size': 32, 'signal_len': 8, 'cheb_order': 3, 's': 5.6541816417340645, 'batch_size': 256, 'k': 2}
Trial 906 finished with value 0.187123272 | dataset=ili | model=ufgtime_plus | val_MSE=0.025459310 | test_MSE=0.077158711 | MAE=0.187123272 | RMSE=0.277774568 | MAPE=64.855505391% | params={'learning_rate': 0.023652227195224564, 'decay_rate': 0.0010647052475609947, 'hidden_size': 16, 'signal_len': 8, 'cheb_order': 3, 's': 7.577544970701098, 'batch_size': 256, 'k': 2}
Trial 907 finished with value 0.215640781 | dataset=ili | model=ufgtime_plus | val_MSE=0.036719015 | test_MSE=0.096765206 | MAE=0.215640781 | RMSE=0.311071062 | MAPE=66.832282578% | params={'learning_rate': 0.03607386443210292, 'decay_rate': 0.0017570046144870168, 'hidden_size': 32, 'signal_len': 8, 'cheb_order': 3, 's': 6.572076063126114, 'batch_size': 128, 'k': 2}
Trial 908 finished with value 0.197978752 | dataset=ili | model=ufgtime_plus | val_MSE=0.024726203 | test_MSE=0.079789348 | MAE=0.197978752 | RMSE=0.282470083 | MAPE=67.590755806% | params={'learning_rate': 0.0434751433128667, 'decay_rate': 0.0008807792036804824, 'hidden_size': 32, 'signal_len': 8, 'cheb_order': 3, 's': 3.4134323917084584, 'batch_size': 256, 'k': 2}
Trial 909 finished with value 0.212053258 | dataset=ili | model=ufgtime_plus | val_MSE=0.028850636 | test_MSE=0.088204252 | MAE=0.212053258 | RMSE=0.296992007 | MAPE=79.364851510% | params={'learning_rate': 0.03350742525919305, 'decay_rate': 0.002975887902959268, 'hidden_size': 32, 'signal_len': 8, 'cheb_order': 3, 's': 3.8904327709306354, 'batch_size': 256, 'k': 2}
Trial 910 finished with value 0.182049883 | dataset=ili | model=ufgtime_plus | val_MSE=0.024364443 | test_MSE=0.075000861 | MAE=0.182049883 | RMSE=0.273862850 | MAPE=60.642689162% | params={'learning_rate': 0.04750298852860055, 'decay_rate': 0.0008436002983968221, 'hidden_size': 16, 'signal_len': 8, 'cheb_order': 3, 's': 5.2475824834466565, 'batch_size': 256, 'k': 2}
Trial 911 finished with value 0.190332569 | dataset=ili | model=ufgtime_plus | val_MSE=0.025598552 | test_MSE=0.079795475 | MAE=0.190332569 | RMSE=0.282480929 | MAPE=65.840434716% | params={'learning_rate': 0.042049451168627565, 'decay_rate': 0.0009168880890187923, 'hidden_size': 16, 'signal_len': 8, 'cheb_order': 3, 's': 5.233356990010371, 'batch_size': 256, 'k': 2}
Trial 912 finished with value 0.223575983 | dataset=ili | model=ufgtime_plus | val_MSE=0.040310110 | test_MSE=0.102551466 | MAE=0.223575983 | RMSE=0.320236578 | MAPE=75.860438467% | params={'learning_rate': 0.047882276292499124, 'decay_rate': 0.0021976936399760597, 'hidden_size': 16, 'signal_len': 8, 'cheb_order': 3, 's': 5.580544355114938, 'batch_size': 16, 'k': 2}
Trial 913 finished with value 0.205728297 | dataset=ili | model=ufgtime_plus | val_MSE=0.019981212 | test_MSE=0.081740073 | MAE=0.205728297 | RMSE=0.285902210 | MAPE=81.925422076% | params={'learning_rate': 0.046143027114199035, 'decay_rate': 4.0943159247656285e-05, 'hidden_size': 16, 'signal_len': 8, 'cheb_order': 3, 's': 5.343374288845183, 'batch_size': 128, 'k': 2}
Trial 914 finished with value 0.202462469 | dataset=ili | model=ufgtime_plus | val_MSE=0.028274544 | test_MSE=0.085170853 | MAE=0.202462469 | RMSE=0.291840458 | MAPE=71.239229413% | params={'learning_rate': 0.04826725594357843, 'decay_rate': 0.0017540383370468838, 'hidden_size': 16, 'signal_len': 8, 'cheb_order': 3, 's': 5.444812644706701, 'batch_size': 256, 'k': 2}
Trial 915 finished with value 0.212935253 | dataset=ili | model=ufgtime_plus | val_MSE=0.030273639 | test_MSE=0.090093782 | MAE=0.212935253 | RMSE=0.300156262 | MAPE=76.283462257% | params={'learning_rate': 0.044462935964587655, 'decay_rate': 0.003501456647365249, 'hidden_size': 16, 'signal_len': 8, 'cheb_order': 3, 's': 5.440847248624446, 'batch_size': 256, 'k': 2}
Trial 916 finished with value 0.231866350 | dataset=ili | model=ufgtime_plus | val_MSE=0.042768245 | test_MSE=0.108936292 | MAE=0.231866350 | RMSE=0.330054984 | MAPE=74.857357907% | params={'learning_rate': 0.03234261617634937, 'decay_rate': 0.004951104596961006, 'hidden_size': 16, 'signal_len': 8, 'cheb_order': 3, 's': 5.562370186789483, 'batch_size': 64, 'k': 2}
Trial 917 finished with value 0.186609911 | dataset=ili | model=ufgtime_plus | val_MSE=0.025102295 | test_MSE=0.076960349 | MAE=0.186609911 | RMSE=0.277417283 | MAPE=62.722930035% | params={'learning_rate': 0.048590765503841546, 'decay_rate': 0.0008387042258245764, 'hidden_size': 16, 'signal_len': 8, 'cheb_order': 3, 's': 5.1554903202828735, 'batch_size': 256, 'k': 2}
Trial 918 finished with value 0.265793693 | dataset=ili | model=ufgtime_plus | val_MSE=0.020281954 | test_MSE=0.117973621 | MAE=0.265793693 | RMSE=0.343472882 | MAPE=117.563488459% | params={'learning_rate': 0.04860108962689577, 'decay_rate': 1.1946575684484984e-05, 'hidden_size': 16, 'signal_len': 8, 'cheb_order': 3, 's': 5.715895139696916, 'batch_size': 128, 'k': 2}
Trial 919 finished with value 0.214844561 | dataset=ili | model=ufgtime_plus | val_MSE=0.027301887 | test_MSE=0.085608596 | MAE=0.214844561 | RMSE=0.292589467 | MAPE=82.156417810% | params={'learning_rate': 0.04550277886002148, 'decay_rate': 0.0024049915378529345, 'hidden_size': 16, 'signal_len': 8, 'cheb_order': 3, 's': 5.094590107344274, 'batch_size': 256, 'k': 2}
Trial 920 finished with value 0.198366502 | dataset=ili | model=ufgtime_plus | val_MSE=0.026760511 | test_MSE=0.082146685 | MAE=0.198366502 | RMSE=0.286612429 | MAPE=73.913898328% | params={'learning_rate': 0.043273148986167485, 'decay_rate': 0.0017130449379443298, 'hidden_size': 16, 'signal_len': 8, 'cheb_order': 3, 's': 5.289684535653014, 'batch_size': 256, 'k': 2}
Trial 921 finished with value 0.196051815 | dataset=ili | model=ufgtime_plus | val_MSE=0.024757260 | test_MSE=0.085129256 | MAE=0.196051815 | RMSE=0.291769183 | MAPE=58.186671485% | params={'learning_rate': 0.049094575222866345, 'decay_rate': 0.000822780350892524, 'hidden_size': 16, 'signal_len': 8, 'cheb_order': 3, 's': 5.80914879290445, 'batch_size': 256, 'k': 2}
Trial 922 finished with value 0.242607177 | dataset=ili | model=ufgtime_plus | val_MSE=0.039134260 | test_MSE=0.108510316 | MAE=0.242607177 | RMSE=0.329409041 | MAPE=82.265841728% | params={'learning_rate': 0.04690190204061121, 'decay_rate': 0.0028361889601051264, 'hidden_size': 16, 'signal_len': 16, 'cheb_order': 2, 's': 5.5064952301540515, 'batch_size': 256, 'k': 5}
Trial 923 finished with value 0.258063576 | dataset=ili | model=ufgtime_plus | val_MSE=0.047664600 | test_MSE=0.126559244 | MAE=0.258063576 | RMSE=0.355751660 | MAPE=78.818665480% | params={'learning_rate': 0.03539503971312099, 'decay_rate': 0.014023621617960025, 'hidden_size': 16, 'signal_len': 8, 'cheb_order': 3, 's': 5.886194808309647, 'batch_size': 128, 'k': 2}
Trial 924 finished with value 0.227300538 | dataset=ili | model=ufgtime_plus | val_MSE=0.022092333 | test_MSE=0.092837601 | MAE=0.227300538 | RMSE=0.304692634 | MAPE=95.999869310% | params={'learning_rate': 0.04920552397843349, 'decay_rate': 1.6417224473411663e-05, 'hidden_size': 16, 'signal_len': 8, 'cheb_order': 3, 's': 5.136451077534145, 'batch_size': 256, 'k': 2}
Trial 925 finished with value 0.234822104 | dataset=ili | model=ufgtime_plus | val_MSE=0.036923401 | test_MSE=0.112785867 | MAE=0.234822104 | RMSE=0.335836072 | MAPE=66.586558990% | params={'learning_rate': 0.001869053385209968, 'decay_rate': 0.001604963488569098, 'hidden_size': 16, 'signal_len': 8, 'cheb_order': 3, 's': 5.7284304637221855, 'batch_size': 256, 'k': 2}
Trial 926 finished with value 0.188673760 | dataset=ili | model=ufgtime_plus | val_MSE=0.025500949 | test_MSE=0.079269616 | MAE=0.188673760 | RMSE=0.281548603 | MAPE=62.101822336% | params={'learning_rate': 0.03659355788585296, 'decay_rate': 0.0009107932913143648, 'hidden_size': 16, 'signal_len': 8, 'cheb_order': 3, 's': 6.023776223148996, 'batch_size': 256, 'k': 2}
Trial 927 finished with value 0.249963002 | dataset=ili | model=ufgtime_plus | val_MSE=0.044382798 | test_MSE=0.122841796 | MAE=0.249963002 | RMSE=0.350487940 | MAPE=69.515603888% | params={'learning_rate': 0.01700908398018369, 'decay_rate': 0.0037474121360259677, 'hidden_size': 16, 'signal_len': 8, 'cheb_order': 3, 's': 5.299365691681844, 'batch_size': 16, 'k': 2}
Trial 928 finished with value 0.210928476 | dataset=ili | model=ufgtime_plus | val_MSE=0.036369881 | test_MSE=0.093589381 | MAE=0.210928476 | RMSE=0.305923815 | MAPE=71.621489389% | params={'learning_rate': 0.04710443505250856, 'decay_rate': 0.0020876987467619698, 'hidden_size': 64, 'signal_len': 8, 'cheb_order': 3, 's': 5.623035057319194, 'batch_size': 128, 'k': 2}
Trial 929 finished with value 0.186526707 | dataset=ili | model=ufgtime_plus | val_MSE=0.025505135 | test_MSE=0.080338243 | MAE=0.186526707 | RMSE=0.283440017 | MAPE=60.274758101% | params={'learning_rate': 0.015270675975515124, 'decay_rate': 0.0008581586470255306, 'hidden_size': 16, 'signal_len': 8, 'cheb_order': 3, 's': 5.448119365331317, 'batch_size': 256, 'k': 2}
Trial 930 finished with value 0.222325435 | dataset=ili | model=ufgtime_plus | val_MSE=0.031776767 | test_MSE=0.098241717 | MAE=0.222325435 | RMSE=0.313435347 | MAPE=65.696706215% | params={'learning_rate': 0.009995560224060084, 'decay_rate': 0.001666487550603328, 'hidden_size': 16, 'signal_len': 8, 'cheb_order': 3, 's': 5.916611217766756, 'batch_size': 256, 'k': 2}
Trial 931 finished with value 0.210888031 | dataset=ili | model=ufgtime_plus | val_MSE=0.027487716 | test_MSE=0.090680434 | MAE=0.210888031 | RMSE=0.301131922 | MAPE=73.772716848% | params={'learning_rate': 0.031618708896636226, 'decay_rate': 0.002837411405791237, 'hidden_size': 16, 'signal_len': 8, 'cheb_order': 3, 's': 3.6331864415365307, 'batch_size': 256, 'k': 3}
Trial 932 finished with value 0.192580190 | dataset=ili | model=ufgtime_plus | val_MSE=0.024356245 | test_MSE=0.074448308 | MAE=0.192580190 | RMSE=0.272852172 | MAPE=78.882191282% | params={'learning_rate': 0.03340216335652143, 'decay_rate': 0.0008746959391660047, 'hidden_size': 16, 'signal_len': 8, 'cheb_order': 3, 's': 5.645176029774546, 'batch_size': 32, 'k': 2}
Trial 933 finished with value 0.204411105 | dataset=ili | model=ufgtime_plus | val_MSE=0.028948026 | test_MSE=0.086760070 | MAE=0.204411105 | RMSE=0.294550624 | MAPE=73.647143781% | params={'learning_rate': 0.03465122507471088, 'decay_rate': 0.0023592265530487594, 'hidden_size': 64, 'signal_len': 8, 'cheb_order': 3, 's': 6.012469599154992, 'batch_size': 256, 'k': 2}
Trial 934 finished with value 0.203264841 | dataset=ili | model=ufgtime_plus | val_MSE=0.027298568 | test_MSE=0.082737654 | MAE=0.203264841 | RMSE=0.287641537 | MAPE=82.920854915% | params={'learning_rate': 0.047145305840455426, 'decay_rate': 0.001628695205053737, 'hidden_size': 16, 'signal_len': 8, 'cheb_order': 3, 's': 5.810768244345599, 'batch_size': 128, 'k': 2}
Trial 935 finished with value 0.186971587 | dataset=ili | model=ufgtime_plus | val_MSE=0.024970712 | test_MSE=0.078683974 | MAE=0.186971587 | RMSE=0.280506638 | MAPE=61.456639845% | params={'learning_rate': 0.04460298203997667, 'decay_rate': 0.0009440349819611169, 'hidden_size': 32, 'signal_len': 8, 'cheb_order': 3, 's': 6.2835010330449546, 'batch_size': 256, 'k': 2}
Trial 936 finished with value 0.390487678 | dataset=ili | model=ufgtime_plus | val_MSE=0.076641046 | test_MSE=0.289426267 | MAE=0.390487678 | RMSE=0.537983520 | MAPE=62.503612352% | params={'learning_rate': 0.016342289057454575, 'decay_rate': 0.04756603687355089, 'hidden_size': 32, 'signal_len': 8, 'cheb_order': 3, 's': 3.7854497583983218, 'batch_size': 256, 'k': 4}
Trial 937 finished with value 0.246006028 | dataset=ili | model=ufgtime_plus | val_MSE=0.016145137 | test_MSE=0.103188030 | MAE=0.246006028 | RMSE=0.321228936 | MAPE=118.468493390% | params={'learning_rate': 0.01844811001136132, 'decay_rate': 2.525051820139292e-05, 'hidden_size': 16, 'signal_len': 8, 'cheb_order': 3, 's': 6.161027658696251, 'batch_size': 16, 'k': 2}
Trial 938 finished with value 0.238005862 | dataset=ili | model=ufgtime_plus | val_MSE=0.041639946 | test_MSE=0.112073959 | MAE=0.238005862 | RMSE=0.334774490 | MAPE=73.580162572% | params={'learning_rate': 0.01374903976191033, 'decay_rate': 0.0035305283057875886, 'hidden_size': 32, 'signal_len': 8, 'cheb_order': 3, 's': 4.07678278793428, 'batch_size': 64, 'k': 2}
Trial 939 finished with value 0.186539212 | dataset=ili | model=ufgtime_plus | val_MSE=0.026588008 | test_MSE=0.078349389 | MAE=0.186539212 | RMSE=0.279909609 | MAPE=64.225856849% | params={'learning_rate': 0.03649528069887867, 'decay_rate': 0.0016557645623711688, 'hidden_size': 32, 'signal_len': 8, 'cheb_order': 3, 's': 5.461987528595101, 'batch_size': 256, 'k': 2}
Trial 940 finished with value 0.242598957 | dataset=ili | model=ufgtime_plus | val_MSE=0.042168998 | test_MSE=0.111193922 | MAE=0.242598957 | RMSE=0.333457527 | MAPE=84.119776302% | params={'learning_rate': 0.017711137812228533, 'decay_rate': 0.00453953875322205, 'hidden_size': 64, 'signal_len': 8, 'cheb_order': 3, 's': 5.812313188453109, 'batch_size': 32, 'k': 2}
Trial 941 finished with value 0.222014723 | dataset=ili | model=ufgtime_plus | val_MSE=0.021426185 | test_MSE=0.092986216 | MAE=0.222014723 | RMSE=0.304936414 | MAPE=68.431911813% | params={'learning_rate': 0.0030503246425997027, 'decay_rate': 4.2326210771600884e-05, 'hidden_size': 32, 'signal_len': 16, 'cheb_order': 2, 's': 3.9811502393993443, 'batch_size': 128, 'k': 2}
Trial 942 finished with value 0.209208961 | dataset=ili | model=ufgtime_plus | val_MSE=0.029127289 | test_MSE=0.085854238 | MAE=0.209208961 | RMSE=0.293008938 | MAPE=77.336061606% | params={'learning_rate': 0.03545168052460667, 'decay_rate': 0.002648238625293726, 'hidden_size': 16, 'signal_len': 8, 'cheb_order': 3, 's': 5.2593109884426115, 'batch_size': 256, 'k': 2}
