Trial 0 finished with value 0.310841985 | dataset=ili | model=ufgtime_plus | val_MSE=0.058462830 | test_MSE=0.158068995 | MAE=0.310841985 | RMSE=0.397578917 | MAPE=96.336963305% | params={'learning_rate': 0.027445187061326964, 'decay_rate': 0.03576231642495725, 'hidden_size': 16, 'signal_len': 8, 'cheb_order': 3, 's': 4.512629517549422, 'batch_size': 128, 'k': 2}
Trial 1 finished with value 0.397345038 | dataset=ili | model=ufgtime_plus | val_MSE=0.062330679 | test_MSE=0.299885751 | MAE=0.397345038 | RMSE=0.547618253 | MAPE=69.847534518% | params={'learning_rate': 0.0010207176880418828, 'decay_rate': 0.04163266607894142, 'hidden_size': 64, 'signal_len': 8, 'cheb_order': 2, 's': 6.795297089814962, 'batch_size': 32, 'k': 5}
Trial 2 finished with value 0.295601463 | dataset=ili | model=ufgtime_plus | val_MSE=0.051818377 | test_MSE=0.158836765 | MAE=0.295601463 | RMSE=0.398543304 | MAPE=72.920429212% | params={'learning_rate': 0.02281295510750526, 'decay_rate': 0.02842601310394374, 'hidden_size': 32, 'signal_len': 16, 'cheb_order': 2, 's': 4.989584388814139, 'batch_size': 16, 'k': 2}
Trial 3 finished with value 0.307146960 | dataset=ili | model=ufgtime_plus | val_MSE=0.053605597 | test_MSE=0.174440959 | MAE=0.307146960 | RMSE=0.417661297 | MAPE=67.621206506% | params={'learning_rate': 0.01577826326269995, 'decay_rate': 0.018191901439421704, 'hidden_size': 64, 'signal_len': 16, 'cheb_order': 3, 's': 3.354295262604061, 'batch_size': 256, 'k': 2}
Trial 4 finished with value 0.290460764 | dataset=ili | model=ufgtime_plus | val_MSE=0.049197778 | test_MSE=0.148100937 | MAE=0.290460764 | RMSE=0.384838846 | MAPE=80.471013934% | params={'learning_rate': 0.009837152260385874, 'decay_rate': 0.018442571281341594, 'hidden_size': 64, 'signal_len': 16, 'cheb_order': 3, 's': 6.4831251257309095, 'batch_size': 16, 'k': 2}
Trial 5 finished with value 0.275013318 | dataset=ili | model=ufgtime_plus | val_MSE=0.050538577 | test_MSE=0.136037514 | MAE=0.275013318 | RMSE=0.368832637 | MAPE=79.104423559% | params={'learning_rate': 0.015905979137904862, 'decay_rate': 0.02071900709578835, 'hidden_size': 32, 'signal_len': 16, 'cheb_order': 3, 's': 9.370736158428306, 'batch_size': 128, 'k': 2}
Trial 6 finished with value 0.223147481 | dataset=ili | model=ufgtime_plus | val_MSE=0.035947398 | test_MSE=0.098303126 | MAE=0.223147481 | RMSE=0.313533293 | MAPE=69.714472721% | params={'learning_rate': 0.029329781611156056, 'decay_rate': 0.0010151762339128028, 'hidden_size': 16, 'signal_len': 16, 'cheb_order': 2, 's': 6.227800276318749, 'batch_size': 128, 'k': 6}
Trial 7 finished with value 0.268239752 | dataset=ili | model=ufgtime_plus | val_MSE=0.051875229 | test_MSE=0.131468058 | MAE=0.268239752 | RMSE=0.362585242 | MAPE=95.746072819% | params={'learning_rate': 0.034976968973122045, 'decay_rate': 0.014878873173248132, 'hidden_size': 64, 'signal_len': 16, 'cheb_order': 3, 's': 5.56178699914765, 'batch_size': 16, 'k': 3}
Trial 8 finished with value 0.265253422 | dataset=ili | model=ufgtime_plus | val_MSE=0.051776152 | test_MSE=0.131219056 | MAE=0.265253422 | RMSE=0.362241710 | MAPE=94.253744347% | params={'learning_rate': 0.03301207513925933, 'decay_rate': 0.014510979584450098, 'hidden_size': 16, 'signal_len': 16, 'cheb_order': 2, 's': 6.913487296728489, 'batch_size': 64, 'k': 6}
Trial 9 finished with value 0.300950334 | dataset=ili | model=ufgtime_plus | val_MSE=0.050163231 | test_MSE=0.158524576 | MAE=0.300950334 | RMSE=0.398151448 | MAPE=80.717398192% | params={'learning_rate': 0.04031163751241383, 'decay_rate': 0.03519739029118291, 'hidden_size': 32, 'signal_len': 8, 'cheb_order': 2, 's': 6.578480122126214, 'batch_size': 32, 'k': 2}
Trial 10 finished with value 0.205623473 | dataset=ili | model=ufgtime_plus | val_MSE=0.035969579 | test_MSE=0.093601169 | MAE=0.205623473 | RMSE=0.305943081 | MAPE=57.481265432% | params={'learning_rate': 0.047034199581109624, 'decay_rate': 0.0011794268671467987, 'hidden_size': 16, 'signal_len': 8, 'cheb_order': 2, 's': 1.4402165119027721, 'batch_size': 128, 'k': 6}
Trial 11 finished with value 0.210305787 | dataset=ili | model=ufgtime_plus | val_MSE=0.036474746 | test_MSE=0.093805841 | MAE=0.210305787 | RMSE=0.306277392 | MAPE=68.157731874% | params={'learning_rate': 0.04975582417093499, 'decay_rate': 0.0017508211083609522, 'hidden_size': 16, 'signal_len': 8, 'cheb_order': 2, 's': 1.7143610050113107, 'batch_size': 128, 'k': 6}
Trial 12 finished with value 0.205737204 | dataset=ili | model=ufgtime_plus | val_MSE=0.022972636 | test_MSE=0.079061088 | MAE=0.205737204 | RMSE=0.281178037 | MAPE=72.060480511% | params={'learning_rate': 0.04869714009298913, 'decay_rate': 0.0002897854365313951, 'hidden_size': 16, 'signal_len': 8, 'cheb_order': 2, 's': 1.1426809468954664, 'batch_size': 128, 'k': 5}
Trial 13 finished with value 0.251040138 | dataset=ili | model=ufgtime_plus | val_MSE=0.050301575 | test_MSE=0.126191330 | MAE=0.251040138 | RMSE=0.355234190 | MAPE=89.332097099% | params={'learning_rate': 0.04849564158029872, 'decay_rate': 0.00841408604577265, 'hidden_size': 16, 'signal_len': 8, 'cheb_order': 2, 's': 1.2401730631741632, 'batch_size': 128, 'k': 5}
Trial 14 finished with value 0.254646840 | dataset=ili | model=ufgtime_plus | val_MSE=0.043147184 | test_MSE=0.117717929 | MAE=0.254646840 | RMSE=0.343100465 | MAPE=79.242394982% | params={'learning_rate': 0.042004984965544126, 'decay_rate': 0.005946602305274062, 'hidden_size': 16, 'signal_len': 8, 'cheb_order': 2, 's': 2.674481289654345, 'batch_size': 64, 'k': 5}
Trial 15 finished with value 0.266520809 | dataset=ili | model=ufgtime_plus | val_MSE=0.046252776 | test_MSE=0.131095163 | MAE=0.266520809 | RMSE=0.362070661 | MAPE=76.538308683% | params={'learning_rate': 0.042681039775246295, 'decay_rate': 0.008879865571753052, 'hidden_size': 16, 'signal_len': 8, 'cheb_order': 2, 's': 2.7566576315322164, 'batch_size': 256, 'k': 4}
Trial 16 finished with value 0.281095455 | dataset=ili | model=ufgtime_plus | val_MSE=0.053229813 | test_MSE=0.136304298 | MAE=0.281095455 | RMSE=0.369194120 | MAPE=99.630252924% | params={'learning_rate': 0.04542870447692563, 'decay_rate': 0.025808207028753333, 'hidden_size': 16, 'signal_len': 8, 'cheb_order': 2, 's': 4.019299906730597, 'batch_size': 128, 'k': 4}
Trial 17 finished with value 0.244626777 | dataset=ili | model=ufgtime_plus | val_MSE=0.046532346 | test_MSE=0.118844042 | MAE=0.244626777 | RMSE=0.344737642 | MAPE=78.358990662% | params={'learning_rate': 0.03816181477668296, 'decay_rate': 0.005961495336792681, 'hidden_size': 16, 'signal_len': 8, 'cheb_order': 2, 's': 1.9857533748572362, 'batch_size': 128, 'k': 5}
Trial 18 finished with value 0.303087530 | dataset=ili | model=ufgtime_plus | val_MSE=0.056129781 | test_MSE=0.146389311 | MAE=0.303087530 | RMSE=0.382608561 | MAPE=105.656512233% | params={'learning_rate': 0.049883602410590214, 'decay_rate': 0.04810813119811558, 'hidden_size': 16, 'signal_len': 8, 'cheb_order': 2, 's': 1.1231814887616973, 'batch_size': 128, 'k': 6}
Trial 19 finished with value 0.272103893 | dataset=ili | model=ufgtime_plus | val_MSE=0.047259276 | test_MSE=0.133078944 | MAE=0.272103893 | RMSE=0.364799868 | MAPE=82.460545827% | params={'learning_rate': 0.035938679328178104, 'decay_rate': 0.011758460493692637, 'hidden_size': 32, 'signal_len': 8, 'cheb_order': 2, 's': 3.3958180570801964, 'batch_size': 32, 'k': 5}
Trial 20 finished with value 0.207332153 | dataset=ili | model=ufgtime_plus | val_MSE=0.021997747 | test_MSE=0.090133506 | MAE=0.207332153 | RMSE=0.300222427 | MAPE=71.464980436% | params={'learning_rate': 0.02257912237072279, 'decay_rate': 0.00025482712949218017, 'hidden_size': 16, 'signal_len': 8, 'cheb_order': 2, 's': 8.297605326087155, 'batch_size': 64, 'k': 4}
Trial 21 finished with value 0.219226506 | dataset=ili | model=ufgtime_plus | val_MSE=0.021469327 | test_MSE=0.088735695 | MAE=0.219226506 | RMSE=0.297885373 | MAPE=80.293511168% | params={'learning_rate': 0.02260333474834329, 'decay_rate': 0.0001254315731108917, 'hidden_size': 16, 'signal_len': 8, 'cheb_order': 2, 's': 8.66522933725423, 'batch_size': 64, 'k': 4}
Trial 22 finished with value 0.249537204 | dataset=ili | model=ufgtime_plus | val_MSE=0.043883731 | test_MSE=0.122538026 | MAE=0.249537204 | RMSE=0.350054319 | MAPE=71.350911797% | params={'learning_rate': 0.01724733170611443, 'decay_rate': 0.004372124834693809, 'hidden_size': 16, 'signal_len': 8, 'cheb_order': 2, 's': 7.800804353368417, 'batch_size': 64, 'k': 3}
Trial 23 finished with value 0.259095780 | dataset=ili | model=ufgtime_plus | val_MSE=0.051028175 | test_MSE=0.128837221 | MAE=0.259095780 | RMSE=0.358939021 | MAPE=92.006428438% | params={'learning_rate': 0.03111244536743131, 'decay_rate': 0.01039582794068474, 'hidden_size': 16, 'signal_len': 8, 'cheb_order': 2, 's': 9.857225824003, 'batch_size': 64, 'k': 3}
Trial 24 finished with value 0.253238838 | dataset=ili | model=ufgtime_plus | val_MSE=0.043749534 | test_MSE=0.124499306 | MAE=0.253238838 | RMSE=0.352844591 | MAPE=67.528197511% | params={'learning_rate': 0.045034141193286255, 'decay_rate': 0.004148276044254145, 'hidden_size': 16, 'signal_len': 8, 'cheb_order': 2, 's': 7.8414803617561715, 'batch_size': 256, 'k': 5}
Trial 25 finished with value 0.216857968 | dataset=ili | model=ufgtime_plus | val_MSE=0.019122158 | test_MSE=0.089227396 | MAE=0.216857968 | RMSE=0.298709552 | MAPE=73.657030192% | params={'learning_rate': 0.009348352183521171, 'decay_rate': 4.0966316219925164e-05, 'hidden_size': 16, 'signal_len': 8, 'cheb_order': 2, 's': 1.9861997328762517, 'batch_size': 64, 'k': 4}
Trial 26 finished with value 0.271060406 | dataset=ili | model=ufgtime_plus | val_MSE=0.048021104 | test_MSE=0.135000137 | MAE=0.271060406 | RMSE=0.367423648 | MAPE=76.836562747% | params={'learning_rate': 0.020811503496276473, 'decay_rate': 0.01325623602516218, 'hidden_size': 16, 'signal_len': 8, 'cheb_order': 3, 's': 2.7078431395553824, 'batch_size': 128, 'k': 6}
Trial 27 finished with value 0.255160622 | dataset=ili | model=ufgtime_plus | val_MSE=0.050482898 | test_MSE=0.127304867 | MAE=0.255160622 | RMSE=0.356798076 | MAPE=87.219632450% | params={'learning_rate': 0.02613264107304975, 'decay_rate': 0.007677074422255739, 'hidden_size': 16, 'signal_len': 8, 'cheb_order': 2, 's': 7.954684612248336, 'batch_size': 128, 'k': 5}
Trial 28 finished with value 0.239827178 | dataset=ili | model=ufgtime_plus | val_MSE=0.041676261 | test_MSE=0.115453801 | MAE=0.239827178 | RMSE=0.339784934 | MAPE=68.400795745% | params={'learning_rate': 0.04532542419404251, 'decay_rate': 0.0035555900846455236, 'hidden_size': 32, 'signal_len': 8, 'cheb_order': 2, 's': 5.573172178819288, 'batch_size': 64, 'k': 6}
Trial 29 finished with value 0.282796075 | dataset=ili | model=ufgtime_plus | val_MSE=0.046719396 | test_MSE=0.134494216 | MAE=0.282796075 | RMSE=0.366734530 | MAPE=88.737108587% | params={'learning_rate': 0.02759732206298481, 'decay_rate': 0.029741447675059002, 'hidden_size': 64, 'signal_len': 8, 'cheb_order': 3, 's': 4.437384941550461, 'batch_size': 128, 'k': 4}
Trial 30 finished with value 0.274104732 | dataset=ili | model=ufgtime_plus | val_MSE=0.052959562 | test_MSE=0.135317924 | MAE=0.274104732 | RMSE=0.367855847 | MAPE=94.740603079% | params={'learning_rate': 0.03837324815090398, 'decay_rate': 0.021976728532232613, 'hidden_size': 16, 'signal_len': 8, 'cheb_order': 2, 's': 4.01011288323582, 'batch_size': 32, 'k': 3}
Trial 31 finished with value 0.230781429 | dataset=ili | model=ufgtime_plus | val_MSE=0.039104671 | test_MSE=0.106877829 | MAE=0.230781429 | RMSE=0.326921747 | MAPE=65.749530726% | params={'learning_rate': 0.04743687077407746, 'decay_rate': 0.0023809813372483676, 'hidden_size': 16, 'signal_len': 8, 'cheb_order': 2, 's': 1.8935859055988395, 'batch_size': 128, 'k': 6}
Trial 32 finished with value 0.198655815 | dataset=ili | model=ufgtime_plus | val_MSE=0.022489693 | test_MSE=0.083599062 | MAE=0.198655815 | RMSE=0.289135023 | MAPE=58.308595699% | params={'learning_rate': 0.04730449078129848, 'decay_rate': 3.0977490092114635e-05, 'hidden_size': 16, 'signal_len': 8, 'cheb_order': 2, 's': 1.6135872512798408, 'batch_size': 128, 'k': 6}
Trial 33 finished with value 0.258135022 | dataset=ili | model=ufgtime_plus | val_MSE=0.045511580 | test_MSE=0.126876061 | MAE=0.258135022 | RMSE=0.356196660 | MAPE=75.466431631% | params={'learning_rate': 0.04228965746485262, 'decay_rate': 0.006222033684000453, 'hidden_size': 16, 'signal_len': 8, 'cheb_order': 2, 's': 1.4681622697920091, 'batch_size': 128, 'k': 5}
Trial 34 finished with value 0.237803496 | dataset=ili | model=ufgtime_plus | val_MSE=0.046552371 | test_MSE=0.114696548 | MAE=0.237803496 | RMSE=0.338668788 | MAPE=88.920144773% | params={'learning_rate': 0.04619518999300309, 'decay_rate': 0.0037401807169864677, 'hidden_size': 16, 'signal_len': 8, 'cheb_order': 2, 's': 2.36945161372174, 'batch_size': 16, 'k': 6}
Trial 35 finished with value 0.199741683 | dataset=ili | model=ufgtime_plus | val_MSE=0.028539035 | test_MSE=0.082504624 | MAE=0.199741683 | RMSE=0.287236182 | MAPE=57.190408016% | params={'learning_rate': 0.03970032936079706, 'decay_rate': 8.048253461717076e-05, 'hidden_size': 64, 'signal_len': 8, 'cheb_order': 2, 's': 4.948067550703531, 'batch_size': 256, 'k': 5}
Trial 36 finished with value 0.316846697 | dataset=ili | model=ufgtime_plus | val_MSE=0.060717810 | test_MSE=0.162829392 | MAE=0.316846697 | RMSE=0.403521241 | MAPE=103.128364540% | params={'learning_rate': 0.04350570099849395, 'decay_rate': 0.039063224735965255, 'hidden_size': 64, 'signal_len': 8, 'cheb_order': 3, 's': 2.99608877321652, 'batch_size': 256, 'k': 5}
Trial 37 finished with value 0.288662038 | dataset=ili | model=ufgtime_plus | val_MSE=0.056042109 | test_MSE=0.145288405 | MAE=0.288662038 | RMSE=0.381167161 | MAPE=89.544157621% | params={'learning_rate': 0.03975224370160586, 'decay_rate': 0.017015491036882543, 'hidden_size': 64, 'signal_len': 16, 'cheb_order': 2, 's': 3.5828213504204083, 'batch_size': 256, 'k': 6}
Trial 38 finished with value 0.311393799 | dataset=ili | model=ufgtime_plus | val_MSE=0.044547625 | test_MSE=0.183646555 | MAE=0.311393799 | RMSE=0.428540027 | MAPE=56.925721711% | params={'learning_rate': 0.002185908919672245, 'decay_rate': 0.010086230692489182, 'hidden_size': 64, 'signal_len': 16, 'cheb_order': 3, 's': 4.817212858026705, 'batch_size': 256, 'k': 5}
Trial 39 finished with value 0.246237152 | dataset=ili | model=ufgtime_plus | val_MSE=0.044352978 | test_MSE=0.117465798 | MAE=0.246237152 | RMSE=0.342732837 | MAPE=71.943265061% | params={'learning_rate': 0.03620454568963813, 'decay_rate': 0.006717924002668387, 'hidden_size': 64, 'signal_len': 8, 'cheb_order': 2, 's': 2.2660268255615907, 'batch_size': 256, 'k': 6}
Trial 40 finished with value 0.224076535 | dataset=ili | model=ufgtime_plus | val_MSE=0.042345300 | test_MSE=0.102502604 | MAE=0.224076535 | RMSE=0.320160279 | MAPE=82.347418159% | params={'learning_rate': 0.047133533068964, 'decay_rate': 0.002925456413040226, 'hidden_size': 64, 'signal_len': 16, 'cheb_order': 2, 's': 1.4345772631188345, 'batch_size': 16, 'k': 6}
Trial 41 finished with value 0.221627646 | dataset=ili | model=ufgtime_plus | val_MSE=0.023179765 | test_MSE=0.098766216 | MAE=0.221627646 | RMSE=0.314270927 | MAPE=67.318265279% | params={'learning_rate': 0.019265711642449525, 'decay_rate': 0.00012254700738331876, 'hidden_size': 32, 'signal_len': 8, 'cheb_order': 2, 's': 8.74007962432678, 'batch_size': 128, 'k': 4}
Trial 42 finished with value 0.228142174 | dataset=ili | model=ufgtime_plus | val_MSE=0.038126201 | test_MSE=0.106559528 | MAE=0.228142174 | RMSE=0.326434569 | MAPE=62.712248492% | params={'learning_rate': 0.012105779129715395, 'decay_rate': 0.002043133312042786, 'hidden_size': 64, 'signal_len': 8, 'cheb_order': 2, 's': 5.143447283064273, 'batch_size': 128, 'k': 4}
Trial 43 finished with value 0.243009672 | dataset=ili | model=ufgtime_plus | val_MSE=0.047691857 | test_MSE=0.118891753 | MAE=0.243009672 | RMSE=0.344806835 | MAPE=84.841761999% | params={'learning_rate': 0.033729877981857746, 'decay_rate': 0.004834237528894964, 'hidden_size': 16, 'signal_len': 8, 'cheb_order': 2, 's': 6.0441741874306905, 'batch_size': 32, 'k': 5}
Trial 44 finished with value 0.227947361 | dataset=ili | model=ufgtime_plus | val_MSE=0.024097871 | test_MSE=0.105111087 | MAE=0.227947361 | RMSE=0.324208401 | MAPE=65.186744693% | params={'learning_rate': 0.024171374613832206, 'decay_rate': 4.899469088950797e-05, 'hidden_size': 16, 'signal_len': 8, 'cheb_order': 2, 's': 7.173639299373046, 'batch_size': 128, 'k': 4}
Trial 45 finished with value 0.268838406 | dataset=ili | model=ufgtime_plus | val_MSE=0.046652406 | test_MSE=0.134178839 | MAE=0.268838406 | RMSE=0.366304298 | MAPE=75.229180927% | params={'learning_rate': 0.04823793917074195, 'decay_rate': 0.008249470166753637, 'hidden_size': 64, 'signal_len': 8, 'cheb_order': 2, 's': 1.582791720089384, 'batch_size': 256, 'k': 6}
Trial 46 finished with value 0.222328621 | dataset=ili | model=ufgtime_plus | val_MSE=0.038871777 | test_MSE=0.102131554 | MAE=0.222328621 | RMSE=0.319580278 | MAPE=68.704896859% | params={'learning_rate': 0.030471126710413243, 'decay_rate': 0.002288656562551596, 'hidden_size': 32, 'signal_len': 8, 'cheb_order': 3, 's': 7.294849720040461, 'batch_size': 16, 'k': 5}
Trial 47 finished with value 0.255961840 | dataset=ili | model=ufgtime_plus | val_MSE=0.051165243 | test_MSE=0.127580355 | MAE=0.255961840 | RMSE=0.357183924 | MAPE=95.017804914% | params={'learning_rate': 0.04412672171756555, 'decay_rate': 0.011490128228249987, 'hidden_size': 16, 'signal_len': 16, 'cheb_order': 2, 's': 2.2652723738751908, 'batch_size': 64, 'k': 5}
Trial 48 finished with value 0.294604560 | dataset=ili | model=ufgtime_plus | val_MSE=0.055558456 | test_MSE=0.145471917 | MAE=0.294604560 | RMSE=0.381407809 | MAPE=97.270992628% | params={'learning_rate': 0.0409888808997007, 'decay_rate': 0.032469965214020784, 'hidden_size': 16, 'signal_len': 8, 'cheb_order': 2, 's': 3.1140227724284033, 'batch_size': 128, 'k': 6}
Trial 49 finished with value 0.256609726 | dataset=ili | model=ufgtime_plus | val_MSE=0.046270054 | test_MSE=0.126940847 | MAE=0.256609726 | RMSE=0.356287590 | MAPE=74.651408494% | params={'learning_rate': 0.04989346724473198, 'decay_rate': 0.005603246765053504, 'hidden_size': 16, 'signal_len': 8, 'cheb_order': 2, 's': 1.1675220467875063, 'batch_size': 128, 'k': 4}
Trial 50 finished with value 0.296378502 | dataset=ili | model=ufgtime_plus | val_MSE=0.050613075 | test_MSE=0.153972682 | MAE=0.296378502 | RMSE=0.392393530 | MAPE=79.096233617% | params={'learning_rate': 0.038081399807900186, 'decay_rate': 0.014348802595779364, 'hidden_size': 16, 'signal_len': 8, 'cheb_order': 2, 's': 6.115852049967758, 'batch_size': 256, 'k': 6}
Trial 51 finished with value 0.220017428 | dataset=ili | model=ufgtime_plus | val_MSE=0.036187120 | test_MSE=0.100452757 | MAE=0.220017428 | RMSE=0.316942830 | MAPE=59.189081509% | params={'learning_rate': 0.04910204369363429, 'decay_rate': 0.001893992532714349, 'hidden_size': 16, 'signal_len': 8, 'cheb_order': 2, 's': 1.7644408784608416, 'batch_size': 128, 'k': 6}
Trial 52 finished with value 0.224236863 | dataset=ili | model=ufgtime_plus | val_MSE=0.036879923 | test_MSE=0.104546312 | MAE=0.224236863 | RMSE=0.323336221 | MAPE=61.724871391% | params={'learning_rate': 0.04672736502496898, 'decay_rate': 0.001741717144210851, 'hidden_size': 16, 'signal_len': 8, 'cheb_order': 2, 's': 1.1193814736048213, 'batch_size': 128, 'k': 6}
Trial 53 finished with value 0.317907931 | dataset=ili | model=ufgtime_plus | val_MSE=0.060192234 | test_MSE=0.162070423 | MAE=0.317907931 | RMSE=0.402579710 | MAPE=99.337138297% | params={'learning_rate': 0.0438409813808221, 'decay_rate': 0.0477925242930896, 'hidden_size': 16, 'signal_len': 8, 'cheb_order': 2, 's': 2.4189379105953814, 'batch_size': 128, 'k': 5}
Trial 54 finished with value 0.234464490 | dataset=ili | model=ufgtime_plus | val_MSE=0.041858148 | test_MSE=0.111482309 | MAE=0.234464490 | RMSE=0.333889666 | MAPE=69.636084767% | params={'learning_rate': 0.049861061496343756, 'decay_rate': 0.004540404654956243, 'hidden_size': 16, 'signal_len': 8, 'cheb_order': 2, 's': 1.731660448389483, 'batch_size': 128, 'k': 6}
Trial 55 finished with value 0.252571365 | dataset=ili | model=ufgtime_plus | val_MSE=0.045776091 | test_MSE=0.117721600 | MAE=0.252571365 | RMSE=0.343105814 | MAPE=88.817362597% | params={'learning_rate': 0.04074069136906995, 'decay_rate': 0.007067480636581882, 'hidden_size': 16, 'signal_len': 8, 'cheb_order': 2, 's': 2.0454659452546644, 'batch_size': 64, 'k': 3}
Trial 56 finished with value 0.217554892 | dataset=ili | model=ufgtime_plus | val_MSE=0.036752951 | test_MSE=0.100774622 | MAE=0.217554892 | RMSE=0.317450188 | MAPE=60.963776653% | params={'learning_rate': 0.047381216836085885, 'decay_rate': 0.0016526592620633648, 'hidden_size': 16, 'signal_len': 8, 'cheb_order': 2, 's': 3.6827455831296514, 'batch_size': 128, 'k': 5}
Trial 57 finished with value 0.253338528 | dataset=ili | model=ufgtime_plus | val_MSE=0.050308360 | test_MSE=0.126237190 | MAE=0.253338528 | RMSE=0.355298733 | MAPE=91.991624541% | params={'learning_rate': 0.0450071735184315, 'decay_rate': 0.00942791719535933, 'hidden_size': 32, 'signal_len': 16, 'cheb_order': 2, 's': 9.097214156680273, 'batch_size': 32, 'k': 6}
Trial 58 finished with value 0.232731990 | dataset=ili | model=ufgtime_plus | val_MSE=0.041453429 | test_MSE=0.105863842 | MAE=0.232731990 | RMSE=0.325367242 | MAPE=75.771513974% | params={'learning_rate': 0.027954304235839132, 'decay_rate': 0.0036852927638065854, 'hidden_size': 16, 'signal_len': 8, 'cheb_order': 3, 's': 3.0210697127479937, 'batch_size': 64, 'k': 5}
