Trial 354 finished with value 0.289572557 | dataset=ili | model=ufgtime_plus | val_MSE=0.051898919 | test_MSE=0.151536469 | MAE=0.289572557 | RMSE=0.389276853 | MAPE=76.229677911% | params={'learning_rate': 0.022012631967035155, 'decay_rate': 0.009371044079256718, 'hidden_size': 32, 'signal_len': 8, 'cheb_order': 3, 's': 4.660367006813881, 'batch_size': 256, 'k': 2}
Trial 355 finished with value 0.199980277 | dataset=ili | model=ufgtime_plus | val_MSE=0.028730372 | test_MSE=0.084695395 | MAE=0.199980277 | RMSE=0.291024733 | MAPE=69.486598585% | params={'learning_rate': 0.02309548638539633, 'decay_rate': 0.0018270397478381082, 'hidden_size': 32, 'signal_len': 8, 'cheb_order': 3, 's': 4.102442499193407, 'batch_size': 256, 'k': 2}
Trial 356 finished with value 0.243250347 | dataset=ili | model=ufgtime_plus | val_MSE=0.040099945 | test_MSE=0.114480225 | MAE=0.243250347 | RMSE=0.338349265 | MAPE=67.903016475% | params={'learning_rate': 0.005688102386404645, 'decay_rate': 0.002604729426165896, 'hidden_size': 32, 'signal_len': 8, 'cheb_order': 3, 's': 3.8561417777384914, 'batch_size': 256, 'k': 2}
Trial 357 finished with value 0.184713902 | dataset=ili | model=ufgtime_plus | val_MSE=0.025182009 | test_MSE=0.079468839 | MAE=0.184713902 | RMSE=0.281902180 | MAPE=60.414967603% | params={'learning_rate': 0.021458486057127357, 'decay_rate': 0.0009492524497026893, 'hidden_size': 32, 'signal_len': 8, 'cheb_order': 3, 's': 4.4965556835235025, 'batch_size': 256, 'k': 2}
Trial 358 finished with value 0.198288530 | dataset=ili | model=ufgtime_plus | val_MSE=0.026354775 | test_MSE=0.080886498 | MAE=0.198288530 | RMSE=0.284405517 | MAPE=68.653373794% | params={'learning_rate': 0.021033080776012486, 'decay_rate': 0.0011917132738532988, 'hidden_size': 32, 'signal_len': 8, 'cheb_order': 3, 's': 4.5030375399206, 'batch_size': 256, 'k': 2}
Trial 359 finished with value 0.245605456 | dataset=ili | model=ufgtime_plus | val_MSE=0.041786682 | test_MSE=0.116458122 | MAE=0.245605456 | RMSE=0.341259612 | MAPE=70.574219750% | params={'learning_rate': 0.02222783938419513, 'decay_rate': 0.003737749588934085, 'hidden_size': 32, 'signal_len': 8, 'cheb_order': 3, 's': 4.247651622104874, 'batch_size': 256, 'k': 2}
Trial 360 finished with value 0.190443165 | dataset=ili | model=ufgtime_plus | val_MSE=0.023641691 | test_MSE=0.074354534 | MAE=0.190443165 | RMSE=0.272680277 | MAPE=70.980426843% | params={'learning_rate': 0.02136384171121992, 'decay_rate': 0.000746946883322727, 'hidden_size': 32, 'signal_len': 8, 'cheb_order': 3, 's': 3.9723219339270406, 'batch_size': 256, 'k': 3}
Trial 361 finished with value 0.202542136 | dataset=ili | model=ufgtime_plus | val_MSE=0.028095791 | test_MSE=0.081073259 | MAE=0.202542136 | RMSE=0.284733663 | MAPE=76.320444605% | params={'learning_rate': 0.020879736676257296, 'decay_rate': 0.0019957490623045784, 'hidden_size': 32, 'signal_len': 8, 'cheb_order': 3, 's': 4.071150168764004, 'batch_size': 256, 'k': 2}
Trial 362 finished with value 0.201354099 | dataset=ili | model=ufgtime_plus | val_MSE=0.024293646 | test_MSE=0.081212926 | MAE=0.201354099 | RMSE=0.284978817 | MAPE=67.249879846% | params={'learning_rate': 0.02160553636387397, 'decay_rate': 0.0008750676086866731, 'hidden_size': 32, 'signal_len': 8, 'cheb_order': 3, 's': 4.331510026224311, 'batch_size': 256, 'k': 3}
Trial 363 finished with value 0.215537337 | dataset=ili | model=ufgtime_plus | val_MSE=0.030712174 | test_MSE=0.094478049 | MAE=0.215537337 | RMSE=0.307372818 | MAPE=70.155171733% | params={'learning_rate': 0.02035929330094643, 'decay_rate': 0.002674863866490612, 'hidden_size': 32, 'signal_len': 8, 'cheb_order': 3, 's': 3.9131680809470692, 'batch_size': 256, 'k': 3}
Trial 364 finished with value 0.252314602 | dataset=ili | model=ufgtime_plus | val_MSE=0.045614090 | test_MSE=0.123641241 | MAE=0.252314602 | RMSE=0.351626564 | MAPE=71.349872804% | params={'learning_rate': 0.022822405655313117, 'decay_rate': 0.004116474592437978, 'hidden_size': 32, 'signal_len': 8, 'cheb_order': 3, 's': 4.070412676292213, 'batch_size': 256, 'k': 3}
Trial 365 finished with value 0.248168503 | dataset=ili | model=ufgtime_plus | val_MSE=0.028392067 | test_MSE=0.129404447 | MAE=0.248168503 | RMSE=0.359728297 | MAPE=53.562419501% | params={'learning_rate': 0.022032482230405347, 'decay_rate': 5.8638701101720045e-05, 'hidden_size': 32, 'signal_len': 8, 'cheb_order': 3, 's': 3.7838905134752374, 'batch_size': 256, 'k': 3}
Trial 366 finished with value 0.206700959 | dataset=ili | model=ufgtime_plus | val_MSE=0.027728286 | test_MSE=0.086250489 | MAE=0.206700959 | RMSE=0.293684335 | MAPE=73.457035272% | params={'learning_rate': 0.023422588591146442, 'decay_rate': 0.0015685583896938218, 'hidden_size': 32, 'signal_len': 8, 'cheb_order': 3, 's': 4.505363923249127, 'batch_size': 256, 'k': 2}
Trial 367 finished with value 0.190962687 | dataset=ili | model=ufgtime_plus | val_MSE=0.025156369 | test_MSE=0.079919997 | MAE=0.190962687 | RMSE=0.282701250 | MAPE=64.086214367% | params={'learning_rate': 0.0211589238464341, 'decay_rate': 0.0010953067483307022, 'hidden_size': 32, 'signal_len': 8, 'cheb_order': 3, 's': 4.197608894436579, 'batch_size': 256, 'k': 2}
Trial 368 finished with value 0.191799121 | dataset=ili | model=ufgtime_plus | val_MSE=0.026087018 | test_MSE=0.080920361 | MAE=0.191799121 | RMSE=0.284465044 | MAPE=64.945891818% | params={'learning_rate': 0.021028418925391645, 'decay_rate': 0.001062736347158955, 'hidden_size': 32, 'signal_len': 8, 'cheb_order': 3, 's': 4.392405965232278, 'batch_size': 256, 'k': 2}
Trial 369 finished with value 0.225350772 | dataset=ili | model=ufgtime_plus | val_MSE=0.032484990 | test_MSE=0.099133279 | MAE=0.225350772 | RMSE=0.314854377 | MAPE=68.575890125% | params={'learning_rate': 0.019937008692699452, 'decay_rate': 0.0025626768572197013, 'hidden_size': 32, 'signal_len': 8, 'cheb_order': 3, 's': 4.207443790371292, 'batch_size': 256, 'k': 4}
Trial 370 finished with value 0.185275481 | dataset=ili | model=ufgtime_plus | val_MSE=0.024693552 | test_MSE=0.078909134 | MAE=0.185275481 | RMSE=0.280907696 | MAPE=58.573646033% | params={'learning_rate': 0.02170370984493071, 'decay_rate': 0.0007083071035844132, 'hidden_size': 32, 'signal_len': 8, 'cheb_order': 3, 's': 4.764129609792027, 'batch_size': 256, 'k': 2}
Trial 371 finished with value 0.201056903 | dataset=ili | model=ufgtime_plus | val_MSE=0.024211012 | test_MSE=0.082593521 | MAE=0.201056903 | RMSE=0.287390886 | MAPE=68.501266476% | params={'learning_rate': 0.021744121919233316, 'decay_rate': 0.0007965803971107827, 'hidden_size': 32, 'signal_len': 8, 'cheb_order': 3, 's': 4.797102141175206, 'batch_size': 256, 'k': 3}
Trial 372 finished with value 0.206133573 | dataset=ili | model=ufgtime_plus | val_MSE=0.024101136 | test_MSE=0.085521192 | MAE=0.206133573 | RMSE=0.292440065 | MAPE=69.253372005% | params={'learning_rate': 0.02336823273819273, 'decay_rate': 0.0019500278407685646, 'hidden_size': 32, 'signal_len': 16, 'cheb_order': 3, 's': 4.633917588622755, 'batch_size': 256, 'k': 2}
Trial 373 finished with value 0.225340305 | dataset=ili | model=ufgtime_plus | val_MSE=0.029377477 | test_MSE=0.101791701 | MAE=0.225340305 | RMSE=0.319048116 | MAPE=57.446315331% | params={'learning_rate': 0.02255406510766215, 'decay_rate': 2.706574323704996e-05, 'hidden_size': 32, 'signal_len': 8, 'cheb_order': 3, 's': 4.451486298088369, 'batch_size': 256, 'k': 2}
Trial 374 finished with value 0.236013810 | dataset=ili | model=ufgtime_plus | val_MSE=0.043604262 | test_MSE=0.109380858 | MAE=0.236013810 | RMSE=0.330727770 | MAPE=73.012594851% | params={'learning_rate': 0.02058181518128536, 'decay_rate': 0.0031973822568653098, 'hidden_size': 32, 'signal_len': 8, 'cheb_order': 3, 's': 3.8985156308804476, 'batch_size': 256, 'k': 2}
Trial 375 finished with value 0.207478972 | dataset=ili | model=ufgtime_plus | val_MSE=0.028857416 | test_MSE=0.088741984 | MAE=0.207478972 | RMSE=0.297895928 | MAPE=55.538585688% | params={'learning_rate': 0.019455602715464263, 'decay_rate': 1.8590966839769347e-05, 'hidden_size': 32, 'signal_len': 8, 'cheb_order': 3, 's': 4.047198739645487, 'batch_size': 256, 'k': 2}
Trial 376 finished with value 0.224161874 | dataset=ili | model=ufgtime_plus | val_MSE=0.035497691 | test_MSE=0.097177517 | MAE=0.224161874 | RMSE=0.311733086 | MAPE=69.288669956% | params={'learning_rate': 0.02179181534055281, 'decay_rate': 0.001546657536393361, 'hidden_size': 32, 'signal_len': 8, 'cheb_order': 3, 's': 5.027392569405322, 'batch_size': 256, 'k': 2}
Trial 377 finished with value 0.231179889 | dataset=ili | model=ufgtime_plus | val_MSE=0.040002134 | test_MSE=0.107561392 | MAE=0.231179889 | RMSE=0.327965535 | MAPE=62.477496019% | params={'learning_rate': 0.023414745243853393, 'decay_rate': 0.0023352632257982644, 'hidden_size': 32, 'signal_len': 8, 'cheb_order': 3, 's': 4.7399506953510855, 'batch_size': 256, 'k': 2}
Trial 378 finished with value 0.189087754 | dataset=ili | model=ufgtime_plus | val_MSE=0.025138166 | test_MSE=0.080600797 | MAE=0.189087754 | RMSE=0.283902795 | MAPE=60.284146702% | params={'learning_rate': 0.02241106691816106, 'decay_rate': 0.0009064020391358761, 'hidden_size': 32, 'signal_len': 8, 'cheb_order': 3, 's': 4.302296976075433, 'batch_size': 256, 'k': 2}
Trial 379 finished with value 0.261009569 | dataset=ili | model=ufgtime_plus | val_MSE=0.046703685 | test_MSE=0.131067310 | MAE=0.261009569 | RMSE=0.362032194 | MAPE=69.890324944% | params={'learning_rate': 0.02379952932730523, 'decay_rate': 0.005098203915738468, 'hidden_size': 32, 'signal_len': 8, 'cheb_order': 3, 's': 4.540858681918315, 'batch_size': 256, 'k': 2}
Trial 380 finished with value 0.202442515 | dataset=ili | model=ufgtime_plus | val_MSE=0.026297811 | test_MSE=0.081042903 | MAE=0.202442515 | RMSE=0.284680351 | MAPE=59.015921063% | params={'learning_rate': 0.02050730142541605, 'decay_rate': 3.7531211017820774e-05, 'hidden_size': 32, 'signal_len': 8, 'cheb_order': 3, 's': 4.307978040469272, 'batch_size': 256, 'k': 2}
Trial 381 finished with value 0.230973316 | dataset=ili | model=ufgtime_plus | val_MSE=0.038693126 | test_MSE=0.109357803 | MAE=0.230973316 | RMSE=0.330692914 | MAPE=58.685665196% | params={'learning_rate': 0.02440931988516106, 'decay_rate': 0.0017288557602548448, 'hidden_size': 32, 'signal_len': 8, 'cheb_order': 3, 's': 4.905173832637583, 'batch_size': 256, 'k': 2}
Trial 382 finished with value 0.233804097 | dataset=ili | model=ufgtime_plus | val_MSE=0.040125399 | test_MSE=0.107117040 | MAE=0.233804097 | RMSE=0.327287396 | MAPE=73.435463111% | params={'learning_rate': 0.02292721564150362, 'decay_rate': 0.003421698791369902, 'hidden_size': 32, 'signal_len': 8, 'cheb_order': 3, 's': 4.161005530404816, 'batch_size': 64, 'k': 2}
Trial 383 finished with value 0.191584446 | dataset=ili | model=ufgtime_plus | val_MSE=0.026150621 | test_MSE=0.083579187 | MAE=0.191584446 | RMSE=0.289100652 | MAPE=58.049250709% | params={'learning_rate': 0.022316109192126402, 'decay_rate': 0.0008940841914276785, 'hidden_size': 32, 'signal_len': 8, 'cheb_order': 3, 's': 4.618864077242193, 'batch_size': 256, 'k': 2}
Trial 384 finished with value 0.223630572 | dataset=ili | model=ufgtime_plus | val_MSE=0.034565143 | test_MSE=0.093622999 | MAE=0.223630572 | RMSE=0.305978755 | MAPE=80.400168104% | params={'learning_rate': 0.021562511781394008, 'decay_rate': 0.0020617592211736226, 'hidden_size': 32, 'signal_len': 8, 'cheb_order': 3, 's': 4.356479936663586, 'batch_size': 256, 'k': 2}
Trial 385 finished with value 0.193693769 | dataset=ili | model=ufgtime_plus | val_MSE=0.026075650 | test_MSE=0.079376279 | MAE=0.193693769 | RMSE=0.281737962 | MAPE=70.101344040% | params={'learning_rate': 0.01945652427938119, 'decay_rate': 0.000890851313803105, 'hidden_size': 32, 'signal_len': 8, 'cheb_order': 3, 's': 4.0738007180804665, 'batch_size': 128, 'k': 2}
Trial 386 finished with value 0.196338912 | dataset=ili | model=ufgtime_plus | val_MSE=0.027733160 | test_MSE=0.080142956 | MAE=0.196338912 | RMSE=0.283095313 | MAPE=55.919765544% | params={'learning_rate': 0.022789146227143578, 'decay_rate': 2.608026621738651e-05, 'hidden_size': 32, 'signal_len': 8, 'cheb_order': 3, 's': 4.205301716286054, 'batch_size': 256, 'k': 2}
Trial 387 finished with value 0.234283505 | dataset=ili | model=ufgtime_plus | val_MSE=0.041480772 | test_MSE=0.111826067 | MAE=0.234283505 | RMSE=0.334404047 | MAPE=64.059300960% | params={'learning_rate': 0.024287045922816886, 'decay_rate': 0.0026742020346447416, 'hidden_size': 32, 'signal_len': 8, 'cheb_order': 3, 's': 4.456667488568029, 'batch_size': 256, 'k': 2}
Trial 388 finished with value 0.217852976 | dataset=ili | model=ufgtime_plus | val_MSE=0.036876421 | test_MSE=0.100017108 | MAE=0.217852976 | RMSE=0.316254815 | MAPE=61.655795580% | params={'learning_rate': 0.020817009371619004, 'decay_rate': 0.0016192315278602838, 'hidden_size': 64, 'signal_len': 8, 'cheb_order': 3, 's': 3.9328641770981685, 'batch_size': 256, 'k': 2}
Trial 389 finished with value 0.256407997 | dataset=ili | model=ufgtime_plus | val_MSE=0.044258315 | test_MSE=0.125754168 | MAE=0.256407997 | RMSE=0.354618341 | MAPE=69.856688582% | params={'learning_rate': 0.022507957804458505, 'decay_rate': 0.0036194752775866672, 'hidden_size': 32, 'signal_len': 8, 'cheb_order': 3, 's': 4.672363121897564, 'batch_size': 256, 'k': 2}
Trial 390 finished with value 0.186807522 | dataset=ili | model=ufgtime_plus | val_MSE=0.026198091 | test_MSE=0.081525175 | MAE=0.186807522 | RMSE=0.285526138 | MAPE=59.425830286% | params={'learning_rate': 0.020132581280882397, 'decay_rate': 0.0009441434173961683, 'hidden_size': 32, 'signal_len': 8, 'cheb_order': 3, 's': 4.240302707182982, 'batch_size': 256, 'k': 2}
Trial 391 finished with value 0.210678243 | dataset=ili | model=ufgtime_plus | val_MSE=0.031700160 | test_MSE=0.092506556 | MAE=0.210678243 | RMSE=0.304148904 | MAPE=65.607730445% | params={'learning_rate': 0.018964358496567305, 'decay_rate': 0.002345664774008744, 'hidden_size': 32, 'signal_len': 8, 'cheb_order': 3, 's': 4.411695458804042, 'batch_size': 256, 'k': 2}
Trial 392 finished with value 0.213187753 | dataset=ili | model=ufgtime_plus | val_MSE=0.020900799 | test_MSE=0.087529987 | MAE=0.213187753 | RMSE=0.295854672 | MAPE=66.492283588% | params={'learning_rate': 0.019705407947972924, 'decay_rate': 2.143650248601092e-05, 'hidden_size': 32, 'signal_len': 16, 'cheb_order': 3, 's': 4.099533802408992, 'batch_size': 256, 'k': 2}
Trial 393 finished with value 0.196267664 | dataset=ili | model=ufgtime_plus | val_MSE=0.027898595 | test_MSE=0.081759409 | MAE=0.196267664 | RMSE=0.285936022 | MAPE=70.109500723% | params={'learning_rate': 0.023851798911093458, 'decay_rate': 0.0016563432786551938, 'hidden_size': 32, 'signal_len': 8, 'cheb_order': 3, 's': 4.374245423541539, 'batch_size': 256, 'k': 2}
Trial 394 finished with value 0.192409096 | dataset=ili | model=ufgtime_plus | val_MSE=0.025907181 | test_MSE=0.087478147 | MAE=0.192409096 | RMSE=0.295767049 | MAPE=59.695688115% | params={'learning_rate': 0.02505531510175691, 'decay_rate': 0.00081241599001192, 'hidden_size': 32, 'signal_len': 8, 'cheb_order': 3, 's': 4.197968138421278, 'batch_size': 64, 'k': 2}
Trial 395 finished with value 0.239738650 | dataset=ili | model=ufgtime_plus | val_MSE=0.041076310 | test_MSE=0.115006948 | MAE=0.239738650 | RMSE=0.339126743 | MAPE=65.395032938% | params={'learning_rate': 0.02156441209387305, 'decay_rate': 0.0027609166875209165, 'hidden_size': 32, 'signal_len': 8, 'cheb_order': 3, 's': 4.806914511757112, 'batch_size': 256, 'k': 2}
Trial 396 finished with value 0.258772483 | dataset=ili | model=ufgtime_plus | val_MSE=0.045136072 | test_MSE=0.127811982 | MAE=0.258772483 | RMSE=0.357508017 | MAPE=69.293392143% | params={'learning_rate': 0.022576327559889676, 'decay_rate': 0.004116945073228682, 'hidden_size': 32, 'signal_len': 8, 'cheb_order': 3, 's': 4.5223581064320415, 'batch_size': 256, 'k': 2}
Trial 397 finished with value 0.252192521 | dataset=ili | model=ufgtime_plus | val_MSE=0.048017925 | test_MSE=0.123526286 | MAE=0.252192521 | RMSE=0.351463065 | MAPE=77.427352796% | params={'learning_rate': 0.04838558361527664, 'decay_rate': 0.013978507655698484, 'hidden_size': 32, 'signal_len': 8, 'cheb_order': 3, 's': 5.094510296702352, 'batch_size': 128, 'k': 4}
Trial 398 finished with value 0.316207366 | dataset=ili | model=ufgtime_plus | val_MSE=0.058709558 | test_MSE=0.172234823 | MAE=0.316207366 | RMSE=0.415011834 | MAPE=82.521259338% | params={'learning_rate': 0.018208870001710252, 'decay_rate': 0.031195090230237768, 'hidden_size': 32, 'signal_len': 8, 'cheb_order': 3, 's': 4.3037985893362105, 'batch_size': 256, 'k': 2}
Trial 399 finished with value 0.202413350 | dataset=ili | model=ufgtime_plus | val_MSE=0.026618114 | test_MSE=0.082484917 | MAE=0.202413350 | RMSE=0.287201875 | MAPE=73.883057133% | params={'learning_rate': 0.020460735522865498, 'decay_rate': 0.0015687625516947305, 'hidden_size': 32, 'signal_len': 8, 'cheb_order': 3, 's': 3.9817002571232, 'batch_size': 256, 'k': 2}
Trial 400 finished with value 0.197956403 | dataset=ili | model=ufgtime_plus | val_MSE=0.026472177 | test_MSE=0.081644790 | MAE=0.197956403 | RMSE=0.285735524 | MAPE=71.121691488% | params={'learning_rate': 0.023345254563551045, 'decay_rate': 0.0009607704894612126, 'hidden_size': 32, 'signal_len': 8, 'cheb_order': 3, 's': 5.556093510295634, 'batch_size': 256, 'k': 5}
Trial 401 finished with value 0.233121662 | dataset=ili | model=ufgtime_plus | val_MSE=0.037286270 | test_MSE=0.104384030 | MAE=0.233121662 | RMSE=0.323085174 | MAPE=70.387561621% | params={'learning_rate': 0.02184347926001224, 'decay_rate': 0.0022285833694996524, 'hidden_size': 64, 'signal_len': 8, 'cheb_order': 3, 's': 5.8649540927215345, 'batch_size': 256, 'k': 2}
Trial 402 finished with value 0.195716573 | dataset=ili | model=ufgtime_plus | val_MSE=0.024704900 | test_MSE=0.083459602 | MAE=0.195716573 | RMSE=0.288893756 | MAPE=57.763741664% | params={'learning_rate': 0.024283246148033122, 'decay_rate': 0.0009094927195769267, 'hidden_size': 32, 'signal_len': 8, 'cheb_order': 3, 's': 9.306792129158886, 'batch_size': 256, 'k': 2}
Trial 403 finished with value 0.212282929 | dataset=ili | model=ufgtime_plus | val_MSE=0.027883505 | test_MSE=0.091923162 | MAE=0.212282929 | RMSE=0.303188328 | MAPE=56.206199540% | params={'learning_rate': 0.019968389542555937, 'decay_rate': 7.114142027800992e-05, 'hidden_size': 32, 'signal_len': 8, 'cheb_order': 2, 's': 4.218646632614764, 'batch_size': 256, 'k': 2}
Trial 404 finished with value 0.245130987 | dataset=ili | model=ufgtime_plus | val_MSE=0.043513149 | test_MSE=0.120539772 | MAE=0.245130987 | RMSE=0.347188381 | MAPE=66.181828724% | params={'learning_rate': 0.021181705173302236, 'decay_rate': 0.0031615881382930835, 'hidden_size': 32, 'signal_len': 8, 'cheb_order': 3, 's': 5.341922164811686, 'batch_size': 256, 'k': 3}
Trial 405 finished with value 0.192485260 | dataset=ili | model=ufgtime_plus | val_MSE=0.027379526 | test_MSE=0.082727368 | MAE=0.192485260 | RMSE=0.287623656 | MAPE=64.392198695% | params={'learning_rate': 0.037544921228312586, 'decay_rate': 0.001659619826329263, 'hidden_size': 32, 'signal_len': 8, 'cheb_order': 3, 's': 4.604800512746873, 'batch_size': 256, 'k': 2}
Trial 406 finished with value 0.355474489 | dataset=ili | model=ufgtime_plus | val_MSE=0.071333565 | test_MSE=0.218708441 | MAE=0.355474489 | RMSE=0.467662742 | MAPE=75.995060900% | params={'learning_rate': 0.02521252477965874, 'decay_rate': 0.04511869816967232, 'hidden_size': 32, 'signal_len': 8, 'cheb_order': 3, 's': 6.075292819871404, 'batch_size': 256, 'k': 2}
Trial 407 finished with value 0.185579503 | dataset=ili | model=ufgtime_plus | val_MSE=0.023425551 | test_MSE=0.072769552 | MAE=0.185579503 | RMSE=0.269758322 | MAPE=69.162119736% | params={'learning_rate': 0.03884599309661273, 'decay_rate': 0.0009005833951016979, 'hidden_size': 32, 'signal_len': 8, 'cheb_order': 3, 's': 3.9978635908392275, 'batch_size': 256, 'k': 2}
Trial 408 finished with value 0.236170719 | dataset=ili | model=ufgtime_plus | val_MSE=0.038547168 | test_MSE=0.104758194 | MAE=0.236170719 | RMSE=0.323663706 | MAPE=79.358063480% | params={'learning_rate': 0.045618742628208385, 'decay_rate': 0.0025084395859509964, 'hidden_size': 64, 'signal_len': 8, 'cheb_order': 3, 's': 3.769447288393627, 'batch_size': 64, 'k': 2}
Trial 409 finished with value 0.197599383 | dataset=ili | model=ufgtime_plus | val_MSE=0.026284289 | test_MSE=0.081244679 | MAE=0.197599383 | RMSE=0.285034523 | MAPE=72.119697907% | params={'learning_rate': 0.03943256965884828, 'decay_rate': 0.0017216019312140344, 'hidden_size': 32, 'signal_len': 8, 'cheb_order': 3, 's': 5.662890105010905, 'batch_size': 256, 'k': 2}
Trial 410 finished with value 0.202616731 | dataset=ili | model=ufgtime_plus | val_MSE=0.030585354 | test_MSE=0.087717661 | MAE=0.202616731 | RMSE=0.296171675 | MAPE=54.169172254% | params={'learning_rate': 0.03978058524688789, 'decay_rate': 3.9954806075489374e-05, 'hidden_size': 32, 'signal_len': 8, 'cheb_order': 3, 's': 4.36442521113725, 'batch_size': 256, 'k': 2}
Trial 411 finished with value 0.286884274 | dataset=ili | model=ufgtime_plus | val_MSE=0.049017032 | test_MSE=0.142807200 | MAE=0.286884274 | RMSE=0.377898398 | MAPE=81.172339200% | params={'learning_rate': 0.044218487019289134, 'decay_rate': 0.023311586561258434, 'hidden_size': 32, 'signal_len': 8, 'cheb_order': 3, 's': 9.835828327511072, 'batch_size': 128, 'k': 2}
Trial 412 finished with value 0.252809047 | dataset=ili | model=ufgtime_plus | val_MSE=0.044377737 | test_MSE=0.118545964 | MAE=0.252809047 | RMSE=0.344305045 | MAPE=78.656219799% | params={'learning_rate': 0.03803499947040272, 'decay_rate': 0.00445348023113396, 'hidden_size': 32, 'signal_len': 8, 'cheb_order': 3, 's': 5.907386642537951, 'batch_size': 256, 'k': 2}
