Trial 943 finished with value 0.191771508 | dataset=ili | model=ufgtime_plus | val_MSE=0.028209168 | test_MSE=0.077575092 | MAE=0.191771508 | RMSE=0.278523055 | MAPE=55.723420460% | params={'learning_rate': 0.025382827166650558, 'decay_rate': 1.3828190189659503e-05, 'hidden_size': 32, 'signal_len': 8, 'cheb_order': 3, 's': 6.039313393711097, 'batch_size': 256, 'k': 2}
Trial 944 finished with value 0.217887280 | dataset=ili | model=ufgtime_plus | val_MSE=0.036147904 | test_MSE=0.099439727 | MAE=0.217887280 | RMSE=0.315340652 | MAPE=57.601395582% | params={'learning_rate': 0.019250809392494694, 'decay_rate': 0.0014103642105301193, 'hidden_size': 32, 'signal_len': 8, 'cheb_order': 3, 's': 6.38503353222594, 'batch_size': 256, 'k': 2}
Trial 945 finished with value 0.184066308 | dataset=ili | model=ufgtime_plus | val_MSE=0.025459303 | test_MSE=0.078239766 | MAE=0.184066308 | RMSE=0.279713721 | MAPE=59.685193530% | params={'learning_rate': 0.034290785536151655, 'decay_rate': 0.0010136125060625902, 'hidden_size': 16, 'signal_len': 8, 'cheb_order': 3, 's': 3.526111120167581, 'batch_size': 256, 'k': 2}
Trial 946 finished with value 0.228259582 | dataset=ili | model=ufgtime_plus | val_MSE=0.041760826 | test_MSE=0.107805968 | MAE=0.228259582 | RMSE=0.328338191 | MAPE=74.339596682% | params={'learning_rate': 0.03318247717547377, 'decay_rate': 0.003215938783327237, 'hidden_size': 16, 'signal_len': 8, 'cheb_order': 3, 's': 3.6229506461933054, 'batch_size': 128, 'k': 2}
Trial 947 finished with value 0.204344754 | dataset=ili | model=ufgtime_plus | val_MSE=0.028029688 | test_MSE=0.084633448 | MAE=0.204344754 | RMSE=0.290918283 | MAPE=75.169533736% | params={'learning_rate': 0.0341476175189114, 'decay_rate': 0.002272027964513397, 'hidden_size': 16, 'signal_len': 8, 'cheb_order': 3, 's': 3.0361267126513494, 'batch_size': 256, 'k': 2}
Trial 948 finished with value 0.192570156 | dataset=ili | model=ufgtime_plus | val_MSE=0.025795687 | test_MSE=0.077330398 | MAE=0.192570156 | RMSE=0.278083438 | MAPE=71.943978953% | params={'learning_rate': 0.03429398482327908, 'decay_rate': 0.0009120191094414417, 'hidden_size': 16, 'signal_len': 8, 'cheb_order': 3, 's': 3.1305462640500923, 'batch_size': 32, 'k': 2}
Trial 949 finished with value 0.289020516 | dataset=ili | model=ufgtime_plus | val_MSE=0.051282827 | test_MSE=0.151936406 | MAE=0.289020516 | RMSE=0.389790208 | MAPE=71.410839232% | params={'learning_rate': 0.036174794731308614, 'decay_rate': 0.02563619883423735, 'hidden_size': 16, 'signal_len': 8, 'cheb_order': 3, 's': 3.449758887265269, 'batch_size': 256, 'k': 2}
Trial 950 finished with value 0.204490423 | dataset=ili | model=ufgtime_plus | val_MSE=0.027626662 | test_MSE=0.089548477 | MAE=0.204490423 | RMSE=0.299246516 | MAPE=62.168785979% | params={'learning_rate': 0.03254036753246367, 'decay_rate': 0.0017383498260428757, 'hidden_size': 16, 'signal_len': 8, 'cheb_order': 3, 's': 3.2841473245560557, 'batch_size': 256, 'k': 2}
Trial 951 finished with value 0.187421757 | dataset=ili | model=ufgtime_plus | val_MSE=0.024919141 | test_MSE=0.078822700 | MAE=0.187421757 | RMSE=0.280753808 | MAPE=63.039576605% | params={'learning_rate': 0.03507545225214781, 'decay_rate': 0.0009818854834889568, 'hidden_size': 16, 'signal_len': 8, 'cheb_order': 3, 's': 3.8169225745044284, 'batch_size': 256, 'k': 2}
Trial 952 finished with value 0.232574241 | dataset=ili | model=ufgtime_plus | val_MSE=0.039760701 | test_MSE=0.106489328 | MAE=0.232574241 | RMSE=0.326327026 | MAPE=70.252725187% | params={'learning_rate': 0.03376651170373556, 'decay_rate': 0.0027153506282365067, 'hidden_size': 16, 'signal_len': 8, 'cheb_order': 3, 's': 2.845721374588955, 'batch_size': 128, 'k': 2}
Trial 953 finished with value 0.195905700 | dataset=ili | model=ufgtime_plus | val_MSE=0.025655239 | test_MSE=0.077472986 | MAE=0.195905700 | RMSE=0.278339695 | MAPE=75.359182707% | params={'learning_rate': 0.03285720377930928, 'decay_rate': 0.0009539251064690834, 'hidden_size': 16, 'signal_len': 8, 'cheb_order': 3, 's': 3.4518935885337134, 'batch_size': 16, 'k': 2}
Trial 954 finished with value 0.232931224 | dataset=ili | model=ufgtime_plus | val_MSE=0.022534240 | test_MSE=0.093948316 | MAE=0.232931224 | RMSE=0.306509895 | MAPE=92.057344307% | params={'learning_rate': 0.030373603798330578, 'decay_rate': 1.9898943397015202e-05, 'hidden_size': 16, 'signal_len': 8, 'cheb_order': 3, 's': 3.233749299950505, 'batch_size': 256, 'k': 2}
Trial 955 finished with value 0.208793435 | dataset=ili | model=ufgtime_plus | val_MSE=0.026361155 | test_MSE=0.080394591 | MAE=0.208793435 | RMSE=0.283539400 | MAPE=78.208504215% | params={'learning_rate': 0.03500493381351488, 'decay_rate': 0.002008108912600829, 'hidden_size': 16, 'signal_len': 8, 'cheb_order': 3, 's': 3.302218104609354, 'batch_size': 32, 'k': 2}
Trial 956 finished with value 0.256864583 | dataset=ili | model=ufgtime_plus | val_MSE=0.041933432 | test_MSE=0.122717401 | MAE=0.256864583 | RMSE=0.350310435 | MAPE=70.707856098% | params={'learning_rate': 0.035921376007540244, 'decay_rate': 0.004237706108275638, 'hidden_size': 16, 'signal_len': 8, 'cheb_order': 3, 's': 3.6130922049473013, 'batch_size': 256, 'k': 2}
Trial 957 finished with value 0.315101621 | dataset=ili | model=ufgtime_plus | val_MSE=0.058429044 | test_MSE=0.166213744 | MAE=0.315101621 | RMSE=0.407693198 | MAPE=89.055798788% | params={'learning_rate': 0.03431101297257966, 'decay_rate': 0.04139261136137376, 'hidden_size': 16, 'signal_len': 8, 'cheb_order': 3, 's': 3.579912947059973, 'batch_size': 256, 'k': 2}
Trial 958 finished with value 0.202378221 | dataset=ili | model=ufgtime_plus | val_MSE=0.027681417 | test_MSE=0.084835255 | MAE=0.202378221 | RMSE=0.291264922 | MAPE=69.350412255% | params={'learning_rate': 0.037191477605413706, 'decay_rate': 0.0016870989841418422, 'hidden_size': 16, 'signal_len': 8, 'cheb_order': 3, 's': 3.519133839301583, 'batch_size': 128, 'k': 2}
Trial 959 finished with value 0.248035605 | dataset=ili | model=ufgtime_plus | val_MSE=0.037678145 | test_MSE=0.109677091 | MAE=0.248035605 | RMSE=0.331175318 | MAPE=78.657335433% | params={'learning_rate': 0.04957278746167399, 'decay_rate': 0.003321674313752008, 'hidden_size': 16, 'signal_len': 8, 'cheb_order': 3, 's': 3.41952077037409, 'batch_size': 256, 'k': 2}
Trial 960 finished with value 0.195215029 | dataset=ili | model=ufgtime_plus | val_MSE=0.016630724 | test_MSE=0.072159315 | MAE=0.195215029 | RMSE=0.268624859 | MAPE=78.468134356% | params={'learning_rate': 0.03491486196650445, 'decay_rate': 2.8267128781115877e-05, 'hidden_size': 16, 'signal_len': 16, 'cheb_order': 3, 's': 5.645452223804196, 'batch_size': 256, 'k': 2}
Trial 961 finished with value 0.197940724 | dataset=ili | model=ufgtime_plus | val_MSE=0.025853388 | test_MSE=0.079159276 | MAE=0.197940724 | RMSE=0.281352584 | MAPE=78.336349720% | params={'learning_rate': 0.04220137725458069, 'decay_rate': 0.0009299081809191097, 'hidden_size': 16, 'signal_len': 8, 'cheb_order': 3, 's': 7.295420120909259, 'batch_size': 32, 'k': 2}
Trial 962 finished with value 0.210838139 | dataset=ili | model=ufgtime_plus | val_MSE=0.028999865 | test_MSE=0.087742698 | MAE=0.210838139 | RMSE=0.296213939 | MAPE=76.325896801% | params={'learning_rate': 0.031542440593263485, 'decay_rate': 0.002541558946031743, 'hidden_size': 16, 'signal_len': 8, 'cheb_order': 2, 's': 5.068131668455873, 'batch_size': 256, 'k': 2}
Trial 963 finished with value 0.209760517 | dataset=ili | model=ufgtime_plus | val_MSE=0.027863108 | test_MSE=0.086689647 | MAE=0.209760517 | RMSE=0.294431057 | MAPE=74.414612904% | params={'learning_rate': 0.03291952312661595, 'decay_rate': 0.0015688298487981109, 'hidden_size': 16, 'signal_len': 8, 'cheb_order': 3, 's': 5.888491092408258, 'batch_size': 256, 'k': 2}
Trial 964 finished with value 0.188172438 | dataset=ili | model=ufgtime_plus | val_MSE=0.026282746 | test_MSE=0.078645065 | MAE=0.188172438 | RMSE=0.280437275 | MAPE=60.138712304% | params={'learning_rate': 0.03346839919525331, 'decay_rate': 0.0010308205461066558, 'hidden_size': 16, 'signal_len': 8, 'cheb_order': 3, 's': 3.7220902635767037, 'batch_size': 128, 'k': 2}
Trial 965 finished with value 0.243010798 | dataset=ili | model=ufgtime_plus | val_MSE=0.042026676 | test_MSE=0.118323316 | MAE=0.243010798 | RMSE=0.343981563 | MAPE=62.106544288% | params={'learning_rate': 0.016980533325883576, 'decay_rate': 0.002528764806675035, 'hidden_size': 64, 'signal_len': 8, 'cheb_order': 3, 's': 6.033189923646669, 'batch_size': 256, 'k': 2}
Trial 966 finished with value 0.264507319 | dataset=ili | model=ufgtime_plus | val_MSE=0.047044549 | test_MSE=0.128721646 | MAE=0.264507319 | RMSE=0.358777990 | MAPE=73.827976314% | params={'learning_rate': 0.03594692103952003, 'decay_rate': 0.006219282916052906, 'hidden_size': 16, 'signal_len': 8, 'cheb_order': 3, 's': 5.441037020433989, 'batch_size': 256, 'k': 2}
Trial 967 finished with value 0.200059527 | dataset=ili | model=ufgtime_plus | val_MSE=0.025622173 | test_MSE=0.085478017 | MAE=0.200059527 | RMSE=0.292366238 | MAPE=68.788913022% | params={'learning_rate': 0.015600352004694807, 'decay_rate': 0.0009239657533537293, 'hidden_size': 16, 'signal_len': 8, 'cheb_order': 3, 's': 5.74360642861508, 'batch_size': 64, 'k': 2}
Trial 968 finished with value 0.218614568 | dataset=ili | model=ufgtime_plus | val_MSE=0.041885422 | test_MSE=0.103317670 | MAE=0.218614568 | RMSE=0.321430662 | MAPE=70.935224265% | params={'learning_rate': 0.03683894187554924, 'decay_rate': 0.0021357366245797395, 'hidden_size': 16, 'signal_len': 8, 'cheb_order': 3, 's': 6.2617620653691475, 'batch_size': 16, 'k': 2}
Trial 969 finished with value 0.242400289 | dataset=ili | model=ufgtime_plus | val_MSE=0.042490065 | test_MSE=0.117896013 | MAE=0.242400289 | RMSE=0.343359888 | MAPE=67.697248725% | params={'learning_rate': 0.03790003576766824, 'decay_rate': 0.003469925348258276, 'hidden_size': 64, 'signal_len': 8, 'cheb_order': 3, 's': 5.577455215202428, 'batch_size': 256, 'k': 2}
Trial 970 finished with value 0.231304637 | dataset=ili | model=ufgtime_plus | val_MSE=0.018522840 | test_MSE=0.090922965 | MAE=0.231304637 | RMSE=0.301534351 | MAPE=90.245583539% | params={'learning_rate': 0.049926028965282615, 'decay_rate': 2.1165379327598918e-05, 'hidden_size': 16, 'signal_len': 8, 'cheb_order': 3, 's': 5.924035023233519, 'batch_size': 32, 'k': 2}
Trial 971 finished with value 0.210494863 | dataset=ili | model=ufgtime_plus | val_MSE=0.027001300 | test_MSE=0.085505306 | MAE=0.210494863 | RMSE=0.292412904 | MAPE=69.720553915% | params={'learning_rate': 0.008133071165107775, 'decay_rate': 0.0016597790172223677, 'hidden_size': 16, 'signal_len': 8, 'cheb_order': 3, 's': 6.534850289112526, 'batch_size': 128, 'k': 2}
Trial 972 finished with value 0.189509960 | dataset=ili | model=ufgtime_plus | val_MSE=0.024208115 | test_MSE=0.076281397 | MAE=0.189509960 | RMSE=0.276190871 | MAPE=66.922375080% | params={'learning_rate': 0.03427055851765879, 'decay_rate': 0.0008350136037563075, 'hidden_size': 32, 'signal_len': 8, 'cheb_order': 3, 's': 9.964039245961825, 'batch_size': 256, 'k': 2}
Trial 973 finished with value 0.205030746 | dataset=ili | model=ufgtime_plus | val_MSE=0.027559854 | test_MSE=0.083734595 | MAE=0.205030746 | RMSE=0.289369306 | MAPE=78.364637074% | params={'learning_rate': 0.035336534487844865, 'decay_rate': 0.002290812199195776, 'hidden_size': 32, 'signal_len': 8, 'cheb_order': 3, 's': 6.089207440622437, 'batch_size': 256, 'k': 2}
Trial 974 finished with value 0.188052317 | dataset=ili | model=ufgtime_plus | val_MSE=0.025988497 | test_MSE=0.079987835 | MAE=0.188052317 | RMSE=0.282821208 | MAPE=64.133129647% | params={'learning_rate': 0.01448136410470254, 'decay_rate': 0.0008652320101608736, 'hidden_size': 16, 'signal_len': 8, 'cheb_order': 3, 's': 3.303008245950608, 'batch_size': 256, 'k': 2}
Trial 975 finished with value 0.254857124 | dataset=ili | model=ufgtime_plus | val_MSE=0.045009043 | test_MSE=0.123087125 | MAE=0.254857124 | RMSE=0.350837747 | MAPE=75.765123532% | params={'learning_rate': 0.018231029395942556, 'decay_rate': 0.003765061982067273, 'hidden_size': 32, 'signal_len': 8, 'cheb_order': 3, 's': 5.770214280189485, 'batch_size': 256, 'k': 2}
Trial 976 finished with value 0.342959427 | dataset=ili | model=ufgtime_plus | val_MSE=0.056839091 | test_MSE=0.187782100 | MAE=0.342959427 | RMSE=0.433338321 | MAPE=99.883394176% | params={'learning_rate': 0.03180997935447786, 'decay_rate': 0.03318688284877028, 'hidden_size': 32, 'signal_len': 8, 'cheb_order': 3, 's': 3.5854835067801827, 'batch_size': 128, 'k': 2}
Trial 977 finished with value 0.188569265 | dataset=ili | model=ufgtime_plus | val_MSE=0.018678430 | test_MSE=0.077668237 | MAE=0.188569265 | RMSE=0.278690217 | MAPE=62.265216289% | params={'learning_rate': 0.036627945364088595, 'decay_rate': 3.396154335884186e-05, 'hidden_size': 16, 'signal_len': 8, 'cheb_order': 3, 's': 3.757204072073498, 'batch_size': 32, 'k': 2}
Trial 978 finished with value 0.227681946 | dataset=ili | model=ufgtime_plus | val_MSE=0.037398677 | test_MSE=0.106479861 | MAE=0.227681946 | RMSE=0.326312521 | MAPE=59.980284570% | params={'learning_rate': 0.017534105070576077, 'decay_rate': 0.0016956211320061504, 'hidden_size': 32, 'signal_len': 8, 'cheb_order': 3, 's': 5.672492015846236, 'batch_size': 256, 'k': 2}
Trial 979 finished with value 0.244210897 | dataset=ili | model=ufgtime_plus | val_MSE=0.029578730 | test_MSE=0.111500912 | MAE=0.244210897 | RMSE=0.333917523 | MAPE=65.832260256% | params={'learning_rate': 0.016667386066242906, 'decay_rate': 0.0027064651216958694, 'hidden_size': 64, 'signal_len': 16, 'cheb_order': 2, 's': 5.226886283620241, 'batch_size': 256, 'k': 2}
Trial 980 finished with value 0.222089690 | dataset=ili | model=ufgtime_plus | val_MSE=0.036811426 | test_MSE=0.102502824 | MAE=0.222089690 | RMSE=0.320160623 | MAPE=56.801336854% | params={'learning_rate': 0.005566902226718294, 'decay_rate': 0.0008816696916073608, 'hidden_size': 32, 'signal_len': 8, 'cheb_order': 3, 's': 6.204833476559417, 'batch_size': 256, 'k': 2}
Trial 981 finished with value 0.215553402 | dataset=ili | model=ufgtime_plus | val_MSE=0.035888721 | test_MSE=0.096853396 | MAE=0.215553402 | RMSE=0.311212783 | MAPE=62.430595011% | params={'learning_rate': 0.026012892488778663, 'decay_rate': 0.0015826661032004878, 'hidden_size': 32, 'signal_len': 8, 'cheb_order': 3, 's': 6.019331577662443, 'batch_size': 16, 'k': 2}
Trial 982 finished with value 0.237363628 | dataset=ili | model=ufgtime_plus | val_MSE=0.019678047 | test_MSE=0.100260031 | MAE=0.237363628 | RMSE=0.316638644 | MAPE=100.503023208% | params={'learning_rate': 0.03416642636776927, 'decay_rate': 1.1015635968537234e-05, 'hidden_size': 16, 'signal_len': 8, 'cheb_order': 3, 's': 3.874687794738646, 'batch_size': 128, 'k': 2}
Trial 983 finished with value 0.239179232 | dataset=ili | model=ufgtime_plus | val_MSE=0.039159391 | test_MSE=0.109747461 | MAE=0.239179232 | RMSE=0.331281544 | MAPE=71.207111385% | params={'learning_rate': 0.042811038575217314, 'decay_rate': 0.0028691726266346, 'hidden_size': 32, 'signal_len': 8, 'cheb_order': 3, 's': 5.441262933090541, 'batch_size': 256, 'k': 2}
Trial 984 finished with value 0.258314524 | dataset=ili | model=ufgtime_plus | val_MSE=0.045334571 | test_MSE=0.125485249 | MAE=0.258314524 | RMSE=0.354238972 | MAPE=77.977631366% | params={'learning_rate': 0.044988301625317036, 'decay_rate': 0.004745094459122883, 'hidden_size': 32, 'signal_len': 8, 'cheb_order': 3, 's': 5.783690121290975, 'batch_size': 32, 'k': 2}
Trial 985 finished with value 0.206695522 | dataset=ili | model=ufgtime_plus | val_MSE=0.027352249 | test_MSE=0.085380817 | MAE=0.206695522 | RMSE=0.292199961 | MAPE=74.371267928% | params={'learning_rate': 0.03553851379285061, 'decay_rate': 0.0016890633328642476, 'hidden_size': 16, 'signal_len': 8, 'cheb_order': 3, 's': 3.385355428408823, 'batch_size': 256, 'k': 2}
Trial 986 finished with value 0.187973757 | dataset=ili | model=ufgtime_plus | val_MSE=0.024887780 | test_MSE=0.078195242 | MAE=0.187973757 | RMSE=0.279634122 | MAPE=64.475225555% | params={'learning_rate': 0.04779614768855821, 'decay_rate': 0.0009788886864270287, 'hidden_size': 32, 'signal_len': 8, 'cheb_order': 3, 's': 5.027974114500646, 'batch_size': 256, 'k': 2}
Trial 987 finished with value 0.209123053 | dataset=ili | model=ufgtime_plus | val_MSE=0.027846843 | test_MSE=0.086234999 | MAE=0.209123053 | RMSE=0.293657963 | MAPE=74.258885184% | params={'learning_rate': 0.018877937360945153, 'decay_rate': 0.0021711775148409865, 'hidden_size': 32, 'signal_len': 8, 'cheb_order': 3, 's': 6.465636325578609, 'batch_size': 256, 'k': 2}
Trial 988 finished with value 0.196950233 | dataset=ili | model=ufgtime_plus | val_MSE=0.025859186 | test_MSE=0.085729333 | MAE=0.196950233 | RMSE=0.292795719 | MAPE=60.930828118% | params={'learning_rate': 0.0462659597406397, 'decay_rate': 0.0008499263808739752, 'hidden_size': 16, 'signal_len': 8, 'cheb_order': 3, 's': 5.944479309238755, 'batch_size': 128, 'k': 2}
Trial 989 finished with value 0.246153544 | dataset=ili | model=ufgtime_plus | val_MSE=0.042775311 | test_MSE=0.118909759 | MAE=0.246153544 | RMSE=0.344832944 | MAPE=67.171343154% | params={'learning_rate': 0.015774513810848385, 'decay_rate': 0.0033815962552046627, 'hidden_size': 32, 'signal_len': 8, 'cheb_order': 3, 's': 5.6138094119665265, 'batch_size': 256, 'k': 2}
Trial 990 finished with value 0.203203538 | dataset=ili | model=ufgtime_plus | val_MSE=0.033480015 | test_MSE=0.090218776 | MAE=0.203203538 | RMSE=0.300364405 | MAPE=55.331217341% | params={'learning_rate': 0.03742317666885406, 'decay_rate': 3.101356633495266e-05, 'hidden_size': 32, 'signal_len': 8, 'cheb_order': 3, 's': 6.17699135111452, 'batch_size': 256, 'k': 2}
Trial 991 finished with value 0.206534455 | dataset=ili | model=ufgtime_plus | val_MSE=0.034913057 | test_MSE=0.091068379 | MAE=0.206534455 | RMSE=0.301775378 | MAPE=63.545747890% | params={'learning_rate': 0.03360519535078993, 'decay_rate': 0.0016212061505385092, 'hidden_size': 64, 'signal_len': 8, 'cheb_order': 3, 's': 6.829904539846876, 'batch_size': 64, 'k': 6}
Trial 992 finished with value 0.225835556 | dataset=ili | model=ufgtime_plus | val_MSE=0.021772915 | test_MSE=0.095032008 | MAE=0.225835556 | RMSE=0.308272619 | MAPE=91.250635478% | params={'learning_rate': 0.017296837537123886, 'decay_rate': 2.8695659950159972e-05, 'hidden_size': 32, 'signal_len': 8, 'cheb_order': 3, 's': 3.8090404795910375, 'batch_size': 32, 'k': 2}
Trial 993 finished with value 0.212835999 | dataset=ili | model=ufgtime_plus | val_MSE=0.028908582 | test_MSE=0.088681043 | MAE=0.212835999 | RMSE=0.297793625 | MAPE=77.323255492% | params={'learning_rate': 0.012895342479163394, 'decay_rate': 0.0023882432626463447, 'hidden_size': 16, 'signal_len': 8, 'cheb_order': 3, 's': 5.339347223145106, 'batch_size': 256, 'k': 2}
Trial 994 finished with value 0.201113890 | dataset=ili | model=ufgtime_plus | val_MSE=0.025979663 | test_MSE=0.083541929 | MAE=0.201113890 | RMSE=0.289036207 | MAPE=60.795261508% | params={'learning_rate': 0.03837796210787317, 'decay_rate': 0.0009474104247612305, 'hidden_size': 32, 'signal_len': 8, 'cheb_order': 3, 's': 3.6593026968236515, 'batch_size': 128, 'k': 2}
Trial 995 finished with value 0.198360897 | dataset=ili | model=ufgtime_plus | val_MSE=0.026361668 | test_MSE=0.079991274 | MAE=0.198360897 | RMSE=0.282827287 | MAPE=75.420596445% | params={'learning_rate': 0.03617694957036853, 'decay_rate': 0.001621339795109585, 'hidden_size': 32, 'signal_len': 8, 'cheb_order': 3, 's': 3.9620110683444856, 'batch_size': 256, 'k': 2}
Trial 996 finished with value 0.291343694 | dataset=ili | model=ufgtime_plus | val_MSE=0.054418579 | test_MSE=0.140551318 | MAE=0.291343694 | RMSE=0.374901744 | MAPE=102.122931197% | params={'learning_rate': 0.03492098735689103, 'decay_rate': 0.045745055886189316, 'hidden_size': 16, 'signal_len': 8, 'cheb_order': 3, 's': 3.164424798698595, 'batch_size': 16, 'k': 3}
Trial 997 finished with value 0.238186163 | dataset=ili | model=ufgtime_plus | val_MSE=0.040554676 | test_MSE=0.109842781 | MAE=0.238186163 | RMSE=0.331425377 | MAPE=73.667065023% | params={'learning_rate': 0.018759894588121957, 'decay_rate': 0.0030996718365600743, 'hidden_size': 32, 'signal_len': 8, 'cheb_order': 3, 's': 5.8743540067134985, 'batch_size': 256, 'k': 2}
Trial 998 finished with value 0.185067640 | dataset=ili | model=ufgtime_plus | val_MSE=0.026468977 | test_MSE=0.078447962 | MAE=0.185067640 | RMSE=0.280085634 | MAPE=57.112736676% | params={'learning_rate': 0.015350607353870222, 'decay_rate': 0.0008764812030755539, 'hidden_size': 32, 'signal_len': 8, 'cheb_order': 2, 's': 6.319438975965756, 'batch_size': 256, 'k': 2}
Trial 999 finished with value 0.242126762 | dataset=ili | model=ufgtime_plus | val_MSE=0.044510114 | test_MSE=0.115783352 | MAE=0.242126762 | RMSE=0.340269528 | MAPE=78.084401759% | params={'learning_rate': 0.011542785861006868, 'decay_rate': 0.004150242327407639, 'hidden_size': 16, 'signal_len': 16, 'cheb_order': 3, 's': 5.538758547266282, 'batch_size': 32, 'k': 2}
Best trial 741 | value=0.174340182 | dataset=ili | model=ufgtime_plus | params={'learning_rate': 0.018029912113036985, 'decay_rate': 0.0008855621931904651, 'hidden_size': 32, 'signal_len': 8, 'cheb_order': 3, 's': 5.729109951454187, 'batch_size': 256, 'k': 2} | val_MSE=0.024273355 | test_MSE=0.071837674 | MAE=0.174340182 | RMSE=0.268025509 | MAPE=59.275270557%
