Trial 825 finished with value 0.247253318 | dataset=ili | model=ufgtime_plus | val_MSE=0.043618649 | test_MSE=0.118073762 | MAE=0.247253318 | RMSE=0.343618629 | MAPE=66.439407802% | params={'learning_rate': 0.014669315846351297, 'decay_rate': 0.0031543018621403244, 'hidden_size': 64, 'signal_len': 8, 'cheb_order': 3, 's': 4.4680916874548515, 'batch_size': 256, 'k': 2}
Trial 826 finished with value 0.202442748 | dataset=ili | model=ufgtime_plus | val_MSE=0.027025303 | test_MSE=0.083439603 | MAE=0.202442748 | RMSE=0.288859141 | MAPE=73.886013995% | params={'learning_rate': 0.018288524765753073, 'decay_rate': 0.0016379495136297547, 'hidden_size': 32, 'signal_len': 8, 'cheb_order': 2, 's': 4.849045631388988, 'batch_size': 256, 'k': 2}
Trial 827 finished with value 0.212169603 | dataset=ili | model=ufgtime_plus | val_MSE=0.024139058 | test_MSE=0.099285947 | MAE=0.212169603 | RMSE=0.315096727 | MAPE=53.891054361% | params={'learning_rate': 0.00473844899094121, 'decay_rate': 2.260769255020827e-05, 'hidden_size': 32, 'signal_len': 8, 'cheb_order': 3, 's': 5.963260870414548, 'batch_size': 16, 'k': 2}
Trial 828 finished with value 0.238848112 | dataset=ili | model=ufgtime_plus | val_MSE=0.038900498 | test_MSE=0.112439176 | MAE=0.238848112 | RMSE=0.335319513 | MAPE=62.581469274% | params={'learning_rate': 0.012942591018093206, 'decay_rate': 0.00225557567961942, 'hidden_size': 32, 'signal_len': 8, 'cheb_order': 3, 's': 4.562892102417631, 'batch_size': 256, 'k': 2}
Trial 829 finished with value 0.310242735 | dataset=ili | model=ufgtime_plus | val_MSE=0.056933903 | test_MSE=0.177722854 | MAE=0.310242735 | RMSE=0.421571884 | MAPE=66.622714078% | params={'learning_rate': 0.016872693102430156, 'decay_rate': 0.022863017451296416, 'hidden_size': 32, 'signal_len': 8, 'cheb_order': 3, 's': 6.145368337256866, 'batch_size': 128, 'k': 5}
Trial 830 finished with value 0.179218594 | dataset=ili | model=ufgtime_plus | val_MSE=0.024055207 | test_MSE=0.072781280 | MAE=0.179218594 | RMSE=0.269780059 | MAPE=63.737490353% | params={'learning_rate': 0.03488422954187372, 'decay_rate': 0.0009279099142696229, 'hidden_size': 32, 'signal_len': 8, 'cheb_order': 3, 's': 3.543383076726532, 'batch_size': 256, 'k': 2}
Trial 831 finished with value 0.194569413 | dataset=ili | model=ufgtime_plus | val_MSE=0.027008614 | test_MSE=0.080871650 | MAE=0.194569413 | RMSE=0.284379413 | MAPE=69.627493879% | params={'learning_rate': 0.03626793513288032, 'decay_rate': 0.0016555461653561497, 'hidden_size': 32, 'signal_len': 8, 'cheb_order': 3, 's': 3.354051610415282, 'batch_size': 256, 'k': 2}
Trial 832 finished with value 0.213948581 | dataset=ili | model=ufgtime_plus | val_MSE=0.030329162 | test_MSE=0.090807135 | MAE=0.213948581 | RMSE=0.301342222 | MAPE=76.029612582% | params={'learning_rate': 0.03524344398982291, 'decay_rate': 0.0033177893480705904, 'hidden_size': 32, 'signal_len': 8, 'cheb_order': 3, 's': 3.7961432970736335, 'batch_size': 256, 'k': 2}
Trial 833 finished with value 0.193742921 | dataset=ili | model=ufgtime_plus | val_MSE=0.025765643 | test_MSE=0.079203797 | MAE=0.193742921 | RMSE=0.281431692 | MAPE=67.839490176% | params={'learning_rate': 0.03515835594539927, 'decay_rate': 0.0010896974547230124, 'hidden_size': 32, 'signal_len': 8, 'cheb_order': 3, 's': 3.4439144417460685, 'batch_size': 128, 'k': 2}
Trial 834 finished with value 0.208505825 | dataset=ili | model=ufgtime_plus | val_MSE=0.027696956 | test_MSE=0.084643884 | MAE=0.208505825 | RMSE=0.290936219 | MAPE=80.954586119% | params={'learning_rate': 0.03466794748567686, 'decay_rate': 0.0022986269478073654, 'hidden_size': 32, 'signal_len': 8, 'cheb_order': 3, 's': 3.5953543077378036, 'batch_size': 256, 'k': 2}
Trial 835 finished with value 0.214423421 | dataset=ili | model=ufgtime_plus | val_MSE=0.035914231 | test_MSE=0.097960353 | MAE=0.214423421 | RMSE=0.312986186 | MAPE=53.478323340% | params={'learning_rate': 0.0357249997019855, 'decay_rate': 0.0009380091327181006, 'hidden_size': 64, 'signal_len': 8, 'cheb_order': 3, 's': 3.2347836166408483, 'batch_size': 256, 'k': 2}
Trial 836 finished with value 0.214383682 | dataset=ili | model=ufgtime_plus | val_MSE=0.033590298 | test_MSE=0.097188774 | MAE=0.214383682 | RMSE=0.311751141 | MAPE=54.866693065% | params={'learning_rate': 0.03448197841215493, 'decay_rate': 3.9452221407335975e-05, 'hidden_size': 32, 'signal_len': 8, 'cheb_order': 3, 's': 3.2157775338220747, 'batch_size': 256, 'k': 2}
Trial 837 finished with value 0.229163970 | dataset=ili | model=ufgtime_plus | val_MSE=0.043234748 | test_MSE=0.109185034 | MAE=0.229163970 | RMSE=0.330431587 | MAPE=67.953423173% | params={'learning_rate': 0.036452562756894645, 'decay_rate': 0.0026629344032467524, 'hidden_size': 32, 'signal_len': 8, 'cheb_order': 3, 's': 3.1121806812122603, 'batch_size': 16, 'k': 2}
Trial 838 finished with value 0.202525960 | dataset=ili | model=ufgtime_plus | val_MSE=0.024730876 | test_MSE=0.080036505 | MAE=0.202525960 | RMSE=0.282907237 | MAPE=80.001289135% | params={'learning_rate': 0.036666693366230255, 'decay_rate': 0.0016086358070512188, 'hidden_size': 32, 'signal_len': 8, 'cheb_order': 3, 's': 3.9391727574543274, 'batch_size': 256, 'k': 2}
Trial 839 finished with value 0.187724269 | dataset=ili | model=ufgtime_plus | val_MSE=0.025759026 | test_MSE=0.078566469 | MAE=0.187724269 | RMSE=0.280297109 | MAPE=65.829524409% | params={'learning_rate': 0.03417047115932639, 'decay_rate': 0.0008251709030834409, 'hidden_size': 32, 'signal_len': 8, 'cheb_order': 3, 's': 3.5092182072236318, 'batch_size': 128, 'k': 2}
Trial 840 finished with value 0.299161568 | dataset=ili | model=ufgtime_plus | val_MSE=0.057170492 | test_MSE=0.150436562 | MAE=0.299161568 | RMSE=0.387861524 | MAPE=93.921533457% | params={'learning_rate': 0.03275358396235625, 'decay_rate': 0.0346889893114562, 'hidden_size': 32, 'signal_len': 8, 'cheb_order': 3, 's': 3.6257196442499118, 'batch_size': 256, 'k': 3}
Trial 841 finished with value 0.262474953 | dataset=ili | model=ufgtime_plus | val_MSE=0.045633599 | test_MSE=0.130714776 | MAE=0.262474953 | RMSE=0.361544985 | MAPE=71.296624214% | params={'learning_rate': 0.03962015182822166, 'decay_rate': 0.004771015369614849, 'hidden_size': 32, 'signal_len': 8, 'cheb_order': 3, 's': 3.7283833556145, 'batch_size': 256, 'k': 2}
Trial 842 finished with value 0.198451875 | dataset=ili | model=ufgtime_plus | val_MSE=0.028592227 | test_MSE=0.087377798 | MAE=0.198451875 | RMSE=0.295597358 | MAPE=66.425035093% | params={'learning_rate': 0.03395524825978613, 'decay_rate': 0.0022305773614765415, 'hidden_size': 32, 'signal_len': 8, 'cheb_order': 3, 's': 3.379353220854156, 'batch_size': 256, 'k': 2}
Trial 843 finished with value 0.252884229 | dataset=ili | model=ufgtime_plus | val_MSE=0.050805549 | test_MSE=0.127670237 | MAE=0.252884229 | RMSE=0.357309721 | MAPE=89.143104426% | params={'learning_rate': 0.037586033288839235, 'decay_rate': 0.00915478769242393, 'hidden_size': 32, 'signal_len': 8, 'cheb_order': 3, 's': 3.7003338931972025, 'batch_size': 128, 'k': 2}
Trial 844 finished with value 0.244153661 | dataset=ili | model=ufgtime_plus | val_MSE=0.019808782 | test_MSE=0.102314829 | MAE=0.244153661 | RMSE=0.319866893 | MAPE=108.759880337% | params={'learning_rate': 0.04111534646048621, 'decay_rate': 1.754976217744925e-05, 'hidden_size': 64, 'signal_len': 8, 'cheb_order': 3, 's': 4.039586281673319, 'batch_size': 256, 'k': 2}
Trial 845 finished with value 0.188842335 | dataset=ili | model=ufgtime_plus | val_MSE=0.025572522 | test_MSE=0.082710691 | MAE=0.188842335 | RMSE=0.287594665 | MAPE=57.503531550% | params={'learning_rate': 0.021166424857305268, 'decay_rate': 0.0009657714721677808, 'hidden_size': 32, 'signal_len': 8, 'cheb_order': 2, 's': 4.41328281393703, 'batch_size': 256, 'k': 2}
Trial 846 finished with value 0.243022894 | dataset=ili | model=ufgtime_plus | val_MSE=0.041308636 | test_MSE=0.107219460 | MAE=0.243022894 | RMSE=0.327443827 | MAPE=85.764619066% | params={'learning_rate': 0.04437772213381497, 'decay_rate': 0.0034589609275497693, 'hidden_size': 32, 'signal_len': 8, 'cheb_order': 3, 's': 3.5285153851077373, 'batch_size': 64, 'k': 2}
Trial 847 finished with value 0.203105870 | dataset=ili | model=ufgtime_plus | val_MSE=0.026578622 | test_MSE=0.087180147 | MAE=0.203105870 | RMSE=0.295262843 | MAPE=63.727194025% | params={'learning_rate': 0.03565215992811963, 'decay_rate': 0.0017248984463830836, 'hidden_size': 32, 'signal_len': 8, 'cheb_order': 3, 's': 3.8729315312592063, 'batch_size': 256, 'k': 2}
Trial 848 finished with value 0.264356288 | dataset=ili | model=ufgtime_plus | val_MSE=0.049166143 | test_MSE=0.128731174 | MAE=0.264356288 | RMSE=0.358791268 | MAPE=79.826344347% | params={'learning_rate': 0.02150980002774298, 'decay_rate': 0.012500114768608116, 'hidden_size': 32, 'signal_len': 8, 'cheb_order': 3, 's': 1.1438637220052321, 'batch_size': 256, 'k': 2}
Trial 849 finished with value 0.196234631 | dataset=ili | model=ufgtime_plus | val_MSE=0.022027529 | test_MSE=0.079499779 | MAE=0.196234631 | RMSE=0.281957051 | MAPE=73.072740586% | params={'learning_rate': 0.03492607188555247, 'decay_rate': 2.1612889230223197e-05, 'hidden_size': 32, 'signal_len': 8, 'cheb_order': 3, 's': 2.0172633138117746, 'batch_size': 128, 'k': 2}
Trial 850 finished with value 0.217116760 | dataset=ili | model=ufgtime_plus | val_MSE=0.028533913 | test_MSE=0.088149156 | MAE=0.217116760 | RMSE=0.296899235 | MAPE=77.962887294% | params={'learning_rate': 0.03722866805912765, 'decay_rate': 0.002485484634443729, 'hidden_size': 32, 'signal_len': 8, 'cheb_order': 3, 's': 4.066857896260666, 'batch_size': 256, 'k': 2}
Trial 851 finished with value 0.186256318 | dataset=ili | model=ufgtime_plus | val_MSE=0.025337543 | test_MSE=0.077732267 | MAE=0.186256318 | RMSE=0.278805069 | MAPE=54.410285345% | params={'learning_rate': 0.020150433470171765, 'decay_rate': 0.0009517070504986334, 'hidden_size': 32, 'signal_len': 8, 'cheb_order': 3, 's': 4.693066491906037, 'batch_size': 16, 'k': 2}
Trial 852 finished with value 0.202589468 | dataset=ili | model=ufgtime_plus | val_MSE=0.027114654 | test_MSE=0.085764205 | MAE=0.202589468 | RMSE=0.292855263 | MAPE=66.521801732% | params={'learning_rate': 0.03345385853570061, 'decay_rate': 0.0016754819093941834, 'hidden_size': 32, 'signal_len': 8, 'cheb_order': 3, 's': 5.125619874722984, 'batch_size': 256, 'k': 2}
Trial 853 finished with value 0.244099207 | dataset=ili | model=ufgtime_plus | val_MSE=0.042472053 | test_MSE=0.115747955 | MAE=0.244099207 | RMSE=0.340217512 | MAPE=73.882807483% | params={'learning_rate': 0.03885226394911844, 'decay_rate': 0.003953845726971314, 'hidden_size': 32, 'signal_len': 8, 'cheb_order': 3, 's': 3.0465306234181506, 'batch_size': 256, 'k': 2}
Trial 854 finished with value 0.201178101 | dataset=ili | model=ufgtime_plus | val_MSE=0.034692622 | test_MSE=0.089321429 | MAE=0.201178101 | RMSE=0.298866908 | MAPE=55.555458765% | params={'learning_rate': 0.020774856518045823, 'decay_rate': 0.0008817336083212475, 'hidden_size': 64, 'signal_len': 8, 'cheb_order': 3, 's': 3.614102230140368, 'batch_size': 128, 'k': 2}
Trial 855 finished with value 0.216926949 | dataset=ili | model=ufgtime_plus | val_MSE=0.029315745 | test_MSE=0.087570482 | MAE=0.216926949 | RMSE=0.295923101 | MAPE=85.798640921% | params={'learning_rate': 0.04058255070640138, 'decay_rate': 0.002767415988376062, 'hidden_size': 32, 'signal_len': 8, 'cheb_order': 3, 's': 3.884929019990853, 'batch_size': 256, 'k': 2}
Trial 856 finished with value 0.203258570 | dataset=ili | model=ufgtime_plus | val_MSE=0.033510238 | test_MSE=0.090592708 | MAE=0.203258570 | RMSE=0.300986225 | MAPE=55.397717663% | params={'learning_rate': 0.03555546695178816, 'decay_rate': 1.7648581671963516e-05, 'hidden_size': 32, 'signal_len': 8, 'cheb_order': 3, 's': 5.527416742476733, 'batch_size': 256, 'k': 2}
Trial 857 finished with value 0.196446628 | dataset=ili | model=ufgtime_plus | val_MSE=0.027741928 | test_MSE=0.084992871 | MAE=0.196446628 | RMSE=0.291535368 | MAPE=66.990641321% | params={'learning_rate': 0.03750412736537791, 'decay_rate': 0.0016303549389296023, 'hidden_size': 32, 'signal_len': 8, 'cheb_order': 3, 's': 2.635346040622175, 'batch_size': 256, 'k': 2}
Trial 858 finished with value 0.192664400 | dataset=ili | model=ufgtime_plus | val_MSE=0.026139716 | test_MSE=0.081880767 | MAE=0.192664400 | RMSE=0.286148156 | MAPE=60.557880042% | params={'learning_rate': 0.021851371143262494, 'decay_rate': 0.001025013490996071, 'hidden_size': 32, 'signal_len': 8, 'cheb_order': 3, 's': 4.046712414561281, 'batch_size': 256, 'k': 2}
Trial 859 finished with value 0.241306180 | dataset=ili | model=ufgtime_plus | val_MSE=0.039753724 | test_MSE=0.114190144 | MAE=0.241306180 | RMSE=0.337920322 | MAPE=64.264733990% | params={'learning_rate': 0.04661051811398519, 'decay_rate': 0.0023669398829041493, 'hidden_size': 32, 'signal_len': 8, 'cheb_order': 3, 's': 4.325120283038341, 'batch_size': 256, 'k': 2}
Trial 860 finished with value 0.214678679 | dataset=ili | model=ufgtime_plus | val_MSE=0.037691692 | test_MSE=0.099818004 | MAE=0.214678679 | RMSE=0.315939874 | MAPE=62.102297598% | params={'learning_rate': 0.03463495835522583, 'decay_rate': 0.0016769098504621643, 'hidden_size': 32, 'signal_len': 8, 'cheb_order': 3, 's': 3.74578072092507, 'batch_size': 128, 'k': 2}
Trial 861 finished with value 0.184263337 | dataset=ili | model=ufgtime_plus | val_MSE=0.024181737 | test_MSE=0.076257029 | MAE=0.184263337 | RMSE=0.276146753 | MAPE=64.401748316% | params={'learning_rate': 0.01966413941345568, 'decay_rate': 0.0008430255894185581, 'hidden_size': 32, 'signal_len': 8, 'cheb_order': 3, 's': 4.579615969034302, 'batch_size': 256, 'k': 2}
Trial 862 finished with value 0.254029849 | dataset=ili | model=ufgtime_plus | val_MSE=0.043102540 | test_MSE=0.120242599 | MAE=0.254029849 | RMSE=0.346760146 | MAPE=71.714984981% | params={'learning_rate': 0.019068733711733322, 'decay_rate': 0.003328376058539947, 'hidden_size': 32, 'signal_len': 8, 'cheb_order': 3, 's': 4.929169397643247, 'batch_size': 16, 'k': 2}
Trial 863 finished with value 0.224177894 | dataset=ili | model=ufgtime_plus | val_MSE=0.029132353 | test_MSE=0.101214091 | MAE=0.224177894 | RMSE=0.318141622 | MAPE=56.837458724% | params={'learning_rate': 0.020103806597472927, 'decay_rate': 3.2881827683611115e-05, 'hidden_size': 32, 'signal_len': 8, 'cheb_order': 3, 's': 4.654296881955243, 'batch_size': 256, 'k': 2}
Trial 864 finished with value 0.216600232 | dataset=ili | model=ufgtime_plus | val_MSE=0.028291941 | test_MSE=0.095842713 | MAE=0.216600232 | RMSE=0.309584742 | MAPE=59.243258176% | params={'learning_rate': 0.019440053821156423, 'decay_rate': 0.0008670295807286988, 'hidden_size': 64, 'signal_len': 8, 'cheb_order': 2, 's': 4.835653280650369, 'batch_size': 256, 'k': 2}
Trial 865 finished with value 0.229145850 | dataset=ili | model=ufgtime_plus | val_MSE=0.039201202 | test_MSE=0.106410482 | MAE=0.229145850 | RMSE=0.326206196 | MAPE=70.214306413% | params={'learning_rate': 0.020849471525773985, 'decay_rate': 0.002280136755423829, 'hidden_size': 32, 'signal_len': 8, 'cheb_order': 3, 's': 4.557276585415528, 'batch_size': 128, 'k': 2}
Trial 866 finished with value 0.197886229 | dataset=ili | model=ufgtime_plus | val_MSE=0.027197337 | test_MSE=0.079899373 | MAE=0.197886229 | RMSE=0.282664772 | MAPE=77.680613073% | params={'learning_rate': 0.019626194462637653, 'decay_rate': 0.0015103337402299507, 'hidden_size': 32, 'signal_len': 8, 'cheb_order': 3, 's': 4.76496270084085, 'batch_size': 256, 'k': 2}
Trial 867 finished with value 0.212128952 | dataset=ili | model=ufgtime_plus | val_MSE=0.027862059 | test_MSE=0.091324976 | MAE=0.212128952 | RMSE=0.302200224 | MAPE=56.465530798% | params={'learning_rate': 0.018277979252205912, 'decay_rate': 2.055338260760508e-05, 'hidden_size': 32, 'signal_len': 8, 'cheb_order': 3, 's': 4.5384170483642405, 'batch_size': 256, 'k': 2}
Trial 868 finished with value 0.238483572 | dataset=ili | model=ufgtime_plus | val_MSE=0.039809886 | test_MSE=0.111371027 | MAE=0.238483572 | RMSE=0.333722980 | MAPE=70.477780923% | params={'learning_rate': 0.020793876967051567, 'decay_rate': 0.0030080394080846838, 'hidden_size': 32, 'signal_len': 8, 'cheb_order': 3, 's': 5.160021075441987, 'batch_size': 64, 'k': 2}
Trial 869 finished with value 0.185985821 | dataset=ili | model=ufgtime_plus | val_MSE=0.024875185 | test_MSE=0.076905357 | MAE=0.185985821 | RMSE=0.277318151 | MAPE=67.066254030% | params={'learning_rate': 0.019609635560162375, 'decay_rate': 0.0009204148482674687, 'hidden_size': 16, 'signal_len': 8, 'cheb_order': 3, 's': 4.3637396898234595, 'batch_size': 256, 'k': 2}
Trial 870 finished with value 0.213969828 | dataset=ili | model=ufgtime_plus | val_MSE=0.038058747 | test_MSE=0.097679985 | MAE=0.213969828 | RMSE=0.312537973 | MAPE=66.577094298% | params={'learning_rate': 0.018892746542234683, 'decay_rate': 0.0018272424467166825, 'hidden_size': 32, 'signal_len': 8, 'cheb_order': 3, 's': 5.335032920308788, 'batch_size': 128, 'k': 2}
Trial 871 finished with value 0.347416741 | dataset=ili | model=ufgtime_plus | val_MSE=0.067603424 | test_MSE=0.206316275 | MAE=0.347416741 | RMSE=0.454220514 | MAPE=77.720060819% | params={'learning_rate': 0.021375940404716576, 'decay_rate': 0.031706661770145465, 'hidden_size': 32, 'signal_len': 8, 'cheb_order': 3, 's': 4.584997017490112, 'batch_size': 256, 'k': 2}
Trial 872 finished with value 0.257416277 | dataset=ili | model=ufgtime_plus | val_MSE=0.046415843 | test_MSE=0.127849724 | MAE=0.257416277 | RMSE=0.357560798 | MAPE=68.794414046% | params={'learning_rate': 0.02201383967502857, 'decay_rate': 0.004034563102171636, 'hidden_size': 32, 'signal_len': 8, 'cheb_order': 3, 's': 4.9099622497857345, 'batch_size': 256, 'k': 2}
Trial 873 finished with value 0.192387277 | dataset=ili | model=ufgtime_plus | val_MSE=0.024953198 | test_MSE=0.081109253 | MAE=0.192387277 | RMSE=0.284796862 | MAPE=67.440043007% | params={'learning_rate': 0.020021830648969886, 'decay_rate': 0.0009192618851722876, 'hidden_size': 16, 'signal_len': 8, 'cheb_order': 3, 's': 4.6775800667439835, 'batch_size': 256, 'k': 2}
Trial 874 finished with value 0.236521537 | dataset=ili | model=ufgtime_plus | val_MSE=0.039529316 | test_MSE=0.110164604 | MAE=0.236521537 | RMSE=0.331910536 | MAPE=65.546317911% | params={'learning_rate': 0.022321480513264883, 'decay_rate': 0.0024474832707269125, 'hidden_size': 32, 'signal_len': 8, 'cheb_order': 3, 's': 4.381401984109943, 'batch_size': 256, 'k': 2}
Trial 875 finished with value 0.277984685 | dataset=ili | model=ufgtime_plus | val_MSE=0.052916316 | test_MSE=0.136089746 | MAE=0.277984685 | RMSE=0.368903437 | MAPE=94.105448166% | params={'learning_rate': 0.018879513149258408, 'decay_rate': 0.018909986654102037, 'hidden_size': 32, 'signal_len': 8, 'cheb_order': 3, 's': 5.745466678706285, 'batch_size': 16, 'k': 2}
Trial 876 finished with value 0.230573390 | dataset=ili | model=ufgtime_plus | val_MSE=0.024726854 | test_MSE=0.101684408 | MAE=0.230573390 | RMSE=0.318879927 | MAPE=65.256223112% | params={'learning_rate': 0.009131033855789825, 'decay_rate': 2.804614722913437e-05, 'hidden_size': 64, 'signal_len': 8, 'cheb_order': 3, 's': 5.649631512906318, 'batch_size': 128, 'k': 2}
Trial 877 finished with value 0.233371535 | dataset=ili | model=ufgtime_plus | val_MSE=0.038603902 | test_MSE=0.109939854 | MAE=0.233371535 | RMSE=0.331571793 | MAPE=59.516056589% | params={'learning_rate': 0.011744230784088854, 'decay_rate': 0.0015435759847202922, 'hidden_size': 32, 'signal_len': 8, 'cheb_order': 3, 's': 2.9420479593122812, 'batch_size': 256, 'k': 2}
Trial 878 finished with value 0.188133119 | dataset=ili | model=ufgtime_plus | val_MSE=0.025388820 | test_MSE=0.078822258 | MAE=0.188133119 | RMSE=0.280753020 | MAPE=61.588986113% | params={'learning_rate': 0.02023999824149622, 'decay_rate': 0.0007681254568205755, 'hidden_size': 16, 'signal_len': 8, 'cheb_order': 3, 's': 4.562925081940188, 'batch_size': 256, 'k': 2}
Trial 879 finished with value 0.231924887 | dataset=ili | model=ufgtime_plus | val_MSE=0.037025746 | test_MSE=0.103001832 | MAE=0.231924887 | RMSE=0.320938985 | MAPE=95.232331506% | params={'learning_rate': 0.01802214137402389, 'decay_rate': 0.002360706480666365, 'hidden_size': 32, 'signal_len': 8, 'cheb_order': 3, 's': 4.960097084823489, 'batch_size': 256, 'k': 6}
Trial 880 finished with value 0.238787540 | dataset=ili | model=ufgtime_plus | val_MSE=0.041272111 | test_MSE=0.111923047 | MAE=0.238787540 | RMSE=0.334549020 | MAPE=73.322904221% | params={'learning_rate': 0.021745288361668592, 'decay_rate': 0.0031139881992656286, 'hidden_size': 32, 'signal_len': 8, 'cheb_order': 3, 's': 4.451768391211743, 'batch_size': 128, 'k': 2}
Trial 881 finished with value 0.228738428 | dataset=ili | model=ufgtime_plus | val_MSE=0.038600802 | test_MSE=0.107361604 | MAE=0.228738428 | RMSE=0.327660806 | MAPE=56.668539592% | params={'learning_rate': 0.006857526255044666, 'decay_rate': 0.0009188106078495815, 'hidden_size': 32, 'signal_len': 8, 'cheb_order': 3, 's': 4.2041244181485835, 'batch_size': 256, 'k': 2}
Trial 882 finished with value 0.258416720 | dataset=ili | model=ufgtime_plus | val_MSE=0.045214832 | test_MSE=0.122773758 | MAE=0.258416720 | RMSE=0.350390865 | MAPE=74.430697764% | params={'learning_rate': 0.03396583958496386, 'decay_rate': 0.005323328417225009, 'hidden_size': 16, 'signal_len': 8, 'cheb_order': 3, 's': 5.860505184400445, 'batch_size': 256, 'k': 2}
Trial 883 finished with value 0.198342404 | dataset=ili | model=ufgtime_plus | val_MSE=0.025163397 | test_MSE=0.081702194 | MAE=0.198342404 | RMSE=0.285835956 | MAPE=67.253207799% | params={'learning_rate': 0.032491737557450905, 'decay_rate': 0.0016756062577442535, 'hidden_size': 32, 'signal_len': 16, 'cheb_order': 2, 's': 3.287713276169592, 'batch_size': 256, 'k': 2}
