Trial 177 finished with value 0.213083279 | dataset=ili | model=ufgtime_plus | val_MSE=0.018896151 | test_MSE=0.081395667 | MAE=0.213083279 | RMSE=0.285299259 | MAPE=100.907253960% | params={'learning_rate': 0.02291440981773394, 'decay_rate': 0.00015623041059327361, 'hidden_size': 16, 'signal_len': 8, 'cheb_order': 3, 's': 6.8805601942487185, 'batch_size': 32, 'k': 2}
Trial 178 finished with value 0.312878330 | dataset=ili | model=ufgtime_plus | val_MSE=0.059181599 | test_MSE=0.157917870 | MAE=0.312878330 | RMSE=0.397388815 | MAPE=98.304939323% | params={'learning_rate': 0.02637880452448963, 'decay_rate': 0.04949674727839906, 'hidden_size': 16, 'signal_len': 8, 'cheb_order': 3, 's': 7.129886288185233, 'batch_size': 32, 'k': 2}
Trial 179 finished with value 0.207358090 | dataset=ili | model=ufgtime_plus | val_MSE=0.036761838 | test_MSE=0.092809451 | MAE=0.207358090 | RMSE=0.304646435 | MAPE=65.174492483% | params={'learning_rate': 0.03721743675083754, 'decay_rate': 0.0018064303753814852, 'hidden_size': 16, 'signal_len': 8, 'cheb_order': 3, 's': 7.294901316702491, 'batch_size': 32, 'k': 2}
Trial 180 finished with value 0.236053596 | dataset=ili | model=ufgtime_plus | val_MSE=0.041406632 | test_MSE=0.108992269 | MAE=0.236053596 | RMSE=0.330139771 | MAPE=79.523349005% | params={'learning_rate': 0.023287144659862008, 'decay_rate': 0.0030757589738781912, 'hidden_size': 16, 'signal_len': 16, 'cheb_order': 3, 's': 6.830230570407497, 'batch_size': 32, 'k': 2}
Trial 181 finished with value 0.181286516 | dataset=ili | model=ufgtime_plus | val_MSE=0.025219515 | test_MSE=0.078124067 | MAE=0.181286516 | RMSE=0.279506828 | MAPE=59.647164872% | params={'learning_rate': 0.026909394362837336, 'decay_rate': 0.0011376908104864354, 'hidden_size': 16, 'signal_len': 8, 'cheb_order': 3, 's': 6.348532991872598, 'batch_size': 32, 'k': 2}
Trial 182 finished with value 0.202890397 | dataset=ili | model=ufgtime_plus | val_MSE=0.025429933 | test_MSE=0.086315414 | MAE=0.202890397 | RMSE=0.293794851 | MAPE=59.171365822% | params={'learning_rate': 0.026810486945963163, 'decay_rate': 0.0010274239466304736, 'hidden_size': 16, 'signal_len': 8, 'cheb_order': 3, 's': 6.278199055685043, 'batch_size': 32, 'k': 2}
Trial 183 finished with value 0.196716659 | dataset=ili | model=ufgtime_plus | val_MSE=0.020368357 | test_MSE=0.081776773 | MAE=0.196716659 | RMSE=0.285966384 | MAPE=74.868102478% | params={'learning_rate': 0.02536873662945289, 'decay_rate': 2.0645081879404207e-05, 'hidden_size': 16, 'signal_len': 8, 'cheb_order': 3, 's': 6.487566337751172, 'batch_size': 32, 'k': 2}
Trial 184 finished with value 0.198983265 | dataset=ili | model=ufgtime_plus | val_MSE=0.026805719 | test_MSE=0.082445443 | MAE=0.198983265 | RMSE=0.287133145 | MAPE=75.858964879% | params={'learning_rate': 0.02229336401307719, 'decay_rate': 0.0018090519895917864, 'hidden_size': 16, 'signal_len': 8, 'cheb_order': 3, 's': 6.677409361654644, 'batch_size': 32, 'k': 2}
Trial 185 finished with value 0.186852736 | dataset=ili | model=ufgtime_plus | val_MSE=0.025611071 | test_MSE=0.076543698 | MAE=0.186852736 | RMSE=0.276665317 | MAPE=67.868400200% | params={'learning_rate': 0.027665560791280068, 'decay_rate': 0.0010845982607656543, 'hidden_size': 16, 'signal_len': 8, 'cheb_order': 3, 's': 6.380320702903156, 'batch_size': 32, 'k': 2}
Trial 186 finished with value 0.208233820 | dataset=ili | model=ufgtime_plus | val_MSE=0.028101299 | test_MSE=0.085040670 | MAE=0.208233820 | RMSE=0.291617334 | MAPE=79.236554317% | params={'learning_rate': 0.027403577276088307, 'decay_rate': 0.0025158678808225306, 'hidden_size': 16, 'signal_len': 8, 'cheb_order': 3, 's': 6.022477950742571, 'batch_size': 32, 'k': 2}
Trial 187 finished with value 0.236428342 | dataset=ili | model=ufgtime_plus | val_MSE=0.041459823 | test_MSE=0.110295499 | MAE=0.236428342 | RMSE=0.332107662 | MAPE=72.751981875% | params={'learning_rate': 0.025710818296915638, 'decay_rate': 0.003521829258922739, 'hidden_size': 16, 'signal_len': 8, 'cheb_order': 3, 's': 6.356780262144941, 'batch_size': 32, 'k': 2}
Trial 188 finished with value 0.192387587 | dataset=ili | model=ufgtime_plus | val_MSE=0.025286763 | test_MSE=0.077259383 | MAE=0.192387587 | RMSE=0.277955722 | MAPE=73.688763210% | params={'learning_rate': 0.023996815103082922, 'decay_rate': 0.0009237695834436908, 'hidden_size': 16, 'signal_len': 8, 'cheb_order': 3, 's': 6.481785876462565, 'batch_size': 32, 'k': 2}
Trial 189 finished with value 0.203154030 | dataset=ili | model=ufgtime_plus | val_MSE=0.027152589 | test_MSE=0.080957093 | MAE=0.203154030 | RMSE=0.284529599 | MAPE=83.684960350% | params={'learning_rate': 0.02365885684551319, 'decay_rate': 0.001928381014432727, 'hidden_size': 16, 'signal_len': 8, 'cheb_order': 3, 's': 6.539996953139669, 'batch_size': 32, 'k': 2}
Trial 190 finished with value 0.238316385 | dataset=ili | model=ufgtime_plus | val_MSE=0.042716022 | test_MSE=0.111532215 | MAE=0.238316385 | RMSE=0.333964392 | MAPE=77.727389194% | params={'learning_rate': 0.021161260434992633, 'decay_rate': 0.004292691480851006, 'hidden_size': 16, 'signal_len': 8, 'cheb_order': 3, 's': 6.169640746704327, 'batch_size': 32, 'k': 2}
Trial 191 finished with value 0.264843052 | dataset=ili | model=ufgtime_plus | val_MSE=0.018330161 | test_MSE=0.115322548 | MAE=0.264843052 | RMSE=0.339591737 | MAPE=136.801464627% | params={'learning_rate': 0.02492435665524852, 'decay_rate': 1.5125808473588262e-05, 'hidden_size': 16, 'signal_len': 8, 'cheb_order': 3, 's': 6.692952738974983, 'batch_size': 32, 'k': 2}
Trial 192 finished with value 0.201785703 | dataset=ili | model=ufgtime_plus | val_MSE=0.025575798 | test_MSE=0.082955630 | MAE=0.201785703 | RMSE=0.288020191 | MAPE=71.962472371% | params={'learning_rate': 0.027863776473111165, 'decay_rate': 0.0009888351123224668, 'hidden_size': 16, 'signal_len': 8, 'cheb_order': 3, 's': 6.33417958581734, 'batch_size': 32, 'k': 2}
Trial 193 finished with value 0.197729977 | dataset=ili | model=ufgtime_plus | val_MSE=0.026162559 | test_MSE=0.081663611 | MAE=0.197729977 | RMSE=0.285768456 | MAPE=71.441670856% | params={'learning_rate': 0.026593832278523084, 'decay_rate': 0.0011206409471223703, 'hidden_size': 16, 'signal_len': 8, 'cheb_order': 3, 's': 5.940529515343449, 'batch_size': 32, 'k': 2}
Trial 194 finished with value 0.233832319 | dataset=ili | model=ufgtime_plus | val_MSE=0.039371104 | test_MSE=0.109538389 | MAE=0.233832319 | RMSE=0.330965843 | MAPE=67.440735675% | params={'learning_rate': 0.02358694629172275, 'decay_rate': 0.002478765128295292, 'hidden_size': 16, 'signal_len': 8, 'cheb_order': 3, 's': 6.485121645413686, 'batch_size': 32, 'k': 2}
Trial 195 finished with value 0.192983951 | dataset=ili | model=ufgtime_plus | val_MSE=0.026737246 | test_MSE=0.080508091 | MAE=0.192983951 | RMSE=0.283739477 | MAPE=68.768309229% | params={'learning_rate': 0.02586878353707177, 'decay_rate': 0.001562966106320941, 'hidden_size': 16, 'signal_len': 8, 'cheb_order': 3, 's': 6.910499558679372, 'batch_size': 32, 'k': 2}
Trial 196 finished with value 0.223794578 | dataset=ili | model=ufgtime_plus | val_MSE=0.038063344 | test_MSE=0.101231576 | MAE=0.223794578 | RMSE=0.318169100 | MAPE=68.185940905% | params={'learning_rate': 0.024718597425652654, 'decay_rate': 0.002396482672254348, 'hidden_size': 16, 'signal_len': 8, 'cheb_order': 3, 's': 6.760776377063451, 'batch_size': 32, 'k': 2}
Trial 197 finished with value 0.205677023 | dataset=ili | model=ufgtime_plus | val_MSE=0.019913003 | test_MSE=0.080513396 | MAE=0.205677023 | RMSE=0.283748825 | MAPE=81.599781712% | params={'learning_rate': 0.02202627637380899, 'decay_rate': 6.544807411843021e-05, 'hidden_size': 16, 'signal_len': 8, 'cheb_order': 3, 's': 6.907809988216122, 'batch_size': 32, 'k': 2}
Trial 198 finished with value 0.205141995 | dataset=ili | model=ufgtime_plus | val_MSE=0.027260370 | test_MSE=0.084685613 | MAE=0.205141995 | RMSE=0.291007925 | MAPE=68.959247393% | params={'learning_rate': 0.02606439657540384, 'decay_rate': 0.0015214862663621661, 'hidden_size': 16, 'signal_len': 8, 'cheb_order': 3, 's': 3.1689452730974104, 'batch_size': 32, 'k': 2}
Trial 199 finished with value 0.242863518 | dataset=ili | model=ufgtime_plus | val_MSE=0.042044100 | test_MSE=0.112884802 | MAE=0.242863518 | RMSE=0.335983335 | MAPE=77.297944121% | params={'learning_rate': 0.019606563121142014, 'decay_rate': 0.003630880324735726, 'hidden_size': 16, 'signal_len': 8, 'cheb_order': 3, 's': 6.564465860886873, 'batch_size': 32, 'k': 2}
Trial 200 finished with value 0.207818111 | dataset=ili | model=ufgtime_plus | val_MSE=0.027090096 | test_MSE=0.081352672 | MAE=0.207818111 | RMSE=0.285223897 | MAPE=82.167121765% | params={'learning_rate': 0.02413926519794071, 'decay_rate': 0.0017367910102878603, 'hidden_size': 16, 'signal_len': 8, 'cheb_order': 3, 's': 6.943266980804569, 'batch_size': 32, 'k': 2}
Trial 201 finished with value 0.192634584 | dataset=ili | model=ufgtime_plus | val_MSE=0.025153783 | test_MSE=0.078533378 | MAE=0.192634584 | RMSE=0.280238074 | MAPE=75.841460978% | params={'learning_rate': 0.027780451382330495, 'decay_rate': 0.0008309515465788429, 'hidden_size': 16, 'signal_len': 8, 'cheb_order': 3, 's': 6.18257282263778, 'batch_size': 32, 'k': 2}
Trial 202 finished with value 0.195690733 | dataset=ili | model=ufgtime_plus | val_MSE=0.027434773 | test_MSE=0.085254965 | MAE=0.195690733 | RMSE=0.291984528 | MAPE=67.947072685% | params={'learning_rate': 0.027218494201084596, 'decay_rate': 0.00086402376109141, 'hidden_size': 16, 'signal_len': 8, 'cheb_order': 3, 's': 6.191141999498423, 'batch_size': 32, 'k': 2}
Trial 203 finished with value 0.202999080 | dataset=ili | model=ufgtime_plus | val_MSE=0.024661659 | test_MSE=0.080180530 | MAE=0.202999080 | RMSE=0.283161668 | MAPE=68.823902011% | params={'learning_rate': 0.025571490479879843, 'decay_rate': 0.0008388617825915678, 'hidden_size': 16, 'signal_len': 8, 'cheb_order': 3, 's': 6.34069961267175, 'batch_size': 32, 'k': 2}
Trial 204 finished with value 0.233607117 | dataset=ili | model=ufgtime_plus | val_MSE=0.040131891 | test_MSE=0.107237093 | MAE=0.233607117 | RMSE=0.327470752 | MAPE=70.380150959% | params={'learning_rate': 0.022775714397932436, 'decay_rate': 0.0027648368007829084, 'hidden_size': 16, 'signal_len': 8, 'cheb_order': 3, 's': 6.085469279823017, 'batch_size': 32, 'k': 2}
Trial 205 finished with value 0.231446350 | dataset=ili | model=ufgtime_plus | val_MSE=0.019877538 | test_MSE=0.090369687 | MAE=0.231446350 | RMSE=0.300615513 | MAPE=98.664424700% | params={'learning_rate': 0.026724838108517106, 'decay_rate': 4.930894279923481e-05, 'hidden_size': 16, 'signal_len': 8, 'cheb_order': 3, 's': 6.655395101038052, 'batch_size': 32, 'k': 2}
Trial 206 finished with value 0.205556332 | dataset=ili | model=ufgtime_plus | val_MSE=0.027199875 | test_MSE=0.081947332 | MAE=0.205556332 | RMSE=0.286264444 | MAPE=81.221266617% | params={'learning_rate': 0.027683480201370073, 'decay_rate': 0.0016966208640600885, 'hidden_size': 16, 'signal_len': 8, 'cheb_order': 3, 's': 6.5038246122746, 'batch_size': 32, 'k': 2}
Trial 207 finished with value 0.200524430 | dataset=ili | model=ufgtime_plus | val_MSE=0.027353343 | test_MSE=0.082328946 | MAE=0.200524430 | RMSE=0.286930211 | MAPE=71.020271561% | params={'learning_rate': 0.025313303540664682, 'decay_rate': 0.0018088766072032402, 'hidden_size': 16, 'signal_len': 8, 'cheb_order': 3, 's': 5.920915888063569, 'batch_size': 32, 'k': 2}
Trial 208 finished with value 0.224725242 | dataset=ili | model=ufgtime_plus | val_MSE=0.039442982 | test_MSE=0.103588436 | MAE=0.224725242 | RMSE=0.321851575 | MAPE=71.993749204% | params={'learning_rate': 0.024135944153019798, 'decay_rate': 0.0028005586176971927, 'hidden_size': 16, 'signal_len': 8, 'cheb_order': 3, 's': 6.826728827845137, 'batch_size': 32, 'k': 2}
Trial 209 finished with value 0.277796775 | dataset=ili | model=ufgtime_plus | val_MSE=0.047360535 | test_MSE=0.137554797 | MAE=0.277796775 | RMSE=0.370883806 | MAPE=77.992087217% | params={'learning_rate': 0.028053829122184824, 'decay_rate': 0.015225658686097505, 'hidden_size': 16, 'signal_len': 8, 'cheb_order': 3, 's': 6.299556044249412, 'batch_size': 32, 'k': 2}
Trial 210 finished with value 0.203169101 | dataset=ili | model=ufgtime_plus | val_MSE=0.020899838 | test_MSE=0.082146953 | MAE=0.203169101 | RMSE=0.286612898 | MAPE=80.973047214% | params={'learning_rate': 0.026097892303679197, 'decay_rate': 1.536165584592301e-05, 'hidden_size': 16, 'signal_len': 8, 'cheb_order': 3, 's': 2.849307091582943, 'batch_size': 32, 'k': 2}
Trial 211 finished with value 0.199592960 | dataset=ili | model=ufgtime_plus | val_MSE=0.025462404 | test_MSE=0.080963762 | MAE=0.199592960 | RMSE=0.284541319 | MAPE=72.830219871% | params={'learning_rate': 0.028073936055668304, 'decay_rate': 0.0009747062592656003, 'hidden_size': 16, 'signal_len': 8, 'cheb_order': 3, 's': 6.616505359244058, 'batch_size': 32, 'k': 2}
Trial 212 finished with value 0.205116345 | dataset=ili | model=ufgtime_plus | val_MSE=0.025650944 | test_MSE=0.089680013 | MAE=0.205116345 | RMSE=0.299466214 | MAPE=58.834336374% | params={'learning_rate': 0.026993867968763883, 'decay_rate': 0.0010516580746258372, 'hidden_size': 16, 'signal_len': 8, 'cheb_order': 3, 's': 6.99291378280252, 'batch_size': 32, 'k': 2}
Trial 213 finished with value 0.213409796 | dataset=ili | model=ufgtime_plus | val_MSE=0.035350954 | test_MSE=0.091917413 | MAE=0.213409796 | RMSE=0.303178846 | MAPE=69.704733518% | params={'learning_rate': 0.021218555606375644, 'decay_rate': 0.001763942682632935, 'hidden_size': 32, 'signal_len': 8, 'cheb_order': 3, 's': 5.697968726395601, 'batch_size': 32, 'k': 2}
Trial 214 finished with value 0.198427614 | dataset=ili | model=ufgtime_plus | val_MSE=0.025578576 | test_MSE=0.080627796 | MAE=0.198427614 | RMSE=0.283950341 | MAPE=76.362642340% | params={'learning_rate': 0.028490345736235913, 'decay_rate': 0.0008910124155468378, 'hidden_size': 16, 'signal_len': 8, 'cheb_order': 3, 's': 6.443409036398811, 'batch_size': 32, 'k': 2}
Trial 215 finished with value 0.222416301 | dataset=ili | model=ufgtime_plus | val_MSE=0.038513748 | test_MSE=0.101116644 | MAE=0.222416301 | RMSE=0.317988433 | MAPE=71.056421308% | params={'learning_rate': 0.024709370917771856, 'decay_rate': 0.0024865557751861064, 'hidden_size': 16, 'signal_len': 8, 'cheb_order': 3, 's': 6.770816015541157, 'batch_size': 32, 'k': 2}
Trial 216 finished with value 0.183929752 | dataset=ili | model=ufgtime_plus | val_MSE=0.025550723 | test_MSE=0.075276379 | MAE=0.183929752 | RMSE=0.274365412 | MAPE=65.784646178% | params={'learning_rate': 0.0393337161339741, 'decay_rate': 0.0008597206520495179, 'hidden_size': 16, 'signal_len': 8, 'cheb_order': 3, 's': 6.147618208551184, 'batch_size': 32, 'k': 2}
Trial 217 finished with value 0.236159694 | dataset=ili | model=ufgtime_plus | val_MSE=0.042437761 | test_MSE=0.109304637 | MAE=0.236159694 | RMSE=0.330612518 | MAPE=80.918128307% | params={'learning_rate': 0.03917493436304782, 'decay_rate': 0.003336055624313032, 'hidden_size': 16, 'signal_len': 16, 'cheb_order': 3, 's': 6.185558704881621, 'batch_size': 32, 'k': 2}
Trial 218 finished with value 0.196147783 | dataset=ili | model=ufgtime_plus | val_MSE=0.018461857 | test_MSE=0.077785416 | MAE=0.196147783 | RMSE=0.278900368 | MAPE=61.254854379% | params={'learning_rate': 0.039912711706436135, 'decay_rate': 4.885159070372501e-05, 'hidden_size': 16, 'signal_len': 8, 'cheb_order': 3, 's': 6.002144133612125, 'batch_size': 32, 'k': 2}
Trial 219 finished with value 0.203952616 | dataset=ili | model=ufgtime_plus | val_MSE=0.027121566 | test_MSE=0.083914530 | MAE=0.203952616 | RMSE=0.289680047 | MAPE=70.095178895% | params={'learning_rate': 0.022974201591726327, 'decay_rate': 0.001803103646714744, 'hidden_size': 16, 'signal_len': 8, 'cheb_order': 3, 's': 6.4119256368768935, 'batch_size': 32, 'k': 2}
Trial 220 finished with value 0.284884671 | dataset=ili | model=ufgtime_plus | val_MSE=0.053554460 | test_MSE=0.136145983 | MAE=0.284884671 | RMSE=0.368979651 | MAPE=104.236456444% | params={'learning_rate': 0.04180158228214364, 'decay_rate': 0.024927925633366217, 'hidden_size': 16, 'signal_len': 8, 'cheb_order': 3, 's': 6.213400156890903, 'batch_size': 32, 'k': 2}
Trial 221 finished with value 0.192433429 | dataset=ili | model=ufgtime_plus | val_MSE=0.025897898 | test_MSE=0.078634505 | MAE=0.192433429 | RMSE=0.280418446 | MAPE=69.643327552% | params={'learning_rate': 0.02628244635954258, 'decay_rate': 0.0011302633914719099, 'hidden_size': 16, 'signal_len': 8, 'cheb_order': 3, 's': 5.759803843847741, 'batch_size': 32, 'k': 2}
Trial 222 finished with value 0.204980507 | dataset=ili | model=ufgtime_plus | val_MSE=0.026593005 | test_MSE=0.081641029 | MAE=0.204980507 | RMSE=0.285728944 | MAPE=74.465057867% | params={'learning_rate': 0.02613577395559399, 'decay_rate': 0.0010166615458680336, 'hidden_size': 16, 'signal_len': 8, 'cheb_order': 3, 's': 5.828224455748947, 'batch_size': 32, 'k': 2}
Trial 223 finished with value 0.205637908 | dataset=ili | model=ufgtime_plus | val_MSE=0.027729796 | test_MSE=0.084149030 | MAE=0.205637908 | RMSE=0.290084521 | MAPE=80.650598387% | params={'learning_rate': 0.026771235048421247, 'decay_rate': 0.0021166648163376753, 'hidden_size': 16, 'signal_len': 8, 'cheb_order': 3, 's': 7.482984105699368, 'batch_size': 32, 'k': 2}
Trial 224 finished with value 0.196838577 | dataset=ili | model=ufgtime_plus | val_MSE=0.024633533 | test_MSE=0.078622759 | MAE=0.196838577 | RMSE=0.280397501 | MAPE=75.937800942% | params={'learning_rate': 0.025310720552516628, 'decay_rate': 0.0009413305143236017, 'hidden_size': 16, 'signal_len': 8, 'cheb_order': 3, 's': 6.588193143451648, 'batch_size': 32, 'k': 2}
Trial 225 finished with value 0.208301388 | dataset=ili | model=ufgtime_plus | val_MSE=0.020747023 | test_MSE=0.084092655 | MAE=0.208301388 | RMSE=0.289987336 | MAPE=90.010266908% | params={'learning_rate': 0.023420603205696278, 'decay_rate': 4.6715081799748415e-05, 'hidden_size': 16, 'signal_len': 8, 'cheb_order': 3, 's': 7.263310548823245, 'batch_size': 256, 'k': 2}
Trial 226 finished with value 0.219324785 | dataset=ili | model=ufgtime_plus | val_MSE=0.038440216 | test_MSE=0.098826379 | MAE=0.219324785 | RMSE=0.314366632 | MAPE=70.223750836% | params={'learning_rate': 0.02930863218411868, 'decay_rate': 0.0026039088674635544, 'hidden_size': 16, 'signal_len': 8, 'cheb_order': 3, 's': 6.09709726455134, 'batch_size': 32, 'k': 2}
Trial 227 finished with value 0.194877487 | dataset=ili | model=ufgtime_plus | val_MSE=0.027171148 | test_MSE=0.081627101 | MAE=0.194877487 | RMSE=0.285704570 | MAPE=72.895392366% | params={'learning_rate': 0.024397621416601123, 'decay_rate': 0.0015975633087153955, 'hidden_size': 16, 'signal_len': 8, 'cheb_order': 3, 's': 6.349559543023139, 'batch_size': 32, 'k': 2}
Trial 228 finished with value 0.200319685 | dataset=ili | model=ufgtime_plus | val_MSE=0.026998937 | test_MSE=0.080090948 | MAE=0.200319685 | RMSE=0.283003442 | MAPE=73.968922307% | params={'learning_rate': 0.02741272534000453, 'decay_rate': 0.0009005754699781363, 'hidden_size': 16, 'signal_len': 8, 'cheb_order': 3, 's': 7.021708253136697, 'batch_size': 32, 'k': 2}
Trial 229 finished with value 0.240819929 | dataset=ili | model=ufgtime_plus | val_MSE=0.039862914 | test_MSE=0.110536649 | MAE=0.240819929 | RMSE=0.332470523 | MAPE=72.433324731% | params={'learning_rate': 0.02579957031905482, 'decay_rate': 0.0030051523932762988, 'hidden_size': 16, 'signal_len': 8, 'cheb_order': 3, 's': 5.654340075352345, 'batch_size': 64, 'k': 2}
Trial 230 finished with value 0.220160042 | dataset=ili | model=ufgtime_plus | val_MSE=0.035352654 | test_MSE=0.099797194 | MAE=0.220160042 | RMSE=0.315906939 | MAPE=61.355474759% | params={'learning_rate': 0.02042952639422033, 'decay_rate': 0.0017354803107467824, 'hidden_size': 64, 'signal_len': 8, 'cheb_order': 3, 's': 6.752056381961159, 'batch_size': 32, 'k': 2}
Trial 231 finished with value 0.189417986 | dataset=ili | model=ufgtime_plus | val_MSE=0.025298086 | test_MSE=0.075487145 | MAE=0.189417986 | RMSE=0.274749240 | MAPE=73.323770110% | params={'learning_rate': 0.027735217524343575, 'decay_rate': 0.0008062073068218998, 'hidden_size': 32, 'signal_len': 8, 'cheb_order': 3, 's': 5.785347734293533, 'batch_size': 32, 'k': 2}
Trial 232 finished with value 0.210156379 | dataset=ili | model=ufgtime_plus | val_MSE=0.020030150 | test_MSE=0.079569741 | MAE=0.210156379 | RMSE=0.282081089 | MAPE=78.095385194% | params={'learning_rate': 0.03737250166068151, 'decay_rate': 3.111867073242274e-05, 'hidden_size': 16, 'signal_len': 8, 'cheb_order': 3, 's': 5.935637737793876, 'batch_size': 32, 'k': 2}
Trial 233 finished with value 0.206732492 | dataset=ili | model=ufgtime_plus | val_MSE=0.033636998 | test_MSE=0.090723779 | MAE=0.206732492 | RMSE=0.301203883 | MAPE=60.139680203% | params={'learning_rate': 0.02713211727891697, 'decay_rate': 0.0011499677771473367, 'hidden_size': 32, 'signal_len': 8, 'cheb_order': 3, 's': 5.866870398860996, 'batch_size': 32, 'k': 2}
Trial 234 finished with value 0.197731560 | dataset=ili | model=ufgtime_plus | val_MSE=0.026992475 | test_MSE=0.082211315 | MAE=0.197731560 | RMSE=0.286725156 | MAPE=73.500958535% | params={'learning_rate': 0.028601352566614058, 'decay_rate': 0.0016745864188372579, 'hidden_size': 16, 'signal_len': 8, 'cheb_order': 3, 's': 6.4746992572289574, 'batch_size': 32, 'k': 2}
Trial 235 finished with value 0.198898292 | dataset=ili | model=ufgtime_plus | val_MSE=0.026201157 | test_MSE=0.080937878 | MAE=0.198898292 | RMSE=0.284495831 | MAPE=75.840758246% | params={'learning_rate': 0.02998527080533048, 'decay_rate': 0.000924773888089296, 'hidden_size': 16, 'signal_len': 8, 'cheb_order': 3, 's': 6.211476032567977, 'batch_size': 32, 'k': 2}
