Trial 295 finished with value 0.294278399 | dataset=ili | model=ufgtime_plus | val_MSE=0.054575011 | test_MSE=0.152714401 | MAE=0.294278399 | RMSE=0.390786899 | MAPE=78.719086400% | params={'learning_rate': 0.04008587994775006, 'decay_rate': 0.028391006624442258, 'hidden_size': 32, 'signal_len': 8, 'cheb_order': 3, 's': 8.281458209606157, 'batch_size': 256, 'k': 2}
Trial 296 finished with value 0.207708267 | dataset=ili | model=ufgtime_plus | val_MSE=0.029624507 | test_MSE=0.088997414 | MAE=0.207708267 | RMSE=0.298324343 | MAPE=71.310290863% | params={'learning_rate': 0.04129956277056129, 'decay_rate': 0.0026671885739025887, 'hidden_size': 32, 'signal_len': 8, 'cheb_order': 3, 's': 9.999908622809457, 'batch_size': 256, 'k': 2}
Trial 297 finished with value 0.241287233 | dataset=ili | model=ufgtime_plus | val_MSE=0.042467214 | test_MSE=0.109957930 | MAE=0.241287233 | RMSE=0.331599050 | MAPE=83.217646846% | params={'learning_rate': 0.03073453219732736, 'decay_rate': 0.00490687131044888, 'hidden_size': 32, 'signal_len': 8, 'cheb_order': 3, 's': 5.689827908490762, 'batch_size': 64, 'k': 2}
Trial 298 finished with value 0.188610449 | dataset=ili | model=ufgtime_plus | val_MSE=0.025349332 | test_MSE=0.078768100 | MAE=0.188610449 | RMSE=0.280656551 | MAPE=56.707367034% | params={'learning_rate': 0.021986494193691773, 'decay_rate': 0.0009196871630591465, 'hidden_size': 16, 'signal_len': 8, 'cheb_order': 3, 's': 5.937460392652965, 'batch_size': 256, 'k': 2}
Trial 299 finished with value 0.231346910 | dataset=ili | model=ufgtime_plus | val_MSE=0.038821336 | test_MSE=0.110130435 | MAE=0.231346910 | RMSE=0.331859059 | MAPE=58.812248965% | params={'learning_rate': 0.02134662051408887, 'decay_rate': 0.0019389030229514488, 'hidden_size': 64, 'signal_len': 8, 'cheb_order': 3, 's': 5.864215704326437, 'batch_size': 256, 'k': 2}
Trial 300 finished with value 0.262987015 | dataset=ili | model=ufgtime_plus | val_MSE=0.049169846 | test_MSE=0.129800680 | MAE=0.262987015 | RMSE=0.360278615 | MAPE=82.086368735% | params={'learning_rate': 0.02239863102483305, 'decay_rate': 0.0107966587591423, 'hidden_size': 16, 'signal_len': 8, 'cheb_order': 3, 's': 5.994975229966038, 'batch_size': 256, 'k': 2}
Trial 301 finished with value 0.196359041 | dataset=ili | model=ufgtime_plus | val_MSE=0.024851700 | test_MSE=0.083770755 | MAE=0.196359041 | RMSE=0.289431779 | MAPE=68.075068135% | params={'learning_rate': 0.021328107719919904, 'decay_rate': 0.0008227369468744811, 'hidden_size': 16, 'signal_len': 8, 'cheb_order': 3, 's': 5.234093462237497, 'batch_size': 256, 'k': 2}
Trial 302 finished with value 0.208943461 | dataset=ili | model=ufgtime_plus | val_MSE=0.028802576 | test_MSE=0.090345045 | MAE=0.208943461 | RMSE=0.300574524 | MAPE=69.143856801% | params={'learning_rate': 0.022771939571050386, 'decay_rate': 0.002314106361827783, 'hidden_size': 16, 'signal_len': 8, 'cheb_order': 3, 's': 7.970826317887245, 'batch_size': 256, 'k': 2}
Trial 303 finished with value 0.253227259 | dataset=ili | model=ufgtime_plus | val_MSE=0.043674923 | test_MSE=0.122695064 | MAE=0.253227259 | RMSE=0.350278553 | MAPE=69.322232339% | params={'learning_rate': 0.017906579709664798, 'decay_rate': 0.0036336643438197778, 'hidden_size': 16, 'signal_len': 8, 'cheb_order': 3, 's': 5.522691664726785, 'batch_size': 256, 'k': 2}
Trial 304 finished with value 0.345835462 | dataset=ili | model=ufgtime_plus | val_MSE=0.065366656 | test_MSE=0.226875445 | MAE=0.345835462 | RMSE=0.476314439 | MAPE=66.940665643% | params={'learning_rate': 0.023819713316748668, 'decay_rate': 0.038624088487778874, 'hidden_size': 32, 'signal_len': 8, 'cheb_order': 3, 's': 6.381167856240316, 'batch_size': 256, 'k': 2}
Trial 305 finished with value 0.230839324 | dataset=ili | model=ufgtime_plus | val_MSE=0.019179257 | test_MSE=0.092818161 | MAE=0.230839324 | RMSE=0.304660731 | MAPE=110.927324392% | params={'learning_rate': 0.02178426588381361, 'decay_rate': 4.370895298659626e-05, 'hidden_size': 16, 'signal_len': 8, 'cheb_order': 3, 's': 5.730054725470269, 'batch_size': 128, 'k': 2}
Trial 306 finished with value 0.209195504 | dataset=ili | model=ufgtime_plus | val_MSE=0.027813833 | test_MSE=0.087058549 | MAE=0.209195504 | RMSE=0.295056857 | MAPE=74.658679841% | params={'learning_rate': 0.02037227066010251, 'decay_rate': 0.0014625254119601063, 'hidden_size': 16, 'signal_len': 8, 'cheb_order': 3, 's': 7.506763328929964, 'batch_size': 256, 'k': 2}
Trial 307 finished with value 0.200726598 | dataset=ili | model=ufgtime_plus | val_MSE=0.024687609 | test_MSE=0.078307430 | MAE=0.200726598 | RMSE=0.279834647 | MAPE=77.766452495% | params={'learning_rate': 0.02321848919224373, 'decay_rate': 0.0009601621091823327, 'hidden_size': 16, 'signal_len': 8, 'cheb_order': 3, 's': 5.980528449069639, 'batch_size': 32, 'k': 2}
Trial 308 finished with value 0.218971028 | dataset=ili | model=ufgtime_plus | val_MSE=0.038699744 | test_MSE=0.100883116 | MAE=0.218971028 | RMSE=0.317621025 | MAPE=68.588747385% | params={'learning_rate': 0.03261177207931744, 'decay_rate': 0.0025747632664284014, 'hidden_size': 16, 'signal_len': 8, 'cheb_order': 3, 's': 6.4351525372078004, 'batch_size': 32, 'k': 4}
Trial 309 finished with value 0.279130858 | dataset=ili | model=ufgtime_plus | val_MSE=0.053335102 | test_MSE=0.137118355 | MAE=0.279130858 | RMSE=0.370294957 | MAPE=96.104536877% | params={'learning_rate': 0.023690024588069403, 'decay_rate': 0.02109850132075175, 'hidden_size': 16, 'signal_len': 8, 'cheb_order': 3, 's': 6.17458123695929, 'batch_size': 32, 'k': 3}
Trial 310 finished with value 0.195701605 | dataset=ili | model=ufgtime_plus | val_MSE=0.029018754 | test_MSE=0.081303557 | MAE=0.195701605 | RMSE=0.285137787 | MAPE=55.031683932% | params={'learning_rate': 0.03667707558172937, 'decay_rate': 3.88801187296222e-05, 'hidden_size': 32, 'signal_len': 8, 'cheb_order': 3, 's': 5.8311179221189455, 'batch_size': 256, 'k': 2}
Trial 311 finished with value 0.209892339 | dataset=ili | model=ufgtime_plus | val_MSE=0.037446551 | test_MSE=0.094809743 | MAE=0.209892339 | RMSE=0.307911907 | MAPE=68.934612164% | params={'learning_rate': 0.022607250897005333, 'decay_rate': 0.0016131942204856435, 'hidden_size': 16, 'signal_len': 16, 'cheb_order': 3, 's': 6.738133322178508, 'batch_size': 32, 'k': 2}
Trial 312 finished with value 0.200902589 | dataset=ili | model=ufgtime_plus | val_MSE=0.025970059 | test_MSE=0.081904875 | MAE=0.200902589 | RMSE=0.286190278 | MAPE=74.959944918% | params={'learning_rate': 0.03475013950357839, 'decay_rate': 0.0009454905015256988, 'hidden_size': 16, 'signal_len': 8, 'cheb_order': 3, 's': 4.180217325829688, 'batch_size': 32, 'k': 2}
Trial 313 finished with value 0.235341503 | dataset=ili | model=ufgtime_plus | val_MSE=0.042220437 | test_MSE=0.111661806 | MAE=0.235341503 | RMSE=0.334158355 | MAPE=72.706237391% | params={'learning_rate': 0.03022880795306177, 'decay_rate': 0.003973732079474794, 'hidden_size': 16, 'signal_len': 8, 'cheb_order': 3, 's': 6.469875535167353, 'batch_size': 64, 'k': 2}
Trial 314 finished with value 0.228271426 | dataset=ili | model=ufgtime_plus | val_MSE=0.039019834 | test_MSE=0.105660326 | MAE=0.228271426 | RMSE=0.325054344 | MAPE=67.864142765% | params={'learning_rate': 0.01220463070817544, 'decay_rate': 0.0022658310688596175, 'hidden_size': 16, 'signal_len': 8, 'cheb_order': 3, 's': 5.648326963702694, 'batch_size': 32, 'k': 2}
Trial 315 finished with value 0.213268439 | dataset=ili | model=ufgtime_plus | val_MSE=0.036369829 | test_MSE=0.096739934 | MAE=0.213268439 | RMSE=0.311030439 | MAPE=54.460845995% | params={'learning_rate': 0.024553692903132897, 'decay_rate': 0.0009784909285918343, 'hidden_size': 64, 'signal_len': 8, 'cheb_order': 3, 's': 6.060018355415688, 'batch_size': 32, 'k': 2}
Trial 316 finished with value 0.235895159 | dataset=ili | model=ufgtime_plus | val_MSE=0.039986113 | test_MSE=0.107759183 | MAE=0.235895159 | RMSE=0.328266939 | MAPE=76.180114659% | params={'learning_rate': 0.03153739771974519, 'decay_rate': 0.003220168623869611, 'hidden_size': 32, 'signal_len': 8, 'cheb_order': 3, 's': 9.737937274589646, 'batch_size': 32, 'k': 2}
Trial 317 finished with value 0.233495693 | dataset=ili | model=ufgtime_plus | val_MSE=0.020637862 | test_MSE=0.095153416 | MAE=0.233495693 | RMSE=0.308469473 | MAPE=101.733811680% | params={'learning_rate': 0.020696024411669744, 'decay_rate': 2.7177859350611152e-05, 'hidden_size': 16, 'signal_len': 8, 'cheb_order': 3, 's': 7.084332323341926, 'batch_size': 256, 'k': 2}
Trial 318 finished with value 0.206841702 | dataset=ili | model=ufgtime_plus | val_MSE=0.026387004 | test_MSE=0.082884098 | MAE=0.206841702 | RMSE=0.287895985 | MAPE=78.780178076% | params={'learning_rate': 0.021794450107732278, 'decay_rate': 0.0016768998177723311, 'hidden_size': 16, 'signal_len': 8, 'cheb_order': 3, 's': 6.277528528649384, 'batch_size': 32, 'k': 2}
Trial 319 finished with value 0.204396826 | dataset=ili | model=ufgtime_plus | val_MSE=0.028806341 | test_MSE=0.087162357 | MAE=0.204396826 | RMSE=0.295232717 | MAPE=77.191522950% | params={'learning_rate': 0.029375275121806814, 'decay_rate': 0.002392285830848738, 'hidden_size': 16, 'signal_len': 8, 'cheb_order': 3, 's': 6.70991753708124, 'batch_size': 128, 'k': 2}
Trial 320 finished with value 0.192283269 | dataset=ili | model=ufgtime_plus | val_MSE=0.025718329 | test_MSE=0.079112268 | MAE=0.192283269 | RMSE=0.281269032 | MAPE=68.033630470% | params={'learning_rate': 0.019026637531363362, 'decay_rate': 0.0011261358955477413, 'hidden_size': 16, 'signal_len': 8, 'cheb_order': 3, 's': 6.533204070908906, 'batch_size': 32, 'k': 2}
Trial 321 finished with value 0.197356996 | dataset=ili | model=ufgtime_plus | val_MSE=0.026006868 | test_MSE=0.080862049 | MAE=0.197356996 | RMSE=0.284362531 | MAPE=73.209184473% | params={'learning_rate': 0.01627030135616376, 'decay_rate': 0.0010249438890799001, 'hidden_size': 16, 'signal_len': 8, 'cheb_order': 3, 's': 5.470365550779289, 'batch_size': 32, 'k': 2}
Trial 322 finished with value 0.235052729 | dataset=ili | model=ufgtime_plus | val_MSE=0.022721183 | test_MSE=0.097956019 | MAE=0.235052729 | RMSE=0.312979263 | MAPE=104.906065279% | params={'learning_rate': 0.018265694586569483, 'decay_rate': 3.228367284466695e-05, 'hidden_size': 32, 'signal_len': 8, 'cheb_order': 3, 's': 6.860273827025841, 'batch_size': 32, 'k': 2}
Trial 323 finished with value 0.235121264 | dataset=ili | model=ufgtime_plus | val_MSE=0.041619613 | test_MSE=0.111280390 | MAE=0.235121264 | RMSE=0.333587155 | MAPE=70.934468640% | params={'learning_rate': 0.018678301648108176, 'decay_rate': 0.00305170960646837, 'hidden_size': 16, 'signal_len': 8, 'cheb_order': 3, 's': 5.915328998465526, 'batch_size': 32, 'k': 2}
Trial 324 finished with value 0.191961524 | dataset=ili | model=ufgtime_plus | val_MSE=0.025104987 | test_MSE=0.077874677 | MAE=0.191961524 | RMSE=0.279060347 | MAPE=60.981980777% | params={'learning_rate': 0.02028909090908383, 'decay_rate': 0.0009154065182942078, 'hidden_size': 16, 'signal_len': 8, 'cheb_order': 3, 's': 3.476360172646715, 'batch_size': 256, 'k': 2}
Trial 325 finished with value 0.191743459 | dataset=ili | model=ufgtime_plus | val_MSE=0.024331491 | test_MSE=0.077774149 | MAE=0.191743459 | RMSE=0.278880170 | MAPE=64.310683550% | params={'learning_rate': 0.019551801207617396, 'decay_rate': 0.0007475465746664053, 'hidden_size': 16, 'signal_len': 8, 'cheb_order': 3, 's': 3.6386236963175866, 'batch_size': 256, 'k': 2}
Trial 326 finished with value 0.200994492 | dataset=ili | model=ufgtime_plus | val_MSE=0.023487620 | test_MSE=0.080137938 | MAE=0.200994492 | RMSE=0.283086449 | MAPE=73.759010715% | params={'learning_rate': 0.01955368178214281, 'decay_rate': 0.0008079135599211217, 'hidden_size': 16, 'signal_len': 8, 'cheb_order': 3, 's': 3.954894228460179, 'batch_size': 256, 'k': 2}
Trial 327 finished with value 0.216721149 | dataset=ili | model=ufgtime_plus | val_MSE=0.021442359 | test_MSE=0.087824221 | MAE=0.216721149 | RMSE=0.296351516 | MAPE=89.151268418% | params={'learning_rate': 0.01937976845107043, 'decay_rate': 3.7809711190165546e-05, 'hidden_size': 16, 'signal_len': 8, 'cheb_order': 3, 's': 3.443954941721832, 'batch_size': 256, 'k': 2}
Trial 328 finished with value 0.285161368 | dataset=ili | model=ufgtime_plus | val_MSE=0.051340513 | test_MSE=0.148410933 | MAE=0.285161368 | RMSE=0.385241395 | MAPE=71.338190325% | params={'learning_rate': 0.01979298893293373, 'decay_rate': 0.015413402563794963, 'hidden_size': 32, 'signal_len': 8, 'cheb_order': 3, 's': 3.6259251483887196, 'batch_size': 256, 'k': 2}
Trial 329 finished with value 0.208372506 | dataset=ili | model=ufgtime_plus | val_MSE=0.036432676 | test_MSE=0.092322970 | MAE=0.208372506 | RMSE=0.303846952 | MAPE=69.062269138% | params={'learning_rate': 0.01951739203812663, 'decay_rate': 0.0016332325978033364, 'hidden_size': 64, 'signal_len': 8, 'cheb_order': 3, 's': 3.3673197659687877, 'batch_size': 256, 'k': 2}
Trial 330 finished with value 0.330527817 | dataset=ili | model=ufgtime_plus | val_MSE=0.067594603 | test_MSE=0.181986140 | MAE=0.330527817 | RMSE=0.426598335 | MAPE=93.009874755% | params={'learning_rate': 0.021239271103622153, 'decay_rate': 0.03663594954108257, 'hidden_size': 16, 'signal_len': 8, 'cheb_order': 3, 's': 3.694788662982381, 'batch_size': 256, 'k': 2}
Trial 331 finished with value 0.233966200 | dataset=ili | model=ufgtime_plus | val_MSE=0.039931118 | test_MSE=0.109543756 | MAE=0.233966200 | RMSE=0.330973951 | MAPE=64.981945594% | params={'learning_rate': 0.016609600894589873, 'decay_rate': 0.002071403597757171, 'hidden_size': 16, 'signal_len': 16, 'cheb_order': 3, 's': 3.050334965829757, 'batch_size': 256, 'k': 2}
Trial 332 finished with value 0.254560523 | dataset=ili | model=ufgtime_plus | val_MSE=0.043762013 | test_MSE=0.119231558 | MAE=0.254560523 | RMSE=0.345299229 | MAPE=82.249824621% | params={'learning_rate': 0.017711471113748684, 'decay_rate': 0.004562441927742737, 'hidden_size': 16, 'signal_len': 8, 'cheb_order': 3, 's': 3.76173888467453, 'batch_size': 256, 'k': 2}
Trial 333 finished with value 0.195514434 | dataset=ili | model=ufgtime_plus | val_MSE=0.024776218 | test_MSE=0.082130035 | MAE=0.195514434 | RMSE=0.286583383 | MAPE=68.029141700% | params={'learning_rate': 0.020904280578198004, 'decay_rate': 0.0007724242387614331, 'hidden_size': 16, 'signal_len': 8, 'cheb_order': 3, 's': 3.637701103059536, 'batch_size': 256, 'k': 2}
Trial 334 finished with value 0.234257962 | dataset=ili | model=ufgtime_plus | val_MSE=0.040147223 | test_MSE=0.111160560 | MAE=0.234257962 | RMSE=0.333407498 | MAPE=66.027234061% | params={'learning_rate': 0.018758654466387782, 'decay_rate': 0.0026416386362691003, 'hidden_size': 32, 'signal_len': 8, 'cheb_order': 3, 's': 3.2851857304637333, 'batch_size': 256, 'k': 2}
Trial 335 finished with value 0.326711930 | dataset=ili | model=ufgtime_plus | val_MSE=0.059430376 | test_MSE=0.193825905 | MAE=0.326711930 | RMSE=0.440256636 | MAPE=73.194068378% | params={'learning_rate': 0.01734342920012909, 'decay_rate': 0.02447147105710633, 'hidden_size': 16, 'signal_len': 8, 'cheb_order': 3, 's': 7.629933571047287, 'batch_size': 256, 'k': 2}
Trial 336 finished with value 0.190580404 | dataset=ili | model=ufgtime_plus | val_MSE=0.025540600 | test_MSE=0.078263077 | MAE=0.190580404 | RMSE=0.279755389 | MAPE=60.953889815% | params={'learning_rate': 0.020755738312476284, 'decay_rate': 0.0009319646776214847, 'hidden_size': 16, 'signal_len': 8, 'cheb_order': 3, 's': 3.5209104696262115, 'batch_size': 256, 'k': 2}
Trial 337 finished with value 0.206309296 | dataset=ili | model=ufgtime_plus | val_MSE=0.022046790 | test_MSE=0.086898602 | MAE=0.206309296 | RMSE=0.294785689 | MAPE=80.023443135% | params={'learning_rate': 0.020257498444218657, 'decay_rate': 4.405257008673893e-05, 'hidden_size': 16, 'signal_len': 8, 'cheb_order': 3, 's': 3.5461680666752073, 'batch_size': 256, 'k': 2}
Trial 338 finished with value 0.209147285 | dataset=ili | model=ufgtime_plus | val_MSE=0.028502131 | test_MSE=0.088142346 | MAE=0.209147285 | RMSE=0.296887767 | MAPE=72.096483707% | params={'learning_rate': 0.020410588965702005, 'decay_rate': 0.0017970731403273, 'hidden_size': 16, 'signal_len': 8, 'cheb_order': 3, 's': 3.446647557046222, 'batch_size': 256, 'k': 2}
Trial 339 finished with value 0.247229651 | dataset=ili | model=ufgtime_plus | val_MSE=0.040726539 | test_MSE=0.115916326 | MAE=0.247229651 | RMSE=0.340464867 | MAPE=71.997831016% | params={'learning_rate': 0.01850886079029298, 'decay_rate': 0.0031564657092486266, 'hidden_size': 32, 'signal_len': 8, 'cheb_order': 3, 's': 3.1715420732165414, 'batch_size': 256, 'k': 2}
Trial 340 finished with value 0.190801129 | dataset=ili | model=ufgtime_plus | val_MSE=0.025263671 | test_MSE=0.079271613 | MAE=0.190801129 | RMSE=0.281552149 | MAPE=60.681553396% | params={'learning_rate': 0.021796660727619835, 'decay_rate': 0.0008459987859756557, 'hidden_size': 16, 'signal_len': 8, 'cheb_order': 3, 's': 3.820913775987432, 'batch_size': 256, 'k': 2}
Trial 341 finished with value 0.295572259 | dataset=ili | model=ufgtime_plus | val_MSE=0.055388413 | test_MSE=0.153713241 | MAE=0.295572259 | RMSE=0.392062802 | MAPE=77.987435227% | params={'learning_rate': 0.02120271060710304, 'decay_rate': 0.01873454624327378, 'hidden_size': 16, 'signal_len': 8, 'cheb_order': 3, 's': 4.068317376461493, 'batch_size': 256, 'k': 2}
Trial 342 finished with value 0.189788338 | dataset=ili | model=ufgtime_plus | val_MSE=0.025266755 | test_MSE=0.079914804 | MAE=0.189788338 | RMSE=0.282692066 | MAPE=66.333827549% | params={'learning_rate': 0.019615955784040368, 'decay_rate': 0.0008139912404858928, 'hidden_size': 16, 'signal_len': 8, 'cheb_order': 3, 's': 3.9878576770339547, 'batch_size': 256, 'k': 2}
Trial 343 finished with value 0.212999829 | dataset=ili | model=ufgtime_plus | val_MSE=0.029381506 | test_MSE=0.090296869 | MAE=0.212999829 | RMSE=0.300494375 | MAPE=75.654963764% | params={'learning_rate': 0.021735628807496573, 'decay_rate': 0.002253823019433175, 'hidden_size': 16, 'signal_len': 8, 'cheb_order': 3, 's': 3.982938007570651, 'batch_size': 256, 'k': 2}
Trial 344 finished with value 0.376913587 | dataset=ili | model=ufgtime_plus | val_MSE=0.069509618 | test_MSE=0.259765742 | MAE=0.376913587 | RMSE=0.509672190 | MAPE=68.331349252% | params={'learning_rate': 0.02025716371793572, 'decay_rate': 0.040217092753985106, 'hidden_size': 64, 'signal_len': 8, 'cheb_order': 3, 's': 3.9816819771893357, 'batch_size': 256, 'k': 2}
Trial 345 finished with value 0.186715142 | dataset=ili | model=ufgtime_plus | val_MSE=0.025212722 | test_MSE=0.081204130 | MAE=0.186715142 | RMSE=0.284963384 | MAPE=56.689558422% | params={'learning_rate': 0.022081886646271753, 'decay_rate': 0.0007172941724182628, 'hidden_size': 32, 'signal_len': 8, 'cheb_order': 3, 's': 4.1653640591566985, 'batch_size': 256, 'k': 2}
Trial 346 finished with value 0.226079077 | dataset=ili | model=ufgtime_plus | val_MSE=0.024309475 | test_MSE=0.101099960 | MAE=0.226079077 | RMSE=0.317962199 | MAPE=69.509204621% | params={'learning_rate': 0.04656151997943424, 'decay_rate': 8.170491277066541e-05, 'hidden_size': 32, 'signal_len': 8, 'cheb_order': 3, 's': 4.2592552259800565, 'batch_size': 256, 'k': 4}
Trial 347 finished with value 0.211249489 | dataset=ili | model=ufgtime_plus | val_MSE=0.029255077 | test_MSE=0.089058301 | MAE=0.211249489 | RMSE=0.298426374 | MAPE=67.607228356% | params={'learning_rate': 0.022418838190285964, 'decay_rate': 0.0019008819098059741, 'hidden_size': 32, 'signal_len': 8, 'cheb_order': 3, 's': 3.7783788025436866, 'batch_size': 256, 'k': 2}
Trial 348 finished with value 0.183898586 | dataset=ili | model=ufgtime_plus | val_MSE=0.024456304 | test_MSE=0.079743483 | MAE=0.183898586 | RMSE=0.282388886 | MAPE=56.648708139% | params={'learning_rate': 0.022000972029984026, 'decay_rate': 0.0008383534978127123, 'hidden_size': 32, 'signal_len': 8, 'cheb_order': 3, 's': 4.198578211661869, 'batch_size': 256, 'k': 2}
Trial 349 finished with value 0.232661372 | dataset=ili | model=ufgtime_plus | val_MSE=0.028545734 | test_MSE=0.111149087 | MAE=0.232661372 | RMSE=0.333390292 | MAPE=55.573594890% | params={'learning_rate': 0.022082407147962828, 'decay_rate': 7.673792346504045e-05, 'hidden_size': 32, 'signal_len': 8, 'cheb_order': 3, 's': 4.175938551156816, 'batch_size': 256, 'k': 2}
Trial 350 finished with value 0.229768599 | dataset=ili | model=ufgtime_plus | val_MSE=0.037673917 | test_MSE=0.105849768 | MAE=0.229768599 | RMSE=0.325345612 | MAPE=64.711224417% | params={'learning_rate': 0.02208048121036113, 'decay_rate': 0.0018166803448720174, 'hidden_size': 32, 'signal_len': 8, 'cheb_order': 3, 's': 3.9289262795012214, 'batch_size': 256, 'k': 2}
Trial 351 finished with value 0.247442766 | dataset=ili | model=ufgtime_plus | val_MSE=0.043166168 | test_MSE=0.119195286 | MAE=0.247442766 | RMSE=0.345246703 | MAPE=70.101794084% | params={'learning_rate': 0.021055321614187952, 'decay_rate': 0.0031199150066733407, 'hidden_size': 32, 'signal_len': 16, 'cheb_order': 3, 's': 4.448676912742394, 'batch_size': 256, 'k': 2}
Trial 352 finished with value 0.184674411 | dataset=ili | model=ufgtime_plus | val_MSE=0.024577430 | test_MSE=0.078096229 | MAE=0.184674411 | RMSE=0.279457026 | MAPE=58.498620934% | params={'learning_rate': 0.02174190668779657, 'decay_rate': 0.0008160441657521821, 'hidden_size': 32, 'signal_len': 8, 'cheb_order': 3, 's': 4.118630645708243, 'batch_size': 256, 'k': 2}
Trial 353 finished with value 0.210298848 | dataset=ili | model=ufgtime_plus | val_MSE=0.025733460 | test_MSE=0.086388229 | MAE=0.210298848 | RMSE=0.293918745 | MAPE=61.002616863% | params={'learning_rate': 0.022995439641046236, 'decay_rate': 3.6614248122189053e-05, 'hidden_size': 32, 'signal_len': 8, 'cheb_order': 3, 's': 4.288133949916788, 'batch_size': 256, 'k': 2}
