Trial 766 finished with value 0.210278888 | dataset=ili | model=ufgtime_plus | val_MSE=0.026963038 | test_MSE=0.090770123 | MAE=0.210278888 | RMSE=0.301280803 | MAPE=56.778013283% | params={'learning_rate': 0.015505998364546525, 'decay_rate': 4.375645345539047e-05, 'hidden_size': 64, 'signal_len': 8, 'cheb_order': 3, 's': 5.9072486656743, 'batch_size': 256, 'k': 2}
Trial 767 finished with value 0.200906833 | dataset=ili | model=ufgtime_plus | val_MSE=0.028670408 | test_MSE=0.085890552 | MAE=0.200906833 | RMSE=0.293070899 | MAPE=58.880550848% | params={'learning_rate': 0.01750138774215918, 'decay_rate': 0.0013539754061052324, 'hidden_size': 32, 'signal_len': 8, 'cheb_order': 3, 's': 6.1118618632845445, 'batch_size': 256, 'k': 2}
Trial 768 finished with value 0.244285592 | dataset=ili | model=ufgtime_plus | val_MSE=0.040542938 | test_MSE=0.112791511 | MAE=0.244285592 | RMSE=0.335844475 | MAPE=74.408347994% | params={'learning_rate': 0.016383364424653223, 'decay_rate': 0.003003721473770196, 'hidden_size': 32, 'signal_len': 8, 'cheb_order': 3, 's': 5.682367582871853, 'batch_size': 64, 'k': 2}
Trial 769 finished with value 0.210040050 | dataset=ili | model=ufgtime_plus | val_MSE=0.027367737 | test_MSE=0.089342214 | MAE=0.210040050 | RMSE=0.298901680 | MAPE=73.298359077% | params={'learning_rate': 0.01871255284036846, 'decay_rate': 0.0017943195587866033, 'hidden_size': 32, 'signal_len': 8, 'cheb_order': 3, 's': 6.319580979147094, 'batch_size': 256, 'k': 3}
Trial 770 finished with value 0.209053452 | dataset=ili | model=ufgtime_plus | val_MSE=0.027036767 | test_MSE=0.088188447 | MAE=0.209053452 | RMSE=0.296965396 | MAPE=57.065008747% | params={'learning_rate': 0.019222100589167474, 'decay_rate': 1.3359207020359411e-05, 'hidden_size': 32, 'signal_len': 8, 'cheb_order': 2, 's': 5.897043402998656, 'batch_size': 256, 'k': 2}
Trial 771 finished with value 0.203081862 | dataset=ili | model=ufgtime_plus | val_MSE=0.028811892 | test_MSE=0.087472368 | MAE=0.203081862 | RMSE=0.295757278 | MAPE=55.687322611% | params={'learning_rate': 0.014545534653295035, 'decay_rate': 0.0009270862678056877, 'hidden_size': 32, 'signal_len': 8, 'cheb_order': 3, 's': 6.063539048653812, 'batch_size': 256, 'k': 2}
Trial 772 finished with value 0.245603072 | dataset=ili | model=ufgtime_plus | val_MSE=0.036111236 | test_MSE=0.115616730 | MAE=0.245603072 | RMSE=0.340024602 | MAPE=66.921059122% | params={'learning_rate': 0.017081938208795895, 'decay_rate': 0.002160340232533635, 'hidden_size': 32, 'signal_len': 8, 'cheb_order': 3, 's': 5.610039634731923, 'batch_size': 256, 'k': 2}
Trial 773 finished with value 0.251506769 | dataset=ili | model=ufgtime_plus | val_MSE=0.044030078 | test_MSE=0.122819125 | MAE=0.251506769 | RMSE=0.350455596 | MAPE=69.123294282% | params={'learning_rate': 0.013280042237190193, 'decay_rate': 0.0033600582831960677, 'hidden_size': 32, 'signal_len': 8, 'cheb_order': 3, 's': 6.293230416257241, 'batch_size': 256, 'k': 2}
Trial 774 finished with value 0.188407506 | dataset=ili | model=ufgtime_plus | val_MSE=0.025568521 | test_MSE=0.078764851 | MAE=0.188407506 | RMSE=0.280650764 | MAPE=58.154871172% | params={'learning_rate': 0.019064310417151398, 'decay_rate': 0.0009556539893057502, 'hidden_size': 32, 'signal_len': 8, 'cheb_order': 3, 's': 5.718397096017327, 'batch_size': 256, 'k': 2}
Trial 775 finished with value 0.214051711 | dataset=ili | model=ufgtime_plus | val_MSE=0.034738775 | test_MSE=0.094090743 | MAE=0.214051711 | RMSE=0.306742144 | MAPE=65.682777095% | params={'learning_rate': 0.017690398330563815, 'decay_rate': 0.0015838885292256755, 'hidden_size': 32, 'signal_len': 8, 'cheb_order': 3, 's': 5.364092742754444, 'batch_size': 16, 'k': 2}
Trial 776 finished with value 0.210586403 | dataset=ili | model=ufgtime_plus | val_MSE=0.035741065 | test_MSE=0.095492374 | MAE=0.210586403 | RMSE=0.309018405 | MAPE=54.156282557% | params={'learning_rate': 0.01582740841786033, 'decay_rate': 0.0008389787177382764, 'hidden_size': 64, 'signal_len': 8, 'cheb_order': 3, 's': 5.883547870500505, 'batch_size': 256, 'k': 2}
Trial 777 finished with value 0.237206768 | dataset=ili | model=ufgtime_plus | val_MSE=0.038535848 | test_MSE=0.110972844 | MAE=0.237206768 | RMSE=0.333125868 | MAPE=62.182867097% | params={'learning_rate': 0.012720913518838778, 'decay_rate': 0.0022171677486843917, 'hidden_size': 32, 'signal_len': 8, 'cheb_order': 3, 's': 6.197719580516365, 'batch_size': 256, 'k': 2}
Trial 778 finished with value 0.250691763 | dataset=ili | model=ufgtime_plus | val_MSE=0.043760508 | test_MSE=0.121459106 | MAE=0.250691763 | RMSE=0.348509837 | MAPE=71.424502026% | params={'learning_rate': 0.017714471620717934, 'decay_rate': 0.003322084349793475, 'hidden_size': 32, 'signal_len': 8, 'cheb_order': 3, 's': 5.0490403113864915, 'batch_size': 256, 'k': 2}
Trial 779 finished with value 0.199678954 | dataset=ili | model=ufgtime_plus | val_MSE=0.026934691 | test_MSE=0.084052356 | MAE=0.199678954 | RMSE=0.289917844 | MAPE=66.027012635% | params={'learning_rate': 0.01919344618736134, 'decay_rate': 0.0009418908926604362, 'hidden_size': 32, 'signal_len': 8, 'cheb_order': 3, 's': 1.5747565212242187, 'batch_size': 256, 'k': 6}
Trial 780 finished with value 0.205772840 | dataset=ili | model=ufgtime_plus | val_MSE=0.025377212 | test_MSE=0.082573803 | MAE=0.205772840 | RMSE=0.287356579 | MAPE=61.031971929% | params={'learning_rate': 0.019530766464212507, 'decay_rate': 1.5221726881947911e-05, 'hidden_size': 32, 'signal_len': 8, 'cheb_order': 3, 's': 6.0280159352708695, 'batch_size': 256, 'k': 2}
Trial 781 finished with value 0.227668539 | dataset=ili | model=ufgtime_plus | val_MSE=0.025973741 | test_MSE=0.100615185 | MAE=0.227668539 | RMSE=0.317198967 | MAPE=62.565524070% | params={'learning_rate': 0.016250842685995658, 'decay_rate': 1.0529726612830045e-05, 'hidden_size': 32, 'signal_len': 8, 'cheb_order': 3, 's': 5.839124778986757, 'batch_size': 256, 'k': 2}
Trial 782 finished with value 0.201766496 | dataset=ili | model=ufgtime_plus | val_MSE=0.027056027 | test_MSE=0.081747741 | MAE=0.201766496 | RMSE=0.285915619 | MAPE=77.443613678% | params={'learning_rate': 0.01826306295806774, 'decay_rate': 0.0017358490279956078, 'hidden_size': 32, 'signal_len': 8, 'cheb_order': 3, 's': 6.165355616532345, 'batch_size': 256, 'k': 2}
Trial 783 finished with value 0.242867387 | dataset=ili | model=ufgtime_plus | val_MSE=0.039161861 | test_MSE=0.112114429 | MAE=0.242867387 | RMSE=0.334834928 | MAPE=69.641168365% | params={'learning_rate': 0.01662851978906541, 'decay_rate': 0.002662299546317048, 'hidden_size': 32, 'signal_len': 8, 'cheb_order': 3, 's': 5.598391074825094, 'batch_size': 256, 'k': 2}
Trial 784 finished with value 0.215182041 | dataset=ili | model=ufgtime_plus | val_MSE=0.035319188 | test_MSE=0.093533965 | MAE=0.215182041 | RMSE=0.305833230 | MAPE=68.178407761% | params={'learning_rate': 0.014172515497283706, 'decay_rate': 0.0015876143449022001, 'hidden_size': 32, 'signal_len': 8, 'cheb_order': 3, 's': 6.338602448521393, 'batch_size': 16, 'k': 2}
Trial 785 finished with value 0.262182991 | dataset=ili | model=ufgtime_plus | val_MSE=0.045282520 | test_MSE=0.127836554 | MAE=0.262182991 | RMSE=0.357542380 | MAPE=74.474840796% | params={'learning_rate': 0.01779160242873525, 'decay_rate': 0.004029990725100574, 'hidden_size': 32, 'signal_len': 8, 'cheb_order': 3, 's': 5.810288804089771, 'batch_size': 256, 'k': 2}
Trial 786 finished with value 0.197043135 | dataset=ili | model=ufgtime_plus | val_MSE=0.035076953 | test_MSE=0.087767163 | MAE=0.197043135 | RMSE=0.296255233 | MAPE=56.455291200% | params={'learning_rate': 0.019395678946319196, 'decay_rate': 0.0009202662998874092, 'hidden_size': 64, 'signal_len': 8, 'cheb_order': 3, 's': 5.471503087439964, 'batch_size': 64, 'k': 2}
Trial 787 finished with value 0.253992511 | dataset=ili | model=ufgtime_plus | val_MSE=0.042969249 | test_MSE=0.122546473 | MAE=0.253992511 | RMSE=0.350066384 | MAPE=67.401255998% | params={'learning_rate': 0.006011796576444926, 'decay_rate': 0.002664532145313582, 'hidden_size': 32, 'signal_len': 8, 'cheb_order': 3, 's': 6.067073970161599, 'batch_size': 256, 'k': 2}
Trial 788 finished with value 0.202484229 | dataset=ili | model=ufgtime_plus | val_MSE=0.029011665 | test_MSE=0.086185927 | MAE=0.202484229 | RMSE=0.293574398 | MAPE=66.561408033% | params={'learning_rate': 0.016940502709523242, 'decay_rate': 0.0016388534837321854, 'hidden_size': 32, 'signal_len': 8, 'cheb_order': 2, 's': 5.9422693532580455, 'batch_size': 256, 'k': 2}
Trial 789 finished with value 0.221997393 | dataset=ili | model=ufgtime_plus | val_MSE=0.037103452 | test_MSE=0.102894290 | MAE=0.221997393 | RMSE=0.320771398 | MAPE=55.148647381% | params={'learning_rate': 0.007739564484218716, 'decay_rate': 0.0007602005277307093, 'hidden_size': 32, 'signal_len': 8, 'cheb_order': 3, 's': 5.216283931195776, 'batch_size': 256, 'k': 2}
Trial 790 finished with value 0.242726148 | dataset=ili | model=ufgtime_plus | val_MSE=0.040286783 | test_MSE=0.116385746 | MAE=0.242726148 | RMSE=0.341153551 | MAPE=64.101934512% | params={'learning_rate': 0.015219761520802927, 'decay_rate': 0.002313276475371798, 'hidden_size': 32, 'signal_len': 8, 'cheb_order': 3, 's': 5.763763100745115, 'batch_size': 256, 'k': 2}
Trial 791 finished with value 0.185771246 | dataset=ili | model=ufgtime_plus | val_MSE=0.023396512 | test_MSE=0.077406956 | MAE=0.185771246 | RMSE=0.278221056 | MAPE=56.768621601% | params={'learning_rate': 0.04491333467118127, 'decay_rate': 0.0008177881974039836, 'hidden_size': 32, 'signal_len': 8, 'cheb_order': 3, 's': 6.237865097284693, 'batch_size': 256, 'k': 2}
Trial 792 finished with value 0.294873917 | dataset=ili | model=ufgtime_plus | val_MSE=0.054227829 | test_MSE=0.152070747 | MAE=0.294873917 | RMSE=0.389962495 | MAPE=78.781398593% | params={'learning_rate': 0.01855440037246504, 'decay_rate': 0.027268017142856846, 'hidden_size': 32, 'signal_len': 8, 'cheb_order': 3, 's': 6.054298417135177, 'batch_size': 256, 'k': 2}
Trial 793 finished with value 0.199337179 | dataset=ili | model=ufgtime_plus | val_MSE=0.027444048 | test_MSE=0.082176880 | MAE=0.199337179 | RMSE=0.286665101 | MAPE=70.470797305% | params={'learning_rate': 0.01962819261190579, 'decay_rate': 0.0016282415289104557, 'hidden_size': 32, 'signal_len': 8, 'cheb_order': 3, 's': 5.461673346596307, 'batch_size': 256, 'k': 2}
Trial 794 finished with value 0.202602699 | dataset=ili | model=ufgtime_plus | val_MSE=0.020065879 | test_MSE=0.083822395 | MAE=0.202602699 | RMSE=0.289520976 | MAPE=76.561298861% | params={'learning_rate': 0.015243106194710606, 'decay_rate': 4.4456048388568335e-05, 'hidden_size': 32, 'signal_len': 8, 'cheb_order': 3, 's': 5.736791910744033, 'batch_size': 16, 'k': 2}
Trial 795 finished with value 0.241522179 | dataset=ili | model=ufgtime_plus | val_MSE=0.040763419 | test_MSE=0.113420753 | MAE=0.241522179 | RMSE=0.336779978 | MAPE=70.715526696% | params={'learning_rate': 0.019890729162548443, 'decay_rate': 0.0031283531228366098, 'hidden_size': 32, 'signal_len': 8, 'cheb_order': 3, 's': 6.446756539858267, 'batch_size': 256, 'k': 2}
Trial 796 finished with value 0.350691319 | dataset=ili | model=ufgtime_plus | val_MSE=0.071457028 | test_MSE=0.208282307 | MAE=0.350691319 | RMSE=0.456379564 | MAPE=81.198282418% | params={'learning_rate': 0.016740342263935278, 'decay_rate': 0.03751541734223182, 'hidden_size': 64, 'signal_len': 8, 'cheb_order': 3, 's': 4.917917218491258, 'batch_size': 256, 'k': 2}
Trial 797 finished with value 0.259006955 | dataset=ili | model=ufgtime_plus | val_MSE=0.046148613 | test_MSE=0.127670449 | MAE=0.259006955 | RMSE=0.357310017 | MAPE=72.213416573% | params={'learning_rate': 0.017640375743120804, 'decay_rate': 0.004682206938626834, 'hidden_size': 32, 'signal_len': 8, 'cheb_order': 3, 's': 5.911965369047096, 'batch_size': 256, 'k': 2}
Trial 798 finished with value 0.194823790 | dataset=ili | model=ufgtime_plus | val_MSE=0.026991470 | test_MSE=0.077853547 | MAE=0.194823790 | RMSE=0.279022485 | MAPE=57.496808842% | params={'learning_rate': 0.01819957482403089, 'decay_rate': 2.4729481108230105e-05, 'hidden_size': 32, 'signal_len': 8, 'cheb_order': 3, 's': 5.6098226681472045, 'batch_size': 256, 'k': 2}
Trial 799 finished with value 0.349350474 | dataset=ili | model=ufgtime_plus | val_MSE=0.065133914 | test_MSE=0.226016866 | MAE=0.349350474 | RMSE=0.475412311 | MAPE=64.796953993% | params={'learning_rate': 0.009229313916380207, 'decay_rate': 0.02109850132075175, 'hidden_size': 32, 'signal_len': 8, 'cheb_order': 3, 's': 6.195677096160435, 'batch_size': 256, 'k': 4}
Trial 800 finished with value 0.204158102 | dataset=ili | model=ufgtime_plus | val_MSE=0.027031610 | test_MSE=0.083436236 | MAE=0.204158102 | RMSE=0.288853312 | MAPE=71.633646735% | params={'learning_rate': 0.02038894012428096, 'decay_rate': 0.001599989141616436, 'hidden_size': 32, 'signal_len': 8, 'cheb_order': 3, 's': 5.970579554071267, 'batch_size': 256, 'k': 2}
Trial 801 finished with value 0.295826748 | dataset=ili | model=ufgtime_plus | val_MSE=0.057014681 | test_MSE=0.149982457 | MAE=0.295826748 | RMSE=0.387275686 | MAPE=89.521864281% | params={'learning_rate': 0.015705817413192227, 'decay_rate': 0.024661757855975745, 'hidden_size': 32, 'signal_len': 8, 'cheb_order': 3, 's': 2.4645010092518485, 'batch_size': 256, 'k': 2}
Trial 802 finished with value 0.214216717 | dataset=ili | model=ufgtime_plus | val_MSE=0.029574594 | test_MSE=0.091964811 | MAE=0.214216717 | RMSE=0.303257005 | MAPE=68.855079102% | params={'learning_rate': 0.019056310299687865, 'decay_rate': 0.0024998790860738486, 'hidden_size': 32, 'signal_len': 8, 'cheb_order': 3, 's': 5.6667669784845565, 'batch_size': 256, 'k': 2}
Trial 803 finished with value 0.207319200 | dataset=ili | model=ufgtime_plus | val_MSE=0.023747726 | test_MSE=0.089792080 | MAE=0.207319200 | RMSE=0.299653266 | MAPE=58.928130926% | params={'learning_rate': 0.011043062858924691, 'decay_rate': 0.0008794144949495674, 'hidden_size': 32, 'signal_len': 8, 'cheb_order': 3, 's': 6.348655047021476, 'batch_size': 64, 'k': 2}
Trial 804 finished with value 0.224859975 | dataset=ili | model=ufgtime_plus | val_MSE=0.036149021 | test_MSE=0.102923254 | MAE=0.224859975 | RMSE=0.320816543 | MAPE=62.779819394% | params={'learning_rate': 0.016715742208363887, 'decay_rate': 0.0016176650358947647, 'hidden_size': 32, 'signal_len': 8, 'cheb_order': 3, 's': 6.079722286640803, 'batch_size': 16, 'k': 2}
Trial 805 finished with value 0.343184417 | dataset=ili | model=ufgtime_plus | val_MSE=0.055769615 | test_MSE=0.217790661 | MAE=0.343184417 | RMSE=0.466680470 | MAPE=69.684608689% | params={'learning_rate': 0.00029662641752337647, 'decay_rate': 0.0008362002387332509, 'hidden_size': 64, 'signal_len': 8, 'cheb_order': 3, 's': 5.289742915482554, 'batch_size': 256, 'k': 2}
Trial 806 finished with value 0.239562890 | dataset=ili | model=ufgtime_plus | val_MSE=0.043945502 | test_MSE=0.115222419 | MAE=0.239562890 | RMSE=0.339444279 | MAPE=72.307307071% | params={'learning_rate': 0.04245940069758214, 'decay_rate': 0.0037957183581655693, 'hidden_size': 32, 'signal_len': 8, 'cheb_order': 3, 's': 5.842084962755358, 'batch_size': 256, 'k': 2}
Trial 807 finished with value 0.196006729 | dataset=ili | model=ufgtime_plus | val_MSE=0.028237183 | test_MSE=0.079830299 | MAE=0.196006729 | RMSE=0.282542562 | MAPE=56.062088066% | params={'learning_rate': 0.017932388185792743, 'decay_rate': 2.842796533767376e-05, 'hidden_size': 32, 'signal_len': 8, 'cheb_order': 2, 's': 6.160641631077545, 'batch_size': 256, 'k': 2}
Trial 808 finished with value 0.225677852 | dataset=ili | model=ufgtime_plus | val_MSE=0.038284667 | test_MSE=0.103722671 | MAE=0.225677852 | RMSE=0.322060043 | MAPE=65.446711552% | params={'learning_rate': 0.02009515624048596, 'decay_rate': 0.0022993457916461986, 'hidden_size': 32, 'signal_len': 8, 'cheb_order': 3, 's': 5.450090492878543, 'batch_size': 256, 'k': 2}
Trial 809 finished with value 0.273689988 | dataset=ili | model=ufgtime_plus | val_MSE=0.051650353 | test_MSE=0.135344392 | MAE=0.273689988 | RMSE=0.367891821 | MAPE=81.576234720% | params={'learning_rate': 0.015421988701555249, 'decay_rate': 0.014903615389321534, 'hidden_size': 32, 'signal_len': 8, 'cheb_order': 3, 's': 5.686050660658571, 'batch_size': 256, 'k': 2}
Trial 810 finished with value 0.190629677 | dataset=ili | model=ufgtime_plus | val_MSE=0.026928909 | test_MSE=0.082296903 | MAE=0.190629677 | RMSE=0.286874368 | MAPE=57.295661625% | params={'learning_rate': 0.041446660839125585, 'decay_rate': 0.0017277053961596161, 'hidden_size': 32, 'signal_len': 8, 'cheb_order': 3, 's': 5.961582652204543, 'batch_size': 256, 'k': 2}
Trial 811 finished with value 0.247612506 | dataset=ili | model=ufgtime_plus | val_MSE=0.041628547 | test_MSE=0.118193188 | MAE=0.247612506 | RMSE=0.343792362 | MAPE=67.941889463% | params={'learning_rate': 0.01857916104319106, 'decay_rate': 0.003097167118686235, 'hidden_size': 32, 'signal_len': 8, 'cheb_order': 3, 's': 6.435665027307318, 'batch_size': 256, 'k': 2}
Trial 812 finished with value 0.188413627 | dataset=ili | model=ufgtime_plus | val_MSE=0.024415517 | test_MSE=0.077046062 | MAE=0.188413627 | RMSE=0.277571724 | MAPE=62.141092556% | params={'learning_rate': 0.04332600400195238, 'decay_rate': 0.0008938806231312761, 'hidden_size': 32, 'signal_len': 8, 'cheb_order': 3, 's': 5.823937682140181, 'batch_size': 256, 'k': 2}
Trial 813 finished with value 0.193382629 | dataset=ili | model=ufgtime_plus | val_MSE=0.025189605 | test_MSE=0.076691722 | MAE=0.193382629 | RMSE=0.276932702 | MAPE=72.571491146% | params={'learning_rate': 0.02049458580628562, 'decay_rate': 0.0009682614131068859, 'hidden_size': 32, 'signal_len': 8, 'cheb_order': 3, 's': 6.1876888403046815, 'batch_size': 256, 'k': 2}
Trial 814 finished with value 0.223271032 | dataset=ili | model=ufgtime_plus | val_MSE=0.038540393 | test_MSE=0.102609010 | MAE=0.223271032 | RMSE=0.320326412 | MAPE=64.063027900% | params={'learning_rate': 0.019222275993310087, 'decay_rate': 0.002289057809451757, 'hidden_size': 32, 'signal_len': 8, 'cheb_order': 3, 's': 6.012780121189443, 'batch_size': 16, 'k': 2}
Trial 815 finished with value 0.227670536 | dataset=ili | model=ufgtime_plus | val_MSE=0.026518701 | test_MSE=0.107910405 | MAE=0.227670536 | RMSE=0.328497191 | MAPE=57.716858457% | params={'learning_rate': 0.017247998100667156, 'decay_rate': 1.8859399271381992e-05, 'hidden_size': 64, 'signal_len': 8, 'cheb_order': 3, 's': 5.646689226236764, 'batch_size': 256, 'k': 2}
Trial 816 finished with value 0.221110063 | dataset=ili | model=ufgtime_plus | val_MSE=0.031061117 | test_MSE=0.097573963 | MAE=0.221110063 | RMSE=0.312368313 | MAPE=67.204001011% | params={'learning_rate': 0.01414072858717141, 'decay_rate': 0.0015799141148572149, 'hidden_size': 32, 'signal_len': 8, 'cheb_order': 3, 's': 5.058003553992093, 'batch_size': 256, 'k': 2}
Trial 817 finished with value 0.219383794 | dataset=ili | model=ufgtime_plus | val_MSE=0.027142676 | test_MSE=0.095792450 | MAE=0.219383794 | RMSE=0.309503555 | MAPE=58.274012582% | params={'learning_rate': 0.020903493831419838, 'decay_rate': 1.5570384461017833e-05, 'hidden_size': 32, 'signal_len': 8, 'cheb_order': 3, 's': 6.27996885396599, 'batch_size': 256, 'k': 2}
Trial 818 finished with value 0.233830875 | dataset=ili | model=ufgtime_plus | val_MSE=0.040895531 | test_MSE=0.108466363 | MAE=0.233830875 | RMSE=0.329342319 | MAPE=74.313430032% | params={'learning_rate': 0.016086505581209477, 'decay_rate': 0.0029033146816794635, 'hidden_size': 32, 'signal_len': 8, 'cheb_order': 3, 's': 5.85645270574384, 'batch_size': 128, 'k': 2}
Trial 819 finished with value 0.346103615 | dataset=ili | model=ufgtime_plus | val_MSE=0.064609252 | test_MSE=0.230088914 | MAE=0.346103615 | RMSE=0.479675842 | MAPE=62.309027230% | params={'learning_rate': 0.03683701427476232, 'decay_rate': 0.039673419950921815, 'hidden_size': 32, 'signal_len': 8, 'cheb_order': 3, 's': 4.739038277572339, 'batch_size': 256, 'k': 2}
Trial 820 finished with value 0.187875862 | dataset=ili | model=ufgtime_plus | val_MSE=0.024825195 | test_MSE=0.077256763 | MAE=0.187875862 | RMSE=0.277951008 | MAPE=73.276399170% | params={'learning_rate': 0.035980202279393525, 'decay_rate': 0.0010554823305441554, 'hidden_size': 32, 'signal_len': 8, 'cheb_order': 3, 's': 5.570855795913052, 'batch_size': 256, 'k': 2}
Trial 821 finished with value 0.272319846 | dataset=ili | model=ufgtime_plus | val_MSE=0.047819473 | test_MSE=0.133078070 | MAE=0.272319846 | RMSE=0.364798671 | MAPE=80.064922432% | params={'learning_rate': 0.01988148144402987, 'decay_rate': 0.005909556743879402, 'hidden_size': 32, 'signal_len': 8, 'cheb_order': 3, 's': 5.383019360157312, 'batch_size': 256, 'k': 3}
Trial 822 finished with value 0.211433512 | dataset=ili | model=ufgtime_plus | val_MSE=0.036931534 | test_MSE=0.094777404 | MAE=0.211433512 | RMSE=0.307859390 | MAPE=67.476707061% | params={'learning_rate': 0.021105652821646236, 'decay_rate': 0.0020097706409319795, 'hidden_size': 32, 'signal_len': 8, 'cheb_order': 3, 's': 6.0956381315813255, 'batch_size': 64, 'k': 2}
Trial 823 finished with value 0.207519492 | dataset=ili | model=ufgtime_plus | val_MSE=0.034708680 | test_MSE=0.094605865 | MAE=0.207519492 | RMSE=0.307580664 | MAPE=56.526300628% | params={'learning_rate': 0.01759305216013725, 'decay_rate': 0.0009235462335982367, 'hidden_size': 32, 'signal_len': 8, 'cheb_order': 3, 's': 5.76685514819551, 'batch_size': 128, 'k': 2}
Trial 824 finished with value 0.241389524 | dataset=ili | model=ufgtime_plus | val_MSE=0.044435956 | test_MSE=0.115176133 | MAE=0.241389524 | RMSE=0.339376094 | MAPE=75.532312997% | params={'learning_rate': 0.019193812654039865, 'decay_rate': 0.0041864938117973415, 'hidden_size': 32, 'signal_len': 8, 'cheb_order': 3, 's': 6.463136137140149, 'batch_size': 256, 'k': 2}
