Trial 472 finished with value 0.198848605 | dataset=ili | model=ufgtime_plus | val_MSE=0.027421871 | test_MSE=0.085358024 | MAE=0.198848605 | RMSE=0.292160956 | MAPE=63.682924840% | params={'learning_rate': 0.026710396103861944, 'decay_rate': 0.0016695165348252347, 'hidden_size': 16, 'signal_len': 8, 'cheb_order': 3, 's': 5.485807668261441, 'batch_size': 256, 'k': 2}
Trial 473 finished with value 0.253424650 | dataset=ili | model=ufgtime_plus | val_MSE=0.044657160 | test_MSE=0.123999017 | MAE=0.253424650 | RMSE=0.352134942 | MAPE=72.113252805% | params={'learning_rate': 0.026154849282150616, 'decay_rate': 0.00443394126180832, 'hidden_size': 32, 'signal_len': 8, 'cheb_order': 3, 's': 5.677376772479701, 'batch_size': 256, 'k': 2}
Trial 474 finished with value 0.194160352 | dataset=ili | model=ufgtime_plus | val_MSE=0.024847776 | test_MSE=0.078956309 | MAE=0.194160352 | RMSE=0.280991653 | MAPE=65.521748983% | params={'learning_rate': 0.02607555177330716, 'decay_rate': 0.001006831064683447, 'hidden_size': 16, 'signal_len': 8, 'cheb_order': 3, 's': 5.4205561558169775, 'batch_size': 256, 'k': 5}
Trial 475 finished with value 0.237026726 | dataset=ili | model=ufgtime_plus | val_MSE=0.040966842 | test_MSE=0.108959980 | MAE=0.237026726 | RMSE=0.330090867 | MAPE=75.421533776% | params={'learning_rate': 0.02484048736941878, 'decay_rate': 0.0033601704399497698, 'hidden_size': 32, 'signal_len': 8, 'cheb_order': 3, 's': 5.761204945307683, 'batch_size': 32, 'k': 2}
Trial 476 finished with value 0.241702468 | dataset=ili | model=ufgtime_plus | val_MSE=0.040744379 | test_MSE=0.114270077 | MAE=0.241702468 | RMSE=0.338038573 | MAPE=63.472295262% | params={'learning_rate': 0.025730778644450274, 'decay_rate': 0.0023816932343362325, 'hidden_size': 64, 'signal_len': 8, 'cheb_order': 3, 's': 5.663601513380128, 'batch_size': 256, 'k': 2}
Trial 477 finished with value 0.195687361 | dataset=ili | model=ufgtime_plus | val_MSE=0.022438699 | test_MSE=0.077258381 | MAE=0.195687361 | RMSE=0.277953919 | MAPE=73.766619170% | params={'learning_rate': 0.036518761231915366, 'decay_rate': 6.244421693560678e-05, 'hidden_size': 16, 'signal_len': 8, 'cheb_order': 3, 's': 5.8571524315053844, 'batch_size': 256, 'k': 2}
Trial 478 finished with value 0.202221769 | dataset=ili | model=ufgtime_plus | val_MSE=0.026313453 | test_MSE=0.084250432 | MAE=0.202221769 | RMSE=0.290259250 | MAPE=73.009601507% | params={'learning_rate': 0.02739019246131307, 'decay_rate': 0.0008810139630292918, 'hidden_size': 32, 'signal_len': 8, 'cheb_order': 3, 's': 5.16155177742377, 'batch_size': 32, 'k': 2}
Trial 479 finished with value 0.209429216 | dataset=ili | model=ufgtime_plus | val_MSE=0.028125582 | test_MSE=0.088629653 | MAE=0.209429216 | RMSE=0.297707328 | MAPE=76.992192900% | params={'learning_rate': 0.024193465207877567, 'decay_rate': 0.0018120025068400956, 'hidden_size': 16, 'signal_len': 8, 'cheb_order': 3, 's': 5.9328034418026085, 'batch_size': 256, 'k': 2}
Trial 480 finished with value 0.235813767 | dataset=ili | model=ufgtime_plus | val_MSE=0.020849549 | test_MSE=0.096080913 | MAE=0.235813767 | RMSE=0.309969213 | MAPE=98.946269475% | params={'learning_rate': 0.02822728958393338, 'decay_rate': 2.1556071962369056e-05, 'hidden_size': 32, 'signal_len': 8, 'cheb_order': 2, 's': 5.270088662533672, 'batch_size': 32, 'k': 2}
Trial 481 finished with value 0.254444049 | dataset=ili | model=ufgtime_plus | val_MSE=0.041139837 | test_MSE=0.119768401 | MAE=0.254444049 | RMSE=0.346075715 | MAPE=72.029021130% | params={'learning_rate': 0.019979284129344504, 'decay_rate': 0.003203269883943539, 'hidden_size': 16, 'signal_len': 8, 'cheb_order': 3, 's': 6.066484099558243, 'batch_size': 256, 'k': 2}
Trial 482 finished with value 0.192233031 | dataset=ili | model=ufgtime_plus | val_MSE=0.025859203 | test_MSE=0.082898535 | MAE=0.192233031 | RMSE=0.287921057 | MAPE=56.904125107% | params={'learning_rate': 0.025585460775019195, 'decay_rate': 0.001062008928367119, 'hidden_size': 32, 'signal_len': 8, 'cheb_order': 3, 's': 3.6302720412342158, 'batch_size': 256, 'k': 2}
Trial 483 finished with value 0.215318122 | dataset=ili | model=ufgtime_plus | val_MSE=0.027578147 | test_MSE=0.085137555 | MAE=0.215318122 | RMSE=0.291783404 | MAPE=80.362573017% | params={'learning_rate': 0.0236436595141014, 'decay_rate': 0.002183142205773369, 'hidden_size': 16, 'signal_len': 8, 'cheb_order': 3, 's': 8.671404164139917, 'batch_size': 32, 'k': 2}
Trial 484 finished with value 0.193467158 | dataset=ili | model=ufgtime_plus | val_MSE=0.025075020 | test_MSE=0.080481844 | MAE=0.193467158 | RMSE=0.283693221 | MAPE=63.554708193% | params={'learning_rate': 0.038359966037561526, 'decay_rate': 0.0008724327190137316, 'hidden_size': 32, 'signal_len': 8, 'cheb_order': 3, 's': 5.609559985162999, 'batch_size': 64, 'k': 2}
Trial 485 finished with value 0.203221834 | dataset=ili | model=ufgtime_plus | val_MSE=0.028773915 | test_MSE=0.087254205 | MAE=0.203221834 | RMSE=0.295388228 | MAPE=64.725011308% | params={'learning_rate': 0.021119289176432153, 'decay_rate': 0.0016925038475717215, 'hidden_size': 16, 'signal_len': 8, 'cheb_order': 3, 's': 5.760788099140583, 'batch_size': 256, 'k': 2}
Trial 486 finished with value 0.247214859 | dataset=ili | model=ufgtime_plus | val_MSE=0.041963384 | test_MSE=0.118682048 | MAE=0.247214859 | RMSE=0.344502609 | MAPE=68.467486903% | params={'learning_rate': 0.018893882797900455, 'decay_rate': 0.0028720703518635, 'hidden_size': 32, 'signal_len': 8, 'cheb_order': 3, 's': 6.401343011950021, 'batch_size': 256, 'k': 2}
Trial 487 finished with value 0.218651436 | dataset=ili | model=ufgtime_plus | val_MSE=0.024332085 | test_MSE=0.102414611 | MAE=0.218651436 | RMSE=0.320022830 | MAPE=54.349983082% | params={'learning_rate': 0.004607058613422442, 'decay_rate': 3.180701850295201e-05, 'hidden_size': 16, 'signal_len': 8, 'cheb_order': 3, 's': 7.881903844389356, 'batch_size': 32, 'k': 2}
Trial 488 finished with value 0.200966207 | dataset=ili | model=ufgtime_plus | val_MSE=0.026009496 | test_MSE=0.086410543 | MAE=0.200966207 | RMSE=0.293956702 | MAPE=59.437056301% | params={'learning_rate': 0.02692915052636234, 'decay_rate': 0.0010484188041094444, 'hidden_size': 32, 'signal_len': 8, 'cheb_order': 3, 's': 5.5139986717169895, 'batch_size': 256, 'k': 2}
Trial 489 finished with value 0.229028659 | dataset=ili | model=ufgtime_plus | val_MSE=0.039360864 | test_MSE=0.106777039 | MAE=0.229028659 | RMSE=0.326767561 | MAPE=63.255369034% | params={'learning_rate': 0.03968272732140228, 'decay_rate': 0.002124937931953821, 'hidden_size': 64, 'signal_len': 8, 'cheb_order': 3, 's': 8.219129478652562, 'batch_size': 32, 'k': 2}
Trial 490 finished with value 0.241518856 | dataset=ili | model=ufgtime_plus | val_MSE=0.042630921 | test_MSE=0.112118112 | MAE=0.241518856 | RMSE=0.334840428 | MAPE=80.096891367% | params={'learning_rate': 0.022179541430206347, 'decay_rate': 0.004168308666078109, 'hidden_size': 16, 'signal_len': 8, 'cheb_order': 3, 's': 4.866768992952689, 'batch_size': 128, 'k': 2}
Trial 491 finished with value 0.197869409 | dataset=ili | model=ufgtime_plus | val_MSE=0.025828045 | test_MSE=0.085098159 | MAE=0.197869409 | RMSE=0.291715888 | MAPE=60.307392454% | params={'learning_rate': 0.029345583566784236, 'decay_rate': 0.0008936558013341162, 'hidden_size': 32, 'signal_len': 8, 'cheb_order': 3, 's': 6.030896053244971, 'batch_size': 256, 'k': 2}
Trial 492 finished with value 0.182167478 | dataset=ili | model=ufgtime_plus | val_MSE=0.020700455 | test_MSE=0.073429334 | MAE=0.182167478 | RMSE=0.270978475 | MAPE=60.005896527% | params={'learning_rate': 0.008393741905970944, 'decay_rate': 1.094742859650711e-05, 'hidden_size': 16, 'signal_len': 8, 'cheb_order': 3, 's': 9.158687427734339, 'batch_size': 256, 'k': 2}
Trial 493 finished with value 0.219924698 | dataset=ili | model=ufgtime_plus | val_MSE=0.031264510 | test_MSE=0.097447369 | MAE=0.219924698 | RMSE=0.312165612 | MAPE=62.615018377% | params={'learning_rate': 0.005812011338384044, 'decay_rate': 0.0017518673872429617, 'hidden_size': 16, 'signal_len': 8, 'cheb_order': 3, 's': 5.355811594857588, 'batch_size': 256, 'k': 2}
Trial 494 finished with value 0.236009655 | dataset=ili | model=ufgtime_plus | val_MSE=0.041387491 | test_MSE=0.111901150 | MAE=0.236009655 | RMSE=0.334516293 | MAPE=71.017577684% | params={'learning_rate': 0.0234297063600175, 'decay_rate': 0.0030603615449189274, 'hidden_size': 32, 'signal_len': 8, 'cheb_order': 3, 's': 9.150929304415872, 'batch_size': 256, 'k': 2}
Trial 495 finished with value 0.192257631 | dataset=ili | model=ufgtime_plus | val_MSE=0.026174104 | test_MSE=0.079991235 | MAE=0.192257631 | RMSE=0.282827217 | MAPE=59.915913673% | params={'learning_rate': 0.011658242473771762, 'decay_rate': 0.0009566677300831847, 'hidden_size': 16, 'signal_len': 8, 'cheb_order': 3, 's': 3.938453981454104, 'batch_size': 256, 'k': 2}
Trial 496 finished with value 0.234734355 | dataset=ili | model=ufgtime_plus | val_MSE=0.037747148 | test_MSE=0.112366635 | MAE=0.234734355 | RMSE=0.335211328 | MAPE=62.815438202% | params={'learning_rate': 0.003851883479686286, 'decay_rate': 0.0020727210671313934, 'hidden_size': 32, 'signal_len': 8, 'cheb_order': 3, 's': 5.877218553390808, 'batch_size': 256, 'k': 2}
Trial 497 finished with value 0.290336243 | dataset=ili | model=ufgtime_plus | val_MSE=0.053485356 | test_MSE=0.153499856 | MAE=0.290336243 | RMSE=0.391790577 | MAPE=74.876447942% | params={'learning_rate': 0.011223023543108538, 'decay_rate': 0.007639617941318327, 'hidden_size': 16, 'signal_len': 8, 'cheb_order': 3, 's': 6.197438611624381, 'batch_size': 256, 'k': 2}
Trial 498 finished with value 0.188560622 | dataset=ili | model=ufgtime_plus | val_MSE=0.025365504 | test_MSE=0.080304241 | MAE=0.188560622 | RMSE=0.283380029 | MAPE=60.246215887% | params={'learning_rate': 0.024977708842692646, 'decay_rate': 0.0008586602510793015, 'hidden_size': 32, 'signal_len': 8, 'cheb_order': 3, 's': 4.510420454574958, 'batch_size': 256, 'k': 2}
Trial 499 finished with value 0.431804171 | dataset=ili | model=ufgtime_plus | val_MSE=0.098979503 | test_MSE=0.331729560 | MAE=0.431804171 | RMSE=0.575959686 | MAPE=86.080287695% | params={'learning_rate': 7.324170404742446e-05, 'decay_rate': 0.0008725440450707114, 'hidden_size': 32, 'signal_len': 8, 'cheb_order': 2, 's': 4.772655715166593, 'batch_size': 256, 'k': 2}
Best trial 163 | value=0.178058358 | dataset=ili | model=ufgtime_plus | params={'learning_rate': 0.025676025255712703, 'decay_rate': 0.0006776150759426508, 'hidden_size': 16, 'signal_len': 8, 'cheb_order': 3, 's': 6.479477513364763, 'batch_size': 32, 'k': 2} | val_MSE=0.023394324 | test_MSE=0.074924475 | MAE=0.178058358 | RMSE=0.273723355 | MAPE=58.843403096%
Trial 500 finished with value 0.204633083 | dataset=ili | model=ufgtime_plus | val_MSE=0.030587535 | test_MSE=0.088978392 | MAE=0.204633083 | RMSE=0.298292460 | MAPE=66.510296414% | params={'learning_rate': 0.02469543428147652, 'decay_rate': 0.002551725468661716, 'hidden_size': 32, 'signal_len': 8, 'cheb_order': 3, 's': 4.492539962365329, 'batch_size': 256, 'k': 2}
Trial 501 finished with value 0.381245988 | dataset=ili | model=ufgtime_plus | val_MSE=0.073597781 | test_MSE=0.286825576 | MAE=0.381245988 | RMSE=0.535560992 | MAPE=56.103484708% | params={'learning_rate': 0.02493271176113854, 'decay_rate': 0.04692399073011414, 'hidden_size': 32, 'signal_len': 8, 'cheb_order': 3, 's': 4.426749449716647, 'batch_size': 256, 'k': 2}
Trial 502 finished with value 0.192173049 | dataset=ili | model=ufgtime_plus | val_MSE=0.027426422 | test_MSE=0.075821473 | MAE=0.192173049 | RMSE=0.275356992 | MAPE=58.405786287% | params={'learning_rate': 0.02308071723929042, 'decay_rate': 2.2323080697245892e-05, 'hidden_size': 32, 'signal_len': 8, 'cheb_order': 3, 's': 4.688079584462864, 'batch_size': 256, 'k': 2}
Trial 503 finished with value 0.200167505 | dataset=ili | model=ufgtime_plus | val_MSE=0.027829869 | test_MSE=0.083016712 | MAE=0.200167505 | RMSE=0.288126208 | MAPE=55.197707656% | params={'learning_rate': 0.01568217773248536, 'decay_rate': 2.0994010966420198e-05, 'hidden_size': 32, 'signal_len': 8, 'cheb_order': 3, 's': 8.88843828553893, 'batch_size': 256, 'k': 2}
Trial 504 finished with value 0.229720873 | dataset=ili | model=ufgtime_plus | val_MSE=0.039372347 | test_MSE=0.111869353 | MAE=0.229720873 | RMSE=0.334468762 | MAPE=62.704219250% | params={'learning_rate': 0.0022088025671156003, 'decay_rate': 0.0017440947132371836, 'hidden_size': 32, 'signal_len': 8, 'cheb_order': 3, 's': 4.99496245939563, 'batch_size': 256, 'k': 2}
Trial 505 finished with value 0.199717059 | dataset=ili | model=ufgtime_plus | val_MSE=0.026855061 | test_MSE=0.084610636 | MAE=0.199717059 | RMSE=0.290879074 | MAPE=67.967987463% | params={'learning_rate': 0.04306742342368934, 'decay_rate': 0.0015025786166708577, 'hidden_size': 32, 'signal_len': 8, 'cheb_order': 3, 's': 4.123512348902598, 'batch_size': 256, 'k': 2}
Trial 506 finished with value 0.276091243 | dataset=ili | model=ufgtime_plus | val_MSE=0.048653904 | test_MSE=0.140632835 | MAE=0.276091243 | RMSE=0.375010447 | MAPE=69.977214947% | params={'learning_rate': 0.008233269575971949, 'decay_rate': 0.004047771566632812, 'hidden_size': 32, 'signal_len': 8, 'cheb_order': 3, 's': 4.577290403250614, 'batch_size': 256, 'k': 2}
Trial 507 finished with value 0.224990227 | dataset=ili | model=ufgtime_plus | val_MSE=0.037171420 | test_MSE=0.104241086 | MAE=0.224990227 | RMSE=0.322863882 | MAPE=53.773339824% | params={'learning_rate': 0.010320561457825948, 'decay_rate': 0.0009032492316508106, 'hidden_size': 32, 'signal_len': 8, 'cheb_order': 3, 's': 4.075789083633447, 'batch_size': 256, 'k': 2}
Trial 508 finished with value 0.254528254 | dataset=ili | model=ufgtime_plus | val_MSE=0.044420637 | test_MSE=0.125030289 | MAE=0.254528254 | RMSE=0.353596223 | MAPE=69.304248416% | params={'learning_rate': 0.024178771423665448, 'decay_rate': 0.0032498888067083874, 'hidden_size': 32, 'signal_len': 8, 'cheb_order': 3, 's': 4.343240875756924, 'batch_size': 256, 'k': 2}
Trial 509 finished with value 0.225359006 | dataset=ili | model=ufgtime_plus | val_MSE=0.038039748 | test_MSE=0.104209041 | MAE=0.225359006 | RMSE=0.322814251 | MAPE=64.572849250% | params={'learning_rate': 0.02268213991905095, 'decay_rate': 0.002121424127593527, 'hidden_size': 32, 'signal_len': 8, 'cheb_order': 3, 's': 3.8121255567545673, 'batch_size': 256, 'k': 2}
Trial 510 finished with value 0.231503066 | dataset=ili | model=ufgtime_plus | val_MSE=0.021067418 | test_MSE=0.097079510 | MAE=0.231503066 | RMSE=0.311575849 | MAPE=99.975357622% | params={'learning_rate': 0.023949876216365868, 'decay_rate': 6.205230736711098e-05, 'hidden_size': 64, 'signal_len': 8, 'cheb_order': 3, 's': 5.753437724665115, 'batch_size': 256, 'k': 2}
Trial 511 finished with value 0.242548265 | dataset=ili | model=ufgtime_plus | val_MSE=0.043667793 | test_MSE=0.116721455 | MAE=0.242548265 | RMSE=0.341645218 | MAPE=70.193870489% | params={'learning_rate': 0.037480932975559295, 'decay_rate': 0.005005738387016283, 'hidden_size': 32, 'signal_len': 8, 'cheb_order': 3, 's': 4.225274890380892, 'batch_size': 256, 'k': 2}
Trial 512 finished with value 0.232919987 | dataset=ili | model=ufgtime_plus | val_MSE=0.039629355 | test_MSE=0.110871161 | MAE=0.232919987 | RMSE=0.332973213 | MAPE=57.135017209% | params={'learning_rate': 0.008274135102187696, 'decay_rate': 0.0014498610678973763, 'hidden_size': 32, 'signal_len': 8, 'cheb_order': 3, 's': 4.634579481938703, 'batch_size': 256, 'k': 2}
Trial 513 finished with value 0.237711790 | dataset=ili | model=ufgtime_plus | val_MSE=0.041703660 | test_MSE=0.111961041 | MAE=0.237711790 | RMSE=0.334605799 | MAPE=65.254641091% | params={'learning_rate': 0.021762189748823192, 'decay_rate': 0.0028357905632009645, 'hidden_size': 32, 'signal_len': 8, 'cheb_order': 3, 's': 5.634516069705132, 'batch_size': 256, 'k': 2}
Trial 514 finished with value 0.188141392 | dataset=ili | model=ufgtime_plus | val_MSE=0.027253222 | test_MSE=0.081160648 | MAE=0.188141392 | RMSE=0.284887080 | MAPE=56.966887947% | params={'learning_rate': 0.013288898963526787, 'decay_rate': 0.0009715362751608214, 'hidden_size': 32, 'signal_len': 8, 'cheb_order': 3, 's': 4.529263829046541, 'batch_size': 256, 'k': 2}
Trial 515 finished with value 0.208240141 | dataset=ili | model=ufgtime_plus | val_MSE=0.028336652 | test_MSE=0.090621248 | MAE=0.208240141 | RMSE=0.301033633 | MAPE=56.478893887% | params={'learning_rate': 0.007002303141505838, 'decay_rate': 1.5570406948130482e-05, 'hidden_size': 32, 'signal_len': 8, 'cheb_order': 3, 's': 4.476647551287699, 'batch_size': 256, 'k': 2}
Trial 516 finished with value 0.291097004 | dataset=ili | model=ufgtime_plus | val_MSE=0.052744240 | test_MSE=0.154654410 | MAE=0.291097004 | RMSE=0.393261249 | MAPE=70.505048803% | params={'learning_rate': 0.013492446736680003, 'decay_rate': 0.01182526846138263, 'hidden_size': 32, 'signal_len': 8, 'cheb_order': 3, 's': 4.599746559681469, 'batch_size': 256, 'k': 2}
Trial 517 finished with value 0.202381224 | dataset=ili | model=ufgtime_plus | val_MSE=0.027808171 | test_MSE=0.086831607 | MAE=0.202381224 | RMSE=0.294672033 | MAPE=64.246317134% | params={'learning_rate': 0.015360199488720734, 'decay_rate': 0.0017655355894418275, 'hidden_size': 32, 'signal_len': 8, 'cheb_order': 3, 's': 4.8257256177602486, 'batch_size': 256, 'k': 2}
Trial 518 finished with value 0.197433542 | dataset=ili | model=ufgtime_plus | val_MSE=0.028355487 | test_MSE=0.085771556 | MAE=0.197433542 | RMSE=0.292867812 | MAPE=55.528045670% | params={'learning_rate': 0.015212225990574233, 'decay_rate': 0.0008869871393776388, 'hidden_size': 32, 'signal_len': 8, 'cheb_order': 2, 's': 4.366107959072943, 'batch_size': 256, 'k': 2}
Trial 519 finished with value 0.248033563 | dataset=ili | model=ufgtime_plus | val_MSE=0.043978300 | test_MSE=0.122266489 | MAE=0.248033563 | RMSE=0.349666253 | MAPE=63.554470180% | params={'learning_rate': 0.009534071863835468, 'decay_rate': 0.0025184223963438685, 'hidden_size': 32, 'signal_len': 8, 'cheb_order': 3, 's': 4.111712586566357, 'batch_size': 256, 'k': 2}
Trial 520 finished with value 0.223170731 | dataset=ili | model=ufgtime_plus | val_MSE=0.034594491 | test_MSE=0.103544586 | MAE=0.223170731 | RMSE=0.321783446 | MAPE=52.720484007% | params={'learning_rate': 0.012396278111366203, 'decay_rate': 0.0009466058091693883, 'hidden_size': 32, 'signal_len': 8, 'cheb_order': 3, 's': 4.806540456282809, 'batch_size': 256, 'k': 2}
Trial 521 finished with value 0.212789594 | dataset=ili | model=ufgtime_plus | val_MSE=0.028358309 | test_MSE=0.095252833 | MAE=0.212789594 | RMSE=0.308630577 | MAPE=65.226380770% | params={'learning_rate': 0.008653653701762909, 'decay_rate': 0.001758011934019824, 'hidden_size': 32, 'signal_len': 8, 'cheb_order': 3, 's': 4.456369643411276, 'batch_size': 64, 'k': 2}
Trial 522 finished with value 0.192051366 | dataset=ili | model=ufgtime_plus | val_MSE=0.028380213 | test_MSE=0.078045058 | MAE=0.192051366 | RMSE=0.279365456 | MAPE=55.440455366% | params={'learning_rate': 0.025483718189141732, 'decay_rate': 1.6241848758713115e-05, 'hidden_size': 32, 'signal_len': 8, 'cheb_order': 3, 's': 4.954017397168064, 'batch_size': 256, 'k': 2}
Trial 523 finished with value 0.237937007 | dataset=ili | model=ufgtime_plus | val_MSE=0.041043736 | test_MSE=0.112998461 | MAE=0.237937007 | RMSE=0.336152437 | MAPE=68.190473299% | params={'learning_rate': 0.04018375131638548, 'decay_rate': 0.003659102940091672, 'hidden_size': 32, 'signal_len': 8, 'cheb_order': 3, 's': 3.448090778080041, 'batch_size': 256, 'k': 2}
Trial 524 finished with value 0.242796672 | dataset=ili | model=ufgtime_plus | val_MSE=0.041061431 | test_MSE=0.115586466 | MAE=0.242796672 | RMSE=0.339980096 | MAPE=67.524291848% | params={'learning_rate': 0.017605060035214264, 'decay_rate': 0.0026387829810261, 'hidden_size': 32, 'signal_len': 8, 'cheb_order': 3, 's': 4.2758342946274, 'batch_size': 256, 'k': 2}
Trial 525 finished with value 0.181659205 | dataset=ili | model=ufgtime_plus | val_MSE=0.024931914 | test_MSE=0.076137967 | MAE=0.181659205 | RMSE=0.275931092 | MAPE=63.852240498% | params={'learning_rate': 0.03416181487719817, 'decay_rate': 0.0008691054309656104, 'hidden_size': 32, 'signal_len': 8, 'cheb_order': 3, 's': 3.9858448410844973, 'batch_size': 128, 'k': 2}
Trial 526 finished with value 0.219543920 | dataset=ili | model=ufgtime_plus | val_MSE=0.036789895 | test_MSE=0.098327536 | MAE=0.219543920 | RMSE=0.313572217 | MAPE=68.974313525% | params={'learning_rate': 0.035452276494324274, 'decay_rate': 0.0016082733101381813, 'hidden_size': 32, 'signal_len': 8, 'cheb_order': 3, 's': 3.762542027465027, 'batch_size': 128, 'k': 2}
Trial 527 finished with value 0.219107355 | dataset=ili | model=ufgtime_plus | val_MSE=0.034939107 | test_MSE=0.096517593 | MAE=0.219107355 | RMSE=0.310672808 | MAPE=58.531154661% | params={'learning_rate': 0.03338277047660364, 'decay_rate': 0.000935638049816278, 'hidden_size': 64, 'signal_len': 8, 'cheb_order': 3, 's': 4.019057726781909, 'batch_size': 128, 'k': 2}
Trial 528 finished with value 0.202927437 | dataset=ili | model=ufgtime_plus | val_MSE=0.028020085 | test_MSE=0.082346457 | MAE=0.202927437 | RMSE=0.286960724 | MAPE=76.786176411% | params={'learning_rate': 0.03438133581327095, 'decay_rate': 0.002180965974175878, 'hidden_size': 32, 'signal_len': 8, 'cheb_order': 3, 's': 3.5999301069993175, 'batch_size': 128, 'k': 2}
Trial 529 finished with value 0.244621180 | dataset=ili | model=ufgtime_plus | val_MSE=0.040402710 | test_MSE=0.114658514 | MAE=0.244621180 | RMSE=0.338612631 | MAPE=72.145585674% | params={'learning_rate': 0.04194148353925397, 'decay_rate': 0.003265492454440701, 'hidden_size': 32, 'signal_len': 8, 'cheb_order': 3, 's': 3.9169728367821546, 'batch_size': 256, 'k': 2}
