Trial 59 finished with value 0.310318993 | dataset=ili | model=ufgtime_plus | val_MSE=0.053855251 | test_MSE=0.154965985 | MAE=0.310318993 | RMSE=0.393657192 | MAPE=95.557495074% | params={'learning_rate': 0.0424896895432938, 'decay_rate': 0.022178125208028653, 'hidden_size': 64, 'signal_len': 8, 'cheb_order': 2, 's': 8.18214050452626, 'batch_size': 128, 'k': 6}
Trial 60 finished with value 0.223887780 | dataset=ili | model=ufgtime_plus | val_MSE=0.020486374 | test_MSE=0.095716414 | MAE=0.223887780 | RMSE=0.309380694 | MAPE=79.342891527% | params={'learning_rate': 0.048015906367419474, 'decay_rate': 1.4684973532466661e-05, 'hidden_size': 16, 'signal_len': 8, 'cheb_order': 2, 's': 1.42803332670942, 'batch_size': 128, 'k': 4}
Trial 61 finished with value 0.239627382 | dataset=ili | model=ufgtime_plus | val_MSE=0.021455241 | test_MSE=0.108450035 | MAE=0.239627382 | RMSE=0.329317530 | MAPE=75.007880426% | params={'learning_rate': 0.005706631712015974, 'decay_rate': 7.607565522851995e-05, 'hidden_size': 16, 'signal_len': 8, 'cheb_order': 2, 's': 2.105171939030135, 'batch_size': 64, 'k': 4}
Trial 62 finished with value 0.258946049 | dataset=ili | model=ufgtime_plus | val_MSE=0.046013167 | test_MSE=0.125951997 | MAE=0.258946049 | RMSE=0.354897164 | MAPE=80.611224249% | params={'learning_rate': 0.013874958476234104, 'decay_rate': 0.005559781564892355, 'hidden_size': 16, 'signal_len': 8, 'cheb_order': 2, 's': 2.722412569845397, 'batch_size': 64, 'k': 4}
Trial 63 finished with value 0.249201036 | dataset=ili | model=ufgtime_plus | val_MSE=0.043033934 | test_MSE=0.121366734 | MAE=0.249201036 | RMSE=0.348377287 | MAPE=68.525489300% | params={'learning_rate': 0.007457400556676194, 'decay_rate': 0.003135464266005453, 'hidden_size': 16, 'signal_len': 8, 'cheb_order': 2, 's': 1.809208148755025, 'batch_size': 64, 'k': 4}
Trial 64 finished with value 0.215320400 | dataset=ili | model=ufgtime_plus | val_MSE=0.024089050 | test_MSE=0.090677330 | MAE=0.215320400 | RMSE=0.301126767 | MAPE=72.838673847% | params={'learning_rate': 0.009634177054976142, 'decay_rate': 0.0016693287328246815, 'hidden_size': 16, 'signal_len': 8, 'cheb_order': 2, 's': 2.517622569228337, 'batch_size': 64, 'k': 3}
Trial 65 finished with value 0.264474038 | dataset=ili | model=ufgtime_plus | val_MSE=0.046096340 | test_MSE=0.129317950 | MAE=0.264474038 | RMSE=0.359608050 | MAPE=76.984102375% | params={'learning_rate': 0.016497500908707906, 'decay_rate': 0.007880904316470023, 'hidden_size': 16, 'signal_len': 8, 'cheb_order': 2, 's': 1.4057003942289794, 'batch_size': 64, 'k': 2}
Trial 66 finished with value 0.210275053 | dataset=ili | model=ufgtime_plus | val_MSE=0.026659727 | test_MSE=0.086558266 | MAE=0.210275053 | RMSE=0.294207863 | MAPE=78.201186569% | params={'learning_rate': 0.019884621469420403, 'decay_rate': 0.0016515736321917947, 'hidden_size': 16, 'signal_len': 8, 'cheb_order': 2, 's': 2.4957194523581943, 'batch_size': 16, 'k': 3}
Trial 67 finished with value 0.269443368 | dataset=ili | model=ufgtime_plus | val_MSE=0.047023874 | test_MSE=0.133739780 | MAE=0.269443368 | RMSE=0.365704498 | MAPE=76.581900313% | params={'learning_rate': 0.021336561718610345, 'decay_rate': 0.0048321836418360785, 'hidden_size': 16, 'signal_len': 8, 'cheb_order': 2, 's': 1.5889245178554532, 'batch_size': 256, 'k': 3}
Trial 68 finished with value 0.239969776 | dataset=ili | model=ufgtime_plus | val_MSE=0.041086327 | test_MSE=0.110341389 | MAE=0.239969776 | RMSE=0.332176743 | MAPE=77.509997928% | params={'learning_rate': 0.018934936901178576, 'decay_rate': 0.0033268721059585417, 'hidden_size': 64, 'signal_len': 8, 'cheb_order': 2, 's': 5.850490732138969, 'batch_size': 16, 'k': 3}
Trial 69 finished with value 0.278635428 | dataset=ili | model=ufgtime_plus | val_MSE=0.053364802 | test_MSE=0.136892371 | MAE=0.278635428 | RMSE=0.369989691 | MAPE=97.279162599% | params={'learning_rate': 0.024668550107493987, 'decay_rate': 0.02618641247157187, 'hidden_size': 16, 'signal_len': 8, 'cheb_order': 3, 's': 9.957414285012131, 'batch_size': 16, 'k': 2}
Trial 70 finished with value 0.221717629 | dataset=ili | model=ufgtime_plus | val_MSE=0.034932311 | test_MSE=0.097600004 | MAE=0.221717629 | RMSE=0.312409993 | MAPE=58.343525560% | params={'learning_rate': 0.045800852249860295, 'decay_rate': 0.0013619491943412964, 'hidden_size': 32, 'signal_len': 16, 'cheb_order': 2, 's': 6.537466881692409, 'batch_size': 16, 'k': 5}
Trial 71 finished with value 0.206602513 | dataset=ili | model=ufgtime_plus | val_MSE=0.025610141 | test_MSE=0.085181665 | MAE=0.206602513 | RMSE=0.291858981 | MAPE=74.728908362% | params={'learning_rate': 0.014670167445626284, 'decay_rate': 0.0014344275491780072, 'hidden_size': 16, 'signal_len': 8, 'cheb_order': 2, 's': 2.4976556327491135, 'batch_size': 16, 'k': 3}
Trial 72 finished with value 0.253091633 | dataset=ili | model=ufgtime_plus | val_MSE=0.045521647 | test_MSE=0.123036618 | MAE=0.253091633 | RMSE=0.350765759 | MAPE=74.970254538% | params={'learning_rate': 0.014458321067852449, 'decay_rate': 0.006015339963582665, 'hidden_size': 16, 'signal_len': 8, 'cheb_order': 2, 's': 2.1413390181612, 'batch_size': 16, 'k': 3}
Trial 73 finished with value 0.233871137 | dataset=ili | model=ufgtime_plus | val_MSE=0.045688374 | test_MSE=0.113418450 | MAE=0.233871137 | RMSE=0.336776559 | MAPE=83.252968326% | params={'learning_rate': 0.01868055437645861, 'decay_rate': 0.003291132811246926, 'hidden_size': 16, 'signal_len': 8, 'cheb_order': 2, 's': 4.3206222258450895, 'batch_size': 16, 'k': 3}
Trial 74 finished with value 0.194822419 | dataset=ili | model=ufgtime_plus | val_MSE=0.025727306 | test_MSE=0.080404326 | MAE=0.194822419 | RMSE=0.283556565 | MAPE=71.199121150% | params={'learning_rate': 0.021677410997607522, 'decay_rate': 0.0012985519288967466, 'hidden_size': 16, 'signal_len': 8, 'cheb_order': 2, 's': 3.308080870247107, 'batch_size': 16, 'k': 2}
Trial 75 finished with value 0.242261428 | dataset=ili | model=ufgtime_plus | val_MSE=0.047622520 | test_MSE=0.118582229 | MAE=0.242261428 | RMSE=0.344357704 | MAPE=88.205622228% | params={'learning_rate': 0.022252062421384118, 'decay_rate': 0.004591255730490238, 'hidden_size': 16, 'signal_len': 8, 'cheb_order': 2, 's': 3.333893626294371, 'batch_size': 16, 'k': 2}
Trial 76 finished with value 0.200057240 | dataset=ili | model=ufgtime_plus | val_MSE=0.026321401 | test_MSE=0.080518949 | MAE=0.200057240 | RMSE=0.283758611 | MAPE=76.427013751% | params={'learning_rate': 0.02333142197533265, 'decay_rate': 0.0012556679880002235, 'hidden_size': 16, 'signal_len': 8, 'cheb_order': 2, 's': 3.9461951928708574, 'batch_size': 16, 'k': 2}
Trial 77 finished with value 0.201355815 | dataset=ili | model=ufgtime_plus | val_MSE=0.025154040 | test_MSE=0.079360396 | MAE=0.201355815 | RMSE=0.281709774 | MAPE=74.297359895% | params={'learning_rate': 0.023796669876789352, 'decay_rate': 0.0009417688147703799, 'hidden_size': 16, 'signal_len': 8, 'cheb_order': 2, 's': 4.964902300099166, 'batch_size': 16, 'k': 2}
Trial 78 finished with value 0.211842837 | dataset=ili | model=ufgtime_plus | val_MSE=0.041092410 | test_MSE=0.099580615 | MAE=0.211842837 | RMSE=0.315563963 | MAPE=73.027082554% | params={'learning_rate': 0.025574532640028663, 'decay_rate': 0.0010500693594370084, 'hidden_size': 64, 'signal_len': 8, 'cheb_order': 2, 's': 5.118864473778489, 'batch_size': 16, 'k': 2}
Trial 79 finished with value 0.232823150 | dataset=ili | model=ufgtime_plus | val_MSE=0.040448880 | test_MSE=0.109807552 | MAE=0.232823150 | RMSE=0.331372226 | MAPE=68.269082873% | params={'learning_rate': 0.02370901238124482, 'decay_rate': 0.002687816249510015, 'hidden_size': 16, 'signal_len': 8, 'cheb_order': 2, 's': 4.084868233711784, 'batch_size': 16, 'k': 2}
Trial 80 finished with value 0.254581671 | dataset=ili | model=ufgtime_plus | val_MSE=0.050216395 | test_MSE=0.126263354 | MAE=0.254581671 | RMSE=0.355335551 | MAPE=92.341245486% | params={'learning_rate': 0.02680441610632703, 'decay_rate': 0.007865682817019609, 'hidden_size': 16, 'signal_len': 8, 'cheb_order': 2, 's': 4.783904405088062, 'batch_size': 16, 'k': 2}
Trial 81 finished with value 0.195886249 | dataset=ili | model=ufgtime_plus | val_MSE=0.024695701 | test_MSE=0.077570457 | MAE=0.195886249 | RMSE=0.278514735 | MAPE=73.614215015% | params={'learning_rate': 0.02879866376335101, 'decay_rate': 0.0007675449038046831, 'hidden_size': 16, 'signal_len': 8, 'cheb_order': 2, 's': 5.444397897471325, 'batch_size': 16, 'k': 2}
Trial 82 finished with value 0.197601993 | dataset=ili | model=ufgtime_plus | val_MSE=0.025662138 | test_MSE=0.080137497 | MAE=0.197601993 | RMSE=0.283085671 | MAPE=78.273768744% | params={'learning_rate': 0.03172918858723028, 'decay_rate': 0.001012302270545875, 'hidden_size': 16, 'signal_len': 8, 'cheb_order': 2, 's': 5.552200078081186, 'batch_size': 16, 'k': 2}
Trial 83 finished with value 0.235878406 | dataset=ili | model=ufgtime_plus | val_MSE=0.045259489 | test_MSE=0.113380898 | MAE=0.235878406 | RMSE=0.336720801 | MAPE=75.654044685% | params={'learning_rate': 0.032360418404009834, 'decay_rate': 0.004231112894827063, 'hidden_size': 16, 'signal_len': 8, 'cheb_order': 2, 's': 5.564708044613041, 'batch_size': 16, 'k': 2}
Trial 84 finished with value 0.233675612 | dataset=ili | model=ufgtime_plus | val_MSE=0.040399624 | test_MSE=0.106658256 | MAE=0.233675612 | RMSE=0.326585755 | MAPE=72.136575056% | params={'learning_rate': 0.03161111287930539, 'decay_rate': 0.0027968266519540087, 'hidden_size': 16, 'signal_len': 8, 'cheb_order': 2, 's': 4.695084969783686, 'batch_size': 16, 'k': 2}
Trial 85 finished with value 0.251213370 | dataset=ili | model=ufgtime_plus | val_MSE=0.049232731 | test_MSE=0.123103430 | MAE=0.251213370 | RMSE=0.350860984 | MAPE=90.212966479% | params={'learning_rate': 0.028641593015350866, 'decay_rate': 0.006341558800894279, 'hidden_size': 16, 'signal_len': 8, 'cheb_order': 2, 's': 5.359950711408099, 'batch_size': 16, 'k': 2}
Trial 86 finished with value 0.196618183 | dataset=ili | model=ufgtime_plus | val_MSE=0.026554193 | test_MSE=0.078425367 | MAE=0.196618183 | RMSE=0.280045294 | MAPE=80.657549423% | params={'learning_rate': 0.029922010813701532, 'decay_rate': 0.0008876587199372264, 'hidden_size': 16, 'signal_len': 8, 'cheb_order': 2, 's': 5.817592074088503, 'batch_size': 16, 'k': 2}
Trial 87 finished with value 0.200737562 | dataset=ili | model=ufgtime_plus | val_MSE=0.026790740 | test_MSE=0.082252611 | MAE=0.200737562 | RMSE=0.286797160 | MAPE=70.562169260% | params={'learning_rate': 0.029934083628272955, 'decay_rate': 0.0010280224137886645, 'hidden_size': 16, 'signal_len': 8, 'cheb_order': 3, 's': 5.821558055274225, 'batch_size': 16, 'k': 2}
Trial 88 finished with value 0.214935647 | dataset=ili | model=ufgtime_plus | val_MSE=0.040895688 | test_MSE=0.099751386 | MAE=0.214935647 | RMSE=0.315834429 | MAPE=72.769648163% | params={'learning_rate': 0.02973432521200248, 'decay_rate': 0.0009670950611394555, 'hidden_size': 64, 'signal_len': 16, 'cheb_order': 3, 's': 5.703713371613592, 'batch_size': 16, 'k': 2}
Trial 89 finished with value 0.237496008 | dataset=ili | model=ufgtime_plus | val_MSE=0.043222829 | test_MSE=0.110485428 | MAE=0.237496008 | RMSE=0.332393484 | MAPE=69.712290310% | params={'learning_rate': 0.03652792497182858, 'decay_rate': 0.0028421711655953748, 'hidden_size': 16, 'signal_len': 8, 'cheb_order': 3, 's': 5.30983206471074, 'batch_size': 16, 'k': 2}
Trial 90 finished with value 0.252018444 | dataset=ili | model=ufgtime_plus | val_MSE=0.046767941 | test_MSE=0.122481439 | MAE=0.252018444 | RMSE=0.349973483 | MAPE=81.040890349% | params={'learning_rate': 0.033908172232142604, 'decay_rate': 0.005240103834131371, 'hidden_size': 32, 'signal_len': 8, 'cheb_order': 3, 's': 6.822156227488655, 'batch_size': 16, 'k': 2}
Trial 91 finished with value 0.194755219 | dataset=ili | model=ufgtime_plus | val_MSE=0.024232804 | test_MSE=0.077323520 | MAE=0.194755219 | RMSE=0.278071070 | MAPE=74.901890328% | params={'learning_rate': 0.026815191151088064, 'decay_rate': 0.0009280564737314127, 'hidden_size': 16, 'signal_len': 8, 'cheb_order': 3, 's': 5.8430086780573385, 'batch_size': 16, 'k': 2}
Trial 92 finished with value 0.204231214 | dataset=ili | model=ufgtime_plus | val_MSE=0.024317858 | test_MSE=0.086898679 | MAE=0.204231214 | RMSE=0.294785818 | MAPE=59.276344535% | params={'learning_rate': 0.029637977081873695, 'decay_rate': 0.0008251039868863841, 'hidden_size': 16, 'signal_len': 8, 'cheb_order': 3, 's': 6.336287068802056, 'batch_size': 16, 'k': 2}
Trial 93 finished with value 0.237562188 | dataset=ili | model=ufgtime_plus | val_MSE=0.047197985 | test_MSE=0.116832064 | MAE=0.237562188 | RMSE=0.341807056 | MAPE=87.277764934% | params={'learning_rate': 0.026514818087857942, 'decay_rate': 0.0040747124272390665, 'hidden_size': 16, 'signal_len': 8, 'cheb_order': 3, 's': 5.922336330707474, 'batch_size': 16, 'k': 2}
Trial 94 finished with value 0.221322797 | dataset=ili | model=ufgtime_plus | val_MSE=0.038348671 | test_MSE=0.099371174 | MAE=0.221322797 | RMSE=0.315231937 | MAPE=67.977889912% | params={'learning_rate': 0.0278875453476159, 'decay_rate': 0.0024342121165389207, 'hidden_size': 16, 'signal_len': 8, 'cheb_order': 3, 's': 4.999266127900435, 'batch_size': 16, 'k': 2}
Trial 95 finished with value 0.188478757 | dataset=ili | model=ufgtime_plus | val_MSE=0.025065450 | test_MSE=0.078424652 | MAE=0.188478757 | RMSE=0.280044018 | MAPE=70.038925040% | params={'learning_rate': 0.023364748431288197, 'decay_rate': 0.0009488772739837647, 'hidden_size': 16, 'signal_len': 8, 'cheb_order': 3, 's': 4.5597402106889415, 'batch_size': 16, 'k': 2}
Trial 96 finished with value 0.287719894 | dataset=ili | model=ufgtime_plus | val_MSE=0.054975514 | test_MSE=0.142236778 | MAE=0.287719894 | RMSE=0.377142915 | MAPE=96.762706321% | params={'learning_rate': 0.03487204504507851, 'decay_rate': 0.043806455079981925, 'hidden_size': 16, 'signal_len': 8, 'cheb_order': 3, 's': 4.554089752610492, 'batch_size': 16, 'k': 2}
Trial 97 finished with value 0.278851372 | dataset=ili | model=ufgtime_plus | val_MSE=0.053041288 | test_MSE=0.136337791 | MAE=0.278851372 | RMSE=0.369239477 | MAPE=94.376611121% | params={'learning_rate': 0.025159899712699524, 'decay_rate': 0.01807377589540241, 'hidden_size': 16, 'signal_len': 8, 'cheb_order': 3, 's': 5.406869364930132, 'batch_size': 16, 'k': 2}
Trial 98 finished with value 0.254570584 | dataset=ili | model=ufgtime_plus | val_MSE=0.049687897 | test_MSE=0.125329344 | MAE=0.254570584 | RMSE=0.354018846 | MAPE=90.610604442% | params={'learning_rate': 0.021486838842836014, 'decay_rate': 0.006634116944632933, 'hidden_size': 16, 'signal_len': 8, 'cheb_order': 3, 's': 5.821547882274855, 'batch_size': 16, 'k': 2}
Trial 99 finished with value 0.243513467 | dataset=ili | model=ufgtime_plus | val_MSE=0.016724503 | test_MSE=0.104675435 | MAE=0.243513467 | RMSE=0.323535833 | MAPE=118.835020248% | params={'learning_rate': 0.03113342030827934, 'decay_rate': 4.073754645157767e-05, 'hidden_size': 64, 'signal_len': 8, 'cheb_order': 3, 's': 6.307709242121081, 'batch_size': 32, 'k': 2}
Trial 100 finished with value 0.239192167 | dataset=ili | model=ufgtime_plus | val_MSE=0.040944755 | test_MSE=0.108576513 | MAE=0.239192167 | RMSE=0.329509504 | MAPE=74.796909232% | params={'learning_rate': 0.03276339942748222, 'decay_rate': 0.003766449436080804, 'hidden_size': 16, 'signal_len': 8, 'cheb_order': 3, 's': 3.850306049190876, 'batch_size': 256, 'k': 2}
Trial 101 finished with value 0.197889325 | dataset=ili | model=ufgtime_plus | val_MSE=0.025593954 | test_MSE=0.079927639 | MAE=0.197889325 | RMSE=0.282714767 | MAPE=75.413366760% | params={'learning_rate': 0.022852671857854317, 'decay_rate': 0.0011502843137155367, 'hidden_size': 16, 'signal_len': 8, 'cheb_order': 3, 's': 4.375094659429416, 'batch_size': 16, 'k': 2}
Trial 102 finished with value 0.225448220 | dataset=ili | model=ufgtime_plus | val_MSE=0.038436351 | test_MSE=0.103513031 | MAE=0.225448220 | RMSE=0.321734411 | MAPE=64.683317669% | params={'learning_rate': 0.023243989141725603, 'decay_rate': 0.002309772281031346, 'hidden_size': 16, 'signal_len': 8, 'cheb_order': 3, 's': 4.156556820623321, 'batch_size': 16, 'k': 2}
Trial 103 finished with value 0.197309153 | dataset=ili | model=ufgtime_plus | val_MSE=0.025802253 | test_MSE=0.081043829 | MAE=0.197309153 | RMSE=0.284681979 | MAPE=65.704085603% | params={'learning_rate': 0.028656620801539127, 'decay_rate': 0.0010934023845945676, 'hidden_size': 16, 'signal_len': 8, 'cheb_order': 3, 's': 4.371478899082575, 'batch_size': 16, 'k': 2}
Trial 104 finished with value 0.229717369 | dataset=ili | model=ufgtime_plus | val_MSE=0.038430430 | test_MSE=0.105067002 | MAE=0.229717369 | RMSE=0.324140404 | MAPE=69.855806295% | params={'learning_rate': 0.026064023741437674, 'decay_rate': 0.002291848842134357, 'hidden_size': 16, 'signal_len': 8, 'cheb_order': 3, 's': 4.4476114732636445, 'batch_size': 16, 'k': 2}
Trial 105 finished with value 0.239328207 | dataset=ili | model=ufgtime_plus | val_MSE=0.046536294 | test_MSE=0.115784670 | MAE=0.239328207 | RMSE=0.340271465 | MAPE=85.946482989% | params={'learning_rate': 0.027415270105347715, 'decay_rate': 0.0038665998736604496, 'hidden_size': 16, 'signal_len': 8, 'cheb_order': 3, 's': 4.23530408305889, 'batch_size': 16, 'k': 2}
Trial 106 finished with value 0.247112962 | dataset=ili | model=ufgtime_plus | val_MSE=0.048645697 | test_MSE=0.122037967 | MAE=0.247112962 | RMSE=0.349339329 | MAPE=86.868776668% | params={'learning_rate': 0.017943900115596774, 'decay_rate': 0.00521578078903647, 'hidden_size': 16, 'signal_len': 8, 'cheb_order': 3, 's': 3.8043267586186555, 'batch_size': 16, 'k': 2}
Trial 107 finished with value 0.206270483 | dataset=ili | model=ufgtime_plus | val_MSE=0.022639129 | test_MSE=0.084131531 | MAE=0.206270483 | RMSE=0.290054358 | MAPE=60.451493640% | params={'learning_rate': 0.02057570219219474, 'decay_rate': 0.000944709085896217, 'hidden_size': 16, 'signal_len': 16, 'cheb_order': 3, 's': 4.652675878803306, 'batch_size': 256, 'k': 2}
Trial 108 finished with value 0.180613101 | dataset=ili | model=ufgtime_plus | val_MSE=0.016902924 | test_MSE=0.070063650 | MAE=0.180613101 | RMSE=0.264695392 | MAPE=71.185392293% | params={'learning_rate': 0.022311179437358736, 'decay_rate': 5.0926255265415054e-05, 'hidden_size': 16, 'signal_len': 8, 'cheb_order': 3, 's': 3.900947228083504, 'batch_size': 16, 'k': 2}
Trial 109 finished with value 0.315812153 | dataset=ili | model=ufgtime_plus | val_MSE=0.053622292 | test_MSE=0.183254920 | MAE=0.315812153 | RMSE=0.428082842 | MAPE=73.719402367% | params={'learning_rate': 0.022315748719249465, 'decay_rate': 0.03527376560556337, 'hidden_size': 64, 'signal_len': 8, 'cheb_order': 3, 's': 3.493895001106378, 'batch_size': 16, 'k': 2}
Trial 110 finished with value 0.196635728 | dataset=ili | model=ufgtime_plus | val_MSE=0.021266793 | test_MSE=0.077325629 | MAE=0.196635728 | RMSE=0.278074862 | MAPE=75.605003565% | params={'learning_rate': 0.02894173240945814, 'decay_rate': 0.00013366839436497843, 'hidden_size': 32, 'signal_len': 8, 'cheb_order': 3, 's': 4.832808591636927, 'batch_size': 16, 'k': 2}
Trial 111 finished with value 0.222569747 | dataset=ili | model=ufgtime_plus | val_MSE=0.038283795 | test_MSE=0.100508331 | MAE=0.222569747 | RMSE=0.317030489 | MAPE=69.894186413% | params={'learning_rate': 0.02872124501995314, 'decay_rate': 0.002430681055003746, 'hidden_size': 32, 'signal_len': 8, 'cheb_order': 3, 's': 4.933330542414516, 'batch_size': 16, 'k': 2}
Trial 112 finished with value 0.230336112 | dataset=ili | model=ufgtime_plus | val_MSE=0.019919683 | test_MSE=0.095634105 | MAE=0.230336112 | RMSE=0.309247644 | MAPE=99.888054284% | params={'learning_rate': 0.024637010497335857, 'decay_rate': 6.316218157559813e-05, 'hidden_size': 32, 'signal_len': 8, 'cheb_order': 3, 's': 5.150096858841848, 'batch_size': 16, 'k': 2}
Trial 113 finished with value 0.238466835 | dataset=ili | model=ufgtime_plus | val_MSE=0.042944676 | test_MSE=0.112699549 | MAE=0.238466835 | RMSE=0.335707535 | MAPE=74.755166296% | params={'learning_rate': 0.027054288771484407, 'decay_rate': 0.003216102312104503, 'hidden_size': 32, 'signal_len': 8, 'cheb_order': 3, 's': 4.404012846182341, 'batch_size': 16, 'k': 2}
Trial 114 finished with value 0.228202321 | dataset=ili | model=ufgtime_plus | val_MSE=0.043176734 | test_MSE=0.106599940 | MAE=0.228202321 | RMSE=0.326496463 | MAPE=80.057696541% | params={'learning_rate': 0.030845156143492983, 'decay_rate': 0.0021826156286891833, 'hidden_size': 32, 'signal_len': 8, 'cheb_order': 3, 's': 6.11284937339083, 'batch_size': 16, 'k': 2}
Trial 115 finished with value 0.191266350 | dataset=ili | model=ufgtime_plus | val_MSE=0.025851880 | test_MSE=0.079657532 | MAE=0.191266350 | RMSE=0.282236660 | MAPE=69.652710928% | params={'learning_rate': 0.028564012045678648, 'decay_rate': 0.0008943652045046783, 'hidden_size': 32, 'signal_len': 8, 'cheb_order': 3, 's': 5.3152480927824195, 'batch_size': 32, 'k': 2}
Trial 116 finished with value 0.253632240 | dataset=ili | model=ufgtime_plus | val_MSE=0.043164641 | test_MSE=0.117982332 | MAE=0.253632240 | RMSE=0.343485563 | MAPE=78.416006737% | params={'learning_rate': 0.025634366663005864, 'decay_rate': 0.004782551406744219, 'hidden_size': 32, 'signal_len': 8, 'cheb_order': 3, 's': 5.270536296594381, 'batch_size': 32, 'k': 2}
Trial 117 finished with value 0.194836399 | dataset=ili | model=ufgtime_plus | val_MSE=0.025663582 | test_MSE=0.080527876 | MAE=0.194836399 | RMSE=0.283774341 | MAPE=68.475178905% | params={'learning_rate': 0.028013552629344917, 'decay_rate': 0.0008915748347096565, 'hidden_size': 32, 'signal_len': 8, 'cheb_order': 3, 's': 5.526510436648657, 'batch_size': 32, 'k': 2}
