Trial 589 finished with value 0.320122830 | dataset=ili | model=ufgtime_plus | val_MSE=0.055778316 | test_MSE=0.196245568 | MAE=0.320122830 | RMSE=0.442996126 | MAPE=62.867595169% | params={'learning_rate': 0.039379033782608576, 'decay_rate': 0.036554540067573214, 'hidden_size': 32, 'signal_len': 8, 'cheb_order': 3, 's': 4.329034459413572, 'batch_size': 128, 'k': 2}
Trial 590 finished with value 0.258627886 | dataset=ili | model=ufgtime_plus | val_MSE=0.052203072 | test_MSE=0.130591993 | MAE=0.258627886 | RMSE=0.361375142 | MAPE=94.844926701% | params={'learning_rate': 0.03588300821138077, 'decay_rate': 0.017853370466162203, 'hidden_size': 16, 'signal_len': 8, 'cheb_order': 3, 's': 3.6394511545060872, 'batch_size': 32, 'k': 2}
Trial 591 finished with value 0.311858454 | dataset=ili | model=ufgtime_plus | val_MSE=0.053064152 | test_MSE=0.182136949 | MAE=0.311858454 | RMSE=0.426775057 | MAPE=68.483083601% | params={'learning_rate': 0.03245828238236182, 'decay_rate': 0.03046006027407671, 'hidden_size': 32, 'signal_len': 8, 'cheb_order': 3, 's': 4.068188725610972, 'batch_size': 128, 'k': 3}
Trial 592 finished with value 0.194818453 | dataset=ili | model=ufgtime_plus | val_MSE=0.027272276 | test_MSE=0.082764632 | MAE=0.194818453 | RMSE=0.287688429 | MAPE=70.332586615% | params={'learning_rate': 0.03443188534572845, 'decay_rate': 0.0017279111391467206, 'hidden_size': 16, 'signal_len': 8, 'cheb_order': 3, 's': 3.9121364249921453, 'batch_size': 64, 'k': 2}
Trial 593 finished with value 0.256683306 | dataset=ili | model=ufgtime_plus | val_MSE=0.051007730 | test_MSE=0.128508888 | MAE=0.256683306 | RMSE=0.358481363 | MAPE=90.228083184% | params={'learning_rate': 0.03780656163396773, 'decay_rate': 0.013211326718128755, 'hidden_size': 64, 'signal_len': 8, 'cheb_order': 3, 's': 6.462156421149129, 'batch_size': 32, 'k': 2}
Trial 594 finished with value 0.224556784 | dataset=ili | model=ufgtime_plus | val_MSE=0.040547451 | test_MSE=0.103350972 | MAE=0.224556784 | RMSE=0.321482460 | MAPE=76.171008575% | params={'learning_rate': 0.0386101613143691, 'decay_rate': 0.0029748997012772078, 'hidden_size': 32, 'signal_len': 8, 'cheb_order': 3, 's': 4.682062904975392, 'batch_size': 32, 'k': 2}
Trial 595 finished with value 0.192978217 | dataset=ili | model=ufgtime_plus | val_MSE=0.025632222 | test_MSE=0.080030923 | MAE=0.192978217 | RMSE=0.282897371 | MAPE=63.964184871% | params={'learning_rate': 0.04689407653811839, 'decay_rate': 0.0008903834777551625, 'hidden_size': 32, 'signal_len': 8, 'cheb_order': 2, 's': 4.422884122957725, 'batch_size': 128, 'k': 2}
Trial 596 finished with value 0.225839578 | dataset=ili | model=ufgtime_plus | val_MSE=0.041279195 | test_MSE=0.102069946 | MAE=0.225839578 | RMSE=0.319483874 | MAPE=73.058205794% | params={'learning_rate': 0.035495762439716375, 'decay_rate': 0.0038293872629700946, 'hidden_size': 16, 'signal_len': 8, 'cheb_order': 3, 's': 4.246472642222919, 'batch_size': 32, 'k': 2}
Trial 597 finished with value 0.226791473 | dataset=ili | model=ufgtime_plus | val_MSE=0.038600161 | test_MSE=0.101586134 | MAE=0.226791473 | RMSE=0.318725797 | MAPE=73.587551350% | params={'learning_rate': 0.03622814266484002, 'decay_rate': 0.002122981885532782, 'hidden_size': 32, 'signal_len': 8, 'cheb_order': 3, 's': 4.095478418249065, 'batch_size': 128, 'k': 2}
Trial 598 finished with value 0.192572503 | dataset=ili | model=ufgtime_plus | val_MSE=0.018427671 | test_MSE=0.077977181 | MAE=0.192572503 | RMSE=0.279243946 | MAPE=61.257848445% | params={'learning_rate': 0.03733027587112029, 'decay_rate': 3.676448066260889e-05, 'hidden_size': 16, 'signal_len': 8, 'cheb_order': 3, 's': 3.726247258991317, 'batch_size': 32, 'k': 2}
Trial 599 finished with value 0.221044203 | dataset=ili | model=ufgtime_plus | val_MSE=0.037059865 | test_MSE=0.101114087 | MAE=0.221044203 | RMSE=0.317984412 | MAPE=61.928043787% | params={'learning_rate': 0.020224535659797753, 'decay_rate': 0.0015400028654525893, 'hidden_size': 32, 'signal_len': 8, 'cheb_order': 3, 's': 6.374968116003372, 'batch_size': 128, 'k': 2}
Trial 600 finished with value 0.209407919 | dataset=ili | model=ufgtime_plus | val_MSE=0.019366312 | test_MSE=0.081690722 | MAE=0.209407919 | RMSE=0.285815889 | MAPE=83.501929323% | params={'learning_rate': 0.03360580159713045, 'decay_rate': 7.032921189918479e-05, 'hidden_size': 32, 'signal_len': 8, 'cheb_order': 3, 's': 3.9331337475186756, 'batch_size': 32, 'k': 2}
Trial 601 finished with value 0.224101799 | dataset=ili | model=ufgtime_plus | val_MSE=0.039875088 | test_MSE=0.103250652 | MAE=0.224101799 | RMSE=0.321326395 | MAPE=73.216090943% | params={'learning_rate': 0.020615870334630894, 'decay_rate': 0.0026393915316876675, 'hidden_size': 16, 'signal_len': 8, 'cheb_order': 3, 's': 6.263433505094705, 'batch_size': 128, 'k': 2}
Trial 602 finished with value 0.223760989 | dataset=ili | model=ufgtime_plus | val_MSE=0.021904745 | test_MSE=0.093725494 | MAE=0.223760989 | RMSE=0.306146197 | MAPE=77.151201302% | params={'learning_rate': 0.03485220623517496, 'decay_rate': 3.79237640194208e-05, 'hidden_size': 32, 'signal_len': 8, 'cheb_order': 3, 's': 3.248821830652246, 'batch_size': 32, 'k': 4}
Trial 603 finished with value 0.197942379 | dataset=ili | model=ufgtime_plus | val_MSE=0.026833353 | test_MSE=0.082601876 | MAE=0.197942379 | RMSE=0.287405420 | MAPE=71.011948432% | params={'learning_rate': 0.03885331494764964, 'decay_rate': 0.001626805034574259, 'hidden_size': 16, 'signal_len': 8, 'cheb_order': 3, 's': 8.754801269388718, 'batch_size': 128, 'k': 2}
Trial 604 finished with value 0.198079078 | dataset=ili | model=ufgtime_plus | val_MSE=0.025965066 | test_MSE=0.086785684 | MAE=0.198079078 | RMSE=0.294594101 | MAPE=59.968763693% | params={'learning_rate': 0.037349819654676604, 'decay_rate': 0.0008354129408352738, 'hidden_size': 32, 'signal_len': 8, 'cheb_order': 3, 's': 4.460955050684952, 'batch_size': 64, 'k': 2}
Trial 605 finished with value 0.224305924 | dataset=ili | model=ufgtime_plus | val_MSE=0.034667128 | test_MSE=0.102158714 | MAE=0.224305924 | RMSE=0.319622768 | MAPE=60.921714616% | params={'learning_rate': 0.021238129154627923, 'decay_rate': 0.0015981233130318924, 'hidden_size': 64, 'signal_len': 8, 'cheb_order': 3, 's': 3.4976798229453325, 'batch_size': 32, 'k': 2}
Trial 606 finished with value 0.217217046 | dataset=ili | model=ufgtime_plus | val_MSE=0.038766582 | test_MSE=0.099469550 | MAE=0.217217046 | RMSE=0.315387936 | MAPE=69.321290688% | params={'learning_rate': 0.03187018775413742, 'decay_rate': 0.002691364474695496, 'hidden_size': 32, 'signal_len': 8, 'cheb_order': 3, 's': 4.2428890154944385, 'batch_size': 128, 'k': 2}
Trial 607 finished with value 0.195225134 | dataset=ili | model=ufgtime_plus | val_MSE=0.026520268 | test_MSE=0.080276416 | MAE=0.195225134 | RMSE=0.283330931 | MAPE=70.942077961% | params={'learning_rate': 0.0396409238641412, 'decay_rate': 0.0008440106543064918, 'hidden_size': 16, 'signal_len': 8, 'cheb_order': 3, 's': 4.1054235781726005, 'batch_size': 32, 'k': 2}
Trial 608 finished with value 0.242067386 | dataset=ili | model=ufgtime_plus | val_MSE=0.041702523 | test_MSE=0.110467990 | MAE=0.242067386 | RMSE=0.332367251 | MAPE=74.898697706% | params={'learning_rate': 0.033771441493248636, 'decay_rate': 0.00387160273483918, 'hidden_size': 32, 'signal_len': 8, 'cheb_order': 3, 's': 4.652772459543432, 'batch_size': 128, 'k': 2}
Trial 609 finished with value 0.216238406 | dataset=ili | model=ufgtime_plus | val_MSE=0.037138537 | test_MSE=0.093893225 | MAE=0.216238406 | RMSE=0.306420014 | MAPE=71.997152771% | params={'learning_rate': 0.022205189447093376, 'decay_rate': 0.002389939746472163, 'hidden_size': 32, 'signal_len': 8, 'cheb_order': 3, 's': 2.818969736380075, 'batch_size': 32, 'k': 2}
Trial 610 finished with value 0.199565778 | dataset=ili | model=ufgtime_plus | val_MSE=0.025630870 | test_MSE=0.082320637 | MAE=0.199565778 | RMSE=0.286915731 | MAPE=65.392191685% | params={'learning_rate': 0.03677006742585594, 'decay_rate': 0.0008854966051626849, 'hidden_size': 16, 'signal_len': 8, 'cheb_order': 3, 's': 3.8776646326318773, 'batch_size': 128, 'k': 2}
Trial 611 finished with value 0.212425346 | dataset=ili | model=ufgtime_plus | val_MSE=0.020222306 | test_MSE=0.081462816 | MAE=0.212425346 | RMSE=0.285416917 | MAPE=90.627804889% | params={'learning_rate': 0.035123239499425106, 'decay_rate': 2.706023485880458e-05, 'hidden_size': 32, 'signal_len': 8, 'cheb_order': 3, 's': 6.123315839851123, 'batch_size': 32, 'k': 2}
Trial 612 finished with value 0.200793411 | dataset=ili | model=ufgtime_plus | val_MSE=0.027115909 | test_MSE=0.089370526 | MAE=0.200793411 | RMSE=0.298949035 | MAPE=65.874131952% | params={'learning_rate': 0.021441174589972044, 'decay_rate': 0.0016480572251537148, 'hidden_size': 16, 'signal_len': 8, 'cheb_order': 3, 's': 6.5406310357303425, 'batch_size': 128, 'k': 2}
Trial 613 finished with value 0.222409079 | dataset=ili | model=ufgtime_plus | val_MSE=0.022648723 | test_MSE=0.090409728 | MAE=0.222409079 | RMSE=0.300682105 | MAPE=84.033866291% | params={'learning_rate': 0.018828669277077312, 'decay_rate': 2.782603562608173e-05, 'hidden_size': 32, 'signal_len': 8, 'cheb_order': 3, 's': 4.3340682757644515, 'batch_size': 32, 'k': 2}
Trial 614 finished with value 0.236214936 | dataset=ili | model=ufgtime_plus | val_MSE=0.040767729 | test_MSE=0.111011666 | MAE=0.236214936 | RMSE=0.333184133 | MAPE=70.330104116% | params={'learning_rate': 0.020176904293806724, 'decay_rate': 0.0031469965262543535, 'hidden_size': 32, 'signal_len': 8, 'cheb_order': 2, 's': 7.7393290375633494, 'batch_size': 128, 'k': 2}
Trial 615 finished with value 0.247445111 | dataset=ili | model=ufgtime_plus | val_MSE=0.046167905 | test_MSE=0.117805144 | MAE=0.247445111 | RMSE=0.343227540 | MAPE=75.973729783% | params={'learning_rate': 0.045144911635205995, 'decay_rate': 0.006122645812180735, 'hidden_size': 16, 'signal_len': 8, 'cheb_order': 3, 's': 4.518507777486692, 'batch_size': 32, 'k': 2}
Trial 616 finished with value 0.213261547 | dataset=ili | model=ufgtime_plus | val_MSE=0.035641169 | test_MSE=0.095075859 | MAE=0.213261547 | RMSE=0.308343735 | MAPE=64.790807314% | params={'learning_rate': 0.022799827925343453, 'decay_rate': 0.0014562368228790367, 'hidden_size': 32, 'signal_len': 8, 'cheb_order': 3, 's': 3.7226131451269264, 'batch_size': 64, 'k': 2}
Trial 617 finished with value 0.236148226 | dataset=ili | model=ufgtime_plus | val_MSE=0.018307586 | test_MSE=0.094403916 | MAE=0.236148226 | RMSE=0.307252203 | MAPE=112.241678141% | params={'learning_rate': 0.03789335262129094, 'decay_rate': 1.1325950039586548e-05, 'hidden_size': 64, 'signal_len': 8, 'cheb_order': 3, 's': 4.158047749284819, 'batch_size': 128, 'k': 2}
Trial 618 finished with value 0.207990862 | dataset=ili | model=ufgtime_plus | val_MSE=0.028790459 | test_MSE=0.089299825 | MAE=0.207990862 | RMSE=0.298830764 | MAPE=75.572236966% | params={'learning_rate': 0.03288992616646144, 'decay_rate': 0.0019542623384752266, 'hidden_size': 16, 'signal_len': 8, 'cheb_order': 3, 's': 3.9132230669159527, 'batch_size': 256, 'k': 2}
Trial 619 finished with value 0.235443817 | dataset=ili | model=ufgtime_plus | val_MSE=0.041846936 | test_MSE=0.110218178 | MAE=0.235443817 | RMSE=0.331991231 | MAPE=74.695887624% | params={'learning_rate': 0.021077203020936776, 'decay_rate': 0.004634722921514785, 'hidden_size': 32, 'signal_len': 8, 'cheb_order': 3, 's': 4.078270200807728, 'batch_size': 32, 'k': 5}
Trial 620 finished with value 0.195347593 | dataset=ili | model=ufgtime_plus | val_MSE=0.025629954 | test_MSE=0.079290959 | MAE=0.195347593 | RMSE=0.281586503 | MAPE=72.855100708% | params={'learning_rate': 0.03074695989544808, 'decay_rate': 0.0011403103451585197, 'hidden_size': 32, 'signal_len': 8, 'cheb_order': 3, 's': 8.350422511269432, 'batch_size': 128, 'k': 2}
Trial 621 finished with value 0.218424428 | dataset=ili | model=ufgtime_plus | val_MSE=0.028901687 | test_MSE=0.100504402 | MAE=0.218424428 | RMSE=0.317024292 | MAPE=63.941173127% | params={'learning_rate': 0.019594184155929464, 'decay_rate': 0.002530691141743513, 'hidden_size': 16, 'signal_len': 8, 'cheb_order': 3, 's': 4.271608406500406, 'batch_size': 256, 'k': 4}
Trial 622 finished with value 0.182511740 | dataset=ili | model=ufgtime_plus | val_MSE=0.024106475 | test_MSE=0.075682634 | MAE=0.182511740 | RMSE=0.275104768 | MAPE=57.642862031% | params={'learning_rate': 0.03669702502846357, 'decay_rate': 0.000893756326804791, 'hidden_size': 32, 'signal_len': 8, 'cheb_order': 3, 's': 4.47360676190438, 'batch_size': 256, 'k': 2}
Trial 623 finished with value 0.198441324 | dataset=ili | model=ufgtime_plus | val_MSE=0.033424310 | test_MSE=0.085883153 | MAE=0.198441324 | RMSE=0.293058275 | MAPE=63.270404816% | params={'learning_rate': 0.036597084154369096, 'decay_rate': 0.0009468983271274287, 'hidden_size': 32, 'signal_len': 8, 'cheb_order': 3, 's': 4.688765292778993, 'batch_size': 32, 'k': 2}
Trial 624 finished with value 0.240225035 | dataset=ili | model=ufgtime_plus | val_MSE=0.040271845 | test_MSE=0.113176110 | MAE=0.240225035 | RMSE=0.336416572 | MAPE=71.742751302% | params={'learning_rate': 0.03725655747035478, 'decay_rate': 0.0034829252750506307, 'hidden_size': 32, 'signal_len': 8, 'cheb_order': 3, 's': 4.420121235586477, 'batch_size': 256, 'k': 2}
Trial 625 finished with value 0.212231401 | dataset=ili | model=ufgtime_plus | val_MSE=0.038471810 | test_MSE=0.096412178 | MAE=0.212231401 | RMSE=0.310503105 | MAPE=64.755565608% | params={'learning_rate': 0.03883864495578116, 'decay_rate': 0.0021552622246068047, 'hidden_size': 32, 'signal_len': 8, 'cheb_order': 3, 's': 4.8176888459935325, 'batch_size': 128, 'k': 2}
Trial 626 finished with value 0.191209231 | dataset=ili | model=ufgtime_plus | val_MSE=0.025052253 | test_MSE=0.080121735 | MAE=0.191209231 | RMSE=0.283057829 | MAPE=64.115490840% | params={'learning_rate': 0.037747823445681526, 'decay_rate': 0.0009491336657710927, 'hidden_size': 32, 'signal_len': 8, 'cheb_order': 3, 's': 4.528683497152948, 'batch_size': 256, 'k': 2}
Trial 627 finished with value 0.213120492 | dataset=ili | model=ufgtime_plus | val_MSE=0.036086053 | test_MSE=0.095947530 | MAE=0.213120492 | RMSE=0.309753983 | MAPE=64.248467810% | params={'learning_rate': 0.03616771712897193, 'decay_rate': 0.001710937638638521, 'hidden_size': 32, 'signal_len': 8, 'cheb_order': 3, 's': 4.322800994248437, 'batch_size': 32, 'k': 2}
Trial 628 finished with value 0.212775736 | dataset=ili | model=ufgtime_plus | val_MSE=0.029805100 | test_MSE=0.091189293 | MAE=0.212775736 | RMSE=0.301975650 | MAPE=75.466005668% | params={'learning_rate': 0.03842792853685035, 'decay_rate': 0.002691546762455561, 'hidden_size': 32, 'signal_len': 8, 'cheb_order': 3, 's': 4.595851968225111, 'batch_size': 256, 'k': 2}
Trial 629 finished with value 0.200427317 | dataset=ili | model=ufgtime_plus | val_MSE=0.026054546 | test_MSE=0.086289822 | MAE=0.200427317 | RMSE=0.293751294 | MAPE=60.481233916% | params={'learning_rate': 0.039875823831285954, 'decay_rate': 0.0008512750712704737, 'hidden_size': 32, 'signal_len': 8, 'cheb_order': 3, 's': 4.443554937319006, 'batch_size': 128, 'k': 2}
Trial 630 finished with value 0.198790420 | dataset=ili | model=ufgtime_plus | val_MSE=0.027801029 | test_MSE=0.086016390 | MAE=0.198790420 | RMSE=0.293285510 | MAPE=65.156683074% | params={'learning_rate': 0.022317910174090808, 'decay_rate': 0.00163588639547212, 'hidden_size': 32, 'signal_len': 8, 'cheb_order': 3, 's': 4.02777363142093, 'batch_size': 256, 'k': 2}
Trial 631 finished with value 0.193004072 | dataset=ili | model=ufgtime_plus | val_MSE=0.021079738 | test_MSE=0.084874177 | MAE=0.193004072 | RMSE=0.291331731 | MAPE=61.962216440% | params={'learning_rate': 0.03584097407474316, 'decay_rate': 3.681882648645912e-05, 'hidden_size': 32, 'signal_len': 8, 'cheb_order': 3, 's': 4.76830055278827, 'batch_size': 32, 'k': 2}
Trial 632 finished with value 0.217128800 | dataset=ili | model=ufgtime_plus | val_MSE=0.022585786 | test_MSE=0.085407364 | MAE=0.217128800 | RMSE=0.292245384 | MAPE=89.125254349% | params={'learning_rate': 0.023212551366774914, 'decay_rate': 1.6964842434740953e-05, 'hidden_size': 32, 'signal_len': 8, 'cheb_order': 3, 's': 4.256858740701789, 'batch_size': 128, 'k': 2}
Trial 633 finished with value 0.235171783 | dataset=ili | model=ufgtime_plus | val_MSE=0.043108027 | test_MSE=0.111996587 | MAE=0.235171783 | RMSE=0.334658911 | MAPE=72.660648938% | params={'learning_rate': 0.036570068050747084, 'decay_rate': 0.003544506500384207, 'hidden_size': 32, 'signal_len': 8, 'cheb_order': 3, 's': 4.1429571140610975, 'batch_size': 256, 'k': 2}
Trial 634 finished with value 0.230672867 | dataset=ili | model=ufgtime_plus | val_MSE=0.035876576 | test_MSE=0.100907956 | MAE=0.230672867 | RMSE=0.317660127 | MAPE=78.175588020% | params={'learning_rate': 0.021363642070100587, 'decay_rate': 0.002349450860738495, 'hidden_size': 32, 'signal_len': 8, 'cheb_order': 2, 's': 3.776309420336724, 'batch_size': 256, 'k': 2}
Trial 635 finished with value 0.203318963 | dataset=ili | model=ufgtime_plus | val_MSE=0.026022228 | test_MSE=0.088543648 | MAE=0.203318963 | RMSE=0.297562847 | MAPE=61.439842183% | params={'learning_rate': 0.03742672026351139, 'decay_rate': 0.0010564196154554287, 'hidden_size': 32, 'signal_len': 8, 'cheb_order': 3, 's': 3.9543497942298473, 'batch_size': 32, 'k': 2}
Trial 636 finished with value 0.200444677 | dataset=ili | model=ufgtime_plus | val_MSE=0.025990747 | test_MSE=0.079711069 | MAE=0.200444677 | RMSE=0.282331488 | MAPE=78.818356361% | params={'learning_rate': 0.03879775284612191, 'decay_rate': 0.0015697927399640084, 'hidden_size': 32, 'signal_len': 8, 'cheb_order': 3, 's': 1.3221766336997058, 'batch_size': 128, 'k': 2}
Trial 637 finished with value 0.244120177 | dataset=ili | model=ufgtime_plus | val_MSE=0.041501027 | test_MSE=0.117923987 | MAE=0.244120177 | RMSE=0.343400622 | MAPE=64.357002546% | params={'learning_rate': 0.022087258729611804, 'decay_rate': 0.002595334206533262, 'hidden_size': 32, 'signal_len': 8, 'cheb_order': 3, 's': 3.601405744474917, 'batch_size': 256, 'k': 2}
Trial 638 finished with value 0.267610796 | dataset=ili | model=ufgtime_plus | val_MSE=0.048439696 | test_MSE=0.132575642 | MAE=0.267610796 | RMSE=0.364109381 | MAPE=76.177622289% | params={'learning_rate': 0.0352469110055797, 'decay_rate': 0.01620926186111093, 'hidden_size': 32, 'signal_len': 8, 'cheb_order': 3, 's': 4.417585966116222, 'batch_size': 256, 'k': 2}
Trial 639 finished with value 0.197594366 | dataset=ili | model=ufgtime_plus | val_MSE=0.033884815 | test_MSE=0.086847754 | MAE=0.197594366 | RMSE=0.294699430 | MAPE=57.524095903% | params={'learning_rate': 0.02066739315194236, 'decay_rate': 0.000834117880767114, 'hidden_size': 64, 'signal_len': 8, 'cheb_order': 3, 's': 4.143906154667599, 'batch_size': 32, 'k': 2}
Trial 640 finished with value 0.233051077 | dataset=ili | model=ufgtime_plus | val_MSE=0.044315797 | test_MSE=0.110656869 | MAE=0.233051077 | RMSE=0.332651273 | MAPE=75.679829640% | params={'learning_rate': 0.02345969264868988, 'decay_rate': 0.004435734411361558, 'hidden_size': 32, 'signal_len': 8, 'cheb_order': 3, 's': 4.630204832760509, 'batch_size': 128, 'k': 2}
Trial 641 finished with value 0.196367220 | dataset=ili | model=ufgtime_plus | val_MSE=0.026448023 | test_MSE=0.080544958 | MAE=0.196367220 | RMSE=0.283804436 | MAPE=69.000403129% | params={'learning_rate': 0.017344678940737948, 'decay_rate': 0.0015606248258633873, 'hidden_size': 32, 'signal_len': 8, 'cheb_order': 3, 's': 4.254683306758379, 'batch_size': 256, 'k': 2}
Trial 642 finished with value 0.212728246 | dataset=ili | model=ufgtime_plus | val_MSE=0.021153398 | test_MSE=0.089928376 | MAE=0.212728246 | RMSE=0.299880602 | MAPE=64.896008670% | params={'learning_rate': 0.04002025576909015, 'decay_rate': 5.354654917316475e-05, 'hidden_size': 32, 'signal_len': 8, 'cheb_order': 3, 's': 3.8601947955963563, 'batch_size': 32, 'k': 2}
Trial 643 finished with value 0.248331544 | dataset=ili | model=ufgtime_plus | val_MSE=0.042138461 | test_MSE=0.120601501 | MAE=0.248331544 | RMSE=0.347277269 | MAPE=67.611335211% | params={'learning_rate': 0.019620469401832076, 'decay_rate': 0.002965246648262586, 'hidden_size': 32, 'signal_len': 8, 'cheb_order': 3, 's': 4.40899778382465, 'batch_size': 256, 'k': 3}
Trial 644 finished with value 0.217196368 | dataset=ili | model=ufgtime_plus | val_MSE=0.022226498 | test_MSE=0.090543189 | MAE=0.217196368 | RMSE=0.300903952 | MAPE=84.833015548% | params={'learning_rate': 0.03692127855188618, 'decay_rate': 1.6109371856552215e-05, 'hidden_size': 32, 'signal_len': 8, 'cheb_order': 3, 's': 6.602334903859832, 'batch_size': 64, 'k': 2}
Trial 645 finished with value 0.215665156 | dataset=ili | model=ufgtime_plus | val_MSE=0.036834065 | test_MSE=0.098272407 | MAE=0.215665156 | RMSE=0.313484300 | MAPE=62.241899212% | params={'learning_rate': 0.02233566409507725, 'decay_rate': 0.0017189469239000921, 'hidden_size': 32, 'signal_len': 8, 'cheb_order': 3, 's': 4.05105950169842, 'batch_size': 128, 'k': 2}
Trial 646 finished with value 0.351713418 | dataset=ili | model=ufgtime_plus | val_MSE=0.063796617 | test_MSE=0.222670952 | MAE=0.351713418 | RMSE=0.471880230 | MAPE=78.727091753% | params={'learning_rate': 0.03839981613557346, 'decay_rate': 0.04256996587151112, 'hidden_size': 32, 'signal_len': 8, 'cheb_order': 3, 's': 5.077917313837432, 'batch_size': 256, 'k': 2}
Trial 647 finished with value 0.193217324 | dataset=ili | model=ufgtime_plus | val_MSE=0.026831689 | test_MSE=0.078180743 | MAE=0.193217324 | RMSE=0.279608196 | MAPE=80.749758259% | params={'learning_rate': 0.021381095967218506, 'decay_rate': 0.0009118906268666207, 'hidden_size': 32, 'signal_len': 8, 'cheb_order': 3, 's': 6.282756265325059, 'batch_size': 16, 'k': 2}
