Trial 118 finished with value 0.205567996 | dataset=ili | model=ufgtime_plus | val_MSE=0.035472512 | test_MSE=0.092494098 | MAE=0.205567996 | RMSE=0.304128423 | MAPE=59.658501272% | params={'learning_rate': 0.02873405380473714, 'decay_rate': 0.0016270513675561208, 'hidden_size': 32, 'signal_len': 8, 'cheb_order': 3, 's': 5.521703917438263, 'batch_size': 32, 'k': 2}
Trial 119 finished with value 0.199098334 | dataset=ili | model=ufgtime_plus | val_MSE=0.025667317 | test_MSE=0.079775152 | MAE=0.199098334 | RMSE=0.282444954 | MAPE=74.320925316% | params={'learning_rate': 0.028876327839653926, 'decay_rate': 0.0008801353527462639, 'hidden_size': 32, 'signal_len': 8, 'cheb_order': 3, 's': 5.633694505249168, 'batch_size': 32, 'k': 2}
Trial 120 finished with value 0.239677536 | dataset=ili | model=ufgtime_plus | val_MSE=0.039862496 | test_MSE=0.108426443 | MAE=0.239677536 | RMSE=0.329281708 | MAPE=77.534975689% | params={'learning_rate': 0.03057687236274128, 'decay_rate': 0.0034621125660582626, 'hidden_size': 32, 'signal_len': 8, 'cheb_order': 3, 's': 4.613755947950779, 'batch_size': 32, 'k': 2}
Trial 121 finished with value 0.240450442 | dataset=ili | model=ufgtime_plus | val_MSE=0.021331449 | test_MSE=0.098384621 | MAE=0.240450442 | RMSE=0.313663229 | MAPE=99.097175803% | params={'learning_rate': 0.027586220587222952, 'decay_rate': 3.6173276849333844e-05, 'hidden_size': 32, 'signal_len': 8, 'cheb_order': 3, 's': 5.174039729576688, 'batch_size': 32, 'k': 2}
Trial 122 finished with value 0.215568169 | dataset=ili | model=ufgtime_plus | val_MSE=0.035855395 | test_MSE=0.093341696 | MAE=0.215568169 | RMSE=0.305518732 | MAPE=67.911134698% | params={'learning_rate': 0.03189949169290879, 'decay_rate': 0.0018902361342428074, 'hidden_size': 32, 'signal_len': 8, 'cheb_order': 3, 's': 3.2912948944375766, 'batch_size': 32, 'k': 2}
Trial 123 finished with value 0.201370205 | dataset=ili | model=ufgtime_plus | val_MSE=0.024357575 | test_MSE=0.079216985 | MAE=0.201370205 | RMSE=0.281455121 | MAPE=75.277257348% | params={'learning_rate': 0.024846494247536995, 'decay_rate': 0.0008417619161738466, 'hidden_size': 32, 'signal_len': 8, 'cheb_order': 3, 's': 4.783160933364381, 'batch_size': 32, 'k': 2}
Trial 124 finished with value 0.238029466 | dataset=ili | model=ufgtime_plus | val_MSE=0.041927297 | test_MSE=0.112312110 | MAE=0.238029466 | RMSE=0.335129990 | MAPE=69.047634796% | params={'learning_rate': 0.021563637606636113, 'decay_rate': 0.002887992261928192, 'hidden_size': 32, 'signal_len': 8, 'cheb_order': 3, 's': 5.456646440197919, 'batch_size': 16, 'k': 2}
Trial 125 finished with value 0.238440029 | dataset=ili | model=ufgtime_plus | val_MSE=0.046666898 | test_MSE=0.115902967 | MAE=0.238440029 | RMSE=0.340445248 | MAPE=86.435423004% | params={'learning_rate': 0.026149168479421944, 'decay_rate': 0.003943739191708991, 'hidden_size': 16, 'signal_len': 8, 'cheb_order': 3, 's': 5.999030052248057, 'batch_size': 16, 'k': 2}
Trial 126 finished with value 0.235874143 | dataset=ili | model=ufgtime_plus | val_MSE=0.041827709 | test_MSE=0.114384454 | MAE=0.235874143 | RMSE=0.338207708 | MAPE=67.050596568% | params={'learning_rate': 0.02969086107244266, 'decay_rate': 0.0016429054781342042, 'hidden_size': 32, 'signal_len': 8, 'cheb_order': 3, 's': 3.6467822966308514, 'batch_size': 16, 'k': 2}
Trial 127 finished with value 0.306857080 | dataset=ili | model=ufgtime_plus | val_MSE=0.052850629 | test_MSE=0.161782830 | MAE=0.306857080 | RMSE=0.402222364 | MAPE=84.185878981% | params={'learning_rate': 0.022720435974265485, 'decay_rate': 0.030636312743911022, 'hidden_size': 16, 'signal_len': 16, 'cheb_order': 3, 's': 5.718304380329936, 'batch_size': 32, 'k': 2}
Trial 128 finished with value 0.281253165 | dataset=ili | model=ufgtime_plus | val_MSE=0.053719375 | test_MSE=0.136308515 | MAE=0.281253165 | RMSE=0.369199831 | MAPE=102.101885930% | params={'learning_rate': 0.03400772917470264, 'decay_rate': 0.0379645498673456, 'hidden_size': 16, 'signal_len': 8, 'cheb_order': 3, 's': 4.331245513282333, 'batch_size': 16, 'k': 2}
Trial 129 finished with value 0.247197995 | dataset=ili | model=ufgtime_plus | val_MSE=0.016480675 | test_MSE=0.103160235 | MAE=0.247197995 | RMSE=0.321185671 | MAPE=115.104032936% | params={'learning_rate': 0.024450142106736336, 'decay_rate': 1.1336080573310313e-05, 'hidden_size': 16, 'signal_len': 8, 'cheb_order': 3, 's': 4.915591790271239, 'batch_size': 16, 'k': 2}
Trial 130 finished with value 0.246246549 | dataset=ili | model=ufgtime_plus | val_MSE=0.048534083 | test_MSE=0.121508018 | MAE=0.246246549 | RMSE=0.348580002 | MAPE=87.802826365% | params={'learning_rate': 0.02075191351212339, 'decay_rate': 0.005398230712361015, 'hidden_size': 16, 'signal_len': 8, 'cheb_order': 3, 's': 4.033614609925218, 'batch_size': 16, 'k': 2}
Trial 131 finished with value 0.189349001 | dataset=ili | model=ufgtime_plus | val_MSE=0.026575464 | test_MSE=0.082504161 | MAE=0.189349001 | RMSE=0.287235375 | MAPE=61.993452331% | params={'learning_rate': 0.028863032941677247, 'decay_rate': 0.0010189267740228632, 'hidden_size': 32, 'signal_len': 8, 'cheb_order': 3, 's': 5.631143424258624, 'batch_size': 32, 'k': 2}
Trial 132 finished with value 0.221881386 | dataset=ili | model=ufgtime_plus | val_MSE=0.036338146 | test_MSE=0.099339627 | MAE=0.221881386 | RMSE=0.315181895 | MAPE=64.066833208% | params={'learning_rate': 0.028447238223254845, 'decay_rate': 0.001544844463723939, 'hidden_size': 32, 'signal_len': 8, 'cheb_order': 3, 's': 6.217416419840457, 'batch_size': 32, 'k': 2}
Trial 133 finished with value 0.228250788 | dataset=ili | model=ufgtime_plus | val_MSE=0.039442345 | test_MSE=0.105203938 | MAE=0.228250788 | RMSE=0.324351566 | MAPE=70.260877773% | params={'learning_rate': 0.027113978205230926, 'decay_rate': 0.0027895443518372058, 'hidden_size': 32, 'signal_len': 8, 'cheb_order': 3, 's': 5.259867819620742, 'batch_size': 32, 'k': 2}
Trial 134 finished with value 0.201310551 | dataset=ili | model=ufgtime_plus | val_MSE=0.027973438 | test_MSE=0.087395857 | MAE=0.201310551 | RMSE=0.295627904 | MAPE=60.823785739% | params={'learning_rate': 0.03038388010736974, 'decay_rate': 0.0010799023100527584, 'hidden_size': 32, 'signal_len': 8, 'cheb_order': 3, 's': 5.517068981476809, 'batch_size': 32, 'k': 2}
Trial 135 finished with value 0.227838822 | dataset=ili | model=ufgtime_plus | val_MSE=0.037921422 | test_MSE=0.104892931 | MAE=0.227838822 | RMSE=0.323871782 | MAPE=61.898487188% | params={'learning_rate': 0.028081660987001846, 'decay_rate': 0.002161830503880444, 'hidden_size': 32, 'signal_len': 8, 'cheb_order': 3, 's': 6.419833549080731, 'batch_size': 32, 'k': 2}
Trial 136 finished with value 0.199268135 | dataset=ili | model=ufgtime_plus | val_MSE=0.023030288 | test_MSE=0.084723707 | MAE=0.199268135 | RMSE=0.291073371 | MAPE=59.011753035% | params={'learning_rate': 0.020068292104996447, 'decay_rate': 0.0007947011351142676, 'hidden_size': 16, 'signal_len': 8, 'cheb_order': 3, 's': 5.069497275671118, 'batch_size': 16, 'k': 2}
Trial 137 finished with value 0.242445904 | dataset=ili | model=ufgtime_plus | val_MSE=0.041406074 | test_MSE=0.113734352 | MAE=0.242445904 | RMSE=0.337245240 | MAPE=73.858187321% | params={'learning_rate': 0.026044613880547105, 'decay_rate': 0.0033836567345443954, 'hidden_size': 16, 'signal_len': 8, 'cheb_order': 3, 's': 5.784594592602362, 'batch_size': 16, 'k': 2}
Trial 138 finished with value 0.237921489 | dataset=ili | model=ufgtime_plus | val_MSE=0.044083199 | test_MSE=0.114371389 | MAE=0.237921489 | RMSE=0.338188392 | MAPE=75.096206818% | params={'learning_rate': 0.03294799592820627, 'decay_rate': 0.0045601370119493865, 'hidden_size': 32, 'signal_len': 8, 'cheb_order': 3, 's': 4.558056880698626, 'batch_size': 16, 'k': 2}
Trial 139 finished with value 0.198522220 | dataset=ili | model=ufgtime_plus | val_MSE=0.021130083 | test_MSE=0.082721095 | MAE=0.198522220 | RMSE=0.287612753 | MAPE=64.096001367% | params={'learning_rate': 0.031613928640726624, 'decay_rate': 0.00010684070544384979, 'hidden_size': 16, 'signal_len': 8, 'cheb_order': 3, 's': 5.3858072153297085, 'batch_size': 16, 'k': 2}
Trial 140 finished with value 0.241647472 | dataset=ili | model=ufgtime_plus | val_MSE=0.038619415 | test_MSE=0.110264282 | MAE=0.241647472 | RMSE=0.332060661 | MAPE=68.136756782% | params={'learning_rate': 0.03201365309986634, 'decay_rate': 0.0021999905632308996, 'hidden_size': 16, 'signal_len': 8, 'cheb_order': 3, 's': 6.039551186801162, 'batch_size': 16, 'k': 2}
Trial 141 finished with value 0.227545538 | dataset=ili | model=ufgtime_plus | val_MSE=0.021325530 | test_MSE=0.091999963 | MAE=0.227545538 | RMSE=0.303314957 | MAPE=97.835654489% | params={'learning_rate': 0.02964632509874741, 'decay_rate': 4.756244384028106e-05, 'hidden_size': 16, 'signal_len': 8, 'cheb_order': 3, 's': 5.422344154736485, 'batch_size': 16, 'k': 2}
Trial 142 finished with value 0.192356857 | dataset=ili | model=ufgtime_plus | val_MSE=0.025347060 | test_MSE=0.082024278 | MAE=0.192356857 | RMSE=0.286398809 | MAPE=60.947220047% | params={'learning_rate': 0.03105301615976068, 'decay_rate': 0.0011638338095070096, 'hidden_size': 16, 'signal_len': 8, 'cheb_order': 3, 's': 6.652640170142465, 'batch_size': 16, 'k': 2}
Trial 143 finished with value 0.195713064 | dataset=ili | model=ufgtime_plus | val_MSE=0.025926287 | test_MSE=0.077241773 | MAE=0.195713064 | RMSE=0.277924042 | MAPE=77.953231352% | params={'learning_rate': 0.031507099904337886, 'decay_rate': 0.001057236606249864, 'hidden_size': 16, 'signal_len': 8, 'cheb_order': 3, 's': 7.123180241302202, 'batch_size': 16, 'k': 2}
Trial 144 finished with value 0.191077975 | dataset=ili | model=ufgtime_plus | val_MSE=0.025091075 | test_MSE=0.075852860 | MAE=0.191077975 | RMSE=0.275413979 | MAPE=71.736064423% | params={'learning_rate': 0.03505676332783887, 'decay_rate': 0.0014379390074228452, 'hidden_size': 16, 'signal_len': 8, 'cheb_order': 3, 's': 7.592026087532868, 'batch_size': 16, 'k': 2}
Trial 145 finished with value 0.240643128 | dataset=ili | model=ufgtime_plus | val_MSE=0.046081605 | test_MSE=0.114964804 | MAE=0.240643128 | RMSE=0.339064601 | MAPE=84.330281916% | params={'learning_rate': 0.03584988314525522, 'decay_rate': 0.0035331731412181957, 'hidden_size': 16, 'signal_len': 8, 'cheb_order': 3, 's': 7.388865653375599, 'batch_size': 16, 'k': 2}
Trial 146 finished with value 0.220139277 | dataset=ili | model=ufgtime_plus | val_MSE=0.040065097 | test_MSE=0.099346950 | MAE=0.220139277 | RMSE=0.315193512 | MAPE=78.292861997% | params={'learning_rate': 0.030952651719249717, 'decay_rate': 0.002644576000270323, 'hidden_size': 16, 'signal_len': 8, 'cheb_order': 3, 's': 6.725293779477189, 'batch_size': 16, 'k': 2}
Trial 147 finished with value 0.196588700 | dataset=ili | model=ufgtime_plus | val_MSE=0.026319963 | test_MSE=0.081500007 | MAE=0.196588700 | RMSE=0.285482061 | MAPE=69.655553907% | params={'learning_rate': 0.029263473974777143, 'decay_rate': 0.0016117562672242414, 'hidden_size': 16, 'signal_len': 8, 'cheb_order': 3, 's': 7.716935540180484, 'batch_size': 16, 'k': 2}
Trial 148 finished with value 0.215441423 | dataset=ili | model=ufgtime_plus | val_MSE=0.036751865 | test_MSE=0.097520881 | MAE=0.215441423 | RMSE=0.312283334 | MAPE=63.547344435% | params={'learning_rate': 0.02919150123052651, 'decay_rate': 0.0018431043038797256, 'hidden_size': 16, 'signal_len': 8, 'cheb_order': 3, 's': 7.509229235450612, 'batch_size': 16, 'k': 2}
Trial 149 finished with value 0.279650652 | dataset=ili | model=ufgtime_plus | val_MSE=0.052833719 | test_MSE=0.134819176 | MAE=0.279650652 | RMSE=0.367177308 | MAPE=99.713332887% | params={'learning_rate': 0.033487831114594205, 'decay_rate': 0.020705544782240952, 'hidden_size': 32, 'signal_len': 8, 'cheb_order': 3, 's': 7.006169765421178, 'batch_size': 16, 'k': 2}
Trial 150 finished with value 0.225873199 | dataset=ili | model=ufgtime_plus | val_MSE=0.039856692 | test_MSE=0.103479365 | MAE=0.225873199 | RMSE=0.321682087 | MAPE=69.457633724% | params={'learning_rate': 0.02705395230421442, 'decay_rate': 0.003029436047469339, 'hidden_size': 16, 'signal_len': 8, 'cheb_order': 3, 's': 7.851211330644968, 'batch_size': 16, 'k': 2}
Trial 151 finished with value 0.200677844 | dataset=ili | model=ufgtime_plus | val_MSE=0.026658895 | test_MSE=0.081745739 | MAE=0.200677844 | RMSE=0.285912117 | MAPE=74.731649675% | params={'learning_rate': 0.03437069969277791, 'decay_rate': 0.0011109149512103513, 'hidden_size': 16, 'signal_len': 8, 'cheb_order': 3, 's': 7.645653745696016, 'batch_size': 16, 'k': 2}
Trial 152 finished with value 0.199899877 | dataset=ili | model=ufgtime_plus | val_MSE=0.026795760 | test_MSE=0.082888158 | MAE=0.199899877 | RMSE=0.287903036 | MAPE=73.736217568% | params={'learning_rate': 0.03020981025965014, 'decay_rate': 0.0016790448026113834, 'hidden_size': 16, 'signal_len': 8, 'cheb_order': 3, 's': 8.11937105478507, 'batch_size': 16, 'k': 2}
Trial 153 finished with value 0.249920693 | dataset=ili | model=ufgtime_plus | val_MSE=0.045287017 | test_MSE=0.120031861 | MAE=0.249920693 | RMSE=0.346456146 | MAPE=77.395111326% | params={'learning_rate': 0.03248066217715764, 'decay_rate': 0.004358980841427043, 'hidden_size': 16, 'signal_len': 8, 'cheb_order': 3, 's': 7.028509393690981, 'batch_size': 16, 'k': 2}
Trial 154 finished with value 0.201840959 | dataset=ili | model=ufgtime_plus | val_MSE=0.025287138 | test_MSE=0.087324345 | MAE=0.201840959 | RMSE=0.295506929 | MAPE=60.798270080% | params={'learning_rate': 0.028222344175726673, 'decay_rate': 0.0009111375677749181, 'hidden_size': 16, 'signal_len': 8, 'cheb_order': 3, 's': 7.3946371227741565, 'batch_size': 16, 'k': 2}
Trial 155 finished with value 0.239316092 | dataset=ili | model=ufgtime_plus | val_MSE=0.040343050 | test_MSE=0.109419945 | MAE=0.239316092 | RMSE=0.330786858 | MAPE=76.980486530% | params={'learning_rate': 0.03101349889002038, 'decay_rate': 0.0025234731099303296, 'hidden_size': 16, 'signal_len': 16, 'cheb_order': 3, 's': 7.210355694235675, 'batch_size': 32, 'k': 2}
Trial 156 finished with value 0.193476593 | dataset=ili | model=ufgtime_plus | val_MSE=0.025370172 | test_MSE=0.078269809 | MAE=0.193476593 | RMSE=0.279767420 | MAPE=70.685531818% | params={'learning_rate': 0.035605368619015115, 'decay_rate': 0.0011248873123694972, 'hidden_size': 16, 'signal_len': 8, 'cheb_order': 3, 's': 6.5716700027640975, 'batch_size': 16, 'k': 2}
Trial 157 finished with value 0.245841054 | dataset=ili | model=ufgtime_plus | val_MSE=0.017919011 | test_MSE=0.100071800 | MAE=0.245841054 | RMSE=0.316341271 | MAPE=117.417669481% | params={'learning_rate': 0.029159928648135415, 'decay_rate': 1.1544268041724067e-05, 'hidden_size': 16, 'signal_len': 8, 'cheb_order': 3, 's': 6.6162618192773905, 'batch_size': 16, 'k': 2}
Trial 158 finished with value 0.256731617 | dataset=ili | model=ufgtime_plus | val_MSE=0.045100137 | test_MSE=0.125670800 | MAE=0.256731617 | RMSE=0.354500775 | MAPE=73.876508801% | params={'learning_rate': 0.03832638860369301, 'decay_rate': 0.0036453603754447255, 'hidden_size': 32, 'signal_len': 8, 'cheb_order': 3, 's': 6.778881669199066, 'batch_size': 16, 'k': 2}
Trial 159 finished with value 0.232407769 | dataset=ili | model=ufgtime_plus | val_MSE=0.040941390 | test_MSE=0.110480936 | MAE=0.232407769 | RMSE=0.332386726 | MAPE=64.294312118% | params={'learning_rate': 0.03682389447747137, 'decay_rate': 0.001864313201311065, 'hidden_size': 16, 'signal_len': 8, 'cheb_order': 3, 's': 7.65492410199605, 'batch_size': 16, 'k': 2}
Trial 160 finished with value 0.191779638 | dataset=ili | model=ufgtime_plus | val_MSE=0.026201097 | test_MSE=0.079832670 | MAE=0.191779638 | RMSE=0.282546756 | MAPE=72.456767989% | params={'learning_rate': 0.027774979526818226, 'decay_rate': 0.000975039902611502, 'hidden_size': 16, 'signal_len': 8, 'cheb_order': 3, 's': 7.109075448085407, 'batch_size': 32, 'k': 2}
Trial 161 finished with value 0.188682405 | dataset=ili | model=ufgtime_plus | val_MSE=0.025310648 | test_MSE=0.078464863 | MAE=0.188682405 | RMSE=0.280115804 | MAPE=70.048585698% | params={'learning_rate': 0.027809850299335907, 'decay_rate': 0.0008776448887933582, 'hidden_size': 16, 'signal_len': 8, 'cheb_order': 3, 's': 6.5445028548013475, 'batch_size': 32, 'k': 2}
Trial 162 finished with value 0.229351572 | dataset=ili | model=ufgtime_plus | val_MSE=0.040232869 | test_MSE=0.106774877 | MAE=0.229351572 | RMSE=0.326764253 | MAPE=70.909440216% | params={'learning_rate': 0.02754687409758923, 'decay_rate': 0.0025175859701413723, 'hidden_size': 16, 'signal_len': 8, 'cheb_order': 3, 's': 6.981999362820267, 'batch_size': 32, 'k': 2}
Trial 163 finished with value 0.178058358 | dataset=ili | model=ufgtime_plus | val_MSE=0.023394324 | test_MSE=0.074924475 | MAE=0.178058358 | RMSE=0.273723355 | MAPE=58.843403096% | params={'learning_rate': 0.025676025255712703, 'decay_rate': 0.0006776150759426508, 'hidden_size': 16, 'signal_len': 8, 'cheb_order': 3, 's': 6.479477513364763, 'batch_size': 32, 'k': 2}
Trial 164 finished with value 0.193898448 | dataset=ili | model=ufgtime_plus | val_MSE=0.026445085 | test_MSE=0.079436254 | MAE=0.193898448 | RMSE=0.281844379 | MAPE=71.261649495% | params={'learning_rate': 0.025374158238326536, 'decay_rate': 0.0014388037599718624, 'hidden_size': 16, 'signal_len': 8, 'cheb_order': 3, 's': 6.616194358297116, 'batch_size': 32, 'k': 2}
Trial 165 finished with value 0.201612101 | dataset=ili | model=ufgtime_plus | val_MSE=0.028209644 | test_MSE=0.084500639 | MAE=0.201612101 | RMSE=0.290689935 | MAPE=76.709674281% | params={'learning_rate': 0.02534219884152818, 'decay_rate': 0.0020573081472364837, 'hidden_size': 16, 'signal_len': 8, 'cheb_order': 3, 's': 6.554337921497805, 'batch_size': 32, 'k': 2}
Trial 166 finished with value 0.252993976 | dataset=ili | model=ufgtime_plus | val_MSE=0.043136803 | test_MSE=0.116454133 | MAE=0.252993976 | RMSE=0.341253767 | MAPE=77.393939790% | params={'learning_rate': 0.026420134333230393, 'decay_rate': 0.004247532458920595, 'hidden_size': 16, 'signal_len': 8, 'cheb_order': 3, 's': 7.122489236998935, 'batch_size': 32, 'k': 2}
Trial 167 finished with value 0.229889631 | dataset=ili | model=ufgtime_plus | val_MSE=0.040696477 | test_MSE=0.106461902 | MAE=0.229889631 | RMSE=0.326285001 | MAPE=72.870551619% | params={'learning_rate': 0.023733455401162437, 'decay_rate': 0.003246023933346498, 'hidden_size': 16, 'signal_len': 8, 'cheb_order': 3, 's': 6.858202771150184, 'batch_size': 32, 'k': 2}
Trial 168 finished with value 0.192550755 | dataset=ili | model=ufgtime_plus | val_MSE=0.026205093 | test_MSE=0.081071949 | MAE=0.192550755 | RMSE=0.284731364 | MAPE=73.017367920% | params={'learning_rate': 0.024171815192784885, 'decay_rate': 0.001376810544656957, 'hidden_size': 16, 'signal_len': 8, 'cheb_order': 3, 's': 6.6354455872224065, 'batch_size': 32, 'k': 2}
Trial 169 finished with value 0.196337297 | dataset=ili | model=ufgtime_plus | val_MSE=0.025329730 | test_MSE=0.079702332 | MAE=0.196337297 | RMSE=0.282316015 | MAPE=70.114455077% | params={'learning_rate': 0.024336126887364425, 'decay_rate': 0.0009169488406555624, 'hidden_size': 16, 'signal_len': 8, 'cheb_order': 3, 's': 6.462547073861231, 'batch_size': 32, 'k': 2}
Trial 170 finished with value 0.249128199 | dataset=ili | model=ufgtime_plus | val_MSE=0.049015998 | test_MSE=0.122645156 | MAE=0.249128199 | RMSE=0.350207304 | MAPE=90.083128969% | params={'learning_rate': 0.035240486304793886, 'decay_rate': 0.0057200330346280515, 'hidden_size': 16, 'signal_len': 8, 'cheb_order': 3, 's': 6.2768479796116114, 'batch_size': 32, 'k': 2}
Trial 171 finished with value 0.201177643 | dataset=ili | model=ufgtime_plus | val_MSE=0.023622435 | test_MSE=0.079122053 | MAE=0.201177643 | RMSE=0.281286425 | MAPE=76.261811860% | params={'learning_rate': 0.0241095491565355, 'decay_rate': 0.0007287342155800351, 'hidden_size': 16, 'signal_len': 8, 'cheb_order': 3, 's': 6.632411906476276, 'batch_size': 32, 'k': 2}
Trial 172 finished with value 0.209874538 | dataset=ili | model=ufgtime_plus | val_MSE=0.026424751 | test_MSE=0.083326663 | MAE=0.209874538 | RMSE=0.288663581 | MAPE=75.158773545% | params={'learning_rate': 0.024764970389547336, 'decay_rate': 0.0015025298149468156, 'hidden_size': 16, 'signal_len': 8, 'cheb_order': 3, 's': 6.429369812785364, 'batch_size': 32, 'k': 2}
Trial 173 finished with value 0.234790166 | dataset=ili | model=ufgtime_plus | val_MSE=0.040584680 | test_MSE=0.110261878 | MAE=0.234790166 | RMSE=0.332057040 | MAPE=72.054659008% | params={'learning_rate': 0.021924299211574377, 'decay_rate': 0.002999637362704154, 'hidden_size': 16, 'signal_len': 8, 'cheb_order': 3, 's': 6.687761339650926, 'batch_size': 32, 'k': 2}
Trial 174 finished with value 0.194091902 | dataset=ili | model=ufgtime_plus | val_MSE=0.026181388 | test_MSE=0.079812513 | MAE=0.194091902 | RMSE=0.282511084 | MAPE=78.754711756% | params={'learning_rate': 0.025586361207952373, 'decay_rate': 0.00070630016018762, 'hidden_size': 16, 'signal_len': 8, 'cheb_order': 3, 's': 6.456578893405539, 'batch_size': 32, 'k': 2}
Trial 175 finished with value 0.227156818 | dataset=ili | model=ufgtime_plus | val_MSE=0.038100598 | test_MSE=0.103131130 | MAE=0.227156818 | RMSE=0.321140359 | MAPE=67.654636574% | params={'learning_rate': 0.025560700970384893, 'decay_rate': 0.0022856026725653466, 'hidden_size': 16, 'signal_len': 8, 'cheb_order': 3, 's': 6.149824389105839, 'batch_size': 32, 'k': 2}
Trial 176 finished with value 0.191211789 | dataset=ili | model=ufgtime_plus | val_MSE=0.024969122 | test_MSE=0.078093715 | MAE=0.191211789 | RMSE=0.279452528 | MAPE=67.469154602% | params={'learning_rate': 0.022811971781869743, 'decay_rate': 0.000682526898651008, 'hidden_size': 16, 'signal_len': 8, 'cheb_order': 3, 's': 6.941500107029186, 'batch_size': 32, 'k': 2}
