Trial 530 finished with value 0.202420440 | dataset=ili | model=ufgtime_plus | val_MSE=0.026908813 | test_MSE=0.084373088 | MAE=0.202420440 | RMSE=0.290470460 | MAPE=63.029232212% | params={'learning_rate': 0.006586615116908615, 'decay_rate': 0.0009446082779782384, 'hidden_size': 32, 'signal_len': 8, 'cheb_order': 3, 's': 3.7553533937934764, 'batch_size': 64, 'k': 2}
Trial 531 finished with value 0.203717226 | dataset=ili | model=ufgtime_plus | val_MSE=0.023498329 | test_MSE=0.092037900 | MAE=0.203717226 | RMSE=0.303377488 | MAPE=60.982852030% | params={'learning_rate': 0.03622816552390376, 'decay_rate': 5.673688986816e-05, 'hidden_size': 32, 'signal_len': 8, 'cheb_order': 3, 's': 3.922054325666424, 'batch_size': 128, 'k': 2}
Trial 532 finished with value 0.191519683 | dataset=ili | model=ufgtime_plus | val_MSE=0.027301824 | test_MSE=0.079414654 | MAE=0.191519683 | RMSE=0.281806058 | MAPE=66.888303327% | params={'learning_rate': 0.040077152814848735, 'decay_rate': 0.0018444119151483477, 'hidden_size': 32, 'signal_len': 16, 'cheb_order': 3, 's': 4.107267327347509, 'batch_size': 256, 'k': 2}
Trial 533 finished with value 0.221051681 | dataset=ili | model=ufgtime_plus | val_MSE=0.036823680 | test_MSE=0.102574198 | MAE=0.221051681 | RMSE=0.320272069 | MAPE=54.285806158% | params={'learning_rate': 0.003323908253390264, 'decay_rate': 0.0009454152018797725, 'hidden_size': 32, 'signal_len': 8, 'cheb_order': 3, 's': 4.185685928751504, 'batch_size': 128, 'k': 2}
Trial 534 finished with value 0.229393083 | dataset=ili | model=ufgtime_plus | val_MSE=0.022774388 | test_MSE=0.094893617 | MAE=0.229393083 | RMSE=0.308048075 | MAPE=73.588190889% | params={'learning_rate': 0.010038882334642361, 'decay_rate': 2.3709088183085413e-05, 'hidden_size': 64, 'signal_len': 8, 'cheb_order': 3, 's': 9.597222351875518, 'batch_size': 128, 'k': 2}
Trial 535 finished with value 0.232927870 | dataset=ili | model=ufgtime_plus | val_MSE=0.039354244 | test_MSE=0.107500854 | MAE=0.232927870 | RMSE=0.327873228 | MAPE=72.315175258% | params={'learning_rate': 0.036982408778204814, 'decay_rate': 0.0026942822229656725, 'hidden_size': 32, 'signal_len': 8, 'cheb_order': 3, 's': 9.348222939759221, 'batch_size': 128, 'k': 2}
Trial 536 finished with value 0.222664059 | dataset=ili | model=ufgtime_plus | val_MSE=0.036522274 | test_MSE=0.100565364 | MAE=0.222664059 | RMSE=0.317120425 | MAPE=65.593198854% | params={'learning_rate': 0.014547159549464533, 'decay_rate': 0.0017087084354818708, 'hidden_size': 32, 'signal_len': 8, 'cheb_order': 3, 's': 3.655300725280062, 'batch_size': 128, 'k': 4}
Trial 537 finished with value 0.250842350 | dataset=ili | model=ufgtime_plus | val_MSE=0.043262766 | test_MSE=0.120181311 | MAE=0.250842350 | RMSE=0.346671763 | MAPE=72.126258021% | params={'learning_rate': 0.013635502527211511, 'decay_rate': 0.004010338758948956, 'hidden_size': 32, 'signal_len': 8, 'cheb_order': 2, 's': 3.951142413332523, 'batch_size': 128, 'k': 2}
Trial 538 finished with value 0.186014928 | dataset=ili | model=ufgtime_plus | val_MSE=0.025544593 | test_MSE=0.078205200 | MAE=0.186014928 | RMSE=0.279651927 | MAPE=64.679070303% | params={'learning_rate': 0.03277020546656092, 'decay_rate': 0.000862699676434834, 'hidden_size': 32, 'signal_len': 8, 'cheb_order': 3, 's': 4.248627597960824, 'batch_size': 128, 'k': 2}
Trial 539 finished with value 0.203270233 | dataset=ili | model=ufgtime_plus | val_MSE=0.023684419 | test_MSE=0.078311992 | MAE=0.203270233 | RMSE=0.279842798 | MAPE=78.954454592% | params={'learning_rate': 0.03916239510010747, 'decay_rate': 2.010116139326628e-05, 'hidden_size': 32, 'signal_len': 8, 'cheb_order': 3, 's': 3.8603243569016676, 'batch_size': 128, 'k': 2}
Trial 540 finished with value 0.222519580 | dataset=ili | model=ufgtime_plus | val_MSE=0.034902385 | test_MSE=0.098150448 | MAE=0.222519580 | RMSE=0.313289719 | MAPE=63.144787024% | params={'learning_rate': 0.03330983871264046, 'decay_rate': 0.0014582091950735752, 'hidden_size': 32, 'signal_len': 16, 'cheb_order': 3, 's': 4.126955832270027, 'batch_size': 128, 'k': 2}
Trial 541 finished with value 0.233138852 | dataset=ili | model=ufgtime_plus | val_MSE=0.039943834 | test_MSE=0.110629109 | MAE=0.233138852 | RMSE=0.332609544 | MAPE=64.465550650% | params={'learning_rate': 0.033004982450408435, 'decay_rate': 0.0027001611353352417, 'hidden_size': 32, 'signal_len': 8, 'cheb_order': 3, 's': 8.504033423710972, 'batch_size': 128, 'k': 2}
Trial 542 finished with value 0.178280553 | dataset=ili | model=ufgtime_plus | val_MSE=0.026025191 | test_MSE=0.073820940 | MAE=0.178280553 | RMSE=0.271700092 | MAPE=60.185565273% | params={'learning_rate': 0.0346909628950169, 'decay_rate': 0.0010130160059801377, 'hidden_size': 32, 'signal_len': 8, 'cheb_order': 3, 's': 4.217579410449878, 'batch_size': 128, 'k': 2}
Trial 543 finished with value 0.215367632 | dataset=ili | model=ufgtime_plus | val_MSE=0.035934487 | test_MSE=0.095389851 | MAE=0.215367632 | RMSE=0.308852474 | MAPE=69.992078089% | params={'learning_rate': 0.03405800823940806, 'decay_rate': 0.00193438299715914, 'hidden_size': 32, 'signal_len': 8, 'cheb_order': 3, 's': 3.326951749973047, 'batch_size': 128, 'k': 2}
Trial 544 finished with value 0.250272983 | dataset=ili | model=ufgtime_plus | val_MSE=0.042219147 | test_MSE=0.117512444 | MAE=0.250272983 | RMSE=0.342800881 | MAPE=74.341080606% | params={'learning_rate': 0.0347964260566304, 'decay_rate': 0.003478431166610231, 'hidden_size': 32, 'signal_len': 8, 'cheb_order': 3, 's': 4.051812172191824, 'batch_size': 128, 'k': 2}
Trial 545 finished with value 0.195157251 | dataset=ili | model=ufgtime_plus | val_MSE=0.027365353 | test_MSE=0.082077857 | MAE=0.195157251 | RMSE=0.286492334 | MAPE=70.133383913% | params={'learning_rate': 0.03427854541280076, 'decay_rate': 0.0008770626611303066, 'hidden_size': 32, 'signal_len': 8, 'cheb_order': 3, 's': 3.870225223317229, 'batch_size': 128, 'k': 5}
Trial 546 finished with value 0.225435555 | dataset=ili | model=ufgtime_plus | val_MSE=0.038157347 | test_MSE=0.103765821 | MAE=0.225435555 | RMSE=0.322127026 | MAPE=67.201466267% | params={'learning_rate': 0.03240524431201038, 'decay_rate': 0.0023292580191161903, 'hidden_size': 32, 'signal_len': 8, 'cheb_order': 3, 's': 4.269813653179052, 'batch_size': 128, 'k': 2}
Trial 547 finished with value 0.200503363 | dataset=ili | model=ufgtime_plus | val_MSE=0.024651579 | test_MSE=0.077428485 | MAE=0.200503363 | RMSE=0.278259745 | MAPE=68.260850396% | params={'learning_rate': 0.03133824798123784, 'decay_rate': 1.7088726095292747e-05, 'hidden_size': 32, 'signal_len': 8, 'cheb_order': 3, 's': 4.0296962053104854, 'batch_size': 128, 'k': 2}
Trial 548 finished with value 0.201678036 | dataset=ili | model=ufgtime_plus | val_MSE=0.036013412 | test_MSE=0.090445833 | MAE=0.201678036 | RMSE=0.300742138 | MAPE=59.397116703% | params={'learning_rate': 0.03462702716097205, 'decay_rate': 0.001402423364400902, 'hidden_size': 32, 'signal_len': 16, 'cheb_order': 3, 's': 4.198414895921024, 'batch_size': 128, 'k': 2}
Trial 549 finished with value 0.251275834 | dataset=ili | model=ufgtime_plus | val_MSE=0.043817019 | test_MSE=0.119034907 | MAE=0.251275834 | RMSE=0.345014358 | MAPE=75.203522424% | params={'learning_rate': 0.03581668320804462, 'decay_rate': 0.005427814456358727, 'hidden_size': 32, 'signal_len': 8, 'cheb_order': 3, 's': 3.538611678852336, 'batch_size': 128, 'k': 2}
Trial 550 finished with value 0.214306361 | dataset=ili | model=ufgtime_plus | val_MSE=0.023845161 | test_MSE=0.083133002 | MAE=0.214306361 | RMSE=0.288327941 | MAPE=71.241823516% | params={'learning_rate': 0.03394804364505968, 'decay_rate': 1.1990596035442165e-05, 'hidden_size': 32, 'signal_len': 8, 'cheb_order': 3, 's': 3.8369630819145195, 'batch_size': 128, 'k': 2}
Trial 551 finished with value 0.217694529 | dataset=ili | model=ufgtime_plus | val_MSE=0.037640152 | test_MSE=0.094787359 | MAE=0.217694529 | RMSE=0.307875557 | MAPE=74.151130068% | params={'learning_rate': 0.03228429667727657, 'decay_rate': 0.002404565375094879, 'hidden_size': 32, 'signal_len': 8, 'cheb_order': 3, 's': 4.259507829639596, 'batch_size': 128, 'k': 2}
Trial 552 finished with value 0.198613358 | dataset=ili | model=ufgtime_plus | val_MSE=0.024894257 | test_MSE=0.076544464 | MAE=0.198613358 | RMSE=0.276666702 | MAPE=72.647090627% | params={'learning_rate': 0.03579073835036621, 'decay_rate': 0.000893614686732617, 'hidden_size': 64, 'signal_len': 8, 'cheb_order': 3, 's': 9.022003654159302, 'batch_size': 128, 'k': 2}
Trial 553 finished with value 0.224388370 | dataset=ili | model=ufgtime_plus | val_MSE=0.037402405 | test_MSE=0.102645884 | MAE=0.224388370 | RMSE=0.320383963 | MAPE=65.225671571% | params={'learning_rate': 0.0340305275282818, 'decay_rate': 0.00176222359668965, 'hidden_size': 32, 'signal_len': 8, 'cheb_order': 3, 's': 5.358605731132629, 'batch_size': 128, 'k': 2}
Trial 554 finished with value 0.235333238 | dataset=ili | model=ufgtime_plus | val_MSE=0.041363441 | test_MSE=0.107960744 | MAE=0.235333238 | RMSE=0.328573802 | MAPE=69.972158825% | params={'learning_rate': 0.03531246687678074, 'decay_rate': 0.0033826158041106655, 'hidden_size': 32, 'signal_len': 8, 'cheb_order': 3, 's': 3.788725320475617, 'batch_size': 128, 'k': 2}
Trial 555 finished with value 0.191363047 | dataset=ili | model=ufgtime_plus | val_MSE=0.025490350 | test_MSE=0.079600903 | MAE=0.191363047 | RMSE=0.282136320 | MAPE=66.910756275% | params={'learning_rate': 0.03293689050780594, 'decay_rate': 0.000879025671246524, 'hidden_size': 32, 'signal_len': 8, 'cheb_order': 3, 's': 4.014871572914199, 'batch_size': 128, 'k': 2}
Trial 556 finished with value 0.205934418 | dataset=ili | model=ufgtime_plus | val_MSE=0.027741045 | test_MSE=0.087637492 | MAE=0.205934418 | RMSE=0.296036302 | MAPE=73.172176238% | params={'learning_rate': 0.03362676278845203, 'decay_rate': 0.0015925927668226383, 'hidden_size': 32, 'signal_len': 8, 'cheb_order': 3, 's': 5.559930147418348, 'batch_size': 128, 'k': 2}
Trial 557 finished with value 0.248992643 | dataset=ili | model=ufgtime_plus | val_MSE=0.043143378 | test_MSE=0.121568143 | MAE=0.248992643 | RMSE=0.348666235 | MAPE=67.176442411% | params={'learning_rate': 0.032323027082663304, 'decay_rate': 0.002714376555831366, 'hidden_size': 32, 'signal_len': 16, 'cheb_order': 2, 's': 4.175736379746275, 'batch_size': 128, 'k': 2}
Trial 558 finished with value 0.181717052 | dataset=ili | model=ufgtime_plus | val_MSE=0.024992830 | test_MSE=0.075395011 | MAE=0.181717052 | RMSE=0.274581519 | MAPE=63.590918008% | params={'learning_rate': 0.03723019893022589, 'decay_rate': 0.0008885580604449288, 'hidden_size': 32, 'signal_len': 8, 'cheb_order': 3, 's': 4.321821086253488, 'batch_size': 128, 'k': 2}
Trial 559 finished with value 0.306675267 | dataset=ili | model=ufgtime_plus | val_MSE=0.048903950 | test_MSE=0.154299605 | MAE=0.306675267 | RMSE=0.392809884 | MAPE=89.613737389% | params={'learning_rate': 0.03781982128906207, 'decay_rate': 0.02839433060062161, 'hidden_size': 32, 'signal_len': 8, 'cheb_order': 3, 's': 4.353217364191444, 'batch_size': 128, 'k': 2}
Trial 560 finished with value 0.208405225 | dataset=ili | model=ufgtime_plus | val_MSE=0.023499719 | test_MSE=0.085041128 | MAE=0.208405225 | RMSE=0.291618121 | MAPE=83.731320547% | params={'learning_rate': 0.03513548164648568, 'decay_rate': 1.9851583554263922e-05, 'hidden_size': 32, 'signal_len': 8, 'cheb_order': 3, 's': 4.073695686435611, 'batch_size': 128, 'k': 2}
Trial 561 finished with value 0.209613087 | dataset=ili | model=ufgtime_plus | val_MSE=0.036025941 | test_MSE=0.088483475 | MAE=0.209613087 | RMSE=0.297461721 | MAPE=71.002384289% | params={'learning_rate': 0.03587106606217941, 'decay_rate': 0.0017149498104534016, 'hidden_size': 64, 'signal_len': 8, 'cheb_order': 3, 's': 4.21824573206122, 'batch_size': 128, 'k': 2}
Trial 562 finished with value 0.241315684 | dataset=ili | model=ufgtime_plus | val_MSE=0.041914732 | test_MSE=0.112544106 | MAE=0.241315684 | RMSE=0.335475940 | MAPE=76.574319510% | params={'learning_rate': 0.03688354882907086, 'decay_rate': 0.004438819501435407, 'hidden_size': 32, 'signal_len': 8, 'cheb_order': 3, 's': 4.423714974240453, 'batch_size': 128, 'k': 2}
Trial 563 finished with value 0.187090355 | dataset=ili | model=ufgtime_plus | val_MSE=0.025093429 | test_MSE=0.076906235 | MAE=0.187090355 | RMSE=0.277319734 | MAPE=59.935041854% | params={'learning_rate': 0.038094559595150186, 'decay_rate': 0.0009775511629016127, 'hidden_size': 32, 'signal_len': 8, 'cheb_order': 3, 's': 4.350944737886022, 'batch_size': 128, 'k': 2}
Trial 564 finished with value 0.237371814 | dataset=ili | model=ufgtime_plus | val_MSE=0.041885346 | test_MSE=0.111670428 | MAE=0.237371814 | RMSE=0.334171256 | MAPE=72.795083059% | params={'learning_rate': 0.038102084428974226, 'decay_rate': 0.0031798687186188773, 'hidden_size': 32, 'signal_len': 8, 'cheb_order': 3, 's': 4.363694077185367, 'batch_size': 128, 'k': 2}
Trial 565 finished with value 0.228603951 | dataset=ili | model=ufgtime_plus | val_MSE=0.037769460 | test_MSE=0.106376980 | MAE=0.228603951 | RMSE=0.326154841 | MAPE=66.750201598% | params={'learning_rate': 0.03887382971096687, 'decay_rate': 0.0021303389239417433, 'hidden_size': 32, 'signal_len': 8, 'cheb_order': 3, 's': 4.325563810322684, 'batch_size': 128, 'k': 6}
Trial 566 finished with value 0.178773086 | dataset=ili | model=ufgtime_plus | val_MSE=0.025929230 | test_MSE=0.073919381 | MAE=0.178773086 | RMSE=0.271881189 | MAPE=60.321250786% | params={'learning_rate': 0.03503821400551236, 'decay_rate': 0.0009849709962954116, 'hidden_size': 32, 'signal_len': 8, 'cheb_order': 3, 's': 4.028472362429508, 'batch_size': 128, 'k': 2}
Trial 567 finished with value 0.222224038 | dataset=ili | model=ufgtime_plus | val_MSE=0.039125061 | test_MSE=0.101513456 | MAE=0.222224038 | RMSE=0.318611764 | MAPE=68.155822908% | params={'learning_rate': 0.038140125443204505, 'decay_rate': 0.0025399390625736777, 'hidden_size': 32, 'signal_len': 8, 'cheb_order': 3, 's': 3.9565416769419457, 'batch_size': 128, 'k': 2}
Trial 568 finished with value 0.191847011 | dataset=ili | model=ufgtime_plus | val_MSE=0.025975799 | test_MSE=0.074286345 | MAE=0.191847011 | RMSE=0.272555214 | MAPE=76.158581307% | params={'learning_rate': 0.03725023920110763, 'decay_rate': 0.0014937923688832634, 'hidden_size': 64, 'signal_len': 8, 'cheb_order': 3, 's': 3.6443164540901614, 'batch_size': 128, 'k': 2}
Trial 569 finished with value 0.239599212 | dataset=ili | model=ufgtime_plus | val_MSE=0.041861731 | test_MSE=0.113570619 | MAE=0.239599212 | RMSE=0.337002403 | MAPE=75.011855633% | params={'learning_rate': 0.035026927893850625, 'decay_rate': 0.0038323074298498173, 'hidden_size': 32, 'signal_len': 8, 'cheb_order': 3, 's': 4.145166567218723, 'batch_size': 128, 'k': 2}
Trial 570 finished with value 0.204393605 | dataset=ili | model=ufgtime_plus | val_MSE=0.025694060 | test_MSE=0.087174099 | MAE=0.204393605 | RMSE=0.295252602 | MAPE=61.727410122% | params={'learning_rate': 0.036666707465671425, 'decay_rate': 0.0009378269188888908, 'hidden_size': 32, 'signal_len': 8, 'cheb_order': 3, 's': 4.020596640754808, 'batch_size': 128, 'k': 2}
Trial 571 finished with value 0.227672298 | dataset=ili | model=ufgtime_plus | val_MSE=0.039043844 | test_MSE=0.104999988 | MAE=0.227672298 | RMSE=0.324037017 | MAPE=68.670024014% | params={'learning_rate': 0.036409270818004304, 'decay_rate': 0.002360134845692881, 'hidden_size': 16, 'signal_len': 8, 'cheb_order': 3, 's': 4.22467497390762, 'batch_size': 128, 'k': 2}
Trial 572 finished with value 0.308011175 | dataset=ili | model=ufgtime_plus | val_MSE=0.052533151 | test_MSE=0.174611932 | MAE=0.308011175 | RMSE=0.417865926 | MAPE=70.085067100% | params={'learning_rate': 0.03476814548307177, 'decay_rate': 0.04072783693969355, 'hidden_size': 32, 'signal_len': 8, 'cheb_order': 3, 's': 3.8467672546639093, 'batch_size': 128, 'k': 2}
Trial 573 finished with value 0.193293967 | dataset=ili | model=ufgtime_plus | val_MSE=0.025652924 | test_MSE=0.079941334 | MAE=0.193293967 | RMSE=0.282738986 | MAPE=73.807735361% | params={'learning_rate': 0.036149052937701646, 'decay_rate': 0.000929805015151714, 'hidden_size': 16, 'signal_len': 8, 'cheb_order': 3, 's': 4.3426595827109145, 'batch_size': 128, 'k': 2}
Trial 574 finished with value 0.209582929 | dataset=ili | model=ufgtime_plus | val_MSE=0.034137649 | test_MSE=0.088771748 | MAE=0.209582929 | RMSE=0.297945881 | MAPE=70.934065085% | params={'learning_rate': 0.03749990759436411, 'decay_rate': 0.0017041210794954613, 'hidden_size': 32, 'signal_len': 8, 'cheb_order': 3, 's': 3.7088921984184413, 'batch_size': 128, 'k': 2}
Trial 575 finished with value 0.194769929 | dataset=ili | model=ufgtime_plus | val_MSE=0.024853570 | test_MSE=0.082785816 | MAE=0.194769929 | RMSE=0.287725244 | MAPE=61.327141697% | params={'learning_rate': 0.033780314975763046, 'decay_rate': 0.0009333998908367855, 'hidden_size': 32, 'signal_len': 8, 'cheb_order': 3, 's': 4.083641613137343, 'batch_size': 128, 'k': 2}
Trial 576 finished with value 0.235837221 | dataset=ili | model=ufgtime_plus | val_MSE=0.041443655 | test_MSE=0.107425047 | MAE=0.235837221 | RMSE=0.327757604 | MAPE=80.657671840% | params={'learning_rate': 0.03474346532934274, 'decay_rate': 0.0032698878767909658, 'hidden_size': 16, 'signal_len': 8, 'cheb_order': 2, 's': 3.9623994983050643, 'batch_size': 128, 'k': 2}
Trial 577 finished with value 0.201223279 | dataset=ili | model=ufgtime_plus | val_MSE=0.021491859 | test_MSE=0.083367776 | MAE=0.201223279 | RMSE=0.288734785 | MAPE=75.706203130% | params={'learning_rate': 0.03642418003720278, 'decay_rate': 3.427727812444891e-05, 'hidden_size': 32, 'signal_len': 8, 'cheb_order': 3, 's': 4.374707263562643, 'batch_size': 128, 'k': 2}
Trial 578 finished with value 0.218963717 | dataset=ili | model=ufgtime_plus | val_MSE=0.028988153 | test_MSE=0.086913282 | MAE=0.218963717 | RMSE=0.294810586 | MAPE=83.328922773% | params={'learning_rate': 0.03537735298620848, 'decay_rate': 0.0023515910184179045, 'hidden_size': 16, 'signal_len': 8, 'cheb_order': 3, 's': 4.4891870262701445, 'batch_size': 128, 'k': 2}
Trial 579 finished with value 0.215169746 | dataset=ili | model=ufgtime_plus | val_MSE=0.035865358 | test_MSE=0.094754363 | MAE=0.215169746 | RMSE=0.307821967 | MAPE=68.773014167% | params={'learning_rate': 0.033176887856673554, 'decay_rate': 0.0016945935410651448, 'hidden_size': 32, 'signal_len': 8, 'cheb_order': 3, 's': 4.2232938254607735, 'batch_size': 128, 'k': 2}
Trial 580 finished with value 0.240667513 | dataset=ili | model=ufgtime_plus | val_MSE=0.042137356 | test_MSE=0.109750348 | MAE=0.240667513 | RMSE=0.331285900 | MAPE=81.055700614% | params={'learning_rate': 0.0380269438597115, 'decay_rate': 0.004851602731655243, 'hidden_size': 64, 'signal_len': 8, 'cheb_order': 3, 's': 3.470521786440732, 'batch_size': 128, 'k': 2}
Trial 581 finished with value 0.307038965 | dataset=ili | model=ufgtime_plus | val_MSE=0.053359654 | test_MSE=0.162127539 | MAE=0.307038965 | RMSE=0.402650642 | MAPE=79.642252846% | params={'learning_rate': 0.03700532032922327, 'decay_rate': 0.02313336163223172, 'hidden_size': 32, 'signal_len': 8, 'cheb_order': 3, 's': 8.082682378042312, 'batch_size': 128, 'k': 2}
Trial 582 finished with value 0.188551873 | dataset=ili | model=ufgtime_plus | val_MSE=0.026172611 | test_MSE=0.080998876 | MAE=0.188551873 | RMSE=0.284603014 | MAPE=57.689790375% | params={'learning_rate': 0.031750170691543914, 'decay_rate': 0.0008630756145474776, 'hidden_size': 16, 'signal_len': 8, 'cheb_order': 3, 's': 3.7598771781923372, 'batch_size': 128, 'k': 2}
Trial 583 finished with value 0.233864481 | dataset=ili | model=ufgtime_plus | val_MSE=0.040865998 | test_MSE=0.107801843 | MAE=0.233864481 | RMSE=0.328331909 | MAPE=76.863875757% | params={'learning_rate': 0.0387319007012057, 'decay_rate': 0.0030410652237562235, 'hidden_size': 32, 'signal_len': 8, 'cheb_order': 3, 's': 4.638887090480074, 'batch_size': 128, 'k': 2}
Trial 584 finished with value 0.204671883 | dataset=ili | model=ufgtime_plus | val_MSE=0.025233842 | test_MSE=0.085609966 | MAE=0.204671883 | RMSE=0.292591807 | MAPE=62.189215316% | params={'learning_rate': 0.03420893157333912, 'decay_rate': 0.0008881732628319104, 'hidden_size': 16, 'signal_len': 8, 'cheb_order': 3, 's': 4.104946587935815, 'batch_size': 128, 'k': 2}
Trial 585 finished with value 0.220433613 | dataset=ili | model=ufgtime_plus | val_MSE=0.038241790 | test_MSE=0.101206609 | MAE=0.220433613 | RMSE=0.318129863 | MAPE=66.599996626% | params={'learning_rate': 0.036516314593898674, 'decay_rate': 0.0020617631451132976, 'hidden_size': 32, 'signal_len': 8, 'cheb_order': 3, 's': 3.8663993189912875, 'batch_size': 128, 'k': 2}
Trial 586 finished with value 0.259174598 | dataset=ili | model=ufgtime_plus | val_MSE=0.050963932 | test_MSE=0.128717711 | MAE=0.259174598 | RMSE=0.358772506 | MAPE=89.571081246% | params={'learning_rate': 0.03533163697062967, 'decay_rate': 0.00997016573705204, 'hidden_size': 32, 'signal_len': 8, 'cheb_order': 3, 's': 4.24024141751892, 'batch_size': 128, 'k': 2}
Trial 587 finished with value 0.199119205 | dataset=ili | model=ufgtime_plus | val_MSE=0.025282614 | test_MSE=0.085361173 | MAE=0.199119205 | RMSE=0.292166345 | MAPE=62.019030078% | params={'learning_rate': 0.03802455214629582, 'decay_rate': 0.0007923589762975649, 'hidden_size': 16, 'signal_len': 8, 'cheb_order': 3, 's': 4.0003498832877655, 'batch_size': 128, 'k': 2}
Trial 588 finished with value 0.284329258 | dataset=ili | model=ufgtime_plus | val_MSE=0.053784438 | test_MSE=0.137323283 | MAE=0.284329258 | RMSE=0.370571563 | MAPE=102.453108210% | params={'learning_rate': 0.033245183899546574, 'decay_rate': 0.026376812800315265, 'hidden_size': 32, 'signal_len': 8, 'cheb_order': 3, 's': 4.497988082498743, 'batch_size': 32, 'k': 2}
