Trial 767 finished with value 0.154660255 | dataset=nasdaq | model=ufgtime_plus | val_MSE=0.006245668 | test_MSE=0.033438100 | MAE=0.154660255 | RMSE=0.182860877 | MAPE=16.425951517% | params={'learning_rate': 0.027140811903123303, 'decay_rate': 0.00217282329008705, 'hidden_size': 16, 'signal_len': 16, 'cheb_order': 2, 's': 8.295888779366836, 'batch_size': 16, 'k': 4}
Trial 768 finished with value 0.128833916 | dataset=nasdaq | model=ufgtime_plus | val_MSE=0.005483264 | test_MSE=0.024974706 | MAE=0.128833916 | RMSE=0.158033877 | MAPE=14.134416207% | params={'learning_rate': 0.028420645891230903, 'decay_rate': 0.0010184856315003708, 'hidden_size': 64, 'signal_len': 16, 'cheb_order': 2, 's': 8.698883858524258, 'batch_size': 16, 'k': 3}
Trial 769 finished with value 0.073193235 | dataset=nasdaq | model=ufgtime_plus | val_MSE=0.003237147 | test_MSE=0.011466919 | MAE=0.073193235 | RMSE=0.107083702 | MAPE=7.662918581% | params={'learning_rate': 0.02658725274191853, 'decay_rate': 2.434374393152457e-05, 'hidden_size': 16, 'signal_len': 16, 'cheb_order': 3, 's': 7.566402266332501, 'batch_size': 16, 'k': 4}
Trial 770 finished with value 0.143185176 | dataset=nasdaq | model=ufgtime_plus | val_MSE=0.006422106 | test_MSE=0.029152665 | MAE=0.143185176 | RMSE=0.170741516 | MAPE=15.869399788% | params={'learning_rate': 0.02498581793768613, 'decay_rate': 0.001713013628502991, 'hidden_size': 16, 'signal_len': 16, 'cheb_order': 2, 's': 8.425889499453433, 'batch_size': 16, 'k': 4}
Trial 771 finished with value 0.126751259 | dataset=nasdaq | model=ufgtime_plus | val_MSE=0.005319498 | test_MSE=0.025169742 | MAE=0.126751259 | RMSE=0.158649747 | MAPE=13.492386172% | params={'learning_rate': 0.02376696604668293, 'decay_rate': 0.0008992424015296253, 'hidden_size': 16, 'signal_len': 16, 'cheb_order': 2, 's': 8.068634717790957, 'batch_size': 16, 'k': 4}
Trial 772 finished with value 0.062440650 | dataset=nasdaq | model=ufgtime_plus | val_MSE=0.003095970 | test_MSE=0.008994431 | MAE=0.062440650 | RMSE=0.094838972 | MAPE=6.553640603% | params={'learning_rate': 0.028330270555195006, 'decay_rate': 2.9721307536741738e-05, 'hidden_size': 16, 'signal_len': 16, 'cheb_order': 2, 's': 7.460158834018767, 'batch_size': 16, 'k': 4}
Trial 773 finished with value 0.158723586 | dataset=nasdaq | model=ufgtime_plus | val_MSE=0.006448259 | test_MSE=0.034794366 | MAE=0.158723586 | RMSE=0.186532479 | MAPE=16.878821310% | params={'learning_rate': 0.02877590652793193, 'decay_rate': 0.0029513266941301724, 'hidden_size': 16, 'signal_len': 16, 'cheb_order': 2, 's': 7.432455953864721, 'batch_size': 16, 'k': 4}
Trial 774 finished with value 0.067834956 | dataset=nasdaq | model=ufgtime_plus | val_MSE=0.003007053 | test_MSE=0.009747395 | MAE=0.067834956 | RMSE=0.098728899 | MAPE=7.471938092% | params={'learning_rate': 0.0284595889627283, 'decay_rate': 3.075558777935868e-05, 'hidden_size': 16, 'signal_len': 16, 'cheb_order': 2, 's': 7.586871561347982, 'batch_size': 16, 'k': 4}
Trial 775 finished with value 0.148142840 | dataset=nasdaq | model=ufgtime_plus | val_MSE=0.006292196 | test_MSE=0.031224026 | MAE=0.148142840 | RMSE=0.176703214 | MAPE=15.994100586% | params={'learning_rate': 0.027863338962387164, 'decay_rate': 0.0016631530305539245, 'hidden_size': 16, 'signal_len': 16, 'cheb_order': 2, 's': 7.386125346167697, 'batch_size': 16, 'k': 4}
Trial 776 finished with value 0.178642323 | dataset=nasdaq | model=ufgtime_plus | val_MSE=0.007322004 | test_MSE=0.042374018 | MAE=0.178642323 | RMSE=0.205849502 | MAPE=18.835529067% | params={'learning_rate': 0.02999681043504224, 'decay_rate': 0.02369264084876529, 'hidden_size': 16, 'signal_len': 16, 'cheb_order': 2, 's': 7.709066343121551, 'batch_size': 16, 'k': 4}
Trial 777 finished with value 0.123583497 | dataset=nasdaq | model=ufgtime_plus | val_MSE=0.005220699 | test_MSE=0.024150738 | MAE=0.123583497 | RMSE=0.155405076 | MAPE=13.214459162% | params={'learning_rate': 0.03329501461539058, 'decay_rate': 0.0008362799359006611, 'hidden_size': 16, 'signal_len': 16, 'cheb_order': 2, 's': 1.5646645042790541, 'batch_size': 16, 'k': 4}
Trial 778 finished with value 0.069804139 | dataset=nasdaq | model=ufgtime_plus | val_MSE=0.003208998 | test_MSE=0.010074321 | MAE=0.069804139 | RMSE=0.100370917 | MAPE=7.309087046% | params={'learning_rate': 0.02901812519318079, 'decay_rate': 3.389478196073635e-05, 'hidden_size': 16, 'signal_len': 16, 'cheb_order': 2, 's': 7.280946169345738, 'batch_size': 16, 'k': 4}
Trial 779 finished with value 0.152088781 | dataset=nasdaq | model=ufgtime_plus | val_MSE=0.006380130 | test_MSE=0.033016468 | MAE=0.152088781 | RMSE=0.181704343 | MAPE=16.168498807% | params={'learning_rate': 0.027606953946994927, 'decay_rate': 0.001966257780727603, 'hidden_size': 16, 'signal_len': 16, 'cheb_order': 2, 's': 7.557004532099679, 'batch_size': 32, 'k': 4}
Trial 780 finished with value 0.159547476 | dataset=nasdaq | model=ufgtime_plus | val_MSE=0.006565836 | test_MSE=0.035350932 | MAE=0.159547476 | RMSE=0.188018435 | MAPE=16.786346112% | params={'learning_rate': 0.02915819824299859, 'decay_rate': 0.002717999473721242, 'hidden_size': 16, 'signal_len': 16, 'cheb_order': 2, 's': 7.8627846652890865, 'batch_size': 16, 'k': 4}
Trial 781 finished with value 0.065769641 | dataset=nasdaq | model=ufgtime_plus | val_MSE=0.002800614 | test_MSE=0.009554073 | MAE=0.065769641 | RMSE=0.097744938 | MAPE=7.059472137% | params={'learning_rate': 0.02793348970894336, 'decay_rate': 1.3817678321828174e-05, 'hidden_size': 16, 'signal_len': 16, 'cheb_order': 2, 's': 7.415751739600076, 'batch_size': 16, 'k': 4}
Trial 782 finished with value 0.166772470 | dataset=nasdaq | model=ufgtime_plus | val_MSE=0.006721319 | test_MSE=0.037559724 | MAE=0.166772470 | RMSE=0.193803312 | MAPE=17.778137933% | params={'learning_rate': 0.030943251029833734, 'decay_rate': 0.0040306615895727965, 'hidden_size': 16, 'signal_len': 16, 'cheb_order': 2, 's': 7.30537450186793, 'batch_size': 16, 'k': 4}
Trial 783 finished with value 0.192284458 | dataset=nasdaq | model=ufgtime_plus | val_MSE=0.010470299 | test_MSE=0.050522891 | MAE=0.192284458 | RMSE=0.224772976 | MAPE=18.967577899% | params={'learning_rate': 0.027283092762108392, 'decay_rate': 0.020695959930115738, 'hidden_size': 16, 'signal_len': 16, 'cheb_order': 3, 's': 7.7192428818313505, 'batch_size': 128, 'k': 4}
Trial 784 finished with value 0.128348968 | dataset=nasdaq | model=ufgtime_plus | val_MSE=0.005334930 | test_MSE=0.025052660 | MAE=0.128348968 | RMSE=0.158280321 | MAPE=13.885751438% | params={'learning_rate': 0.029023410916489877, 'decay_rate': 0.0009763888724997192, 'hidden_size': 16, 'signal_len': 16, 'cheb_order': 2, 's': 7.184273202208519, 'batch_size': 16, 'k': 4}
Trial 785 finished with value 0.146580356 | dataset=nasdaq | model=ufgtime_plus | val_MSE=0.006144484 | test_MSE=0.030882612 | MAE=0.146580356 | RMSE=0.175734493 | MAPE=15.771925983% | params={'learning_rate': 0.005898241290827413, 'decay_rate': 0.0017011879594291993, 'hidden_size': 32, 'signal_len': 16, 'cheb_order': 2, 's': 7.4657797056033255, 'batch_size': 16, 'k': 3}
Trial 786 finished with value 0.064605229 | dataset=nasdaq | model=ufgtime_plus | val_MSE=0.003161942 | test_MSE=0.009511060 | MAE=0.064605229 | RMSE=0.097524664 | MAPE=6.697893707% | params={'learning_rate': 0.028210642309788463, 'decay_rate': 1.989330830850145e-05, 'hidden_size': 16, 'signal_len': 16, 'cheb_order': 2, 's': 7.596659311642057, 'batch_size': 16, 'k': 4}
Trial 787 finished with value 0.131368162 | dataset=nasdaq | model=ufgtime_plus | val_MSE=0.005473302 | test_MSE=0.026444059 | MAE=0.131368162 | RMSE=0.162616293 | MAPE=13.903688748% | params={'learning_rate': 0.029782523047040658, 'decay_rate': 0.001000020219833498, 'hidden_size': 16, 'signal_len': 16, 'cheb_order': 2, 's': 7.625832347383405, 'batch_size': 16, 'k': 4}
Trial 788 finished with value 0.158986318 | dataset=nasdaq | model=ufgtime_plus | val_MSE=0.006597308 | test_MSE=0.035339041 | MAE=0.158986318 | RMSE=0.187986810 | MAPE=16.629195525% | params={'learning_rate': 0.028294578836293185, 'decay_rate': 0.0023824952297823135, 'hidden_size': 16, 'signal_len': 16, 'cheb_order': 2, 's': 7.8451491354405025, 'batch_size': 16, 'k': 4}
Trial 789 finished with value 0.126250717 | dataset=nasdaq | model=ufgtime_plus | val_MSE=0.005394141 | test_MSE=0.025048444 | MAE=0.126250717 | RMSE=0.158267004 | MAPE=13.515992591% | params={'learning_rate': 0.02864964318700474, 'decay_rate': 0.0009162941685399145, 'hidden_size': 16, 'signal_len': 16, 'cheb_order': 2, 's': 7.690426303019756, 'batch_size': 16, 'k': 4}
Trial 790 finished with value 0.130846402 | dataset=nasdaq | model=ufgtime_plus | val_MSE=0.005502604 | test_MSE=0.026614383 | MAE=0.130846402 | RMSE=0.163139151 | MAPE=13.788087092% | params={'learning_rate': 0.029952633905228968, 'decay_rate': 0.0009398210152584326, 'hidden_size': 16, 'signal_len': 16, 'cheb_order': 2, 's': 7.543893896958513, 'batch_size': 16, 'k': 4}
Trial 791 finished with value 0.151858254 | dataset=nasdaq | model=ufgtime_plus | val_MSE=0.006282718 | test_MSE=0.032963122 | MAE=0.151858254 | RMSE=0.181557489 | MAPE=16.020752878% | params={'learning_rate': 0.027725487062528666, 'decay_rate': 0.0019269276743521019, 'hidden_size': 64, 'signal_len': 16, 'cheb_order': 2, 's': 7.893887174265324, 'batch_size': 16, 'k': 4}
Trial 792 finished with value 0.062309111 | dataset=nasdaq | model=ufgtime_plus | val_MSE=0.002924472 | test_MSE=0.009005402 | MAE=0.062309111 | RMSE=0.094896795 | MAPE=6.699003274% | params={'learning_rate': 0.02690240828953374, 'decay_rate': 2.2672827427056622e-05, 'hidden_size': 16, 'signal_len': 16, 'cheb_order': 2, 's': 7.4765307158539285, 'batch_size': 16, 'k': 4}
Trial 793 finished with value 0.159150242 | dataset=nasdaq | model=ufgtime_plus | val_MSE=0.006417372 | test_MSE=0.034620381 | MAE=0.159150242 | RMSE=0.186065530 | MAPE=17.067015190% | params={'learning_rate': 0.026801490442001707, 'decay_rate': 0.003004207591758351, 'hidden_size': 16, 'signal_len': 16, 'cheb_order': 2, 's': 7.549907062141164, 'batch_size': 16, 'k': 4}
Trial 794 finished with value 0.129080040 | dataset=nasdaq | model=ufgtime_plus | val_MSE=0.005799904 | test_MSE=0.025805440 | MAE=0.129080040 | RMSE=0.160640717 | MAPE=13.970379107% | params={'learning_rate': 0.02689658826782745, 'decay_rate': 0.0009183677513677685, 'hidden_size': 16, 'signal_len': 16, 'cheb_order': 2, 's': 7.680612953138723, 'batch_size': 16, 'k': 4}
Trial 795 finished with value 0.134038176 | dataset=nasdaq | model=ufgtime_plus | val_MSE=0.005550198 | test_MSE=0.027039498 | MAE=0.134038176 | RMSE=0.164436912 | MAPE=14.137990725% | params={'learning_rate': 0.02647570029992887, 'decay_rate': 0.0009157798669139605, 'hidden_size': 16, 'signal_len': 16, 'cheb_order': 2, 's': 7.850715849989472, 'batch_size': 16, 'k': 4}
Trial 796 finished with value 0.150008910 | dataset=nasdaq | model=ufgtime_plus | val_MSE=0.006139979 | test_MSE=0.031343548 | MAE=0.150008910 | RMSE=0.177041092 | MAPE=16.144169841% | params={'learning_rate': 0.02785147497334524, 'decay_rate': 0.0018843270250604052, 'hidden_size': 16, 'signal_len': 16, 'cheb_order': 3, 's': 4.674940246674057, 'batch_size': 16, 'k': 4}
Trial 797 finished with value 0.071613720 | dataset=nasdaq | model=ufgtime_plus | val_MSE=0.003301511 | test_MSE=0.010697630 | MAE=0.071613720 | RMSE=0.103429349 | MAPE=7.295070140% | params={'learning_rate': 0.027034707267143805, 'decay_rate': 6.935718299477348e-05, 'hidden_size': 16, 'signal_len': 16, 'cheb_order': 2, 's': 7.415201760666295, 'batch_size': 16, 'k': 4}
Trial 798 finished with value 0.162200747 | dataset=nasdaq | model=ufgtime_plus | val_MSE=0.006548458 | test_MSE=0.035822201 | MAE=0.162200747 | RMSE=0.189267539 | MAPE=17.302293523% | params={'learning_rate': 0.026030663273788796, 'decay_rate': 0.0035858332717005827, 'hidden_size': 16, 'signal_len': 16, 'cheb_order': 2, 's': 7.234926309442619, 'batch_size': 16, 'k': 4}
Trial 799 finished with value 0.177745897 | dataset=nasdaq | model=ufgtime_plus | val_MSE=0.007508526 | test_MSE=0.041658172 | MAE=0.177745897 | RMSE=0.204103337 | MAPE=19.145960735% | params={'learning_rate': 0.027660839533194707, 'decay_rate': 0.04057982689456438, 'hidden_size': 16, 'signal_len': 16, 'cheb_order': 2, 's': 7.772599652307406, 'batch_size': 16, 'k': 4}
Trial 800 finished with value 0.073301931 | dataset=nasdaq | model=ufgtime_plus | val_MSE=0.003020783 | test_MSE=0.011832227 | MAE=0.073301931 | RMSE=0.108776041 | MAPE=7.505375483% | params={'learning_rate': 0.025875052389646006, 'decay_rate': 2.1088495345110228e-05, 'hidden_size': 16, 'signal_len': 16, 'cheb_order': 2, 's': 7.482922008456989, 'batch_size': 16, 'k': 4}
Trial 801 finished with value 0.145250568 | dataset=nasdaq | model=ufgtime_plus | val_MSE=0.005823849 | test_MSE=0.030360329 | MAE=0.145250568 | RMSE=0.174242155 | MAPE=15.306141276% | params={'learning_rate': 0.02827821821201763, 'decay_rate': 0.0014731581380894355, 'hidden_size': 16, 'signal_len': 16, 'cheb_order': 2, 's': 7.578636736850013, 'batch_size': 16, 'k': 4}
Trial 802 finished with value 0.070832691 | dataset=nasdaq | model=ufgtime_plus | val_MSE=0.003333652 | test_MSE=0.010500753 | MAE=0.070832691 | RMSE=0.102473180 | MAPE=7.183539464% | params={'learning_rate': 0.026897096731204332, 'decay_rate': 3.772675981621293e-05, 'hidden_size': 16, 'signal_len': 16, 'cheb_order': 2, 's': 8.080964686597516, 'batch_size': 16, 'k': 4}
Trial 803 finished with value 0.154154756 | dataset=nasdaq | model=ufgtime_plus | val_MSE=0.006300311 | test_MSE=0.032790377 | MAE=0.154154756 | RMSE=0.181081133 | MAPE=16.758229149% | params={'learning_rate': 0.028545678127440147, 'decay_rate': 0.002430546605688444, 'hidden_size': 16, 'signal_len': 16, 'cheb_order': 2, 's': 7.161711284136479, 'batch_size': 16, 'k': 4}
Trial 804 finished with value 0.123038109 | dataset=nasdaq | model=ufgtime_plus | val_MSE=0.005488640 | test_MSE=0.024066321 | MAE=0.123038109 | RMSE=0.155133238 | MAPE=13.330507083% | params={'learning_rate': 0.027309534745822123, 'decay_rate': 0.0009278061917849605, 'hidden_size': 16, 'signal_len': 16, 'cheb_order': 2, 's': 8.012632901505947, 'batch_size': 16, 'k': 4}
Trial 805 finished with value 0.149589850 | dataset=nasdaq | model=ufgtime_plus | val_MSE=0.006578388 | test_MSE=0.032569358 | MAE=0.149589850 | RMSE=0.180469825 | MAPE=15.873296619% | params={'learning_rate': 0.026008101641955963, 'decay_rate': 0.001628260328108067, 'hidden_size': 16, 'signal_len': 16, 'cheb_order': 2, 's': 1.1240588372055422, 'batch_size': 256, 'k': 4}
Trial 806 finished with value 0.125106374 | dataset=nasdaq | model=ufgtime_plus | val_MSE=0.005317297 | test_MSE=0.024250655 | MAE=0.125106374 | RMSE=0.155726219 | MAPE=13.557888079% | params={'learning_rate': 0.02913939352905972, 'decay_rate': 0.000901495322724223, 'hidden_size': 16, 'signal_len': 16, 'cheb_order': 2, 's': 7.756225422901953, 'batch_size': 16, 'k': 4}
Trial 807 finished with value 0.150296263 | dataset=nasdaq | model=ufgtime_plus | val_MSE=0.006576115 | test_MSE=0.031464299 | MAE=0.150296263 | RMSE=0.177381788 | MAPE=16.575020949% | params={'learning_rate': 0.027708861119728367, 'decay_rate': 0.0022802200681507783, 'hidden_size': 16, 'signal_len': 16, 'cheb_order': 3, 's': 7.345701623017524, 'batch_size': 16, 'k': 4}
Trial 808 finished with value 0.072645254 | dataset=nasdaq | model=ufgtime_plus | val_MSE=0.003062887 | test_MSE=0.011645741 | MAE=0.072645254 | RMSE=0.107915432 | MAPE=7.458168900% | params={'learning_rate': 0.026341510586655265, 'decay_rate': 2.1999690313125216e-05, 'hidden_size': 16, 'signal_len': 16, 'cheb_order': 2, 's': 3.6596867282017973, 'batch_size': 16, 'k': 4}
Trial 809 finished with value 0.171558387 | dataset=nasdaq | model=ufgtime_plus | val_MSE=0.007151151 | test_MSE=0.038696689 | MAE=0.171558387 | RMSE=0.196714741 | MAPE=18.801201410% | params={'learning_rate': 0.02515376955389893, 'decay_rate': 0.018861389478499017, 'hidden_size': 32, 'signal_len': 16, 'cheb_order': 2, 's': 7.901479265015222, 'batch_size': 16, 'k': 4}
Trial 810 finished with value 0.134013576 | dataset=nasdaq | model=ufgtime_plus | val_MSE=0.005558299 | test_MSE=0.027408472 | MAE=0.134013576 | RMSE=0.165555041 | MAPE=14.139304740% | params={'learning_rate': 0.028527584235056202, 'decay_rate': 0.0010280340914368212, 'hidden_size': 16, 'signal_len': 16, 'cheb_order': 2, 's': 7.483028079282803, 'batch_size': 16, 'k': 4}
Trial 811 finished with value 0.144949417 | dataset=nasdaq | model=ufgtime_plus | val_MSE=0.005974759 | test_MSE=0.030301431 | MAE=0.144949417 | RMSE=0.174073062 | MAPE=15.563079630% | params={'learning_rate': 0.02707942353199793, 'decay_rate': 0.001589360917950693, 'hidden_size': 16, 'signal_len': 16, 'cheb_order': 2, 's': 7.167277466994501, 'batch_size': 16, 'k': 4}
Trial 812 finished with value 0.158998326 | dataset=nasdaq | model=ufgtime_plus | val_MSE=0.006493777 | test_MSE=0.034432078 | MAE=0.158998326 | RMSE=0.185558828 | MAPE=17.234836613% | params={'learning_rate': 0.032670467174634274, 'decay_rate': 0.003203339416706508, 'hidden_size': 16, 'signal_len': 16, 'cheb_order': 2, 's': 7.649889769731596, 'batch_size': 16, 'k': 4}
Trial 813 finished with value 0.100165799 | dataset=nasdaq | model=ufgtime_plus | val_MSE=0.005196060 | test_MSE=0.018910535 | MAE=0.100165799 | RMSE=0.137515583 | MAPE=10.789884982% | params={'learning_rate': 0.02582553199767067, 'decay_rate': 2.059935773623596e-05, 'hidden_size': 64, 'signal_len': 16, 'cheb_order': 2, 's': 7.2996553018024795, 'batch_size': 16, 'k': 4}
Trial 814 finished with value 0.128750171 | dataset=nasdaq | model=ufgtime_plus | val_MSE=0.005345375 | test_MSE=0.025626418 | MAE=0.128750171 | RMSE=0.160082536 | MAPE=13.670439297% | params={'learning_rate': 0.031061405128174988, 'decay_rate': 0.0009217013167688041, 'hidden_size': 16, 'signal_len': 16, 'cheb_order': 2, 's': 7.9619311816182385, 'batch_size': 16, 'k': 4}
Trial 815 finished with value 0.149529976 | dataset=nasdaq | model=ufgtime_plus | val_MSE=0.006180163 | test_MSE=0.031888925 | MAE=0.149529976 | RMSE=0.178574703 | MAPE=15.993244818% | params={'learning_rate': 0.027994154521581317, 'decay_rate': 0.0017687159207320378, 'hidden_size': 16, 'signal_len': 16, 'cheb_order': 2, 's': 2.2979911314301344, 'batch_size': 16, 'k': 4}
Trial 816 finished with value 0.125888980 | dataset=nasdaq | model=ufgtime_plus | val_MSE=0.005286834 | test_MSE=0.024733145 | MAE=0.125888980 | RMSE=0.157267750 | MAPE=13.494881885% | params={'learning_rate': 0.029637541322989652, 'decay_rate': 0.0009110692823493757, 'hidden_size': 16, 'signal_len': 16, 'cheb_order': 2, 's': 7.561302684276858, 'batch_size': 16, 'k': 4}
Trial 817 finished with value 0.166919122 | dataset=nasdaq | model=ufgtime_plus | val_MSE=0.006937759 | test_MSE=0.038047816 | MAE=0.166919122 | RMSE=0.195058493 | MAPE=17.706616306% | params={'learning_rate': 0.026867382977775457, 'decay_rate': 0.004995844268898226, 'hidden_size': 16, 'signal_len': 16, 'cheb_order': 2, 's': 7.38543882803014, 'batch_size': 32, 'k': 4}
Trial 818 finished with value 0.193437991 | dataset=nasdaq | model=ufgtime_plus | val_MSE=0.009121536 | test_MSE=0.049815879 | MAE=0.193437991 | RMSE=0.223194710 | MAPE=19.516415115% | params={'learning_rate': 0.028596120018964485, 'decay_rate': 0.046667639974073596, 'hidden_size': 16, 'signal_len': 16, 'cheb_order': 3, 's': 7.159264972968985, 'batch_size': 16, 'k': 4}
Trial 819 finished with value 0.154034691 | dataset=nasdaq | model=ufgtime_plus | val_MSE=0.006331976 | test_MSE=0.032579506 | MAE=0.154034691 | RMSE=0.180497939 | MAPE=16.780201388% | params={'learning_rate': 0.025402151905837528, 'decay_rate': 0.0024637138046772976, 'hidden_size': 16, 'signal_len': 16, 'cheb_order': 2, 's': 7.772062412191777, 'batch_size': 16, 'k': 4}
Trial 820 finished with value 0.126341268 | dataset=nasdaq | model=ufgtime_plus | val_MSE=0.005322838 | test_MSE=0.025000178 | MAE=0.126341268 | RMSE=0.158114447 | MAPE=13.533523839% | params={'learning_rate': 0.027289544302012612, 'decay_rate': 0.0007997223272170218, 'hidden_size': 16, 'signal_len': 16, 'cheb_order': 2, 's': 5.633575098268249, 'batch_size': 16, 'k': 4}
Trial 821 finished with value 0.076780771 | dataset=nasdaq | model=ufgtime_plus | val_MSE=0.003345290 | test_MSE=0.012723290 | MAE=0.076780771 | RMSE=0.112797560 | MAPE=7.907368009% | params={'learning_rate': 0.029415976693198603, 'decay_rate': 1.4165079981706443e-05, 'hidden_size': 16, 'signal_len': 16, 'cheb_order': 2, 's': 5.168459429208869, 'batch_size': 128, 'k': 4}
Trial 822 finished with value 0.075487818 | dataset=nasdaq | model=ufgtime_plus | val_MSE=0.003274732 | test_MSE=0.012038337 | MAE=0.075487818 | RMSE=0.109719357 | MAPE=7.816306024% | params={'learning_rate': 0.026232701375796544, 'decay_rate': 1.6037843800106348e-05, 'hidden_size': 16, 'signal_len': 16, 'cheb_order': 2, 's': 7.058672712807399, 'batch_size': 16, 'k': 4}
Trial 823 finished with value 0.144306577 | dataset=nasdaq | model=ufgtime_plus | val_MSE=0.005988761 | test_MSE=0.029959382 | MAE=0.144306577 | RMSE=0.173087787 | MAPE=15.467604081% | params={'learning_rate': 0.030344623797240483, 'decay_rate': 0.0017326947593626237, 'hidden_size': 16, 'signal_len': 16, 'cheb_order': 2, 's': 7.6794583997758705, 'batch_size': 16, 'k': 4}
Trial 824 finished with value 0.157933116 | dataset=nasdaq | model=ufgtime_plus | val_MSE=0.006614086 | test_MSE=0.034008431 | MAE=0.157933116 | RMSE=0.184413749 | MAPE=17.243162671% | params={'learning_rate': 0.034468424526982455, 'decay_rate': 0.0034819615144392672, 'hidden_size': 16, 'signal_len': 16, 'cheb_order': 2, 's': 7.4541751040334745, 'batch_size': 16, 'k': 4}
Trial 825 finished with value 0.129808381 | dataset=nasdaq | model=ufgtime_plus | val_MSE=0.005340945 | test_MSE=0.026015509 | MAE=0.129808381 | RMSE=0.161293239 | MAPE=13.807420233% | params={'learning_rate': 0.028045250179303923, 'decay_rate': 0.0008881539058974558, 'hidden_size': 16, 'signal_len': 16, 'cheb_order': 2, 's': 7.912026022064056, 'batch_size': 16, 'k': 4}
