Trial 59 finished with value 0.171985569 | dataset=nasdaq | model=ufgtime_plus | val_MSE=0.007695314 | test_MSE=0.041010702 | MAE=0.171985569 | RMSE=0.202510992 | MAPE=17.826945840% | params={'learning_rate': 0.033531316189311704, 'decay_rate': 0.0061038381712939715, 'hidden_size': 16, 'signal_len': 8, 'cheb_order': 3, 's': 5.32193057112863, 'batch_size': 256, 'k': 3}
Trial 60 finished with value 0.103236208 | dataset=nasdaq | model=ufgtime_plus | val_MSE=0.005110506 | test_MSE=0.019600785 | MAE=0.103236208 | RMSE=0.140002805 | MAPE=10.973122924% | params={'learning_rate': 0.019899699401797866, 'decay_rate': 1.4599000021272494e-05, 'hidden_size': 64, 'signal_len': 8, 'cheb_order': 2, 's': 4.817308526984246, 'batch_size': 64, 'k': 4}
Trial 61 finished with value 0.105942167 | dataset=nasdaq | model=ufgtime_plus | val_MSE=0.004890267 | test_MSE=0.020159178 | MAE=0.105942167 | RMSE=0.141983020 | MAPE=11.127229071% | params={'learning_rate': 0.021137284816952703, 'decay_rate': 7.687118621243694e-05, 'hidden_size': 64, 'signal_len': 8, 'cheb_order': 2, 's': 4.86697503886747, 'batch_size': 64, 'k': 4}
Trial 62 finished with value 0.148677730 | dataset=nasdaq | model=ufgtime_plus | val_MSE=0.006181417 | test_MSE=0.031507499 | MAE=0.148677730 | RMSE=0.177503518 | MAPE=15.986674857% | params={'learning_rate': 0.019244409891841213, 'decay_rate': 0.0017908400284792514, 'hidden_size': 64, 'signal_len': 8, 'cheb_order': 2, 's': 3.902045398538405, 'batch_size': 64, 'k': 4}
Trial 63 finished with value 0.164843409 | dataset=nasdaq | model=ufgtime_plus | val_MSE=0.006701481 | test_MSE=0.037039634 | MAE=0.164843409 | RMSE=0.192456835 | MAPE=17.496538608% | params={'learning_rate': 0.022984205151852125, 'decay_rate': 0.004365886896237667, 'hidden_size': 64, 'signal_len': 8, 'cheb_order': 2, 's': 4.667687872504, 'batch_size': 64, 'k': 4}
Trial 64 finished with value 0.146736946 | dataset=nasdaq | model=ufgtime_plus | val_MSE=0.006063295 | test_MSE=0.031111880 | MAE=0.146736946 | RMSE=0.176385600 | MAPE=15.618956811% | params={'learning_rate': 0.03634111431383865, 'decay_rate': 0.0016405313403404583, 'hidden_size': 64, 'signal_len': 8, 'cheb_order': 2, 's': 5.960886421816943, 'batch_size': 64, 'k': 4}
Trial 65 finished with value 0.162702259 | dataset=nasdaq | model=ufgtime_plus | val_MSE=0.007004683 | test_MSE=0.036741367 | MAE=0.162702259 | RMSE=0.191680376 | MAPE=17.351490205% | params={'learning_rate': 0.014849853969332766, 'decay_rate': 0.003549717633496358, 'hidden_size': 16, 'signal_len': 8, 'cheb_order': 2, 's': 2.6692094560465964, 'batch_size': 64, 'k': 4}
Trial 66 finished with value 0.169077564 | dataset=nasdaq | model=ufgtime_plus | val_MSE=0.006801431 | test_MSE=0.038344062 | MAE=0.169077564 | RMSE=0.195816400 | MAPE=17.972852178% | params={'learning_rate': 0.025639429775553602, 'decay_rate': 0.0071550029747519065, 'hidden_size': 64, 'signal_len': 8, 'cheb_order': 2, 's': 5.46165611566977, 'batch_size': 64, 'k': 4}
Trial 67 finished with value 0.131824248 | dataset=nasdaq | model=ufgtime_plus | val_MSE=0.005706136 | test_MSE=0.027127361 | MAE=0.131824248 | RMSE=0.164703857 | MAPE=13.924394421% | params={'learning_rate': 0.030513159449252234, 'decay_rate': 0.0009865270873009417, 'hidden_size': 16, 'signal_len': 8, 'cheb_order': 2, 's': 4.415779959303504, 'batch_size': 128, 'k': 4}
Trial 68 finished with value 0.183231184 | dataset=nasdaq | model=ufgtime_plus | val_MSE=0.008243784 | test_MSE=0.045276861 | MAE=0.183231184 | RMSE=0.212783601 | MAPE=18.724099682% | params={'learning_rate': 0.01885034426677115, 'decay_rate': 0.020950089624203125, 'hidden_size': 16, 'signal_len': 8, 'cheb_order': 3, 's': 3.779327585282293, 'batch_size': 16, 'k': 4}
Trial 69 finished with value 0.167784100 | dataset=nasdaq | model=ufgtime_plus | val_MSE=0.006959251 | test_MSE=0.038440991 | MAE=0.167784100 | RMSE=0.196063743 | MAPE=17.743230509% | params={'learning_rate': 0.016337305006309397, 'decay_rate': 0.005257990010680682, 'hidden_size': 16, 'signal_len': 8, 'cheb_order': 3, 's': 7.177901017461499, 'batch_size': 64, 'k': 4}
Trial 70 finished with value 0.179474679 | dataset=nasdaq | model=ufgtime_plus | val_MSE=0.008655169 | test_MSE=0.044590398 | MAE=0.179474679 | RMSE=0.211164387 | MAPE=18.274626211% | params={'learning_rate': 0.0211621858090661, 'decay_rate': 0.009947093710459938, 'hidden_size': 32, 'signal_len': 8, 'cheb_order': 2, 's': 3.220058515548153, 'batch_size': 256, 'k': 4}
Trial 71 finished with value 0.106560617 | dataset=nasdaq | model=ufgtime_plus | val_MSE=0.004984463 | test_MSE=0.019737487 | MAE=0.106560617 | RMSE=0.140490168 | MAPE=11.508338665% | params={'learning_rate': 0.02060144762423601, 'decay_rate': 0.00023223288843162362, 'hidden_size': 16, 'signal_len': 8, 'cheb_order': 3, 's': 6.3795388553633074, 'batch_size': 16, 'k': 4}
Trial 72 finished with value 0.141169816 | dataset=nasdaq | model=ufgtime_plus | val_MSE=0.005706522 | test_MSE=0.029020387 | MAE=0.141169816 | RMSE=0.170353712 | MAPE=15.054134224% | params={'learning_rate': 0.023949969202664855, 'decay_rate': 0.0013912344296496304, 'hidden_size': 16, 'signal_len': 8, 'cheb_order': 3, 's': 6.649573659560001, 'batch_size': 16, 'k': 4}
Trial 73 finished with value 0.162130090 | dataset=nasdaq | model=ufgtime_plus | val_MSE=0.006583870 | test_MSE=0.035827673 | MAE=0.162130090 | RMSE=0.189281992 | MAPE=17.394717137% | params={'learning_rate': 0.019434963546199835, 'decay_rate': 0.0035974335165993142, 'hidden_size': 16, 'signal_len': 8, 'cheb_order': 3, 's': 5.197345098416395, 'batch_size': 16, 'k': 4}
Trial 74 finished with value 0.094162201 | dataset=nasdaq | model=ufgtime_plus | val_MSE=0.004581094 | test_MSE=0.016530192 | MAE=0.094162201 | RMSE=0.128569795 | MAPE=10.305133845% | params={'learning_rate': 0.012866018266676707, 'decay_rate': 0.00014571158846200333, 'hidden_size': 16, 'signal_len': 8, 'cheb_order': 3, 's': 6.3701275949785945, 'batch_size': 16, 'k': 4}
Trial 75 finished with value 0.155418495 | dataset=nasdaq | model=ufgtime_plus | val_MSE=0.006698419 | test_MSE=0.033459699 | MAE=0.155418495 | RMSE=0.182919925 | MAPE=16.977096065% | params={'learning_rate': 0.013028427627717058, 'decay_rate': 0.0025736953688749236, 'hidden_size': 16, 'signal_len': 8, 'cheb_order': 3, 's': 1.8743932450918646, 'batch_size': 64, 'k': 4}
Trial 76 finished with value 0.164252942 | dataset=nasdaq | model=ufgtime_plus | val_MSE=0.006698921 | test_MSE=0.036592151 | MAE=0.164252942 | RMSE=0.191290750 | MAPE=17.598085665% | params={'learning_rate': 0.03232599981683882, 'decay_rate': 0.004978780227571698, 'hidden_size': 16, 'signal_len': 16, 'cheb_order': 3, 's': 5.959360684279549, 'batch_size': 16, 'k': 4}
Trial 77 finished with value 0.148130039 | dataset=nasdaq | model=ufgtime_plus | val_MSE=0.006292161 | test_MSE=0.032159935 | MAE=0.148130039 | RMSE=0.179331912 | MAPE=15.454756848% | params={'learning_rate': 0.010494513108315949, 'decay_rate': 0.0015284116872576773, 'hidden_size': 64, 'signal_len': 8, 'cheb_order': 3, 's': 5.665310899769193, 'batch_size': 64, 'k': 4}
Trial 78 finished with value 0.199995828 | dataset=nasdaq | model=ufgtime_plus | val_MSE=0.012653825 | test_MSE=0.055372831 | MAE=0.199995828 | RMSE=0.235314324 | MAPE=19.299510816% | params={'learning_rate': 0.006687278232823876, 'decay_rate': 0.026618038103471072, 'hidden_size': 16, 'signal_len': 8, 'cheb_order': 2, 's': 4.055561367445419, 'batch_size': 32, 'k': 4}
Trial 79 finished with value 0.165293445 | dataset=nasdaq | model=ufgtime_plus | val_MSE=0.007133873 | test_MSE=0.038107543 | MAE=0.165293445 | RMSE=0.195211534 | MAPE=17.315214081% | params={'learning_rate': 0.028808132889390888, 'decay_rate': 0.003639833703151816, 'hidden_size': 16, 'signal_len': 8, 'cheb_order': 3, 's': 4.820338160059615, 'batch_size': 64, 'k': 4}
Trial 80 finished with value 0.180347641 | dataset=nasdaq | model=ufgtime_plus | val_MSE=0.009494099 | test_MSE=0.045729561 | MAE=0.180347641 | RMSE=0.213844712 | MAPE=18.061368570% | params={'learning_rate': 0.014548415426430232, 'decay_rate': 0.0056783031026054875, 'hidden_size': 16, 'signal_len': 8, 'cheb_order': 3, 's': 7.537772370250433, 'batch_size': 256, 'k': 3}
Trial 81 finished with value 0.110814027 | dataset=nasdaq | model=ufgtime_plus | val_MSE=0.005122213 | test_MSE=0.021232613 | MAE=0.110814027 | RMSE=0.145714147 | MAPE=11.705635607% | params={'learning_rate': 0.017802574545500296, 'decay_rate': 0.0003613289792366997, 'hidden_size': 16, 'signal_len': 8, 'cheb_order': 3, 's': 6.336542078370816, 'batch_size': 16, 'k': 4}
Trial 82 finished with value 0.085390558 | dataset=nasdaq | model=ufgtime_plus | val_MSE=0.004689317 | test_MSE=0.014857237 | MAE=0.085390558 | RMSE=0.121890265 | MAPE=9.345661241% | params={'learning_rate': 0.021986522128696166, 'decay_rate': 3.138383555799799e-05, 'hidden_size': 16, 'signal_len': 8, 'cheb_order': 3, 's': 6.720987122144953, 'batch_size': 16, 'k': 2}
Trial 83 finished with value 0.154928516 | dataset=nasdaq | model=ufgtime_plus | val_MSE=0.006470916 | test_MSE=0.032766613 | MAE=0.154928516 | RMSE=0.181015506 | MAPE=16.914638827% | params={'learning_rate': 0.022510251495470097, 'decay_rate': 0.002639269085378871, 'hidden_size': 16, 'signal_len': 8, 'cheb_order': 3, 's': 6.767508045071827, 'batch_size': 16, 'k': 2}
Trial 84 finished with value 0.148575125 | dataset=nasdaq | model=ufgtime_plus | val_MSE=0.006162688 | test_MSE=0.031411021 | MAE=0.148575125 | RMSE=0.177231545 | MAPE=15.977392583% | params={'learning_rate': 0.015751022486699417, 'decay_rate': 0.0018132445403873567, 'hidden_size': 16, 'signal_len': 8, 'cheb_order': 3, 's': 5.113368487003225, 'batch_size': 16, 'k': 3}
Trial 85 finished with value 0.164811187 | dataset=nasdaq | model=ufgtime_plus | val_MSE=0.006911376 | test_MSE=0.037377503 | MAE=0.164811187 | RMSE=0.193332622 | MAPE=17.501632408% | params={'learning_rate': 0.025506997627784512, 'decay_rate': 0.004058905969024497, 'hidden_size': 16, 'signal_len': 8, 'cheb_order': 3, 's': 7.080411338038503, 'batch_size': 128, 'k': 2}
Trial 86 finished with value 0.087827029 | dataset=nasdaq | model=ufgtime_plus | val_MSE=0.004734102 | test_MSE=0.015187566 | MAE=0.087827029 | RMSE=0.123237845 | MAPE=9.650535678% | params={'learning_rate': 0.02164182598596919, 'decay_rate': 5.573579662809454e-05, 'hidden_size': 16, 'signal_len': 8, 'cheb_order': 3, 's': 6.161929787046152, 'batch_size': 64, 'k': 2}
Trial 87 finished with value 0.158092753 | dataset=nasdaq | model=ufgtime_plus | val_MSE=0.006345579 | test_MSE=0.034006172 | MAE=0.158092753 | RMSE=0.184407625 | MAPE=17.089167816% | params={'learning_rate': 0.021696773285694654, 'decay_rate': 0.0030312904241442183, 'hidden_size': 16, 'signal_len': 16, 'cheb_order': 3, 's': 7.437007735364083, 'batch_size': 16, 'k': 2}
Trial 88 finished with value 0.168449822 | dataset=nasdaq | model=ufgtime_plus | val_MSE=0.006848287 | test_MSE=0.038138039 | MAE=0.168449822 | RMSE=0.195289629 | MAPE=18.061644598% | params={'learning_rate': 0.02669382074434148, 'decay_rate': 0.007776466334182614, 'hidden_size': 16, 'signal_len': 8, 'cheb_order': 3, 's': 7.942877652109381, 'batch_size': 64, 'k': 2}
Trial 89 finished with value 0.133578143 | dataset=nasdaq | model=ufgtime_plus | val_MSE=0.005667775 | test_MSE=0.026852986 | MAE=0.133578143 | RMSE=0.163868806 | MAPE=14.453726082% | params={'learning_rate': 0.017925472204710833, 'decay_rate': 0.0011805384520285705, 'hidden_size': 16, 'signal_len': 8, 'cheb_order': 3, 's': 6.094223512555134, 'batch_size': 64, 'k': 2}
Trial 90 finished with value 0.169495724 | dataset=nasdaq | model=ufgtime_plus | val_MSE=0.007554156 | test_MSE=0.040008357 | MAE=0.169495724 | RMSE=0.200020892 | MAPE=17.621644120% | params={'learning_rate': 0.02372110526502317, 'decay_rate': 0.004715931517193615, 'hidden_size': 16, 'signal_len': 8, 'cheb_order': 3, 's': 5.666715917632922, 'batch_size': 256, 'k': 2}
Trial 91 finished with value 0.124912226 | dataset=nasdaq | model=ufgtime_plus | val_MSE=0.005373776 | test_MSE=0.024821198 | MAE=0.124912226 | RMSE=0.157547447 | MAPE=13.351993163% | params={'learning_rate': 0.019514217493377305, 'decay_rate': 0.0008593566951429772, 'hidden_size': 16, 'signal_len': 8, 'cheb_order': 3, 's': 5.389026840028868, 'batch_size': 64, 'k': 2}
Trial 92 finished with value 0.105803738 | dataset=nasdaq | model=ufgtime_plus | val_MSE=0.005001273 | test_MSE=0.019225722 | MAE=0.105803738 | RMSE=0.138656848 | MAPE=11.613655041% | params={'learning_rate': 0.02219053720971842, 'decay_rate': 0.00013652490368368144, 'hidden_size': 32, 'signal_len': 8, 'cheb_order': 3, 's': 6.655207998285805, 'batch_size': 64, 'k': 2}
Trial 93 finished with value 0.153206891 | dataset=nasdaq | model=ufgtime_plus | val_MSE=0.006500872 | test_MSE=0.032792807 | MAE=0.153206891 | RMSE=0.181087843 | MAPE=16.646951469% | params={'learning_rate': 0.016611071562052507, 'decay_rate': 0.0023121482493163176, 'hidden_size': 16, 'signal_len': 8, 'cheb_order': 2, 's': 5.948638982057904, 'batch_size': 64, 'k': 4}
Trial 94 finished with value 0.136219483 | dataset=nasdaq | model=ufgtime_plus | val_MSE=0.005561159 | test_MSE=0.027614558 | MAE=0.136219483 | RMSE=0.166176286 | MAPE=14.537951029% | params={'learning_rate': 0.024878399552026097, 'decay_rate': 0.0012138051016694995, 'hidden_size': 64, 'signal_len': 8, 'cheb_order': 3, 's': 6.10904952277965, 'batch_size': 64, 'k': 4}
Trial 95 finished with value 0.161880852 | dataset=nasdaq | model=ufgtime_plus | val_MSE=0.006870218 | test_MSE=0.036433462 | MAE=0.161880852 | RMSE=0.190875515 | MAPE=17.217027483% | params={'learning_rate': 0.030073710658646523, 'decay_rate': 0.0033181060714763786, 'hidden_size': 16, 'signal_len': 8, 'cheb_order': 3, 's': 3.624902061765358, 'batch_size': 64, 'k': 4}
Trial 96 finished with value 0.089650495 | dataset=nasdaq | model=ufgtime_plus | val_MSE=0.004398642 | test_MSE=0.015764833 | MAE=0.089650495 | RMSE=0.125558085 | MAPE=9.489184815% | params={'learning_rate': 0.01110233158382873, 'decay_rate': 3.06090106150659e-05, 'hidden_size': 16, 'signal_len': 8, 'cheb_order': 3, 's': 4.409795633840193, 'batch_size': 64, 'k': 2}
Trial 97 finished with value 0.155677907 | dataset=nasdaq | model=ufgtime_plus | val_MSE=0.006380104 | test_MSE=0.033951631 | MAE=0.155677907 | RMSE=0.184259683 | MAPE=16.566201973% | params={'learning_rate': 0.01120063427471691, 'decay_rate': 0.0023728940009871496, 'hidden_size': 16, 'signal_len': 8, 'cheb_order': 3, 's': 4.442869572363744, 'batch_size': 16, 'k': 2}
Trial 98 finished with value 0.168986849 | dataset=nasdaq | model=ufgtime_plus | val_MSE=0.007175944 | test_MSE=0.039111045 | MAE=0.168986849 | RMSE=0.197765126 | MAPE=17.847529203% | params={'learning_rate': 0.027690385662556515, 'decay_rate': 0.006240792793497814, 'hidden_size': 16, 'signal_len': 8, 'cheb_order': 3, 's': 6.471736421535828, 'batch_size': 64, 'k': 2}
Trial 99 finished with value 0.213260489 | dataset=nasdaq | model=ufgtime_plus | val_MSE=0.016671338 | test_MSE=0.063746384 | MAE=0.213260489 | RMSE=0.252480463 | MAPE=19.986935945% | params={'learning_rate': 0.009296437863841846, 'decay_rate': 0.036554540067573214, 'hidden_size': 16, 'signal_len': 8, 'cheb_order': 3, 's': 3.22305456761954, 'batch_size': 32, 'k': 2}
Trial 100 finished with value 0.164133124 | dataset=nasdaq | model=ufgtime_plus | val_MSE=0.007665251 | test_MSE=0.037455316 | MAE=0.164133124 | RMSE=0.193533759 | MAPE=17.681702245% | params={'learning_rate': 0.008156903514809188, 'decay_rate': 0.004139207644388584, 'hidden_size': 16, 'signal_len': 16, 'cheb_order': 3, 's': 5.05333763213539, 'batch_size': 64, 'k': 2}
Trial 101 finished with value 0.127252490 | dataset=nasdaq | model=ufgtime_plus | val_MSE=0.005425316 | test_MSE=0.024992046 | MAE=0.127252490 | RMSE=0.158088730 | MAPE=13.787008226% | params={'learning_rate': 0.020674751900264007, 'decay_rate': 0.0009714292740910718, 'hidden_size': 16, 'signal_len': 8, 'cheb_order': 2, 's': 4.725133824332931, 'batch_size': 64, 'k': 2}
Trial 102 finished with value 0.097644424 | dataset=nasdaq | model=ufgtime_plus | val_MSE=0.004693577 | test_MSE=0.018264826 | MAE=0.097644424 | RMSE=0.135147422 | MAPE=10.459889564% | params={'learning_rate': 0.013024220599295781, 'decay_rate': 0.0002160502151640783, 'hidden_size': 16, 'signal_len': 8, 'cheb_order': 3, 's': 5.326366571056296, 'batch_size': 64, 'k': 4}
Trial 103 finished with value 0.089447966 | dataset=nasdaq | model=ufgtime_plus | val_MSE=0.004635598 | test_MSE=0.015716526 | MAE=0.089447966 | RMSE=0.125365569 | MAPE=9.664373687% | params={'learning_rate': 0.013191684662423384, 'decay_rate': 4.862609990506326e-05, 'hidden_size': 16, 'signal_len': 8, 'cheb_order': 3, 's': 4.13279119122868, 'batch_size': 64, 'k': 2}
Trial 104 finished with value 0.154298854 | dataset=nasdaq | model=ufgtime_plus | val_MSE=0.006481838 | test_MSE=0.033974541 | MAE=0.154298854 | RMSE=0.184321841 | MAPE=16.233296180% | params={'learning_rate': 0.013160513430332485, 'decay_rate': 0.0019384234894003528, 'hidden_size': 16, 'signal_len': 8, 'cheb_order': 3, 's': 4.208926779804014, 'batch_size': 64, 'k': 2}
Trial 105 finished with value 0.159468334 | dataset=nasdaq | model=ufgtime_plus | val_MSE=0.006604079 | test_MSE=0.035247086 | MAE=0.159468334 | RMSE=0.187742074 | MAPE=17.046082471% | params={'learning_rate': 0.012012672993831004, 'decay_rate': 0.0029446598444224383, 'hidden_size': 16, 'signal_len': 8, 'cheb_order': 3, 's': 5.360823570050921, 'batch_size': 64, 'k': 2}
Trial 106 finished with value 0.146217729 | dataset=nasdaq | model=ufgtime_plus | val_MSE=0.006136284 | test_MSE=0.031287083 | MAE=0.146217729 | RMSE=0.176881549 | MAPE=15.422079095% | params={'learning_rate': 0.014181574099722155, 'decay_rate': 0.0015338181510447949, 'hidden_size': 16, 'signal_len': 8, 'cheb_order': 3, 's': 5.674856437323655, 'batch_size': 64, 'k': 2}
Trial 107 finished with value 0.122524933 | dataset=nasdaq | model=ufgtime_plus | val_MSE=0.005360028 | test_MSE=0.024266479 | MAE=0.122524933 | RMSE=0.155777018 | MAPE=13.082996497% | params={'learning_rate': 0.015320549576845026, 'decay_rate': 0.0008051444437264786, 'hidden_size': 16, 'signal_len': 8, 'cheb_order': 3, 's': 4.957846897156108, 'batch_size': 64, 'k': 2}
Trial 108 finished with value 0.101415628 | dataset=nasdaq | model=ufgtime_plus | val_MSE=0.004800695 | test_MSE=0.019071617 | MAE=0.101415628 | RMSE=0.138100025 | MAPE=10.411236920% | params={'learning_rate': 0.010061233504170134, 'decay_rate': 5.173734877828316e-05, 'hidden_size': 16, 'signal_len': 8, 'cheb_order': 3, 's': 6.23693839432933, 'batch_size': 64, 'k': 2}
Trial 109 finished with value 0.250248116 | dataset=nasdaq | model=ufgtime_plus | val_MSE=0.032776255 | test_MSE=0.099669937 | MAE=0.250248116 | RMSE=0.315705460 | MAPE=22.854328742% | params={'learning_rate': 0.004673573084674817, 'decay_rate': 0.04386656316200412, 'hidden_size': 16, 'signal_len': 8, 'cheb_order': 3, 's': 4.01128882164007, 'batch_size': 64, 'k': 2}
Trial 110 finished with value 0.170901144 | dataset=nasdaq | model=ufgtime_plus | val_MSE=0.007734488 | test_MSE=0.040763762 | MAE=0.170901144 | RMSE=0.201900377 | MAPE=17.594598519% | params={'learning_rate': 0.013237533882018045, 'decay_rate': 0.0042422848774871, 'hidden_size': 16, 'signal_len': 8, 'cheb_order': 3, 's': 5.268402962879219, 'batch_size': 128, 'k': 2}
Trial 111 finished with value 0.159972424 | dataset=nasdaq | model=ufgtime_plus | val_MSE=0.007307961 | test_MSE=0.036969955 | MAE=0.159972424 | RMSE=0.192275727 | MAPE=16.465045695% | params={'learning_rate': 0.011171131899858088, 'decay_rate': 0.0021976046903888435, 'hidden_size': 16, 'signal_len': 8, 'cheb_order': 3, 's': 4.443138692539991, 'batch_size': 256, 'k': 4}
Trial 112 finished with value 0.089043332 | dataset=nasdaq | model=ufgtime_plus | val_MSE=0.004544690 | test_MSE=0.015903643 | MAE=0.089043332 | RMSE=0.126109648 | MAPE=9.553602415% | params={'learning_rate': 0.017023754973893777, 'decay_rate': 6.429529795984344e-05, 'hidden_size': 16, 'signal_len': 8, 'cheb_order': 3, 's': 3.476379164468305, 'batch_size': 64, 'k': 4}
Trial 113 finished with value 0.126348227 | dataset=nasdaq | model=ufgtime_plus | val_MSE=0.005497406 | test_MSE=0.025286817 | MAE=0.126348227 | RMSE=0.159018293 | MAPE=13.497808783% | params={'learning_rate': 0.017252268275271192, 'decay_rate': 0.0008708834712861672, 'hidden_size': 16, 'signal_len': 8, 'cheb_order': 3, 's': 4.604485269025316, 'batch_size': 64, 'k': 4}
Trial 114 finished with value 0.160677407 | dataset=nasdaq | model=ufgtime_plus | val_MSE=0.006712570 | test_MSE=0.035815062 | MAE=0.160677407 | RMSE=0.189248677 | MAPE=17.123647256% | params={'learning_rate': 0.014163942522566798, 'decay_rate': 0.0030665276743749863, 'hidden_size': 16, 'signal_len': 8, 'cheb_order': 3, 's': 5.845538089502514, 'batch_size': 64, 'k': 4}
Trial 115 finished with value 0.183737021 | dataset=nasdaq | model=ufgtime_plus | val_MSE=0.008075973 | test_MSE=0.045024123 | MAE=0.183737021 | RMSE=0.212188886 | MAPE=18.804099269% | params={'learning_rate': 0.01843523111810552, 'decay_rate': 0.02364371545789499, 'hidden_size': 16, 'signal_len': 8, 'cheb_order': 3, 's': 3.7714652666713135, 'batch_size': 64, 'k': 4}
Trial 116 finished with value 0.144798783 | dataset=nasdaq | model=ufgtime_plus | val_MSE=0.006077625 | test_MSE=0.030070592 | MAE=0.144798783 | RMSE=0.173408743 | MAPE=15.697204861% | params={'learning_rate': 0.016165696266312438, 'decay_rate': 0.0016446474682875114, 'hidden_size': 32, 'signal_len': 8, 'cheb_order': 3, 's': 3.4116866127358905, 'batch_size': 64, 'k': 4}
Trial 117 finished with value 0.164175497 | dataset=nasdaq | model=ufgtime_plus | val_MSE=0.006906993 | test_MSE=0.036603042 | MAE=0.164175497 | RMSE=0.191319216 | MAPE=17.784157398% | params={'learning_rate': 0.012345876055223928, 'decay_rate': 0.005397734091032714, 'hidden_size': 16, 'signal_len': 8, 'cheb_order': 3, 's': 2.6065940327159076, 'batch_size': 64, 'k': 4}
