Trial 295 finished with value 0.156258154 | dataset=nasdaq | model=ufgtime_plus | val_MSE=0.006354922 | test_MSE=0.034210098 | MAE=0.156258154 | RMSE=0.184959721 | MAPE=16.484844805% | params={'learning_rate': 0.03081138244046656, 'decay_rate': 0.0022079408416179266, 'hidden_size': 16, 'signal_len': 16, 'cheb_order': 2, 's': 7.1300116277364, 'batch_size': 16, 'k': 4}
Trial 296 finished with value 0.130684539 | dataset=nasdaq | model=ufgtime_plus | val_MSE=0.005516021 | test_MSE=0.026408998 | MAE=0.130684539 | RMSE=0.162508455 | MAPE=13.927070845% | params={'learning_rate': 0.03195840949150393, 'decay_rate': 0.0011143418641739206, 'hidden_size': 16, 'signal_len': 16, 'cheb_order': 2, 's': 7.0186653271101695, 'batch_size': 16, 'k': 4}
Trial 297 finished with value 0.130321264 | dataset=nasdaq | model=ufgtime_plus | val_MSE=0.005234143 | test_MSE=0.025558649 | MAE=0.130321264 | RMSE=0.159870726 | MAPE=14.008704605% | params={'learning_rate': 0.02957409344490246, 'decay_rate': 0.0009414382419434042, 'hidden_size': 16, 'signal_len': 16, 'cheb_order': 2, 's': 6.857815473213219, 'batch_size': 16, 'k': 4}
Trial 298 finished with value 0.163605844 | dataset=nasdaq | model=ufgtime_plus | val_MSE=0.006276199 | test_MSE=0.035889754 | MAE=0.163605844 | RMSE=0.189445912 | MAPE=17.545564203% | params={'learning_rate': 0.024942362517864105, 'decay_rate': 0.0029680956392946706, 'hidden_size': 16, 'signal_len': 16, 'cheb_order': 2, 's': 7.097800999142767, 'batch_size': 16, 'k': 4}
Trial 299 finished with value 0.099185647 | dataset=nasdaq | model=ufgtime_plus | val_MSE=0.003863476 | test_MSE=0.016764472 | MAE=0.099185647 | RMSE=0.129477689 | MAPE=10.176537247% | params={'learning_rate': 0.028644852824720606, 'decay_rate': 0.0009766097570765477, 'hidden_size': 16, 'signal_len': 16, 'cheb_order': 2, 's': 7.44527646828932, 'batch_size': 128, 'k': 4}
Trial 300 finished with value 0.155968051 | dataset=nasdaq | model=ufgtime_plus | val_MSE=0.006876459 | test_MSE=0.034881979 | MAE=0.155968051 | RMSE=0.186767179 | MAPE=16.438229479% | params={'learning_rate': 0.02568962069428406, 'decay_rate': 0.002088306730862689, 'hidden_size': 16, 'signal_len': 16, 'cheb_order': 2, 's': 8.556157102550927, 'batch_size': 256, 'k': 4}
Trial 301 finished with value 0.066867717 | dataset=nasdaq | model=ufgtime_plus | val_MSE=0.003174252 | test_MSE=0.009713749 | MAE=0.066867717 | RMSE=0.098558351 | MAPE=7.322082334% | params={'learning_rate': 0.023584708798806916, 'decay_rate': 6.398118091437926e-05, 'hidden_size': 16, 'signal_len': 16, 'cheb_order': 2, 's': 7.328101176339598, 'batch_size': 16, 'k': 4}
Trial 302 finished with value 0.132843793 | dataset=nasdaq | model=ufgtime_plus | val_MSE=0.005456165 | test_MSE=0.026490941 | MAE=0.132843793 | RMSE=0.162760378 | MAPE=14.218713435% | params={'learning_rate': 0.02380403626340079, 'decay_rate': 0.0010341286186872061, 'hidden_size': 16, 'signal_len': 16, 'cheb_order': 2, 's': 7.69597015680207, 'batch_size': 16, 'k': 4}
Trial 303 finished with value 0.154439711 | dataset=nasdaq | model=ufgtime_plus | val_MSE=0.006103286 | test_MSE=0.033300978 | MAE=0.154439711 | RMSE=0.182485554 | MAPE=16.441512457% | params={'learning_rate': 0.023022833670515032, 'decay_rate': 0.0021488319764964773, 'hidden_size': 64, 'signal_len': 16, 'cheb_order': 2, 's': 6.815168531111812, 'batch_size': 16, 'k': 4}
Trial 304 finished with value 0.062519563 | dataset=nasdaq | model=ufgtime_plus | val_MSE=0.003160340 | test_MSE=0.008909680 | MAE=0.062519563 | RMSE=0.094391099 | MAPE=6.657767601% | params={'learning_rate': 0.024383983359165314, 'decay_rate': 3.622055105606476e-05, 'hidden_size': 16, 'signal_len': 16, 'cheb_order': 2, 's': 8.390555682662084, 'batch_size': 16, 'k': 4}
Trial 305 finished with value 0.163806982 | dataset=nasdaq | model=ufgtime_plus | val_MSE=0.006703082 | test_MSE=0.036721554 | MAE=0.163806982 | RMSE=0.191628687 | MAPE=17.446981478% | params={'learning_rate': 0.023243729745639926, 'decay_rate': 0.004044131274210486, 'hidden_size': 16, 'signal_len': 16, 'cheb_order': 2, 's': 8.346850424400225, 'batch_size': 16, 'k': 4}
Trial 306 finished with value 0.131909690 | dataset=nasdaq | model=ufgtime_plus | val_MSE=0.005649176 | test_MSE=0.027203791 | MAE=0.131909690 | RMSE=0.164935717 | MAPE=13.770057788% | params={'learning_rate': 0.02449805979872397, 'decay_rate': 0.0010280882506522166, 'hidden_size': 16, 'signal_len': 16, 'cheb_order': 2, 's': 8.664335662626607, 'batch_size': 16, 'k': 4}
Trial 307 finished with value 0.073601701 | dataset=nasdaq | model=ufgtime_plus | val_MSE=0.003167963 | test_MSE=0.011249455 | MAE=0.073601701 | RMSE=0.106063449 | MAPE=7.660505003% | params={'learning_rate': 0.02275498995360832, 'decay_rate': 5.556131692105168e-05, 'hidden_size': 16, 'signal_len': 16, 'cheb_order': 2, 's': 8.2094266763728, 'batch_size': 16, 'k': 4}
Trial 308 finished with value 0.152479097 | dataset=nasdaq | model=ufgtime_plus | val_MSE=0.006293799 | test_MSE=0.033237892 | MAE=0.152479097 | RMSE=0.182312621 | MAPE=15.992696891% | params={'learning_rate': 0.024495741117230428, 'decay_rate': 0.001798931471962831, 'hidden_size': 16, 'signal_len': 16, 'cheb_order': 2, 's': 7.4274480034379655, 'batch_size': 16, 'k': 4}
Trial 309 finished with value 0.126622654 | dataset=nasdaq | model=ufgtime_plus | val_MSE=0.005412445 | test_MSE=0.025331992 | MAE=0.126622654 | RMSE=0.159160273 | MAPE=13.506264492% | params={'learning_rate': 0.02381012209967488, 'decay_rate': 0.0009179833902416677, 'hidden_size': 16, 'signal_len': 16, 'cheb_order': 2, 's': 8.475170110969055, 'batch_size': 16, 'k': 4}
Trial 310 finished with value 0.071548122 | dataset=nasdaq | model=ufgtime_plus | val_MSE=0.003167828 | test_MSE=0.011381918 | MAE=0.071548122 | RMSE=0.106686073 | MAPE=7.381420465% | params={'learning_rate': 0.0257314715821666, 'decay_rate': 2.8399252812920575e-05, 'hidden_size': 16, 'signal_len': 16, 'cheb_order': 2, 's': 8.148691692412823, 'batch_size': 16, 'k': 4}
Trial 311 finished with value 0.159108371 | dataset=nasdaq | model=ufgtime_plus | val_MSE=0.006415747 | test_MSE=0.034607947 | MAE=0.159108371 | RMSE=0.186032114 | MAPE=17.059135200% | params={'learning_rate': 0.026343472030679736, 'decay_rate': 0.0029897283115586848, 'hidden_size': 16, 'signal_len': 16, 'cheb_order': 2, 's': 8.163147429265761, 'batch_size': 16, 'k': 4}
Trial 312 finished with value 0.147001228 | dataset=nasdaq | model=ufgtime_plus | val_MSE=0.006030049 | test_MSE=0.030556056 | MAE=0.147001228 | RMSE=0.174802906 | MAPE=15.727121272% | params={'learning_rate': 0.03020151497599091, 'decay_rate': 0.0017042385847413776, 'hidden_size': 16, 'signal_len': 16, 'cheb_order': 2, 's': 7.8423004145396, 'batch_size': 16, 'k': 4}
Trial 313 finished with value 0.070431853 | dataset=nasdaq | model=ufgtime_plus | val_MSE=0.003066269 | test_MSE=0.011085178 | MAE=0.070431853 | RMSE=0.105286170 | MAPE=7.309890929% | params={'learning_rate': 0.024721388588907538, 'decay_rate': 1.631555483649068e-05, 'hidden_size': 16, 'signal_len': 16, 'cheb_order': 2, 's': 8.0418993312394, 'batch_size': 16, 'k': 4}
Trial 314 finished with value 0.128589989 | dataset=nasdaq | model=ufgtime_plus | val_MSE=0.005507332 | test_MSE=0.025962111 | MAE=0.128589989 | RMSE=0.161127624 | MAPE=13.648597565% | params={'learning_rate': 0.025431231224360272, 'decay_rate': 0.001041175486806582, 'hidden_size': 16, 'signal_len': 16, 'cheb_order': 2, 's': 7.980314982670806, 'batch_size': 16, 'k': 4}
Trial 315 finished with value 0.153144470 | dataset=nasdaq | model=ufgtime_plus | val_MSE=0.006254831 | test_MSE=0.032762310 | MAE=0.153144470 | RMSE=0.181003620 | MAPE=16.462798618% | params={'learning_rate': 0.023217552282965622, 'decay_rate': 0.002248640936822297, 'hidden_size': 16, 'signal_len': 16, 'cheb_order': 2, 's': 8.425402764634944, 'batch_size': 16, 'k': 4}
Trial 316 finished with value 0.127162398 | dataset=nasdaq | model=ufgtime_plus | val_MSE=0.005459213 | test_MSE=0.025552668 | MAE=0.127162398 | RMSE=0.159852020 | MAPE=13.558276836% | params={'learning_rate': 0.026582215431981613, 'decay_rate': 0.0008719059437538927, 'hidden_size': 16, 'signal_len': 16, 'cheb_order': 2, 's': 7.567178294993074, 'batch_size': 16, 'k': 4}
Trial 317 finished with value 0.172033279 | dataset=nasdaq | model=ufgtime_plus | val_MSE=0.007108573 | test_MSE=0.039096800 | MAE=0.172033279 | RMSE=0.197729108 | MAPE=18.360004021% | params={'learning_rate': 0.024683230248386326, 'decay_rate': 0.015543636721513704, 'hidden_size': 16, 'signal_len': 16, 'cheb_order': 2, 's': 8.032259465912375, 'batch_size': 32, 'k': 4}
Trial 318 finished with value 0.146674835 | dataset=nasdaq | model=ufgtime_plus | val_MSE=0.005900825 | test_MSE=0.030612847 | MAE=0.146674835 | RMSE=0.174965274 | MAPE=15.567992538% | params={'learning_rate': 0.02792867027492023, 'decay_rate': 0.001632307407840242, 'hidden_size': 16, 'signal_len': 16, 'cheb_order': 2, 's': 7.338257915746342, 'batch_size': 16, 'k': 4}
Trial 319 finished with value 0.067826275 | dataset=nasdaq | model=ufgtime_plus | val_MSE=0.003130552 | test_MSE=0.009762845 | MAE=0.067826275 | RMSE=0.098807111 | MAPE=7.192464807% | params={'learning_rate': 0.02371481317679342, 'decay_rate': 3.069405177330663e-05, 'hidden_size': 16, 'signal_len': 16, 'cheb_order': 2, 's': 8.855633921805786, 'batch_size': 16, 'k': 4}
Trial 320 finished with value 0.190886734 | dataset=nasdaq | model=ufgtime_plus | val_MSE=0.010147601 | test_MSE=0.049951193 | MAE=0.190886734 | RMSE=0.223497636 | MAPE=18.928420587% | params={'learning_rate': 0.022798851610042522, 'decay_rate': 0.02165644471873849, 'hidden_size': 16, 'signal_len': 16, 'cheb_order': 2, 's': 8.753838911417843, 'batch_size': 128, 'k': 4}
Trial 321 finished with value 0.157960056 | dataset=nasdaq | model=ufgtime_plus | val_MSE=0.006371896 | test_MSE=0.034165264 | MAE=0.157960056 | RMSE=0.184838480 | MAPE=16.965463587% | params={'learning_rate': 0.02589187398001108, 'decay_rate': 0.0028133456708909557, 'hidden_size': 16, 'signal_len': 16, 'cheb_order': 2, 's': 7.0668951952717585, 'batch_size': 16, 'k': 4}
Trial 322 finished with value 0.072088342 | dataset=nasdaq | model=ufgtime_plus | val_MSE=0.003207269 | test_MSE=0.010782467 | MAE=0.072088342 | RMSE=0.103838660 | MAPE=7.288404289% | params={'learning_rate': 0.02377385717609502, 'decay_rate': 2.442611239780998e-05, 'hidden_size': 16, 'signal_len': 16, 'cheb_order': 2, 's': 8.822129306419797, 'batch_size': 16, 'k': 4}
Trial 323 finished with value 0.132293320 | dataset=nasdaq | model=ufgtime_plus | val_MSE=0.005359371 | test_MSE=0.026269896 | MAE=0.132293320 | RMSE=0.162079905 | MAPE=13.995781753% | params={'learning_rate': 0.023619519973064444, 'decay_rate': 0.0009567836169989923, 'hidden_size': 16, 'signal_len': 16, 'cheb_order': 2, 's': 7.786209833038437, 'batch_size': 16, 'k': 4}
Trial 324 finished with value 0.166670323 | dataset=nasdaq | model=ufgtime_plus | val_MSE=0.006848460 | test_MSE=0.037264023 | MAE=0.166670323 | RMSE=0.193038916 | MAPE=18.013035458% | params={'learning_rate': 0.02242907667863263, 'decay_rate': 0.009320587821820941, 'hidden_size': 16, 'signal_len': 16, 'cheb_order': 2, 's': 8.92740026510353, 'batch_size': 16, 'k': 4}
Trial 325 finished with value 0.106133668 | dataset=nasdaq | model=ufgtime_plus | val_MSE=0.005175695 | test_MSE=0.020225478 | MAE=0.106133668 | RMSE=0.142216307 | MAPE=11.311794477% | params={'learning_rate': 0.023830426596842032, 'decay_rate': 1.552977552974631e-05, 'hidden_size': 64, 'signal_len': 16, 'cheb_order': 2, 's': 8.477147561705465, 'batch_size': 256, 'k': 4}
Trial 326 finished with value 0.145285458 | dataset=nasdaq | model=ufgtime_plus | val_MSE=0.005884371 | test_MSE=0.029972931 | MAE=0.145285458 | RMSE=0.173126921 | MAPE=15.663981256% | params={'learning_rate': 0.026962109687769888, 'decay_rate': 0.0015766982279625046, 'hidden_size': 16, 'signal_len': 16, 'cheb_order': 2, 's': 7.4957456270862215, 'batch_size': 16, 'k': 4}
Trial 327 finished with value 0.133829854 | dataset=nasdaq | model=ufgtime_plus | val_MSE=0.005752203 | test_MSE=0.026573423 | MAE=0.133829854 | RMSE=0.163013567 | MAPE=14.626432549% | params={'learning_rate': 0.02887510176219248, 'decay_rate': 0.0011383444804912003, 'hidden_size': 16, 'signal_len': 16, 'cheb_order': 2, 's': 8.823129738480578, 'batch_size': 16, 'k': 4}
Trial 328 finished with value 0.163482755 | dataset=nasdaq | model=ufgtime_plus | val_MSE=0.006797993 | test_MSE=0.036478316 | MAE=0.163482755 | RMSE=0.190992974 | MAPE=17.283091624% | params={'learning_rate': 0.025084656656047935, 'decay_rate': 0.003580533430062744, 'hidden_size': 16, 'signal_len': 16, 'cheb_order': 2, 's': 7.296036608168165, 'batch_size': 16, 'k': 4}
Trial 329 finished with value 0.155043981 | dataset=nasdaq | model=ufgtime_plus | val_MSE=0.006215076 | test_MSE=0.033349776 | MAE=0.155043981 | RMSE=0.182619212 | MAPE=16.639009453% | params={'learning_rate': 0.022635562081128865, 'decay_rate': 0.0022445891900601572, 'hidden_size': 16, 'signal_len': 16, 'cheb_order': 2, 's': 6.733210561941205, 'batch_size': 16, 'k': 4}
Trial 330 finished with value 0.196351543 | dataset=nasdaq | model=ufgtime_plus | val_MSE=0.009821966 | test_MSE=0.051406983 | MAE=0.196351543 | RMSE=0.226731081 | MAPE=19.560741415% | params={'learning_rate': 0.02410332081060701, 'decay_rate': 0.03663594954108257, 'hidden_size': 16, 'signal_len': 16, 'cheb_order': 2, 's': 7.053737512485718, 'batch_size': 16, 'k': 4}
Trial 331 finished with value 0.129362827 | dataset=nasdaq | model=ufgtime_plus | val_MSE=0.005476858 | test_MSE=0.026220762 | MAE=0.129362827 | RMSE=0.161928263 | MAPE=13.671677787% | params={'learning_rate': 0.025999450214400904, 'decay_rate': 0.0008881884066104773, 'hidden_size': 16, 'signal_len': 16, 'cheb_order': 2, 's': 6.920245004754886, 'batch_size': 16, 'k': 4}
Trial 332 finished with value 0.062904530 | dataset=nasdaq | model=ufgtime_plus | val_MSE=0.002875800 | test_MSE=0.008957309 | MAE=0.062904530 | RMSE=0.094643064 | MAPE=6.809196259% | params={'learning_rate': 0.027468263645585182, 'decay_rate': 2.3990808997803453e-05, 'hidden_size': 16, 'signal_len': 16, 'cheb_order': 2, 's': 7.699641388393643, 'batch_size': 16, 'k': 4}
Trial 333 finished with value 0.187457036 | dataset=nasdaq | model=ufgtime_plus | val_MSE=0.006809008 | test_MSE=0.058552374 | MAE=0.187457036 | RMSE=0.241975977 | MAPE=16.223349509% | params={'learning_rate': 0.0011230338825477873, 'decay_rate': 0.0017610872937998824, 'hidden_size': 16, 'signal_len': 16, 'cheb_order': 2, 's': 7.647346210051265, 'batch_size': 16, 'k': 4}
Trial 334 finished with value 0.131098827 | dataset=nasdaq | model=ufgtime_plus | val_MSE=0.005491599 | test_MSE=0.025519361 | MAE=0.131098827 | RMSE=0.159747805 | MAPE=14.264193516% | params={'learning_rate': 0.02739649190021628, 'decay_rate': 0.0010153644124817264, 'hidden_size': 16, 'signal_len': 16, 'cheb_order': 2, 's': 7.798207089253383, 'batch_size': 32, 'k': 4}
Trial 335 finished with value 0.067931312 | dataset=nasdaq | model=ufgtime_plus | val_MSE=0.003069839 | test_MSE=0.009823191 | MAE=0.067931312 | RMSE=0.099112014 | MAPE=7.111054981% | params={'learning_rate': 0.028383342039300243, 'decay_rate': 2.9476860185226362e-05, 'hidden_size': 16, 'signal_len': 16, 'cheb_order': 2, 's': 7.481372777782862, 'batch_size': 16, 'k': 4}
Trial 336 finished with value 0.160805460 | dataset=nasdaq | model=ufgtime_plus | val_MSE=0.006892607 | test_MSE=0.036402637 | MAE=0.160805460 | RMSE=0.190794750 | MAPE=16.889722075% | params={'learning_rate': 0.029738427383574288, 'decay_rate': 0.002729905655568509, 'hidden_size': 16, 'signal_len': 16, 'cheb_order': 2, 's': 7.924572516639309, 'batch_size': 128, 'k': 4}
Trial 337 finished with value 0.129886382 | dataset=nasdaq | model=ufgtime_plus | val_MSE=0.005424503 | test_MSE=0.025293671 | MAE=0.129886382 | RMSE=0.159039842 | MAPE=14.072120433% | params={'learning_rate': 0.028375487715863432, 'decay_rate': 0.000928760107876198, 'hidden_size': 16, 'signal_len': 16, 'cheb_order': 2, 's': 7.728996037081244, 'batch_size': 16, 'k': 4}
Trial 338 finished with value 0.146701769 | dataset=nasdaq | model=ufgtime_plus | val_MSE=0.006172159 | test_MSE=0.030443170 | MAE=0.146701769 | RMSE=0.174479713 | MAPE=16.006647603% | params={'learning_rate': 0.028197163012805684, 'decay_rate': 0.001824805335784875, 'hidden_size': 16, 'signal_len': 16, 'cheb_order': 2, 's': 7.552776514865311, 'batch_size': 16, 'k': 4}
Trial 339 finished with value 0.131450135 | dataset=nasdaq | model=ufgtime_plus | val_MSE=0.005662608 | test_MSE=0.026663598 | MAE=0.131450135 | RMSE=0.163289919 | MAPE=14.061527854% | params={'learning_rate': 0.029123560398190917, 'decay_rate': 0.0008889084727190625, 'hidden_size': 16, 'signal_len': 16, 'cheb_order': 2, 's': 7.505072791508981, 'batch_size': 256, 'k': 4}
Trial 340 finished with value 0.154456266 | dataset=nasdaq | model=ufgtime_plus | val_MSE=0.006582432 | test_MSE=0.033592249 | MAE=0.154456266 | RMSE=0.183281885 | MAPE=16.623447344% | params={'learning_rate': 0.03127559934745738, 'decay_rate': 0.0025349448986945375, 'hidden_size': 16, 'signal_len': 16, 'cheb_order': 2, 's': 8.102616171558415, 'batch_size': 16, 'k': 4}
Trial 341 finished with value 0.128678207 | dataset=nasdaq | model=ufgtime_plus | val_MSE=0.005404696 | test_MSE=0.025764566 | MAE=0.128678207 | RMSE=0.160513446 | MAPE=13.723603122% | params={'learning_rate': 0.02747254781628441, 'decay_rate': 0.0009365667713744911, 'hidden_size': 16, 'signal_len': 16, 'cheb_order': 2, 's': 7.302058641407835, 'batch_size': 16, 'k': 4}
Trial 342 finished with value 0.068573823 | dataset=nasdaq | model=ufgtime_plus | val_MSE=0.003253827 | test_MSE=0.009556605 | MAE=0.068573823 | RMSE=0.097757888 | MAPE=7.414681014% | params={'learning_rate': 0.025200399736616676, 'decay_rate': 3.801370920024713e-05, 'hidden_size': 16, 'signal_len': 16, 'cheb_order': 2, 's': 8.297247303285454, 'batch_size': 16, 'k': 4}
Trial 343 finished with value 0.148877691 | dataset=nasdaq | model=ufgtime_plus | val_MSE=0.005999843 | test_MSE=0.031140953 | MAE=0.148877691 | RMSE=0.176467995 | MAPE=15.946217941% | params={'learning_rate': 0.03340188787146066, 'decay_rate': 0.0017897669294363097, 'hidden_size': 16, 'signal_len': 16, 'cheb_order': 2, 's': 8.25160425093468, 'batch_size': 16, 'k': 4}
Trial 344 finished with value 0.164465182 | dataset=nasdaq | model=ufgtime_plus | val_MSE=0.006636431 | test_MSE=0.036859455 | MAE=0.164465182 | RMSE=0.191988162 | MAPE=17.459069317% | params={'learning_rate': 0.026843845029616127, 'decay_rate': 0.003936572297580354, 'hidden_size': 16, 'signal_len': 16, 'cheb_order': 2, 's': 8.092274734548838, 'batch_size': 16, 'k': 4}
Trial 345 finished with value 0.122784686 | dataset=nasdaq | model=ufgtime_plus | val_MSE=0.005225044 | test_MSE=0.023723155 | MAE=0.122784686 | RMSE=0.154023230 | MAPE=13.240264570% | params={'learning_rate': 0.030010685696081136, 'decay_rate': 0.0007940159579626602, 'hidden_size': 16, 'signal_len': 16, 'cheb_order': 2, 's': 8.415639520628348, 'batch_size': 16, 'k': 4}
Trial 346 finished with value 0.105530164 | dataset=nasdaq | model=ufgtime_plus | val_MSE=0.005088511 | test_MSE=0.019334550 | MAE=0.105530164 | RMSE=0.139048733 | MAPE=11.204066483% | params={'learning_rate': 0.02574337044913665, 'decay_rate': 3.095174371722933e-05, 'hidden_size': 64, 'signal_len': 16, 'cheb_order': 2, 's': 7.880848567924852, 'batch_size': 16, 'k': 4}
Trial 347 finished with value 0.145278826 | dataset=nasdaq | model=ufgtime_plus | val_MSE=0.006027869 | test_MSE=0.030340009 | MAE=0.145278826 | RMSE=0.174183837 | MAPE=15.335550938% | params={'learning_rate': 0.02809044110825131, 'decay_rate': 0.0015784042957657667, 'hidden_size': 16, 'signal_len': 16, 'cheb_order': 2, 's': 8.02432745255004, 'batch_size': 16, 'k': 4}
Trial 348 finished with value 0.161329427 | dataset=nasdaq | model=ufgtime_plus | val_MSE=0.006619902 | test_MSE=0.035973538 | MAE=0.161329427 | RMSE=0.189666913 | MAPE=17.106554351% | params={'learning_rate': 0.024811441254453573, 'decay_rate': 0.003101429600553505, 'hidden_size': 16, 'signal_len': 16, 'cheb_order': 2, 's': 8.279784010894971, 'batch_size': 16, 'k': 4}
Trial 349 finished with value 0.076523426 | dataset=nasdaq | model=ufgtime_plus | val_MSE=0.003325402 | test_MSE=0.011289627 | MAE=0.076523426 | RMSE=0.106252655 | MAPE=8.196994854% | params={'learning_rate': 0.026286042266204245, 'decay_rate': 5.961290384044503e-05, 'hidden_size': 16, 'signal_len': 16, 'cheb_order': 2, 's': 8.545125419032372, 'batch_size': 16, 'k': 4}
Trial 350 finished with value 0.127287812 | dataset=nasdaq | model=ufgtime_plus | val_MSE=0.005388434 | test_MSE=0.025027526 | MAE=0.127287812 | RMSE=0.158200905 | MAPE=13.759101197% | params={'learning_rate': 0.024896069897254618, 'decay_rate': 0.0009700127031910679, 'hidden_size': 16, 'signal_len': 16, 'cheb_order': 2, 's': 7.830365054581781, 'batch_size': 16, 'k': 4}
Trial 351 finished with value 0.152012704 | dataset=nasdaq | model=ufgtime_plus | val_MSE=0.006247655 | test_MSE=0.032377867 | MAE=0.152012704 | RMSE=0.179938508 | MAPE=16.378835191% | params={'learning_rate': 0.027190948058550938, 'decay_rate': 0.0022511325969207224, 'hidden_size': 16, 'signal_len': 16, 'cheb_order': 2, 's': 7.676547392976609, 'batch_size': 16, 'k': 4}
Trial 352 finished with value 0.069183599 | dataset=nasdaq | model=ufgtime_plus | val_MSE=0.003051131 | test_MSE=0.009736712 | MAE=0.069183599 | RMSE=0.098674779 | MAPE=7.470512079% | params={'learning_rate': 0.023523233577469212, 'decay_rate': 5.331642863664494e-05, 'hidden_size': 16, 'signal_len': 16, 'cheb_order': 2, 's': 6.598257607732753, 'batch_size': 16, 'k': 4}
Trial 353 finished with value 0.149497156 | dataset=nasdaq | model=ufgtime_plus | val_MSE=0.006410406 | test_MSE=0.032725167 | MAE=0.149497156 | RMSE=0.180900987 | MAPE=15.566954592% | params={'learning_rate': 0.022650152803054224, 'decay_rate': 0.0016376738995066778, 'hidden_size': 16, 'signal_len': 16, 'cheb_order': 2, 's': 6.685444166900062, 'batch_size': 16, 'k': 4}
