Trial 118 finished with value 0.156664534 | dataset=nasdaq | model=ufgtime_plus | val_MSE=0.006633194 | test_MSE=0.034686225 | MAE=0.156664534 | RMSE=0.186242384 | MAPE=16.609974406% | params={'learning_rate': 0.008576306694290428, 'decay_rate': 0.0023896948124828093, 'hidden_size': 16, 'signal_len': 8, 'cheb_order': 3, 's': 6.9154937361462325, 'batch_size': 64, 'k': 3}
Trial 119 finished with value 0.125278604 | dataset=nasdaq | model=ufgtime_plus | val_MSE=0.005437553 | test_MSE=0.025238136 | MAE=0.125278604 | RMSE=0.158865150 | MAPE=13.220254308% | params={'learning_rate': 0.023346972173314964, 'decay_rate': 0.000907063641706788, 'hidden_size': 16, 'signal_len': 8, 'cheb_order': 3, 's': 4.144823305323452, 'batch_size': 16, 'k': 4}
Trial 120 finished with value 0.161224420 | dataset=nasdaq | model=ufgtime_plus | val_MSE=0.006760672 | test_MSE=0.035606604 | MAE=0.161224420 | RMSE=0.188697124 | MAPE=17.428002039% | params={'learning_rate': 0.016809082058654168, 'decay_rate': 0.0038637771084473584, 'hidden_size': 16, 'signal_len': 8, 'cheb_order': 3, 's': 3.8241947188990055, 'batch_size': 64, 'k': 4}
Trial 121 finished with value 0.098293559 | dataset=nasdaq | model=ufgtime_plus | val_MSE=0.005263920 | test_MSE=0.018902576 | MAE=0.098293559 | RMSE=0.137486639 | MAPE=10.215245888% | params={'learning_rate': 0.03640347079074809, 'decay_rate': 2.959739266456139e-05, 'hidden_size': 16, 'signal_len': 8, 'cheb_order': 3, 's': 3.5355938415182755, 'batch_size': 256, 'k': 4}
Trial 122 finished with value 0.110025833 | dataset=nasdaq | model=ufgtime_plus | val_MSE=0.005081050 | test_MSE=0.020863696 | MAE=0.110025833 | RMSE=0.144442707 | MAPE=11.820849454% | params={'learning_rate': 0.044754641683182037, 'decay_rate': 0.00016604247917863935, 'hidden_size': 16, 'signal_len': 8, 'cheb_order': 3, 's': 5.498673379210999, 'batch_size': 64, 'k': 4}
Trial 123 finished with value 0.090511890 | dataset=nasdaq | model=ufgtime_plus | val_MSE=0.004728304 | test_MSE=0.015922977 | MAE=0.090511890 | RMSE=0.126186277 | MAPE=9.735584974% | params={'learning_rate': 0.036090086852257904, 'decay_rate': 3.283487130925247e-05, 'hidden_size': 16, 'signal_len': 8, 'cheb_order': 3, 's': 3.6307582048192364, 'batch_size': 64, 'k': 4}
Trial 124 finished with value 0.142102221 | dataset=nasdaq | model=ufgtime_plus | val_MSE=0.005975102 | test_MSE=0.029692110 | MAE=0.142102221 | RMSE=0.172313986 | MAPE=15.183336730% | params={'learning_rate': 0.03901662737871217, 'decay_rate': 0.0015255280736203196, 'hidden_size': 16, 'signal_len': 8, 'cheb_order': 3, 's': 3.039957387832091, 'batch_size': 16, 'k': 4}
Trial 125 finished with value 0.158048416 | dataset=nasdaq | model=ufgtime_plus | val_MSE=0.006516123 | test_MSE=0.034259304 | MAE=0.158048416 | RMSE=0.185092690 | MAPE=17.119527302% | params={'learning_rate': 0.036119200259983504, 'decay_rate': 0.003160227123136688, 'hidden_size': 16, 'signal_len': 8, 'cheb_order': 3, 's': 3.5620435396560097, 'batch_size': 64, 'k': 4}
Trial 126 finished with value 0.103218431 | dataset=nasdaq | model=ufgtime_plus | val_MSE=0.004860559 | test_MSE=0.019533805 | MAE=0.103218431 | RMSE=0.139763389 | MAPE=11.054743149% | params={'learning_rate': 0.04062935831593515, 'decay_rate': 3.019347793870039e-05, 'hidden_size': 16, 'signal_len': 8, 'cheb_order': 3, 's': 3.1967200094053307, 'batch_size': 256, 'k': 4}
Trial 127 finished with value 0.201745654 | dataset=nasdaq | model=ufgtime_plus | val_MSE=0.012544708 | test_MSE=0.055804027 | MAE=0.201745654 | RMSE=0.236228760 | MAPE=19.481384752% | params={'learning_rate': 0.013868563219020266, 'decay_rate': 0.03106269628480209, 'hidden_size': 16, 'signal_len': 16, 'cheb_order': 3, 's': 3.711386502775271, 'batch_size': 32, 'k': 4}
Trial 128 finished with value 0.149888022 | dataset=nasdaq | model=ufgtime_plus | val_MSE=0.006234391 | test_MSE=0.031583033 | MAE=0.149888022 | RMSE=0.177716158 | MAPE=16.267819020% | params={'learning_rate': 0.03439199145974674, 'decay_rate': 0.002002158196676147, 'hidden_size': 16, 'signal_len': 8, 'cheb_order': 3, 's': 3.2985361533381328, 'batch_size': 64, 'k': 4}
Trial 129 finished with value 0.093817588 | dataset=nasdaq | model=ufgtime_plus | val_MSE=0.004302237 | test_MSE=0.017423575 | MAE=0.093817588 | RMSE=0.131998391 | MAPE=9.619287420% | params={'learning_rate': 0.022058797028214325, 'decay_rate': 1.1134501166766418e-05, 'hidden_size': 16, 'signal_len': 8, 'cheb_order': 3, 's': 2.8280713279554717, 'batch_size': 64, 'k': 4}
Trial 130 finished with value 0.143599404 | dataset=nasdaq | model=ufgtime_plus | val_MSE=0.006510412 | test_MSE=0.031335137 | MAE=0.143599404 | RMSE=0.177017336 | MAPE=14.893081045% | params={'learning_rate': 0.011217305775653223, 'decay_rate': 0.0011924612618928359, 'hidden_size': 16, 'signal_len': 8, 'cheb_order': 3, 's': 3.0055535218587206, 'batch_size': 128, 'k': 3}
Trial 131 finished with value 0.091806279 | dataset=nasdaq | model=ufgtime_plus | val_MSE=0.004699984 | test_MSE=0.016416524 | MAE=0.091806279 | RMSE=0.128126983 | MAPE=9.853776675% | params={'learning_rate': 0.022124344002201583, 'decay_rate': 0.00013515661957033418, 'hidden_size': 16, 'signal_len': 8, 'cheb_order': 3, 's': 2.8022766857930432, 'batch_size': 64, 'k': 4}
Trial 132 finished with value 0.155260093 | dataset=nasdaq | model=ufgtime_plus | val_MSE=0.006435286 | test_MSE=0.033411839 | MAE=0.155260093 | RMSE=0.182789055 | MAPE=16.808193169% | params={'learning_rate': 0.03762806026448773, 'decay_rate': 0.0026141698489291704, 'hidden_size': 16, 'signal_len': 8, 'cheb_order': 3, 's': 2.2761336025688164, 'batch_size': 64, 'k': 4}
Trial 133 finished with value 0.086269859 | dataset=nasdaq | model=ufgtime_plus | val_MSE=0.004281520 | test_MSE=0.014671270 | MAE=0.086269859 | RMSE=0.121125018 | MAPE=9.304923946% | params={'learning_rate': 0.021881057744606226, 'decay_rate': 3.8746848113688435e-05, 'hidden_size': 16, 'signal_len': 8, 'cheb_order': 3, 's': 2.7425688268562856, 'batch_size': 64, 'k': 4}
Trial 134 finished with value 0.134273434 | dataset=nasdaq | model=ufgtime_plus | val_MSE=0.005743663 | test_MSE=0.027477259 | MAE=0.134273434 | RMSE=0.165762660 | MAPE=14.345956085% | params={'learning_rate': 0.021963485003692926, 'decay_rate': 0.0011535433996677526, 'hidden_size': 16, 'signal_len': 8, 'cheb_order': 3, 's': 2.7032005374860097, 'batch_size': 64, 'k': 4}
Trial 135 finished with value 0.161553128 | dataset=nasdaq | model=ufgtime_plus | val_MSE=0.006594241 | test_MSE=0.035746431 | MAE=0.161553128 | RMSE=0.189067266 | MAPE=17.275466336% | params={'learning_rate': 0.024434149748647063, 'decay_rate': 0.003521502000640478, 'hidden_size': 16, 'signal_len': 8, 'cheb_order': 3, 's': 2.534667599374442, 'batch_size': 64, 'k': 4}
Trial 136 finished with value 0.155551987 | dataset=nasdaq | model=ufgtime_plus | val_MSE=0.006555142 | test_MSE=0.034269884 | MAE=0.155551987 | RMSE=0.185121267 | MAPE=16.469604837% | params={'learning_rate': 0.020286476161575508, 'decay_rate': 0.0020363763149716823, 'hidden_size': 16, 'signal_len': 8, 'cheb_order': 3, 's': 2.8181107288995855, 'batch_size': 64, 'k': 4}
Trial 137 finished with value 0.163295986 | dataset=nasdaq | model=ufgtime_plus | val_MSE=0.006755729 | test_MSE=0.036152543 | MAE=0.163295986 | RMSE=0.190138222 | MAPE=17.683696875% | params={'learning_rate': 0.025901501828752897, 'decay_rate': 0.004745658258030446, 'hidden_size': 16, 'signal_len': 8, 'cheb_order': 3, 's': 2.0179192116826017, 'batch_size': 64, 'k': 4}
Trial 138 finished with value 0.124434811 | dataset=nasdaq | model=ufgtime_plus | val_MSE=0.005272707 | test_MSE=0.024702252 | MAE=0.124434811 | RMSE=0.157169502 | MAPE=13.185908800% | params={'learning_rate': 0.02290580278778166, 'decay_rate': 0.0008456909688866617, 'hidden_size': 16, 'signal_len': 8, 'cheb_order': 3, 's': 2.143048758234889, 'batch_size': 64, 'k': 2}
Trial 139 finished with value 0.091413380 | dataset=nasdaq | model=ufgtime_plus | val_MSE=0.004648566 | test_MSE=0.016099990 | MAE=0.091413380 | RMSE=0.126885737 | MAPE=9.758266014% | params={'learning_rate': 0.021712175084169397, 'decay_rate': 8.561539330637296e-05, 'hidden_size': 32, 'signal_len': 8, 'cheb_order': 3, 's': 2.871128022375473, 'batch_size': 64, 'k': 4}
Trial 140 finished with value 0.154772638 | dataset=nasdaq | model=ufgtime_plus | val_MSE=0.006441587 | test_MSE=0.033030622 | MAE=0.154772638 | RMSE=0.181743286 | MAPE=16.866303070% | params={'learning_rate': 0.02134926932656151, 'decay_rate': 0.002672907979254671, 'hidden_size': 32, 'signal_len': 8, 'cheb_order': 3, 's': 2.4241285495065084, 'batch_size': 64, 'k': 4}
Trial 141 finished with value 0.089873006 | dataset=nasdaq | model=ufgtime_plus | val_MSE=0.004594029 | test_MSE=0.015691228 | MAE=0.089873006 | RMSE=0.125264630 | MAPE=9.727993854% | params={'learning_rate': 0.019025686699207782, 'decay_rate': 3.819871643232694e-05, 'hidden_size': 32, 'signal_len': 8, 'cheb_order': 3, 's': 2.8268297278918775, 'batch_size': 64, 'k': 4}
Trial 142 finished with value 0.137029941 | dataset=nasdaq | model=ufgtime_plus | val_MSE=0.005799698 | test_MSE=0.028183421 | MAE=0.137029941 | RMSE=0.167879187 | MAPE=14.664979379% | params={'learning_rate': 0.01874524339197381, 'decay_rate': 0.0012442426334382084, 'hidden_size': 32, 'signal_len': 8, 'cheb_order': 3, 's': 2.8660797761767025, 'batch_size': 64, 'k': 4}
Trial 143 finished with value 0.150873466 | dataset=nasdaq | model=ufgtime_plus | val_MSE=0.006319792 | test_MSE=0.032394874 | MAE=0.150873466 | RMSE=0.179985762 | MAPE=16.163379728% | params={'learning_rate': 0.019822726612602374, 'decay_rate': 0.0019398453085208494, 'hidden_size': 32, 'signal_len': 8, 'cheb_order': 3, 's': 2.9294803313512103, 'batch_size': 64, 'k': 4}
Trial 144 finished with value 0.138560272 | dataset=nasdaq | model=ufgtime_plus | val_MSE=0.005733087 | test_MSE=0.028683439 | MAE=0.138560272 | RMSE=0.169361859 | MAPE=14.650259271% | params={'learning_rate': 0.02185573314131963, 'decay_rate': 0.0011540888817266415, 'hidden_size': 32, 'signal_len': 8, 'cheb_order': 3, 's': 3.2102397596315315, 'batch_size': 64, 'k': 4}
Trial 145 finished with value 0.103108655 | dataset=nasdaq | model=ufgtime_plus | val_MSE=0.005003895 | test_MSE=0.019169162 | MAE=0.103108655 | RMSE=0.138452744 | MAPE=11.068735572% | params={'learning_rate': 0.023313351132987933, 'decay_rate': 9.501581356845808e-05, 'hidden_size': 32, 'signal_len': 8, 'cheb_order': 3, 's': 2.785138440880016, 'batch_size': 16, 'k': 4}
Trial 146 finished with value 0.161880985 | dataset=nasdaq | model=ufgtime_plus | val_MSE=0.006684610 | test_MSE=0.036241662 | MAE=0.161880985 | RMSE=0.190372431 | MAPE=17.117670824% | params={'learning_rate': 0.02095158864073811, 'decay_rate': 0.003341528303491377, 'hidden_size': 32, 'signal_len': 8, 'cheb_order': 3, 's': 2.565739945760944, 'batch_size': 64, 'k': 4}
Trial 147 finished with value 0.149998343 | dataset=nasdaq | model=ufgtime_plus | val_MSE=0.006247450 | test_MSE=0.031790131 | MAE=0.149998343 | RMSE=0.178297871 | MAPE=16.193053519% | params={'learning_rate': 0.025079967648129062, 'decay_rate': 0.0018429703677921578, 'hidden_size': 32, 'signal_len': 8, 'cheb_order': 3, 's': 3.3586655025981704, 'batch_size': 64, 'k': 2}
Trial 148 finished with value 0.177997205 | dataset=nasdaq | model=ufgtime_plus | val_MSE=0.007559100 | test_MSE=0.042606177 | MAE=0.177997205 | RMSE=0.206412638 | MAPE=18.473337110% | params={'learning_rate': 0.022278747812306796, 'decay_rate': 0.01620926186111093, 'hidden_size': 32, 'signal_len': 16, 'cheb_order': 3, 's': 1.6535694687557816, 'batch_size': 64, 'k': 4}
Trial 149 finished with value 0.089984123 | dataset=nasdaq | model=ufgtime_plus | val_MSE=0.004414929 | test_MSE=0.015959448 | MAE=0.089984123 | RMSE=0.126330707 | MAPE=9.573751679% | params={'learning_rate': 0.023870834030128213, 'decay_rate': 5.6936272465123866e-05, 'hidden_size': 32, 'signal_len': 8, 'cheb_order': 2, 's': 2.344895146906308, 'batch_size': 64, 'k': 4}
Trial 150 finished with value 0.126415089 | dataset=nasdaq | model=ufgtime_plus | val_MSE=0.005261901 | test_MSE=0.025008926 | MAE=0.126415089 | RMSE=0.158142108 | MAPE=13.390116402% | params={'learning_rate': 0.019142159939522535, 'decay_rate': 0.0008530256917756236, 'hidden_size': 32, 'signal_len': 8, 'cheb_order': 3, 's': 2.1920132831962693, 'batch_size': 64, 'k': 4}
Trial 151 finished with value 0.096461615 | dataset=nasdaq | model=ufgtime_plus | val_MSE=0.004190410 | test_MSE=0.016944465 | MAE=0.096461615 | RMSE=0.130170906 | MAPE=10.183618124% | params={'learning_rate': 0.023877050187496147, 'decay_rate': 6.20704569918713e-05, 'hidden_size': 32, 'signal_len': 8, 'cheb_order': 2, 's': 2.49760463945142, 'batch_size': 64, 'k': 4}
Trial 152 finished with value 0.155944248 | dataset=nasdaq | model=ufgtime_plus | val_MSE=0.006468406 | test_MSE=0.034065812 | MAE=0.155944248 | RMSE=0.184569260 | MAPE=16.654601231% | params={'learning_rate': 0.020588912751363743, 'decay_rate': 0.0022531784416103527, 'hidden_size': 32, 'signal_len': 8, 'cheb_order': 2, 's': 3.0760422368750047, 'batch_size': 64, 'k': 4}
Trial 153 finished with value 0.095868089 | dataset=nasdaq | model=ufgtime_plus | val_MSE=0.004104204 | test_MSE=0.016216055 | MAE=0.095868089 | RMSE=0.127342277 | MAPE=10.423702147% | params={'learning_rate': 0.02259707287918796, 'decay_rate': 4.17884626842411e-05, 'hidden_size': 32, 'signal_len': 8, 'cheb_order': 2, 's': 2.386515466891904, 'batch_size': 64, 'k': 4}
Trial 154 finished with value 0.136971364 | dataset=nasdaq | model=ufgtime_plus | val_MSE=0.005819481 | test_MSE=0.028541217 | MAE=0.136971364 | RMSE=0.168941459 | MAPE=14.451607260% | params={'learning_rate': 0.02453329237572743, 'decay_rate': 0.0011789372690925073, 'hidden_size': 32, 'signal_len': 8, 'cheb_order': 2, 's': 2.7642982372961495, 'batch_size': 64, 'k': 4}
Trial 155 finished with value 0.159345301 | dataset=nasdaq | model=ufgtime_plus | val_MSE=0.006439124 | test_MSE=0.035015286 | MAE=0.159345301 | RMSE=0.187123719 | MAPE=16.990393250% | params={'learning_rate': 0.021590233576653708, 'decay_rate': 0.0029958203173564555, 'hidden_size': 32, 'signal_len': 8, 'cheb_order': 2, 's': 4.0135920700823, 'batch_size': 16, 'k': 4}
Trial 156 finished with value 0.143177552 | dataset=nasdaq | model=ufgtime_plus | val_MSE=0.005896891 | test_MSE=0.029820576 | MAE=0.143177552 | RMSE=0.172686352 | MAPE=15.324759022% | params={'learning_rate': 0.026817995355955568, 'decay_rate': 0.0014986481030621588, 'hidden_size': 16, 'signal_len': 8, 'cheb_order': 3, 's': 3.1672956226991693, 'batch_size': 64, 'k': 2}
Trial 157 finished with value 0.087909598 | dataset=nasdaq | model=ufgtime_plus | val_MSE=0.004528056 | test_MSE=0.015305558 | MAE=0.087909598 | RMSE=0.123715633 | MAPE=9.171015159% | params={'learning_rate': 0.01521075940167434, 'decay_rate': 1.0993031667679473e-05, 'hidden_size': 16, 'signal_len': 8, 'cheb_order': 2, 's': 6.558336025903232, 'batch_size': 64, 'k': 4}
Trial 158 finished with value 0.162071255 | dataset=nasdaq | model=ufgtime_plus | val_MSE=0.006734496 | test_MSE=0.036056436 | MAE=0.162071255 | RMSE=0.189885324 | MAPE=17.393280961% | params={'learning_rate': 0.015496922193299806, 'decay_rate': 0.003867299851090602, 'hidden_size': 16, 'signal_len': 8, 'cheb_order': 3, 's': 6.857808296008168, 'batch_size': 64, 'k': 4}
Trial 159 finished with value 0.131151370 | dataset=nasdaq | model=ufgtime_plus | val_MSE=0.005520710 | test_MSE=0.026459735 | MAE=0.131151370 | RMSE=0.162664486 | MAPE=13.997026954% | params={'learning_rate': 0.01800681309091831, 'decay_rate': 0.0010215482619658931, 'hidden_size': 16, 'signal_len': 8, 'cheb_order': 2, 's': 6.472369256548646, 'batch_size': 64, 'k': 2}
Trial 160 finished with value 0.158458683 | dataset=nasdaq | model=ufgtime_plus | val_MSE=0.006649055 | test_MSE=0.035402101 | MAE=0.158458683 | RMSE=0.188154461 | MAPE=16.587369018% | params={'learning_rate': 0.016958464871926315, 'decay_rate': 0.0022710582542904765, 'hidden_size': 16, 'signal_len': 8, 'cheb_order': 3, 's': 6.704616633910871, 'batch_size': 64, 'k': 4}
Trial 161 finished with value 0.089829565 | dataset=nasdaq | model=ufgtime_plus | val_MSE=0.004649003 | test_MSE=0.016086641 | MAE=0.089829565 | RMSE=0.126833125 | MAPE=9.669029123% | params={'learning_rate': 0.023512530839522646, 'decay_rate': 8.641984698772331e-05, 'hidden_size': 16, 'signal_len': 8, 'cheb_order': 2, 's': 6.287513286381799, 'batch_size': 64, 'k': 4}
Trial 162 finished with value 0.087890881 | dataset=nasdaq | model=ufgtime_plus | val_MSE=0.004591926 | test_MSE=0.014766018 | MAE=0.087890881 | RMSE=0.121515503 | MAPE=9.778478915% | params={'learning_rate': 0.023652491797268436, 'decay_rate': 5.1944909879240144e-05, 'hidden_size': 16, 'signal_len': 8, 'cheb_order': 2, 's': 6.151486350546109, 'batch_size': 64, 'k': 4}
Trial 163 finished with value 0.136756482 | dataset=nasdaq | model=ufgtime_plus | val_MSE=0.005713406 | test_MSE=0.028133892 | MAE=0.136756482 | RMSE=0.167731607 | MAPE=14.551810633% | params={'learning_rate': 0.023254816491161935, 'decay_rate': 0.0012076231148879612, 'hidden_size': 16, 'signal_len': 8, 'cheb_order': 2, 's': 6.162844921082883, 'batch_size': 64, 'k': 4}
Trial 164 finished with value 0.090160308 | dataset=nasdaq | model=ufgtime_plus | val_MSE=0.004717901 | test_MSE=0.015609877 | MAE=0.090160308 | RMSE=0.124939493 | MAPE=9.800456201% | params={'learning_rate': 0.025671589715222955, 'decay_rate': 3.8244283101266024e-05, 'hidden_size': 16, 'signal_len': 8, 'cheb_order': 2, 's': 6.231648693270698, 'batch_size': 64, 'k': 4}
Trial 165 finished with value 0.091449861 | dataset=nasdaq | model=ufgtime_plus | val_MSE=0.004715522 | test_MSE=0.015741040 | MAE=0.091449861 | RMSE=0.125463300 | MAPE=9.994187042% | params={'learning_rate': 0.020052713074023586, 'decay_rate': 9.324348217222196e-05, 'hidden_size': 16, 'signal_len': 8, 'cheb_order': 2, 's': 6.257568621669776, 'batch_size': 64, 'k': 4}
Trial 166 finished with value 0.154632144 | dataset=nasdaq | model=ufgtime_plus | val_MSE=0.006361145 | test_MSE=0.033677963 | MAE=0.154632144 | RMSE=0.183515566 | MAPE=16.368421175% | params={'learning_rate': 0.019607992698575553, 'decay_rate': 0.0021042390250792407, 'hidden_size': 16, 'signal_len': 8, 'cheb_order': 2, 's': 6.273116750860546, 'batch_size': 64, 'k': 4}
Trial 167 finished with value 0.134428531 | dataset=nasdaq | model=ufgtime_plus | val_MSE=0.005548429 | test_MSE=0.027432513 | MAE=0.134428531 | RMSE=0.165627633 | MAPE=14.213691762% | params={'learning_rate': 0.01849422749993025, 'decay_rate': 0.0010372173631503557, 'hidden_size': 16, 'signal_len': 8, 'cheb_order': 2, 's': 6.522139942583511, 'batch_size': 64, 'k': 4}
Trial 168 finished with value 0.159181836 | dataset=nasdaq | model=ufgtime_plus | val_MSE=0.006552784 | test_MSE=0.035172268 | MAE=0.159181836 | RMSE=0.187542711 | MAPE=16.869218752% | params={'learning_rate': 0.0205094885496597, 'decay_rate': 0.0028421989505964906, 'hidden_size': 16, 'signal_len': 8, 'cheb_order': 2, 's': 5.904928088065116, 'batch_size': 64, 'k': 4}
Trial 169 finished with value 0.133267210 | dataset=nasdaq | model=ufgtime_plus | val_MSE=0.005527513 | test_MSE=0.026892694 | MAE=0.133267210 | RMSE=0.163989922 | MAPE=14.270801158% | params={'learning_rate': 0.015106738917192573, 'decay_rate': 0.000943556160029226, 'hidden_size': 32, 'signal_len': 8, 'cheb_order': 2, 's': 6.087754414289342, 'batch_size': 64, 'k': 4}
Trial 170 finished with value 0.086849714 | dataset=nasdaq | model=ufgtime_plus | val_MSE=0.004599513 | test_MSE=0.015180955 | MAE=0.086849714 | RMSE=0.123211016 | MAPE=9.439834988% | params={'learning_rate': 0.02547420717424708, 'decay_rate': 2.235494292742335e-05, 'hidden_size': 16, 'signal_len': 8, 'cheb_order': 2, 's': 6.662416727083005, 'batch_size': 64, 'k': 2}
Trial 171 finished with value 0.127651340 | dataset=nasdaq | model=ufgtime_plus | val_MSE=0.005480870 | test_MSE=0.025921149 | MAE=0.127651340 | RMSE=0.161000462 | MAPE=13.410470597% | params={'learning_rate': 0.026009212963501005, 'decay_rate': 0.0008337207444373987, 'hidden_size': 16, 'signal_len': 8, 'cheb_order': 2, 's': 7.013432811081078, 'batch_size': 64, 'k': 2}
Trial 172 finished with value 0.085504934 | dataset=nasdaq | model=ufgtime_plus | val_MSE=0.004829927 | test_MSE=0.014470444 | MAE=0.085504934 | RMSE=0.120293157 | MAPE=9.420701169% | params={'learning_rate': 0.024784810287710273, 'decay_rate': 2.0846020250978876e-05, 'hidden_size': 16, 'signal_len': 8, 'cheb_order': 2, 's': 7.232144566863216, 'batch_size': 64, 'k': 2}
Trial 173 finished with value 0.146929886 | dataset=nasdaq | model=ufgtime_plus | val_MSE=0.006062576 | test_MSE=0.030764284 | MAE=0.146929886 | RMSE=0.175397504 | MAPE=15.855920777% | params={'learning_rate': 0.025222351371131827, 'decay_rate': 0.0017924226281235559, 'hidden_size': 16, 'signal_len': 8, 'cheb_order': 2, 's': 6.581182789535861, 'batch_size': 64, 'k': 2}
Trial 174 finished with value 0.150504984 | dataset=nasdaq | model=ufgtime_plus | val_MSE=0.006135016 | test_MSE=0.031924491 | MAE=0.150504984 | RMSE=0.178674260 | MAPE=16.165327188% | params={'learning_rate': 0.024403583013559035, 'decay_rate': 0.0019201317241826763, 'hidden_size': 16, 'signal_len': 8, 'cheb_order': 2, 's': 7.342356895241948, 'batch_size': 64, 'k': 2}
Trial 175 finished with value 0.126627068 | dataset=nasdaq | model=ufgtime_plus | val_MSE=0.005320301 | test_MSE=0.025338832 | MAE=0.126627068 | RMSE=0.159181758 | MAPE=13.320361464% | params={'learning_rate': 0.027698266272569803, 'decay_rate': 0.00085407897403839, 'hidden_size': 16, 'signal_len': 8, 'cheb_order': 2, 's': 7.754970005870475, 'batch_size': 32, 'k': 2}
Trial 176 finished with value 0.158844689 | dataset=nasdaq | model=ufgtime_plus | val_MSE=0.006657617 | test_MSE=0.034962451 | MAE=0.158844689 | RMSE=0.186982488 | MAPE=17.086462849% | params={'learning_rate': 0.023953969628512366, 'decay_rate': 0.003179605201274307, 'hidden_size': 16, 'signal_len': 8, 'cheb_order': 2, 's': 7.2323265430983925, 'batch_size': 64, 'k': 2}
