Trial 531 finished with value 0.129011229 | dataset=nasdaq | model=ufgtime_plus | val_MSE=0.005419524 | test_MSE=0.025074835 | MAE=0.129011229 | RMSE=0.158350354 | MAPE=14.087609552% | params={'learning_rate': 0.023026838930342824, 'decay_rate': 0.0009598531491959169, 'hidden_size': 16, 'signal_len': 16, 'cheb_order': 2, 's': 1.7633473810020883, 'batch_size': 16, 'k': 4}
Trial 532 finished with value 0.062403597 | dataset=nasdaq | model=ufgtime_plus | val_MSE=0.003209545 | test_MSE=0.009026329 | MAE=0.062403597 | RMSE=0.095006993 | MAPE=6.568909332% | params={'learning_rate': 0.02426027703305577, 'decay_rate': 4.3024170851594726e-05, 'hidden_size': 16, 'signal_len': 16, 'cheb_order': 2, 's': 6.701134557530886, 'batch_size': 16, 'k': 4}
Trial 533 finished with value 0.155656448 | dataset=nasdaq | model=ufgtime_plus | val_MSE=0.006314860 | test_MSE=0.033771588 | MAE=0.155656448 | RMSE=0.183770475 | MAPE=16.468939667% | params={'learning_rate': 0.0312547189499691, 'decay_rate': 0.002307663354033935, 'hidden_size': 16, 'signal_len': 16, 'cheb_order': 2, 's': 6.658132430213668, 'batch_size': 16, 'k': 4}
Trial 534 finished with value 0.070864363 | dataset=nasdaq | model=ufgtime_plus | val_MSE=0.003021275 | test_MSE=0.010031705 | MAE=0.070864363 | RMSE=0.100158401 | MAPE=7.660087863% | params={'learning_rate': 0.02588052141741136, 'decay_rate': 3.313035761357956e-05, 'hidden_size': 16, 'signal_len': 16, 'cheb_order': 2, 's': 6.53928123113807, 'batch_size': 16, 'k': 4}
Trial 535 finished with value 0.140314156 | dataset=nasdaq | model=ufgtime_plus | val_MSE=0.006138196 | test_MSE=0.029036945 | MAE=0.140314156 | RMSE=0.170402304 | MAPE=15.084855762% | params={'learning_rate': 0.02792348870859333, 'decay_rate': 0.001523026756568118, 'hidden_size': 16, 'signal_len': 16, 'cheb_order': 2, 's': 6.77594640960509, 'batch_size': 16, 'k': 4}
Trial 536 finished with value 0.073214026 | dataset=nasdaq | model=ufgtime_plus | val_MSE=0.003346578 | test_MSE=0.011307761 | MAE=0.073214026 | RMSE=0.106337954 | MAPE=7.577794612% | params={'learning_rate': 0.024950128682781417, 'decay_rate': 2.9616982519288465e-05, 'hidden_size': 16, 'signal_len': 16, 'cheb_order': 2, 's': 6.864406252103778, 'batch_size': 16, 'k': 4}
Trial 537 finished with value 0.151177806 | dataset=nasdaq | model=ufgtime_plus | val_MSE=0.006072937 | test_MSE=0.032284542 | MAE=0.151177806 | RMSE=0.179678996 | MAPE=15.960115774% | params={'learning_rate': 0.029209925382658024, 'decay_rate': 0.001670168753717226, 'hidden_size': 16, 'signal_len': 16, 'cheb_order': 2, 's': 6.223262679768877, 'batch_size': 16, 'k': 4}
Trial 538 finished with value 0.123039723 | dataset=nasdaq | model=ufgtime_plus | val_MSE=0.005325002 | test_MSE=0.023911230 | MAE=0.123039723 | RMSE=0.154632564 | MAPE=13.343077483% | params={'learning_rate': 0.027170743114107908, 'decay_rate': 0.0009173308231696498, 'hidden_size': 16, 'signal_len': 16, 'cheb_order': 2, 's': 6.684623222167501, 'batch_size': 16, 'k': 4}
Trial 539 finished with value 0.161442571 | dataset=nasdaq | model=ufgtime_plus | val_MSE=0.006966921 | test_MSE=0.034851147 | MAE=0.161442571 | RMSE=0.186684618 | MAPE=17.858024788% | params={'learning_rate': 0.024150796394070168, 'decay_rate': 0.004566312994184773, 'hidden_size': 16, 'signal_len': 16, 'cheb_order': 2, 's': 6.963820806116138, 'batch_size': 16, 'k': 4}
Trial 540 finished with value 0.160127994 | dataset=nasdaq | model=ufgtime_plus | val_MSE=0.006456198 | test_MSE=0.035005662 | MAE=0.160127994 | RMSE=0.187098000 | MAPE=17.141237197% | params={'learning_rate': 0.02649116057561403, 'decay_rate': 0.003167903504926838, 'hidden_size': 16, 'signal_len': 16, 'cheb_order': 2, 's': 9.727433366769283, 'batch_size': 16, 'k': 4}
Trial 541 finished with value 0.103790297 | dataset=nasdaq | model=ufgtime_plus | val_MSE=0.005076845 | test_MSE=0.019359688 | MAE=0.103790297 | RMSE=0.139139097 | MAPE=11.160052126% | params={'learning_rate': 0.02541899212873128, 'decay_rate': 2.080857329502753e-05, 'hidden_size': 32, 'signal_len': 16, 'cheb_order': 2, 's': 6.5161336575641196, 'batch_size': 16, 'k': 4}
Trial 542 finished with value 0.154615362 | dataset=nasdaq | model=ufgtime_plus | val_MSE=0.006277632 | test_MSE=0.033317151 | MAE=0.154615362 | RMSE=0.182529863 | MAPE=16.509543123% | params={'learning_rate': 0.022306122079437645, 'decay_rate': 0.002266251619868952, 'hidden_size': 16, 'signal_len': 16, 'cheb_order': 2, 's': 8.48014539823283, 'batch_size': 32, 'k': 4}
Trial 543 finished with value 0.133857214 | dataset=nasdaq | model=ufgtime_plus | val_MSE=0.005454892 | test_MSE=0.027074459 | MAE=0.133857214 | RMSE=0.164543183 | MAPE=14.142917601% | params={'learning_rate': 0.03270009193152698, 'decay_rate': 0.0010383052897635304, 'hidden_size': 16, 'signal_len': 16, 'cheb_order': 2, 's': 6.87570816052121, 'batch_size': 16, 'k': 4}
Trial 544 finished with value 0.134297519 | dataset=nasdaq | model=ufgtime_plus | val_MSE=0.005537323 | test_MSE=0.027483676 | MAE=0.134297519 | RMSE=0.165782014 | MAPE=14.187247370% | params={'learning_rate': 0.02869277154486154, 'decay_rate': 0.0010008725122916547, 'hidden_size': 16, 'signal_len': 16, 'cheb_order': 2, 's': 6.327488232497655, 'batch_size': 16, 'k': 4}
Trial 545 finished with value 0.148822831 | dataset=nasdaq | model=ufgtime_plus | val_MSE=0.006063953 | test_MSE=0.031599093 | MAE=0.148822831 | RMSE=0.177761336 | MAPE=15.844792285% | params={'learning_rate': 0.030112836174651804, 'decay_rate': 0.0017901856971944325, 'hidden_size': 64, 'signal_len': 16, 'cheb_order': 2, 's': 6.680683473993193, 'batch_size': 16, 'k': 3}
Trial 546 finished with value 0.067079175 | dataset=nasdaq | model=ufgtime_plus | val_MSE=0.003152749 | test_MSE=0.010197443 | MAE=0.067079175 | RMSE=0.100982389 | MAPE=7.160161235% | params={'learning_rate': 0.027684044441460276, 'decay_rate': 3.323050102966761e-05, 'hidden_size': 16, 'signal_len': 16, 'cheb_order': 2, 's': 6.025840797640494, 'batch_size': 16, 'k': 4}
Trial 547 finished with value 0.112816786 | dataset=nasdaq | model=ufgtime_plus | val_MSE=0.004496801 | test_MSE=0.021557570 | MAE=0.112816786 | RMSE=0.146824965 | MAPE=11.513028032% | params={'learning_rate': 0.023893013970195266, 'decay_rate': 0.0009839257275145888, 'hidden_size': 16, 'signal_len': 16, 'cheb_order': 2, 's': 7.164996502356178, 'batch_size': 128, 'k': 4}
Trial 548 finished with value 0.158348044 | dataset=nasdaq | model=ufgtime_plus | val_MSE=0.006478161 | test_MSE=0.034948677 | MAE=0.158348044 | RMSE=0.186945654 | MAPE=16.757571605% | params={'learning_rate': 0.026445094699523327, 'decay_rate': 0.002517940467185066, 'hidden_size': 16, 'signal_len': 16, 'cheb_order': 2, 's': 8.160410657440941, 'batch_size': 16, 'k': 4}
Trial 549 finished with value 0.129311510 | dataset=nasdaq | model=ufgtime_plus | val_MSE=0.005728863 | test_MSE=0.025519132 | MAE=0.129311510 | RMSE=0.159747088 | MAPE=14.100732134% | params={'learning_rate': 0.025363041380516663, 'decay_rate': 0.0009305459691740894, 'hidden_size': 16, 'signal_len': 16, 'cheb_order': 2, 's': 8.376897538042382, 'batch_size': 16, 'k': 4}
Trial 550 finished with value 0.147947713 | dataset=nasdaq | model=ufgtime_plus | val_MSE=0.006153974 | test_MSE=0.030502119 | MAE=0.147947713 | RMSE=0.174648558 | MAPE=16.184522661% | params={'learning_rate': 0.022778663811913142, 'decay_rate': 0.0018912325428471534, 'hidden_size': 16, 'signal_len': 16, 'cheb_order': 2, 's': 7.126665956100028, 'batch_size': 16, 'k': 4}
Trial 551 finished with value 0.131050987 | dataset=nasdaq | model=ufgtime_plus | val_MSE=0.005389271 | test_MSE=0.026264924 | MAE=0.131050987 | RMSE=0.162064568 | MAPE=13.945617852% | params={'learning_rate': 0.04081569997791568, 'decay_rate': 0.0008728077688850015, 'hidden_size': 16, 'signal_len': 16, 'cheb_order': 2, 's': 6.529462691009349, 'batch_size': 256, 'k': 4}
Trial 552 finished with value 0.072349683 | dataset=nasdaq | model=ufgtime_plus | val_MSE=0.002969501 | test_MSE=0.010765223 | MAE=0.072349683 | RMSE=0.103755592 | MAPE=7.711367215% | params={'learning_rate': 0.0293847785074842, 'decay_rate': 2.521066473805404e-05, 'hidden_size': 16, 'signal_len': 16, 'cheb_order': 2, 's': 6.99944532172516, 'batch_size': 16, 'k': 4}
Trial 553 finished with value 0.153690631 | dataset=nasdaq | model=ufgtime_plus | val_MSE=0.006364308 | test_MSE=0.033477219 | MAE=0.153690631 | RMSE=0.182967810 | MAPE=16.069875424% | params={'learning_rate': 0.031838271804500294, 'decay_rate': 0.0017488210091928624, 'hidden_size': 16, 'signal_len': 16, 'cheb_order': 2, 's': 7.297948620179135, 'batch_size': 16, 'k': 4}
Trial 554 finished with value 0.172157354 | dataset=nasdaq | model=ufgtime_plus | val_MSE=0.006891490 | test_MSE=0.039413980 | MAE=0.172157354 | RMSE=0.198529545 | MAPE=18.339429835% | params={'learning_rate': 0.024665658065221953, 'decay_rate': 0.014009201159449624, 'hidden_size': 16, 'signal_len': 16, 'cheb_order': 2, 's': 8.013141890274778, 'batch_size': 16, 'k': 4}
Trial 555 finished with value 0.072254590 | dataset=nasdaq | model=ufgtime_plus | val_MSE=0.003142976 | test_MSE=0.010776068 | MAE=0.072254590 | RMSE=0.103807841 | MAPE=7.736106517% | params={'learning_rate': 0.027474634140988285, 'decay_rate': 1.3297566612567075e-05, 'hidden_size': 16, 'signal_len': 16, 'cheb_order': 2, 's': 7.8927873411271605, 'batch_size': 16, 'k': 4}
Trial 556 finished with value 0.164129898 | dataset=nasdaq | model=ufgtime_plus | val_MSE=0.006700564 | test_MSE=0.036760740 | MAE=0.164129898 | RMSE=0.191730905 | MAPE=17.335616889% | params={'learning_rate': 0.02584869693088829, 'decay_rate': 0.0037223986450695343, 'hidden_size': 16, 'signal_len': 16, 'cheb_order': 2, 's': 6.792107666796694, 'batch_size': 16, 'k': 4}
Trial 557 finished with value 0.154303435 | dataset=nasdaq | model=ufgtime_plus | val_MSE=0.006433819 | test_MSE=0.033060127 | MAE=0.154303435 | RMSE=0.181824439 | MAPE=16.751246763% | params={'learning_rate': 0.023335005285752965, 'decay_rate': 0.0024459698556101566, 'hidden_size': 16, 'signal_len': 16, 'cheb_order': 2, 's': 8.5214750216405, 'batch_size': 16, 'k': 4}
Trial 558 finished with value 0.134927776 | dataset=nasdaq | model=ufgtime_plus | val_MSE=0.005643960 | test_MSE=0.027667207 | MAE=0.134927776 | RMSE=0.166334623 | MAPE=14.310059182% | params={'learning_rate': 0.028461731560080125, 'decay_rate': 0.0010526433172168917, 'hidden_size': 16, 'signal_len': 16, 'cheb_order': 2, 's': 7.6431294259501374, 'batch_size': 64, 'k': 4}
Trial 559 finished with value 0.137324364 | dataset=nasdaq | model=ufgtime_plus | val_MSE=0.005611736 | test_MSE=0.027851642 | MAE=0.137324364 | RMSE=0.166888112 | MAPE=14.564807887% | params={'learning_rate': 0.026660488513157873, 'decay_rate': 0.0010588552861830523, 'hidden_size': 16, 'signal_len': 16, 'cheb_order': 2, 's': 8.226138510843695, 'batch_size': 16, 'k': 4}
Trial 560 finished with value 0.159588125 | dataset=nasdaq | model=ufgtime_plus | val_MSE=0.006493055 | test_MSE=0.035060438 | MAE=0.159588125 | RMSE=0.187244327 | MAPE=17.081620261% | params={'learning_rate': 0.02106104951319587, 'decay_rate': 0.0030805150709959446, 'hidden_size': 16, 'signal_len': 16, 'cheb_order': 2, 's': 7.024974014675164, 'batch_size': 16, 'k': 4}
Trial 561 finished with value 0.068452862 | dataset=nasdaq | model=ufgtime_plus | val_MSE=0.003105559 | test_MSE=0.010466272 | MAE=0.068452862 | RMSE=0.102304799 | MAPE=7.135154069% | params={'learning_rate': 0.030453065681622073, 'decay_rate': 1.5279868025260008e-05, 'hidden_size': 16, 'signal_len': 16, 'cheb_order': 2, 's': 6.394284698884293, 'batch_size': 16, 'k': 4}
Trial 562 finished with value 0.143872584 | dataset=nasdaq | model=ufgtime_plus | val_MSE=0.006122116 | test_MSE=0.029565913 | MAE=0.143872584 | RMSE=0.171947414 | MAPE=15.729852983% | params={'learning_rate': 0.024701087773933122, 'decay_rate': 0.0016750076332696542, 'hidden_size': 16, 'signal_len': 16, 'cheb_order': 2, 's': 1.2452555435640038, 'batch_size': 16, 'k': 4}
Trial 563 finished with value 0.197247692 | dataset=nasdaq | model=ufgtime_plus | val_MSE=0.010466010 | test_MSE=0.052066529 | MAE=0.197247692 | RMSE=0.228180913 | MAPE=19.469435788% | params={'learning_rate': 0.02754833802744917, 'decay_rate': 0.042108097185937166, 'hidden_size': 16, 'signal_len': 16, 'cheb_order': 2, 's': 5.047548448136844, 'batch_size': 64, 'k': 4}
Trial 564 finished with value 0.173415522 | dataset=nasdaq | model=ufgtime_plus | val_MSE=0.006865778 | test_MSE=0.039544263 | MAE=0.173415522 | RMSE=0.198857394 | MAPE=18.576250269% | params={'learning_rate': 0.026019810349884945, 'decay_rate': 0.01999856575360747, 'hidden_size': 32, 'signal_len': 16, 'cheb_order': 2, 's': 6.682903757064323, 'batch_size': 16, 'k': 4}
Trial 565 finished with value 0.125504438 | dataset=nasdaq | model=ufgtime_plus | val_MSE=0.005525771 | test_MSE=0.024276200 | MAE=0.125504438 | RMSE=0.155808217 | MAPE=13.576367963% | params={'learning_rate': 0.02408960108923455, 'decay_rate': 0.0009468489441992638, 'hidden_size': 16, 'signal_len': 16, 'cheb_order': 2, 's': 7.272852862805615, 'batch_size': 32, 'k': 4}
Trial 566 finished with value 0.065164671 | dataset=nasdaq | model=ufgtime_plus | val_MSE=0.003169313 | test_MSE=0.009234035 | MAE=0.065164671 | RMSE=0.096093886 | MAPE=6.812870765% | params={'learning_rate': 0.02956794210448172, 'decay_rate': 2.928304647022307e-05, 'hidden_size': 16, 'signal_len': 16, 'cheb_order': 2, 's': 6.995634952900082, 'batch_size': 16, 'k': 4}
Trial 567 finished with value 0.155275966 | dataset=nasdaq | model=ufgtime_plus | val_MSE=0.006376884 | test_MSE=0.033770473 | MAE=0.155275966 | RMSE=0.183767443 | MAPE=16.582561532% | params={'learning_rate': 0.03135542826292986, 'decay_rate': 0.002333685670921714, 'hidden_size': 16, 'signal_len': 16, 'cheb_order': 2, 's': 9.277981648320196, 'batch_size': 16, 'k': 4}
Trial 568 finished with value 0.139021272 | dataset=nasdaq | model=ufgtime_plus | val_MSE=0.005733907 | test_MSE=0.028758417 | MAE=0.139021272 | RMSE=0.169583068 | MAPE=14.588401212% | params={'learning_rate': 0.030120845545519845, 'decay_rate': 0.0011528241386087215, 'hidden_size': 64, 'signal_len': 16, 'cheb_order': 2, 's': 6.736641953599224, 'batch_size': 16, 'k': 4}
Trial 569 finished with value 0.132564237 | dataset=nasdaq | model=ufgtime_plus | val_MSE=0.005704440 | test_MSE=0.026944164 | MAE=0.132564237 | RMSE=0.164146775 | MAPE=14.161244200% | params={'learning_rate': 0.02938022162473764, 'decay_rate': 0.0009797394083061013, 'hidden_size': 16, 'signal_len': 16, 'cheb_order': 2, 's': 6.976123295850943, 'batch_size': 16, 'k': 4}
Trial 570 finished with value 0.147967472 | dataset=nasdaq | model=ufgtime_plus | val_MSE=0.006199309 | test_MSE=0.031198073 | MAE=0.147967472 | RMSE=0.176629763 | MAPE=15.986673454% | params={'learning_rate': 0.028791857447443177, 'decay_rate': 0.0017710861485193594, 'hidden_size': 16, 'signal_len': 16, 'cheb_order': 2, 's': 6.8988556383755535, 'batch_size': 16, 'k': 4}
Trial 571 finished with value 0.062879089 | dataset=nasdaq | model=ufgtime_plus | val_MSE=0.002871526 | test_MSE=0.008936633 | MAE=0.062879089 | RMSE=0.094533768 | MAPE=6.749959352% | params={'learning_rate': 0.031017818743231708, 'decay_rate': 1.2110107279838222e-05, 'hidden_size': 16, 'signal_len': 16, 'cheb_order': 2, 's': 6.5524525100865105, 'batch_size': 16, 'k': 4}
Trial 572 finished with value 0.158036655 | dataset=nasdaq | model=ufgtime_plus | val_MSE=0.006690825 | test_MSE=0.034651664 | MAE=0.158036655 | RMSE=0.186149574 | MAPE=16.814622434% | params={'learning_rate': 0.03247083599765403, 'decay_rate': 0.0030475079129328097, 'hidden_size': 16, 'signal_len': 16, 'cheb_order': 2, 's': 6.524683930889252, 'batch_size': 16, 'k': 4}
Trial 573 finished with value 0.129869534 | dataset=nasdaq | model=ufgtime_plus | val_MSE=0.005406424 | test_MSE=0.026012989 | MAE=0.129869534 | RMSE=0.161285428 | MAPE=13.832599462% | params={'learning_rate': 0.03129028538127139, 'decay_rate': 0.0009286915147025332, 'hidden_size': 16, 'signal_len': 16, 'cheb_order': 2, 's': 6.2978038494286785, 'batch_size': 16, 'k': 3}
Trial 574 finished with value 0.073082436 | dataset=nasdaq | model=ufgtime_plus | val_MSE=0.003336245 | test_MSE=0.010869475 | MAE=0.073082436 | RMSE=0.104256774 | MAPE=7.404096077% | params={'learning_rate': 0.033493786098943545, 'decay_rate': 6.711141953128202e-05, 'hidden_size': 16, 'signal_len': 16, 'cheb_order': 2, 's': 6.513387257581884, 'batch_size': 16, 'k': 4}
Trial 575 finished with value 0.152680011 | dataset=nasdaq | model=ufgtime_plus | val_MSE=0.006285940 | test_MSE=0.032158284 | MAE=0.152680011 | RMSE=0.179327309 | MAPE=16.526463098% | params={'learning_rate': 0.030677779052573316, 'decay_rate': 0.0022465820693928613, 'hidden_size': 16, 'signal_len': 16, 'cheb_order': 2, 's': 6.716256449906634, 'batch_size': 16, 'k': 4}
Trial 576 finished with value 0.078529881 | dataset=nasdaq | model=ufgtime_plus | val_MSE=0.003051653 | test_MSE=0.011994501 | MAE=0.078529881 | RMSE=0.109519410 | MAPE=7.923786444% | params={'learning_rate': 0.030175049434167107, 'decay_rate': 4.337604370621387e-05, 'hidden_size': 16, 'signal_len': 16, 'cheb_order': 2, 's': 6.224524215156081, 'batch_size': 16, 'k': 4}
Trial 577 finished with value 0.146694749 | dataset=nasdaq | model=ufgtime_plus | val_MSE=0.005961188 | test_MSE=0.031071478 | MAE=0.146694749 | RMSE=0.176271035 | MAPE=15.533129939% | params={'learning_rate': 0.03186824631103542, 'decay_rate': 0.0015733118701320554, 'hidden_size': 16, 'signal_len': 16, 'cheb_order': 2, 's': 6.829010080208564, 'batch_size': 16, 'k': 4}
Trial 578 finished with value 0.124852939 | dataset=nasdaq | model=ufgtime_plus | val_MSE=0.005276353 | test_MSE=0.024378355 | MAE=0.124852939 | RMSE=0.156135695 | MAPE=13.445809813% | params={'learning_rate': 0.029553923611493567, 'decay_rate': 0.0008947171599857734, 'hidden_size': 16, 'signal_len': 16, 'cheb_order': 2, 's': 6.573530081803092, 'batch_size': 16, 'k': 4}
Trial 579 finished with value 0.123841290 | dataset=nasdaq | model=ufgtime_plus | val_MSE=0.005377913 | test_MSE=0.023912641 | MAE=0.123841290 | RMSE=0.154637127 | MAPE=13.514317088% | params={'learning_rate': 0.031041744798907527, 'decay_rate': 0.0008839809360482167, 'hidden_size': 16, 'signal_len': 16, 'cheb_order': 2, 's': 6.866359979228569, 'batch_size': 16, 'k': 4}
Trial 580 finished with value 0.172430183 | dataset=nasdaq | model=ufgtime_plus | val_MSE=0.007587767 | test_MSE=0.040731476 | MAE=0.172430183 | RMSE=0.201820406 | MAPE=18.143039595% | params={'learning_rate': 0.02922512663045316, 'decay_rate': 0.008558232516541274, 'hidden_size': 16, 'signal_len': 16, 'cheb_order': 2, 's': 6.384668933198988, 'batch_size': 128, 'k': 4}
Trial 581 finished with value 0.157682941 | dataset=nasdaq | model=ufgtime_plus | val_MSE=0.006509857 | test_MSE=0.034777346 | MAE=0.157682941 | RMSE=0.186486852 | MAPE=16.533282985% | params={'learning_rate': 0.032629626225342864, 'decay_rate': 0.00235468408002171, 'hidden_size': 16, 'signal_len': 16, 'cheb_order': 2, 's': 6.595423064259717, 'batch_size': 16, 'k': 4}
Trial 582 finished with value 0.070467131 | dataset=nasdaq | model=ufgtime_plus | val_MSE=0.003099577 | test_MSE=0.009959514 | MAE=0.070467131 | RMSE=0.099797365 | MAPE=7.408716366% | params={'learning_rate': 0.028722752284830698, 'decay_rate': 3.62561719333382e-05, 'hidden_size': 16, 'signal_len': 16, 'cheb_order': 2, 's': 7.064917693066432, 'batch_size': 16, 'k': 4}
Trial 583 finished with value 0.147384336 | dataset=nasdaq | model=ufgtime_plus | val_MSE=0.005932545 | test_MSE=0.031043748 | MAE=0.147384336 | RMSE=0.176192361 | MAPE=15.698589198% | params={'learning_rate': 0.03431643862869913, 'decay_rate': 0.0016667122621262121, 'hidden_size': 16, 'signal_len': 16, 'cheb_order': 2, 's': 6.785366827020966, 'batch_size': 16, 'k': 4}
Trial 584 finished with value 0.161566378 | dataset=nasdaq | model=ufgtime_plus | val_MSE=0.006553879 | test_MSE=0.035646716 | MAE=0.161566378 | RMSE=0.188803379 | MAPE=17.308923251% | params={'learning_rate': 0.03077880739213066, 'decay_rate': 0.003744950852917848, 'hidden_size': 16, 'signal_len': 16, 'cheb_order': 2, 's': 5.9063714261112175, 'batch_size': 16, 'k': 4}
Trial 585 finished with value 0.082832853 | dataset=nasdaq | model=ufgtime_plus | val_MSE=0.003535323 | test_MSE=0.013965819 | MAE=0.082832853 | RMSE=0.118177067 | MAPE=8.646167883% | params={'learning_rate': 0.029995935988279463, 'decay_rate': 2.7065298319660332e-05, 'hidden_size': 16, 'signal_len': 16, 'cheb_order': 2, 's': 7.109327926557825, 'batch_size': 256, 'k': 4}
Trial 586 finished with value 0.129727939 | dataset=nasdaq | model=ufgtime_plus | val_MSE=0.005429030 | test_MSE=0.026271971 | MAE=0.129727939 | RMSE=0.162086307 | MAPE=13.639507133% | params={'learning_rate': 0.02765536577485082, 'decay_rate': 0.000983871114350355, 'hidden_size': 32, 'signal_len': 16, 'cheb_order': 2, 's': 6.634263216836708, 'batch_size': 16, 'k': 4}
Trial 587 finished with value 0.147633620 | dataset=nasdaq | model=ufgtime_plus | val_MSE=0.005983444 | test_MSE=0.030870506 | MAE=0.147633620 | RMSE=0.175700046 | MAPE=15.896073108% | params={'learning_rate': 0.02808528094871492, 'decay_rate': 0.0017297645848552208, 'hidden_size': 16, 'signal_len': 16, 'cheb_order': 2, 's': 6.11278074796452, 'batch_size': 16, 'k': 4}
Trial 588 finished with value 0.156644160 | dataset=nasdaq | model=ufgtime_plus | val_MSE=0.006566734 | test_MSE=0.033804174 | MAE=0.156644160 | RMSE=0.183859115 | MAPE=17.099543077% | params={'learning_rate': 0.03138964736351913, 'decay_rate': 0.0028788063015881583, 'hidden_size': 16, 'signal_len': 16, 'cheb_order': 2, 's': 7.205060825649248, 'batch_size': 16, 'k': 4}
Trial 589 finished with value 0.181335477 | dataset=nasdaq | model=ufgtime_plus | val_MSE=0.007354220 | test_MSE=0.043179446 | MAE=0.181335477 | RMSE=0.207796645 | MAPE=18.906894458% | params={'learning_rate': 0.028524139766965464, 'decay_rate': 0.03151918294362871, 'hidden_size': 16, 'signal_len': 16, 'cheb_order': 2, 's': 6.9971882178227425, 'batch_size': 16, 'k': 4}
