Trial 826 finished with value 0.076065903 | dataset=nasdaq | model=ufgtime_plus | val_MSE=0.003414197 | test_MSE=0.011585772 | MAE=0.076065903 | RMSE=0.107637223 | MAPE=7.832466625% | params={'learning_rate': 0.025242046247083236, 'decay_rate': 2.7736106320752275e-05, 'hidden_size': 16, 'signal_len': 16, 'cheb_order': 2, 's': 7.325338171950187, 'batch_size': 16, 'k': 3}
Trial 827 finished with value 0.154052551 | dataset=nasdaq | model=ufgtime_plus | val_MSE=0.006698718 | test_MSE=0.033295494 | MAE=0.154052551 | RMSE=0.182470528 | MAPE=16.714788370% | params={'learning_rate': 0.03211562428545801, 'decay_rate': 0.0023740764994335324, 'hidden_size': 16, 'signal_len': 16, 'cheb_order': 2, 's': 8.162940006899209, 'batch_size': 256, 'k': 4}
Trial 828 finished with value 0.145129003 | dataset=nasdaq | model=ufgtime_plus | val_MSE=0.006092469 | test_MSE=0.030567341 | MAE=0.145129003 | RMSE=0.174835182 | MAPE=15.561438211% | params={'learning_rate': 0.029008022066214667, 'decay_rate': 0.0015719115412814928, 'hidden_size': 16, 'signal_len': 16, 'cheb_order': 2, 's': 7.627893280559166, 'batch_size': 16, 'k': 4}
Trial 829 finished with value 0.128321329 | dataset=nasdaq | model=ufgtime_plus | val_MSE=0.005318907 | test_MSE=0.025306024 | MAE=0.128321329 | RMSE=0.159078672 | MAPE=13.711003485% | params={'learning_rate': 0.03604165460030666, 'decay_rate': 0.0009654737160193316, 'hidden_size': 16, 'signal_len': 16, 'cheb_order': 2, 's': 7.059355585743415, 'batch_size': 16, 'k': 4}
Trial 830 finished with value 0.155871822 | dataset=nasdaq | model=ufgtime_plus | val_MSE=0.006129659 | test_MSE=0.033665653 | MAE=0.155871822 | RMSE=0.183482024 | MAPE=16.520690417% | params={'learning_rate': 0.026677051543204804, 'decay_rate': 0.0018790277793594287, 'hidden_size': 32, 'signal_len': 16, 'cheb_order': 3, 's': 7.803401581353903, 'batch_size': 16, 'k': 4}
Trial 831 finished with value 0.127929161 | dataset=nasdaq | model=ufgtime_plus | val_MSE=0.005401708 | test_MSE=0.024926855 | MAE=0.127929161 | RMSE=0.157882409 | MAPE=13.885170944% | params={'learning_rate': 0.027699385621543036, 'decay_rate': 0.0008996538071032036, 'hidden_size': 16, 'signal_len': 16, 'cheb_order': 2, 's': 7.482485884109343, 'batch_size': 16, 'k': 4}
Trial 832 finished with value 0.155797609 | dataset=nasdaq | model=ufgtime_plus | val_MSE=0.006415969 | test_MSE=0.033654612 | MAE=0.155797609 | RMSE=0.183451935 | MAPE=16.722265451% | params={'learning_rate': 0.030149294290035905, 'decay_rate': 0.0024634151740245964, 'hidden_size': 16, 'signal_len': 16, 'cheb_order': 2, 's': 3.4174168429489327, 'batch_size': 16, 'k': 4}
Trial 833 finished with value 0.079497385 | dataset=nasdaq | model=ufgtime_plus | val_MSE=0.003317461 | test_MSE=0.011902196 | MAE=0.079497385 | RMSE=0.109097184 | MAPE=8.543582996% | params={'learning_rate': 0.024667261105053944, 'decay_rate': 5.890866096537134e-05, 'hidden_size': 16, 'signal_len': 16, 'cheb_order': 2, 's': 8.037345114682413, 'batch_size': 16, 'k': 4}
Trial 834 finished with value 0.127779270 | dataset=nasdaq | model=ufgtime_plus | val_MSE=0.005417093 | test_MSE=0.025545874 | MAE=0.127779270 | RMSE=0.159830767 | MAPE=13.637279961% | params={'learning_rate': 0.025967896002714493, 'decay_rate': 0.0008437136614971967, 'hidden_size': 16, 'signal_len': 16, 'cheb_order': 2, 's': 7.265963586570051, 'batch_size': 16, 'k': 4}
Trial 835 finished with value 0.149124429 | dataset=nasdaq | model=ufgtime_plus | val_MSE=0.006032569 | test_MSE=0.031664978 | MAE=0.149124429 | RMSE=0.177946559 | MAPE=15.762042031% | params={'learning_rate': 0.028588868351494302, 'decay_rate': 0.001725620073047204, 'hidden_size': 64, 'signal_len': 16, 'cheb_order': 2, 's': 7.649613978665999, 'batch_size': 16, 'k': 4}
Trial 836 finished with value 0.158810676 | dataset=nasdaq | model=ufgtime_plus | val_MSE=0.006673881 | test_MSE=0.035226077 | MAE=0.158810676 | RMSE=0.187686114 | MAPE=16.945245401% | params={'learning_rate': 0.031138949959900634, 'decay_rate': 0.00313001021066674, 'hidden_size': 16, 'signal_len': 16, 'cheb_order': 2, 's': 7.027438578770096, 'batch_size': 16, 'k': 4}
Trial 837 finished with value 0.070048413 | dataset=nasdaq | model=ufgtime_plus | val_MSE=0.003090633 | test_MSE=0.010331954 | MAE=0.070048413 | RMSE=0.101646218 | MAPE=7.429514724% | params={'learning_rate': 0.02698419950889261, 'decay_rate': 3.2951555612343904e-05, 'hidden_size': 16, 'signal_len': 16, 'cheb_order': 2, 's': 7.425205262318434, 'batch_size': 16, 'k': 4}
Trial 838 finished with value 0.130230967 | dataset=nasdaq | model=ufgtime_plus | val_MSE=0.005378977 | test_MSE=0.025488579 | MAE=0.130230967 | RMSE=0.159651430 | MAPE=14.110547977% | params={'learning_rate': 0.027784820530611803, 'decay_rate': 0.0009397647771967795, 'hidden_size': 16, 'signal_len': 16, 'cheb_order': 2, 's': 4.091166837593627, 'batch_size': 16, 'k': 4}
Trial 839 finished with value 0.142879287 | dataset=nasdaq | model=ufgtime_plus | val_MSE=0.005857261 | test_MSE=0.029639545 | MAE=0.142879287 | RMSE=0.172161391 | MAPE=15.283370559% | params={'learning_rate': 0.029070600902713843, 'decay_rate': 0.001463307285494908, 'hidden_size': 16, 'signal_len': 16, 'cheb_order': 2, 's': 8.215643319918344, 'batch_size': 16, 'k': 4}
Trial 840 finished with value 0.164955710 | dataset=nasdaq | model=ufgtime_plus | val_MSE=0.006946227 | test_MSE=0.037632763 | MAE=0.164955710 | RMSE=0.193991658 | MAPE=17.409170597% | params={'learning_rate': 0.02632761157984556, 'decay_rate': 0.003988840485921864, 'hidden_size': 16, 'signal_len': 16, 'cheb_order': 2, 's': 7.9238950035456455, 'batch_size': 32, 'k': 4}
Trial 841 finished with value 0.071802894 | dataset=nasdaq | model=ufgtime_plus | val_MSE=0.003309240 | test_MSE=0.010133432 | MAE=0.071802894 | RMSE=0.100664950 | MAPE=7.557591452% | params={'learning_rate': 0.02518834775663863, 'decay_rate': 3.811414106028173e-05, 'hidden_size': 16, 'signal_len': 16, 'cheb_order': 3, 's': 7.212043579834699, 'batch_size': 16, 'k': 4}
Trial 842 finished with value 0.069693837 | dataset=nasdaq | model=ufgtime_plus | val_MSE=0.003207287 | test_MSE=0.010119505 | MAE=0.069693837 | RMSE=0.100595752 | MAPE=7.194240995% | params={'learning_rate': 0.027437060304814496, 'decay_rate': 3.069735870666304e-05, 'hidden_size': 16, 'signal_len': 16, 'cheb_order': 2, 's': 7.790986984653175, 'batch_size': 16, 'k': 4}
Trial 843 finished with value 0.156106476 | dataset=nasdaq | model=ufgtime_plus | val_MSE=0.006558558 | test_MSE=0.033930516 | MAE=0.156106476 | RMSE=0.184202379 | MAPE=16.828903561% | params={'learning_rate': 0.030616508256557862, 'decay_rate': 0.0024906828969080033, 'hidden_size': 16, 'signal_len': 16, 'cheb_order': 2, 's': 7.4930415421186956, 'batch_size': 16, 'k': 4}
Trial 844 finished with value 0.177093566 | dataset=nasdaq | model=ufgtime_plus | val_MSE=0.007000705 | test_MSE=0.041221707 | MAE=0.177093566 | RMSE=0.203031296 | MAPE=18.737160354% | params={'learning_rate': 0.02816057853906112, 'decay_rate': 0.02582767574390511, 'hidden_size': 16, 'signal_len': 16, 'cheb_order': 2, 's': 7.319116388712535, 'batch_size': 16, 'k': 4}
Trial 845 finished with value 0.145183669 | dataset=nasdaq | model=ufgtime_plus | val_MSE=0.006140211 | test_MSE=0.030579893 | MAE=0.145183669 | RMSE=0.174871074 | MAPE=15.572167173% | params={'learning_rate': 0.029550862095172117, 'decay_rate': 0.0015346200535334973, 'hidden_size': 16, 'signal_len': 16, 'cheb_order': 2, 's': 8.108426516472132, 'batch_size': 128, 'k': 4}
Trial 846 finished with value 0.129607133 | dataset=nasdaq | model=ufgtime_plus | val_MSE=0.005447301 | test_MSE=0.025982927 | MAE=0.129607133 | RMSE=0.161192205 | MAPE=13.831011487% | params={'learning_rate': 0.02629877721549219, 'decay_rate': 0.0009368156007998694, 'hidden_size': 16, 'signal_len': 16, 'cheb_order': 2, 's': 2.584829690787248, 'batch_size': 16, 'k': 4}
Trial 847 finished with value 0.124912748 | dataset=nasdaq | model=ufgtime_plus | val_MSE=0.005289531 | test_MSE=0.024496429 | MAE=0.124912748 | RMSE=0.156513349 | MAPE=13.432746219% | params={'learning_rate': 0.024475499415329654, 'decay_rate': 0.0008870837483616486, 'hidden_size': 16, 'signal_len': 16, 'cheb_order': 2, 's': 7.582114723265856, 'batch_size': 16, 'k': 4}
Trial 848 finished with value 0.152659289 | dataset=nasdaq | model=ufgtime_plus | val_MSE=0.006360354 | test_MSE=0.032616409 | MAE=0.152659289 | RMSE=0.180600136 | MAPE=16.499604483% | params={'learning_rate': 0.03786950808008099, 'decay_rate': 0.0023058761650021076, 'hidden_size': 16, 'signal_len': 16, 'cheb_order': 2, 's': 7.022551107096595, 'batch_size': 16, 'k': 4}
Trial 849 finished with value 0.065524529 | dataset=nasdaq | model=ufgtime_plus | val_MSE=0.003348337 | test_MSE=0.009828657 | MAE=0.065524529 | RMSE=0.099139585 | MAPE=6.769390985% | params={'learning_rate': 0.033403765153101964, 'decay_rate': 1.755690193358497e-05, 'hidden_size': 16, 'signal_len': 16, 'cheb_order': 2, 's': 7.740328578951177, 'batch_size': 16, 'k': 4}
Trial 850 finished with value 0.146540503 | dataset=nasdaq | model=ufgtime_plus | val_MSE=0.005968798 | test_MSE=0.030500327 | MAE=0.146540503 | RMSE=0.174643429 | MAPE=15.807237329% | params={'learning_rate': 0.03151611797577361, 'decay_rate': 0.0016059165506088233, 'hidden_size': 16, 'signal_len': 16, 'cheb_order': 2, 's': 7.200884007443811, 'batch_size': 16, 'k': 4}
Trial 851 finished with value 0.129951615 | dataset=nasdaq | model=ufgtime_plus | val_MSE=0.005365509 | test_MSE=0.025922665 | MAE=0.129951615 | RMSE=0.161005170 | MAPE=13.802167910% | params={'learning_rate': 0.027263700313788327, 'decay_rate': 0.0009320395178966319, 'hidden_size': 16, 'signal_len': 16, 'cheb_order': 2, 's': 8.321200011637648, 'batch_size': 16, 'k': 4}
Trial 852 finished with value 0.159465934 | dataset=nasdaq | model=ufgtime_plus | val_MSE=0.006641409 | test_MSE=0.035301785 | MAE=0.159465934 | RMSE=0.187887692 | MAPE=16.943892826% | params={'learning_rate': 0.028465163796778974, 'decay_rate': 0.002672297766469678, 'hidden_size': 32, 'signal_len': 16, 'cheb_order': 2, 's': 7.91786156453165, 'batch_size': 16, 'k': 4}
Trial 853 finished with value 0.077786117 | dataset=nasdaq | model=ufgtime_plus | val_MSE=0.003233715 | test_MSE=0.012153908 | MAE=0.077786117 | RMSE=0.110244763 | MAPE=8.049463749% | params={'learning_rate': 0.02569952720723382, 'decay_rate': 4.5207770597483294e-05, 'hidden_size': 16, 'signal_len': 16, 'cheb_order': 3, 's': 7.449968105243967, 'batch_size': 16, 'k': 4}
Trial 854 finished with value 0.150564446 | dataset=nasdaq | model=ufgtime_plus | val_MSE=0.006389567 | test_MSE=0.032849521 | MAE=0.150564446 | RMSE=0.181244368 | MAPE=15.832731766% | params={'learning_rate': 0.029298686957686115, 'decay_rate': 0.0017711666080337193, 'hidden_size': 16, 'signal_len': 16, 'cheb_order': 2, 's': 6.896974606628051, 'batch_size': 256, 'k': 4}
Trial 855 finished with value 0.127614298 | dataset=nasdaq | model=ufgtime_plus | val_MSE=0.005445544 | test_MSE=0.025575010 | MAE=0.127614298 | RMSE=0.159921886 | MAPE=13.613106041% | params={'learning_rate': 0.026992505931191353, 'decay_rate': 0.0008693044295067757, 'hidden_size': 16, 'signal_len': 16, 'cheb_order': 2, 's': 7.597691992825076, 'batch_size': 16, 'k': 4}
Trial 856 finished with value 0.133501687 | dataset=nasdaq | model=ufgtime_plus | val_MSE=0.005480710 | test_MSE=0.026709488 | MAE=0.133501687 | RMSE=0.163430377 | MAPE=14.203195622% | params={'learning_rate': 0.025514669986076155, 'decay_rate': 0.0009430003657465163, 'hidden_size': 16, 'signal_len': 16, 'cheb_order': 2, 's': 7.178272188242226, 'batch_size': 16, 'k': 4}
Trial 857 finished with value 0.158678914 | dataset=nasdaq | model=ufgtime_plus | val_MSE=0.005950897 | test_MSE=0.034093666 | MAE=0.158678914 | RMSE=0.184644702 | MAPE=17.259329823% | params={'learning_rate': 0.02384654050204215, 'decay_rate': 0.0017758933319611393, 'hidden_size': 64, 'signal_len': 16, 'cheb_order': 2, 's': 7.342934470283378, 'batch_size': 16, 'k': 4}
Trial 858 finished with value 0.066481771 | dataset=nasdaq | model=ufgtime_plus | val_MSE=0.003042772 | test_MSE=0.009446299 | MAE=0.066481771 | RMSE=0.097192070 | MAPE=7.084584876% | params={'learning_rate': 0.021958441069594846, 'decay_rate': 3.122632269643681e-05, 'hidden_size': 16, 'signal_len': 16, 'cheb_order': 2, 's': 7.774388819863871, 'batch_size': 16, 'k': 4}
Trial 859 finished with value 0.067990681 | dataset=nasdaq | model=ufgtime_plus | val_MSE=0.003101274 | test_MSE=0.010398663 | MAE=0.067990681 | RMSE=0.101973835 | MAPE=7.098978095% | params={'learning_rate': 0.0302627293413615, 'decay_rate': 1.615242226340794e-05, 'hidden_size': 16, 'signal_len': 16, 'cheb_order': 2, 's': 8.147094700586806, 'batch_size': 16, 'k': 4}
Trial 860 finished with value 0.157223923 | dataset=nasdaq | model=ufgtime_plus | val_MSE=0.006416835 | test_MSE=0.033740840 | MAE=0.157223923 | RMSE=0.183686799 | MAPE=17.063506495% | params={'learning_rate': 0.02799174390861612, 'decay_rate': 0.0029144672782581834, 'hidden_size': 16, 'signal_len': 16, 'cheb_order': 2, 's': 7.036084448746423, 'batch_size': 16, 'k': 4}
Trial 861 finished with value 0.161205157 | dataset=nasdaq | model=ufgtime_plus | val_MSE=0.006656953 | test_MSE=0.034994831 | MAE=0.161205157 | RMSE=0.187069054 | MAPE=17.555815706% | params={'learning_rate': 0.04391548755715203, 'decay_rate': 0.0044205940928207154, 'hidden_size': 16, 'signal_len': 16, 'cheb_order': 2, 's': 7.913251738753854, 'batch_size': 16, 'k': 4}
Trial 862 finished with value 0.134385130 | dataset=nasdaq | model=ufgtime_plus | val_MSE=0.005552579 | test_MSE=0.027115139 | MAE=0.134385130 | RMSE=0.164666752 | MAPE=14.188268935% | params={'learning_rate': 0.02655747563644353, 'decay_rate': 0.0009313681604100094, 'hidden_size': 16, 'signal_len': 16, 'cheb_order': 2, 's': 7.555847967477939, 'batch_size': 16, 'k': 3}
Trial 863 finished with value 0.147844190 | dataset=nasdaq | model=ufgtime_plus | val_MSE=0.006305774 | test_MSE=0.030962042 | MAE=0.147844190 | RMSE=0.175960341 | MAPE=16.091427370% | params={'learning_rate': 0.028903357754075633, 'decay_rate': 0.0017397020083939666, 'hidden_size': 16, 'signal_len': 16, 'cheb_order': 3, 's': 7.3470889903057905, 'batch_size': 16, 'k': 4}
Trial 864 finished with value 0.172374485 | dataset=nasdaq | model=ufgtime_plus | val_MSE=0.007230335 | test_MSE=0.040331088 | MAE=0.172374485 | RMSE=0.200826015 | MAPE=18.001281914% | params={'learning_rate': 0.03190938575069964, 'decay_rate': 0.008220081676289633, 'hidden_size': 16, 'signal_len': 16, 'cheb_order': 2, 's': 8.061329008671418, 'batch_size': 16, 'k': 4}
Trial 865 finished with value 0.123322150 | dataset=nasdaq | model=ufgtime_plus | val_MSE=0.005539174 | test_MSE=0.023602618 | MAE=0.123322150 | RMSE=0.153631437 | MAPE=13.456004963% | params={'learning_rate': 0.023132363051054726, 'decay_rate': 0.0009050659837543574, 'hidden_size': 16, 'signal_len': 16, 'cheb_order': 2, 's': 7.698124357391393, 'batch_size': 32, 'k': 4}
Trial 866 finished with value 0.075848933 | dataset=nasdaq | model=ufgtime_plus | val_MSE=0.003210328 | test_MSE=0.012331404 | MAE=0.075848933 | RMSE=0.111046856 | MAPE=7.524535860% | params={'learning_rate': 0.024868156580197073, 'decay_rate': 1.881032267070958e-05, 'hidden_size': 16, 'signal_len': 16, 'cheb_order': 2, 's': 8.462205130039266, 'batch_size': 16, 'k': 4}
Trial 867 finished with value 0.076865577 | dataset=nasdaq | model=ufgtime_plus | val_MSE=0.003350790 | test_MSE=0.011407192 | MAE=0.076865577 | RMSE=0.106804458 | MAPE=8.130702599% | params={'learning_rate': 0.02749591029354966, 'decay_rate': 1.9457385488444056e-05, 'hidden_size': 16, 'signal_len': 16, 'cheb_order': 2, 's': 6.901067518303732, 'batch_size': 16, 'k': 4}
Trial 868 finished with value 0.158445235 | dataset=nasdaq | model=ufgtime_plus | val_MSE=0.006577967 | test_MSE=0.034373958 | MAE=0.158445235 | RMSE=0.185402151 | MAPE=17.210319581% | params={'learning_rate': 0.03929429316502938, 'decay_rate': 0.003182346716751622, 'hidden_size': 16, 'signal_len': 16, 'cheb_order': 2, 's': 7.160937901650587, 'batch_size': 16, 'k': 4}
Trial 869 finished with value 0.153117927 | dataset=nasdaq | model=ufgtime_plus | val_MSE=0.006581029 | test_MSE=0.033816906 | MAE=0.153117927 | RMSE=0.183893734 | MAPE=16.068290121% | params={'learning_rate': 0.026256316158400884, 'decay_rate': 0.001880149570599195, 'hidden_size': 16, 'signal_len': 16, 'cheb_order': 2, 's': 7.484374044906309, 'batch_size': 128, 'k': 4}
Trial 870 finished with value 0.135093615 | dataset=nasdaq | model=ufgtime_plus | val_MSE=0.005550486 | test_MSE=0.027467815 | MAE=0.135093615 | RMSE=0.165734169 | MAPE=14.305295042% | params={'learning_rate': 0.02999215325306514, 'decay_rate': 0.000922939249852356, 'hidden_size': 16, 'signal_len': 16, 'cheb_order': 2, 's': 8.230265203044745, 'batch_size': 16, 'k': 4}
Trial 871 finished with value 0.155371800 | dataset=nasdaq | model=ufgtime_plus | val_MSE=0.006211484 | test_MSE=0.033530826 | MAE=0.155371800 | RMSE=0.183114243 | MAPE=16.531798429% | params={'learning_rate': 0.028347373871561284, 'decay_rate': 0.002282640994273556, 'hidden_size': 16, 'signal_len': 16, 'cheb_order': 2, 's': 7.974098237007569, 'batch_size': 16, 'k': 4}
Trial 872 finished with value 0.127396811 | dataset=nasdaq | model=ufgtime_plus | val_MSE=0.005344662 | test_MSE=0.025214473 | MAE=0.127396811 | RMSE=0.158790659 | MAPE=13.539154447% | params={'learning_rate': 0.024217503557760735, 'decay_rate': 0.0009632119297892229, 'hidden_size': 16, 'signal_len': 16, 'cheb_order': 2, 's': 7.2940853042647085, 'batch_size': 16, 'k': 4}
Trial 873 finished with value 0.145606015 | dataset=nasdaq | model=ufgtime_plus | val_MSE=0.006157787 | test_MSE=0.029941359 | MAE=0.145606015 | RMSE=0.173035716 | MAPE=15.940942300% | params={'learning_rate': 0.0269484636598266, 'decay_rate': 0.001721127097253659, 'hidden_size': 16, 'signal_len': 16, 'cheb_order': 2, 's': 7.704540059963168, 'batch_size': 16, 'k': 4}
Trial 874 finished with value 0.066310435 | dataset=nasdaq | model=ufgtime_plus | val_MSE=0.003379041 | test_MSE=0.010579083 | MAE=0.066310435 | RMSE=0.102854668 | MAPE=6.686678249% | params={'learning_rate': 0.025395696950897852, 'decay_rate': 2.8481712735894816e-05, 'hidden_size': 32, 'signal_len': 16, 'cheb_order': 2, 's': 7.001499473859608, 'batch_size': 16, 'k': 4}
Trial 875 finished with value 0.125775933 | dataset=nasdaq | model=ufgtime_plus | val_MSE=0.005338822 | test_MSE=0.024493956 | MAE=0.125775933 | RMSE=0.156505450 | MAPE=13.624714450% | params={'learning_rate': 0.028956542254376574, 'decay_rate': 0.0009357040434826584, 'hidden_size': 16, 'signal_len': 16, 'cheb_order': 3, 's': 7.464412002611305, 'batch_size': 16, 'k': 4}
Trial 876 finished with value 0.157377826 | dataset=nasdaq | model=ufgtime_plus | val_MSE=0.006434508 | test_MSE=0.033781532 | MAE=0.157377826 | RMSE=0.183797530 | MAPE=17.095205658% | params={'learning_rate': 0.02773969407737969, 'decay_rate': 0.0029645791352183766, 'hidden_size': 16, 'signal_len': 16, 'cheb_order': 2, 's': 8.818553925579872, 'batch_size': 16, 'k': 4}
Trial 877 finished with value 0.147846197 | dataset=nasdaq | model=ufgtime_plus | val_MSE=0.006296966 | test_MSE=0.031694549 | MAE=0.147846197 | RMSE=0.178029630 | MAPE=15.741966521% | params={'learning_rate': 0.030980753358062274, 'decay_rate': 0.0015872018516952446, 'hidden_size': 16, 'signal_len': 16, 'cheb_order': 2, 's': 6.7648129867447935, 'batch_size': 256, 'k': 4}
Trial 878 finished with value 0.127555050 | dataset=nasdaq | model=ufgtime_plus | val_MSE=0.005593415 | test_MSE=0.025014456 | MAE=0.127555050 | RMSE=0.158159592 | MAPE=13.850090030% | params={'learning_rate': 0.029752728572106594, 'decay_rate': 0.0008433627450745372, 'hidden_size': 16, 'signal_len': 16, 'cheb_order': 2, 's': 7.861139137689154, 'batch_size': 16, 'k': 4}
Trial 879 finished with value 0.101755791 | dataset=nasdaq | model=ufgtime_plus | val_MSE=0.005169161 | test_MSE=0.018713005 | MAE=0.101755791 | RMSE=0.136795487 | MAPE=11.034885641% | params={'learning_rate': 0.026225066396198267, 'decay_rate': 1.244811144524776e-05, 'hidden_size': 64, 'signal_len': 16, 'cheb_order': 2, 's': 7.61439878189135, 'batch_size': 16, 'k': 4}
Trial 880 finished with value 0.154349663 | dataset=nasdaq | model=ufgtime_plus | val_MSE=0.006340268 | test_MSE=0.033468555 | MAE=0.154349663 | RMSE=0.182944131 | MAPE=16.381191780% | params={'learning_rate': 0.0283579148708148, 'decay_rate': 0.00219322702283693, 'hidden_size': 16, 'signal_len': 16, 'cheb_order': 2, 's': 8.359003236046258, 'batch_size': 16, 'k': 4}
Trial 881 finished with value 0.128329831 | dataset=nasdaq | model=ufgtime_plus | val_MSE=0.005475714 | test_MSE=0.025983230 | MAE=0.128329831 | RMSE=0.161193146 | MAPE=13.543646415% | params={'learning_rate': 0.02720243412347643, 'decay_rate': 0.0008666759391062434, 'hidden_size': 16, 'signal_len': 16, 'cheb_order': 2, 's': 3.177861078116371, 'batch_size': 16, 'k': 4}
Trial 882 finished with value 0.147252900 | dataset=nasdaq | model=ufgtime_plus | val_MSE=0.006041945 | test_MSE=0.030379480 | MAE=0.147252900 | RMSE=0.174297102 | MAPE=16.071794229% | params={'learning_rate': 0.024842588642892915, 'decay_rate': 0.001691104399498646, 'hidden_size': 16, 'signal_len': 16, 'cheb_order': 2, 's': 7.197662522796229, 'batch_size': 16, 'k': 4}
Trial 883 finished with value 0.069497491 | dataset=nasdaq | model=ufgtime_plus | val_MSE=0.003064133 | test_MSE=0.011018303 | MAE=0.069497491 | RMSE=0.104968103 | MAPE=7.193606350% | params={'learning_rate': 0.022829740871266126, 'decay_rate': 1.781319463606597e-05, 'hidden_size': 16, 'signal_len': 16, 'cheb_order': 2, 's': 7.405892402017802, 'batch_size': 16, 'k': 4}
Trial 884 finished with value 0.164230268 | dataset=nasdaq | model=ufgtime_plus | val_MSE=0.006700338 | test_MSE=0.036789559 | MAE=0.164230268 | RMSE=0.191806045 | MAPE=17.352633456% | params={'learning_rate': 0.025942310162145203, 'decay_rate': 0.003771662570547582, 'hidden_size': 16, 'signal_len': 16, 'cheb_order': 2, 's': 7.094139001110723, 'batch_size': 16, 'k': 4}
