Trial 236 finished with value 0.135583058 | dataset=nasdaq | model=ufgtime_plus | val_MSE=0.005643465 | test_MSE=0.027850113 | MAE=0.135583058 | RMSE=0.166883531 | MAPE=14.361221919% | params={'learning_rate': 0.02539075906694296, 'decay_rate': 0.0010442486409273058, 'hidden_size': 16, 'signal_len': 16, 'cheb_order': 2, 's': 1.138266802074512, 'batch_size': 64, 'k': 4}
Trial 237 finished with value 0.065890754 | dataset=nasdaq | model=ufgtime_plus | val_MSE=0.002993845 | test_MSE=0.009883956 | MAE=0.065890754 | RMSE=0.099418088 | MAPE=6.934137752% | params={'learning_rate': 0.02439560084918043, 'decay_rate': 3.7992501171984384e-05, 'hidden_size': 16, 'signal_len': 16, 'cheb_order': 2, 's': 7.461840100759774, 'batch_size': 64, 'k': 4}
Trial 238 finished with value 0.187484189 | dataset=nasdaq | model=ufgtime_plus | val_MSE=0.008564049 | test_MSE=0.046875564 | MAE=0.187484189 | RMSE=0.216507653 | MAPE=19.003069029% | params={'learning_rate': 0.024918353201001258, 'decay_rate': 0.028024467101684925, 'hidden_size': 16, 'signal_len': 16, 'cheb_order': 2, 's': 7.346522678277589, 'batch_size': 64, 'k': 4}
Trial 239 finished with value 0.150925409 | dataset=nasdaq | model=ufgtime_plus | val_MSE=0.006134794 | test_MSE=0.032310695 | MAE=0.150925409 | RMSE=0.179751758 | MAPE=15.931848620% | params={'learning_rate': 0.026112567046890175, 'decay_rate': 0.0017458259084754955, 'hidden_size': 16, 'signal_len': 16, 'cheb_order': 2, 's': 7.60118931620264, 'batch_size': 64, 'k': 4}
Trial 240 finished with value 0.066628231 | dataset=nasdaq | model=ufgtime_plus | val_MSE=0.003128712 | test_MSE=0.009794363 | MAE=0.066628231 | RMSE=0.098966476 | MAPE=7.063176748% | params={'learning_rate': 0.024181167960231058, 'decay_rate': 4.8322036979225904e-05, 'hidden_size': 16, 'signal_len': 16, 'cheb_order': 2, 's': 7.568365975405548, 'batch_size': 16, 'k': 4}
Trial 241 finished with value 0.120049118 | dataset=nasdaq | model=ufgtime_plus | val_MSE=0.005265148 | test_MSE=0.023636810 | MAE=0.120049118 | RMSE=0.153742673 | MAPE=12.804435397% | params={'learning_rate': 0.024700669260053213, 'decay_rate': 0.0007710729084984169, 'hidden_size': 16, 'signal_len': 16, 'cheb_order': 2, 's': 7.559687964631238, 'batch_size': 16, 'k': 4}
Trial 242 finished with value 0.078304678 | dataset=nasdaq | model=ufgtime_plus | val_MSE=0.003083714 | test_MSE=0.011897624 | MAE=0.078304678 | RMSE=0.109076230 | MAPE=8.101019658% | params={'learning_rate': 0.0244009342553556, 'decay_rate': 2.877743191047522e-05, 'hidden_size': 16, 'signal_len': 16, 'cheb_order': 2, 's': 8.09218337582099, 'batch_size': 16, 'k': 4}
Trial 243 finished with value 0.075205129 | dataset=nasdaq | model=ufgtime_plus | val_MSE=0.003250493 | test_MSE=0.011399882 | MAE=0.075205129 | RMSE=0.106770230 | MAPE=7.562082968% | params={'learning_rate': 0.024099884335231598, 'decay_rate': 3.167283990648243e-05, 'hidden_size': 16, 'signal_len': 16, 'cheb_order': 2, 's': 7.939187243996172, 'batch_size': 16, 'k': 4}
Trial 244 finished with value 0.129381672 | dataset=nasdaq | model=ufgtime_plus | val_MSE=0.005435934 | test_MSE=0.025760157 | MAE=0.129381672 | RMSE=0.160499711 | MAPE=13.891583979% | params={'learning_rate': 0.02413062242132383, 'decay_rate': 0.0010754483112263627, 'hidden_size': 16, 'signal_len': 16, 'cheb_order': 2, 's': 8.125267699185793, 'batch_size': 16, 'k': 4}
Trial 245 finished with value 0.063680258 | dataset=nasdaq | model=ufgtime_plus | val_MSE=0.003099291 | test_MSE=0.008927306 | MAE=0.063680258 | RMSE=0.094484423 | MAPE=6.877615746% | params={'learning_rate': 0.026620012629905595, 'decay_rate': 2.633903791209205e-05, 'hidden_size': 16, 'signal_len': 16, 'cheb_order': 2, 's': 8.144363845047923, 'batch_size': 16, 'k': 4}
Trial 246 finished with value 0.148254684 | dataset=nasdaq | model=ufgtime_plus | val_MSE=0.006235368 | test_MSE=0.031381945 | MAE=0.148254684 | RMSE=0.177149499 | MAPE=15.945776214% | params={'learning_rate': 0.027556411338670088, 'decay_rate': 0.0017171351744838619, 'hidden_size': 16, 'signal_len': 16, 'cheb_order': 2, 's': 8.081832627717713, 'batch_size': 16, 'k': 4}
Trial 247 finished with value 0.070518142 | dataset=nasdaq | model=ufgtime_plus | val_MSE=0.003193345 | test_MSE=0.010013917 | MAE=0.070518142 | RMSE=0.100069562 | MAPE=7.320821090% | params={'learning_rate': 0.026090934406895742, 'decay_rate': 5.4211319915643665e-05, 'hidden_size': 16, 'signal_len': 16, 'cheb_order': 2, 's': 8.302531420759879, 'batch_size': 16, 'k': 4}
Trial 248 finished with value 0.138436970 | dataset=nasdaq | model=ufgtime_plus | val_MSE=0.005625588 | test_MSE=0.028050232 | MAE=0.138436970 | RMSE=0.167482034 | MAPE=14.773918669% | params={'learning_rate': 0.026500686971765483, 'decay_rate': 0.001136667914478434, 'hidden_size': 16, 'signal_len': 16, 'cheb_order': 2, 's': 8.453949123168632, 'batch_size': 16, 'k': 4}
Trial 249 finished with value 0.063558199 | dataset=nasdaq | model=ufgtime_plus | val_MSE=0.003047168 | test_MSE=0.009282250 | MAE=0.063558199 | RMSE=0.096344433 | MAPE=6.596096213% | params={'learning_rate': 0.028522809345479, 'decay_rate': 1.3874095983223288e-05, 'hidden_size': 16, 'signal_len': 16, 'cheb_order': 2, 's': 8.287804454782872, 'batch_size': 16, 'k': 4}
Trial 250 finished with value 0.155552245 | dataset=nasdaq | model=ufgtime_plus | val_MSE=0.006429959 | test_MSE=0.033625747 | MAE=0.155552245 | RMSE=0.183373246 | MAPE=16.747434818% | params={'learning_rate': 0.02788861683242335, 'decay_rate': 0.0024603360115550755, 'hidden_size': 16, 'signal_len': 16, 'cheb_order': 2, 's': 8.18648577444439, 'batch_size': 16, 'k': 4}
Trial 251 finished with value 0.128241639 | dataset=nasdaq | model=ufgtime_plus | val_MSE=0.005375879 | test_MSE=0.025611728 | MAE=0.128241639 | RMSE=0.160036645 | MAPE=13.682448689% | params={'learning_rate': 0.025870403111938216, 'decay_rate': 0.0009211600294848305, 'hidden_size': 16, 'signal_len': 16, 'cheb_order': 2, 's': 7.742248825133379, 'batch_size': 16, 'k': 4}
Trial 252 finished with value 0.072135193 | dataset=nasdaq | model=ufgtime_plus | val_MSE=0.003249458 | test_MSE=0.010796275 | MAE=0.072135193 | RMSE=0.103905124 | MAPE=7.279395133% | params={'learning_rate': 0.02522833314942051, 'decay_rate': 4.733995500012621e-05, 'hidden_size': 16, 'signal_len': 16, 'cheb_order': 2, 's': 8.650315040503328, 'batch_size': 16, 'k': 4}
Trial 253 finished with value 0.150086030 | dataset=nasdaq | model=ufgtime_plus | val_MSE=0.006070994 | test_MSE=0.031401769 | MAE=0.150086030 | RMSE=0.177205444 | MAPE=16.241986505% | params={'learning_rate': 0.029526997594817174, 'decay_rate': 0.0017846286258819987, 'hidden_size': 16, 'signal_len': 16, 'cheb_order': 2, 's': 8.875808424063356, 'batch_size': 16, 'k': 4}
Trial 254 finished with value 0.130302694 | dataset=nasdaq | model=ufgtime_plus | val_MSE=0.005574638 | test_MSE=0.026335259 | MAE=0.130302694 | RMSE=0.162281419 | MAPE=13.587027496% | params={'learning_rate': 0.028715813442899696, 'decay_rate': 0.0009309461220899989, 'hidden_size': 16, 'signal_len': 16, 'cheb_order': 2, 's': 8.817705078568798, 'batch_size': 16, 'k': 4}
Trial 255 finished with value 0.152350606 | dataset=nasdaq | model=ufgtime_plus | val_MSE=0.006427666 | test_MSE=0.031922889 | MAE=0.152350606 | RMSE=0.178669776 | MAPE=16.746713997% | params={'learning_rate': 0.026864269415952487, 'decay_rate': 0.0023516793090937686, 'hidden_size': 16, 'signal_len': 16, 'cheb_order': 2, 's': 8.324405253166967, 'batch_size': 16, 'k': 4}
Trial 256 finished with value 0.125697992 | dataset=nasdaq | model=ufgtime_plus | val_MSE=0.005306493 | test_MSE=0.024991186 | MAE=0.125697992 | RMSE=0.158086010 | MAPE=13.190304049% | params={'learning_rate': 0.025617321528156222, 'decay_rate': 0.0008309760281312008, 'hidden_size': 16, 'signal_len': 16, 'cheb_order': 2, 's': 7.923953300532904, 'batch_size': 16, 'k': 4}
Trial 257 finished with value 0.159112618 | dataset=nasdaq | model=ufgtime_plus | val_MSE=0.006879346 | test_MSE=0.035091238 | MAE=0.159112618 | RMSE=0.187326555 | MAPE=17.185447933% | params={'learning_rate': 0.024820885678207567, 'decay_rate': 0.003090137010546433, 'hidden_size': 16, 'signal_len': 16, 'cheb_order': 2, 's': 8.749467514037999, 'batch_size': 16, 'k': 4}
Trial 258 finished with value 0.146954989 | dataset=nasdaq | model=ufgtime_plus | val_MSE=0.005931289 | test_MSE=0.030378511 | MAE=0.146954989 | RMSE=0.174294323 | MAPE=15.795526096% | params={'learning_rate': 0.026905470690699613, 'decay_rate': 0.001626355745566291, 'hidden_size': 16, 'signal_len': 16, 'cheb_order': 2, 's': 7.432255376743859, 'batch_size': 16, 'k': 4}
Trial 259 finished with value 0.127089662 | dataset=nasdaq | model=ufgtime_plus | val_MSE=0.005320887 | test_MSE=0.024847837 | MAE=0.127089662 | RMSE=0.157631965 | MAPE=13.724759019% | params={'learning_rate': 0.025733288828058407, 'decay_rate': 0.0009174092493401178, 'hidden_size': 64, 'signal_len': 16, 'cheb_order': 2, 's': 8.65928148565059, 'batch_size': 16, 'k': 4}
Trial 260 finished with value 0.179749063 | dataset=nasdaq | model=ufgtime_plus | val_MSE=0.007009710 | test_MSE=0.042161657 | MAE=0.179749063 | RMSE=0.205333039 | MAPE=19.025367413% | params={'learning_rate': 0.028045363725918208, 'decay_rate': 0.03362319929926833, 'hidden_size': 16, 'signal_len': 16, 'cheb_order': 2, 's': 7.76205860902714, 'batch_size': 16, 'k': 4}
Trial 261 finished with value 0.072170491 | dataset=nasdaq | model=ufgtime_plus | val_MSE=0.003215270 | test_MSE=0.011136315 | MAE=0.072170491 | RMSE=0.105528740 | MAPE=7.408940013% | params={'learning_rate': 0.02436008755045534, 'decay_rate': 9.750421778571795e-05, 'hidden_size': 16, 'signal_len': 16, 'cheb_order': 2, 's': 8.167258857283361, 'batch_size': 16, 'k': 4}
Trial 262 finished with value 0.072493858 | dataset=nasdaq | model=ufgtime_plus | val_MSE=0.003110822 | test_MSE=0.010535342 | MAE=0.072493858 | RMSE=0.102641812 | MAPE=7.765485024% | params={'learning_rate': 0.024449279217483688, 'decay_rate': 6.388051544947846e-05, 'hidden_size': 16, 'signal_len': 16, 'cheb_order': 2, 's': 8.255005634695626, 'batch_size': 16, 'k': 4}
Trial 263 finished with value 0.147313225 | dataset=nasdaq | model=ufgtime_plus | val_MSE=0.006191218 | test_MSE=0.030475573 | MAE=0.147313225 | RMSE=0.174572544 | MAPE=16.107099650% | params={'learning_rate': 0.0242032529804194, 'decay_rate': 0.0018474935990182213, 'hidden_size': 16, 'signal_len': 16, 'cheb_order': 2, 's': 8.306523950534501, 'batch_size': 16, 'k': 4}
Trial 264 finished with value 0.121398904 | dataset=nasdaq | model=ufgtime_plus | val_MSE=0.005454799 | test_MSE=0.023214423 | MAE=0.121398904 | RMSE=0.152362799 | MAPE=13.338544402% | params={'learning_rate': 0.024601313088041893, 'decay_rate': 0.0008329431419674003, 'hidden_size': 16, 'signal_len': 16, 'cheb_order': 2, 's': 8.584102087599389, 'batch_size': 16, 'k': 4}
Trial 265 finished with value 0.160081034 | dataset=nasdaq | model=ufgtime_plus | val_MSE=0.006679505 | test_MSE=0.035715557 | MAE=0.160081034 | RMSE=0.188985601 | MAPE=16.847182598% | params={'learning_rate': 0.026492981333317733, 'decay_rate': 0.002733577782014649, 'hidden_size': 16, 'signal_len': 16, 'cheb_order': 2, 's': 8.017124027686185, 'batch_size': 16, 'k': 4}
Trial 266 finished with value 0.078413890 | dataset=nasdaq | model=ufgtime_plus | val_MSE=0.003238412 | test_MSE=0.011968253 | MAE=0.078413890 | RMSE=0.109399509 | MAPE=8.267274005% | params={'learning_rate': 0.025178907743560117, 'decay_rate': 3.0344314325609428e-05, 'hidden_size': 16, 'signal_len': 16, 'cheb_order': 2, 's': 7.170655939035672, 'batch_size': 16, 'k': 4}
Trial 267 finished with value 0.073799451 | dataset=nasdaq | model=ufgtime_plus | val_MSE=0.003210976 | test_MSE=0.011047081 | MAE=0.073799451 | RMSE=0.105105095 | MAPE=7.892121232% | params={'learning_rate': 0.025276556088417335, 'decay_rate': 6.637140129342071e-05, 'hidden_size': 16, 'signal_len': 16, 'cheb_order': 2, 's': 7.239341129947703, 'batch_size': 16, 'k': 4}
Trial 268 finished with value 0.147324209 | dataset=nasdaq | model=ufgtime_plus | val_MSE=0.006021924 | test_MSE=0.030953231 | MAE=0.147324209 | RMSE=0.175935303 | MAPE=15.770360594% | params={'learning_rate': 0.025457565214750084, 'decay_rate': 0.00176811934832846, 'hidden_size': 16, 'signal_len': 16, 'cheb_order': 2, 's': 7.791792857337094, 'batch_size': 16, 'k': 4}
Trial 269 finished with value 0.126770247 | dataset=nasdaq | model=ufgtime_plus | val_MSE=0.005250780 | test_MSE=0.024706950 | MAE=0.126770247 | RMSE=0.157184445 | MAPE=13.682649333% | params={'learning_rate': 0.024044639042252635, 'decay_rate': 0.0008441662876638216, 'hidden_size': 16, 'signal_len': 16, 'cheb_order': 2, 's': 8.23082051522049, 'batch_size': 16, 'k': 4}
Trial 270 finished with value 0.074145212 | dataset=nasdaq | model=ufgtime_plus | val_MSE=0.003046176 | test_MSE=0.010941784 | MAE=0.074145212 | RMSE=0.104602984 | MAPE=7.767202911% | params={'learning_rate': 0.02732565609683269, 'decay_rate': 3.815179897204996e-05, 'hidden_size': 16, 'signal_len': 16, 'cheb_order': 2, 's': 9.059179493957972, 'batch_size': 16, 'k': 4}
Trial 271 finished with value 0.140869200 | dataset=nasdaq | model=ufgtime_plus | val_MSE=0.005925972 | test_MSE=0.028814488 | MAE=0.140869200 | RMSE=0.169748307 | MAPE=15.290413453% | params={'learning_rate': 0.03099099164927374, 'decay_rate': 0.001560153342535673, 'hidden_size': 16, 'signal_len': 16, 'cheb_order': 2, 's': 9.44741781502886, 'batch_size': 16, 'k': 4}
Trial 272 finished with value 0.159297169 | dataset=nasdaq | model=ufgtime_plus | val_MSE=0.006763293 | test_MSE=0.034604600 | MAE=0.159297169 | RMSE=0.186023116 | MAPE=17.415814259% | params={'learning_rate': 0.028801518313893663, 'decay_rate': 0.0033707636030637007, 'hidden_size': 16, 'signal_len': 16, 'cheb_order': 2, 's': 9.142601495373198, 'batch_size': 16, 'k': 4}
Trial 273 finished with value 0.125042548 | dataset=nasdaq | model=ufgtime_plus | val_MSE=0.005513841 | test_MSE=0.024190006 | MAE=0.125042548 | RMSE=0.155531366 | MAPE=13.702545054% | params={'learning_rate': 0.02714620533904825, 'decay_rate': 0.0008802196532966104, 'hidden_size': 16, 'signal_len': 16, 'cheb_order': 2, 's': 7.979101676101752, 'batch_size': 16, 'k': 4}
Trial 274 finished with value 0.084099616 | dataset=nasdaq | model=ufgtime_plus | val_MSE=0.003335545 | test_MSE=0.013762705 | MAE=0.084099616 | RMSE=0.117314558 | MAPE=8.988584982% | params={'learning_rate': 0.026372785598809845, 'decay_rate': 7.459996358796334e-05, 'hidden_size': 16, 'signal_len': 16, 'cheb_order': 2, 's': 7.617040011156244, 'batch_size': 16, 'k': 4}
Trial 275 finished with value 0.151534547 | dataset=nasdaq | model=ufgtime_plus | val_MSE=0.006435750 | test_MSE=0.031771402 | MAE=0.151534547 | RMSE=0.178245343 | MAPE=16.644878991% | params={'learning_rate': 0.027392947838757824, 'decay_rate': 0.0023364335398144117, 'hidden_size': 16, 'signal_len': 16, 'cheb_order': 2, 's': 9.020952683430483, 'batch_size': 16, 'k': 4}
Trial 276 finished with value 0.065126309 | dataset=nasdaq | model=ufgtime_plus | val_MSE=0.002984497 | test_MSE=0.009238598 | MAE=0.065126309 | RMSE=0.096117625 | MAPE=7.133293476% | params={'learning_rate': 0.025633099598771223, 'decay_rate': 3.323796391105628e-05, 'hidden_size': 16, 'signal_len': 16, 'cheb_order': 2, 's': 8.454814638213461, 'batch_size': 16, 'k': 4}
Trial 277 finished with value 0.144256423 | dataset=nasdaq | model=ufgtime_plus | val_MSE=0.005737535 | test_MSE=0.029854248 | MAE=0.144256423 | RMSE=0.172783819 | MAPE=15.391836312% | params={'learning_rate': 0.026145622374202794, 'decay_rate': 0.0014138412562309482, 'hidden_size': 16, 'signal_len': 16, 'cheb_order': 2, 's': 8.510807583433605, 'batch_size': 16, 'k': 4}
Trial 278 finished with value 0.133137838 | dataset=nasdaq | model=ufgtime_plus | val_MSE=0.005575535 | test_MSE=0.027117298 | MAE=0.133137838 | RMSE=0.164673308 | MAPE=14.190721236% | params={'learning_rate': 0.028014213897843476, 'decay_rate': 0.0011580830132193395, 'hidden_size': 16, 'signal_len': 16, 'cheb_order': 2, 's': 8.309493883719096, 'batch_size': 16, 'k': 4}
Trial 279 finished with value 0.156124252 | dataset=nasdaq | model=ufgtime_plus | val_MSE=0.006479205 | test_MSE=0.034290311 | MAE=0.156124252 | RMSE=0.185176431 | MAPE=16.583525589% | params={'learning_rate': 0.024279555427361137, 'decay_rate': 0.0023694678235048365, 'hidden_size': 16, 'signal_len': 16, 'cheb_order': 2, 's': 8.185166860925838, 'batch_size': 16, 'k': 4}
Trial 280 finished with value 0.070942371 | dataset=nasdaq | model=ufgtime_plus | val_MSE=0.003052290 | test_MSE=0.010284891 | MAE=0.070942371 | RMSE=0.101414451 | MAPE=7.418306437% | params={'learning_rate': 0.025397722930587292, 'decay_rate': 1.2258157347528924e-05, 'hidden_size': 16, 'signal_len': 16, 'cheb_order': 2, 's': 8.369083742411352, 'batch_size': 16, 'k': 4}
Trial 281 finished with value 0.129990471 | dataset=nasdaq | model=ufgtime_plus | val_MSE=0.005372759 | test_MSE=0.025853565 | MAE=0.129990471 | RMSE=0.160790438 | MAPE=13.924570855% | params={'learning_rate': 0.026378281798799193, 'decay_rate': 0.0009691746616410029, 'hidden_size': 64, 'signal_len': 16, 'cheb_order': 2, 's': 8.509118237073363, 'batch_size': 16, 'k': 4}
Trial 282 finished with value 0.148438066 | dataset=nasdaq | model=ufgtime_plus | val_MSE=0.006059595 | test_MSE=0.031177953 | MAE=0.148438066 | RMSE=0.176572798 | MAPE=15.947773698% | params={'learning_rate': 0.0256024301675385, 'decay_rate': 0.0017821964638540517, 'hidden_size': 16, 'signal_len': 16, 'cheb_order': 2, 's': 8.387818800053505, 'batch_size': 16, 'k': 4}
Trial 283 finished with value 0.127315876 | dataset=nasdaq | model=ufgtime_plus | val_MSE=0.005307267 | test_MSE=0.025090935 | MAE=0.127315876 | RMSE=0.158401183 | MAPE=13.552442699% | params={'learning_rate': 0.02709023469901826, 'decay_rate': 0.0008873512564220622, 'hidden_size': 16, 'signal_len': 16, 'cheb_order': 2, 's': 7.384063053215369, 'batch_size': 16, 'k': 4}
Trial 284 finished with value 0.161536529 | dataset=nasdaq | model=ufgtime_plus | val_MSE=0.006571478 | test_MSE=0.035752326 | MAE=0.161536529 | RMSE=0.189082855 | MAPE=17.247058912% | params={'learning_rate': 0.023070431839944113, 'decay_rate': 0.003495299723081198, 'hidden_size': 16, 'signal_len': 16, 'cheb_order': 2, 's': 7.951572014007045, 'batch_size': 16, 'k': 4}
Trial 285 finished with value 0.193540245 | dataset=nasdaq | model=ufgtime_plus | val_MSE=0.007165101 | test_MSE=0.047008309 | MAE=0.193540245 | RMSE=0.216813997 | MAPE=20.964546913% | params={'learning_rate': 0.029002248075233807, 'decay_rate': 0.024623759437403414, 'hidden_size': 16, 'signal_len': 16, 'cheb_order': 2, 's': 7.568253443454951, 'batch_size': 16, 'k': 4}
Trial 286 finished with value 0.126565340 | dataset=nasdaq | model=ufgtime_plus | val_MSE=0.005289577 | test_MSE=0.024804400 | MAE=0.126565340 | RMSE=0.157494125 | MAPE=13.628426204% | params={'learning_rate': 0.0253257848475288, 'decay_rate': 0.00095020726094693, 'hidden_size': 16, 'signal_len': 16, 'cheb_order': 2, 's': 8.672560271514405, 'batch_size': 16, 'k': 4}
Trial 287 finished with value 0.082830565 | dataset=nasdaq | model=ufgtime_plus | val_MSE=0.003190739 | test_MSE=0.013287430 | MAE=0.082830565 | RMSE=0.115271116 | MAPE=8.429781301% | params={'learning_rate': 0.023480449105713178, 'decay_rate': 9.471980084932986e-05, 'hidden_size': 16, 'signal_len': 16, 'cheb_order': 2, 's': 7.200452510846726, 'batch_size': 16, 'k': 4}
Trial 288 finished with value 0.156194106 | dataset=nasdaq | model=ufgtime_plus | val_MSE=0.006384469 | test_MSE=0.033420939 | MAE=0.156194106 | RMSE=0.182813946 | MAPE=16.854607522% | params={'learning_rate': 0.027954661089381456, 'decay_rate': 0.0026860998656235893, 'hidden_size': 16, 'signal_len': 16, 'cheb_order': 2, 's': 8.316858928847562, 'batch_size': 16, 'k': 4}
Trial 289 finished with value 0.141166468 | dataset=nasdaq | model=ufgtime_plus | val_MSE=0.005960160 | test_MSE=0.028630262 | MAE=0.141166468 | RMSE=0.169204794 | MAPE=15.454439589% | params={'learning_rate': 0.02507005239754278, 'decay_rate': 0.0015278311374482304, 'hidden_size': 16, 'signal_len': 16, 'cheb_order': 2, 's': 9.035855478621066, 'batch_size': 16, 'k': 4}
Trial 290 finished with value 0.071758768 | dataset=nasdaq | model=ufgtime_plus | val_MSE=0.003101405 | test_MSE=0.010411282 | MAE=0.071758768 | RMSE=0.102035688 | MAPE=7.453213633% | params={'learning_rate': 0.026337517124963763, 'decay_rate': 1.3452883746752335e-05, 'hidden_size': 16, 'signal_len': 16, 'cheb_order': 2, 's': 7.043337047857454, 'batch_size': 16, 'k': 4}
Trial 291 finished with value 0.078062699 | dataset=nasdaq | model=ufgtime_plus | val_MSE=0.003307690 | test_MSE=0.012162952 | MAE=0.078062699 | RMSE=0.110285774 | MAPE=8.316081409% | params={'learning_rate': 0.026396975536216696, 'decay_rate': 1.0521257552474165e-05, 'hidden_size': 16, 'signal_len': 16, 'cheb_order': 2, 's': 7.00248453754784, 'batch_size': 16, 'k': 4}
Trial 292 finished with value 0.153393688 | dataset=nasdaq | model=ufgtime_plus | val_MSE=0.005748757 | test_MSE=0.032099157 | MAE=0.153393688 | RMSE=0.179162377 | MAPE=16.487673798% | params={'learning_rate': 0.027410837907822446, 'decay_rate': 0.0017378762628826954, 'hidden_size': 16, 'signal_len': 16, 'cheb_order': 2, 's': 7.294286789946073, 'batch_size': 16, 'k': 4}
Trial 293 finished with value 0.203037662 | dataset=nasdaq | model=ufgtime_plus | val_MSE=0.012499631 | test_MSE=0.056390206 | MAE=0.203037662 | RMSE=0.237466221 | MAPE=19.641301756% | params={'learning_rate': 0.02601386048792408, 'decay_rate': 0.044363056740730905, 'hidden_size': 16, 'signal_len': 16, 'cheb_order': 2, 's': 9.311941550674508, 'batch_size': 32, 'k': 4}
Trial 294 finished with value 0.062712940 | dataset=nasdaq | model=ufgtime_plus | val_MSE=0.002891381 | test_MSE=0.008871598 | MAE=0.062712940 | RMSE=0.094189161 | MAPE=6.733230271% | params={'learning_rate': 0.029891366377383505, 'decay_rate': 1.566550136718674e-05, 'hidden_size': 16, 'signal_len': 16, 'cheb_order': 2, 's': 7.058768476238758, 'batch_size': 16, 'k': 4}
