Trial 413 finished with value 0.148776293 | dataset=nasdaq | model=ufgtime_plus | val_MSE=0.005983488 | test_MSE=0.031469622 | MAE=0.148776293 | RMSE=0.177396792 | MAPE=15.831939058% | params={'learning_rate': 0.03214949040903307, 'decay_rate': 0.0018145186117624655, 'hidden_size': 16, 'signal_len': 16, 'cheb_order': 2, 's': 7.781465306920895, 'batch_size': 16, 'k': 4}
Trial 414 finished with value 0.105605632 | dataset=nasdaq | model=ufgtime_plus | val_MSE=0.005073792 | test_MSE=0.019582728 | MAE=0.105605632 | RMSE=0.139938302 | MAPE=11.176920199% | params={'learning_rate': 0.029703968459471163, 'decay_rate': 2.3218657017704043e-05, 'hidden_size': 64, 'signal_len': 16, 'cheb_order': 2, 's': 7.893072847535951, 'batch_size': 16, 'k': 4}
Trial 415 finished with value 0.127904048 | dataset=nasdaq | model=ufgtime_plus | val_MSE=0.005442508 | test_MSE=0.025002952 | MAE=0.127904048 | RMSE=0.158123218 | MAPE=13.921531263% | params={'learning_rate': 0.029172685599839838, 'decay_rate': 0.0009644663386554265, 'hidden_size': 16, 'signal_len': 16, 'cheb_order': 2, 's': 7.486279318703289, 'batch_size': 16, 'k': 4}
Trial 416 finished with value 0.150113929 | dataset=nasdaq | model=ufgtime_plus | val_MSE=0.006154288 | test_MSE=0.031551727 | MAE=0.150113929 | RMSE=0.177628058 | MAPE=16.252188612% | params={'learning_rate': 0.027913494234479773, 'decay_rate': 0.001926879966392018, 'hidden_size': 16, 'signal_len': 16, 'cheb_order': 2, 's': 7.353049837189875, 'batch_size': 16, 'k': 4}
Trial 417 finished with value 0.127675272 | dataset=nasdaq | model=ufgtime_plus | val_MSE=0.005291005 | test_MSE=0.025104110 | MAE=0.127675272 | RMSE=0.158442764 | MAPE=13.708291424% | params={'learning_rate': 0.028217909389232097, 'decay_rate': 0.0009185159234623408, 'hidden_size': 16, 'signal_len': 16, 'cheb_order': 2, 's': 7.244789619119579, 'batch_size': 16, 'k': 4}
Trial 418 finished with value 0.155751224 | dataset=nasdaq | model=ufgtime_plus | val_MSE=0.006587146 | test_MSE=0.033538600 | MAE=0.155751224 | RMSE=0.183135469 | MAPE=16.958539483% | params={'learning_rate': 0.028511832613444, 'decay_rate': 0.0026733316770108555, 'hidden_size': 16, 'signal_len': 16, 'cheb_order': 2, 's': 7.638231286193027, 'batch_size': 16, 'k': 4}
Trial 419 finished with value 0.194354723 | dataset=nasdaq | model=ufgtime_plus | val_MSE=0.010791242 | test_MSE=0.051739742 | MAE=0.194354723 | RMSE=0.227463715 | MAPE=19.132286607% | params={'learning_rate': 0.030517076783308013, 'decay_rate': 0.026631777537449785, 'hidden_size': 16, 'signal_len': 16, 'cheb_order': 2, 's': 6.949739488100171, 'batch_size': 256, 'k': 4}
Trial 420 finished with value 0.126066099 | dataset=nasdaq | model=ufgtime_plus | val_MSE=0.005485241 | test_MSE=0.024898641 | MAE=0.126066099 | RMSE=0.157793034 | MAPE=13.604337664% | params={'learning_rate': 0.030708484506728053, 'decay_rate': 0.0009721176780367843, 'hidden_size': 16, 'signal_len': 16, 'cheb_order': 2, 's': 7.918899951531262, 'batch_size': 16, 'k': 4}
Trial 421 finished with value 0.073811714 | dataset=nasdaq | model=ufgtime_plus | val_MSE=0.003181972 | test_MSE=0.010965808 | MAE=0.073811714 | RMSE=0.104717752 | MAPE=7.671953674% | params={'learning_rate': 0.027803844003537883, 'decay_rate': 5.7792490221047266e-05, 'hidden_size': 16, 'signal_len': 16, 'cheb_order': 2, 's': 7.526691700041964, 'batch_size': 16, 'k': 4}
Trial 422 finished with value 0.151388304 | dataset=nasdaq | model=ufgtime_plus | val_MSE=0.006306491 | test_MSE=0.032759218 | MAE=0.151388304 | RMSE=0.180995076 | MAPE=16.030215423% | params={'learning_rate': 0.03254742696542021, 'decay_rate': 0.001799762763319379, 'hidden_size': 16, 'signal_len': 16, 'cheb_order': 2, 's': 7.090976796382566, 'batch_size': 16, 'k': 4}
Trial 423 finished with value 0.081454260 | dataset=nasdaq | model=ufgtime_plus | val_MSE=0.003281968 | test_MSE=0.012436793 | MAE=0.081454260 | RMSE=0.111520371 | MAPE=8.802997124% | params={'learning_rate': 0.03152895689570733, 'decay_rate': 3.120222742031491e-05, 'hidden_size': 16, 'signal_len': 16, 'cheb_order': 2, 's': 7.331256567741748, 'batch_size': 16, 'k': 4}
Trial 424 finished with value 0.161065408 | dataset=nasdaq | model=ufgtime_plus | val_MSE=0.006774958 | test_MSE=0.035552607 | MAE=0.161065408 | RMSE=0.188553989 | MAPE=17.424102578% | params={'learning_rate': 0.029924431774551098, 'decay_rate': 0.0042219852436173886, 'hidden_size': 16, 'signal_len': 16, 'cheb_order': 2, 's': 6.812281493994639, 'batch_size': 16, 'k': 4}
Trial 425 finished with value 0.132531419 | dataset=nasdaq | model=ufgtime_plus | val_MSE=0.005555902 | test_MSE=0.027001500 | MAE=0.132531419 | RMSE=0.164321333 | MAPE=14.009722270% | params={'learning_rate': 0.02817749500103749, 'decay_rate': 0.0009489638222528894, 'hidden_size': 16, 'signal_len': 16, 'cheb_order': 2, 's': 7.727118493837661, 'batch_size': 16, 'k': 4}
Trial 426 finished with value 0.154064442 | dataset=nasdaq | model=ufgtime_plus | val_MSE=0.006319324 | test_MSE=0.033245750 | MAE=0.154064442 | RMSE=0.182334172 | MAPE=16.479777342% | params={'learning_rate': 0.02663490747485893, 'decay_rate': 0.002218310808857761, 'hidden_size': 16, 'signal_len': 16, 'cheb_order': 2, 's': 7.533979560091334, 'batch_size': 16, 'k': 4}
Trial 427 finished with value 0.159940583 | dataset=nasdaq | model=ufgtime_plus | val_MSE=0.006729610 | test_MSE=0.034993409 | MAE=0.159940583 | RMSE=0.187065253 | MAPE=17.323299414% | params={'learning_rate': 0.03507245469631232, 'decay_rate': 0.0032146602111288217, 'hidden_size': 16, 'signal_len': 16, 'cheb_order': 2, 's': 7.215153995988337, 'batch_size': 16, 'k': 4}
Trial 428 finished with value 0.076726530 | dataset=nasdaq | model=ufgtime_plus | val_MSE=0.003080883 | test_MSE=0.012313121 | MAE=0.076726530 | RMSE=0.110964503 | MAPE=7.826643564% | params={'learning_rate': 0.028764961016449472, 'decay_rate': 1.1204351369992157e-05, 'hidden_size': 16, 'signal_len': 16, 'cheb_order': 2, 's': 8.670725707647398, 'batch_size': 16, 'k': 4}
Trial 429 finished with value 0.144500352 | dataset=nasdaq | model=ufgtime_plus | val_MSE=0.005953587 | test_MSE=0.030164486 | MAE=0.144500352 | RMSE=0.173679263 | MAPE=15.499176036% | params={'learning_rate': 0.027451223610885315, 'decay_rate': 0.0015956983285630945, 'hidden_size': 16, 'signal_len': 16, 'cheb_order': 2, 's': 8.07588905870107, 'batch_size': 16, 'k': 4}
Trial 430 finished with value 0.125488704 | dataset=nasdaq | model=ufgtime_plus | val_MSE=0.005333308 | test_MSE=0.025010475 | MAE=0.125488704 | RMSE=0.158147004 | MAPE=13.309327990% | params={'learning_rate': 0.026185172319503774, 'decay_rate': 0.0009242356788652487, 'hidden_size': 16, 'signal_len': 16, 'cheb_order': 2, 's': 7.878121096795525, 'batch_size': 16, 'k': 3}
Trial 431 finished with value 0.147420062 | dataset=nasdaq | model=ufgtime_plus | val_MSE=0.006096113 | test_MSE=0.031519536 | MAE=0.147420062 | RMSE=0.177537421 | MAPE=15.543569800% | params={'learning_rate': 0.029241506014734246, 'decay_rate': 0.0016785297449394563, 'hidden_size': 16, 'signal_len': 16, 'cheb_order': 2, 's': 6.8661100023872725, 'batch_size': 16, 'k': 4}
Trial 432 finished with value 0.126273338 | dataset=nasdaq | model=ufgtime_plus | val_MSE=0.005337459 | test_MSE=0.024930879 | MAE=0.126273338 | RMSE=0.157895153 | MAPE=13.551741066% | params={'learning_rate': 0.03024720087053144, 'decay_rate': 0.0008878719306124795, 'hidden_size': 16, 'signal_len': 16, 'cheb_order': 2, 's': 7.115903381674801, 'batch_size': 32, 'k': 4}
Trial 433 finished with value 0.062485685 | dataset=nasdaq | model=ufgtime_plus | val_MSE=0.003339372 | test_MSE=0.009478000 | MAE=0.062485685 | RMSE=0.097355023 | MAPE=6.456034374% | params={'learning_rate': 0.027728111859278533, 'decay_rate': 1.4393722621898254e-05, 'hidden_size': 16, 'signal_len': 16, 'cheb_order': 2, 's': 7.431705931070002, 'batch_size': 16, 'k': 4}
Trial 434 finished with value 0.074774588 | dataset=nasdaq | model=ufgtime_plus | val_MSE=0.003075871 | test_MSE=0.011814080 | MAE=0.074774588 | RMSE=0.108692592 | MAPE=7.860906175% | params={'learning_rate': 0.028117669980391377, 'decay_rate': 1.412822671484743e-05, 'hidden_size': 64, 'signal_len': 16, 'cheb_order': 2, 's': 7.381368541968821, 'batch_size': 16, 'k': 4}
Trial 435 finished with value 0.155136208 | dataset=nasdaq | model=ufgtime_plus | val_MSE=0.006410749 | test_MSE=0.032941703 | MAE=0.155136208 | RMSE=0.181498492 | MAPE=16.934555171% | params={'learning_rate': 0.027160865517253097, 'decay_rate': 0.0026557747171435586, 'hidden_size': 16, 'signal_len': 16, 'cheb_order': 2, 's': 7.591855499462333, 'batch_size': 16, 'k': 4}
Trial 436 finished with value 0.147560768 | dataset=nasdaq | model=ufgtime_plus | val_MSE=0.006004191 | test_MSE=0.031026858 | MAE=0.147560768 | RMSE=0.176144424 | MAPE=15.638328756% | params={'learning_rate': 0.028797210040427818, 'decay_rate': 0.0016528849433496112, 'hidden_size': 16, 'signal_len': 16, 'cheb_order': 2, 's': 7.341052670092089, 'batch_size': 16, 'k': 4}
Trial 437 finished with value 0.125253305 | dataset=nasdaq | model=ufgtime_plus | val_MSE=0.005325142 | test_MSE=0.024705301 | MAE=0.125253305 | RMSE=0.157179202 | MAPE=13.426730391% | params={'learning_rate': 0.0319087734368868, 'decay_rate': 0.0009182518599097271, 'hidden_size': 16, 'signal_len': 16, 'cheb_order': 2, 's': 7.4656656604703935, 'batch_size': 16, 'k': 4}
Trial 438 finished with value 0.161934454 | dataset=nasdaq | model=ufgtime_plus | val_MSE=0.006536385 | test_MSE=0.035690964 | MAE=0.161934454 | RMSE=0.188920523 | MAPE=17.363742921% | params={'learning_rate': 0.02727879153502776, 'decay_rate': 0.00233706893367328, 'hidden_size': 16, 'signal_len': 16, 'cheb_order': 2, 's': 7.031086768919943, 'batch_size': 16, 'k': 4}
Trial 439 finished with value 0.094724684 | dataset=nasdaq | model=ufgtime_plus | val_MSE=0.003860210 | test_MSE=0.016230569 | MAE=0.094724684 | RMSE=0.127399250 | MAPE=9.479602933% | params={'learning_rate': 0.029993218449786207, 'decay_rate': 0.0009281919927153732, 'hidden_size': 16, 'signal_len': 16, 'cheb_order': 2, 's': 7.261207551039242, 'batch_size': 128, 'k': 4}
Trial 440 finished with value 0.195275733 | dataset=nasdaq | model=ufgtime_plus | val_MSE=0.010340222 | test_MSE=0.051851741 | MAE=0.195275733 | RMSE=0.227709774 | MAPE=19.395137048% | params={'learning_rate': 0.0261818395075327, 'decay_rate': 0.041037745060397965, 'hidden_size': 16, 'signal_len': 16, 'cheb_order': 2, 's': 7.7339524201977, 'batch_size': 16, 'k': 4}
Trial 441 finished with value 0.099334621 | dataset=nasdaq | model=ufgtime_plus | val_MSE=0.003903602 | test_MSE=0.017943229 | MAE=0.099334621 | RMSE=0.133952338 | MAPE=9.769850017% | params={'learning_rate': 0.030984785459635962, 'decay_rate': 0.0008755536512155672, 'hidden_size': 16, 'signal_len': 16, 'cheb_order': 2, 's': 7.604256231933145, 'batch_size': 256, 'k': 4}
Trial 442 finished with value 0.151261465 | dataset=nasdaq | model=ufgtime_plus | val_MSE=0.006373819 | test_MSE=0.033065875 | MAE=0.151261465 | RMSE=0.181840246 | MAPE=15.726844773% | params={'learning_rate': 0.028183005291775132, 'decay_rate': 0.0016720098159480673, 'hidden_size': 16, 'signal_len': 16, 'cheb_order': 2, 's': 6.87231947168614, 'batch_size': 16, 'k': 4}
Trial 443 finished with value 0.159283646 | dataset=nasdaq | model=ufgtime_plus | val_MSE=0.006524064 | test_MSE=0.034502759 | MAE=0.159283646 | RMSE=0.185749183 | MAPE=17.294859732% | params={'learning_rate': 0.029476983733429378, 'decay_rate': 0.0033211978860885043, 'hidden_size': 16, 'signal_len': 16, 'cheb_order': 2, 's': 7.129776931688541, 'batch_size': 16, 'k': 4}
Trial 444 finished with value 0.129848127 | dataset=nasdaq | model=ufgtime_plus | val_MSE=0.005545302 | test_MSE=0.026500927 | MAE=0.129848127 | RMSE=0.162791052 | MAPE=13.585169053% | params={'learning_rate': 0.02690881426461175, 'decay_rate': 0.0008623170987482314, 'hidden_size': 16, 'signal_len': 16, 'cheb_order': 2, 's': 7.418949404450075, 'batch_size': 16, 'k': 4}
Trial 445 finished with value 0.081074663 | dataset=nasdaq | model=ufgtime_plus | val_MSE=0.003134657 | test_MSE=0.012579205 | MAE=0.081074663 | RMSE=0.112157053 | MAPE=8.233078597% | params={'learning_rate': 0.0332785021908339, 'decay_rate': 0.0001082121360828219, 'hidden_size': 16, 'signal_len': 16, 'cheb_order': 2, 's': 6.728024697058753, 'batch_size': 16, 'k': 4}
Trial 446 finished with value 0.201672024 | dataset=nasdaq | model=ufgtime_plus | val_MSE=0.011856578 | test_MSE=0.055603241 | MAE=0.201672024 | RMSE=0.235803395 | MAPE=19.662903733% | params={'learning_rate': 0.028626534144698883, 'decay_rate': 0.04756603687355089, 'hidden_size': 16, 'signal_len': 16, 'cheb_order': 2, 's': 7.761969397453143, 'batch_size': 16, 'k': 4}
Trial 447 finished with value 0.069356702 | dataset=nasdaq | model=ufgtime_plus | val_MSE=0.002939667 | test_MSE=0.009998560 | MAE=0.069356702 | RMSE=0.099992802 | MAPE=7.314701248% | params={'learning_rate': 0.0259905583212165, 'decay_rate': 2.069124299882416e-05, 'hidden_size': 16, 'signal_len': 16, 'cheb_order': 2, 's': 6.9646932676173385, 'batch_size': 16, 'k': 4}
Trial 448 finished with value 0.155246018 | dataset=nasdaq | model=ufgtime_plus | val_MSE=0.006083433 | test_MSE=0.033070937 | MAE=0.155246018 | RMSE=0.181854164 | MAPE=16.708497720% | params={'learning_rate': 0.027574645583726357, 'decay_rate': 0.0022147828838600054, 'hidden_size': 16, 'signal_len': 16, 'cheb_order': 2, 's': 7.221799949129165, 'batch_size': 16, 'k': 4}
Trial 449 finished with value 0.149348256 | dataset=nasdaq | model=ufgtime_plus | val_MSE=0.005943433 | test_MSE=0.031304828 | MAE=0.149348256 | RMSE=0.176931704 | MAPE=16.040515614% | params={'learning_rate': 0.030562417999444456, 'decay_rate': 0.0017211203824907056, 'hidden_size': 16, 'signal_len': 16, 'cheb_order': 2, 's': 6.421752371150498, 'batch_size': 16, 'k': 4}
Trial 450 finished with value 0.134944193 | dataset=nasdaq | model=ufgtime_plus | val_MSE=0.005528098 | test_MSE=0.027129351 | MAE=0.134944193 | RMSE=0.164709898 | MAPE=14.341901948% | params={'learning_rate': 0.02590279501594031, 'decay_rate': 0.000986915154968315, 'hidden_size': 16, 'signal_len': 16, 'cheb_order': 2, 's': 7.519212373965136, 'batch_size': 16, 'k': 4}
Trial 451 finished with value 0.064994491 | dataset=nasdaq | model=ufgtime_plus | val_MSE=0.003115364 | test_MSE=0.009086070 | MAE=0.064994491 | RMSE=0.095320880 | MAPE=6.831131836% | params={'learning_rate': 0.029476066044141342, 'decay_rate': 3.0642187496650444e-05, 'hidden_size': 16, 'signal_len': 16, 'cheb_order': 2, 's': 7.361155221965112, 'batch_size': 16, 'k': 4}
Trial 452 finished with value 0.068818919 | dataset=nasdaq | model=ufgtime_plus | val_MSE=0.003298383 | test_MSE=0.009965060 | MAE=0.068818919 | RMSE=0.099825149 | MAPE=7.099112549% | params={'learning_rate': 0.028923156918522014, 'decay_rate': 3.975759933458917e-05, 'hidden_size': 16, 'signal_len': 16, 'cheb_order': 2, 's': 7.317309692614202, 'batch_size': 16, 'k': 4}
Trial 453 finished with value 0.072321157 | dataset=nasdaq | model=ufgtime_plus | val_MSE=0.002951132 | test_MSE=0.010704519 | MAE=0.072321157 | RMSE=0.103462647 | MAPE=7.662868669% | params={'learning_rate': 0.0293727256284332, 'decay_rate': 1.2660762766066838e-05, 'hidden_size': 16, 'signal_len': 16, 'cheb_order': 2, 's': 7.580733370266118, 'batch_size': 32, 'k': 4}
Trial 454 finished with value 0.170306965 | dataset=nasdaq | model=ufgtime_plus | val_MSE=0.006786763 | test_MSE=0.038642516 | MAE=0.170306965 | RMSE=0.196576997 | MAPE=18.186301929% | params={'learning_rate': 0.0277123608769841, 'decay_rate': 0.007534390133531432, 'hidden_size': 16, 'signal_len': 16, 'cheb_order': 2, 's': 7.44185191002838, 'batch_size': 16, 'k': 4}
Trial 455 finished with value 0.161610177 | dataset=nasdaq | model=ufgtime_plus | val_MSE=0.006530009 | test_MSE=0.035652184 | MAE=0.161610177 | RMSE=0.188817860 | MAPE=17.207037385% | params={'learning_rate': 0.02682617162482827, 'decay_rate': 0.0033454539815887334, 'hidden_size': 16, 'signal_len': 16, 'cheb_order': 2, 's': 7.920429008243722, 'batch_size': 16, 'k': 4}
Trial 456 finished with value 0.146255163 | dataset=nasdaq | model=ufgtime_plus | val_MSE=0.006264707 | test_MSE=0.031071978 | MAE=0.146255163 | RMSE=0.176272453 | MAPE=15.673044142% | params={'learning_rate': 0.02814527000015552, 'decay_rate': 0.0016683901591081816, 'hidden_size': 16, 'signal_len': 16, 'cheb_order': 2, 's': 7.693925948114091, 'batch_size': 128, 'k': 4}
Trial 457 finished with value 0.155373701 | dataset=nasdaq | model=ufgtime_plus | val_MSE=0.006252573 | test_MSE=0.033261087 | MAE=0.155373701 | RMSE=0.182376225 | MAPE=16.613776580% | params={'learning_rate': 0.0254024799205115, 'decay_rate': 0.0023951925755558833, 'hidden_size': 64, 'signal_len': 16, 'cheb_order': 2, 's': 7.179576510490265, 'batch_size': 16, 'k': 4}
Trial 458 finished with value 0.128903093 | dataset=nasdaq | model=ufgtime_plus | val_MSE=0.005656939 | test_MSE=0.025481510 | MAE=0.128903093 | RMSE=0.159629290 | MAPE=14.017770664% | params={'learning_rate': 0.029699823832124845, 'decay_rate': 0.0010655072518114819, 'hidden_size': 16, 'signal_len': 16, 'cheb_order': 2, 's': 7.295985804077224, 'batch_size': 16, 'k': 3}
Trial 459 finished with value 0.130873804 | dataset=nasdaq | model=ufgtime_plus | val_MSE=0.005411921 | test_MSE=0.026454235 | MAE=0.130873804 | RMSE=0.162647578 | MAPE=13.840014605% | params={'learning_rate': 0.024471190154601682, 'decay_rate': 0.0010164431327836022, 'hidden_size': 16, 'signal_len': 16, 'cheb_order': 2, 's': 7.503197571172727, 'batch_size': 16, 'k': 4}
Trial 460 finished with value 0.063658405 | dataset=nasdaq | model=ufgtime_plus | val_MSE=0.002819584 | test_MSE=0.009119501 | MAE=0.063658405 | RMSE=0.095496077 | MAPE=6.893809879% | params={'learning_rate': 0.02688657009549819, 'decay_rate': 1.882052864107643e-05, 'hidden_size': 16, 'signal_len': 16, 'cheb_order': 2, 's': 7.830427643784439, 'batch_size': 16, 'k': 4}
Trial 461 finished with value 0.143120157 | dataset=nasdaq | model=ufgtime_plus | val_MSE=0.006031559 | test_MSE=0.029523917 | MAE=0.143120157 | RMSE=0.171825253 | MAPE=15.545238554% | params={'learning_rate': 0.026839043512537353, 'decay_rate': 0.0015481862918594286, 'hidden_size': 16, 'signal_len': 16, 'cheb_order': 2, 's': 8.947699249143891, 'batch_size': 16, 'k': 4}
Trial 462 finished with value 0.157865919 | dataset=nasdaq | model=ufgtime_plus | val_MSE=0.006746441 | test_MSE=0.034909983 | MAE=0.157865919 | RMSE=0.186842134 | MAPE=16.897174370% | params={'learning_rate': 0.026202714031066436, 'decay_rate': 0.0027310359225956355, 'hidden_size': 16, 'signal_len': 16, 'cheb_order': 2, 's': 7.1072571665887265, 'batch_size': 256, 'k': 4}
Trial 463 finished with value 0.134225294 | dataset=nasdaq | model=ufgtime_plus | val_MSE=0.005702111 | test_MSE=0.027422454 | MAE=0.134225294 | RMSE=0.165597265 | MAPE=13.985367090% | params={'learning_rate': 0.02548249269981039, 'decay_rate': 0.0008823737434377824, 'hidden_size': 16, 'signal_len': 16, 'cheb_order': 2, 's': 7.899447630349312, 'batch_size': 16, 'k': 4}
Trial 464 finished with value 0.064540567 | dataset=nasdaq | model=ufgtime_plus | val_MSE=0.003267873 | test_MSE=0.009146898 | MAE=0.064540567 | RMSE=0.095639418 | MAPE=6.868052286% | params={'learning_rate': 0.027339111060144528, 'decay_rate': 1.638420163752081e-05, 'hidden_size': 16, 'signal_len': 16, 'cheb_order': 2, 's': 1.429198714245806, 'batch_size': 16, 'k': 4}
Trial 465 finished with value 0.147778483 | dataset=nasdaq | model=ufgtime_plus | val_MSE=0.006007347 | test_MSE=0.030879726 | MAE=0.147778483 | RMSE=0.175726282 | MAPE=15.918400969% | params={'learning_rate': 0.027611627253386773, 'decay_rate': 0.0018113848538487045, 'hidden_size': 16, 'signal_len': 16, 'cheb_order': 2, 's': 8.046257855070605, 'batch_size': 16, 'k': 4}
Trial 466 finished with value 0.133281791 | dataset=nasdaq | model=ufgtime_plus | val_MSE=0.005549780 | test_MSE=0.027189249 | MAE=0.133281791 | RMSE=0.164891628 | MAPE=13.865528407% | params={'learning_rate': 0.027137868004264633, 'decay_rate': 0.0010088723701752024, 'hidden_size': 16, 'signal_len': 16, 'cheb_order': 2, 's': 7.639429127514489, 'batch_size': 16, 'k': 4}
Trial 467 finished with value 0.159313873 | dataset=nasdaq | model=ufgtime_plus | val_MSE=0.006754487 | test_MSE=0.034970080 | MAE=0.159313873 | RMSE=0.187002888 | MAPE=17.258630695% | params={'learning_rate': 0.027522241859877256, 'decay_rate': 0.0037625811961356304, 'hidden_size': 16, 'signal_len': 16, 'cheb_order': 2, 's': 9.841854238117499, 'batch_size': 16, 'k': 4}
Trial 468 finished with value 0.175057957 | dataset=nasdaq | model=ufgtime_plus | val_MSE=0.007274225 | test_MSE=0.040172837 | MAE=0.175057957 | RMSE=0.200431626 | MAPE=19.060684666% | params={'learning_rate': 0.02848669578719488, 'decay_rate': 0.037921162274897585, 'hidden_size': 16, 'signal_len': 16, 'cheb_order': 2, 's': 7.369597963643872, 'batch_size': 16, 'k': 4}
Trial 469 finished with value 0.126550385 | dataset=nasdaq | model=ufgtime_plus | val_MSE=0.005381413 | test_MSE=0.024603297 | MAE=0.126550385 | RMSE=0.156854381 | MAPE=13.753153388% | params={'learning_rate': 0.02683229087080407, 'decay_rate': 0.0009143805607869951, 'hidden_size': 16, 'signal_len': 16, 'cheb_order': 2, 's': 8.110861968688534, 'batch_size': 16, 'k': 4}
Trial 470 finished with value 0.072405294 | dataset=nasdaq | model=ufgtime_plus | val_MSE=0.003084182 | test_MSE=0.011602841 | MAE=0.072405294 | RMSE=0.107716487 | MAPE=7.438985708% | params={'learning_rate': 0.02606885534987069, 'decay_rate': 2.3475792450937225e-05, 'hidden_size': 16, 'signal_len': 16, 'cheb_order': 2, 's': 7.430413733231944, 'batch_size': 16, 'k': 4}
Trial 471 finished with value 0.150871925 | dataset=nasdaq | model=ufgtime_plus | val_MSE=0.006272339 | test_MSE=0.031854114 | MAE=0.150871925 | RMSE=0.178477210 | MAPE=16.362306171% | params={'learning_rate': 0.028249366990245273, 'decay_rate': 0.0021463724555118905, 'hidden_size': 16, 'signal_len': 16, 'cheb_order': 2, 's': 7.034407399816639, 'batch_size': 16, 'k': 4}
