Trial 177 finished with value 0.093837410 | dataset=nasdaq | model=ufgtime_plus | val_MSE=0.004971281 | test_MSE=0.016694063 | MAE=0.093837410 | RMSE=0.129205507 | MAPE=10.039361298% | params={'learning_rate': 0.026138294546403776, 'decay_rate': 9.894389487065654e-05, 'hidden_size': 16, 'signal_len': 8, 'cheb_order': 2, 's': 6.40221086758353, 'batch_size': 64, 'k': 2}
Trial 178 finished with value 0.210851997 | dataset=nasdaq | model=ufgtime_plus | val_MSE=0.014785951 | test_MSE=0.061190174 | MAE=0.210851997 | RMSE=0.247366477 | MAPE=20.008232901% | params={'learning_rate': 0.04298762527948929, 'decay_rate': 0.04949674727839906, 'hidden_size': 16, 'signal_len': 8, 'cheb_order': 2, 's': 6.0952580197372965, 'batch_size': 64, 'k': 2}
Trial 179 finished with value 0.152425628 | dataset=nasdaq | model=ufgtime_plus | val_MSE=0.006268041 | test_MSE=0.032994740 | MAE=0.152425628 | RMSE=0.181644543 | MAPE=16.162811578% | params={'learning_rate': 0.028518041080808416, 'decay_rate': 0.0019860499328724955, 'hidden_size': 16, 'signal_len': 16, 'cheb_order': 2, 's': 6.806356575909686, 'batch_size': 64, 'k': 2}
Trial 180 finished with value 0.132506138 | dataset=nasdaq | model=ufgtime_plus | val_MSE=0.005520436 | test_MSE=0.026478345 | MAE=0.132506138 | RMSE=0.162721680 | MAPE=14.294831597% | params={'learning_rate': 0.04837262910145216, 'decay_rate': 0.0010590710092199518, 'hidden_size': 16, 'signal_len': 8, 'cheb_order': 2, 's': 6.663206462543535, 'batch_size': 64, 'k': 2}
Trial 181 finished with value 0.106397611 | dataset=nasdaq | model=ufgtime_plus | val_MSE=0.004925126 | test_MSE=0.020020408 | MAE=0.106397611 | RMSE=0.141493490 | MAPE=11.444954052% | params={'learning_rate': 0.022700978981771525, 'decay_rate': 0.00023635895881718541, 'hidden_size': 16, 'signal_len': 8, 'cheb_order': 2, 's': 6.324616052818871, 'batch_size': 64, 'k': 2}
Trial 182 finished with value 0.096618771 | dataset=nasdaq | model=ufgtime_plus | val_MSE=0.004705898 | test_MSE=0.017477598 | MAE=0.096618771 | RMSE=0.132202866 | MAPE=10.420107770% | params={'learning_rate': 0.02030047994185174, 'decay_rate': 0.00016923043951339804, 'hidden_size': 16, 'signal_len': 8, 'cheb_order': 2, 's': 6.977894521641555, 'batch_size': 64, 'k': 4}
Trial 183 finished with value 0.101515344 | dataset=nasdaq | model=ufgtime_plus | val_MSE=0.005153390 | test_MSE=0.019096931 | MAE=0.101515344 | RMSE=0.138191645 | MAPE=10.855081939% | params={'learning_rate': 0.02175370004823335, 'decay_rate': 1.8532984270358812e-05, 'hidden_size': 16, 'signal_len': 8, 'cheb_order': 2, 's': 5.792523489099335, 'batch_size': 128, 'k': 2}
Trial 184 finished with value 0.143805054 | dataset=nasdaq | model=ufgtime_plus | val_MSE=0.005927204 | test_MSE=0.029975490 | MAE=0.143805054 | RMSE=0.173134311 | MAPE=15.423759857% | params={'learning_rate': 0.02359789797335437, 'decay_rate': 0.001570186810171609, 'hidden_size': 16, 'signal_len': 8, 'cheb_order': 2, 's': 6.248110378138944, 'batch_size': 64, 'k': 4}
Trial 185 finished with value 0.157957799 | dataset=nasdaq | model=ufgtime_plus | val_MSE=0.006512078 | test_MSE=0.034294346 | MAE=0.157957799 | RMSE=0.185187328 | MAPE=17.075853217% | params={'learning_rate': 0.021300775281239626, 'decay_rate': 0.00283895065670419, 'hidden_size': 16, 'signal_len': 8, 'cheb_order': 2, 's': 8.459721597499776, 'batch_size': 64, 'k': 4}
Trial 186 finished with value 0.134158697 | dataset=nasdaq | model=ufgtime_plus | val_MSE=0.005633565 | test_MSE=0.027571815 | MAE=0.134158697 | RMSE=0.166047627 | MAPE=14.163069782% | params={'learning_rate': 0.02511941616899579, 'decay_rate': 0.0010985086972853768, 'hidden_size': 16, 'signal_len': 8, 'cheb_order': 2, 's': 5.983069237433586, 'batch_size': 64, 'k': 4}
Trial 187 finished with value 0.151798146 | dataset=nasdaq | model=ufgtime_plus | val_MSE=0.006327422 | test_MSE=0.032384226 | MAE=0.151798146 | RMSE=0.179956178 | MAPE=16.395232771% | params={'learning_rate': 0.01644735795167406, 'decay_rate': 0.002143631017544681, 'hidden_size': 32, 'signal_len': 8, 'cheb_order': 2, 's': 6.468954763604733, 'batch_size': 64, 'k': 2}
Trial 188 finished with value 0.125338309 | dataset=nasdaq | model=ufgtime_plus | val_MSE=0.005348035 | test_MSE=0.024573175 | MAE=0.125338309 | RMSE=0.156758334 | MAPE=13.528098230% | params={'learning_rate': 0.019151965368636975, 'decay_rate': 0.0009070754310610489, 'hidden_size': 16, 'signal_len': 8, 'cheb_order': 2, 's': 1.974641041218515, 'batch_size': 64, 'k': 4}
Trial 189 finished with value 0.091061588 | dataset=nasdaq | model=ufgtime_plus | val_MSE=0.004839859 | test_MSE=0.016363646 | MAE=0.091061588 | RMSE=0.127920466 | MAPE=9.734967243% | params={'learning_rate': 0.022862788439035355, 'decay_rate': 7.783767380963022e-05, 'hidden_size': 16, 'signal_len': 8, 'cheb_order': 2, 's': 6.718759855937723, 'batch_size': 64, 'k': 3}
Trial 190 finished with value 0.162844257 | dataset=nasdaq | model=ufgtime_plus | val_MSE=0.006676544 | test_MSE=0.036250703 | MAE=0.162844257 | RMSE=0.190396174 | MAPE=17.414525366% | params={'learning_rate': 0.017867901679360112, 'decay_rate': 0.004005815061916358, 'hidden_size': 64, 'signal_len': 8, 'cheb_order': 2, 's': 6.71355589367564, 'batch_size': 64, 'k': 3}
Trial 191 finished with value 0.092483880 | dataset=nasdaq | model=ufgtime_plus | val_MSE=0.004380597 | test_MSE=0.016615129 | MAE=0.092483880 | RMSE=0.128899685 | MAPE=9.718135444% | params={'learning_rate': 0.022645737063162853, 'decay_rate': 1.4100132854791124e-05, 'hidden_size': 16, 'signal_len': 8, 'cheb_order': 2, 's': 7.1737904570645945, 'batch_size': 64, 'k': 2}
Trial 192 finished with value 0.174210751 | dataset=nasdaq | model=ufgtime_plus | val_MSE=0.006902902 | test_MSE=0.040049669 | MAE=0.174210751 | RMSE=0.200124134 | MAPE=18.629891868% | params={'learning_rate': 0.023545097532467946, 'decay_rate': 0.01965662743082853, 'hidden_size': 16, 'signal_len': 8, 'cheb_order': 2, 's': 6.3146094288916474, 'batch_size': 64, 'k': 3}
Trial 193 finished with value 0.086538865 | dataset=nasdaq | model=ufgtime_plus | val_MSE=0.004173014 | test_MSE=0.015188306 | MAE=0.086538865 | RMSE=0.123240847 | MAPE=9.161003100% | params={'learning_rate': 0.021043837305458384, 'decay_rate': 3.7928020824048886e-05, 'hidden_size': 16, 'signal_len': 8, 'cheb_order': 2, 's': 5.715599315208608, 'batch_size': 64, 'k': 4}
Trial 194 finished with value 0.144566294 | dataset=nasdaq | model=ufgtime_plus | val_MSE=0.005958490 | test_MSE=0.029864451 | MAE=0.144566294 | RMSE=0.172813342 | MAPE=15.671131374% | params={'learning_rate': 0.0207512010468235, 'decay_rate': 0.0015792511918185758, 'hidden_size': 16, 'signal_len': 8, 'cheb_order': 2, 's': 5.650630517561186, 'batch_size': 64, 'k': 3}
Trial 195 finished with value 0.129849678 | dataset=nasdaq | model=ufgtime_plus | val_MSE=0.005578128 | test_MSE=0.025658207 | MAE=0.129849678 | RMSE=0.160181793 | MAPE=14.124109367% | params={'learning_rate': 0.024951762191506393, 'decay_rate': 0.001062110015358866, 'hidden_size': 16, 'signal_len': 8, 'cheb_order': 2, 's': 5.999617005914954, 'batch_size': 64, 'k': 4}
Trial 196 finished with value 0.094568781 | dataset=nasdaq | model=ufgtime_plus | val_MSE=0.004345174 | test_MSE=0.017327633 | MAE=0.094568781 | RMSE=0.131634466 | MAPE=9.752941611% | params={'learning_rate': 0.019623950798772657, 'decay_rate': 3.720804121615056e-05, 'hidden_size': 16, 'signal_len': 8, 'cheb_order': 2, 's': 6.6405975692061, 'batch_size': 64, 'k': 4}
Trial 197 finished with value 0.157948868 | dataset=nasdaq | model=ufgtime_plus | val_MSE=0.006734422 | test_MSE=0.035019144 | MAE=0.157948868 | RMSE=0.187134027 | MAPE=16.853629386% | params={'learning_rate': 0.026994203334786058, 'decay_rate': 0.002598787123833904, 'hidden_size': 16, 'signal_len': 8, 'cheb_order': 2, 's': 5.78484724693025, 'batch_size': 64, 'k': 4}
Trial 198 finished with value 0.088151640 | dataset=nasdaq | model=ufgtime_plus | val_MSE=0.004443974 | test_MSE=0.015623729 | MAE=0.088151640 | RMSE=0.124994916 | MAPE=9.234860038% | params={'learning_rate': 0.021449733616489892, 'decay_rate': 1.715650011145401e-05, 'hidden_size': 32, 'signal_len': 8, 'cheb_order': 2, 's': 6.203523462625681, 'batch_size': 64, 'k': 2}
Trial 199 finished with value 0.149824127 | dataset=nasdaq | model=ufgtime_plus | val_MSE=0.006355687 | test_MSE=0.031898063 | MAE=0.149824127 | RMSE=0.178600288 | MAPE=16.186720295% | params={'learning_rate': 0.024385576972349145, 'decay_rate': 0.0019247220162915714, 'hidden_size': 32, 'signal_len': 8, 'cheb_order': 2, 's': 6.90290501392144, 'batch_size': 64, 'k': 2}
Trial 200 finished with value 0.131522745 | dataset=nasdaq | model=ufgtime_plus | val_MSE=0.005590271 | test_MSE=0.026198684 | MAE=0.131522745 | RMSE=0.161860076 | MAPE=14.239866810% | params={'learning_rate': 0.021479726416612884, 'decay_rate': 0.0010504022757542029, 'hidden_size': 32, 'signal_len': 8, 'cheb_order': 2, 's': 6.505696198857512, 'batch_size': 64, 'k': 2}
Trial 201 finished with value 0.130597759 | dataset=nasdaq | model=ufgtime_plus | val_MSE=0.005375734 | test_MSE=0.026176626 | MAE=0.130597759 | RMSE=0.161791922 | MAPE=13.876545675% | params={'learning_rate': 0.022373400850354306, 'decay_rate': 0.0009650532277227917, 'hidden_size': 32, 'signal_len': 8, 'cheb_order': 2, 's': 6.179303186697093, 'batch_size': 64, 'k': 2}
Trial 202 finished with value 0.095466903 | dataset=nasdaq | model=ufgtime_plus | val_MSE=0.004898664 | test_MSE=0.016691724 | MAE=0.095466903 | RMSE=0.129196454 | MAPE=10.488994729% | params={'learning_rate': 0.020887776435243994, 'decay_rate': 9.004965469881383e-05, 'hidden_size': 32, 'signal_len': 8, 'cheb_order': 2, 's': 6.312886757926993, 'batch_size': 64, 'k': 2}
Trial 203 finished with value 0.147205008 | dataset=nasdaq | model=ufgtime_plus | val_MSE=0.006302984 | test_MSE=0.030987505 | MAE=0.147205008 | RMSE=0.176032682 | MAPE=15.967055959% | params={'learning_rate': 0.023071528749371552, 'decay_rate': 0.0017695766334247234, 'hidden_size': 32, 'signal_len': 8, 'cheb_order': 2, 's': 6.101442341787252, 'batch_size': 64, 'k': 2}
Trial 204 finished with value 0.122950046 | dataset=nasdaq | model=ufgtime_plus | val_MSE=0.005368851 | test_MSE=0.024550353 | MAE=0.122950046 | RMSE=0.156685522 | MAPE=13.027666154% | params={'learning_rate': 0.014418227219580934, 'decay_rate': 0.0007896607332932726, 'hidden_size': 16, 'signal_len': 8, 'cheb_order': 2, 's': 5.7178220890937865, 'batch_size': 64, 'k': 2}
Trial 205 finished with value 0.097693473 | dataset=nasdaq | model=ufgtime_plus | val_MSE=0.004682783 | test_MSE=0.018900251 | MAE=0.097693473 | RMSE=0.137478184 | MAPE=10.041849620% | params={'learning_rate': 0.01975206298008828, 'decay_rate': 3.463036994699978e-05, 'hidden_size': 16, 'signal_len': 8, 'cheb_order': 2, 's': 5.971463615678643, 'batch_size': 64, 'k': 4}
Trial 206 finished with value 0.156283808 | dataset=nasdaq | model=ufgtime_plus | val_MSE=0.006700029 | test_MSE=0.034177025 | MAE=0.156283808 | RMSE=0.184870294 | MAPE=16.833446701% | params={'learning_rate': 0.01574106878395983, 'decay_rate': 0.0024572765140988373, 'hidden_size': 16, 'signal_len': 8, 'cheb_order': 2, 's': 6.557254698724178, 'batch_size': 64, 'k': 4}
Trial 207 finished with value 0.135712395 | dataset=nasdaq | model=ufgtime_plus | val_MSE=0.005652116 | test_MSE=0.027954939 | MAE=0.135712395 | RMSE=0.167197307 | MAPE=14.330869904% | params={'learning_rate': 0.017383445308261927, 'decay_rate': 0.0011116644863268426, 'hidden_size': 32, 'signal_len': 8, 'cheb_order': 2, 's': 6.8202967742965175, 'batch_size': 32, 'k': 4}
Trial 208 finished with value 0.148999922 | dataset=nasdaq | model=ufgtime_plus | val_MSE=0.006210950 | test_MSE=0.031870023 | MAE=0.148999922 | RMSE=0.178521773 | MAPE=15.895267513% | params={'learning_rate': 0.018804181100106666, 'decay_rate': 0.0017764393106219497, 'hidden_size': 16, 'signal_len': 8, 'cheb_order': 2, 's': 6.199543410887177, 'batch_size': 64, 'k': 2}
Trial 209 finished with value 0.087499787 | dataset=nasdaq | model=ufgtime_plus | val_MSE=0.004304478 | test_MSE=0.014629976 | MAE=0.087499787 | RMSE=0.120954437 | MAPE=9.435447622% | params={'learning_rate': 0.023685961629024213, 'decay_rate': 2.3096631604352807e-05, 'hidden_size': 16, 'signal_len': 8, 'cheb_order': 2, 's': 6.484500087182297, 'batch_size': 64, 'k': 4}
Trial 210 finished with value 0.065115767 | dataset=nasdaq | model=ufgtime_plus | val_MSE=0.003054710 | test_MSE=0.009564207 | MAE=0.065115767 | RMSE=0.097796762 | MAPE=7.022262184% | params={'learning_rate': 0.02387917325740345, 'decay_rate': 1.372597693074985e-05, 'hidden_size': 16, 'signal_len': 16, 'cheb_order': 2, 's': 6.405249521921236, 'batch_size': 64, 'k': 4}
Trial 211 finished with value 0.068766847 | dataset=nasdaq | model=ufgtime_plus | val_MSE=0.003242768 | test_MSE=0.010688716 | MAE=0.068766847 | RMSE=0.103386244 | MAPE=7.185952203% | params={'learning_rate': 0.023715367601294224, 'decay_rate': 9.487715324899817e-05, 'hidden_size': 16, 'signal_len': 16, 'cheb_order': 2, 's': 6.445190473968177, 'batch_size': 64, 'k': 4}
Trial 212 finished with value 0.065409021 | dataset=nasdaq | model=ufgtime_plus | val_MSE=0.003175571 | test_MSE=0.009670798 | MAE=0.065409021 | RMSE=0.098340217 | MAPE=6.868184674% | params={'learning_rate': 0.025745430931183987, 'decay_rate': 2.659053928050325e-05, 'hidden_size': 16, 'signal_len': 16, 'cheb_order': 2, 's': 6.423010745482034, 'batch_size': 64, 'k': 4}
Trial 213 finished with value 0.136774479 | dataset=nasdaq | model=ufgtime_plus | val_MSE=0.005770654 | test_MSE=0.028260601 | MAE=0.136774479 | RMSE=0.168108895 | MAPE=14.517774178% | params={'learning_rate': 0.02583207976343359, 'decay_rate': 0.0011392095650510075, 'hidden_size': 16, 'signal_len': 16, 'cheb_order': 2, 's': 6.388952858829473, 'batch_size': 64, 'k': 4}
Trial 214 finished with value 0.134484821 | dataset=nasdaq | model=ufgtime_plus | val_MSE=0.005675592 | test_MSE=0.027557450 | MAE=0.134484821 | RMSE=0.166004368 | MAPE=14.288858132% | params={'learning_rate': 0.024229501037357437, 'decay_rate': 0.001055521259891934, 'hidden_size': 16, 'signal_len': 16, 'cheb_order': 2, 's': 6.49372116468235, 'batch_size': 64, 'k': 4}
Trial 215 finished with value 0.155511581 | dataset=nasdaq | model=ufgtime_plus | val_MSE=0.006410509 | test_MSE=0.033845114 | MAE=0.155511581 | RMSE=0.183970417 | MAPE=16.623284776% | params={'learning_rate': 0.02539483288585744, 'decay_rate': 0.00233857400691412, 'hidden_size': 16, 'signal_len': 16, 'cheb_order': 2, 's': 5.902124718469249, 'batch_size': 64, 'k': 4}
Trial 216 finished with value 0.133394601 | dataset=nasdaq | model=ufgtime_plus | val_MSE=0.005748102 | test_MSE=0.027517480 | MAE=0.133394601 | RMSE=0.165883935 | MAPE=14.098931970% | params={'learning_rate': 0.023644271701228972, 'decay_rate': 0.0010592594552793948, 'hidden_size': 16, 'signal_len': 16, 'cheb_order': 2, 's': 6.423919113244509, 'batch_size': 128, 'k': 4}
Trial 217 finished with value 0.069313640 | dataset=nasdaq | model=ufgtime_plus | val_MSE=0.003223244 | test_MSE=0.010416409 | MAE=0.069313640 | RMSE=0.102060810 | MAPE=7.345709551% | params={'learning_rate': 0.02699231221811503, 'decay_rate': 8.101147664227105e-05, 'hidden_size': 16, 'signal_len': 16, 'cheb_order': 2, 's': 6.128802687381486, 'batch_size': 64, 'k': 4}
Trial 218 finished with value 0.193806521 | dataset=nasdaq | model=ufgtime_plus | val_MSE=0.009618198 | test_MSE=0.050037537 | MAE=0.193806521 | RMSE=0.223690716 | MAPE=19.337456383% | params={'learning_rate': 0.02726464144053496, 'decay_rate': 0.03984493975156267, 'hidden_size': 16, 'signal_len': 16, 'cheb_order': 2, 's': 6.158228235013612, 'batch_size': 64, 'k': 4}
Trial 219 finished with value 0.151005013 | dataset=nasdaq | model=ufgtime_plus | val_MSE=0.006132994 | test_MSE=0.032318673 | MAE=0.151005013 | RMSE=0.179773951 | MAPE=15.948796304% | params={'learning_rate': 0.026278593419170982, 'decay_rate': 0.001755423869571118, 'hidden_size': 16, 'signal_len': 16, 'cheb_order': 2, 's': 5.523104399446535, 'batch_size': 64, 'k': 4}
Trial 220 finished with value 0.068646325 | dataset=nasdaq | model=ufgtime_plus | val_MSE=0.003051447 | test_MSE=0.010364201 | MAE=0.068646325 | RMSE=0.101804722 | MAPE=7.241144737% | params={'learning_rate': 0.024975749741890284, 'decay_rate': 2.765847557087363e-05, 'hidden_size': 16, 'signal_len': 16, 'cheb_order': 2, 's': 6.622940174920332, 'batch_size': 64, 'k': 4}
Trial 221 finished with value 0.068734364 | dataset=nasdaq | model=ufgtime_plus | val_MSE=0.003210955 | test_MSE=0.010223094 | MAE=0.068734364 | RMSE=0.101109315 | MAPE=7.262127048% | params={'learning_rate': 0.025305040067131225, 'decay_rate': 4.622691840493831e-05, 'hidden_size': 16, 'signal_len': 16, 'cheb_order': 2, 's': 6.587023458772628, 'batch_size': 64, 'k': 4}
Trial 222 finished with value 0.133751757 | dataset=nasdaq | model=ufgtime_plus | val_MSE=0.005582901 | test_MSE=0.027348581 | MAE=0.133751757 | RMSE=0.165374063 | MAPE=14.150546073% | params={'learning_rate': 0.024823752431507834, 'decay_rate': 0.0009634585421513798, 'hidden_size': 16, 'signal_len': 16, 'cheb_order': 2, 's': 6.615735674445616, 'batch_size': 64, 'k': 4}
Trial 223 finished with value 0.131031472 | dataset=nasdaq | model=ufgtime_plus | val_MSE=0.005507778 | test_MSE=0.026456448 | MAE=0.131031472 | RMSE=0.162654382 | MAPE=13.954491506% | params={'learning_rate': 0.028190004616652903, 'decay_rate': 0.0009417123473991997, 'hidden_size': 16, 'signal_len': 16, 'cheb_order': 2, 's': 6.75311218615213, 'batch_size': 64, 'k': 4}
Trial 224 finished with value 0.150997669 | dataset=nasdaq | model=ufgtime_plus | val_MSE=0.006148472 | test_MSE=0.032378337 | MAE=0.150997669 | RMSE=0.179939816 | MAPE=15.940130458% | params={'learning_rate': 0.02648847313740438, 'decay_rate': 0.0017997594598805596, 'hidden_size': 16, 'signal_len': 16, 'cheb_order': 2, 's': 7.057854612400074, 'batch_size': 64, 'k': 4}
Trial 225 finished with value 0.071359808 | dataset=nasdaq | model=ufgtime_plus | val_MSE=0.003054143 | test_MSE=0.010931143 | MAE=0.071359808 | RMSE=0.104552106 | MAPE=7.268625352% | params={'learning_rate': 0.024776414519684185, 'decay_rate': 3.395677834894245e-05, 'hidden_size': 16, 'signal_len': 16, 'cheb_order': 2, 's': 6.549346668539323, 'batch_size': 64, 'k': 4}
Trial 226 finished with value 0.170796076 | dataset=nasdaq | model=ufgtime_plus | val_MSE=0.006883089 | test_MSE=0.038821404 | MAE=0.170796076 | RMSE=0.197031480 | MAPE=18.360194470% | params={'learning_rate': 0.024830067626151406, 'decay_rate': 0.012265729746521842, 'hidden_size': 16, 'signal_len': 16, 'cheb_order': 2, 's': 6.564075414610218, 'batch_size': 64, 'k': 4}
Trial 227 finished with value 0.073428217 | dataset=nasdaq | model=ufgtime_plus | val_MSE=0.003167748 | test_MSE=0.011649871 | MAE=0.073428217 | RMSE=0.107934566 | MAPE=7.487935271% | params={'learning_rate': 0.02675319290940558, 'decay_rate': 1.810068022950153e-05, 'hidden_size': 16, 'signal_len': 16, 'cheb_order': 2, 's': 6.39948156498764, 'batch_size': 64, 'k': 4}
Trial 228 finished with value 0.159847661 | dataset=nasdaq | model=ufgtime_plus | val_MSE=0.006541872 | test_MSE=0.035415209 | MAE=0.159847661 | RMSE=0.188189291 | MAPE=16.965797525% | params={'learning_rate': 0.02679788670606605, 'decay_rate': 0.0028522358554088937, 'hidden_size': 16, 'signal_len': 16, 'cheb_order': 2, 's': 6.339133598169597, 'batch_size': 64, 'k': 4}
Trial 229 finished with value 0.132493302 | dataset=nasdaq | model=ufgtime_plus | val_MSE=0.005578153 | test_MSE=0.026814661 | MAE=0.132493302 | RMSE=0.163751829 | MAPE=14.151803994% | params={'learning_rate': 0.029609609969924733, 'decay_rate': 0.0009893516870265377, 'hidden_size': 16, 'signal_len': 16, 'cheb_order': 2, 's': 6.512727371800965, 'batch_size': 64, 'k': 4}
Trial 230 finished with value 0.072811810 | dataset=nasdaq | model=ufgtime_plus | val_MSE=0.003235487 | test_MSE=0.011476034 | MAE=0.072811810 | RMSE=0.107126252 | MAPE=7.317833895% | params={'learning_rate': 0.025563947458362324, 'decay_rate': 2.9639641935968603e-05, 'hidden_size': 16, 'signal_len': 16, 'cheb_order': 2, 's': 6.86041229750694, 'batch_size': 64, 'k': 4}
Trial 231 finished with value 0.125692363 | dataset=nasdaq | model=ufgtime_plus | val_MSE=0.005302719 | test_MSE=0.024838908 | MAE=0.125692363 | RMSE=0.157603642 | MAPE=13.448289588% | params={'learning_rate': 0.025782449320503564, 'decay_rate': 0.0009047660005251805, 'hidden_size': 16, 'signal_len': 16, 'cheb_order': 2, 's': 6.956822499196123, 'batch_size': 64, 'k': 4}
Trial 232 finished with value 0.069371011 | dataset=nasdaq | model=ufgtime_plus | val_MSE=0.002967007 | test_MSE=0.010565539 | MAE=0.069371011 | RMSE=0.102788809 | MAPE=7.260276546% | params={'learning_rate': 0.024362330576108943, 'decay_rate': 2.394364221049723e-05, 'hidden_size': 16, 'signal_len': 16, 'cheb_order': 2, 's': 6.866964435732651, 'batch_size': 64, 'k': 4}
Trial 233 finished with value 0.151925653 | dataset=nasdaq | model=ufgtime_plus | val_MSE=0.006151734 | test_MSE=0.032537222 | MAE=0.151925653 | RMSE=0.180380771 | MAPE=16.083008276% | params={'learning_rate': 0.027316118204049715, 'decay_rate': 0.0018421275195079996, 'hidden_size': 16, 'signal_len': 16, 'cheb_order': 2, 's': 6.85293546365884, 'batch_size': 64, 'k': 4}
Trial 234 finished with value 0.071750352 | dataset=nasdaq | model=ufgtime_plus | val_MSE=0.003206655 | test_MSE=0.011138257 | MAE=0.071750352 | RMSE=0.105537942 | MAPE=7.472958272% | params={'learning_rate': 0.025056710428022193, 'decay_rate': 1.7650601718233476e-05, 'hidden_size': 16, 'signal_len': 16, 'cheb_order': 2, 's': 7.255233950716229, 'batch_size': 64, 'k': 4}
Trial 235 finished with value 0.064972108 | dataset=nasdaq | model=ufgtime_plus | val_MSE=0.002997873 | test_MSE=0.009866511 | MAE=0.064972108 | RMSE=0.099330315 | MAPE=6.829750235% | params={'learning_rate': 0.02510376822246962, 'decay_rate': 1.5229184602113932e-05, 'hidden_size': 16, 'signal_len': 16, 'cheb_order': 2, 's': 7.42078277817479, 'batch_size': 64, 'k': 4}
