Trial 472 finished with value 0.126408923 | dataset=nasdaq | model=ufgtime_plus | val_MSE=0.005365611 | test_MSE=0.024818646 | MAE=0.126408923 | RMSE=0.157539347 | MAPE=13.659663852% | params={'learning_rate': 0.026204687633957106, 'decay_rate': 0.0009653320381329479, 'hidden_size': 16, 'signal_len': 16, 'cheb_order': 2, 's': 7.738509461641117, 'batch_size': 16, 'k': 4}
Trial 473 finished with value 0.158336630 | dataset=nasdaq | model=ufgtime_plus | val_MSE=0.006282872 | test_MSE=0.034337241 | MAE=0.158336630 | RMSE=0.185303105 | MAPE=16.874557375% | params={'learning_rate': 0.028720656409688496, 'decay_rate': 0.002563015149590802, 'hidden_size': 16, 'signal_len': 16, 'cheb_order': 2, 's': 7.213492166256044, 'batch_size': 16, 'k': 4}
Trial 474 finished with value 0.143979907 | dataset=nasdaq | model=ufgtime_plus | val_MSE=0.005843166 | test_MSE=0.030091736 | MAE=0.143979907 | RMSE=0.173469698 | MAPE=15.286940806% | params={'learning_rate': 0.025316699338887375, 'decay_rate': 0.0015141518604958775, 'hidden_size': 16, 'signal_len': 16, 'cheb_order': 2, 's': 8.423461341111699, 'batch_size': 16, 'k': 4}
Trial 475 finished with value 0.128406201 | dataset=nasdaq | model=ufgtime_plus | val_MSE=0.005794297 | test_MSE=0.026682702 | MAE=0.128406201 | RMSE=0.163348408 | MAPE=13.195559791% | params={'learning_rate': 0.027332028714662813, 'decay_rate': 0.0008131024080463318, 'hidden_size': 16, 'signal_len': 16, 'cheb_order': 2, 's': 7.925770654605392, 'batch_size': 32, 'k': 4}
Trial 476 finished with value 0.163439485 | dataset=nasdaq | model=ufgtime_plus | val_MSE=0.006730281 | test_MSE=0.035927034 | MAE=0.163439485 | RMSE=0.189544281 | MAPE=17.728076907% | params={'learning_rate': 0.02264095696366401, 'decay_rate': 0.005623122334639359, 'hidden_size': 16, 'signal_len': 16, 'cheb_order': 2, 's': 7.548481290217146, 'batch_size': 16, 'k': 4}
Trial 477 finished with value 0.074668939 | dataset=nasdaq | model=ufgtime_plus | val_MSE=0.003104297 | test_MSE=0.012040515 | MAE=0.074668939 | RMSE=0.109729280 | MAPE=7.889786526% | params={'learning_rate': 0.02665481424800729, 'decay_rate': 4.563896053467185e-05, 'hidden_size': 64, 'signal_len': 16, 'cheb_order': 2, 's': 7.326702198256134, 'batch_size': 16, 'k': 4}
Trial 478 finished with value 0.064251295 | dataset=nasdaq | model=ufgtime_plus | val_MSE=0.003231361 | test_MSE=0.009568047 | MAE=0.064251295 | RMSE=0.097816395 | MAPE=6.661510617% | params={'learning_rate': 0.02466196605870679, 'decay_rate': 3.827133452497049e-05, 'hidden_size': 16, 'signal_len': 16, 'cheb_order': 2, 's': 8.577336353329562, 'batch_size': 16, 'k': 4}
Trial 479 finished with value 0.145161744 | dataset=nasdaq | model=ufgtime_plus | val_MSE=0.005882844 | test_MSE=0.030149090 | MAE=0.145161744 | RMSE=0.173634933 | MAPE=15.632996024% | params={'learning_rate': 0.024778373393658265, 'decay_rate': 0.0016273247901949681, 'hidden_size': 16, 'signal_len': 16, 'cheb_order': 2, 's': 8.92849044635895, 'batch_size': 16, 'k': 4}
Trial 480 finished with value 0.075273209 | dataset=nasdaq | model=ufgtime_plus | val_MSE=0.003205131 | test_MSE=0.011510843 | MAE=0.075273209 | RMSE=0.107288598 | MAPE=7.748725163% | params={'learning_rate': 0.024235288848438126, 'decay_rate': 1.7372780524715582e-05, 'hidden_size': 16, 'signal_len': 16, 'cheb_order': 2, 's': 8.62256385981248, 'batch_size': 128, 'k': 4}
Trial 481 finished with value 0.155620673 | dataset=nasdaq | model=ufgtime_plus | val_MSE=0.006389067 | test_MSE=0.033502225 | MAE=0.155620673 | RMSE=0.183036131 | MAPE=16.755609214% | params={'learning_rate': 0.022808427513804526, 'decay_rate': 0.002680224138544012, 'hidden_size': 16, 'signal_len': 16, 'cheb_order': 2, 's': 8.376631021591233, 'batch_size': 16, 'k': 4}
Trial 482 finished with value 0.143411401 | dataset=nasdaq | model=ufgtime_plus | val_MSE=0.006057266 | test_MSE=0.029545157 | MAE=0.143411401 | RMSE=0.171887048 | MAPE=15.620330909% | params={'learning_rate': 0.021152404544299074, 'decay_rate': 0.0016689881199950475, 'hidden_size': 16, 'signal_len': 16, 'cheb_order': 2, 's': 8.26224285372705, 'batch_size': 16, 'k': 4}
Trial 483 finished with value 0.161797264 | dataset=nasdaq | model=ufgtime_plus | val_MSE=0.006740402 | test_MSE=0.035849539 | MAE=0.161797264 | RMSE=0.189339745 | MAPE=17.399065857% | params={'learning_rate': 0.02514617315299768, 'decay_rate': 0.004077613762508551, 'hidden_size': 16, 'signal_len': 16, 'cheb_order': 2, 's': 8.760712087401146, 'batch_size': 16, 'k': 4}
Trial 484 finished with value 0.131669385 | dataset=nasdaq | model=ufgtime_plus | val_MSE=0.005443079 | test_MSE=0.026086347 | MAE=0.131669385 | RMSE=0.161512683 | MAPE=14.154515986% | params={'learning_rate': 0.02556930346230484, 'decay_rate': 0.0009618184499768761, 'hidden_size': 16, 'signal_len': 16, 'cheb_order': 2, 's': 8.60814716381728, 'batch_size': 16, 'k': 4}
Trial 485 finished with value 0.182756028 | dataset=nasdaq | model=ufgtime_plus | val_MSE=0.008136451 | test_MSE=0.044949346 | MAE=0.182756028 | RMSE=0.212012608 | MAPE=18.945579206% | params={'learning_rate': 0.023379676935030968, 'decay_rate': 0.028747370936644857, 'hidden_size': 16, 'signal_len': 16, 'cheb_order': 2, 's': 8.50291451288097, 'batch_size': 16, 'k': 4}
Trial 486 finished with value 0.100339287 | dataset=nasdaq | model=ufgtime_plus | val_MSE=0.003732631 | test_MSE=0.017563558 | MAE=0.100339287 | RMSE=0.132527575 | MAPE=10.212542644% | params={'learning_rate': 0.024397673024931774, 'decay_rate': 0.0009179107016366077, 'hidden_size': 16, 'signal_len': 16, 'cheb_order': 2, 's': 1.405373711507739, 'batch_size': 256, 'k': 4}
Trial 487 finished with value 0.065529934 | dataset=nasdaq | model=ufgtime_plus | val_MSE=0.003253275 | test_MSE=0.009412256 | MAE=0.065529934 | RMSE=0.097016784 | MAPE=6.871507843% | params={'learning_rate': 0.025919323031534776, 'decay_rate': 2.6171860486400115e-05, 'hidden_size': 16, 'signal_len': 16, 'cheb_order': 2, 's': 9.114353423408124, 'batch_size': 16, 'k': 4}
Trial 488 finished with value 0.156373066 | dataset=nasdaq | model=ufgtime_plus | val_MSE=0.006356616 | test_MSE=0.034024471 | MAE=0.156373066 | RMSE=0.184457234 | MAPE=16.688770702% | params={'learning_rate': 0.02215791162552469, 'decay_rate': 0.0024306650479416127, 'hidden_size': 16, 'signal_len': 16, 'cheb_order': 2, 's': 8.830372283359576, 'batch_size': 16, 'k': 4}
Trial 489 finished with value 0.142485899 | dataset=nasdaq | model=ufgtime_plus | val_MSE=0.006145542 | test_MSE=0.028830355 | MAE=0.142485899 | RMSE=0.169795039 | MAPE=15.686996454% | params={'learning_rate': 0.02490600441207089, 'decay_rate': 0.0017017661861316712, 'hidden_size': 16, 'signal_len': 16, 'cheb_order': 2, 's': 9.391404772643341, 'batch_size': 16, 'k': 4}
Trial 490 finished with value 0.126713375 | dataset=nasdaq | model=ufgtime_plus | val_MSE=0.005422879 | test_MSE=0.024651227 | MAE=0.126713375 | RMSE=0.157007093 | MAPE=13.694036088% | params={'learning_rate': 0.02577764538411231, 'decay_rate': 0.0009078659380551846, 'hidden_size': 16, 'signal_len': 16, 'cheb_order': 2, 's': 8.847496643637573, 'batch_size': 16, 'k': 4}
Trial 491 finished with value 0.158674747 | dataset=nasdaq | model=ufgtime_plus | val_MSE=0.006491225 | test_MSE=0.034618031 | MAE=0.158674747 | RMSE=0.186059214 | MAPE=17.023064679% | params={'learning_rate': 0.023945821313001003, 'decay_rate': 0.0030549845081559225, 'hidden_size': 16, 'signal_len': 16, 'cheb_order': 2, 's': 9.195275505689555, 'batch_size': 16, 'k': 4}
Trial 492 finished with value 0.072521882 | dataset=nasdaq | model=ufgtime_plus | val_MSE=0.003190183 | test_MSE=0.011330768 | MAE=0.072521882 | RMSE=0.106446078 | MAPE=7.290985026% | params={'learning_rate': 0.023417315254303923, 'decay_rate': 1.0625356500858081e-05, 'hidden_size': 16, 'signal_len': 16, 'cheb_order': 2, 's': 1.5736949148123895, 'batch_size': 16, 'k': 4}
Trial 493 finished with value 0.134474196 | dataset=nasdaq | model=ufgtime_plus | val_MSE=0.005509033 | test_MSE=0.026967874 | MAE=0.134474196 | RMSE=0.164218981 | MAPE=14.313220493% | params={'learning_rate': 0.02593390971957581, 'decay_rate': 0.0009776701360563686, 'hidden_size': 16, 'signal_len': 16, 'cheb_order': 2, 's': 9.074491534915348, 'batch_size': 16, 'k': 4}
Trial 494 finished with value 0.149597430 | dataset=nasdaq | model=ufgtime_plus | val_MSE=0.006274478 | test_MSE=0.031913388 | MAE=0.149597430 | RMSE=0.178643187 | MAPE=16.061024698% | params={'learning_rate': 0.024895113934060176, 'decay_rate': 0.00200019107451351, 'hidden_size': 16, 'signal_len': 16, 'cheb_order': 2, 's': 8.71868835852486, 'batch_size': 16, 'k': 4}
Trial 495 finished with value 0.132925591 | dataset=nasdaq | model=ufgtime_plus | val_MSE=0.005385173 | test_MSE=0.026033738 | MAE=0.132925591 | RMSE=0.161349738 | MAPE=14.424148282% | params={'learning_rate': 0.026412167807579188, 'decay_rate': 0.0009613396672370012, 'hidden_size': 16, 'signal_len': 16, 'cheb_order': 2, 's': 9.538811591356747, 'batch_size': 16, 'k': 4}
Trial 496 finished with value 0.148226524 | dataset=nasdaq | model=ufgtime_plus | val_MSE=0.006136404 | test_MSE=0.031004254 | MAE=0.148226524 | RMSE=0.176080249 | MAPE=16.086688731% | params={'learning_rate': 0.027525534248785444, 'decay_rate': 0.0018653767465768199, 'hidden_size': 16, 'signal_len': 16, 'cheb_order': 2, 's': 8.500460877831825, 'batch_size': 16, 'k': 4}
Trial 497 finished with value 0.125728355 | dataset=nasdaq | model=ufgtime_plus | val_MSE=0.005275983 | test_MSE=0.024254860 | MAE=0.125728355 | RMSE=0.155739719 | MAPE=13.631261228% | params={'learning_rate': 0.021758054234898183, 'decay_rate': 0.0009223101427461546, 'hidden_size': 32, 'signal_len': 16, 'cheb_order': 2, 's': 8.623483793144207, 'batch_size': 32, 'k': 4}
Trial 498 finished with value 0.076460896 | dataset=nasdaq | model=ufgtime_plus | val_MSE=0.003177096 | test_MSE=0.011806451 | MAE=0.076460896 | RMSE=0.108657495 | MAPE=8.044371932% | params={'learning_rate': 0.023756554872220014, 'decay_rate': 9.094044684021317e-05, 'hidden_size': 16, 'signal_len': 16, 'cheb_order': 2, 's': 6.8881818390546385, 'batch_size': 16, 'k': 4}
Trial 499 finished with value 0.162137423 | dataset=nasdaq | model=ufgtime_plus | val_MSE=0.006729565 | test_MSE=0.036427438 | MAE=0.162137423 | RMSE=0.190859733 | MAPE=17.123136736% | params={'learning_rate': 0.025445476881417423, 'decay_rate': 0.002922783261047235, 'hidden_size': 16, 'signal_len': 16, 'cheb_order': 2, 's': 8.935271749512646, 'batch_size': 16, 'k': 4}
Trial 500 finished with value 0.069672919 | dataset=nasdaq | model=ufgtime_plus | val_MSE=0.003134481 | test_MSE=0.011131165 | MAE=0.069672919 | RMSE=0.105504336 | MAPE=7.194333464% | params={'learning_rate': 0.022870507319581682, 'decay_rate': 2.4329063256918526e-05, 'hidden_size': 16, 'signal_len': 16, 'cheb_order': 2, 's': 8.22545767962751, 'batch_size': 16, 'k': 4}
Trial 501 finished with value 0.149678603 | dataset=nasdaq | model=ufgtime_plus | val_MSE=0.006395011 | test_MSE=0.032739331 | MAE=0.149678603 | RMSE=0.180940130 | MAPE=15.590884452% | params={'learning_rate': 0.030609895564022487, 'decay_rate': 0.0016104140531962307, 'hidden_size': 64, 'signal_len': 16, 'cheb_order': 2, 's': 8.968583298320967, 'batch_size': 128, 'k': 4}
Trial 502 finished with value 0.065571474 | dataset=nasdaq | model=ufgtime_plus | val_MSE=0.002965009 | test_MSE=0.009532492 | MAE=0.065571474 | RMSE=0.097634479 | MAPE=6.910974733% | params={'learning_rate': 0.024533237296822108, 'decay_rate': 2.2349855588631446e-05, 'hidden_size': 16, 'signal_len': 16, 'cheb_order': 2, 's': 8.017803225075376, 'batch_size': 16, 'k': 4}
Trial 503 finished with value 0.135729853 | dataset=nasdaq | model=ufgtime_plus | val_MSE=0.005634552 | test_MSE=0.027597024 | MAE=0.135729853 | RMSE=0.166123519 | MAPE=14.267495351% | params={'learning_rate': 0.026559200530301183, 'decay_rate': 0.0009538463707215821, 'hidden_size': 16, 'signal_len': 16, 'cheb_order': 2, 's': 8.139225174552875, 'batch_size': 16, 'k': 4}
Trial 504 finished with value 0.156002171 | dataset=nasdaq | model=ufgtime_plus | val_MSE=0.006401752 | test_MSE=0.034276369 | MAE=0.156002171 | RMSE=0.185138783 | MAPE=16.458802842% | params={'learning_rate': 0.02466063745907725, 'decay_rate': 0.0021576609136100145, 'hidden_size': 16, 'signal_len': 16, 'cheb_order': 2, 's': 8.02414983777652, 'batch_size': 16, 'k': 4}
Trial 505 finished with value 0.130464642 | dataset=nasdaq | model=ufgtime_plus | val_MSE=0.005405690 | test_MSE=0.026168943 | MAE=0.130464642 | RMSE=0.161768177 | MAPE=13.924961424% | params={'learning_rate': 0.0276050909746788, 'decay_rate': 0.0009439225982728029, 'hidden_size': 16, 'signal_len': 16, 'cheb_order': 2, 's': 7.837324390390194, 'batch_size': 16, 'k': 3}
Trial 506 finished with value 0.165736473 | dataset=nasdaq | model=ufgtime_plus | val_MSE=0.007109882 | test_MSE=0.038167024 | MAE=0.165736473 | RMSE=0.195363826 | MAPE=17.397639291% | params={'learning_rate': 0.025546185977931974, 'decay_rate': 0.0039287116533999675, 'hidden_size': 16, 'signal_len': 16, 'cheb_order': 2, 's': 8.141916819482585, 'batch_size': 256, 'k': 4}
Trial 507 finished with value 0.126402406 | dataset=nasdaq | model=ufgtime_plus | val_MSE=0.005416146 | test_MSE=0.024612159 | MAE=0.126402406 | RMSE=0.156882627 | MAPE=13.741860256% | params={'learning_rate': 0.045445811897343216, 'decay_rate': 0.0009002699070612335, 'hidden_size': 16, 'signal_len': 16, 'cheb_order': 2, 's': 7.9294022682452105, 'batch_size': 16, 'k': 4}
Trial 508 finished with value 0.171806691 | dataset=nasdaq | model=ufgtime_plus | val_MSE=0.006818056 | test_MSE=0.038917669 | MAE=0.171806691 | RMSE=0.197275617 | MAPE=18.480215093% | params={'learning_rate': 0.029172202949639552, 'decay_rate': 0.016945379066753644, 'hidden_size': 16, 'signal_len': 16, 'cheb_order': 2, 's': 8.010820936303663, 'batch_size': 16, 'k': 4}
Trial 509 finished with value 0.155577440 | dataset=nasdaq | model=ufgtime_plus | val_MSE=0.006443462 | test_MSE=0.034015196 | MAE=0.155577440 | RMSE=0.184432090 | MAPE=16.482767790% | params={'learning_rate': 0.026825945050128527, 'decay_rate': 0.0019918900571508948, 'hidden_size': 16, 'signal_len': 16, 'cheb_order': 2, 's': 8.260869537289551, 'batch_size': 16, 'k': 4}
Trial 510 finished with value 0.065537534 | dataset=nasdaq | model=ufgtime_plus | val_MSE=0.003107538 | test_MSE=0.009305262 | MAE=0.065537534 | RMSE=0.096463787 | MAPE=7.047445785% | params={'learning_rate': 0.02452475900803295, 'decay_rate': 2.9434505449072164e-05, 'hidden_size': 16, 'signal_len': 16, 'cheb_order': 2, 's': 6.954992941875156, 'batch_size': 16, 'k': 4}
Trial 511 finished with value 0.127507710 | dataset=nasdaq | model=ufgtime_plus | val_MSE=0.005281865 | test_MSE=0.024690434 | MAE=0.127507710 | RMSE=0.157131902 | MAPE=13.855268844% | params={'learning_rate': 0.025989464350859328, 'decay_rate': 0.0008697084998275532, 'hidden_size': 16, 'signal_len': 16, 'cheb_order': 2, 's': 6.727967765281113, 'batch_size': 16, 'k': 4}
Trial 512 finished with value 0.157158030 | dataset=nasdaq | model=ufgtime_plus | val_MSE=0.006440384 | test_MSE=0.033688866 | MAE=0.157158030 | RMSE=0.183545269 | MAPE=17.091335051% | params={'learning_rate': 0.028090584138059614, 'decay_rate': 0.002949029981339433, 'hidden_size': 16, 'signal_len': 16, 'cheb_order': 2, 's': 6.9516812013835025, 'batch_size': 16, 'k': 4}
Trial 513 finished with value 0.145675579 | dataset=nasdaq | model=ufgtime_plus | val_MSE=0.006063833 | test_MSE=0.030535765 | MAE=0.145675579 | RMSE=0.174744856 | MAPE=15.702834886% | params={'learning_rate': 0.02469213542819077, 'decay_rate': 0.0017672292737351675, 'hidden_size': 16, 'signal_len': 16, 'cheb_order': 2, 's': 9.973003719382604, 'batch_size': 16, 'k': 4}
Trial 514 finished with value 0.124611330 | dataset=nasdaq | model=ufgtime_plus | val_MSE=0.005355646 | test_MSE=0.024864722 | MAE=0.124611330 | RMSE=0.157685517 | MAPE=13.235179987% | params={'learning_rate': 0.027344841821046167, 'decay_rate': 0.0007827287266900909, 'hidden_size': 16, 'signal_len': 16, 'cheb_order': 2, 's': 6.732239165220038, 'batch_size': 16, 'k': 4}
Trial 515 finished with value 0.150368431 | dataset=nasdaq | model=ufgtime_plus | val_MSE=0.006198864 | test_MSE=0.032519792 | MAE=0.150368431 | RMSE=0.180332447 | MAPE=15.790256544% | params={'learning_rate': 0.026065105232430906, 'decay_rate': 0.0017225799759557547, 'hidden_size': 16, 'signal_len': 16, 'cheb_order': 2, 's': 6.9790337898432195, 'batch_size': 16, 'k': 4}
Trial 516 finished with value 0.080495856 | dataset=nasdaq | model=ufgtime_plus | val_MSE=0.003363134 | test_MSE=0.012696708 | MAE=0.080495856 | RMSE=0.112679672 | MAPE=8.262127738% | params={'learning_rate': 0.0295869583989239, 'decay_rate': 0.00011510125944014345, 'hidden_size': 16, 'signal_len': 16, 'cheb_order': 2, 's': 8.417275850184488, 'batch_size': 16, 'k': 4}
Trial 517 finished with value 0.190831084 | dataset=nasdaq | model=ufgtime_plus | val_MSE=0.009190089 | test_MSE=0.048498207 | MAE=0.190831084 | RMSE=0.220223086 | MAPE=19.145385290% | params={'learning_rate': 0.024805752928195708, 'decay_rate': 0.034215364157874226, 'hidden_size': 16, 'signal_len': 16, 'cheb_order': 2, 's': 9.630246346322972, 'batch_size': 16, 'k': 4}
Trial 518 finished with value 0.127294560 | dataset=nasdaq | model=ufgtime_plus | val_MSE=0.005362679 | test_MSE=0.025457021 | MAE=0.127294560 | RMSE=0.159552566 | MAPE=13.442203901% | params={'learning_rate': 0.028080007088293724, 'decay_rate': 0.0008701565075830016, 'hidden_size': 16, 'signal_len': 16, 'cheb_order': 2, 's': 7.083164576843892, 'batch_size': 16, 'k': 4}
Trial 519 finished with value 0.084263399 | dataset=nasdaq | model=ufgtime_plus | val_MSE=0.003249025 | test_MSE=0.013167293 | MAE=0.084263399 | RMSE=0.114748824 | MAPE=9.034697271% | params={'learning_rate': 0.030857058744417413, 'decay_rate': 5.883321993827904e-05, 'hidden_size': 16, 'signal_len': 16, 'cheb_order': 2, 's': 6.611461667972548, 'batch_size': 32, 'k': 4}
Trial 520 finished with value 0.156320925 | dataset=nasdaq | model=ufgtime_plus | val_MSE=0.006276048 | test_MSE=0.033693932 | MAE=0.156320925 | RMSE=0.183559070 | MAPE=16.724727667% | params={'learning_rate': 0.02548808530935707, 'decay_rate': 0.002512952507326039, 'hidden_size': 32, 'signal_len': 16, 'cheb_order': 2, 's': 8.168730480541573, 'batch_size': 16, 'k': 4}
Trial 521 finished with value 0.195204967 | dataset=nasdaq | model=ufgtime_plus | val_MSE=0.010589309 | test_MSE=0.051964272 | MAE=0.195204967 | RMSE=0.227956733 | MAPE=19.297650845% | params={'learning_rate': 0.02657401921178051, 'decay_rate': 0.04514728921628488, 'hidden_size': 16, 'signal_len': 16, 'cheb_order': 2, 's': 7.806446198958882, 'batch_size': 16, 'k': 4}
Trial 522 finished with value 0.149725321 | dataset=nasdaq | model=ufgtime_plus | val_MSE=0.006157666 | test_MSE=0.032046112 | MAE=0.149725321 | RMSE=0.179014279 | MAPE=15.806244318% | params={'learning_rate': 0.028725492300369897, 'decay_rate': 0.0016794484264248334, 'hidden_size': 16, 'signal_len': 16, 'cheb_order': 2, 's': 6.850360362505668, 'batch_size': 16, 'k': 4}
Trial 523 finished with value 0.098615849 | dataset=nasdaq | model=ufgtime_plus | val_MSE=0.003875353 | test_MSE=0.017506140 | MAE=0.098615849 | RMSE=0.132310769 | MAPE=9.865416341% | params={'learning_rate': 0.02473944530385478, 'decay_rate': 0.0009303749319020758, 'hidden_size': 16, 'signal_len': 16, 'cheb_order': 2, 's': 7.105483741315065, 'batch_size': 128, 'k': 4}
Trial 524 finished with value 0.101158779 | dataset=nasdaq | model=ufgtime_plus | val_MSE=0.005247775 | test_MSE=0.019182425 | MAE=0.101158779 | RMSE=0.138500631 | MAPE=10.810627744% | params={'learning_rate': 0.027200305447994278, 'decay_rate': 2.031095563016304e-05, 'hidden_size': 64, 'signal_len': 16, 'cheb_order': 2, 's': 6.487444361904519, 'batch_size': 16, 'k': 4}
Trial 525 finished with value 0.073977453 | dataset=nasdaq | model=ufgtime_plus | val_MSE=0.003166672 | test_MSE=0.011202170 | MAE=0.073977453 | RMSE=0.105840303 | MAPE=7.441010811% | params={'learning_rate': 0.030059169575685975, 'decay_rate': 3.794794873667009e-05, 'hidden_size': 16, 'signal_len': 16, 'cheb_order': 2, 's': 7.681857352139628, 'batch_size': 16, 'k': 4}
Trial 526 finished with value 0.275692004 | dataset=nasdaq | model=ufgtime_plus | val_MSE=0.017017021 | test_MSE=0.132109627 | MAE=0.275692004 | RMSE=0.363468881 | MAPE=23.002414711% | params={'learning_rate': 0.00012149066730344354, 'decay_rate': 0.003622384199702263, 'hidden_size': 16, 'signal_len': 16, 'cheb_order': 2, 's': 8.00503446042428, 'batch_size': 16, 'k': 4}
Trial 527 finished with value 0.068187488 | dataset=nasdaq | model=ufgtime_plus | val_MSE=0.003084028 | test_MSE=0.010604383 | MAE=0.068187488 | RMSE=0.102977586 | MAPE=7.177246025% | params={'learning_rate': 0.02410806000596475, 'decay_rate': 1.966878539333586e-05, 'hidden_size': 16, 'signal_len': 16, 'cheb_order': 2, 's': 7.16642333074079, 'batch_size': 16, 'k': 4}
Trial 528 finished with value 0.151080311 | dataset=nasdaq | model=ufgtime_plus | val_MSE=0.006603388 | test_MSE=0.033021145 | MAE=0.151080311 | RMSE=0.181717211 | MAPE=16.024462712% | params={'learning_rate': 0.02583917186737386, 'decay_rate': 0.0016722413233830617, 'hidden_size': 16, 'signal_len': 16, 'cheb_order': 2, 's': 6.3141550531807935, 'batch_size': 256, 'k': 4}
Trial 529 finished with value 0.156597529 | dataset=nasdaq | model=ufgtime_plus | val_MSE=0.006406170 | test_MSE=0.033633316 | MAE=0.156597529 | RMSE=0.183393882 | MAPE=16.979415754% | params={'learning_rate': 0.028392571630920314, 'decay_rate': 0.0027659487640135255, 'hidden_size': 16, 'signal_len': 16, 'cheb_order': 2, 's': 6.950453927102302, 'batch_size': 16, 'k': 4}
Trial 530 finished with value 0.139558015 | dataset=nasdaq | model=ufgtime_plus | val_MSE=0.005671117 | test_MSE=0.028467754 | MAE=0.139558015 | RMSE=0.168723900 | MAPE=14.833065277% | params={'learning_rate': 0.026860752296499295, 'decay_rate': 0.0011566650440467713, 'hidden_size': 16, 'signal_len': 16, 'cheb_order': 2, 's': 8.307588078527157, 'batch_size': 16, 'k': 4}
