Trial 354 finished with value 0.071238123 | dataset=nasdaq | model=ufgtime_plus | val_MSE=0.003065409 | test_MSE=0.011299897 | MAE=0.071238123 | RMSE=0.106300975 | MAPE=7.378095484% | params={'learning_rate': 0.02361601066766552, 'decay_rate': 1.4773884336795943e-05, 'hidden_size': 16, 'signal_len': 16, 'cheb_order': 2, 's': 6.673573475427492, 'batch_size': 16, 'k': 4}
Trial 355 finished with value 0.123227567 | dataset=nasdaq | model=ufgtime_plus | val_MSE=0.005319959 | test_MSE=0.023904340 | MAE=0.123227567 | RMSE=0.154610284 | MAPE=13.373768922% | params={'learning_rate': 0.022150605634266247, 'decay_rate': 0.0008698588764195564, 'hidden_size': 16, 'signal_len': 16, 'cheb_order': 2, 's': 6.767027616524116, 'batch_size': 16, 'k': 4}
Trial 356 finished with value 0.172033013 | dataset=nasdaq | model=ufgtime_plus | val_MSE=0.006722943 | test_MSE=0.039645045 | MAE=0.172033013 | RMSE=0.199110635 | MAPE=18.062363690% | params={'learning_rate': 0.023355818348214964, 'decay_rate': 0.004636028658393207, 'hidden_size': 16, 'signal_len': 16, 'cheb_order': 2, 's': 6.60087667444695, 'batch_size': 16, 'k': 4}
Trial 357 finished with value 0.173284841 | dataset=nasdaq | model=ufgtime_plus | val_MSE=0.006905905 | test_MSE=0.039776687 | MAE=0.173284841 | RMSE=0.199440937 | MAPE=18.510225353% | params={'learning_rate': 0.023569042187464247, 'decay_rate': 0.018000829900518676, 'hidden_size': 16, 'signal_len': 16, 'cheb_order': 2, 's': 7.397623641631649, 'batch_size': 16, 'k': 4}
Trial 358 finished with value 0.068322649 | dataset=nasdaq | model=ufgtime_plus | val_MSE=0.003075489 | test_MSE=0.010627651 | MAE=0.068322649 | RMSE=0.103090497 | MAPE=7.186879469% | params={'learning_rate': 0.024145201391874028, 'decay_rate': 1.9419139136069136e-05, 'hidden_size': 16, 'signal_len': 16, 'cheb_order': 2, 's': 6.431427702196357, 'batch_size': 16, 'k': 4}
Trial 359 finished with value 0.159198639 | dataset=nasdaq | model=ufgtime_plus | val_MSE=0.006556436 | test_MSE=0.035423797 | MAE=0.159198639 | RMSE=0.188212106 | MAPE=16.770246315% | params={'learning_rate': 0.022624127101240572, 'decay_rate': 0.0025470240822957203, 'hidden_size': 16, 'signal_len': 16, 'cheb_order': 2, 's': 8.30930693948434, 'batch_size': 16, 'k': 4}
Trial 360 finished with value 0.147389828 | dataset=nasdaq | model=ufgtime_plus | val_MSE=0.006179366 | test_MSE=0.031199009 | MAE=0.147389828 | RMSE=0.176632413 | MAPE=15.675293862% | params={'learning_rate': 0.024321365727571195, 'decay_rate': 0.0015602425518153253, 'hidden_size': 16, 'signal_len': 16, 'cheb_order': 2, 's': 6.451948895951551, 'batch_size': 16, 'k': 4}
Trial 361 finished with value 0.131779104 | dataset=nasdaq | model=ufgtime_plus | val_MSE=0.005907521 | test_MSE=0.025926698 | MAE=0.131779104 | RMSE=0.161017693 | MAPE=14.553429783% | params={'learning_rate': 0.02886241980506856, 'decay_rate': 0.001164828815938787, 'hidden_size': 16, 'signal_len': 16, 'cheb_order': 2, 's': 6.381368346408984, 'batch_size': 32, 'k': 4}
Trial 362 finished with value 0.132267137 | dataset=nasdaq | model=ufgtime_plus | val_MSE=0.005458964 | test_MSE=0.026536134 | MAE=0.132267137 | RMSE=0.162899153 | MAPE=14.037776705% | params={'learning_rate': 0.025364875173755838, 'decay_rate': 0.0009430263810174681, 'hidden_size': 16, 'signal_len': 16, 'cheb_order': 2, 's': 7.601536786936506, 'batch_size': 16, 'k': 4}
Trial 363 finished with value 0.172866191 | dataset=nasdaq | model=ufgtime_plus | val_MSE=0.006824618 | test_MSE=0.039273988 | MAE=0.172866191 | RMSE=0.198176658 | MAPE=18.567652375% | params={'learning_rate': 0.03042486938479107, 'decay_rate': 0.01936148496055468, 'hidden_size': 16, 'signal_len': 16, 'cheb_order': 2, 's': 6.836269845970834, 'batch_size': 16, 'k': 4}
Trial 364 finished with value 0.155858146 | dataset=nasdaq | model=ufgtime_plus | val_MSE=0.006554993 | test_MSE=0.034359669 | MAE=0.155858146 | RMSE=0.185363614 | MAPE=16.457988496% | params={'learning_rate': 0.02430489802661616, 'decay_rate': 0.0022562859936041194, 'hidden_size': 16, 'signal_len': 16, 'cheb_order': 2, 's': 8.612539376602284, 'batch_size': 128, 'k': 4}
Trial 365 finished with value 0.067911559 | dataset=nasdaq | model=ufgtime_plus | val_MSE=0.003253375 | test_MSE=0.009511097 | MAE=0.067911559 | RMSE=0.097524855 | MAPE=7.176432829% | params={'learning_rate': 0.02665703110264861, 'decay_rate': 4.362854847357653e-05, 'hidden_size': 16, 'signal_len': 16, 'cheb_order': 2, 's': 7.4416355702125045, 'batch_size': 16, 'k': 4}
Trial 366 finished with value 0.060119670 | dataset=nasdaq | model=ufgtime_plus | val_MSE=0.003261180 | test_MSE=0.008803822 | MAE=0.060119670 | RMSE=0.093828683 | MAPE=6.334674583% | params={'learning_rate': 0.027674405706900253, 'decay_rate': 1.4909013591965846e-05, 'hidden_size': 16, 'signal_len': 16, 'cheb_order': 2, 's': 7.4353747249751425, 'batch_size': 16, 'k': 4}
Trial 367 finished with value 0.126916291 | dataset=nasdaq | model=ufgtime_plus | val_MSE=0.005691608 | test_MSE=0.024532493 | MAE=0.126916291 | RMSE=0.156628519 | MAPE=14.021911309% | params={'learning_rate': 0.02937820636668772, 'decay_rate': 0.0010138241141076348, 'hidden_size': 16, 'signal_len': 16, 'cheb_order': 2, 's': 7.413421121823094, 'batch_size': 16, 'k': 4}
Trial 368 finished with value 0.161625291 | dataset=nasdaq | model=ufgtime_plus | val_MSE=0.006519164 | test_MSE=0.035521388 | MAE=0.161625291 | RMSE=0.188471185 | MAPE=17.319225611% | params={'learning_rate': 0.027919029842502364, 'decay_rate': 0.0036029648166240272, 'hidden_size': 16, 'signal_len': 16, 'cheb_order': 2, 's': 7.177969422219613, 'batch_size': 16, 'k': 4}
Trial 369 finished with value 0.150410732 | dataset=nasdaq | model=ufgtime_plus | val_MSE=0.006071636 | test_MSE=0.032092081 | MAE=0.150410732 | RMSE=0.179142627 | MAPE=15.972243758% | params={'learning_rate': 0.02730202792710862, 'decay_rate': 0.001865478693092853, 'hidden_size': 64, 'signal_len': 16, 'cheb_order': 2, 's': 7.465038750909593, 'batch_size': 16, 'k': 4}
Trial 370 finished with value 0.097305506 | dataset=nasdaq | model=ufgtime_plus | val_MSE=0.003939980 | test_MSE=0.017584887 | MAE=0.097305506 | RMSE=0.132608021 | MAPE=9.702461659% | params={'learning_rate': 0.028908856729407545, 'decay_rate': 0.0008982692994545984, 'hidden_size': 16, 'signal_len': 16, 'cheb_order': 2, 's': 7.714246609183805, 'batch_size': 256, 'k': 4}
Trial 371 finished with value 0.154121363 | dataset=nasdaq | model=ufgtime_plus | val_MSE=0.006421649 | test_MSE=0.032550104 | MAE=0.154121363 | RMSE=0.180416473 | MAPE=16.875471383% | params={'learning_rate': 0.026897802431914544, 'decay_rate': 0.002551084118874677, 'hidden_size': 16, 'signal_len': 16, 'cheb_order': 2, 's': 7.221233073470336, 'batch_size': 16, 'k': 4}
Trial 372 finished with value 0.122063799 | dataset=nasdaq | model=ufgtime_plus | val_MSE=0.005281723 | test_MSE=0.024007269 | MAE=0.122063799 | RMSE=0.154942793 | MAPE=13.048391448% | params={'learning_rate': 0.02809152101148317, 'decay_rate': 0.0008355775402077658, 'hidden_size': 16, 'signal_len': 16, 'cheb_order': 2, 's': 7.596010545725191, 'batch_size': 16, 'k': 4}
Trial 373 finished with value 0.070009134 | dataset=nasdaq | model=ufgtime_plus | val_MSE=0.003126971 | test_MSE=0.010238456 | MAE=0.070009134 | RMSE=0.101185257 | MAPE=7.373150688% | params={'learning_rate': 0.022273284210284575, 'decay_rate': 5.841504306753008e-05, 'hidden_size': 16, 'signal_len': 16, 'cheb_order': 2, 's': 7.327593221712061, 'batch_size': 16, 'k': 4}
Trial 374 finished with value 0.145050921 | dataset=nasdaq | model=ufgtime_plus | val_MSE=0.006045443 | test_MSE=0.029595792 | MAE=0.145050921 | RMSE=0.172034277 | MAPE=15.870593622% | params={'learning_rate': 0.021798356822282063, 'decay_rate': 0.0016896330261317383, 'hidden_size': 16, 'signal_len': 16, 'cheb_order': 2, 's': 7.369407904550055, 'batch_size': 16, 'k': 4}
Trial 375 finished with value 0.063875199 | dataset=nasdaq | model=ufgtime_plus | val_MSE=0.003086879 | test_MSE=0.009781554 | MAE=0.063875199 | RMSE=0.098901737 | MAPE=6.569416715% | params={'learning_rate': 0.02253266614276509, 'decay_rate': 1.5892567817891443e-05, 'hidden_size': 16, 'signal_len': 16, 'cheb_order': 2, 's': 7.090795953942583, 'batch_size': 16, 'k': 4}
Trial 376 finished with value 0.159700052 | dataset=nasdaq | model=ufgtime_plus | val_MSE=0.006442072 | test_MSE=0.034843784 | MAE=0.159700052 | RMSE=0.186664897 | MAPE=17.089434648% | params={'learning_rate': 0.023787688438669033, 'decay_rate': 0.0030851190248221603, 'hidden_size': 16, 'signal_len': 16, 'cheb_order': 2, 's': 7.032659214165211, 'batch_size': 16, 'k': 4}
Trial 377 finished with value 0.130816736 | dataset=nasdaq | model=ufgtime_plus | val_MSE=0.005505739 | test_MSE=0.026580129 | MAE=0.130816736 | RMSE=0.163034133 | MAPE=13.743468542% | params={'learning_rate': 0.02336570270403961, 'decay_rate': 0.0009899669129006157, 'hidden_size': 16, 'signal_len': 16, 'cheb_order': 2, 's': 6.9621525272889935, 'batch_size': 16, 'k': 4}
Trial 378 finished with value 0.145340225 | dataset=nasdaq | model=ufgtime_plus | val_MSE=0.006295148 | test_MSE=0.030154200 | MAE=0.145340225 | RMSE=0.173649648 | MAPE=15.891369348% | params={'learning_rate': 0.026486784579686694, 'decay_rate': 0.0018000572500338086, 'hidden_size': 16, 'signal_len': 16, 'cheb_order': 2, 's': 7.154958244240293, 'batch_size': 16, 'k': 4}
Trial 379 finished with value 0.076124691 | dataset=nasdaq | model=ufgtime_plus | val_MSE=0.003172086 | test_MSE=0.011356518 | MAE=0.076124691 | RMSE=0.106566966 | MAPE=7.933291913% | params={'learning_rate': 0.022856094851005586, 'decay_rate': 4.963534537555138e-05, 'hidden_size': 16, 'signal_len': 16, 'cheb_order': 2, 's': 6.582692879721753, 'batch_size': 32, 'k': 4}
Trial 380 finished with value 0.150956994 | dataset=nasdaq | model=ufgtime_plus | val_MSE=0.006145404 | test_MSE=0.032318865 | MAE=0.150956994 | RMSE=0.179774484 | MAPE=15.907503331% | params={'learning_rate': 0.030132615319065977, 'decay_rate': 0.0017063615918830653, 'hidden_size': 16, 'signal_len': 16, 'cheb_order': 2, 's': 6.946005836585163, 'batch_size': 16, 'k': 4}
Trial 381 finished with value 0.129765766 | dataset=nasdaq | model=ufgtime_plus | val_MSE=0.005481900 | test_MSE=0.026356586 | MAE=0.129765766 | RMSE=0.162347116 | MAPE=13.651636118% | params={'learning_rate': 0.027595976887216583, 'decay_rate': 0.0009760705844433658, 'hidden_size': 16, 'signal_len': 16, 'cheb_order': 2, 's': 7.480431647100033, 'batch_size': 16, 'k': 4}
Trial 382 finished with value 0.127286869 | dataset=nasdaq | model=ufgtime_plus | val_MSE=0.005525061 | test_MSE=0.025650525 | MAE=0.127286869 | RMSE=0.160157813 | MAPE=13.543886145% | params={'learning_rate': 0.02183226204136332, 'decay_rate': 0.0008844641923530002, 'hidden_size': 16, 'signal_len': 16, 'cheb_order': 2, 's': 7.195264020251278, 'batch_size': 128, 'k': 4}
Trial 383 finished with value 0.065403343 | dataset=nasdaq | model=ufgtime_plus | val_MSE=0.003048383 | test_MSE=0.009892250 | MAE=0.065403343 | RMSE=0.099459792 | MAPE=6.799524547% | params={'learning_rate': 0.026221837861499314, 'decay_rate': 1.9379364431707595e-05, 'hidden_size': 16, 'signal_len': 16, 'cheb_order': 2, 's': 6.772841069526474, 'batch_size': 16, 'k': 4}
Trial 384 finished with value 0.153286938 | dataset=nasdaq | model=ufgtime_plus | val_MSE=0.006386469 | test_MSE=0.032274367 | MAE=0.153286938 | RMSE=0.179650680 | MAPE=16.784146774% | params={'learning_rate': 0.026696717247123903, 'decay_rate': 0.002426896909863175, 'hidden_size': 16, 'signal_len': 16, 'cheb_order': 2, 's': 6.367242161533312, 'batch_size': 16, 'k': 4}
Trial 385 finished with value 0.062305506 | dataset=nasdaq | model=ufgtime_plus | val_MSE=0.002900321 | test_MSE=0.008844269 | MAE=0.062305506 | RMSE=0.094043976 | MAPE=6.702699752% | params={'learning_rate': 0.02858272037210639, 'decay_rate': 2.296587686428059e-05, 'hidden_size': 16, 'signal_len': 16, 'cheb_order': 2, 's': 6.630843077758534, 'batch_size': 16, 'k': 4}
Trial 386 finished with value 0.060618967 | dataset=nasdaq | model=ufgtime_plus | val_MSE=0.003016964 | test_MSE=0.008482310 | MAE=0.060618967 | RMSE=0.092099455 | MAPE=6.561162251% | params={'learning_rate': 0.03131220794433711, 'decay_rate': 2.163984205943168e-05, 'hidden_size': 16, 'signal_len': 16, 'cheb_order': 2, 's': 6.603752737108256, 'batch_size': 16, 'k': 4}
Trial 387 finished with value 0.135217630 | dataset=nasdaq | model=ufgtime_plus | val_MSE=0.005823726 | test_MSE=0.027414389 | MAE=0.135217630 | RMSE=0.165572912 | MAPE=14.645514072% | params={'learning_rate': 0.032697998806001105, 'decay_rate': 0.0012871152958225148, 'hidden_size': 16, 'signal_len': 16, 'cheb_order': 2, 's': 6.773332897440998, 'batch_size': 16, 'k': 4}
Trial 388 finished with value 0.156449531 | dataset=nasdaq | model=ufgtime_plus | val_MSE=0.006478858 | test_MSE=0.033841593 | MAE=0.156449531 | RMSE=0.183960847 | MAPE=16.928552555% | params={'learning_rate': 0.0303288342120091, 'decay_rate': 0.002810814374022845, 'hidden_size': 16, 'signal_len': 16, 'cheb_order': 2, 's': 7.1599693730920855, 'batch_size': 16, 'k': 4}
Trial 389 finished with value 0.151018596 | dataset=nasdaq | model=ufgtime_plus | val_MSE=0.006349364 | test_MSE=0.032851955 | MAE=0.151018596 | RMSE=0.181251084 | MAPE=15.775486121% | params={'learning_rate': 0.0036295216951630176, 'decay_rate': 0.0017696394657561417, 'hidden_size': 16, 'signal_len': 16, 'cheb_order': 2, 's': 7.509276142673028, 'batch_size': 16, 'k': 4}
Trial 390 finished with value 0.129307898 | dataset=nasdaq | model=ufgtime_plus | val_MSE=0.005435023 | test_MSE=0.026022670 | MAE=0.129307898 | RMSE=0.161315436 | MAPE=13.680836866% | params={'learning_rate': 0.029424491373807538, 'decay_rate': 0.0009580509782823895, 'hidden_size': 16, 'signal_len': 16, 'cheb_order': 2, 's': 6.962523713305063, 'batch_size': 16, 'k': 4}
Trial 391 finished with value 0.068533055 | dataset=nasdaq | model=ufgtime_plus | val_MSE=0.003148454 | test_MSE=0.010404187 | MAE=0.068533055 | RMSE=0.102000915 | MAPE=7.352988612% | params={'learning_rate': 0.031828633647431756, 'decay_rate': 3.318644558948338e-05, 'hidden_size': 16, 'signal_len': 16, 'cheb_order': 2, 's': 6.748334697207254, 'batch_size': 16, 'k': 4}
Trial 392 finished with value 0.169477326 | dataset=nasdaq | model=ufgtime_plus | val_MSE=0.006847465 | test_MSE=0.038220078 | MAE=0.169477326 | RMSE=0.195499559 | MAPE=18.200456677% | params={'learning_rate': 0.030495824803110718, 'decay_rate': 0.012404057368238554, 'hidden_size': 64, 'signal_len': 16, 'cheb_order': 2, 's': 6.731977788903767, 'batch_size': 16, 'k': 4}
Trial 393 finished with value 0.130637945 | dataset=nasdaq | model=ufgtime_plus | val_MSE=0.005896328 | test_MSE=0.026200345 | MAE=0.130637945 | RMSE=0.161865205 | MAPE=14.189474395% | params={'learning_rate': 0.03231189116683658, 'decay_rate': 0.0009399557736122945, 'hidden_size': 16, 'signal_len': 16, 'cheb_order': 2, 's': 7.279255267711084, 'batch_size': 16, 'k': 4}
Trial 394 finished with value 0.159600171 | dataset=nasdaq | model=ufgtime_plus | val_MSE=0.006576443 | test_MSE=0.034681208 | MAE=0.159600171 | RMSE=0.186228913 | MAPE=17.305476684% | params={'learning_rate': 0.03200543363045352, 'decay_rate': 0.0035723878990479136, 'hidden_size': 16, 'signal_len': 16, 'cheb_order': 2, 's': 6.867660932604554, 'batch_size': 16, 'k': 3}
Trial 395 finished with value 0.149043652 | dataset=nasdaq | model=ufgtime_plus | val_MSE=0.006228898 | test_MSE=0.030985518 | MAE=0.149043652 | RMSE=0.176027038 | MAPE=16.332271582% | params={'learning_rate': 0.03326046446042241, 'decay_rate': 0.0019297440483576295, 'hidden_size': 16, 'signal_len': 16, 'cheb_order': 2, 's': 7.01100559314251, 'batch_size': 16, 'k': 4}
Trial 396 finished with value 0.131168885 | dataset=nasdaq | model=ufgtime_plus | val_MSE=0.005419253 | test_MSE=0.026111688 | MAE=0.131168885 | RMSE=0.161591112 | MAPE=14.071209812% | params={'learning_rate': 0.02877348358943071, 'decay_rate': 0.0009694244783522586, 'hidden_size': 16, 'signal_len': 16, 'cheb_order': 2, 's': 7.679237186915658, 'batch_size': 16, 'k': 4}
Trial 397 finished with value 0.071053911 | dataset=nasdaq | model=ufgtime_plus | val_MSE=0.003216762 | test_MSE=0.010377832 | MAE=0.071053911 | RMSE=0.101871644 | MAPE=7.494127685% | params={'learning_rate': 0.031304279017189296, 'decay_rate': 3.803127027988802e-05, 'hidden_size': 16, 'signal_len': 16, 'cheb_order': 2, 's': 7.388220762347578, 'batch_size': 16, 'k': 4}
Trial 398 finished with value 0.179755392 | dataset=nasdaq | model=ufgtime_plus | val_MSE=0.007183544 | test_MSE=0.042508183 | MAE=0.179755392 | RMSE=0.206175127 | MAPE=18.963093819% | params={'learning_rate': 0.031694864570215954, 'decay_rate': 0.031195090230237768, 'hidden_size': 16, 'signal_len': 16, 'cheb_order': 2, 's': 6.605254350369034, 'batch_size': 16, 'k': 4}
Trial 399 finished with value 0.062708816 | dataset=nasdaq | model=ufgtime_plus | val_MSE=0.003124573 | test_MSE=0.009064982 | MAE=0.062708816 | RMSE=0.095210197 | MAPE=6.600669296% | params={'learning_rate': 0.03145471127666767, 'decay_rate': 2.373681491300289e-05, 'hidden_size': 16, 'signal_len': 16, 'cheb_order': 2, 's': 7.173348855739089, 'batch_size': 16, 'k': 4}
Trial 400 finished with value 0.150688166 | dataset=nasdaq | model=ufgtime_plus | val_MSE=0.006165371 | test_MSE=0.031994698 | MAE=0.150688166 | RMSE=0.178870617 | MAPE=16.110118533% | params={'learning_rate': 0.03005187404785645, 'decay_rate': 0.0019246886015798525, 'hidden_size': 16, 'signal_len': 16, 'cheb_order': 2, 's': 9.253019778477794, 'batch_size': 16, 'k': 4}
Trial 401 finished with value 0.126958133 | dataset=nasdaq | model=ufgtime_plus | val_MSE=0.005399010 | test_MSE=0.025362703 | MAE=0.126958133 | RMSE=0.159256722 | MAPE=13.510149974% | params={'learning_rate': 0.03143177157034148, 'decay_rate': 0.0009517370172827051, 'hidden_size': 16, 'signal_len': 16, 'cheb_order': 2, 's': 7.092387759775237, 'batch_size': 16, 'k': 4}
Trial 402 finished with value 0.157762494 | dataset=nasdaq | model=ufgtime_plus | val_MSE=0.006492183 | test_MSE=0.034350414 | MAE=0.157762494 | RMSE=0.185338647 | MAPE=16.872219009% | params={'learning_rate': 0.031127418875008587, 'decay_rate': 0.0026434906679261455, 'hidden_size': 16, 'signal_len': 16, 'cheb_order': 2, 's': 7.205395882260106, 'batch_size': 16, 'k': 4}
Trial 403 finished with value 0.166897743 | dataset=nasdaq | model=ufgtime_plus | val_MSE=0.007113878 | test_MSE=0.036730229 | MAE=0.166897743 | RMSE=0.191651321 | MAPE=18.451349335% | params={'learning_rate': 0.033245856906137974, 'decay_rate': 0.011112003599845013, 'hidden_size': 16, 'signal_len': 16, 'cheb_order': 2, 's': 7.406172553146005, 'batch_size': 16, 'k': 4}
Trial 404 finished with value 0.129433863 | dataset=nasdaq | model=ufgtime_plus | val_MSE=0.005357608 | test_MSE=0.025547177 | MAE=0.129433863 | RMSE=0.159834843 | MAPE=13.838024756% | params={'learning_rate': 0.03446865738595939, 'decay_rate': 0.000981102451682738, 'hidden_size': 16, 'signal_len': 16, 'cheb_order': 2, 's': 9.507092059318776, 'batch_size': 16, 'k': 4}
Trial 405 finished with value 0.173297054 | dataset=nasdaq | model=ufgtime_plus | val_MSE=0.006998110 | test_MSE=0.039980783 | MAE=0.173297054 | RMSE=0.199951952 | MAPE=18.468380644% | params={'learning_rate': 0.030912356089816947, 'decay_rate': 0.014447062263545784, 'hidden_size': 16, 'signal_len': 16, 'cheb_order': 2, 's': 7.612882249763772, 'batch_size': 16, 'k': 4}
Trial 406 finished with value 0.147756601 | dataset=nasdaq | model=ufgtime_plus | val_MSE=0.005878761 | test_MSE=0.030704222 | MAE=0.147756601 | RMSE=0.175226201 | MAPE=15.911269004% | params={'learning_rate': 0.028959353073896712, 'decay_rate': 0.0016776740175497738, 'hidden_size': 16, 'signal_len': 16, 'cheb_order': 2, 's': 7.301041849954312, 'batch_size': 16, 'k': 4}
Trial 407 finished with value 0.132051193 | dataset=nasdaq | model=ufgtime_plus | val_MSE=0.005627561 | test_MSE=0.026766736 | MAE=0.132051193 | RMSE=0.163605429 | MAPE=13.746628769% | params={'learning_rate': 0.03240674762370724, 'decay_rate': 0.0008915200547192053, 'hidden_size': 16, 'signal_len': 16, 'cheb_order': 2, 's': 7.099982655690692, 'batch_size': 16, 'k': 4}
Trial 408 finished with value 0.068484506 | dataset=nasdaq | model=ufgtime_plus | val_MSE=0.003341687 | test_MSE=0.010348126 | MAE=0.068484506 | RMSE=0.101725740 | MAPE=7.078322029% | params={'learning_rate': 0.029549044757172353, 'decay_rate': 6.519499314424638e-05, 'hidden_size': 16, 'signal_len': 16, 'cheb_order': 2, 's': 7.769530147435536, 'batch_size': 16, 'k': 4}
Trial 409 finished with value 0.170454882 | dataset=nasdaq | model=ufgtime_plus | val_MSE=0.007270463 | test_MSE=0.039887321 | MAE=0.170454882 | RMSE=0.199718104 | MAPE=17.727884209% | params={'learning_rate': 0.02976965129525967, 'decay_rate': 0.004910604018249875, 'hidden_size': 16, 'signal_len': 16, 'cheb_order': 2, 's': 7.862137687589099, 'batch_size': 16, 'k': 4}
Trial 410 finished with value 0.074947939 | dataset=nasdaq | model=ufgtime_plus | val_MSE=0.003257727 | test_MSE=0.010895613 | MAE=0.074947939 | RMSE=0.104382055 | MAPE=8.102091253% | params={'learning_rate': 0.031085655378197567, 'decay_rate': 3.061051521004071e-05, 'hidden_size': 16, 'signal_len': 16, 'cheb_order': 2, 's': 7.743533847083506, 'batch_size': 16, 'k': 4}
Trial 411 finished with value 0.174770015 | dataset=nasdaq | model=ufgtime_plus | val_MSE=0.006844372 | test_MSE=0.040053117 | MAE=0.174770015 | RMSE=0.200132748 | MAPE=18.697200582% | params={'learning_rate': 0.029305480215606434, 'decay_rate': 0.023311586561258434, 'hidden_size': 16, 'signal_len': 16, 'cheb_order': 2, 's': 7.495328155227113, 'batch_size': 16, 'k': 4}
Trial 412 finished with value 0.157881426 | dataset=nasdaq | model=ufgtime_plus | val_MSE=0.006620536 | test_MSE=0.034444739 | MAE=0.157881426 | RMSE=0.185592938 | MAPE=16.944245757% | params={'learning_rate': 0.03392353108192889, 'decay_rate': 0.0030220385113388466, 'hidden_size': 16, 'signal_len': 16, 'cheb_order': 2, 's': 7.636102133338904, 'batch_size': 16, 'k': 4}
