Trial 0 finished with value 0.219041210 | dataset=nasdaq | model=ufgtime_plus | val_MSE=0.019212571 | test_MSE=0.068199105 | MAE=0.219041210 | RMSE=0.261149583 | MAPE=20.233159363% | params={'learning_rate': 0.027445187061326964, 'decay_rate': 0.03576231642495725, 'hidden_size': 16, 'signal_len': 8, 'cheb_order': 3, 's': 4.512629517549422, 'batch_size': 128, 'k': 2}
Trial 1 finished with value 0.360153260 | dataset=nasdaq | model=ufgtime_plus | val_MSE=0.062895634 | test_MSE=0.212301693 | MAE=0.360153260 | RMSE=0.460762078 | MAPE=29.991283544% | params={'learning_rate': 0.0010207176880418828, 'decay_rate': 0.04163266607894142, 'hidden_size': 64, 'signal_len': 8, 'cheb_order': 2, 's': 6.795297089814962, 'batch_size': 32, 'k': 4}
Trial 2 finished with value 0.186397405 | dataset=nasdaq | model=ufgtime_plus | val_MSE=0.008531137 | test_MSE=0.046160533 | MAE=0.186397405 | RMSE=0.214850024 | MAPE=18.920741272% | params={'learning_rate': 0.02281295510750526, 'decay_rate': 0.02842601310394374, 'hidden_size': 32, 'signal_len': 16, 'cheb_order': 2, 's': 4.989584388814139, 'batch_size': 16, 'k': 2}
Trial 3 finished with value 0.205410623 | dataset=nasdaq | model=ufgtime_plus | val_MSE=0.015145978 | test_MSE=0.059691225 | MAE=0.205410623 | RMSE=0.244317877 | MAPE=19.429033244% | params={'learning_rate': 0.01577826326269995, 'decay_rate': 0.018191901439421704, 'hidden_size': 64, 'signal_len': 16, 'cheb_order': 3, 's': 3.354295262604061, 'batch_size': 256, 'k': 2}
Trial 4 finished with value 0.179962504 | dataset=nasdaq | model=ufgtime_plus | val_MSE=0.007972242 | test_MSE=0.043830888 | MAE=0.179962504 | RMSE=0.209358276 | MAPE=18.687618840% | params={'learning_rate': 0.009837152260385874, 'decay_rate': 0.018442571281341594, 'hidden_size': 64, 'signal_len': 16, 'cheb_order': 3, 's': 6.4831251257309095, 'batch_size': 16, 'k': 2}
Trial 5 finished with value 0.196224189 | dataset=nasdaq | model=ufgtime_plus | val_MSE=0.012064855 | test_MSE=0.053646446 | MAE=0.196224189 | RMSE=0.231617025 | MAPE=19.049229618% | params={'learning_rate': 0.015905979137904862, 'decay_rate': 0.02071900709578835, 'hidden_size': 32, 'signal_len': 16, 'cheb_order': 3, 's': 9.370736158428306, 'batch_size': 128, 'k': 2}
Trial 6 finished with value 0.138062052 | dataset=nasdaq | model=ufgtime_plus | val_MSE=0.005641332 | test_MSE=0.028329574 | MAE=0.138062052 | RMSE=0.168313915 | MAPE=14.659222953% | params={'learning_rate': 0.029329781611156056, 'decay_rate': 0.0010151762339128028, 'hidden_size': 16, 'signal_len': 16, 'cheb_order': 2, 's': 6.227800276318749, 'batch_size': 128, 'k': 4}
Trial 7 finished with value 0.174177317 | dataset=nasdaq | model=ufgtime_plus | val_MSE=0.007396941 | test_MSE=0.039784979 | MAE=0.174177317 | RMSE=0.199461723 | MAPE=18.519869654% | params={'learning_rate': 0.034976968973122045, 'decay_rate': 0.014878873173248132, 'hidden_size': 64, 'signal_len': 16, 'cheb_order': 3, 's': 5.56178699914765, 'batch_size': 16, 'k': 2}
Trial 8 finished with value 0.175894420 | dataset=nasdaq | model=ufgtime_plus | val_MSE=0.007301928 | test_MSE=0.041494421 | MAE=0.175894420 | RMSE=0.203701795 | MAPE=18.519443150% | params={'learning_rate': 0.03301207513925933, 'decay_rate': 0.014510979584450098, 'hidden_size': 16, 'signal_len': 16, 'cheb_order': 2, 's': 6.913487296728489, 'batch_size': 64, 'k': 4}
Trial 9 finished with value 0.194021149 | dataset=nasdaq | model=ufgtime_plus | val_MSE=0.010227405 | test_MSE=0.051148867 | MAE=0.194021149 | RMSE=0.226161153 | MAPE=19.244303039% | params={'learning_rate': 0.04031163751241383, 'decay_rate': 0.03519739029118291, 'hidden_size': 32, 'signal_len': 8, 'cheb_order': 2, 's': 6.578480122126214, 'batch_size': 32, 'k': 2}
Trial 10 finished with value 0.136507564 | dataset=nasdaq | model=ufgtime_plus | val_MSE=0.005586933 | test_MSE=0.027461308 | MAE=0.136507564 | RMSE=0.165714539 | MAPE=14.718728375% | params={'learning_rate': 0.047034199581109624, 'decay_rate': 0.0011794268671467987, 'hidden_size': 16, 'signal_len': 8, 'cheb_order': 2, 's': 1.4402165119027721, 'batch_size': 128, 'k': 3}
Trial 11 finished with value 0.147049764 | dataset=nasdaq | model=ufgtime_plus | val_MSE=0.006155756 | test_MSE=0.030901320 | MAE=0.147049764 | RMSE=0.175787712 | MAPE=15.889877807% | params={'learning_rate': 0.04975582417093499, 'decay_rate': 0.0017508211083609522, 'hidden_size': 16, 'signal_len': 8, 'cheb_order': 2, 's': 1.7143610050113107, 'batch_size': 128, 'k': 3}
Trial 12 finished with value 0.109460816 | dataset=nasdaq | model=ufgtime_plus | val_MSE=0.005201906 | test_MSE=0.021125155 | MAE=0.109460816 | RMSE=0.145344953 | MAPE=11.592580976% | params={'learning_rate': 0.04869714009298913, 'decay_rate': 0.0002897854365313951, 'hidden_size': 16, 'signal_len': 8, 'cheb_order': 2, 's': 1.802305216578672, 'batch_size': 128, 'k': 3}
Trial 13 finished with value 0.170575416 | dataset=nasdaq | model=ufgtime_plus | val_MSE=0.007154405 | test_MSE=0.039559238 | MAE=0.170575416 | RMSE=0.198895043 | MAPE=18.031723324% | params={'learning_rate': 0.04849564158029872, 'decay_rate': 0.00841408604577265, 'hidden_size': 16, 'signal_len': 8, 'cheb_order': 2, 's': 1.363476020858729, 'batch_size': 128, 'k': 3}
Trial 14 finished with value 0.167777269 | dataset=nasdaq | model=ufgtime_plus | val_MSE=0.006996087 | test_MSE=0.038497619 | MAE=0.167777269 | RMSE=0.196208101 | MAPE=17.732148722% | params={'learning_rate': 0.042004984965544126, 'decay_rate': 0.005946602305274062, 'hidden_size': 16, 'signal_len': 8, 'cheb_order': 2, 's': 2.8309835564134733, 'batch_size': 64, 'k': 3}
Trial 15 finished with value 0.176697429 | dataset=nasdaq | model=ufgtime_plus | val_MSE=0.008118609 | test_MSE=0.043092419 | MAE=0.176697429 | RMSE=0.207587136 | MAPE=18.135580615% | params={'learning_rate': 0.042681039775246295, 'decay_rate': 0.008879865571753052, 'hidden_size': 16, 'signal_len': 8, 'cheb_order': 2, 's': 2.331120962253209, 'batch_size': 256, 'k': 3}
Trial 16 finished with value 0.195471210 | dataset=nasdaq | model=ufgtime_plus | val_MSE=0.011160964 | test_MSE=0.052444217 | MAE=0.195471210 | RMSE=0.229007023 | MAPE=19.147996125% | params={'learning_rate': 0.04542870447692563, 'decay_rate': 0.025808207028753333, 'hidden_size': 16, 'signal_len': 8, 'cheb_order': 2, 's': 3.9461505672005472, 'batch_size': 128, 'k': 3}
Trial 17 finished with value 0.166897695 | dataset=nasdaq | model=ufgtime_plus | val_MSE=0.007019461 | test_MSE=0.038033179 | MAE=0.166897695 | RMSE=0.195020971 | MAPE=17.813855509% | params={'learning_rate': 0.03816181477668296, 'decay_rate': 0.005961495336792681, 'hidden_size': 16, 'signal_len': 8, 'cheb_order': 2, 's': 1.2198514483519278, 'batch_size': 128, 'k': 3}
Trial 18 finished with value 0.209410902 | dataset=nasdaq | model=ufgtime_plus | val_MSE=0.014307699 | test_MSE=0.060154469 | MAE=0.209410902 | RMSE=0.245264081 | MAPE=19.942230417% | params={'learning_rate': 0.049883602410590214, 'decay_rate': 0.04810813119811558, 'hidden_size': 16, 'signal_len': 8, 'cheb_order': 2, 's': 8.42624930283489, 'batch_size': 128, 'k': 3}
Trial 19 finished with value 0.172206751 | dataset=nasdaq | model=ufgtime_plus | val_MSE=0.007072685 | test_MSE=0.039760959 | MAE=0.172206751 | RMSE=0.199401501 | MAPE=18.189305299% | params={'learning_rate': 0.035938679328178104, 'decay_rate': 0.011758460493692637, 'hidden_size': 32, 'signal_len': 8, 'cheb_order': 2, 's': 2.4195542604463354, 'batch_size': 32, 'k': 4}
Trial 20 finished with value 0.109264036 | dataset=nasdaq | model=ufgtime_plus | val_MSE=0.005215569 | test_MSE=0.021075414 | MAE=0.109264036 | RMSE=0.145173736 | MAPE=11.532023483% | params={'learning_rate': 0.02257912237072279, 'decay_rate': 0.00025482712949218017, 'hidden_size': 16, 'signal_len': 8, 'cheb_order': 2, 's': 3.664538833654801, 'batch_size': 64, 'k': 4}
Trial 21 finished with value 0.094803690 | dataset=nasdaq | model=ufgtime_plus | val_MSE=0.004804078 | test_MSE=0.016444281 | MAE=0.094803690 | RMSE=0.128235255 | MAPE=10.549415620% | params={'learning_rate': 0.02260333474834329, 'decay_rate': 0.0001254315731108917, 'hidden_size': 16, 'signal_len': 8, 'cheb_order': 2, 's': 3.4932433841618145, 'batch_size': 64, 'k': 4}
Trial 22 finished with value 0.163986051 | dataset=nasdaq | model=ufgtime_plus | val_MSE=0.006715542 | test_MSE=0.036640532 | MAE=0.163986051 | RMSE=0.191417167 | MAPE=17.559468613% | params={'learning_rate': 0.02232263911366685, 'decay_rate': 0.0046262390316754365, 'hidden_size': 16, 'signal_len': 8, 'cheb_order': 2, 's': 3.5578680418382125, 'batch_size': 64, 'k': 4}
Trial 23 finished with value 0.170100090 | dataset=nasdaq | model=ufgtime_plus | val_MSE=0.006921316 | test_MSE=0.038758957 | MAE=0.170100090 | RMSE=0.196872946 | MAPE=18.220588030% | params={'learning_rate': 0.014515181228994083, 'decay_rate': 0.010332544929466395, 'hidden_size': 16, 'signal_len': 8, 'cheb_order': 2, 's': 2.856559132816951, 'batch_size': 64, 'k': 4}
Trial 24 finished with value 0.127161044 | dataset=nasdaq | model=ufgtime_plus | val_MSE=0.005474401 | test_MSE=0.024902199 | MAE=0.127161044 | RMSE=0.157804306 | MAPE=13.829714973% | params={'learning_rate': 0.018842206572647763, 'decay_rate': 0.0009768456542122875, 'hidden_size': 16, 'signal_len': 8, 'cheb_order': 2, 's': 4.2029822376552115, 'batch_size': 64, 'k': 4}
Trial 25 finished with value 0.165935075 | dataset=nasdaq | model=ufgtime_plus | val_MSE=0.006999142 | test_MSE=0.037823222 | MAE=0.165935075 | RMSE=0.194481932 | MAPE=17.638395529% | params={'learning_rate': 0.009348352183521171, 'decay_rate': 0.004838395407220805, 'hidden_size': 16, 'signal_len': 8, 'cheb_order': 2, 's': 2.1770257914659825, 'batch_size': 64, 'k': 4}
Trial 26 finished with value 0.098574286 | dataset=nasdaq | model=ufgtime_plus | val_MSE=0.004804257 | test_MSE=0.018289622 | MAE=0.098574286 | RMSE=0.135239130 | MAPE=10.514322552% | params={'learning_rate': 0.03027962045310954, 'decay_rate': 0.00014342389683009096, 'hidden_size': 16, 'signal_len': 8, 'cheb_order': 3, 's': 4.996284062253139, 'batch_size': 64, 'k': 4}
Trial 27 finished with value 0.172627722 | dataset=nasdaq | model=ufgtime_plus | val_MSE=0.006960861 | test_MSE=0.039818450 | MAE=0.172627722 | RMSE=0.199545609 | MAPE=18.315993184% | params={'learning_rate': 0.02928552687276282, 'decay_rate': 0.011698200723096257, 'hidden_size': 16, 'signal_len': 8, 'cheb_order': 3, 's': 5.209700399858504, 'batch_size': 64, 'k': 4}
Trial 28 finished with value 0.164562494 | dataset=nasdaq | model=ufgtime_plus | val_MSE=0.006775440 | test_MSE=0.036560782 | MAE=0.164562494 | RMSE=0.191208740 | MAPE=17.795193768% | params={'learning_rate': 0.024315858755128743, 'decay_rate': 0.005276476757035624, 'hidden_size': 32, 'signal_len': 8, 'cheb_order': 3, 's': 7.543093033487866, 'batch_size': 64, 'k': 4}
Trial 29 finished with value 0.183997776 | dataset=nasdaq | model=ufgtime_plus | val_MSE=0.008380233 | test_MSE=0.045550128 | MAE=0.183997776 | RMSE=0.213424759 | MAPE=19.066382539% | params={'learning_rate': 0.02731800841735507, 'decay_rate': 0.030099184858489166, 'hidden_size': 64, 'signal_len': 8, 'cheb_order': 3, 's': 4.6159307898378845, 'batch_size': 64, 'k': 4}
Trial 30 finished with value 0.178617710 | dataset=nasdaq | model=ufgtime_plus | val_MSE=0.007262735 | test_MSE=0.042290254 | MAE=0.178617710 | RMSE=0.205645944 | MAPE=18.692829098% | params={'learning_rate': 0.019848187036940246, 'decay_rate': 0.022228921570308827, 'hidden_size': 16, 'signal_len': 8, 'cheb_order': 3, 's': 5.785908254881856, 'batch_size': 64, 'k': 4}
Trial 31 finished with value 0.100672923 | dataset=nasdaq | model=ufgtime_plus | val_MSE=0.004717718 | test_MSE=0.018430577 | MAE=0.100672923 | RMSE=0.135759263 | MAPE=10.888353673% | params={'learning_rate': 0.03214522022320854, 'decay_rate': 0.00014685707734559244, 'hidden_size': 16, 'signal_len': 8, 'cheb_order': 3, 's': 3.4699627212491007, 'batch_size': 256, 'k': 4}
Trial 32 finished with value 0.165415968 | dataset=nasdaq | model=ufgtime_plus | val_MSE=0.007228622 | test_MSE=0.038218429 | MAE=0.165415968 | RMSE=0.195495344 | MAPE=17.360684441% | params={'learning_rate': 0.03149121108924208, 'decay_rate': 0.0037592678882728864, 'hidden_size': 16, 'signal_len': 8, 'cheb_order': 3, 's': 3.4246202218984725, 'batch_size': 256, 'k': 4}
Trial 33 finished with value 0.175753097 | dataset=nasdaq | model=ufgtime_plus | val_MSE=0.008206106 | test_MSE=0.042892972 | MAE=0.175753097 | RMSE=0.207106185 | MAPE=18.065301395% | params={'learning_rate': 0.026692102392867012, 'decay_rate': 0.008039333634803216, 'hidden_size': 16, 'signal_len': 8, 'cheb_order': 3, 's': 4.588359778656695, 'batch_size': 256, 'k': 4}
Trial 34 finished with value 0.166529470 | dataset=nasdaq | model=ufgtime_plus | val_MSE=0.007505177 | test_MSE=0.038985116 | MAE=0.166529470 | RMSE=0.197446488 | MAPE=17.378705365% | params={'learning_rate': 0.02144986701538985, 'decay_rate': 0.00377245954237939, 'hidden_size': 16, 'signal_len': 8, 'cheb_order': 3, 's': 3.9214966488865213, 'batch_size': 256, 'k': 4}
Trial 35 finished with value 0.181270063 | dataset=nasdaq | model=ufgtime_plus | val_MSE=0.008350009 | test_MSE=0.044807019 | MAE=0.181270063 | RMSE=0.211676685 | MAPE=18.505935309% | params={'learning_rate': 0.024861794314047614, 'decay_rate': 0.014735089244789251, 'hidden_size': 64, 'signal_len': 8, 'cheb_order': 3, 's': 4.961068518559737, 'batch_size': 256, 'k': 4}
Trial 36 finished with value 0.309401597 | dataset=nasdaq | model=ufgtime_plus | val_MSE=0.059852617 | test_MSE=0.148575592 | MAE=0.309401597 | RMSE=0.385455045 | MAPE=26.130869154% | params={'learning_rate': 0.0016388403426964467, 'decay_rate': 0.039063224735965255, 'hidden_size': 16, 'signal_len': 8, 'cheb_order': 3, 's': 3.0216120574418532, 'batch_size': 16, 'k': 4}
Trial 37 finished with value 0.160051315 | dataset=nasdaq | model=ufgtime_plus | val_MSE=0.006604057 | test_MSE=0.035235004 | MAE=0.160051315 | RMSE=0.187709894 | MAPE=17.020976953% | params={'learning_rate': 0.03154631844628207, 'decay_rate': 0.0031164266481704156, 'hidden_size': 32, 'signal_len': 16, 'cheb_order': 3, 's': 4.268932406467247, 'batch_size': 64, 'k': 4}
Trial 38 finished with value 0.170101219 | dataset=nasdaq | model=ufgtime_plus | val_MSE=0.007035848 | test_MSE=0.039227416 | MAE=0.170101219 | RMSE=0.198059122 | MAPE=18.008566489% | params={'learning_rate': 0.01214503451590521, 'decay_rate': 0.00774307745341163, 'hidden_size': 64, 'signal_len': 16, 'cheb_order': 3, 's': 3.4424094553119184, 'batch_size': 32, 'k': 4}
Trial 39 finished with value 0.098300134 | dataset=nasdaq | model=ufgtime_plus | val_MSE=0.004659431 | test_MSE=0.017893403 | MAE=0.098300134 | RMSE=0.133766226 | MAPE=10.622982213% | params={'learning_rate': 0.01781512026214339, 'decay_rate': 0.0002274309606066621, 'hidden_size': 16, 'signal_len': 8, 'cheb_order': 3, 's': 5.95203259810563, 'batch_size': 64, 'k': 4}
Trial 40 finished with value 0.180902308 | dataset=nasdaq | model=ufgtime_plus | val_MSE=0.007971414 | test_MSE=0.044155011 | MAE=0.180902308 | RMSE=0.210130937 | MAPE=18.587758820% | params={'learning_rate': 0.017998742126849685, 'decay_rate': 0.017878071925566133, 'hidden_size': 16, 'signal_len': 16, 'cheb_order': 3, 's': 6.104903982977321, 'batch_size': 16, 'k': 4}
Trial 41 finished with value 0.094023055 | dataset=nasdaq | model=ufgtime_plus | val_MSE=0.004616416 | test_MSE=0.016549480 | MAE=0.094023055 | RMSE=0.128644783 | MAPE=10.297986477% | params={'learning_rate': 0.02338436850547934, 'decay_rate': 0.00012440856547189569, 'hidden_size': 16, 'signal_len': 8, 'cheb_order': 3, 's': 5.228485233716806, 'batch_size': 64, 'k': 4}
Trial 42 finished with value 0.159619570 | dataset=nasdaq | model=ufgtime_plus | val_MSE=0.006791958 | test_MSE=0.035664951 | MAE=0.159619570 | RMSE=0.188851663 | MAPE=16.977863629% | params={'learning_rate': 0.027738432466817918, 'decay_rate': 0.002813239202307755, 'hidden_size': 16, 'signal_len': 8, 'cheb_order': 3, 's': 7.0944100671554295, 'batch_size': 64, 'k': 4}
Trial 43 finished with value 0.166560822 | dataset=nasdaq | model=ufgtime_plus | val_MSE=0.006898492 | test_MSE=0.037138723 | MAE=0.166560822 | RMSE=0.192714098 | MAPE=17.856007966% | params={'learning_rate': 0.03443484611585273, 'decay_rate': 0.006781852797213451, 'hidden_size': 16, 'signal_len': 8, 'cheb_order': 3, 's': 5.163709156959711, 'batch_size': 64, 'k': 4}
Trial 44 finished with value 0.088069824 | dataset=nasdaq | model=ufgtime_plus | val_MSE=0.004766515 | test_MSE=0.015584735 | MAE=0.088069824 | RMSE=0.124838836 | MAPE=9.445477290% | params={'learning_rate': 0.016438183095960526, 'decay_rate': 4.852302777801312e-05, 'hidden_size': 16, 'signal_len': 8, 'cheb_order': 3, 's': 5.765224424461983, 'batch_size': 64, 'k': 4}
Trial 45 finished with value 0.154774000 | dataset=nasdaq | model=ufgtime_plus | val_MSE=0.006603607 | test_MSE=0.033041644 | MAE=0.154774000 | RMSE=0.181773607 | MAPE=16.938597105% | params={'learning_rate': 0.01566880398252352, 'decay_rate': 0.0028085505347229867, 'hidden_size': 64, 'signal_len': 8, 'cheb_order': 3, 's': 5.789830190913308, 'batch_size': 64, 'k': 4}
Trial 46 finished with value 0.180233408 | dataset=nasdaq | model=ufgtime_plus | val_MSE=0.008563050 | test_MSE=0.044761581 | MAE=0.180233408 | RMSE=0.211569330 | MAPE=18.308391951% | params={'learning_rate': 0.008284667545829532, 'decay_rate': 0.010608632890952317, 'hidden_size': 32, 'signal_len': 8, 'cheb_order': 3, 's': 6.204988775968552, 'batch_size': 64, 'k': 4}
Trial 47 finished with value 0.208041426 | dataset=nasdaq | model=ufgtime_plus | val_MSE=0.015061274 | test_MSE=0.060626070 | MAE=0.208041426 | RMSE=0.246223618 | MAPE=19.712569658% | params={'learning_rate': 0.01354095071801078, 'decay_rate': 0.03281513780179312, 'hidden_size': 16, 'signal_len': 16, 'cheb_order': 3, 's': 5.529103960772077, 'batch_size': 64, 'k': 4}
Trial 48 finished with value 0.153977829 | dataset=nasdaq | model=ufgtime_plus | val_MSE=0.006306465 | test_MSE=0.033339150 | MAE=0.153977829 | RMSE=0.182590114 | MAPE=16.412393537% | params={'learning_rate': 0.006199296367217815, 'decay_rate': 0.002204185525627567, 'hidden_size': 16, 'signal_len': 8, 'cheb_order': 3, 's': 7.876699894452479, 'batch_size': 64, 'k': 4}
Trial 49 finished with value 0.173255378 | dataset=nasdaq | model=ufgtime_plus | val_MSE=0.006991136 | test_MSE=0.040055386 | MAE=0.173255378 | RMSE=0.200138417 | MAPE=18.373546718% | params={'learning_rate': 0.017557513104264302, 'decay_rate': 0.013402684147649684, 'hidden_size': 16, 'signal_len': 8, 'cheb_order': 3, 's': 6.880315952982429, 'batch_size': 64, 'k': 3}
Trial 50 finished with value 0.188519120 | dataset=nasdaq | model=ufgtime_plus | val_MSE=0.009988046 | test_MSE=0.049120485 | MAE=0.188519120 | RMSE=0.221631417 | MAPE=18.751757065% | params={'learning_rate': 0.011821235815587066, 'decay_rate': 0.016837917049484195, 'hidden_size': 16, 'signal_len': 8, 'cheb_order': 3, 's': 4.876891852944974, 'batch_size': 32, 'k': 2}
Trial 51 finished with value 0.106430375 | dataset=nasdaq | model=ufgtime_plus | val_MSE=0.005308995 | test_MSE=0.020246881 | MAE=0.106430375 | RMSE=0.142291535 | MAPE=11.348568609% | params={'learning_rate': 0.03036832184655921, 'decay_rate': 7.505972345608859e-05, 'hidden_size': 16, 'signal_len': 8, 'cheb_order': 3, 's': 5.524252501313023, 'batch_size': 256, 'k': 4}
Trial 52 finished with value 0.105206397 | dataset=nasdaq | model=ufgtime_plus | val_MSE=0.004999860 | test_MSE=0.019233160 | MAE=0.105206397 | RMSE=0.138683670 | MAPE=11.492186085% | params={'learning_rate': 0.020254487066188345, 'decay_rate': 0.00023161617330777275, 'hidden_size': 16, 'signal_len': 8, 'cheb_order': 3, 's': 6.332978189960986, 'batch_size': 16, 'k': 4}
Trial 53 finished with value 0.165181911 | dataset=nasdaq | model=ufgtime_plus | val_MSE=0.006824044 | test_MSE=0.036624724 | MAE=0.165181911 | RMSE=0.191375870 | MAPE=17.969247061% | params={'learning_rate': 0.02431521900154885, 'decay_rate': 0.006429035610461816, 'hidden_size': 16, 'signal_len': 8, 'cheb_order': 3, 's': 4.280261710985158, 'batch_size': 64, 'k': 4}
Trial 54 finished with value 0.159342623 | dataset=nasdaq | model=ufgtime_plus | val_MSE=0.006957724 | test_MSE=0.036085423 | MAE=0.159342623 | RMSE=0.189961636 | MAPE=16.717360339% | params={'learning_rate': 0.03814450547134712, 'decay_rate': 0.002474347237556085, 'hidden_size': 16, 'signal_len': 8, 'cheb_order': 3, 's': 5.8244035929352265, 'batch_size': 256, 'k': 4}
Trial 55 finished with value 0.197342411 | dataset=nasdaq | model=ufgtime_plus | val_MSE=0.010895329 | test_MSE=0.053137086 | MAE=0.197342411 | RMSE=0.230514828 | MAPE=19.458627292% | params={'learning_rate': 0.026377964050333984, 'decay_rate': 0.04630780864099884, 'hidden_size': 16, 'signal_len': 8, 'cheb_order': 3, 's': 9.417549990264703, 'batch_size': 64, 'k': 4}
Trial 56 finished with value 0.165222497 | dataset=nasdaq | model=ufgtime_plus | val_MSE=0.006815796 | test_MSE=0.037251676 | MAE=0.165222497 | RMSE=0.193006932 | MAPE=17.640165103% | params={'learning_rate': 0.016939300084962194, 'decay_rate': 0.00462488660011197, 'hidden_size': 16, 'signal_len': 8, 'cheb_order': 3, 's': 9.862487856569269, 'batch_size': 64, 'k': 3}
Trial 57 finished with value 0.149193724 | dataset=nasdaq | model=ufgtime_plus | val_MSE=0.006127265 | test_MSE=0.031722529 | MAE=0.149193724 | RMSE=0.178108194 | MAPE=15.938892639% | params={'learning_rate': 0.023121133918816907, 'decay_rate': 0.001821053488601591, 'hidden_size': 16, 'signal_len': 16, 'cheb_order': 3, 's': 6.511132708270768, 'batch_size': 64, 'k': 4}
Trial 58 finished with value 0.171190816 | dataset=nasdaq | model=ufgtime_plus | val_MSE=0.006951195 | test_MSE=0.039265306 | MAE=0.171190816 | RMSE=0.198154752 | MAPE=18.096303006% | params={'learning_rate': 0.02845014987486736, 'decay_rate': 0.009021967549314263, 'hidden_size': 32, 'signal_len': 8, 'cheb_order': 3, 's': 3.0427946724803956, 'batch_size': 32, 'k': 4}
