Trial 590 finished with value 0.127825857 | dataset=nasdaq | model=ufgtime_plus | val_MSE=0.005332133 | test_MSE=0.025645712 | MAE=0.127825857 | RMSE=0.160142787 | MAPE=13.464771432% | params={'learning_rate': 0.029548766578143718, 'decay_rate': 0.0008994244377995672, 'hidden_size': 64, 'signal_len': 16, 'cheb_order': 2, 's': 6.333991323516878, 'batch_size': 16, 'k': 4}
Trial 591 finished with value 0.070314985 | dataset=nasdaq | model=ufgtime_plus | val_MSE=0.003050766 | test_MSE=0.010542725 | MAE=0.070314985 | RMSE=0.102677773 | MAPE=7.181748820% | params={'learning_rate': 0.027226374802263455, 'decay_rate': 5.100990448119797e-05, 'hidden_size': 16, 'signal_len': 16, 'cheb_order': 2, 's': 6.846460091257357, 'batch_size': 16, 'k': 4}
Trial 592 finished with value 0.146062996 | dataset=nasdaq | model=ufgtime_plus | val_MSE=0.005992156 | test_MSE=0.030375998 | MAE=0.146062996 | RMSE=0.174287114 | MAPE=15.739903647% | params={'learning_rate': 0.030236636210364733, 'decay_rate': 0.001732150281366636, 'hidden_size': 16, 'signal_len': 16, 'cheb_order': 2, 's': 4.554976906775691, 'batch_size': 16, 'k': 4}
Trial 593 finished with value 0.124606936 | dataset=nasdaq | model=ufgtime_plus | val_MSE=0.005530413 | test_MSE=0.024362578 | MAE=0.124606936 | RMSE=0.156085162 | MAPE=13.553747436% | params={'learning_rate': 0.028423513114302842, 'decay_rate': 0.000881102401095825, 'hidden_size': 16, 'signal_len': 16, 'cheb_order': 2, 's': 6.514930465102696, 'batch_size': 16, 'k': 4}
Trial 594 finished with value 0.153944786 | dataset=nasdaq | model=ufgtime_plus | val_MSE=0.006538080 | test_MSE=0.033046592 | MAE=0.153944786 | RMSE=0.181787216 | MAPE=16.713814168% | params={'learning_rate': 0.03237602837457079, 'decay_rate': 0.002530328082792096, 'hidden_size': 16, 'signal_len': 16, 'cheb_order': 2, 's': 7.227035396731967, 'batch_size': 16, 'k': 4}
Trial 595 finished with value 0.161136628 | dataset=nasdaq | model=ufgtime_plus | val_MSE=0.006956957 | test_MSE=0.035190357 | MAE=0.161136628 | RMSE=0.187590930 | MAPE=17.680213584% | params={'learning_rate': 0.02686848900223146, 'decay_rate': 0.005117674556475566, 'hidden_size': 16, 'signal_len': 16, 'cheb_order': 2, 's': 6.722880952417237, 'batch_size': 16, 'k': 4}
Trial 596 finished with value 0.126238021 | dataset=nasdaq | model=ufgtime_plus | val_MSE=0.005455924 | test_MSE=0.024687601 | MAE=0.126238021 | RMSE=0.157122886 | MAPE=13.701195569% | params={'learning_rate': 0.02940556982420374, 'decay_rate': 0.000900499713548864, 'hidden_size': 16, 'signal_len': 16, 'cheb_order': 2, 's': 8.685633942638253, 'batch_size': 16, 'k': 4}
Trial 597 finished with value 0.074420527 | dataset=nasdaq | model=ufgtime_plus | val_MSE=0.002955544 | test_MSE=0.011065449 | MAE=0.074420527 | RMSE=0.105192438 | MAPE=7.903943648% | params={'learning_rate': 0.028246205166622882, 'decay_rate': 2.1197948610409964e-05, 'hidden_size': 16, 'signal_len': 16, 'cheb_order': 2, 's': 7.033216628466825, 'batch_size': 32, 'k': 4}
Trial 598 finished with value 0.064992704 | dataset=nasdaq | model=ufgtime_plus | val_MSE=0.003247976 | test_MSE=0.009058258 | MAE=0.064992704 | RMSE=0.095174883 | MAPE=7.212610280% | params={'learning_rate': 0.026760258623689356, 'decay_rate': 1.7200756973331915e-05, 'hidden_size': 16, 'signal_len': 16, 'cheb_order': 2, 's': 9.187176887495411, 'batch_size': 16, 'k': 4}
Trial 599 finished with value 0.152220985 | dataset=nasdaq | model=ufgtime_plus | val_MSE=0.006254145 | test_MSE=0.032750311 | MAE=0.152220985 | RMSE=0.180970469 | MAPE=16.262054679% | params={'learning_rate': 0.02752164487177658, 'decay_rate': 0.0018810031214517536, 'hidden_size': 16, 'signal_len': 16, 'cheb_order': 2, 's': 8.486281029423484, 'batch_size': 16, 'k': 4}
Trial 600 finished with value 0.142621441 | dataset=nasdaq | model=ufgtime_plus | val_MSE=0.006032768 | test_MSE=0.029030872 | MAE=0.142621441 | RMSE=0.170384484 | MAPE=15.628272884% | params={'learning_rate': 0.026697138113035687, 'decay_rate': 0.0016084283358334106, 'hidden_size': 16, 'signal_len': 16, 'cheb_order': 2, 's': 9.014876422152161, 'batch_size': 16, 'k': 4}
Trial 601 finished with value 0.068401038 | dataset=nasdaq | model=ufgtime_plus | val_MSE=0.003062032 | test_MSE=0.010045192 | MAE=0.068401038 | RMSE=0.100225708 | MAPE=7.298616339% | params={'learning_rate': 0.028003721329516403, 'decay_rate': 3.3217248377760285e-05, 'hidden_size': 16, 'signal_len': 16, 'cheb_order': 2, 's': 9.254270351650073, 'batch_size': 16, 'k': 4}
Trial 602 finished with value 0.168052962 | dataset=nasdaq | model=ufgtime_plus | val_MSE=0.007125424 | test_MSE=0.038516328 | MAE=0.168052962 | RMSE=0.196255772 | MAPE=17.920210133% | params={'learning_rate': 0.028747580122520617, 'decay_rate': 0.006610590848650113, 'hidden_size': 16, 'signal_len': 16, 'cheb_order': 2, 's': 9.28261621714746, 'batch_size': 128, 'k': 4}
Trial 603 finished with value 0.161989065 | dataset=nasdaq | model=ufgtime_plus | val_MSE=0.006551410 | test_MSE=0.035814611 | MAE=0.161989065 | RMSE=0.189247485 | MAPE=17.228476512% | params={'learning_rate': 0.026817315139079496, 'decay_rate': 0.0034007586088284705, 'hidden_size': 16, 'signal_len': 16, 'cheb_order': 2, 's': 9.322805136683298, 'batch_size': 16, 'k': 3}
Trial 604 finished with value 0.127586136 | dataset=nasdaq | model=ufgtime_plus | val_MSE=0.005389968 | test_MSE=0.025240019 | MAE=0.127586136 | RMSE=0.158871076 | MAPE=13.723851338% | params={'learning_rate': 0.03149017846117162, 'decay_rate': 0.0009900663448562425, 'hidden_size': 16, 'signal_len': 16, 'cheb_order': 2, 's': 9.048650402546524, 'batch_size': 16, 'k': 4}
Trial 605 finished with value 0.131501596 | dataset=nasdaq | model=ufgtime_plus | val_MSE=0.005506016 | test_MSE=0.025519171 | MAE=0.131501596 | RMSE=0.159747210 | MAPE=14.355175044% | params={'learning_rate': 0.029363719678469298, 'decay_rate': 0.0010034320620770155, 'hidden_size': 16, 'signal_len': 16, 'cheb_order': 2, 's': 8.784212776782507, 'batch_size': 16, 'k': 4}
Trial 606 finished with value 0.155563144 | dataset=nasdaq | model=ufgtime_plus | val_MSE=0.006517261 | test_MSE=0.034067703 | MAE=0.155563144 | RMSE=0.184574384 | MAPE=16.585958739% | params={'learning_rate': 0.026193129061766664, 'decay_rate': 0.002213114005440309, 'hidden_size': 16, 'signal_len': 16, 'cheb_order': 2, 's': 8.605414702408627, 'batch_size': 16, 'k': 4}
Trial 607 finished with value 0.193882474 | dataset=nasdaq | model=ufgtime_plus | val_MSE=0.010940009 | test_MSE=0.051737892 | MAE=0.193882474 | RMSE=0.227459650 | MAPE=19.047285862% | params={'learning_rate': 0.03519757664906177, 'decay_rate': 0.022389845653480678, 'hidden_size': 16, 'signal_len': 16, 'cheb_order': 2, 's': 9.609579398671288, 'batch_size': 256, 'k': 4}
Trial 608 finished with value 0.125717052 | dataset=nasdaq | model=ufgtime_plus | val_MSE=0.005275598 | test_MSE=0.024881340 | MAE=0.125717052 | RMSE=0.157738200 | MAPE=13.345464968% | params={'learning_rate': 0.030644652530548776, 'decay_rate': 0.0008850740536314112, 'hidden_size': 32, 'signal_len': 16, 'cheb_order': 2, 's': 6.109827984958348, 'batch_size': 16, 'k': 4}
Trial 609 finished with value 0.069624995 | dataset=nasdaq | model=ufgtime_plus | val_MSE=0.002958174 | test_MSE=0.010165509 | MAE=0.069624995 | RMSE=0.100824150 | MAPE=7.182455948% | params={'learning_rate': 0.027633485007508004, 'decay_rate': 3.065855824868448e-05, 'hidden_size': 16, 'signal_len': 16, 'cheb_order': 2, 's': 9.04395022089255, 'batch_size': 16, 'k': 4}
Trial 610 finished with value 0.145594014 | dataset=nasdaq | model=ufgtime_plus | val_MSE=0.005931648 | test_MSE=0.030086819 | MAE=0.145594014 | RMSE=0.173455524 | MAPE=15.740353504% | params={'learning_rate': 0.026137444515279256, 'decay_rate': 0.001704904110318818, 'hidden_size': 16, 'signal_len': 16, 'cheb_order': 2, 's': 9.08824246773845, 'batch_size': 16, 'k': 4}
Trial 611 finished with value 0.156084979 | dataset=nasdaq | model=ufgtime_plus | val_MSE=0.006388940 | test_MSE=0.033797219 | MAE=0.156084979 | RMSE=0.183840199 | MAPE=16.730763414% | params={'learning_rate': 0.02981017641321753, 'decay_rate': 0.0026509499775930283, 'hidden_size': 16, 'signal_len': 16, 'cheb_order': 2, 's': 6.370638244021493, 'batch_size': 16, 'k': 4}
Trial 612 finished with value 0.104139497 | dataset=nasdaq | model=ufgtime_plus | val_MSE=0.005071692 | test_MSE=0.019241670 | MAE=0.104139497 | RMSE=0.138714348 | MAPE=11.217886015% | params={'learning_rate': 0.027909506045170843, 'decay_rate': 1.453899976941641e-05, 'hidden_size': 64, 'signal_len': 16, 'cheb_order': 2, 's': 4.849003683660863, 'batch_size': 16, 'k': 4}
Trial 613 finished with value 0.175408933 | dataset=nasdaq | model=ufgtime_plus | val_MSE=0.007157426 | test_MSE=0.040563767 | MAE=0.175408933 | RMSE=0.201404485 | MAPE=18.854064105% | params={'learning_rate': 0.026910006290851753, 'decay_rate': 0.02483860756876317, 'hidden_size': 16, 'signal_len': 16, 'cheb_order': 2, 's': 7.3909624716278, 'batch_size': 16, 'k': 4}
Trial 614 finished with value 0.129275173 | dataset=nasdaq | model=ufgtime_plus | val_MSE=0.005386655 | test_MSE=0.025752243 | MAE=0.129275173 | RMSE=0.160475056 | MAPE=13.838931915% | params={'learning_rate': 0.028744890617078283, 'decay_rate': 0.0009516728282999502, 'hidden_size': 16, 'signal_len': 16, 'cheb_order': 2, 's': 8.349092892852543, 'batch_size': 16, 'k': 4}
Trial 615 finished with value 0.187263795 | dataset=nasdaq | model=ufgtime_plus | val_MSE=0.008633657 | test_MSE=0.047093054 | MAE=0.187263795 | RMSE=0.217009340 | MAPE=19.389446902% | params={'learning_rate': 0.049056392770872134, 'decay_rate': 0.04938478933497305, 'hidden_size': 16, 'signal_len': 16, 'cheb_order': 2, 's': 7.771087647892575, 'batch_size': 16, 'k': 4}
Trial 616 finished with value 0.147843366 | dataset=nasdaq | model=ufgtime_plus | val_MSE=0.006071428 | test_MSE=0.031088708 | MAE=0.147843366 | RMSE=0.176319902 | MAPE=15.772796828% | params={'learning_rate': 0.03365048767643959, 'decay_rate': 0.0017086496702254925, 'hidden_size': 16, 'signal_len': 16, 'cheb_order': 2, 's': 5.491874438327802, 'batch_size': 16, 'k': 4}
Trial 617 finished with value 0.127190491 | dataset=nasdaq | model=ufgtime_plus | val_MSE=0.005256001 | test_MSE=0.024678938 | MAE=0.127190491 | RMSE=0.157095314 | MAPE=13.781197634% | params={'learning_rate': 0.02578342713926313, 'decay_rate': 0.0008545413694682482, 'hidden_size': 16, 'signal_len': 16, 'cheb_order': 2, 's': 9.172220933916371, 'batch_size': 16, 'k': 4}
Trial 618 finished with value 0.157826559 | dataset=nasdaq | model=ufgtime_plus | val_MSE=0.006517566 | test_MSE=0.034135248 | MAE=0.157826559 | RMSE=0.184757269 | MAPE=17.112695292% | params={'learning_rate': 0.03202939725919522, 'decay_rate': 0.003165073000385947, 'hidden_size': 16, 'signal_len': 16, 'cheb_order': 2, 's': 7.513113099055357, 'batch_size': 16, 'k': 4}
Trial 619 finished with value 0.134319145 | dataset=nasdaq | model=ufgtime_plus | val_MSE=0.005599628 | test_MSE=0.027600443 | MAE=0.134319145 | RMSE=0.166133810 | MAPE=14.109940845% | params={'learning_rate': 0.03015422717747529, 'decay_rate': 0.0010130506963461395, 'hidden_size': 16, 'signal_len': 16, 'cheb_order': 2, 's': 5.288610717792069, 'batch_size': 16, 'k': 4}
Trial 620 finished with value 0.068532872 | dataset=nasdaq | model=ufgtime_plus | val_MSE=0.003171082 | test_MSE=0.010341485 | MAE=0.068532872 | RMSE=0.101693093 | MAPE=7.089328000% | params={'learning_rate': 0.027002298009179877, 'decay_rate': 3.516774057138127e-05, 'hidden_size': 16, 'signal_len': 16, 'cheb_order': 2, 's': 6.585237521684408, 'batch_size': 32, 'k': 4}
Trial 621 finished with value 0.153597034 | dataset=nasdaq | model=ufgtime_plus | val_MSE=0.006232378 | test_MSE=0.032648167 | MAE=0.153597034 | RMSE=0.180688038 | MAPE=16.606674924% | params={'learning_rate': 0.028841962138889066, 'decay_rate': 0.002233024847290195, 'hidden_size': 16, 'signal_len': 16, 'cheb_order': 2, 's': 7.223306603413955, 'batch_size': 16, 'k': 4}
Trial 622 finished with value 0.147628037 | dataset=nasdaq | model=ufgtime_plus | val_MSE=0.006056137 | test_MSE=0.031389902 | MAE=0.147628037 | RMSE=0.177171957 | MAPE=15.669524705% | params={'learning_rate': 0.025781797854434036, 'decay_rate': 0.0016535196728167825, 'hidden_size': 16, 'signal_len': 16, 'cheb_order': 2, 's': 8.174927163620831, 'batch_size': 16, 'k': 4}
Trial 623 finished with value 0.165943556 | dataset=nasdaq | model=ufgtime_plus | val_MSE=0.007251609 | test_MSE=0.036299646 | MAE=0.165943556 | RMSE=0.190524661 | MAPE=18.461282304% | params={'learning_rate': 0.0306280338802297, 'decay_rate': 0.00983299568012461, 'hidden_size': 16, 'signal_len': 16, 'cheb_order': 2, 's': 9.461203452826666, 'batch_size': 16, 'k': 4}
Trial 624 finished with value 0.076622888 | dataset=nasdaq | model=ufgtime_plus | val_MSE=0.003136487 | test_MSE=0.011606561 | MAE=0.076622888 | RMSE=0.107733753 | MAPE=7.977569535% | params={'learning_rate': 0.027942366072008912, 'decay_rate': 3.6639455502320046e-05, 'hidden_size': 16, 'signal_len': 16, 'cheb_order': 2, 's': 8.770678143450294, 'batch_size': 128, 'k': 4}
Trial 625 finished with value 0.162015273 | dataset=nasdaq | model=ufgtime_plus | val_MSE=0.006741073 | test_MSE=0.035682605 | MAE=0.162015273 | RMSE=0.188898399 | MAPE=17.577239416% | params={'learning_rate': 0.027170545997254197, 'decay_rate': 0.003978123006046435, 'hidden_size': 16, 'signal_len': 16, 'cheb_order': 2, 's': 2.0972142349585847, 'batch_size': 16, 'k': 4}
Trial 626 finished with value 0.130512645 | dataset=nasdaq | model=ufgtime_plus | val_MSE=0.005403595 | test_MSE=0.025964418 | MAE=0.130512645 | RMSE=0.161134782 | MAPE=13.849294104% | params={'learning_rate': 0.025432619297859654, 'decay_rate': 0.0008262366185440941, 'hidden_size': 16, 'signal_len': 16, 'cheb_order': 2, 's': 6.455411750424275, 'batch_size': 16, 'k': 4}
Trial 627 finished with value 0.073969243 | dataset=nasdaq | model=ufgtime_plus | val_MSE=0.003072855 | test_MSE=0.010760944 | MAE=0.073969243 | RMSE=0.103734970 | MAPE=7.787776228% | params={'learning_rate': 0.029512398903528792, 'decay_rate': 2.1749737443071355e-05, 'hidden_size': 16, 'signal_len': 16, 'cheb_order': 2, 's': 6.205101973490028, 'batch_size': 16, 'k': 4}
Trial 628 finished with value 0.145963072 | dataset=nasdaq | model=ufgtime_plus | val_MSE=0.005889633 | test_MSE=0.030657767 | MAE=0.145963072 | RMSE=0.175093594 | MAPE=15.431613272% | params={'learning_rate': 0.03283975642054624, 'decay_rate': 0.0015683024877593539, 'hidden_size': 16, 'signal_len': 16, 'cheb_order': 2, 's': 7.40248485147376, 'batch_size': 16, 'k': 4}
Trial 629 finished with value 0.156022079 | dataset=nasdaq | model=ufgtime_plus | val_MSE=0.006884173 | test_MSE=0.034160885 | MAE=0.156022079 | RMSE=0.184826634 | MAPE=16.860961492% | params={'learning_rate': 0.02631615638645391, 'decay_rate': 0.0025127560937617008, 'hidden_size': 16, 'signal_len': 16, 'cheb_order': 2, 's': 8.421587256031076, 'batch_size': 256, 'k': 4}
Trial 630 finished with value 0.128669606 | dataset=nasdaq | model=ufgtime_plus | val_MSE=0.005390852 | test_MSE=0.025397685 | MAE=0.128669606 | RMSE=0.159366512 | MAPE=13.872464738% | params={'learning_rate': 0.028115345384341277, 'decay_rate': 0.0010201241401531416, 'hidden_size': 32, 'signal_len': 16, 'cheb_order': 2, 's': 6.779533702696622, 'batch_size': 16, 'k': 4}
Trial 631 finished with value 0.129197051 | dataset=nasdaq | model=ufgtime_plus | val_MSE=0.005544495 | test_MSE=0.025880484 | MAE=0.129197051 | RMSE=0.160874126 | MAPE=13.868784779% | params={'learning_rate': 0.031118178355800094, 'decay_rate': 0.0009126199309028051, 'hidden_size': 16, 'signal_len': 16, 'cheb_order': 2, 's': 9.443497155576138, 'batch_size': 16, 'k': 4}
Trial 632 finished with value 0.147086192 | dataset=nasdaq | model=ufgtime_plus | val_MSE=0.006417853 | test_MSE=0.030123689 | MAE=0.147086192 | RMSE=0.173561772 | MAPE=16.304819187% | params={'learning_rate': 0.025191781236107328, 'decay_rate': 0.0018971655962153962, 'hidden_size': 16, 'signal_len': 16, 'cheb_order': 2, 's': 7.6624779975670565, 'batch_size': 16, 'k': 4}
Trial 633 finished with value 0.124726280 | dataset=nasdaq | model=ufgtime_plus | val_MSE=0.005312002 | test_MSE=0.024219008 | MAE=0.124726280 | RMSE=0.155624574 | MAPE=13.442598304% | params={'learning_rate': 0.027042872909225545, 'decay_rate': 0.0008722256388486638, 'hidden_size': 16, 'signal_len': 16, 'cheb_order': 2, 's': 7.186607318929089, 'batch_size': 16, 'k': 4}
Trial 634 finished with value 0.155076344 | dataset=nasdaq | model=ufgtime_plus | val_MSE=0.006478136 | test_MSE=0.033169050 | MAE=0.155076344 | RMSE=0.182123722 | MAPE=16.890505676% | params={'learning_rate': 0.02854888551153608, 'decay_rate': 0.0027626719304555077, 'hidden_size': 16, 'signal_len': 16, 'cheb_order': 2, 's': 6.8803500908340745, 'batch_size': 16, 'k': 4}
Trial 635 finished with value 0.128886792 | dataset=nasdaq | model=ufgtime_plus | val_MSE=0.005441431 | test_MSE=0.025841536 | MAE=0.128886792 | RMSE=0.160753029 | MAPE=13.743738460% | params={'learning_rate': 0.026338007309457664, 'decay_rate': 0.0008904394958768871, 'hidden_size': 16, 'signal_len': 16, 'cheb_order': 2, 's': 6.6579041062749, 'batch_size': 64, 'k': 4}
Trial 636 finished with value 0.145871613 | dataset=nasdaq | model=ufgtime_plus | val_MSE=0.006337679 | test_MSE=0.029988207 | MAE=0.145871613 | RMSE=0.173171034 | MAPE=16.094444190% | params={'learning_rate': 0.02955579078825919, 'decay_rate': 0.0017679361656414297, 'hidden_size': 64, 'signal_len': 16, 'cheb_order': 2, 's': 7.3366226857815775, 'batch_size': 16, 'k': 4}
Trial 637 finished with value 0.075766418 | dataset=nasdaq | model=ufgtime_plus | val_MSE=0.003322634 | test_MSE=0.012063702 | MAE=0.075766418 | RMSE=0.109834885 | MAPE=7.811889737% | params={'learning_rate': 0.02763765405022967, 'decay_rate': 6.0559467459539164e-05, 'hidden_size': 16, 'signal_len': 16, 'cheb_order': 2, 's': 7.864104695954611, 'batch_size': 16, 'k': 4}
Trial 638 finished with value 0.071633137 | dataset=nasdaq | model=ufgtime_plus | val_MSE=0.003230246 | test_MSE=0.011097962 | MAE=0.071633137 | RMSE=0.105346867 | MAPE=7.143282627% | params={'learning_rate': 0.02515984645020848, 'decay_rate': 1.6262562765756465e-05, 'hidden_size': 16, 'signal_len': 16, 'cheb_order': 2, 's': 8.580534885938661, 'batch_size': 16, 'k': 3}
Trial 639 finished with value 0.148522441 | dataset=nasdaq | model=ufgtime_plus | val_MSE=0.006057662 | test_MSE=0.031672310 | MAE=0.148522441 | RMSE=0.177967159 | MAPE=15.653264871% | params={'learning_rate': 0.031942110619018374, 'decay_rate': 0.0016791583452845143, 'hidden_size': 16, 'signal_len': 16, 'cheb_order': 2, 's': 8.259194960019872, 'batch_size': 16, 'k': 4}
Trial 640 finished with value 0.177914964 | dataset=nasdaq | model=ufgtime_plus | val_MSE=0.007398278 | test_MSE=0.041865015 | MAE=0.177914964 | RMSE=0.204609421 | MAPE=18.650026280% | params={'learning_rate': 0.028823046303539913, 'decay_rate': 0.02967332052848425, 'hidden_size': 16, 'signal_len': 16, 'cheb_order': 2, 's': 7.101224325264046, 'batch_size': 16, 'k': 4}
Trial 641 finished with value 0.162540304 | dataset=nasdaq | model=ufgtime_plus | val_MSE=0.006889470 | test_MSE=0.036292006 | MAE=0.162540304 | RMSE=0.190504608 | MAPE=17.508072057% | params={'learning_rate': 0.026359005979312535, 'decay_rate': 0.004443578115867086, 'hidden_size': 16, 'signal_len': 16, 'cheb_order': 2, 's': 7.494789029093889, 'batch_size': 64, 'k': 4}
Trial 642 finished with value 0.155948887 | dataset=nasdaq | model=ufgtime_plus | val_MSE=0.006607215 | test_MSE=0.033749552 | MAE=0.155948887 | RMSE=0.183710511 | MAPE=16.960050732% | params={'learning_rate': 0.030488990343427284, 'decay_rate': 0.0029695388163529547, 'hidden_size': 16, 'signal_len': 16, 'cheb_order': 2, 's': 6.369011803802527, 'batch_size': 16, 'k': 4}
Trial 643 finished with value 0.127898987 | dataset=nasdaq | model=ufgtime_plus | val_MSE=0.005474327 | test_MSE=0.025085234 | MAE=0.127898987 | RMSE=0.158383188 | MAPE=13.889981299% | params={'learning_rate': 0.02751618571423548, 'decay_rate': 0.0009215795850825013, 'hidden_size': 16, 'signal_len': 16, 'cheb_order': 2, 's': 8.084150493013492, 'batch_size': 16, 'k': 4}
Trial 644 finished with value 0.101658737 | dataset=nasdaq | model=ufgtime_plus | val_MSE=0.003445639 | test_MSE=0.019145391 | MAE=0.101658737 | RMSE=0.138366872 | MAPE=9.565590457% | params={'learning_rate': 0.0032926957837091687, 'decay_rate': 4.297565261291832e-05, 'hidden_size': 16, 'signal_len': 16, 'cheb_order': 2, 's': 5.99523159898247, 'batch_size': 16, 'k': 4}
Trial 645 finished with value 0.150643390 | dataset=nasdaq | model=ufgtime_plus | val_MSE=0.006262095 | test_MSE=0.032692206 | MAE=0.150643390 | RMSE=0.180809861 | MAPE=15.738830676% | params={'learning_rate': 0.02556244203414682, 'decay_rate': 0.0017182479496165826, 'hidden_size': 16, 'signal_len': 16, 'cheb_order': 2, 's': 7.6603857768104975, 'batch_size': 32, 'k': 4}
Trial 646 finished with value 0.129212877 | dataset=nasdaq | model=ufgtime_plus | val_MSE=0.005369983 | test_MSE=0.025728605 | MAE=0.129212877 | RMSE=0.160401388 | MAPE=13.760703784% | params={'learning_rate': 0.023380657538759404, 'decay_rate': 0.0009305638493880207, 'hidden_size': 16, 'signal_len': 16, 'cheb_order': 2, 's': 6.949245221394721, 'batch_size': 16, 'k': 4}
Trial 647 finished with value 0.181460702 | dataset=nasdaq | model=ufgtime_plus | val_MSE=0.007474434 | test_MSE=0.043368572 | MAE=0.181460702 | RMSE=0.208251224 | MAPE=18.847937298% | params={'learning_rate': 0.029523559766672328, 'decay_rate': 0.027243942651851864, 'hidden_size': 16, 'signal_len': 16, 'cheb_order': 2, 's': 6.508204768396996, 'batch_size': 16, 'k': 4}
Trial 648 finished with value 0.157394617 | dataset=nasdaq | model=ufgtime_plus | val_MSE=0.006427469 | test_MSE=0.034481751 | MAE=0.157394617 | RMSE=0.185692624 | MAPE=16.766534412% | params={'learning_rate': 0.021796465485278887, 'decay_rate': 0.002538419366137411, 'hidden_size': 16, 'signal_len': 16, 'cheb_order': 2, 's': 9.1973966330902, 'batch_size': 16, 'k': 4}
