Trial 649 finished with value 0.128445537 | dataset=nasdaq | model=ufgtime_plus | val_MSE=0.005369377 | test_MSE=0.025617679 | MAE=0.128445537 | RMSE=0.160055238 | MAPE=13.788375707% | params={'learning_rate': 0.02674340122288893, 'decay_rate': 0.0008385579401984775, 'hidden_size': 16, 'signal_len': 16, 'cheb_order': 2, 's': 9.818319010891774, 'batch_size': 64, 'k': 4}
Trial 650 finished with value 0.075257902 | dataset=nasdaq | model=ufgtime_plus | val_MSE=0.003238913 | test_MSE=0.011957199 | MAE=0.075257902 | RMSE=0.109348976 | MAPE=7.819056418% | params={'learning_rate': 0.03131947723066822, 'decay_rate': 1.2640959462840025e-05, 'hidden_size': 16, 'signal_len': 16, 'cheb_order': 2, 's': 6.754377215559424, 'batch_size': 128, 'k': 4}
Trial 651 finished with value 0.145420712 | dataset=nasdaq | model=ufgtime_plus | val_MSE=0.005938742 | test_MSE=0.030388946 | MAE=0.145420712 | RMSE=0.174324256 | MAPE=15.394197040% | params={'learning_rate': 0.007684687335553959, 'decay_rate': 0.0015870533858682592, 'hidden_size': 16, 'signal_len': 16, 'cheb_order': 2, 's': 7.171801995131246, 'batch_size': 16, 'k': 4}
Trial 652 finished with value 0.158566098 | dataset=nasdaq | model=ufgtime_plus | val_MSE=0.006563048 | test_MSE=0.034479216 | MAE=0.158566098 | RMSE=0.185685798 | MAPE=17.132142067% | params={'learning_rate': 0.028441924271558436, 'decay_rate': 0.0033342254458429395, 'hidden_size': 16, 'signal_len': 16, 'cheb_order': 2, 's': 8.853293847920497, 'batch_size': 16, 'k': 4}
Trial 653 finished with value 0.127363353 | dataset=nasdaq | model=ufgtime_plus | val_MSE=0.005319325 | test_MSE=0.025008769 | MAE=0.127363353 | RMSE=0.158141610 | MAPE=13.521637662% | params={'learning_rate': 0.02559178608795042, 'decay_rate': 0.000891412130212514, 'hidden_size': 16, 'signal_len': 16, 'cheb_order': 2, 's': 7.372619093765393, 'batch_size': 16, 'k': 4}
Trial 654 finished with value 0.103261082 | dataset=nasdaq | model=ufgtime_plus | val_MSE=0.005234957 | test_MSE=0.019439830 | MAE=0.103261082 | RMSE=0.139426791 | MAPE=11.033943908% | params={'learning_rate': 0.0274595423938547, 'decay_rate': 5.7540449039134064e-05, 'hidden_size': 32, 'signal_len': 16, 'cheb_order': 2, 's': 7.036692386813355, 'batch_size': 16, 'k': 4}
Trial 655 finished with value 0.075348277 | dataset=nasdaq | model=ufgtime_plus | val_MSE=0.003392203 | test_MSE=0.012477596 | MAE=0.075348277 | RMSE=0.111703160 | MAPE=7.640788338% | params={'learning_rate': 0.030462912718365338, 'decay_rate': 2.2538786858018724e-05, 'hidden_size': 16, 'signal_len': 16, 'cheb_order': 2, 's': 7.810107670170929, 'batch_size': 256, 'k': 4}
Trial 656 finished with value 0.146361808 | dataset=nasdaq | model=ufgtime_plus | val_MSE=0.006092538 | test_MSE=0.030214180 | MAE=0.146361808 | RMSE=0.173822264 | MAPE=15.792779242% | params={'learning_rate': 0.02521623362838992, 'decay_rate': 0.0018217006602619192, 'hidden_size': 64, 'signal_len': 16, 'cheb_order': 2, 's': 8.411558248565107, 'batch_size': 16, 'k': 4}
Trial 657 finished with value 0.155265064 | dataset=nasdaq | model=ufgtime_plus | val_MSE=0.006610713 | test_MSE=0.033700372 | MAE=0.155265064 | RMSE=0.183576612 | MAPE=16.755030763% | params={'learning_rate': 0.02914482295993043, 'decay_rate': 0.002305886628871989, 'hidden_size': 16, 'signal_len': 16, 'cheb_order': 2, 's': 6.625570822389226, 'batch_size': 64, 'k': 4}
Trial 658 finished with value 0.134713170 | dataset=nasdaq | model=ufgtime_plus | val_MSE=0.005415239 | test_MSE=0.027134998 | MAE=0.134713170 | RMSE=0.164727041 | MAPE=14.248943181% | params={'learning_rate': 0.02430568173731245, 'decay_rate': 0.001029836949385162, 'hidden_size': 16, 'signal_len': 16, 'cheb_order': 2, 's': 7.535349480099568, 'batch_size': 16, 'k': 4}
Trial 659 finished with value 0.073800070 | dataset=nasdaq | model=ufgtime_plus | val_MSE=0.003125562 | test_MSE=0.010934574 | MAE=0.073800070 | RMSE=0.104568514 | MAPE=7.599592047% | params={'learning_rate': 0.026714965250109322, 'decay_rate': 1.0541287495274631e-05, 'hidden_size': 16, 'signal_len': 16, 'cheb_order': 2, 's': 8.124994812225571, 'batch_size': 16, 'k': 4}
Trial 660 finished with value 0.142024141 | dataset=nasdaq | model=ufgtime_plus | val_MSE=0.005841116 | test_MSE=0.029095627 | MAE=0.142024141 | RMSE=0.170574404 | MAPE=15.318898706% | params={'learning_rate': 0.027949939017786776, 'decay_rate': 0.0015792251149490664, 'hidden_size': 16, 'signal_len': 16, 'cheb_order': 2, 's': 8.670331707698395, 'batch_size': 16, 'k': 4}
Trial 661 finished with value 0.069206487 | dataset=nasdaq | model=ufgtime_plus | val_MSE=0.003211293 | test_MSE=0.009951521 | MAE=0.069206487 | RMSE=0.099757308 | MAPE=7.176485852% | params={'learning_rate': 0.03306648978476489, 'decay_rate': 2.2498813663032926e-05, 'hidden_size': 16, 'signal_len': 16, 'cheb_order': 2, 's': 6.24451545058123, 'batch_size': 16, 'k': 4}
Trial 662 finished with value 0.156706258 | dataset=nasdaq | model=ufgtime_plus | val_MSE=0.006398789 | test_MSE=0.034218296 | MAE=0.156706258 | RMSE=0.184981880 | MAPE=16.684798330% | params={'learning_rate': 0.02350765217209513, 'decay_rate': 0.0025155806306193804, 'hidden_size': 16, 'signal_len': 16, 'cheb_order': 2, 's': 6.8262844911323395, 'batch_size': 16, 'k': 4}
Trial 663 finished with value 0.131495960 | dataset=nasdaq | model=ufgtime_plus | val_MSE=0.005457048 | test_MSE=0.026471734 | MAE=0.131495960 | RMSE=0.162701365 | MAPE=13.967277186% | params={'learning_rate': 0.026250360159793495, 'decay_rate': 0.0010945470012508156, 'hidden_size': 16, 'signal_len': 16, 'cheb_order': 2, 's': 7.298355059685749, 'batch_size': 16, 'k': 4}
Trial 664 finished with value 0.132102940 | dataset=nasdaq | model=ufgtime_plus | val_MSE=0.005525539 | test_MSE=0.026656603 | MAE=0.132102940 | RMSE=0.163268501 | MAPE=14.114373015% | params={'learning_rate': 0.028752021266863118, 'decay_rate': 0.0009095811380693071, 'hidden_size': 16, 'signal_len': 16, 'cheb_order': 2, 's': 6.490955384280871, 'batch_size': 64, 'k': 4}
Trial 665 finished with value 0.147885437 | dataset=nasdaq | model=ufgtime_plus | val_MSE=0.006072699 | test_MSE=0.030781333 | MAE=0.147885437 | RMSE=0.175446097 | MAPE=15.994518411% | params={'learning_rate': 0.02249958994602735, 'decay_rate': 0.001813119433945897, 'hidden_size': 16, 'signal_len': 16, 'cheb_order': 2, 's': 8.336533710280513, 'batch_size': 16, 'k': 4}
Trial 666 finished with value 0.159943329 | dataset=nasdaq | model=ufgtime_plus | val_MSE=0.006451020 | test_MSE=0.034901060 | MAE=0.159943329 | RMSE=0.186818253 | MAPE=17.151346811% | params={'learning_rate': 0.025236291938346585, 'decay_rate': 0.0031875231431567905, 'hidden_size': 16, 'signal_len': 16, 'cheb_order': 2, 's': 7.954065679955504, 'batch_size': 16, 'k': 4}
Trial 667 finished with value 0.171116869 | dataset=nasdaq | model=ufgtime_plus | val_MSE=0.006831004 | test_MSE=0.038616146 | MAE=0.171116869 | RMSE=0.196509912 | MAPE=18.478260445% | params={'learning_rate': 0.030137693890769212, 'decay_rate': 0.013222801851110863, 'hidden_size': 16, 'signal_len': 16, 'cheb_order': 2, 's': 7.090938362271126, 'batch_size': 16, 'k': 4}
Trial 668 finished with value 0.130160984 | dataset=nasdaq | model=ufgtime_plus | val_MSE=0.005397458 | test_MSE=0.026343518 | MAE=0.130160984 | RMSE=0.162306865 | MAPE=13.584930984% | params={'learning_rate': 0.027481311667330817, 'decay_rate': 0.0009542172682367956, 'hidden_size': 16, 'signal_len': 16, 'cheb_order': 2, 's': 7.6457675680073125, 'batch_size': 16, 'k': 4}
Trial 669 finished with value 0.075612911 | dataset=nasdaq | model=ufgtime_plus | val_MSE=0.003163627 | test_MSE=0.011932107 | MAE=0.075612911 | RMSE=0.109234183 | MAPE=7.546735354% | params={'learning_rate': 0.02416017739972408, 'decay_rate': 1.3431808690684756e-05, 'hidden_size': 16, 'signal_len': 16, 'cheb_order': 2, 's': 6.876440081516095, 'batch_size': 16, 'k': 4}
Trial 670 finished with value 0.147102107 | dataset=nasdaq | model=ufgtime_plus | val_MSE=0.006078460 | test_MSE=0.030751596 | MAE=0.147102107 | RMSE=0.175361330 | MAPE=15.907178277% | params={'learning_rate': 0.03213064536972306, 'decay_rate': 0.0017851720099195713, 'hidden_size': 16, 'signal_len': 16, 'cheb_order': 2, 's': 6.655586457128455, 'batch_size': 32, 'k': 4}
Trial 671 finished with value 0.139947407 | dataset=nasdaq | model=ufgtime_plus | val_MSE=0.005872891 | test_MSE=0.029386076 | MAE=0.139947407 | RMSE=0.171423675 | MAPE=14.702338586% | params={'learning_rate': 0.026296386635531625, 'decay_rate': 0.0011759245926087904, 'hidden_size': 16, 'signal_len': 16, 'cheb_order': 2, 's': 7.267802420035355, 'batch_size': 64, 'k': 4}
Trial 672 finished with value 0.156138367 | dataset=nasdaq | model=ufgtime_plus | val_MSE=0.006339301 | test_MSE=0.033824607 | MAE=0.156138367 | RMSE=0.183914673 | MAPE=16.735788789% | params={'learning_rate': 0.020700013006033705, 'decay_rate': 0.002512128649720444, 'hidden_size': 16, 'signal_len': 16, 'cheb_order': 3, 's': 9.668883989089476, 'batch_size': 16, 'k': 4}
Trial 673 finished with value 0.186225257 | dataset=nasdaq | model=ufgtime_plus | val_MSE=0.008054100 | test_MSE=0.045674425 | MAE=0.186225257 | RMSE=0.213715756 | MAPE=19.065577835% | params={'learning_rate': 0.02827004170884556, 'decay_rate': 0.03534300167579563, 'hidden_size': 16, 'signal_len': 16, 'cheb_order': 2, 's': 8.570116477439367, 'batch_size': 16, 'k': 4}
Trial 674 finished with value 0.123808223 | dataset=nasdaq | model=ufgtime_plus | val_MSE=0.005242668 | test_MSE=0.024185415 | MAE=0.123808223 | RMSE=0.155516607 | MAPE=13.289784266% | params={'learning_rate': 0.029639803269621057, 'decay_rate': 0.0008202875624705565, 'hidden_size': 32, 'signal_len': 16, 'cheb_order': 2, 's': 7.79912308932831, 'batch_size': 16, 'k': 4}
Trial 675 finished with value 0.072329584 | dataset=nasdaq | model=ufgtime_plus | val_MSE=0.003264985 | test_MSE=0.011138272 | MAE=0.072329584 | RMSE=0.105538013 | MAPE=7.462795028% | params={'learning_rate': 0.02708515112736619, 'decay_rate': 1.5179012642048112e-05, 'hidden_size': 16, 'signal_len': 16, 'cheb_order': 2, 's': 7.458284338911051, 'batch_size': 128, 'k': 4}
Trial 676 finished with value 0.123252751 | dataset=nasdaq | model=ufgtime_plus | val_MSE=0.005404566 | test_MSE=0.024096096 | MAE=0.123252751 | RMSE=0.155229172 | MAPE=13.316625073% | params={'learning_rate': 0.025438987791034613, 'decay_rate': 0.0009024426877360638, 'hidden_size': 16, 'signal_len': 16, 'cheb_order': 2, 's': 6.990429554598, 'batch_size': 16, 'k': 4}
Trial 677 finished with value 0.153329906 | dataset=nasdaq | model=ufgtime_plus | val_MSE=0.006330549 | test_MSE=0.033387513 | MAE=0.153329906 | RMSE=0.182722503 | MAPE=16.130353703% | params={'learning_rate': 0.031166680990539635, 'decay_rate': 0.0020629496428671203, 'hidden_size': 16, 'signal_len': 16, 'cheb_order': 2, 's': 6.441323398068581, 'batch_size': 16, 'k': 4}
Trial 678 finished with value 0.158442272 | dataset=nasdaq | model=ufgtime_plus | val_MSE=0.006774301 | test_MSE=0.034282884 | MAE=0.158442272 | RMSE=0.185156378 | MAPE=17.335059922% | params={'learning_rate': 0.0250088863278805, 'decay_rate': 0.00401217618785954, 'hidden_size': 64, 'signal_len': 16, 'cheb_order': 2, 's': 4.286146048731311, 'batch_size': 16, 'k': 4}
Trial 679 finished with value 0.131316033 | dataset=nasdaq | model=ufgtime_plus | val_MSE=0.005522659 | test_MSE=0.026744537 | MAE=0.131316033 | RMSE=0.163537569 | MAPE=13.850257865% | params={'learning_rate': 0.02336173211304884, 'decay_rate': 0.0008913374522172678, 'hidden_size': 16, 'signal_len': 16, 'cheb_order': 2, 's': 5.841286274260581, 'batch_size': 64, 'k': 4}
Trial 680 finished with value 0.145222017 | dataset=nasdaq | model=ufgtime_plus | val_MSE=0.005985616 | test_MSE=0.029780424 | MAE=0.145222017 | RMSE=0.172570056 | MAPE=15.837879429% | params={'learning_rate': 0.028011626887306202, 'decay_rate': 0.0017536523844347714, 'hidden_size': 16, 'signal_len': 16, 'cheb_order': 2, 's': 8.232544271212412, 'batch_size': 16, 'k': 4}
Trial 681 finished with value 0.133708495 | dataset=nasdaq | model=ufgtime_plus | val_MSE=0.005586863 | test_MSE=0.027055664 | MAE=0.133708495 | RMSE=0.164486060 | MAPE=14.037990790% | params={'learning_rate': 0.026293149371133875, 'decay_rate': 0.0008793444752264236, 'hidden_size': 16, 'signal_len': 16, 'cheb_order': 2, 's': 9.440811739291725, 'batch_size': 16, 'k': 4}
Trial 682 finished with value 0.063960098 | dataset=nasdaq | model=ufgtime_plus | val_MSE=0.002852692 | test_MSE=0.009081147 | MAE=0.063960098 | RMSE=0.095295053 | MAPE=6.903137938% | params={'learning_rate': 0.02902569461829177, 'decay_rate': 1.6155116666823433e-05, 'hidden_size': 16, 'signal_len': 16, 'cheb_order': 2, 's': 7.164565446894057, 'batch_size': 16, 'k': 4}
Trial 683 finished with value 0.161259430 | dataset=nasdaq | model=ufgtime_plus | val_MSE=0.006657506 | test_MSE=0.035688716 | MAE=0.161259430 | RMSE=0.188914574 | MAPE=17.191777553% | params={'learning_rate': 0.03020202707144291, 'decay_rate': 0.003207889515602739, 'hidden_size': 16, 'signal_len': 16, 'cheb_order': 2, 's': 7.257346307840825, 'batch_size': 16, 'k': 4}
Trial 684 finished with value 0.157648304 | dataset=nasdaq | model=ufgtime_plus | val_MSE=0.006396103 | test_MSE=0.034639307 | MAE=0.157648304 | RMSE=0.186116380 | MAPE=16.692858490% | params={'learning_rate': 0.030044868376012366, 'decay_rate': 0.0022729173289800482, 'hidden_size': 16, 'signal_len': 16, 'cheb_order': 2, 's': 7.121626599011997, 'batch_size': 16, 'k': 4}
Trial 685 finished with value 0.073253160 | dataset=nasdaq | model=ufgtime_plus | val_MSE=0.003344966 | test_MSE=0.011278792 | MAE=0.073253160 | RMSE=0.106201658 | MAPE=7.742478130% | params={'learning_rate': 0.02898369266641387, 'decay_rate': 3.170445606351861e-05, 'hidden_size': 16, 'signal_len': 16, 'cheb_order': 2, 's': 6.9075390430073345, 'batch_size': 256, 'k': 4}
Trial 686 finished with value 0.129991263 | dataset=nasdaq | model=ufgtime_plus | val_MSE=0.005524593 | test_MSE=0.025966731 | MAE=0.129991263 | RMSE=0.161141958 | MAPE=13.975101156% | params={'learning_rate': 0.029472030727643993, 'decay_rate': 0.0009344032434150126, 'hidden_size': 16, 'signal_len': 16, 'cheb_order': 2, 's': 7.509120451398587, 'batch_size': 64, 'k': 4}
Trial 687 finished with value 0.144132014 | dataset=nasdaq | model=ufgtime_plus | val_MSE=0.005996076 | test_MSE=0.029565416 | MAE=0.144132014 | RMSE=0.171945969 | MAPE=15.650097472% | params={'learning_rate': 0.03154741627835447, 'decay_rate': 0.0017018705666821902, 'hidden_size': 16, 'signal_len': 16, 'cheb_order': 2, 's': 7.336911409359541, 'batch_size': 16, 'k': 4}
Trial 688 finished with value 0.126404350 | dataset=nasdaq | model=ufgtime_plus | val_MSE=0.005392219 | test_MSE=0.024898064 | MAE=0.126404350 | RMSE=0.157791203 | MAPE=13.627696290% | params={'learning_rate': 0.03091050927946439, 'decay_rate': 0.0008839075901956648, 'hidden_size': 16, 'signal_len': 16, 'cheb_order': 2, 's': 7.081149913399773, 'batch_size': 16, 'k': 4}
Trial 689 finished with value 0.145666820 | dataset=nasdaq | model=ufgtime_plus | val_MSE=0.006087914 | test_MSE=0.030353728 | MAE=0.145666820 | RMSE=0.174223213 | MAPE=15.684887574% | params={'learning_rate': 0.028836198801453265, 'decay_rate': 0.0016306596238117514, 'hidden_size': 16, 'signal_len': 16, 'cheb_order': 2, 's': 6.714863398041825, 'batch_size': 16, 'k': 4}
Trial 690 finished with value 0.153980806 | dataset=nasdaq | model=ufgtime_plus | val_MSE=0.006567538 | test_MSE=0.032453118 | MAE=0.153980806 | RMSE=0.180147491 | MAPE=16.973026012% | params={'learning_rate': 0.028079140290086912, 'decay_rate': 0.002625640809891328, 'hidden_size': 16, 'signal_len': 16, 'cheb_order': 3, 's': 7.213625827923358, 'batch_size': 16, 'k': 4}
Trial 691 finished with value 0.125469645 | dataset=nasdaq | model=ufgtime_plus | val_MSE=0.005291776 | test_MSE=0.024535341 | MAE=0.125469645 | RMSE=0.156637609 | MAPE=13.510011887% | params={'learning_rate': 0.02953034407334633, 'decay_rate': 0.0009188734174186973, 'hidden_size': 16, 'signal_len': 16, 'cheb_order': 2, 's': 6.9048072000711285, 'batch_size': 16, 'k': 3}
Trial 692 finished with value 0.062419752 | dataset=nasdaq | model=ufgtime_plus | val_MSE=0.003290500 | test_MSE=0.008830481 | MAE=0.062419752 | RMSE=0.093970638 | MAPE=6.760499248% | params={'learning_rate': 0.03748408521728351, 'decay_rate': 1.1617828031431543e-05, 'hidden_size': 16, 'signal_len': 16, 'cheb_order': 2, 's': 7.601481918659992, 'batch_size': 16, 'k': 4}
Trial 693 finished with value 0.079213817 | dataset=nasdaq | model=ufgtime_plus | val_MSE=0.003209501 | test_MSE=0.012157356 | MAE=0.079213817 | RMSE=0.110260401 | MAPE=8.769295895% | params={'learning_rate': 0.042474129117417804, 'decay_rate': 5.855817330015712e-05, 'hidden_size': 16, 'signal_len': 16, 'cheb_order': 2, 's': 7.551963179009457, 'batch_size': 16, 'k': 4}
Trial 694 finished with value 0.128887120 | dataset=nasdaq | model=ufgtime_plus | val_MSE=0.005308441 | test_MSE=0.025682690 | MAE=0.128887120 | RMSE=0.160258197 | MAPE=13.689710724% | params={'learning_rate': 0.03897929947101699, 'decay_rate': 0.0009068596822989771, 'hidden_size': 16, 'signal_len': 16, 'cheb_order': 2, 's': 7.626851026269576, 'batch_size': 16, 'k': 4}
Trial 695 finished with value 0.160832514 | dataset=nasdaq | model=ufgtime_plus | val_MSE=0.006690083 | test_MSE=0.035751090 | MAE=0.160832514 | RMSE=0.189079586 | MAPE=17.168197759% | params={'learning_rate': 0.036639482508972684, 'decay_rate': 0.003544689830768895, 'hidden_size': 16, 'signal_len': 16, 'cheb_order': 2, 's': 7.775049614450658, 'batch_size': 16, 'k': 4}
Trial 696 finished with value 0.102496926 | dataset=nasdaq | model=ufgtime_plus | val_MSE=0.004987872 | test_MSE=0.018614201 | MAE=0.102496926 | RMSE=0.136433871 | MAPE=11.074731655% | params={'learning_rate': 0.03636059275836136, 'decay_rate': 5.461952640335263e-05, 'hidden_size': 32, 'signal_len': 16, 'cheb_order': 2, 's': 8.00251245780682, 'batch_size': 16, 'k': 4}
Trial 697 finished with value 0.066006126 | dataset=nasdaq | model=ufgtime_plus | val_MSE=0.003136081 | test_MSE=0.010020253 | MAE=0.066006126 | RMSE=0.100101212 | MAPE=7.015063633% | params={'learning_rate': 0.028559054563620512, 'decay_rate': 3.1174185610490096e-05, 'hidden_size': 16, 'signal_len': 16, 'cheb_order': 2, 's': 7.683084954608526, 'batch_size': 16, 'k': 4}
Trial 698 finished with value 0.142588378 | dataset=nasdaq | model=ufgtime_plus | val_MSE=0.006585982 | test_MSE=0.028733598 | MAE=0.142588378 | RMSE=0.169509877 | MAPE=15.943629067% | params={'learning_rate': 0.03850248774998249, 'decay_rate': 0.0017352513923190916, 'hidden_size': 16, 'signal_len': 16, 'cheb_order': 2, 's': 3.888238416111271, 'batch_size': 16, 'k': 4}
Trial 699 finished with value 0.153889939 | dataset=nasdaq | model=ufgtime_plus | val_MSE=0.006322101 | test_MSE=0.032740970 | MAE=0.153889939 | RMSE=0.180944661 | MAPE=16.600459663% | params={'learning_rate': 0.04498203927428107, 'decay_rate': 0.0024533558269875795, 'hidden_size': 16, 'signal_len': 16, 'cheb_order': 2, 's': 7.35696723269474, 'batch_size': 16, 'k': 4}
Trial 700 finished with value 0.142515520 | dataset=nasdaq | model=ufgtime_plus | val_MSE=0.005865491 | test_MSE=0.029184665 | MAE=0.142515520 | RMSE=0.170835199 | MAPE=15.448581428% | params={'learning_rate': 0.027551470577668623, 'decay_rate': 0.0015543483287932714, 'hidden_size': 16, 'signal_len': 16, 'cheb_order': 2, 's': 7.461142856437943, 'batch_size': 16, 'k': 4}
Trial 701 finished with value 0.073135497 | dataset=nasdaq | model=ufgtime_plus | val_MSE=0.003142710 | test_MSE=0.010918576 | MAE=0.073135497 | RMSE=0.104491988 | MAPE=7.443459351% | params={'learning_rate': 0.04395459274951273, 'decay_rate': 3.6635942461071415e-05, 'hidden_size': 16, 'signal_len': 16, 'cheb_order': 2, 's': 7.369477926217564, 'batch_size': 16, 'k': 4}
Trial 702 finished with value 0.130672738 | dataset=nasdaq | model=ufgtime_plus | val_MSE=0.005602149 | test_MSE=0.026576500 | MAE=0.130672738 | RMSE=0.163023005 | MAPE=13.907052270% | params={'learning_rate': 0.037229339150110806, 'decay_rate': 0.000990457464927995, 'hidden_size': 64, 'signal_len': 16, 'cheb_order': 2, 's': 7.778694305809652, 'batch_size': 16, 'k': 4}
Trial 703 finished with value 0.157571167 | dataset=nasdaq | model=ufgtime_plus | val_MSE=0.006424858 | test_MSE=0.034564178 | MAE=0.157571167 | RMSE=0.185914438 | MAPE=16.740534390% | params={'learning_rate': 0.03374614439676763, 'decay_rate': 0.0024296683883208055, 'hidden_size': 16, 'signal_len': 16, 'cheb_order': 2, 's': 7.954011669269478, 'batch_size': 16, 'k': 4}
Trial 704 finished with value 0.172271779 | dataset=nasdaq | model=ufgtime_plus | val_MSE=0.006943168 | test_MSE=0.038788755 | MAE=0.172271779 | RMSE=0.196948609 | MAPE=18.606659901% | params={'learning_rate': 0.0396122125362878, 'decay_rate': 0.016982115483510196, 'hidden_size': 16, 'signal_len': 16, 'cheb_order': 2, 's': 7.173444269825396, 'batch_size': 16, 'k': 4}
Trial 705 finished with value 0.078361114 | dataset=nasdaq | model=ufgtime_plus | val_MSE=0.003134941 | test_MSE=0.011706338 | MAE=0.078361114 | RMSE=0.108195830 | MAPE=8.495966406% | params={'learning_rate': 0.03511137428069827, 'decay_rate': 2.293912909467065e-05, 'hidden_size': 16, 'signal_len': 16, 'cheb_order': 2, 's': 7.613979300170046, 'batch_size': 16, 'k': 4}
Trial 706 finished with value 0.165291735 | dataset=nasdaq | model=ufgtime_plus | val_MSE=0.006934245 | test_MSE=0.037441450 | MAE=0.165291735 | RMSE=0.193497934 | MAPE=17.637543916% | params={'learning_rate': 0.0432736245981833, 'decay_rate': 0.004848989222985936, 'hidden_size': 16, 'signal_len': 16, 'cheb_order': 2, 's': 7.407385998961588, 'batch_size': 16, 'k': 4}
Trial 707 finished with value 0.129463094 | dataset=nasdaq | model=ufgtime_plus | val_MSE=0.005420696 | test_MSE=0.026037622 | MAE=0.129463094 | RMSE=0.161361772 | MAPE=13.783839754% | params={'learning_rate': 0.02901724102929624, 'decay_rate': 0.0009657050122342486, 'hidden_size': 16, 'signal_len': 16, 'cheb_order': 2, 's': 7.86272606062315, 'batch_size': 16, 'k': 4}
