Trial 885 finished with value 0.130301204 | dataset=nasdaq | model=ufgtime_plus | val_MSE=0.005433345 | test_MSE=0.026203194 | MAE=0.130301204 | RMSE=0.161874008 | MAPE=13.848209487% | params={'learning_rate': 0.03255938102729134, 'decay_rate': 0.0008900638486664151, 'hidden_size': 16, 'signal_len': 16, 'cheb_order': 2, 's': 8.022543052890233, 'batch_size': 16, 'k': 4}
Trial 886 finished with value 0.079359205 | dataset=nasdaq | model=ufgtime_plus | val_MSE=0.003248070 | test_MSE=0.012453455 | MAE=0.079359205 | RMSE=0.111595049 | MAPE=8.369232561% | params={'learning_rate': 0.028871400703260747, 'decay_rate': 3.2551688162243275e-05, 'hidden_size': 16, 'signal_len': 16, 'cheb_order': 3, 's': 7.778835766025613, 'batch_size': 16, 'k': 4}
Trial 887 finished with value 0.155206615 | dataset=nasdaq | model=ufgtime_plus | val_MSE=0.006567688 | test_MSE=0.033412177 | MAE=0.155206615 | RMSE=0.182789981 | MAPE=16.872280881% | params={'learning_rate': 0.030405659487054208, 'decay_rate': 0.002704630037773033, 'hidden_size': 16, 'signal_len': 16, 'cheb_order': 2, 's': 7.599227686444584, 'batch_size': 16, 'k': 4}
Trial 888 finished with value 0.071013360 | dataset=nasdaq | model=ufgtime_plus | val_MSE=0.003046420 | test_MSE=0.010274599 | MAE=0.071013360 | RMSE=0.101363697 | MAPE=7.416778990% | params={'learning_rate': 0.027235278024427805, 'decay_rate': 1.6731619775464013e-05, 'hidden_size': 16, 'signal_len': 16, 'cheb_order': 2, 's': 6.859398973492372, 'batch_size': 16, 'k': 4}
Trial 889 finished with value 0.148739907 | dataset=nasdaq | model=ufgtime_plus | val_MSE=0.006102099 | test_MSE=0.031448486 | MAE=0.148739907 | RMSE=0.177337210 | MAPE=15.967119127% | params={'learning_rate': 0.034211431609127096, 'decay_rate': 0.0016677113280311137, 'hidden_size': 16, 'signal_len': 16, 'cheb_order': 2, 's': 8.510526063297457, 'batch_size': 32, 'k': 4}
Trial 890 finished with value 0.145911651 | dataset=nasdaq | model=ufgtime_plus | val_MSE=0.005883035 | test_MSE=0.030753936 | MAE=0.145911651 | RMSE=0.175368002 | MAPE=15.435432164% | params={'learning_rate': 0.023589119537032566, 'decay_rate': 0.0015561365753353833, 'hidden_size': 16, 'signal_len': 16, 'cheb_order': 2, 's': 7.329085174431943, 'batch_size': 16, 'k': 4}
Trial 891 finished with value 0.129444895 | dataset=nasdaq | model=ufgtime_plus | val_MSE=0.005372076 | test_MSE=0.025573657 | MAE=0.129444895 | RMSE=0.159917655 | MAPE=13.835256284% | params={'learning_rate': 0.020739927657432065, 'decay_rate': 0.0009853570565357078, 'hidden_size': 16, 'signal_len': 16, 'cheb_order': 2, 's': 8.222801076473322, 'batch_size': 16, 'k': 4}
Trial 892 finished with value 0.170083100 | dataset=nasdaq | model=ufgtime_plus | val_MSE=0.006838057 | test_MSE=0.038026674 | MAE=0.170083100 | RMSE=0.195004291 | MAPE=18.432730824% | params={'learning_rate': 0.0407079547195796, 'decay_rate': 0.01262229680201156, 'hidden_size': 16, 'signal_len': 16, 'cheb_order': 2, 's': 7.214246601630783, 'batch_size': 16, 'k': 4}
Trial 893 finished with value 0.065141705 | dataset=nasdaq | model=ufgtime_plus | val_MSE=0.003160191 | test_MSE=0.010054019 | MAE=0.065141705 | RMSE=0.100269732 | MAPE=6.843197680% | params={'learning_rate': 0.025465295217911115, 'decay_rate': 1.0105387662537971e-05, 'hidden_size': 16, 'signal_len': 16, 'cheb_order': 2, 's': 6.625199737195167, 'batch_size': 128, 'k': 4}
Trial 894 finished with value 0.170182501 | dataset=nasdaq | model=ufgtime_plus | val_MSE=0.007015574 | test_MSE=0.038573477 | MAE=0.170182501 | RMSE=0.196401317 | MAPE=18.148724616% | params={'learning_rate': 0.009821605661462098, 'decay_rate': 0.011451983736932186, 'hidden_size': 16, 'signal_len': 16, 'cheb_order': 2, 's': 7.764086586024743, 'batch_size': 16, 'k': 4}
Trial 895 finished with value 0.158135185 | dataset=nasdaq | model=ufgtime_plus | val_MSE=0.006552208 | test_MSE=0.035099828 | MAE=0.158135185 | RMSE=0.187349482 | MAPE=16.579744567% | params={'learning_rate': 0.028054149934834002, 'decay_rate': 0.0020955046257298713, 'hidden_size': 16, 'signal_len': 16, 'cheb_order': 2, 's': 7.4809673542865625, 'batch_size': 16, 'k': 4}
Trial 896 finished with value 0.124484261 | dataset=nasdaq | model=ufgtime_plus | val_MSE=0.005219195 | test_MSE=0.024069113 | MAE=0.124484261 | RMSE=0.155142235 | MAPE=13.485027652% | params={'learning_rate': 0.029604165085927933, 'decay_rate': 0.000882798249101645, 'hidden_size': 32, 'signal_len': 16, 'cheb_order': 2, 's': 4.375601207872629, 'batch_size': 16, 'k': 4}
Trial 897 finished with value 0.161216570 | dataset=nasdaq | model=ufgtime_plus | val_MSE=0.006510480 | test_MSE=0.035487211 | MAE=0.161216570 | RMSE=0.188380495 | MAPE=17.181470059% | params={'learning_rate': 0.026304377101272668, 'decay_rate': 0.003280473433045279, 'hidden_size': 16, 'signal_len': 16, 'cheb_order': 3, 's': 6.93920068759692, 'batch_size': 16, 'k': 4}
Trial 898 finished with value 0.071754856 | dataset=nasdaq | model=ufgtime_plus | val_MSE=0.003198248 | test_MSE=0.011442125 | MAE=0.071754856 | RMSE=0.106967868 | MAPE=7.358407708% | params={'learning_rate': 0.03146700311059322, 'decay_rate': 1.558181155870561e-05, 'hidden_size': 16, 'signal_len': 16, 'cheb_order': 2, 's': 7.8986563735313915, 'batch_size': 16, 'k': 4}
Trial 899 finished with value 0.157539105 | dataset=nasdaq | model=ufgtime_plus | val_MSE=0.006675424 | test_MSE=0.034967488 | MAE=0.157539105 | RMSE=0.186995958 | MAPE=16.715225293% | params={'learning_rate': 0.0243916650730581, 'decay_rate': 0.002465876105021619, 'hidden_size': 16, 'signal_len': 16, 'cheb_order': 2, 's': 8.692265887641232, 'batch_size': 256, 'k': 4}
Trial 900 finished with value 0.139457631 | dataset=nasdaq | model=ufgtime_plus | val_MSE=0.005753667 | test_MSE=0.028694852 | MAE=0.139457631 | RMSE=0.169395548 | MAPE=14.657666977% | params={'learning_rate': 0.027496589709730318, 'decay_rate': 0.0010849026367685188, 'hidden_size': 16, 'signal_len': 16, 'cheb_order': 2, 's': 8.057905929679658, 'batch_size': 16, 'k': 4}
Trial 901 finished with value 0.144243181 | dataset=nasdaq | model=ufgtime_plus | val_MSE=0.005937739 | test_MSE=0.030141788 | MAE=0.144243181 | RMSE=0.173613905 | MAPE=15.361627014% | params={'learning_rate': 0.02859190278568635, 'decay_rate': 0.0016246178501292852, 'hidden_size': 64, 'signal_len': 16, 'cheb_order': 2, 's': 7.6365318612745225, 'batch_size': 16, 'k': 4}
Trial 902 finished with value 0.128040470 | dataset=nasdaq | model=ufgtime_plus | val_MSE=0.005491675 | test_MSE=0.025770126 | MAE=0.128040470 | RMSE=0.160530763 | MAPE=13.647761167% | params={'learning_rate': 0.026749828887182758, 'decay_rate': 0.0009475108228186136, 'hidden_size': 16, 'signal_len': 16, 'cheb_order': 2, 's': 7.347755782935279, 'batch_size': 16, 'k': 4}
Trial 903 finished with value 0.125434094 | dataset=nasdaq | model=ufgtime_plus | val_MSE=0.005292179 | test_MSE=0.024669304 | MAE=0.125434094 | RMSE=0.157064648 | MAPE=13.457504181% | params={'learning_rate': 0.02202320517295068, 'decay_rate': 0.0009532002138305694, 'hidden_size': 16, 'signal_len': 16, 'cheb_order': 2, 's': 7.046218486046218, 'batch_size': 16, 'k': 4}
Trial 904 finished with value 0.069165318 | dataset=nasdaq | model=ufgtime_plus | val_MSE=0.003328139 | test_MSE=0.010579076 | MAE=0.069165318 | RMSE=0.102854635 | MAPE=6.964974482% | params={'learning_rate': 0.029483668652189186, 'decay_rate': 3.1004301524190154e-05, 'hidden_size': 16, 'signal_len': 16, 'cheb_order': 2, 's': 7.6024780906905605, 'batch_size': 16, 'k': 4}
Trial 905 finished with value 0.154049554 | dataset=nasdaq | model=ufgtime_plus | val_MSE=0.006316628 | test_MSE=0.032599050 | MAE=0.154049554 | RMSE=0.180552070 | MAPE=16.763010729% | params={'learning_rate': 0.02572910139874052, 'decay_rate': 0.002446146360716803, 'hidden_size': 16, 'signal_len': 16, 'cheb_order': 2, 's': 6.744071654397572, 'batch_size': 16, 'k': 4}
Trial 906 finished with value 0.146381869 | dataset=nasdaq | model=ufgtime_plus | val_MSE=0.006039449 | test_MSE=0.030059429 | MAE=0.146381869 | RMSE=0.173376553 | MAPE=15.996252569% | params={'learning_rate': 0.027964185464618655, 'decay_rate': 0.0016818274841907208, 'hidden_size': 16, 'signal_len': 16, 'cheb_order': 2, 's': 7.204793401399273, 'batch_size': 16, 'k': 4}
Trial 907 finished with value 0.131611540 | dataset=nasdaq | model=ufgtime_plus | val_MSE=0.005442994 | test_MSE=0.026559352 | MAE=0.131611540 | RMSE=0.162970401 | MAPE=13.921349027% | params={'learning_rate': 0.024839417247675598, 'decay_rate': 0.0009009525600204862, 'hidden_size': 16, 'signal_len': 16, 'cheb_order': 2, 's': 8.362514318196393, 'batch_size': 16, 'k': 4}
Trial 908 finished with value 0.163510180 | dataset=nasdaq | model=ufgtime_plus | val_MSE=0.006831657 | test_MSE=0.036919554 | MAE=0.163510180 | RMSE=0.192144616 | MAPE=17.341053038% | params={'learning_rate': 0.030847743093718984, 'decay_rate': 0.0035116083514280475, 'hidden_size': 16, 'signal_len': 16, 'cheb_order': 3, 's': 7.499994003252261, 'batch_size': 16, 'k': 4}
Trial 909 finished with value 0.128672653 | dataset=nasdaq | model=ufgtime_plus | val_MSE=0.005429826 | test_MSE=0.025802776 | MAE=0.128672653 | RMSE=0.160632424 | MAPE=13.720181587% | params={'learning_rate': 0.0267024318403617, 'decay_rate': 0.0008946717009976251, 'hidden_size': 16, 'signal_len': 16, 'cheb_order': 2, 's': 8.134682440560837, 'batch_size': 16, 'k': 4}
Trial 910 finished with value 0.155066239 | dataset=nasdaq | model=ufgtime_plus | val_MSE=0.006303345 | test_MSE=0.033441273 | MAE=0.155066239 | RMSE=0.182869553 | MAPE=16.632579234% | params={'learning_rate': 0.028903304890668974, 'decay_rate': 0.002397951072952439, 'hidden_size': 16, 'signal_len': 16, 'cheb_order': 2, 's': 7.8602121964343565, 'batch_size': 16, 'k': 4}
Trial 911 finished with value 0.074737156 | dataset=nasdaq | model=ufgtime_plus | val_MSE=0.003304784 | test_MSE=0.011849115 | MAE=0.074737156 | RMSE=0.108853639 | MAPE=7.966019973% | params={'learning_rate': 0.023856811334770328, 'decay_rate': 1.2690560073552315e-05, 'hidden_size': 16, 'signal_len': 16, 'cheb_order': 2, 's': 7.3345037917766165, 'batch_size': 16, 'k': 4}
Trial 912 finished with value 0.145776889 | dataset=nasdaq | model=ufgtime_plus | val_MSE=0.005966720 | test_MSE=0.030507477 | MAE=0.145776889 | RMSE=0.174663897 | MAPE=15.641170905% | params={'learning_rate': 0.027464541853851544, 'decay_rate': 0.0016313113355934151, 'hidden_size': 16, 'signal_len': 16, 'cheb_order': 2, 's': 6.951333236092819, 'batch_size': 16, 'k': 4}
Trial 913 finished with value 0.167462286 | dataset=nasdaq | model=ufgtime_plus | val_MSE=0.006947761 | test_MSE=0.038222384 | MAE=0.167462286 | RMSE=0.195505457 | MAPE=17.766295301% | params={'learning_rate': 0.02656955349425784, 'decay_rate': 0.0053752016409437395, 'hidden_size': 16, 'signal_len': 16, 'cheb_order': 2, 's': 6.6138705599008105, 'batch_size': 32, 'k': 4}
Trial 914 finished with value 0.077338843 | dataset=nasdaq | model=ufgtime_plus | val_MSE=0.003297563 | test_MSE=0.011837789 | MAE=0.077338843 | RMSE=0.108801602 | MAPE=7.605869754% | params={'learning_rate': 0.02983479776167271, 'decay_rate': 3.21234480211867e-05, 'hidden_size': 16, 'signal_len': 16, 'cheb_order': 2, 's': 7.710154964600611, 'batch_size': 16, 'k': 3}
Trial 915 finished with value 0.134817385 | dataset=nasdaq | model=ufgtime_plus | val_MSE=0.005514744 | test_MSE=0.026915047 | MAE=0.134817385 | RMSE=0.164058059 | MAPE=14.463230773% | params={'learning_rate': 0.025485630012726485, 'decay_rate': 0.0010306175844121284, 'hidden_size': 16, 'signal_len': 16, 'cheb_order': 2, 's': 9.788687875091151, 'batch_size': 16, 'k': 4}
Trial 916 finished with value 0.146894681 | dataset=nasdaq | model=ufgtime_plus | val_MSE=0.006014714 | test_MSE=0.030494576 | MAE=0.146894681 | RMSE=0.174626962 | MAPE=15.780123183% | params={'learning_rate': 0.028558654214097333, 'decay_rate': 0.0017734872229829824, 'hidden_size': 16, 'signal_len': 16, 'cheb_order': 2, 's': 7.4181371128372255, 'batch_size': 16, 'k': 4}
Trial 917 finished with value 0.126312429 | dataset=nasdaq | model=ufgtime_plus | val_MSE=0.005492777 | test_MSE=0.025016290 | MAE=0.126312429 | RMSE=0.158165388 | MAPE=13.626229853% | params={'learning_rate': 0.03250498100379689, 'decay_rate': 0.0009064497787174946, 'hidden_size': 32, 'signal_len': 16, 'cheb_order': 2, 's': 7.163303950848084, 'batch_size': 128, 'k': 4}
Trial 918 finished with value 0.156369898 | dataset=nasdaq | model=ufgtime_plus | val_MSE=0.006540748 | test_MSE=0.033323752 | MAE=0.156369898 | RMSE=0.182547945 | MAPE=17.138866609% | params={'learning_rate': 0.027664982099779578, 'decay_rate': 0.0029643808237200505, 'hidden_size': 16, 'signal_len': 16, 'cheb_order': 2, 's': 8.562168831089503, 'batch_size': 16, 'k': 4}
Trial 919 finished with value 0.125453672 | dataset=nasdaq | model=ufgtime_plus | val_MSE=0.005367896 | test_MSE=0.024489077 | MAE=0.125453672 | RMSE=0.156489862 | MAPE=13.604172883% | params={'learning_rate': 0.023099981445129845, 'decay_rate': 0.0009360638228070651, 'hidden_size': 16, 'signal_len': 16, 'cheb_order': 2, 's': 8.01465012251355, 'batch_size': 16, 'k': 4}
Trial 920 finished with value 0.150261934 | dataset=nasdaq | model=ufgtime_plus | val_MSE=0.006117337 | test_MSE=0.031645877 | MAE=0.150261934 | RMSE=0.177892881 | MAPE=16.153069904% | params={'learning_rate': 0.03073099751883293, 'decay_rate': 0.00199055571245913, 'hidden_size': 16, 'signal_len': 16, 'cheb_order': 3, 's': 7.555038535218814, 'batch_size': 16, 'k': 4}
Trial 921 finished with value 0.123547659 | dataset=nasdaq | model=ufgtime_plus | val_MSE=0.005496188 | test_MSE=0.023780346 | MAE=0.123547659 | RMSE=0.154208774 | MAPE=13.564964898% | params={'learning_rate': 0.024806385056383436, 'decay_rate': 0.0009017444087359731, 'hidden_size': 16, 'signal_len': 16, 'cheb_order': 2, 's': 8.234830158402001, 'batch_size': 16, 'k': 4}
Trial 922 finished with value 0.124245354 | dataset=nasdaq | model=ufgtime_plus | val_MSE=0.005408594 | test_MSE=0.024738958 | MAE=0.124245354 | RMSE=0.157286229 | MAPE=13.262646752% | params={'learning_rate': 0.02635087356086131, 'decay_rate': 0.0008905220844418736, 'hidden_size': 16, 'signal_len': 16, 'cheb_order': 2, 's': 8.891401076306765, 'batch_size': 16, 'k': 4}
Trial 923 finished with value 0.219921640 | dataset=nasdaq | model=ufgtime_plus | val_MSE=0.018418109 | test_MSE=0.068385082 | MAE=0.219921640 | RMSE=0.261505414 | MAPE=20.391398533% | params={'learning_rate': 0.029317041290674688, 'decay_rate': 0.028589675930350528, 'hidden_size': 64, 'signal_len': 16, 'cheb_order': 2, 's': 6.797975548419056, 'batch_size': 256, 'k': 4}
Trial 924 finished with value 0.156835649 | dataset=nasdaq | model=ufgtime_plus | val_MSE=0.006537009 | test_MSE=0.034372259 | MAE=0.156835649 | RMSE=0.185397570 | MAPE=16.755154131% | params={'learning_rate': 0.04661306673564225, 'decay_rate': 0.002461634601756072, 'hidden_size': 16, 'signal_len': 16, 'cheb_order': 2, 's': 7.8239883068546385, 'batch_size': 16, 'k': 4}
Trial 925 finished with value 0.068756147 | dataset=nasdaq | model=ufgtime_plus | val_MSE=0.003177123 | test_MSE=0.010081033 | MAE=0.068756147 | RMSE=0.100404349 | MAPE=7.595874251% | params={'learning_rate': 0.028184505849676793, 'decay_rate': 6.585986295835973e-05, 'hidden_size': 16, 'signal_len': 16, 'cheb_order': 2, 's': 7.15993636627196, 'batch_size': 16, 'k': 4}
Trial 926 finished with value 0.145798104 | dataset=nasdaq | model=ufgtime_plus | val_MSE=0.006085004 | test_MSE=0.030615892 | MAE=0.145798104 | RMSE=0.174973976 | MAPE=15.680685991% | params={'learning_rate': 0.02706467637196559, 'decay_rate': 0.0017186805782870905, 'hidden_size': 16, 'signal_len': 16, 'cheb_order': 2, 's': 7.39260608496226, 'batch_size': 16, 'k': 4}
Trial 927 finished with value 0.069047888 | dataset=nasdaq | model=ufgtime_plus | val_MSE=0.003111032 | test_MSE=0.010940505 | MAE=0.069047888 | RMSE=0.104596870 | MAPE=6.963144888% | params={'learning_rate': 0.025459848088004416, 'decay_rate': 1.31904833898604e-05, 'hidden_size': 16, 'signal_len': 16, 'cheb_order': 2, 's': 1.308218238162497, 'batch_size': 16, 'k': 4}
Trial 928 finished with value 0.072021560 | dataset=nasdaq | model=ufgtime_plus | val_MSE=0.003199428 | test_MSE=0.010941220 | MAE=0.072021560 | RMSE=0.104600289 | MAPE=7.646070739% | params={'learning_rate': 0.03168381738178444, 'decay_rate': 1.605155550425084e-05, 'hidden_size': 16, 'signal_len': 16, 'cheb_order': 2, 's': 4.966073128486551, 'batch_size': 16, 'k': 4}
Trial 929 finished with value 0.141567803 | dataset=nasdaq | model=ufgtime_plus | val_MSE=0.006022638 | test_MSE=0.028921717 | MAE=0.141567803 | RMSE=0.170063862 | MAPE=15.444122435% | params={'learning_rate': 0.024093634947404203, 'decay_rate': 0.0016166213265315092, 'hidden_size': 16, 'signal_len': 16, 'cheb_order': 2, 's': 7.043043760459511, 'batch_size': 16, 'k': 4}
Trial 930 finished with value 0.163213371 | dataset=nasdaq | model=ufgtime_plus | val_MSE=0.006641509 | test_MSE=0.036263446 | MAE=0.163213371 | RMSE=0.190429636 | MAPE=17.456807480% | params={'learning_rate': 0.029953810864753655, 'decay_rate': 0.004354360320168296, 'hidden_size': 16, 'signal_len': 16, 'cheb_order': 2, 's': 7.8113450802202875, 'batch_size': 16, 'k': 4}
Trial 931 finished with value 0.129389869 | dataset=nasdaq | model=ufgtime_plus | val_MSE=0.005594627 | test_MSE=0.026560734 | MAE=0.129389869 | RMSE=0.162974641 | MAPE=13.475829332% | params={'learning_rate': 0.028299852351395288, 'decay_rate': 0.0009294185366296804, 'hidden_size': 16, 'signal_len': 8, 'cheb_order': 3, 's': 6.088601982621062, 'batch_size': 16, 'k': 4}
Trial 932 finished with value 0.078583861 | dataset=nasdaq | model=ufgtime_plus | val_MSE=0.003354300 | test_MSE=0.012312075 | MAE=0.078583861 | RMSE=0.110959791 | MAPE=7.816132426% | params={'learning_rate': 0.035242040582015, 'decay_rate': 2.7121445306115685e-05, 'hidden_size': 16, 'signal_len': 16, 'cheb_order': 2, 's': 7.652184418434731, 'batch_size': 16, 'k': 4}
Trial 933 finished with value 0.066919415 | dataset=nasdaq | model=ufgtime_plus | val_MSE=0.003104520 | test_MSE=0.010257387 | MAE=0.066919415 | RMSE=0.101278759 | MAPE=6.837269521% | params={'learning_rate': 0.026439442061421407, 'decay_rate': 1.5847491823820113e-05, 'hidden_size': 16, 'signal_len': 16, 'cheb_order': 2, 's': 7.297357988227138, 'batch_size': 16, 'k': 4}
Trial 934 finished with value 0.157862116 | dataset=nasdaq | model=ufgtime_plus | val_MSE=0.006419658 | test_MSE=0.034440847 | MAE=0.157862116 | RMSE=0.185582453 | MAPE=16.909679716% | params={'learning_rate': 0.019541938908460097, 'decay_rate': 0.002793137383513722, 'hidden_size': 16, 'signal_len': 16, 'cheb_order': 2, 's': 6.874811535890824, 'batch_size': 16, 'k': 4}
Trial 935 finished with value 0.145880856 | dataset=nasdaq | model=ufgtime_plus | val_MSE=0.006056760 | test_MSE=0.030844956 | MAE=0.145880856 | RMSE=0.175627321 | MAPE=15.554054000% | params={'learning_rate': 0.027501684882184064, 'decay_rate': 0.001672228360783842, 'hidden_size': 16, 'signal_len': 16, 'cheb_order': 2, 's': 6.512526479470558, 'batch_size': 16, 'k': 4}
Trial 936 finished with value 0.131461778 | dataset=nasdaq | model=ufgtime_plus | val_MSE=0.005495458 | test_MSE=0.026575202 | MAE=0.131461778 | RMSE=0.163019023 | MAPE=13.958085471% | params={'learning_rate': 0.028849680524189136, 'decay_rate': 0.0009849913244901946, 'hidden_size': 16, 'signal_len': 16, 'cheb_order': 2, 's': 5.471047050125394, 'batch_size': 16, 'k': 4}
Trial 937 finished with value 0.160384298 | dataset=nasdaq | model=ufgtime_plus | val_MSE=0.006735911 | test_MSE=0.035317970 | MAE=0.160384298 | RMSE=0.187930758 | MAPE=17.341775429% | params={'learning_rate': 0.03325829117113056, 'decay_rate': 0.003420218575566361, 'hidden_size': 16, 'signal_len': 16, 'cheb_order': 2, 's': 7.998583980568442, 'batch_size': 32, 'k': 4}
Trial 938 finished with value 0.151960285 | dataset=nasdaq | model=ufgtime_plus | val_MSE=0.006385863 | test_MSE=0.031796862 | MAE=0.151960285 | RMSE=0.178316745 | MAPE=16.685287083% | params={'learning_rate': 0.02581353038283182, 'decay_rate': 0.002302106726402915, 'hidden_size': 16, 'signal_len': 16, 'cheb_order': 2, 's': 7.4525336621957745, 'batch_size': 16, 'k': 4}
Trial 939 finished with value 0.124493837 | dataset=nasdaq | model=ufgtime_plus | val_MSE=0.005308888 | test_MSE=0.024310392 | MAE=0.124493837 | RMSE=0.155917900 | MAPE=13.449609813% | params={'learning_rate': 0.02267794020683278, 'decay_rate': 0.0008939401581144805, 'hidden_size': 16, 'signal_len': 16, 'cheb_order': 2, 's': 8.28191426250647, 'batch_size': 16, 'k': 4}
Trial 940 finished with value 0.130074155 | dataset=nasdaq | model=ufgtime_plus | val_MSE=0.005416690 | test_MSE=0.025988126 | MAE=0.130074155 | RMSE=0.161208332 | MAPE=13.862136945% | params={'learning_rate': 0.030522409464531226, 'decay_rate': 0.0009759357392580246, 'hidden_size': 16, 'signal_len': 16, 'cheb_order': 2, 's': 6.280670184691835, 'batch_size': 16, 'k': 4}
Trial 941 finished with value 0.079926799 | dataset=nasdaq | model=ufgtime_plus | val_MSE=0.003144685 | test_MSE=0.013063752 | MAE=0.079926799 | RMSE=0.114296770 | MAPE=8.153273420% | params={'learning_rate': 0.024745689679584102, 'decay_rate': 4.2900129736441173e-05, 'hidden_size': 32, 'signal_len': 16, 'cheb_order': 2, 's': 7.693338841248871, 'batch_size': 128, 'k': 4}
Trial 942 finished with value 0.178951283 | dataset=nasdaq | model=ufgtime_plus | val_MSE=0.007602985 | test_MSE=0.041624657 | MAE=0.178951283 | RMSE=0.204021217 | MAPE=19.580466346% | params={'learning_rate': 0.04970980296610854, 'decay_rate': 0.03653628291164574, 'hidden_size': 16, 'signal_len': 16, 'cheb_order': 3, 's': 8.410518141227485, 'batch_size': 16, 'k': 4}
Trial 943 finished with value 0.149677241 | dataset=nasdaq | model=ufgtime_plus | val_MSE=0.006229711 | test_MSE=0.032323964 | MAE=0.149677241 | RMSE=0.179788666 | MAPE=15.765060896% | params={'learning_rate': 0.027118930202557495, 'decay_rate': 0.0017930908468739271, 'hidden_size': 16, 'signal_len': 16, 'cheb_order': 2, 's': 7.02397320365892, 'batch_size': 16, 'k': 4}
