Trial 944 finished with value 0.143434476 | dataset=nasdaq | model=ufgtime_plus | val_MSE=0.006010725 | test_MSE=0.029091580 | MAE=0.143434476 | RMSE=0.170562539 | MAPE=15.718957294% | params={'learning_rate': 0.0214844101604188, 'decay_rate': 0.0016001999753321797, 'hidden_size': 16, 'signal_len': 16, 'cheb_order': 2, 's': 7.254030216333445, 'batch_size': 16, 'k': 4}
Trial 945 finished with value 0.156483142 | dataset=nasdaq | model=ufgtime_plus | val_MSE=0.006658436 | test_MSE=0.034178668 | MAE=0.156483142 | RMSE=0.184874736 | MAPE=16.833783437% | params={'learning_rate': 0.029145916932462664, 'decay_rate': 0.002588759927051157, 'hidden_size': 64, 'signal_len': 16, 'cheb_order': 2, 's': 7.541233225828394, 'batch_size': 16, 'k': 4}
Trial 946 finished with value 0.120601306 | dataset=nasdaq | model=ufgtime_plus | val_MSE=0.005155613 | test_MSE=0.023437973 | MAE=0.120601306 | RMSE=0.153094653 | MAPE=12.875507993% | params={'learning_rate': 0.027958857267715423, 'decay_rate': 0.0007430761421695586, 'hidden_size': 16, 'signal_len': 16, 'cheb_order': 2, 's': 8.054412778372088, 'batch_size': 16, 'k': 4}
Trial 947 finished with value 0.102329343 | dataset=nasdaq | model=ufgtime_plus | val_MSE=0.004971607 | test_MSE=0.016775303 | MAE=0.102329343 | RMSE=0.129519508 | MAPE=11.604571074% | params={'learning_rate': 0.025921241414857042, 'decay_rate': 0.0009879345533495927, 'hidden_size': 16, 'signal_len': 16, 'cheb_order': 2, 's': 6.6709383196155665, 'batch_size': 256, 'k': 4}
Trial 948 finished with value 0.124074809 | dataset=nasdaq | model=ufgtime_plus | val_MSE=0.005251873 | test_MSE=0.024007968 | MAE=0.124074809 | RMSE=0.154945048 | MAPE=13.378489226% | params={'learning_rate': 0.026779737692201825, 'decay_rate': 0.0008886299670346679, 'hidden_size': 16, 'signal_len': 16, 'cheb_order': 2, 's': 7.75153682648275, 'batch_size': 16, 'k': 4}
Trial 949 finished with value 0.096646614 | dataset=nasdaq | model=ufgtime_plus | val_MSE=0.004943681 | test_MSE=0.017316448 | MAE=0.096646614 | RMSE=0.131591975 | MAPE=10.468440085% | params={'learning_rate': 0.03157819442437426, 'decay_rate': 5.0364978666724417e-05, 'hidden_size': 16, 'signal_len': 8, 'cheb_order': 2, 's': 7.134519319272824, 'batch_size': 16, 'k': 4}
Trial 950 finished with value 0.159411260 | dataset=nasdaq | model=ufgtime_plus | val_MSE=0.006660455 | test_MSE=0.034664304 | MAE=0.159411260 | RMSE=0.186183522 | MAPE=17.357062708% | params={'learning_rate': 0.023816943833355718, 'decay_rate': 0.0037927548576580793, 'hidden_size': 16, 'signal_len': 16, 'cheb_order': 2, 's': 8.757007142295832, 'batch_size': 16, 'k': 4}
Trial 951 finished with value 0.184179199 | dataset=nasdaq | model=ufgtime_plus | val_MSE=0.007730974 | test_MSE=0.044589105 | MAE=0.184179199 | RMSE=0.211161324 | MAPE=18.999741442% | params={'learning_rate': 0.029309282005191808, 'decay_rate': 0.03391043615215932, 'hidden_size': 16, 'signal_len': 16, 'cheb_order': 2, 's': 7.479621919111631, 'batch_size': 16, 'k': 3}
Trial 952 finished with value 0.157424339 | dataset=nasdaq | model=ufgtime_plus | val_MSE=0.006245499 | test_MSE=0.034253313 | MAE=0.157424339 | RMSE=0.185076507 | MAPE=16.754344347% | params={'learning_rate': 0.027977000483987106, 'decay_rate': 0.0022618018916168102, 'hidden_size': 16, 'signal_len': 16, 'cheb_order': 2, 's': 7.915584091542694, 'batch_size': 16, 'k': 4}
Trial 953 finished with value 0.077957507 | dataset=nasdaq | model=ufgtime_plus | val_MSE=0.003049916 | test_MSE=0.011711124 | MAE=0.077957507 | RMSE=0.108217947 | MAPE=8.174595556% | params={'learning_rate': 0.025064603442849824, 'decay_rate': 2.6306709646012474e-05, 'hidden_size': 16, 'signal_len': 16, 'cheb_order': 3, 's': 6.863801347319081, 'batch_size': 16, 'k': 4}
Trial 954 finished with value 0.145900474 | dataset=nasdaq | model=ufgtime_plus | val_MSE=0.005921732 | test_MSE=0.030027306 | MAE=0.145900474 | RMSE=0.173283889 | MAPE=15.849330848% | params={'learning_rate': 0.030472329287648734, 'decay_rate': 0.0015826425439037714, 'hidden_size': 16, 'signal_len': 16, 'cheb_order': 2, 's': 8.517386870115793, 'batch_size': 16, 'k': 4}
Trial 955 finished with value 0.130357130 | dataset=nasdaq | model=ufgtime_plus | val_MSE=0.005502233 | test_MSE=0.026644204 | MAE=0.130357130 | RMSE=0.163230526 | MAPE=13.636870800% | params={'learning_rate': 0.02673638160159471, 'decay_rate': 0.0009388086639063473, 'hidden_size': 16, 'signal_len': 16, 'cheb_order': 2, 's': 8.18039058248595, 'batch_size': 16, 'k': 4}
Trial 956 finished with value 0.179752270 | dataset=nasdaq | model=ufgtime_plus | val_MSE=0.008309504 | test_MSE=0.043007413 | MAE=0.179752270 | RMSE=0.207382286 | MAPE=19.374363633% | params={'learning_rate': 0.02830132364340178, 'decay_rate': 0.038402233998420875, 'hidden_size': 16, 'signal_len': 16, 'cheb_order': 2, 's': 7.288776056162149, 'batch_size': 16, 'k': 4}
Trial 957 finished with value 0.071458818 | dataset=nasdaq | model=ufgtime_plus | val_MSE=0.003133012 | test_MSE=0.011394978 | MAE=0.071458818 | RMSE=0.106747263 | MAPE=7.361572971% | params={'learning_rate': 0.025509570162093348, 'decay_rate': 2.1994438025514148e-05, 'hidden_size': 16, 'signal_len': 16, 'cheb_order': 2, 's': 7.54630018553441, 'batch_size': 16, 'k': 4}
Trial 958 finished with value 0.153955951 | dataset=nasdaq | model=ufgtime_plus | val_MSE=0.006526864 | test_MSE=0.033004774 | MAE=0.153955951 | RMSE=0.181672161 | MAPE=16.743587784% | params={'learning_rate': 0.03865522378052648, 'decay_rate': 0.0022696626933789974, 'hidden_size': 16, 'signal_len': 16, 'cheb_order': 2, 's': 7.055302237456066, 'batch_size': 16, 'k': 4}
Trial 959 finished with value 0.151114581 | dataset=nasdaq | model=ufgtime_plus | val_MSE=0.006174877 | test_MSE=0.032107158 | MAE=0.151114581 | RMSE=0.179184703 | MAPE=16.113181112% | params={'learning_rate': 0.04157997696695673, 'decay_rate': 0.001634658854918427, 'hidden_size': 16, 'signal_len': 16, 'cheb_order': 2, 's': 2.935829168373415, 'batch_size': 16, 'k': 4}
Trial 960 finished with value 0.133521602 | dataset=nasdaq | model=ufgtime_plus | val_MSE=0.005524725 | test_MSE=0.027127294 | MAE=0.133521602 | RMSE=0.164703656 | MAPE=14.134017891% | params={'learning_rate': 0.029846642556445323, 'decay_rate': 0.00097796740811015, 'hidden_size': 16, 'signal_len': 16, 'cheb_order': 2, 's': 7.766826491607417, 'batch_size': 64, 'k': 4}
Trial 961 finished with value 0.067102328 | dataset=nasdaq | model=ufgtime_plus | val_MSE=0.003095661 | test_MSE=0.009646192 | MAE=0.067102328 | RMSE=0.098215031 | MAPE=7.048542258% | params={'learning_rate': 0.027139864445246322, 'decay_rate': 3.3911884814482216e-05, 'hidden_size': 16, 'signal_len': 16, 'cheb_order': 2, 's': 7.361851447920604, 'batch_size': 16, 'k': 4}
Trial 962 finished with value 0.155126967 | dataset=nasdaq | model=ufgtime_plus | val_MSE=0.006518740 | test_MSE=0.033162562 | MAE=0.155126967 | RMSE=0.182105908 | MAPE=16.943673200% | params={'learning_rate': 0.024390384613771503, 'decay_rate': 0.0027625160381400753, 'hidden_size': 32, 'signal_len': 16, 'cheb_order': 2, 's': 6.440383804880236, 'batch_size': 16, 'k': 4}
Trial 963 finished with value 0.146331315 | dataset=nasdaq | model=ufgtime_plus | val_MSE=0.006017366 | test_MSE=0.030603577 | MAE=0.146331315 | RMSE=0.174938780 | MAPE=15.759123719% | params={'learning_rate': 0.02864521911601733, 'decay_rate': 0.0016740852019579767, 'hidden_size': 16, 'signal_len': 16, 'cheb_order': 2, 's': 6.757096008203062, 'batch_size': 32, 'k': 4}
Trial 964 finished with value 0.133201430 | dataset=nasdaq | model=ufgtime_plus | val_MSE=0.005666560 | test_MSE=0.027154975 | MAE=0.133201430 | RMSE=0.164787666 | MAPE=13.904478626% | params={'learning_rate': 0.026127702841923672, 'decay_rate': 0.0009702147217546004, 'hidden_size': 16, 'signal_len': 16, 'cheb_order': 2, 's': 7.946739402373413, 'batch_size': 16, 'k': 4}
Trial 965 finished with value 0.069926485 | dataset=nasdaq | model=ufgtime_plus | val_MSE=0.003033366 | test_MSE=0.011169617 | MAE=0.069926485 | RMSE=0.105686410 | MAPE=7.172084935% | params={'learning_rate': 0.02250602325955334, 'decay_rate': 1.692686608352316e-05, 'hidden_size': 16, 'signal_len': 16, 'cheb_order': 3, 's': 5.756770538644332, 'batch_size': 16, 'k': 4}
Trial 966 finished with value 0.158868291 | dataset=nasdaq | model=ufgtime_plus | val_MSE=0.006430158 | test_MSE=0.034415791 | MAE=0.158868291 | RMSE=0.185514935 | MAPE=17.137427339% | params={'learning_rate': 0.027470511239726974, 'decay_rate': 0.0031075892352058028, 'hidden_size': 16, 'signal_len': 16, 'cheb_order': 2, 's': 7.623865362882428, 'batch_size': 16, 'k': 4}
Trial 967 finished with value 0.190181805 | dataset=nasdaq | model=ufgtime_plus | val_MSE=0.009965745 | test_MSE=0.049458266 | MAE=0.190181805 | RMSE=0.222392145 | MAPE=18.896664746% | params={'learning_rate': 0.029226067293995395, 'decay_rate': 0.021391978934654398, 'hidden_size': 64, 'signal_len': 16, 'cheb_order': 2, 's': 7.206108296202299, 'batch_size': 128, 'k': 4}
Trial 968 finished with value 0.148837247 | dataset=nasdaq | model=ufgtime_plus | val_MSE=0.005987308 | test_MSE=0.031832520 | MAE=0.148837247 | RMSE=0.178416703 | MAPE=15.662622843% | params={'learning_rate': 0.02324173499484497, 'decay_rate': 0.0016440487512560864, 'hidden_size': 16, 'signal_len': 8, 'cheb_order': 2, 's': 8.258751810274784, 'batch_size': 16, 'k': 4}
Trial 969 finished with value 0.171921506 | dataset=nasdaq | model=ufgtime_plus | val_MSE=0.006835844 | test_MSE=0.038993054 | MAE=0.171921506 | RMSE=0.197466590 | MAPE=18.440569255% | params={'learning_rate': 0.03178364409267556, 'decay_rate': 0.016257315798042467, 'hidden_size': 16, 'signal_len': 16, 'cheb_order': 2, 's': 6.943560331887364, 'batch_size': 16, 'k': 4}
Trial 970 finished with value 0.144665448 | dataset=nasdaq | model=ufgtime_plus | val_MSE=0.005803637 | test_MSE=0.029661422 | MAE=0.144665448 | RMSE=0.172224916 | MAPE=15.746342340% | params={'learning_rate': 0.027554301334092802, 'decay_rate': 0.0014933841880207213, 'hidden_size': 16, 'signal_len': 16, 'cheb_order': 2, 's': 7.442678271948365, 'batch_size': 16, 'k': 4}
Trial 971 finished with value 0.132637049 | dataset=nasdaq | model=ufgtime_plus | val_MSE=0.005466580 | test_MSE=0.026532126 | MAE=0.132637049 | RMSE=0.162886851 | MAPE=14.071001434% | params={'learning_rate': 0.02578365564715988, 'decay_rate': 0.0008990282515696316, 'hidden_size': 16, 'signal_len': 16, 'cheb_order': 2, 's': 8.098976476061459, 'batch_size': 16, 'k': 4}
Trial 972 finished with value 0.161907320 | dataset=nasdaq | model=ufgtime_plus | val_MSE=0.006949087 | test_MSE=0.035856524 | MAE=0.161907320 | RMSE=0.189358189 | MAPE=17.558120363% | params={'learning_rate': 0.03032683015148655, 'decay_rate': 0.0041131074073110455, 'hidden_size': 16, 'signal_len': 16, 'cheb_order': 2, 's': 8.635020752097525, 'batch_size': 16, 'k': 4}
Trial 973 finished with value 0.090590870 | dataset=nasdaq | model=ufgtime_plus | val_MSE=0.004263028 | test_MSE=0.015269372 | MAE=0.090590870 | RMSE=0.123569299 | MAPE=9.451838251% | params={'learning_rate': 0.024781895513974566, 'decay_rate': 0.000863820357358454, 'hidden_size': 16, 'signal_len': 16, 'cheb_order': 2, 's': 7.611866685068205, 'batch_size': 256, 'k': 4}
Trial 974 finished with value 0.072294414 | dataset=nasdaq | model=ufgtime_plus | val_MSE=0.003044833 | test_MSE=0.010758910 | MAE=0.072294414 | RMSE=0.103725163 | MAPE=7.749541066% | params={'learning_rate': 0.0280890936829626, 'decay_rate': 3.529460503902743e-05, 'hidden_size': 16, 'signal_len': 16, 'cheb_order': 2, 's': 7.83119123364493, 'batch_size': 16, 'k': 4}
Trial 975 finished with value 0.156500775 | dataset=nasdaq | model=ufgtime_plus | val_MSE=0.006426917 | test_MSE=0.034134628 | MAE=0.156500775 | RMSE=0.184755590 | MAPE=16.733229681% | params={'learning_rate': 0.026334119818920042, 'decay_rate': 0.0024735293323475574, 'hidden_size': 16, 'signal_len': 16, 'cheb_order': 2, 's': 7.33812634921035, 'batch_size': 64, 'k': 4}
Trial 976 finished with value 0.125310509 | dataset=nasdaq | model=ufgtime_plus | val_MSE=0.005294653 | test_MSE=0.024482200 | MAE=0.125310509 | RMSE=0.156467887 | MAPE=13.508441413% | params={'learning_rate': 0.029096562549985296, 'decay_rate': 0.0009156852383337048, 'hidden_size': 16, 'signal_len': 16, 'cheb_order': 3, 's': 6.571777358841041, 'batch_size': 16, 'k': 4}
Trial 977 finished with value 0.182924761 | dataset=nasdaq | model=ufgtime_plus | val_MSE=0.007986750 | test_MSE=0.044831528 | MAE=0.182924761 | RMSE=0.211734570 | MAPE=18.971254476% | params={'learning_rate': 0.026810902251684747, 'decay_rate': 0.030045161890358434, 'hidden_size': 16, 'signal_len': 16, 'cheb_order': 2, 's': 7.141323760170097, 'batch_size': 16, 'k': 4}
Trial 978 finished with value 0.074769256 | dataset=nasdaq | model=ufgtime_plus | val_MSE=0.003359177 | test_MSE=0.011650782 | MAE=0.074769256 | RMSE=0.107938789 | MAPE=7.806371194% | params={'learning_rate': 0.037172113175968774, 'decay_rate': 3.419884109047062e-05, 'hidden_size': 16, 'signal_len': 16, 'cheb_order': 2, 's': 8.322457999761887, 'batch_size': 16, 'k': 4}
Trial 979 finished with value 0.149760460 | dataset=nasdaq | model=ufgtime_plus | val_MSE=0.006255450 | test_MSE=0.031365359 | MAE=0.149760460 | RMSE=0.177102679 | MAPE=16.344926388% | params={'learning_rate': 0.03275754743925408, 'decay_rate': 0.0019892012068938023, 'hidden_size': 16, 'signal_len': 16, 'cheb_order': 2, 's': 7.694321123570612, 'batch_size': 16, 'k': 4}
Trial 980 finished with value 0.129356643 | dataset=nasdaq | model=ufgtime_plus | val_MSE=0.005403730 | test_MSE=0.025980000 | MAE=0.129356643 | RMSE=0.161183126 | MAPE=13.738296705% | params={'learning_rate': 0.03013891440743823, 'decay_rate': 0.0009485536813288422, 'hidden_size': 16, 'signal_len': 16, 'cheb_order': 2, 's': 9.013967951910372, 'batch_size': 16, 'k': 4}
Trial 981 finished with value 0.157880364 | dataset=nasdaq | model=ufgtime_plus | val_MSE=0.006382454 | test_MSE=0.034503246 | MAE=0.157880364 | RMSE=0.185750494 | MAPE=16.791654696% | params={'learning_rate': 0.024016057489887808, 'decay_rate': 0.002414280954803389, 'hidden_size': 16, 'signal_len': 16, 'cheb_order': 2, 's': 6.977373486240855, 'batch_size': 16, 'k': 4}
Trial 982 finished with value 0.130262847 | dataset=nasdaq | model=ufgtime_plus | val_MSE=0.005740676 | test_MSE=0.025526025 | MAE=0.130262847 | RMSE=0.159768661 | MAPE=14.334348270% | params={'learning_rate': 0.0283920916330338, 'decay_rate': 0.0011008021662106753, 'hidden_size': 16, 'signal_len': 16, 'cheb_order': 2, 's': 7.94147549842039, 'batch_size': 16, 'k': 4}
Trial 983 finished with value 0.103460642 | dataset=nasdaq | model=ufgtime_plus | val_MSE=0.005109496 | test_MSE=0.019160253 | MAE=0.103460642 | RMSE=0.138420565 | MAPE=11.196876080% | params={'learning_rate': 0.025401998664216788, 'decay_rate': 2.406257544319228e-05, 'hidden_size': 32, 'signal_len': 16, 'cheb_order': 2, 's': 7.527612990174029, 'batch_size': 16, 'k': 4}
Trial 984 finished with value 0.145657249 | dataset=nasdaq | model=ufgtime_plus | val_MSE=0.006251714 | test_MSE=0.029834082 | MAE=0.145657249 | RMSE=0.172725451 | MAPE=15.920572646% | params={'learning_rate': 0.031058286840616848, 'decay_rate': 0.001771583861001238, 'hidden_size': 16, 'signal_len': 16, 'cheb_order': 2, 's': 6.744373227624947, 'batch_size': 16, 'k': 4}
Trial 985 finished with value 0.158525729 | dataset=nasdaq | model=ufgtime_plus | val_MSE=0.006471373 | test_MSE=0.034194908 | MAE=0.158525729 | RMSE=0.184918652 | MAPE=17.203962680% | params={'learning_rate': 0.027143479410981004, 'decay_rate': 0.0031977518028955213, 'hidden_size': 16, 'signal_len': 16, 'cheb_order': 2, 's': 7.426114729772035, 'batch_size': 16, 'k': 4}
Trial 986 finished with value 0.127505752 | dataset=nasdaq | model=ufgtime_plus | val_MSE=0.005270571 | test_MSE=0.025347126 | MAE=0.127505752 | RMSE=0.159207806 | MAPE=13.579996190% | params={'learning_rate': 0.02779705169025068, 'decay_rate': 0.0007868792911533083, 'hidden_size': 16, 'signal_len': 16, 'cheb_order': 2, 's': 6.233646296346993, 'batch_size': 16, 'k': 4}
Trial 987 finished with value 0.175602484 | dataset=nasdaq | model=ufgtime_plus | val_MSE=0.006804111 | test_MSE=0.039968061 | MAE=0.175602484 | RMSE=0.199920137 | MAPE=19.007678723% | params={'learning_rate': 0.029714156152409354, 'decay_rate': 0.03244882151251276, 'hidden_size': 16, 'signal_len': 8, 'cheb_order': 3, 's': 7.238934119625085, 'batch_size': 32, 'k': 3}
Trial 988 finished with value 0.146807199 | dataset=nasdaq | model=ufgtime_plus | val_MSE=0.005888055 | test_MSE=0.030615243 | MAE=0.146807199 | RMSE=0.174972120 | MAPE=15.849770013% | params={'learning_rate': 0.026033870038964416, 'decay_rate': 0.0016543216916851758, 'hidden_size': 16, 'signal_len': 16, 'cheb_order': 2, 's': 9.682435482394277, 'batch_size': 16, 'k': 4}
Trial 989 finished with value 0.125754820 | dataset=nasdaq | model=ufgtime_plus | val_MSE=0.005309543 | test_MSE=0.024999647 | MAE=0.125754820 | RMSE=0.158112765 | MAPE=13.380232417% | params={'learning_rate': 0.02894777473686765, 'decay_rate': 0.00084068705322454, 'hidden_size': 64, 'signal_len': 16, 'cheb_order': 2, 's': 8.083832049424966, 'batch_size': 64, 'k': 4}
Trial 990 finished with value 0.152169607 | dataset=nasdaq | model=ufgtime_plus | val_MSE=0.006294534 | test_MSE=0.032025050 | MAE=0.152169607 | RMSE=0.178955442 | MAPE=16.538715137% | params={'learning_rate': 0.03389385638198233, 'decay_rate': 0.002323922057810228, 'hidden_size': 16, 'signal_len': 16, 'cheb_order': 2, 's': 7.721197590563703, 'batch_size': 16, 'k': 4}
Trial 991 finished with value 0.076494812 | dataset=nasdaq | model=ufgtime_plus | val_MSE=0.003236156 | test_MSE=0.011958384 | MAE=0.076494812 | RMSE=0.109354399 | MAPE=7.836537075% | params={'learning_rate': 0.024804218490577176, 'decay_rate': 6.24931890221927e-05, 'hidden_size': 16, 'signal_len': 16, 'cheb_order': 2, 's': 9.422815254353143, 'batch_size': 16, 'k': 4}
Trial 992 finished with value 0.128422565 | dataset=nasdaq | model=ufgtime_plus | val_MSE=0.005375055 | test_MSE=0.025617049 | MAE=0.128422565 | RMSE=0.160053269 | MAPE=13.703568903% | params={'learning_rate': 0.026856875923753996, 'decay_rate': 0.0008916211226185165, 'hidden_size': 16, 'signal_len': 16, 'cheb_order': 2, 's': 7.155867315639733, 'batch_size': 16, 'k': 4}
Trial 993 finished with value 0.061503060 | dataset=nasdaq | model=ufgtime_plus | val_MSE=0.003147877 | test_MSE=0.008650199 | MAE=0.061503060 | RMSE=0.093006446 | MAPE=6.579749466% | params={'learning_rate': 0.02330528202466487, 'decay_rate': 3.426333660304058e-05, 'hidden_size': 16, 'signal_len': 16, 'cheb_order': 2, 's': 8.44417449488951, 'batch_size': 16, 'k': 4}
Trial 994 finished with value 0.148868185 | dataset=nasdaq | model=ufgtime_plus | val_MSE=0.006332891 | test_MSE=0.031816269 | MAE=0.148868185 | RMSE=0.178371156 | MAPE=15.976904999% | params={'learning_rate': 0.021129347476121666, 'decay_rate': 0.0017955293886931867, 'hidden_size': 16, 'signal_len': 16, 'cheb_order': 2, 's': 8.422050709974727, 'batch_size': 128, 'k': 4}
Trial 995 finished with value 0.068995897 | dataset=nasdaq | model=ufgtime_plus | val_MSE=0.003042246 | test_MSE=0.010863918 | MAE=0.068995897 | RMSE=0.104230120 | MAPE=7.119108922% | params={'learning_rate': 0.02262178551479896, 'decay_rate': 2.7198380731316465e-05, 'hidden_size': 16, 'signal_len': 16, 'cheb_order': 2, 's': 8.61056716099653, 'batch_size': 16, 'k': 4}
Trial 996 finished with value 0.129159629 | dataset=nasdaq | model=ufgtime_plus | val_MSE=0.005504328 | test_MSE=0.026318981 | MAE=0.129159629 | RMSE=0.162231257 | MAPE=13.557278882% | params={'learning_rate': 0.02148273256664967, 'decay_rate': 0.0009007238580661194, 'hidden_size': 16, 'signal_len': 16, 'cheb_order': 2, 's': 8.569423713971105, 'batch_size': 16, 'k': 4}
Trial 997 finished with value 0.166306251 | dataset=nasdaq | model=ufgtime_plus | val_MSE=0.006836105 | test_MSE=0.037458999 | MAE=0.166306251 | RMSE=0.193543274 | MAPE=17.776625573% | params={'learning_rate': 0.022368451214450098, 'decay_rate': 0.0068302505550554855, 'hidden_size': 16, 'signal_len': 16, 'cheb_order': 2, 's': 8.468514001208582, 'batch_size': 16, 'k': 4}
Trial 998 finished with value 0.069388816 | dataset=nasdaq | model=ufgtime_plus | val_MSE=0.003194743 | test_MSE=0.011275524 | MAE=0.069388816 | RMSE=0.106186270 | MAPE=7.164302898% | params={'learning_rate': 0.02325561063946699, 'decay_rate': 1.0195818498381515e-05, 'hidden_size': 16, 'signal_len': 16, 'cheb_order': 2, 's': 8.49157024678045, 'batch_size': 16, 'k': 4}
Trial 999 finished with value 0.159970011 | dataset=nasdaq | model=ufgtime_plus | val_MSE=0.006781416 | test_MSE=0.035595540 | MAE=0.159970011 | RMSE=0.188667804 | MAPE=17.097254914% | params={'learning_rate': 0.0202319299685416, 'decay_rate': 0.0030406579297012127, 'hidden_size': 16, 'signal_len': 16, 'cheb_order': 3, 's': 8.321895608123553, 'batch_size': 256, 'k': 4}
Best trial 749 | value=0.059459284 | dataset=nasdaq | model=ufgtime_plus | params={'learning_rate': 0.02691193523348599, 'decay_rate': 1.4273119175502483e-05, 'hidden_size': 16, 'signal_len': 16, 'cheb_order': 3, 's': 8.039060334305164, 'batch_size': 16, 'k': 4} | val_MSE=0.003335163 | test_MSE=0.008744641 | MAE=0.059459284 | RMSE=0.093512784 | MAPE=6.264763345%
