Trial 708 finished with value 0.148062116 | dataset=nasdaq | model=ufgtime_plus | val_MSE=0.006095006 | test_MSE=0.031233083 | MAE=0.148062116 | RMSE=0.176728840 | MAPE=15.908071708% | params={'learning_rate': 0.03713455416763508, 'decay_rate': 0.0016531412827712625, 'hidden_size': 16, 'signal_len': 16, 'cheb_order': 2, 's': 8.072898836667603, 'batch_size': 32, 'k': 4}
Trial 709 finished with value 0.126263671 | dataset=nasdaq | model=ufgtime_plus | val_MSE=0.005309378 | test_MSE=0.025002498 | MAE=0.126263671 | RMSE=0.158121782 | MAPE=13.480750459% | params={'learning_rate': 0.021313907856789188, 'decay_rate': 0.0009207995328075527, 'hidden_size': 16, 'signal_len': 16, 'cheb_order': 3, 's': 7.117070868088627, 'batch_size': 16, 'k': 4}
Trial 710 finished with value 0.159705926 | dataset=nasdaq | model=ufgtime_plus | val_MSE=0.006581637 | test_MSE=0.034836843 | MAE=0.159705926 | RMSE=0.186646305 | MAPE=17.159541666% | params={'learning_rate': 0.03554631956020153, 'decay_rate': 0.0034923374539024598, 'hidden_size': 16, 'signal_len': 16, 'cheb_order': 2, 's': 7.509382864275588, 'batch_size': 16, 'k': 4}
Trial 711 finished with value 0.068866923 | dataset=nasdaq | model=ufgtime_plus | val_MSE=0.002898735 | test_MSE=0.010174580 | MAE=0.068866923 | RMSE=0.100869124 | MAPE=7.452182526% | params={'learning_rate': 0.034403168431526875, 'decay_rate': 1.3756969920842559e-05, 'hidden_size': 16, 'signal_len': 16, 'cheb_order': 2, 's': 7.271679015585602, 'batch_size': 16, 'k': 4}
Trial 712 finished with value 0.146593063 | dataset=nasdaq | model=ufgtime_plus | val_MSE=0.006173232 | test_MSE=0.030250155 | MAE=0.146593063 | RMSE=0.173925715 | MAPE=16.049623886% | params={'learning_rate': 0.030111211862420554, 'decay_rate': 0.0017479269820160211, 'hidden_size': 16, 'signal_len': 16, 'cheb_order': 2, 's': 7.080407655128739, 'batch_size': 16, 'k': 4}
Trial 713 finished with value 0.127245376 | dataset=nasdaq | model=ufgtime_plus | val_MSE=0.005560068 | test_MSE=0.025496533 | MAE=0.127245376 | RMSE=0.159676339 | MAPE=13.628969839% | params={'learning_rate': 0.04059023036546673, 'decay_rate': 0.0009250286704236927, 'hidden_size': 16, 'signal_len': 16, 'cheb_order': 2, 's': 6.9562178200379385, 'batch_size': 16, 'k': 4}
Trial 714 finished with value 0.153807444 | dataset=nasdaq | model=ufgtime_plus | val_MSE=0.006467190 | test_MSE=0.032426795 | MAE=0.153807444 | RMSE=0.180074414 | MAPE=16.888712965% | params={'learning_rate': 0.027700422458152824, 'decay_rate': 0.002541721757375111, 'hidden_size': 16, 'signal_len': 16, 'cheb_order': 2, 's': 8.301362408541733, 'batch_size': 16, 'k': 4}
Trial 715 finished with value 0.134236928 | dataset=nasdaq | model=ufgtime_plus | val_MSE=0.005826115 | test_MSE=0.028039851 | MAE=0.134236928 | RMSE=0.167451041 | MAPE=14.028597505% | params={'learning_rate': 0.04663688153772001, 'decay_rate': 0.0010057626712022037, 'hidden_size': 16, 'signal_len': 16, 'cheb_order': 2, 's': 7.68102111987265, 'batch_size': 128, 'k': 4}
Trial 716 finished with value 0.148789137 | dataset=nasdaq | model=ufgtime_plus | val_MSE=0.006089358 | test_MSE=0.031301574 | MAE=0.148789137 | RMSE=0.176922509 | MAPE=15.991512719% | params={'learning_rate': 0.022478766974654507, 'decay_rate': 0.0018928063233413469, 'hidden_size': 16, 'signal_len': 16, 'cheb_order': 2, 's': 7.512948610449224, 'batch_size': 16, 'k': 4}
Trial 717 finished with value 0.128221587 | dataset=nasdaq | model=ufgtime_plus | val_MSE=0.005357448 | test_MSE=0.025663406 | MAE=0.128221587 | RMSE=0.160198022 | MAPE=13.508456494% | params={'learning_rate': 0.028373599123240827, 'decay_rate': 0.0009018352758786099, 'hidden_size': 16, 'signal_len': 16, 'cheb_order': 2, 's': 7.25267229279122, 'batch_size': 16, 'k': 4}
Trial 718 finished with value 0.083874483 | dataset=nasdaq | model=ufgtime_plus | val_MSE=0.003896999 | test_MSE=0.014993603 | MAE=0.083874483 | RMSE=0.122448370 | MAPE=8.862268384% | params={'learning_rate': 0.030517091762381304, 'decay_rate': 2.8806890934176147e-05, 'hidden_size': 32, 'signal_len': 16, 'cheb_order': 2, 's': 7.894602896969777, 'batch_size': 256, 'k': 4}
Trial 719 finished with value 0.154704859 | dataset=nasdaq | model=ufgtime_plus | val_MSE=0.006417620 | test_MSE=0.032777603 | MAE=0.154704859 | RMSE=0.181045858 | MAPE=16.912106520% | params={'learning_rate': 0.027089629128578062, 'decay_rate': 0.0026112614793335855, 'hidden_size': 16, 'signal_len': 16, 'cheb_order': 2, 's': 6.869781045961645, 'batch_size': 16, 'k': 4}
Trial 720 finished with value 0.169482778 | dataset=nasdaq | model=ufgtime_plus | val_MSE=0.007607867 | test_MSE=0.037665203 | MAE=0.169482778 | RMSE=0.194075252 | MAPE=18.934221669% | params={'learning_rate': 0.029580010257143678, 'decay_rate': 0.03797325429094419, 'hidden_size': 16, 'signal_len': 16, 'cheb_order': 2, 's': 8.138913531705471, 'batch_size': 16, 'k': 4}
Trial 721 finished with value 0.066163176 | dataset=nasdaq | model=ufgtime_plus | val_MSE=0.002871527 | test_MSE=0.009830870 | MAE=0.066163176 | RMSE=0.099150742 | MAPE=6.811074808% | params={'learning_rate': 0.028698481947051994, 'decay_rate': 1.1924719936540528e-05, 'hidden_size': 16, 'signal_len': 16, 'cheb_order': 2, 's': 7.3476019961570245, 'batch_size': 16, 'k': 4}
Trial 722 finished with value 0.144683897 | dataset=nasdaq | model=ufgtime_plus | val_MSE=0.005920996 | test_MSE=0.030208183 | MAE=0.144683897 | RMSE=0.173805014 | MAPE=15.489378096% | params={'learning_rate': 0.02727331058985098, 'decay_rate': 0.0016748398882717643, 'hidden_size': 16, 'signal_len': 16, 'cheb_order': 2, 's': 8.417195658674762, 'batch_size': 16, 'k': 4}
Trial 723 finished with value 0.123014659 | dataset=nasdaq | model=ufgtime_plus | val_MSE=0.005458443 | test_MSE=0.023826781 | MAE=0.123014659 | RMSE=0.154359259 | MAPE=13.441885466% | params={'learning_rate': 0.028282595709403474, 'decay_rate': 0.0008861250445026978, 'hidden_size': 16, 'signal_len': 16, 'cheb_order': 2, 's': 7.091113149258401, 'batch_size': 16, 'k': 4}
Trial 724 finished with value 0.142614109 | dataset=nasdaq | model=ufgtime_plus | val_MSE=0.005900238 | test_MSE=0.028868520 | MAE=0.142614109 | RMSE=0.169907386 | MAPE=15.578066892% | params={'learning_rate': 0.031178785466898278, 'decay_rate': 0.0016106830797098309, 'hidden_size': 64, 'signal_len': 16, 'cheb_order': 2, 's': 6.745847308717226, 'batch_size': 16, 'k': 4}
Trial 725 finished with value 0.060975984 | dataset=nasdaq | model=ufgtime_plus | val_MSE=0.003316349 | test_MSE=0.008915445 | MAE=0.060975984 | RMSE=0.094421632 | MAPE=6.427416080% | params={'learning_rate': 0.02686921997664691, 'decay_rate': 3.3986988298092774e-05, 'hidden_size': 16, 'signal_len': 16, 'cheb_order': 2, 's': 7.6169878180452795, 'batch_size': 16, 'k': 4}
Trial 726 finished with value 0.122307391 | dataset=nasdaq | model=ufgtime_plus | val_MSE=0.005280479 | test_MSE=0.023880764 | MAE=0.122307391 | RMSE=0.154534022 | MAPE=13.187721871% | params={'learning_rate': 0.04162765986228965, 'decay_rate': 0.000835957690706661, 'hidden_size': 16, 'signal_len': 16, 'cheb_order': 2, 's': 7.701577200060663, 'batch_size': 16, 'k': 4}
Trial 727 finished with value 0.164545403 | dataset=nasdaq | model=ufgtime_plus | val_MSE=0.006965829 | test_MSE=0.037690815 | MAE=0.164545403 | RMSE=0.194141224 | MAPE=17.175520327% | params={'learning_rate': 0.03241896222254332, 'decay_rate': 0.003426388751560243, 'hidden_size': 16, 'signal_len': 16, 'cheb_order': 2, 's': 7.650032690778754, 'batch_size': 16, 'k': 3}
Trial 728 finished with value 0.154192682 | dataset=nasdaq | model=ufgtime_plus | val_MSE=0.006509824 | test_MSE=0.033044185 | MAE=0.154192682 | RMSE=0.181780597 | MAPE=16.772599492% | params={'learning_rate': 0.03986185945773654, 'decay_rate': 0.0022726357300798016, 'hidden_size': 16, 'signal_len': 16, 'cheb_order': 3, 's': 7.8552152301624885, 'batch_size': 16, 'k': 4}
Trial 729 finished with value 0.070532876 | dataset=nasdaq | model=ufgtime_plus | val_MSE=0.003000370 | test_MSE=0.010226245 | MAE=0.070532876 | RMSE=0.101124900 | MAPE=7.354467140% | params={'learning_rate': 0.029381801680430315, 'decay_rate': 4.054568326081655e-05, 'hidden_size': 16, 'signal_len': 16, 'cheb_order': 2, 's': 7.568947394728486, 'batch_size': 16, 'k': 4}
Trial 730 finished with value 0.171432306 | dataset=nasdaq | model=ufgtime_plus | val_MSE=0.007134479 | test_MSE=0.039721110 | MAE=0.171432306 | RMSE=0.199301556 | MAPE=18.177735599% | params={'learning_rate': 0.04719310291256747, 'decay_rate': 0.01072203780429092, 'hidden_size': 16, 'signal_len': 16, 'cheb_order': 2, 's': 7.474197070214802, 'batch_size': 16, 'k': 4}
Trial 731 finished with value 0.130128252 | dataset=nasdaq | model=ufgtime_plus | val_MSE=0.005610151 | test_MSE=0.026006557 | MAE=0.130128252 | RMSE=0.161265488 | MAPE=14.041885346% | params={'learning_rate': 0.02710766640500307, 'decay_rate': 0.0009429072745887725, 'hidden_size': 16, 'signal_len': 16, 'cheb_order': 2, 's': 7.808323813104963, 'batch_size': 32, 'k': 4}
Trial 732 finished with value 0.141140878 | dataset=nasdaq | model=ufgtime_plus | val_MSE=0.006052097 | test_MSE=0.028499697 | MAE=0.141140878 | RMSE=0.168818534 | MAPE=15.526464242% | params={'learning_rate': 0.04177487631895792, 'decay_rate': 0.0015871254144453467, 'hidden_size': 16, 'signal_len': 16, 'cheb_order': 2, 's': 8.055917824513106, 'batch_size': 16, 'k': 4}
Trial 733 finished with value 0.070181602 | dataset=nasdaq | model=ufgtime_plus | val_MSE=0.003019999 | test_MSE=0.009878887 | MAE=0.070181602 | RMSE=0.099392592 | MAPE=7.587790967% | params={'learning_rate': 0.027976104409992632, 'decay_rate': 2.7932120325683834e-05, 'hidden_size': 16, 'signal_len': 16, 'cheb_order': 2, 's': 7.5975597900219585, 'batch_size': 16, 'k': 4}
Trial 734 finished with value 0.158723062 | dataset=nasdaq | model=ufgtime_plus | val_MSE=0.006371006 | test_MSE=0.034718507 | MAE=0.158723062 | RMSE=0.186329029 | MAPE=16.931170197% | params={'learning_rate': 0.03035086821965151, 'decay_rate': 0.0027384225856661314, 'hidden_size': 16, 'signal_len': 16, 'cheb_order': 2, 's': 7.4010748657311325, 'batch_size': 16, 'k': 4}
Trial 735 finished with value 0.132572378 | dataset=nasdaq | model=ufgtime_plus | val_MSE=0.005531400 | test_MSE=0.025985170 | MAE=0.132572378 | RMSE=0.161199164 | MAPE=14.281596604% | params={'learning_rate': 0.029114760303689324, 'decay_rate': 0.0010613180964516018, 'hidden_size': 16, 'signal_len': 16, 'cheb_order': 2, 's': 7.946926107265981, 'batch_size': 16, 'k': 4}
Trial 736 finished with value 0.205529465 | dataset=nasdaq | model=ufgtime_plus | val_MSE=0.014051306 | test_MSE=0.058734609 | MAE=0.205529465 | RMSE=0.242352241 | MAPE=19.613713562% | params={'learning_rate': 0.026937167615155095, 'decay_rate': 0.032650557762141236, 'hidden_size': 16, 'signal_len': 16, 'cheb_order': 2, 's': 7.2881156646744945, 'batch_size': 128, 'k': 4}
Trial 737 finished with value 0.147782562 | dataset=nasdaq | model=ufgtime_plus | val_MSE=0.006233450 | test_MSE=0.031121119 | MAE=0.147782562 | RMSE=0.176411789 | MAPE=15.978814666% | params={'learning_rate': 0.02324702168357434, 'decay_rate': 0.0017813032724603032, 'hidden_size': 16, 'signal_len': 16, 'cheb_order': 2, 's': 7.726970921156137, 'batch_size': 16, 'k': 4}
Trial 738 finished with value 0.070082514 | dataset=nasdaq | model=ufgtime_plus | val_MSE=0.003254593 | test_MSE=0.010409968 | MAE=0.070082514 | RMSE=0.102029249 | MAPE=7.439074644% | params={'learning_rate': 0.02804596327096922, 'decay_rate': 4.571794482804856e-05, 'hidden_size': 16, 'signal_len': 16, 'cheb_order': 2, 's': 1.8916599696759104, 'batch_size': 16, 'k': 4}
Trial 739 finished with value 0.125048448 | dataset=nasdaq | model=ufgtime_plus | val_MSE=0.005434187 | test_MSE=0.024240090 | MAE=0.125048448 | RMSE=0.155692293 | MAPE=13.657479204% | params={'learning_rate': 0.02430159444785425, 'decay_rate': 0.0009349412285960063, 'hidden_size': 16, 'signal_len': 16, 'cheb_order': 2, 's': 8.17649581304245, 'batch_size': 16, 'k': 4}
Trial 740 finished with value 0.122568625 | dataset=nasdaq | model=ufgtime_plus | val_MSE=0.005481356 | test_MSE=0.023545359 | MAE=0.122568625 | RMSE=0.153444970 | MAPE=13.458745522% | params={'learning_rate': 0.0223444265968269, 'decay_rate': 0.0008756456320938909, 'hidden_size': 16, 'signal_len': 16, 'cheb_order': 2, 's': 7.475477370209373, 'batch_size': 16, 'k': 4}
Trial 741 finished with value 0.156990885 | dataset=nasdaq | model=ufgtime_plus | val_MSE=0.006294776 | test_MSE=0.034147599 | MAE=0.156990885 | RMSE=0.184790689 | MAPE=16.692842530% | params={'learning_rate': 0.031800641088848565, 'decay_rate': 0.0023657245182818923, 'hidden_size': 32, 'signal_len': 16, 'cheb_order': 2, 's': 7.327207797314736, 'batch_size': 16, 'k': 4}
Trial 742 finished with value 0.070957661 | dataset=nasdaq | model=ufgtime_plus | val_MSE=0.003146321 | test_MSE=0.011166054 | MAE=0.070957661 | RMSE=0.105669553 | MAPE=7.313907687% | params={'learning_rate': 0.02645558101182121, 'decay_rate': 2.4893706461884805e-05, 'hidden_size': 16, 'signal_len': 16, 'cheb_order': 2, 's': 8.434923618227822, 'batch_size': 256, 'k': 4}
Trial 743 finished with value 0.146640656 | dataset=nasdaq | model=ufgtime_plus | val_MSE=0.005961462 | test_MSE=0.030960990 | MAE=0.146640656 | RMSE=0.175957354 | MAPE=15.577131321% | params={'learning_rate': 0.0202726565378373, 'decay_rate': 0.0015626533233925463, 'hidden_size': 16, 'signal_len': 16, 'cheb_order': 2, 's': 7.628998302901615, 'batch_size': 16, 'k': 4}
Trial 744 finished with value 0.066477315 | dataset=nasdaq | model=ufgtime_plus | val_MSE=0.003007697 | test_MSE=0.009980171 | MAE=0.066477315 | RMSE=0.099900804 | MAPE=6.955178870% | params={'learning_rate': 0.02971236236820992, 'decay_rate': 2.9699935008037705e-05, 'hidden_size': 16, 'signal_len': 16, 'cheb_order': 2, 's': 7.892075575433501, 'batch_size': 16, 'k': 4}
Trial 745 finished with value 0.165380907 | dataset=nasdaq | model=ufgtime_plus | val_MSE=0.006752128 | test_MSE=0.037105280 | MAE=0.165380907 | RMSE=0.192627308 | MAPE=17.520666065% | params={'learning_rate': 0.028813592863867858, 'decay_rate': 0.00440357313934428, 'hidden_size': 16, 'signal_len': 16, 'cheb_order': 2, 's': 7.220484890748777, 'batch_size': 16, 'k': 4}
Trial 746 finished with value 0.158824649 | dataset=nasdaq | model=ufgtime_plus | val_MSE=0.006539957 | test_MSE=0.034685138 | MAE=0.158824649 | RMSE=0.186239464 | MAPE=16.992342277% | params={'learning_rate': 0.027956510031325623, 'decay_rate': 0.003105650852029013, 'hidden_size': 64, 'signal_len': 16, 'cheb_order': 2, 's': 8.261568729189808, 'batch_size': 16, 'k': 4}
Trial 747 finished with value 0.128277535 | dataset=nasdaq | model=ufgtime_plus | val_MSE=0.005481588 | test_MSE=0.024816382 | MAE=0.128277535 | RMSE=0.157532162 | MAPE=13.960577795% | params={'learning_rate': 0.024853246442779746, 'decay_rate': 0.0010087307253485854, 'hidden_size': 16, 'signal_len': 16, 'cheb_order': 2, 's': 7.450209277727151, 'batch_size': 16, 'k': 4}
Trial 748 finished with value 0.153008180 | dataset=nasdaq | model=ufgtime_plus | val_MSE=0.006187018 | test_MSE=0.032870430 | MAE=0.153008180 | RMSE=0.181302040 | MAPE=16.227586256% | params={'learning_rate': 0.030622802894274867, 'decay_rate': 0.0018783938641926225, 'hidden_size': 16, 'signal_len': 16, 'cheb_order': 2, 's': 7.770196184629515, 'batch_size': 16, 'k': 4}
Trial 749 finished with value 0.059459284 | dataset=nasdaq | model=ufgtime_plus | val_MSE=0.003335163 | test_MSE=0.008744641 | MAE=0.059459284 | RMSE=0.093512784 | MAPE=6.264763345% | params={'learning_rate': 0.02691193523348599, 'decay_rate': 1.4273119175502483e-05, 'hidden_size': 16, 'signal_len': 16, 'cheb_order': 3, 's': 8.039060334305164, 'batch_size': 16, 'k': 4}
Trial 750 finished with value 0.171085992 | dataset=nasdaq | model=ufgtime_plus | val_MSE=0.007198374 | test_MSE=0.039845884 | MAE=0.171085992 | RMSE=0.199614339 | MAPE=17.903678050% | params={'learning_rate': 0.0379219589393633, 'decay_rate': 0.006049507178609565, 'hidden_size': 16, 'signal_len': 16, 'cheb_order': 3, 's': 8.126166931473122, 'batch_size': 16, 'k': 4}
Trial 751 finished with value 0.128834020 | dataset=nasdaq | model=ufgtime_plus | val_MSE=0.005380479 | test_MSE=0.025115412 | MAE=0.128834020 | RMSE=0.158478428 | MAPE=14.010014983% | params={'learning_rate': 0.025953269435921748, 'decay_rate': 0.0009077649361400059, 'hidden_size': 16, 'signal_len': 16, 'cheb_order': 3, 's': 8.011831555451572, 'batch_size': 16, 'k': 4}
Trial 752 finished with value 0.147391479 | dataset=nasdaq | model=ufgtime_plus | val_MSE=0.005932919 | test_MSE=0.030783169 | MAE=0.147391479 | RMSE=0.175451329 | MAPE=15.825830170% | params={'learning_rate': 0.026339060271502547, 'decay_rate': 0.0017443170314869715, 'hidden_size': 16, 'signal_len': 16, 'cheb_order': 3, 's': 8.00249606273491, 'batch_size': 16, 'k': 4}
Trial 753 finished with value 0.196404819 | dataset=nasdaq | model=ufgtime_plus | val_MSE=0.010544260 | test_MSE=0.052444412 | MAE=0.196404819 | RMSE=0.229007450 | MAPE=19.447361724% | params={'learning_rate': 0.026996011456843653, 'decay_rate': 0.0427224705236606, 'hidden_size': 16, 'signal_len': 16, 'cheb_order': 3, 's': 8.585855907007607, 'batch_size': 16, 'k': 4}
Trial 754 finished with value 0.081409445 | dataset=nasdaq | model=ufgtime_plus | val_MSE=0.003103329 | test_MSE=0.012048832 | MAE=0.081409445 | RMSE=0.109767173 | MAPE=8.898283622% | params={'learning_rate': 0.025175491855772378, 'decay_rate': 2.559270177422104e-05, 'hidden_size': 16, 'signal_len': 16, 'cheb_order': 3, 's': 8.212690514535405, 'batch_size': 16, 'k': 4}
Trial 755 finished with value 0.158155693 | dataset=nasdaq | model=ufgtime_plus | val_MSE=0.006428490 | test_MSE=0.034406853 | MAE=0.158155693 | RMSE=0.185490844 | MAPE=17.010356081% | params={'learning_rate': 0.024368771590026136, 'decay_rate': 0.002587320782040792, 'hidden_size': 16, 'signal_len': 16, 'cheb_order': 3, 's': 7.843139615954265, 'batch_size': 16, 'k': 4}
Trial 756 finished with value 0.128380305 | dataset=nasdaq | model=ufgtime_plus | val_MSE=0.005420326 | test_MSE=0.025867997 | MAE=0.128380305 | RMSE=0.160835310 | MAPE=13.589228732% | params={'learning_rate': 0.02703679571568355, 'decay_rate': 0.0009245976951679607, 'hidden_size': 16, 'signal_len': 16, 'cheb_order': 3, 's': 8.384550755675555, 'batch_size': 32, 'k': 4}
Trial 757 finished with value 0.145815971 | dataset=nasdaq | model=ufgtime_plus | val_MSE=0.005989158 | test_MSE=0.030696991 | MAE=0.145815971 | RMSE=0.175205569 | MAPE=15.443164631% | params={'learning_rate': 0.025904107711987943, 'decay_rate': 0.0015425027690847664, 'hidden_size': 16, 'signal_len': 16, 'cheb_order': 3, 's': 8.138751287665968, 'batch_size': 16, 'k': 4}
Trial 758 finished with value 0.130620559 | dataset=nasdaq | model=ufgtime_plus | val_MSE=0.005540252 | test_MSE=0.026629707 | MAE=0.130620559 | RMSE=0.163186112 | MAPE=13.557566759% | params={'learning_rate': 0.023744128506088175, 'decay_rate': 0.0009435247532622721, 'hidden_size': 16, 'signal_len': 16, 'cheb_order': 3, 's': 9.997003099052069, 'batch_size': 16, 'k': 4}
Trial 759 finished with value 0.073643449 | dataset=nasdaq | model=ufgtime_plus | val_MSE=0.003266883 | test_MSE=0.011578476 | MAE=0.073643449 | RMSE=0.107603326 | MAPE=7.575687921% | params={'learning_rate': 0.027748367566573333, 'decay_rate': 3.0343586326274957e-05, 'hidden_size': 16, 'signal_len': 16, 'cheb_order': 3, 's': 7.677707418094402, 'batch_size': 128, 'k': 4}
Trial 760 finished with value 0.169830830 | dataset=nasdaq | model=ufgtime_plus | val_MSE=0.006850820 | test_MSE=0.038124621 | MAE=0.169830830 | RMSE=0.195255271 | MAPE=18.429953923% | params={'learning_rate': 0.026748047592860168, 'decay_rate': 0.01540185472307379, 'hidden_size': 16, 'signal_len': 16, 'cheb_order': 3, 's': 7.954548677511146, 'batch_size': 16, 'k': 4}
Trial 761 finished with value 0.155442982 | dataset=nasdaq | model=ufgtime_plus | val_MSE=0.006323501 | test_MSE=0.033137049 | MAE=0.155442982 | RMSE=0.182035844 | MAPE=16.841421503% | params={'learning_rate': 0.025359835599021677, 'decay_rate': 0.0025806825313421035, 'hidden_size': 16, 'signal_len': 16, 'cheb_order': 3, 's': 8.25309046861089, 'batch_size': 16, 'k': 4}
Trial 762 finished with value 0.162090825 | dataset=nasdaq | model=ufgtime_plus | val_MSE=0.006541958 | test_MSE=0.035776451 | MAE=0.162090825 | RMSE=0.189146640 | MAPE=17.298313921% | params={'learning_rate': 0.027580693427557767, 'decay_rate': 0.0035700118874771114, 'hidden_size': 16, 'signal_len': 16, 'cheb_order': 3, 's': 7.745732470768988, 'batch_size': 16, 'k': 4}
Trial 763 finished with value 0.127377655 | dataset=nasdaq | model=ufgtime_plus | val_MSE=0.005344158 | test_MSE=0.025340570 | MAE=0.127377655 | RMSE=0.159187216 | MAPE=13.475320691% | params={'learning_rate': 0.021525322172437043, 'decay_rate': 0.0009150972276993337, 'hidden_size': 32, 'signal_len': 16, 'cheb_order': 3, 's': 8.564033964232907, 'batch_size': 16, 'k': 4}
Trial 764 finished with value 0.069696801 | dataset=nasdaq | model=ufgtime_plus | val_MSE=0.003074985 | test_MSE=0.011074486 | MAE=0.069696801 | RMSE=0.105235384 | MAPE=7.200818586% | params={'learning_rate': 0.022937491058808768, 'decay_rate': 1.6561073526184276e-05, 'hidden_size': 16, 'signal_len': 16, 'cheb_order': 3, 's': 7.578983385933895, 'batch_size': 16, 'k': 4}
Trial 765 finished with value 0.151882630 | dataset=nasdaq | model=ufgtime_plus | val_MSE=0.006622759 | test_MSE=0.033357299 | MAE=0.151882630 | RMSE=0.182639807 | MAPE=16.060212436% | params={'learning_rate': 0.024405263172933723, 'decay_rate': 0.0017247357984551586, 'hidden_size': 16, 'signal_len': 16, 'cheb_order': 2, 's': 8.01422373154656, 'batch_size': 256, 'k': 4}
Trial 766 finished with value 0.133932548 | dataset=nasdaq | model=ufgtime_plus | val_MSE=0.005326406 | test_MSE=0.026976549 | MAE=0.133932548 | RMSE=0.164245394 | MAPE=14.042225572% | params={'learning_rate': 0.02611996741487912, 'decay_rate': 0.0009507854639043413, 'hidden_size': 16, 'signal_len': 16, 'cheb_order': 2, 's': 7.805908083486363, 'batch_size': 16, 'k': 4}
