Trial 493 finished with value 0.141803354 | dataset=nn5 | model=ufgtime_plus | val_MSE=0.036714658 | test_MSE=0.034224361 | MAE=0.141803354 | RMSE=0.184998272 | MAPE=46.112868390% | params={'learning_rate': 0.015559634141995217, 'decay_rate': 0.006846563307245318, 'hidden_size': 64, 'beta1': 0.9, 'beta2': 0.999, 'signal_len': 8, 'cheb_order': 2, 's': 7.51340261755401, 'batch_size': 32, 'k': 6}
Trial 494 finished with value 0.131718856 | dataset=nn5 | model=ufgtime_plus | val_MSE=0.033598734 | test_MSE=0.029474151 | MAE=0.131718856 | RMSE=0.171680374 | MAPE=44.665325810% | params={'learning_rate': 0.017712832132787296, 'decay_rate': 0.0019237421575314783, 'hidden_size': 64, 'beta1': 0.9, 'beta2': 0.999, 'signal_len': 16, 'cheb_order': 2, 's': 7.60601601588743, 'batch_size': 32, 'k': 6}
Trial 495 finished with value 0.088838162 | dataset=nn5 | model=ufgtime_plus | val_MSE=0.023104992 | test_MSE=0.015974994 | MAE=0.088838162 | RMSE=0.126392221 | MAPE=31.785795114% | params={'learning_rate': 0.01625050387597275, 'decay_rate': 3.09756939286287e-05, 'hidden_size': 64, 'beta1': 0.9, 'beta2': 0.999, 'signal_len': 16, 'cheb_order': 2, 's': 7.889418690792743, 'batch_size': 32, 'k': 6}
Trial 496 finished with value 0.145774588 | dataset=nn5 | model=ufgtime_plus | val_MSE=0.037567267 | test_MSE=0.034380480 | MAE=0.145774588 | RMSE=0.185419741 | MAPE=50.302631553% | params={'learning_rate': 0.016437673441437338, 'decay_rate': 0.0035060503936124054, 'hidden_size': 64, 'beta1': 0.9, 'beta2': 0.999, 'signal_len': 16, 'cheb_order': 2, 's': 7.933680532189341, 'batch_size': 32, 'k': 6}
Trial 497 finished with value 0.126515107 | dataset=nn5 | model=ufgtime_plus | val_MSE=0.032777496 | test_MSE=0.027972733 | MAE=0.126515107 | RMSE=0.167250508 | MAPE=42.279670864% | params={'learning_rate': 0.018601459120103116, 'decay_rate': 0.0008923271870324412, 'hidden_size': 64, 'beta1': 0.9, 'beta2': 0.999, 'signal_len': 16, 'cheb_order': 2, 's': 7.439160271602056, 'batch_size': 32, 'k': 6}
Trial 498 finished with value 0.145651391 | dataset=nn5 | model=ufgtime_plus | val_MSE=0.039351512 | test_MSE=0.037583731 | MAE=0.145651391 | RMSE=0.193865238 | MAPE=45.503944529% | params={'learning_rate': 0.019457719521264377, 'decay_rate': 0.013144341839070168, 'hidden_size': 64, 'beta1': 0.9, 'beta2': 0.999, 'signal_len': 16, 'cheb_order': 2, 's': 7.738228254104283, 'batch_size': 32, 'k': 5}
Trial 499 finished with value 0.087924872 | dataset=nn5 | model=ufgtime_plus | val_MSE=0.023057881 | test_MSE=0.015655768 | MAE=0.087924872 | RMSE=0.125123010 | MAPE=32.468617392% | params={'learning_rate': 0.017932522359528434, 'decay_rate': 2.1075522737726156e-05, 'hidden_size': 64, 'beta1': 0.9, 'beta2': 0.999, 'signal_len': 16, 'cheb_order': 2, 's': 8.00429597662896, 'batch_size': 32, 'k': 6}
Trial 500 finished with value 0.087511338 | dataset=nn5 | model=ufgtime_plus | val_MSE=0.022981439 | test_MSE=0.015575350 | MAE=0.087511338 | RMSE=0.124801242 | MAPE=31.543004172% | params={'learning_rate': 0.017565252134482894, 'decay_rate': 1.3158550607079963e-05, 'hidden_size': 64, 'beta1': 0.9, 'beta2': 0.999, 'signal_len': 16, 'cheb_order': 2, 's': 8.042220273492411, 'batch_size': 32, 'k': 6}
Trial 501 finished with value 0.130903677 | dataset=nn5 | model=ufgtime_plus | val_MSE=0.033454021 | test_MSE=0.029241795 | MAE=0.130903677 | RMSE=0.171002324 | MAPE=43.911391934% | params={'learning_rate': 0.0176922602223631, 'decay_rate': 0.0018823513874381586, 'hidden_size': 64, 'beta1': 0.9, 'beta2': 0.999, 'signal_len': 16, 'cheb_order': 2, 's': 8.077723341332982, 'batch_size': 32, 'k': 6}
Trial 502 finished with value 0.089253980 | dataset=nn5 | model=ufgtime_plus | val_MSE=0.023223762 | test_MSE=0.016107305 | MAE=0.089253980 | RMSE=0.126914559 | MAPE=31.627424765% | params={'learning_rate': 0.021526065422454964, 'decay_rate': 2.4417029954789724e-05, 'hidden_size': 64, 'beta1': 0.9, 'beta2': 0.999, 'signal_len': 16, 'cheb_order': 2, 's': 7.6771416804039925, 'batch_size': 32, 'k': 6}
Trial 503 finished with value 0.137050188 | dataset=nn5 | model=ufgtime_plus | val_MSE=0.035109426 | test_MSE=0.031422799 | MAE=0.137050188 | RMSE=0.177264770 | MAPE=46.016938772% | params={'learning_rate': 0.019320920325016245, 'decay_rate': 0.002527829911221816, 'hidden_size': 64, 'beta1': 0.9, 'beta2': 0.999, 'signal_len': 16, 'cheb_order': 2, 's': 7.954306985135525, 'batch_size': 32, 'k': 6}
Trial 504 finished with value 0.127083175 | dataset=nn5 | model=ufgtime_plus | val_MSE=0.032869276 | test_MSE=0.028304144 | MAE=0.127083175 | RMSE=0.168238354 | MAPE=42.265866092% | params={'learning_rate': 0.01680440612569936, 'decay_rate': 0.0010158738342635704, 'hidden_size': 64, 'beta1': 0.9, 'beta2': 0.999, 'signal_len': 16, 'cheb_order': 2, 's': 8.134859911886922, 'batch_size': 32, 'k': 6}
Trial 505 finished with value 0.146617530 | dataset=nn5 | model=ufgtime_plus | val_MSE=0.037687294 | test_MSE=0.034536158 | MAE=0.146617530 | RMSE=0.185839066 | MAPE=50.878872045% | params={'learning_rate': 0.018428356237946766, 'decay_rate': 0.00451963620455218, 'hidden_size': 64, 'beta1': 0.9, 'beta2': 0.999, 'signal_len': 16, 'cheb_order': 2, 's': 7.730024898983443, 'batch_size': 32, 'k': 6}
Trial 506 finished with value 0.132467985 | dataset=nn5 | model=ufgtime_plus | val_MSE=0.034298769 | test_MSE=0.030339659 | MAE=0.132467985 | RMSE=0.174182834 | MAPE=43.887287047% | params={'learning_rate': 0.020301600558399132, 'decay_rate': 0.00165219185703033, 'hidden_size': 64, 'beta1': 0.9, 'beta2': 0.999, 'signal_len': 16, 'cheb_order': 2, 's': 7.492469306400055, 'batch_size': 32, 'k': 6}
Trial 507 finished with value 0.126951498 | dataset=nn5 | model=ufgtime_plus | val_MSE=0.032708287 | test_MSE=0.027920840 | MAE=0.126951498 | RMSE=0.167095303 | MAPE=42.644149057% | params={'learning_rate': 0.01722410364364451, 'decay_rate': 0.0009409728575050681, 'hidden_size': 64, 'beta1': 0.9, 'beta2': 0.999, 'signal_len': 16, 'cheb_order': 2, 's': 8.261322075551256, 'batch_size': 32, 'k': 6}
Trial 508 finished with value 0.088167647 | dataset=nn5 | model=ufgtime_plus | val_MSE=0.023105530 | test_MSE=0.015781859 | MAE=0.088167647 | RMSE=0.125625870 | MAPE=31.569037579% | params={'learning_rate': 0.015373002430512546, 'decay_rate': 3.648685804737911e-05, 'hidden_size': 64, 'beta1': 0.9, 'beta2': 0.999, 'signal_len': 16, 'cheb_order': 2, 's': 7.864391166802914, 'batch_size': 32, 'k': 6}
Trial 509 finished with value 0.144347632 | dataset=nn5 | model=ufgtime_plus | val_MSE=0.037350082 | test_MSE=0.034076111 | MAE=0.144347632 | RMSE=0.184597158 | MAPE=49.498686015% | params={'learning_rate': 0.015488815111927528, 'decay_rate': 0.0031492213144995334, 'hidden_size': 64, 'beta1': 0.9, 'beta2': 0.999, 'signal_len': 16, 'cheb_order': 2, 's': 8.000230802402724, 'batch_size': 32, 'k': 6}
Trial 510 finished with value 0.150790794 | dataset=nn5 | model=ufgtime_plus | val_MSE=0.038392328 | test_MSE=0.036146102 | MAE=0.150790794 | RMSE=0.190121283 | MAPE=53.443276232% | params={'learning_rate': 0.01493319524422463, 'decay_rate': 0.011507048378328695, 'hidden_size': 64, 'beta1': 0.9, 'beta2': 0.999, 'signal_len': 16, 'cheb_order': 2, 's': 7.867552316529535, 'batch_size': 32, 'k': 6}
Trial 511 finished with value 0.130805822 | dataset=nn5 | model=ufgtime_plus | val_MSE=0.033569459 | test_MSE=0.029312717 | MAE=0.130805822 | RMSE=0.171209569 | MAPE=43.930576005% | params={'learning_rate': 0.016351977222282002, 'decay_rate': 0.0018212708577341407, 'hidden_size': 64, 'beta1': 0.9, 'beta2': 0.999, 'signal_len': 16, 'cheb_order': 2, 's': 8.200358681881555, 'batch_size': 32, 'k': 6}
Trial 512 finished with value 0.142948877 | dataset=nn5 | model=ufgtime_plus | val_MSE=0.036375850 | test_MSE=0.033616071 | MAE=0.142948877 | RMSE=0.183346859 | MAPE=48.377880127% | params={'learning_rate': 0.01779391315909728, 'decay_rate': 0.009587610578628404, 'hidden_size': 64, 'beta1': 0.9, 'beta2': 0.999, 'signal_len': 8, 'cheb_order': 2, 's': 3.563139958117912, 'batch_size': 32, 'k': 6}
Trial 513 finished with value 0.130939110 | dataset=nn5 | model=ufgtime_plus | val_MSE=0.033960879 | test_MSE=0.028564309 | MAE=0.130939110 | RMSE=0.169009790 | MAPE=46.082344865% | params={'learning_rate': 0.01577483463994876, 'decay_rate': 0.0009008735184203835, 'hidden_size': 64, 'beta1': 0.9, 'beta2': 0.999, 'signal_len': 16, 'cheb_order': 2, 's': 8.081090753444514, 'batch_size': 32, 'k': 6}
Trial 514 finished with value 0.126715087 | dataset=nn5 | model=ufgtime_plus | val_MSE=0.032757649 | test_MSE=0.028006366 | MAE=0.126715087 | RMSE=0.167351025 | MAPE=42.298653787% | params={'learning_rate': 0.014755930330375637, 'decay_rate': 0.0008515828103431892, 'hidden_size': 64, 'beta1': 0.9, 'beta2': 0.999, 'signal_len': 16, 'cheb_order': 2, 's': 3.87691744329657, 'batch_size': 32, 'k': 6}
Trial 515 finished with value 0.088889196 | dataset=nn5 | model=ufgtime_plus | val_MSE=0.023044967 | test_MSE=0.016077827 | MAE=0.088889196 | RMSE=0.126798370 | MAPE=31.188779920% | params={'learning_rate': 0.01678011947675089, 'decay_rate': 3.2278651686432484e-05, 'hidden_size': 64, 'beta1': 0.9, 'beta2': 0.999, 'signal_len': 16, 'cheb_order': 2, 's': 8.688032744978315, 'batch_size': 32, 'k': 6}
Trial 516 finished with value 0.087899616 | dataset=nn5 | model=ufgtime_plus | val_MSE=0.023150033 | test_MSE=0.015737287 | MAE=0.087899616 | RMSE=0.125448342 | MAPE=31.373206708% | params={'learning_rate': 0.01878254037959078, 'decay_rate': 2.9329942475924252e-05, 'hidden_size': 64, 'beta1': 0.9, 'beta2': 0.999, 'signal_len': 16, 'cheb_order': 2, 's': 8.313640246477492, 'batch_size': 32, 'k': 6}
Trial 517 finished with value 0.136945323 | dataset=nn5 | model=ufgtime_plus | val_MSE=0.034946021 | test_MSE=0.031017395 | MAE=0.136945323 | RMSE=0.176117560 | MAPE=46.487721668% | params={'learning_rate': 0.01899223838214567, 'decay_rate': 0.0022624274860358028, 'hidden_size': 64, 'beta1': 0.9, 'beta2': 0.999, 'signal_len': 16, 'cheb_order': 2, 's': 8.252006497964457, 'batch_size': 32, 'k': 6}
Trial 518 finished with value 0.130958807 | dataset=nn5 | model=ufgtime_plus | val_MSE=0.033320873 | test_MSE=0.028797258 | MAE=0.130958807 | RMSE=0.169697548 | MAPE=44.914879000% | params={'learning_rate': 0.018381014915402838, 'decay_rate': 0.0016582014211556212, 'hidden_size': 64, 'beta1': 0.9, 'beta2': 0.999, 'signal_len': 16, 'cheb_order': 2, 's': 8.538395260699815, 'batch_size': 32, 'k': 6}
Trial 519 finished with value 0.127806109 | dataset=nn5 | model=ufgtime_plus | val_MSE=0.032732353 | test_MSE=0.027881691 | MAE=0.127806109 | RMSE=0.166978115 | MAPE=44.016490378% | params={'learning_rate': 0.01998762489294326, 'decay_rate': 0.0009180887858409656, 'hidden_size': 64, 'beta1': 0.9, 'beta2': 0.999, 'signal_len': 16, 'cheb_order': 2, 's': 8.414428596394917, 'batch_size': 32, 'k': 6}
Trial 520 finished with value 0.088696112 | dataset=nn5 | model=ufgtime_plus | val_MSE=0.022952584 | test_MSE=0.015786184 | MAE=0.088696112 | RMSE=0.125643082 | MAPE=32.474357053% | params={'learning_rate': 0.017409695700517272, 'decay_rate': 2.8277525450458366e-05, 'hidden_size': 64, 'beta1': 0.9, 'beta2': 0.999, 'signal_len': 16, 'cheb_order': 2, 's': 8.306366942169088, 'batch_size': 32, 'k': 6}
Trial 521 finished with value 0.149131597 | dataset=nn5 | model=ufgtime_plus | val_MSE=0.038278127 | test_MSE=0.036247417 | MAE=0.149131597 | RMSE=0.190387545 | MAPE=51.612789575% | params={'learning_rate': 0.018030692173092493, 'decay_rate': 0.028717075653351153, 'hidden_size': 64, 'beta1': 0.9, 'beta2': 0.999, 'signal_len': 16, 'cheb_order': 2, 's': 8.787019097998881, 'batch_size': 32, 'k': 5}
Trial 522 finished with value 0.142332965 | dataset=nn5 | model=ufgtime_plus | val_MSE=0.036749243 | test_MSE=0.032809418 | MAE=0.142332965 | RMSE=0.181133702 | MAPE=49.588827160% | params={'learning_rate': 0.021956837469087373, 'decay_rate': 0.0028821618725131176, 'hidden_size': 64, 'beta1': 0.9, 'beta2': 0.999, 'signal_len': 16, 'cheb_order': 2, 's': 8.076302148377003, 'batch_size': 32, 'k': 6}
Trial 523 finished with value 0.130529559 | dataset=nn5 | model=ufgtime_plus | val_MSE=0.033456625 | test_MSE=0.029365175 | MAE=0.130529559 | RMSE=0.171362700 | MAPE=43.577576653% | params={'learning_rate': 0.01935731981169857, 'decay_rate': 0.001772965469077647, 'hidden_size': 64, 'beta1': 0.9, 'beta2': 0.999, 'signal_len': 16, 'cheb_order': 2, 's': 8.998001652660616, 'batch_size': 32, 'k': 6}
Trial 524 finished with value 0.088744956 | dataset=nn5 | model=ufgtime_plus | val_MSE=0.023023975 | test_MSE=0.015944641 | MAE=0.088744956 | RMSE=0.126272089 | MAPE=31.589840834% | params={'learning_rate': 0.014007623169197002, 'decay_rate': 1.7162038102708742e-05, 'hidden_size': 64, 'beta1': 0.9, 'beta2': 0.999, 'signal_len': 16, 'cheb_order': 2, 's': 8.602899097325544, 'batch_size': 32, 'k': 6}
Trial 525 finished with value 0.088585359 | dataset=nn5 | model=ufgtime_plus | val_MSE=0.022967539 | test_MSE=0.015886058 | MAE=0.088585359 | RMSE=0.126039908 | MAPE=31.415431243% | params={'learning_rate': 0.01548427347277392, 'decay_rate': 1.5049544773257422e-05, 'hidden_size': 64, 'beta1': 0.9, 'beta2': 0.999, 'signal_len': 16, 'cheb_order': 2, 's': 8.29466360790723, 'batch_size': 32, 'k': 6}
Trial 526 finished with value 0.130175270 | dataset=nn5 | model=ufgtime_plus | val_MSE=0.033581352 | test_MSE=0.028305265 | MAE=0.130175270 | RMSE=0.168241687 | MAPE=45.849865424% | params={'learning_rate': 0.01678607185100181, 'decay_rate': 0.001025044429582479, 'hidden_size': 64, 'beta1': 0.9, 'beta2': 0.999, 'signal_len': 16, 'cheb_order': 2, 's': 8.091037214174808, 'batch_size': 32, 'k': 5}
Trial 527 finished with value 0.144025995 | dataset=nn5 | model=ufgtime_plus | val_MSE=0.038877172 | test_MSE=0.037106900 | MAE=0.144025995 | RMSE=0.192631514 | MAPE=44.006165136% | params={'learning_rate': 0.016301686946883876, 'decay_rate': 0.01823388242289069, 'hidden_size': 64, 'beta1': 0.9, 'beta2': 0.999, 'signal_len': 16, 'cheb_order': 2, 's': 7.8257615557832, 'batch_size': 32, 'k': 6}
Trial 528 finished with value 0.129860863 | dataset=nn5 | model=ufgtime_plus | val_MSE=0.033388879 | test_MSE=0.029140905 | MAE=0.129860863 | RMSE=0.170707075 | MAPE=43.207624223% | params={'learning_rate': 0.017619848025442936, 'decay_rate': 0.0016739011058569265, 'hidden_size': 64, 'beta1': 0.9, 'beta2': 0.999, 'signal_len': 16, 'cheb_order': 2, 's': 8.497995597578125, 'batch_size': 32, 'k': 6}
Trial 529 finished with value 0.127767676 | dataset=nn5 | model=ufgtime_plus | val_MSE=0.032971294 | test_MSE=0.028229230 | MAE=0.127767676 | RMSE=0.168015564 | MAPE=43.331977287% | params={'learning_rate': 0.018774276536581144, 'decay_rate': 0.0010103136015174872, 'hidden_size': 64, 'beta1': 0.9, 'beta2': 0.999, 'signal_len': 16, 'cheb_order': 2, 's': 7.936411819596849, 'batch_size': 32, 'k': 6}
Trial 530 finished with value 0.142287623 | dataset=nn5 | model=ufgtime_plus | val_MSE=0.036839136 | test_MSE=0.033312310 | MAE=0.142287623 | RMSE=0.182516602 | MAPE=48.957704735% | params={'learning_rate': 0.015255890014320192, 'decay_rate': 0.0029587762585498484, 'hidden_size': 64, 'beta1': 0.9, 'beta2': 0.999, 'signal_len': 16, 'cheb_order': 2, 's': 5.0740557615838, 'batch_size': 32, 'k': 5}
Trial 531 finished with value 0.127918328 | dataset=nn5 | model=ufgtime_plus | val_MSE=0.032759637 | test_MSE=0.028149121 | MAE=0.127918328 | RMSE=0.167776999 | MAPE=43.495963738% | params={'learning_rate': 0.013811794139827095, 'decay_rate': 0.0010252044140642972, 'hidden_size': 64, 'beta1': 0.9, 'beta2': 0.999, 'signal_len': 16, 'cheb_order': 2, 's': 8.239973394301979, 'batch_size': 32, 'k': 6}
Trial 532 finished with value 0.126430984 | dataset=nn5 | model=ufgtime_plus | val_MSE=0.033308344 | test_MSE=0.027889750 | MAE=0.126430984 | RMSE=0.167002245 | MAPE=43.342445405% | params={'learning_rate': 0.023223954026256436, 'decay_rate': 2.8639469569192572e-05, 'hidden_size': 64, 'beta1': 0.9, 'beta2': 0.999, 'signal_len': 8, 'cheb_order': 2, 's': 4.519242887445087, 'batch_size': 32, 'k': 6}
Trial 533 finished with value 0.133871857 | dataset=nn5 | model=ufgtime_plus | val_MSE=0.033968036 | test_MSE=0.030130277 | MAE=0.133871857 | RMSE=0.173580750 | MAPE=45.653925248% | params={'learning_rate': 0.01698038109571987, 'decay_rate': 0.0021666837588832557, 'hidden_size': 64, 'beta1': 0.9, 'beta2': 0.999, 'signal_len': 16, 'cheb_order': 2, 's': 8.14120142230216, 'batch_size': 32, 'k': 6}
Trial 534 finished with value 0.152265985 | dataset=nn5 | model=ufgtime_plus | val_MSE=0.040367172 | test_MSE=0.038598389 | MAE=0.152265985 | RMSE=0.196464727 | MAPE=51.187355061% | params={'learning_rate': 0.019746446037804784, 'decay_rate': 0.030417194785738105, 'hidden_size': 64, 'beta1': 0.9, 'beta2': 0.999, 'signal_len': 16, 'cheb_order': 2, 's': 8.4150114055813, 'batch_size': 32, 'k': 6}
Trial 535 finished with value 0.145928117 | dataset=nn5 | model=ufgtime_plus | val_MSE=0.038070914 | test_MSE=0.035932807 | MAE=0.145928117 | RMSE=0.189559509 | MAPE=48.300419964% | params={'learning_rate': 0.01786911430041337, 'decay_rate': 0.034746204667006605, 'hidden_size': 64, 'beta1': 0.9, 'beta2': 0.999, 'signal_len': 16, 'cheb_order': 2, 's': 7.977127357547757, 'batch_size': 32, 'k': 6}
Trial 536 finished with value 0.127128590 | dataset=nn5 | model=ufgtime_plus | val_MSE=0.032801372 | test_MSE=0.028183619 | MAE=0.127128590 | RMSE=0.167879776 | MAPE=42.654670660% | params={'learning_rate': 0.02082153075394413, 'decay_rate': 0.0009739394893228876, 'hidden_size': 64, 'beta1': 0.9, 'beta2': 0.999, 'signal_len': 16, 'cheb_order': 2, 's': 8.348230172003628, 'batch_size': 64, 'k': 6}
Trial 537 finished with value 0.088667327 | dataset=nn5 | model=ufgtime_plus | val_MSE=0.023025257 | test_MSE=0.015826339 | MAE=0.088667327 | RMSE=0.125802778 | MAPE=32.252538329% | params={'learning_rate': 0.016153938224632666, 'decay_rate': 1.3447994609368282e-05, 'hidden_size': 64, 'beta1': 0.9, 'beta2': 0.999, 'signal_len': 16, 'cheb_order': 2, 's': 8.646813806162987, 'batch_size': 32, 'k': 6}
Trial 538 finished with value 0.146302609 | dataset=nn5 | model=ufgtime_plus | val_MSE=0.037658876 | test_MSE=0.034588470 | MAE=0.146302609 | RMSE=0.185979757 | MAPE=50.552549909% | params={'learning_rate': 0.01509261257882208, 'decay_rate': 0.0040019985569179845, 'hidden_size': 64, 'beta1': 0.9, 'beta2': 0.999, 'signal_len': 16, 'cheb_order': 2, 's': 7.766725076950615, 'batch_size': 32, 'k': 6}
Trial 539 finished with value 0.133890680 | dataset=nn5 | model=ufgtime_plus | val_MSE=0.034065008 | test_MSE=0.030218788 | MAE=0.133890680 | RMSE=0.173835520 | MAPE=45.416948784% | params={'learning_rate': 0.01854128481035725, 'decay_rate': 0.002225462172716167, 'hidden_size': 64, 'beta1': 0.9, 'beta2': 0.999, 'signal_len': 16, 'cheb_order': 2, 's': 8.175359084733294, 'batch_size': 32, 'k': 6}
Trial 540 finished with value 0.128407488 | dataset=nn5 | model=ufgtime_plus | val_MSE=0.033312957 | test_MSE=0.028587885 | MAE=0.128407488 | RMSE=0.169079523 | MAPE=43.458140228% | params={'learning_rate': 0.016152815348921504, 'decay_rate': 0.0009396538540614481, 'hidden_size': 64, 'beta1': 0.9, 'beta2': 0.999, 'signal_len': 16, 'cheb_order': 2, 's': 8.772457869495781, 'batch_size': 128, 'k': 6}
Trial 541 finished with value 0.129628870 | dataset=nn5 | model=ufgtime_plus | val_MSE=0.033391483 | test_MSE=0.029141558 | MAE=0.129628870 | RMSE=0.170708986 | MAPE=42.954610589% | params={'learning_rate': 0.017141925267022337, 'decay_rate': 0.0016453881710480351, 'hidden_size': 64, 'beta1': 0.9, 'beta2': 0.999, 'signal_len': 16, 'cheb_order': 2, 's': 8.001740269597123, 'batch_size': 32, 'k': 6}
Trial 542 finished with value 0.129080269 | dataset=nn5 | model=ufgtime_plus | val_MSE=0.033180847 | test_MSE=0.028088077 | MAE=0.129080269 | RMSE=0.167594980 | MAPE=44.779316510% | params={'learning_rate': 0.014608663171117435, 'decay_rate': 0.0009411338976931411, 'hidden_size': 64, 'beta1': 0.9, 'beta2': 0.999, 'signal_len': 16, 'cheb_order': 2, 's': 8.548171488089674, 'batch_size': 32, 'k': 6}
Trial 543 finished with value 0.140077303 | dataset=nn5 | model=ufgtime_plus | val_MSE=0.035422865 | test_MSE=0.032252728 | MAE=0.140077303 | RMSE=0.179590445 | MAPE=47.438108930% | params={'learning_rate': 0.01814135992087013, 'decay_rate': 0.0029793959953723814, 'hidden_size': 64, 'beta1': 0.9, 'beta2': 0.999, 'signal_len': 16, 'cheb_order': 2, 's': 7.84710287194215, 'batch_size': 256, 'k': 6}
Trial 544 finished with value 0.088310835 | dataset=nn5 | model=ufgtime_plus | val_MSE=0.022750743 | test_MSE=0.015861466 | MAE=0.088310835 | RMSE=0.125942311 | MAPE=31.696354032% | params={'learning_rate': 0.0135735493324956, 'decay_rate': 3.649343780343149e-05, 'hidden_size': 64, 'beta1': 0.9, 'beta2': 0.999, 'signal_len': 16, 'cheb_order': 2, 's': 8.31634681943267, 'batch_size': 32, 'k': 9}
Trial 545 finished with value 0.142652836 | dataset=nn5 | model=ufgtime_plus | val_MSE=0.037361566 | test_MSE=0.035012961 | MAE=0.142652836 | RMSE=0.187117506 | MAPE=45.660368842% | params={'learning_rate': 0.013487759839347833, 'decay_rate': 0.04292898461982191, 'hidden_size': 64, 'beta1': 0.9, 'beta2': 0.999, 'signal_len': 16, 'cheb_order': 2, 's': 8.398769443741868, 'batch_size': 32, 'k': 9}
Trial 546 finished with value 0.088207995 | dataset=nn5 | model=ufgtime_plus | val_MSE=0.022797097 | test_MSE=0.015832570 | MAE=0.088207995 | RMSE=0.125827543 | MAPE=31.672438415% | params={'learning_rate': 0.013256343166952652, 'decay_rate': 3.507025871917175e-05, 'hidden_size': 64, 'beta1': 0.9, 'beta2': 0.999, 'signal_len': 16, 'cheb_order': 2, 's': 8.246503829504755, 'batch_size': 32, 'k': 9}
Trial 547 finished with value 0.129980127 | dataset=nn5 | model=ufgtime_plus | val_MSE=0.033415098 | test_MSE=0.029225585 | MAE=0.129980127 | RMSE=0.170954922 | MAPE=43.048028500% | params={'learning_rate': 0.013540802272938074, 'decay_rate': 0.001726368929749695, 'hidden_size': 64, 'beta1': 0.9, 'beta2': 0.999, 'signal_len': 16, 'cheb_order': 2, 's': 8.288875258532368, 'batch_size': 32, 'k': 9}
