Trial 383 finished with value 0.140396758 | dataset=nn5 | model=ufgtime_plus | val_MSE=0.035309693 | test_MSE=0.031792816 | MAE=0.140396758 | RMSE=0.178305400 | MAPE=47.821931289% | params={'learning_rate': 0.005417292735998631, 'decay_rate': 0.0030100123296999274, 'hidden_size': 32, 'beta1': 0.9, 'beta2': 0.999, 'signal_len': 16, 'cheb_order': 3, 's': 8.837802520683718, 'batch_size': 16, 'k': 10}
Trial 384 finished with value 0.091350449 | dataset=nn5 | model=ufgtime_plus | val_MSE=0.024215412 | test_MSE=0.016592803 | MAE=0.091350449 | RMSE=0.128813053 | MAPE=32.619234450% | params={'learning_rate': 0.025736346041271178, 'decay_rate': 5.1786469946099886e-05, 'hidden_size': 32, 'beta1': 0.9, 'beta2': 0.999, 'signal_len': 16, 'cheb_order': 3, 's': 9.238771437750152, 'batch_size': 16, 'k': 7}
Trial 385 finished with value 0.127252761 | dataset=nn5 | model=ufgtime_plus | val_MSE=0.032890978 | test_MSE=0.028397201 | MAE=0.127252761 | RMSE=0.168514690 | MAPE=42.416031531% | params={'learning_rate': 0.006783495904275301, 'decay_rate': 0.0009326420025461198, 'hidden_size': 16, 'beta1': 0.9, 'beta2': 0.999, 'signal_len': 16, 'cheb_order': 3, 's': 7.181348525732062, 'batch_size': 16, 'k': 8}
Trial 386 finished with value 0.088696172 | dataset=nn5 | model=ufgtime_plus | val_MSE=0.023037196 | test_MSE=0.015955327 | MAE=0.088696172 | RMSE=0.126314399 | MAPE=31.538536089% | params={'learning_rate': 0.009219028462834594, 'decay_rate': 1.92364163584912e-05, 'hidden_size': 64, 'beta1': 0.9, 'beta2': 0.999, 'signal_len': 16, 'cheb_order': 3, 's': 8.156544626811584, 'batch_size': 16, 'k': 7}
Trial 387 finished with value 0.134172233 | dataset=nn5 | model=ufgtime_plus | val_MSE=0.034490493 | test_MSE=0.030677390 | MAE=0.134172233 | RMSE=0.175149621 | MAPE=45.455683998% | params={'learning_rate': 0.021136061278909508, 'decay_rate': 0.0017598144834448108, 'hidden_size': 64, 'beta1': 0.9, 'beta2': 0.999, 'signal_len': 16, 'cheb_order': 3, 's': 8.018577443118234, 'batch_size': 16, 'k': 9}
Trial 388 finished with value 0.127295244 | dataset=nn5 | model=ufgtime_plus | val_MSE=0.033131687 | test_MSE=0.028312443 | MAE=0.127295244 | RMSE=0.168263018 | MAPE=42.553433490% | params={'learning_rate': 0.012726452650308103, 'decay_rate': 0.0009702526554006419, 'hidden_size': 64, 'beta1': 0.9, 'beta2': 0.999, 'signal_len': 16, 'cheb_order': 2, 's': 7.519507319125756, 'batch_size': 16, 'k': 7}
Trial 389 finished with value 0.088316293 | dataset=nn5 | model=ufgtime_plus | val_MSE=0.023152141 | test_MSE=0.015759952 | MAE=0.088316293 | RMSE=0.125538646 | MAPE=31.940402532% | params={'learning_rate': 0.010908920159449914, 'decay_rate': 2.193661980722686e-05, 'hidden_size': 64, 'beta1': 0.9, 'beta2': 0.999, 'signal_len': 16, 'cheb_order': 3, 's': 7.729868528498507, 'batch_size': 16, 'k': 7}
Trial 390 finished with value 0.141221109 | dataset=nn5 | model=ufgtime_plus | val_MSE=0.035970214 | test_MSE=0.033120078 | MAE=0.141221109 | RMSE=0.181989225 | MAPE=47.142689101% | params={'learning_rate': 0.00988184789235567, 'decay_rate': 0.0035424968377747437, 'hidden_size': 64, 'beta1': 0.9, 'beta2': 0.999, 'signal_len': 16, 'cheb_order': 3, 's': 7.841238877744548, 'batch_size': 16, 'k': 7}
Trial 391 finished with value 0.132664361 | dataset=nn5 | model=ufgtime_plus | val_MSE=0.033651127 | test_MSE=0.029458960 | MAE=0.132664361 | RMSE=0.171636127 | MAPE=45.797852798% | params={'learning_rate': 0.01143745335380898, 'decay_rate': 0.0017586989698488672, 'hidden_size': 64, 'beta1': 0.9, 'beta2': 0.999, 'signal_len': 8, 'cheb_order': 3, 's': 7.626879210671785, 'batch_size': 64, 'k': 7}
Trial 392 finished with value 0.127047727 | dataset=nn5 | model=ufgtime_plus | val_MSE=0.032980787 | test_MSE=0.028271912 | MAE=0.127047727 | RMSE=0.168142535 | MAPE=42.338156486% | params={'learning_rate': 0.014737188637469398, 'decay_rate': 0.0009041814938043537, 'hidden_size': 64, 'beta1': 0.9, 'beta2': 0.999, 'signal_len': 16, 'cheb_order': 3, 's': 7.345463282258071, 'batch_size': 16, 'k': 7}
Trial 393 finished with value 0.145837503 | dataset=nn5 | model=ufgtime_plus | val_MSE=0.038030667 | test_MSE=0.035560890 | MAE=0.145837503 | RMSE=0.188575954 | MAPE=47.921965042% | params={'learning_rate': 0.010403386936504787, 'decay_rate': 0.040770503260055956, 'hidden_size': 64, 'beta1': 0.9, 'beta2': 0.999, 'signal_len': 16, 'cheb_order': 3, 's': 7.710734009827082, 'batch_size': 16, 'k': 7}
Trial 394 finished with value 0.139690912 | dataset=nn5 | model=ufgtime_plus | val_MSE=0.036238922 | test_MSE=0.031993309 | MAE=0.139690912 | RMSE=0.178866737 | MAPE=48.737090405% | params={'learning_rate': 0.011924852369055034, 'decay_rate': 0.002452726466414454, 'hidden_size': 64, 'beta1': 0.9, 'beta2': 0.999, 'signal_len': 16, 'cheb_order': 3, 's': 7.952425204788763, 'batch_size': 16, 'k': 8}
Trial 395 finished with value 0.127513881 | dataset=nn5 | model=ufgtime_plus | val_MSE=0.032824221 | test_MSE=0.028120260 | MAE=0.127513881 | RMSE=0.167690967 | MAPE=43.104063652% | params={'learning_rate': 0.010754239047667497, 'decay_rate': 0.0009275957022718991, 'hidden_size': 64, 'beta1': 0.9, 'beta2': 0.999, 'signal_len': 16, 'cheb_order': 3, 's': 7.818702136710899, 'batch_size': 16, 'k': 7}
Trial 396 finished with value 0.134197127 | dataset=nn5 | model=ufgtime_plus | val_MSE=0.034406781 | test_MSE=0.030716508 | MAE=0.134197127 | RMSE=0.175261257 | MAPE=45.132496747% | params={'learning_rate': 0.00896359502994525, 'decay_rate': 0.0017356499194930734, 'hidden_size': 32, 'beta1': 0.9, 'beta2': 0.999, 'signal_len': 16, 'cheb_order': 3, 's': 8.109441997483374, 'batch_size': 16, 'k': 7}
Trial 397 finished with value 0.126501863 | dataset=nn5 | model=ufgtime_plus | val_MSE=0.032590892 | test_MSE=0.027675179 | MAE=0.126501863 | RMSE=0.166358585 | MAPE=42.755475111% | params={'learning_rate': 0.00967445278716539, 'decay_rate': 0.000768543758928631, 'hidden_size': 64, 'beta1': 0.9, 'beta2': 0.999, 'signal_len': 16, 'cheb_order': 3, 's': 2.0041171864007223, 'batch_size': 16, 'k': 7}
Trial 398 finished with value 0.089856335 | dataset=nn5 | model=ufgtime_plus | val_MSE=0.023351640 | test_MSE=0.016306267 | MAE=0.089856335 | RMSE=0.127695996 | MAPE=31.528505314% | params={'learning_rate': 0.012770175781557955, 'decay_rate': 2.986510682617357e-05, 'hidden_size': 32, 'beta1': 0.9, 'beta2': 0.999, 'signal_len': 16, 'cheb_order': 3, 's': 7.596385729984391, 'batch_size': 16, 'k': 7}
Trial 399 finished with value 0.142837090 | dataset=nn5 | model=ufgtime_plus | val_MSE=0.037103315 | test_MSE=0.034262752 | MAE=0.142837090 | RMSE=0.185102005 | MAPE=47.236364402% | params={'learning_rate': 0.008237524479008497, 'decay_rate': 0.021281769652684746, 'hidden_size': 32, 'beta1': 0.9, 'beta2': 0.999, 'signal_len': 16, 'cheb_order': 2, 's': 8.173073746387717, 'batch_size': 16, 'k': 8}
Trial 400 finished with value 0.091085758 | dataset=nn5 | model=ufgtime_plus | val_MSE=0.023672490 | test_MSE=0.016518546 | MAE=0.091085758 | RMSE=0.128524494 | MAPE=32.370069396% | params={'learning_rate': 0.010778649960467734, 'decay_rate': 6.97960575840522e-05, 'hidden_size': 16, 'beta1': 0.9, 'beta2': 0.999, 'signal_len': 16, 'cheb_order': 3, 's': 7.462470019447202, 'batch_size': 16, 'k': 7}
Trial 401 finished with value 0.137197131 | dataset=nn5 | model=ufgtime_plus | val_MSE=0.034520397 | test_MSE=0.031215566 | MAE=0.137197131 | RMSE=0.176679274 | MAPE=46.511056883% | params={'learning_rate': 0.008964621726311317, 'decay_rate': 0.002721678627451973, 'hidden_size': 32, 'beta1': 0.9, 'beta2': 0.999, 'signal_len': 16, 'cheb_order': 3, 's': 7.762982490982571, 'batch_size': 128, 'k': 8}
Trial 402 finished with value 0.130946819 | dataset=nn5 | model=ufgtime_plus | val_MSE=0.033361829 | test_MSE=0.029248334 | MAE=0.130946819 | RMSE=0.171021443 | MAPE=44.251433725% | params={'learning_rate': 0.007796021189979418, 'decay_rate': 0.001761294542769177, 'hidden_size': 64, 'beta1': 0.9, 'beta2': 0.999, 'signal_len': 16, 'cheb_order': 3, 's': 7.1629251493614845, 'batch_size': 16, 'k': 7}
Trial 403 finished with value 0.127044972 | dataset=nn5 | model=ufgtime_plus | val_MSE=0.032818940 | test_MSE=0.027968685 | MAE=0.127044972 | RMSE=0.167238409 | MAPE=42.720762123% | params={'learning_rate': 0.011478666244837685, 'decay_rate': 0.0009096038769570346, 'hidden_size': 32, 'beta1': 0.9, 'beta2': 0.999, 'signal_len': 16, 'cheb_order': 3, 's': 8.001376500979903, 'batch_size': 16, 'k': 7}
Trial 404 finished with value 0.132307647 | dataset=nn5 | model=ufgtime_plus | val_MSE=0.035364364 | test_MSE=0.030115116 | MAE=0.132307647 | RMSE=0.173537073 | MAPE=45.892792032% | params={'learning_rate': 0.04785506086595381, 'decay_rate': 0.0009709856312961979, 'hidden_size': 32, 'beta1': 0.9, 'beta2': 0.999, 'signal_len': 16, 'cheb_order': 3, 's': 8.227705934981119, 'batch_size': 16, 'k': 7}
Trial 405 finished with value 0.133108952 | dataset=nn5 | model=ufgtime_plus | val_MSE=0.034630796 | test_MSE=0.030312613 | MAE=0.133108952 | RMSE=0.174105179 | MAPE=44.838562121% | params={'learning_rate': 0.030010670562858804, 'decay_rate': 0.0016553782837841825, 'hidden_size': 32, 'beta1': 0.9, 'beta2': 0.999, 'signal_len': 16, 'cheb_order': 3, 's': 6.924574555936283, 'batch_size': 16, 'k': 8}
Trial 406 finished with value 0.088529042 | dataset=nn5 | model=ufgtime_plus | val_MSE=0.023379562 | test_MSE=0.015948722 | MAE=0.088529042 | RMSE=0.126288250 | MAPE=31.673587075% | params={'learning_rate': 0.01700665466414929, 'decay_rate': 8.053845487926989e-05, 'hidden_size': 64, 'beta1': 0.9, 'beta2': 0.999, 'signal_len': 16, 'cheb_order': 3, 's': 2.2333822160285903, 'batch_size': 16, 'k': 7}
Trial 407 finished with value 0.147655292 | dataset=nn5 | model=ufgtime_plus | val_MSE=0.038018197 | test_MSE=0.035460686 | MAE=0.147655292 | RMSE=0.188310080 | MAPE=50.321571936% | params={'learning_rate': 0.01283322526356696, 'decay_rate': 0.04640679218309711, 'hidden_size': 64, 'beta1': 0.9, 'beta2': 0.999, 'signal_len': 16, 'cheb_order': 3, 's': 2.212526982649985, 'batch_size': 16, 'k': 7}
Trial 408 finished with value 0.142901922 | dataset=nn5 | model=ufgtime_plus | val_MSE=0.037082642 | test_MSE=0.033870757 | MAE=0.142901922 | RMSE=0.184040097 | MAPE=48.133570894% | params={'learning_rate': 0.013942503929411213, 'decay_rate': 0.0032860223373390044, 'hidden_size': 64, 'beta1': 0.9, 'beta2': 0.999, 'signal_len': 16, 'cheb_order': 3, 's': 7.8923855103220575, 'batch_size': 256, 'k': 5}
Trial 409 finished with value 0.145350048 | dataset=nn5 | model=ufgtime_plus | val_MSE=0.036644090 | test_MSE=0.033861462 | MAE=0.145350048 | RMSE=0.184014843 | MAPE=50.403960680% | params={'learning_rate': 0.010327039087912299, 'decay_rate': 0.008137193259990226, 'hidden_size': 64, 'beta1': 0.9, 'beta2': 0.999, 'signal_len': 8, 'cheb_order': 3, 's': 8.146349692379422, 'batch_size': 16, 'k': 8}
Trial 410 finished with value 0.127633579 | dataset=nn5 | model=ufgtime_plus | val_MSE=0.033195049 | test_MSE=0.028286946 | MAE=0.127633579 | RMSE=0.168187234 | MAPE=43.295999687% | params={'learning_rate': 0.0168644409967833, 'decay_rate': 0.000879458295936448, 'hidden_size': 64, 'beta1': 0.9, 'beta2': 0.999, 'signal_len': 16, 'cheb_order': 3, 's': 7.517389788056026, 'batch_size': 16, 'k': 7}
Trial 411 finished with value 0.088813607 | dataset=nn5 | model=ufgtime_plus | val_MSE=0.023201507 | test_MSE=0.015891641 | MAE=0.088813607 | RMSE=0.126062053 | MAPE=31.556491573% | params={'learning_rate': 0.01748003753154931, 'decay_rate': 2.0856985564513272e-05, 'hidden_size': 64, 'beta1': 0.9, 'beta2': 0.999, 'signal_len': 16, 'cheb_order': 2, 's': 8.339371881173522, 'batch_size': 16, 'k': 7}
Trial 412 finished with value 0.136256262 | dataset=nn5 | model=ufgtime_plus | val_MSE=0.035395887 | test_MSE=0.031896099 | MAE=0.136256262 | RMSE=0.178594790 | MAPE=45.049788968% | params={'learning_rate': 0.011690764977103458, 'decay_rate': 0.0021355160733971925, 'hidden_size': 64, 'beta1': 0.9, 'beta2': 0.999, 'signal_len': 16, 'cheb_order': 2, 's': 3.2189416698488054, 'batch_size': 16, 'k': 7}
Trial 413 finished with value 0.089731891 | dataset=nn5 | model=ufgtime_plus | val_MSE=0.023052460 | test_MSE=0.016049965 | MAE=0.089731891 | RMSE=0.126688455 | MAPE=32.569200203% | params={'learning_rate': 0.016314276934223364, 'decay_rate': 2.2704026984763475e-05, 'hidden_size': 64, 'beta1': 0.9, 'beta2': 0.999, 'signal_len': 16, 'cheb_order': 2, 's': 8.31579535522739, 'batch_size': 32, 'k': 7}
Trial 414 finished with value 0.133912927 | dataset=nn5 | model=ufgtime_plus | val_MSE=0.034494801 | test_MSE=0.029629922 | MAE=0.133912927 | RMSE=0.172133442 | MAPE=46.381637450% | params={'learning_rate': 0.01789879182246573, 'decay_rate': 0.0015910417192705323, 'hidden_size': 64, 'beta1': 0.9, 'beta2': 0.999, 'signal_len': 16, 'cheb_order': 2, 's': 2.5343818623066134, 'batch_size': 16, 'k': 7}
Trial 415 finished with value 0.126910043 | dataset=nn5 | model=ufgtime_plus | val_MSE=0.032844065 | test_MSE=0.027784995 | MAE=0.126910043 | RMSE=0.166688317 | MAPE=42.557111313% | params={'learning_rate': 0.021059651018861807, 'decay_rate': 0.0007683788236209692, 'hidden_size': 64, 'beta1': 0.9, 'beta2': 0.999, 'signal_len': 16, 'cheb_order': 2, 's': 8.02668490948538, 'batch_size': 16, 'k': 7}
Trial 416 finished with value 0.088097843 | dataset=nn5 | model=ufgtime_plus | val_MSE=0.023267899 | test_MSE=0.015757856 | MAE=0.088097843 | RMSE=0.125530300 | MAPE=31.922409065% | params={'learning_rate': 0.019165634649460618, 'decay_rate': 2.1048213999520238e-05, 'hidden_size': 64, 'beta1': 0.9, 'beta2': 0.999, 'signal_len': 16, 'cheb_order': 2, 's': 7.724424729085212, 'batch_size': 64, 'k': 7}
Trial 417 finished with value 0.088937353 | dataset=nn5 | model=ufgtime_plus | val_MSE=0.023205946 | test_MSE=0.015997790 | MAE=0.088937353 | RMSE=0.126482370 | MAPE=31.938684318% | params={'learning_rate': 0.015072572293801998, 'decay_rate': 1.1323030330547291e-05, 'hidden_size': 64, 'beta1': 0.9, 'beta2': 0.999, 'signal_len': 16, 'cheb_order': 2, 's': 7.729875932418395, 'batch_size': 64, 'k': 7}
Trial 418 finished with value 0.136575646 | dataset=nn5 | model=ufgtime_plus | val_MSE=0.034633592 | test_MSE=0.031171333 | MAE=0.136575646 | RMSE=0.176554050 | MAPE=46.240489893% | params={'learning_rate': 0.01733112355650661, 'decay_rate': 0.002528091293446428, 'hidden_size': 64, 'beta1': 0.9, 'beta2': 0.999, 'signal_len': 16, 'cheb_order': 2, 's': 7.295159101831747, 'batch_size': 64, 'k': 7}
Trial 419 finished with value 0.089363310 | dataset=nn5 | model=ufgtime_plus | val_MSE=0.023586163 | test_MSE=0.016053816 | MAE=0.089363310 | RMSE=0.126703656 | MAPE=32.445095489% | params={'learning_rate': 0.01941048035704268, 'decay_rate': 1.0621558177150048e-05, 'hidden_size': 64, 'beta1': 0.9, 'beta2': 0.999, 'signal_len': 16, 'cheb_order': 2, 's': 7.853581648255577, 'batch_size': 64, 'k': 7}
Trial 420 finished with value 0.131995760 | dataset=nn5 | model=ufgtime_plus | val_MSE=0.034103283 | test_MSE=0.029742001 | MAE=0.131995760 | RMSE=0.172458694 | MAPE=44.745727656% | params={'learning_rate': 0.018116185810693707, 'decay_rate': 0.0015498896217055378, 'hidden_size': 64, 'beta1': 0.9, 'beta2': 0.999, 'signal_len': 16, 'cheb_order': 2, 's': 7.565138649384834, 'batch_size': 64, 'k': 7}
Trial 421 finished with value 0.129411387 | dataset=nn5 | model=ufgtime_plus | val_MSE=0.033334108 | test_MSE=0.028464115 | MAE=0.129411387 | RMSE=0.168713114 | MAPE=44.386100411% | params={'learning_rate': 0.019443382916420802, 'decay_rate': 0.0010055958973324438, 'hidden_size': 64, 'beta1': 0.9, 'beta2': 0.999, 'signal_len': 16, 'cheb_order': 2, 's': 2.8022766857930432, 'batch_size': 64, 'k': 7}
Trial 422 finished with value 0.142289672 | dataset=nn5 | model=ufgtime_plus | val_MSE=0.035703066 | test_MSE=0.032536363 | MAE=0.142289672 | RMSE=0.180378390 | MAPE=49.096144180% | params={'learning_rate': 0.01899744193246602, 'decay_rate': 0.003415338837686469, 'hidden_size': 64, 'beta1': 0.9, 'beta2': 0.999, 'signal_len': 16, 'cheb_order': 2, 's': 8.233790905122762, 'batch_size': 64, 'k': 7}
Trial 423 finished with value 0.088348311 | dataset=nn5 | model=ufgtime_plus | val_MSE=0.023377288 | test_MSE=0.015835868 | MAE=0.088348311 | RMSE=0.125840647 | MAPE=31.904227555% | params={'learning_rate': 0.023442157405894535, 'decay_rate': 2.6891712162107908e-05, 'hidden_size': 64, 'beta1': 0.9, 'beta2': 0.999, 'signal_len': 16, 'cheb_order': 2, 's': 7.676859812797496, 'batch_size': 64, 'k': 7}
Trial 424 finished with value 0.134108032 | dataset=nn5 | model=ufgtime_plus | val_MSE=0.033858651 | test_MSE=0.029941139 | MAE=0.134108032 | RMSE=0.173035081 | MAPE=46.159482038% | params={'learning_rate': 0.02056640271438642, 'decay_rate': 0.0021646249972364436, 'hidden_size': 64, 'beta1': 0.9, 'beta2': 0.999, 'signal_len': 16, 'cheb_order': 2, 's': 7.675721067385109, 'batch_size': 64, 'k': 7}
Trial 425 finished with value 0.127223152 | dataset=nn5 | model=ufgtime_plus | val_MSE=0.032803093 | test_MSE=0.028257515 | MAE=0.127223152 | RMSE=0.168099718 | MAPE=42.425797588% | params={'learning_rate': 0.01593373937832113, 'decay_rate': 0.001045848552371968, 'hidden_size': 64, 'beta1': 0.9, 'beta2': 0.999, 'signal_len': 16, 'cheb_order': 2, 's': 7.410718680998137, 'batch_size': 32, 'k': 7}
Trial 426 finished with value 0.127848687 | dataset=nn5 | model=ufgtime_plus | val_MSE=0.033010043 | test_MSE=0.028543673 | MAE=0.127848687 | RMSE=0.168948730 | MAPE=42.516781690% | params={'learning_rate': 0.02744576380972001, 'decay_rate': 0.0010318936757176247, 'hidden_size': 64, 'beta1': 0.9, 'beta2': 0.999, 'signal_len': 16, 'cheb_order': 2, 's': 7.726417188451768, 'batch_size': 64, 'k': 7}
Trial 427 finished with value 0.146560569 | dataset=nn5 | model=ufgtime_plus | val_MSE=0.037724793 | test_MSE=0.034702588 | MAE=0.146560569 | RMSE=0.186286306 | MAPE=50.592469208% | params={'learning_rate': 0.022328237841023963, 'decay_rate': 0.005179899880947729, 'hidden_size': 64, 'beta1': 0.9, 'beta2': 0.999, 'signal_len': 16, 'cheb_order': 2, 's': 7.292237849887259, 'batch_size': 64, 'k': 7}
Trial 428 finished with value 0.132944334 | dataset=nn5 | model=ufgtime_plus | val_MSE=0.034042609 | test_MSE=0.030339152 | MAE=0.132944334 | RMSE=0.174181377 | MAPE=43.650387727% | params={'learning_rate': 0.017584396819801146, 'decay_rate': 0.002385286472843829, 'hidden_size': 64, 'beta1': 0.9, 'beta2': 0.999, 'signal_len': 16, 'cheb_order': 2, 's': 7.923230134132682, 'batch_size': 64, 'k': 7}
Trial 429 finished with value 0.089017367 | dataset=nn5 | model=ufgtime_plus | val_MSE=0.023431093 | test_MSE=0.016062661 | MAE=0.089017367 | RMSE=0.126738554 | MAPE=31.597765549% | params={'learning_rate': 0.02250111201217255, 'decay_rate': 5.494256816086301e-05, 'hidden_size': 64, 'beta1': 0.9, 'beta2': 0.999, 'signal_len': 16, 'cheb_order': 2, 's': 7.729823392501382, 'batch_size': 64, 'k': 7}
Trial 430 finished with value 0.130121439 | dataset=nn5 | model=ufgtime_plus | val_MSE=0.033338023 | test_MSE=0.029317889 | MAE=0.130121439 | RMSE=0.171224674 | MAPE=43.374455209% | params={'learning_rate': 0.019450012078047967, 'decay_rate': 0.0015785920889195802, 'hidden_size': 64, 'beta1': 0.9, 'beta2': 0.999, 'signal_len': 8, 'cheb_order': 2, 's': 7.540062749468773, 'batch_size': 64, 'k': 7}
Trial 431 finished with value 0.145814583 | dataset=nn5 | model=ufgtime_plus | val_MSE=0.037641466 | test_MSE=0.034447357 | MAE=0.145814583 | RMSE=0.185599993 | MAPE=50.157689647% | params={'learning_rate': 0.02449404038580769, 'decay_rate': 0.00405542494547701, 'hidden_size': 64, 'beta1': 0.9, 'beta2': 0.999, 'signal_len': 16, 'cheb_order': 2, 's': 8.050756079005195, 'batch_size': 64, 'k': 7}
Trial 432 finished with value 0.089561394 | dataset=nn5 | model=ufgtime_plus | val_MSE=0.023412100 | test_MSE=0.016079371 | MAE=0.089561394 | RMSE=0.126804460 | MAPE=32.666722111% | params={'learning_rate': 0.016234576453789257, 'decay_rate': 1.4351053840861825e-05, 'hidden_size': 64, 'beta1': 0.9, 'beta2': 0.999, 'signal_len': 16, 'cheb_order': 2, 's': 7.860386886408219, 'batch_size': 64, 'k': 7}
Trial 433 finished with value 0.148804436 | dataset=nn5 | model=ufgtime_plus | val_MSE=0.038376676 | test_MSE=0.036053425 | MAE=0.148804436 | RMSE=0.189877395 | MAPE=51.235004520% | params={'learning_rate': 0.01835910996874603, 'decay_rate': 0.014539919369258057, 'hidden_size': 64, 'beta1': 0.9, 'beta2': 0.999, 'signal_len': 16, 'cheb_order': 2, 's': 7.5146432744020935, 'batch_size': 64, 'k': 7}
Trial 434 finished with value 0.129414251 | dataset=nn5 | model=ufgtime_plus | val_MSE=0.033362302 | test_MSE=0.028925654 | MAE=0.129414251 | RMSE=0.170075435 | MAPE=43.305853210% | params={'learning_rate': 0.0356817754636568, 'decay_rate': 0.0015297588642501025, 'hidden_size': 64, 'beta1': 0.9, 'beta2': 0.999, 'signal_len': 16, 'cheb_order': 2, 's': 8.062882802060331, 'batch_size': 128, 'k': 7}
Trial 435 finished with value 0.128666794 | dataset=nn5 | model=ufgtime_plus | val_MSE=0.033180915 | test_MSE=0.028539969 | MAE=0.128666794 | RMSE=0.168937768 | MAPE=43.740996509% | params={'learning_rate': 0.020270231613369827, 'decay_rate': 0.0011509919981832486, 'hidden_size': 64, 'beta1': 0.9, 'beta2': 0.999, 'signal_len': 16, 'cheb_order': 2, 's': 7.0636242918357715, 'batch_size': 32, 'k': 7}
Trial 436 finished with value 0.128087479 | dataset=nn5 | model=ufgtime_plus | val_MSE=0.033263300 | test_MSE=0.028440768 | MAE=0.128087479 | RMSE=0.168643908 | MAPE=43.585993409% | params={'learning_rate': 0.009608192414506757, 'decay_rate': 0.0008393116532875759, 'hidden_size': 64, 'beta1': 0.9, 'beta2': 0.999, 'signal_len': 16, 'cheb_order': 2, 's': 7.693294808302173, 'batch_size': 256, 'k': 7}
Trial 437 finished with value 0.140349095 | dataset=nn5 | model=ufgtime_plus | val_MSE=0.036276598 | test_MSE=0.033450378 | MAE=0.140349095 | RMSE=0.182894444 | MAPE=46.498513785% | params={'learning_rate': 0.025861680301084898, 'decay_rate': 0.002772963350104114, 'hidden_size': 64, 'beta1': 0.9, 'beta2': 0.999, 'signal_len': 16, 'cheb_order': 2, 's': 7.893860950424775, 'batch_size': 64, 'k': 7}
