Trial 55 finished with value 0.089474199 | dataset=nn5 | model=ufgtime_plus | val_MSE=0.023261954 | test_MSE=0.016199797 | MAE=0.089474199 | RMSE=0.127278422 | MAPE=31.661366422% | params={'learning_rate': 0.007262953554684322, 'decay_rate': 7.469535654129038e-05, 'hidden_size': 32, 'beta1': 0.9, 'beta2': 0.999, 'signal_len': 16, 'cheb_order': 3, 's': 2.163515593925168, 'batch_size': 32, 'k': 2}
Trial 56 finished with value 0.128637599 | dataset=nn5 | model=ufgtime_plus | val_MSE=0.033677929 | test_MSE=0.028881567 | MAE=0.128637599 | RMSE=0.169945777 | MAPE=42.342918324% | params={'learning_rate': 5.7458108587638695e-05, 'decay_rate': 0.00460583743464445, 'hidden_size': 32, 'beta1': 0.9, 'beta2': 0.999, 'signal_len': 16, 'cheb_order': 3, 's': 9.862487856569269, 'batch_size': 64, 'k': 2}
Trial 57 finished with value 0.141945968 | dataset=nn5 | model=ufgtime_plus | val_MSE=0.035922930 | test_MSE=0.032918812 | MAE=0.141945968 | RMSE=0.181435422 | MAPE=47.000015903% | params={'learning_rate': 0.0034135410922998335, 'decay_rate': 0.008763994028578765, 'hidden_size': 32, 'beta1': 0.9, 'beta2': 0.999, 'signal_len': 16, 'cheb_order': 3, 's': 2.348332826705092, 'batch_size': 32, 'k': 4}
Trial 58 finished with value 0.145626202 | dataset=nn5 | model=ufgtime_plus | val_MSE=0.037512050 | test_MSE=0.034859143 | MAE=0.145626202 | RMSE=0.186706035 | MAPE=49.069343132% | params={'learning_rate': 0.012004719076103263, 'decay_rate': 0.010193059949594008, 'hidden_size': 32, 'beta1': 0.9, 'beta2': 0.999, 'signal_len': 16, 'cheb_order': 3, 's': 2.6416796416433934, 'batch_size': 32, 'k': 3}
Trial 59 finished with value 0.133100597 | dataset=nn5 | model=ufgtime_plus | val_MSE=0.033924060 | test_MSE=0.030094873 | MAE=0.133100597 | RMSE=0.173478741 | MAPE=44.396690465% | params={'learning_rate': 0.020026482597535603, 'decay_rate': 0.0022818774458800766, 'hidden_size': 32, 'beta1': 0.9, 'beta2': 0.999, 'signal_len': 16, 'cheb_order': 3, 's': 3.32885577292483, 'batch_size': 32, 'k': 6}
Trial 60 finished with value 0.142181166 | dataset=nn5 | model=ufgtime_plus | val_MSE=0.036121112 | test_MSE=0.032957738 | MAE=0.142181166 | RMSE=0.181542660 | MAPE=47.768582210% | params={'learning_rate': 0.010622896885515886, 'decay_rate': 0.006520073508672294, 'hidden_size': 32, 'beta1': 0.9, 'beta2': 0.999, 'signal_len': 16, 'cheb_order': 2, 's': 4.31931813270444, 'batch_size': 32, 'k': 5}
Trial 61 finished with value 0.090616470 | dataset=nn5 | model=ufgtime_plus | val_MSE=0.023536195 | test_MSE=0.016217681 | MAE=0.090616470 | RMSE=0.127348660 | MAPE=32.566645112% | params={'learning_rate': 0.00366200065173857, 'decay_rate': 7.698968790535038e-05, 'hidden_size': 32, 'beta1': 0.9, 'beta2': 0.999, 'signal_len': 16, 'cheb_order': 3, 's': 5.862044403734025, 'batch_size': 32, 'k': 4}
Trial 62 finished with value 0.130292375 | dataset=nn5 | model=ufgtime_plus | val_MSE=0.033462950 | test_MSE=0.029336124 | MAE=0.130292375 | RMSE=0.171277916 | MAPE=43.264737968% | params={'learning_rate': 0.03491694090864765, 'decay_rate': 0.0017746327786387062, 'hidden_size': 32, 'beta1': 0.9, 'beta2': 0.999, 'signal_len': 16, 'cheb_order': 3, 's': 1.7815394407164706, 'batch_size': 32, 'k': 9}
Trial 63 finished with value 0.141718780 | dataset=nn5 | model=ufgtime_plus | val_MSE=0.036861854 | test_MSE=0.033874045 | MAE=0.141718780 | RMSE=0.184049030 | MAPE=45.780749802% | params={'learning_rate': 0.039281575227729994, 'decay_rate': 0.0043709814813625986, 'hidden_size': 32, 'beta1': 0.9, 'beta2': 0.999, 'signal_len': 16, 'cheb_order': 3, 's': 1.3779782686391424, 'batch_size': 32, 'k': 10}
Trial 64 finished with value 0.136851004 | dataset=nn5 | model=ufgtime_plus | val_MSE=0.035841299 | test_MSE=0.031387739 | MAE=0.136851004 | RMSE=0.177165852 | MAPE=47.389009948% | params={'learning_rate': 0.04678557404675432, 'decay_rate': 0.0020405172330891274, 'hidden_size': 32, 'beta1': 0.9, 'beta2': 0.999, 'signal_len': 16, 'cheb_order': 3, 's': 2.2591129406475936, 'batch_size': 32, 'k': 2}
Trial 65 finished with value 0.146136655 | dataset=nn5 | model=ufgtime_plus | val_MSE=0.037674177 | test_MSE=0.034564473 | MAE=0.146136655 | RMSE=0.185915230 | MAPE=50.253015492% | params={'learning_rate': 0.044350482599859235, 'decay_rate': 0.005618952477123897, 'hidden_size': 32, 'beta1': 0.9, 'beta2': 0.999, 'signal_len': 16, 'cheb_order': 3, 's': 1.5263405569848905, 'batch_size': 32, 'k': 8}
Trial 66 finished with value 0.130750596 | dataset=nn5 | model=ufgtime_plus | val_MSE=0.033635274 | test_MSE=0.029305230 | MAE=0.130750596 | RMSE=0.171187703 | MAPE=44.363209806% | params={'learning_rate': 0.014492371700501142, 'decay_rate': 0.0014334767616783904, 'hidden_size': 64, 'beta1': 0.9, 'beta2': 0.999, 'signal_len': 16, 'cheb_order': 2, 's': 1.1145463921565766, 'batch_size': 256, 'k': 7}
Trial 67 finished with value 0.145703242 | dataset=nn5 | model=ufgtime_plus | val_MSE=0.037545564 | test_MSE=0.034471501 | MAE=0.145703242 | RMSE=0.185665024 | MAPE=50.269829676% | params={'learning_rate': 0.037156266851209714, 'decay_rate': 0.0037268378330154086, 'hidden_size': 16, 'beta1': 0.9, 'beta2': 0.999, 'signal_len': 8, 'cheb_order': 3, 's': 2.944248954552824, 'batch_size': 128, 'k': 9}
Trial 68 finished with value 0.158197333 | dataset=nn5 | model=ufgtime_plus | val_MSE=0.041906353 | test_MSE=0.041109722 | MAE=0.158197333 | RMSE=0.202755325 | MAPE=54.529792726% | params={'learning_rate': 0.041549495111413794, 'decay_rate': 0.020950089624203125, 'hidden_size': 32, 'beta1': 0.9, 'beta2': 0.999, 'signal_len': 16, 'cheb_order': 3, 's': 1.923889697861527, 'batch_size': 32, 'k': 10}
Trial 69 finished with value 0.146366454 | dataset=nn5 | model=ufgtime_plus | val_MSE=0.037791948 | test_MSE=0.034878485 | MAE=0.146366454 | RMSE=0.186757824 | MAPE=50.197880698% | params={'learning_rate': 0.04814298115638169, 'decay_rate': 0.007456120521760971, 'hidden_size': 32, 'beta1': 0.9, 'beta2': 0.999, 'signal_len': 16, 'cheb_order': 2, 's': 3.7885554168905475, 'batch_size': 16, 'k': 9}
Trial 70 finished with value 0.094928229 | dataset=nn5 | model=ufgtime_plus | val_MSE=0.025503971 | test_MSE=0.017206197 | MAE=0.094928229 | RMSE=0.131172396 | MAPE=34.350288243% | params={'learning_rate': 0.03218872081359885, 'decay_rate': 3.135946479044217e-05, 'hidden_size': 32, 'beta1': 0.9, 'beta2': 0.999, 'signal_len': 16, 'cheb_order': 3, 's': 5.309505625997306, 'batch_size': 64, 'k': 8}
Trial 71 finished with value 0.093995373 | dataset=nn5 | model=ufgtime_plus | val_MSE=0.024526918 | test_MSE=0.017158729 | MAE=0.093995373 | RMSE=0.130991331 | MAPE=33.254209314% | params={'learning_rate': 0.005321975786721488, 'decay_rate': 0.001136076131566889, 'hidden_size': 32, 'beta1': 0.9, 'beta2': 0.999, 'signal_len': 16, 'cheb_order': 3, 's': 5.794834523647939, 'batch_size': 32, 'k': 4}
Trial 72 finished with value 0.141895700 | dataset=nn5 | model=ufgtime_plus | val_MSE=0.035397823 | test_MSE=0.032033772 | MAE=0.141895700 | RMSE=0.178979810 | MAPE=49.090925826% | params={'learning_rate': 0.0050816869696065185, 'decay_rate': 0.0034728572997392935, 'hidden_size': 32, 'beta1': 0.9, 'beta2': 0.999, 'signal_len': 16, 'cheb_order': 3, 's': 6.44485229092305, 'batch_size': 32, 'k': 3}
Trial 73 finished with value 0.089825660 | dataset=nn5 | model=ufgtime_plus | val_MSE=0.023277473 | test_MSE=0.016299730 | MAE=0.089825660 | RMSE=0.127670396 | MAPE=31.782036955% | params={'learning_rate': 0.008409572139974753, 'decay_rate': 0.000128863239050377, 'hidden_size': 32, 'beta1': 0.9, 'beta2': 0.999, 'signal_len': 16, 'cheb_order': 3, 's': 4.707433368118662, 'batch_size': 32, 'k': 4}
Trial 74 finished with value 0.141869745 | dataset=nn5 | model=ufgtime_plus | val_MSE=0.037268078 | test_MSE=0.034855920 | MAE=0.141869745 | RMSE=0.186697402 | MAPE=44.250096034% | params={'learning_rate': 0.007408156646896393, 'decay_rate': 0.025293570495869264, 'hidden_size': 32, 'beta1': 0.9, 'beta2': 0.999, 'signal_len': 16, 'cheb_order': 3, 's': 4.615575647934875, 'batch_size': 32, 'k': 5}
Trial 75 finished with value 0.146138184 | dataset=nn5 | model=ufgtime_plus | val_MSE=0.037685041 | test_MSE=0.034438550 | MAE=0.146138184 | RMSE=0.185576266 | MAPE=50.429958850% | params={'learning_rate': 0.042561841625888594, 'decay_rate': 0.005012294519447005, 'hidden_size': 32, 'beta1': 0.9, 'beta2': 0.999, 'signal_len': 16, 'cheb_order': 3, 's': 1.3793314890986847, 'batch_size': 32, 'k': 2}
Trial 76 finished with value 0.130432267 | dataset=nn5 | model=ufgtime_plus | val_MSE=0.033590241 | test_MSE=0.029323928 | MAE=0.130432267 | RMSE=0.171242308 | MAPE=44.083969727% | params={'learning_rate': 0.04479169148404726, 'decay_rate': 0.001509292845603313, 'hidden_size': 16, 'beta1': 0.9, 'beta2': 0.999, 'signal_len': 8, 'cheb_order': 2, 's': 2.1957693929438133, 'batch_size': 32, 'k': 3}
Trial 77 finished with value 0.137045904 | dataset=nn5 | model=ufgtime_plus | val_MSE=0.034951295 | test_MSE=0.031749160 | MAE=0.137045904 | RMSE=0.178182938 | MAPE=44.960439944% | params={'learning_rate': 0.007130668048391419, 'decay_rate': 0.002998583119932446, 'hidden_size': 32, 'beta1': 0.9, 'beta2': 0.999, 'signal_len': 16, 'cheb_order': 3, 's': 4.002692052336574, 'batch_size': 32, 'k': 6}
Trial 78 finished with value 0.089588595 | dataset=nn5 | model=ufgtime_plus | val_MSE=0.023314598 | test_MSE=0.016189205 | MAE=0.089588595 | RMSE=0.127236807 | MAPE=31.697285387% | params={'learning_rate': 0.016528499123031715, 'decay_rate': 5.749222028838942e-05, 'hidden_size': 32, 'beta1': 0.9, 'beta2': 0.999, 'signal_len': 16, 'cheb_order': 3, 's': 4.861413336648926, 'batch_size': 32, 'k': 10}
Trial 79 finished with value 0.130113439 | dataset=nn5 | model=ufgtime_plus | val_MSE=0.033280956 | test_MSE=0.029204244 | MAE=0.130113439 | RMSE=0.170892492 | MAPE=43.428694235% | params={'learning_rate': 0.015617523287152435, 'decay_rate': 0.0016571339335598565, 'hidden_size': 32, 'beta1': 0.9, 'beta2': 0.999, 'signal_len': 16, 'cheb_order': 3, 's': 5.128933731812785, 'batch_size': 128, 'k': 10}
Trial 80 finished with value 0.145318578 | dataset=nn5 | model=ufgtime_plus | val_MSE=0.036460469 | test_MSE=0.033610872 | MAE=0.145318578 | RMSE=0.183332682 | MAPE=50.497509202% | params={'learning_rate': 0.012763450866793005, 'decay_rate': 0.027533064840713363, 'hidden_size': 64, 'beta1': 0.9, 'beta2': 0.999, 'signal_len': 16, 'cheb_order': 2, 's': 4.458673448206638, 'batch_size': 32, 'k': 10}
Trial 81 finished with value 0.127300717 | dataset=nn5 | model=ufgtime_plus | val_MSE=0.032861351 | test_MSE=0.028015114 | MAE=0.127300717 | RMSE=0.167377162 | MAPE=43.404060015% | params={'learning_rate': 0.009588252704236584, 'decay_rate': 0.0007743957361217382, 'hidden_size': 32, 'beta1': 0.9, 'beta2': 0.999, 'signal_len': 16, 'cheb_order': 3, 's': 4.81919723605597, 'batch_size': 32, 'k': 9}
Trial 82 finished with value 0.143314038 | dataset=nn5 | model=ufgtime_plus | val_MSE=0.036865359 | test_MSE=0.033639894 | MAE=0.143314038 | RMSE=0.183411816 | MAPE=48.352635782% | params={'learning_rate': 0.022651599098818316, 'decay_rate': 0.0040822638093260906, 'hidden_size': 32, 'beta1': 0.9, 'beta2': 0.999, 'signal_len': 16, 'cheb_order': 3, 's': 5.308601496604212, 'batch_size': 32, 'k': 10}
Trial 83 finished with value 0.136431207 | dataset=nn5 | model=ufgtime_plus | val_MSE=0.034405881 | test_MSE=0.030808713 | MAE=0.136431207 | RMSE=0.175524110 | MAPE=46.340431997% | params={'learning_rate': 0.008087629940813603, 'decay_rate': 0.002734846751180356, 'hidden_size': 32, 'beta1': 0.9, 'beta2': 0.999, 'signal_len': 16, 'cheb_order': 3, 's': 1.9227084355845863, 'batch_size': 32, 'k': 9}
Trial 84 finished with value 0.090943869 | dataset=nn5 | model=ufgtime_plus | val_MSE=0.023791039 | test_MSE=0.016450695 | MAE=0.090943869 | RMSE=0.128260262 | MAPE=32.362238952% | params={'learning_rate': 0.03901892517982675, 'decay_rate': 0.00019471457524806017, 'hidden_size': 32, 'beta1': 0.9, 'beta2': 0.999, 'signal_len': 16, 'cheb_order': 3, 's': 1.7086889795641755, 'batch_size': 32, 'k': 10}
Trial 85 finished with value 0.146749495 | dataset=nn5 | model=ufgtime_plus | val_MSE=0.037797645 | test_MSE=0.035039302 | MAE=0.146749495 | RMSE=0.187187878 | MAPE=50.515532562% | params={'learning_rate': 0.020505936189320173, 'decay_rate': 0.0057005523962688695, 'hidden_size': 32, 'beta1': 0.9, 'beta2': 0.999, 'signal_len': 16, 'cheb_order': 3, 's': 2.627867859772648, 'batch_size': 32, 'k': 8}
Trial 86 finished with value 0.133816469 | dataset=nn5 | model=ufgtime_plus | val_MSE=0.033897575 | test_MSE=0.029746876 | MAE=0.133816469 | RMSE=0.172472828 | MAPE=46.538962950% | params={'learning_rate': 0.04252422602143981, 'decay_rate': 0.0017534278124284105, 'hidden_size': 32, 'beta1': 0.9, 'beta2': 0.999, 'signal_len': 16, 'cheb_order': 3, 's': 1.2831275864526495, 'batch_size': 256, 'k': 9}
Trial 87 finished with value 0.155134415 | dataset=nn5 | model=ufgtime_plus | val_MSE=0.040527592 | test_MSE=0.038787130 | MAE=0.155134415 | RMSE=0.196944485 | MAPE=54.277511408% | params={'learning_rate': 0.03560791592575406, 'decay_rate': 0.049884140629517855, 'hidden_size': 32, 'beta1': 0.9, 'beta2': 0.999, 'signal_len': 8, 'cheb_order': 3, 's': 1.569371110713918, 'batch_size': 32, 'k': 3}
Trial 88 finished with value 0.145011691 | dataset=nn5 | model=ufgtime_plus | val_MSE=0.036604569 | test_MSE=0.033354088 | MAE=0.145011691 | RMSE=0.182631015 | MAPE=50.387062824% | params={'learning_rate': 0.024862925632012443, 'decay_rate': 0.0034156746025420814, 'hidden_size': 32, 'beta1': 0.9, 'beta2': 0.999, 'signal_len': 16, 'cheb_order': 3, 's': 7.188265953224512, 'batch_size': 16, 'k': 9}
Trial 89 finished with value 0.089615699 | dataset=nn5 | model=ufgtime_plus | val_MSE=0.023570229 | test_MSE=0.016216123 | MAE=0.089615699 | RMSE=0.127342543 | MAPE=31.516996523% | params={'learning_rate': 0.04032767811805692, 'decay_rate': 1.5862686574975134e-05, 'hidden_size': 32, 'beta1': 0.9, 'beta2': 0.999, 'signal_len': 16, 'cheb_order': 3, 's': 4.852085888658956, 'batch_size': 32, 'k': 10}
Trial 90 finished with value 0.146149631 | dataset=nn5 | model=ufgtime_plus | val_MSE=0.037682819 | test_MSE=0.034606584 | MAE=0.146149631 | RMSE=0.186028450 | MAPE=50.292804644% | params={'learning_rate': 0.018831424051311767, 'decay_rate': 0.004880419240985671, 'hidden_size': 16, 'beta1': 0.9, 'beta2': 0.999, 'signal_len': 16, 'cheb_order': 2, 's': 4.669287212361801, 'batch_size': 32, 'k': 10}
Trial 91 finished with value 0.126873573 | dataset=nn5 | model=ufgtime_plus | val_MSE=0.032705699 | test_MSE=0.028041257 | MAE=0.126873573 | RMSE=0.167455240 | MAPE=42.671885453% | params={'learning_rate': 0.04134167687035899, 'decay_rate': 0.0008569035539861527, 'hidden_size': 32, 'beta1': 0.9, 'beta2': 0.999, 'signal_len': 16, 'cheb_order': 3, 's': 4.845938440283457, 'batch_size': 32, 'k': 10}
Trial 92 finished with value 0.137122025 | dataset=nn5 | model=ufgtime_plus | val_MSE=0.034463352 | test_MSE=0.030506232 | MAE=0.137122025 | RMSE=0.174660334 | MAPE=47.591577579% | params={'learning_rate': 0.01758209766375776, 'decay_rate': 0.002352251422150786, 'hidden_size': 32, 'beta1': 0.9, 'beta2': 0.999, 'signal_len': 16, 'cheb_order': 3, 's': 4.204424290391814, 'batch_size': 32, 'k': 10}
Trial 93 finished with value 0.128790495 | dataset=nn5 | model=ufgtime_plus | val_MSE=0.033327972 | test_MSE=0.028744418 | MAE=0.128790495 | RMSE=0.169541787 | MAPE=43.216693693% | params={'learning_rate': 0.03966454804547828, 'decay_rate': 0.0011352731529113724, 'hidden_size': 32, 'beta1': 0.9, 'beta2': 0.999, 'signal_len': 16, 'cheb_order': 3, 's': 5.026476687936423, 'batch_size': 32, 'k': 9}
Trial 94 finished with value 0.092897441 | dataset=nn5 | model=ufgtime_plus | val_MSE=0.024403108 | test_MSE=0.016938996 | MAE=0.092897441 | RMSE=0.130149897 | MAPE=32.271156758% | params={'learning_rate': 0.0022033947734396916, 'decay_rate': 0.00010370520672441398, 'hidden_size': 32, 'beta1': 0.9, 'beta2': 0.999, 'signal_len': 16, 'cheb_order': 3, 's': 5.646413482767828, 'batch_size': 64, 'k': 10}
Trial 95 finished with value 0.161104396 | dataset=nn5 | model=ufgtime_plus | val_MSE=0.043484368 | test_MSE=0.043429220 | MAE=0.161104396 | RMSE=0.208396785 | MAPE=54.462811418% | params={'learning_rate': 0.038144536117729395, 'decay_rate': 0.03934841095784372, 'hidden_size': 32, 'beta1': 0.9, 'beta2': 0.999, 'signal_len': 16, 'cheb_order': 3, 's': 5.238932051109521, 'batch_size': 32, 'k': 9}
Trial 96 finished with value 0.145166371 | dataset=nn5 | model=ufgtime_plus | val_MSE=0.037380637 | test_MSE=0.034484894 | MAE=0.145166371 | RMSE=0.185701088 | MAPE=49.506547033% | params={'learning_rate': 0.0465274976353598, 'decay_rate': 0.0067566201326504675, 'hidden_size': 32, 'beta1': 0.9, 'beta2': 0.999, 'signal_len': 16, 'cheb_order': 3, 's': 4.403771754595799, 'batch_size': 32, 'k': 10}
Trial 97 finished with value 0.153882449 | dataset=nn5 | model=ufgtime_plus | val_MSE=0.040082823 | test_MSE=0.038604802 | MAE=0.153882449 | RMSE=0.196481047 | MAPE=53.268225360% | params={'learning_rate': 0.02649204245236564, 'decay_rate': 0.023695947289370668, 'hidden_size': 32, 'beta1': 0.9, 'beta2': 0.999, 'signal_len': 16, 'cheb_order': 3, 's': 3.2889574379808373, 'batch_size': 32, 'k': 8}
Trial 98 finished with value 0.146082403 | dataset=nn5 | model=ufgtime_plus | val_MSE=0.037605724 | test_MSE=0.034164837 | MAE=0.146082403 | RMSE=0.184837326 | MAPE=50.754144030% | params={'learning_rate': 0.03355583654419571, 'decay_rate': 0.003367023922404279, 'hidden_size': 32, 'beta1': 0.9, 'beta2': 0.999, 'signal_len': 16, 'cheb_order': 3, 's': 5.487225941670816, 'batch_size': 32, 'k': 7}
Trial 99 finished with value 0.137984838 | dataset=nn5 | model=ufgtime_plus | val_MSE=0.036015385 | test_MSE=0.031798227 | MAE=0.137984838 | RMSE=0.178320575 | MAPE=47.637876996% | params={'learning_rate': 0.043894142250540065, 'decay_rate': 0.0022484258653417207, 'hidden_size': 64, 'beta1': 0.9, 'beta2': 0.999, 'signal_len': 16, 'cheb_order': 3, 's': 2.1321844418199554, 'batch_size': 32, 'k': 9}
Trial 100 finished with value 0.146170412 | dataset=nn5 | model=ufgtime_plus | val_MSE=0.037006021 | test_MSE=0.033975213 | MAE=0.146170412 | RMSE=0.184323664 | MAPE=50.922361032% | params={'learning_rate': 0.04011162695782857, 'decay_rate': 0.0046744960636679305, 'hidden_size': 32, 'beta1': 0.9, 'beta2': 0.999, 'signal_len': 16, 'cheb_order': 2, 's': 4.08202808545676, 'batch_size': 32, 'k': 8}
Trial 101 finished with value 0.093534254 | dataset=nn5 | model=ufgtime_plus | val_MSE=0.024327638 | test_MSE=0.017036423 | MAE=0.093534254 | RMSE=0.130523649 | MAPE=33.378922203% | params={'learning_rate': 0.002284147320236245, 'decay_rate': 0.0009688929954541504, 'hidden_size': 32, 'beta1': 0.9, 'beta2': 0.999, 'signal_len': 16, 'cheb_order': 3, 's': 1.3082259173175026, 'batch_size': 32, 'k': 4}
Trial 102 finished with value 0.090227500 | dataset=nn5 | model=ufgtime_plus | val_MSE=0.023592444 | test_MSE=0.016290933 | MAE=0.090227500 | RMSE=0.127635940 | MAPE=32.021564112% | params={'learning_rate': 0.005101438399304893, 'decay_rate': 0.00021288697196734417, 'hidden_size': 32, 'beta1': 0.9, 'beta2': 0.999, 'signal_len': 16, 'cheb_order': 3, 's': 5.989207231058811, 'batch_size': 32, 'k': 5}
Trial 103 finished with value 0.089762362 | dataset=nn5 | model=ufgtime_plus | val_MSE=0.023561795 | test_MSE=0.016139355 | MAE=0.089762362 | RMSE=0.127040761 | MAPE=31.725755551% | params={'learning_rate': 0.005056177158768452, 'decay_rate': 4.8017060278387775e-05, 'hidden_size': 32, 'beta1': 0.9, 'beta2': 0.999, 'signal_len': 16, 'cheb_order': 3, 's': 6.1417095275715505, 'batch_size': 32, 'k': 5}
Trial 104 finished with value 0.132576612 | dataset=nn5 | model=ufgtime_plus | val_MSE=0.033785881 | test_MSE=0.030289424 | MAE=0.132576612 | RMSE=0.174038570 | MAPE=43.617118593% | params={'learning_rate': 0.005672624790584937, 'decay_rate': 0.0021913042394611604, 'hidden_size': 32, 'beta1': 0.9, 'beta2': 0.999, 'signal_len': 16, 'cheb_order': 3, 's': 6.104738208574078, 'batch_size': 32, 'k': 5}
Trial 105 finished with value 0.101834710 | dataset=nn5 | model=ufgtime_plus | val_MSE=0.027449260 | test_MSE=0.019063493 | MAE=0.101834710 | RMSE=0.138070609 | MAPE=35.434218365% | params={'learning_rate': 0.006108372445553904, 'decay_rate': 0.0012290469089416354, 'hidden_size': 32, 'beta1': 0.9, 'beta2': 0.999, 'signal_len': 16, 'cheb_order': 3, 's': 6.291122087583427, 'batch_size': 128, 'k': 5}
Trial 106 finished with value 0.143064477 | dataset=nn5 | model=ufgtime_plus | val_MSE=0.035832275 | test_MSE=0.032766967 | MAE=0.143064477 | RMSE=0.181016482 | MAPE=49.423516195% | params={'learning_rate': 0.011890633525719991, 'decay_rate': 0.0036026860113110943, 'hidden_size': 32, 'beta1': 0.9, 'beta2': 0.999, 'signal_len': 16, 'cheb_order': 3, 's': 7.699911198573244, 'batch_size': 32, 'k': 6}
Trial 107 finished with value 0.143133895 | dataset=nn5 | model=ufgtime_plus | val_MSE=0.036843545 | test_MSE=0.034231528 | MAE=0.143133895 | RMSE=0.185017641 | MAPE=47.065483324% | params={'learning_rate': 0.007997058567929873, 'decay_rate': 0.01791738795550037, 'hidden_size': 32, 'beta1': 0.9, 'beta2': 0.999, 'signal_len': 8, 'cheb_order': 3, 's': 6.762116420570329, 'batch_size': 32, 'k': 5}
Trial 108 finished with value 0.098778808 | dataset=nn5 | model=ufgtime_plus | val_MSE=0.027037932 | test_MSE=0.017932182 | MAE=0.098778808 | RMSE=0.133911097 | MAPE=35.728659150% | params={'learning_rate': 0.004105843529362072, 'decay_rate': 5.1194877626366706e-05, 'hidden_size': 32, 'beta1': 0.9, 'beta2': 0.999, 'signal_len': 16, 'cheb_order': 3, 's': 5.739896542857588, 'batch_size': 256, 'k': 4}
Trial 109 finished with value 0.140967851 | dataset=nn5 | model=ufgtime_plus | val_MSE=0.036650733 | test_MSE=0.032875222 | MAE=0.140967851 | RMSE=0.181315256 | MAPE=48.311958209% | params={'learning_rate': 0.049148628767570965, 'decay_rate': 0.002815247822415253, 'hidden_size': 32, 'beta1': 0.9, 'beta2': 0.999, 'signal_len': 16, 'cheb_order': 3, 's': 6.020202464207816, 'batch_size': 32, 'k': 6}
