Trial 220 finished with value 0.092602425 | dataset=nn5 | model=ufgtime_plus | val_MSE=0.024506843 | test_MSE=0.016900352 | MAE=0.092602425 | RMSE=0.130001355 | MAPE=32.531571141% | params={'learning_rate': 0.0035334124348900065, 'decay_rate': 2.7728902613980865e-05, 'hidden_size': 32, 'beta1': 0.9, 'beta2': 0.999, 'signal_len': 16, 'cheb_order': 3, 's': 8.195760951857794, 'batch_size': 64, 'k': 6}
Trial 221 finished with value 0.088938089 | dataset=nn5 | model=ufgtime_plus | val_MSE=0.023146878 | test_MSE=0.016014628 | MAE=0.088938089 | RMSE=0.126548916 | MAPE=31.884197183% | params={'learning_rate': 0.006608753001572973, 'decay_rate': 4.644369210842465e-05, 'hidden_size': 32, 'beta1': 0.9, 'beta2': 0.999, 'signal_len': 16, 'cheb_order': 3, 's': 1.9410242564536555, 'batch_size': 16, 'k': 10}
Trial 222 finished with value 0.129296265 | dataset=nn5 | model=ufgtime_plus | val_MSE=0.033066290 | test_MSE=0.028955046 | MAE=0.129296265 | RMSE=0.170161824 | MAPE=42.966290492% | params={'learning_rate': 0.0064633662182866205, 'decay_rate': 0.001493858950744566, 'hidden_size': 32, 'beta1': 0.9, 'beta2': 0.999, 'signal_len': 16, 'cheb_order': 3, 's': 2.014975366491361, 'batch_size': 16, 'k': 7}
Trial 223 finished with value 0.127013507 | dataset=nn5 | model=ufgtime_plus | val_MSE=0.032833562 | test_MSE=0.028043736 | MAE=0.127013507 | RMSE=0.167462641 | MAPE=42.357390655% | params={'learning_rate': 0.0076740588068772075, 'decay_rate': 0.000954814970956155, 'hidden_size': 32, 'beta1': 0.9, 'beta2': 0.999, 'signal_len': 16, 'cheb_order': 3, 's': 1.7105668332344892, 'batch_size': 16, 'k': 8}
Trial 224 finished with value 0.131590857 | dataset=nn5 | model=ufgtime_plus | val_MSE=0.033553592 | test_MSE=0.029526221 | MAE=0.131590857 | RMSE=0.171831957 | MAPE=43.960080924% | params={'learning_rate': 0.004887381352923445, 'decay_rate': 0.0020356488432448244, 'hidden_size': 32, 'beta1': 0.9, 'beta2': 0.999, 'signal_len': 16, 'cheb_order': 3, 's': 2.169859464182453, 'batch_size': 16, 'k': 10}
Trial 225 finished with value 0.089050876 | dataset=nn5 | model=ufgtime_plus | val_MSE=0.023214060 | test_MSE=0.016007096 | MAE=0.089050876 | RMSE=0.126519153 | MAPE=31.730834899% | params={'learning_rate': 0.0069559014734462375, 'decay_rate': 3.4056101336165324e-05, 'hidden_size': 32, 'beta1': 0.9, 'beta2': 0.999, 'signal_len': 16, 'cheb_order': 3, 's': 1.5428340308604023, 'batch_size': 16, 'k': 7}
Trial 226 finished with value 0.088977344 | dataset=nn5 | model=ufgtime_plus | val_MSE=0.023140357 | test_MSE=0.016025382 | MAE=0.088977344 | RMSE=0.126591399 | MAPE=31.779775348% | params={'learning_rate': 0.006603322582935128, 'decay_rate': 3.097635026584942e-05, 'hidden_size': 32, 'beta1': 0.9, 'beta2': 0.999, 'signal_len': 16, 'cheb_order': 3, 's': 1.8950523629674647, 'batch_size': 16, 'k': 7}
Trial 227 finished with value 0.090114215 | dataset=nn5 | model=ufgtime_plus | val_MSE=0.023379481 | test_MSE=0.016258512 | MAE=0.090114215 | RMSE=0.127508871 | MAPE=31.532315759% | params={'learning_rate': 0.006774493404732615, 'decay_rate': 1.812694346421051e-05, 'hidden_size': 32, 'beta1': 0.9, 'beta2': 0.999, 'signal_len': 16, 'cheb_order': 3, 's': 1.8672843697086758, 'batch_size': 16, 'k': 7}
Trial 228 finished with value 0.130498404 | dataset=nn5 | model=ufgtime_plus | val_MSE=0.033366599 | test_MSE=0.029392954 | MAE=0.130498404 | RMSE=0.171443733 | MAPE=43.037067984% | params={'learning_rate': 0.005906139843023378, 'decay_rate': 0.0017916917342569152, 'hidden_size': 32, 'beta1': 0.9, 'beta2': 0.999, 'signal_len': 16, 'cheb_order': 3, 's': 1.629891195235704, 'batch_size': 16, 'k': 7}
Trial 229 finished with value 0.127154130 | dataset=nn5 | model=ufgtime_plus | val_MSE=0.032907116 | test_MSE=0.028258507 | MAE=0.127154130 | RMSE=0.168102669 | MAPE=42.242170028% | params={'learning_rate': 0.007972600185384218, 'decay_rate': 0.0009670683785047322, 'hidden_size': 32, 'beta1': 0.9, 'beta2': 0.999, 'signal_len': 16, 'cheb_order': 3, 's': 1.8656130582828456, 'batch_size': 16, 'k': 7}
Trial 230 finished with value 0.139435828 | dataset=nn5 | model=ufgtime_plus | val_MSE=0.035303184 | test_MSE=0.032396670 | MAE=0.139435828 | RMSE=0.179990750 | MAPE=46.792903570% | params={'learning_rate': 0.004737775446413158, 'decay_rate': 0.0028719270663684327, 'hidden_size': 32, 'beta1': 0.9, 'beta2': 0.999, 'signal_len': 16, 'cheb_order': 3, 's': 2.0437142798486923, 'batch_size': 16, 'k': 7}
Trial 231 finished with value 0.127237105 | dataset=nn5 | model=ufgtime_plus | val_MSE=0.032863309 | test_MSE=0.028223811 | MAE=0.127237105 | RMSE=0.167999437 | MAPE=42.559352872% | params={'learning_rate': 0.0066291471906062775, 'decay_rate': 0.0009226749146834015, 'hidden_size': 32, 'beta1': 0.9, 'beta2': 0.999, 'signal_len': 16, 'cheb_order': 3, 's': 1.5196145171890503, 'batch_size': 16, 'k': 7}
Trial 232 finished with value 0.089359436 | dataset=nn5 | model=ufgtime_plus | val_MSE=0.023099557 | test_MSE=0.016060721 | MAE=0.089359436 | RMSE=0.126730900 | MAPE=31.774896110% | params={'learning_rate': 0.008958060631181076, 'decay_rate': 2.409608414103797e-05, 'hidden_size': 32, 'beta1': 0.9, 'beta2': 0.999, 'signal_len': 16, 'cheb_order': 3, 's': 7.9914134654984625, 'batch_size': 16, 'k': 7}
Trial 233 finished with value 0.127671755 | dataset=nn5 | model=ufgtime_plus | val_MSE=0.032759992 | test_MSE=0.027991847 | MAE=0.127671755 | RMSE=0.167307641 | MAPE=43.649702669% | params={'learning_rate': 0.009327020804241878, 'decay_rate': 0.0008859851199991059, 'hidden_size': 32, 'beta1': 0.9, 'beta2': 0.999, 'signal_len': 16, 'cheb_order': 3, 's': 7.94474019319243, 'batch_size': 16, 'k': 7}
Trial 234 finished with value 0.088552558 | dataset=nn5 | model=ufgtime_plus | val_MSE=0.022973936 | test_MSE=0.015748525 | MAE=0.088552558 | RMSE=0.125493127 | MAPE=32.353813534% | params={'learning_rate': 0.008408680828774067, 'decay_rate': 1.7449231566443828e-05, 'hidden_size': 32, 'beta1': 0.9, 'beta2': 0.999, 'signal_len': 16, 'cheb_order': 3, 's': 7.5745297232688875, 'batch_size': 16, 'k': 7}
Trial 235 finished with value 0.088540352 | dataset=nn5 | model=ufgtime_plus | val_MSE=0.023090423 | test_MSE=0.015812256 | MAE=0.088540352 | RMSE=0.125746795 | MAPE=32.202650526% | params={'learning_rate': 0.008519470249387154, 'decay_rate': 1.536970837086943e-05, 'hidden_size': 32, 'beta1': 0.9, 'beta2': 0.999, 'signal_len': 16, 'cheb_order': 3, 's': 7.794145725909627, 'batch_size': 16, 'k': 7}
Trial 236 finished with value 0.130617794 | dataset=nn5 | model=ufgtime_plus | val_MSE=0.033329813 | test_MSE=0.029471071 | MAE=0.130617794 | RMSE=0.171671403 | MAPE=42.993865884% | params={'learning_rate': 0.007639230854585125, 'decay_rate': 0.0018598412049733361, 'hidden_size': 32, 'beta1': 0.9, 'beta2': 0.999, 'signal_len': 16, 'cheb_order': 3, 's': 7.605407307837107, 'batch_size': 16, 'k': 7}
Trial 237 finished with value 0.089791887 | dataset=nn5 | model=ufgtime_plus | val_MSE=0.023441164 | test_MSE=0.016207653 | MAE=0.089791887 | RMSE=0.127309281 | MAPE=31.887989593% | params={'learning_rate': 0.008582327603222101, 'decay_rate': 3.726047140075276e-05, 'hidden_size': 16, 'beta1': 0.9, 'beta2': 0.999, 'signal_len': 16, 'cheb_order': 3, 's': 7.764541266943517, 'batch_size': 16, 'k': 7}
Trial 238 finished with value 0.127011152 | dataset=nn5 | model=ufgtime_plus | val_MSE=0.032884219 | test_MSE=0.028244716 | MAE=0.127011152 | RMSE=0.168061642 | MAPE=42.128268524% | params={'learning_rate': 0.006975365991101055, 'decay_rate': 0.0009395218744743073, 'hidden_size': 32, 'beta1': 0.9, 'beta2': 0.999, 'signal_len': 16, 'cheb_order': 3, 's': 7.322895843004101, 'batch_size': 16, 'k': 7}
Trial 239 finished with value 0.131017466 | dataset=nn5 | model=ufgtime_plus | val_MSE=0.033538256 | test_MSE=0.029359748 | MAE=0.131017466 | RMSE=0.171346863 | MAPE=44.236060795% | params={'learning_rate': 0.005821037358885065, 'decay_rate': 0.001804899432895774, 'hidden_size': 32, 'beta1': 0.9, 'beta2': 0.999, 'signal_len': 16, 'cheb_order': 3, 's': 7.963586182322979, 'batch_size': 16, 'k': 7}
Trial 240 finished with value 0.089262916 | dataset=nn5 | model=ufgtime_plus | val_MSE=0.023181413 | test_MSE=0.015943320 | MAE=0.089262916 | RMSE=0.126266860 | MAPE=31.949111546% | params={'learning_rate': 0.008610641347805773, 'decay_rate': 4.843310830523705e-05, 'hidden_size': 32, 'beta1': 0.9, 'beta2': 0.999, 'signal_len': 16, 'cheb_order': 3, 's': 7.5414684451709615, 'batch_size': 16, 'k': 7}
Trial 241 finished with value 0.127202317 | dataset=nn5 | model=ufgtime_plus | val_MSE=0.032859695 | test_MSE=0.027953192 | MAE=0.127202317 | RMSE=0.167192082 | MAPE=43.246124338% | params={'learning_rate': 0.008332244694040982, 'decay_rate': 0.0007666865599659175, 'hidden_size': 32, 'beta1': 0.9, 'beta2': 0.999, 'signal_len': 16, 'cheb_order': 3, 's': 7.5327904343966665, 'batch_size': 16, 'k': 7}
Trial 242 finished with value 0.088555343 | dataset=nn5 | model=ufgtime_plus | val_MSE=0.023084713 | test_MSE=0.015882436 | MAE=0.088555343 | RMSE=0.126025538 | MAPE=31.496899593% | params={'learning_rate': 0.0074949441008889395, 'decay_rate': 2.91914603011609e-05, 'hidden_size': 32, 'beta1': 0.9, 'beta2': 0.999, 'signal_len': 16, 'cheb_order': 3, 's': 7.641136776268133, 'batch_size': 16, 'k': 7}
Trial 243 finished with value 0.090680020 | dataset=nn5 | model=ufgtime_plus | val_MSE=0.023537674 | test_MSE=0.016370894 | MAE=0.090680020 | RMSE=0.127948796 | MAPE=31.851351729% | params={'learning_rate': 0.009327553567657843, 'decay_rate': 3.1714046411701246e-05, 'hidden_size': 32, 'beta1': 0.9, 'beta2': 0.999, 'signal_len': 16, 'cheb_order': 3, 's': 7.611846707413391, 'batch_size': 16, 'k': 7}
Trial 244 finished with value 0.127568711 | dataset=nn5 | model=ufgtime_plus | val_MSE=0.032834166 | test_MSE=0.028260929 | MAE=0.127568711 | RMSE=0.168109873 | MAPE=42.684130782% | params={'learning_rate': 0.007500614448482845, 'decay_rate': 0.0010644607888897328, 'hidden_size': 32, 'beta1': 0.9, 'beta2': 0.999, 'signal_len': 16, 'cheb_order': 3, 's': 7.806547015682853, 'batch_size': 16, 'k': 7}
Trial 245 finished with value 0.088827009 | dataset=nn5 | model=ufgtime_plus | val_MSE=0.023151778 | test_MSE=0.015868986 | MAE=0.088827009 | RMSE=0.125972164 | MAPE=32.374222493% | params={'learning_rate': 0.008536226030207423, 'decay_rate': 2.6457947729342766e-05, 'hidden_size': 32, 'beta1': 0.9, 'beta2': 0.999, 'signal_len': 16, 'cheb_order': 3, 's': 7.287876675588848, 'batch_size': 16, 'k': 7}
Trial 246 finished with value 0.130208278 | dataset=nn5 | model=ufgtime_plus | val_MSE=0.033112497 | test_MSE=0.029124155 | MAE=0.130208278 | RMSE=0.170658005 | MAPE=43.662028925% | params={'learning_rate': 0.006605166705970569, 'decay_rate': 0.0016499675083392644, 'hidden_size': 32, 'beta1': 0.9, 'beta2': 0.999, 'signal_len': 16, 'cheb_order': 3, 's': 6.873961855445234, 'batch_size': 16, 'k': 7}
Trial 247 finished with value 0.088473894 | dataset=nn5 | model=ufgtime_plus | val_MSE=0.023064019 | test_MSE=0.015802851 | MAE=0.088473894 | RMSE=0.125709391 | MAPE=32.148644199% | params={'learning_rate': 0.008496037075249326, 'decay_rate': 1.3450024271450396e-05, 'hidden_size': 32, 'beta1': 0.9, 'beta2': 0.999, 'signal_len': 16, 'cheb_order': 3, 's': 7.235217722578274, 'batch_size': 16, 'k': 7}
Trial 248 finished with value 0.127878232 | dataset=nn5 | model=ufgtime_plus | val_MSE=0.032798922 | test_MSE=0.028260350 | MAE=0.127878232 | RMSE=0.168108151 | MAPE=43.117759395% | params={'learning_rate': 0.007986113626372564, 'decay_rate': 0.0011473645484692924, 'hidden_size': 32, 'beta1': 0.9, 'beta2': 0.999, 'signal_len': 16, 'cheb_order': 3, 's': 7.24472767034905, 'batch_size': 16, 'k': 7}
Trial 249 finished with value 0.133505215 | dataset=nn5 | model=ufgtime_plus | val_MSE=0.034270995 | test_MSE=0.030610711 | MAE=0.133505215 | RMSE=0.174959168 | MAPE=44.295893917% | params={'learning_rate': 0.0055305143816205896, 'decay_rate': 0.002220591527776183, 'hidden_size': 32, 'beta1': 0.9, 'beta2': 0.999, 'signal_len': 16, 'cheb_order': 3, 's': 6.974044915949925, 'batch_size': 16, 'k': 7}
Trial 250 finished with value 0.127909040 | dataset=nn5 | model=ufgtime_plus | val_MSE=0.032782597 | test_MSE=0.028005670 | MAE=0.127909040 | RMSE=0.167348946 | MAPE=43.585011351% | params={'learning_rate': 0.007026548550178532, 'decay_rate': 0.0009621907297647436, 'hidden_size': 32, 'beta1': 0.9, 'beta2': 0.999, 'signal_len': 16, 'cheb_order': 3, 's': 7.447137839527862, 'batch_size': 16, 'k': 7}
Trial 251 finished with value 0.147256460 | dataset=nn5 | model=ufgtime_plus | val_MSE=0.037914552 | test_MSE=0.035782405 | MAE=0.147256460 | RMSE=0.189162378 | MAPE=49.889853284% | params={'learning_rate': 0.008257697380550254, 'decay_rate': 0.019599215304312592, 'hidden_size': 32, 'beta1': 0.9, 'beta2': 0.999, 'signal_len': 16, 'cheb_order': 3, 's': 7.092358687247912, 'batch_size': 16, 'k': 7}
Trial 252 finished with value 0.089698292 | dataset=nn5 | model=ufgtime_plus | val_MSE=0.023350427 | test_MSE=0.016213046 | MAE=0.089698292 | RMSE=0.127330459 | MAPE=31.650538072% | params={'learning_rate': 0.005784829302162783, 'decay_rate': 4.702306699313385e-05, 'hidden_size': 32, 'beta1': 0.9, 'beta2': 0.999, 'signal_len': 16, 'cheb_order': 3, 's': 7.432091397845891, 'batch_size': 16, 'k': 7}
Trial 253 finished with value 0.135525532 | dataset=nn5 | model=ufgtime_plus | val_MSE=0.034432477 | test_MSE=0.030930930 | MAE=0.135525532 | RMSE=0.175871912 | MAPE=45.455279222% | params={'learning_rate': 0.007384847322356704, 'decay_rate': 0.0024921010004081263, 'hidden_size': 32, 'beta1': 0.9, 'beta2': 0.999, 'signal_len': 8, 'cheb_order': 3, 's': 7.590594325699947, 'batch_size': 16, 'k': 6}
Trial 254 finished with value 0.092682988 | dataset=nn5 | model=ufgtime_plus | val_MSE=0.024256497 | test_MSE=0.016901734 | MAE=0.092682988 | RMSE=0.130006667 | MAPE=32.833155550% | params={'learning_rate': 0.004003289628830844, 'decay_rate': 0.0010092089367400455, 'hidden_size': 32, 'beta1': 0.9, 'beta2': 0.999, 'signal_len': 16, 'cheb_order': 3, 's': 7.261379411140018, 'batch_size': 16, 'k': 7}
Trial 255 finished with value 0.089487177 | dataset=nn5 | model=ufgtime_plus | val_MSE=0.023113181 | test_MSE=0.016094574 | MAE=0.089487177 | RMSE=0.126864391 | MAPE=31.849305632% | params={'learning_rate': 0.008846084296795235, 'decay_rate': 2.3713330549450497e-05, 'hidden_size': 32, 'beta1': 0.9, 'beta2': 0.999, 'signal_len': 16, 'cheb_order': 3, 's': 7.681727782595833, 'batch_size': 16, 'k': 7}
Trial 256 finished with value 0.131976460 | dataset=nn5 | model=ufgtime_plus | val_MSE=0.033622334 | test_MSE=0.029496081 | MAE=0.131976460 | RMSE=0.171744230 | MAPE=44.995422532% | params={'learning_rate': 0.006428330351746777, 'decay_rate': 0.001819938350128275, 'hidden_size': 16, 'beta1': 0.9, 'beta2': 0.999, 'signal_len': 16, 'cheb_order': 3, 's': 7.828900812058054, 'batch_size': 16, 'k': 7}
Trial 257 finished with value 0.128200116 | dataset=nn5 | model=ufgtime_plus | val_MSE=0.032883669 | test_MSE=0.028461779 | MAE=0.128200116 | RMSE=0.168706191 | MAPE=42.782575428% | params={'learning_rate': 0.0052853998587033876, 'decay_rate': 0.001242454793709458, 'hidden_size': 32, 'beta1': 0.9, 'beta2': 0.999, 'signal_len': 16, 'cheb_order': 3, 's': 8.16192796929197, 'batch_size': 16, 'k': 7}
Trial 258 finished with value 0.140569088 | dataset=nn5 | model=ufgtime_plus | val_MSE=0.035210858 | test_MSE=0.031714197 | MAE=0.140569088 | RMSE=0.178084803 | MAPE=48.469404678% | params={'learning_rate': 0.007891474543339126, 'decay_rate': 0.0029475253020305793, 'hidden_size': 32, 'beta1': 0.9, 'beta2': 0.999, 'signal_len': 16, 'cheb_order': 3, 's': 8.344102062699774, 'batch_size': 128, 'k': 6}
Trial 259 finished with value 0.144332645 | dataset=nn5 | model=ufgtime_plus | val_MSE=0.038259389 | test_MSE=0.036109895 | MAE=0.144332645 | RMSE=0.190026037 | MAPE=45.558316948% | params={'learning_rate': 0.009165097628384212, 'decay_rate': 0.027269098944240847, 'hidden_size': 64, 'beta1': 0.9, 'beta2': 0.999, 'signal_len': 16, 'cheb_order': 3, 's': 7.337017389878912, 'batch_size': 16, 'k': 7}
Trial 260 finished with value 0.126952839 | dataset=nn5 | model=ufgtime_plus | val_MSE=0.032882358 | test_MSE=0.028183363 | MAE=0.126952839 | RMSE=0.167879012 | MAPE=42.053070071% | params={'learning_rate': 0.00683899636687448, 'decay_rate': 0.0009303974598974758, 'hidden_size': 32, 'beta1': 0.9, 'beta2': 0.999, 'signal_len': 16, 'cheb_order': 2, 's': 7.540005058435213, 'batch_size': 16, 'k': 7}
Trial 261 finished with value 0.130281498 | dataset=nn5 | model=ufgtime_plus | val_MSE=0.033501028 | test_MSE=0.029404056 | MAE=0.130281498 | RMSE=0.171476110 | MAPE=43.047157747% | params={'learning_rate': 0.00823261308313791, 'decay_rate': 0.0017584942564127276, 'hidden_size': 32, 'beta1': 0.9, 'beta2': 0.999, 'signal_len': 16, 'cheb_order': 3, 's': 7.872227643186045, 'batch_size': 16, 'k': 7}
Trial 262 finished with value 0.089070124 | dataset=nn5 | model=ufgtime_plus | val_MSE=0.023138447 | test_MSE=0.016055564 | MAE=0.089070124 | RMSE=0.126710552 | MAPE=31.473963647% | params={'learning_rate': 0.004568622665611406, 'decay_rate': 6.355371922858955e-05, 'hidden_size': 32, 'beta1': 0.9, 'beta2': 0.999, 'signal_len': 16, 'cheb_order': 3, 's': 7.694705707609516, 'batch_size': 16, 'k': 7}
Trial 263 finished with value 0.103975173 | dataset=nn5 | model=ufgtime_plus | val_MSE=0.027813794 | test_MSE=0.019370250 | MAE=0.103975173 | RMSE=0.139177045 | MAPE=37.901675999% | params={'learning_rate': 0.005259827193345226, 'decay_rate': 0.0008604975313105243, 'hidden_size': 32, 'beta1': 0.9, 'beta2': 0.999, 'signal_len': 16, 'cheb_order': 3, 's': 8.139964891896314, 'batch_size': 256, 'k': 7}
Trial 264 finished with value 0.089794667 | dataset=nn5 | model=ufgtime_plus | val_MSE=0.023356494 | test_MSE=0.016233514 | MAE=0.089794667 | RMSE=0.127410806 | MAPE=31.723346786% | params={'learning_rate': 0.0028552013629444305, 'decay_rate': 1.5238567771445882e-05, 'hidden_size': 32, 'beta1': 0.9, 'beta2': 0.999, 'signal_len': 16, 'cheb_order': 3, 's': 6.9925618472674875, 'batch_size': 16, 'k': 7}
Trial 265 finished with value 0.105063388 | dataset=nn5 | model=ufgtime_plus | val_MSE=0.028034413 | test_MSE=0.019872695 | MAE=0.105063388 | RMSE=0.140970548 | MAPE=36.699300128% | params={'learning_rate': 0.004509354023081619, 'decay_rate': 0.002499875656624766, 'hidden_size': 32, 'beta1': 0.9, 'beta2': 0.999, 'signal_len': 16, 'cheb_order': 3, 's': 1.4187173265630064, 'batch_size': 16, 'k': 7}
Trial 266 finished with value 0.132165093 | dataset=nn5 | model=ufgtime_plus | val_MSE=0.033409409 | test_MSE=0.029182909 | MAE=0.132165093 | RMSE=0.170830058 | MAPE=45.470381926% | params={'learning_rate': 0.006119754232668977, 'decay_rate': 0.0016056575559369754, 'hidden_size': 32, 'beta1': 0.9, 'beta2': 0.999, 'signal_len': 16, 'cheb_order': 3, 's': 8.377890327831134, 'batch_size': 16, 'k': 6}
Trial 267 finished with value 0.127106429 | dataset=nn5 | model=ufgtime_plus | val_MSE=0.032831496 | test_MSE=0.028232505 | MAE=0.127106429 | RMSE=0.168025311 | MAPE=42.495062807% | params={'learning_rate': 0.010501457307253954, 'decay_rate': 0.0009111073132112094, 'hidden_size': 32, 'beta1': 0.9, 'beta2': 0.999, 'signal_len': 16, 'cheb_order': 3, 's': 7.995149802705186, 'batch_size': 16, 'k': 7}
Trial 268 finished with value 0.089111178 | dataset=nn5 | model=ufgtime_plus | val_MSE=0.023411508 | test_MSE=0.016076395 | MAE=0.089111178 | RMSE=0.126792724 | MAPE=31.476062420% | params={'learning_rate': 0.0040202940355903724, 'decay_rate': 2.7273117520660017e-05, 'hidden_size': 32, 'beta1': 0.9, 'beta2': 0.999, 'signal_len': 16, 'cheb_order': 3, 's': 7.836000081762386, 'batch_size': 16, 'k': 7}
Trial 269 finished with value 0.140907409 | dataset=nn5 | model=ufgtime_plus | val_MSE=0.036516583 | test_MSE=0.033937585 | MAE=0.140907409 | RMSE=0.184221566 | MAPE=44.539477345% | params={'learning_rate': 0.003954463992497574, 'decay_rate': 0.023770915807877095, 'hidden_size': 32, 'beta1': 0.9, 'beta2': 0.999, 'signal_len': 16, 'cheb_order': 3, 's': 7.712282529789436, 'batch_size': 16, 'k': 7}
Trial 270 finished with value 0.095471554 | dataset=nn5 | model=ufgtime_plus | val_MSE=0.025095160 | test_MSE=0.017394810 | MAE=0.095471554 | RMSE=0.131889384 | MAPE=34.152385075% | params={'learning_rate': 0.002622590005297372, 'decay_rate': 0.001942496876188344, 'hidden_size': 32, 'beta1': 0.9, 'beta2': 0.999, 'signal_len': 16, 'cheb_order': 3, 's': 8.22571948007452, 'batch_size': 16, 'k': 7}
Trial 271 finished with value 0.106886924 | dataset=nn5 | model=ufgtime_plus | val_MSE=0.028381436 | test_MSE=0.020480856 | MAE=0.106886924 | RMSE=0.143111341 | MAPE=37.889384215% | params={'learning_rate': 0.0044773471347934095, 'decay_rate': 0.0031720188854762613, 'hidden_size': 16, 'beta1': 0.9, 'beta2': 0.999, 'signal_len': 16, 'cheb_order': 3, 's': 7.367651951348655, 'batch_size': 64, 'k': 7}
Trial 272 finished with value 0.095677756 | dataset=nn5 | model=ufgtime_plus | val_MSE=0.025889851 | test_MSE=0.017630220 | MAE=0.095677756 | RMSE=0.132778838 | MAPE=34.067880461% | params={'learning_rate': 0.0031978764916530903, 'decay_rate': 0.001015726187712921, 'hidden_size': 32, 'beta1': 0.9, 'beta2': 0.999, 'signal_len': 8, 'cheb_order': 3, 's': 8.03986931514655, 'batch_size': 16, 'k': 7}
Trial 273 finished with value 0.094072878 | dataset=nn5 | model=ufgtime_plus | val_MSE=0.024649121 | test_MSE=0.017067066 | MAE=0.094072878 | RMSE=0.130640980 | MAPE=33.114088395% | params={'learning_rate': 0.0052027654474511775, 'decay_rate': 0.0008849307974292094, 'hidden_size': 32, 'beta1': 0.9, 'beta2': 0.999, 'signal_len': 16, 'cheb_order': 3, 's': 8.477323994850439, 'batch_size': 16, 'k': 6}
