Trial 110 finished with value 0.101092343 | dataset=nn5 | model=ufgtime_plus | val_MSE=0.026415171 | test_MSE=0.018986636 | MAE=0.101092343 | RMSE=0.137792003 | MAPE=34.906740236% | params={'learning_rate': 0.0014691868177430026, 'decay_rate': 0.0042485323821439, 'hidden_size': 16, 'beta1': 0.9, 'beta2': 0.999, 'signal_len': 16, 'cheb_order': 2, 's': 6.761915493000225, 'batch_size': 16, 'k': 5}
Trial 111 finished with value 0.127320737 | dataset=nn5 | model=ufgtime_plus | val_MSE=0.032718076 | test_MSE=0.027947937 | MAE=0.127320737 | RMSE=0.167176365 | MAPE=42.635027006% | params={'learning_rate': 0.010680852041412465, 'decay_rate': 0.0011205082840739402, 'hidden_size': 32, 'beta1': 0.9, 'beta2': 0.999, 'signal_len': 16, 'cheb_order': 3, 's': 5.513721911003626, 'batch_size': 32, 'k': 4}
Trial 112 finished with value 0.090418339 | dataset=nn5 | model=ufgtime_plus | val_MSE=0.023675139 | test_MSE=0.016345293 | MAE=0.090418339 | RMSE=0.127848711 | MAPE=31.884228735% | params={'learning_rate': 0.006554812407342033, 'decay_rate': 6.353717247255806e-05, 'hidden_size': 32, 'beta1': 0.9, 'beta2': 0.999, 'signal_len': 16, 'cheb_order': 3, 's': 3.5086758302636376, 'batch_size': 32, 'k': 7}
Trial 113 finished with value 0.132573358 | dataset=nn5 | model=ufgtime_plus | val_MSE=0.033768594 | test_MSE=0.029600586 | MAE=0.132573358 | RMSE=0.172048208 | MAPE=45.395161239% | params={'learning_rate': 0.006833059777701001, 'decay_rate': 0.0017645796007311233, 'hidden_size': 32, 'beta1': 0.9, 'beta2': 0.999, 'signal_len': 16, 'cheb_order': 3, 's': 3.6816393755430967, 'batch_size': 32, 'k': 2}
Trial 114 finished with value 0.126874426 | dataset=nn5 | model=ufgtime_plus | val_MSE=0.032778268 | test_MSE=0.027906430 | MAE=0.126874426 | RMSE=0.167052179 | MAPE=42.968763009% | params={'learning_rate': 0.008783945904530858, 'decay_rate': 0.0007887055820157652, 'hidden_size': 32, 'beta1': 0.9, 'beta2': 0.999, 'signal_len': 16, 'cheb_order': 3, 's': 4.2497175742358095, 'batch_size': 32, 'k': 6}
Trial 115 finished with value 0.104849614 | dataset=nn5 | model=ufgtime_plus | val_MSE=0.028112506 | test_MSE=0.019816796 | MAE=0.104849614 | RMSE=0.140772142 | MAPE=36.373926343% | params={'learning_rate': 0.00478881647481892, 'decay_rate': 0.0025369793531253675, 'hidden_size': 32, 'beta1': 0.9, 'beta2': 0.999, 'signal_len': 16, 'cheb_order': 3, 's': 3.002459312206292, 'batch_size': 32, 'k': 5}
Trial 116 finished with value 0.091071789 | dataset=nn5 | model=ufgtime_plus | val_MSE=0.023660122 | test_MSE=0.016506122 | MAE=0.091071789 | RMSE=0.128476154 | MAPE=32.124794144% | params={'learning_rate': 0.0028451954868181084, 'decay_rate': 0.00014722549460148977, 'hidden_size': 32, 'beta1': 0.9, 'beta2': 0.999, 'signal_len': 16, 'cheb_order': 3, 's': 3.453495873244489, 'batch_size': 32, 'k': 4}
Trial 117 finished with value 0.141079867 | dataset=nn5 | model=ufgtime_plus | val_MSE=0.035638427 | test_MSE=0.032443516 | MAE=0.141079867 | RMSE=0.180120837 | MAPE=47.205898770% | params={'learning_rate': 0.006173626671024595, 'decay_rate': 0.005667693076191527, 'hidden_size': 32, 'beta1': 0.9, 'beta2': 0.999, 'signal_len': 16, 'cheb_order': 3, 's': 2.4388173951247607, 'batch_size': 64, 'k': 7}
Trial 118 finished with value 0.141965456 | dataset=nn5 | model=ufgtime_plus | val_MSE=0.036869756 | test_MSE=0.034586144 | MAE=0.141965456 | RMSE=0.185973504 | MAPE=45.424358685% | params={'learning_rate': 0.004248050913987612, 'decay_rate': 0.04422575524059523, 'hidden_size': 32, 'beta1': 0.9, 'beta2': 0.999, 'signal_len': 16, 'cheb_order': 3, 's': 4.561217419881273, 'batch_size': 32, 'k': 10}
Trial 119 finished with value 0.096666579 | dataset=nn5 | model=ufgtime_plus | val_MSE=0.025108710 | test_MSE=0.017786185 | MAE=0.096666579 | RMSE=0.133364855 | MAPE=34.415533059% | params={'learning_rate': 0.0004399510530135537, 'decay_rate': 0.0016664990031441734, 'hidden_size': 64, 'beta1': 0.9, 'beta2': 0.999, 'signal_len': 16, 'cheb_order': 3, 's': 3.899320735461952, 'batch_size': 32, 'k': 9}
Trial 120 finished with value 0.142076345 | dataset=nn5 | model=ufgtime_plus | val_MSE=0.036906225 | test_MSE=0.033280639 | MAE=0.142076345 | RMSE=0.182429820 | MAPE=48.602095461% | params={'learning_rate': 0.0449972343080413, 'decay_rate': 0.0029754999135941478, 'hidden_size': 32, 'beta1': 0.9, 'beta2': 0.999, 'signal_len': 16, 'cheb_order': 3, 's': 4.950714503989292, 'batch_size': 32, 'k': 7}
Trial 121 finished with value 0.088803756 | dataset=nn5 | model=ufgtime_plus | val_MSE=0.023396678 | test_MSE=0.015968351 | MAE=0.088803756 | RMSE=0.126365941 | MAPE=31.822571148% | params={'learning_rate': 0.036914093467503066, 'decay_rate': 3.0062882474874206e-05, 'hidden_size': 32, 'beta1': 0.9, 'beta2': 0.999, 'signal_len': 16, 'cheb_order': 3, 's': 1.7747030667312071, 'batch_size': 32, 'k': 7}
Trial 122 finished with value 0.132950121 | dataset=nn5 | model=ufgtime_plus | val_MSE=0.035387718 | test_MSE=0.030245955 | MAE=0.132950121 | RMSE=0.173913642 | MAPE=46.170463279% | params={'learning_rate': 0.04190489717503099, 'decay_rate': 0.001126384910099951, 'hidden_size': 32, 'beta1': 0.9, 'beta2': 0.999, 'signal_len': 16, 'cheb_order': 3, 's': 1.7543760966943753, 'batch_size': 32, 'k': 7}
Trial 123 finished with value 0.090072982 | dataset=nn5 | model=ufgtime_plus | val_MSE=0.023426518 | test_MSE=0.016402257 | MAE=0.090072982 | RMSE=0.128071298 | MAPE=31.482908383% | params={'learning_rate': 0.0405636925179441, 'decay_rate': 3.29779394841433e-05, 'hidden_size': 32, 'beta1': 0.9, 'beta2': 0.999, 'signal_len': 16, 'cheb_order': 3, 's': 5.959754109915528, 'batch_size': 32, 'k': 6}
Trial 124 finished with value 0.136640160 | dataset=nn5 | model=ufgtime_plus | val_MSE=0.035815646 | test_MSE=0.031422503 | MAE=0.136640160 | RMSE=0.177263937 | MAPE=47.103974249% | params={'learning_rate': 0.040758314549676974, 'decay_rate': 0.0020078783329089992, 'hidden_size': 32, 'beta1': 0.9, 'beta2': 0.999, 'signal_len': 16, 'cheb_order': 3, 's': 6.377678266093088, 'batch_size': 32, 'k': 6}
Trial 125 finished with value 0.146104649 | dataset=nn5 | model=ufgtime_plus | val_MSE=0.037661074 | test_MSE=0.034284665 | MAE=0.146104649 | RMSE=0.185161186 | MAPE=50.487393154% | params={'learning_rate': 0.04302705090730198, 'decay_rate': 0.0038988062242908896, 'hidden_size': 32, 'beta1': 0.9, 'beta2': 0.999, 'signal_len': 16, 'cheb_order': 3, 's': 5.956368517312379, 'batch_size': 32, 'k': 3}
Trial 126 finished with value 0.091908956 | dataset=nn5 | model=ufgtime_plus | val_MSE=0.024880515 | test_MSE=0.016825323 | MAE=0.091908956 | RMSE=0.129712463 | MAPE=32.873221203% | params={'learning_rate': 0.03714316176557447, 'decay_rate': 2.9889579466423085e-05, 'hidden_size': 32, 'beta1': 0.9, 'beta2': 0.999, 'signal_len': 8, 'cheb_order': 2, 's': 6.1615207721504275, 'batch_size': 32, 'k': 6}
Trial 127 finished with value 0.141349643 | dataset=nn5 | model=ufgtime_plus | val_MSE=0.036737681 | test_MSE=0.033030497 | MAE=0.141349643 | RMSE=0.181742942 | MAPE=48.379252234% | params={'learning_rate': 0.03876662965605629, 'decay_rate': 0.0028645528036999454, 'hidden_size': 32, 'beta1': 0.9, 'beta2': 0.999, 'signal_len': 16, 'cheb_order': 3, 's': 1.5399901144811279, 'batch_size': 32, 'k': 5}
Trial 128 finished with value 0.155194750 | dataset=nn5 | model=ufgtime_plus | val_MSE=0.040964849 | test_MSE=0.039942627 | MAE=0.155194750 | RMSE=0.199856516 | MAPE=52.832761930% | params={'learning_rate': 0.040286560313797945, 'decay_rate': 0.03115932703018485, 'hidden_size': 32, 'beta1': 0.9, 'beta2': 0.999, 'signal_len': 16, 'cheb_order': 3, 's': 5.2046745569696915, 'batch_size': 128, 'k': 10}
Trial 129 finished with value 0.134054175 | dataset=nn5 | model=ufgtime_plus | val_MSE=0.035473329 | test_MSE=0.030611525 | MAE=0.134054175 | RMSE=0.174961495 | MAPE=46.379300486% | params={'learning_rate': 0.04604859783140969, 'decay_rate': 0.001438051362618729, 'hidden_size': 32, 'beta1': 0.9, 'beta2': 0.999, 'signal_len': 16, 'cheb_order': 3, 's': 6.542349209198564, 'batch_size': 32, 'k': 9}
Trial 130 finished with value 0.128038727 | dataset=nn5 | model=ufgtime_plus | val_MSE=0.032976091 | test_MSE=0.028159886 | MAE=0.128038727 | RMSE=0.167809075 | MAPE=43.849220835% | params={'learning_rate': 0.013901697947787447, 'decay_rate': 0.000940226646352689, 'hidden_size': 32, 'beta1': 0.9, 'beta2': 0.999, 'signal_len': 16, 'cheb_order': 3, 's': 1.1025527685154717, 'batch_size': 32, 'k': 4}
Trial 131 finished with value 0.089548770 | dataset=nn5 | model=ufgtime_plus | val_MSE=0.023294445 | test_MSE=0.016213067 | MAE=0.089548770 | RMSE=0.127330544 | MAPE=31.958797826% | params={'learning_rate': 0.010239450769103771, 'decay_rate': 0.0001365224746511922, 'hidden_size': 32, 'beta1': 0.9, 'beta2': 0.999, 'signal_len': 16, 'cheb_order': 3, 's': 2.029634884054795, 'batch_size': 32, 'k': 7}
Trial 132 finished with value 0.134625247 | dataset=nn5 | model=ufgtime_plus | val_MSE=0.034089816 | test_MSE=0.030297244 | MAE=0.134625247 | RMSE=0.174061036 | MAPE=46.277608753% | params={'learning_rate': 0.009089253611266376, 'decay_rate': 0.00209376379503773, 'hidden_size': 32, 'beta1': 0.9, 'beta2': 0.999, 'signal_len': 16, 'cheb_order': 3, 's': 1.9969942573712547, 'batch_size': 32, 'k': 6}
Trial 133 finished with value 0.088900636 | dataset=nn5 | model=ufgtime_plus | val_MSE=0.023196153 | test_MSE=0.016014552 | MAE=0.088900636 | RMSE=0.126548617 | MAPE=31.740116461% | params={'learning_rate': 0.01018484515140641, 'decay_rate': 3.888668745968821e-05, 'hidden_size': 32, 'beta1': 0.9, 'beta2': 0.999, 'signal_len': 16, 'cheb_order': 3, 's': 1.8041340553244214, 'batch_size': 32, 'k': 10}
Trial 134 finished with value 0.128876037 | dataset=nn5 | model=ufgtime_plus | val_MSE=0.032962442 | test_MSE=0.028444125 | MAE=0.128876037 | RMSE=0.168653861 | MAPE=44.161617018% | params={'learning_rate': 0.010600100257718667, 'decay_rate': 0.0010799023100527584, 'hidden_size': 32, 'beta1': 0.9, 'beta2': 0.999, 'signal_len': 16, 'cheb_order': 3, 's': 2.2913267411384624, 'batch_size': 32, 'k': 10}
Trial 135 finished with value 0.138843180 | dataset=nn5 | model=ufgtime_plus | val_MSE=0.035521750 | test_MSE=0.032624957 | MAE=0.138843180 | RMSE=0.180623799 | MAPE=45.058535538% | params={'learning_rate': 0.008415617063168273, 'decay_rate': 0.0035131855267456907, 'hidden_size': 32, 'beta1': 0.9, 'beta2': 0.999, 'signal_len': 16, 'cheb_order': 3, 's': 2.6236555290350205, 'batch_size': 32, 'k': 10}
Trial 136 finished with value 0.137402379 | dataset=nn5 | model=ufgtime_plus | val_MSE=0.035952952 | test_MSE=0.031659366 | MAE=0.137402379 | RMSE=0.177930791 | MAPE=47.365164448% | params={'learning_rate': 0.04364272171053812, 'decay_rate': 0.002166112920295503, 'hidden_size': 32, 'beta1': 0.9, 'beta2': 0.999, 'signal_len': 16, 'cheb_order': 3, 's': 1.8222960212388206, 'batch_size': 32, 'k': 10}
Trial 137 finished with value 0.141318061 | dataset=nn5 | model=ufgtime_plus | val_MSE=0.035926662 | test_MSE=0.032934122 | MAE=0.141318061 | RMSE=0.181477607 | MAPE=47.134916555% | params={'learning_rate': 0.011196285650068048, 'decay_rate': 0.004746474030649497, 'hidden_size': 16, 'beta1': 0.9, 'beta2': 0.999, 'signal_len': 16, 'cheb_order': 3, 's': 2.1667203378573867, 'batch_size': 256, 'k': 5}
Trial 138 finished with value 0.127119659 | dataset=nn5 | model=ufgtime_plus | val_MSE=0.032767472 | test_MSE=0.028147667 | MAE=0.127119659 | RMSE=0.167772665 | MAPE=42.736062814% | params={'learning_rate': 0.009743437838753567, 'decay_rate': 0.0008506218456499316, 'hidden_size': 32, 'beta1': 0.9, 'beta2': 0.999, 'signal_len': 16, 'cheb_order': 2, 's': 5.416835281844936, 'batch_size': 32, 'k': 10}
Trial 139 finished with value 0.089665357 | dataset=nn5 | model=ufgtime_plus | val_MSE=0.023312560 | test_MSE=0.016190432 | MAE=0.089665357 | RMSE=0.127241628 | MAPE=31.684605998% | params={'learning_rate': 0.007608555781317057, 'decay_rate': 8.613098234556342e-05, 'hidden_size': 32, 'beta1': 0.9, 'beta2': 0.999, 'signal_len': 16, 'cheb_order': 3, 's': 8.97878382336873, 'batch_size': 16, 'k': 8}
Trial 140 finished with value 0.140036912 | dataset=nn5 | model=ufgtime_plus | val_MSE=0.035664431 | test_MSE=0.032793787 | MAE=0.140036912 | RMSE=0.181090549 | MAPE=46.741767395% | params={'learning_rate': 0.01360270278679742, 'decay_rate': 0.003000347814465689, 'hidden_size': 32, 'beta1': 0.9, 'beta2': 0.999, 'signal_len': 16, 'cheb_order': 3, 's': 8.734534243843754, 'batch_size': 16, 'k': 7}
Trial 141 finished with value 0.088353819 | dataset=nn5 | model=ufgtime_plus | val_MSE=0.022929284 | test_MSE=0.015724372 | MAE=0.088353819 | RMSE=0.125396858 | MAPE=32.230520559% | params={'learning_rate': 0.00753185054290064, 'decay_rate': 3.8199784747256026e-05, 'hidden_size': 32, 'beta1': 0.9, 'beta2': 0.999, 'signal_len': 16, 'cheb_order': 3, 's': 8.277423784137977, 'batch_size': 16, 'k': 8}
Trial 142 finished with value 0.088143557 | dataset=nn5 | model=ufgtime_plus | val_MSE=0.022998420 | test_MSE=0.015790042 | MAE=0.088143557 | RMSE=0.125658433 | MAPE=31.785551956% | params={'learning_rate': 0.007545634899584345, 'decay_rate': 1.693054191879347e-05, 'hidden_size': 32, 'beta1': 0.9, 'beta2': 0.999, 'signal_len': 16, 'cheb_order': 3, 's': 8.670094973788643, 'batch_size': 16, 'k': 8}
Trial 143 finished with value 0.088944458 | dataset=nn5 | model=ufgtime_plus | val_MSE=0.023305318 | test_MSE=0.016072921 | MAE=0.088944458 | RMSE=0.126779025 | MAPE=31.586723636% | params={'learning_rate': 0.00726761446880734, 'decay_rate': 0.00010204844790879757, 'hidden_size': 32, 'beta1': 0.9, 'beta2': 0.999, 'signal_len': 16, 'cheb_order': 3, 's': 8.846101711146463, 'batch_size': 16, 'k': 8}
Trial 144 finished with value 0.128816935 | dataset=nn5 | model=ufgtime_plus | val_MSE=0.032861586 | test_MSE=0.028415755 | MAE=0.128816935 | RMSE=0.168569733 | MAPE=43.888392478% | params={'learning_rate': 0.007938149121552628, 'decay_rate': 0.0011539527380019206, 'hidden_size': 32, 'beta1': 0.9, 'beta2': 0.999, 'signal_len': 16, 'cheb_order': 3, 's': 9.20116224797735, 'batch_size': 16, 'k': 8}
Trial 145 finished with value 0.131463386 | dataset=nn5 | model=ufgtime_plus | val_MSE=0.033454259 | test_MSE=0.029740656 | MAE=0.131463386 | RMSE=0.172454794 | MAPE=43.433462375% | params={'learning_rate': 0.00787538652784004, 'decay_rate': 0.0020145341442058162, 'hidden_size': 32, 'beta1': 0.9, 'beta2': 0.999, 'signal_len': 16, 'cheb_order': 3, 's': 8.859707798483694, 'batch_size': 16, 'k': 8}
Trial 146 finished with value 0.089954165 | dataset=nn5 | model=ufgtime_plus | val_MSE=0.023394901 | test_MSE=0.016133362 | MAE=0.089954165 | RMSE=0.127017173 | MAPE=31.976944092% | params={'learning_rate': 0.009479064583475735, 'decay_rate': 0.00013719263964761557, 'hidden_size': 32, 'beta1': 0.9, 'beta2': 0.999, 'signal_len': 16, 'cheb_order': 3, 's': 9.406455692286432, 'batch_size': 16, 'k': 8}
Trial 147 finished with value 0.133527493 | dataset=nn5 | model=ufgtime_plus | val_MSE=0.034256065 | test_MSE=0.030417573 | MAE=0.133527493 | RMSE=0.174406345 | MAPE=44.870811224% | params={'learning_rate': 0.009321879907337358, 'decay_rate': 0.0016865495251534347, 'hidden_size': 32, 'beta1': 0.9, 'beta2': 0.999, 'signal_len': 16, 'cheb_order': 3, 's': 9.598526005833254, 'batch_size': 16, 'k': 8}
Trial 148 finished with value 0.089134315 | dataset=nn5 | model=ufgtime_plus | val_MSE=0.023214930 | test_MSE=0.016023298 | MAE=0.089134315 | RMSE=0.126583168 | MAPE=31.706252579% | params={'learning_rate': 0.0070680194433493, 'decay_rate': 2.142517479887977e-05, 'hidden_size': 32, 'beta1': 0.9, 'beta2': 0.999, 'signal_len': 16, 'cheb_order': 3, 's': 8.279394611773313, 'batch_size': 16, 'k': 8}
Trial 149 finished with value 0.137248077 | dataset=nn5 | model=ufgtime_plus | val_MSE=0.034814529 | test_MSE=0.031576227 | MAE=0.137248077 | RMSE=0.177697008 | MAPE=45.627503928% | params={'learning_rate': 0.01174596194543576, 'decay_rate': 0.002928918200707461, 'hidden_size': 32, 'beta1': 0.9, 'beta2': 0.999, 'signal_len': 16, 'cheb_order': 3, 's': 8.209783584661167, 'batch_size': 16, 'k': 8}
Trial 150 finished with value 0.128516417 | dataset=nn5 | model=ufgtime_plus | val_MSE=0.032963510 | test_MSE=0.028462459 | MAE=0.128516417 | RMSE=0.168708208 | MAPE=43.331527207% | params={'learning_rate': 0.007341304127400851, 'decay_rate': 0.0011791302401656053, 'hidden_size': 64, 'beta1': 0.9, 'beta2': 0.999, 'signal_len': 16, 'cheb_order': 3, 's': 9.123678843157167, 'batch_size': 16, 'k': 8}
Trial 151 finished with value 0.090518420 | dataset=nn5 | model=ufgtime_plus | val_MSE=0.023534545 | test_MSE=0.016370893 | MAE=0.090518420 | RMSE=0.127948791 | MAPE=31.949178159% | params={'learning_rate': 0.009925307778909473, 'decay_rate': 6.184095977223726e-05, 'hidden_size': 32, 'beta1': 0.9, 'beta2': 0.999, 'signal_len': 16, 'cheb_order': 3, 's': 8.351531118746166, 'batch_size': 16, 'k': 8}
Trial 152 finished with value 0.088915633 | dataset=nn5 | model=ufgtime_plus | val_MSE=0.023112041 | test_MSE=0.016025657 | MAE=0.088915633 | RMSE=0.126592485 | MAPE=31.804439751% | params={'learning_rate': 0.006391238101783112, 'decay_rate': 5.367924385324448e-05, 'hidden_size': 32, 'beta1': 0.9, 'beta2': 0.999, 'signal_len': 16, 'cheb_order': 3, 's': 8.507695165386234, 'batch_size': 16, 'k': 8}
Trial 153 finished with value 0.132024252 | dataset=nn5 | model=ufgtime_plus | val_MSE=0.033728118 | test_MSE=0.029660184 | MAE=0.132024252 | RMSE=0.172221323 | MAPE=44.075564614% | params={'learning_rate': 0.006500530787453828, 'decay_rate': 0.0020477570631437796, 'hidden_size': 32, 'beta1': 0.9, 'beta2': 0.999, 'signal_len': 16, 'cheb_order': 3, 's': 8.618992630122118, 'batch_size': 16, 'k': 8}
Trial 154 finished with value 0.128083118 | dataset=nn5 | model=ufgtime_plus | val_MSE=0.032826542 | test_MSE=0.028278931 | MAE=0.128083118 | RMSE=0.168163406 | MAPE=43.238634736% | params={'learning_rate': 0.005585744184425743, 'decay_rate': 0.0011309509297141168, 'hidden_size': 32, 'beta1': 0.9, 'beta2': 0.999, 'signal_len': 16, 'cheb_order': 3, 's': 7.773662240200259, 'batch_size': 16, 'k': 8}
Trial 155 finished with value 0.141435580 | dataset=nn5 | model=ufgtime_plus | val_MSE=0.036050887 | test_MSE=0.033508248 | MAE=0.141435580 | RMSE=0.183052583 | MAPE=47.043102518% | params={'learning_rate': 0.008516314670952955, 'decay_rate': 0.003927911530449626, 'hidden_size': 32, 'beta1': 0.9, 'beta2': 0.999, 'signal_len': 8, 'cheb_order': 3, 's': 8.94839723215696, 'batch_size': 16, 'k': 8}
Trial 156 finished with value 0.127241254 | dataset=nn5 | model=ufgtime_plus | val_MSE=0.032812678 | test_MSE=0.028049945 | MAE=0.127241254 | RMSE=0.167481178 | MAPE=43.010805554% | params={'learning_rate': 0.007019447071486771, 'decay_rate': 0.0009120022594154847, 'hidden_size': 32, 'beta1': 0.9, 'beta2': 0.999, 'signal_len': 16, 'cheb_order': 3, 's': 9.549480820366078, 'batch_size': 16, 'k': 8}
Trial 157 finished with value 0.090198313 | dataset=nn5 | model=ufgtime_plus | val_MSE=0.023514267 | test_MSE=0.016390746 | MAE=0.090198313 | RMSE=0.128026348 | MAPE=31.565820223% | params={'learning_rate': 0.012723636162257019, 'decay_rate': 1.8344138719348494e-05, 'hidden_size': 32, 'beta1': 0.9, 'beta2': 0.999, 'signal_len': 16, 'cheb_order': 3, 's': 8.537126472420411, 'batch_size': 16, 'k': 7}
Trial 158 finished with value 0.133978573 | dataset=nn5 | model=ufgtime_plus | val_MSE=0.033900481 | test_MSE=0.030356403 | MAE=0.133978573 | RMSE=0.174230889 | MAPE=44.745200192% | params={'learning_rate': 0.01044987300127296, 'decay_rate': 0.002419787425493605, 'hidden_size': 32, 'beta1': 0.9, 'beta2': 0.999, 'signal_len': 16, 'cheb_order': 3, 's': 7.772146945831286, 'batch_size': 16, 'k': 8}
Trial 159 finished with value 0.095284047 | dataset=nn5 | model=ufgtime_plus | val_MSE=0.024907150 | test_MSE=0.017379169 | MAE=0.095284047 | RMSE=0.131830075 | MAPE=33.858595137% | params={'learning_rate': 0.003327820455896992, 'decay_rate': 0.001540998173169108, 'hidden_size': 32, 'beta1': 0.9, 'beta2': 0.999, 'signal_len': 16, 'cheb_order': 3, 's': 7.94456181903617, 'batch_size': 16, 'k': 8}
Trial 160 finished with value 0.139395801 | dataset=nn5 | model=ufgtime_plus | val_MSE=0.035325372 | test_MSE=0.032442949 | MAE=0.139395801 | RMSE=0.180119263 | MAPE=45.800874147% | params={'learning_rate': 0.004487986589691741, 'decay_rate': 0.003355924794386335, 'hidden_size': 32, 'beta1': 0.9, 'beta2': 0.999, 'signal_len': 16, 'cheb_order': 3, 's': 9.438666053070149, 'batch_size': 16, 'k': 8}
Trial 161 finished with value 0.088994334 | dataset=nn5 | model=ufgtime_plus | val_MSE=0.023576078 | test_MSE=0.015916173 | MAE=0.088994334 | RMSE=0.126159317 | MAPE=32.524590852% | params={'learning_rate': 0.008971532549471667, 'decay_rate': 8.421580855417848e-05, 'hidden_size': 32, 'beta1': 0.9, 'beta2': 0.999, 'signal_len': 16, 'cheb_order': 3, 's': 8.339255152024359, 'batch_size': 16, 'k': 7}
Trial 162 finished with value 0.127486964 | dataset=nn5 | model=ufgtime_plus | val_MSE=0.032817955 | test_MSE=0.028189699 | MAE=0.127486964 | RMSE=0.167897883 | MAPE=43.066976282% | params={'learning_rate': 0.00912372275759061, 'decay_rate': 0.0008780009139922655, 'hidden_size': 32, 'beta1': 0.9, 'beta2': 0.999, 'signal_len': 16, 'cheb_order': 3, 's': 8.421463420162947, 'batch_size': 16, 'k': 7}
Trial 163 finished with value 0.089717825 | dataset=nn5 | model=ufgtime_plus | val_MSE=0.023384322 | test_MSE=0.016235200 | MAE=0.089717825 | RMSE=0.127417423 | MAPE=31.501306364% | params={'learning_rate': 0.00763522238696499, 'decay_rate': 0.00012027523987894509, 'hidden_size': 32, 'beta1': 0.9, 'beta2': 0.999, 'signal_len': 16, 'cheb_order': 3, 's': 8.014389395212483, 'batch_size': 16, 'k': 7}
Trial 164 finished with value 0.131125059 | dataset=nn5 | model=ufgtime_plus | val_MSE=0.033470850 | test_MSE=0.029498811 | MAE=0.131125059 | RMSE=0.171752179 | MAPE=43.319697589% | params={'learning_rate': 0.005920458890954834, 'decay_rate': 0.0020316338889511576, 'hidden_size': 32, 'beta1': 0.9, 'beta2': 0.999, 'signal_len': 16, 'cheb_order': 3, 's': 8.934254715165313, 'batch_size': 16, 'k': 7}
