Trial 0 finished with value 0.148479803 | dataset=nn5 | model=ufgtime_plus | val_MSE=0.039388976 | test_MSE=0.037896016 | MAE=0.148479803 | RMSE=0.194668990 | MAPE=48.239858478% | params={'learning_rate': 0.027445187061326964, 'decay_rate': 0.03576231642495725, 'hidden_size': 16, 'beta1': 0.9, 'beta2': 0.999, 'signal_len': 8, 'cheb_order': 3, 's': 4.512629517549422, 'batch_size': 128, 'k': 2}
Trial 1 finished with value 0.141845360 | dataset=nn5 | model=ufgtime_plus | val_MSE=0.036907503 | test_MSE=0.034402456 | MAE=0.141845360 | RMSE=0.185478992 | MAPE=45.053196940% | params={'learning_rate': 0.0010207176880418828, 'decay_rate': 0.04163266607894142, 'hidden_size': 64, 'beta1': 0.9, 'beta2': 0.999, 'signal_len': 8, 'cheb_order': 2, 's': 6.795297089814962, 'batch_size': 32, 'k': 8}
Trial 2 finished with value 0.158089510 | dataset=nn5 | model=ufgtime_plus | val_MSE=0.042202469 | test_MSE=0.040855761 | MAE=0.158089510 | RMSE=0.202128080 | MAPE=54.321832292% | params={'learning_rate': 0.02281295510750526, 'decay_rate': 0.02842601310394374, 'hidden_size': 32, 'beta1': 0.9, 'beta2': 0.999, 'signal_len': 16, 'cheb_order': 2, 's': 4.989584388814139, 'batch_size': 16, 'k': 3}
Trial 3 finished with value 0.144120465 | dataset=nn5 | model=ufgtime_plus | val_MSE=0.037347574 | test_MSE=0.035022483 | MAE=0.144120465 | RMSE=0.187142949 | MAPE=47.453991224% | params={'learning_rate': 0.01577826326269995, 'decay_rate': 0.018191901439421704, 'hidden_size': 64, 'beta1': 0.9, 'beta2': 0.999, 'signal_len': 16, 'cheb_order': 3, 's': 3.354295262604061, 'batch_size': 256, 'k': 3}
Trial 4 finished with value 0.148520532 | dataset=nn5 | model=ufgtime_plus | val_MSE=0.038092249 | test_MSE=0.035035674 | MAE=0.148520532 | RMSE=0.187178189 | MAPE=51.696487157% | params={'learning_rate': 0.009837152260385874, 'decay_rate': 0.018442571281341594, 'hidden_size': 64, 'beta1': 0.9, 'beta2': 0.999, 'signal_len': 16, 'cheb_order': 3, 's': 6.4831251257309095, 'batch_size': 16, 'k': 3}
Trial 5 finished with value 0.149166921 | dataset=nn5 | model=ufgtime_plus | val_MSE=0.037847238 | test_MSE=0.035623570 | MAE=0.149166921 | RMSE=0.188742073 | MAPE=52.388936114% | params={'learning_rate': 0.015905979137904862, 'decay_rate': 0.02071900709578835, 'hidden_size': 32, 'beta1': 0.9, 'beta2': 0.999, 'signal_len': 16, 'cheb_order': 3, 's': 9.370736158428306, 'batch_size': 128, 'k': 3}
Trial 6 finished with value 0.130316987 | dataset=nn5 | model=ufgtime_plus | val_MSE=0.033460641 | test_MSE=0.028388243 | MAE=0.130316987 | RMSE=0.168488110 | MAPE=45.515833099% | params={'learning_rate': 0.029329781611156056, 'decay_rate': 0.0010151762339128028, 'hidden_size': 16, 'beta1': 0.9, 'beta2': 0.999, 'signal_len': 16, 'cheb_order': 2, 's': 6.227800276318749, 'batch_size': 128, 'k': 9}
Trial 7 finished with value 0.157443847 | dataset=nn5 | model=ufgtime_plus | val_MSE=0.041522193 | test_MSE=0.040873465 | MAE=0.157443847 | RMSE=0.202171871 | MAPE=54.273414805% | params={'learning_rate': 0.034976968973122045, 'decay_rate': 0.014878873173248132, 'hidden_size': 64, 'beta1': 0.9, 'beta2': 0.999, 'signal_len': 16, 'cheb_order': 3, 's': 5.56178699914765, 'batch_size': 16, 'k': 4}
Trial 8 finished with value 0.150221601 | dataset=nn5 | model=ufgtime_plus | val_MSE=0.038473261 | test_MSE=0.035779746 | MAE=0.150221601 | RMSE=0.189155349 | MAPE=53.080014945% | params={'learning_rate': 0.03301207513925933, 'decay_rate': 0.014510979584450098, 'hidden_size': 16, 'beta1': 0.9, 'beta2': 0.999, 'signal_len': 16, 'cheb_order': 2, 's': 6.913487296728489, 'batch_size': 64, 'k': 10}
Trial 9 finished with value 0.154093533 | dataset=nn5 | model=ufgtime_plus | val_MSE=0.041165139 | test_MSE=0.039781318 | MAE=0.154093533 | RMSE=0.199452545 | MAPE=51.572782626% | params={'learning_rate': 0.04031163751241383, 'decay_rate': 0.03519739029118291, 'hidden_size': 32, 'beta1': 0.9, 'beta2': 0.999, 'signal_len': 8, 'cheb_order': 2, 's': 6.578480122126214, 'batch_size': 32, 'k': 2}
Trial 10 finished with value 0.133115287 | dataset=nn5 | model=ufgtime_plus | val_MSE=0.033969045 | test_MSE=0.029795899 | MAE=0.133115287 | RMSE=0.172614886 | MAPE=45.803136564% | params={'learning_rate': 0.047034199581109624, 'decay_rate': 0.0011794268671467987, 'hidden_size': 16, 'beta1': 0.9, 'beta2': 0.999, 'signal_len': 8, 'cheb_order': 2, 's': 1.4402165119027721, 'batch_size': 128, 'k': 7}
Trial 11 finished with value 0.138671725 | dataset=nn5 | model=ufgtime_plus | val_MSE=0.035211562 | test_MSE=0.031863210 | MAE=0.138671725 | RMSE=0.178502689 | MAPE=46.775458762% | params={'learning_rate': 0.04975582417093499, 'decay_rate': 0.0017508211083609522, 'hidden_size': 16, 'beta1': 0.9, 'beta2': 0.999, 'signal_len': 8, 'cheb_order': 2, 's': 1.7143610050113107, 'batch_size': 128, 'k': 7}
Trial 12 finished with value 0.126780776 | dataset=nn5 | model=ufgtime_plus | val_MSE=0.033266855 | test_MSE=0.028078214 | MAE=0.126780776 | RMSE=0.167565553 | MAPE=43.113694926% | params={'learning_rate': 0.04869714009298913, 'decay_rate': 0.0002897854365313951, 'hidden_size': 16, 'beta1': 0.9, 'beta2': 0.999, 'signal_len': 8, 'cheb_order': 2, 's': 1.802305216578672, 'batch_size': 128, 'k': 9}
Trial 13 finished with value 0.147399641 | dataset=nn5 | model=ufgtime_plus | val_MSE=0.037910377 | test_MSE=0.035290487 | MAE=0.147399641 | RMSE=0.187857623 | MAPE=50.910111785% | params={'learning_rate': 0.04144372464067601, 'decay_rate': 0.00842373690475754, 'hidden_size': 16, 'beta1': 0.9, 'beta2': 0.999, 'signal_len': 8, 'cheb_order': 2, 's': 8.497611163456178, 'batch_size': 128, 'k': 10}
Trial 14 finished with value 0.146325056 | dataset=nn5 | model=ufgtime_plus | val_MSE=0.037757194 | test_MSE=0.034924569 | MAE=0.146325056 | RMSE=0.186881163 | MAPE=50.127298516% | params={'learning_rate': 0.027994710332184605, 'decay_rate': 0.005946602305274062, 'hidden_size': 16, 'beta1': 0.9, 'beta2': 0.999, 'signal_len': 16, 'cheb_order': 2, 's': 3.1833889358343272, 'batch_size': 64, 'k': 9}
Trial 15 finished with value 0.147133712 | dataset=nn5 | model=ufgtime_plus | val_MSE=0.037938029 | test_MSE=0.035334010 | MAE=0.147133712 | RMSE=0.187973429 | MAPE=50.554320010% | params={'learning_rate': 0.04297857561044917, 'decay_rate': 0.008879865571753052, 'hidden_size': 16, 'beta1': 0.9, 'beta2': 0.999, 'signal_len': 8, 'cheb_order': 2, 's': 3.6249098404901403, 'batch_size': 256, 'k': 5}
Trial 16 finished with value 0.151488297 | dataset=nn5 | model=ufgtime_plus | val_MSE=0.039644835 | test_MSE=0.038192460 | MAE=0.151488297 | RMSE=0.195428913 | MAPE=51.398107782% | params={'learning_rate': 0.034298970029092386, 'decay_rate': 0.025850959354931504, 'hidden_size': 16, 'beta1': 0.9, 'beta2': 0.999, 'signal_len': 16, 'cheb_order': 2, 's': 8.168438756362733, 'batch_size': 128, 'k': 8}
Trial 17 finished with value 0.148584153 | dataset=nn5 | model=ufgtime_plus | val_MSE=0.037836478 | test_MSE=0.035341650 | MAE=0.148584153 | RMSE=0.187993750 | MAPE=52.070454147% | params={'learning_rate': 0.022274918142170967, 'decay_rate': 0.010394336877884644, 'hidden_size': 16, 'beta1': 0.9, 'beta2': 0.999, 'signal_len': 8, 'cheb_order': 2, 's': 2.363377402499474, 'batch_size': 128, 'k': 9}
Trial 18 finished with value 0.144505836 | dataset=nn5 | model=ufgtime_plus | val_MSE=0.037943964 | test_MSE=0.035972516 | MAE=0.144505836 | RMSE=0.189664218 | MAPE=46.472500620% | params={'learning_rate': 0.00944300360722203, 'decay_rate': 0.04810813119811558, 'hidden_size': 16, 'beta1': 0.9, 'beta2': 0.999, 'signal_len': 8, 'cheb_order': 2, 's': 5.539445932891156, 'batch_size': 128, 'k': 6}
Trial 19 finished with value 0.129245536 | dataset=nn5 | model=ufgtime_plus | val_MSE=0.032970062 | test_MSE=0.028439303 | MAE=0.129245536 | RMSE=0.168639565 | MAPE=43.817676166% | params={'learning_rate': 0.03861540808193825, 'decay_rate': 0.0013346819877777596, 'hidden_size': 32, 'beta1': 0.9, 'beta2': 0.999, 'signal_len': 16, 'cheb_order': 2, 's': 4.2007014606167274, 'batch_size': 32, 'k': 9}
Trial 20 finished with value 0.146039676 | dataset=nn5 | model=ufgtime_plus | val_MSE=0.037674834 | test_MSE=0.034588042 | MAE=0.146039676 | RMSE=0.185978606 | MAPE=50.231073829% | params={'learning_rate': 0.045368840399585234, 'decay_rate': 0.004468906418297324, 'hidden_size': 32, 'beta1': 0.9, 'beta2': 0.999, 'signal_len': 8, 'cheb_order': 2, 's': 2.463617615300543, 'batch_size': 32, 'k': 7}
Trial 21 finished with value 0.090286929 | dataset=nn5 | model=ufgtime_plus | val_MSE=0.023842674 | test_MSE=0.016232412 | MAE=0.090286929 | RMSE=0.127406484 | MAPE=32.183585401% | params={'learning_rate': 0.03845325938357865, 'decay_rate': 6.258089299896255e-05, 'hidden_size': 32, 'beta1': 0.9, 'beta2': 0.999, 'signal_len': 16, 'cheb_order': 2, 's': 4.164165499298685, 'batch_size': 32, 'k': 9}
Trial 22 finished with value 0.149540409 | dataset=nn5 | model=ufgtime_plus | val_MSE=0.038777839 | test_MSE=0.036897666 | MAE=0.149540409 | RMSE=0.192087651 | MAPE=51.095774191% | params={'learning_rate': 0.038412883936216835, 'decay_rate': 0.012821880048186742, 'hidden_size': 32, 'beta1': 0.9, 'beta2': 0.999, 'signal_len': 16, 'cheb_order': 2, 's': 4.160741249665293, 'batch_size': 32, 'k': 8}
Trial 23 finished with value 0.146365746 | dataset=nn5 | model=ufgtime_plus | val_MSE=0.037667178 | test_MSE=0.034462042 | MAE=0.146365746 | RMSE=0.185639549 | MAPE=50.628761543% | params={'learning_rate': 0.048436117407253336, 'decay_rate': 0.005220878058929254, 'hidden_size': 32, 'beta1': 0.9, 'beta2': 0.999, 'signal_len': 16, 'cheb_order': 2, 's': 2.693472136775579, 'batch_size': 32, 'k': 10}
Trial 24 finished with value 0.133408797 | dataset=nn5 | model=ufgtime_plus | val_MSE=0.035391536 | test_MSE=0.030249411 | MAE=0.133408797 | RMSE=0.173923577 | MAPE=46.527950875% | params={'learning_rate': 0.0380048938156023, 'decay_rate': 0.0012037041451310893, 'hidden_size': 32, 'beta1': 0.9, 'beta2': 0.999, 'signal_len': 16, 'cheb_order': 2, 's': 3.9367044181877113, 'batch_size': 32, 'k': 9}
Trial 25 finished with value 0.146850291 | dataset=nn5 | model=ufgtime_plus | val_MSE=0.037806898 | test_MSE=0.035023363 | MAE=0.146850291 | RMSE=0.187145299 | MAPE=50.598878816% | params={'learning_rate': 0.04354138499221995, 'decay_rate': 0.0071141452100289704, 'hidden_size': 32, 'beta1': 0.9, 'beta2': 0.999, 'signal_len': 16, 'cheb_order': 2, 's': 5.040376412980737, 'batch_size': 32, 'k': 6}
Trial 26 finished with value 0.090556347 | dataset=nn5 | model=ufgtime_plus | val_MSE=0.023595747 | test_MSE=0.016300859 | MAE=0.090556347 | RMSE=0.127674817 | MAPE=32.750728590% | params={'learning_rate': 0.03596010388460669, 'decay_rate': 6.721127281644537e-05, 'hidden_size': 32, 'beta1': 0.9, 'beta2': 0.999, 'signal_len': 16, 'cheb_order': 3, 's': 1.2201103423662913, 'batch_size': 32, 'k': 8}
Trial 27 finished with value 0.149342090 | dataset=nn5 | model=ufgtime_plus | val_MSE=0.038104698 | test_MSE=0.035045918 | MAE=0.149342090 | RMSE=0.187205550 | MAPE=53.039031072% | params={'learning_rate': 0.03201422272261716, 'decay_rate': 0.01124732573779671, 'hidden_size': 32, 'beta1': 0.9, 'beta2': 0.999, 'signal_len': 16, 'cheb_order': 3, 's': 1.2670094573527133, 'batch_size': 256, 'k': 8}
Trial 28 finished with value 0.146455548 | dataset=nn5 | model=ufgtime_plus | val_MSE=0.037777491 | test_MSE=0.035002841 | MAE=0.146455548 | RMSE=0.187090462 | MAPE=50.203900406% | params={'learning_rate': 0.045575883276531975, 'decay_rate': 0.0052567979761902325, 'hidden_size': 32, 'beta1': 0.9, 'beta2': 0.999, 'signal_len': 8, 'cheb_order': 3, 's': 1.8841973234152625, 'batch_size': 64, 'k': 7}
Trial 29 finished with value 0.152837633 | dataset=nn5 | model=ufgtime_plus | val_MSE=0.039633173 | test_MSE=0.037632930 | MAE=0.152837633 | RMSE=0.193992087 | MAPE=53.112887348% | params={'learning_rate': 0.02861673358353639, 'decay_rate': 0.030085918712882645, 'hidden_size': 32, 'beta1': 0.9, 'beta2': 0.999, 'signal_len': 8, 'cheb_order': 3, 's': 2.3224548850333027, 'batch_size': 32, 'k': 10}
Trial 30 finished with value 0.154400912 | dataset=nn5 | model=ufgtime_plus | val_MSE=0.042292451 | test_MSE=0.041179866 | MAE=0.154400912 | RMSE=0.202928229 | MAPE=49.197581048% | params={'learning_rate': 0.03585589159164765, 'decay_rate': 0.022219462287758028, 'hidden_size': 64, 'beta1': 0.9, 'beta2': 0.999, 'signal_len': 16, 'cheb_order': 3, 's': 3.0634925348068345, 'batch_size': 32, 'k': 8}
Trial 31 finished with value 0.090388462 | dataset=nn5 | model=ufgtime_plus | val_MSE=0.024103449 | test_MSE=0.016228323 | MAE=0.090388462 | RMSE=0.127390436 | MAPE=32.431030273% | params={'learning_rate': 0.03891354989151373, 'decay_rate': 0.00014586684813937828, 'hidden_size': 32, 'beta1': 0.9, 'beta2': 0.999, 'signal_len': 16, 'cheb_order': 3, 's': 1.126611905736469, 'batch_size': 32, 'k': 9}
Trial 32 finished with value 0.089610907 | dataset=nn5 | model=ufgtime_plus | val_MSE=0.023556669 | test_MSE=0.016146188 | MAE=0.089610907 | RMSE=0.127067652 | MAPE=31.888811092% | params={'learning_rate': 0.04263965398247223, 'decay_rate': 6.348842988481774e-05, 'hidden_size': 32, 'beta1': 0.9, 'beta2': 0.999, 'signal_len': 16, 'cheb_order': 3, 's': 1.1680272591153433, 'batch_size': 32, 'k': 9}
Trial 33 finished with value 0.145521626 | dataset=nn5 | model=ufgtime_plus | val_MSE=0.037659193 | test_MSE=0.034444733 | MAE=0.145521626 | RMSE=0.185592923 | MAPE=49.770026630% | params={'learning_rate': 0.024832316909938822, 'decay_rate': 0.00411683578447043, 'hidden_size': 32, 'beta1': 0.9, 'beta2': 0.999, 'signal_len': 16, 'cheb_order': 3, 's': 1.1156667776995821, 'batch_size': 32, 'k': 8}
Trial 34 finished with value 0.145725779 | dataset=nn5 | model=ufgtime_plus | val_MSE=0.037643303 | test_MSE=0.034342114 | MAE=0.145725779 | RMSE=0.185316254 | MAPE=50.101135503% | params={'learning_rate': 0.03105075566233429, 'decay_rate': 0.0037491984537828746, 'hidden_size': 32, 'beta1': 0.9, 'beta2': 0.999, 'signal_len': 16, 'cheb_order': 3, 's': 2.030563928662229, 'batch_size': 32, 'k': 10}
Trial 35 finished with value 0.146331830 | dataset=nn5 | model=ufgtime_plus | val_MSE=0.037807530 | test_MSE=0.035046912 | MAE=0.146331830 | RMSE=0.187208205 | MAPE=49.958237296% | params={'learning_rate': 0.03645790900931535, 'decay_rate': 0.008358897202333002, 'hidden_size': 32, 'beta1': 0.9, 'beta2': 0.999, 'signal_len': 16, 'cheb_order': 3, 's': 2.8497813359227386, 'batch_size': 32, 'k': 9}
Trial 36 finished with value 0.161074631 | dataset=nn5 | model=ufgtime_plus | val_MSE=0.043507926 | test_MSE=0.043463619 | MAE=0.161074631 | RMSE=0.208479302 | MAPE=54.366085257% | params={'learning_rate': 0.040656735197799915, 'decay_rate': 0.039063224735965255, 'hidden_size': 32, 'beta1': 0.9, 'beta2': 0.999, 'signal_len': 16, 'cheb_order': 3, 's': 1.2127687162969358, 'batch_size': 32, 'k': 8}
Trial 37 finished with value 0.145316268 | dataset=nn5 | model=ufgtime_plus | val_MSE=0.037657477 | test_MSE=0.034399906 | MAE=0.145316268 | RMSE=0.185472118 | MAPE=49.641708435% | params={'learning_rate': 0.04337817375373395, 'decay_rate': 0.0035627467457271414, 'hidden_size': 32, 'beta1': 0.9, 'beta2': 0.999, 'signal_len': 16, 'cheb_order': 3, 's': 2.136737665269764, 'batch_size': 16, 'k': 10}
Trial 38 finished with value 0.151662201 | dataset=nn5 | model=ufgtime_plus | val_MSE=0.039343300 | test_MSE=0.036629758 | MAE=0.151662201 | RMSE=0.191389022 | MAPE=53.209600900% | params={'learning_rate': 0.019878140592032353, 'decay_rate': 0.016873414461156654, 'hidden_size': 64, 'beta1': 0.9, 'beta2': 0.999, 'signal_len': 16, 'cheb_order': 3, 's': 7.3589607077165695, 'batch_size': 32, 'k': 9}
Trial 39 finished with value 0.149181872 | dataset=nn5 | model=ufgtime_plus | val_MSE=0.038535826 | test_MSE=0.036583144 | MAE=0.149181872 | RMSE=0.191267205 | MAPE=51.136445231% | params={'learning_rate': 0.03669155730757537, 'decay_rate': 0.011446710555973641, 'hidden_size': 32, 'beta1': 0.9, 'beta2': 0.999, 'signal_len': 16, 'cheb_order': 3, 's': 4.776759000209687, 'batch_size': 256, 'k': 7}
Trial 40 finished with value 0.146254585 | dataset=nn5 | model=ufgtime_plus | val_MSE=0.037807665 | test_MSE=0.034958124 | MAE=0.146254585 | RMSE=0.186970917 | MAPE=49.995620449% | params={'learning_rate': 0.026180348826094362, 'decay_rate': 0.007715458641480302, 'hidden_size': 32, 'beta1': 0.9, 'beta2': 0.999, 'signal_len': 16, 'cheb_order': 3, 's': 3.5043328506942895, 'batch_size': 16, 'k': 5}
Trial 41 finished with value 0.090729820 | dataset=nn5 | model=ufgtime_plus | val_MSE=0.024492181 | test_MSE=0.016356496 | MAE=0.090729820 | RMSE=0.127892517 | MAPE=31.989528321% | params={'learning_rate': 0.045908465215491176, 'decay_rate': 0.0001223347747059664, 'hidden_size': 32, 'beta1': 0.9, 'beta2': 0.999, 'signal_len': 16, 'cheb_order': 3, 's': 1.6748150179580388, 'batch_size': 32, 'k': 9}
Trial 42 finished with value 0.141335652 | dataset=nn5 | model=ufgtime_plus | val_MSE=0.036650360 | test_MSE=0.032847003 | MAE=0.141335652 | RMSE=0.181237421 | MAPE=48.662084662% | params={'learning_rate': 0.04551758491718868, 'decay_rate': 0.0027941630666540275, 'hidden_size': 32, 'beta1': 0.9, 'beta2': 0.999, 'signal_len': 16, 'cheb_order': 3, 's': 1.6109332283084155, 'batch_size': 32, 'k': 9}
Trial 43 finished with value 0.130395156 | dataset=nn5 | model=ufgtime_plus | val_MSE=0.033619835 | test_MSE=0.028972505 | MAE=0.130395156 | RMSE=0.170213117 | MAPE=45.239541343% | params={'learning_rate': 0.04046977684818092, 'decay_rate': 0.0005048972446396396, 'hidden_size': 32, 'beta1': 0.9, 'beta2': 0.999, 'signal_len': 16, 'cheb_order': 3, 's': 1.66878885936324, 'batch_size': 32, 'k': 8}
Trial 44 finished with value 0.090217892 | dataset=nn5 | model=ufgtime_plus | val_MSE=0.023728028 | test_MSE=0.016261747 | MAE=0.090217892 | RMSE=0.127521557 | MAPE=32.090831428% | params={'learning_rate': 0.042744963001701775, 'decay_rate': 0.00013670550587801422, 'hidden_size': 32, 'beta1': 0.9, 'beta2': 0.999, 'signal_len': 16, 'cheb_order': 3, 's': 2.7028591726957227, 'batch_size': 32, 'k': 10}
Trial 45 finished with value 0.142082534 | dataset=nn5 | model=ufgtime_plus | val_MSE=0.035673305 | test_MSE=0.032339285 | MAE=0.142082534 | RMSE=0.179831269 | MAPE=49.537965893% | params={'learning_rate': 0.030650830526672918, 'decay_rate': 0.002954728895155567, 'hidden_size': 64, 'beta1': 0.9, 'beta2': 0.999, 'signal_len': 16, 'cheb_order': 3, 's': 2.8173247037918037, 'batch_size': 32, 'k': 10}
Trial 46 finished with value 0.146502626 | dataset=nn5 | model=ufgtime_plus | val_MSE=0.037730995 | test_MSE=0.034918879 | MAE=0.146502626 | RMSE=0.186865939 | MAPE=50.323281946% | params={'learning_rate': 0.04232861889119295, 'decay_rate': 0.005949207398520787, 'hidden_size': 32, 'beta1': 0.9, 'beta2': 0.999, 'signal_len': 16, 'cheb_order': 3, 's': 2.5029372519076767, 'batch_size': 64, 'k': 10}
Trial 47 finished with value 0.155922485 | dataset=nn5 | model=ufgtime_plus | val_MSE=0.042262159 | test_MSE=0.041710417 | MAE=0.155922485 | RMSE=0.204231283 | MAPE=50.833531641% | params={'learning_rate': 0.033848068072140844, 'decay_rate': 0.03284788624088035, 'hidden_size': 32, 'beta1': 0.9, 'beta2': 0.999, 'signal_len': 16, 'cheb_order': 3, 's': 2.0547628158678997, 'batch_size': 32, 'k': 10}
Trial 48 finished with value 0.158522879 | dataset=nn5 | model=ufgtime_plus | val_MSE=0.043528487 | test_MSE=0.043294057 | MAE=0.158522879 | RMSE=0.208072239 | MAPE=51.283863501% | params={'learning_rate': 0.03971322372812587, 'decay_rate': 0.04756541834171211, 'hidden_size': 32, 'beta1': 0.9, 'beta2': 0.999, 'signal_len': 16, 'cheb_order': 3, 's': 3.701751499781937, 'batch_size': 32, 'k': 9}
Trial 49 finished with value 0.124734560 | dataset=nn5 | model=ufgtime_plus | val_MSE=0.032965029 | test_MSE=0.027344452 | MAE=0.124734560 | RMSE=0.165361580 | MAPE=41.855574808% | params={'learning_rate': 0.047579747976258344, 'decay_rate': 9.761301847244772e-05, 'hidden_size': 64, 'beta1': 0.9, 'beta2': 0.999, 'signal_len': 16, 'cheb_order': 3, 's': 3.129837970704101, 'batch_size': 16, 'k': 8}
Trial 50 finished with value 0.152180901 | dataset=nn5 | model=ufgtime_plus | val_MSE=0.039001439 | test_MSE=0.037148413 | MAE=0.152180901 | RMSE=0.192739237 | MAPE=53.560650332% | params={'learning_rate': 0.04386928068053323, 'decay_rate': 0.0142288847207573, 'hidden_size': 32, 'beta1': 0.9, 'beta2': 0.999, 'signal_len': 16, 'cheb_order': 3, 's': 1.4425309495337446, 'batch_size': 256, 'k': 10}
Trial 51 finished with value 0.090285828 | dataset=nn5 | model=ufgtime_plus | val_MSE=0.023491451 | test_MSE=0.016355770 | MAE=0.090285828 | RMSE=0.127889678 | MAPE=32.201229865% | params={'learning_rate': 0.046020605849396566, 'decay_rate': 7.453989319888875e-05, 'hidden_size': 32, 'beta1': 0.9, 'beta2': 0.999, 'signal_len': 16, 'cheb_order': 3, 's': 1.6265266518802124, 'batch_size': 32, 'k': 9}
Trial 52 finished with value 0.139894013 | dataset=nn5 | model=ufgtime_plus | val_MSE=0.036414098 | test_MSE=0.032481405 | MAE=0.139894013 | RMSE=0.180225983 | MAPE=48.055924798% | params={'learning_rate': 0.0413108245475446, 'decay_rate': 0.0026159536411655524, 'hidden_size': 32, 'beta1': 0.9, 'beta2': 0.999, 'signal_len': 16, 'cheb_order': 3, 's': 1.1191586627231882, 'batch_size': 32, 'k': 9}
Trial 53 finished with value 0.146329882 | dataset=nn5 | model=ufgtime_plus | val_MSE=0.037684362 | test_MSE=0.034603262 | MAE=0.146329882 | RMSE=0.186019519 | MAPE=50.454006677% | params={'learning_rate': 0.049988546033681906, 'decay_rate': 0.006462979867015337, 'hidden_size': 32, 'beta1': 0.9, 'beta2': 0.999, 'signal_len': 16, 'cheb_order': 3, 's': 1.477630838769914, 'batch_size': 32, 'k': 9}
Trial 54 finished with value 0.138701453 | dataset=nn5 | model=ufgtime_plus | val_MSE=0.035401501 | test_MSE=0.031432485 | MAE=0.138701453 | RMSE=0.177292090 | MAPE=47.412455434% | params={'learning_rate': 0.03767421824890913, 'decay_rate': 0.0024486287138382845, 'hidden_size': 32, 'beta1': 0.9, 'beta2': 0.999, 'signal_len': 16, 'cheb_order': 3, 's': 1.9476541871414732, 'batch_size': 32, 'k': 9}
