Trial 438 finished with value 0.151422347 | dataset=nn5 | model=ufgtime_plus | val_MSE=0.039466048 | test_MSE=0.036861950 | MAE=0.151422347 | RMSE=0.191994662 | MAPE=52.812772423% | params={'learning_rate': 0.023896599341528994, 'decay_rate': 0.019573716561010982, 'hidden_size': 64, 'beta1': 0.9, 'beta2': 0.999, 'signal_len': 16, 'cheb_order': 2, 's': 7.382691594013251, 'batch_size': 16, 'k': 7}
Trial 439 finished with value 0.088730372 | dataset=nn5 | model=ufgtime_plus | val_MSE=0.023128395 | test_MSE=0.015951220 | MAE=0.088730372 | RMSE=0.126298139 | MAPE=31.610976366% | params={'learning_rate': 0.014376594276516049, 'decay_rate': 5.6936272465123866e-05, 'hidden_size': 64, 'beta1': 0.9, 'beta2': 0.999, 'signal_len': 16, 'cheb_order': 2, 's': 8.44696064936651, 'batch_size': 16, 'k': 7}
Trial 440 finished with value 0.137014031 | dataset=nn5 | model=ufgtime_plus | val_MSE=0.034803111 | test_MSE=0.030987121 | MAE=0.137014031 | RMSE=0.176031591 | MAPE=47.314622971% | params={'learning_rate': 0.014933439211551387, 'decay_rate': 0.0019690511936704645, 'hidden_size': 64, 'beta1': 0.9, 'beta2': 0.999, 'signal_len': 16, 'cheb_order': 2, 's': 8.330072615377054, 'batch_size': 16, 'k': 9}
Trial 441 finished with value 0.127842074 | dataset=nn5 | model=ufgtime_plus | val_MSE=0.033132326 | test_MSE=0.028136636 | MAE=0.127842074 | RMSE=0.167739786 | MAPE=43.652564428% | params={'learning_rate': 0.014382872946958754, 'decay_rate': 0.0008894605172428568, 'hidden_size': 64, 'beta1': 0.9, 'beta2': 0.999, 'signal_len': 16, 'cheb_order': 2, 's': 8.46303946181748, 'batch_size': 16, 'k': 7}
Trial 442 finished with value 0.087772546 | dataset=nn5 | model=ufgtime_plus | val_MSE=0.022797429 | test_MSE=0.015665320 | MAE=0.087772546 | RMSE=0.125161175 | MAPE=31.555647720% | params={'learning_rate': 0.015419055295418867, 'decay_rate': 3.9210734571235455e-05, 'hidden_size': 64, 'beta1': 0.9, 'beta2': 0.999, 'signal_len': 16, 'cheb_order': 2, 's': 8.194169475255068, 'batch_size': 32, 'k': 7}
Trial 443 finished with value 0.088773860 | dataset=nn5 | model=ufgtime_plus | val_MSE=0.023111881 | test_MSE=0.015948073 | MAE=0.088773860 | RMSE=0.126285680 | MAPE=31.990385807% | params={'learning_rate': 0.015885949985547196, 'decay_rate': 3.124200346275407e-05, 'hidden_size': 64, 'beta1': 0.9, 'beta2': 0.999, 'signal_len': 16, 'cheb_order': 2, 's': 8.03536808753905, 'batch_size': 32, 'k': 7}
Trial 444 finished with value 0.088507836 | dataset=nn5 | model=ufgtime_plus | val_MSE=0.023069862 | test_MSE=0.015879972 | MAE=0.088507836 | RMSE=0.126015762 | MAPE=31.355394390% | params={'learning_rate': 0.016901801689396437, 'decay_rate': 1.4077551016851761e-05, 'hidden_size': 64, 'beta1': 0.9, 'beta2': 0.999, 'signal_len': 16, 'cheb_order': 2, 's': 8.109859048766971, 'batch_size': 32, 'k': 7}
Trial 445 finished with value 0.132504465 | dataset=nn5 | model=ufgtime_plus | val_MSE=0.033748658 | test_MSE=0.029750673 | MAE=0.132504465 | RMSE=0.172483834 | MAPE=45.335892276% | params={'learning_rate': 0.015705398762375297, 'decay_rate': 0.0018190329948673685, 'hidden_size': 64, 'beta1': 0.9, 'beta2': 0.999, 'signal_len': 16, 'cheb_order': 2, 's': 8.117130557588753, 'batch_size': 32, 'k': 7}
Trial 446 finished with value 0.127482865 | dataset=nn5 | model=ufgtime_plus | val_MSE=0.032979673 | test_MSE=0.028358587 | MAE=0.127482865 | RMSE=0.168400082 | MAPE=42.747360615% | params={'learning_rate': 0.01682736933687188, 'decay_rate': 0.0009979763045796836, 'hidden_size': 64, 'beta1': 0.9, 'beta2': 0.999, 'signal_len': 16, 'cheb_order': 2, 's': 7.990992619934228, 'batch_size': 32, 'k': 7}
Trial 447 finished with value 0.087777180 | dataset=nn5 | model=ufgtime_plus | val_MSE=0.022920347 | test_MSE=0.015662286 | MAE=0.087777180 | RMSE=0.125149055 | MAPE=31.706093737% | params={'learning_rate': 0.01695737122931864, 'decay_rate': 1.0661019029065153e-05, 'hidden_size': 64, 'beta1': 0.9, 'beta2': 0.999, 'signal_len': 16, 'cheb_order': 2, 's': 8.178083636323633, 'batch_size': 32, 'k': 7}
Trial 448 finished with value 0.142419467 | dataset=nn5 | model=ufgtime_plus | val_MSE=0.036866399 | test_MSE=0.033335818 | MAE=0.142419467 | RMSE=0.182580989 | MAPE=49.018527323% | params={'learning_rate': 0.016228767685345834, 'decay_rate': 0.002983945062278129, 'hidden_size': 64, 'beta1': 0.9, 'beta2': 0.999, 'signal_len': 16, 'cheb_order': 2, 's': 8.311672522548553, 'batch_size': 32, 'k': 7}
Trial 449 finished with value 0.127780412 | dataset=nn5 | model=ufgtime_plus | val_MSE=0.033089328 | test_MSE=0.028209386 | MAE=0.127780412 | RMSE=0.167956501 | MAPE=43.270411433% | params={'learning_rate': 0.016698300931175806, 'decay_rate': 0.0009096000846129503, 'hidden_size': 64, 'beta1': 0.9, 'beta2': 0.999, 'signal_len': 16, 'cheb_order': 2, 's': 8.166614132109428, 'batch_size': 32, 'k': 7}
Trial 450 finished with value 0.133510178 | dataset=nn5 | model=ufgtime_plus | val_MSE=0.033848547 | test_MSE=0.029872499 | MAE=0.133510178 | RMSE=0.172836624 | MAPE=44.906905098% | params={'learning_rate': 0.01581204314612381, 'decay_rate': 0.0023537337414100273, 'hidden_size': 64, 'beta1': 0.9, 'beta2': 0.999, 'signal_len': 16, 'cheb_order': 2, 's': 8.412116231247005, 'batch_size': 32, 'k': 7}
Trial 451 finished with value 0.127360103 | dataset=nn5 | model=ufgtime_plus | val_MSE=0.032667690 | test_MSE=0.027920012 | MAE=0.127360103 | RMSE=0.167092826 | MAPE=43.047860481% | params={'learning_rate': 0.017053818283973517, 'decay_rate': 0.0009030041063315845, 'hidden_size': 64, 'beta1': 0.9, 'beta2': 0.999, 'signal_len': 16, 'cheb_order': 2, 's': 8.181880182774279, 'batch_size': 32, 'k': 7}
Trial 452 finished with value 0.087905418 | dataset=nn5 | model=ufgtime_plus | val_MSE=0.023041756 | test_MSE=0.015700262 | MAE=0.087905418 | RMSE=0.125300685 | MAPE=31.650598749% | params={'learning_rate': 0.017615113501655594, 'decay_rate': 3.92182982407217e-05, 'hidden_size': 64, 'beta1': 0.9, 'beta2': 0.999, 'signal_len': 16, 'cheb_order': 2, 's': 7.808930478179144, 'batch_size': 32, 'k': 7}
Trial 453 finished with value 0.131286637 | dataset=nn5 | model=ufgtime_plus | val_MSE=0.033502566 | test_MSE=0.029693659 | MAE=0.131286637 | RMSE=0.172318481 | MAPE=43.757459495% | params={'learning_rate': 0.017728919757172258, 'decay_rate': 0.0018363655667024863, 'hidden_size': 64, 'beta1': 0.9, 'beta2': 0.999, 'signal_len': 8, 'cheb_order': 2, 's': 7.954954359238077, 'batch_size': 32, 'k': 7}
Trial 454 finished with value 0.126321805 | dataset=nn5 | model=ufgtime_plus | val_MSE=0.032749146 | test_MSE=0.028011154 | MAE=0.126321805 | RMSE=0.167365332 | MAPE=42.003282692% | params={'learning_rate': 0.018556790081925838, 'decay_rate': 0.0008244982413151922, 'hidden_size': 64, 'beta1': 0.9, 'beta2': 0.999, 'signal_len': 16, 'cheb_order': 2, 's': 7.834013542087024, 'batch_size': 32, 'k': 7}
Trial 455 finished with value 0.088835181 | dataset=nn5 | model=ufgtime_plus | val_MSE=0.023043702 | test_MSE=0.015895673 | MAE=0.088835181 | RMSE=0.126078044 | MAPE=31.952441654% | params={'learning_rate': 0.015185317773448528, 'decay_rate': 6.796767556339913e-05, 'hidden_size': 64, 'beta1': 0.9, 'beta2': 0.999, 'signal_len': 16, 'cheb_order': 2, 's': 8.21976535326222, 'batch_size': 32, 'k': 7}
Trial 456 finished with value 0.145042841 | dataset=nn5 | model=ufgtime_plus | val_MSE=0.037384507 | test_MSE=0.033997673 | MAE=0.145042841 | RMSE=0.184384579 | MAPE=50.250108284% | params={'learning_rate': 0.018265546696741124, 'decay_rate': 0.003259767614298526, 'hidden_size': 64, 'beta1': 0.9, 'beta2': 0.999, 'signal_len': 16, 'cheb_order': 2, 's': 7.82060018466603, 'batch_size': 32, 'k': 7}
Trial 457 finished with value 0.129961202 | dataset=nn5 | model=ufgtime_plus | val_MSE=0.033410932 | test_MSE=0.029191723 | MAE=0.129961202 | RMSE=0.170855855 | MAPE=43.142980608% | params={'learning_rate': 0.017498237912316195, 'decay_rate': 0.0016735803420085025, 'hidden_size': 64, 'beta1': 0.9, 'beta2': 0.999, 'signal_len': 16, 'cheb_order': 2, 's': 8.107342691992798, 'batch_size': 32, 'k': 7}
Trial 458 finished with value 0.088473273 | dataset=nn5 | model=ufgtime_plus | val_MSE=0.022932206 | test_MSE=0.015812763 | MAE=0.088473273 | RMSE=0.125748810 | MAPE=32.330232054% | params={'learning_rate': 0.01584328349696575, 'decay_rate': 3.224963786466905e-05, 'hidden_size': 64, 'beta1': 0.9, 'beta2': 0.999, 'signal_len': 16, 'cheb_order': 2, 's': 8.390060641405467, 'batch_size': 32, 'k': 7}
Trial 459 finished with value 0.129757516 | dataset=nn5 | model=ufgtime_plus | val_MSE=0.033563160 | test_MSE=0.028338691 | MAE=0.129757516 | RMSE=0.168340995 | MAPE=44.944428844% | params={'learning_rate': 0.015656087942337315, 'decay_rate': 0.0009288911251382118, 'hidden_size': 64, 'beta1': 0.9, 'beta2': 0.999, 'signal_len': 16, 'cheb_order': 2, 's': 8.565046339074007, 'batch_size': 32, 'k': 7}
Trial 460 finished with value 0.088822578 | dataset=nn5 | model=ufgtime_plus | val_MSE=0.023120253 | test_MSE=0.015792546 | MAE=0.088822578 | RMSE=0.125668395 | MAPE=32.836238800% | params={'learning_rate': 0.015210131500570823, 'decay_rate': 1.866778470619127e-05, 'hidden_size': 64, 'beta1': 0.9, 'beta2': 0.999, 'signal_len': 16, 'cheb_order': 2, 's': 7.953671111299909, 'batch_size': 32, 'k': 7}
Trial 461 finished with value 0.137208072 | dataset=nn5 | model=ufgtime_plus | val_MSE=0.034844027 | test_MSE=0.031096501 | MAE=0.137208072 | RMSE=0.176341999 | MAPE=46.766294874% | params={'learning_rate': 0.01425870262936168, 'decay_rate': 0.002310358776673008, 'hidden_size': 64, 'beta1': 0.9, 'beta2': 0.999, 'signal_len': 16, 'cheb_order': 2, 's': 7.711853995103752, 'batch_size': 32, 'k': 7}
Trial 462 finished with value 0.088300015 | dataset=nn5 | model=ufgtime_plus | val_MSE=0.022924785 | test_MSE=0.015741147 | MAE=0.088300015 | RMSE=0.125463728 | MAPE=32.299777454% | params={'learning_rate': 0.016803723929254267, 'decay_rate': 1.7946866781855134e-05, 'hidden_size': 64, 'beta1': 0.9, 'beta2': 0.999, 'signal_len': 16, 'cheb_order': 2, 's': 8.414213282286504, 'batch_size': 32, 'k': 7}
Trial 463 finished with value 0.128649097 | dataset=nn5 | model=ufgtime_plus | val_MSE=0.032963130 | test_MSE=0.028618966 | MAE=0.128649097 | RMSE=0.169171411 | MAPE=42.939061879% | params={'learning_rate': 0.016504647146148924, 'decay_rate': 0.0013258028438118685, 'hidden_size': 64, 'beta1': 0.9, 'beta2': 0.999, 'signal_len': 16, 'cheb_order': 2, 's': 8.645272187621549, 'batch_size': 32, 'k': 7}
Trial 464 finished with value 0.147210368 | dataset=nn5 | model=ufgtime_plus | val_MSE=0.038927947 | test_MSE=0.037086489 | MAE=0.147210368 | RMSE=0.192578526 | MAPE=48.032693649% | params={'learning_rate': 0.015937300050291047, 'decay_rate': 0.026825029782476476, 'hidden_size': 64, 'beta1': 0.9, 'beta2': 0.999, 'signal_len': 16, 'cheb_order': 2, 's': 8.437440352904675, 'batch_size': 32, 'k': 7}
Trial 465 finished with value 0.145015458 | dataset=nn5 | model=ufgtime_plus | val_MSE=0.037607807 | test_MSE=0.034311155 | MAE=0.145015458 | RMSE=0.185232705 | MAPE=49.259147454% | params={'learning_rate': 0.016964280579610146, 'decay_rate': 0.004121789052041991, 'hidden_size': 64, 'beta1': 0.9, 'beta2': 0.999, 'signal_len': 16, 'cheb_order': 2, 's': 8.34314291913968, 'batch_size': 32, 'k': 7}
Trial 466 finished with value 0.133353435 | dataset=nn5 | model=ufgtime_plus | val_MSE=0.034014578 | test_MSE=0.029851716 | MAE=0.133353435 | RMSE=0.172776490 | MAPE=45.878901885% | params={'learning_rate': 0.01893429778441799, 'decay_rate': 0.0016832884073872125, 'hidden_size': 64, 'beta1': 0.9, 'beta2': 0.999, 'signal_len': 16, 'cheb_order': 2, 's': 8.086266642807658, 'batch_size': 32, 'k': 7}
Trial 467 finished with value 0.126465223 | dataset=nn5 | model=ufgtime_plus | val_MSE=0.032727490 | test_MSE=0.027815990 | MAE=0.126465223 | RMSE=0.166781265 | MAPE=42.523449437% | params={'learning_rate': 0.014063914118441568, 'decay_rate': 0.0007734551743540974, 'hidden_size': 64, 'beta1': 0.9, 'beta2': 0.999, 'signal_len': 16, 'cheb_order': 2, 's': 8.62946915760586, 'batch_size': 32, 'k': 7}
Trial 468 finished with value 0.146422918 | dataset=nn5 | model=ufgtime_plus | val_MSE=0.038335160 | test_MSE=0.036284103 | MAE=0.146422918 | RMSE=0.190483866 | MAPE=48.143298727% | params={'learning_rate': 0.015258662885257622, 'decay_rate': 0.04949674727839906, 'hidden_size': 64, 'beta1': 0.9, 'beta2': 0.999, 'signal_len': 16, 'cheb_order': 2, 's': 8.236614019376578, 'batch_size': 32, 'k': 7}
Trial 469 finished with value 0.134957182 | dataset=nn5 | model=ufgtime_plus | val_MSE=0.034460186 | test_MSE=0.031037136 | MAE=0.134957182 | RMSE=0.176173595 | MAPE=44.157611747% | params={'learning_rate': 0.01736830027768977, 'decay_rate': 0.0027193546723528984, 'hidden_size': 64, 'beta1': 0.9, 'beta2': 0.999, 'signal_len': 16, 'cheb_order': 2, 's': 8.416456586299383, 'batch_size': 32, 'k': 7}
Trial 470 finished with value 0.127618179 | dataset=nn5 | model=ufgtime_plus | val_MSE=0.033178965 | test_MSE=0.028105503 | MAE=0.127618179 | RMSE=0.167646961 | MAPE=43.406850654% | params={'learning_rate': 0.0165924615648984, 'decay_rate': 0.0009170074755729458, 'hidden_size': 64, 'beta1': 0.9, 'beta2': 0.999, 'signal_len': 16, 'cheb_order': 2, 's': 7.989165030426657, 'batch_size': 32, 'k': 7}
Trial 471 finished with value 0.144918972 | dataset=nn5 | model=ufgtime_plus | val_MSE=0.036984995 | test_MSE=0.033879708 | MAE=0.144918972 | RMSE=0.184064412 | MAPE=48.855588717% | params={'learning_rate': 0.014683983918691, 'decay_rate': 0.02306991229257267, 'hidden_size': 64, 'beta1': 0.9, 'beta2': 0.999, 'signal_len': 16, 'cheb_order': 2, 's': 7.840398786899025, 'batch_size': 32, 'k': 7}
Trial 472 finished with value 0.131383330 | dataset=nn5 | model=ufgtime_plus | val_MSE=0.033552437 | test_MSE=0.029372067 | MAE=0.131383330 | RMSE=0.171382809 | MAPE=44.641768752% | params={'learning_rate': 0.01869803520878548, 'decay_rate': 0.0017289269270288929, 'hidden_size': 64, 'beta1': 0.9, 'beta2': 0.999, 'signal_len': 8, 'cheb_order': 2, 's': 8.25025508166715, 'batch_size': 32, 'k': 7}
Trial 473 finished with value 0.088104514 | dataset=nn5 | model=ufgtime_plus | val_MSE=0.023000222 | test_MSE=0.015731165 | MAE=0.088104514 | RMSE=0.125423940 | MAPE=31.488457757% | params={'learning_rate': 0.015902759931074765, 'decay_rate': 1.64549442030097e-05, 'hidden_size': 64, 'beta1': 0.9, 'beta2': 0.999, 'signal_len': 16, 'cheb_order': 2, 's': 8.480592286058418, 'batch_size': 32, 'k': 7}
Trial 474 finished with value 0.126871704 | dataset=nn5 | model=ufgtime_plus | val_MSE=0.032698566 | test_MSE=0.027926413 | MAE=0.126871704 | RMSE=0.167111976 | MAPE=42.781259396% | params={'learning_rate': 0.017224005843440342, 'decay_rate': 0.0008780155939869972, 'hidden_size': 64, 'beta1': 0.9, 'beta2': 0.999, 'signal_len': 16, 'cheb_order': 2, 's': 8.600906872228187, 'batch_size': 32, 'k': 7}
Trial 475 finished with value 0.133465621 | dataset=nn5 | model=ufgtime_plus | val_MSE=0.034044411 | test_MSE=0.030403569 | MAE=0.133465621 | RMSE=0.174366192 | MAPE=44.119185022% | params={'learning_rate': 0.015514786102169303, 'decay_rate': 0.0024163455516143235, 'hidden_size': 64, 'beta1': 0.9, 'beta2': 0.999, 'signal_len': 16, 'cheb_order': 2, 's': 8.70116935407176, 'batch_size': 32, 'k': 7}
Trial 476 finished with value 0.127111440 | dataset=nn5 | model=ufgtime_plus | val_MSE=0.032724042 | test_MSE=0.027899432 | MAE=0.127111440 | RMSE=0.167031230 | MAPE=42.903184346% | params={'learning_rate': 0.013521557745352186, 'decay_rate': 0.0008684721346509643, 'hidden_size': 64, 'beta1': 0.9, 'beta2': 0.999, 'signal_len': 16, 'cheb_order': 2, 's': 8.427993655510008, 'batch_size': 32, 'k': 7}
Trial 477 finished with value 0.132018716 | dataset=nn5 | model=ufgtime_plus | val_MSE=0.033699395 | test_MSE=0.029547099 | MAE=0.132018716 | RMSE=0.171892695 | MAPE=44.960347176% | params={'learning_rate': 0.01661605770974279, 'decay_rate': 0.0018529724500834838, 'hidden_size': 64, 'beta1': 0.9, 'beta2': 0.999, 'signal_len': 16, 'cheb_order': 2, 's': 8.83258882033521, 'batch_size': 32, 'k': 7}
Trial 478 finished with value 0.127464952 | dataset=nn5 | model=ufgtime_plus | val_MSE=0.032767466 | test_MSE=0.028110639 | MAE=0.127464952 | RMSE=0.167662276 | MAPE=43.004531942% | params={'learning_rate': 0.017886129895948188, 'decay_rate': 0.0010340648342228476, 'hidden_size': 64, 'beta1': 0.9, 'beta2': 0.999, 'signal_len': 16, 'cheb_order': 2, 's': 8.531355014575324, 'batch_size': 32, 'k': 7}
Trial 479 finished with value 0.089260202 | dataset=nn5 | model=ufgtime_plus | val_MSE=0.023233211 | test_MSE=0.016102814 | MAE=0.089260202 | RMSE=0.126896863 | MAPE=32.312685959% | params={'learning_rate': 0.019929870112854475, 'decay_rate': 6.304683343061318e-05, 'hidden_size': 64, 'beta1': 0.9, 'beta2': 0.999, 'signal_len': 16, 'cheb_order': 2, 's': 6.303614595989606, 'batch_size': 32, 'k': 7}
Trial 480 finished with value 0.145367034 | dataset=nn5 | model=ufgtime_plus | val_MSE=0.037529400 | test_MSE=0.034318256 | MAE=0.145367034 | RMSE=0.185251872 | MAPE=49.998506492% | params={'learning_rate': 0.014518361708888743, 'decay_rate': 0.0033248493846579396, 'hidden_size': 64, 'beta1': 0.9, 'beta2': 0.999, 'signal_len': 16, 'cheb_order': 2, 's': 8.431399929173221, 'batch_size': 32, 'k': 7}
Trial 481 finished with value 0.087929862 | dataset=nn5 | model=ufgtime_plus | val_MSE=0.022946332 | test_MSE=0.015691593 | MAE=0.087929862 | RMSE=0.125266089 | MAPE=31.514929558% | params={'learning_rate': 0.01600842750588122, 'decay_rate': 1.324484262160544e-05, 'hidden_size': 64, 'beta1': 0.9, 'beta2': 0.999, 'signal_len': 16, 'cheb_order': 2, 's': 8.199637460923029, 'batch_size': 32, 'k': 7}
Trial 482 finished with value 0.134988703 | dataset=nn5 | model=ufgtime_plus | val_MSE=0.034124840 | test_MSE=0.029377420 | MAE=0.134988703 | RMSE=0.171398423 | MAPE=48.221910501% | params={'learning_rate': 0.018222912438253254, 'decay_rate': 0.0016433357610228542, 'hidden_size': 64, 'beta1': 0.9, 'beta2': 0.999, 'signal_len': 16, 'cheb_order': 2, 's': 8.242282394804137, 'batch_size': 32, 'k': 7}
Trial 483 finished with value 0.088083108 | dataset=nn5 | model=ufgtime_plus | val_MSE=0.022920540 | test_MSE=0.015738187 | MAE=0.088083108 | RMSE=0.125451929 | MAPE=32.259405710% | params={'learning_rate': 0.016541895046979196, 'decay_rate': 3.277027988477273e-05, 'hidden_size': 64, 'beta1': 0.9, 'beta2': 0.999, 'signal_len': 16, 'cheb_order': 2, 's': 7.660021600277079, 'batch_size': 32, 'k': 6}
Trial 484 finished with value 0.127179448 | dataset=nn5 | model=ufgtime_plus | val_MSE=0.032766954 | test_MSE=0.027972275 | MAE=0.127179448 | RMSE=0.167249142 | MAPE=42.599517451% | params={'learning_rate': 0.01697882976960571, 'decay_rate': 0.000994741234563054, 'hidden_size': 64, 'beta1': 0.9, 'beta2': 0.999, 'signal_len': 16, 'cheb_order': 2, 's': 7.636436830665049, 'batch_size': 32, 'k': 6}
Trial 485 finished with value 0.140725919 | dataset=nn5 | model=ufgtime_plus | val_MSE=0.036387658 | test_MSE=0.032392590 | MAE=0.140725919 | RMSE=0.179979417 | MAPE=49.019042417% | params={'learning_rate': 0.015588896422154436, 'decay_rate': 0.002652629320618069, 'hidden_size': 64, 'beta1': 0.9, 'beta2': 0.999, 'signal_len': 16, 'cheb_order': 2, 's': 7.594333980300009, 'batch_size': 32, 'k': 6}
Trial 486 finished with value 0.088716775 | dataset=nn5 | model=ufgtime_plus | val_MSE=0.023207192 | test_MSE=0.015924424 | MAE=0.088716775 | RMSE=0.126192014 | MAPE=31.692177256% | params={'learning_rate': 0.016401912542668064, 'decay_rate': 3.216964965784337e-05, 'hidden_size': 64, 'beta1': 0.9, 'beta2': 0.999, 'signal_len': 16, 'cheb_order': 2, 's': 5.665628981091784, 'batch_size': 32, 'k': 8}
Trial 487 finished with value 0.129964828 | dataset=nn5 | model=ufgtime_plus | val_MSE=0.033289400 | test_MSE=0.028834586 | MAE=0.129964828 | RMSE=0.169807496 | MAPE=43.835148102% | params={'learning_rate': 0.01885362889172439, 'decay_rate': 0.0016368466477154, 'hidden_size': 64, 'beta1': 0.9, 'beta2': 0.999, 'signal_len': 16, 'cheb_order': 2, 's': 7.773343644286245, 'batch_size': 32, 'k': 6}
Trial 488 finished with value 0.087754028 | dataset=nn5 | model=ufgtime_plus | val_MSE=0.022986929 | test_MSE=0.015651974 | MAE=0.087754028 | RMSE=0.125107851 | MAPE=31.657088046% | params={'learning_rate': 0.017680260531689102, 'decay_rate': 1.5811949649653993e-05, 'hidden_size': 64, 'beta1': 0.9, 'beta2': 0.999, 'signal_len': 16, 'cheb_order': 2, 's': 7.563772580868708, 'batch_size': 32, 'k': 6}
Trial 489 finished with value 0.127450757 | dataset=nn5 | model=ufgtime_plus | val_MSE=0.033187855 | test_MSE=0.028366630 | MAE=0.127450757 | RMSE=0.168423960 | MAPE=42.568763886% | params={'learning_rate': 0.017759093738670732, 'decay_rate': 0.0010225542182136754, 'hidden_size': 64, 'beta1': 0.9, 'beta2': 0.999, 'signal_len': 16, 'cheb_order': 2, 's': 7.605363479704372, 'batch_size': 32, 'k': 6}
Trial 490 finished with value 0.133078687 | dataset=nn5 | model=ufgtime_plus | val_MSE=0.034010896 | test_MSE=0.030316000 | MAE=0.133078687 | RMSE=0.174114904 | MAPE=43.919905603% | params={'learning_rate': 0.01997871104018518, 'decay_rate': 0.0023946973544700456, 'hidden_size': 64, 'beta1': 0.9, 'beta2': 0.999, 'signal_len': 16, 'cheb_order': 2, 's': 7.487041351277265, 'batch_size': 32, 'k': 6}
Trial 491 finished with value 0.130644213 | dataset=nn5 | model=ufgtime_plus | val_MSE=0.033955054 | test_MSE=0.029321695 | MAE=0.130644213 | RMSE=0.171235788 | MAPE=44.031630035% | params={'learning_rate': 0.018579799421565762, 'decay_rate': 0.0011415315912845522, 'hidden_size': 64, 'beta1': 0.9, 'beta2': 0.999, 'signal_len': 16, 'cheb_order': 2, 's': 7.739270840404376, 'batch_size': 32, 'k': 6}
Trial 492 finished with value 0.128914356 | dataset=nn5 | model=ufgtime_plus | val_MSE=0.033584779 | test_MSE=0.028530319 | MAE=0.128914356 | RMSE=0.168909204 | MAPE=44.267806115% | params={'learning_rate': 0.017119254055732412, 'decay_rate': 0.000919015181146624, 'hidden_size': 64, 'beta1': 0.9, 'beta2': 0.999, 'signal_len': 16, 'cheb_order': 2, 's': 7.825621510575194, 'batch_size': 32, 'k': 5}
