Trial 165 finished with value 0.127231805 | dataset=nn5 | model=ufgtime_plus | val_MSE=0.033107561 | test_MSE=0.028179619 | MAE=0.127231805 | RMSE=0.167867861 | MAPE=42.793958715% | params={'learning_rate': 0.007632751316383642, 'decay_rate': 0.0009316150999610512, 'hidden_size': 32, 'beta1': 0.9, 'beta2': 0.999, 'signal_len': 16, 'cheb_order': 3, 's': 8.10399693098306, 'batch_size': 16, 'k': 7}
Trial 166 finished with value 0.134681603 | dataset=nn5 | model=ufgtime_plus | val_MSE=0.034256571 | test_MSE=0.031067603 | MAE=0.134681603 | RMSE=0.176260043 | MAPE=44.109701684% | params={'learning_rate': 0.00671674367179254, 'decay_rate': 0.0026624325372936407, 'hidden_size': 32, 'beta1': 0.9, 'beta2': 0.999, 'signal_len': 16, 'cheb_order': 3, 's': 8.292736453937874, 'batch_size': 16, 'k': 7}
Trial 167 finished with value 0.129737398 | dataset=nn5 | model=ufgtime_plus | val_MSE=0.033384597 | test_MSE=0.029222235 | MAE=0.129737398 | RMSE=0.170945122 | MAPE=42.791780685% | params={'learning_rate': 0.00835886830578011, 'decay_rate': 0.001656489356996664, 'hidden_size': 32, 'beta1': 0.9, 'beta2': 0.999, 'signal_len': 16, 'cheb_order': 3, 's': 8.723745313937133, 'batch_size': 16, 'k': 7}
Trial 168 finished with value 0.088877864 | dataset=nn5 | model=ufgtime_plus | val_MSE=0.023223207 | test_MSE=0.016002581 | MAE=0.088877864 | RMSE=0.126501308 | MAPE=31.483029743% | params={'learning_rate': 0.005388851727819198, 'decay_rate': 4.160106645574628e-05, 'hidden_size': 32, 'beta1': 0.9, 'beta2': 0.999, 'signal_len': 16, 'cheb_order': 3, 's': 8.012463293774388, 'batch_size': 16, 'k': 7}
Trial 169 finished with value 0.127480271 | dataset=nn5 | model=ufgtime_plus | val_MSE=0.032900945 | test_MSE=0.028290641 | MAE=0.127480271 | RMSE=0.168198220 | MAPE=42.891010627% | params={'learning_rate': 0.005475689600712853, 'decay_rate': 0.0009356555416193992, 'hidden_size': 16, 'beta1': 0.9, 'beta2': 0.999, 'signal_len': 16, 'cheb_order': 3, 's': 8.005341196939062, 'batch_size': 16, 'k': 7}
Trial 170 finished with value 0.088923340 | dataset=nn5 | model=ufgtime_plus | val_MSE=0.023363796 | test_MSE=0.016020284 | MAE=0.088923340 | RMSE=0.126571260 | MAPE=31.383208757% | params={'learning_rate': 0.004093362664179612, 'decay_rate': 2.2411424427164874e-05, 'hidden_size': 32, 'beta1': 0.9, 'beta2': 0.999, 'signal_len': 16, 'cheb_order': 3, 's': 7.290352307022837, 'batch_size': 16, 'k': 7}
Trial 171 finished with value 0.091985299 | dataset=nn5 | model=ufgtime_plus | val_MSE=0.024150369 | test_MSE=0.016721047 | MAE=0.091985299 | RMSE=0.129309889 | MAPE=32.639198800% | params={'learning_rate': 0.004204796092367916, 'decay_rate': 0.0008291061978898881, 'hidden_size': 32, 'beta1': 0.9, 'beta2': 0.999, 'signal_len': 16, 'cheb_order': 3, 's': 7.418988219560781, 'batch_size': 16, 'k': 7}
Trial 172 finished with value 0.090420614 | dataset=nn5 | model=ufgtime_plus | val_MSE=0.023386985 | test_MSE=0.016403440 | MAE=0.090420614 | RMSE=0.128075914 | MAPE=31.640813558% | params={'learning_rate': 0.002930961479195365, 'decay_rate': 2.0852138328305986e-05, 'hidden_size': 32, 'beta1': 0.9, 'beta2': 0.999, 'signal_len': 16, 'cheb_order': 3, 's': 8.482712043607957, 'batch_size': 16, 'k': 7}
Trial 173 finished with value 0.130795111 | dataset=nn5 | model=ufgtime_plus | val_MSE=0.033213051 | test_MSE=0.029248691 | MAE=0.130795111 | RMSE=0.171022486 | MAPE=43.802282444% | params={'learning_rate': 0.007116513866589949, 'decay_rate': 0.0017924230425660384, 'hidden_size': 32, 'beta1': 0.9, 'beta2': 0.999, 'signal_len': 16, 'cheb_order': 3, 's': 7.454594120374317, 'batch_size': 16, 'k': 7}
Trial 174 finished with value 0.139747035 | dataset=nn5 | model=ufgtime_plus | val_MSE=0.035020208 | test_MSE=0.031556804 | MAE=0.139747035 | RMSE=0.177642349 | MAPE=47.892709751% | params={'learning_rate': 0.0052844002507321615, 'decay_rate': 0.0027935230209615186, 'hidden_size': 32, 'beta1': 0.9, 'beta2': 0.999, 'signal_len': 16, 'cheb_order': 3, 's': 8.18332565054629, 'batch_size': 16, 'k': 7}
Trial 175 finished with value 0.144086652 | dataset=nn5 | model=ufgtime_plus | val_MSE=0.037096687 | test_MSE=0.034626031 | MAE=0.144086652 | RMSE=0.186080710 | MAPE=47.713490105% | params={'learning_rate': 0.006118528645261885, 'decay_rate': 0.036403818660168674, 'hidden_size': 32, 'beta1': 0.9, 'beta2': 0.999, 'signal_len': 16, 'cheb_order': 3, 's': 8.731318209538351, 'batch_size': 16, 'k': 7}
Trial 176 finished with value 0.092408078 | dataset=nn5 | model=ufgtime_plus | val_MSE=0.024150037 | test_MSE=0.016831033 | MAE=0.092408078 | RMSE=0.129734471 | MAPE=32.772555711% | params={'learning_rate': 0.004145432066388852, 'decay_rate': 0.0009027369784050867, 'hidden_size': 32, 'beta1': 0.9, 'beta2': 0.999, 'signal_len': 16, 'cheb_order': 3, 's': 9.153600551181176, 'batch_size': 16, 'k': 7}
Trial 177 finished with value 0.090420096 | dataset=nn5 | model=ufgtime_plus | val_MSE=0.023620149 | test_MSE=0.016320122 | MAE=0.090420096 | RMSE=0.127750233 | MAPE=31.947778332% | params={'learning_rate': 0.007198978689526764, 'decay_rate': 9.894392468937153e-05, 'hidden_size': 32, 'beta1': 0.9, 'beta2': 0.999, 'signal_len': 16, 'cheb_order': 3, 's': 7.945813639306158, 'batch_size': 16, 'k': 8}
Trial 178 finished with value 0.135733975 | dataset=nn5 | model=ufgtime_plus | val_MSE=0.034091515 | test_MSE=0.029747144 | MAE=0.135733975 | RMSE=0.172473603 | MAPE=47.630660909% | params={'learning_rate': 0.016237835972170482, 'decay_rate': 0.0019395058880131454, 'hidden_size': 32, 'beta1': 0.9, 'beta2': 0.999, 'signal_len': 16, 'cheb_order': 3, 's': 7.090900262220862, 'batch_size': 16, 'k': 7}
Trial 179 finished with value 0.133041739 | dataset=nn5 | model=ufgtime_plus | val_MSE=0.034382458 | test_MSE=0.030111445 | MAE=0.133041739 | RMSE=0.173526498 | MAPE=45.098665551% | params={'learning_rate': 0.0020108186617013245, 'decay_rate': 0.01337234571048606, 'hidden_size': 32, 'beta1': 0.9, 'beta2': 0.999, 'signal_len': 8, 'cheb_order': 3, 's': 7.655699513618087, 'batch_size': 16, 'k': 8}
Trial 180 finished with value 0.145972565 | dataset=nn5 | model=ufgtime_plus | val_MSE=0.037642295 | test_MSE=0.034360830 | MAE=0.145972565 | RMSE=0.185366745 | MAPE=50.323888425% | params={'learning_rate': 0.011291159991737168, 'decay_rate': 0.0037309761646417846, 'hidden_size': 64, 'beta1': 0.9, 'beta2': 0.999, 'signal_len': 16, 'cheb_order': 3, 's': 8.56554075424476, 'batch_size': 16, 'k': 8}
Trial 181 finished with value 0.126773516 | dataset=nn5 | model=ufgtime_plus | val_MSE=0.032749466 | test_MSE=0.027945302 | MAE=0.126773516 | RMSE=0.167168485 | MAPE=42.590808318% | params={'learning_rate': 0.008582034159304692, 'decay_rate': 0.0008278410924362736, 'hidden_size': 32, 'beta1': 0.9, 'beta2': 0.999, 'signal_len': 16, 'cheb_order': 3, 's': 8.373295786029649, 'batch_size': 16, 'k': 7}
Trial 182 finished with value 0.091018299 | dataset=nn5 | model=ufgtime_plus | val_MSE=0.023875050 | test_MSE=0.016210301 | MAE=0.091018299 | RMSE=0.127319680 | MAPE=33.901101304% | params={'learning_rate': 0.010246812027907684, 'decay_rate': 0.00017064588134197686, 'hidden_size': 32, 'beta1': 0.9, 'beta2': 0.999, 'signal_len': 16, 'cheb_order': 3, 's': 9.004500828791082, 'batch_size': 64, 'k': 2}
Trial 183 finished with value 0.088619733 | dataset=nn5 | model=ufgtime_plus | val_MSE=0.023078696 | test_MSE=0.015972005 | MAE=0.088619733 | RMSE=0.126380400 | MAPE=31.543802663% | params={'learning_rate': 0.007652159217002762, 'decay_rate': 1.861192903933406e-05, 'hidden_size': 32, 'beta1': 0.9, 'beta2': 0.999, 'signal_len': 16, 'cheb_order': 3, 's': 8.06581620762715, 'batch_size': 16, 'k': 7}
Trial 184 finished with value 0.129607700 | dataset=nn5 | model=ufgtime_plus | val_MSE=0.033273390 | test_MSE=0.028731723 | MAE=0.129607700 | RMSE=0.169504344 | MAPE=43.791978837% | params={'learning_rate': 0.023740624379845914, 'decay_rate': 0.0015581621465507575, 'hidden_size': 32, 'beta1': 0.9, 'beta2': 0.999, 'signal_len': 16, 'cheb_order': 3, 's': 8.095364153159018, 'batch_size': 16, 'k': 7}
Trial 185 finished with value 0.132687402 | dataset=nn5 | model=ufgtime_plus | val_MSE=0.033674203 | test_MSE=0.029998694 | MAE=0.132687402 | RMSE=0.173201310 | MAPE=43.939659665% | params={'learning_rate': 0.0065047787676705245, 'decay_rate': 0.002310800562364241, 'hidden_size': 32, 'beta1': 0.9, 'beta2': 0.999, 'signal_len': 16, 'cheb_order': 3, 's': 8.27615859757019, 'batch_size': 16, 'k': 7}
Trial 186 finished with value 0.094350661 | dataset=nn5 | model=ufgtime_plus | val_MSE=0.024648058 | test_MSE=0.017131444 | MAE=0.094350661 | RMSE=0.130887142 | MAPE=33.468193239% | params={'learning_rate': 0.004901011407977474, 'decay_rate': 0.0010005028379498789, 'hidden_size': 32, 'beta1': 0.9, 'beta2': 0.999, 'signal_len': 16, 'cheb_order': 3, 's': 8.676575167208302, 'batch_size': 16, 'k': 7}
Trial 187 finished with value 0.157669263 | dataset=nn5 | model=ufgtime_plus | val_MSE=0.041387903 | test_MSE=0.040214407 | MAE=0.157669263 | RMSE=0.200535301 | MAPE=55.167557348% | params={'learning_rate': 0.029352626267856344, 'decay_rate': 0.0156724534782637, 'hidden_size': 32, 'beta1': 0.9, 'beta2': 0.999, 'signal_len': 16, 'cheb_order': 3, 's': 7.907534030524581, 'batch_size': 16, 'k': 8}
Trial 188 finished with value 0.089313263 | dataset=nn5 | model=ufgtime_plus | val_MSE=0.023440122 | test_MSE=0.016103212 | MAE=0.089313263 | RMSE=0.126898433 | MAPE=31.768705709% | params={'learning_rate': 0.00730456198623669, 'decay_rate': 0.00018415513371901164, 'hidden_size': 32, 'beta1': 0.9, 'beta2': 0.999, 'signal_len': 16, 'cheb_order': 3, 's': 7.638202251927588, 'batch_size': 16, 'k': 7}
Trial 189 finished with value 0.089758942 | dataset=nn5 | model=ufgtime_plus | val_MSE=0.023465164 | test_MSE=0.016176144 | MAE=0.089758942 | RMSE=0.127185471 | MAPE=31.804402256% | params={'learning_rate': 0.00923305703136406, 'decay_rate': 7.775394840439892e-05, 'hidden_size': 32, 'beta1': 0.9, 'beta2': 0.999, 'signal_len': 16, 'cheb_order': 3, 's': 7.498285603695285, 'batch_size': 16, 'k': 7}
Trial 190 finished with value 0.136465785 | dataset=nn5 | model=ufgtime_plus | val_MSE=0.034631924 | test_MSE=0.031350316 | MAE=0.136465785 | RMSE=0.177060203 | MAPE=45.348585578% | params={'learning_rate': 0.008634403110914618, 'decay_rate': 0.002863467892878978, 'hidden_size': 32, 'beta1': 0.9, 'beta2': 0.999, 'signal_len': 16, 'cheb_order': 3, 's': 7.6358446388814425, 'batch_size': 16, 'k': 7}
Trial 191 finished with value 0.089290614 | dataset=nn5 | model=ufgtime_plus | val_MSE=0.023112327 | test_MSE=0.016070329 | MAE=0.089290614 | RMSE=0.126768801 | MAPE=31.399295528% | params={'learning_rate': 0.007437742837527135, 'decay_rate': 1.3998564636878728e-05, 'hidden_size': 32, 'beta1': 0.9, 'beta2': 0.999, 'signal_len': 16, 'cheb_order': 3, 's': 7.811525544906198, 'batch_size': 16, 'k': 7}
Trial 192 finished with value 0.131342584 | dataset=nn5 | model=ufgtime_plus | val_MSE=0.033407555 | test_MSE=0.029572111 | MAE=0.131342584 | RMSE=0.171965435 | MAPE=44.179876965% | params={'learning_rate': 0.007697183463350672, 'decay_rate': 0.0014551474842494508, 'hidden_size': 32, 'beta1': 0.9, 'beta2': 0.999, 'signal_len': 16, 'cheb_order': 3, 's': 8.121318844522536, 'batch_size': 16, 'k': 7}
Trial 193 finished with value 0.089197780 | dataset=nn5 | model=ufgtime_plus | val_MSE=0.023200976 | test_MSE=0.016086302 | MAE=0.089197780 | RMSE=0.126831788 | MAPE=31.335099754% | params={'learning_rate': 0.00623570899380905, 'decay_rate': 3.792266721756178e-05, 'hidden_size': 32, 'beta1': 0.9, 'beta2': 0.999, 'signal_len': 16, 'cheb_order': 3, 's': 7.82715879801509, 'batch_size': 16, 'k': 7}
Trial 194 finished with value 0.128788912 | dataset=nn5 | model=ufgtime_plus | val_MSE=0.033063367 | test_MSE=0.028686684 | MAE=0.128788912 | RMSE=0.169371439 | MAPE=42.584486162% | params={'learning_rate': 0.006275796379857478, 'decay_rate': 0.0014669024089428286, 'hidden_size': 32, 'beta1': 0.9, 'beta2': 0.999, 'signal_len': 16, 'cheb_order': 3, 's': 7.88557000293179, 'batch_size': 16, 'k': 7}
Trial 195 finished with value 0.127822306 | dataset=nn5 | model=ufgtime_plus | val_MSE=0.033029024 | test_MSE=0.028543239 | MAE=0.127822306 | RMSE=0.168947443 | MAPE=42.665827412% | params={'learning_rate': 0.007054316409450212, 'decay_rate': 0.0010745462051906312, 'hidden_size': 32, 'beta1': 0.9, 'beta2': 0.999, 'signal_len': 16, 'cheb_order': 3, 's': 8.300048747558208, 'batch_size': 16, 'k': 7}
Trial 196 finished with value 0.090313386 | dataset=nn5 | model=ufgtime_plus | val_MSE=0.023371416 | test_MSE=0.016342843 | MAE=0.090313386 | RMSE=0.127839131 | MAPE=32.203935223% | params={'learning_rate': 0.006073217179095816, 'decay_rate': 3.720799016660108e-05, 'hidden_size': 32, 'beta1': 0.9, 'beta2': 0.999, 'signal_len': 16, 'cheb_order': 3, 's': 8.427223222863036, 'batch_size': 16, 'k': 8}
Trial 197 finished with value 0.131506058 | dataset=nn5 | model=ufgtime_plus | val_MSE=0.033664571 | test_MSE=0.029733279 | MAE=0.131506058 | RMSE=0.172433405 | MAPE=43.672499300% | params={'learning_rate': 0.0213825567884239, 'decay_rate': 0.002007918111872197, 'hidden_size': 32, 'beta1': 0.9, 'beta2': 0.999, 'signal_len': 16, 'cheb_order': 3, 's': 7.181373563686099, 'batch_size': 16, 'k': 7}
Trial 198 finished with value 0.089379547 | dataset=nn5 | model=ufgtime_plus | val_MSE=0.023251508 | test_MSE=0.016099538 | MAE=0.089379547 | RMSE=0.126883954 | MAPE=31.903267538% | params={'learning_rate': 0.009968564490882651, 'decay_rate': 1.717177299868593e-05, 'hidden_size': 32, 'beta1': 0.9, 'beta2': 0.999, 'signal_len': 16, 'cheb_order': 3, 's': 8.788366759720857, 'batch_size': 16, 'k': 8}
Trial 199 finished with value 0.127926700 | dataset=nn5 | model=ufgtime_plus | val_MSE=0.033048766 | test_MSE=0.028560007 | MAE=0.127926700 | RMSE=0.168997062 | MAPE=42.715833486% | params={'learning_rate': 0.009950421672107378, 'decay_rate': 0.0010184094679966172, 'hidden_size': 32, 'beta1': 0.9, 'beta2': 0.999, 'signal_len': 16, 'cheb_order': 3, 's': 7.815983695146686, 'batch_size': 128, 'k': 8}
Trial 200 finished with value 0.133152363 | dataset=nn5 | model=ufgtime_plus | val_MSE=0.033761916 | test_MSE=0.029759540 | MAE=0.133152363 | RMSE=0.172509535 | MAPE=45.441775689% | params={'learning_rate': 0.00883684698908706, 'decay_rate': 0.0020813469042414534, 'hidden_size': 32, 'beta1': 0.9, 'beta2': 0.999, 'signal_len': 16, 'cheb_order': 3, 's': 8.468109664687482, 'batch_size': 16, 'k': 7}
Trial 201 finished with value 0.128328987 | dataset=nn5 | model=ufgtime_plus | val_MSE=0.032855926 | test_MSE=0.028050754 | MAE=0.128328987 | RMSE=0.167483594 | MAPE=44.095479928% | params={'learning_rate': 0.007303615710067973, 'decay_rate': 0.0008224598593055513, 'hidden_size': 32, 'beta1': 0.9, 'beta2': 0.999, 'signal_len': 16, 'cheb_order': 3, 's': 8.806461944815199, 'batch_size': 16, 'k': 8}
Trial 202 finished with value 0.089608128 | dataset=nn5 | model=ufgtime_plus | val_MSE=0.023559052 | test_MSE=0.016207979 | MAE=0.089608128 | RMSE=0.127310562 | MAPE=31.769005471% | params={'learning_rate': 0.012353348030283887, 'decay_rate': 9.048472646528308e-05, 'hidden_size': 32, 'beta1': 0.9, 'beta2': 0.999, 'signal_len': 16, 'cheb_order': 3, 's': 8.614948060228178, 'batch_size': 16, 'k': 8}
Trial 203 finished with value 0.131825048 | dataset=nn5 | model=ufgtime_plus | val_MSE=0.033869656 | test_MSE=0.029586011 | MAE=0.131825048 | RMSE=0.172005847 | MAPE=45.292546197% | params={'learning_rate': 0.012435097203263372, 'decay_rate': 0.001110315006891285, 'hidden_size': 32, 'beta1': 0.9, 'beta2': 0.999, 'signal_len': 16, 'cheb_order': 3, 's': 7.584228118603205, 'batch_size': 16, 'k': 8}
Trial 204 finished with value 0.132891723 | dataset=nn5 | model=ufgtime_plus | val_MSE=0.033899400 | test_MSE=0.030146446 | MAE=0.132891723 | RMSE=0.173627319 | MAPE=44.096200643% | params={'learning_rate': 0.010548949170463295, 'decay_rate': 0.0022748457913275627, 'hidden_size': 32, 'beta1': 0.9, 'beta2': 0.999, 'signal_len': 16, 'cheb_order': 3, 's': 8.590739516181069, 'batch_size': 16, 'k': 8}
Trial 205 finished with value 0.088906841 | dataset=nn5 | model=ufgtime_plus | val_MSE=0.023280049 | test_MSE=0.016022786 | MAE=0.088906841 | RMSE=0.126581144 | MAPE=31.662036496% | params={'learning_rate': 0.011571679853334078, 'decay_rate': 3.468505719763661e-05, 'hidden_size': 32, 'beta1': 0.9, 'beta2': 0.999, 'signal_len': 16, 'cheb_order': 3, 's': 8.123044449478847, 'batch_size': 16, 'k': 7}
Trial 206 finished with value 0.127742558 | dataset=nn5 | model=ufgtime_plus | val_MSE=0.032888450 | test_MSE=0.028273876 | MAE=0.127742558 | RMSE=0.168148374 | MAPE=43.162479568% | params={'learning_rate': 0.011490544518128532, 'decay_rate': 0.0009307162456177509, 'hidden_size': 32, 'beta1': 0.9, 'beta2': 0.999, 'signal_len': 16, 'cheb_order': 3, 's': 8.21373509714813, 'batch_size': 16, 'k': 7}
Trial 207 finished with value 0.089759268 | dataset=nn5 | model=ufgtime_plus | val_MSE=0.023370575 | test_MSE=0.016227735 | MAE=0.089759268 | RMSE=0.127388129 | MAPE=31.640094356% | params={'learning_rate': 0.009572488241167519, 'decay_rate': 9.085849974834205e-05, 'hidden_size': 32, 'beta1': 0.9, 'beta2': 0.999, 'signal_len': 16, 'cheb_order': 3, 's': 7.822500787439243, 'batch_size': 16, 'k': 7}
Trial 208 finished with value 0.139634609 | dataset=nn5 | model=ufgtime_plus | val_MSE=0.035787135 | test_MSE=0.032929266 | MAE=0.139634609 | RMSE=0.181464229 | MAPE=45.995952920% | params={'learning_rate': 0.013437828939306232, 'decay_rate': 0.003025145614527238, 'hidden_size': 32, 'beta1': 0.9, 'beta2': 0.999, 'signal_len': 16, 'cheb_order': 3, 's': 8.107897932590662, 'batch_size': 16, 'k': 7}
Trial 209 finished with value 0.088932598 | dataset=nn5 | model=ufgtime_plus | val_MSE=0.023386162 | test_MSE=0.015985300 | MAE=0.088932598 | RMSE=0.126432986 | MAPE=31.838237075% | params={'learning_rate': 0.011251196160530316, 'decay_rate': 2.301620517382951e-05, 'hidden_size': 16, 'beta1': 0.9, 'beta2': 0.999, 'signal_len': 16, 'cheb_order': 3, 's': 8.298335846114915, 'batch_size': 16, 'k': 6}
Trial 210 finished with value 0.090049534 | dataset=nn5 | model=ufgtime_plus | val_MSE=0.023617548 | test_MSE=0.016149877 | MAE=0.090049534 | RMSE=0.127082167 | MAPE=33.035321468% | params={'learning_rate': 0.015134334699548157, 'decay_rate': 1.3762081958651056e-05, 'hidden_size': 16, 'beta1': 0.9, 'beta2': 0.999, 'signal_len': 16, 'cheb_order': 3, 's': 8.299746624492867, 'batch_size': 16, 'k': 6}
Trial 211 finished with value 0.130290967 | dataset=nn5 | model=ufgtime_plus | val_MSE=0.033364243 | test_MSE=0.029216082 | MAE=0.130290967 | RMSE=0.170927125 | MAPE=43.691273466% | params={'learning_rate': 0.011369255024837523, 'decay_rate': 0.0016185563431641735, 'hidden_size': 16, 'beta1': 0.9, 'beta2': 0.999, 'signal_len': 16, 'cheb_order': 3, 's': 8.543269269525084, 'batch_size': 16, 'k': 7}
Trial 212 finished with value 0.089724134 | dataset=nn5 | model=ufgtime_plus | val_MSE=0.023503152 | test_MSE=0.016220180 | MAE=0.089724134 | RMSE=0.127358471 | MAPE=32.084588385% | params={'learning_rate': 0.010655482201680852, 'decay_rate': 2.6188591301518082e-05, 'hidden_size': 16, 'beta1': 0.9, 'beta2': 0.999, 'signal_len': 16, 'cheb_order': 3, 's': 8.026580291002793, 'batch_size': 16, 'k': 6}
Trial 213 finished with value 0.126236689 | dataset=nn5 | model=ufgtime_plus | val_MSE=0.032118384 | test_MSE=0.027510452 | MAE=0.126236689 | RMSE=0.165862751 | MAPE=42.355716586% | params={'learning_rate': 0.011948452765861949, 'decay_rate': 0.0011300170328435227, 'hidden_size': 16, 'beta1': 0.9, 'beta2': 0.999, 'signal_len': 16, 'cheb_order': 3, 's': 8.709166341700676, 'batch_size': 16, 'k': 8}
Trial 214 finished with value 0.132452944 | dataset=nn5 | model=ufgtime_plus | val_MSE=0.033684459 | test_MSE=0.029517677 | MAE=0.132452944 | RMSE=0.171807092 | MAPE=44.832768501% | params={'learning_rate': 0.008194792712191428, 'decay_rate': 0.0017488704138964408, 'hidden_size': 16, 'beta1': 0.9, 'beta2': 0.999, 'signal_len': 16, 'cheb_order': 3, 's': 8.367672126334309, 'batch_size': 256, 'k': 7}
Trial 215 finished with value 0.128091405 | dataset=nn5 | model=ufgtime_plus | val_MSE=0.032738492 | test_MSE=0.027957012 | MAE=0.128091405 | RMSE=0.167203503 | MAPE=43.916549986% | params={'learning_rate': 0.00936012754351617, 'decay_rate': 0.001032526045667071, 'hidden_size': 32, 'beta1': 0.9, 'beta2': 0.999, 'signal_len': 16, 'cheb_order': 3, 's': 8.114673240844194, 'batch_size': 16, 'k': 7}
Trial 216 finished with value 0.133446463 | dataset=nn5 | model=ufgtime_plus | val_MSE=0.034062572 | test_MSE=0.030463406 | MAE=0.133446463 | RMSE=0.174537693 | MAPE=44.029395694% | params={'learning_rate': 0.012547224753275141, 'decay_rate': 0.002396377128788508, 'hidden_size': 32, 'beta1': 0.9, 'beta2': 0.999, 'signal_len': 16, 'cheb_order': 3, 's': 7.329241567047893, 'batch_size': 16, 'k': 8}
Trial 217 finished with value 0.090289382 | dataset=nn5 | model=ufgtime_plus | val_MSE=0.023572783 | test_MSE=0.016312349 | MAE=0.090289382 | RMSE=0.127719808 | MAPE=31.813947686% | params={'learning_rate': 0.005671676008845619, 'decay_rate': 8.105873956952386e-05, 'hidden_size': 32, 'beta1': 0.9, 'beta2': 0.999, 'signal_len': 16, 'cheb_order': 3, 's': 8.816882026834042, 'batch_size': 16, 'k': 7}
Trial 218 finished with value 0.129118670 | dataset=nn5 | model=ufgtime_plus | val_MSE=0.033228352 | test_MSE=0.028630638 | MAE=0.129118670 | RMSE=0.169205905 | MAPE=44.087803461% | params={'learning_rate': 0.008454816911306662, 'decay_rate': 0.0011473295460557931, 'hidden_size': 32, 'beta1': 0.9, 'beta2': 0.999, 'signal_len': 8, 'cheb_order': 3, 's': 7.748732964967276, 'batch_size': 16, 'k': 8}
Trial 219 finished with value 0.132632409 | dataset=nn5 | model=ufgtime_plus | val_MSE=0.034221085 | test_MSE=0.029294268 | MAE=0.132632409 | RMSE=0.171155684 | MAPE=46.261491525% | params={'learning_rate': 0.01012383343371736, 'decay_rate': 0.000856283901030213, 'hidden_size': 64, 'beta1': 0.9, 'beta2': 0.999, 'signal_len': 16, 'cheb_order': 3, 's': 8.548383043325755, 'batch_size': 16, 'k': 7}
