Trial 274 finished with value 0.089719401 | dataset=nn5 | model=ufgtime_plus | val_MSE=0.023467553 | test_MSE=0.016237974 | MAE=0.089719401 | RMSE=0.127428308 | MAPE=31.369416380% | params={'learning_rate': 0.00966003861337647, 'decay_rate': 7.464076433950708e-05, 'hidden_size': 32, 'beta1': 0.9, 'beta2': 0.999, 'signal_len': 16, 'cheb_order': 3, 's': 7.475807069654396, 'batch_size': 16, 'k': 7}
Trial 275 finished with value 0.096447240 | dataset=nn5 | model=ufgtime_plus | val_MSE=0.025247204 | test_MSE=0.017752363 | MAE=0.096447240 | RMSE=0.133237994 | MAPE=33.744089323% | params={'learning_rate': 0.0011076326430350656, 'decay_rate': 0.00234292075368404, 'hidden_size': 32, 'beta1': 0.9, 'beta2': 0.999, 'signal_len': 16, 'cheb_order': 3, 's': 7.181192310953705, 'batch_size': 16, 'k': 7}
Trial 276 finished with value 0.142413637 | dataset=nn5 | model=ufgtime_plus | val_MSE=0.036872412 | test_MSE=0.034412649 | MAE=0.142413637 | RMSE=0.185506467 | MAPE=46.036581144% | params={'learning_rate': 0.006194768461251898, 'decay_rate': 0.04381245914779907, 'hidden_size': 32, 'beta1': 0.9, 'beta2': 0.999, 'signal_len': 16, 'cheb_order': 3, 's': 7.836139442084873, 'batch_size': 16, 'k': 7}
Trial 277 finished with value 0.088420709 | dataset=nn5 | model=ufgtime_plus | val_MSE=0.023001600 | test_MSE=0.015672729 | MAE=0.088420709 | RMSE=0.125190771 | MAPE=32.916583034% | params={'learning_rate': 0.008486723817018612, 'decay_rate': 2.8816339499997366e-05, 'hidden_size': 32, 'beta1': 0.9, 'beta2': 0.999, 'signal_len': 16, 'cheb_order': 2, 's': 8.27037665969847, 'batch_size': 16, 'k': 7}
Trial 278 finished with value 0.130869571 | dataset=nn5 | model=ufgtime_plus | val_MSE=0.033465292 | test_MSE=0.029261981 | MAE=0.130869571 | RMSE=0.171061338 | MAPE=44.281381315% | params={'learning_rate': 0.010972785695874234, 'decay_rate': 0.0017175445546719313, 'hidden_size': 32, 'beta1': 0.9, 'beta2': 0.999, 'signal_len': 16, 'cheb_order': 2, 's': 8.21092618925695, 'batch_size': 16, 'k': 7}
Trial 279 finished with value 0.127518538 | dataset=nn5 | model=ufgtime_plus | val_MSE=0.032849604 | test_MSE=0.028372433 | MAE=0.127518538 | RMSE=0.168441187 | MAPE=42.474300106% | params={'learning_rate': 0.006796996498423362, 'decay_rate': 0.00098861823814563, 'hidden_size': 32, 'beta1': 0.9, 'beta2': 0.999, 'signal_len': 16, 'cheb_order': 2, 's': 8.453081996155763, 'batch_size': 16, 'k': 7}
Trial 280 finished with value 0.091617607 | dataset=nn5 | model=ufgtime_plus | val_MSE=0.025096227 | test_MSE=0.016388247 | MAE=0.091617607 | RMSE=0.128016590 | MAPE=32.798505397% | params={'learning_rate': 0.0041968193554427135, 'decay_rate': 1.2255381798567578e-05, 'hidden_size': 64, 'beta1': 0.9, 'beta2': 0.999, 'signal_len': 16, 'cheb_order': 2, 's': 8.31223089377051, 'batch_size': 128, 'k': 8}
Trial 281 finished with value 0.130156806 | dataset=nn5 | model=ufgtime_plus | val_MSE=0.033132393 | test_MSE=0.029138781 | MAE=0.130156806 | RMSE=0.170700852 | MAPE=43.587904294% | params={'learning_rate': 0.005833760514063164, 'decay_rate': 0.0016727170035226553, 'hidden_size': 32, 'beta1': 0.9, 'beta2': 0.999, 'signal_len': 16, 'cheb_order': 2, 's': 1.6680370938525344, 'batch_size': 16, 'k': 7}
Trial 282 finished with value 0.140209606 | dataset=nn5 | model=ufgtime_plus | val_MSE=0.035753739 | test_MSE=0.032978156 | MAE=0.140209606 | RMSE=0.181598888 | MAPE=46.224004474% | params={'learning_rate': 0.008026371291978428, 'decay_rate': 0.0037757194386873064, 'hidden_size': 32, 'beta1': 0.9, 'beta2': 0.999, 'signal_len': 16, 'cheb_order': 2, 's': 8.072561571329858, 'batch_size': 16, 'k': 7}
Trial 283 finished with value 0.126974534 | dataset=nn5 | model=ufgtime_plus | val_MSE=0.032791526 | test_MSE=0.028169264 | MAE=0.126974534 | RMSE=0.167837016 | MAPE=42.321191862% | params={'learning_rate': 0.009623646458364225, 'decay_rate': 0.0009403563758933197, 'hidden_size': 32, 'beta1': 0.9, 'beta2': 0.999, 'signal_len': 16, 'cheb_order': 2, 's': 7.926919522232439, 'batch_size': 16, 'k': 7}
Trial 284 finished with value 0.134624923 | dataset=nn5 | model=ufgtime_plus | val_MSE=0.034339912 | test_MSE=0.030859279 | MAE=0.134624923 | RMSE=0.175668093 | MAPE=44.459168430% | params={'learning_rate': 0.005038979121697401, 'decay_rate': 0.0026157021646620905, 'hidden_size': 32, 'beta1': 0.9, 'beta2': 0.999, 'signal_len': 16, 'cheb_order': 3, 's': 8.277415814136324, 'batch_size': 16, 'k': 6}
Trial 285 finished with value 0.089133495 | dataset=nn5 | model=ufgtime_plus | val_MSE=0.023216337 | test_MSE=0.016020866 | MAE=0.089133495 | RMSE=0.126573560 | MAPE=31.708280769% | params={'learning_rate': 0.007115782795198185, 'decay_rate': 2.1321622210182277e-05, 'hidden_size': 32, 'beta1': 0.9, 'beta2': 0.999, 'signal_len': 16, 'cheb_order': 3, 's': 6.654372394225743, 'batch_size': 16, 'k': 8}
Trial 286 finished with value 0.129083064 | dataset=nn5 | model=ufgtime_plus | val_MSE=0.033253226 | test_MSE=0.028380685 | MAE=0.129083064 | RMSE=0.168465680 | MAPE=44.644102884% | params={'learning_rate': 0.026778148034360065, 'decay_rate': 0.0009538701578421072, 'hidden_size': 16, 'beta1': 0.9, 'beta2': 0.999, 'signal_len': 16, 'cheb_order': 3, 's': 6.745370336711036, 'batch_size': 256, 'k': 8}
Trial 287 finished with value 0.130853895 | dataset=nn5 | model=ufgtime_plus | val_MSE=0.033275618 | test_MSE=0.029356863 | MAE=0.130853895 | RMSE=0.171338447 | MAPE=43.882646531% | params={'learning_rate': 0.007240780948715469, 'decay_rate': 0.0018327485131975358, 'hidden_size': 32, 'beta1': 0.9, 'beta2': 0.999, 'signal_len': 16, 'cheb_order': 3, 's': 6.596014136627056, 'batch_size': 16, 'k': 8}
Trial 288 finished with value 0.127720641 | dataset=nn5 | model=ufgtime_plus | val_MSE=0.032820591 | test_MSE=0.028252152 | MAE=0.127720641 | RMSE=0.168083765 | MAPE=43.076651624% | params={'learning_rate': 0.008896043506815485, 'decay_rate': 0.0010666702009462098, 'hidden_size': 32, 'beta1': 0.9, 'beta2': 0.999, 'signal_len': 16, 'cheb_order': 3, 's': 8.518389099413517, 'batch_size': 16, 'k': 8}
Trial 289 finished with value 0.136439968 | dataset=nn5 | model=ufgtime_plus | val_MSE=0.034621585 | test_MSE=0.031346904 | MAE=0.136439968 | RMSE=0.177050569 | MAPE=45.465850427% | params={'learning_rate': 0.007774008214311439, 'decay_rate': 0.0028427139915952492, 'hidden_size': 32, 'beta1': 0.9, 'beta2': 0.999, 'signal_len': 16, 'cheb_order': 3, 's': 8.666423164661207, 'batch_size': 16, 'k': 6}
Trial 290 finished with value 0.152097306 | dataset=nn5 | model=ufgtime_plus | val_MSE=0.039475575 | test_MSE=0.038068020 | MAE=0.152097306 | RMSE=0.195110277 | MAPE=52.368192766% | params={'learning_rate': 0.01824064540202209, 'decay_rate': 0.011782413464587884, 'hidden_size': 32, 'beta1': 0.9, 'beta2': 0.999, 'signal_len': 16, 'cheb_order': 3, 's': 1.7824680011214526, 'batch_size': 16, 'k': 8}
Trial 291 finished with value 0.089541015 | dataset=nn5 | model=ufgtime_plus | val_MSE=0.023460812 | test_MSE=0.016283651 | MAE=0.089541015 | RMSE=0.127607408 | MAPE=31.171760249% | params={'learning_rate': 0.010312615034083372, 'decay_rate': 1.0524950484536847e-05, 'hidden_size': 32, 'beta1': 0.9, 'beta2': 0.999, 'signal_len': 16, 'cheb_order': 2, 's': 7.089315193443184, 'batch_size': 16, 'k': 6}
Trial 292 finished with value 0.128049924 | dataset=nn5 | model=ufgtime_plus | val_MSE=0.032830644 | test_MSE=0.028001958 | MAE=0.128049924 | RMSE=0.167337856 | MAPE=43.807384032% | params={'learning_rate': 0.008573695229428625, 'decay_rate': 0.001032042278496274, 'hidden_size': 32, 'beta1': 0.9, 'beta2': 0.999, 'signal_len': 16, 'cheb_order': 3, 's': 8.126732617799966, 'batch_size': 16, 'k': 8}
Trial 293 finished with value 0.132093178 | dataset=nn5 | model=ufgtime_plus | val_MSE=0.033693161 | test_MSE=0.029571014 | MAE=0.132093178 | RMSE=0.171962246 | MAPE=44.786444167% | params={'learning_rate': 0.006744563090273841, 'decay_rate': 0.0019217711390830856, 'hidden_size': 32, 'beta1': 0.9, 'beta2': 0.999, 'signal_len': 8, 'cheb_order': 3, 's': 1.3846705617535604, 'batch_size': 16, 'k': 8}
Trial 294 finished with value 0.089164249 | dataset=nn5 | model=ufgtime_plus | val_MSE=0.023526999 | test_MSE=0.016052542 | MAE=0.089164249 | RMSE=0.126698625 | MAPE=31.825079104% | params={'learning_rate': 0.0037164977786464694, 'decay_rate': 1.5661756723951978e-05, 'hidden_size': 32, 'beta1': 0.9, 'beta2': 0.999, 'signal_len': 16, 'cheb_order': 3, 's': 8.459923348429633, 'batch_size': 16, 'k': 6}
Trial 295 finished with value 0.128059239 | dataset=nn5 | model=ufgtime_plus | val_MSE=0.032946103 | test_MSE=0.027988448 | MAE=0.128059239 | RMSE=0.167297484 | MAPE=44.053822288% | params={'learning_rate': 0.009383751873766371, 'decay_rate': 0.0008237005080684214, 'hidden_size': 16, 'beta1': 0.9, 'beta2': 0.999, 'signal_len': 16, 'cheb_order': 3, 's': 7.6838164979137575, 'batch_size': 64, 'k': 8}
Trial 296 finished with value 0.131018770 | dataset=nn5 | model=ufgtime_plus | val_MSE=0.033248381 | test_MSE=0.029338519 | MAE=0.131018770 | RMSE=0.171284905 | MAPE=44.126017036% | params={'learning_rate': 0.007511558784730133, 'decay_rate': 0.0017866452004828655, 'hidden_size': 32, 'beta1': 0.9, 'beta2': 0.999, 'signal_len': 16, 'cheb_order': 3, 's': 8.035808947734555, 'batch_size': 16, 'k': 7}
Trial 297 finished with value 0.090148894 | dataset=nn5 | model=ufgtime_plus | val_MSE=0.023446833 | test_MSE=0.016317176 | MAE=0.090148894 | RMSE=0.127738703 | MAPE=31.570464512% | params={'learning_rate': 0.005725320151036874, 'decay_rate': 3.469619482710965e-05, 'hidden_size': 32, 'beta1': 0.9, 'beta2': 0.999, 'signal_len': 16, 'cheb_order': 3, 's': 9.053185636768214, 'batch_size': 16, 'k': 7}
Trial 298 finished with value 0.142772845 | dataset=nn5 | model=ufgtime_plus | val_MSE=0.035798425 | test_MSE=0.032886294 | MAE=0.142772845 | RMSE=0.181345787 | MAPE=49.223688008% | params={'learning_rate': 0.008361995384400266, 'decay_rate': 0.00344190683319032, 'hidden_size': 32, 'beta1': 0.9, 'beta2': 0.999, 'signal_len': 16, 'cheb_order': 3, 's': 8.81374461493124, 'batch_size': 16, 'k': 7}
Trial 299 finished with value 0.095683288 | dataset=nn5 | model=ufgtime_plus | val_MSE=0.024857784 | test_MSE=0.017554583 | MAE=0.095683288 | RMSE=0.132493711 | MAPE=33.457470183% | params={'learning_rate': 0.004963758314820647, 'decay_rate': 0.0009802357045738284, 'hidden_size': 32, 'beta1': 0.9, 'beta2': 0.999, 'signal_len': 16, 'cheb_order': 3, 's': 8.286015810376199, 'batch_size': 16, 'k': 8}
Best trial 142 | value=0.088143557 | dataset=nn5 | model=ufgtime_plus | params={'learning_rate': 0.007545634899584345, 'decay_rate': 1.693054191879347e-05, 'hidden_size': 32, 'beta1': 0.9, 'beta2': 0.999, 'signal_len': 16, 'cheb_order': 3, 's': 8.670094973788643, 'batch_size': 16, 'k': 8} | val_MSE=0.022998420 | test_MSE=0.015790042 | MAE=0.088143557 | RMSE=0.125658433 | MAPE=31.785551956%
Trial 300 finished with value 0.131917768 | dataset=nn5 | model=ufgtime_plus | val_MSE=0.033723619 | test_MSE=0.029825781 | MAE=0.131917768 | RMSE=0.172701422 | MAPE=43.821352320% | params={'learning_rate': 0.031051607289119126, 'decay_rate': 0.002104565814775376, 'hidden_size': 32, 'beta1': 0.9, 'beta2': 0.999, 'signal_len': 16, 'cheb_order': 3, 's': 8.655474997030101, 'batch_size': 16, 'k': 9}
Trial 301 finished with value 0.127390611 | dataset=nn5 | model=ufgtime_plus | val_MSE=0.032775828 | test_MSE=0.028141889 | MAE=0.127390611 | RMSE=0.167755443 | MAPE=42.852430335% | params={'learning_rate': 0.006935502116014814, 'decay_rate': 0.0009188109461858621, 'hidden_size': 32, 'beta1': 0.9, 'beta2': 0.999, 'signal_len': 16, 'cheb_order': 3, 's': 7.286039816276809, 'batch_size': 16, 'k': 6}
Trial 302 finished with value 0.090299377 | dataset=nn5 | model=ufgtime_plus | val_MSE=0.023687182 | test_MSE=0.016418520 | MAE=0.090299377 | RMSE=0.128134774 | MAPE=31.620526188% | params={'learning_rate': 0.010758541088025682, 'decay_rate': 2.197520127886958e-05, 'hidden_size': 32, 'beta1': 0.9, 'beta2': 0.999, 'signal_len': 16, 'cheb_order': 3, 's': 1.5769071583265433, 'batch_size': 16, 'k': 7}
Trial 303 finished with value 0.088624704 | dataset=nn5 | model=ufgtime_plus | val_MSE=0.023238530 | test_MSE=0.015936237 | MAE=0.088624704 | RMSE=0.126238809 | MAPE=31.887216942% | params={'learning_rate': 0.009197813958087268, 'decay_rate': 2.093684070258053e-05, 'hidden_size': 64, 'beta1': 0.9, 'beta2': 0.999, 'signal_len': 16, 'cheb_order': 3, 's': 7.927450617504073, 'batch_size': 16, 'k': 8}
Trial 304 finished with value 0.135330305 | dataset=nn5 | model=ufgtime_plus | val_MSE=0.034142161 | test_MSE=0.030200285 | MAE=0.135330305 | RMSE=0.173782292 | MAPE=46.158145532% | params={'learning_rate': 0.009624052962179861, 'decay_rate': 0.0025389133270338473, 'hidden_size': 64, 'beta1': 0.9, 'beta2': 0.999, 'signal_len': 16, 'cheb_order': 3, 's': 7.731270146008238, 'batch_size': 16, 'k': 7}
Trial 305 finished with value 0.129804937 | dataset=nn5 | model=ufgtime_plus | val_MSE=0.033371036 | test_MSE=0.029141508 | MAE=0.129804937 | RMSE=0.170708841 | MAPE=43.301804431% | params={'learning_rate': 0.01163394963834777, 'decay_rate': 0.0015897285221709695, 'hidden_size': 64, 'beta1': 0.9, 'beta2': 0.999, 'signal_len': 16, 'cheb_order': 3, 's': 1.9031735790279893, 'batch_size': 16, 'k': 7}
Trial 306 finished with value 0.127301682 | dataset=nn5 | model=ufgtime_plus | val_MSE=0.033016349 | test_MSE=0.028296664 | MAE=0.127301682 | RMSE=0.168216124 | MAPE=42.731656030% | params={'learning_rate': 0.009715744820989239, 'decay_rate': 0.0009419065070017679, 'hidden_size': 64, 'beta1': 0.9, 'beta2': 0.999, 'signal_len': 16, 'cheb_order': 2, 's': 7.947829188466891, 'batch_size': 128, 'k': 8}
Trial 307 finished with value 0.127485040 | dataset=nn5 | model=ufgtime_plus | val_MSE=0.033039533 | test_MSE=0.028115813 | MAE=0.127485040 | RMSE=0.167677705 | MAPE=43.150102817% | params={'learning_rate': 0.008644560855354741, 'decay_rate': 0.0009035341962233269, 'hidden_size': 64, 'beta1': 0.9, 'beta2': 0.999, 'signal_len': 16, 'cheb_order': 3, 's': 7.462188508065613, 'batch_size': 16, 'k': 7}
Trial 308 finished with value 0.144273821 | dataset=nn5 | model=ufgtime_plus | val_MSE=0.037433645 | test_MSE=0.035030371 | MAE=0.144273821 | RMSE=0.187164022 | MAPE=47.121132317% | params={'learning_rate': 0.007889263466462858, 'decay_rate': 0.03201651081336804, 'hidden_size': 16, 'beta1': 0.9, 'beta2': 0.999, 'signal_len': 16, 'cheb_order': 3, 's': 7.626455345812762, 'batch_size': 16, 'k': 7}
Trial 309 finished with value 0.137018776 | dataset=nn5 | model=ufgtime_plus | val_MSE=0.034571862 | test_MSE=0.031292642 | MAE=0.137018776 | RMSE=0.176897264 | MAPE=46.369816787% | params={'learning_rate': 0.010412033726676498, 'decay_rate': 0.002712541340379097, 'hidden_size': 64, 'beta1': 0.9, 'beta2': 0.999, 'signal_len': 16, 'cheb_order': 3, 's': 7.900237064473735, 'batch_size': 16, 'k': 7}
Trial 310 finished with value 0.089676960 | dataset=nn5 | model=ufgtime_plus | val_MSE=0.023403297 | test_MSE=0.016074939 | MAE=0.089676960 | RMSE=0.126786982 | MAPE=31.502201160% | params={'learning_rate': 0.006103259972584818, 'decay_rate': 4.595598200384851e-05, 'hidden_size': 64, 'beta1': 0.9, 'beta2': 0.999, 'signal_len': 16, 'cheb_order': 3, 's': 8.113514096609531, 'batch_size': 16, 'k': 8}
Trial 311 finished with value 0.104761363 | dataset=nn5 | model=ufgtime_plus | val_MSE=0.027687147 | test_MSE=0.020223781 | MAE=0.104761363 | RMSE=0.142210340 | MAPE=36.455004107% | params={'learning_rate': 0.001753171900702441, 'decay_rate': 0.003991345489178784, 'hidden_size': 32, 'beta1': 0.9, 'beta2': 0.999, 'signal_len': 8, 'cheb_order': 3, 's': 7.118473925672046, 'batch_size': 16, 'k': 9}
Trial 312 finished with value 0.130945206 | dataset=nn5 | model=ufgtime_plus | val_MSE=0.033172578 | test_MSE=0.029201243 | MAE=0.130945206 | RMSE=0.170883712 | MAPE=44.575459404% | params={'learning_rate': 0.009170150107650451, 'decay_rate': 0.001648651856994241, 'hidden_size': 32, 'beta1': 0.9, 'beta2': 0.999, 'signal_len': 16, 'cheb_order': 3, 's': 7.709670826912625, 'batch_size': 16, 'k': 7}
Trial 313 finished with value 0.127585973 | dataset=nn5 | model=ufgtime_plus | val_MSE=0.032850106 | test_MSE=0.028263562 | MAE=0.127585973 | RMSE=0.168117702 | MAPE=43.113379943% | params={'learning_rate': 0.007895252896268584, 'decay_rate': 0.0009676178577886314, 'hidden_size': 32, 'beta1': 0.9, 'beta2': 0.999, 'signal_len': 16, 'cheb_order': 3, 's': 7.324643421491927, 'batch_size': 16, 'k': 7}
Trial 314 finished with value 0.132221059 | dataset=nn5 | model=ufgtime_plus | val_MSE=0.033673995 | test_MSE=0.029739908 | MAE=0.132221059 | RMSE=0.172452624 | MAPE=44.497541024% | params={'learning_rate': 0.006750763926666991, 'decay_rate': 0.002064489564225168, 'hidden_size': 32, 'beta1': 0.9, 'beta2': 0.999, 'signal_len': 16, 'cheb_order': 3, 's': 1.7532753915299097, 'batch_size': 16, 'k': 8}
Trial 315 finished with value 0.088671800 | dataset=nn5 | model=ufgtime_plus | val_MSE=0.023141436 | test_MSE=0.016020296 | MAE=0.088671800 | RMSE=0.126571306 | MAPE=31.426479578% | params={'learning_rate': 0.011326271384194106, 'decay_rate': 1.1352842845807615e-05, 'hidden_size': 64, 'beta1': 0.9, 'beta2': 0.999, 'signal_len': 16, 'cheb_order': 3, 's': 8.399699153280773, 'batch_size': 16, 'k': 7}
Trial 316 finished with value 0.103425924 | dataset=nn5 | model=ufgtime_plus | val_MSE=0.028176617 | test_MSE=0.019187539 | MAE=0.103425924 | RMSE=0.138519094 | MAPE=36.122753865% | params={'learning_rate': 0.011434571254543117, 'decay_rate': 2.044995998955554e-05, 'hidden_size': 64, 'beta1': 0.9, 'beta2': 0.999, 'signal_len': 16, 'cheb_order': 3, 's': 8.398971952909035, 'batch_size': 256, 'k': 7}
Trial 317 finished with value 0.134409333 | dataset=nn5 | model=ufgtime_plus | val_MSE=0.034153733 | test_MSE=0.029277763 | MAE=0.134409333 | RMSE=0.171107461 | MAPE=47.478512035% | params={'learning_rate': 0.011127962803338958, 'decay_rate': 0.001530143317528376, 'hidden_size': 64, 'beta1': 0.9, 'beta2': 0.999, 'signal_len': 16, 'cheb_order': 3, 's': 8.87843170095493, 'batch_size': 16, 'k': 7}
Trial 318 finished with value 0.091896532 | dataset=nn5 | model=ufgtime_plus | val_MSE=0.024068953 | test_MSE=0.016498222 | MAE=0.091896532 | RMSE=0.128445406 | MAPE=34.059441899% | params={'learning_rate': 0.0030786717450877066, 'decay_rate': 0.0010020501643556777, 'hidden_size': 64, 'beta1': 0.9, 'beta2': 0.999, 'signal_len': 16, 'cheb_order': 2, 's': 9.256950216215824, 'batch_size': 16, 'k': 7}
Trial 319 finished with value 0.136727612 | dataset=nn5 | model=ufgtime_plus | val_MSE=0.034873658 | test_MSE=0.031647668 | MAE=0.136727612 | RMSE=0.177897913 | MAPE=44.822963767% | params={'learning_rate': 0.01013929717253493, 'decay_rate': 0.0029542932865329096, 'hidden_size': 64, 'beta1': 0.9, 'beta2': 0.999, 'signal_len': 16, 'cheb_order': 3, 's': 8.61192734684086, 'batch_size': 64, 'k': 7}
Trial 320 finished with value 0.089287677 | dataset=nn5 | model=ufgtime_plus | val_MSE=0.023031333 | test_MSE=0.016022914 | MAE=0.089287677 | RMSE=0.126581650 | MAPE=31.966589807% | params={'learning_rate': 0.014434152071913951, 'decay_rate': 2.1976431016368563e-05, 'hidden_size': 64, 'beta1': 0.9, 'beta2': 0.999, 'signal_len': 16, 'cheb_order': 3, 's': 8.231692037329733, 'batch_size': 16, 'k': 7}
Trial 321 finished with value 0.130191138 | dataset=nn5 | model=ufgtime_plus | val_MSE=0.033420105 | test_MSE=0.029084372 | MAE=0.130191138 | RMSE=0.170541409 | MAPE=43.185377584% | params={'learning_rate': 0.009002701170205886, 'decay_rate': 0.0017755319092235332, 'hidden_size': 64, 'beta1': 0.9, 'beta2': 0.999, 'signal_len': 16, 'cheb_order': 3, 's': 8.39995465184326, 'batch_size': 16, 'k': 7}
Trial 322 finished with value 0.092036955 | dataset=nn5 | model=ufgtime_plus | val_MSE=0.024088679 | test_MSE=0.016744215 | MAE=0.092036955 | RMSE=0.129399439 | MAPE=32.759665705% | params={'learning_rate': 0.0043770786524849874, 'decay_rate': 0.0009956927237288137, 'hidden_size': 64, 'beta1': 0.9, 'beta2': 0.999, 'signal_len': 16, 'cheb_order': 3, 's': 8.045090485324938, 'batch_size': 16, 'k': 7}
Trial 323 finished with value 0.127292900 | dataset=nn5 | model=ufgtime_plus | val_MSE=0.032861582 | test_MSE=0.028267534 | MAE=0.127292900 | RMSE=0.168129517 | MAPE=42.586370839% | params={'learning_rate': 0.012164305767692308, 'decay_rate': 0.0009277804727202284, 'hidden_size': 16, 'beta1': 0.9, 'beta2': 0.999, 'signal_len': 16, 'cheb_order': 3, 's': 7.924892046352496, 'batch_size': 16, 'k': 7}
Trial 324 finished with value 0.157876464 | dataset=nn5 | model=ufgtime_plus | val_MSE=0.042601664 | test_MSE=0.041572698 | MAE=0.157876464 | RMSE=0.203893839 | MAPE=53.008902960% | params={'learning_rate': 0.02813673916878348, 'decay_rate': 0.029389678448241967, 'hidden_size': 32, 'beta1': 0.9, 'beta2': 0.999, 'signal_len': 16, 'cheb_order': 3, 's': 8.205220180055319, 'batch_size': 16, 'k': 7}
Trial 325 finished with value 0.145112372 | dataset=nn5 | model=ufgtime_plus | val_MSE=0.038612344 | test_MSE=0.036012387 | MAE=0.145112372 | RMSE=0.189769299 | MAPE=45.239933085% | params={'learning_rate': 0.010142585413125165, 'decay_rate': 0.03738240676338258, 'hidden_size': 32, 'beta1': 0.9, 'beta2': 0.999, 'signal_len': 16, 'cheb_order': 3, 's': 8.569059959568134, 'batch_size': 16, 'k': 7}
Trial 326 finished with value 0.133589930 | dataset=nn5 | model=ufgtime_plus | val_MSE=0.033961252 | test_MSE=0.030155763 | MAE=0.133589930 | RMSE=0.173654149 | MAPE=44.734326384% | params={'learning_rate': 0.0238218311773878, 'decay_rate': 0.00233262199642517, 'hidden_size': 32, 'beta1': 0.9, 'beta2': 0.999, 'signal_len': 16, 'cheb_order': 3, 's': 7.814780911284909, 'batch_size': 16, 'k': 7}
Trial 327 finished with value 0.089802429 | dataset=nn5 | model=ufgtime_plus | val_MSE=0.023520415 | test_MSE=0.016301600 | MAE=0.089802429 | RMSE=0.127677718 | MAPE=31.640324989% | params={'learning_rate': 0.013549111615824179, 'decay_rate': 3.087460904885653e-05, 'hidden_size': 32, 'beta1': 0.9, 'beta2': 0.999, 'signal_len': 16, 'cheb_order': 3, 's': 1.5185072795815588, 'batch_size': 16, 'k': 10}
