Trial 548 finished with value 0.128246498 | dataset=nn5 | model=ufgtime_plus | val_MSE=0.032796381 | test_MSE=0.027997801 | MAE=0.128246498 | RMSE=0.167325434 | MAPE=43.964070561% | params={'learning_rate': 0.013131366618964725, 'decay_rate': 0.0010342689475082369, 'hidden_size': 64, 'beta1': 0.9, 'beta2': 0.999, 'signal_len': 16, 'cheb_order': 2, 's': 8.556701015316643, 'batch_size': 32, 'k': 9}
Trial 549 finished with value 0.134914271 | dataset=nn5 | model=ufgtime_plus | val_MSE=0.033979948 | test_MSE=0.029984405 | MAE=0.134914271 | RMSE=0.173160056 | MAPE=46.936381332% | params={'learning_rate': 0.014268203045343701, 'decay_rate': 0.0022112387071829124, 'hidden_size': 64, 'beta1': 0.9, 'beta2': 0.999, 'signal_len': 16, 'cheb_order': 2, 's': 8.365487457541153, 'batch_size': 32, 'k': 9}
Trial 550 finished with value 0.145689402 | dataset=nn5 | model=ufgtime_plus | val_MSE=0.038482329 | test_MSE=0.036520880 | MAE=0.145689402 | RMSE=0.191104370 | MAPE=46.996233795% | params={'learning_rate': 0.013016226902720671, 'decay_rate': 0.03362319929926833, 'hidden_size': 64, 'beta1': 0.9, 'beta2': 0.999, 'signal_len': 16, 'cheb_order': 2, 's': 8.158151507359003, 'batch_size': 32, 'k': 9}
Trial 551 finished with value 0.127936391 | dataset=nn5 | model=ufgtime_plus | val_MSE=0.033125768 | test_MSE=0.028345802 | MAE=0.127936391 | RMSE=0.168362116 | MAPE=43.253805925% | params={'learning_rate': 0.014803393103983924, 'decay_rate': 0.0010033097076341845, 'hidden_size': 64, 'beta1': 0.9, 'beta2': 0.999, 'signal_len': 8, 'cheb_order': 2, 's': 8.22624978539419, 'batch_size': 32, 'k': 9}
Trial 552 finished with value 0.129403576 | dataset=nn5 | model=ufgtime_plus | val_MSE=0.033300978 | test_MSE=0.028451014 | MAE=0.129403576 | RMSE=0.168674284 | MAPE=44.967462929% | params={'learning_rate': 0.015775025941846446, 'decay_rate': 0.0008358227884186452, 'hidden_size': 64, 'beta1': 0.9, 'beta2': 0.999, 'signal_len': 16, 'cheb_order': 2, 's': 8.690748350108834, 'batch_size': 32, 'k': 9}
Trial 553 finished with value 0.089048139 | dataset=nn5 | model=ufgtime_plus | val_MSE=0.023222819 | test_MSE=0.015975609 | MAE=0.089048139 | RMSE=0.126394657 | MAPE=31.931068439% | params={'learning_rate': 0.01563960031594158, 'decay_rate': 5.66539359784395e-05, 'hidden_size': 64, 'beta1': 0.9, 'beta2': 0.999, 'signal_len': 16, 'cheb_order': 2, 's': 8.527622396004547, 'batch_size': 32, 'k': 3}
Trial 554 finished with value 0.088625724 | dataset=nn5 | model=ufgtime_plus | val_MSE=0.023169900 | test_MSE=0.015995064 | MAE=0.088625724 | RMSE=0.126471594 | MAPE=31.113165176% | params={'learning_rate': 0.013896570438717568, 'decay_rate': 1.529094806016605e-05, 'hidden_size': 64, 'beta1': 0.9, 'beta2': 0.999, 'signal_len': 16, 'cheb_order': 2, 's': 8.872190760601617, 'batch_size': 32, 'k': 9}
Trial 555 finished with value 0.147252480 | dataset=nn5 | model=ufgtime_plus | val_MSE=0.037780166 | test_MSE=0.034856541 | MAE=0.147252480 | RMSE=0.186699065 | MAPE=51.225976495% | params={'learning_rate': 0.01468656596920311, 'decay_rate': 0.005401447850341655, 'hidden_size': 64, 'beta1': 0.9, 'beta2': 0.999, 'signal_len': 16, 'cheb_order': 2, 's': 8.352888375354969, 'batch_size': 32, 'k': 6}
Trial 556 finished with value 0.145912452 | dataset=nn5 | model=ufgtime_plus | val_MSE=0.036489800 | test_MSE=0.032423278 | MAE=0.145912452 | RMSE=0.180064649 | MAPE=52.102468505% | params={'learning_rate': 0.015607264954698923, 'decay_rate': 0.0034816721347767877, 'hidden_size': 64, 'beta1': 0.9, 'beta2': 0.999, 'signal_len': 16, 'cheb_order': 2, 's': 8.08305743421161, 'batch_size': 32, 'k': 9}
Trial 557 finished with value 0.132394185 | dataset=nn5 | model=ufgtime_plus | val_MSE=0.033908158 | test_MSE=0.029976969 | MAE=0.132394185 | RMSE=0.173138582 | MAPE=44.884365828% | params={'learning_rate': 0.016497278605197088, 'decay_rate': 0.0018310771167923032, 'hidden_size': 64, 'beta1': 0.9, 'beta2': 0.999, 'signal_len': 16, 'cheb_order': 2, 's': 8.157244397041323, 'batch_size': 32, 'k': 9}
Trial 558 finished with value 0.143731710 | dataset=nn5 | model=ufgtime_plus | val_MSE=0.037032042 | test_MSE=0.034621229 | MAE=0.143731710 | RMSE=0.186067808 | MAPE=47.407424318% | params={'learning_rate': 0.013254643359687682, 'decay_rate': 0.025541616412922758, 'hidden_size': 64, 'beta1': 0.9, 'beta2': 0.999, 'signal_len': 16, 'cheb_order': 2, 's': 8.451802924598278, 'batch_size': 64, 'k': 9}
Trial 559 finished with value 0.136010069 | dataset=nn5 | model=ufgtime_plus | val_MSE=0.034354739 | test_MSE=0.030446940 | MAE=0.136010069 | RMSE=0.174490514 | MAPE=46.785783701% | params={'learning_rate': 0.017136209969959165, 'decay_rate': 0.002464007588214145, 'hidden_size': 64, 'beta1': 0.9, 'beta2': 0.999, 'signal_len': 16, 'cheb_order': 2, 's': 8.250756458251121, 'batch_size': 32, 'k': 9}
Trial 560 finished with value 0.126856059 | dataset=nn5 | model=ufgtime_plus | val_MSE=0.032735380 | test_MSE=0.028090221 | MAE=0.126856059 | RMSE=0.167601374 | MAPE=42.406157787% | params={'learning_rate': 0.01957951890813245, 'decay_rate': 0.0009643345616401745, 'hidden_size': 64, 'beta1': 0.9, 'beta2': 0.999, 'signal_len': 16, 'cheb_order': 2, 's': 7.981830536571832, 'batch_size': 32, 'k': 9}
Trial 561 finished with value 0.130929222 | dataset=nn5 | model=ufgtime_plus | val_MSE=0.033516986 | test_MSE=0.029249978 | MAE=0.130929222 | RMSE=0.171026250 | MAPE=44.471100738% | params={'learning_rate': 0.014387016968075969, 'decay_rate': 0.0016664277130795367, 'hidden_size': 64, 'beta1': 0.9, 'beta2': 0.999, 'signal_len': 16, 'cheb_order': 2, 's': 8.65899046814341, 'batch_size': 32, 'k': 9}
Trial 562 finished with value 0.147202214 | dataset=nn5 | model=ufgtime_plus | val_MSE=0.037282947 | test_MSE=0.034545519 | MAE=0.147202214 | RMSE=0.185864248 | MAPE=51.343760928% | params={'learning_rate': 0.016323901758518715, 'decay_rate': 0.03673724918167293, 'hidden_size': 64, 'beta1': 0.9, 'beta2': 0.999, 'signal_len': 16, 'cheb_order': 2, 's': 8.030322657994693, 'batch_size': 32, 'k': 9}
Trial 563 finished with value 0.126992371 | dataset=nn5 | model=ufgtime_plus | val_MSE=0.032705750 | test_MSE=0.027767591 | MAE=0.126992371 | RMSE=0.166636105 | MAPE=43.181359236% | params={'learning_rate': 0.01826213622780468, 'decay_rate': 0.0008872902072284439, 'hidden_size': 64, 'beta1': 0.9, 'beta2': 0.999, 'signal_len': 16, 'cheb_order': 2, 's': 8.365321388837334, 'batch_size': 32, 'k': 9}
Trial 564 finished with value 0.127473478 | dataset=nn5 | model=ufgtime_plus | val_MSE=0.032748638 | test_MSE=0.027998335 | MAE=0.127473478 | RMSE=0.167327030 | MAPE=43.485597599% | params={'learning_rate': 0.017558540837525928, 'decay_rate': 0.0008668082636140994, 'hidden_size': 64, 'beta1': 0.9, 'beta2': 0.999, 'signal_len': 16, 'cheb_order': 2, 's': 8.175621722476407, 'batch_size': 64, 'k': 9}
Trial 565 finished with value 0.088247524 | dataset=nn5 | model=ufgtime_plus | val_MSE=0.023185460 | test_MSE=0.015836166 | MAE=0.088247524 | RMSE=0.125841827 | MAPE=31.779261912% | params={'learning_rate': 0.020643346054770754, 'decay_rate': 4.146455518562853e-05, 'hidden_size': 64, 'beta1': 0.9, 'beta2': 0.999, 'signal_len': 16, 'cheb_order': 2, 's': 8.503485639978274, 'batch_size': 32, 'k': 5}
Trial 566 finished with value 0.088426906 | dataset=nn5 | model=ufgtime_plus | val_MSE=0.023140516 | test_MSE=0.015787965 | MAE=0.088426906 | RMSE=0.125650170 | MAPE=31.781662529% | params={'learning_rate': 0.022175693437916453, 'decay_rate': 3.271943671562802e-05, 'hidden_size': 64, 'beta1': 0.9, 'beta2': 0.999, 'signal_len': 16, 'cheb_order': 2, 's': 8.90219676598611, 'batch_size': 32, 'k': 5}
Trial 567 finished with value 0.136322682 | dataset=nn5 | model=ufgtime_plus | val_MSE=0.034694408 | test_MSE=0.031090846 | MAE=0.136322682 | RMSE=0.176325966 | MAPE=45.950204429% | params={'learning_rate': 0.022248579381016893, 'decay_rate': 0.002685097476178131, 'hidden_size': 64, 'beta1': 0.9, 'beta2': 0.999, 'signal_len': 16, 'cheb_order': 2, 's': 9.369167898777397, 'batch_size': 32, 'k': 5}
Trial 568 finished with value 0.130262446 | dataset=nn5 | model=ufgtime_plus | val_MSE=0.033423871 | test_MSE=0.028964732 | MAE=0.130262446 | RMSE=0.170190283 | MAPE=43.878340149% | params={'learning_rate': 0.02075472162093589, 'decay_rate': 0.0017175445546719313, 'hidden_size': 64, 'beta1': 0.9, 'beta2': 0.999, 'signal_len': 16, 'cheb_order': 2, 's': 8.932050957712738, 'batch_size': 32, 'k': 5}
Trial 569 finished with value 0.151195668 | dataset=nn5 | model=ufgtime_plus | val_MSE=0.040291687 | test_MSE=0.038263121 | MAE=0.151195668 | RMSE=0.195609614 | MAPE=50.198295868% | params={'learning_rate': 0.022554301567448174, 'decay_rate': 0.01675439049930716, 'hidden_size': 64, 'beta1': 0.9, 'beta2': 0.999, 'signal_len': 16, 'cheb_order': 2, 's': 9.124268436569555, 'batch_size': 32, 'k': 5}
Trial 570 finished with value 0.088774149 | dataset=nn5 | model=ufgtime_plus | val_MSE=0.023192095 | test_MSE=0.015926230 | MAE=0.088774149 | RMSE=0.126199168 | MAPE=31.904620542% | params={'learning_rate': 0.024314428793723204, 'decay_rate': 1.2227621611979162e-05, 'hidden_size': 64, 'beta1': 0.9, 'beta2': 0.999, 'signal_len': 16, 'cheb_order': 2, 's': 8.94385222164144, 'batch_size': 32, 'k': 4}
Trial 571 finished with value 0.130728854 | dataset=nn5 | model=ufgtime_plus | val_MSE=0.033412825 | test_MSE=0.029405938 | MAE=0.130728854 | RMSE=0.171481597 | MAPE=43.880581464% | params={'learning_rate': 0.021727910005720875, 'decay_rate': 0.001676375384074484, 'hidden_size': 64, 'beta1': 0.9, 'beta2': 0.999, 'signal_len': 8, 'cheb_order': 2, 's': 9.00625946409796, 'batch_size': 32, 'k': 5}
Trial 572 finished with value 0.141572148 | dataset=nn5 | model=ufgtime_plus | val_MSE=0.036216589 | test_MSE=0.032623768 | MAE=0.141572148 | RMSE=0.180620508 | MAPE=47.306567107% | params={'learning_rate': 0.02148793396798039, 'decay_rate': 0.0038923398082052413, 'hidden_size': 64, 'beta1': 0.9, 'beta2': 0.999, 'signal_len': 16, 'cheb_order': 2, 's': 9.131743622580728, 'batch_size': 32, 'k': 5}
Trial 573 finished with value 0.126561249 | dataset=nn5 | model=ufgtime_plus | val_MSE=0.032663268 | test_MSE=0.027869424 | MAE=0.126561249 | RMSE=0.166941380 | MAPE=42.339643640% | params={'learning_rate': 0.019506496042526526, 'decay_rate': 0.0009405111348764462, 'hidden_size': 64, 'beta1': 0.9, 'beta2': 0.999, 'signal_len': 16, 'cheb_order': 2, 's': 8.737284890572356, 'batch_size': 32, 'k': 5}
Trial 574 finished with value 0.135001557 | dataset=nn5 | model=ufgtime_plus | val_MSE=0.034368458 | test_MSE=0.030869628 | MAE=0.135001557 | RMSE=0.175697546 | MAPE=44.949663699% | params={'learning_rate': 0.023826344950407533, 'decay_rate': 0.002596723121785282, 'hidden_size': 64, 'beta1': 0.9, 'beta2': 0.999, 'signal_len': 16, 'cheb_order': 2, 's': 8.78859181290471, 'batch_size': 32, 'k': 4}
Trial 575 finished with value 0.088807915 | dataset=nn5 | model=ufgtime_plus | val_MSE=0.023193328 | test_MSE=0.015958273 | MAE=0.088807915 | RMSE=0.126326059 | MAPE=32.310121188% | params={'learning_rate': 0.020721405096560924, 'decay_rate': 4.207921291816892e-05, 'hidden_size': 64, 'beta1': 0.9, 'beta2': 0.999, 'signal_len': 16, 'cheb_order': 2, 's': 8.537530987511897, 'batch_size': 32, 'k': 5}
Trial 576 finished with value 0.127092578 | dataset=nn5 | model=ufgtime_plus | val_MSE=0.032704092 | test_MSE=0.028131293 | MAE=0.127092578 | RMSE=0.167723860 | MAPE=42.673761362% | params={'learning_rate': 0.020573159467587317, 'decay_rate': 0.0009565446176004427, 'hidden_size': 64, 'beta1': 0.9, 'beta2': 0.999, 'signal_len': 16, 'cheb_order': 2, 's': 8.700119276472732, 'batch_size': 32, 'k': 5}
Trial 577 finished with value 0.131126405 | dataset=nn5 | model=ufgtime_plus | val_MSE=0.033550636 | test_MSE=0.029410849 | MAE=0.131126405 | RMSE=0.171495917 | MAPE=44.205593320% | params={'learning_rate': 0.021668234490897578, 'decay_rate': 0.0017409069328120183, 'hidden_size': 64, 'beta1': 0.9, 'beta2': 0.999, 'signal_len': 16, 'cheb_order': 2, 's': 8.864115716334675, 'batch_size': 32, 'k': 5}
Trial 578 finished with value 0.128467983 | dataset=nn5 | model=ufgtime_plus | val_MSE=0.033474304 | test_MSE=0.028757757 | MAE=0.128467983 | RMSE=0.169581121 | MAPE=43.367787180% | params={'learning_rate': 0.023536865615283536, 'decay_rate': 0.00105766349683181, 'hidden_size': 64, 'beta1': 0.9, 'beta2': 0.999, 'signal_len': 16, 'cheb_order': 2, 's': 8.526385381908828, 'batch_size': 64, 'k': 4}
Trial 579 finished with value 0.135667903 | dataset=nn5 | model=ufgtime_plus | val_MSE=0.034250032 | test_MSE=0.030406856 | MAE=0.135667903 | RMSE=0.174375619 | MAPE=46.669705224% | params={'learning_rate': 0.02048569490130267, 'decay_rate': 0.0023839884956937925, 'hidden_size': 64, 'beta1': 0.9, 'beta2': 0.999, 'signal_len': 16, 'cheb_order': 2, 's': 7.819329256833618, 'batch_size': 32, 'k': 5}
Trial 580 finished with value 0.092449964 | dataset=nn5 | model=ufgtime_plus | val_MSE=0.024590395 | test_MSE=0.016751751 | MAE=0.092449964 | RMSE=0.129428554 | MAPE=33.345739942% | params={'learning_rate': 0.023115487632292923, 'decay_rate': 1.3425519733921759e-05, 'hidden_size': 64, 'beta1': 0.9, 'beta2': 0.999, 'signal_len': 16, 'cheb_order': 2, 's': 8.297579194330817, 'batch_size': 128, 'k': 5}
Trial 581 finished with value 0.087975288 | dataset=nn5 | model=ufgtime_plus | val_MSE=0.022975114 | test_MSE=0.015671600 | MAE=0.087975288 | RMSE=0.125186262 | MAPE=32.319936967% | params={'learning_rate': 0.018805098616290532, 'decay_rate': 1.052680515594669e-05, 'hidden_size': 64, 'beta1': 0.9, 'beta2': 0.999, 'signal_len': 16, 'cheb_order': 2, 's': 8.62375797102062, 'batch_size': 32, 'k': 5}
Trial 582 finished with value 0.127401131 | dataset=nn5 | model=ufgtime_plus | val_MSE=0.032672483 | test_MSE=0.027960190 | MAE=0.127401131 | RMSE=0.167213007 | MAPE=43.155216035% | params={'learning_rate': 0.019207312116560606, 'decay_rate': 0.0010319200912784062, 'hidden_size': 64, 'beta1': 0.9, 'beta2': 0.999, 'signal_len': 16, 'cheb_order': 2, 's': 8.8151989312708, 'batch_size': 32, 'k': 5}
Trial 583 finished with value 0.144905269 | dataset=nn5 | model=ufgtime_plus | val_MSE=0.037517387 | test_MSE=0.034148864 | MAE=0.144905269 | RMSE=0.184794112 | MAPE=49.633857333% | params={'learning_rate': 0.01976645673041482, 'decay_rate': 0.003320551827491062, 'hidden_size': 64, 'beta1': 0.9, 'beta2': 0.999, 'signal_len': 16, 'cheb_order': 2, 's': 8.659499772282057, 'batch_size': 32, 'k': 5}
Trial 584 finished with value 0.087729690 | dataset=nn5 | model=ufgtime_plus | val_MSE=0.023075671 | test_MSE=0.015627533 | MAE=0.087729690 | RMSE=0.125010133 | MAPE=31.530983124% | params={'learning_rate': 0.01897134624683914, 'decay_rate': 1.5703044879034955e-05, 'hidden_size': 64, 'beta1': 0.9, 'beta2': 0.999, 'signal_len': 16, 'cheb_order': 2, 's': 9.28293050611128, 'batch_size': 32, 'k': 4}
Trial 585 finished with value 0.133382656 | dataset=nn5 | model=ufgtime_plus | val_MSE=0.033996366 | test_MSE=0.030051974 | MAE=0.133382656 | RMSE=0.173355052 | MAPE=46.115594363% | params={'learning_rate': 0.020359350749439523, 'decay_rate': 0.0017174178674503643, 'hidden_size': 64, 'beta1': 0.9, 'beta2': 0.999, 'signal_len': 16, 'cheb_order': 2, 's': 9.33273701311653, 'batch_size': 32, 'k': 5}
Trial 586 finished with value 0.127923391 | dataset=nn5 | model=ufgtime_plus | val_MSE=0.033356372 | test_MSE=0.028616756 | MAE=0.127923391 | RMSE=0.169164877 | MAPE=42.745255395% | params={'learning_rate': 0.01898777500766173, 'decay_rate': 0.0011029951257495259, 'hidden_size': 64, 'beta1': 0.9, 'beta2': 0.999, 'signal_len': 16, 'cheb_order': 2, 's': 9.624346233121653, 'batch_size': 32, 'k': 2}
Trial 587 finished with value 0.087998096 | dataset=nn5 | model=ufgtime_plus | val_MSE=0.023265422 | test_MSE=0.015786716 | MAE=0.087998096 | RMSE=0.125645200 | MAPE=31.681243531% | params={'learning_rate': 0.02277533893096548, 'decay_rate': 3.4591508324014664e-05, 'hidden_size': 64, 'beta1': 0.9, 'beta2': 0.999, 'signal_len': 16, 'cheb_order': 2, 's': 9.262616683532187, 'batch_size': 32, 'k': 4}
Trial 588 finished with value 0.138077588 | dataset=nn5 | model=ufgtime_plus | val_MSE=0.035844684 | test_MSE=0.031813849 | MAE=0.138077588 | RMSE=0.178364373 | MAPE=46.267327654% | params={'learning_rate': 0.01874904367768871, 'decay_rate': 0.002324021626293149, 'hidden_size': 64, 'beta1': 0.9, 'beta2': 0.999, 'signal_len': 16, 'cheb_order': 2, 's': 9.399245251011601, 'batch_size': 32, 'k': 4}
Trial 589 finished with value 0.126757288 | dataset=nn5 | model=ufgtime_plus | val_MSE=0.032778675 | test_MSE=0.028204075 | MAE=0.126757288 | RMSE=0.167940688 | MAPE=42.040539389% | params={'learning_rate': 0.01936879225069963, 'decay_rate': 0.0009773035382969878, 'hidden_size': 64, 'beta1': 0.9, 'beta2': 0.999, 'signal_len': 16, 'cheb_order': 2, 's': 9.150496418121431, 'batch_size': 32, 'k': 4}
Trial 590 finished with value 0.130715754 | dataset=nn5 | model=ufgtime_plus | val_MSE=0.033505067 | test_MSE=0.029142836 | MAE=0.130715754 | RMSE=0.170712730 | MAPE=44.167616988% | params={'learning_rate': 0.025619939800005712, 'decay_rate': 0.0017076027917158302, 'hidden_size': 64, 'beta1': 0.9, 'beta2': 0.999, 'signal_len': 16, 'cheb_order': 2, 's': 9.54876238019657, 'batch_size': 32, 'k': 4}
Trial 591 finished with value 0.127780000 | dataset=nn5 | model=ufgtime_plus | val_MSE=0.033058877 | test_MSE=0.028392448 | MAE=0.127780000 | RMSE=0.168500587 | MAPE=43.052755547% | params={'learning_rate': 0.025055835188004923, 'decay_rate': 0.0009072830252902867, 'hidden_size': 64, 'beta1': 0.9, 'beta2': 0.999, 'signal_len': 8, 'cheb_order': 2, 's': 9.454658588930627, 'batch_size': 32, 'k': 3}
Trial 592 finished with value 0.137617147 | dataset=nn5 | model=ufgtime_plus | val_MSE=0.034732750 | test_MSE=0.031493868 | MAE=0.137617147 | RMSE=0.177465119 | MAPE=46.410969663% | params={'learning_rate': 0.018066423226354954, 'decay_rate': 0.0028619158429220286, 'hidden_size': 64, 'beta1': 0.9, 'beta2': 0.999, 'signal_len': 16, 'cheb_order': 2, 's': 9.259109003334634, 'batch_size': 32, 'k': 4}
Trial 593 finished with value 0.126820173 | dataset=nn5 | model=ufgtime_plus | val_MSE=0.032733169 | test_MSE=0.027934351 | MAE=0.126820173 | RMSE=0.167135726 | MAPE=42.359567367% | params={'learning_rate': 0.020961404489439252, 'decay_rate': 0.0008436334557968111, 'hidden_size': 64, 'beta1': 0.9, 'beta2': 0.999, 'signal_len': 16, 'cheb_order': 2, 's': 9.080189441344169, 'batch_size': 32, 'k': 4}
Trial 594 finished with value 0.148230866 | dataset=nn5 | model=ufgtime_plus | val_MSE=0.037688948 | test_MSE=0.035000919 | MAE=0.148230866 | RMSE=0.187085327 | MAPE=51.915789299% | params={'learning_rate': 0.018718252491198045, 'decay_rate': 0.038624088487778874, 'hidden_size': 64, 'beta1': 0.9, 'beta2': 0.999, 'signal_len': 16, 'cheb_order': 2, 's': 9.401824066108086, 'batch_size': 256, 'k': 3}
Trial 595 finished with value 0.087795477 | dataset=nn5 | model=ufgtime_plus | val_MSE=0.023280347 | test_MSE=0.015723092 | MAE=0.087795477 | RMSE=0.125391755 | MAPE=31.607618503% | params={'learning_rate': 0.019683686213922268, 'decay_rate': 3.2273114688899864e-05, 'hidden_size': 64, 'beta1': 0.9, 'beta2': 0.999, 'signal_len': 16, 'cheb_order': 2, 's': 9.107799585034977, 'batch_size': 64, 'k': 4}
Trial 596 finished with value 0.132699033 | dataset=nn5 | model=ufgtime_plus | val_MSE=0.033871774 | test_MSE=0.029710198 | MAE=0.132699033 | RMSE=0.172366464 | MAPE=45.490362615% | params={'learning_rate': 0.02026926134856867, 'decay_rate': 0.0018068414682746643, 'hidden_size': 64, 'beta1': 0.9, 'beta2': 0.999, 'signal_len': 16, 'cheb_order': 2, 's': 9.449674935551537, 'batch_size': 64, 'k': 4}
Trial 597 finished with value 0.088484069 | dataset=nn5 | model=ufgtime_plus | val_MSE=0.023368838 | test_MSE=0.015858170 | MAE=0.088484069 | RMSE=0.125929225 | MAPE=31.584362814% | params={'learning_rate': 0.019762199351094904, 'decay_rate': 5.406203936030237e-05, 'hidden_size': 64, 'beta1': 0.9, 'beta2': 0.999, 'signal_len': 16, 'cheb_order': 2, 's': 9.107217646200708, 'batch_size': 64, 'k': 4}
Trial 598 finished with value 0.088268149 | dataset=nn5 | model=ufgtime_plus | val_MSE=0.023330778 | test_MSE=0.015891769 | MAE=0.088268149 | RMSE=0.126062558 | MAPE=31.774793215% | params={'learning_rate': 0.021395384312542103, 'decay_rate': 2.038066529375332e-05, 'hidden_size': 64, 'beta1': 0.9, 'beta2': 0.999, 'signal_len': 16, 'cheb_order': 2, 's': 9.000025470639892, 'batch_size': 64, 'k': 4}
Trial 599 finished with value 0.131703370 | dataset=nn5 | model=ufgtime_plus | val_MSE=0.033670495 | test_MSE=0.029184052 | MAE=0.131703370 | RMSE=0.170833403 | MAPE=45.583517195% | params={'learning_rate': 0.022638754199483527, 'decay_rate': 0.001595625815595919, 'hidden_size': 64, 'beta1': 0.9, 'beta2': 0.999, 'signal_len': 16, 'cheb_order': 2, 's': 9.789639344496937, 'batch_size': 64, 'k': 4}
Best trial 500 | value=0.087511338 | dataset=nn5 | model=ufgtime_plus | params={'learning_rate': 0.017565252134482894, 'decay_rate': 1.3158550607079963e-05, 'hidden_size': 64, 'beta1': 0.9, 'beta2': 0.999, 'signal_len': 16, 'cheb_order': 2, 's': 8.042220273492411, 'batch_size': 32, 'k': 6} | val_MSE=0.022981439 | test_MSE=0.015575350 | MAE=0.087511338 | RMSE=0.124801242 | MAPE=31.543004172%
