Trial 328 finished with value 0.128899067 | dataset=nn5 | model=ufgtime_plus | val_MSE=0.033135794 | test_MSE=0.028518482 | MAE=0.128899067 | RMSE=0.168874160 | MAPE=44.337220598% | params={'learning_rate': 0.00847756695450417, 'decay_rate': 0.0009337437381102787, 'hidden_size': 32, 'beta1': 0.9, 'beta2': 0.999, 'signal_len': 16, 'cheb_order': 3, 's': 2.374116208989144, 'batch_size': 128, 'k': 7}
Trial 329 finished with value 0.145364796 | dataset=nn5 | model=ufgtime_plus | val_MSE=0.037661511 | test_MSE=0.034387423 | MAE=0.145364796 | RMSE=0.185438462 | MAPE=49.659885365% | params={'learning_rate': 0.03453249102240934, 'decay_rate': 0.0035047515041138895, 'hidden_size': 32, 'beta1': 0.9, 'beta2': 0.999, 'signal_len': 16, 'cheb_order': 2, 's': 8.09420960652463, 'batch_size': 16, 'k': 7}
Trial 330 finished with value 0.132013828 | dataset=nn5 | model=ufgtime_plus | val_MSE=0.033623948 | test_MSE=0.029536725 | MAE=0.132013828 | RMSE=0.171862517 | MAPE=45.176983023% | params={'learning_rate': 0.013037482354533003, 'decay_rate': 0.001750677965862028, 'hidden_size': 32, 'beta1': 0.9, 'beta2': 0.999, 'signal_len': 16, 'cheb_order': 3, 's': 8.438669557096933, 'batch_size': 16, 'k': 7}
Trial 331 finished with value 0.089291208 | dataset=nn5 | model=ufgtime_plus | val_MSE=0.023237562 | test_MSE=0.016125829 | MAE=0.089291208 | RMSE=0.126987516 | MAPE=31.335543332% | params={'learning_rate': 0.005398281252673184, 'decay_rate': 3.9156163537555265e-05, 'hidden_size': 32, 'beta1': 0.9, 'beta2': 0.999, 'signal_len': 16, 'cheb_order': 3, 's': 1.2390654306541786, 'batch_size': 16, 'k': 7}
Trial 332 finished with value 0.133817002 | dataset=nn5 | model=ufgtime_plus | val_MSE=0.034229485 | test_MSE=0.030510897 | MAE=0.133817002 | RMSE=0.174673688 | MAPE=44.370200496% | params={'learning_rate': 0.008862387770852038, 'decay_rate': 0.0023974666721675564, 'hidden_size': 32, 'beta1': 0.9, 'beta2': 0.999, 'signal_len': 8, 'cheb_order': 3, 's': 1.981333981555367, 'batch_size': 16, 'k': 7}
Trial 333 finished with value 0.091854117 | dataset=nn5 | model=ufgtime_plus | val_MSE=0.024116219 | test_MSE=0.016774614 | MAE=0.091854117 | RMSE=0.129516850 | MAPE=32.274431191% | params={'learning_rate': 0.0036155445653268618, 'decay_rate': 0.000883177286146323, 'hidden_size': 64, 'beta1': 0.9, 'beta2': 0.999, 'signal_len': 16, 'cheb_order': 3, 's': 7.509338658501674, 'batch_size': 16, 'k': 7}
Trial 334 finished with value 0.090254298 | dataset=nn5 | model=ufgtime_plus | val_MSE=0.023585685 | test_MSE=0.016220908 | MAE=0.090254298 | RMSE=0.127361329 | MAPE=32.827386941% | params={'learning_rate': 0.011245620203719215, 'decay_rate': 1.989097802162707e-05, 'hidden_size': 16, 'beta1': 0.9, 'beta2': 0.999, 'signal_len': 16, 'cheb_order': 3, 's': 8.280483907533608, 'batch_size': 16, 'k': 7}
Trial 335 finished with value 0.129878392 | dataset=nn5 | model=ufgtime_plus | val_MSE=0.033123400 | test_MSE=0.029069544 | MAE=0.129878392 | RMSE=0.170497930 | MAPE=43.495705531% | params={'learning_rate': 0.007540057352973237, 'decay_rate': 0.0016036196040290422, 'hidden_size': 32, 'beta1': 0.9, 'beta2': 0.999, 'signal_len': 16, 'cheb_order': 3, 's': 8.745015195067646, 'batch_size': 16, 'k': 10}
Trial 336 finished with value 0.128323881 | dataset=nn5 | model=ufgtime_plus | val_MSE=0.032883120 | test_MSE=0.028422474 | MAE=0.128323881 | RMSE=0.168589662 | MAPE=43.488999177% | params={'learning_rate': 0.005664473579143432, 'decay_rate': 0.001007441591634596, 'hidden_size': 32, 'beta1': 0.9, 'beta2': 0.999, 'signal_len': 16, 'cheb_order': 3, 's': 7.958717068410485, 'batch_size': 16, 'k': 7}
Trial 337 finished with value 0.138727487 | dataset=nn5 | model=ufgtime_plus | val_MSE=0.035164461 | test_MSE=0.032061399 | MAE=0.138727487 | RMSE=0.179056971 | MAPE=46.642654380% | params={'learning_rate': 0.009776380851983379, 'decay_rate': 0.002730522140051049, 'hidden_size': 32, 'beta1': 0.9, 'beta2': 0.999, 'signal_len': 16, 'cheb_order': 3, 's': 7.652310541083687, 'batch_size': 256, 'k': 7}
Trial 338 finished with value 0.145677881 | dataset=nn5 | model=ufgtime_plus | val_MSE=0.037702431 | test_MSE=0.034625485 | MAE=0.145677881 | RMSE=0.186079245 | MAPE=49.737415442% | params={'learning_rate': 0.03277020546656092, 'decay_rate': 0.0046860079412481504, 'hidden_size': 32, 'beta1': 0.9, 'beta2': 0.999, 'signal_len': 16, 'cheb_order': 3, 's': 8.952743576670924, 'batch_size': 16, 'k': 7}
Trial 339 finished with value 0.089025102 | dataset=nn5 | model=ufgtime_plus | val_MSE=0.023014673 | test_MSE=0.015978737 | MAE=0.089025102 | RMSE=0.126407027 | MAPE=31.707468484% | params={'learning_rate': 0.008179114735872786, 'decay_rate': 1.6839320341803728e-05, 'hidden_size': 32, 'beta1': 0.9, 'beta2': 0.999, 'signal_len': 16, 'cheb_order': 3, 's': 8.126849314881532, 'batch_size': 16, 'k': 6}
Trial 340 finished with value 0.129719360 | dataset=nn5 | model=ufgtime_plus | val_MSE=0.033128833 | test_MSE=0.029181878 | MAE=0.129719360 | RMSE=0.170827042 | MAPE=43.092767260% | params={'learning_rate': 0.008154918937485742, 'decay_rate': 0.0016662381278067055, 'hidden_size': 32, 'beta1': 0.9, 'beta2': 0.999, 'signal_len': 16, 'cheb_order': 3, 's': 8.443305815430971, 'batch_size': 16, 'k': 6}
Trial 341 finished with value 0.142983303 | dataset=nn5 | model=ufgtime_plus | val_MSE=0.036804324 | test_MSE=0.033936045 | MAE=0.142983303 | RMSE=0.184217386 | MAPE=46.791011924% | params={'learning_rate': 0.009063967913875372, 'decay_rate': 0.01658959370073924, 'hidden_size': 32, 'beta1': 0.9, 'beta2': 0.999, 'signal_len': 16, 'cheb_order': 2, 's': 8.175499022932385, 'batch_size': 16, 'k': 6}
Trial 342 finished with value 0.127568486 | dataset=nn5 | model=ufgtime_plus | val_MSE=0.032835139 | test_MSE=0.028003149 | MAE=0.127568486 | RMSE=0.167341415 | MAPE=43.490682859% | params={'learning_rate': 0.007547651419696808, 'decay_rate': 0.0008092627869901552, 'hidden_size': 32, 'beta1': 0.9, 'beta2': 0.999, 'signal_len': 16, 'cheb_order': 3, 's': 8.622938263986846, 'batch_size': 64, 'k': 6}
Trial 343 finished with value 0.127589208 | dataset=nn5 | model=ufgtime_plus | val_MSE=0.032780254 | test_MSE=0.028208733 | MAE=0.127589208 | RMSE=0.167954558 | MAPE=42.771394503% | params={'learning_rate': 0.006579227757517339, 'decay_rate': 0.0010624066285106531, 'hidden_size': 32, 'beta1': 0.9, 'beta2': 0.999, 'signal_len': 16, 'cheb_order': 3, 's': 1.8364280039021976, 'batch_size': 16, 'k': 6}
Trial 344 finished with value 0.088408644 | dataset=nn5 | model=ufgtime_plus | val_MSE=0.022769191 | test_MSE=0.015865892 | MAE=0.088408644 | RMSE=0.125959884 | MAPE=31.307996019% | params={'learning_rate': 0.010684882353518442, 'decay_rate': 3.4864774684325576e-05, 'hidden_size': 64, 'beta1': 0.9, 'beta2': 0.999, 'signal_len': 16, 'cheb_order': 3, 's': 8.260568660055304, 'batch_size': 16, 'k': 9}
Trial 345 finished with value 0.135068717 | dataset=nn5 | model=ufgtime_plus | val_MSE=0.034025383 | test_MSE=0.030084989 | MAE=0.135068717 | RMSE=0.173450249 | MAPE=46.959463378% | params={'learning_rate': 0.010545299757449129, 'decay_rate': 0.0022179899742528542, 'hidden_size': 64, 'beta1': 0.9, 'beta2': 0.999, 'signal_len': 16, 'cheb_order': 3, 's': 8.338323572836167, 'batch_size': 16, 'k': 9}
Trial 346 finished with value 0.127515000 | dataset=nn5 | model=ufgtime_plus | val_MSE=0.032996883 | test_MSE=0.028162259 | MAE=0.127515000 | RMSE=0.167816147 | MAPE=42.938503243% | params={'learning_rate': 0.0111066230321254, 'decay_rate': 0.000972167826366705, 'hidden_size': 64, 'beta1': 0.9, 'beta2': 0.999, 'signal_len': 16, 'cheb_order': 3, 's': 8.1480353672129, 'batch_size': 16, 'k': 9}
Trial 347 finished with value 0.089150887 | dataset=nn5 | model=ufgtime_plus | val_MSE=0.023130089 | test_MSE=0.016134407 | MAE=0.089150887 | RMSE=0.127021288 | MAPE=31.314132736% | params={'learning_rate': 0.009497883447010235, 'decay_rate': 1.7110313903640085e-05, 'hidden_size': 64, 'beta1': 0.9, 'beta2': 0.999, 'signal_len': 16, 'cheb_order': 3, 's': 9.831160059830797, 'batch_size': 16, 'k': 10}
Trial 348 finished with value 0.145552981 | dataset=nn5 | model=ufgtime_plus | val_MSE=0.037579262 | test_MSE=0.034118923 | MAE=0.145552981 | RMSE=0.184713082 | MAPE=50.217434278% | params={'learning_rate': 0.01205169306371707, 'decay_rate': 0.00335662364388721, 'hidden_size': 64, 'beta1': 0.9, 'beta2': 0.999, 'signal_len': 16, 'cheb_order': 3, 's': 8.567824572424527, 'batch_size': 16, 'k': 9}
Trial 349 finished with value 0.134648925 | dataset=nn5 | model=ufgtime_plus | val_MSE=0.034577131 | test_MSE=0.030197967 | MAE=0.134648925 | RMSE=0.173775624 | MAPE=45.824682639% | params={'learning_rate': 0.010154478416754452, 'decay_rate': 0.001790854433929914, 'hidden_size': 64, 'beta1': 0.9, 'beta2': 0.999, 'signal_len': 16, 'cheb_order': 3, 's': 8.43312517919208, 'batch_size': 16, 'k': 10}
Trial 350 finished with value 0.091707740 | dataset=nn5 | model=ufgtime_plus | val_MSE=0.024866572 | test_MSE=0.016808512 | MAE=0.091707740 | RMSE=0.129647647 | MAPE=32.369844807% | params={'learning_rate': 0.008942498581888543, 'decay_rate': 1.1346494975632624e-05, 'hidden_size': 64, 'beta1': 0.9, 'beta2': 0.999, 'signal_len': 8, 'cheb_order': 3, 's': 8.27777912208877, 'batch_size': 16, 'k': 8}
Trial 351 finished with value 0.142410871 | dataset=nn5 | model=ufgtime_plus | val_MSE=0.036236308 | test_MSE=0.033704120 | MAE=0.142410871 | RMSE=0.183586818 | MAPE=47.749429196% | params={'learning_rate': 0.008003680335189984, 'decay_rate': 0.00981085132179173, 'hidden_size': 64, 'beta1': 0.9, 'beta2': 0.999, 'signal_len': 16, 'cheb_order': 3, 's': 2.1868360943927123, 'batch_size': 16, 'k': 8}
Trial 352 finished with value 0.132440652 | dataset=nn5 | model=ufgtime_plus | val_MSE=0.033535333 | test_MSE=0.029465289 | MAE=0.132440652 | RMSE=0.171654563 | MAPE=45.399105763% | params={'learning_rate': 0.008427886345190398, 'decay_rate': 0.0016312767793655075, 'hidden_size': 16, 'beta1': 0.9, 'beta2': 0.999, 'signal_len': 16, 'cheb_order': 3, 's': 8.051031542875617, 'batch_size': 128, 'k': 9}
Trial 353 finished with value 0.127153221 | dataset=nn5 | model=ufgtime_plus | val_MSE=0.033035826 | test_MSE=0.028252803 | MAE=0.127153221 | RMSE=0.168085700 | MAPE=42.378919798% | params={'learning_rate': 0.009777092094555271, 'decay_rate': 0.0010314992774004142, 'hidden_size': 64, 'beta1': 0.9, 'beta2': 0.999, 'signal_len': 16, 'cheb_order': 2, 's': 6.942487781897234, 'batch_size': 16, 'k': 6}
Trial 354 finished with value 0.135173336 | dataset=nn5 | model=ufgtime_plus | val_MSE=0.034351311 | test_MSE=0.031134616 | MAE=0.135173336 | RMSE=0.176450038 | MAPE=44.510443367% | params={'learning_rate': 0.01125844335715908, 'decay_rate': 0.002684801163680406, 'hidden_size': 32, 'beta1': 0.9, 'beta2': 0.999, 'signal_len': 16, 'cheb_order': 3, 's': 8.28618997360347, 'batch_size': 16, 'k': 10}
Trial 355 finished with value 0.128794995 | dataset=nn5 | model=ufgtime_plus | val_MSE=0.032958425 | test_MSE=0.027940229 | MAE=0.128794995 | RMSE=0.167153309 | MAPE=44.631713896% | params={'learning_rate': 0.007105897439050313, 'decay_rate': 0.0009050527773957609, 'hidden_size': 32, 'beta1': 0.9, 'beta2': 0.999, 'signal_len': 16, 'cheb_order': 3, 's': 8.682496668284951, 'batch_size': 16, 'k': 8}
Trial 356 finished with value 0.127026358 | dataset=nn5 | model=ufgtime_plus | val_MSE=0.032762396 | test_MSE=0.028069498 | MAE=0.127026358 | RMSE=0.167539542 | MAPE=42.662770914% | params={'learning_rate': 0.006512583981691932, 'decay_rate': 0.000878188416395064, 'hidden_size': 32, 'beta1': 0.9, 'beta2': 0.999, 'signal_len': 16, 'cheb_order': 3, 's': 8.823700492162056, 'batch_size': 16, 'k': 6}
Trial 357 finished with value 0.133320258 | dataset=nn5 | model=ufgtime_plus | val_MSE=0.033980584 | test_MSE=0.030245560 | MAE=0.133320258 | RMSE=0.173912506 | MAPE=44.477573011% | params={'learning_rate': 0.012412670850062951, 'decay_rate': 0.00233797693310911, 'hidden_size': 32, 'beta1': 0.9, 'beta2': 0.999, 'signal_len': 16, 'cheb_order': 3, 's': 1.6992468935306426, 'batch_size': 16, 'k': 8}
Trial 358 finished with value 0.097650710 | dataset=nn5 | model=ufgtime_plus | val_MSE=0.026992839 | test_MSE=0.017683236 | MAE=0.097650710 | RMSE=0.132978330 | MAPE=35.497278086% | params={'learning_rate': 0.008444296876629108, 'decay_rate': 3.375850964640314e-05, 'hidden_size': 32, 'beta1': 0.9, 'beta2': 0.999, 'signal_len': 16, 'cheb_order': 3, 's': 1.3795689714066262, 'batch_size': 256, 'k': 9}
Trial 359 finished with value 0.130080072 | dataset=nn5 | model=ufgtime_plus | val_MSE=0.033411921 | test_MSE=0.029211355 | MAE=0.130080072 | RMSE=0.170913298 | MAPE=43.468693637% | params={'learning_rate': 0.01074448340773115, 'decay_rate': 0.0016521107706245128, 'hidden_size': 16, 'beta1': 0.9, 'beta2': 0.999, 'signal_len': 16, 'cheb_order': 3, 's': 8.075342215660687, 'batch_size': 16, 'k': 6}
Trial 360 finished with value 0.088495536 | dataset=nn5 | model=ufgtime_plus | val_MSE=0.023154129 | test_MSE=0.015757247 | MAE=0.088495536 | RMSE=0.125527873 | MAPE=31.863649686% | params={'learning_rate': 0.007438617797011754, 'decay_rate': 1.7140946708193056e-05, 'hidden_size': 64, 'beta1': 0.9, 'beta2': 0.999, 'signal_len': 16, 'cheb_order': 3, 's': 8.44911965087787, 'batch_size': 16, 'k': 8}
Trial 361 finished with value 0.128260588 | dataset=nn5 | model=ufgtime_plus | val_MSE=0.033179167 | test_MSE=0.028137176 | MAE=0.128260588 | RMSE=0.167741396 | MAPE=43.474777363% | params={'learning_rate': 0.0094433953630466, 'decay_rate': 0.001140051463958475, 'hidden_size': 64, 'beta1': 0.9, 'beta2': 0.999, 'signal_len': 16, 'cheb_order': 3, 's': 8.444204162118822, 'batch_size': 16, 'k': 8}
Trial 362 finished with value 0.141512266 | dataset=nn5 | model=ufgtime_plus | val_MSE=0.035720087 | test_MSE=0.032560763 | MAE=0.141512266 | RMSE=0.180446012 | MAPE=47.889592667% | params={'learning_rate': 0.008116060666933798, 'decay_rate': 0.0036389626314074198, 'hidden_size': 64, 'beta1': 0.9, 'beta2': 0.999, 'signal_len': 16, 'cheb_order': 3, 's': 8.537304199116354, 'batch_size': 16, 'k': 8}
Trial 363 finished with value 0.131343098 | dataset=nn5 | model=ufgtime_plus | val_MSE=0.033580564 | test_MSE=0.029594149 | MAE=0.131343098 | RMSE=0.172029500 | MAPE=43.716741109% | params={'learning_rate': 0.007486093306500338, 'decay_rate': 0.001966098882221066, 'hidden_size': 64, 'beta1': 0.9, 'beta2': 0.999, 'signal_len': 16, 'cheb_order': 3, 's': 8.231337932278795, 'batch_size': 16, 'k': 8}
Trial 364 finished with value 0.147008995 | dataset=nn5 | model=ufgtime_plus | val_MSE=0.038963610 | test_MSE=0.037058138 | MAE=0.147008995 | RMSE=0.192504904 | MAPE=47.496337290% | params={'learning_rate': 0.009026263790277326, 'decay_rate': 0.03448103003531705, 'hidden_size': 64, 'beta1': 0.9, 'beta2': 0.999, 'signal_len': 16, 'cheb_order': 3, 's': 9.1059005445706, 'batch_size': 16, 'k': 8}
Trial 365 finished with value 0.127107145 | dataset=nn5 | model=ufgtime_plus | val_MSE=0.032950707 | test_MSE=0.028307276 | MAE=0.127107145 | RMSE=0.168247663 | MAPE=42.370961914% | params={'learning_rate': 0.009942298169500992, 'decay_rate': 0.0009463307780928596, 'hidden_size': 64, 'beta1': 0.9, 'beta2': 0.999, 'signal_len': 16, 'cheb_order': 2, 's': 7.9717241200809426, 'batch_size': 16, 'k': 8}
Trial 366 finished with value 0.092442211 | dataset=nn5 | model=ufgtime_plus | val_MSE=0.024288181 | test_MSE=0.016830100 | MAE=0.092442211 | RMSE=0.129730875 | MAPE=32.719288000% | params={'learning_rate': 0.005877463609354859, 'decay_rate': 0.0008686587475252025, 'hidden_size': 64, 'beta1': 0.9, 'beta2': 0.999, 'signal_len': 16, 'cheb_order': 3, 's': 8.30890892732783, 'batch_size': 64, 'k': 8}
Trial 367 finished with value 0.134219471 | dataset=nn5 | model=ufgtime_plus | val_MSE=0.034095248 | test_MSE=0.030367591 | MAE=0.134219471 | RMSE=0.174262993 | MAPE=44.515323003% | params={'learning_rate': 0.007683095880743329, 'decay_rate': 0.0025281552480894715, 'hidden_size': 64, 'beta1': 0.9, 'beta2': 0.999, 'signal_len': 16, 'cheb_order': 3, 's': 8.736342206583116, 'batch_size': 16, 'k': 8}
Trial 368 finished with value 0.088979944 | dataset=nn5 | model=ufgtime_plus | val_MSE=0.023213607 | test_MSE=0.015872445 | MAE=0.088979944 | RMSE=0.125985893 | MAPE=32.051060620% | params={'learning_rate': 0.00654291639832498, 'decay_rate': 2.7626681535393472e-05, 'hidden_size': 64, 'beta1': 0.9, 'beta2': 0.999, 'signal_len': 16, 'cheb_order': 3, 's': 8.525188454602478, 'batch_size': 16, 'k': 10}
Trial 369 finished with value 0.130014460 | dataset=nn5 | model=ufgtime_plus | val_MSE=0.033366336 | test_MSE=0.029192899 | MAE=0.130014460 | RMSE=0.170859296 | MAPE=43.276601013% | params={'learning_rate': 0.005996749445620283, 'decay_rate': 0.0016639850297065772, 'hidden_size': 64, 'beta1': 0.9, 'beta2': 0.999, 'signal_len': 16, 'cheb_order': 3, 's': 8.902898966246351, 'batch_size': 16, 'k': 10}
Trial 370 finished with value 0.127183016 | dataset=nn5 | model=ufgtime_plus | val_MSE=0.032912204 | test_MSE=0.028181475 | MAE=0.127183016 | RMSE=0.167873391 | MAPE=42.780898891% | params={'learning_rate': 0.0071280201021468904, 'decay_rate': 0.0008788176690333378, 'hidden_size': 64, 'beta1': 0.9, 'beta2': 0.999, 'signal_len': 16, 'cheb_order': 3, 's': 8.515688651128759, 'batch_size': 16, 'k': 10}
Trial 371 finished with value 0.128260352 | dataset=nn5 | model=ufgtime_plus | val_MSE=0.032993859 | test_MSE=0.028471037 | MAE=0.128260352 | RMSE=0.168733627 | MAPE=43.512403040% | params={'learning_rate': 0.011981129839253707, 'decay_rate': 0.0009418488925377131, 'hidden_size': 64, 'beta1': 0.9, 'beta2': 0.999, 'signal_len': 8, 'cheb_order': 3, 's': 8.671429077587806, 'batch_size': 16, 'k': 10}
Trial 372 finished with value 0.089529793 | dataset=nn5 | model=ufgtime_plus | val_MSE=0.023440737 | test_MSE=0.016042064 | MAE=0.089529793 | RMSE=0.126657269 | MAPE=31.902353127% | params={'learning_rate': 0.0063559848951916355, 'decay_rate': 1.8621011331717886e-05, 'hidden_size': 64, 'beta1': 0.9, 'beta2': 0.999, 'signal_len': 16, 'cheb_order': 3, 's': 8.41921617657802, 'batch_size': 16, 'k': 10}
Trial 373 finished with value 0.140899836 | dataset=nn5 | model=ufgtime_plus | val_MSE=0.035184984 | test_MSE=0.031453575 | MAE=0.140899836 | RMSE=0.177351559 | MAPE=49.417056682% | params={'learning_rate': 0.009005700531168209, 'decay_rate': 0.002760211454307948, 'hidden_size': 64, 'beta1': 0.9, 'beta2': 0.999, 'signal_len': 16, 'cheb_order': 3, 's': 8.977862617392628, 'batch_size': 16, 'k': 10}
Trial 374 finished with value 0.097892139 | dataset=nn5 | model=ufgtime_plus | val_MSE=0.026335104 | test_MSE=0.018083012 | MAE=0.097892139 | RMSE=0.134473088 | MAPE=34.752444436% | params={'learning_rate': 0.005168551085313655, 'decay_rate': 0.001766474167448709, 'hidden_size': 64, 'beta1': 0.9, 'beta2': 0.999, 'signal_len': 16, 'cheb_order': 3, 's': 8.540952091799607, 'batch_size': 16, 'k': 10}
Trial 375 finished with value 0.126446194 | dataset=nn5 | model=ufgtime_plus | val_MSE=0.032834560 | test_MSE=0.027940630 | MAE=0.126446194 | RMSE=0.167154510 | MAPE=42.085833049% | params={'learning_rate': 0.010477260699157791, 'decay_rate': 0.0007795068415150456, 'hidden_size': 64, 'beta1': 0.9, 'beta2': 0.999, 'signal_len': 16, 'cheb_order': 3, 's': 8.722434436391799, 'batch_size': 16, 'k': 10}
Trial 376 finished with value 0.092846450 | dataset=nn5 | model=ufgtime_plus | val_MSE=0.025555995 | test_MSE=0.016711581 | MAE=0.092846450 | RMSE=0.129273279 | MAPE=32.652503132% | params={'learning_rate': 0.006294495711699275, 'decay_rate': 2.8762972074288366e-05, 'hidden_size': 64, 'beta1': 0.9, 'beta2': 0.999, 'signal_len': 16, 'cheb_order': 2, 's': 8.340573299320392, 'batch_size': 128, 'k': 8}
Trial 377 finished with value 0.089227090 | dataset=nn5 | model=ufgtime_plus | val_MSE=0.023593153 | test_MSE=0.016099296 | MAE=0.089227090 | RMSE=0.126883001 | MAPE=31.538877516% | params={'learning_rate': 0.007200149460540312, 'decay_rate': 2.406133146998636e-05, 'hidden_size': 16, 'beta1': 0.9, 'beta2': 0.999, 'signal_len': 16, 'cheb_order': 3, 's': 7.402362448100863, 'batch_size': 16, 'k': 9}
Trial 378 finished with value 0.145746258 | dataset=nn5 | model=ufgtime_plus | val_MSE=0.037665983 | test_MSE=0.034478161 | MAE=0.145746258 | RMSE=0.185682957 | MAPE=49.965543383% | params={'learning_rate': 0.011155324522509173, 'decay_rate': 0.004300695730157494, 'hidden_size': 64, 'beta1': 0.9, 'beta2': 0.999, 'signal_len': 16, 'cheb_order': 3, 's': 7.842074005729955, 'batch_size': 16, 'k': 9}
Trial 379 finished with value 0.131478189 | dataset=nn5 | model=ufgtime_plus | val_MSE=0.033579211 | test_MSE=0.029171154 | MAE=0.131478189 | RMSE=0.170795651 | MAPE=44.935724707% | params={'learning_rate': 0.008521531714220376, 'decay_rate': 0.001742230313977869, 'hidden_size': 32, 'beta1': 0.9, 'beta2': 0.999, 'signal_len': 16, 'cheb_order': 3, 's': 8.180974212818795, 'batch_size': 16, 'k': 10}
Trial 380 finished with value 0.137663632 | dataset=nn5 | model=ufgtime_plus | val_MSE=0.035654711 | test_MSE=0.032423001 | MAE=0.137663632 | RMSE=0.180063879 | MAPE=45.834814576% | params={'learning_rate': 0.01348862543049589, 'decay_rate': 0.00249596572714274, 'hidden_size': 64, 'beta1': 0.9, 'beta2': 0.999, 'signal_len': 16, 'cheb_order': 3, 's': 7.967237277659743, 'batch_size': 16, 'k': 8}
Trial 381 finished with value 0.127467406 | dataset=nn5 | model=ufgtime_plus | val_MSE=0.032853920 | test_MSE=0.028126154 | MAE=0.127467406 | RMSE=0.167708538 | MAPE=43.073961311% | params={'learning_rate': 0.009715436571781411, 'decay_rate': 0.0009149894084471125, 'hidden_size': 32, 'beta1': 0.9, 'beta2': 0.999, 'signal_len': 16, 'cheb_order': 3, 's': 8.570293429956884, 'batch_size': 16, 'k': 7}
Trial 382 finished with value 0.131769970 | dataset=nn5 | model=ufgtime_plus | val_MSE=0.033655513 | test_MSE=0.029839691 | MAE=0.131769970 | RMSE=0.172741689 | MAPE=44.253766281% | params={'learning_rate': 0.0076135453275260195, 'decay_rate': 0.0016811679785198566, 'hidden_size': 32, 'beta1': 0.9, 'beta2': 0.999, 'signal_len': 16, 'cheb_order': 3, 's': 8.381723477495258, 'batch_size': 256, 'k': 8}
