Trial 0 finished with value 0.161700498 | dataset=nyse | model=ufgtime_plus | val_MSE=0.008650644 | test_MSE=0.027823093 | MAE=0.161700498 | RMSE=0.166802556 | MAPE=100.775830675% | params={'learning_rate': 0.027445187061326964, 'decay_rate': 0.03576231642495725, 'hidden_size': 16, 'signal_len': 8, 'cheb_order': 3, 's': 4.512629517549422, 'batch_size': 128, 'k': 2}
Trial 1 finished with value 0.249646839 | dataset=nyse | model=ufgtime_plus | val_MSE=0.009877076 | test_MSE=0.065259929 | MAE=0.249646839 | RMSE=0.255460230 | MAPE=152.806518134% | params={'learning_rate': 0.0010207176880418828, 'decay_rate': 0.04163266607894142, 'hidden_size': 64, 'signal_len': 8, 'cheb_order': 2, 's': 6.795297089814962, 'batch_size': 32, 'k': 4}
Trial 2 finished with value 0.130645467 | dataset=nyse | model=ufgtime_plus | val_MSE=0.008424257 | test_MSE=0.018776241 | MAE=0.130645467 | RMSE=0.137026425 | MAPE=80.297275581% | params={'learning_rate': 0.02281295510750526, 'decay_rate': 0.02842601310394374, 'hidden_size': 32, 'signal_len': 16, 'cheb_order': 2, 's': 4.989584388814139, 'batch_size': 16, 'k': 2}
Trial 3 finished with value 0.116426528 | dataset=nyse | model=ufgtime_plus | val_MSE=0.008573760 | test_MSE=0.015264410 | MAE=0.116426528 | RMSE=0.123549222 | MAPE=71.374001709% | params={'learning_rate': 0.01577826326269995, 'decay_rate': 0.018191901439421704, 'hidden_size': 64, 'signal_len': 16, 'cheb_order': 3, 's': 3.354295262604061, 'batch_size': 256, 'k': 2}
Trial 4 finished with value 0.127110023 | dataset=nyse | model=ufgtime_plus | val_MSE=0.008415991 | test_MSE=0.017852430 | MAE=0.127110023 | RMSE=0.133612986 | MAPE=77.898189928% | params={'learning_rate': 0.009837152260385874, 'decay_rate': 0.018442571281341594, 'hidden_size': 64, 'signal_len': 16, 'cheb_order': 3, 's': 6.4831251257309095, 'batch_size': 16, 'k': 2}
Trial 5 finished with value 0.125768704 | dataset=nyse | model=ufgtime_plus | val_MSE=0.008496770 | test_MSE=0.017515862 | MAE=0.125768704 | RMSE=0.132347505 | MAPE=77.379453311% | params={'learning_rate': 0.015905979137904862, 'decay_rate': 0.02071900709578835, 'hidden_size': 32, 'signal_len': 16, 'cheb_order': 3, 's': 9.370736158428306, 'batch_size': 128, 'k': 2}
Trial 6 finished with value 0.040357024 | dataset=nyse | model=ufgtime_plus | val_MSE=0.008058314 | test_MSE=0.002740596 | MAE=0.040357024 | RMSE=0.052350698 | MAPE=24.361752994% | params={'learning_rate': 0.029329781611156056, 'decay_rate': 0.0010151762339128028, 'hidden_size': 16, 'signal_len': 16, 'cheb_order': 2, 's': 6.227800276318749, 'batch_size': 128, 'k': 4}
Trial 7 finished with value 0.118313635 | dataset=nyse | model=ufgtime_plus | val_MSE=0.008373837 | test_MSE=0.015773362 | MAE=0.118313635 | RMSE=0.125592048 | MAPE=72.151847914% | params={'learning_rate': 0.034976968973122045, 'decay_rate': 0.014878873173248132, 'hidden_size': 64, 'signal_len': 16, 'cheb_order': 3, 's': 5.56178699914765, 'batch_size': 16, 'k': 2}
Trial 8 finished with value 0.120336047 | dataset=nyse | model=ufgtime_plus | val_MSE=0.008401967 | test_MSE=0.016164232 | MAE=0.120336047 | RMSE=0.127138634 | MAPE=73.672764618% | params={'learning_rate': 0.03301207513925933, 'decay_rate': 0.014510979584450098, 'hidden_size': 16, 'signal_len': 16, 'cheb_order': 2, 's': 6.913487296728489, 'batch_size': 64, 'k': 4}
Trial 9 finished with value 0.140032870 | dataset=nyse | model=ufgtime_plus | val_MSE=0.008468891 | test_MSE=0.021255422 | MAE=0.140032870 | RMSE=0.145792395 | MAPE=86.593901601% | params={'learning_rate': 0.04031163751241383, 'decay_rate': 0.03519739029118291, 'hidden_size': 32, 'signal_len': 8, 'cheb_order': 2, 's': 6.578480122126214, 'batch_size': 32, 'k': 2}
Trial 10 finished with value 0.040545763 | dataset=nyse | model=ufgtime_plus | val_MSE=0.008202665 | test_MSE=0.002744186 | MAE=0.040545763 | RMSE=0.052384982 | MAPE=24.484720329% | params={'learning_rate': 0.047034199581109624, 'decay_rate': 0.0011794268671467987, 'hidden_size': 16, 'signal_len': 8, 'cheb_order': 2, 's': 1.4402165119027721, 'batch_size': 128, 'k': 3}
Trial 11 finished with value 0.044488289 | dataset=nyse | model=ufgtime_plus | val_MSE=0.008492462 | test_MSE=0.003197483 | MAE=0.044488289 | RMSE=0.056546292 | MAPE=26.443846530% | params={'learning_rate': 0.04975582417093499, 'decay_rate': 0.0017508211083609522, 'hidden_size': 16, 'signal_len': 8, 'cheb_order': 2, 's': 1.7143610050113107, 'batch_size': 128, 'k': 3}
Trial 12 finished with value 0.040180233 | dataset=nyse | model=ufgtime_plus | val_MSE=0.006178651 | test_MSE=0.002830428 | MAE=0.040180233 | RMSE=0.053201765 | MAPE=23.925428907% | params={'learning_rate': 0.04869714009298913, 'decay_rate': 0.0002897854365313951, 'hidden_size': 16, 'signal_len': 8, 'cheb_order': 2, 's': 1.802305216578672, 'batch_size': 128, 'k': 3}
Trial 13 finished with value 0.082055069 | dataset=nyse | model=ufgtime_plus | val_MSE=0.008546338 | test_MSE=0.008435799 | MAE=0.082055069 | RMSE=0.091846605 | MAPE=48.859784432% | params={'learning_rate': 0.04144372464067601, 'decay_rate': 0.00842373690475754, 'hidden_size': 16, 'signal_len': 8, 'cheb_order': 2, 's': 8.497611163456178, 'batch_size': 128, 'k': 4}
Trial 14 finished with value 0.084942891 | dataset=nyse | model=ufgtime_plus | val_MSE=0.008456263 | test_MSE=0.009047403 | MAE=0.084942891 | RMSE=0.095117837 | MAPE=50.756844428% | params={'learning_rate': 0.027994710332184605, 'decay_rate': 0.005946602305274062, 'hidden_size': 16, 'signal_len': 16, 'cheb_order': 2, 's': 3.1833889358343272, 'batch_size': 64, 'k': 3}
Trial 15 finished with value 0.077001499 | dataset=nyse | model=ufgtime_plus | val_MSE=0.008603162 | test_MSE=0.007619984 | MAE=0.077001499 | RMSE=0.087292518 | MAPE=45.710278940% | params={'learning_rate': 0.04297857561044917, 'decay_rate': 0.008879865571753052, 'hidden_size': 16, 'signal_len': 8, 'cheb_order': 2, 's': 3.6249098404901403, 'batch_size': 256, 'k': 4}
Trial 16 finished with value 0.140465565 | dataset=nyse | model=ufgtime_plus | val_MSE=0.008431662 | test_MSE=0.021405492 | MAE=0.140465565 | RMSE=0.146306160 | MAPE=86.679810417% | params={'learning_rate': 0.034298970029092386, 'decay_rate': 0.025850959354931504, 'hidden_size': 16, 'signal_len': 16, 'cheb_order': 2, 's': 8.168438756362733, 'batch_size': 128, 'k': 3}
Trial 17 finished with value 0.090033115 | dataset=nyse | model=ufgtime_plus | val_MSE=0.008502128 | test_MSE=0.009808731 | MAE=0.090033115 | RMSE=0.099039038 | MAPE=53.879093934% | params={'learning_rate': 0.022274918142170967, 'decay_rate': 0.010394336877884644, 'hidden_size': 16, 'signal_len': 8, 'cheb_order': 2, 's': 2.363377402499474, 'batch_size': 128, 'k': 3}
Trial 18 finished with value 0.160203703 | dataset=nyse | model=ufgtime_plus | val_MSE=0.008676475 | test_MSE=0.027344479 | MAE=0.160203703 | RMSE=0.165361663 | MAPE=99.529759816% | params={'learning_rate': 0.00944300360722203, 'decay_rate': 0.04810813119811558, 'hidden_size': 16, 'signal_len': 8, 'cheb_order': 2, 's': 5.539445932891156, 'batch_size': 128, 'k': 4}
Trial 19 finished with value 0.046092188 | dataset=nyse | model=ufgtime_plus | val_MSE=0.008207301 | test_MSE=0.003432453 | MAE=0.046092188 | RMSE=0.058587140 | MAPE=27.216970544% | params={'learning_rate': 0.03861540808193825, 'decay_rate': 0.0013346819877777596, 'hidden_size': 32, 'signal_len': 16, 'cheb_order': 2, 's': 4.2007014606167274, 'batch_size': 32, 'k': 3}
Trial 20 finished with value 0.075810183 | dataset=nyse | model=ufgtime_plus | val_MSE=0.008494439 | test_MSE=0.007484771 | MAE=0.075810183 | RMSE=0.086514572 | MAPE=44.865697414% | params={'learning_rate': 0.0452283402533331, 'decay_rate': 0.005476295383562066, 'hidden_size': 16, 'signal_len': 16, 'cheb_order': 2, 's': 8.16184916194451, 'batch_size': 64, 'k': 4}
Trial 21 finished with value 0.103226481 | dataset=nyse | model=ufgtime_plus | val_MSE=0.005030245 | test_MSE=0.014576571 | MAE=0.103226481 | RMSE=0.120733473 | MAPE=64.037816476% | params={'learning_rate': 0.04960997840920161, 'decay_rate': 6.258089299896255e-05, 'hidden_size': 16, 'signal_len': 8, 'cheb_order': 2, 's': 1.118786001564756, 'batch_size': 128, 'k': 3}
Trial 22 finished with value 0.056305816 | dataset=nyse | model=ufgtime_plus | val_MSE=0.008650760 | test_MSE=0.004676299 | MAE=0.056305816 | RMSE=0.068383471 | MAPE=32.982659685% | params={'learning_rate': 0.04552274489102691, 'decay_rate': 0.003832330853971737, 'hidden_size': 16, 'signal_len': 8, 'cheb_order': 2, 's': 2.417693730645558, 'batch_size': 128, 'k': 3}
Trial 23 finished with value 0.096887995 | dataset=nyse | model=ufgtime_plus | val_MSE=0.008481622 | test_MSE=0.011082420 | MAE=0.096887995 | RMSE=0.105273074 | MAPE=58.425944407% | params={'learning_rate': 0.036761926569900766, 'decay_rate': 0.012733680724495355, 'hidden_size': 16, 'signal_len': 8, 'cheb_order': 2, 's': 2.324774286752428, 'batch_size': 128, 'k': 3}
Trial 24 finished with value 0.062200954 | dataset=nyse | model=ufgtime_plus | val_MSE=0.008632969 | test_MSE=0.005458992 | MAE=0.062200954 | RMSE=0.073884990 | MAPE=36.483313150% | params={'learning_rate': 0.04641888183656013, 'decay_rate': 0.005312800115646116, 'hidden_size': 16, 'signal_len': 8, 'cheb_order': 2, 's': 1.3460550088731817, 'batch_size': 128, 'k': 3}
Trial 25 finished with value 0.035972898 | dataset=nyse | model=ufgtime_plus | val_MSE=0.005658797 | test_MSE=0.002753086 | MAE=0.035972898 | RMSE=0.052469857 | MAPE=21.638936313% | params={'learning_rate': 0.02975935396451762, 'decay_rate': 2.8625905535077916e-05, 'hidden_size': 16, 'signal_len': 8, 'cheb_order': 2, 's': 1.9709904402111778, 'batch_size': 256, 'k': 4}
Trial 26 finished with value 0.082930533 | dataset=nyse | model=ufgtime_plus | val_MSE=0.008553401 | test_MSE=0.008593230 | MAE=0.082930533 | RMSE=0.092699674 | MAPE=49.465236393% | params={'learning_rate': 0.03027962045310954, 'decay_rate': 0.008908868149100968, 'hidden_size': 16, 'signal_len': 8, 'cheb_order': 3, 's': 2.804104333364375, 'batch_size': 256, 'k': 4}
Trial 27 finished with value 0.033404815 | dataset=nyse | model=ufgtime_plus | val_MSE=0.006305168 | test_MSE=0.002163557 | MAE=0.033404815 | RMSE=0.046514049 | MAPE=20.699760009% | params={'learning_rate': 0.019230664865099542, 'decay_rate': 7.694735290740806e-05, 'hidden_size': 16, 'signal_len': 8, 'cheb_order': 2, 's': 3.9897849511355874, 'batch_size': 256, 'k': 4}
Trial 28 finished with value 0.097636801 | dataset=nyse | model=ufgtime_plus | val_MSE=0.008486211 | test_MSE=0.011230175 | MAE=0.097636801 | RMSE=0.105972519 | MAPE=58.937776387% | params={'learning_rate': 0.01853614192346708, 'decay_rate': 0.012365681585733432, 'hidden_size': 32, 'signal_len': 8, 'cheb_order': 2, 's': 1.9297313180176914, 'batch_size': 256, 'k': 4}
Trial 29 finished with value 0.140038745 | dataset=nyse | model=ufgtime_plus | val_MSE=0.008441633 | test_MSE=0.021278676 | MAE=0.140038745 | RMSE=0.145872121 | MAPE=86.541782903% | params={'learning_rate': 0.025000930540303848, 'decay_rate': 0.030085918712882645, 'hidden_size': 64, 'signal_len': 8, 'cheb_order': 3, 's': 4.139842347769798, 'batch_size': 256, 'k': 4}
Trial 30 finished with value 0.057714710 | dataset=nyse | model=ufgtime_plus | val_MSE=0.008736292 | test_MSE=0.004829074 | MAE=0.057714710 | RMSE=0.069491542 | MAPE=33.995919043% | params={'learning_rate': 0.010372412099002635, 'decay_rate': 0.005278907271980288, 'hidden_size': 16, 'signal_len': 8, 'cheb_order': 2, 's': 3.702132118016757, 'batch_size': 256, 'k': 4}
Trial 31 finished with value 0.033649292 | dataset=nyse | model=ufgtime_plus | val_MSE=0.006006499 | test_MSE=0.002187101 | MAE=0.033649292 | RMSE=0.046766454 | MAPE=20.794633881% | params={'learning_rate': 0.030504384137914405, 'decay_rate': 0.00014599272497050603, 'hidden_size': 16, 'signal_len': 8, 'cheb_order': 2, 's': 4.838121053684839, 'batch_size': 256, 'k': 4}
Trial 32 finished with value 0.054485799 | dataset=nyse | model=ufgtime_plus | val_MSE=0.008676479 | test_MSE=0.004450155 | MAE=0.054485799 | RMSE=0.066709484 | MAPE=32.078292984% | params={'learning_rate': 0.019926976946762046, 'decay_rate': 0.0037590263579967637, 'hidden_size': 16, 'signal_len': 8, 'cheb_order': 2, 's': 4.646858460053016, 'batch_size': 256, 'k': 4}
Trial 33 finished with value 0.076823309 | dataset=nyse | model=ufgtime_plus | val_MSE=0.008572063 | test_MSE=0.007585015 | MAE=0.076823309 | RMSE=0.087091990 | MAPE=45.483452346% | params={'learning_rate': 0.025939569485031146, 'decay_rate': 0.008037316863740788, 'hidden_size': 16, 'signal_len': 8, 'cheb_order': 2, 's': 5.045631367366066, 'batch_size': 256, 'k': 4}
Trial 34 finished with value 0.087885785 | dataset=nyse | model=ufgtime_plus | val_MSE=0.008893541 | test_MSE=0.009823037 | MAE=0.087885785 | RMSE=0.099111235 | MAPE=51.926873853% | params={'learning_rate': 0.0037301850671084442, 'decay_rate': 0.0037722173625598853, 'hidden_size': 16, 'signal_len': 8, 'cheb_order': 2, 's': 2.735875450813954, 'batch_size': 256, 'k': 4}
Trial 35 finished with value 0.113654836 | dataset=nyse | model=ufgtime_plus | val_MSE=0.005194549 | test_MSE=0.018098737 | MAE=0.113654836 | RMSE=0.134531546 | MAPE=71.098988413% | params={'learning_rate': 0.03102950840652932, 'decay_rate': 7.928820246885492e-05, 'hidden_size': 64, 'signal_len': 8, 'cheb_order': 2, 's': 3.215375665140545, 'batch_size': 256, 'k': 4}
Trial 36 finished with value 0.152033571 | dataset=nyse | model=ufgtime_plus | val_MSE=0.009079779 | test_MSE=0.024993074 | MAE=0.152033571 | RMSE=0.158091979 | MAPE=94.527601884% | params={'learning_rate': 0.015226888658738716, 'decay_rate': 0.039063224735965255, 'hidden_size': 16, 'signal_len': 8, 'cheb_order': 3, 's': 5.74546704174513, 'batch_size': 256, 'k': 4}
Trial 37 finished with value 0.141149861 | dataset=nyse | model=ufgtime_plus | val_MSE=0.008394781 | test_MSE=0.021681427 | MAE=0.141149861 | RMSE=0.147246143 | MAPE=87.122703317% | params={'learning_rate': 0.023189527423799386, 'decay_rate': 0.021585159388805748, 'hidden_size': 32, 'signal_len': 8, 'cheb_order': 2, 's': 4.115101530636564, 'batch_size': 16, 'k': 3}
Trial 38 finished with value 0.115695327 | dataset=nyse | model=ufgtime_plus | val_MSE=0.008423561 | test_MSE=0.015069131 | MAE=0.115695327 | RMSE=0.122756390 | MAPE=70.629032157% | params={'learning_rate': 0.013569043315445926, 'decay_rate': 0.01720918348351132, 'hidden_size': 64, 'signal_len': 8, 'cheb_order': 3, 's': 1.9067322551489942, 'batch_size': 32, 'k': 4}
Trial 39 finished with value 0.090352248 | dataset=nyse | model=ufgtime_plus | val_MSE=0.008577863 | test_MSE=0.009877316 | MAE=0.090352248 | RMSE=0.099384688 | MAPE=54.373041875% | params={'learning_rate': 0.018776592755368193, 'decay_rate': 0.01122961087024019, 'hidden_size': 16, 'signal_len': 8, 'cheb_order': 2, 's': 4.77377060432388, 'batch_size': 256, 'k': 3}
Trial 40 finished with value 0.069723613 | dataset=nyse | model=ufgtime_plus | val_MSE=0.008320822 | test_MSE=0.006795223 | MAE=0.069723613 | RMSE=0.082433143 | MAPE=40.952983513% | params={'learning_rate': 0.032301639176952425, 'decay_rate': 0.0030787813234289967, 'hidden_size': 16, 'signal_len': 8, 'cheb_order': 2, 's': 2.85502922699654, 'batch_size': 16, 'k': 2}
Trial 41 finished with value 0.029892006 | dataset=nyse | model=ufgtime_plus | val_MSE=0.005505559 | test_MSE=0.001773922 | MAE=0.029892006 | RMSE=0.042117952 | MAPE=18.890299540% | params={'learning_rate': 0.028423726797713295, 'decay_rate': 0.0001233710208092805, 'hidden_size': 16, 'signal_len': 16, 'cheb_order': 2, 's': 5.384780312818927, 'batch_size': 256, 'k': 4}
Trial 42 finished with value 0.076022489 | dataset=nyse | model=ufgtime_plus | val_MSE=0.008543588 | test_MSE=0.007515493 | MAE=0.076022489 | RMSE=0.086691945 | MAPE=45.021684147% | params={'learning_rate': 0.027418011836575926, 'decay_rate': 0.006702974558225243, 'hidden_size': 16, 'signal_len': 16, 'cheb_order': 2, 's': 5.210347279553645, 'batch_size': 256, 'k': 4}
Trial 43 finished with value 0.053707655 | dataset=nyse | model=ufgtime_plus | val_MSE=0.008641182 | test_MSE=0.004366800 | MAE=0.053707655 | RMSE=0.066081768 | MAPE=31.497660355% | params={'learning_rate': 0.025149010978398095, 'decay_rate': 0.0032770091830007014, 'hidden_size': 16, 'signal_len': 16, 'cheb_order': 2, 's': 6.978551389863387, 'batch_size': 256, 'k': 4}
Trial 44 finished with value 0.030611317 | dataset=nyse | model=ufgtime_plus | val_MSE=0.005054929 | test_MSE=0.001795075 | MAE=0.030611317 | RMSE=0.042368328 | MAPE=19.379888584% | params={'learning_rate': 0.035534671224274166, 'decay_rate': 4.822237128932711e-05, 'hidden_size': 16, 'signal_len': 16, 'cheb_order': 2, 's': 5.802442154753496, 'batch_size': 256, 'k': 4}
Trial 45 finished with value 0.048614353 | dataset=nyse | model=ufgtime_plus | val_MSE=0.008680022 | test_MSE=0.003705871 | MAE=0.048614353 | RMSE=0.060875866 | MAPE=28.675153656% | params={'learning_rate': 0.03663632894283577, 'decay_rate': 0.0028082902295123386, 'hidden_size': 64, 'signal_len': 16, 'cheb_order': 2, 's': 5.945757514249825, 'batch_size': 256, 'k': 4}
Trial 46 finished with value 0.074357711 | dataset=nyse | model=ufgtime_plus | val_MSE=0.008574464 | test_MSE=0.007231425 | MAE=0.074357711 | RMSE=0.085037783 | MAPE=44.024965030% | params={'learning_rate': 0.028717450372911808, 'decay_rate': 0.007174936550250885, 'hidden_size': 32, 'signal_len': 16, 'cheb_order': 3, 's': 6.242087387636714, 'batch_size': 256, 'k': 4}
Trial 47 finished with value 0.160183650 | dataset=nyse | model=ufgtime_plus | val_MSE=0.008509316 | test_MSE=0.027331949 | MAE=0.160183650 | RMSE=0.165323769 | MAPE=99.420264188% | params={'learning_rate': 0.032912412867539764, 'decay_rate': 0.03284783581138706, 'hidden_size': 16, 'signal_len': 16, 'cheb_order': 2, 's': 5.217451823865858, 'batch_size': 256, 'k': 4}
Trial 48 finished with value 0.050689814 | dataset=nyse | model=ufgtime_plus | val_MSE=0.008476758 | test_MSE=0.004032569 | MAE=0.050689814 | RMSE=0.063502514 | MAPE=29.922628056% | params={'learning_rate': 0.03556899339444279, 'decay_rate': 0.00181583745927112, 'hidden_size': 16, 'signal_len': 16, 'cheb_order': 2, 's': 6.899698299383671, 'batch_size': 256, 'k': 4}
Trial 49 finished with value 0.027722098 | dataset=nyse | model=ufgtime_plus | val_MSE=0.003459850 | test_MSE=0.001774556 | MAE=0.027722098 | RMSE=0.042125478 | MAPE=18.221979404% | params={'learning_rate': 0.022581007321632554, 'decay_rate': 9.761299708487955e-05, 'hidden_size': 16, 'signal_len': 16, 'cheb_order': 2, 's': 4.4155576415917075, 'batch_size': 64, 'k': 4}
Trial 50 finished with value 0.108761597 | dataset=nyse | model=ufgtime_plus | val_MSE=0.008419413 | test_MSE=0.013543063 | MAE=0.108761597 | RMSE=0.116374669 | MAPE=66.138362755% | params={'learning_rate': 0.02229357603043479, 'decay_rate': 0.014261043317145488, 'hidden_size': 16, 'signal_len': 16, 'cheb_order': 2, 's': 7.323566330203743, 'batch_size': 64, 'k': 4}
Trial 51 finished with value 0.026295405 | dataset=nyse | model=ufgtime_plus | val_MSE=0.003346384 | test_MSE=0.001688023 | MAE=0.026295405 | RMSE=0.041085555 | MAPE=17.148826753% | params={'learning_rate': 0.020803601824168814, 'decay_rate': 7.426175235889003e-05, 'hidden_size': 16, 'signal_len': 16, 'cheb_order': 2, 's': 4.437283242461181, 'batch_size': 64, 'k': 4}
Trial 52 finished with value 0.058273547 | dataset=nyse | model=ufgtime_plus | val_MSE=0.008531066 | test_MSE=0.005113471 | MAE=0.058273547 | RMSE=0.071508538 | MAPE=34.324749982% | params={'learning_rate': 0.019291962803881332, 'decay_rate': 0.002491767267981319, 'hidden_size': 16, 'signal_len': 16, 'cheb_order': 2, 's': 4.380174548311751, 'batch_size': 64, 'k': 4}
Trial 53 finished with value 0.082825037 | dataset=nyse | model=ufgtime_plus | val_MSE=0.008459464 | test_MSE=0.008639293 | MAE=0.082825037 | RMSE=0.092947796 | MAPE=49.426654424% | params={'learning_rate': 0.021530406234276364, 'decay_rate': 0.005037003571414778, 'hidden_size': 16, 'signal_len': 16, 'cheb_order': 2, 's': 3.7104270830491997, 'batch_size': 64, 'k': 4}
Trial 54 finished with value 0.093271641 | dataset=nyse | model=ufgtime_plus | val_MSE=0.008483911 | test_MSE=0.010401295 | MAE=0.093271641 | RMSE=0.101986741 | MAPE=56.103752397% | params={'learning_rate': 0.02677622720008648, 'decay_rate': 0.010231858378293301, 'hidden_size': 16, 'signal_len': 16, 'cheb_order': 2, 's': 5.3977312105018616, 'batch_size': 64, 'k': 4}
Trial 55 finished with value 0.174046116 | dataset=nyse | model=ufgtime_plus | val_MSE=0.008625170 | test_MSE=0.031968001 | MAE=0.174046116 | RMSE=0.178795975 | MAPE=108.705756661% | params={'learning_rate': 0.013727673420445145, 'decay_rate': 0.04630780864099884, 'hidden_size': 16, 'signal_len': 16, 'cheb_order': 2, 's': 4.676950085627366, 'batch_size': 64, 'k': 4}
Trial 56 finished with value 0.054556195 | dataset=nyse | model=ufgtime_plus | val_MSE=0.008268971 | test_MSE=0.004636650 | MAE=0.054556195 | RMSE=0.068092952 | MAPE=32.086261917% | params={'learning_rate': 0.023864003293563515, 'decay_rate': 0.0016646990911257872, 'hidden_size': 16, 'signal_len': 16, 'cheb_order': 2, 's': 5.893093215056259, 'batch_size': 64, 'k': 4}
Trial 57 finished with value 0.074063078 | dataset=nyse | model=ufgtime_plus | val_MSE=0.008530683 | test_MSE=0.007242883 | MAE=0.074063078 | RMSE=0.085105130 | MAPE=43.788343369% | params={'learning_rate': 0.01619815076189232, 'decay_rate': 0.005142748721740218, 'hidden_size': 16, 'signal_len': 16, 'cheb_order': 2, 's': 4.858560707353329, 'batch_size': 32, 'k': 4}
Trial 58 finished with value 0.080679608 | dataset=nyse | model=ufgtime_plus | val_MSE=0.008517629 | test_MSE=0.008227559 | MAE=0.080679608 | RMSE=0.090705894 | MAPE=47.864600514% | params={'learning_rate': 0.03904496168054001, 'decay_rate': 0.007033030602584941, 'hidden_size': 32, 'signal_len': 16, 'cheb_order': 2, 's': 4.0271796564820415, 'batch_size': 64, 'k': 4}
