Trial 295 finished with value 0.057133742 | dataset=nyse | model=ufgtime_plus | val_MSE=0.008501086 | test_MSE=0.004833339 | MAE=0.057133742 | RMSE=0.069522217 | MAPE=33.544494263% | params={'learning_rate': 0.027539401014603455, 'decay_rate': 0.002734246360186623, 'hidden_size': 16, 'signal_len': 16, 'cheb_order': 3, 's': 3.268442126282447, 'batch_size': 64, 'k': 4}
Trial 296 finished with value 0.054738072 | dataset=nyse | model=ufgtime_plus | val_MSE=0.008251679 | test_MSE=0.004668358 | MAE=0.054738072 | RMSE=0.068325387 | MAPE=32.170119293% | params={'learning_rate': 0.02620111037802381, 'decay_rate': 0.0016806570901425314, 'hidden_size': 16, 'signal_len': 16, 'cheb_order': 3, 's': 2.95545664234, 'batch_size': 64, 'k': 4}
Trial 297 finished with value 0.128112167 | dataset=nyse | model=ufgtime_plus | val_MSE=0.008402396 | test_MSE=0.018114153 | MAE=0.128112167 | RMSE=0.134588828 | MAPE=78.573769795% | params={'learning_rate': 0.029501984076524553, 'decay_rate': 0.019080857633992514, 'hidden_size': 16, 'signal_len': 16, 'cheb_order': 3, 's': 3.502658905624477, 'batch_size': 64, 'k': 4}
Trial 298 finished with value 0.068574594 | dataset=nyse | model=ufgtime_plus | val_MSE=0.007449183 | test_MSE=0.006547421 | MAE=0.068574594 | RMSE=0.080916138 | MAPE=40.306163057% | params={'learning_rate': 0.031184431168388097, 'decay_rate': 0.0009344533570731277, 'hidden_size': 16, 'signal_len': 16, 'cheb_order': 3, 's': 3.094481735312713, 'batch_size': 16, 'k': 4}
Trial 299 finished with value 0.050898636 | dataset=nyse | model=ufgtime_plus | val_MSE=0.007637675 | test_MSE=0.004187683 | MAE=0.050898636 | RMSE=0.064712309 | MAPE=29.848263187% | params={'learning_rate': 0.027914058962187425, 'decay_rate': 0.0008537744160887651, 'hidden_size': 16, 'signal_len': 16, 'cheb_order': 3, 's': 6.987749100453151, 'batch_size': 64, 'k': 4}
Trial 300 finished with value 0.097062709 | dataset=nyse | model=ufgtime_plus | val_MSE=0.008475369 | test_MSE=0.011125116 | MAE=0.097062709 | RMSE=0.105475667 | MAPE=58.609947837% | params={'learning_rate': 0.026701759402263842, 'decay_rate': 0.011107924051812625, 'hidden_size': 16, 'signal_len': 16, 'cheb_order': 3, 's': 7.39161899295567, 'batch_size': 64, 'k': 3}
Trial 301 finished with value 0.198043644 | dataset=nyse | model=ufgtime_plus | val_MSE=0.004862963 | test_MSE=0.047442636 | MAE=0.198043644 | RMSE=0.217813305 | MAPE=125.250612382% | params={'learning_rate': 0.023992598388881986, 'decay_rate': 6.345170471500148e-05, 'hidden_size': 16, 'signal_len': 16, 'cheb_order': 3, 's': 2.97854677710818, 'batch_size': 128, 'k': 2}
Trial 302 finished with value 0.054814665 | dataset=nyse | model=ufgtime_plus | val_MSE=0.008464702 | test_MSE=0.004463693 | MAE=0.054814665 | RMSE=0.066810877 | MAPE=32.267933868% | params={'learning_rate': 0.02869908666268713, 'decay_rate': 0.0021484184241083067, 'hidden_size': 64, 'signal_len': 16, 'cheb_order': 3, 's': 9.259109003334634, 'batch_size': 64, 'k': 4}
Trial 303 finished with value 0.076056755 | dataset=nyse | model=ufgtime_plus | val_MSE=0.008538102 | test_MSE=0.007536766 | MAE=0.076056755 | RMSE=0.086814552 | MAPE=45.267006168% | params={'learning_rate': 0.025486941869346094, 'decay_rate': 0.003751959755224506, 'hidden_size': 16, 'signal_len': 16, 'cheb_order': 3, 's': 7.549990080768368, 'batch_size': 64, 'k': 4}
Trial 304 finished with value 0.025071414 | dataset=nyse | model=ufgtime_plus | val_MSE=0.003174239 | test_MSE=0.001518710 | MAE=0.025071414 | RMSE=0.038970632 | MAPE=17.092030661% | params={'learning_rate': 0.027649497325662596, 'decay_rate': 3.598644122789128e-05, 'hidden_size': 16, 'signal_len': 16, 'cheb_order': 3, 's': 2.4191731044632876, 'batch_size': 64, 'k': 4}
Trial 305 finished with value 0.027557006 | dataset=nyse | model=ufgtime_plus | val_MSE=0.003190255 | test_MSE=0.001984776 | MAE=0.027557006 | RMSE=0.044550820 | MAPE=18.112393732% | params={'learning_rate': 0.027447269015784433, 'decay_rate': 3.238050321659514e-05, 'hidden_size': 16, 'signal_len': 16, 'cheb_order': 3, 's': 2.3485066166652455, 'batch_size': 64, 'k': 4}
Trial 306 finished with value 0.045312913 | dataset=nyse | model=ufgtime_plus | val_MSE=0.008422240 | test_MSE=0.003313387 | MAE=0.045312913 | RMSE=0.057562028 | MAPE=26.801539027% | params={'learning_rate': 0.029233841247319783, 'decay_rate': 0.0015985997723112673, 'hidden_size': 16, 'signal_len': 16, 'cheb_order': 3, 's': 3.710447570037873, 'batch_size': 128, 'k': 4}
Trial 307 finished with value 0.054549251 | dataset=nyse | model=ufgtime_plus | val_MSE=0.007771909 | test_MSE=0.004640557 | MAE=0.054549251 | RMSE=0.068121633 | MAPE=31.880435691% | params={'learning_rate': 0.028285907115239296, 'decay_rate': 0.001010625019550791, 'hidden_size': 16, 'signal_len': 16, 'cheb_order': 3, 's': 7.147158811393575, 'batch_size': 64, 'k': 4}
Trial 308 finished with value 0.027742369 | dataset=nyse | model=ufgtime_plus | val_MSE=0.003109799 | test_MSE=0.001934183 | MAE=0.027742369 | RMSE=0.043979347 | MAPE=18.544136363% | params={'learning_rate': 0.015812179083954, 'decay_rate': 2.0540941037881662e-05, 'hidden_size': 16, 'signal_len': 16, 'cheb_order': 3, 's': 2.1894894521899557, 'batch_size': 64, 'k': 4}
Trial 309 finished with value 0.067570659 | dataset=nyse | model=ufgtime_plus | val_MSE=0.008455742 | test_MSE=0.006291843 | MAE=0.067570659 | RMSE=0.079321141 | MAPE=39.796010032% | params={'learning_rate': 0.0268557944877894, 'decay_rate': 0.0028218281133587098, 'hidden_size': 16, 'signal_len': 16, 'cheb_order': 3, 's': 8.604129749412731, 'batch_size': 32, 'k': 4}
Trial 310 finished with value 0.047481869 | dataset=nyse | model=ufgtime_plus | val_MSE=0.008332093 | test_MSE=0.003603748 | MAE=0.047481869 | RMSE=0.060031227 | MAPE=28.061619129% | params={'learning_rate': 0.01366723114894347, 'decay_rate': 0.0016260186116947395, 'hidden_size': 16, 'signal_len': 16, 'cheb_order': 3, 's': 2.6827258838622257, 'batch_size': 64, 'k': 4}
Trial 311 finished with value 0.040046278 | dataset=nyse | model=ufgtime_plus | val_MSE=0.007932878 | test_MSE=0.002710324 | MAE=0.040046278 | RMSE=0.052060770 | MAPE=24.144742738% | params={'learning_rate': 0.030135787801804023, 'decay_rate': 0.0009578098927348661, 'hidden_size': 16, 'signal_len': 16, 'cheb_order': 3, 's': 1.978685021740937, 'batch_size': 128, 'k': 4}
Trial 312 finished with value 0.053472417 | dataset=nyse | model=ufgtime_plus | val_MSE=0.008413538 | test_MSE=0.004355596 | MAE=0.053472417 | RMSE=0.065996942 | MAPE=31.383157398% | params={'learning_rate': 0.025806918840246357, 'decay_rate': 0.002134145943255538, 'hidden_size': 16, 'signal_len': 16, 'cheb_order': 3, 's': 2.597101485059912, 'batch_size': 64, 'k': 4}
Trial 313 finished with value 0.026495676 | dataset=nyse | model=ufgtime_plus | val_MSE=0.003020134 | test_MSE=0.001768355 | MAE=0.026495676 | RMSE=0.042051811 | MAPE=17.525156118% | params={'learning_rate': 0.027592443078066315, 'decay_rate': 1.6262561435230413e-05, 'hidden_size': 16, 'signal_len': 16, 'cheb_order': 3, 's': 7.427049590640791, 'batch_size': 64, 'k': 4}
Trial 314 finished with value 0.043001584 | dataset=nyse | model=ufgtime_plus | val_MSE=0.007961605 | test_MSE=0.003060547 | MAE=0.043001584 | RMSE=0.055322209 | MAPE=25.622330204% | params={'learning_rate': 0.026776946332097786, 'decay_rate': 0.0010089469709457643, 'hidden_size': 16, 'signal_len': 8, 'cheb_order': 3, 's': 3.422167719021531, 'batch_size': 64, 'k': 4}
Trial 315 finished with value 0.039300036 | dataset=nyse | model=ufgtime_plus | val_MSE=0.007858079 | test_MSE=0.002628382 | MAE=0.039300036 | RMSE=0.051267752 | MAPE=23.770815909% | params={'learning_rate': 0.02747154148648984, 'decay_rate': 0.0008637097182492993, 'hidden_size': 16, 'signal_len': 16, 'cheb_order': 3, 's': 7.359904705062979, 'batch_size': 128, 'k': 4}
Trial 316 finished with value 0.148505055 | dataset=nyse | model=ufgtime_plus | val_MSE=0.008460855 | test_MSE=0.023719179 | MAE=0.148505055 | RMSE=0.154010320 | MAPE=92.022911657% | params={'learning_rate': 0.025390307218736807, 'decay_rate': 0.031861274286346344, 'hidden_size': 16, 'signal_len': 16, 'cheb_order': 3, 's': 8.088135117930486, 'batch_size': 64, 'k': 4}
Trial 317 finished with value 0.102013653 | dataset=nyse | model=ufgtime_plus | val_MSE=0.003243727 | test_MSE=0.017865066 | MAE=0.102013653 | RMSE=0.133660262 | MAPE=66.277648487% | params={'learning_rate': 0.02464997273666813, 'decay_rate': 2.2146802072632108e-05, 'hidden_size': 32, 'signal_len': 16, 'cheb_order': 3, 's': 7.542275501215248, 'batch_size': 64, 'k': 4}
Trial 318 finished with value 0.054776993 | dataset=nyse | model=ufgtime_plus | val_MSE=0.008608747 | test_MSE=0.004519689 | MAE=0.054776993 | RMSE=0.067228629 | MAPE=32.132388317% | params={'learning_rate': 0.027764211009860946, 'decay_rate': 0.0032534604968202595, 'hidden_size': 16, 'signal_len': 16, 'cheb_order': 3, 's': 1.2082414612349388, 'batch_size': 64, 'k': 4}
Trial 319 finished with value 0.044924167 | dataset=nyse | model=ufgtime_plus | val_MSE=0.008561086 | test_MSE=0.003261888 | MAE=0.044924167 | RMSE=0.057112945 | MAPE=26.776218192% | params={'learning_rate': 0.02626741747603276, 'decay_rate': 0.0019357068372826123, 'hidden_size': 16, 'signal_len': 16, 'cheb_order': 3, 's': 7.784686778099965, 'batch_size': 128, 'k': 4}
Trial 320 finished with value 0.047711291 | dataset=nyse | model=ufgtime_plus | val_MSE=0.007869041 | test_MSE=0.003642936 | MAE=0.047711291 | RMSE=0.060356741 | MAPE=28.030361461% | params={'learning_rate': 0.02828596060565272, 'decay_rate': 0.001033526034389198, 'hidden_size': 16, 'signal_len': 16, 'cheb_order': 3, 's': 2.1781119645642795, 'batch_size': 64, 'k': 4}
Trial 321 finished with value 0.073730662 | dataset=nyse | model=ufgtime_plus | val_MSE=0.008531397 | test_MSE=0.007175757 | MAE=0.073730662 | RMSE=0.084709839 | MAPE=43.835744996% | params={'learning_rate': 0.026804788884650373, 'decay_rate': 0.002502494155102709, 'hidden_size': 16, 'signal_len': 16, 'cheb_order': 3, 's': 7.404497901727668, 'batch_size': 64, 'k': 4}
Trial 322 finished with value 0.029468116 | dataset=nyse | model=ufgtime_plus | val_MSE=0.003201010 | test_MSE=0.002025020 | MAE=0.029468116 | RMSE=0.045000220 | MAPE=19.784532626% | params={'learning_rate': 0.029699294772899988, 'decay_rate': 2.4548808013158582e-05, 'hidden_size': 16, 'signal_len': 16, 'cheb_order': 3, 's': 7.5813508334650965, 'batch_size': 64, 'k': 4}
Trial 323 finished with value 0.072641699 | dataset=nyse | model=ufgtime_plus | val_MSE=0.008061817 | test_MSE=0.007160696 | MAE=0.072641699 | RMSE=0.084620893 | MAPE=42.999164211% | params={'learning_rate': 0.03079144940282497, 'decay_rate': 0.0015632154555674303, 'hidden_size': 16, 'signal_len': 16, 'cheb_order': 3, 's': 7.230716479651359, 'batch_size': 16, 'k': 4}
Trial 324 finished with value 0.043692058 | dataset=nyse | model=ufgtime_plus | val_MSE=0.007831975 | test_MSE=0.003145042 | MAE=0.043692058 | RMSE=0.056080675 | MAPE=25.877230063% | params={'learning_rate': 0.02785635332852084, 'decay_rate': 0.0009385905199378754, 'hidden_size': 64, 'signal_len': 16, 'cheb_order': 3, 's': 7.6748990449612915, 'batch_size': 64, 'k': 4}
Trial 325 finished with value 0.028499710 | dataset=nyse | model=ufgtime_plus | val_MSE=0.003201582 | test_MSE=0.001732278 | MAE=0.028499710 | RMSE=0.041620643 | MAPE=19.064559032% | params={'learning_rate': 0.024842490111883577, 'decay_rate': 1.5512347578148368e-05, 'hidden_size': 16, 'signal_len': 16, 'cheb_order': 3, 's': 7.098872576630521, 'batch_size': 128, 'k': 4}
Trial 326 finished with value 0.055456083 | dataset=nyse | model=ufgtime_plus | val_MSE=0.008293294 | test_MSE=0.004764008 | MAE=0.055456083 | RMSE=0.069021794 | MAPE=32.586889983% | params={'learning_rate': 0.026195163569119058, 'decay_rate': 0.0018136342649813031, 'hidden_size': 16, 'signal_len': 16, 'cheb_order': 3, 's': 7.406669569716991, 'batch_size': 64, 'k': 4}
Trial 327 finished with value 0.028419541 | dataset=nyse | model=ufgtime_plus | val_MSE=0.003085997 | test_MSE=0.001826006 | MAE=0.028419541 | RMSE=0.042731796 | MAPE=19.101043005% | params={'learning_rate': 0.011128131419091799, 'decay_rate': 1.39825555318247e-05, 'hidden_size': 16, 'signal_len': 16, 'cheb_order': 3, 's': 7.958447836655569, 'batch_size': 64, 'k': 4}
Trial 328 finished with value 0.047761351 | dataset=nyse | model=ufgtime_plus | val_MSE=0.007870509 | test_MSE=0.003649080 | MAE=0.047761351 | RMSE=0.060407619 | MAPE=28.056074408% | params={'learning_rate': 0.028521970645615013, 'decay_rate': 0.0010348750454684341, 'hidden_size': 16, 'signal_len': 16, 'cheb_order': 3, 's': 8.148306001455392, 'batch_size': 64, 'k': 4}
Trial 329 finished with value 0.051225221 | dataset=nyse | model=ufgtime_plus | val_MSE=0.008620476 | test_MSE=0.004057489 | MAE=0.051225221 | RMSE=0.063698419 | MAPE=30.082833178% | params={'learning_rate': 0.027552939300518938, 'decay_rate': 0.0027833482611371403, 'hidden_size': 16, 'signal_len': 16, 'cheb_order': 3, 's': 7.7036089233495595, 'batch_size': 128, 'k': 4}
Trial 330 finished with value 0.152825545 | dataset=nyse | model=ufgtime_plus | val_MSE=0.008469539 | test_MSE=0.025030396 | MAE=0.152825545 | RMSE=0.158209973 | MAPE=94.808753466% | params={'learning_rate': 0.029420087763819474, 'decay_rate': 0.03663594954108257, 'hidden_size': 16, 'signal_len': 16, 'cheb_order': 3, 's': 6.976367225578096, 'batch_size': 64, 'k': 4}
Trial 331 finished with value 0.061384439 | dataset=nyse | model=ufgtime_plus | val_MSE=0.008573541 | test_MSE=0.005415689 | MAE=0.061384439 | RMSE=0.073591364 | MAPE=36.040238474% | params={'learning_rate': 0.026180527914425603, 'decay_rate': 0.004053922570869229, 'hidden_size': 16, 'signal_len': 16, 'cheb_order': 3, 's': 7.261298954147978, 'batch_size': 64, 'k': 4}
Trial 332 finished with value 0.051615794 | dataset=nyse | model=ufgtime_plus | val_MSE=0.007747599 | test_MSE=0.004275935 | MAE=0.051615794 | RMSE=0.065390638 | MAPE=30.260693117% | params={'learning_rate': 0.028658279167064888, 'decay_rate': 0.0009521928581690801, 'hidden_size': 16, 'signal_len': 16, 'cheb_order': 3, 's': 6.059785862195674, 'batch_size': 64, 'k': 4}
Trial 333 finished with value 0.050828568 | dataset=nyse | model=ufgtime_plus | val_MSE=0.008480392 | test_MSE=0.003968228 | MAE=0.050828568 | RMSE=0.062993877 | MAPE=30.001142240% | params={'learning_rate': 0.027137036475841075, 'decay_rate': 0.0018832851243391962, 'hidden_size': 16, 'signal_len': 8, 'cheb_order': 3, 's': 1.6797955017556654, 'batch_size': 32, 'k': 4}
Trial 334 finished with value 0.042020604 | dataset=nyse | model=ufgtime_plus | val_MSE=0.007973933 | test_MSE=0.002958051 | MAE=0.042020604 | RMSE=0.054387970 | MAPE=25.129100025% | params={'learning_rate': 0.024902433849685403, 'decay_rate': 0.001020545658550987, 'hidden_size': 16, 'signal_len': 16, 'cheb_order': 3, 's': 7.498973841629354, 'batch_size': 64, 'k': 4}
Trial 335 finished with value 0.026202579 | dataset=nyse | model=ufgtime_plus | val_MSE=0.003105302 | test_MSE=0.001592730 | MAE=0.026202579 | RMSE=0.039909024 | MAPE=17.611687970% | params={'learning_rate': 0.030493738864050945, 'decay_rate': 2.9545072976765946e-05, 'hidden_size': 16, 'signal_len': 16, 'cheb_order': 3, 's': 7.888072966554381, 'batch_size': 128, 'k': 4}
Trial 336 finished with value 0.051860016 | dataset=nyse | model=ufgtime_plus | val_MSE=0.008585006 | test_MSE=0.004114355 | MAE=0.051860016 | RMSE=0.064143235 | MAPE=30.372974029% | params={'learning_rate': 0.030536338006519836, 'decay_rate': 0.002432418461876344, 'hidden_size': 16, 'signal_len': 16, 'cheb_order': 3, 's': 8.296721435578451, 'batch_size': 128, 'k': 4}
Trial 337 finished with value 0.026211937 | dataset=nyse | model=ufgtime_plus | val_MSE=0.003123696 | test_MSE=0.001786835 | MAE=0.026211937 | RMSE=0.042270967 | MAPE=17.348058114% | params={'learning_rate': 0.031578579086963106, 'decay_rate': 1.9020518258626658e-05, 'hidden_size': 16, 'signal_len': 16, 'cheb_order': 3, 's': 2.5406312207230455, 'batch_size': 128, 'k': 4}
Trial 338 finished with value 0.040888424 | dataset=nyse | model=ufgtime_plus | val_MSE=0.008045664 | test_MSE=0.002792177 | MAE=0.040888424 | RMSE=0.052841055 | MAPE=24.557354031% | params={'learning_rate': 0.03444200008994697, 'decay_rate': 0.0009979795769217623, 'hidden_size': 16, 'signal_len': 16, 'cheb_order': 3, 's': 2.5207825546512717, 'batch_size': 128, 'k': 4}
Trial 339 finished with value 0.043575561 | dataset=nyse | model=ufgtime_plus | val_MSE=0.008498094 | test_MSE=0.003100851 | MAE=0.043575561 | RMSE=0.055685286 | MAPE=26.016723389% | params={'learning_rate': 0.031338516256762844, 'decay_rate': 0.0017523690868783757, 'hidden_size': 32, 'signal_len': 16, 'cheb_order': 3, 's': 2.9083549288860615, 'batch_size': 128, 'k': 4}
Trial 340 finished with value 0.040417833 | dataset=nyse | model=ufgtime_plus | val_MSE=0.007900959 | test_MSE=0.002754508 | MAE=0.040417833 | RMSE=0.052483409 | MAPE=24.301623102% | params={'learning_rate': 0.033360559557016195, 'decay_rate': 0.0009279099142696229, 'hidden_size': 16, 'signal_len': 16, 'cheb_order': 3, 's': 2.560426882181143, 'batch_size': 128, 'k': 4}
Trial 341 finished with value 0.054891019 | dataset=nyse | model=ufgtime_plus | val_MSE=0.008597424 | test_MSE=0.004517189 | MAE=0.054891019 | RMSE=0.067210033 | MAPE=32.217724232% | params={'learning_rate': 0.032158186910937504, 'decay_rate': 0.0032111070571084694, 'hidden_size': 16, 'signal_len': 16, 'cheb_order': 3, 's': 2.2460242538521076, 'batch_size': 128, 'k': 4}
Trial 342 finished with value 0.031071605 | dataset=nyse | model=ufgtime_plus | val_MSE=0.003164513 | test_MSE=0.002039563 | MAE=0.031071605 | RMSE=0.045161516 | MAPE=21.019980519% | params={'learning_rate': 0.025601949046726035, 'decay_rate': 3.820831821389284e-05, 'hidden_size': 16, 'signal_len': 16, 'cheb_order': 3, 's': 7.064701059355868, 'batch_size': 128, 'k': 4}
Trial 343 finished with value 0.043658689 | dataset=nyse | model=ufgtime_plus | val_MSE=0.008528952 | test_MSE=0.003104823 | MAE=0.043658689 | RMSE=0.055720939 | MAPE=26.068808219% | params={'learning_rate': 0.02681307729208725, 'decay_rate': 0.0017960439543704362, 'hidden_size': 16, 'signal_len': 16, 'cheb_order': 3, 's': 6.627925393133063, 'batch_size': 128, 'k': 4}
Trial 344 finished with value 0.039021470 | dataset=nyse | model=ufgtime_plus | val_MSE=0.008021555 | test_MSE=0.002585915 | MAE=0.039021470 | RMSE=0.050851895 | MAPE=23.718520796% | params={'learning_rate': 0.02388819859015027, 'decay_rate': 0.0009636799973955286, 'hidden_size': 16, 'signal_len': 16, 'cheb_order': 3, 's': 2.7622380307577434, 'batch_size': 128, 'k': 4}
Trial 345 finished with value 0.050328061 | dataset=nyse | model=ufgtime_plus | val_MSE=0.008573271 | test_MSE=0.003936271 | MAE=0.050328061 | RMSE=0.062739706 | MAPE=29.600224814% | params={'learning_rate': 0.03262290354987088, 'decay_rate': 0.0025541621935827557, 'hidden_size': 16, 'signal_len': 16, 'cheb_order': 3, 's': 6.470015056761971, 'batch_size': 128, 'k': 4}
Trial 346 finished with value 0.031192196 | dataset=nyse | model=ufgtime_plus | val_MSE=0.003353234 | test_MSE=0.001990846 | MAE=0.031192196 | RMSE=0.044618892 | MAPE=20.403992658% | params={'learning_rate': 0.027818935287616836, 'decay_rate': 3.0855507452167765e-05, 'hidden_size': 16, 'signal_len': 16, 'cheb_order': 3, 's': 2.3782291135403075, 'batch_size': 128, 'k': 3}
Trial 347 finished with value 0.038579571 | dataset=nyse | model=ufgtime_plus | val_MSE=0.008047177 | test_MSE=0.002531796 | MAE=0.038579571 | RMSE=0.050316951 | MAPE=23.507872388% | params={'learning_rate': 0.03112108489954206, 'decay_rate': 0.0010163949048821272, 'hidden_size': 64, 'signal_len': 16, 'cheb_order': 3, 's': 2.09805489764384, 'batch_size': 128, 'k': 4}
Trial 348 finished with value 0.066342974 | dataset=nyse | model=ufgtime_plus | val_MSE=0.008592595 | test_MSE=0.006077053 | MAE=0.066342974 | RMSE=0.077955454 | MAPE=39.066407171% | params={'learning_rate': 0.026239671834749595, 'decay_rate': 0.004832418083038214, 'hidden_size': 16, 'signal_len': 16, 'cheb_order': 3, 's': 6.880788782276671, 'batch_size': 128, 'k': 4}
Trial 349 finished with value 0.048957906 | dataset=nyse | model=ufgtime_plus | val_MSE=0.008542165 | test_MSE=0.003785857 | MAE=0.048957906 | RMSE=0.061529322 | MAPE=28.934797238% | params={'learning_rate': 0.025076156715025038, 'decay_rate': 0.0020786687061327604, 'hidden_size': 16, 'signal_len': 16, 'cheb_order': 3, 's': 7.2466191682467125, 'batch_size': 128, 'k': 4}
Trial 350 finished with value 0.040249934 | dataset=nyse | model=ufgtime_plus | val_MSE=0.007955103 | test_MSE=0.002741942 | MAE=0.040249934 | RMSE=0.052363557 | MAPE=24.273048961% | params={'learning_rate': 0.03590656792283786, 'decay_rate': 0.0009672234480224231, 'hidden_size': 16, 'signal_len': 16, 'cheb_order': 3, 's': 3.2816381567267086, 'batch_size': 128, 'k': 4}
Trial 351 finished with value 0.056531327 | dataset=nyse | model=ufgtime_plus | val_MSE=0.007598052 | test_MSE=0.004907627 | MAE=0.056531327 | RMSE=0.070054460 | MAPE=33.222864619% | params={'learning_rate': 0.028274192859092596, 'decay_rate': 0.0008677277630971779, 'hidden_size': 16, 'signal_len': 16, 'cheb_order': 3, 's': 7.112326645635422, 'batch_size': 16, 'k': 4}
Trial 352 finished with value 0.027337513 | dataset=nyse | model=ufgtime_plus | val_MSE=0.003196388 | test_MSE=0.001865162 | MAE=0.027337513 | RMSE=0.043187527 | MAPE=18.024603513% | params={'learning_rate': 0.030129461058962193, 'decay_rate': 5.318722269044133e-05, 'hidden_size': 16, 'signal_len': 16, 'cheb_order': 3, 's': 2.445906095031358, 'batch_size': 128, 'k': 4}
Trial 353 finished with value 0.043745283 | dataset=nyse | model=ufgtime_plus | val_MSE=0.008495845 | test_MSE=0.003122890 | MAE=0.043745283 | RMSE=0.055882826 | MAPE=26.121047994% | params={'learning_rate': 0.02733641947479373, 'decay_rate': 0.0017962832254490454, 'hidden_size': 16, 'signal_len': 8, 'cheb_order': 3, 's': 7.38379692795548, 'batch_size': 128, 'k': 4}
