Trial 354 finished with value 0.082696554 | dataset=nyse | model=ufgtime_plus | val_MSE=0.008511548 | test_MSE=0.008585799 | MAE=0.082696554 | RMSE=0.092659587 | MAPE=49.168709139% | params={'learning_rate': 0.023007651334065477, 'decay_rate': 0.009371044079256718, 'hidden_size': 16, 'signal_len': 16, 'cheb_order': 3, 's': 7.938226955132867, 'batch_size': 64, 'k': 4}
Trial 355 finished with value 0.065910637 | dataset=nyse | model=ufgtime_plus | val_MSE=0.008422575 | test_MSE=0.006213129 | MAE=0.065910637 | RMSE=0.078823401 | MAPE=38.616668168% | params={'learning_rate': 0.03766867050428186, 'decay_rate': 0.003458318338165559, 'hidden_size': 16, 'signal_len': 16, 'cheb_order': 3, 's': 8.460213230018482, 'batch_size': 64, 'k': 2}
Trial 356 finished with value 0.047190843 | dataset=nyse | model=ufgtime_plus | val_MSE=0.007718073 | test_MSE=0.003617257 | MAE=0.047190843 | RMSE=0.060143637 | MAPE=27.837416389% | params={'learning_rate': 0.03940142241923035, 'decay_rate': 0.0008579832194425321, 'hidden_size': 16, 'signal_len': 16, 'cheb_order': 3, 's': 6.712088305523824, 'batch_size': 64, 'k': 4}
Trial 357 finished with value 0.045602948 | dataset=nyse | model=ufgtime_plus | val_MSE=0.008514188 | test_MSE=0.003359973 | MAE=0.045602948 | RMSE=0.057965277 | MAPE=27.127283518% | params={'learning_rate': 0.025933084503377998, 'decay_rate': 0.0017643908689259882, 'hidden_size': 16, 'signal_len': 16, 'cheb_order': 3, 's': 6.9658798016962855, 'batch_size': 128, 'k': 4}
Trial 358 finished with value 0.027080221 | dataset=nyse | model=ufgtime_plus | val_MSE=0.003057858 | test_MSE=0.001650874 | MAE=0.027080221 | RMSE=0.040630953 | MAPE=18.352933080% | params={'learning_rate': 0.02876258034538679, 'decay_rate': 1.9389629745562738e-05, 'hidden_size': 16, 'signal_len': 16, 'cheb_order': 3, 's': 7.547716627234189, 'batch_size': 64, 'k': 4}
Trial 359 finished with value 0.026518682 | dataset=nyse | model=ufgtime_plus | val_MSE=0.003160645 | test_MSE=0.001575992 | MAE=0.026518682 | RMSE=0.039698764 | MAPE=18.039886231% | params={'learning_rate': 0.029010202462726994, 'decay_rate': 2.1731325295127497e-05, 'hidden_size': 16, 'signal_len': 16, 'cheb_order': 3, 's': 2.0172633138117746, 'batch_size': 32, 'k': 4}
Trial 360 finished with value 0.052500198 | dataset=nyse | model=ufgtime_plus | val_MSE=0.008591730 | test_MSE=0.004194961 | MAE=0.052500198 | RMSE=0.064768519 | MAPE=30.737666722% | params={'learning_rate': 0.030576408611734954, 'decay_rate': 0.002531185610578583, 'hidden_size': 16, 'signal_len': 16, 'cheb_order': 3, 's': 2.4089171848744018, 'batch_size': 128, 'k': 4}
Trial 361 finished with value 0.042840028 | dataset=nyse | model=ufgtime_plus | val_MSE=0.008105531 | test_MSE=0.003025745 | MAE=0.042840028 | RMSE=0.055006775 | MAPE=25.475154055% | params={'learning_rate': 0.02963156885251167, 'decay_rate': 0.0011592156992033698, 'hidden_size': 16, 'signal_len': 16, 'cheb_order': 3, 's': 1.6127826980009985, 'batch_size': 32, 'k': 4}
Trial 362 finished with value 0.043415973 | dataset=nyse | model=ufgtime_plus | val_MSE=0.007780307 | test_MSE=0.003136080 | MAE=0.043415973 | RMSE=0.056000718 | MAPE=25.735670798% | params={'learning_rate': 0.027265967632278964, 'decay_rate': 0.0008576267743941679, 'hidden_size': 32, 'signal_len': 16, 'cheb_order': 3, 's': 1.82226382078604, 'batch_size': 32, 'k': 4}
Trial 363 finished with value 0.049635554 | dataset=nyse | model=ufgtime_plus | val_MSE=0.008444874 | test_MSE=0.003842665 | MAE=0.049635554 | RMSE=0.061989229 | MAPE=29.069299103% | params={'learning_rate': 0.028617796355651863, 'decay_rate': 0.0018014150906222636, 'hidden_size': 16, 'signal_len': 16, 'cheb_order': 3, 's': 1.9517004243546217, 'batch_size': 32, 'k': 4}
Trial 364 finished with value 0.036087003 | dataset=nyse | model=ufgtime_plus | val_MSE=0.004422283 | test_MSE=0.002474295 | MAE=0.036087003 | RMSE=0.049742281 | MAPE=21.823258120% | params={'learning_rate': 0.031574237831567493, 'decay_rate': 7.622952361288622e-05, 'hidden_size': 16, 'signal_len': 16, 'cheb_order': 3, 's': 2.6110727280574406, 'batch_size': 32, 'k': 4}
Trial 365 finished with value 0.061895746 | dataset=nyse | model=ufgtime_plus | val_MSE=0.008494550 | test_MSE=0.005477707 | MAE=0.061895746 | RMSE=0.074011535 | MAPE=36.392462832% | params={'learning_rate': 0.026631507405325997, 'decay_rate': 0.002918326675591541, 'hidden_size': 16, 'signal_len': 16, 'cheb_order': 3, 's': 1.9549382085116866, 'batch_size': 32, 'k': 4}
Trial 366 finished with value 0.028432250 | dataset=nyse | model=ufgtime_plus | val_MSE=0.003053536 | test_MSE=0.001912107 | MAE=0.028432250 | RMSE=0.043727648 | MAPE=18.622650553% | params={'learning_rate': 0.027883071995494092, 'decay_rate': 1.4884068841576405e-05, 'hidden_size': 16, 'signal_len': 16, 'cheb_order': 3, 's': 3.0190313856388302, 'batch_size': 32, 'k': 4}
Trial 367 finished with value 0.047283985 | dataset=nyse | model=ufgtime_plus | val_MSE=0.008385641 | test_MSE=0.003590773 | MAE=0.047283985 | RMSE=0.059923061 | MAPE=27.983494564% | params={'learning_rate': 0.028758094155023478, 'decay_rate': 0.0016300395501791787, 'hidden_size': 16, 'signal_len': 16, 'cheb_order': 3, 's': 8.099318576190434, 'batch_size': 32, 'k': 4}
Trial 368 finished with value 0.039279559 | dataset=nyse | model=ufgtime_plus | val_MSE=0.008084886 | test_MSE=0.002611053 | MAE=0.039279559 | RMSE=0.051098461 | MAPE=23.852486619% | params={'learning_rate': 0.024630502805642385, 'decay_rate': 0.0010326209207556318, 'hidden_size': 16, 'signal_len': 16, 'cheb_order': 3, 's': 6.537011344226615, 'batch_size': 128, 'k': 4}
Trial 369 finished with value 0.047616749 | dataset=nyse | model=ufgtime_plus | val_MSE=0.007699292 | test_MSE=0.003636227 | MAE=0.047616749 | RMSE=0.060301135 | MAPE=27.927232075% | params={'learning_rate': 0.029972556598688072, 'decay_rate': 0.0008939159986989878, 'hidden_size': 16, 'signal_len': 16, 'cheb_order': 3, 's': 6.931048620781043, 'batch_size': 64, 'k': 4}
Trial 370 finished with value 0.045766941 | dataset=nyse | model=ufgtime_plus | val_MSE=0.008613327 | test_MSE=0.003360941 | MAE=0.045766941 | RMSE=0.057973621 | MAPE=27.173705827% | params={'learning_rate': 0.025542763084499036, 'decay_rate': 0.002335541498387245, 'hidden_size': 64, 'signal_len': 16, 'cheb_order': 3, 's': 2.0465436858376678, 'batch_size': 128, 'k': 4}
Trial 371 finished with value 0.046053837 | dataset=nyse | model=ufgtime_plus | val_MSE=0.007602600 | test_MSE=0.003470544 | MAE=0.046053837 | RMSE=0.058911325 | MAPE=27.027962151% | params={'learning_rate': 0.027108952673064166, 'decay_rate': 0.0008251750473155816, 'hidden_size': 16, 'signal_len': 16, 'cheb_order': 3, 's': 2.1873549353874, 'batch_size': 64, 'k': 4}
Trial 372 finished with value 0.061787912 | dataset=nyse | model=ufgtime_plus | val_MSE=0.008567878 | test_MSE=0.005468487 | MAE=0.061787912 | RMSE=0.073949221 | MAPE=36.232529835% | params={'learning_rate': 0.029174765812024828, 'decay_rate': 0.004053391151503807, 'hidden_size': 16, 'signal_len': 16, 'cheb_order': 3, 's': 6.756901702804096, 'batch_size': 64, 'k': 4}
Trial 373 finished with value 0.125418876 | dataset=nyse | model=ufgtime_plus | val_MSE=0.008441152 | test_MSE=0.017420541 | MAE=0.125418876 | RMSE=0.131986899 | MAPE=77.070762595% | params={'learning_rate': 0.027774152794410346, 'decay_rate': 0.02106381616196319, 'hidden_size': 16, 'signal_len': 8, 'cheb_order': 3, 's': 7.192342776911713, 'batch_size': 128, 'k': 4}
Trial 374 finished with value 0.054817471 | dataset=nyse | model=ufgtime_plus | val_MSE=0.008257959 | test_MSE=0.004677924 | MAE=0.054817471 | RMSE=0.068395352 | MAPE=32.217717589% | params={'learning_rate': 0.025924620570475447, 'decay_rate': 0.001693255553653931, 'hidden_size': 16, 'signal_len': 16, 'cheb_order': 3, 's': 2.823964042543286, 'batch_size': 64, 'k': 4}
Trial 375 finished with value 0.025638626 | dataset=nyse | model=ufgtime_plus | val_MSE=0.003068009 | test_MSE=0.001625121 | MAE=0.025638626 | RMSE=0.040312789 | MAPE=17.157817731% | params={'learning_rate': 0.030670423204507555, 'decay_rate': 1.584843806376813e-05, 'hidden_size': 16, 'signal_len': 16, 'cheb_order': 3, 's': 7.914920631470289, 'batch_size': 64, 'k': 4}
Trial 376 finished with value 0.060512001 | dataset=nyse | model=ufgtime_plus | val_MSE=0.004948793 | test_MSE=0.005979310 | MAE=0.060512001 | RMSE=0.077325998 | MAPE=35.506345654% | params={'learning_rate': 0.03239376123281298, 'decay_rate': 5.206312434128349e-05, 'hidden_size': 16, 'signal_len': 16, 'cheb_order': 3, 's': 7.85678389164738, 'batch_size': 16, 'k': 4}
Trial 377 finished with value 0.026548405 | dataset=nyse | model=ufgtime_plus | val_MSE=0.003082062 | test_MSE=0.001775795 | MAE=0.026548405 | RMSE=0.042140188 | MAPE=17.508327653% | params={'learning_rate': 0.031061105995360466, 'decay_rate': 1.7046719282228104e-05, 'hidden_size': 16, 'signal_len': 16, 'cheb_order': 3, 's': 8.155675935417943, 'batch_size': 64, 'k': 4}
Trial 378 finished with value 0.052826853 | dataset=nyse | model=ufgtime_plus | val_MSE=0.008618732 | test_MSE=0.004287423 | MAE=0.052826853 | RMSE=0.065478416 | MAPE=31.152972033% | params={'learning_rate': 0.031536183485287514, 'decay_rate': 0.0025702181543982737, 'hidden_size': 16, 'signal_len': 16, 'cheb_order': 3, 's': 8.244895673473856, 'batch_size': 128, 'k': 4}
Trial 379 finished with value 0.052315087 | dataset=nyse | model=ufgtime_plus | val_MSE=0.008276658 | test_MSE=0.004210465 | MAE=0.052315087 | RMSE=0.064888096 | MAPE=30.637286871% | params={'learning_rate': 0.030838344895974416, 'decay_rate': 0.001637338626971918, 'hidden_size': 16, 'signal_len': 16, 'cheb_order': 3, 's': 8.15321055407415, 'batch_size': 64, 'k': 4}
Trial 380 finished with value 0.026886909 | dataset=nyse | model=ufgtime_plus | val_MSE=0.003192172 | test_MSE=0.001597283 | MAE=0.026886909 | RMSE=0.039966022 | MAPE=18.364939454% | params={'learning_rate': 0.03255011631835889, 'decay_rate': 2.8907119802224852e-05, 'hidden_size': 16, 'signal_len': 16, 'cheb_order': 3, 's': 7.9965784116725604, 'batch_size': 64, 'k': 4}
Trial 381 finished with value 0.045822502 | dataset=nyse | model=ufgtime_plus | val_MSE=0.007879865 | test_MSE=0.003414380 | MAE=0.045822502 | RMSE=0.058432693 | MAPE=27.015305549% | params={'learning_rate': 0.030815737360116432, 'decay_rate': 0.0009764293520822036, 'hidden_size': 16, 'signal_len': 16, 'cheb_order': 2, 's': 8.522984239384934, 'batch_size': 64, 'k': 4}
Trial 382 finished with value 0.046796945 | dataset=nyse | model=ufgtime_plus | val_MSE=0.008450598 | test_MSE=0.003511177 | MAE=0.046796945 | RMSE=0.059255185 | MAPE=27.660260141% | params={'learning_rate': 0.0317194779406726, 'decay_rate': 0.0017256235295520959, 'hidden_size': 16, 'signal_len': 16, 'cheb_order': 3, 's': 8.421514420616163, 'batch_size': 128, 'k': 4}
Trial 383 finished with value 0.054779533 | dataset=nyse | model=ufgtime_plus | val_MSE=0.008612879 | test_MSE=0.004525966 | MAE=0.054779533 | RMSE=0.067275304 | MAPE=32.156584857% | params={'learning_rate': 0.017503783521869085, 'decay_rate': 0.003344276050741117, 'hidden_size': 16, 'signal_len': 16, 'cheb_order': 3, 's': 8.056872749560153, 'batch_size': 32, 'k': 4}
Trial 384 finished with value 0.040480743 | dataset=nyse | model=ufgtime_plus | val_MSE=0.007728486 | test_MSE=0.002785463 | MAE=0.040480743 | RMSE=0.052777489 | MAPE=24.308609258% | params={'learning_rate': 0.03298528452673882, 'decay_rate': 0.0008324386575775489, 'hidden_size': 16, 'signal_len': 16, 'cheb_order': 3, 's': 8.278436364044488, 'batch_size': 64, 'k': 4}
Trial 385 finished with value 0.039350390 | dataset=nyse | model=ufgtime_plus | val_MSE=0.005026779 | test_MSE=0.002998801 | MAE=0.039350390 | RMSE=0.054761308 | MAPE=23.835059241% | params={'learning_rate': 0.030092740008571275, 'decay_rate': 2.330993786866717e-05, 'hidden_size': 32, 'signal_len': 16, 'cheb_order': 3, 's': 7.699906178355471, 'batch_size': 64, 'k': 4}
Trial 386 finished with value 0.050864760 | dataset=nyse | model=ufgtime_plus | val_MSE=0.008572542 | test_MSE=0.003989028 | MAE=0.050864760 | RMSE=0.063158754 | MAPE=29.811477243% | params={'learning_rate': 0.030206789784676703, 'decay_rate': 0.002278424999854146, 'hidden_size': 16, 'signal_len': 16, 'cheb_order': 3, 's': 7.880985645312306, 'batch_size': 128, 'k': 4}
Trial 387 finished with value 0.043120795 | dataset=nyse | model=ufgtime_plus | val_MSE=0.008198825 | test_MSE=0.003065049 | MAE=0.043120795 | RMSE=0.055362881 | MAPE=25.687379572% | params={'learning_rate': 0.029429485986737898, 'decay_rate': 0.0012488822013520407, 'hidden_size': 16, 'signal_len': 16, 'cheb_order': 3, 's': 6.350504069684538, 'batch_size': 64, 'k': 4}
Trial 388 finished with value 0.042536947 | dataset=nyse | model=ufgtime_plus | val_MSE=0.007714338 | test_MSE=0.002994030 | MAE=0.042536947 | RMSE=0.054717732 | MAPE=25.340506699% | params={'learning_rate': 0.023945715216684166, 'decay_rate': 0.0008522643036248562, 'hidden_size': 16, 'signal_len': 16, 'cheb_order': 3, 's': 7.04238532801982, 'batch_size': 64, 'k': 3}
Trial 389 finished with value 0.043876427 | dataset=nyse | model=ufgtime_plus | val_MSE=0.008471294 | test_MSE=0.003133290 | MAE=0.043876427 | RMSE=0.055975797 | MAPE=26.142447401% | params={'learning_rate': 0.03149845403827982, 'decay_rate': 0.0017085259538061203, 'hidden_size': 16, 'signal_len': 16, 'cheb_order': 3, 's': 6.583089022934185, 'batch_size': 128, 'k': 4}
Trial 390 finished with value 0.060419438 | dataset=nyse | model=ufgtime_plus | val_MSE=0.008543014 | test_MSE=0.005235996 | MAE=0.060419438 | RMSE=0.072360182 | MAPE=35.549765724% | params={'learning_rate': 0.03395596622572841, 'decay_rate': 0.0028785371363143917, 'hidden_size': 16, 'signal_len': 16, 'cheb_order': 3, 's': 6.80362325878516, 'batch_size': 64, 'k': 4}
Trial 391 finished with value 0.026336467 | dataset=nyse | model=ufgtime_plus | val_MSE=0.003170323 | test_MSE=0.001653817 | MAE=0.026336467 | RMSE=0.040667148 | MAPE=17.939483564% | params={'learning_rate': 0.028723194026444708, 'decay_rate': 3.291539089231531e-05, 'hidden_size': 16, 'signal_len': 16, 'cheb_order': 3, 's': 8.046424815228923, 'batch_size': 64, 'k': 4}
Trial 392 finished with value 0.025028204 | dataset=nyse | model=ufgtime_plus | val_MSE=0.003047728 | test_MSE=0.001596279 | MAE=0.025028204 | RMSE=0.039953454 | MAPE=16.730885006% | params={'learning_rate': 0.030674838483314, 'decay_rate': 1.7564477601150177e-05, 'hidden_size': 16, 'signal_len': 16, 'cheb_order': 2, 's': 8.335464498795433, 'batch_size': 64, 'k': 4}
Trial 393 finished with value 0.039855885 | dataset=nyse | model=ufgtime_plus | val_MSE=0.007948392 | test_MSE=0.002676776 | MAE=0.039855885 | RMSE=0.051737564 | MAPE=24.018682477% | params={'learning_rate': 0.03234456574516038, 'decay_rate': 0.0009543138954792408, 'hidden_size': 64, 'signal_len': 8, 'cheb_order': 2, 's': 8.804088063879227, 'batch_size': 128, 'k': 4}
Trial 394 finished with value 0.057533450 | dataset=nyse | model=ufgtime_plus | val_MSE=0.008222431 | test_MSE=0.004971274 | MAE=0.057533450 | RMSE=0.070507261 | MAPE=33.680465276% | params={'learning_rate': 0.030851638466335766, 'decay_rate': 0.0014967034473942421, 'hidden_size': 16, 'signal_len': 16, 'cheb_order': 2, 's': 8.663343628967038, 'batch_size': 64, 'k': 4}
Trial 395 finished with value 0.041565428 | dataset=nyse | model=ufgtime_plus | val_MSE=0.007894665 | test_MSE=0.002893510 | MAE=0.041565428 | RMSE=0.053791360 | MAPE=24.820853105% | params={'learning_rate': 0.014707473827513907, 'decay_rate': 0.0009473173158176195, 'hidden_size': 16, 'signal_len': 16, 'cheb_order': 2, 's': 8.308986743768697, 'batch_size': 64, 'k': 4}
Trial 396 finished with value 0.049451498 | dataset=nyse | model=ufgtime_plus | val_MSE=0.008570354 | test_MSE=0.003844462 | MAE=0.049451498 | RMSE=0.062003723 | MAPE=29.158110301% | params={'learning_rate': 0.029784506622173124, 'decay_rate': 0.0024036172952804093, 'hidden_size': 16, 'signal_len': 16, 'cheb_order': 2, 's': 8.436972216529256, 'batch_size': 128, 'k': 4}
Trial 397 finished with value 0.027045145 | dataset=nyse | model=ufgtime_plus | val_MSE=0.003237904 | test_MSE=0.001738544 | MAE=0.027045145 | RMSE=0.041695852 | MAPE=17.729814087% | params={'learning_rate': 0.03175097331687328, 'decay_rate': 3.80297881028328e-05, 'hidden_size': 16, 'signal_len': 16, 'cheb_order': 2, 's': 8.167555531673862, 'batch_size': 64, 'k': 4}
Trial 398 finished with value 0.029664820 | dataset=nyse | model=ufgtime_plus | val_MSE=0.003186835 | test_MSE=0.002021323 | MAE=0.029664820 | RMSE=0.044959123 | MAPE=19.414387753% | params={'learning_rate': 0.033585685661953975, 'decay_rate': 3.411581849208797e-05, 'hidden_size': 16, 'signal_len': 16, 'cheb_order': 2, 's': 8.047926427848434, 'batch_size': 64, 'k': 4}
Trial 399 finished with value 0.055120576 | dataset=nyse | model=ufgtime_plus | val_MSE=0.008385267 | test_MSE=0.004507582 | MAE=0.055120576 | RMSE=0.067138530 | MAPE=32.468780482% | params={'learning_rate': 0.03050648206058267, 'decay_rate': 0.001918412237785672, 'hidden_size': 16, 'signal_len': 16, 'cheb_order': 2, 's': 8.338813852801628, 'batch_size': 32, 'k': 4}
Trial 400 finished with value 0.063832693 | dataset=nyse | model=ufgtime_plus | val_MSE=0.008584557 | test_MSE=0.005728278 | MAE=0.063832693 | RMSE=0.075685389 | MAPE=37.622719590% | params={'learning_rate': 0.026631763763554188, 'decay_rate': 0.0038883872602072434, 'hidden_size': 16, 'signal_len': 16, 'cheb_order': 3, 's': 8.55687294561547, 'batch_size': 64, 'k': 4}
Trial 401 finished with value 0.040031938 | dataset=nyse | model=ufgtime_plus | val_MSE=0.007993503 | test_MSE=0.002714004 | MAE=0.040031938 | RMSE=0.052096103 | MAPE=24.215564982% | params={'learning_rate': 0.02477784925856056, 'decay_rate': 0.0009517995062901112, 'hidden_size': 16, 'signal_len': 16, 'cheb_order': 2, 's': 8.18399492939957, 'batch_size': 128, 'k': 4}
Trial 402 finished with value 0.047844681 | dataset=nyse | model=ufgtime_plus | val_MSE=0.007890400 | test_MSE=0.003658727 | MAE=0.047844681 | RMSE=0.060487414 | MAPE=28.106619658% | params={'learning_rate': 0.02848171128923621, 'decay_rate': 0.0010539673747952953, 'hidden_size': 16, 'signal_len': 16, 'cheb_order': 2, 's': 7.940800228153769, 'batch_size': 64, 'k': 4}
Trial 403 finished with value 0.089784394 | dataset=nyse | model=ufgtime_plus | val_MSE=0.008312554 | test_MSE=0.010047114 | MAE=0.089784394 | RMSE=0.100235292 | MAPE=53.707850187% | params={'learning_rate': 0.029542250543074855, 'decay_rate': 0.002788105146776867, 'hidden_size': 16, 'signal_len': 16, 'cheb_order': 3, 's': 8.092516176341924, 'batch_size': 16, 'k': 4}
Trial 404 finished with value 0.040545521 | dataset=nyse | model=ufgtime_plus | val_MSE=0.007691122 | test_MSE=0.002791528 | MAE=0.040545521 | RMSE=0.052834917 | MAPE=24.287946979% | params={'learning_rate': 0.026156138160932835, 'decay_rate': 0.0008298699071731302, 'hidden_size': 16, 'signal_len': 16, 'cheb_order': 3, 's': 7.781079740678041, 'batch_size': 64, 'k': 4}
Trial 405 finished with value 0.045230665 | dataset=nyse | model=ufgtime_plus | val_MSE=0.008405311 | test_MSE=0.003306820 | MAE=0.045230665 | RMSE=0.057504953 | MAPE=26.826345344% | params={'learning_rate': 0.030770048632308186, 'decay_rate': 0.0016471670029205346, 'hidden_size': 16, 'signal_len': 16, 'cheb_order': 3, 's': 8.016179862011018, 'batch_size': 128, 'k': 4}
Trial 406 finished with value 0.050993110 | dataset=nyse | model=ufgtime_plus | val_MSE=0.007641602 | test_MSE=0.004199927 | MAE=0.050993110 | RMSE=0.064806840 | MAPE=29.898056312% | params={'learning_rate': 0.02810888108082727, 'decay_rate': 0.0008584599086184539, 'hidden_size': 16, 'signal_len': 16, 'cheb_order': 3, 's': 8.27053806051215, 'batch_size': 64, 'k': 4}
Trial 407 finished with value 0.053137409 | dataset=nyse | model=ufgtime_plus | val_MSE=0.008399080 | test_MSE=0.004313882 | MAE=0.053137409 | RMSE=0.065680151 | MAPE=31.168498887% | params={'learning_rate': 0.027628554104496834, 'decay_rate': 0.002043671853397442, 'hidden_size': 16, 'signal_len': 16, 'cheb_order': 3, 's': 7.339530179986842, 'batch_size': 64, 'k': 4}
Trial 408 finished with value 0.148324327 | dataset=nyse | model=ufgtime_plus | val_MSE=0.008533367 | test_MSE=0.023675726 | MAE=0.148324327 | RMSE=0.153869184 | MAPE=92.037432152% | params={'learning_rate': 0.025170879795394174, 'decay_rate': 0.030238896513271284, 'hidden_size': 16, 'signal_len': 16, 'cheb_order': 3, 's': 7.891884532188345, 'batch_size': 128, 'k': 4}
Trial 409 finished with value 0.029815574 | dataset=nyse | model=ufgtime_plus | val_MSE=0.003242242 | test_MSE=0.002000008 | MAE=0.029815574 | RMSE=0.044721444 | MAPE=19.624101841% | params={'learning_rate': 0.02682559172313577, 'decay_rate': 6.385647361628772e-05, 'hidden_size': 16, 'signal_len': 16, 'cheb_order': 3, 's': 7.150348605070294, 'batch_size': 64, 'k': 4}
Trial 410 finished with value 0.028965664 | dataset=nyse | model=ufgtime_plus | val_MSE=0.003182017 | test_MSE=0.001955014 | MAE=0.028965664 | RMSE=0.044215537 | MAPE=19.581781839% | params={'learning_rate': 0.02945963440396493, 'decay_rate': 3.097442367767266e-05, 'hidden_size': 16, 'signal_len': 16, 'cheb_order': 2, 's': 7.563451460634173, 'batch_size': 64, 'k': 4}
Trial 411 finished with value 0.052241523 | dataset=nyse | model=ufgtime_plus | val_MSE=0.008649973 | test_MSE=0.004184704 | MAE=0.052241523 | RMSE=0.064689290 | MAPE=30.756682383% | params={'learning_rate': 0.022448941930084045, 'decay_rate': 0.0032415635690964503, 'hidden_size': 16, 'signal_len': 16, 'cheb_order': 3, 's': 8.875959001819826, 'batch_size': 128, 'k': 4}
Trial 412 finished with value 0.045544017 | dataset=nyse | model=ufgtime_plus | val_MSE=0.008405903 | test_MSE=0.003357528 | MAE=0.045544017 | RMSE=0.057944183 | MAPE=26.961625726% | params={'learning_rate': 0.023771791701725085, 'decay_rate': 0.0016636812505893006, 'hidden_size': 16, 'signal_len': 8, 'cheb_order': 3, 's': 8.509178089679915, 'batch_size': 64, 'k': 4}
