Trial 177 finished with value 0.061329998 | dataset=nyse | model=ufgtime_plus | val_MSE=0.003829024 | test_MSE=0.005707536 | MAE=0.061329998 | RMSE=0.075548235 | MAPE=36.912006145% | params={'learning_rate': 0.04257448334212179, 'decay_rate': 9.835335839701026e-05, 'hidden_size': 16, 'signal_len': 16, 'cheb_order': 3, 's': 7.581882006370676, 'batch_size': 64, 'k': 4}
Trial 178 finished with value 0.176703883 | dataset=nyse | model=ufgtime_plus | val_MSE=0.008618195 | test_MSE=0.032894616 | MAE=0.176703883 | RMSE=0.181368730 | MAPE=110.423046323% | params={'learning_rate': 0.031041126215128084, 'decay_rate': 0.04949674727839906, 'hidden_size': 16, 'signal_len': 16, 'cheb_order': 3, 's': 7.8549664364885565, 'batch_size': 64, 'k': 4}
Trial 179 finished with value 0.058664223 | dataset=nyse | model=ufgtime_plus | val_MSE=0.008490906 | test_MSE=0.005056035 | MAE=0.058664223 | RMSE=0.071105800 | MAPE=34.402953906% | params={'learning_rate': 0.03860607133516912, 'decay_rate': 0.002720644648668457, 'hidden_size': 16, 'signal_len': 16, 'cheb_order': 3, 's': 7.0115019744004705, 'batch_size': 64, 'k': 4}
Trial 180 finished with value 0.046401691 | dataset=nyse | model=ufgtime_plus | val_MSE=0.008385897 | test_MSE=0.003467480 | MAE=0.046401691 | RMSE=0.058885310 | MAPE=27.467711171% | params={'learning_rate': 0.03593081890774375, 'decay_rate': 0.001623159495980429, 'hidden_size': 64, 'signal_len': 16, 'cheb_order': 3, 's': 7.259866605842707, 'batch_size': 64, 'k': 4}
Trial 181 finished with value 0.041776407 | dataset=nyse | model=ufgtime_plus | val_MSE=0.005609760 | test_MSE=0.003082889 | MAE=0.041776407 | RMSE=0.055523772 | MAPE=24.772455646% | params={'learning_rate': 0.026131015031926046, 'decay_rate': 0.00023241521447593775, 'hidden_size': 16, 'signal_len': 16, 'cheb_order': 3, 's': 6.676677258924384, 'batch_size': 32, 'k': 4}
Trial 182 finished with value 0.036208712 | dataset=nyse | model=ufgtime_plus | val_MSE=0.005010433 | test_MSE=0.002296367 | MAE=0.036208712 | RMSE=0.047920429 | MAPE=22.085746428% | params={'learning_rate': 0.028712103066479124, 'decay_rate': 0.0001664089399328792, 'hidden_size': 16, 'signal_len': 16, 'cheb_order': 3, 's': 7.462962808742557, 'batch_size': 64, 'k': 4}
Trial 183 finished with value 0.027393036 | dataset=nyse | model=ufgtime_plus | val_MSE=0.003035765 | test_MSE=0.001752643 | MAE=0.027393036 | RMSE=0.041864579 | MAPE=18.263268959% | params={'learning_rate': 0.029679097529321408, 'decay_rate': 1.8375819736774804e-05, 'hidden_size': 16, 'signal_len': 16, 'cheb_order': 3, 's': 7.708419170175139, 'batch_size': 64, 'k': 4}
Trial 184 finished with value 0.042120048 | dataset=nyse | model=ufgtime_plus | val_MSE=0.008082309 | test_MSE=0.002951098 | MAE=0.042120048 | RMSE=0.054324014 | MAPE=25.153345912% | params={'learning_rate': 0.03249081726684712, 'decay_rate': 0.0011023076683686708, 'hidden_size': 16, 'signal_len': 16, 'cheb_order': 3, 's': 7.657332164017437, 'batch_size': 64, 'k': 4}
Trial 185 finished with value 0.055051325 | dataset=nyse | model=ufgtime_plus | val_MSE=0.008442871 | test_MSE=0.004564852 | MAE=0.055051325 | RMSE=0.067563691 | MAPE=32.295184371% | params={'learning_rate': 0.02982569236503634, 'decay_rate': 0.0023110194070426545, 'hidden_size': 16, 'signal_len': 16, 'cheb_order': 3, 's': 7.989219750267731, 'batch_size': 64, 'k': 4}
Trial 186 finished with value 0.049387147 | dataset=nyse | model=ufgtime_plus | val_MSE=0.007967290 | test_MSE=0.003874574 | MAE=0.049387147 | RMSE=0.062246077 | MAPE=28.977523563% | params={'learning_rate': 0.04024983199030751, 'decay_rate': 0.0011126101683879186, 'hidden_size': 16, 'signal_len': 16, 'cheb_order': 3, 's': 7.121038332896127, 'batch_size': 64, 'k': 4}
Trial 187 finished with value 0.063937636 | dataset=nyse | model=ufgtime_plus | val_MSE=0.008578495 | test_MSE=0.005728013 | MAE=0.063937636 | RMSE=0.075683638 | MAPE=37.777681734% | params={'learning_rate': 0.03139537269995128, 'decay_rate': 0.00329552283462517, 'hidden_size': 16, 'signal_len': 16, 'cheb_order': 3, 's': 8.369716679393893, 'batch_size': 64, 'k': 4}
Trial 188 finished with value 0.044888633 | dataset=nyse | model=ufgtime_plus | val_MSE=0.008476340 | test_MSE=0.003269171 | MAE=0.044888633 | RMSE=0.057176666 | MAPE=26.699244244% | params={'learning_rate': 0.02373714172929723, 'decay_rate': 0.0017418890886443904, 'hidden_size': 16, 'signal_len': 16, 'cheb_order': 3, 's': 7.31259211687759, 'batch_size': 128, 'k': 4}
Trial 189 finished with value 0.040514415 | dataset=nyse | model=ufgtime_plus | val_MSE=0.005174359 | test_MSE=0.002979834 | MAE=0.040514415 | RMSE=0.054587860 | MAPE=24.345997391% | params={'learning_rate': 0.03424779821157191, 'decay_rate': 7.780305146440437e-05, 'hidden_size': 16, 'signal_len': 8, 'cheb_order': 3, 's': 6.830940560885226, 'batch_size': 64, 'k': 4}
Trial 190 finished with value 0.048079152 | dataset=nyse | model=ufgtime_plus | val_MSE=0.007921691 | test_MSE=0.003687001 | MAE=0.048079152 | RMSE=0.060720680 | MAPE=28.238384503% | params={'learning_rate': 0.028860008116001583, 'decay_rate': 0.0010851469065839316, 'hidden_size': 16, 'signal_len': 16, 'cheb_order': 3, 's': 7.7842933745459435, 'batch_size': 64, 'k': 4}
Trial 191 finished with value 0.028333585 | dataset=nyse | model=ufgtime_plus | val_MSE=0.003150766 | test_MSE=0.001675965 | MAE=0.028333585 | RMSE=0.040938553 | MAPE=19.288996490% | params={'learning_rate': 0.02721949570077264, 'decay_rate': 1.4020926254120822e-05, 'hidden_size': 16, 'signal_len': 16, 'cheb_order': 3, 's': 7.434443199982094, 'batch_size': 128, 'k': 4}
Trial 192 finished with value 0.028602013 | dataset=nyse | model=ufgtime_plus | val_MSE=0.004809812 | test_MSE=0.001556742 | MAE=0.028602013 | RMSE=0.039455568 | MAPE=18.889624886% | params={'learning_rate': 0.02790180479420523, 'decay_rate': 0.00015651953438575424, 'hidden_size': 16, 'signal_len': 16, 'cheb_order': 3, 's': 7.546877763940219, 'batch_size': 128, 'k': 4}
Trial 193 finished with value 0.028397115 | dataset=nyse | model=ufgtime_plus | val_MSE=0.003259111 | test_MSE=0.001797363 | MAE=0.028397115 | RMSE=0.042395319 | MAPE=18.890854689% | params={'learning_rate': 0.02777668868849749, 'decay_rate': 3.7930492123735003e-05, 'hidden_size': 16, 'signal_len': 16, 'cheb_order': 3, 's': 7.498787744617676, 'batch_size': 128, 'k': 4}
Trial 194 finished with value 0.049454349 | dataset=nyse | model=ufgtime_plus | val_MSE=0.008608287 | test_MSE=0.003819147 | MAE=0.049454349 | RMSE=0.061799250 | MAPE=29.017984231% | params={'learning_rate': 0.027713952606982416, 'decay_rate': 0.002355556712412384, 'hidden_size': 16, 'signal_len': 16, 'cheb_order': 3, 's': 7.489059010847373, 'batch_size': 128, 'k': 4}
Trial 195 finished with value 0.042157891 | dataset=nyse | model=ufgtime_plus | val_MSE=0.008127758 | test_MSE=0.002945866 | MAE=0.042157891 | RMSE=0.054275835 | MAPE=25.122228553% | params={'learning_rate': 0.02593170769034161, 'decay_rate': 0.0010744207162799466, 'hidden_size': 16, 'signal_len': 16, 'cheb_order': 3, 's': 7.606472694507365, 'batch_size': 128, 'k': 4}
Trial 196 finished with value 0.025122788 | dataset=nyse | model=ufgtime_plus | val_MSE=0.003183219 | test_MSE=0.001538396 | MAE=0.025122788 | RMSE=0.039222389 | MAPE=16.905233613% | params={'learning_rate': 0.027167107252772896, 'decay_rate': 3.720806478138689e-05, 'hidden_size': 16, 'signal_len': 16, 'cheb_order': 3, 's': 8.157541137780585, 'batch_size': 128, 'k': 4}
Trial 197 finished with value 0.044649832 | dataset=nyse | model=ufgtime_plus | val_MSE=0.008545506 | test_MSE=0.003229403 | MAE=0.044649832 | RMSE=0.056827833 | MAPE=26.631778389% | params={'learning_rate': 0.026275964414281944, 'decay_rate': 0.0018723898020841794, 'hidden_size': 16, 'signal_len': 16, 'cheb_order': 3, 's': 8.703473868050226, 'batch_size': 128, 'k': 4}
Trial 198 finished with value 0.043050650 | dataset=nyse | model=ufgtime_plus | val_MSE=0.008168948 | test_MSE=0.003042756 | MAE=0.043050650 | RMSE=0.055161178 | MAPE=25.652867011% | params={'learning_rate': 0.027573003563804405, 'decay_rate': 0.0011823610124389388, 'hidden_size': 16, 'signal_len': 16, 'cheb_order': 3, 's': 8.192603964528235, 'batch_size': 128, 'k': 3}
Trial 199 finished with value 0.051315343 | dataset=nyse | model=ufgtime_plus | val_MSE=0.008628499 | test_MSE=0.004068348 | MAE=0.051315343 | RMSE=0.063783602 | MAPE=30.138314095% | params={'learning_rate': 0.026822875888927285, 'decay_rate': 0.0028488669393264324, 'hidden_size': 16, 'signal_len': 16, 'cheb_order': 3, 's': 7.933674307563736, 'batch_size': 128, 'k': 4}
Trial 200 finished with value 0.040834102 | dataset=nyse | model=ufgtime_plus | val_MSE=0.008012083 | test_MSE=0.002805272 | MAE=0.040834102 | RMSE=0.052964820 | MAPE=24.588722819% | params={'learning_rate': 0.024729088593692033, 'decay_rate': 0.0010067743598682361, 'hidden_size': 16, 'signal_len': 16, 'cheb_order': 3, 's': 8.109824040213296, 'batch_size': 128, 'k': 4}
Trial 201 finished with value 0.040948932 | dataset=nyse | model=ufgtime_plus | val_MSE=0.007748409 | test_MSE=0.002829344 | MAE=0.040948932 | RMSE=0.053191579 | MAPE=24.458317062% | params={'learning_rate': 0.028352183638796734, 'decay_rate': 0.00083421567562268, 'hidden_size': 16, 'signal_len': 16, 'cheb_order': 3, 's': 7.4595778603351315, 'batch_size': 128, 'k': 4}
Trial 202 finished with value 0.025635261 | dataset=nyse | model=ufgtime_plus | val_MSE=0.003416730 | test_MSE=0.001543593 | MAE=0.025635261 | RMSE=0.039288589 | MAPE=17.094899675% | params={'learning_rate': 0.025734968763718818, 'decay_rate': 9.149057027343754e-05, 'hidden_size': 16, 'signal_len': 16, 'cheb_order': 3, 's': 7.6797943840571, 'batch_size': 128, 'k': 4}
Trial 203 finished with value 0.043574154 | dataset=nyse | model=ufgtime_plus | val_MSE=0.008504324 | test_MSE=0.003097226 | MAE=0.043574154 | RMSE=0.055652728 | MAPE=26.035797129% | params={'learning_rate': 0.02446798760428774, 'decay_rate': 0.0018011528592404896, 'hidden_size': 16, 'signal_len': 16, 'cheb_order': 3, 's': 7.702006845820138, 'batch_size': 128, 'k': 4}
Trial 204 finished with value 0.040290679 | dataset=nyse | model=ufgtime_plus | val_MSE=0.007754075 | test_MSE=0.002754386 | MAE=0.040290679 | RMSE=0.052482245 | MAPE=24.163051249% | params={'learning_rate': 0.02240523085979671, 'decay_rate': 0.0008127076748107897, 'hidden_size': 16, 'signal_len': 16, 'cheb_order': 3, 's': 7.408366788485836, 'batch_size': 128, 'k': 4}
Trial 205 finished with value 0.029630337 | dataset=nyse | model=ufgtime_plus | val_MSE=0.003294055 | test_MSE=0.001814778 | MAE=0.029630337 | RMSE=0.042600206 | MAPE=19.913855756% | params={'learning_rate': 0.025479272866970555, 'decay_rate': 3.4695092967426955e-05, 'hidden_size': 16, 'signal_len': 16, 'cheb_order': 3, 's': 7.989860201303003, 'batch_size': 128, 'k': 4}
Trial 206 finished with value 0.047003616 | dataset=nyse | model=ufgtime_plus | val_MSE=0.008537910 | test_MSE=0.003519413 | MAE=0.047003616 | RMSE=0.059324642 | MAPE=27.769341723% | params={'learning_rate': 0.02734029411401679, 'decay_rate': 0.0020495886571694284, 'hidden_size': 32, 'signal_len': 16, 'cheb_order': 3, 's': 6.440007611222323, 'batch_size': 128, 'k': 4}
Trial 207 finished with value 0.031722858 | dataset=nyse | model=ufgtime_plus | val_MSE=0.003480325 | test_MSE=0.002248539 | MAE=0.031722858 | RMSE=0.047418758 | MAPE=20.119540983% | params={'learning_rate': 0.02635793701727315, 'decay_rate': 9.068968602454476e-05, 'hidden_size': 16, 'signal_len': 16, 'cheb_order': 3, 's': 7.628429689748241, 'batch_size': 128, 'k': 4}
Trial 208 finished with value 0.043130048 | dataset=nyse | model=ufgtime_plus | val_MSE=0.008418274 | test_MSE=0.003044206 | MAE=0.043130048 | RMSE=0.055174325 | MAPE=25.759510246% | params={'learning_rate': 0.04697675384215364, 'decay_rate': 0.001557399504044689, 'hidden_size': 16, 'signal_len': 16, 'cheb_order': 3, 's': 7.8695094511663255, 'batch_size': 128, 'k': 4}
Trial 209 finished with value 0.051314105 | dataset=nyse | model=ufgtime_plus | val_MSE=0.003444655 | test_MSE=0.004379393 | MAE=0.051314105 | RMSE=0.066176981 | MAPE=29.399118258% | params={'learning_rate': 0.02840960831152038, 'decay_rate': 2.3015812818607084e-05, 'hidden_size': 16, 'signal_len': 16, 'cheb_order': 3, 's': 7.28406414857731, 'batch_size': 16, 'k': 4}
Trial 210 finished with value 0.050799552 | dataset=nyse | model=ufgtime_plus | val_MSE=0.008610727 | test_MSE=0.003996800 | MAE=0.050799552 | RMSE=0.063220247 | MAPE=29.872404494% | params={'learning_rate': 0.023492454998356796, 'decay_rate': 0.0028533029788883166, 'hidden_size': 16, 'signal_len': 16, 'cheb_order': 3, 's': 7.494981388884065, 'batch_size': 128, 'k': 4}
Trial 211 finished with value 0.040072900 | dataset=nyse | model=ufgtime_plus | val_MSE=0.007817259 | test_MSE=0.002723725 | MAE=0.040072900 | RMSE=0.052189320 | MAPE=24.140485282% | params={'learning_rate': 0.029357455031861105, 'decay_rate': 0.0008700510220407821, 'hidden_size': 16, 'signal_len': 16, 'cheb_order': 3, 's': 7.1608359509524675, 'batch_size': 128, 'k': 4}
Trial 212 finished with value 0.025605827 | dataset=nyse | model=ufgtime_plus | val_MSE=0.003009779 | test_MSE=0.001588277 | MAE=0.025605827 | RMSE=0.039853196 | MAPE=17.089487453% | params={'learning_rate': 0.027245859973291753, 'decay_rate': 2.6215662912957986e-05, 'hidden_size': 16, 'signal_len': 16, 'cheb_order': 3, 's': 6.927849970631222, 'batch_size': 64, 'k': 4}
Trial 213 finished with value 0.040909947 | dataset=nyse | model=ufgtime_plus | val_MSE=0.008050358 | test_MSE=0.002810790 | MAE=0.040909947 | RMSE=0.053016886 | MAPE=24.631782876% | params={'learning_rate': 0.027192895691472048, 'decay_rate': 0.0010355782996551038, 'hidden_size': 16, 'signal_len': 16, 'cheb_order': 3, 's': 6.911817145175213, 'batch_size': 128, 'k': 4}
Trial 214 finished with value 0.025604977 | dataset=nyse | model=ufgtime_plus | val_MSE=0.003281734 | test_MSE=0.001563358 | MAE=0.025604977 | RMSE=0.039539317 | MAPE=16.979648218% | params={'learning_rate': 0.025439282384068364, 'decay_rate': 5.6305977967809115e-05, 'hidden_size': 16, 'signal_len': 16, 'cheb_order': 3, 's': 7.695249313023157, 'batch_size': 64, 'k': 4}
Trial 215 finished with value 0.054449834 | dataset=nyse | model=ufgtime_plus | val_MSE=0.008234580 | test_MSE=0.004628274 | MAE=0.054449834 | RMSE=0.068031417 | MAPE=32.005633458% | params={'learning_rate': 0.025470174763400365, 'decay_rate': 0.0016234608416981489, 'hidden_size': 16, 'signal_len': 16, 'cheb_order': 3, 's': 6.564512565059988, 'batch_size': 64, 'k': 4}
Trial 216 finished with value 0.045306408 | dataset=nyse | model=ufgtime_plus | val_MSE=0.007778085 | test_MSE=0.003305273 | MAE=0.045306408 | RMSE=0.057491508 | MAPE=26.699719888% | params={'learning_rate': 0.024274615143851323, 'decay_rate': 0.0008898285296889246, 'hidden_size': 16, 'signal_len': 16, 'cheb_order': 3, 's': 7.698463975285228, 'batch_size': 32, 'k': 4}
Trial 217 finished with value 0.048771946 | dataset=nyse | model=ufgtime_plus | val_MSE=0.008598435 | test_MSE=0.003734767 | MAE=0.048771946 | RMSE=0.061112743 | MAPE=28.646298226% | params={'learning_rate': 0.026050383278526212, 'decay_rate': 0.002254774328974484, 'hidden_size': 16, 'signal_len': 16, 'cheb_order': 3, 's': 7.2966353873149385, 'batch_size': 128, 'k': 4}
Trial 218 finished with value 0.026212637 | dataset=nyse | model=ufgtime_plus | val_MSE=0.003197697 | test_MSE=0.001543265 | MAE=0.026212637 | RMSE=0.039284407 | MAPE=17.599946992% | params={'learning_rate': 0.027703257430447253, 'decay_rate': 3.956022574351262e-05, 'hidden_size': 16, 'signal_len': 16, 'cheb_order': 3, 's': 6.766088849484481, 'batch_size': 64, 'k': 4}
Trial 219 finished with value 0.047173756 | dataset=nyse | model=ufgtime_plus | val_MSE=0.008347779 | test_MSE=0.003551772 | MAE=0.047173756 | RMSE=0.059596748 | MAPE=27.879164320% | params={'learning_rate': 0.026878792292884493, 'decay_rate': 0.0015862162580138248, 'hidden_size': 64, 'signal_len': 16, 'cheb_order': 3, 's': 6.62385542604416, 'batch_size': 64, 'k': 4}
Trial 220 finished with value 0.035199878 | dataset=nyse | model=ufgtime_plus | val_MSE=0.004714633 | test_MSE=0.002378040 | MAE=0.035199878 | RMSE=0.048765147 | MAPE=22.446094227% | params={'learning_rate': 0.04180158228214364, 'decay_rate': 2.7728345788285327e-05, 'hidden_size': 16, 'signal_len': 8, 'cheb_order': 3, 's': 6.982310507068933, 'batch_size': 64, 'k': 4}
Trial 221 finished with value 0.025207292 | dataset=nyse | model=ufgtime_plus | val_MSE=0.003261785 | test_MSE=0.001488024 | MAE=0.025207292 | RMSE=0.038574919 | MAPE=17.071643278% | params={'learning_rate': 0.028160768698372765, 'decay_rate': 4.6945598728925486e-05, 'hidden_size': 16, 'signal_len': 16, 'cheb_order': 3, 's': 6.730172133336777, 'batch_size': 64, 'k': 4}
Trial 222 finished with value 0.050599255 | dataset=nyse | model=ufgtime_plus | val_MSE=0.007828053 | test_MSE=0.004134061 | MAE=0.050599255 | RMSE=0.064296667 | MAPE=29.765513733% | params={'learning_rate': 0.02490515741441548, 'decay_rate': 0.000966469543748214, 'hidden_size': 16, 'signal_len': 16, 'cheb_order': 3, 's': 6.771103698682062, 'batch_size': 64, 'k': 4}
Trial 223 finished with value 0.047360028 | dataset=nyse | model=ufgtime_plus | val_MSE=0.007805390 | test_MSE=0.003601734 | MAE=0.047360028 | RMSE=0.060014446 | MAPE=27.829945161% | params={'learning_rate': 0.028172524597621144, 'decay_rate': 0.000975057182452253, 'hidden_size': 16, 'signal_len': 16, 'cheb_order': 3, 's': 6.324173138617757, 'batch_size': 64, 'k': 4}
Trial 224 finished with value 0.052955340 | dataset=nyse | model=ufgtime_plus | val_MSE=0.008391582 | test_MSE=0.004290420 | MAE=0.052955340 | RMSE=0.065501294 | MAPE=31.077904672% | params={'learning_rate': 0.02689150125501559, 'decay_rate': 0.0020336326034017522, 'hidden_size': 16, 'signal_len': 16, 'cheb_order': 3, 's': 6.8699711998895, 'batch_size': 64, 'k': 4}
Trial 225 finished with value 0.026215148 | dataset=nyse | model=ufgtime_plus | val_MSE=0.003136501 | test_MSE=0.001640748 | MAE=0.026215148 | RMSE=0.040506145 | MAPE=17.518134153% | params={'learning_rate': 0.025596648450715544, 'decay_rate': 3.4055315954381485e-05, 'hidden_size': 16, 'signal_len': 16, 'cheb_order': 3, 's': 7.069985123597665, 'batch_size': 64, 'k': 4}
Trial 226 finished with value 0.164505616 | dataset=nyse | model=ufgtime_plus | val_MSE=0.008506745 | test_MSE=0.028732955 | MAE=0.164505616 | RMSE=0.169507980 | MAPE=102.299870481% | params={'learning_rate': 0.025918677909986258, 'decay_rate': 0.04003046420912272, 'hidden_size': 16, 'signal_len': 16, 'cheb_order': 3, 's': 6.709953193477681, 'batch_size': 64, 'k': 4}
Trial 227 finished with value 0.030357351 | dataset=nyse | model=ufgtime_plus | val_MSE=0.002972324 | test_MSE=0.002114234 | MAE=0.030357351 | RMSE=0.045980795 | MAPE=20.001919631% | params={'learning_rate': 0.02141724477120139, 'decay_rate': 1.8099467139945552e-05, 'hidden_size': 16, 'signal_len': 16, 'cheb_order': 3, 's': 7.036417441960045, 'batch_size': 64, 'k': 4}
Trial 228 finished with value 0.051459100 | dataset=nyse | model=ufgtime_plus | val_MSE=0.007966157 | test_MSE=0.004239004 | MAE=0.051459100 | RMSE=0.065107636 | MAPE=30.276528553% | params={'learning_rate': 0.025135708454537067, 'decay_rate': 0.0011200082335086554, 'hidden_size': 16, 'signal_len': 16, 'cheb_order': 3, 's': 6.535008650869833, 'batch_size': 64, 'k': 4}
Trial 229 finished with value 0.054524408 | dataset=nyse | model=ufgtime_plus | val_MSE=0.008517531 | test_MSE=0.004487755 | MAE=0.054524408 | RMSE=0.066990707 | MAPE=31.916718165% | params={'learning_rate': 0.023546135485359877, 'decay_rate': 0.0025168502280749085, 'hidden_size': 16, 'signal_len': 16, 'cheb_order': 3, 's': 7.035041573390759, 'batch_size': 64, 'k': 4}
Trial 230 finished with value 0.025738019 | dataset=nyse | model=ufgtime_plus | val_MSE=0.003085258 | test_MSE=0.001530950 | MAE=0.025738019 | RMSE=0.039127350 | MAPE=17.410040827% | params={'learning_rate': 0.025844394149522363, 'decay_rate': 2.9764755819224016e-05, 'hidden_size': 16, 'signal_len': 16, 'cheb_order': 3, 's': 6.780269068804415, 'batch_size': 64, 'k': 4}
Trial 231 finished with value 0.041240521 | dataset=nyse | model=ufgtime_plus | val_MSE=0.007834680 | test_MSE=0.002862460 | MAE=0.041240521 | RMSE=0.053501958 | MAPE=24.655941547% | params={'learning_rate': 0.026203547627637835, 'decay_rate': 0.0009162663251726649, 'hidden_size': 16, 'signal_len': 16, 'cheb_order': 3, 's': 6.710133640793414, 'batch_size': 64, 'k': 4}
Trial 232 finished with value 0.026489059 | dataset=nyse | model=ufgtime_plus | val_MSE=0.003091130 | test_MSE=0.001794376 | MAE=0.026489059 | RMSE=0.042360077 | MAPE=17.447801017% | params={'learning_rate': 0.026995731336744672, 'decay_rate': 2.419537659891243e-05, 'hidden_size': 16, 'signal_len': 16, 'cheb_order': 3, 's': 6.876865737477559, 'batch_size': 64, 'k': 4}
Trial 233 finished with value 0.053741101 | dataset=nyse | model=ufgtime_plus | val_MSE=0.007933357 | test_MSE=0.004454629 | MAE=0.053741101 | RMSE=0.066743005 | MAPE=31.488649570% | params={'learning_rate': 0.025114234238936946, 'decay_rate': 0.0011321962970297006, 'hidden_size': 16, 'signal_len': 16, 'cheb_order': 3, 's': 6.887335623817671, 'batch_size': 64, 'k': 4}
Trial 234 finished with value 0.026567154 | dataset=nyse | model=ufgtime_plus | val_MSE=0.003070628 | test_MSE=0.001606267 | MAE=0.026567154 | RMSE=0.040078265 | MAPE=17.920488817% | params={'learning_rate': 0.028832088061942197, 'decay_rate': 1.747725093780739e-05, 'hidden_size': 16, 'signal_len': 16, 'cheb_order': 3, 's': 6.485358468100861, 'batch_size': 64, 'k': 4}
Trial 235 finished with value 0.027472964 | dataset=nyse | model=ufgtime_plus | val_MSE=0.003024029 | test_MSE=0.001857084 | MAE=0.027472964 | RMSE=0.043093897 | MAPE=18.158505103% | params={'learning_rate': 0.02905325798682306, 'decay_rate': 1.5320380780595798e-05, 'hidden_size': 16, 'signal_len': 16, 'cheb_order': 3, 's': 6.833343619485327, 'batch_size': 64, 'k': 4}
