Trial 413 finished with value 0.047652670 | dataset=nyse | model=ufgtime_plus | val_MSE=0.007785675 | test_MSE=0.003582278 | MAE=0.047652670 | RMSE=0.059852132 | MAPE=28.053504146% | params={'learning_rate': 0.03150770566920351, 'decay_rate': 0.0009418457711877128, 'hidden_size': 16, 'signal_len': 16, 'cheb_order': 3, 's': 7.808762466719011, 'batch_size': 32, 'k': 4}
Trial 414 finished with value 0.027924633 | dataset=nyse | model=ufgtime_plus | val_MSE=0.003493053 | test_MSE=0.001735940 | MAE=0.027924633 | RMSE=0.041664608 | MAPE=17.685208931% | params={'learning_rate': 0.028713030439850733, 'decay_rate': 2.3178699807970274e-05, 'hidden_size': 64, 'signal_len': 16, 'cheb_order': 3, 's': 8.195332412970709, 'batch_size': 64, 'k': 4}
Trial 415 finished with value 0.072547921 | dataset=nyse | model=ufgtime_plus | val_MSE=0.008565807 | test_MSE=0.006982418 | MAE=0.072547921 | RMSE=0.083560863 | MAPE=43.120197606% | params={'learning_rate': 0.026053749568689014, 'decay_rate': 0.00238063680866391, 'hidden_size': 16, 'signal_len': 16, 'cheb_order': 3, 's': 7.421452044985491, 'batch_size': 64, 'k': 4}
Trial 416 finished with value 0.041574366 | dataset=nyse | model=ufgtime_plus | val_MSE=0.007852002 | test_MSE=0.002890684 | MAE=0.041574366 | RMSE=0.053765086 | MAPE=24.803825531% | params={'learning_rate': 0.02690212843977312, 'decay_rate': 0.0009009510830957511, 'hidden_size': 16, 'signal_len': 16, 'cheb_order': 3, 's': 6.959955975062398, 'batch_size': 128, 'k': 4}
Trial 417 finished with value 0.050124417 | dataset=nyse | model=ufgtime_plus | val_MSE=0.008344158 | test_MSE=0.003920882 | MAE=0.050124417 | RMSE=0.062616947 | MAPE=29.457950528% | params={'learning_rate': 0.03016861443988993, 'decay_rate': 0.0016952817668585052, 'hidden_size': 32, 'signal_len': 16, 'cheb_order': 3, 's': 7.24993352360066, 'batch_size': 64, 'k': 4}
Trial 418 finished with value 0.051083125 | dataset=nyse | model=ufgtime_plus | val_MSE=0.007679843 | test_MSE=0.004210144 | MAE=0.051083125 | RMSE=0.064885625 | MAPE=29.961615566% | params={'learning_rate': 0.02791154106755561, 'decay_rate': 0.0008875728303627912, 'hidden_size': 16, 'signal_len': 16, 'cheb_order': 3, 's': 8.03724520066718, 'batch_size': 64, 'k': 4}
Trial 419 finished with value 0.065681371 | dataset=nyse | model=ufgtime_plus | val_MSE=0.008575815 | test_MSE=0.005939783 | MAE=0.065681371 | RMSE=0.077069985 | MAPE=38.641499726% | params={'learning_rate': 0.02547565777578138, 'decay_rate': 0.0047447070335245095, 'hidden_size': 16, 'signal_len': 16, 'cheb_order': 2, 's': 7.682651763440248, 'batch_size': 128, 'k': 4}
Trial 420 finished with value 0.149216988 | dataset=nyse | model=ufgtime_plus | val_MSE=0.008456095 | test_MSE=0.023941465 | MAE=0.149216988 | RMSE=0.154730298 | MAPE=92.458255082% | params={'learning_rate': 0.028962206432355177, 'decay_rate': 0.03469016810726608, 'hidden_size': 16, 'signal_len': 16, 'cheb_order': 3, 's': 8.364467367509135, 'batch_size': 64, 'k': 4}
Trial 421 finished with value 0.026675109 | dataset=nyse | model=ufgtime_plus | val_MSE=0.003318602 | test_MSE=0.001741174 | MAE=0.026675109 | RMSE=0.041727382 | MAPE=17.553092556% | params={'learning_rate': 0.024444567046113835, 'decay_rate': 5.801202880498463e-05, 'hidden_size': 16, 'signal_len': 16, 'cheb_order': 3, 's': 1.699449024315112, 'batch_size': 64, 'k': 4}
Trial 422 finished with value 0.052473089 | dataset=nyse | model=ufgtime_plus | val_MSE=0.008575935 | test_MSE=0.004220201 | MAE=0.052473089 | RMSE=0.064963072 | MAPE=30.728765439% | params={'learning_rate': 0.03270564369140493, 'decay_rate': 0.0024760993149540414, 'hidden_size': 16, 'signal_len': 16, 'cheb_order': 3, 's': 9.947141148589413, 'batch_size': 128, 'k': 2}
Trial 423 finished with value 0.025434566 | dataset=nyse | model=ufgtime_plus | val_MSE=0.003226802 | test_MSE=0.001535550 | MAE=0.025434566 | RMSE=0.039186088 | MAPE=17.130608061% | params={'learning_rate': 0.03095082977037158, 'decay_rate': 3.119099686778669e-05, 'hidden_size': 16, 'signal_len': 16, 'cheb_order': 3, 's': 2.3821036661639554, 'batch_size': 64, 'k': 4}
Trial 424 finished with value 0.056884068 | dataset=nyse | model=ufgtime_plus | val_MSE=0.008203459 | test_MSE=0.004868567 | MAE=0.056884068 | RMSE=0.069775117 | MAPE=33.291812498% | params={'learning_rate': 0.02716669188756362, 'decay_rate': 0.0015213832050466603, 'hidden_size': 16, 'signal_len': 16, 'cheb_order': 3, 's': 2.424886578639732, 'batch_size': 64, 'k': 4}
Trial 425 finished with value 0.041358001 | dataset=nyse | model=ufgtime_plus | val_MSE=0.007897022 | test_MSE=0.002868780 | MAE=0.041358001 | RMSE=0.053560992 | MAPE=24.724875713% | params={'learning_rate': 0.028147672235618836, 'decay_rate': 0.0009431907874746649, 'hidden_size': 16, 'signal_len': 16, 'cheb_order': 3, 's': 1.8127061321300215, 'batch_size': 128, 'k': 4}
Trial 426 finished with value 0.091234480 | dataset=nyse | model=ufgtime_plus | val_MSE=0.008325986 | test_MSE=0.010316804 | MAE=0.091234480 | RMSE=0.101571671 | MAPE=54.660409469% | params={'learning_rate': 0.02980112507614312, 'decay_rate': 0.0031976714797564906, 'hidden_size': 16, 'signal_len': 16, 'cheb_order': 3, 's': 2.185806013543594, 'batch_size': 16, 'k': 3}
Trial 427 finished with value 0.057563457 | dataset=nyse | model=ufgtime_plus | val_MSE=0.008432147 | test_MSE=0.004973037 | MAE=0.057563457 | RMSE=0.070519765 | MAPE=33.846639688% | params={'learning_rate': 0.026709400724850375, 'decay_rate': 0.0020176913981964644, 'hidden_size': 16, 'signal_len': 16, 'cheb_order': 3, 's': 2.072906228714589, 'batch_size': 64, 'k': 4}
Trial 428 finished with value 0.172482784 | dataset=nyse | model=ufgtime_plus | val_MSE=0.003251668 | test_MSE=0.040471798 | MAE=0.172482784 | RMSE=0.201176038 | MAPE=112.725340696% | params={'learning_rate': 0.0028537276552966853, 'decay_rate': 1.1209971992189278e-05, 'hidden_size': 16, 'signal_len': 16, 'cheb_order': 2, 's': 2.319219309484863, 'batch_size': 32, 'k': 4}
Trial 429 finished with value 0.131379327 | dataset=nyse | model=ufgtime_plus | val_MSE=0.008409942 | test_MSE=0.018945535 | MAE=0.131379327 | RMSE=0.137642781 | MAPE=80.870407265% | params={'learning_rate': 0.025693963090096125, 'decay_rate': 0.022463651159051107, 'hidden_size': 16, 'signal_len': 16, 'cheb_order': 3, 's': 4.1046591284233935, 'batch_size': 64, 'k': 4}
Trial 430 finished with value 0.042338587 | dataset=nyse | model=ufgtime_plus | val_MSE=0.007914238 | test_MSE=0.002978550 | MAE=0.042338587 | RMSE=0.054576098 | MAPE=25.214592657% | params={'learning_rate': 0.03492338657739582, 'decay_rate': 0.000925963089905447, 'hidden_size': 32, 'signal_len': 16, 'cheb_order': 3, 's': 2.3201732297776463, 'batch_size': 64, 'k': 4}
Trial 431 finished with value 0.043411493 | dataset=nyse | model=ufgtime_plus | val_MSE=0.008473953 | test_MSE=0.003081781 | MAE=0.043411493 | RMSE=0.055513792 | MAPE=25.900713793% | params={'learning_rate': 0.028772895790382995, 'decay_rate': 0.001680146353872039, 'hidden_size': 16, 'signal_len': 8, 'cheb_order': 3, 's': 7.113152910284438, 'batch_size': 128, 'k': 4}
Trial 432 finished with value 0.113811265 | dataset=nyse | model=ufgtime_plus | val_MSE=0.008430913 | test_MSE=0.014681344 | MAE=0.113811265 | RMSE=0.121166598 | MAPE=69.485690718% | params={'learning_rate': 0.03190911548352645, 'decay_rate': 0.01498494411413273, 'hidden_size': 16, 'signal_len': 16, 'cheb_order': 3, 's': 2.683281618333881, 'batch_size': 64, 'k': 4}
Trial 433 finished with value 0.034089629 | dataset=nyse | model=ufgtime_plus | val_MSE=0.003373264 | test_MSE=0.002484557 | MAE=0.034089629 | RMSE=0.049845327 | MAPE=22.175198497% | params={'learning_rate': 0.0487724409538174, 'decay_rate': 1.4400551485507733e-05, 'hidden_size': 16, 'signal_len': 16, 'cheb_order': 3, 's': 2.113611933282306, 'batch_size': 64, 'k': 4}
Trial 434 finished with value 0.119209247 | dataset=nyse | model=ufgtime_plus | val_MSE=0.008443341 | test_MSE=0.015916178 | MAE=0.119209247 | RMSE=0.126159335 | MAPE=72.937117366% | params={'learning_rate': 0.030247472399220945, 'decay_rate': 0.017729278121137358, 'hidden_size': 16, 'signal_len': 16, 'cheb_order': 3, 's': 6.823858395674426, 'batch_size': 128, 'k': 4}
Trial 435 finished with value 0.050945903 | dataset=nyse | model=ufgtime_plus | val_MSE=0.007689368 | test_MSE=0.004191878 | MAE=0.050945903 | RMSE=0.064744718 | MAPE=29.895222258% | params={'learning_rate': 0.027612022923951176, 'decay_rate': 0.0008900865512527021, 'hidden_size': 16, 'signal_len': 16, 'cheb_order': 3, 's': 2.554716178066145, 'batch_size': 64, 'k': 4}
Trial 436 finished with value 0.056470477 | dataset=nyse | model=ufgtime_plus | val_MSE=0.008465443 | test_MSE=0.004756916 | MAE=0.056470477 | RMSE=0.068970400 | MAPE=33.123545965% | params={'learning_rate': 0.033403161761502084, 'decay_rate': 0.0024766271322634714, 'hidden_size': 16, 'signal_len': 16, 'cheb_order': 2, 's': 5.88645630024897, 'batch_size': 64, 'k': 4}
Trial 437 finished with value 0.141088569 | dataset=nyse | model=ufgtime_plus | val_MSE=0.008471228 | test_MSE=0.021584920 | MAE=0.141088569 | RMSE=0.146918072 | MAPE=87.274840349% | params={'learning_rate': 0.023475510616764575, 'decay_rate': 0.026783896798490532, 'hidden_size': 16, 'signal_len': 16, 'cheb_order': 3, 's': 7.356108755332659, 'batch_size': 128, 'k': 4}
Trial 438 finished with value 0.042603337 | dataset=nyse | model=ufgtime_plus | val_MSE=0.008400276 | test_MSE=0.002980636 | MAE=0.042603337 | RMSE=0.054595202 | MAPE=25.477434290% | params={'learning_rate': 0.026429807398907833, 'decay_rate': 0.00152643594474364, 'hidden_size': 64, 'signal_len': 16, 'cheb_order': 3, 's': 7.50814319146653, 'batch_size': 64, 'k': 4}
Trial 439 finished with value 0.051393097 | dataset=nyse | model=ufgtime_plus | val_MSE=0.007726894 | test_MSE=0.004248986 | MAE=0.051393097 | RMSE=0.065184246 | MAPE=30.137538370% | params={'learning_rate': 0.028385052245909995, 'decay_rate': 0.0009309487726568269, 'hidden_size': 16, 'signal_len': 16, 'cheb_order': 3, 's': 2.4917166383121643, 'batch_size': 64, 'k': 4}
Trial 440 finished with value 0.159819330 | dataset=nyse | model=ufgtime_plus | val_MSE=0.008488869 | test_MSE=0.027207856 | MAE=0.159819330 | RMSE=0.164948040 | MAPE=99.329108153% | params={'learning_rate': 0.029354334428195367, 'decay_rate': 0.041037745060397965, 'hidden_size': 16, 'signal_len': 16, 'cheb_order': 3, 's': 7.061283899816124, 'batch_size': 32, 'k': 4}
Trial 441 finished with value 0.055233345 | dataset=nyse | model=ufgtime_plus | val_MSE=0.008646422 | test_MSE=0.004587991 | MAE=0.055233345 | RMSE=0.067734711 | MAPE=32.498053156% | params={'learning_rate': 0.02464009373619784, 'decay_rate': 0.0031690924754847988, 'hidden_size': 16, 'signal_len': 16, 'cheb_order': 3, 's': 5.2272015776656335, 'batch_size': 128, 'k': 4}
Trial 442 finished with value 0.051984137 | dataset=nyse | model=ufgtime_plus | val_MSE=0.007579324 | test_MSE=0.004331630 | MAE=0.051984137 | RMSE=0.065815120 | MAPE=30.403513619% | params={'learning_rate': 0.030981177341012533, 'decay_rate': 0.0008252012121562646, 'hidden_size': 16, 'signal_len': 16, 'cheb_order': 3, 's': 4.733920140389426, 'batch_size': 64, 'k': 4}
Trial 443 finished with value 0.032386065 | dataset=nyse | model=ufgtime_plus | val_MSE=0.003233922 | test_MSE=0.002401820 | MAE=0.032386065 | RMSE=0.049008370 | MAPE=21.146793863% | params={'learning_rate': 0.021618979554200855, 'decay_rate': 5.2534437954535575e-05, 'hidden_size': 16, 'signal_len': 16, 'cheb_order': 3, 's': 3.7749910828938393, 'batch_size': 64, 'k': 4}
Trial 444 finished with value 0.044747096 | dataset=nyse | model=ufgtime_plus | val_MSE=0.008543588 | test_MSE=0.003232241 | MAE=0.044747096 | RMSE=0.056852800 | MAPE=26.620911438% | params={'learning_rate': 0.02550096480893924, 'decay_rate': 0.0018627905513430888, 'hidden_size': 16, 'signal_len': 16, 'cheb_order': 2, 's': 7.279750976670536, 'batch_size': 128, 'k': 4}
Trial 445 finished with value 0.051042677 | dataset=nyse | model=ufgtime_plus | val_MSE=0.007772196 | test_MSE=0.004201346 | MAE=0.051042677 | RMSE=0.064817789 | MAPE=29.982208235% | params={'learning_rate': 0.02727281116856272, 'decay_rate': 0.0009514734715011456, 'hidden_size': 16, 'signal_len': 16, 'cheb_order': 3, 's': 6.700196263665008, 'batch_size': 64, 'k': 4}
Trial 446 finished with value 0.179152970 | dataset=nyse | model=ufgtime_plus | val_MSE=0.008724738 | test_MSE=0.033764178 | MAE=0.179152970 | RMSE=0.183750314 | MAPE=112.132149609% | params={'learning_rate': 0.006373748942525726, 'decay_rate': 0.04756603687355089, 'hidden_size': 16, 'signal_len': 16, 'cheb_order': 3, 's': 8.968993091418476, 'batch_size': 64, 'k': 4}
Trial 447 finished with value 0.086203967 | dataset=nyse | model=ufgtime_plus | val_MSE=0.008518718 | test_MSE=0.009275042 | MAE=0.086203967 | RMSE=0.096307021 | MAPE=51.572587812% | params={'learning_rate': 0.02920688610338961, 'decay_rate': 0.007657095840035043, 'hidden_size': 16, 'signal_len': 16, 'cheb_order': 3, 's': 7.8141325305930005, 'batch_size': 64, 'k': 4}
Trial 448 finished with value 0.028362012 | dataset=nyse | model=ufgtime_plus | val_MSE=0.003227209 | test_MSE=0.001767814 | MAE=0.028362012 | RMSE=0.042045377 | MAPE=19.058963298% | params={'learning_rate': 0.027625012584203523, 'decay_rate': 3.591158156176531e-05, 'hidden_size': 16, 'signal_len': 16, 'cheb_order': 3, 's': 6.9269355479089585, 'batch_size': 128, 'k': 4}
Trial 449 finished with value 0.050676640 | dataset=nyse | model=ufgtime_plus | val_MSE=0.008576531 | test_MSE=0.003945943 | MAE=0.050676640 | RMSE=0.062816744 | MAPE=29.782686654% | params={'learning_rate': 0.03205051212122019, 'decay_rate': 0.0025625820552270515, 'hidden_size': 16, 'signal_len': 16, 'cheb_order': 3, 's': 7.533419486321088, 'batch_size': 64, 'k': 4}
Trial 450 finished with value 0.061115901 | dataset=nyse | model=ufgtime_plus | val_MSE=0.008626914 | test_MSE=0.005336938 | MAE=0.061115901 | RMSE=0.073054349 | MAPE=35.863657219% | params={'learning_rate': 0.02633038741839678, 'decay_rate': 0.004069980188061219, 'hidden_size': 16, 'signal_len': 8, 'cheb_order': 3, 's': 2.6906144492596606, 'batch_size': 64, 'k': 4}
Trial 451 finished with value 0.024727504 | dataset=nyse | model=ufgtime_plus | val_MSE=0.003099602 | test_MSE=0.001502384 | MAE=0.024727504 | RMSE=0.038760600 | MAPE=16.599774545% | params={'learning_rate': 0.01979887609377802, 'decay_rate': 3.08299306699211e-05, 'hidden_size': 16, 'signal_len': 16, 'cheb_order': 3, 's': 7.1853331722266995, 'batch_size': 128, 'k': 4}
Trial 452 finished with value 0.043125808 | dataset=nyse | model=ufgtime_plus | val_MSE=0.008446470 | test_MSE=0.003044870 | MAE=0.043125808 | RMSE=0.055180343 | MAPE=25.785513642% | params={'learning_rate': 0.020847947147168477, 'decay_rate': 0.001635898002138055, 'hidden_size': 16, 'signal_len': 16, 'cheb_order': 3, 's': 7.201999875879518, 'batch_size': 128, 'k': 4}
Trial 453 finished with value 0.184887948 | dataset=nyse | model=ufgtime_plus | val_MSE=0.004309423 | test_MSE=0.047482623 | MAE=0.184887948 | RMSE=0.217905078 | MAPE=115.300723831% | params={'learning_rate': 0.019267497534998308, 'decay_rate': 1.2680136633858887e-05, 'hidden_size': 32, 'signal_len': 16, 'cheb_order': 2, 's': 7.018721043411, 'batch_size': 128, 'k': 4}
Trial 454 finished with value 0.042499526 | dataset=nyse | model=ufgtime_plus | val_MSE=0.008419350 | test_MSE=0.002972522 | MAE=0.042499526 | RMSE=0.054520840 | MAPE=25.487731806% | params={'learning_rate': 0.018601681647605665, 'decay_rate': 0.0015435786505568207, 'hidden_size': 16, 'signal_len': 16, 'cheb_order': 3, 's': 7.3255648309057735, 'batch_size': 128, 'k': 4}
Trial 455 finished with value 0.040096995 | dataset=nyse | model=ufgtime_plus | val_MSE=0.008131619 | test_MSE=0.002700587 | MAE=0.040096995 | RMSE=0.051967168 | MAPE=24.205567805% | params={'learning_rate': 0.01996176388352486, 'decay_rate': 0.0010684835548473563, 'hidden_size': 16, 'signal_len': 16, 'cheb_order': 3, 's': 6.180797619399108, 'batch_size': 128, 'k': 4}
Trial 456 finished with value 0.164260589 | dataset=nyse | model=ufgtime_plus | val_MSE=0.008566240 | test_MSE=0.028652859 | MAE=0.164260589 | RMSE=0.169271554 | MAPE=102.343588463% | params={'learning_rate': 0.022520848779516704, 'decay_rate': 0.038678468344780455, 'hidden_size': 16, 'signal_len': 16, 'cheb_order': 3, 's': 6.896771889007278, 'batch_size': 128, 'k': 4}
Trial 457 finished with value 0.045703609 | dataset=nyse | model=ufgtime_plus | val_MSE=0.008637590 | test_MSE=0.003352199 | MAE=0.045703609 | RMSE=0.057898176 | MAPE=27.137616298% | params={'learning_rate': 0.01645602621046127, 'decay_rate': 0.002408788765958556, 'hidden_size': 16, 'signal_len': 16, 'cheb_order': 3, 's': 7.6531360550700045, 'batch_size': 128, 'k': 4}
Trial 458 finished with value 0.037790924 | dataset=nyse | model=ufgtime_plus | val_MSE=0.007779213 | test_MSE=0.002460007 | MAE=0.037790924 | RMSE=0.049598455 | MAPE=23.091389258% | params={'learning_rate': 0.01738350507465443, 'decay_rate': 0.0007964698181761734, 'hidden_size': 16, 'signal_len': 16, 'cheb_order': 3, 's': 7.441732708616574, 'batch_size': 128, 'k': 4}
Trial 459 finished with value 0.039462382 | dataset=nyse | model=ufgtime_plus | val_MSE=0.007882600 | test_MSE=0.002653988 | MAE=0.039462382 | RMSE=0.051516871 | MAPE=23.914045025% | params={'learning_rate': 0.024524146101316997, 'decay_rate': 0.0008722436099002666, 'hidden_size': 16, 'signal_len': 16, 'cheb_order': 3, 's': 7.136547528257816, 'batch_size': 128, 'k': 4}
Trial 460 finished with value 0.025501193 | dataset=nyse | model=ufgtime_plus | val_MSE=0.003240430 | test_MSE=0.001710144 | MAE=0.025501193 | RMSE=0.041353887 | MAPE=16.810341509% | params={'learning_rate': 0.02112793739580836, 'decay_rate': 1.8821933060272154e-05, 'hidden_size': 64, 'signal_len': 16, 'cheb_order': 3, 's': 6.726968594818913, 'batch_size': 64, 'k': 4}
Trial 461 finished with value 0.061986540 | dataset=nyse | model=ufgtime_plus | val_MSE=0.008496570 | test_MSE=0.005444934 | MAE=0.061986540 | RMSE=0.073789794 | MAPE=36.377086612% | params={'learning_rate': 0.01937767901247167, 'decay_rate': 0.0033644343234254994, 'hidden_size': 16, 'signal_len': 16, 'cheb_order': 2, 's': 6.718561054298872, 'batch_size': 16, 'k': 4}
Trial 462 finished with value 0.051047988 | dataset=nyse | model=ufgtime_plus | val_MSE=0.008417390 | test_MSE=0.004009196 | MAE=0.051047988 | RMSE=0.063318214 | MAPE=29.933465576% | params={'learning_rate': 0.02056710605809513, 'decay_rate': 0.0018213951962403093, 'hidden_size': 64, 'signal_len': 16, 'cheb_order': 3, 's': 6.537357218734572, 'batch_size': 64, 'k': 4}
Trial 463 finished with value 0.037792945 | dataset=nyse | model=ufgtime_plus | val_MSE=0.007874036 | test_MSE=0.002447053 | MAE=0.037792945 | RMSE=0.049467699 | MAPE=23.072063354% | params={'learning_rate': 0.021498972159690048, 'decay_rate': 0.000876310765344336, 'hidden_size': 64, 'signal_len': 16, 'cheb_order': 3, 's': 6.792314824644889, 'batch_size': 128, 'k': 4}
Trial 464 finished with value 0.081070614 | dataset=nyse | model=ufgtime_plus | val_MSE=0.003503447 | test_MSE=0.009530778 | MAE=0.081070614 | RMSE=0.097625702 | MAPE=46.978104311% | params={'learning_rate': 0.02421983353295241, 'decay_rate': 1.641536375030115e-05, 'hidden_size': 64, 'signal_len': 16, 'cheb_order': 3, 's': 6.619272089394515, 'batch_size': 64, 'k': 3}
Trial 465 finished with value 0.056012678 | dataset=nyse | model=ufgtime_plus | val_MSE=0.008434107 | test_MSE=0.004811566 | MAE=0.056012678 | RMSE=0.069365453 | MAPE=32.978487108% | params={'learning_rate': 0.01979593643905177, 'decay_rate': 0.0020488831689267637, 'hidden_size': 16, 'signal_len': 16, 'cheb_order': 3, 's': 6.403729241516101, 'batch_size': 64, 'k': 4}
Trial 466 finished with value 0.038565584 | dataset=nyse | model=ufgtime_plus | val_MSE=0.008059941 | test_MSE=0.002517191 | MAE=0.038565584 | RMSE=0.050171620 | MAPE=23.502289604% | params={'learning_rate': 0.030769261622684136, 'decay_rate': 0.001006631823658248, 'hidden_size': 64, 'signal_len': 16, 'cheb_order': 3, 's': 6.974893270199998, 'batch_size': 128, 'k': 4}
Trial 467 finished with value 0.025792341 | dataset=nyse | model=ufgtime_plus | val_MSE=0.003069060 | test_MSE=0.001701733 | MAE=0.025792341 | RMSE=0.041252063 | MAPE=17.507506822% | params={'learning_rate': 0.020849264764554124, 'decay_rate': 1.2552253543338828e-05, 'hidden_size': 64, 'signal_len': 16, 'cheb_order': 3, 's': 6.81911894547576, 'batch_size': 64, 'k': 4}
Trial 468 finished with value 0.049259661 | dataset=nyse | model=ufgtime_plus | val_MSE=0.008397776 | test_MSE=0.003820518 | MAE=0.049259661 | RMSE=0.061810343 | MAPE=28.931984705% | params={'learning_rate': 0.021050645153600646, 'decay_rate': 0.0016939853566136085, 'hidden_size': 32, 'signal_len': 16, 'cheb_order': 3, 's': 6.630002496560138, 'batch_size': 64, 'k': 4}
Trial 469 finished with value 0.047189827 | dataset=nyse | model=ufgtime_plus | val_MSE=0.008660682 | test_MSE=0.003538473 | MAE=0.047189827 | RMSE=0.059485067 | MAPE=27.961916197% | params={'learning_rate': 0.018399939946181394, 'decay_rate': 0.0026894902891562494, 'hidden_size': 64, 'signal_len': 16, 'cheb_order': 2, 's': 6.804231821403997, 'batch_size': 128, 'k': 4}
Trial 470 finished with value 0.115320764 | dataset=nyse | model=ufgtime_plus | val_MSE=0.004844688 | test_MSE=0.018770902 | MAE=0.115320764 | RMSE=0.137006940 | MAPE=71.660646704% | params={'learning_rate': 0.019354060525750633, 'decay_rate': 2.3496672491066977e-05, 'hidden_size': 16, 'signal_len': 8, 'cheb_order': 3, 's': 6.233845155668319, 'batch_size': 64, 'k': 4}
Trial 471 finished with value 0.039743719 | dataset=nyse | model=ufgtime_plus | val_MSE=0.007989721 | test_MSE=0.002666727 | MAE=0.039743719 | RMSE=0.051640359 | MAPE=24.032636894% | params={'learning_rate': 0.020776506534450127, 'decay_rate': 0.0009942207754494471, 'hidden_size': 64, 'signal_len': 16, 'cheb_order': 3, 's': 3.5440716988700007, 'batch_size': 64, 'k': 4}
