Trial 59 finished with value 0.054946405 | dataset=nyse | model=ufgtime_plus | val_MSE=0.008350082 | test_MSE=0.004675128 | MAE=0.054946405 | RMSE=0.068374911 | MAPE=32.340160863% | params={'learning_rate': 0.020872215794470534, 'decay_rate': 0.0018139453039483476, 'hidden_size': 16, 'signal_len': 16, 'cheb_order': 2, 's': 6.283524387248523, 'batch_size': 64, 'k': 4}
Trial 60 finished with value 0.054717194 | dataset=nyse | model=ufgtime_plus | val_MSE=0.004872373 | test_MSE=0.004932753 | MAE=0.054717194 | RMSE=0.070233561 | MAPE=32.149020293% | params={'learning_rate': 0.03411417078617261, 'decay_rate': 1.458510918568378e-05, 'hidden_size': 16, 'signal_len': 16, 'cheb_order': 3, 's': 4.427639096252464, 'batch_size': 16, 'k': 4}
Trial 61 finished with value 0.032962838 | dataset=nyse | model=ufgtime_plus | val_MSE=0.005358319 | test_MSE=0.001944955 | MAE=0.032962838 | RMSE=0.044101639 | MAPE=21.341977874% | params={'learning_rate': 0.031853974158925505, 'decay_rate': 7.614424534480874e-05, 'hidden_size': 16, 'signal_len': 16, 'cheb_order': 2, 's': 5.542528703184457, 'batch_size': 256, 'k': 4}
Trial 62 finished with value 0.045484927 | dataset=nyse | model=ufgtime_plus | val_MSE=0.008505732 | test_MSE=0.003349589 | MAE=0.045484927 | RMSE=0.057875630 | MAPE=27.042378568% | params={'learning_rate': 0.030517010840296645, 'decay_rate': 0.0018073753998539225, 'hidden_size': 16, 'signal_len': 16, 'cheb_order': 2, 's': 5.513713280084719, 'batch_size': 256, 'k': 4}
Trial 63 finished with value 0.057557984 | dataset=nyse | model=ufgtime_plus | val_MSE=0.008645785 | test_MSE=0.004860840 | MAE=0.057557984 | RMSE=0.069719724 | MAPE=33.769932645% | params={'learning_rate': 0.016935179558453542, 'decay_rate': 0.004167238042538027, 'hidden_size': 16, 'signal_len': 16, 'cheb_order': 2, 's': 4.999966968469413, 'batch_size': 256, 'k': 4}
Trial 64 finished with value 0.041505370 | dataset=nyse | model=ufgtime_plus | val_MSE=0.008262047 | test_MSE=0.002875375 | MAE=0.041505370 | RMSE=0.053622527 | MAPE=24.994697932% | params={'learning_rate': 0.031701471223245035, 'decay_rate': 0.0011958227788869903, 'hidden_size': 16, 'signal_len': 16, 'cheb_order': 2, 's': 6.623398747551235, 'batch_size': 256, 'k': 4}
Trial 65 finished with value 0.066114681 | dataset=nyse | model=ufgtime_plus | val_MSE=0.008533427 | test_MSE=0.006225405 | MAE=0.066114681 | RMSE=0.078901235 | MAPE=38.968788870% | params={'learning_rate': 0.027970934029539717, 'decay_rate': 0.0038207773086720827, 'hidden_size': 16, 'signal_len': 16, 'cheb_order': 2, 's': 3.8154529721224577, 'batch_size': 64, 'k': 4}
Trial 66 finished with value 0.077487689 | dataset=nyse | model=ufgtime_plus | val_MSE=0.008532304 | test_MSE=0.007710391 | MAE=0.077487689 | RMSE=0.087808834 | MAPE=45.810190015% | params={'learning_rate': 0.024323034964235102, 'decay_rate': 0.006790068785866003, 'hidden_size': 64, 'signal_len': 16, 'cheb_order': 2, 's': 5.773201018286485, 'batch_size': 32, 'k': 4}
Trial 67 finished with value 0.080525821 | dataset=nyse | model=ufgtime_plus | val_MSE=0.008550326 | test_MSE=0.008175449 | MAE=0.080525821 | RMSE=0.090418189 | MAPE=47.853747845% | params={'learning_rate': 0.03389889100862163, 'decay_rate': 0.008974816899872569, 'hidden_size': 16, 'signal_len': 16, 'cheb_order': 2, 's': 3.4704053262275583, 'batch_size': 256, 'k': 4}
Trial 68 finished with value 0.033106855 | dataset=nyse | model=ufgtime_plus | val_MSE=0.006503265 | test_MSE=0.001929463 | MAE=0.033106855 | RMSE=0.043925656 | MAPE=21.327472827% | params={'learning_rate': 0.042713292954393814, 'decay_rate': 0.0003103616265408919, 'hidden_size': 16, 'signal_len': 16, 'cheb_order': 2, 's': 4.4304949299184795, 'batch_size': 256, 'k': 4}
Trial 69 finished with value 0.130441227 | dataset=nyse | model=ufgtime_plus | val_MSE=0.008413561 | test_MSE=0.018679614 | MAE=0.130441227 | RMSE=0.136673385 | MAPE=80.208647021% | params={'learning_rate': 0.0442574192462565, 'decay_rate': 0.022115327446313584, 'hidden_size': 16, 'signal_len': 16, 'cheb_order': 2, 's': 9.957414285012131, 'batch_size': 64, 'k': 4}
Trial 70 finished with value 0.065257920 | dataset=nyse | model=ufgtime_plus | val_MSE=0.008595891 | test_MSE=0.005908353 | MAE=0.065257920 | RMSE=0.076865814 | MAPE=38.366935706% | params={'learning_rate': 0.02583913224768316, 'decay_rate': 0.005035224906131999, 'hidden_size': 16, 'signal_len': 16, 'cheb_order': 2, 's': 4.472122875623632, 'batch_size': 256, 'k': 4}
Trial 71 finished with value 0.031046624 | dataset=nyse | model=ufgtime_plus | val_MSE=0.004270446 | test_MSE=0.001889324 | MAE=0.031046624 | RMSE=0.043466354 | MAPE=20.597177323% | params={'learning_rate': 0.038622579155583696, 'decay_rate': 0.0002313018247236546, 'hidden_size': 16, 'signal_len': 16, 'cheb_order': 2, 's': 5.0961519288113895, 'batch_size': 256, 'k': 4}
Trial 72 finished with value 0.056864054 | dataset=nyse | model=ufgtime_plus | val_MSE=0.008526205 | test_MSE=0.004788675 | MAE=0.056864054 | RMSE=0.069200254 | MAPE=33.442454652% | params={'learning_rate': 0.04129549629211113, 'decay_rate': 0.00252777058776291, 'hidden_size': 16, 'signal_len': 16, 'cheb_order': 2, 's': 5.113169178456045, 'batch_size': 256, 'k': 4}
Trial 73 finished with value 0.042392071 | dataset=nyse | model=ufgtime_plus | val_MSE=0.008195124 | test_MSE=0.002978197 | MAE=0.042392071 | RMSE=0.054572864 | MAPE=25.341126491% | params={'learning_rate': 0.03849388226947346, 'decay_rate': 0.001165956600813593, 'hidden_size': 16, 'signal_len': 16, 'cheb_order': 2, 's': 3.9639421593098456, 'batch_size': 256, 'k': 4}
Trial 74 finished with value 0.035576090 | dataset=nyse | model=ufgtime_plus | val_MSE=0.004335955 | test_MSE=0.002373152 | MAE=0.035576090 | RMSE=0.048715013 | MAPE=21.895535207% | params={'learning_rate': 0.04305808285030229, 'decay_rate': 0.00014361043533729796, 'hidden_size': 16, 'signal_len': 16, 'cheb_order': 2, 's': 5.4047056503004685, 'batch_size': 256, 'k': 4}
Trial 75 finished with value 0.060258161 | dataset=nyse | model=ufgtime_plus | val_MSE=0.008609767 | test_MSE=0.005240586 | MAE=0.060258161 | RMSE=0.072391889 | MAPE=35.374996901% | params={'learning_rate': 0.036949884031190566, 'decay_rate': 0.004101197848495797, 'hidden_size': 16, 'signal_len': 16, 'cheb_order': 2, 's': 6.111977501916336, 'batch_size': 256, 'k': 4}
Trial 76 finished with value 0.067629459 | dataset=nyse | model=ufgtime_plus | val_MSE=0.008394727 | test_MSE=0.006439646 | MAE=0.067629459 | RMSE=0.080247406 | MAPE=39.791620174% | params={'learning_rate': 0.040671988908385796, 'decay_rate': 0.002491660534336839, 'hidden_size': 32, 'signal_len': 16, 'cheb_order': 2, 's': 4.245880830709138, 'batch_size': 16, 'k': 4}
Trial 77 finished with value 0.071081637 | dataset=nyse | model=ufgtime_plus | val_MSE=0.008604288 | test_MSE=0.006727902 | MAE=0.071081637 | RMSE=0.082023791 | MAPE=41.946068361% | params={'learning_rate': 0.035318549698607454, 'decay_rate': 0.0063785181434892245, 'hidden_size': 16, 'signal_len': 16, 'cheb_order': 3, 's': 4.624099292212103, 'batch_size': 256, 'k': 4}
Trial 78 finished with value 0.045029683 | dataset=nyse | model=ufgtime_plus | val_MSE=0.008279611 | test_MSE=0.003294586 | MAE=0.045029683 | RMSE=0.057398487 | MAPE=26.693203151% | params={'learning_rate': 0.017419755777243633, 'decay_rate': 0.0012773919245800157, 'hidden_size': 16, 'signal_len': 16, 'cheb_order': 2, 's': 3.483692120698248, 'batch_size': 256, 'k': 2}
Trial 79 finished with value 0.060398082 | dataset=nyse | model=ufgtime_plus | val_MSE=0.008637216 | test_MSE=0.005225501 | MAE=0.060398082 | RMSE=0.072287628 | MAPE=35.414002268% | params={'learning_rate': 0.039446560003818604, 'decay_rate': 0.0044737097860300026, 'hidden_size': 64, 'signal_len': 16, 'cheb_order': 2, 's': 5.363664890267315, 'batch_size': 256, 'k': 4}
Trial 80 finished with value 0.143627413 | dataset=nyse | model=ufgtime_plus | val_MSE=0.008405287 | test_MSE=0.022329776 | MAE=0.143627413 | RMSE=0.149431508 | MAPE=88.744219942% | params={'learning_rate': 0.04274337614069398, 'decay_rate': 0.02544631868370669, 'hidden_size': 16, 'signal_len': 16, 'cheb_order': 2, 's': 7.330022647868761, 'batch_size': 32, 'k': 4}
Trial 81 finished with value 0.037124967 | dataset=nyse | model=ufgtime_plus | val_MSE=0.007215153 | test_MSE=0.002437181 | MAE=0.037124967 | RMSE=0.049367809 | MAPE=22.649603362% | params={'learning_rate': 0.04799792911858247, 'decay_rate': 0.00045147587504867947, 'hidden_size': 16, 'signal_len': 16, 'cheb_order': 2, 's': 4.872897154146776, 'batch_size': 256, 'k': 4}
Trial 82 finished with value 0.050482975 | dataset=nyse | model=ufgtime_plus | val_MSE=0.008603806 | test_MSE=0.003964512 | MAE=0.050482975 | RMSE=0.062964374 | MAPE=29.712633102% | params={'learning_rate': 0.0370383488950042, 'decay_rate': 0.0027536748931479378, 'hidden_size': 16, 'signal_len': 8, 'cheb_order': 2, 's': 5.617713900881966, 'batch_size': 256, 'k': 4}
Trial 83 finished with value 0.030159328 | dataset=nyse | model=ufgtime_plus | val_MSE=0.005455124 | test_MSE=0.001660792 | MAE=0.030159328 | RMSE=0.040752820 | MAPE=19.571406719% | params={'learning_rate': 0.02905262900777666, 'decay_rate': 0.00022005618466543837, 'hidden_size': 16, 'signal_len': 16, 'cheb_order': 2, 's': 4.411490116078973, 'batch_size': 256, 'k': 4}
Trial 84 finished with value 0.056836820 | dataset=nyse | model=ufgtime_plus | val_MSE=0.008590995 | test_MSE=0.004775164 | MAE=0.056836820 | RMSE=0.069102563 | MAPE=33.395462714% | params={'learning_rate': 0.02911685793903732, 'decay_rate': 0.0029425205657157413, 'hidden_size': 16, 'signal_len': 16, 'cheb_order': 2, 's': 4.330318129699537, 'batch_size': 256, 'k': 4}
Trial 85 finished with value 0.043701802 | dataset=nyse | model=ufgtime_plus | val_MSE=0.008274375 | test_MSE=0.003131896 | MAE=0.043701802 | RMSE=0.055963347 | MAPE=26.026920856% | params={'learning_rate': 0.020321436793684894, 'decay_rate': 0.0012278047855686762, 'hidden_size': 16, 'signal_len': 16, 'cheb_order': 2, 's': 3.9545667664946227, 'batch_size': 256, 'k': 4}
Trial 86 finished with value 0.085905770 | dataset=nyse | model=ufgtime_plus | val_MSE=0.008466945 | test_MSE=0.009191313 | MAE=0.085905770 | RMSE=0.095871338 | MAPE=51.385068509% | params={'learning_rate': 0.022437592707473034, 'decay_rate': 0.006013279538156895, 'hidden_size': 16, 'signal_len': 16, 'cheb_order': 2, 's': 5.15201195420279, 'batch_size': 64, 'k': 4}
Trial 87 finished with value 0.029232435 | dataset=nyse | model=ufgtime_plus | val_MSE=0.005242168 | test_MSE=0.001636269 | MAE=0.029232435 | RMSE=0.040450827 | MAPE=19.467953853% | params={'learning_rate': 0.02689691301047673, 'decay_rate': 4.478394901079392e-05, 'hidden_size': 16, 'signal_len': 16, 'cheb_order': 2, 's': 4.561391786826728, 'batch_size': 256, 'k': 4}
Trial 88 finished with value 0.076783840 | dataset=nyse | model=ufgtime_plus | val_MSE=0.008581129 | test_MSE=0.007606752 | MAE=0.076783840 | RMSE=0.087216696 | MAPE=45.554652237% | params={'learning_rate': 0.02669382074434148, 'decay_rate': 0.007853743372826972, 'hidden_size': 16, 'signal_len': 16, 'cheb_order': 2, 's': 4.567681609162712, 'batch_size': 256, 'k': 4}
Trial 89 finished with value 0.148863090 | dataset=nyse | model=ufgtime_plus | val_MSE=0.008541748 | test_MSE=0.023840855 | MAE=0.148863090 | RMSE=0.154404842 | MAPE=92.381865777% | params={'learning_rate': 0.028862034412119143, 'decay_rate': 0.028541868525754268, 'hidden_size': 16, 'signal_len': 16, 'cheb_order': 3, 's': 4.853784420320012, 'batch_size': 256, 'k': 4}
Trial 90 finished with value 0.059046247 | dataset=nyse | model=ufgtime_plus | val_MSE=0.008594257 | test_MSE=0.005080460 | MAE=0.059046247 | RMSE=0.071277342 | MAPE=34.728524821% | params={'learning_rate': 0.03159236174952199, 'decay_rate': 0.0035569840706271747, 'hidden_size': 32, 'signal_len': 16, 'cheb_order': 2, 's': 5.98075925844465, 'batch_size': 64, 'k': 4}
Trial 91 finished with value 0.041290711 | dataset=nyse | model=ufgtime_plus | val_MSE=0.008003660 | test_MSE=0.002860361 | MAE=0.041290711 | RMSE=0.053482343 | MAPE=24.700555540% | params={'learning_rate': 0.02315047172739442, 'decay_rate': 0.0008719805844938685, 'hidden_size': 16, 'signal_len': 16, 'cheb_order': 2, 's': 3.148504171444258, 'batch_size': 256, 'k': 4}
Trial 92 finished with value 0.054564161 | dataset=nyse | model=ufgtime_plus | val_MSE=0.008571459 | test_MSE=0.004478937 | MAE=0.054564161 | RMSE=0.066924864 | MAPE=32.072296498% | params={'learning_rate': 0.03304489973601498, 'decay_rate': 0.0023864971168106436, 'hidden_size': 16, 'signal_len': 16, 'cheb_order': 2, 's': 4.230164276686421, 'batch_size': 256, 'k': 4}
Trial 93 finished with value 0.030190149 | dataset=nyse | model=ufgtime_plus | val_MSE=0.006063995 | test_MSE=0.001635597 | MAE=0.030190149 | RMSE=0.040442515 | MAPE=19.693156845% | params={'learning_rate': 0.025126170928697403, 'decay_rate': 0.00025664791096535245, 'hidden_size': 16, 'signal_len': 16, 'cheb_order': 2, 's': 5.651085308859498, 'batch_size': 256, 'k': 4}
Trial 94 finished with value 0.047220164 | dataset=nyse | model=ufgtime_plus | val_MSE=0.008377790 | test_MSE=0.003583094 | MAE=0.047220164 | RMSE=0.059858954 | MAPE=28.043818330% | params={'learning_rate': 0.024774125521814988, 'decay_rate': 0.0015722979782495552, 'hidden_size': 16, 'signal_len': 16, 'cheb_order': 2, 's': 5.272069185752492, 'batch_size': 256, 'k': 4}
Trial 95 finished with value 0.067274068 | dataset=nyse | model=ufgtime_plus | val_MSE=0.008575994 | test_MSE=0.006210780 | MAE=0.067274068 | RMSE=0.078808499 | MAPE=39.701095458% | params={'learning_rate': 0.027223022561820617, 'decay_rate': 0.004578233815871844, 'hidden_size': 16, 'signal_len': 16, 'cheb_order': 2, 's': 5.6528039510927535, 'batch_size': 128, 'k': 4}
Trial 96 finished with value 0.057524379 | dataset=nyse | model=ufgtime_plus | val_MSE=0.004888361 | test_MSE=0.005366220 | MAE=0.057524379 | RMSE=0.073254488 | MAPE=33.786395963% | params={'learning_rate': 0.030122190084318566, 'decay_rate': 3.228597964554906e-05, 'hidden_size': 16, 'signal_len': 16, 'cheb_order': 2, 's': 4.970904848363199, 'batch_size': 16, 'k': 4}
Trial 97 finished with value 0.054974887 | dataset=nyse | model=ufgtime_plus | val_MSE=0.008622601 | test_MSE=0.004531552 | MAE=0.054974887 | RMSE=0.067316801 | MAPE=32.309854582% | params={'learning_rate': 0.02610188939758387, 'decay_rate': 0.003176544366631294, 'hidden_size': 16, 'signal_len': 16, 'cheb_order': 2, 's': 6.5013302937033695, 'batch_size': 256, 'k': 4}
Trial 98 finished with value 0.048075211 | dataset=nyse | model=ufgtime_plus | val_MSE=0.008573531 | test_MSE=0.003657983 | MAE=0.048075211 | RMSE=0.060481264 | MAPE=28.369117444% | params={'learning_rate': 0.021486838842836014, 'decay_rate': 0.002173278698976901, 'hidden_size': 16, 'signal_len': 16, 'cheb_order': 2, 's': 4.548877393209794, 'batch_size': 256, 'k': 4}
Trial 99 finished with value 0.068572483 | dataset=nyse | model=ufgtime_plus | val_MSE=0.008580890 | test_MSE=0.006342353 | MAE=0.068572483 | RMSE=0.079638892 | MAPE=40.469477882% | params={'learning_rate': 0.02852077540847981, 'decay_rate': 0.005455604885525086, 'hidden_size': 64, 'signal_len': 16, 'cheb_order': 2, 's': 4.744932500596208, 'batch_size': 64, 'k': 3}
Trial 100 finished with value 0.040760825 | dataset=nyse | model=ufgtime_plus | val_MSE=0.008080848 | test_MSE=0.002782742 | MAE=0.040760825 | RMSE=0.052751700 | MAPE=24.483846713% | params={'learning_rate': 0.033503617802539756, 'decay_rate': 0.0010013988249982452, 'hidden_size': 16, 'signal_len': 16, 'cheb_order': 2, 's': 6.13640105033488, 'batch_size': 256, 'k': 4}
Trial 101 finished with value 0.041438996 | dataset=nyse | model=ufgtime_plus | val_MSE=0.008158401 | test_MSE=0.002863625 | MAE=0.041438996 | RMSE=0.053512847 | MAPE=24.915570354% | params={'learning_rate': 0.018088674137975942, 'decay_rate': 0.0010115491048957306, 'hidden_size': 16, 'signal_len': 16, 'cheb_order': 2, 's': 3.895428835819514, 'batch_size': 256, 'k': 4}
Trial 102 finished with value 0.032369895 | dataset=nyse | model=ufgtime_plus | val_MSE=0.006299892 | test_MSE=0.001938151 | MAE=0.032369895 | RMSE=0.044024435 | MAPE=20.350765159% | params={'learning_rate': 0.019507991119013475, 'decay_rate': 0.00021521059610728468, 'hidden_size': 16, 'signal_len': 16, 'cheb_order': 2, 's': 4.382329569418245, 'batch_size': 256, 'k': 4}
Trial 103 finished with value 0.031612175 | dataset=nyse | model=ufgtime_plus | val_MSE=0.005186889 | test_MSE=0.001981475 | MAE=0.031612175 | RMSE=0.044513759 | MAPE=19.958910644% | params={'learning_rate': 0.02549839473465599, 'decay_rate': 4.786764688220399e-05, 'hidden_size': 16, 'signal_len': 16, 'cheb_order': 2, 's': 5.516159127396566, 'batch_size': 256, 'k': 4}
Trial 104 finished with value 0.050036104 | dataset=nyse | model=ufgtime_plus | val_MSE=0.008558752 | test_MSE=0.003927677 | MAE=0.050036104 | RMSE=0.062671179 | MAPE=29.511971552% | params={'learning_rate': 0.02530869574188712, 'decay_rate': 0.002221999064755349, 'hidden_size': 16, 'signal_len': 16, 'cheb_order': 2, 's': 5.803185267199321, 'batch_size': 256, 'k': 4}
Trial 105 finished with value 0.054633806 | dataset=nyse | model=ufgtime_plus | val_MSE=0.008639281 | test_MSE=0.004479659 | MAE=0.054633806 | RMSE=0.066930256 | MAPE=32.069551713% | params={'learning_rate': 0.023543833720944884, 'decay_rate': 0.0035377501854507655, 'hidden_size': 16, 'signal_len': 16, 'cheb_order': 2, 's': 5.5504225872108774, 'batch_size': 256, 'k': 4}
Trial 106 finished with value 0.047680578 | dataset=nyse | model=ufgtime_plus | val_MSE=0.008475690 | test_MSE=0.003610513 | MAE=0.047680578 | RMSE=0.060087544 | MAPE=28.229807623% | params={'learning_rate': 0.01970532259868431, 'decay_rate': 0.0016991996145433415, 'hidden_size': 16, 'signal_len': 16, 'cheb_order': 2, 's': 5.064418698055428, 'batch_size': 256, 'k': 4}
Trial 107 finished with value 0.075233861 | dataset=nyse | model=ufgtime_plus | val_MSE=0.008616624 | test_MSE=0.007453419 | MAE=0.075233861 | RMSE=0.086333186 | MAPE=44.305446245% | params={'learning_rate': 0.02119321480740747, 'decay_rate': 0.004467686965598032, 'hidden_size': 16, 'signal_len': 16, 'cheb_order': 2, 's': 5.424760377735507, 'batch_size': 32, 'k': 4}
Trial 108 finished with value 0.028017785 | dataset=nyse | model=ufgtime_plus | val_MSE=0.003301142 | test_MSE=0.001821070 | MAE=0.028017785 | RMSE=0.042673991 | MAPE=18.357405077% | params={'learning_rate': 0.027491754746547862, 'decay_rate': 5.1719387561516636e-05, 'hidden_size': 16, 'signal_len': 16, 'cheb_order': 3, 's': 6.3628280138639335, 'batch_size': 64, 'k': 4}
Trial 109 finished with value 0.175432622 | dataset=nyse | model=ufgtime_plus | val_MSE=0.008578991 | test_MSE=0.032456565 | MAE=0.175432622 | RMSE=0.180157056 | MAPE=109.489543517% | params={'learning_rate': 0.027695752791143315, 'decay_rate': 0.04386656316200412, 'hidden_size': 16, 'signal_len': 16, 'cheb_order': 3, 's': 6.0074263189383625, 'batch_size': 64, 'k': 4}
Trial 110 finished with value 0.113670994 | dataset=nyse | model=ufgtime_plus | val_MSE=0.008422339 | test_MSE=0.014609088 | MAE=0.113670994 | RMSE=0.120868061 | MAPE=69.411537710% | params={'learning_rate': 0.024248797810511105, 'decay_rate': 0.016687473708618672, 'hidden_size': 32, 'signal_len': 16, 'cheb_order': 3, 's': 6.34929686087735, 'batch_size': 64, 'k': 4}
Trial 111 finished with value 0.041556588 | dataset=nyse | model=ufgtime_plus | val_MSE=0.007940764 | test_MSE=0.002893940 | MAE=0.041556588 | RMSE=0.053795355 | MAPE=24.839622742% | params={'learning_rate': 0.029371479381963148, 'decay_rate': 0.0009842249927434219, 'hidden_size': 16, 'signal_len': 16, 'cheb_order': 3, 's': 5.740777539162883, 'batch_size': 64, 'k': 4}
Trial 112 finished with value 0.028268978 | dataset=nyse | model=ufgtime_plus | val_MSE=0.003387063 | test_MSE=0.001675823 | MAE=0.028268978 | RMSE=0.040936815 | MAPE=19.136005602% | params={'learning_rate': 0.026361037416626293, 'decay_rate': 6.427017835549395e-05, 'hidden_size': 16, 'signal_len': 16, 'cheb_order': 3, 's': 6.680116273277823, 'batch_size': 64, 'k': 4}
Trial 113 finished with value 0.075084994 | dataset=nyse | model=ufgtime_plus | val_MSE=0.008488420 | test_MSE=0.007404878 | MAE=0.075084994 | RMSE=0.086051601 | MAPE=44.642145598% | params={'learning_rate': 0.02641698654881153, 'decay_rate': 0.0029779178654692146, 'hidden_size': 16, 'signal_len': 16, 'cheb_order': 3, 's': 6.848017373564646, 'batch_size': 64, 'k': 4}
Trial 114 finished with value 0.165062249 | dataset=nyse | model=ufgtime_plus | val_MSE=0.008513701 | test_MSE=0.028922406 | MAE=0.165062249 | RMSE=0.170065888 | MAPE=102.683307441% | params={'learning_rate': 0.021954806263655407, 'decay_rate': 0.036640132928398815, 'hidden_size': 16, 'signal_len': 16, 'cheb_order': 3, 's': 7.213373095629972, 'batch_size': 64, 'k': 4}
Trial 115 finished with value 0.046965149 | dataset=nyse | model=ufgtime_plus | val_MSE=0.008447231 | test_MSE=0.003529421 | MAE=0.046965149 | RMSE=0.059408928 | MAPE=27.775615101% | params={'learning_rate': 0.02326404093724904, 'decay_rate': 0.001800014369609077, 'hidden_size': 16, 'signal_len': 16, 'cheb_order': 3, 's': 6.5725646679405845, 'batch_size': 64, 'k': 4}
Trial 116 finished with value 0.031345202 | dataset=nyse | model=ufgtime_plus | val_MSE=0.004932996 | test_MSE=0.001902541 | MAE=0.031345202 | RMSE=0.043618122 | MAPE=20.087736170% | params={'learning_rate': 0.02521149464755946, 'decay_rate': 0.0001517238021822888, 'hidden_size': 16, 'signal_len': 16, 'cheb_order': 3, 's': 7.631784046171713, 'batch_size': 64, 'k': 4}
Trial 117 finished with value 0.075550240 | dataset=nyse | model=ufgtime_plus | val_MSE=0.008496577 | test_MSE=0.007456976 | MAE=0.075550240 | RMSE=0.086353786 | MAPE=44.912893104% | params={'learning_rate': 0.025233202806740174, 'decay_rate': 0.0035110436607181236, 'hidden_size': 16, 'signal_len': 16, 'cheb_order': 3, 's': 7.937872895642682, 'batch_size': 64, 'k': 4}
