Trial 118 finished with value 0.057758228 | dataset=nyse | model=ufgtime_plus | val_MSE=0.008364677 | test_MSE=0.005077100 | MAE=0.057758228 | RMSE=0.071253771 | MAPE=33.918639362% | params={'learning_rate': 0.02799803994057485, 'decay_rate': 0.0021840996280688024, 'hidden_size': 16, 'signal_len': 16, 'cheb_order': 3, 's': 8.484274385784897, 'batch_size': 64, 'k': 4}
Trial 119 finished with value 0.044539512 | dataset=nyse | model=ufgtime_plus | val_MSE=0.007968467 | test_MSE=0.003239382 | MAE=0.044539512 | RMSE=0.056915569 | MAPE=26.346043445% | params={'learning_rate': 0.02671724957228803, 'decay_rate': 0.0010546599577921781, 'hidden_size': 64, 'signal_len': 16, 'cheb_order': 3, 's': 7.978591947085787, 'batch_size': 64, 'k': 4}
Trial 120 finished with value 0.085014353 | dataset=nyse | model=ufgtime_plus | val_MSE=0.008494116 | test_MSE=0.009033114 | MAE=0.085014353 | RMSE=0.095042695 | MAPE=50.852771561% | params={'learning_rate': 0.02390117782364576, 'decay_rate': 0.005953338419322392, 'hidden_size': 16, 'signal_len': 16, 'cheb_order': 3, 's': 7.1593788462275425, 'batch_size': 64, 'k': 4}
Trial 121 finished with value 0.089903287 | dataset=nyse | model=ufgtime_plus | val_MSE=0.004301761 | test_MSE=0.010023662 | MAE=0.089903287 | RMSE=0.100118238 | MAPE=53.390230203% | params={'learning_rate': 0.0007749586703061397, 'decay_rate': 8.941742050363909e-05, 'hidden_size': 16, 'signal_len': 16, 'cheb_order': 3, 's': 4.114580542884019, 'batch_size': 64, 'k': 4}
Trial 122 finished with value 0.050321698 | dataset=nyse | model=ufgtime_plus | val_MSE=0.007440943 | test_MSE=0.004009550 | MAE=0.050321698 | RMSE=0.063321005 | MAPE=29.477128970% | params={'learning_rate': 0.02050483801959962, 'decay_rate': 0.0008024543263739779, 'hidden_size': 16, 'signal_len': 16, 'cheb_order': 3, 's': 6.3269977995610835, 'batch_size': 64, 'k': 4}
Trial 123 finished with value 0.028990836 | dataset=nyse | model=ufgtime_plus | val_MSE=0.003251509 | test_MSE=0.001910543 | MAE=0.028990836 | RMSE=0.043709757 | MAPE=19.373056349% | params={'learning_rate': 0.02982337489121418, 'decay_rate': 3.387038432882091e-05, 'hidden_size': 16, 'signal_len': 16, 'cheb_order': 3, 's': 7.774686965807001, 'batch_size': 128, 'k': 4}
Trial 124 finished with value 0.050996111 | dataset=nyse | model=ufgtime_plus | val_MSE=0.008576311 | test_MSE=0.004005437 | MAE=0.050996111 | RMSE=0.063288519 | MAPE=29.885370478% | params={'learning_rate': 0.030172786252376946, 'decay_rate': 0.0023060097401809447, 'hidden_size': 16, 'signal_len': 16, 'cheb_order': 3, 's': 7.4149582146941055, 'batch_size': 128, 'k': 4}
Trial 125 finished with value 0.060762661 | dataset=nyse | model=ufgtime_plus | val_MSE=0.008596803 | test_MSE=0.005306176 | MAE=0.060762661 | RMSE=0.072843501 | MAPE=35.636934904% | params={'learning_rate': 0.025627947209153724, 'decay_rate': 0.004019269451313959, 'hidden_size': 16, 'signal_len': 16, 'cheb_order': 3, 's': 7.6662553470680574, 'batch_size': 128, 'k': 4}
Trial 126 finished with value 0.023914661 | dataset=nyse | model=ufgtime_plus | val_MSE=0.003097759 | test_MSE=0.001413660 | MAE=0.023914661 | RMSE=0.037598671 | MAPE=16.249681183% | params={'learning_rate': 0.02745361950127975, 'decay_rate': 3.0183399924827052e-05, 'hidden_size': 16, 'signal_len': 16, 'cheb_order': 3, 's': 7.014701763605402, 'batch_size': 128, 'k': 4}
Trial 127 finished with value 0.045206572 | dataset=nyse | model=ufgtime_plus | val_MSE=0.008404203 | test_MSE=0.003303987 | MAE=0.045206572 | RMSE=0.057480315 | MAPE=26.815155456% | params={'learning_rate': 0.030823179332844508, 'decay_rate': 0.001644587271394235, 'hidden_size': 16, 'signal_len': 16, 'cheb_order': 3, 's': 7.590034913022338, 'batch_size': 128, 'k': 4}
Trial 128 finished with value 0.138863795 | dataset=nyse | model=ufgtime_plus | val_MSE=0.008411325 | test_MSE=0.020969858 | MAE=0.138863795 | RMSE=0.144809730 | MAPE=85.714880052% | params={'learning_rate': 0.027553211688770764, 'decay_rate': 0.024148426840623575, 'hidden_size': 16, 'signal_len': 16, 'cheb_order': 3, 's': 7.776682739828704, 'batch_size': 128, 'k': 2}
Trial 129 finished with value 0.053719197 | dataset=nyse | model=ufgtime_plus | val_MSE=0.008611198 | test_MSE=0.004387439 | MAE=0.053719197 | RMSE=0.066237744 | MAPE=31.540170386% | params={'learning_rate': 0.029124903906512484, 'decay_rate': 0.00303193982230181, 'hidden_size': 16, 'signal_len': 16, 'cheb_order': 3, 's': 6.718545232586828, 'batch_size': 128, 'k': 4}
Trial 130 finished with value 0.039552536 | dataset=nyse | model=ufgtime_plus | val_MSE=0.008286069 | test_MSE=0.002632484 | MAE=0.039552536 | RMSE=0.051307741 | MAPE=24.051222998% | params={'learning_rate': 0.03245578839572868, 'decay_rate': 0.0012399092563259622, 'hidden_size': 16, 'signal_len': 16, 'cheb_order': 3, 's': 8.350422511269432, 'batch_size': 128, 'k': 3}
Trial 131 finished with value 0.028106209 | dataset=nyse | model=ufgtime_plus | val_MSE=0.004815876 | test_MSE=0.001626219 | MAE=0.028106209 | RMSE=0.040326402 | MAPE=17.919568981% | params={'learning_rate': 0.02461710712683205, 'decay_rate': 0.00014127877359542844, 'hidden_size': 16, 'signal_len': 16, 'cheb_order': 3, 's': 6.907134073270622, 'batch_size': 128, 'k': 4}
Trial 132 finished with value 0.047539369 | dataset=nyse | model=ufgtime_plus | val_MSE=0.008554763 | test_MSE=0.003586049 | MAE=0.047539369 | RMSE=0.059883628 | MAPE=28.049101418% | params={'learning_rate': 0.02444097618927808, 'decay_rate': 0.0021924088475218065, 'hidden_size': 16, 'signal_len': 16, 'cheb_order': 3, 's': 7.092204304722755, 'batch_size': 128, 'k': 4}
Trial 133 finished with value 0.025613914 | dataset=nyse | model=ufgtime_plus | val_MSE=0.003239223 | test_MSE=0.001563254 | MAE=0.025613914 | RMSE=0.039538013 | MAPE=17.291031481% | params={'learning_rate': 0.038004942970102124, 'decay_rate': 3.9994994240713044e-05, 'hidden_size': 16, 'signal_len': 16, 'cheb_order': 3, 's': 7.4597953271069795, 'batch_size': 128, 'k': 4}
Trial 134 finished with value 0.042727639 | dataset=nyse | model=ufgtime_plus | val_MSE=0.008160796 | test_MSE=0.003016825 | MAE=0.042727639 | RMSE=0.054925627 | MAPE=25.480861870% | params={'learning_rate': 0.03911822547422904, 'decay_rate': 0.0011550130508244816, 'hidden_size': 16, 'signal_len': 16, 'cheb_order': 3, 's': 7.419261451773099, 'batch_size': 128, 'k': 4}
Trial 135 finished with value 0.051126188 | dataset=nyse | model=ufgtime_plus | val_MSE=0.008628471 | test_MSE=0.004041479 | MAE=0.051126188 | RMSE=0.063572625 | MAPE=30.099429531% | params={'learning_rate': 0.022625131035013284, 'decay_rate': 0.0029965855905108012, 'hidden_size': 16, 'signal_len': 16, 'cheb_order': 3, 's': 6.921419637906124, 'batch_size': 128, 'k': 4}
Trial 136 finished with value 0.045479378 | dataset=nyse | model=ufgtime_plus | val_MSE=0.008438459 | test_MSE=0.003336075 | MAE=0.045479378 | RMSE=0.057758769 | MAPE=26.958554607% | params={'learning_rate': 0.026720063010725777, 'decay_rate': 0.0017485650989402916, 'hidden_size': 16, 'signal_len': 16, 'cheb_order': 3, 's': 8.7858626474884, 'batch_size': 128, 'k': 4}
Trial 137 finished with value 0.064052066 | dataset=nyse | model=ufgtime_plus | val_MSE=0.008630656 | test_MSE=0.005700026 | MAE=0.064052066 | RMSE=0.075498514 | MAPE=37.620516942% | params={'learning_rate': 0.037258340768076145, 'decay_rate': 0.004749315975704854, 'hidden_size': 32, 'signal_len': 16, 'cheb_order': 3, 's': 6.730479193979225, 'batch_size': 128, 'k': 4}
Trial 138 finished with value 0.039965717 | dataset=nyse | model=ufgtime_plus | val_MSE=0.007781490 | test_MSE=0.002717299 | MAE=0.039965717 | RMSE=0.052127720 | MAPE=24.106329639% | params={'learning_rate': 0.03487548546851036, 'decay_rate': 0.0008482857099548588, 'hidden_size': 16, 'signal_len': 16, 'cheb_order': 3, 's': 7.140500995109093, 'batch_size': 128, 'k': 4}
Trial 139 finished with value 0.216952781 | dataset=nyse | model=ufgtime_plus | val_MSE=0.004467741 | test_MSE=0.054648860 | MAE=0.216952781 | RMSE=0.233770957 | MAPE=137.382254068% | params={'learning_rate': 0.0035107661677675796, 'decay_rate': 8.588657285940165e-05, 'hidden_size': 16, 'signal_len': 16, 'cheb_order': 3, 's': 6.975284438777864, 'batch_size': 128, 'k': 4}
Trial 140 finished with value 0.056458829 | dataset=nyse | model=ufgtime_plus | val_MSE=0.008631127 | test_MSE=0.004742423 | MAE=0.056458829 | RMSE=0.068865251 | MAPE=33.128367483% | params={'learning_rate': 0.028409782567814137, 'decay_rate': 0.0036821233763317837, 'hidden_size': 16, 'signal_len': 16, 'cheb_order': 3, 's': 6.450640851934289, 'batch_size': 128, 'k': 4}
Trial 141 finished with value 0.027324585 | dataset=nyse | model=ufgtime_plus | val_MSE=0.003193031 | test_MSE=0.001832271 | MAE=0.027324585 | RMSE=0.042805039 | MAPE=17.848498182% | params={'learning_rate': 0.03779910499770184, 'decay_rate': 3.8999324966321604e-05, 'hidden_size': 16, 'signal_len': 16, 'cheb_order': 3, 's': 7.4876741363727195, 'batch_size': 64, 'k': 4}
Trial 142 finished with value 0.026188758 | dataset=nyse | model=ufgtime_plus | val_MSE=0.003136206 | test_MSE=0.001616739 | MAE=0.026188758 | RMSE=0.040208695 | MAPE=17.887763612% | params={'learning_rate': 0.036107387744581616, 'decay_rate': 1.6932050061085272e-05, 'hidden_size': 16, 'signal_len': 16, 'cheb_order': 3, 's': 7.800723080453321, 'batch_size': 128, 'k': 4}
Trial 143 finished with value 0.048128076 | dataset=nyse | model=ufgtime_plus | val_MSE=0.008558321 | test_MSE=0.003667167 | MAE=0.048128076 | RMSE=0.060557138 | MAPE=28.454255739% | params={'learning_rate': 0.03488761551633143, 'decay_rate': 0.0022398418967212873, 'hidden_size': 16, 'signal_len': 16, 'cheb_order': 3, 's': 7.919817708934958, 'batch_size': 128, 'k': 4}
Trial 144 finished with value 0.049994291 | dataset=nyse | model=ufgtime_plus | val_MSE=0.008174546 | test_MSE=0.003919677 | MAE=0.049994291 | RMSE=0.062607324 | MAPE=29.272997854% | params={'learning_rate': 0.037859988011211695, 'decay_rate': 0.0011543995832060156, 'hidden_size': 16, 'signal_len': 16, 'cheb_order': 3, 's': 8.269547731077596, 'batch_size': 128, 'k': 4}
Trial 145 finished with value 0.082627138 | dataset=nyse | model=ufgtime_plus | val_MSE=0.008199659 | test_MSE=0.008799724 | MAE=0.082627138 | RMSE=0.093806843 | MAPE=48.884716732% | params={'learning_rate': 0.03584988314525522, 'decay_rate': 0.0029037639144176707, 'hidden_size': 16, 'signal_len': 16, 'cheb_order': 3, 's': 7.501839546868638, 'batch_size': 16, 'k': 4}
Trial 146 finished with value 0.048926638 | dataset=nyse | model=ufgtime_plus | val_MSE=0.008079808 | test_MSE=0.003778995 | MAE=0.048926638 | RMSE=0.061473530 | MAPE=28.640886258% | params={'learning_rate': 0.03963726380779667, 'decay_rate': 0.001038681472997286, 'hidden_size': 16, 'signal_len': 16, 'cheb_order': 3, 's': 6.190483035957634, 'batch_size': 128, 'k': 4}
Trial 147 finished with value 0.044165638 | dataset=nyse | model=ufgtime_plus | val_MSE=0.008523045 | test_MSE=0.003167231 | MAE=0.044165638 | RMSE=0.056278153 | MAPE=26.323426133% | params={'learning_rate': 0.03621534637138699, 'decay_rate': 0.0018422339819330633, 'hidden_size': 64, 'signal_len': 16, 'cheb_order': 3, 's': 7.781418352690585, 'batch_size': 128, 'k': 4}
Trial 148 finished with value 0.027946942 | dataset=nyse | model=ufgtime_plus | val_MSE=0.003055056 | test_MSE=0.001745054 | MAE=0.027946942 | RMSE=0.041773849 | MAPE=18.746789743% | params={'learning_rate': 0.027431793439464943, 'decay_rate': 2.1342948437202117e-05, 'hidden_size': 16, 'signal_len': 16, 'cheb_order': 3, 's': 7.296750152429333, 'batch_size': 64, 'k': 4}
Trial 149 finished with value 0.029957688 | dataset=nyse | model=ufgtime_plus | val_MSE=0.003288413 | test_MSE=0.001809261 | MAE=0.029957688 | RMSE=0.042535406 | MAPE=19.941590551% | params={'learning_rate': 0.029653830616891707, 'decay_rate': 5.6936272465123866e-05, 'hidden_size': 16, 'signal_len': 16, 'cheb_order': 3, 's': 7.370663229405266, 'batch_size': 64, 'k': 4}
Trial 150 finished with value 0.056344071 | dataset=nyse | model=ufgtime_plus | val_MSE=0.008479443 | test_MSE=0.004731088 | MAE=0.056344071 | RMSE=0.068782905 | MAPE=33.040363021% | params={'learning_rate': 0.0296800348680354, 'decay_rate': 0.0025245486447788372, 'hidden_size': 16, 'signal_len': 16, 'cheb_order': 3, 's': 7.3571824956505765, 'batch_size': 64, 'k': 4}
Trial 151 finished with value 0.025137110 | dataset=nyse | model=ufgtime_plus | val_MSE=0.003568579 | test_MSE=0.001594593 | MAE=0.025137110 | RMSE=0.039932353 | MAPE=16.557471678% | params={'learning_rate': 0.0312512171237334, 'decay_rate': 6.22698693726972e-05, 'hidden_size': 16, 'signal_len': 16, 'cheb_order': 3, 's': 7.2313607537382545, 'batch_size': 64, 'k': 4}
Trial 152 finished with value 0.028638837 | dataset=nyse | model=ufgtime_plus | val_MSE=0.003369175 | test_MSE=0.001883976 | MAE=0.028638837 | RMSE=0.043404787 | MAPE=18.676133280% | params={'learning_rate': 0.03171114565156781, 'decay_rate': 5.3679262614908686e-05, 'hidden_size': 16, 'signal_len': 16, 'cheb_order': 3, 's': 8.07528018280847, 'batch_size': 64, 'k': 4}
Trial 153 finished with value 0.053481915 | dataset=nyse | model=ufgtime_plus | val_MSE=0.007946058 | test_MSE=0.004517276 | MAE=0.053481915 | RMSE=0.067210685 | MAPE=31.319914427% | params={'learning_rate': 0.030790480403293487, 'decay_rate': 0.001195560692699367, 'hidden_size': 16, 'signal_len': 16, 'cheb_order': 3, 's': 8.046792170447821, 'batch_size': 64, 'k': 4}
Trial 154 finished with value 0.028880066 | dataset=nyse | model=ufgtime_plus | val_MSE=0.003087481 | test_MSE=0.001672815 | MAE=0.028880066 | RMSE=0.040900060 | MAPE=20.177428657% | params={'learning_rate': 0.03224352665979249, 'decay_rate': 1.610764001485623e-05, 'hidden_size': 16, 'signal_len': 16, 'cheb_order': 3, 's': 7.208051358599984, 'batch_size': 64, 'k': 4}
Trial 155 finished with value 0.058363419 | dataset=nyse | model=ufgtime_plus | val_MSE=0.008314261 | test_MSE=0.005090156 | MAE=0.058363419 | RMSE=0.071345328 | MAPE=34.215396714% | params={'learning_rate': 0.03186672419908506, 'decay_rate': 0.0017616147621973958, 'hidden_size': 16, 'signal_len': 16, 'cheb_order': 3, 's': 7.782088672755343, 'batch_size': 64, 'k': 4}
Trial 156 finished with value 0.042192548 | dataset=nyse | model=ufgtime_plus | val_MSE=0.007812960 | test_MSE=0.002981916 | MAE=0.042192548 | RMSE=0.054606925 | MAPE=25.133400774% | params={'learning_rate': 0.033582990524969825, 'decay_rate': 0.0009039523145858174, 'hidden_size': 16, 'signal_len': 16, 'cheb_order': 3, 's': 8.716212905807476, 'batch_size': 64, 'k': 4}
Trial 157 finished with value 0.029023330 | dataset=nyse | model=ufgtime_plus | val_MSE=0.003009690 | test_MSE=0.001937170 | MAE=0.029023330 | RMSE=0.044013296 | MAPE=19.204396447% | params={'learning_rate': 0.03160899812004266, 'decay_rate': 1.0986325265707217e-05, 'hidden_size': 16, 'signal_len': 16, 'cheb_order': 3, 's': 7.076186647794678, 'batch_size': 64, 'k': 4}
Trial 158 finished with value 0.063554407 | dataset=nyse | model=ufgtime_plus | val_MSE=0.008492167 | test_MSE=0.005697204 | MAE=0.063554407 | RMSE=0.075479823 | MAPE=37.385990003% | params={'learning_rate': 0.031107647501228273, 'decay_rate': 0.0031568838424312264, 'hidden_size': 16, 'signal_len': 16, 'cheb_order': 3, 's': 7.04934405176619, 'batch_size': 64, 'k': 4}
Trial 159 finished with value 0.052063316 | dataset=nyse | model=ufgtime_plus | val_MSE=0.008418560 | test_MSE=0.004171445 | MAE=0.052063316 | RMSE=0.064586723 | MAPE=30.551266978% | params={'learning_rate': 0.032783881317968167, 'decay_rate': 0.0019281480360280826, 'hidden_size': 16, 'signal_len': 16, 'cheb_order': 3, 's': 7.230671033901621, 'batch_size': 64, 'k': 4}
Trial 160 finished with value 0.059606078 | dataset=nyse | model=ufgtime_plus | val_MSE=0.008601661 | test_MSE=0.005157180 | MAE=0.059606078 | RMSE=0.071813510 | MAPE=35.009830522% | params={'learning_rate': 0.031935845512447214, 'decay_rate': 0.003774609363561955, 'hidden_size': 16, 'signal_len': 16, 'cheb_order': 3, 's': 6.851701961606153, 'batch_size': 64, 'k': 4}
Trial 161 finished with value 0.033416976 | dataset=nyse | model=ufgtime_plus | val_MSE=0.003505735 | test_MSE=0.002325517 | MAE=0.033416976 | RMSE=0.048223620 | MAPE=21.541929350% | params={'learning_rate': 0.028219160458586433, 'decay_rate': 8.374553887954626e-05, 'hidden_size': 16, 'signal_len': 16, 'cheb_order': 3, 's': 8.171077633663819, 'batch_size': 64, 'k': 4}
Trial 162 finished with value 0.041917465 | dataset=nyse | model=ufgtime_plus | val_MSE=0.007981782 | test_MSE=0.002933273 | MAE=0.041917465 | RMSE=0.054159697 | MAPE=25.026991035% | params={'learning_rate': 0.02745580795078381, 'decay_rate': 0.001023723779377929, 'hidden_size': 16, 'signal_len': 16, 'cheb_order': 3, 's': 7.518056080595923, 'batch_size': 64, 'k': 4}
Trial 163 finished with value 0.046335842 | dataset=nyse | model=ufgtime_plus | val_MSE=0.008444629 | test_MSE=0.003454252 | MAE=0.046335842 | RMSE=0.058772885 | MAPE=27.453878756% | params={'learning_rate': 0.034360572317097215, 'decay_rate': 0.0018408091764453047, 'hidden_size': 16, 'signal_len': 16, 'cheb_order': 3, 's': 7.018412858398543, 'batch_size': 64, 'k': 4}
Trial 164 finished with value 0.027903646 | dataset=nyse | model=ufgtime_plus | val_MSE=0.003216552 | test_MSE=0.001700690 | MAE=0.027903646 | RMSE=0.041239426 | MAPE=18.898568632% | params={'learning_rate': 0.026581006178958217, 'decay_rate': 3.8246441967395285e-05, 'hidden_size': 16, 'signal_len': 16, 'cheb_order': 3, 's': 6.655962236182681, 'batch_size': 64, 'k': 4}
Trial 165 finished with value 0.122684337 | dataset=nyse | model=ufgtime_plus | val_MSE=0.008429744 | test_MSE=0.016731630 | MAE=0.122684337 | RMSE=0.129350804 | MAPE=75.226397100% | params={'learning_rate': 0.026601561687063697, 'decay_rate': 0.019841352533954693, 'hidden_size': 16, 'signal_len': 16, 'cheb_order': 3, 's': 6.739148472865376, 'batch_size': 64, 'k': 4}
Trial 166 finished with value 0.047484608 | dataset=nyse | model=ufgtime_plus | val_MSE=0.007937005 | test_MSE=0.003624007 | MAE=0.047484608 | RMSE=0.060199728 | MAPE=27.909285935% | params={'learning_rate': 0.040232273052196905, 'decay_rate': 0.0010351374636730225, 'hidden_size': 16, 'signal_len': 16, 'cheb_order': 3, 's': 7.25350137369422, 'batch_size': 64, 'k': 4}
Trial 167 finished with value 0.057232402 | dataset=nyse | model=ufgtime_plus | val_MSE=0.008492097 | test_MSE=0.004849246 | MAE=0.057232402 | RMSE=0.069636527 | MAPE=33.561031852% | params={'learning_rate': 0.030258302861815287, 'decay_rate': 0.0026398296210084346, 'hidden_size': 16, 'signal_len': 16, 'cheb_order': 3, 's': 6.561663522475379, 'batch_size': 64, 'k': 4}
Trial 168 finished with value 0.026813302 | dataset=nyse | model=ufgtime_plus | val_MSE=0.003365610 | test_MSE=0.001585328 | MAE=0.026813302 | RMSE=0.039816182 | MAPE=17.985893626% | params={'learning_rate': 0.037745257608121786, 'decay_rate': 4.206727001414766e-05, 'hidden_size': 16, 'signal_len': 16, 'cheb_order': 3, 's': 7.618559490761628, 'batch_size': 64, 'k': 4}
Trial 169 finished with value 0.046596420 | dataset=nyse | model=ufgtime_plus | val_MSE=0.007813565 | test_MSE=0.003516504 | MAE=0.046596420 | RMSE=0.059300119 | MAPE=27.405740128% | params={'learning_rate': 0.03663805458805135, 'decay_rate': 0.0009356831913154196, 'hidden_size': 16, 'signal_len': 16, 'cheb_order': 3, 's': 7.795640420904141, 'batch_size': 64, 'k': 4}
Trial 170 finished with value 0.040947515 | dataset=nyse | model=ufgtime_plus | val_MSE=0.005073206 | test_MSE=0.003066685 | MAE=0.040947515 | RMSE=0.055377661 | MAPE=24.668618618% | params={'learning_rate': 0.037898932634226265, 'decay_rate': 2.254173597470479e-05, 'hidden_size': 32, 'signal_len': 16, 'cheb_order': 3, 's': 7.562950267615769, 'batch_size': 64, 'k': 4}
Trial 171 finished with value 0.056941638 | dataset=nyse | model=ufgtime_plus | val_MSE=0.008272382 | test_MSE=0.004883754 | MAE=0.056941638 | RMSE=0.069883861 | MAPE=33.381156895% | params={'learning_rate': 0.027518933034162172, 'decay_rate': 0.001674139059855117, 'hidden_size': 16, 'signal_len': 16, 'cheb_order': 3, 's': 7.160818484842797, 'batch_size': 64, 'k': 4}
Trial 172 finished with value 0.027893250 | dataset=nyse | model=ufgtime_plus | val_MSE=0.003287932 | test_MSE=0.001736187 | MAE=0.027893250 | RMSE=0.041667580 | MAPE=18.864613515% | params={'learning_rate': 0.04168021761343388, 'decay_rate': 2.0807993638407637e-05, 'hidden_size': 16, 'signal_len': 16, 'cheb_order': 3, 's': 7.673765937450098, 'batch_size': 64, 'k': 4}
Trial 173 finished with value 0.050113668 | dataset=nyse | model=ufgtime_plus | val_MSE=0.007537480 | test_MSE=0.003935848 | MAE=0.050113668 | RMSE=0.062736336 | MAPE=29.353300598% | params={'learning_rate': 0.03334377491245777, 'decay_rate': 0.0008067509782946476, 'hidden_size': 16, 'signal_len': 16, 'cheb_order': 3, 's': 7.6708752164122425, 'batch_size': 64, 'k': 4}
Trial 174 finished with value 0.053605888 | dataset=nyse | model=ufgtime_plus | val_MSE=0.008402841 | test_MSE=0.004361069 | MAE=0.053605888 | RMSE=0.066038388 | MAPE=31.435644117% | params={'learning_rate': 0.0444883559326847, 'decay_rate': 0.002053787035950347, 'hidden_size': 16, 'signal_len': 16, 'cheb_order': 3, 's': 8.082592796427498, 'batch_size': 64, 'k': 4}
Trial 175 finished with value 0.148259872 | dataset=nyse | model=ufgtime_plus | val_MSE=0.008476014 | test_MSE=0.023645401 | MAE=0.148259872 | RMSE=0.153770612 | MAPE=91.907343840% | params={'learning_rate': 0.041178440856228155, 'decay_rate': 0.03293737332969604, 'hidden_size': 16, 'signal_len': 16, 'cheb_order': 3, 's': 7.3898644972128045, 'batch_size': 64, 'k': 4}
Trial 176 finished with value 0.048431233 | dataset=nyse | model=ufgtime_plus | val_MSE=0.007938968 | test_MSE=0.003760394 | MAE=0.048431233 | RMSE=0.061322048 | MAPE=28.550840476% | params={'learning_rate': 0.03769267924906777, 'decay_rate': 0.0010211455385177092, 'hidden_size': 16, 'signal_len': 16, 'cheb_order': 3, 's': 6.878641909126131, 'batch_size': 64, 'k': 4}
