Trial 236 finished with value 0.056412921 | dataset=nyse | model=ufgtime_plus | val_MSE=0.008178553 | test_MSE=0.004896745 | MAE=0.056412921 | RMSE=0.069976746 | MAPE=33.013834911% | params={'learning_rate': 0.0300136100657051, 'decay_rate': 0.0016855890718051525, 'hidden_size': 16, 'signal_len': 16, 'cheb_order': 3, 's': 6.4221243271263235, 'batch_size': 64, 'k': 4}
Trial 237 finished with value 0.041089831 | dataset=nyse | model=ufgtime_plus | val_MSE=0.007842318 | test_MSE=0.002845441 | MAE=0.041089831 | RMSE=0.053342672 | MAPE=24.589258988% | params={'learning_rate': 0.029001698249203026, 'decay_rate': 0.0009144678038195537, 'hidden_size': 16, 'signal_len': 16, 'cheb_order': 3, 's': 6.66981782995105, 'batch_size': 64, 'k': 4}
Trial 238 finished with value 0.103506688 | dataset=nyse | model=ufgtime_plus | val_MSE=0.008453730 | test_MSE=0.012414143 | MAE=0.103506688 | RMSE=0.111418773 | MAPE=62.775485282% | params={'learning_rate': 0.02879111035617839, 'decay_rate': 0.012421781404390752, 'hidden_size': 16, 'signal_len': 16, 'cheb_order': 3, 's': 6.233724587836254, 'batch_size': 64, 'k': 4}
Trial 239 finished with value 0.056731266 | dataset=nyse | model=ufgtime_plus | val_MSE=0.008244472 | test_MSE=0.004938562 | MAE=0.056731266 | RMSE=0.070274905 | MAPE=33.261712397% | params={'learning_rate': 0.028042919981225857, 'decay_rate': 0.0018433800682836835, 'hidden_size': 16, 'signal_len': 16, 'cheb_order': 3, 's': 7.208697627606717, 'batch_size': 64, 'k': 2}
Trial 240 finished with value 0.029045630 | dataset=nyse | model=ufgtime_plus | val_MSE=0.003299602 | test_MSE=0.001841339 | MAE=0.029045630 | RMSE=0.042910822 | MAPE=19.464993617% | params={'learning_rate': 0.029239868835950634, 'decay_rate': 4.841393720195871e-05, 'hidden_size': 16, 'signal_len': 16, 'cheb_order': 3, 's': 6.543366649242428, 'batch_size': 64, 'k': 4}
Trial 241 finished with value 0.053488905 | dataset=nyse | model=ufgtime_plus | val_MSE=0.007829287 | test_MSE=0.004425392 | MAE=0.053488905 | RMSE=0.066523623 | MAPE=31.320833250% | params={'learning_rate': 0.027035937680768146, 'decay_rate': 0.0010445972761977736, 'hidden_size': 16, 'signal_len': 16, 'cheb_order': 3, 's': 6.824665608711049, 'batch_size': 64, 'k': 4}
Trial 242 finished with value 0.028402479 | dataset=nyse | model=ufgtime_plus | val_MSE=0.003191642 | test_MSE=0.001934739 | MAE=0.028402479 | RMSE=0.043985671 | MAPE=18.420011412% | params={'learning_rate': 0.025955201733415454, 'decay_rate': 2.8680741352656147e-05, 'hidden_size': 16, 'signal_len': 16, 'cheb_order': 3, 's': 7.00621637596062, 'batch_size': 64, 'k': 4}
Trial 243 finished with value 0.027751130 | dataset=nyse | model=ufgtime_plus | val_MSE=0.003214103 | test_MSE=0.001768797 | MAE=0.027751130 | RMSE=0.042057069 | MAPE=17.905316705% | params={'learning_rate': 0.0385149006578885, 'decay_rate': 3.1765572613366586e-05, 'hidden_size': 16, 'signal_len': 16, 'cheb_order': 3, 's': 6.839162199884388, 'batch_size': 64, 'k': 4}
Trial 244 finished with value 0.048831359 | dataset=nyse | model=ufgtime_plus | val_MSE=0.007939940 | test_MSE=0.003805439 | MAE=0.048831359 | RMSE=0.061688238 | MAPE=28.619611862% | params={'learning_rate': 0.03930744745332582, 'decay_rate': 0.001065159017936355, 'hidden_size': 16, 'signal_len': 16, 'cheb_order': 3, 's': 6.766723082469656, 'batch_size': 64, 'k': 4}
Trial 245 finished with value 0.030528083 | dataset=nyse | model=ufgtime_plus | val_MSE=0.003338421 | test_MSE=0.002036298 | MAE=0.030528083 | RMSE=0.045125359 | MAPE=20.437331556% | params={'learning_rate': 0.0380961753340886, 'decay_rate': 2.6409075472240573e-05, 'hidden_size': 16, 'signal_len': 16, 'cheb_order': 3, 's': 6.404771316083089, 'batch_size': 64, 'k': 4}
Trial 246 finished with value 0.059672075 | dataset=nyse | model=ufgtime_plus | val_MSE=0.008348941 | test_MSE=0.005287456 | MAE=0.059672075 | RMSE=0.072714898 | MAPE=34.983082366% | params={'learning_rate': 0.03669819381510032, 'decay_rate': 0.0018348665430278238, 'hidden_size': 16, 'signal_len': 16, 'cheb_order': 3, 's': 7.12639717926313, 'batch_size': 64, 'k': 4}
Trial 247 finished with value 0.027895692 | dataset=nyse | model=ufgtime_plus | val_MSE=0.003091359 | test_MSE=0.001723970 | MAE=0.027895692 | RMSE=0.041520714 | MAPE=18.934471604% | params={'learning_rate': 0.037247488345127235, 'decay_rate': 1.3473738715290942e-05, 'hidden_size': 16, 'signal_len': 16, 'cheb_order': 3, 's': 7.278246584113222, 'batch_size': 64, 'k': 4}
Trial 248 finished with value 0.038698544 | dataset=nyse | model=ufgtime_plus | val_MSE=0.007956062 | test_MSE=0.002543975 | MAE=0.038698544 | RMSE=0.050437830 | MAPE=23.437999218% | params={'learning_rate': 0.037660791279703225, 'decay_rate': 0.0008909840122455716, 'hidden_size': 32, 'signal_len': 16, 'cheb_order': 3, 's': 7.291633743531841, 'batch_size': 64, 'k': 4}
Trial 249 finished with value 0.030181324 | dataset=nyse | model=ufgtime_plus | val_MSE=0.003094561 | test_MSE=0.002116575 | MAE=0.030181324 | RMSE=0.046006246 | MAPE=19.980473585% | params={'learning_rate': 0.03850761624907497, 'decay_rate': 1.3859758256858564e-05, 'hidden_size': 16, 'signal_len': 16, 'cheb_order': 3, 's': 7.114031009838731, 'batch_size': 64, 'k': 4}
Trial 250 finished with value 0.057311050 | dataset=nyse | model=ufgtime_plus | val_MSE=0.008462205 | test_MSE=0.004877420 | MAE=0.057311050 | RMSE=0.069838525 | MAPE=33.662648139% | params={'learning_rate': 0.03693308339867309, 'decay_rate': 0.0024709915114588116, 'hidden_size': 16, 'signal_len': 16, 'cheb_order': 3, 's': 7.298529471998323, 'batch_size': 64, 'k': 4}
Trial 251 finished with value 0.048795507 | dataset=nyse | model=ufgtime_plus | val_MSE=0.007988955 | test_MSE=0.003794869 | MAE=0.048795507 | RMSE=0.061602506 | MAPE=28.591496928% | params={'learning_rate': 0.03532205482850433, 'decay_rate': 0.0011144722063003315, 'hidden_size': 16, 'signal_len': 16, 'cheb_order': 3, 's': 7.793067778715626, 'batch_size': 64, 'k': 4}
Trial 252 finished with value 0.058465468 | dataset=nyse | model=ufgtime_plus | val_MSE=0.008238700 | test_MSE=0.005193553 | MAE=0.058465468 | RMSE=0.072066309 | MAPE=34.156151941% | params={'learning_rate': 0.039815977510239284, 'decay_rate': 0.0018414914791646851, 'hidden_size': 16, 'signal_len': 16, 'cheb_order': 3, 's': 6.893352880253359, 'batch_size': 64, 'k': 4}
Trial 253 finished with value 0.052109253 | dataset=nyse | model=ufgtime_plus | val_MSE=0.007713397 | test_MSE=0.004376721 | MAE=0.052109253 | RMSE=0.066156789 | MAPE=30.575573592% | params={'learning_rate': 0.03843707745195745, 'decay_rate': 0.0009071118383169789, 'hidden_size': 16, 'signal_len': 16, 'cheb_order': 3, 's': 7.022384509147989, 'batch_size': 64, 'k': 4}
Trial 254 finished with value 0.061067077 | dataset=nyse | model=ufgtime_plus | val_MSE=0.008485457 | test_MSE=0.005370734 | MAE=0.061067077 | RMSE=0.073285290 | MAPE=35.867941014% | params={'learning_rate': 0.03744204887670832, 'decay_rate': 0.0030181471430763126, 'hidden_size': 16, 'signal_len': 16, 'cheb_order': 3, 's': 7.62068569472855, 'batch_size': 64, 'k': 4}
Trial 255 finished with value 0.112701438 | dataset=nyse | model=ufgtime_plus | val_MSE=0.004899337 | test_MSE=0.019162787 | MAE=0.112701438 | RMSE=0.138429719 | MAPE=68.006542142% | params={'learning_rate': 0.008846084296795235, 'decay_rate': 2.3523152757627695e-05, 'hidden_size': 16, 'signal_len': 8, 'cheb_order': 3, 's': 7.4006832258691695, 'batch_size': 64, 'k': 4}
Trial 256 finished with value 0.046180443 | dataset=nyse | model=ufgtime_plus | val_MSE=0.008069627 | test_MSE=0.003435782 | MAE=0.046180443 | RMSE=0.058615547 | MAPE=27.160544470% | params={'learning_rate': 0.035967999373061006, 'decay_rate': 0.0010697243285229577, 'hidden_size': 64, 'signal_len': 16, 'cheb_order': 3, 's': 7.19228533310992, 'batch_size': 64, 'k': 3}
Trial 257 finished with value 0.056637565 | dataset=nyse | model=ufgtime_plus | val_MSE=0.008264641 | test_MSE=0.004925592 | MAE=0.056637565 | RMSE=0.070182564 | MAPE=33.225715818% | params={'learning_rate': 0.02827109910264424, 'decay_rate': 0.0018695715017670554, 'hidden_size': 16, 'signal_len': 16, 'cheb_order': 3, 's': 6.811690702086348, 'batch_size': 64, 'k': 4}
Trial 258 finished with value 0.053422163 | dataset=nyse | model=ufgtime_plus | val_MSE=0.007850998 | test_MSE=0.004543020 | MAE=0.053422163 | RMSE=0.067401926 | MAPE=31.273577913% | params={'learning_rate': 0.04357211102318295, 'decay_rate': 0.0010537860743413917, 'hidden_size': 16, 'signal_len': 16, 'cheb_order': 3, 's': 7.890728329365084, 'batch_size': 64, 'k': 4}
Trial 259 finished with value 0.140242661 | dataset=nyse | model=ufgtime_plus | val_MSE=0.008431764 | test_MSE=0.021349493 | MAE=0.140242661 | RMSE=0.146114657 | MAPE=86.644462868% | params={'learning_rate': 0.039114300146001285, 'decay_rate': 0.027269098944240847, 'hidden_size': 16, 'signal_len': 16, 'cheb_order': 3, 's': 7.655059724173412, 'batch_size': 64, 'k': 4}
Trial 260 finished with value 0.071662304 | dataset=nyse | model=ufgtime_plus | val_MSE=0.008264360 | test_MSE=0.006873578 | MAE=0.071662304 | RMSE=0.082907042 | MAPE=42.199909188% | params={'learning_rate': 0.04189733937695859, 'decay_rate': 0.0024294885832365203, 'hidden_size': 16, 'signal_len': 16, 'cheb_order': 3, 's': 6.629215282104223, 'batch_size': 16, 'k': 4}
Trial 261 finished with value 0.045381730 | dataset=nyse | model=ufgtime_plus | val_MSE=0.007609556 | test_MSE=0.003393323 | MAE=0.045381730 | RMSE=0.058252233 | MAPE=26.771041074% | params={'learning_rate': 0.045688942551620274, 'decay_rate': 0.0008037683847030104, 'hidden_size': 16, 'signal_len': 16, 'cheb_order': 3, 's': 7.069907796459059, 'batch_size': 64, 'k': 4}
Trial 262 finished with value 0.024670292 | dataset=nyse | model=ufgtime_plus | val_MSE=0.003314414 | test_MSE=0.001587481 | MAE=0.024670292 | RMSE=0.039843201 | MAPE=15.880901534% | params={'learning_rate': 0.026923358093549697, 'decay_rate': 6.384885002604168e-05, 'hidden_size': 16, 'signal_len': 16, 'cheb_order': 3, 's': 7.354315931114652, 'batch_size': 64, 'k': 4}
Trial 263 finished with value 0.109502562 | dataset=nyse | model=ufgtime_plus | val_MSE=0.008446557 | test_MSE=0.013723155 | MAE=0.109502562 | RMSE=0.117145872 | MAPE=66.715443381% | params={'learning_rate': 0.026724244936813156, 'decay_rate': 0.016135425142138043, 'hidden_size': 16, 'signal_len': 16, 'cheb_order': 3, 's': 7.462218690975482, 'batch_size': 64, 'k': 4}
Trial 264 finished with value 0.028106041 | dataset=nyse | model=ufgtime_plus | val_MSE=0.003058220 | test_MSE=0.001818407 | MAE=0.028106041 | RMSE=0.042642780 | MAPE=18.520881118% | params={'learning_rate': 0.029911726036618323, 'decay_rate': 1.5238621258446531e-05, 'hidden_size': 16, 'signal_len': 16, 'cheb_order': 3, 's': 7.819316277394593, 'batch_size': 32, 'k': 4}
Trial 265 finished with value 0.054808897 | dataset=nyse | model=ufgtime_plus | val_MSE=0.008259111 | test_MSE=0.004675805 | MAE=0.054808897 | RMSE=0.068379861 | MAPE=32.214808135% | params={'learning_rate': 0.025602452832607345, 'decay_rate': 0.0016893822224794228, 'hidden_size': 16, 'signal_len': 16, 'cheb_order': 3, 's': 6.906304212243463, 'batch_size': 64, 'k': 4}
Trial 266 finished with value 0.075556765 | dataset=nyse | model=ufgtime_plus | val_MSE=0.008470826 | test_MSE=0.007444915 | MAE=0.075556765 | RMSE=0.086283922 | MAPE=44.872298716% | params={'learning_rate': 0.02281156299935791, 'decay_rate': 0.0035190280524036634, 'hidden_size': 16, 'signal_len': 16, 'cheb_order': 3, 's': 7.3175612424689715, 'batch_size': 64, 'k': 4}
Trial 267 finished with value 0.047596922 | dataset=nyse | model=ufgtime_plus | val_MSE=0.007792341 | test_MSE=0.003664822 | MAE=0.047596922 | RMSE=0.060537773 | MAPE=28.072591025% | params={'learning_rate': 0.04059821089278641, 'decay_rate': 0.0009087354285530933, 'hidden_size': 16, 'signal_len': 16, 'cheb_order': 3, 's': 6.737314934283767, 'batch_size': 64, 'k': 4}
Trial 268 finished with value 0.026691231 | dataset=nyse | model=ufgtime_plus | val_MSE=0.003183022 | test_MSE=0.001657527 | MAE=0.026691231 | RMSE=0.040712732 | MAPE=17.802988252% | params={'learning_rate': 0.028779739109739584, 'decay_rate': 2.7221838736040157e-05, 'hidden_size': 16, 'signal_len': 16, 'cheb_order': 3, 's': 7.68863566781316, 'batch_size': 64, 'k': 4}
Trial 269 finished with value 0.056689508 | dataset=nyse | model=ufgtime_plus | val_MSE=0.008227191 | test_MSE=0.004932564 | MAE=0.056689508 | RMSE=0.070232217 | MAPE=33.221865955% | params={'learning_rate': 0.02898734081151992, 'decay_rate': 0.0018057083628790264, 'hidden_size': 16, 'signal_len': 16, 'cheb_order': 3, 's': 7.643066567684116, 'batch_size': 64, 'k': 4}
Trial 270 finished with value 0.047338823 | dataset=nyse | model=ufgtime_plus | val_MSE=0.007798871 | test_MSE=0.003599356 | MAE=0.047338823 | RMSE=0.059994631 | MAPE=27.816040362% | params={'learning_rate': 0.02827589716288922, 'decay_rate': 0.0009695044537816027, 'hidden_size': 16, 'signal_len': 16, 'cheb_order': 3, 's': 7.96294065441946, 'batch_size': 64, 'k': 4}
Trial 271 finished with value 0.050869197 | dataset=nyse | model=ufgtime_plus | val_MSE=0.008529173 | test_MSE=0.004005497 | MAE=0.050869197 | RMSE=0.063288994 | MAPE=29.943532293% | params={'learning_rate': 0.020565990330230672, 'decay_rate': 0.00229054743739127, 'hidden_size': 32, 'signal_len': 16, 'cheb_order': 3, 's': 8.369798465466491, 'batch_size': 64, 'k': 4}
Trial 272 finished with value 0.052447585 | dataset=nyse | model=ufgtime_plus | val_MSE=0.007793059 | test_MSE=0.004384356 | MAE=0.052447585 | RMSE=0.066214466 | MAPE=30.695437219% | params={'learning_rate': 0.030255601326800555, 'decay_rate': 0.0010185559272358792, 'hidden_size': 16, 'signal_len': 16, 'cheb_order': 3, 's': 8.168654644084798, 'batch_size': 64, 'k': 4}
Trial 273 finished with value 0.060351335 | dataset=nyse | model=ufgtime_plus | val_MSE=0.008505912 | test_MSE=0.005278971 | MAE=0.060351335 | RMSE=0.072656525 | MAPE=35.483208666% | params={'learning_rate': 0.03691124956513097, 'decay_rate': 0.0029688359779429276, 'hidden_size': 16, 'signal_len': 16, 'cheb_order': 3, 's': 7.512240797794885, 'batch_size': 64, 'k': 4}
Trial 274 finished with value 0.037014404 | dataset=nyse | model=ufgtime_plus | val_MSE=0.005178396 | test_MSE=0.002638343 | MAE=0.037014404 | RMSE=0.051364801 | MAPE=22.651289987% | params={'learning_rate': 0.01857877049828657, 'decay_rate': 7.48823473365649e-05, 'hidden_size': 16, 'signal_len': 8, 'cheb_order': 3, 's': 7.192518752509896, 'batch_size': 64, 'k': 4}
Trial 275 finished with value 0.027391047 | dataset=nyse | model=ufgtime_plus | val_MSE=0.003260873 | test_MSE=0.001600443 | MAE=0.027391047 | RMSE=0.040005532 | MAPE=18.634925360% | params={'learning_rate': 0.029313588091718402, 'decay_rate': 4.142404786086054e-05, 'hidden_size': 16, 'signal_len': 16, 'cheb_order': 3, 's': 7.790740580582674, 'batch_size': 64, 'k': 4}
Trial 276 finished with value 0.070117985 | dataset=nyse | model=ufgtime_plus | val_MSE=0.008250494 | test_MSE=0.006763892 | MAE=0.070117985 | RMSE=0.082242885 | MAPE=41.508310100% | params={'learning_rate': 0.02895376608922163, 'decay_rate': 0.0017839608635540159, 'hidden_size': 16, 'signal_len': 16, 'cheb_order': 3, 's': 7.729774352754936, 'batch_size': 16, 'k': 4}
Trial 277 finished with value 0.052297698 | dataset=nyse | model=ufgtime_plus | val_MSE=0.007769190 | test_MSE=0.004366190 | MAE=0.052297698 | RMSE=0.066077155 | MAPE=30.607109829% | params={'learning_rate': 0.03037496776311691, 'decay_rate': 0.0009949249105391331, 'hidden_size': 16, 'signal_len': 16, 'cheb_order': 3, 's': 8.014168023960908, 'batch_size': 64, 'k': 4}
Trial 278 finished with value 0.048845593 | dataset=nyse | model=ufgtime_plus | val_MSE=0.008367634 | test_MSE=0.003756743 | MAE=0.048845593 | RMSE=0.061292272 | MAPE=28.754707218% | params={'learning_rate': 0.02783330440952427, 'decay_rate': 0.0017175445546719313, 'hidden_size': 64, 'signal_len': 16, 'cheb_order': 3, 's': 7.813987323199802, 'batch_size': 64, 'k': 4}
Trial 279 finished with value 0.066547540 | dataset=nyse | model=ufgtime_plus | val_MSE=0.008533319 | test_MSE=0.006291830 | MAE=0.066547540 | RMSE=0.079321056 | MAPE=39.228269663% | params={'learning_rate': 0.029405378774963815, 'decay_rate': 0.003915868344780949, 'hidden_size': 16, 'signal_len': 16, 'cheb_order': 3, 's': 7.521093133029138, 'batch_size': 64, 'k': 4}
Trial 280 finished with value 0.027810066 | dataset=nyse | model=ufgtime_plus | val_MSE=0.003027024 | test_MSE=0.001927943 | MAE=0.027810066 | RMSE=0.043908343 | MAPE=18.413264237% | params={'learning_rate': 0.02746501924371933, 'decay_rate': 1.2255672265872064e-05, 'hidden_size': 16, 'signal_len': 16, 'cheb_order': 3, 's': 7.832594850062175, 'batch_size': 64, 'k': 4}
Trial 281 finished with value 0.051024251 | dataset=nyse | model=ufgtime_plus | val_MSE=0.007797102 | test_MSE=0.004197664 | MAE=0.051024251 | RMSE=0.064789379 | MAPE=29.982331717% | params={'learning_rate': 0.02701723581152375, 'decay_rate': 0.0009691738939585468, 'hidden_size': 16, 'signal_len': 16, 'cheb_order': 3, 's': 7.879079569062534, 'batch_size': 64, 'k': 4}
Trial 282 finished with value 0.058544476 | dataset=nyse | model=ufgtime_plus | val_MSE=0.008388066 | test_MSE=0.005183810 | MAE=0.058544476 | RMSE=0.071998679 | MAPE=34.380373267% | params={'learning_rate': 0.028143813270691712, 'decay_rate': 0.002326093446854486, 'hidden_size': 16, 'signal_len': 16, 'cheb_order': 3, 's': 8.270154477793293, 'batch_size': 64, 'k': 4}
Trial 283 finished with value 0.040945186 | dataset=nyse | model=ufgtime_plus | val_MSE=0.007787331 | test_MSE=0.002831661 | MAE=0.040945186 | RMSE=0.053213350 | MAPE=24.503119827% | params={'learning_rate': 0.026029638143791025, 'decay_rate': 0.0008848057412798802, 'hidden_size': 16, 'signal_len': 16, 'cheb_order': 3, 's': 7.9729450785632885, 'batch_size': 64, 'k': 4}
Trial 284 finished with value 0.046083576 | dataset=nyse | model=ufgtime_plus | val_MSE=0.008385308 | test_MSE=0.003426464 | MAE=0.046083576 | RMSE=0.058536008 | MAPE=27.274064829% | params={'learning_rate': 0.024230876102317896, 'decay_rate': 0.001678728668285459, 'hidden_size': 16, 'signal_len': 16, 'cheb_order': 3, 's': 7.668121137670381, 'batch_size': 32, 'k': 4}
Trial 285 finished with value 0.026984535 | dataset=nyse | model=ufgtime_plus | val_MSE=0.003037015 | test_MSE=0.001661371 | MAE=0.026984535 | RMSE=0.040759914 | MAPE=18.143298461% | params={'learning_rate': 0.027516612958326934, 'decay_rate': 2.1391024110925335e-05, 'hidden_size': 16, 'signal_len': 16, 'cheb_order': 3, 's': 2.9697008206479416, 'batch_size': 64, 'k': 4}
Trial 286 finished with value 0.061707852 | dataset=nyse | model=ufgtime_plus | val_MSE=0.008424010 | test_MSE=0.005616433 | MAE=0.061707852 | RMSE=0.074942864 | MAPE=36.233226371% | params={'learning_rate': 0.029104251232417416, 'decay_rate': 0.002836212361521061, 'hidden_size': 16, 'signal_len': 16, 'cheb_order': 3, 's': 1.8569125936487323, 'batch_size': 64, 'k': 4}
Trial 287 finished with value 0.044964444 | dataset=nyse | model=ufgtime_plus | val_MSE=0.007756411 | test_MSE=0.003320260 | MAE=0.044964444 | RMSE=0.057621696 | MAPE=26.491272420% | params={'learning_rate': 0.030338476527845225, 'decay_rate': 0.0009114853034871179, 'hidden_size': 16, 'signal_len': 16, 'cheb_order': 3, 's': 2.29756844975629, 'batch_size': 64, 'k': 4}
Trial 288 finished with value 0.101144344 | dataset=nyse | model=ufgtime_plus | val_MSE=0.008453394 | test_MSE=0.011969060 | MAE=0.101144344 | RMSE=0.109403199 | MAPE=61.254212271% | params={'learning_rate': 0.02685805941102385, 'decay_rate': 0.013884277725507158, 'hidden_size': 16, 'signal_len': 16, 'cheb_order': 3, 's': 1.4078996701689563, 'batch_size': 64, 'k': 4}
Trial 289 finished with value 0.040523013 | dataset=nyse | model=ufgtime_plus | val_MSE=0.007681132 | test_MSE=0.002789287 | MAE=0.040523013 | RMSE=0.052813697 | MAPE=24.273695353% | params={'learning_rate': 0.025292413085498094, 'decay_rate': 0.0008259780384097043, 'hidden_size': 16, 'signal_len': 16, 'cheb_order': 3, 's': 1.5747565212242187, 'batch_size': 64, 'k': 4}
Trial 290 finished with value 0.133272501 | dataset=nyse | model=ufgtime_plus | val_MSE=0.008410287 | test_MSE=0.019436457 | MAE=0.133272501 | RMSE=0.139414694 | MAPE=82.040021957% | params={'learning_rate': 0.02827748622578775, 'decay_rate': 0.02336309002107377, 'hidden_size': 16, 'signal_len': 16, 'cheb_order': 3, 's': 2.7858828239825546, 'batch_size': 64, 'k': 4}
Trial 291 finished with value 0.026015997 | dataset=nyse | model=ufgtime_plus | val_MSE=0.003063283 | test_MSE=0.001699459 | MAE=0.026015997 | RMSE=0.041224500 | MAPE=17.400711079% | params={'learning_rate': 0.02945520315188601, 'decay_rate': 1.670484445133951e-05, 'hidden_size': 16, 'signal_len': 16, 'cheb_order': 3, 's': 2.9860307111787088, 'batch_size': 64, 'k': 4}
Trial 292 finished with value 0.056534362 | dataset=nyse | model=ufgtime_plus | val_MSE=0.008193513 | test_MSE=0.004912719 | MAE=0.056534362 | RMSE=0.070090790 | MAPE=33.099507876% | params={'learning_rate': 0.029652332224306785, 'decay_rate': 0.0017283339388373775, 'hidden_size': 16, 'signal_len': 16, 'cheb_order': 3, 's': 3.133811860592136, 'batch_size': 64, 'k': 4}
Trial 293 finished with value 0.176546043 | dataset=nyse | model=ufgtime_plus | val_MSE=0.008596007 | test_MSE=0.032840445 | MAE=0.176546043 | RMSE=0.181219328 | MAPE=110.091079674% | params={'learning_rate': 0.03073332700609279, 'decay_rate': 0.044363056740730905, 'hidden_size': 32, 'signal_len': 16, 'cheb_order': 3, 's': 2.5222196863807005, 'batch_size': 64, 'k': 4}
Trial 294 finished with value 0.043789552 | dataset=nyse | model=ufgtime_plus | val_MSE=0.004908569 | test_MSE=0.003552625 | MAE=0.043789552 | RMSE=0.059603897 | MAPE=26.826860342% | params={'learning_rate': 0.02872807545696517, 'decay_rate': 1.569808169416614e-05, 'hidden_size': 16, 'signal_len': 8, 'cheb_order': 3, 's': 2.7778827321508164, 'batch_size': 64, 'k': 4}
