Trial 472 finished with value 0.047774733 | dataset=nyse | model=ufgtime_plus | val_MSE=0.008405104 | test_MSE=0.003631065 | MAE=0.047774733 | RMSE=0.060258315 | MAPE=28.272744140% | params={'learning_rate': 0.022983660814605206, 'decay_rate': 0.0016807912774558838, 'hidden_size': 64, 'signal_len': 16, 'cheb_order': 3, 's': 7.8824157049281025, 'batch_size': 64, 'k': 4}
Trial 473 finished with value 0.039220256 | dataset=nyse | model=ufgtime_plus | val_MSE=0.007779312 | test_MSE=0.002614979 | MAE=0.039220256 | RMSE=0.051136861 | MAPE=23.663815704% | params={'learning_rate': 0.022066892247674996, 'decay_rate': 0.0008505934682778355, 'hidden_size': 64, 'signal_len': 16, 'cheb_order': 3, 's': 7.065558754589475, 'batch_size': 128, 'k': 4}
Trial 474 finished with value 0.056045305 | dataset=nyse | model=ufgtime_plus | val_MSE=0.008559472 | test_MSE=0.004668736 | MAE=0.056045305 | RMSE=0.068328150 | MAPE=32.934031811% | params={'learning_rate': 0.020251838258500614, 'decay_rate': 0.0029705158554028887, 'hidden_size': 64, 'signal_len': 16, 'cheb_order': 3, 's': 6.47917183519913, 'batch_size': 64, 'k': 4}
Trial 475 finished with value 0.042134441 | dataset=nyse | model=ufgtime_plus | val_MSE=0.007874569 | test_MSE=0.002957069 | MAE=0.042134441 | RMSE=0.054378943 | MAPE=25.158025609% | params={'learning_rate': 0.019626432209910314, 'decay_rate': 0.0009568272800274504, 'hidden_size': 64, 'signal_len': 16, 'cheb_order': 3, 's': 7.137766880364823, 'batch_size': 64, 'k': 4}
Trial 476 finished with value 0.063498968 | dataset=nyse | model=ufgtime_plus | val_MSE=0.008655419 | test_MSE=0.005624559 | MAE=0.063498968 | RMSE=0.074997057 | MAPE=37.378304293% | params={'learning_rate': 0.02217810613010084, 'decay_rate': 0.0056177154413548, 'hidden_size': 64, 'signal_len': 16, 'cheb_order': 3, 's': 7.9379138826319835, 'batch_size': 128, 'k': 4}
Trial 477 finished with value 0.024178507 | dataset=nyse | model=ufgtime_plus | val_MSE=0.003139790 | test_MSE=0.001586376 | MAE=0.024178507 | RMSE=0.039829337 | MAPE=16.002721485% | params={'learning_rate': 0.023015917754128944, 'decay_rate': 4.6264975587505335e-05, 'hidden_size': 64, 'signal_len': 16, 'cheb_order': 2, 's': 6.869603530634566, 'batch_size': 64, 'k': 4}
Trial 478 finished with value 0.055237083 | dataset=nyse | model=ufgtime_plus | val_MSE=0.008462005 | test_MSE=0.004570741 | MAE=0.055237083 | RMSE=0.067607252 | MAPE=32.279249695% | params={'learning_rate': 0.021810766554818707, 'decay_rate': 0.002297667860338289, 'hidden_size': 64, 'signal_len': 16, 'cheb_order': 2, 's': 6.7565106284255885, 'batch_size': 64, 'k': 4}
Trial 479 finished with value 0.028927705 | dataset=nyse | model=ufgtime_plus | val_MSE=0.003643996 | test_MSE=0.001853082 | MAE=0.028927705 | RMSE=0.043047439 | MAPE=18.738945204% | params={'learning_rate': 0.021196622432171335, 'decay_rate': 4.019138088177826e-05, 'hidden_size': 64, 'signal_len': 16, 'cheb_order': 2, 's': 6.883825921788274, 'batch_size': 128, 'k': 4}
Trial 480 finished with value 0.051490504 | dataset=nyse | model=ufgtime_plus | val_MSE=0.008361432 | test_MSE=0.004090462 | MAE=0.051490504 | RMSE=0.063956722 | MAPE=30.061215575% | params={'learning_rate': 0.021679826966950415, 'decay_rate': 0.0016351319095022875, 'hidden_size': 64, 'signal_len': 16, 'cheb_order': 2, 's': 6.685278668897485, 'batch_size': 64, 'k': 4}
Trial 481 finished with value 0.042422152 | dataset=nyse | model=ufgtime_plus | val_MSE=0.007812256 | test_MSE=0.003015301 | MAE=0.042422152 | RMSE=0.054911753 | MAPE=25.263301287% | params={'learning_rate': 0.020146328702141877, 'decay_rate': 0.0009216707442550516, 'hidden_size': 64, 'signal_len': 16, 'cheb_order': 2, 's': 7.074221333762589, 'batch_size': 64, 'k': 4}
Trial 482 finished with value 0.055881294 | dataset=nyse | model=ufgtime_plus | val_MSE=0.008694505 | test_MSE=0.004618320 | MAE=0.055881294 | RMSE=0.067958221 | MAPE=32.861077272% | params={'learning_rate': 0.02248829899722134, 'decay_rate': 0.003965261162741692, 'hidden_size': 64, 'signal_len': 16, 'cheb_order': 2, 's': 6.930164597721116, 'batch_size': 128, 'k': 4}
Trial 483 finished with value 0.044485068 | dataset=nyse | model=ufgtime_plus | val_MSE=0.008467404 | test_MSE=0.003220120 | MAE=0.044485068 | RMSE=0.056746097 | MAPE=26.496945393% | params={'learning_rate': 0.018040725067764076, 'decay_rate': 0.0017422705009439961, 'hidden_size': 64, 'signal_len': 16, 'cheb_order': 2, 's': 7.250333970718687, 'batch_size': 64, 'k': 2}
Trial 484 finished with value 0.043526948 | dataset=nyse | model=ufgtime_plus | val_MSE=0.007862427 | test_MSE=0.003125952 | MAE=0.043526948 | RMSE=0.055910214 | MAPE=25.818955534% | params={'learning_rate': 0.023095679124291432, 'decay_rate': 0.0009599208058794416, 'hidden_size': 64, 'signal_len': 16, 'cheb_order': 2, 's': 6.918211256059088, 'batch_size': 64, 'k': 4}
Trial 485 finished with value 0.064273730 | dataset=nyse | model=ufgtime_plus | val_MSE=0.008348300 | test_MSE=0.005786549 | MAE=0.064273730 | RMSE=0.076069368 | MAPE=37.759339643% | params={'learning_rate': 0.020532789986342344, 'decay_rate': 0.002325741776757747, 'hidden_size': 64, 'signal_len': 16, 'cheb_order': 2, 's': 6.43508735710517, 'batch_size': 16, 'k': 4}
Trial 486 finished with value 0.028873926 | dataset=nyse | model=ufgtime_plus | val_MSE=0.003589363 | test_MSE=0.001739228 | MAE=0.028873926 | RMSE=0.041704052 | MAPE=19.181490935% | params={'learning_rate': 0.02288723103081511, 'decay_rate': 5.833710009562271e-05, 'hidden_size': 64, 'signal_len': 16, 'cheb_order': 2, 's': 6.667244913943111, 'batch_size': 128, 'k': 4}
Trial 487 finished with value 0.026883704 | dataset=nyse | model=ufgtime_plus | val_MSE=0.003220409 | test_MSE=0.001872814 | MAE=0.026883704 | RMSE=0.043276025 | MAPE=17.670975333% | params={'learning_rate': 0.023771197267851853, 'decay_rate': 2.6025918878897676e-05, 'hidden_size': 64, 'signal_len': 16, 'cheb_order': 2, 's': 7.237145717092862, 'batch_size': 64, 'k': 4}
Trial 488 finished with value 0.039316370 | dataset=nyse | model=ufgtime_plus | val_MSE=0.007929728 | test_MSE=0.002633816 | MAE=0.039316370 | RMSE=0.051320712 | MAPE=23.808130775% | params={'learning_rate': 0.019125583681973337, 'decay_rate': 0.0009437572839021183, 'hidden_size': 64, 'signal_len': 16, 'cheb_order': 2, 's': 4.9688983384371825, 'batch_size': 64, 'k': 4}
Trial 489 finished with value 0.138708268 | dataset=nyse | model=ufgtime_plus | val_MSE=0.008419575 | test_MSE=0.020917940 | MAE=0.138708268 | RMSE=0.144630355 | MAPE=85.630893536% | params={'learning_rate': 0.020601881494100367, 'decay_rate': 0.02483942018561223, 'hidden_size': 64, 'signal_len': 16, 'cheb_order': 3, 's': 6.827217723840051, 'batch_size': 128, 'k': 3}
Trial 490 finished with value 0.051793193 | dataset=nyse | model=ufgtime_plus | val_MSE=0.008581320 | test_MSE=0.004145622 | MAE=0.051793193 | RMSE=0.064386506 | MAPE=30.456752983% | params={'learning_rate': 0.02178847753796319, 'decay_rate': 0.0027597675182472158, 'hidden_size': 64, 'signal_len': 16, 'cheb_order': 3, 's': 7.027357871588045, 'batch_size': 64, 'k': 4}
Trial 491 finished with value 0.060038008 | dataset=nyse | model=ufgtime_plus | val_MSE=0.008214113 | test_MSE=0.005168486 | MAE=0.060038008 | RMSE=0.071892185 | MAPE=35.033506843% | params={'learning_rate': 0.022841609753706017, 'decay_rate': 0.0015892875325165226, 'hidden_size': 64, 'signal_len': 8, 'cheb_order': 3, 's': 4.300293023880672, 'batch_size': 64, 'k': 4}
Trial 492 finished with value 0.250419500 | dataset=nyse | model=ufgtime_plus | val_MSE=0.005049754 | test_MSE=0.144232628 | MAE=0.250419500 | RMSE=0.379779710 | MAPE=138.925401940% | params={'learning_rate': 0.03331748705667506, 'decay_rate': 1.0630829187740332e-05, 'hidden_size': 64, 'signal_len': 16, 'cheb_order': 3, 's': 7.3990845252000685, 'batch_size': 128, 'k': 4}
Trial 493 finished with value 0.041633992 | dataset=nyse | model=ufgtime_plus | val_MSE=0.008182632 | test_MSE=0.002872863 | MAE=0.041633992 | RMSE=0.053599100 | MAPE=25.068606439% | params={'learning_rate': 0.025182862106225255, 'decay_rate': 0.0009752160855177963, 'hidden_size': 64, 'signal_len': 16, 'cheb_order': 3, 's': 7.635926305937916, 'batch_size': 256, 'k': 4}
Trial 494 finished with value 0.046984916 | dataset=nyse | model=ufgtime_plus | val_MSE=0.008421800 | test_MSE=0.003526540 | MAE=0.046984916 | RMSE=0.059384682 | MAPE=27.779056070% | params={'learning_rate': 0.02376217945850934, 'decay_rate': 0.0017589751080070335, 'hidden_size': 64, 'signal_len': 16, 'cheb_order': 2, 's': 7.141717209743271, 'batch_size': 64, 'k': 4}
Trial 495 finished with value 0.076064288 | dataset=nyse | model=ufgtime_plus | val_MSE=0.008580353 | test_MSE=0.007545361 | MAE=0.076064288 | RMSE=0.086864040 | MAPE=45.294529626% | params={'learning_rate': 0.021252376736199428, 'decay_rate': 0.003612323035492472, 'hidden_size': 16, 'signal_len': 16, 'cheb_order': 3, 's': 6.600856547419748, 'batch_size': 64, 'k': 4}
Trial 496 finished with value 0.045459534 | dataset=nyse | model=ufgtime_plus | val_MSE=0.007876727 | test_MSE=0.003384395 | MAE=0.045459534 | RMSE=0.058175554 | MAPE=26.970867691% | params={'learning_rate': 0.03198949982055511, 'decay_rate': 0.0009299455086371738, 'hidden_size': 16, 'signal_len': 16, 'cheb_order': 3, 's': 2.2890540476391483, 'batch_size': 128, 'k': 4}
Trial 497 finished with value 0.040845815 | dataset=nyse | model=ufgtime_plus | val_MSE=0.007898937 | test_MSE=0.002815625 | MAE=0.040845815 | RMSE=0.053062464 | MAPE=24.524671502% | params={'learning_rate': 0.019616055555066153, 'decay_rate': 0.0009240348355913045, 'hidden_size': 16, 'signal_len': 16, 'cheb_order': 3, 's': 6.317194894231409, 'batch_size': 64, 'k': 4}
Trial 498 finished with value 0.054118741 | dataset=nyse | model=ufgtime_plus | val_MSE=0.008508673 | test_MSE=0.004438179 | MAE=0.054118741 | RMSE=0.066619659 | MAPE=31.646066833% | params={'learning_rate': 0.024927279487668066, 'decay_rate': 0.0023447159360734035, 'hidden_size': 32, 'signal_len': 16, 'cheb_order': 3, 's': 7.316021818814849, 'batch_size': 64, 'k': 4}
Trial 499 finished with value 0.041719118 | dataset=nyse | model=ufgtime_plus | val_MSE=0.007851143 | test_MSE=0.002922349 | MAE=0.041719118 | RMSE=0.054058753 | MAPE=24.960865019% | params={'learning_rate': 0.035326431182660656, 'decay_rate': 0.0009172236065232906, 'hidden_size': 16, 'signal_len': 16, 'cheb_order': 3, 's': 7.577685045875247, 'batch_size': 128, 'k': 4}
Best trial 126 | value=0.023914661 | dataset=nyse | model=ufgtime_plus | params={'learning_rate': 0.02745361950127975, 'decay_rate': 3.0183399924827052e-05, 'hidden_size': 16, 'signal_len': 16, 'cheb_order': 3, 's': 7.014701763605402, 'batch_size': 128, 'k': 4} | val_MSE=0.003097759 | test_MSE=0.001413660 | MAE=0.023914661 | RMSE=0.037598671 | MAPE=16.249681183%
