Trial 0 finished with value 0.192997354 | dataset=Solar | model=ufgtime_plus | val_MSE=0.069499990 | test_MSE=0.049034315 | MAE=0.192997354 | RMSE=0.221436932 | MAPE=343.112090212% | params={'learning_rate': 0.027445187061326964, 'decay_rate': 0.03576231642495725, 'hidden_size': 16, 'signal_len': 8, 'cheb_order': 3, 's': 4.512629517549422, 'batch_size': 32, 'k': 10}
Trial 1 finished with value 0.095177069 | dataset=Solar | model=ufgtime_plus | val_MSE=0.014494242 | test_MSE=0.021129085 | MAE=0.095177069 | RMSE=0.145358470 | MAPE=348.747045152% | params={'learning_rate': 0.0035610925493123682, 'decay_rate': 0.004365593692080019, 'hidden_size': 32, 'signal_len': 16, 'cheb_order': 2, 's': 8.046709668949454, 'batch_size': 64, 'k': 10}
Trial 2 finished with value 0.182516788 | dataset=Solar | model=ufgtime_plus | val_MSE=0.062832299 | test_MSE=0.046039908 | MAE=0.182516788 | RMSE=0.214569123 | MAPE=343.055256451% | params={'learning_rate': 0.026097197604286082, 'decay_rate': 0.020738950380126273, 'hidden_size': 32, 'signal_len': 8, 'cheb_order': 2, 's': 6.590712572185337, 'batch_size': 32, 'k': 5}
Trial 3 finished with value 0.139077983 | dataset=Solar | model=ufgtime_plus | val_MSE=0.030083029 | test_MSE=0.036511958 | MAE=0.139077983 | RMSE=0.191081025 | MAPE=350.679030678% | params={'learning_rate': 0.03488458348440397, 'decay_rate': 0.003020671326747199, 'hidden_size': 32, 'signal_len': 16, 'cheb_order': 3, 's': 5.003553469814651, 'batch_size': 32, 'k': 3}
Trial 4 finished with value 0.185794823 | dataset=Solar | model=ufgtime_plus | val_MSE=0.059868345 | test_MSE=0.048377572 | MAE=0.185794823 | RMSE=0.219949022 | MAPE=343.696858683% | params={'learning_rate': 0.03265888519001527, 'decay_rate': 0.012672047210963707, 'hidden_size': 16, 'signal_len': 16, 'cheb_order': 3, 's': 4.381654018882581, 'batch_size': 128, 'k': 2}
Trial 5 finished with value 0.188974055 | dataset=Solar | model=ufgtime_plus | val_MSE=0.062892086 | test_MSE=0.047307464 | MAE=0.188974055 | RMSE=0.217502790 | MAPE=343.231905370% | params={'learning_rate': 0.048823208656019655, 'decay_rate': 0.0234378735703686, 'hidden_size': 16, 'signal_len': 16, 'cheb_order': 3, 's': 2.156676698692772, 'batch_size': 64, 'k': 8}
Trial 6 finished with value 0.186211088 | dataset=Solar | model=ufgtime_plus | val_MSE=0.060061522 | test_MSE=0.049438334 | MAE=0.186211088 | RMSE=0.222347328 | MAPE=343.960721206% | params={'learning_rate': 0.02833440669578669, 'decay_rate': 0.013276820652062876, 'hidden_size': 64, 'signal_len': 8, 'cheb_order': 2, 's': 7.475312116655234, 'batch_size': 128, 'k': 2}
Trial 7 finished with value 0.099557285 | dataset=Solar | model=ufgtime_plus | val_MSE=0.015035178 | test_MSE=0.022005282 | MAE=0.099557285 | RMSE=0.148341775 | MAPE=348.070604388% | params={'learning_rate': 0.04144871206057599, 'decay_rate': 0.0002447268548654278, 'hidden_size': 64, 'signal_len': 8, 'cheb_order': 3, 's': 6.193041961538773, 'batch_size': 64, 'k': 9}
Trial 8 finished with value 0.187008302 | dataset=Solar | model=ufgtime_plus | val_MSE=0.060714915 | test_MSE=0.047350237 | MAE=0.187008302 | RMSE=0.217601095 | MAPE=343.551609726% | params={'learning_rate': 0.034976968973122045, 'decay_rate': 0.014878873173248132, 'hidden_size': 64, 'signal_len': 16, 'cheb_order': 3, 's': 5.56178699914765, 'batch_size': 32, 'k': 7}
Trial 9 finished with value 0.113446279 | dataset=Solar | model=ufgtime_plus | val_MSE=0.018300459 | test_MSE=0.025835149 | MAE=0.113446279 | RMSE=0.160733160 | MAPE=349.782843922% | params={'learning_rate': 0.000969467983483583, 'decay_rate': 0.015085725085560721, 'hidden_size': 16, 'signal_len': 8, 'cheb_order': 3, 's': 6.358767575108741, 'batch_size': 64, 'k': 5}
Trial 10 finished with value 0.145962987 | dataset=Solar | model=ufgtime_plus | val_MSE=0.029632229 | test_MSE=0.033852461 | MAE=0.145962987 | RMSE=0.183990383 | MAPE=350.279806501% | params={'learning_rate': 0.007884917709808249, 'decay_rate': 0.044212729114206886, 'hidden_size': 32, 'signal_len': 16, 'cheb_order': 2, 's': 9.8782282768461, 'batch_size': 64, 'k': 10}
Trial 11 finished with value 0.094177250 | dataset=Solar | model=ufgtime_plus | val_MSE=0.014904400 | test_MSE=0.019783395 | MAE=0.094177250 | RMSE=0.140653457 | MAPE=346.502118891% | params={'learning_rate': 0.014870956612151352, 'decay_rate': 0.0009380563878731654, 'hidden_size': 64, 'signal_len': 8, 'cheb_order': 2, 's': 8.708017114868568, 'batch_size': 64, 'k': 9}
Trial 12 finished with value 0.107716965 | dataset=Solar | model=ufgtime_plus | val_MSE=0.017076212 | test_MSE=0.025226020 | MAE=0.107716965 | RMSE=0.158827011 | MAPE=348.737800041% | params={'learning_rate': 0.012911442255631908, 'decay_rate': 0.005687646131949782, 'hidden_size': 64, 'signal_len': 8, 'cheb_order': 2, 's': 9.22878783431567, 'batch_size': 64, 'k': 8}
Trial 13 finished with value 0.158529306 | dataset=Solar | model=ufgtime_plus | val_MSE=0.039624402 | test_MSE=0.038260773 | MAE=0.158529306 | RMSE=0.195603613 | MAPE=347.103899515% | params={'learning_rate': 0.015425251209586991, 'decay_rate': 0.03291656038273502, 'hidden_size': 32, 'signal_len': 16, 'cheb_order': 2, 's': 8.363279764398763, 'batch_size': 64, 'k': 10}
Trial 14 finished with value 0.109949762 | dataset=Solar | model=ufgtime_plus | val_MSE=0.017497110 | test_MSE=0.024183703 | MAE=0.109949762 | RMSE=0.155511102 | MAPE=348.434948180% | params={'learning_rate': 0.017992642088028005, 'decay_rate': 0.005946602305274062, 'hidden_size': 64, 'signal_len': 8, 'cheb_order': 2, 's': 8.107067000041628, 'batch_size': 64, 'k': 8}
Trial 15 finished with value 0.086870468 | dataset=Solar | model=ufgtime_plus | val_MSE=0.014175787 | test_MSE=0.017786667 | MAE=0.086870468 | RMSE=0.133366664 | MAPE=346.221818105% | params={'learning_rate': 0.00013360776000434678, 'decay_rate': 0.008362977202576088, 'hidden_size': 32, 'signal_len': 16, 'cheb_order': 2, 's': 8.966997304478564, 'batch_size': 64, 'k': 6}
Trial 16 finished with value 0.105675266 | dataset=Solar | model=ufgtime_plus | val_MSE=0.016149993 | test_MSE=0.026038253 | MAE=0.105675266 | RMSE=0.161363728 | MAPE=351.379203964% | params={'learning_rate': 0.00836068699808044, 'decay_rate': 0.007905799199259742, 'hidden_size': 64, 'signal_len': 16, 'cheb_order': 2, 's': 9.900983970631884, 'batch_size': 128, 'k': 6}
Trial 17 finished with value 0.157677988 | dataset=Solar | model=ufgtime_plus | val_MSE=0.042095607 | test_MSE=0.037313547 | MAE=0.157677988 | RMSE=0.193167147 | MAPE=344.036582816% | params={'learning_rate': 0.019999399642678536, 'decay_rate': 0.019530664762370094, 'hidden_size': 32, 'signal_len': 8, 'cheb_order': 2, 's': 2.8909261177326604, 'batch_size': 64, 'k': 4}
Trial 18 finished with value 0.175312815 | dataset=Solar | model=ufgtime_plus | val_MSE=0.054304410 | test_MSE=0.043546227 | MAE=0.175312815 | RMSE=0.208677329 | MAPE=344.962704676% | params={'learning_rate': 0.0086141436190298, 'decay_rate': 0.029409635559383487, 'hidden_size': 32, 'signal_len': 8, 'cheb_order': 2, 's': 8.947718731366798, 'batch_size': 64, 'k': 6}
Trial 19 finished with value 0.133423083 | dataset=Solar | model=ufgtime_plus | val_MSE=0.025817146 | test_MSE=0.030325575 | MAE=0.133423083 | RMSE=0.174142399 | MAPE=348.432911103% | params={'learning_rate': 0.02019903668653758, 'decay_rate': 0.00964826250182008, 'hidden_size': 64, 'signal_len': 16, 'cheb_order': 2, 's': 7.308305231102354, 'batch_size': 128, 'k': 7}
Trial 20 finished with value 0.089128068 | dataset=Solar | model=ufgtime_plus | val_MSE=0.013457115 | test_MSE=0.019554754 | MAE=0.089128068 | RMSE=0.139838312 | MAPE=346.488075306% | params={'learning_rate': 0.004690515712781688, 'decay_rate': 0.0005047630134210473, 'hidden_size': 64, 'signal_len': 8, 'cheb_order': 2, 's': 8.967107664334128, 'batch_size': 64, 'k': 5}
Trial 21 finished with value 0.087355557 | dataset=Solar | model=ufgtime_plus | val_MSE=0.012918609 | test_MSE=0.018627954 | MAE=0.087355557 | RMSE=0.136484261 | MAPE=345.662726394% | params={'learning_rate': 0.0005422205950098942, 'decay_rate': 6.224483979096001e-05, 'hidden_size': 64, 'signal_len': 8, 'cheb_order': 2, 's': 9.099251321794174, 'batch_size': 64, 'k': 5}
Trial 22 finished with value 0.098316263 | dataset=Solar | model=ufgtime_plus | val_MSE=0.015432760 | test_MSE=0.022725764 | MAE=0.098316263 | RMSE=0.150750668 | MAPE=348.699855167% | params={'learning_rate': 0.00012324013137261433, 'decay_rate': 0.008992919947884863, 'hidden_size': 64, 'signal_len': 8, 'cheb_order': 2, 's': 9.383534209077714, 'batch_size': 64, 'k': 5}
Trial 23 finished with value 0.097517197 | dataset=Solar | model=ufgtime_plus | val_MSE=0.014407915 | test_MSE=0.022415597 | MAE=0.097517197 | RMSE=0.149718392 | MAPE=348.278037035% | params={'learning_rate': 0.005063117454349399, 'decay_rate': 0.0015336056324468258, 'hidden_size': 64, 'signal_len': 8, 'cheb_order': 2, 's': 7.322329781579982, 'batch_size': 64, 'k': 4}
Trial 24 finished with value 0.111359671 | dataset=Solar | model=ufgtime_plus | val_MSE=0.017393420 | test_MSE=0.027107196 | MAE=0.111359671 | RMSE=0.164642631 | MAPE=349.841469148% | params={'learning_rate': 0.004651437221152328, 'decay_rate': 0.011116003755921918, 'hidden_size': 64, 'signal_len': 8, 'cheb_order': 2, 's': 8.035071827194333, 'batch_size': 64, 'k': 4}
Trial 25 finished with value 0.086250239 | dataset=Solar | model=ufgtime_plus | val_MSE=0.013054844 | test_MSE=0.018132003 | MAE=0.086250239 | RMSE=0.134655127 | MAPE=345.077408360% | params={'learning_rate': 0.011705092048770299, 'decay_rate': 4.0966316219925164e-05, 'hidden_size': 32, 'signal_len': 8, 'cheb_order': 2, 's': 9.339132417649585, 'batch_size': 64, 'k': 6}
Trial 26 finished with value 0.206030820 | dataset=Solar | model=ufgtime_plus | val_MSE=0.077073238 | test_MSE=0.054262343 | MAE=0.206030820 | RMSE=0.232942789 | MAPE=343.099295149% | params={'learning_rate': 0.01145405323732641, 'decay_rate': 0.04868994358145079, 'hidden_size': 32, 'signal_len': 16, 'cheb_order': 2, 's': 9.987499263090356, 'batch_size': 64, 'k': 7}
Trial 27 finished with value 0.109990566 | dataset=Solar | model=ufgtime_plus | val_MSE=0.016918836 | test_MSE=0.025128361 | MAE=0.109990566 | RMSE=0.158519275 | MAPE=349.027171344% | params={'learning_rate': 0.010320527957099668, 'decay_rate': 0.005353693825814788, 'hidden_size': 32, 'signal_len': 8, 'cheb_order': 2, 's': 3.4156675570551576, 'batch_size': 64, 'k': 6}
Trial 28 finished with value 0.091303961 | dataset=Solar | model=ufgtime_plus | val_MSE=0.015226069 | test_MSE=0.019074696 | MAE=0.091303961 | RMSE=0.138111172 | MAPE=346.988211912% | params={'learning_rate': 0.0004885158273369413, 'decay_rate': 0.01587746189352819, 'hidden_size': 32, 'signal_len': 16, 'cheb_order': 2, 's': 6.839236778943737, 'batch_size': 32, 'k': 6}
Trial 29 finished with value 0.182815444 | dataset=Solar | model=ufgtime_plus | val_MSE=0.065698930 | test_MSE=0.049319412 | MAE=0.182815444 | RMSE=0.222079743 | MAPE=343.883345793% | params={'learning_rate': 0.022228175156088527, 'decay_rate': 0.03797926275689559, 'hidden_size': 16, 'signal_len': 8, 'cheb_order': 2, 's': 9.415927923590761, 'batch_size': 128, 'k': 3}
Trial 30 finished with value 0.108540747 | dataset=Solar | model=ufgtime_plus | val_MSE=0.017707117 | test_MSE=0.024724224 | MAE=0.108540747 | RMSE=0.157239384 | MAPE=348.438602201% | params={'learning_rate': 0.007031487755334696, 'decay_rate': 0.007047465941666578, 'hidden_size': 32, 'signal_len': 8, 'cheb_order': 2, 's': 8.589179858645169, 'batch_size': 32, 'k': 7}
Trial 31 finished with value 0.083450853 | dataset=Solar | model=ufgtime_plus | val_MSE=0.012867604 | test_MSE=0.017549095 | MAE=0.083450853 | RMSE=0.132472995 | MAPE=344.534922858% | params={'learning_rate': 0.003755860233574123, 'decay_rate': 0.00014552843410127562, 'hidden_size': 64, 'signal_len': 8, 'cheb_order': 2, 's': 9.108116464589036, 'batch_size': 64, 'k': 5}
Trial 32 finished with value 0.101795383 | dataset=Solar | model=ufgtime_plus | val_MSE=0.015028396 | test_MSE=0.023510205 | MAE=0.101795383 | RMSE=0.153330380 | MAPE=349.270707657% | params={'learning_rate': 0.003286086108209989, 'decay_rate': 0.003758896627664876, 'hidden_size': 32, 'signal_len': 8, 'cheb_order': 2, 's': 7.793186777435457, 'batch_size': 64, 'k': 5}
Trial 33 finished with value 0.101111150 | dataset=Solar | model=ufgtime_plus | val_MSE=0.014790944 | test_MSE=0.022717008 | MAE=0.101111150 | RMSE=0.150721624 | MAPE=348.799639029% | params={'learning_rate': 0.003010941405699961, 'decay_rate': 0.0037423745911184005, 'hidden_size': 32, 'signal_len': 8, 'cheb_order': 2, 's': 1.3396795771621264, 'batch_size': 64, 'k': 6}
Trial 34 finished with value 0.102969266 | dataset=Solar | model=ufgtime_plus | val_MSE=0.015760796 | test_MSE=0.023382915 | MAE=0.102969266 | RMSE=0.152914731 | MAPE=349.119418359% | params={'learning_rate': 0.006268668591750087, 'decay_rate': 0.003772087283335311, 'hidden_size': 32, 'signal_len': 8, 'cheb_order': 2, 's': 9.505331984402464, 'batch_size': 64, 'k': 4}
Trial 35 finished with value 0.086836671 | dataset=Solar | model=ufgtime_plus | val_MSE=0.012932596 | test_MSE=0.018228518 | MAE=0.086836671 | RMSE=0.135013029 | MAPE=345.685803026% | params={'learning_rate': 0.002771918498461503, 'decay_rate': 7.905046482907662e-05, 'hidden_size': 16, 'signal_len': 8, 'cheb_order': 2, 's': 8.40591865316064, 'batch_size': 64, 'k': 5}
Trial 36 finished with value 0.186146583 | dataset=Solar | model=ufgtime_plus | val_MSE=0.061566550 | test_MSE=0.047297713 | MAE=0.186146583 | RMSE=0.217480373 | MAPE=343.611992276% | params={'learning_rate': 0.012964013310961876, 'decay_rate': 0.01836527914339694, 'hidden_size': 16, 'signal_len': 16, 'cheb_order': 3, 's': 8.345610888588268, 'batch_size': 32, 'k': 3}
Trial 37 finished with value 0.130543063 | dataset=Solar | model=ufgtime_plus | val_MSE=0.022469675 | test_MSE=0.028852864 | MAE=0.130543063 | RMSE=0.169861308 | MAPE=350.042261541% | params={'learning_rate': 0.010000262374794296, 'decay_rate': 0.01035083284890993, 'hidden_size': 16, 'signal_len': 16, 'cheb_order': 2, 's': 7.77538271824889, 'batch_size': 64, 'k': 6}
Trial 38 finished with value 0.127614082 | dataset=Solar | model=ufgtime_plus | val_MSE=0.024129441 | test_MSE=0.027909640 | MAE=0.127614082 | RMSE=0.167061785 | MAPE=348.772099042% | params={'learning_rate': 0.002185908919672245, 'decay_rate': 0.02625183549326849, 'hidden_size': 16, 'signal_len': 8, 'cheb_order': 3, 's': 6.942117944694287, 'batch_size': 64, 'k': 4}
Trial 39 finished with value 0.157593350 | dataset=Solar | model=ufgtime_plus | val_MSE=0.039807457 | test_MSE=0.038500227 | MAE=0.157593350 | RMSE=0.196214747 | MAPE=345.527043965% | params={'learning_rate': 0.029392834695618444, 'decay_rate': 0.007442223251941944, 'hidden_size': 16, 'signal_len': 8, 'cheb_order': 2, 's': 5.418125321960522, 'batch_size': 128, 'k': 7}
Trial 40 finished with value 0.180181561 | dataset=Solar | model=ufgtime_plus | val_MSE=0.051590653 | test_MSE=0.047678540 | MAE=0.180181561 | RMSE=0.218354161 | MAPE=344.917802381% | params={'learning_rate': 0.024558011417949683, 'decay_rate': 0.002925129220870607, 'hidden_size': 16, 'signal_len': 16, 'cheb_order': 3, 's': 4.072666713550048, 'batch_size': 32, 'k': 5}
Trial 41 finished with value 0.081925905 | dataset=Solar | model=ufgtime_plus | val_MSE=0.012728262 | test_MSE=0.017022132 | MAE=0.081925905 | RMSE=0.130468892 | MAPE=344.240208828% | params={'learning_rate': 0.0028538718075691778, 'decay_rate': 0.00012252909869124424, 'hidden_size': 64, 'signal_len': 8, 'cheb_order': 2, 's': 8.74007962432678, 'batch_size': 64, 'k': 5}
Trial 42 finished with value 0.101023721 | dataset=Solar | model=ufgtime_plus | val_MSE=0.014996950 | test_MSE=0.022612025 | MAE=0.101023721 | RMSE=0.150372954 | MAPE=348.150516942% | params={'learning_rate': 0.0032243220471299024, 'decay_rate': 0.0027876356673814024, 'hidden_size': 16, 'signal_len': 8, 'cheb_order': 2, 's': 8.460676433986505, 'batch_size': 64, 'k': 5}
Trial 43 finished with value 0.102050806 | dataset=Solar | model=ufgtime_plus | val_MSE=0.015752578 | test_MSE=0.023312403 | MAE=0.102050806 | RMSE=0.152683997 | MAPE=348.221713669% | params={'learning_rate': 0.006069295893802327, 'decay_rate': 0.005082094470818214, 'hidden_size': 32, 'signal_len': 8, 'cheb_order': 2, 's': 9.534298792660323, 'batch_size': 64, 'k': 6}
Trial 44 finished with value 0.093215816 | dataset=Solar | model=ufgtime_plus | val_MSE=0.014171502 | test_MSE=0.020710173 | MAE=0.093215816 | RMSE=0.143910295 | MAPE=347.406671242% | params={'learning_rate': 0.04802942950842444, 'decay_rate': 5.4232588968084296e-05, 'hidden_size': 64, 'signal_len': 8, 'cheb_order': 2, 's': 8.768128271078607, 'batch_size': 64, 'k': 5}
Trial 45 finished with value 0.111324316 | dataset=Solar | model=ufgtime_plus | val_MSE=0.017645940 | test_MSE=0.027038393 | MAE=0.111324316 | RMSE=0.164433552 | MAPE=349.567094971% | params={'learning_rate': 0.0025107891216387336, 'decay_rate': 0.012586336873355825, 'hidden_size': 32, 'signal_len': 8, 'cheb_order': 2, 's': 6.000852705085978, 'batch_size': 64, 'k': 4}
Trial 46 finished with value 0.107057389 | dataset=Solar | model=ufgtime_plus | val_MSE=0.015607864 | test_MSE=0.024630376 | MAE=0.107057389 | RMSE=0.156940676 | MAPE=349.088342562% | params={'learning_rate': 0.014750384358371867, 'decay_rate': 0.002297595394829419, 'hidden_size': 64, 'signal_len': 8, 'cheb_order': 2, 's': 7.805943532243212, 'batch_size': 64, 'k': 3}
Trial 47 finished with value 0.101860567 | dataset=Solar | model=ufgtime_plus | val_MSE=0.015765390 | test_MSE=0.021818714 | MAE=0.101860567 | RMSE=0.147711591 | MAPE=348.799540040% | params={'learning_rate': 0.006802959684710707, 'decay_rate': 0.005685593974173351, 'hidden_size': 16, 'signal_len': 16, 'cheb_order': 3, 's': 8.832459852594203, 'batch_size': 64, 'k': 6}
Trial 48 finished with value 0.111782030 | dataset=Solar | model=ufgtime_plus | val_MSE=0.017369088 | test_MSE=0.028168652 | MAE=0.111782030 | RMSE=0.167835193 | MAPE=350.352057740% | params={'learning_rate': 0.010112134565429996, 'decay_rate': 0.007731686897680833, 'hidden_size': 64, 'signal_len': 8, 'cheb_order': 2, 's': 9.690256578578138, 'batch_size': 64, 'k': 7}
Trial 49 finished with value 0.149037838 | dataset=Solar | model=ufgtime_plus | val_MSE=0.029451789 | test_MSE=0.034104805 | MAE=0.149037838 | RMSE=0.184674862 | MAPE=349.616047381% | params={'learning_rate': 0.01209815490327644, 'decay_rate': 0.021796210240217433, 'hidden_size': 32, 'signal_len': 8, 'cheb_order': 2, 's': 8.135068217715197, 'batch_size': 128, 'k': 6}
Trial 50 finished with value 0.173492822 | dataset=Solar | model=ufgtime_plus | val_MSE=0.050252848 | test_MSE=0.046052479 | MAE=0.173492822 | RMSE=0.214598414 | MAPE=344.836253930% | params={'learning_rate': 0.03730379206423207, 'decay_rate': 0.0016619922822563602, 'hidden_size': 64, 'signal_len': 16, 'cheb_order': 2, 's': 9.223128897410085, 'batch_size': 64, 'k': 8}
Trial 51 finished with value 0.087428788 | dataset=Solar | model=ufgtime_plus | val_MSE=0.013151524 | test_MSE=0.018261623 | MAE=0.087428788 | RMSE=0.135135571 | MAPE=345.238759076% | params={'learning_rate': 0.00040204956689299893, 'decay_rate': 0.00027463662370058074, 'hidden_size': 64, 'signal_len': 8, 'cheb_order': 2, 's': 9.117364403901705, 'batch_size': 64, 'k': 5}
Trial 52 finished with value 0.099827268 | dataset=Solar | model=ufgtime_plus | val_MSE=0.015496183 | test_MSE=0.023104615 | MAE=0.099827268 | RMSE=0.152002024 | MAPE=348.509474556% | params={'learning_rate': 6.099847746159943e-05, 'decay_rate': 0.0025040214533496997, 'hidden_size': 64, 'signal_len': 8, 'cheb_order': 2, 's': 8.681707878374711, 'batch_size': 64, 'k': 5}
Trial 53 finished with value 0.100206824 | dataset=Solar | model=ufgtime_plus | val_MSE=0.014910866 | test_MSE=0.023153000 | MAE=0.100206824 | RMSE=0.152161100 | MAPE=348.639052934% | params={'learning_rate': 0.0022417214434091604, 'decay_rate': 0.004776624550725021, 'hidden_size': 64, 'signal_len': 8, 'cheb_order': 2, 's': 9.079695749029932, 'batch_size': 64, 'k': 5}
Trial 54 finished with value 0.086552832 | dataset=Solar | model=ufgtime_plus | val_MSE=0.013042198 | test_MSE=0.018596751 | MAE=0.086552832 | RMSE=0.136369906 | MAPE=345.916244106% | params={'learning_rate': 0.00842271162702066, 'decay_rate': 9.336193049398422e-05, 'hidden_size': 64, 'signal_len': 8, 'cheb_order': 2, 's': 9.755262322592934, 'batch_size': 64, 'k': 5}
Trial 55 finished with value 0.114469359 | dataset=Solar | model=ufgtime_plus | val_MSE=0.018621607 | test_MSE=0.028235215 | MAE=0.114469359 | RMSE=0.168033376 | MAPE=349.987452366% | params={'learning_rate': 0.007818973229735147, 'decay_rate': 0.01174487236748732, 'hidden_size': 64, 'signal_len': 8, 'cheb_order': 2, 's': 9.936996398254943, 'batch_size': 64, 'k': 4}
Trial 56 finished with value 0.111904206 | dataset=Solar | model=ufgtime_plus | val_MSE=0.016615622 | test_MSE=0.026969542 | MAE=0.111904206 | RMSE=0.164224061 | MAPE=349.811959096% | params={'learning_rate': 0.004113303150466841, 'decay_rate': 0.008963519605768843, 'hidden_size': 64, 'signal_len': 8, 'cheb_order': 2, 's': 9.750846344262907, 'batch_size': 64, 'k': 6}
Trial 57 finished with value 0.101128321 | dataset=Solar | model=ufgtime_plus | val_MSE=0.015647315 | test_MSE=0.022638508 | MAE=0.101128321 | RMSE=0.150460985 | MAPE=347.960126570% | params={'learning_rate': 0.01619815076189232, 'decay_rate': 0.0018298462880294922, 'hidden_size': 32, 'signal_len': 8, 'cheb_order': 2, 's': 8.36214196950483, 'batch_size': 64, 'k': 5}
Trial 58 finished with value 0.106127642 | dataset=Solar | model=ufgtime_plus | val_MSE=0.016819486 | test_MSE=0.024273219 | MAE=0.106127642 | RMSE=0.155798648 | MAPE=350.044372591% | params={'learning_rate': 0.009055110521385069, 'decay_rate': 0.007048772356913547, 'hidden_size': 64, 'signal_len': 16, 'cheb_order': 3, 's': 9.275232908127913, 'batch_size': 64, 'k': 7}
