Trial 176 finished with value 0.084933446 | dataset=Solar | model=ufgtime_plus | val_MSE=0.013541251 | test_MSE=0.017110034 | MAE=0.084933446 | RMSE=0.130805330 | MAPE=345.278755745% | params={'learning_rate': 0.0072471985075858465, 'decay_rate': 0.0001911106764223632, 'hidden_size': 32, 'signal_len': 16, 'cheb_order': 2, 's': 2.7076414252711283, 'batch_size': 32, 'k': 3}
Trial 177 finished with value 0.080893695 | dataset=Solar | model=ufgtime_plus | val_MSE=0.012581203 | test_MSE=0.015974961 | MAE=0.080893695 | RMSE=0.126392094 | MAPE=344.267608739% | params={'learning_rate': 0.005813809107830205, 'decay_rate': 9.93044087583061e-05, 'hidden_size': 32, 'signal_len': 16, 'cheb_order': 2, 's': 3.4352536323157734, 'batch_size': 32, 'k': 2}
Trial 178 finished with value 0.090843895 | dataset=Solar | model=ufgtime_plus | val_MSE=0.014499745 | test_MSE=0.019105649 | MAE=0.090843895 | RMSE=0.138223186 | MAPE=347.067955054% | params={'learning_rate': 0.005847081375346856, 'decay_rate': 0.0018596176276905435, 'hidden_size': 32, 'signal_len': 16, 'cheb_order': 2, 's': 3.368278492619636, 'batch_size': 32, 'k': 2}
Trial 179 finished with value 0.097525588 | dataset=Solar | model=ufgtime_plus | val_MSE=0.015232308 | test_MSE=0.021540705 | MAE=0.097525588 | RMSE=0.146767519 | MAPE=348.381857898% | params={'learning_rate': 0.008341187920812948, 'decay_rate': 0.0028862012636891297, 'hidden_size': 32, 'signal_len': 16, 'cheb_order': 2, 's': 3.576791687167881, 'batch_size': 32, 'k': 2}
Trial 180 finished with value 0.108091757 | dataset=Solar | model=ufgtime_plus | val_MSE=0.017547279 | test_MSE=0.025032296 | MAE=0.108091757 | RMSE=0.158215979 | MAPE=348.923308815% | params={'learning_rate': 0.03455646518347111, 'decay_rate': 0.0010513099856446651, 'hidden_size': 32, 'signal_len': 16, 'cheb_order': 2, 's': 3.2335372999848135, 'batch_size': 32, 'k': 2}
Trial 181 finished with value 0.082413656 | dataset=Solar | model=ufgtime_plus | val_MSE=0.012791488 | test_MSE=0.017149334 | MAE=0.082413656 | RMSE=0.130955465 | MAPE=345.642018558% | params={'learning_rate': 0.0032561931382235265, 'decay_rate': 0.0002312989958233544, 'hidden_size': 32, 'signal_len': 16, 'cheb_order': 2, 's': 3.872670943912821, 'batch_size': 32, 'k': 3}
Trial 182 finished with value 0.080773999 | dataset=Solar | model=ufgtime_plus | val_MSE=0.012710304 | test_MSE=0.016184680 | MAE=0.080773999 | RMSE=0.127219024 | MAPE=344.774239112% | params={'learning_rate': 0.004503682726351512, 'decay_rate': 0.0001656107203482365, 'hidden_size': 32, 'signal_len': 16, 'cheb_order': 2, 's': 3.6920359021097906, 'batch_size': 32, 'k': 2}
Trial 183 finished with value 0.079629192 | dataset=Solar | model=ufgtime_plus | val_MSE=0.012315810 | test_MSE=0.015417229 | MAE=0.079629192 | RMSE=0.124166136 | MAPE=343.775386074% | params={'learning_rate': 0.004945124291730122, 'decay_rate': 1.8327513050219837e-05, 'hidden_size': 32, 'signal_len': 16, 'cheb_order': 2, 's': 2.465773595645439, 'batch_size': 32, 'k': 2}
Trial 184 finished with value 0.141467808 | dataset=Solar | model=ufgtime_plus | val_MSE=0.033575405 | test_MSE=0.032042290 | MAE=0.141467808 | RMSE=0.179003604 | MAPE=347.232754952% | params={'learning_rate': 0.006902999162398848, 'decay_rate': 0.034270893289979946, 'hidden_size': 32, 'signal_len': 16, 'cheb_order': 2, 's': 4.314454323273887, 'batch_size': 32, 'k': 2}
Trial 185 finished with value 0.093544563 | dataset=Solar | model=ufgtime_plus | val_MSE=0.014785739 | test_MSE=0.020115062 | MAE=0.093544563 | RMSE=0.141827578 | MAPE=347.629800827% | params={'learning_rate': 0.004207370278274946, 'decay_rate': 0.001940982979000317, 'hidden_size': 32, 'signal_len': 16, 'cheb_order': 2, 's': 3.6940233474856505, 'batch_size': 32, 'k': 3}
Trial 186 finished with value 0.142388043 | dataset=Solar | model=ufgtime_plus | val_MSE=0.027516753 | test_MSE=0.031421783 | MAE=0.142388043 | RMSE=0.177261904 | MAPE=349.553401208% | params={'learning_rate': 0.006075425622837791, 'decay_rate': 0.020171900189811246, 'hidden_size': 32, 'signal_len': 16, 'cheb_order': 2, 's': 2.4963161393408786, 'batch_size': 32, 'k': 2}
Trial 187 finished with value 0.091313211 | dataset=Solar | model=ufgtime_plus | val_MSE=0.014385072 | test_MSE=0.018579004 | MAE=0.091313211 | RMSE=0.136304819 | MAPE=346.460009095% | params={'learning_rate': 0.005187744402247234, 'decay_rate': 0.001201339461838309, 'hidden_size': 32, 'signal_len': 16, 'cheb_order': 3, 's': 2.3849800637784258, 'batch_size': 32, 'k': 2}
Trial 188 finished with value 0.089775942 | dataset=Solar | model=ufgtime_plus | val_MSE=0.014064119 | test_MSE=0.018256724 | MAE=0.089775942 | RMSE=0.135117446 | MAPE=346.196810106% | params={'learning_rate': 0.0033076265867471215, 'decay_rate': 0.0009374151299439031, 'hidden_size': 32, 'signal_len': 16, 'cheb_order': 2, 's': 3.45447413136196, 'batch_size': 32, 'k': 3}
Trial 189 finished with value 0.100342686 | dataset=Solar | model=ufgtime_plus | val_MSE=0.014976461 | test_MSE=0.022595210 | MAE=0.100342686 | RMSE=0.150317030 | MAPE=350.021810184% | params={'learning_rate': 0.0046338460787273324, 'decay_rate': 0.0024474298782573016, 'hidden_size': 32, 'signal_len': 16, 'cheb_order': 2, 's': 3.7644492645793552, 'batch_size': 32, 'k': 2}
Trial 190 finished with value 0.141728976 | dataset=Solar | model=ufgtime_plus | val_MSE=0.027308764 | test_MSE=0.031084421 | MAE=0.141728976 | RMSE=0.176307744 | MAPE=349.902311669% | params={'learning_rate': 0.006463512259142569, 'decay_rate': 0.018574336437059857, 'hidden_size': 32, 'signal_len': 16, 'cheb_order': 2, 's': 3.4803468111234, 'batch_size': 32, 'k': 3}
Trial 191 finished with value 0.076541229 | dataset=Solar | model=ufgtime_plus | val_MSE=0.012119201 | test_MSE=0.014746289 | MAE=0.076541229 | RMSE=0.121434298 | MAPE=343.253220027% | params={'learning_rate': 0.004669410441916697, 'decay_rate': 1.399660414646085e-05, 'hidden_size': 32, 'signal_len': 16, 'cheb_order': 2, 's': 3.121964071373119, 'batch_size': 32, 'k': 2}
Trial 192 finished with value 0.088278130 | dataset=Solar | model=ufgtime_plus | val_MSE=0.013864889 | test_MSE=0.017840529 | MAE=0.088278130 | RMSE=0.133568443 | MAPE=346.244348476% | params={'learning_rate': 0.00320721602696931, 'decay_rate': 0.0008962603666864665, 'hidden_size': 32, 'signal_len': 16, 'cheb_order': 2, 's': 3.247725942640346, 'batch_size': 32, 'k': 2}
Trial 193 finished with value 0.079935776 | dataset=Solar | model=ufgtime_plus | val_MSE=0.012382433 | test_MSE=0.015717675 | MAE=0.079935776 | RMSE=0.125370153 | MAPE=344.176891987% | params={'learning_rate': 0.005413077537499933, 'decay_rate': 3.804908583586069e-05, 'hidden_size': 32, 'signal_len': 16, 'cheb_order': 2, 's': 3.882792737593056, 'batch_size': 32, 'k': 2}
Trial 194 finished with value 0.095377822 | dataset=Solar | model=ufgtime_plus | val_MSE=0.014648126 | test_MSE=0.019081075 | MAE=0.095377822 | RMSE=0.138134266 | MAPE=346.991353304% | params={'learning_rate': 0.00588088816877684, 'decay_rate': 0.0015792971793314853, 'hidden_size': 32, 'signal_len': 16, 'cheb_order': 2, 's': 3.9761965551809184, 'batch_size': 32, 'k': 2}
Trial 195 finished with value 0.082009943 | dataset=Solar | model=ufgtime_plus | val_MSE=0.013300577 | test_MSE=0.015974509 | MAE=0.082009943 | RMSE=0.126390303 | MAPE=344.192829528% | params={'learning_rate': 0.007609879291013863, 'decay_rate': 0.0001568806351011581, 'hidden_size': 32, 'signal_len': 16, 'cheb_order': 2, 's': 4.622459477019208, 'batch_size': 32, 'k': 3}
Trial 196 finished with value 0.079626664 | dataset=Solar | model=ufgtime_plus | val_MSE=0.012306734 | test_MSE=0.015837480 | MAE=0.079626664 | RMSE=0.125847050 | MAPE=344.293464838% | params={'learning_rate': 0.0039029605072309994, 'decay_rate': 3.720919567682172e-05, 'hidden_size': 32, 'signal_len': 16, 'cheb_order': 2, 's': 4.178952682166008, 'batch_size': 32, 'k': 2}
Trial 197 finished with value 0.093942195 | dataset=Solar | model=ufgtime_plus | val_MSE=0.014436658 | test_MSE=0.019551646 | MAE=0.093942195 | RMSE=0.139827200 | MAPE=347.453106577% | params={'learning_rate': 0.003958036824518769, 'decay_rate': 0.0019547359392089853, 'hidden_size': 32, 'signal_len': 16, 'cheb_order': 2, 's': 4.308816849347392, 'batch_size': 32, 'k': 2}
Trial 198 finished with value 0.093654573 | dataset=Solar | model=ufgtime_plus | val_MSE=0.014525282 | test_MSE=0.020286385 | MAE=0.093654573 | RMSE=0.142430282 | MAPE=347.999694054% | params={'learning_rate': 0.0026994870292197624, 'decay_rate': 0.003250981352784464, 'hidden_size': 32, 'signal_len': 16, 'cheb_order': 2, 's': 4.123568854882031, 'batch_size': 32, 'k': 3}
Trial 199 finished with value 0.091290569 | dataset=Solar | model=ufgtime_plus | val_MSE=0.014447826 | test_MSE=0.018342454 | MAE=0.091290569 | RMSE=0.135434317 | MAPE=345.809794282% | params={'learning_rate': 0.004104543987039064, 'decay_rate': 0.0012499538848974505, 'hidden_size': 32, 'signal_len': 16, 'cheb_order': 2, 's': 3.869000493739415, 'batch_size': 32, 'k': 2}
Trial 200 finished with value 0.091035885 | dataset=Solar | model=ufgtime_plus | val_MSE=0.014152286 | test_MSE=0.018528412 | MAE=0.091035885 | RMSE=0.136119109 | MAPE=346.490708341% | params={'learning_rate': 0.002960474215972496, 'decay_rate': 0.0010406228625930267, 'hidden_size': 32, 'signal_len': 16, 'cheb_order': 2, 's': 3.636287298331225, 'batch_size': 32, 'k': 3}
Trial 201 finished with value 0.090418589 | dataset=Solar | model=ufgtime_plus | val_MSE=0.014212280 | test_MSE=0.018821417 | MAE=0.090418589 | RMSE=0.137191170 | MAPE=346.973758812% | params={'learning_rate': 0.005357425559638478, 'decay_rate': 0.0008525063925712828, 'hidden_size': 32, 'signal_len': 16, 'cheb_order': 2, 's': 3.3423623619117717, 'batch_size': 32, 'k': 2}
Trial 202 finished with value 0.079406523 | dataset=Solar | model=ufgtime_plus | val_MSE=0.012598993 | test_MSE=0.015904501 | MAE=0.079406523 | RMSE=0.126113047 | MAPE=344.211528400% | params={'learning_rate': 0.005336134615426123, 'decay_rate': 8.920352664532725e-05, 'hidden_size': 32, 'signal_len': 16, 'cheb_order': 2, 's': 3.4944671559105336, 'batch_size': 32, 'k': 2}
Trial 203 finished with value 0.097858252 | dataset=Solar | model=ufgtime_plus | val_MSE=0.014378429 | test_MSE=0.022043205 | MAE=0.097858252 | RMSE=0.148469542 | MAPE=349.335584187% | params={'learning_rate': 0.003899607436409028, 'decay_rate': 0.0020131406301591398, 'hidden_size': 32, 'signal_len': 16, 'cheb_order': 2, 's': 3.8846550128970163, 'batch_size': 32, 'k': 2}
Trial 204 finished with value 0.080753819 | dataset=Solar | model=ufgtime_plus | val_MSE=0.013018295 | test_MSE=0.015828085 | MAE=0.080753819 | RMSE=0.125809717 | MAPE=344.253672585% | params={'learning_rate': 0.004825422551394982, 'decay_rate': 0.00022142836525576533, 'hidden_size': 32, 'signal_len': 16, 'cheb_order': 2, 's': 3.573019134569378, 'batch_size': 32, 'k': 2}
Trial 205 finished with value 0.079409157 | dataset=Solar | model=ufgtime_plus | val_MSE=0.012422449 | test_MSE=0.015981442 | MAE=0.079409157 | RMSE=0.126417728 | MAPE=344.741778833% | params={'learning_rate': 0.0068572714710460215, 'decay_rate': 3.489995893558883e-05, 'hidden_size': 32, 'signal_len': 16, 'cheb_order': 2, 's': 1.8006965117983391, 'batch_size': 32, 'k': 2}
Trial 206 finished with value 0.093949986 | dataset=Solar | model=ufgtime_plus | val_MSE=0.014876957 | test_MSE=0.019997387 | MAE=0.093949986 | RMSE=0.141412117 | MAPE=347.354936293% | params={'learning_rate': 0.006760064595942895, 'decay_rate': 0.0018004237607985453, 'hidden_size': 32, 'signal_len': 16, 'cheb_order': 2, 's': 1.9822218297196281, 'batch_size': 32, 'k': 3}
Trial 207 finished with value 0.081730849 | dataset=Solar | model=ufgtime_plus | val_MSE=0.012819734 | test_MSE=0.016460405 | MAE=0.081730849 | RMSE=0.128298109 | MAPE=345.086842661% | params={'learning_rate': 0.007333083048491105, 'decay_rate': 9.196933496878989e-05, 'hidden_size': 32, 'signal_len': 16, 'cheb_order': 2, 's': 3.108888906188293, 'batch_size': 32, 'k': 2}
Trial 208 finished with value 0.099443922 | dataset=Solar | model=ufgtime_plus | val_MSE=0.015658037 | test_MSE=0.022991077 | MAE=0.099443922 | RMSE=0.151628087 | MAPE=349.264744710% | params={'learning_rate': 0.008523113309924332, 'decay_rate': 0.002719841007965097, 'hidden_size': 32, 'signal_len': 16, 'cheb_order': 2, 's': 4.207237885307025, 'batch_size': 32, 'k': 3}
Trial 209 finished with value 0.078814982 | dataset=Solar | model=ufgtime_plus | val_MSE=0.012187240 | test_MSE=0.015862881 | MAE=0.078814982 | RMSE=0.125947928 | MAPE=344.155104630% | params={'learning_rate': 0.002983009505545932, 'decay_rate': 2.2991169534251516e-05, 'hidden_size': 32, 'signal_len': 16, 'cheb_order': 2, 's': 1.394926176005133, 'batch_size': 32, 'k': 2}
Trial 210 finished with value 0.093618191 | dataset=Solar | model=ufgtime_plus | val_MSE=0.014095029 | test_MSE=0.020063976 | MAE=0.093618191 | RMSE=0.141647365 | MAPE=347.944771794% | params={'learning_rate': 0.002762482070706596, 'decay_rate': 0.001396077188956792, 'hidden_size': 32, 'signal_len': 16, 'cheb_order': 2, 's': 1.1704426921100257, 'batch_size': 32, 'k': 2}
Trial 211 finished with value 0.092653655 | dataset=Solar | model=ufgtime_plus | val_MSE=0.014177050 | test_MSE=0.019731809 | MAE=0.092653655 | RMSE=0.140469957 | MAPE=347.784135351% | params={'learning_rate': 0.005613221603086871, 'decay_rate': 0.0009877993590111885, 'hidden_size': 32, 'signal_len': 16, 'cheb_order': 2, 's': 1.5509460796230035, 'batch_size': 32, 'k': 2}
Trial 212 finished with value 0.078028386 | dataset=Solar | model=ufgtime_plus | val_MSE=0.012257034 | test_MSE=0.015222390 | MAE=0.078028386 | RMSE=0.123379052 | MAPE=343.528219879% | params={'learning_rate': 0.0035226321987224564, 'decay_rate': 2.618857919251344e-05, 'hidden_size': 32, 'signal_len': 16, 'cheb_order': 2, 's': 1.6980769834152218, 'batch_size': 32, 'k': 2}
Trial 213 finished with value 0.088682514 | dataset=Solar | model=ufgtime_plus | val_MSE=0.014232212 | test_MSE=0.017786834 | MAE=0.088682514 | RMSE=0.133367291 | MAPE=345.739315494% | params={'learning_rate': 0.0038453529146803946, 'decay_rate': 0.0011297895604336565, 'hidden_size': 32, 'signal_len': 16, 'cheb_order': 2, 's': 1.6594811248448602, 'batch_size': 32, 'k': 2}
Trial 214 finished with value 0.080758584 | dataset=Solar | model=ufgtime_plus | val_MSE=0.012246169 | test_MSE=0.016630340 | MAE=0.080758584 | RMSE=0.128958677 | MAPE=345.245816738% | params={'learning_rate': 0.0028020191100306337, 'decay_rate': 5.626251510772999e-05, 'hidden_size': 32, 'signal_len': 16, 'cheb_order': 2, 's': 1.619669373620735, 'batch_size': 32, 'k': 2}
Trial 215 finished with value 0.093389088 | dataset=Solar | model=ufgtime_plus | val_MSE=0.014421827 | test_MSE=0.019894566 | MAE=0.093389088 | RMSE=0.141048097 | MAPE=347.717418919% | params={'learning_rate': 0.005212556829016636, 'decay_rate': 0.00204598560635624, 'hidden_size': 32, 'signal_len': 16, 'cheb_order': 2, 's': 1.802005671493256, 'batch_size': 32, 'k': 2}
Trial 216 finished with value 0.089497408 | dataset=Solar | model=ufgtime_plus | val_MSE=0.014456364 | test_MSE=0.017871340 | MAE=0.089497408 | RMSE=0.133683731 | MAPE=345.665193652% | params={'learning_rate': 0.006543238576884353, 'decay_rate': 0.0010503131102016377, 'hidden_size': 32, 'signal_len': 16, 'cheb_order': 2, 's': 1.4298589767372434, 'batch_size': 32, 'k': 2}
Trial 217 finished with value 0.081150261 | dataset=Solar | model=ufgtime_plus | val_MSE=0.012442181 | test_MSE=0.016616292 | MAE=0.081150261 | RMSE=0.128904198 | MAPE=345.126269730% | params={'learning_rate': 0.004338042905971216, 'decay_rate': 8.208028956513434e-05, 'hidden_size': 32, 'signal_len': 16, 'cheb_order': 2, 's': 3.98239606650511, 'batch_size': 32, 'k': 2}
Trial 218 finished with value 0.104906035 | dataset=Solar | model=ufgtime_plus | val_MSE=0.016829845 | test_MSE=0.024033586 | MAE=0.104906035 | RMSE=0.155027693 | MAPE=349.891043565% | params={'learning_rate': 0.002781329959811976, 'decay_rate': 0.014434570660117146, 'hidden_size': 32, 'signal_len': 16, 'cheb_order': 2, 's': 2.225419438528539, 'batch_size': 32, 'k': 3}
Trial 219 finished with value 0.098506890 | dataset=Solar | model=ufgtime_plus | val_MSE=0.015267468 | test_MSE=0.022025753 | MAE=0.098506890 | RMSE=0.148410757 | MAPE=348.737803016% | params={'learning_rate': 0.010099419851877681, 'decay_rate': 0.0024938993465195665, 'hidden_size': 32, 'signal_len': 16, 'cheb_order': 3, 's': 2.769838724113601, 'batch_size': 32, 'k': 2}
Trial 220 finished with value 0.079635058 | dataset=Solar | model=ufgtime_plus | val_MSE=0.012292215 | test_MSE=0.015781383 | MAE=0.079635058 | RMSE=0.125623976 | MAPE=344.111393793% | params={'learning_rate': 0.005744718829005015, 'decay_rate': 2.7658408962394645e-05, 'hidden_size': 32, 'signal_len': 16, 'cheb_order': 2, 's': 1.178515363339689, 'batch_size': 32, 'k': 3}
Trial 221 finished with value 0.080202789 | dataset=Solar | model=ufgtime_plus | val_MSE=0.012463527 | test_MSE=0.016372796 | MAE=0.080202789 | RMSE=0.127956226 | MAPE=344.711850343% | params={'learning_rate': 0.005559814049084252, 'decay_rate': 4.580589715390367e-05, 'hidden_size': 32, 'signal_len': 16, 'cheb_order': 2, 's': 1.3477722412493631, 'batch_size': 32, 'k': 3}
Trial 222 finished with value 0.092484037 | dataset=Solar | model=ufgtime_plus | val_MSE=0.014502417 | test_MSE=0.019295640 | MAE=0.092484037 | RMSE=0.138908747 | MAPE=346.934568584% | params={'learning_rate': 0.005845910005992083, 'decay_rate': 0.0011637178989148825, 'hidden_size': 32, 'signal_len': 16, 'cheb_order': 2, 's': 1.1263998153071406, 'batch_size': 32, 'k': 3}
Trial 223 finished with value 0.094663216 | dataset=Solar | model=ufgtime_plus | val_MSE=0.014670460 | test_MSE=0.020711570 | MAE=0.094663216 | RMSE=0.143915148 | MAPE=348.213414703% | params={'learning_rate': 0.007707143950973569, 'decay_rate': 0.0009741105357260719, 'hidden_size': 32, 'signal_len': 16, 'cheb_order': 2, 's': 1.2569875462181772, 'batch_size': 32, 'k': 3}
Trial 224 finished with value 0.096281168 | dataset=Solar | model=ufgtime_plus | val_MSE=0.014790232 | test_MSE=0.020856850 | MAE=0.096281168 | RMSE=0.144419008 | MAPE=348.177669411% | params={'learning_rate': 0.00649923727009149, 'decay_rate': 0.0017517874619236277, 'hidden_size': 32, 'signal_len': 16, 'cheb_order': 2, 's': 1.7945224583847574, 'batch_size': 32, 'k': 2}
Trial 225 finished with value 0.077949350 | dataset=Solar | model=ufgtime_plus | val_MSE=0.012417367 | test_MSE=0.014561482 | MAE=0.077949350 | RMSE=0.120670967 | MAPE=342.663801050% | params={'learning_rate': 0.005403618715449085, 'decay_rate': 3.421895991531746e-05, 'hidden_size': 32, 'signal_len': 16, 'cheb_order': 2, 's': 1.4282980822187232, 'batch_size': 32, 'k': 2}
Trial 226 finished with value 0.080916077 | dataset=Solar | model=ufgtime_plus | val_MSE=0.012331042 | test_MSE=0.016012968 | MAE=0.080916077 | RMSE=0.126542357 | MAPE=344.438167809% | params={'learning_rate': 0.005285309134437155, 'decay_rate': 3.153010860803922e-05, 'hidden_size': 32, 'signal_len': 16, 'cheb_order': 2, 's': 1.4186511762023504, 'batch_size': 32, 'k': 2}
Trial 227 finished with value 0.093444692 | dataset=Solar | model=ufgtime_plus | val_MSE=0.014852833 | test_MSE=0.019486840 | MAE=0.093444692 | RMSE=0.139595274 | MAPE=347.072739134% | params={'learning_rate': 0.006922505947008148, 'decay_rate': 0.0011215339884489686, 'hidden_size': 32, 'signal_len': 16, 'cheb_order': 2, 's': 1.5253610954213321, 'batch_size': 32, 'k': 2}
Trial 228 finished with value 0.100415567 | dataset=Solar | model=ufgtime_plus | val_MSE=0.014900014 | test_MSE=0.022777282 | MAE=0.100415567 | RMSE=0.150921442 | MAPE=349.960263062% | params={'learning_rate': 0.005586523488133237, 'decay_rate': 0.0017996176250285247, 'hidden_size': 32, 'signal_len': 16, 'cheb_order': 2, 's': 1.8258460975924518, 'batch_size': 32, 'k': 2}
Trial 229 finished with value 0.092653773 | dataset=Solar | model=ufgtime_plus | val_MSE=0.014368557 | test_MSE=0.019493077 | MAE=0.092653773 | RMSE=0.139617608 | MAPE=347.269226260% | params={'learning_rate': 0.009050521854355648, 'decay_rate': 0.0009928848650725519, 'hidden_size': 32, 'signal_len': 16, 'cheb_order': 2, 's': 1.4223968775474172, 'batch_size': 32, 'k': 2}
Trial 230 finished with value 0.079003644 | dataset=Solar | model=ufgtime_plus | val_MSE=0.012352186 | test_MSE=0.015199401 | MAE=0.079003644 | RMSE=0.123285851 | MAPE=343.603959734% | params={'learning_rate': 0.004034084712223079, 'decay_rate': 2.9766045542926827e-05, 'hidden_size': 32, 'signal_len': 16, 'cheb_order': 2, 's': 1.339719227029631, 'batch_size': 32, 'k': 2}
Trial 231 finished with value 0.082041429 | dataset=Solar | model=ufgtime_plus | val_MSE=0.012591227 | test_MSE=0.016722304 | MAE=0.082041429 | RMSE=0.129314747 | MAPE=345.393973942% | params={'learning_rate': 0.004323370751037625, 'decay_rate': 0.00012991973288819521, 'hidden_size': 32, 'signal_len': 16, 'cheb_order': 2, 's': 1.2453228572281434, 'batch_size': 32, 'k': 2}
Trial 232 finished with value 0.093616659 | dataset=Solar | model=ufgtime_plus | val_MSE=0.014388744 | test_MSE=0.019842100 | MAE=0.093616659 | RMSE=0.140861989 | MAPE=347.336721221% | params={'learning_rate': 0.003845721147774457, 'decay_rate': 0.0010335943954038248, 'hidden_size': 32, 'signal_len': 16, 'cheb_order': 2, 's': 1.2874548828066552, 'batch_size': 32, 'k': 2}
Trial 233 finished with value 0.095001549 | dataset=Solar | model=ufgtime_plus | val_MSE=0.014522583 | test_MSE=0.020007604 | MAE=0.095001549 | RMSE=0.141448239 | MAPE=348.143117500% | params={'learning_rate': 0.004981943083653998, 'decay_rate': 0.0020745785668695024, 'hidden_size': 32, 'signal_len': 16, 'cheb_order': 2, 's': 1.6805210458511777, 'batch_size': 32, 'k': 3}
