Trial 59 finished with value 0.102540491 | dataset=Solar | model=ufgtime_plus | val_MSE=0.015501149 | test_MSE=0.023441691 | MAE=0.102540491 | RMSE=0.153106796 | MAPE=348.567694214% | params={'learning_rate': 0.004640098386002308, 'decay_rate': 0.004407644691906181, 'hidden_size': 16, 'signal_len': 8, 'cheb_order': 2, 's': 7.613378614022081, 'batch_size': 64, 'k': 4}
Trial 60 finished with value 0.081923450 | dataset=Solar | model=ufgtime_plus | val_MSE=0.012591484 | test_MSE=0.017230000 | MAE=0.081923450 | RMSE=0.131263095 | MAPE=344.976738674% | params={'learning_rate': 0.005222159640866365, 'decay_rate': 1.602167673596909e-05, 'hidden_size': 64, 'signal_len': 8, 'cheb_order': 2, 's': 8.121343397863578, 'batch_size': 32, 'k': 6}
Trial 61 finished with value 0.083759697 | dataset=Solar | model=ufgtime_plus | val_MSE=0.013435321 | test_MSE=0.017299277 | MAE=0.083759697 | RMSE=0.131526714 | MAPE=344.063593442% | params={'learning_rate': 0.006622445012300202, 'decay_rate': 7.685310321208343e-05, 'hidden_size': 64, 'signal_len': 8, 'cheb_order': 2, 's': 8.120689291886205, 'batch_size': 32, 'k': 6}
Trial 62 finished with value 0.089017122 | dataset=Solar | model=ufgtime_plus | val_MSE=0.013257630 | test_MSE=0.019688987 | MAE=0.089017122 | RMSE=0.140317452 | MAPE=346.813655068% | params={'learning_rate': 0.0053553484247499976, 'decay_rate': 0.0001828193625970384, 'hidden_size': 64, 'signal_len': 8, 'cheb_order': 2, 's': 7.185692796870922, 'batch_size': 32, 'k': 6}
Trial 63 finished with value 0.102776773 | dataset=Solar | model=ufgtime_plus | val_MSE=0.015407581 | test_MSE=0.023258139 | MAE=0.102776773 | RMSE=0.152506194 | MAPE=348.825020843% | params={'learning_rate': 0.008473355694176732, 'decay_rate': 0.001900037356386372, 'hidden_size': 64, 'signal_len': 8, 'cheb_order': 2, 's': 7.995608095722913, 'batch_size': 32, 'k': 5}
Trial 64 finished with value 0.150356581 | dataset=Solar | model=ufgtime_plus | val_MSE=0.034979342 | test_MSE=0.035242222 | MAE=0.150356581 | RMSE=0.187729119 | MAPE=347.527693366% | params={'learning_rate': 0.011134789260661006, 'decay_rate': 0.037346289394516695, 'hidden_size': 64, 'signal_len': 8, 'cheb_order': 2, 's': 8.206535280905292, 'batch_size': 32, 'k': 6}
Trial 65 finished with value 0.105338469 | dataset=Solar | model=ufgtime_plus | val_MSE=0.017085173 | test_MSE=0.023638101 | MAE=0.105338469 | RMSE=0.153746875 | MAPE=348.616040288% | params={'learning_rate': 0.01311039498222833, 'decay_rate': 0.0034901944714813065, 'hidden_size': 64, 'signal_len': 8, 'cheb_order': 2, 's': 8.599559967716118, 'batch_size': 32, 'k': 5}
Trial 66 finished with value 0.100856875 | dataset=Solar | model=ufgtime_plus | val_MSE=0.014986646 | test_MSE=0.022781061 | MAE=0.100856875 | RMSE=0.150933962 | MAPE=348.201364552% | params={'learning_rate': 0.006697161727438322, 'decay_rate': 0.0014296733335382877, 'hidden_size': 64, 'signal_len': 8, 'cheb_order': 2, 's': 9.700279195018792, 'batch_size': 32, 'k': 7}
Trial 67 finished with value 0.100696983 | dataset=Solar | model=ufgtime_plus | val_MSE=0.015006781 | test_MSE=0.022945793 | MAE=0.100696983 | RMSE=0.151478689 | MAPE=348.546681102% | params={'learning_rate': 0.0017515867356914473, 'decay_rate': 0.004773818960328052, 'hidden_size': 64, 'signal_len': 8, 'cheb_order': 2, 's': 9.418158302409795, 'batch_size': 32, 'k': 6}
Trial 68 finished with value 0.108389207 | dataset=Solar | model=ufgtime_plus | val_MSE=0.017947552 | test_MSE=0.025267976 | MAE=0.108389207 | RMSE=0.158959040 | MAPE=349.479742100% | params={'learning_rate': 0.009235232810499953, 'decay_rate': 0.006555179499826109, 'hidden_size': 64, 'signal_len': 8, 'cheb_order': 2, 's': 6.607730093085538, 'batch_size': 32, 'k': 5}
Trial 69 finished with value 0.146046532 | dataset=Solar | model=ufgtime_plus | val_MSE=0.028562359 | test_MSE=0.033706842 | MAE=0.146046532 | RMSE=0.183594231 | MAPE=349.940272496% | params={'learning_rate': 0.003713593485069324, 'decay_rate': 0.03204893797524221, 'hidden_size': 64, 'signal_len': 8, 'cheb_order': 2, 's': 8.885231515653855, 'batch_size': 32, 'k': 4}
Trial 70 finished with value 0.085028369 | dataset=Solar | model=ufgtime_plus | val_MSE=0.012973855 | test_MSE=0.017511367 | MAE=0.085028369 | RMSE=0.132330520 | MAPE=344.814483035% | params={'learning_rate': 0.016864644921031718, 'decay_rate': 3.154218905150835e-05, 'hidden_size': 64, 'signal_len': 8, 'cheb_order': 2, 's': 7.551008725970982, 'batch_size': 128, 'k': 6}
Trial 71 finished with value 0.100183591 | dataset=Solar | model=ufgtime_plus | val_MSE=0.014851511 | test_MSE=0.023435975 | MAE=0.100183591 | RMSE=0.153088128 | MAPE=349.078729920% | params={'learning_rate': 0.013762468158100873, 'decay_rate': 0.00113991434474416, 'hidden_size': 64, 'signal_len': 8, 'cheb_order': 2, 's': 7.425868217660268, 'batch_size': 128, 'k': 6}
Trial 72 finished with value 0.105883698 | dataset=Solar | model=ufgtime_plus | val_MSE=0.016293020 | test_MSE=0.024977977 | MAE=0.105883698 | RMSE=0.158044225 | MAPE=348.891521442% | params={'learning_rate': 0.01730076441281498, 'decay_rate': 0.0034954114808298602, 'hidden_size': 64, 'signal_len': 8, 'cheb_order': 2, 's': 7.977283387263089, 'batch_size': 128, 'k': 7}
Trial 73 finished with value 0.090205487 | dataset=Solar | model=ufgtime_plus | val_MSE=0.013321433 | test_MSE=0.020171937 | MAE=0.090205487 | RMSE=0.142027945 | MAPE=346.996306862% | params={'learning_rate': 0.01871331415788903, 'decay_rate': 0.00012804809137021198, 'hidden_size': 64, 'signal_len': 8, 'cheb_order': 2, 's': 8.467105318464302, 'batch_size': 128, 'k': 6}
Trial 74 finished with value 0.100994643 | dataset=Solar | model=ufgtime_plus | val_MSE=0.015050420 | test_MSE=0.022742259 | MAE=0.100994643 | RMSE=0.150805368 | MAPE=348.570967159% | params={'learning_rate': 0.007408156646896393, 'decay_rate': 0.002448244625680745, 'hidden_size': 64, 'signal_len': 8, 'cheb_order': 2, 's': 7.088068006274615, 'batch_size': 128, 'k': 5}
Trial 75 finished with value 0.102124504 | dataset=Solar | model=ufgtime_plus | val_MSE=0.015814423 | test_MSE=0.024056881 | MAE=0.102124504 | RMSE=0.155102809 | MAPE=349.392416415% | params={'learning_rate': 0.005371721137207354, 'decay_rate': 0.005388204781734628, 'hidden_size': 64, 'signal_len': 8, 'cheb_order': 2, 's': 7.705560934206469, 'batch_size': 128, 'k': 6}
Trial 76 finished with value 0.101153395 | dataset=Solar | model=ufgtime_plus | val_MSE=0.015315119 | test_MSE=0.023129202 | MAE=0.101153395 | RMSE=0.152082880 | MAPE=347.951258919% | params={'learning_rate': 0.010847949347345419, 'decay_rate': 0.0012845703491371925, 'hidden_size': 64, 'signal_len': 8, 'cheb_order': 3, 's': 8.921546596239716, 'batch_size': 32, 'k': 7}
Trial 77 finished with value 0.101126133 | dataset=Solar | model=ufgtime_plus | val_MSE=0.015734117 | test_MSE=0.022194971 | MAE=0.101126133 | RMSE=0.148979767 | MAPE=348.407018427% | params={'learning_rate': 0.005816473157321823, 'decay_rate': 0.003446572345829564, 'hidden_size': 16, 'signal_len': 8, 'cheb_order': 2, 's': 8.255891188119268, 'batch_size': 32, 'k': 5}
Trial 78 finished with value 0.084386497 | dataset=Solar | model=ufgtime_plus | val_MSE=0.012740049 | test_MSE=0.017920752 | MAE=0.084386497 | RMSE=0.133868414 | MAPE=345.308347055% | params={'learning_rate': 0.0014923266426737833, 'decay_rate': 5.794258414800606e-05, 'hidden_size': 64, 'signal_len': 8, 'cheb_order': 2, 's': 9.56017475067101, 'batch_size': 128, 'k': 5}
Trial 79 finished with value 0.112969234 | dataset=Solar | model=ufgtime_plus | val_MSE=0.019372136 | test_MSE=0.025261815 | MAE=0.112969234 | RMSE=0.158939658 | MAPE=349.052236389% | params={'learning_rate': 0.0014501199225243698, 'decay_rate': 0.04076860536446211, 'hidden_size': 64, 'signal_len': 8, 'cheb_order': 2, 's': 9.5841003919804, 'batch_size': 128, 'k': 6}
Trial 80 finished with value 0.112067956 | dataset=Solar | model=ufgtime_plus | val_MSE=0.016942175 | test_MSE=0.027333205 | MAE=0.112067956 | RMSE=0.165327569 | MAPE=349.879793333% | params={'learning_rate': 0.011852456405060626, 'decay_rate': 0.006130370737880922, 'hidden_size': 64, 'signal_len': 8, 'cheb_order': 2, 's': 9.989539104575739, 'batch_size': 128, 'k': 9}
Trial 81 finished with value 0.096434802 | dataset=Solar | model=ufgtime_plus | val_MSE=0.014136512 | test_MSE=0.021137349 | MAE=0.096434802 | RMSE=0.145386893 | MAPE=347.946253605% | params={'learning_rate': 0.0037652452232229527, 'decay_rate': 0.0013716006830736842, 'hidden_size': 64, 'signal_len': 8, 'cheb_order': 2, 's': 9.220879215250044, 'batch_size': 128, 'k': 5}
Trial 82 finished with value 0.086513055 | dataset=Solar | model=ufgtime_plus | val_MSE=0.013076530 | test_MSE=0.018087035 | MAE=0.086513055 | RMSE=0.134488047 | MAPE=345.345251165% | params={'learning_rate': 0.022651599098818316, 'decay_rate': 3.112891006006418e-05, 'hidden_size': 64, 'signal_len': 8, 'cheb_order': 2, 's': 8.729818850103058, 'batch_size': 128, 'k': 5}
Trial 83 finished with value 0.168077051 | dataset=Solar | model=ufgtime_plus | val_MSE=0.051171443 | test_MSE=0.043943360 | MAE=0.168077051 | RMSE=0.209626716 | MAPE=343.896004265% | params={'learning_rate': 0.029853965611933, 'decay_rate': 0.0026934455863295344, 'hidden_size': 64, 'signal_len': 8, 'cheb_order': 2, 's': 8.749084734590147, 'batch_size': 128, 'k': 6}
Trial 84 finished with value 0.114117953 | dataset=Solar | model=ufgtime_plus | val_MSE=0.018238777 | test_MSE=0.027543818 | MAE=0.114117953 | RMSE=0.165963303 | MAPE=350.675849715% | params={'learning_rate': 0.022490542758632038, 'decay_rate': 0.004346273769716026, 'hidden_size': 64, 'signal_len': 8, 'cheb_order': 2, 's': 9.000407677064587, 'batch_size': 128, 'k': 5}
Trial 85 finished with value 0.195531074 | dataset=Solar | model=ufgtime_plus | val_MSE=0.064579147 | test_MSE=0.048670222 | MAE=0.195531074 | RMSE=0.220613285 | MAPE=343.422834694% | params={'learning_rate': 0.022284040307553564, 'decay_rate': 0.025893399004159087, 'hidden_size': 64, 'signal_len': 8, 'cheb_order': 2, 's': 9.39957888016131, 'batch_size': 128, 'k': 4}
Trial 86 finished with value 0.086024964 | dataset=Solar | model=ufgtime_plus | val_MSE=0.013042944 | test_MSE=0.018247252 | MAE=0.086024964 | RMSE=0.135082390 | MAPE=345.708490141% | params={'learning_rate': 0.019146627653179562, 'decay_rate': 5.573375818930984e-05, 'hidden_size': 64, 'signal_len': 8, 'cheb_order': 2, 's': 9.735739968337901, 'batch_size': 128, 'k': 6}
Trial 87 finished with value 0.102560806 | dataset=Solar | model=ufgtime_plus | val_MSE=0.015865181 | test_MSE=0.023348856 | MAE=0.102560806 | RMSE=0.152803323 | MAPE=348.105175751% | params={'learning_rate': 0.025197064440898437, 'decay_rate': 0.002341099189743786, 'hidden_size': 64, 'signal_len': 8, 'cheb_order': 2, 's': 8.54554954425924, 'batch_size': 128, 'k': 6}
Trial 88 finished with value 0.097671227 | dataset=Solar | model=ufgtime_plus | val_MSE=0.015460538 | test_MSE=0.020796767 | MAE=0.097671227 | RMSE=0.144210842 | MAPE=346.859960318% | params={'learning_rate': 0.02056314166910702, 'decay_rate': 0.0014706209414161685, 'hidden_size': 64, 'signal_len': 8, 'cheb_order': 3, 's': 4.385404379461125, 'batch_size': 128, 'k': 7}
Trial 89 finished with value 0.102415974 | dataset=Solar | model=ufgtime_plus | val_MSE=0.016613387 | test_MSE=0.024334677 | MAE=0.102415974 | RMSE=0.155995761 | MAPE=348.070789388% | params={'learning_rate': 0.01828652081760152, 'decay_rate': 0.003543196423041848, 'hidden_size': 64, 'signal_len': 8, 'cheb_order': 2, 's': 9.284402572874411, 'batch_size': 128, 'k': 6}
Trial 90 finished with value 0.181483330 | dataset=Solar | model=ufgtime_plus | val_MSE=0.055761978 | test_MSE=0.046595361 | MAE=0.181483330 | RMSE=0.215859585 | MAPE=343.893850287% | params={'learning_rate': 0.024075106340527126, 'decay_rate': 0.006118991091485949, 'hidden_size': 64, 'signal_len': 8, 'cheb_order': 2, 's': 4.977332684549163, 'batch_size': 128, 'k': 6}
Trial 91 finished with value 0.096503871 | dataset=Solar | model=ufgtime_plus | val_MSE=0.014714074 | test_MSE=0.021447950 | MAE=0.096503871 | RMSE=0.146451187 | MAPE=347.755923632% | params={'learning_rate': 0.019712943505920236, 'decay_rate': 0.000846690438098685, 'hidden_size': 64, 'signal_len': 8, 'cheb_order': 2, 's': 9.706401548752387, 'batch_size': 128, 'k': 5}
Trial 92 finished with value 0.087510604 | dataset=Solar | model=ufgtime_plus | val_MSE=0.013152164 | test_MSE=0.018276545 | MAE=0.087510604 | RMSE=0.135190772 | MAPE=346.092441856% | params={'learning_rate': 0.01607039035006053, 'decay_rate': 0.0001344341363508204, 'hidden_size': 64, 'signal_len': 8, 'cheb_order': 2, 's': 9.525127540789184, 'batch_size': 128, 'k': 5}
Trial 93 finished with value 0.101098937 | dataset=Solar | model=ufgtime_plus | val_MSE=0.015663415 | test_MSE=0.023543933 | MAE=0.101098937 | RMSE=0.153440322 | MAPE=349.011550690% | params={'learning_rate': 0.017199928992573225, 'decay_rate': 0.00281652373339597, 'hidden_size': 64, 'signal_len': 8, 'cheb_order': 2, 's': 9.073950855797957, 'batch_size': 128, 'k': 6}
Trial 94 finished with value 0.111498070 | dataset=Solar | model=ufgtime_plus | val_MSE=0.017474021 | test_MSE=0.027130459 | MAE=0.111498070 | RMSE=0.164713264 | MAPE=349.123688374% | params={'learning_rate': 0.02727953809631594, 'decay_rate': 0.001196689869477351, 'hidden_size': 64, 'signal_len': 8, 'cheb_order': 2, 's': 9.823825614792474, 'batch_size': 32, 'k': 4}
Trial 95 finished with value 0.109554262 | dataset=Solar | model=ufgtime_plus | val_MSE=0.017139102 | test_MSE=0.025752554 | MAE=0.109554262 | RMSE=0.160476022 | MAPE=349.152988651% | params={'learning_rate': 0.013888841242878902, 'decay_rate': 0.004590844975928287, 'hidden_size': 32, 'signal_len': 8, 'cheb_order': 2, 's': 8.708285137617091, 'batch_size': 128, 'k': 5}
Trial 96 finished with value 0.088378533 | dataset=Solar | model=ufgtime_plus | val_MSE=0.013132491 | test_MSE=0.019395111 | MAE=0.088378533 | RMSE=0.139266331 | MAPE=346.657116753% | params={'learning_rate': 0.021086829368588054, 'decay_rate': 3.0721438647723626e-05, 'hidden_size': 64, 'signal_len': 8, 'cheb_order': 2, 's': 8.005597649084018, 'batch_size': 64, 'k': 6}
Trial 97 finished with value 0.100180689 | dataset=Solar | model=ufgtime_plus | val_MSE=0.015878578 | test_MSE=0.022744330 | MAE=0.100180689 | RMSE=0.150812235 | MAPE=348.472054261% | params={'learning_rate': 0.00969958290946258, 'decay_rate': 0.002381215295263309, 'hidden_size': 64, 'signal_len': 8, 'cheb_order': 2, 's': 9.567636623501796, 'batch_size': 32, 'k': 5}
Trial 98 finished with value 0.102960461 | dataset=Solar | model=ufgtime_plus | val_MSE=0.016735090 | test_MSE=0.023909847 | MAE=0.102960461 | RMSE=0.154628094 | MAPE=349.105848231% | params={'learning_rate': 0.001367708246104075, 'decay_rate': 0.016159683702267807, 'hidden_size': 64, 'signal_len': 8, 'cheb_order': 2, 's': 9.157400979737671, 'batch_size': 64, 'k': 4}
Trial 99 finished with value 0.101300882 | dataset=Solar | model=ufgtime_plus | val_MSE=0.015533968 | test_MSE=0.022187258 | MAE=0.101300882 | RMSE=0.148953878 | MAPE=347.093801898% | params={'learning_rate': 0.02359160244793062, 'decay_rate': 0.0012348566007457347, 'hidden_size': 32, 'signal_len': 8, 'cheb_order': 2, 's': 7.542202749236999, 'batch_size': 128, 'k': 7}
Trial 100 finished with value 0.106868616 | dataset=Solar | model=ufgtime_plus | val_MSE=0.016017395 | test_MSE=0.025296329 | MAE=0.106868616 | RMSE=0.159048198 | MAPE=349.904155724% | params={'learning_rate': 0.007762180803678666, 'decay_rate': 0.004111850819550589, 'hidden_size': 64, 'signal_len': 8, 'cheb_order': 2, 's': 8.819236087728491, 'batch_size': 64, 'k': 5}
Trial 101 finished with value 0.095009941 | dataset=Solar | model=ufgtime_plus | val_MSE=0.014100501 | test_MSE=0.020508958 | MAE=0.095009941 | RMSE=0.143209491 | MAPE=347.082434835% | params={'learning_rate': 0.002481244564648414, 'decay_rate': 0.0009757730102185725, 'hidden_size': 16, 'signal_len': 8, 'cheb_order': 2, 's': 8.39805755546206, 'batch_size': 64, 'k': 5}
Trial 102 finished with value 0.097895118 | dataset=Solar | model=ufgtime_plus | val_MSE=0.014968537 | test_MSE=0.021843384 | MAE=0.097895118 | RMSE=0.147795074 | MAPE=347.815855209% | params={'learning_rate': 0.004568882884550306, 'decay_rate': 0.0019710574148486754, 'hidden_size': 16, 'signal_len': 8, 'cheb_order': 2, 's': 7.881344318988557, 'batch_size': 64, 'k': 5}
Trial 103 finished with value 0.087359641 | dataset=Solar | model=ufgtime_plus | val_MSE=0.013311945 | test_MSE=0.017858030 | MAE=0.087359641 | RMSE=0.133633940 | MAPE=345.526878146% | params={'learning_rate': 0.0064245749139531984, 'decay_rate': 0.0001943776358820942, 'hidden_size': 16, 'signal_len': 8, 'cheb_order': 2, 's': 8.344542864954795, 'batch_size': 64, 'k': 6}
Trial 104 finished with value 0.099806636 | dataset=Solar | model=ufgtime_plus | val_MSE=0.014657709 | test_MSE=0.022561764 | MAE=0.099806636 | RMSE=0.150205739 | MAPE=348.265130220% | params={'learning_rate': 0.0033694175205610214, 'decay_rate': 0.0025168066944956783, 'hidden_size': 64, 'signal_len': 8, 'cheb_order': 2, 's': 8.565969844988134, 'batch_size': 64, 'k': 5}
Trial 105 finished with value 0.099859470 | dataset=Solar | model=ufgtime_plus | val_MSE=0.014956910 | test_MSE=0.022990069 | MAE=0.099859470 | RMSE=0.151624765 | MAPE=348.657430818% | params={'learning_rate': 0.005286836565845415, 'decay_rate': 0.0033198851505010832, 'hidden_size': 64, 'signal_len': 8, 'cheb_order': 2, 's': 8.168934142806682, 'batch_size': 64, 'k': 6}
Trial 106 finished with value 0.103503282 | dataset=Solar | model=ufgtime_plus | val_MSE=0.015820965 | test_MSE=0.023953582 | MAE=0.103503282 | RMSE=0.154769449 | MAPE=348.965909749% | params={'learning_rate': 0.00280077062034157, 'decay_rate': 0.005230469522504203, 'hidden_size': 32, 'signal_len': 8, 'cheb_order': 3, 's': 9.34461361121126, 'batch_size': 32, 'k': 2}
Trial 107 finished with value 0.090865727 | dataset=Solar | model=ufgtime_plus | val_MSE=0.013451716 | test_MSE=0.019862920 | MAE=0.090865727 | RMSE=0.140935871 | MAPE=346.486216276% | params={'learning_rate': 0.0014748546993592028, 'decay_rate': 0.0008118277107391598, 'hidden_size': 64, 'signal_len': 8, 'cheb_order': 2, 's': 9.82102065770821, 'batch_size': 64, 'k': 8}
Trial 108 finished with value 0.105510106 | dataset=Solar | model=ufgtime_plus | val_MSE=0.016998934 | test_MSE=0.023421339 | MAE=0.105510106 | RMSE=0.153040317 | MAPE=348.932075249% | params={'learning_rate': 0.007950297369208983, 'decay_rate': 0.00851790256236317, 'hidden_size': 64, 'signal_len': 16, 'cheb_order': 2, 's': 2.103852817397242, 'batch_size': 64, 'k': 5}
Trial 109 finished with value 0.106551518 | dataset=Solar | model=ufgtime_plus | val_MSE=0.016621095 | test_MSE=0.025126653 | MAE=0.106551518 | RMSE=0.158513888 | MAPE=348.565503617% | params={'learning_rate': 0.014923276014837011, 'decay_rate': 0.004222491780458494, 'hidden_size': 16, 'signal_len': 8, 'cheb_order': 2, 's': 9.015131096771402, 'batch_size': 128, 'k': 6}
Trial 110 finished with value 0.206156328 | dataset=Solar | model=ufgtime_plus | val_MSE=0.076210219 | test_MSE=0.054056025 | MAE=0.206156328 | RMSE=0.232499517 | MAPE=343.244594096% | params={'learning_rate': 0.01920447863819317, 'decay_rate': 0.049541450868810594, 'hidden_size': 64, 'signal_len': 8, 'cheb_order': 2, 's': 9.61641243412373, 'batch_size': 32, 'k': 6}
Trial 111 finished with value 0.085817440 | dataset=Solar | model=ufgtime_plus | val_MSE=0.013774168 | test_MSE=0.017119307 | MAE=0.085817440 | RMSE=0.130840770 | MAPE=345.191757861% | params={'learning_rate': 0.0005395050587070961, 'decay_rate': 0.002056234499590387, 'hidden_size': 32, 'signal_len': 16, 'cheb_order': 2, 's': 8.856410110247568, 'batch_size': 64, 'k': 5}
Trial 112 finished with value 0.081788328 | dataset=Solar | model=ufgtime_plus | val_MSE=0.012614628 | test_MSE=0.016112942 | MAE=0.081788328 | RMSE=0.126936765 | MAPE=344.120078229% | params={'learning_rate': 0.0008111959589173559, 'decay_rate': 6.328025990095151e-05, 'hidden_size': 32, 'signal_len': 16, 'cheb_order': 2, 's': 8.82988184210877, 'batch_size': 64, 'k': 5}
Trial 113 finished with value 0.085555818 | dataset=Solar | model=ufgtime_plus | val_MSE=0.013705027 | test_MSE=0.017011115 | MAE=0.085555818 | RMSE=0.130426665 | MAPE=345.247525970% | params={'learning_rate': 0.0011726075970641852, 'decay_rate': 0.0017516082826428202, 'hidden_size': 32, 'signal_len': 16, 'cheb_order': 2, 's': 8.853268687146613, 'batch_size': 64, 'k': 5}
Trial 114 finished with value 0.086348257 | dataset=Solar | model=ufgtime_plus | val_MSE=0.013742998 | test_MSE=0.017309103 | MAE=0.086348257 | RMSE=0.131564065 | MAPE=345.456364313% | params={'learning_rate': 0.0006083912017566034, 'decay_rate': 0.0018666680976846637, 'hidden_size': 32, 'signal_len': 16, 'cheb_order': 2, 's': 8.741369288687244, 'batch_size': 64, 'k': 5}
Trial 115 finished with value 0.086508454 | dataset=Solar | model=ufgtime_plus | val_MSE=0.013798462 | test_MSE=0.017593291 | MAE=0.086508454 | RMSE=0.132639705 | MAPE=345.939147278% | params={'learning_rate': 0.0014199998601526877, 'decay_rate': 0.0018076118435615886, 'hidden_size': 32, 'signal_len': 16, 'cheb_order': 2, 's': 8.910843894630858, 'batch_size': 64, 'k': 4}
Trial 116 finished with value 0.085770664 | dataset=Solar | model=ufgtime_plus | val_MSE=0.014030263 | test_MSE=0.017011270 | MAE=0.085770664 | RMSE=0.130427261 | MAPE=344.839834969% | params={'learning_rate': 0.0005851739953059217, 'decay_rate': 0.003104350168549285, 'hidden_size': 32, 'signal_len': 16, 'cheb_order': 2, 's': 9.149003173864639, 'batch_size': 64, 'k': 5}
Trial 117 finished with value 0.086533887 | dataset=Solar | model=ufgtime_plus | val_MSE=0.014361135 | test_MSE=0.016837489 | MAE=0.086533887 | RMSE=0.129759352 | MAPE=344.889629297% | params={'learning_rate': 0.00029150214034040283, 'decay_rate': 0.0031616759690026633, 'hidden_size': 32, 'signal_len': 16, 'cheb_order': 2, 's': 6.006938000024414, 'batch_size': 64, 'k': 5}
