Trial 466 finished with value 0.093872202 | dataset=Solar | model=ufgtime_plus | val_MSE=0.014157139 | test_MSE=0.020185480 | MAE=0.093872202 | RMSE=0.142075612 | MAPE=348.024789533% | params={'learning_rate': 0.0034128874145610516, 'decay_rate': 0.001006663402541388, 'hidden_size': 32, 'signal_len': 16, 'cheb_order': 2, 's': 1.6239210220997116, 'batch_size': 32, 'k': 2}
Trial 467 finished with value 0.090130186 | dataset=Solar | model=ufgtime_plus | val_MSE=0.014419890 | test_MSE=0.018332548 | MAE=0.090130186 | RMSE=0.135397739 | MAPE=346.671015792% | params={'learning_rate': 0.005077690745750934, 'decay_rate': 0.0023180135255303443, 'hidden_size': 32, 'signal_len': 16, 'cheb_order': 2, 's': 1.796371900139086, 'batch_size': 32, 'k': 2}
Trial 468 finished with value 0.091379674 | dataset=Solar | model=ufgtime_plus | val_MSE=0.014023911 | test_MSE=0.019174344 | MAE=0.091379674 | RMSE=0.138471455 | MAPE=347.401477636% | params={'learning_rate': 0.0021284275258214363, 'decay_rate': 0.001172987156444979, 'hidden_size': 32, 'signal_len': 16, 'cheb_order': 2, 's': 6.664099367446428, 'batch_size': 32, 'k': 3}
Trial 469 finished with value 0.091989252 | dataset=Solar | model=ufgtime_plus | val_MSE=0.015340458 | test_MSE=0.018304725 | MAE=0.091989252 | RMSE=0.135294956 | MAPE=344.851450948% | params={'learning_rate': 2.742296372661504e-05, 'decay_rate': 0.0008577339083217073, 'hidden_size': 32, 'signal_len': 16, 'cheb_order': 2, 's': 1.3982540803987822, 'batch_size': 32, 'k': 2}
Trial 470 finished with value 0.078237496 | dataset=Solar | model=ufgtime_plus | val_MSE=0.012224840 | test_MSE=0.015251591 | MAE=0.078237496 | RMSE=0.123497333 | MAPE=343.536807299% | params={'learning_rate': 0.004085988007513867, 'decay_rate': 2.3403000218138447e-05, 'hidden_size': 32, 'signal_len': 16, 'cheb_order': 2, 's': 1.491747708626184, 'batch_size': 32, 'k': 2}
Trial 471 finished with value 0.104025358 | dataset=Solar | model=ufgtime_plus | val_MSE=0.015699208 | test_MSE=0.023967427 | MAE=0.104025358 | RMSE=0.154814169 | MAPE=350.313897391% | params={'learning_rate': 0.008088985402911525, 'decay_rate': 0.0034384098573320356, 'hidden_size': 32, 'signal_len': 16, 'cheb_order': 3, 's': 1.2681961228298193, 'batch_size': 32, 'k': 2}
Trial 472 finished with value 0.147576386 | dataset=Solar | model=ufgtime_plus | val_MSE=0.027569004 | test_MSE=0.033575218 | MAE=0.147576386 | RMSE=0.183235417 | MAPE=350.787623197% | params={'learning_rate': 0.005542854945127282, 'decay_rate': 0.019160828779296514, 'hidden_size': 32, 'signal_len': 16, 'cheb_order': 2, 's': 1.4301011888058524, 'batch_size': 32, 'k': 2}
Trial 473 finished with value 0.095516491 | dataset=Solar | model=ufgtime_plus | val_MSE=0.014802210 | test_MSE=0.020655825 | MAE=0.095516491 | RMSE=0.143721344 | MAPE=348.126435605% | params={'learning_rate': 0.004676032542554971, 'decay_rate': 0.0018023020218936774, 'hidden_size': 32, 'signal_len': 16, 'cheb_order': 2, 's': 1.5390083340837162, 'batch_size': 32, 'k': 2}
Trial 474 finished with value 0.147704413 | dataset=Solar | model=ufgtime_plus | val_MSE=0.028411685 | test_MSE=0.033633786 | MAE=0.147704413 | RMSE=0.183395163 | MAPE=350.545400970% | params={'learning_rate': 0.0064640279971609725, 'decay_rate': 0.02482927137526998, 'hidden_size': 32, 'signal_len': 16, 'cheb_order': 2, 's': 6.355032863628654, 'batch_size': 32, 'k': 2}
Trial 475 finished with value 0.089865900 | dataset=Solar | model=ufgtime_plus | val_MSE=0.014152644 | test_MSE=0.018227091 | MAE=0.089865900 | RMSE=0.135007744 | MAPE=346.132643495% | params={'learning_rate': 0.004058101890117425, 'decay_rate': 0.0008128425867500143, 'hidden_size': 32, 'signal_len': 16, 'cheb_order': 2, 's': 1.1194120050690874, 'batch_size': 32, 'k': 2}
Trial 476 finished with value 0.095824599 | dataset=Solar | model=ufgtime_plus | val_MSE=0.014417610 | test_MSE=0.020976445 | MAE=0.095824599 | RMSE=0.144832471 | MAPE=348.882011691% | params={'learning_rate': 0.0029075292085997424, 'decay_rate': 0.002560842008718405, 'hidden_size': 32, 'signal_len': 16, 'cheb_order': 2, 's': 1.2684870483226212, 'batch_size': 32, 'k': 2}
Trial 477 finished with value 0.079508045 | dataset=Solar | model=ufgtime_plus | val_MSE=0.012333126 | test_MSE=0.015639795 | MAE=0.079508045 | RMSE=0.125059168 | MAPE=344.079964376% | params={'learning_rate': 0.004369991569180968, 'decay_rate': 4.5757760642781104e-05, 'hidden_size': 16, 'signal_len': 16, 'cheb_order': 2, 's': 1.5366476886580267, 'batch_size': 32, 'k': 2}
Trial 478 finished with value 0.097036254 | dataset=Solar | model=ufgtime_plus | val_MSE=0.016233954 | test_MSE=0.020863989 | MAE=0.097036254 | RMSE=0.144443723 | MAPE=347.531034525% | params={'learning_rate': 0.003312855763329266, 'decay_rate': 0.016416087729369394, 'hidden_size': 32, 'signal_len': 16, 'cheb_order': 2, 's': 1.4218587774935272, 'batch_size': 128, 'k': 3}
Trial 479 finished with value 0.078127014 | dataset=Solar | model=ufgtime_plus | val_MSE=0.012172132 | test_MSE=0.015128825 | MAE=0.078127014 | RMSE=0.122999287 | MAPE=343.512945631% | params={'learning_rate': 0.0017351064342667158, 'decay_rate': 4.0003188362429796e-05, 'hidden_size': 32, 'signal_len': 16, 'cheb_order': 2, 's': 1.1005084146572424, 'batch_size': 32, 'k': 2}
Trial 480 finished with value 0.077051400 | dataset=Solar | model=ufgtime_plus | val_MSE=0.012138761 | test_MSE=0.014896904 | MAE=0.077051400 | RMSE=0.122052872 | MAPE=343.140852962% | params={'learning_rate': 0.0010382002937834602, 'decay_rate': 1.7361523409654487e-05, 'hidden_size': 32, 'signal_len': 16, 'cheb_order': 2, 's': 1.2536676285548716, 'batch_size': 32, 'k': 2}
Trial 481 finished with value 0.087799183 | dataset=Solar | model=ufgtime_plus | val_MSE=0.013839259 | test_MSE=0.017628710 | MAE=0.087799183 | RMSE=0.132773152 | MAPE=345.785931332% | params={'learning_rate': 0.0006082708636782432, 'decay_rate': 0.001686176226639931, 'hidden_size': 32, 'signal_len': 16, 'cheb_order': 2, 's': 1.1090395782289306, 'batch_size': 32, 'k': 2}
Trial 482 finished with value 0.087016290 | dataset=Solar | model=ufgtime_plus | val_MSE=0.014299630 | test_MSE=0.017448434 | MAE=0.087016290 | RMSE=0.132092520 | MAPE=345.487859224% | params={'learning_rate': 0.0008583470306908355, 'decay_rate': 0.004160606410310897, 'hidden_size': 64, 'signal_len': 16, 'cheb_order': 2, 's': 1.1090827666202432, 'batch_size': 32, 'k': 2}
Trial 483 finished with value 0.085745061 | dataset=Solar | model=ufgtime_plus | val_MSE=0.013590820 | test_MSE=0.017195198 | MAE=0.085745061 | RMSE=0.131130463 | MAPE=345.411195835% | params={'learning_rate': 0.001030387336921488, 'decay_rate': 0.0009442418734937005, 'hidden_size': 32, 'signal_len': 16, 'cheb_order': 2, 's': 1.2413086373989546, 'batch_size': 32, 'k': 2}
Trial 484 finished with value 0.090363261 | dataset=Solar | model=ufgtime_plus | val_MSE=0.014144120 | test_MSE=0.018569933 | MAE=0.090363261 | RMSE=0.136271540 | MAPE=346.689156149% | params={'learning_rate': 0.0017157152170960452, 'decay_rate': 0.0017354135728247647, 'hidden_size': 32, 'signal_len': 16, 'cheb_order': 2, 's': 1.3055265904411204, 'batch_size': 32, 'k': 2}
Trial 485 finished with value 0.087203864 | dataset=Solar | model=ufgtime_plus | val_MSE=0.013883842 | test_MSE=0.017300489 | MAE=0.087203864 | RMSE=0.131531322 | MAPE=345.235300335% | params={'learning_rate': 0.001883460199972837, 'decay_rate': 0.0009856512223664013, 'hidden_size': 32, 'signal_len': 16, 'cheb_order': 2, 's': 1.3006692560856263, 'batch_size': 32, 'k': 2}
Trial 486 finished with value 0.091007248 | dataset=Solar | model=ufgtime_plus | val_MSE=0.014186244 | test_MSE=0.019541544 | MAE=0.091007248 | RMSE=0.139791074 | MAPE=347.586111848% | params={'learning_rate': 0.0012000821110149792, 'decay_rate': 0.0025564052670946093, 'hidden_size': 32, 'signal_len': 16, 'cheb_order': 2, 's': 1.2485971706634051, 'batch_size': 32, 'k': 2}
Trial 487 finished with value 0.077809882 | dataset=Solar | model=ufgtime_plus | val_MSE=0.012164849 | test_MSE=0.015054932 | MAE=0.077809882 | RMSE=0.122698542 | MAPE=343.376778988% | params={'learning_rate': 0.0018532739973976464, 'decay_rate': 2.6145558660276935e-05, 'hidden_size': 32, 'signal_len': 16, 'cheb_order': 2, 's': 1.1226142130259293, 'batch_size': 32, 'k': 2}
Trial 488 finished with value 0.085074457 | dataset=Solar | model=ufgtime_plus | val_MSE=0.013515042 | test_MSE=0.016352222 | MAE=0.085074457 | RMSE=0.127875808 | MAPE=344.348998734% | params={'learning_rate': 0.0003415016814662412, 'decay_rate': 0.0009444133522372481, 'hidden_size': 32, 'signal_len': 16, 'cheb_order': 2, 's': 1.202141419452491, 'batch_size': 32, 'k': 2}
Trial 489 finished with value 0.087516771 | dataset=Solar | model=ufgtime_plus | val_MSE=0.013719501 | test_MSE=0.017438275 | MAE=0.087516771 | RMSE=0.132054062 | MAPE=345.918783769% | params={'learning_rate': 0.0014858067520915623, 'decay_rate': 0.0009419590613848605, 'hidden_size': 32, 'signal_len': 16, 'cheb_order': 2, 's': 7.218352885431484, 'batch_size': 32, 'k': 2}
Trial 490 finished with value 0.093387191 | dataset=Solar | model=ufgtime_plus | val_MSE=0.014317046 | test_MSE=0.020411864 | MAE=0.093387191 | RMSE=0.142870093 | MAPE=348.275234133% | params={'learning_rate': 0.0021196458872498342, 'decay_rate': 0.002193908762744833, 'hidden_size': 32, 'signal_len': 16, 'cheb_order': 2, 's': 1.1481227112601218, 'batch_size': 32, 'k': 2}
Trial 491 finished with value 0.085571768 | dataset=Solar | model=ufgtime_plus | val_MSE=0.013299387 | test_MSE=0.016937517 | MAE=0.085571768 | RMSE=0.130144214 | MAPE=345.428338438% | params={'learning_rate': 0.0005799078226711774, 'decay_rate': 0.0009457509053021995, 'hidden_size': 32, 'signal_len': 16, 'cheb_order': 3, 's': 1.2369029642337743, 'batch_size': 32, 'k': 3}
Trial 492 finished with value 0.076346171 | dataset=Solar | model=ufgtime_plus | val_MSE=0.012165063 | test_MSE=0.014429695 | MAE=0.076346171 | RMSE=0.120123664 | MAPE=342.324782023% | params={'learning_rate': 0.0019041011405948375, 'decay_rate': 1.0625349385989376e-05, 'hidden_size': 32, 'signal_len': 16, 'cheb_order': 2, 's': 1.4318025660760463, 'batch_size': 32, 'k': 2}
Trial 493 finished with value 0.095885671 | dataset=Solar | model=ufgtime_plus | val_MSE=0.014519606 | test_MSE=0.020661218 | MAE=0.095885671 | RMSE=0.143740107 | MAPE=348.378095492% | params={'learning_rate': 0.0023690122547403033, 'decay_rate': 0.003274055527055554, 'hidden_size': 32, 'signal_len': 16, 'cheb_order': 2, 's': 1.4403044644718879, 'batch_size': 32, 'k': 2}
Trial 494 finished with value 0.097393890 | dataset=Solar | model=ufgtime_plus | val_MSE=0.015301086 | test_MSE=0.021833071 | MAE=0.097393890 | RMSE=0.147760181 | MAPE=348.446908798% | params={'learning_rate': 0.0023824676891591066, 'decay_rate': 0.005434507140851124, 'hidden_size': 32, 'signal_len': 16, 'cheb_order': 2, 's': 1.4039102552536065, 'batch_size': 32, 'k': 2}
Trial 495 finished with value 0.087113940 | dataset=Solar | model=ufgtime_plus | val_MSE=0.013855764 | test_MSE=0.017061443 | MAE=0.087113940 | RMSE=0.130619458 | MAPE=345.085766641% | params={'learning_rate': 0.0002060739073716381, 'decay_rate': 0.0018205408126290897, 'hidden_size': 32, 'signal_len': 16, 'cheb_order': 2, 's': 5.5010704585851995, 'batch_size': 32, 'k': 2}
Trial 496 finished with value 0.093617794 | dataset=Solar | model=ufgtime_plus | val_MSE=0.015072056 | test_MSE=0.019738643 | MAE=0.093617794 | RMSE=0.140494280 | MAPE=347.373874318% | params={'learning_rate': 0.017665874250894588, 'decay_rate': 0.0009266748466624763, 'hidden_size': 32, 'signal_len': 16, 'cheb_order': 2, 's': 1.5926647901634636, 'batch_size': 32, 'k': 9}
Trial 497 finished with value 0.093101149 | dataset=Solar | model=ufgtime_plus | val_MSE=0.014004975 | test_MSE=0.019042758 | MAE=0.093101149 | RMSE=0.137995499 | MAPE=346.860178203% | params={'learning_rate': 0.0013538963390078921, 'decay_rate': 0.001714365976077513, 'hidden_size': 32, 'signal_len': 16, 'cheb_order': 2, 's': 1.3911771125981405, 'batch_size': 32, 'k': 2}
Trial 498 finished with value 0.079582703 | dataset=Solar | model=ufgtime_plus | val_MSE=0.012668675 | test_MSE=0.015678683 | MAE=0.079582703 | RMSE=0.125214549 | MAPE=343.761142144% | params={'learning_rate': 0.0027159194613462366, 'decay_rate': 9.060781458723196e-05, 'hidden_size': 32, 'signal_len': 16, 'cheb_order': 2, 's': 1.6073174820372185, 'batch_size': 128, 'k': 2}
Trial 499 finished with value 0.096545514 | dataset=Solar | model=ufgtime_plus | val_MSE=0.015982918 | test_MSE=0.020136639 | MAE=0.096545514 | RMSE=0.141903625 | MAPE=346.999464348% | params={'learning_rate': 2.396028038900754e-05, 'decay_rate': 0.0028610935320079437, 'hidden_size': 16, 'signal_len': 16, 'cheb_order': 2, 's': 1.3758841847885732, 'batch_size': 32, 'k': 2}
Best trial 332 | value=0.076300019 | dataset=Solar | model=ufgtime_plus | params={'learning_rate': 0.0032529422227779562, 'decay_rate': 2.3901314779162602e-05, 'hidden_size': 32, 'signal_len': 16, 'cheb_order': 2, 's': 1.3718014732719637, 'batch_size': 32, 'k': 2} | val_MSE=0.012223654 | test_MSE=0.014525572 | MAE=0.076300019 | RMSE=0.120522081 | MAPE=342.766481340%
