Trial 234 finished with value 0.082162738 | dataset=Solar | model=ufgtime_plus | val_MSE=0.012384165 | test_MSE=0.015493607 | MAE=0.082162738 | RMSE=0.124473318 | MAPE=343.482179300% | params={'learning_rate': 0.005728876153299639, 'decay_rate': 1.7504311997796248e-05, 'hidden_size': 32, 'signal_len': 16, 'cheb_order': 2, 's': 3.241838081193842, 'batch_size': 32, 'k': 2}
Trial 235 finished with value 0.077433380 | dataset=Solar | model=ufgtime_plus | val_MSE=0.012132564 | test_MSE=0.015003582 | MAE=0.077433380 | RMSE=0.122489111 | MAPE=343.514413328% | params={'learning_rate': 0.0036081597445512597, 'decay_rate': 1.5276259969067768e-05, 'hidden_size': 32, 'signal_len': 16, 'cheb_order': 2, 's': 1.3712654462205682, 'batch_size': 32, 'k': 2}
Trial 236 finished with value 0.088341419 | dataset=Solar | model=ufgtime_plus | val_MSE=0.014059206 | test_MSE=0.017660003 | MAE=0.088341419 | RMSE=0.132890944 | MAPE=345.540131381% | params={'learning_rate': 0.0032961150371923565, 'decay_rate': 0.0010593188436012258, 'hidden_size': 32, 'signal_len': 16, 'cheb_order': 2, 's': 3.4042479476449845, 'batch_size': 32, 'k': 2}
Trial 237 finished with value 0.096498817 | dataset=Solar | model=ufgtime_plus | val_MSE=0.014675732 | test_MSE=0.020999362 | MAE=0.096498817 | RMSE=0.144911567 | MAPE=348.539071837% | params={'learning_rate': 0.002496619457601766, 'decay_rate': 0.002537447271451011, 'hidden_size': 32, 'signal_len': 16, 'cheb_order': 2, 's': 3.7047268852108295, 'batch_size': 32, 'k': 2}
Trial 238 finished with value 0.089929042 | dataset=Solar | model=ufgtime_plus | val_MSE=0.014214779 | test_MSE=0.018599551 | MAE=0.089929042 | RMSE=0.136380169 | MAPE=346.677319768% | params={'learning_rate': 0.0039435399584470884, 'decay_rate': 0.0011047742213649465, 'hidden_size': 32, 'signal_len': 16, 'cheb_order': 2, 's': 3.1551582946053953, 'batch_size': 32, 'k': 2}
Trial 239 finished with value 0.145095400 | dataset=Solar | model=ufgtime_plus | val_MSE=0.031663030 | test_MSE=0.033836954 | MAE=0.145095400 | RMSE=0.183948237 | MAPE=348.634952272% | params={'learning_rate': 0.0047130585461599905, 'decay_rate': 0.040752091787621764, 'hidden_size': 32, 'signal_len': 16, 'cheb_order': 2, 's': 3.511231285929113, 'batch_size': 32, 'k': 2}
Trial 240 finished with value 0.078813666 | dataset=Solar | model=ufgtime_plus | val_MSE=0.012307563 | test_MSE=0.015541336 | MAE=0.078813666 | RMSE=0.124664895 | MAPE=343.845323428% | params={'learning_rate': 0.002141429592206669, 'decay_rate': 4.838064385223179e-05, 'hidden_size': 32, 'signal_len': 16, 'cheb_order': 2, 's': 1.4921446696325114, 'batch_size': 32, 'k': 2}
Trial 241 finished with value 0.090822854 | dataset=Solar | model=ufgtime_plus | val_MSE=0.013991672 | test_MSE=0.019263599 | MAE=0.090822854 | RMSE=0.138793368 | MAPE=347.466517216% | params={'learning_rate': 0.002246631492349686, 'decay_rate': 0.0010268093555473154, 'hidden_size': 32, 'signal_len': 16, 'cheb_order': 2, 's': 1.5329616955474843, 'batch_size': 32, 'k': 2}
Trial 242 finished with value 0.078165857 | dataset=Solar | model=ufgtime_plus | val_MSE=0.012286929 | test_MSE=0.015220889 | MAE=0.078165857 | RMSE=0.123372967 | MAPE=343.554828144% | params={'learning_rate': 0.003612866024612201, 'decay_rate': 2.8804093148982238e-05, 'hidden_size': 32, 'signal_len': 16, 'cheb_order': 2, 's': 1.6844077521609067, 'batch_size': 32, 'k': 2}
Trial 243 finished with value 0.078304250 | dataset=Solar | model=ufgtime_plus | val_MSE=0.012247537 | test_MSE=0.015289350 | MAE=0.078304250 | RMSE=0.123650112 | MAPE=343.613235888% | params={'learning_rate': 0.003344272748843586, 'decay_rate': 3.1640725736477236e-05, 'hidden_size': 32, 'signal_len': 16, 'cheb_order': 2, 's': 1.7448725567053431, 'batch_size': 32, 'k': 2}
Trial 244 finished with value 0.086496332 | dataset=Solar | model=ufgtime_plus | val_MSE=0.014086066 | test_MSE=0.017064921 | MAE=0.086496332 | RMSE=0.130632773 | MAPE=345.200352067% | params={'learning_rate': 0.0017957884329483505, 'decay_rate': 0.0017464469525966192, 'hidden_size': 32, 'signal_len': 16, 'cheb_order': 2, 's': 1.9175985942922635, 'batch_size': 32, 'k': 2}
Trial 245 finished with value 0.078031093 | dataset=Solar | model=ufgtime_plus | val_MSE=0.012272901 | test_MSE=0.015197137 | MAE=0.078031093 | RMSE=0.123276669 | MAPE=343.507110624% | params={'learning_rate': 0.0036128408003113168, 'decay_rate': 2.6314783580495434e-05, 'hidden_size': 32, 'signal_len': 16, 'cheb_order': 2, 's': 1.1105543057173193, 'batch_size': 32, 'k': 2}
Trial 246 finished with value 0.094200504 | dataset=Solar | model=ufgtime_plus | val_MSE=0.014233517 | test_MSE=0.020566013 | MAE=0.094200504 | RMSE=0.143408554 | MAPE=348.312224018% | params={'learning_rate': 0.0035542450854961437, 'decay_rate': 0.0010084853123227158, 'hidden_size': 32, 'signal_len': 16, 'cheb_order': 2, 's': 1.1089622299645916, 'batch_size': 32, 'k': 2}
Trial 247 finished with value 0.077219702 | dataset=Solar | model=ufgtime_plus | val_MSE=0.011946713 | test_MSE=0.015444252 | MAE=0.077219702 | RMSE=0.124274904 | MAPE=343.949948921% | params={'learning_rate': 0.00265723255901058, 'decay_rate': 1.3447947431178966e-05, 'hidden_size': 32, 'signal_len': 16, 'cheb_order': 2, 's': 2.2504676477865253, 'batch_size': 32, 'k': 2}
Trial 248 finished with value 0.090642790 | dataset=Solar | model=ufgtime_plus | val_MSE=0.014291293 | test_MSE=0.018815968 | MAE=0.090642790 | RMSE=0.137171309 | MAPE=346.805301819% | params={'learning_rate': 0.002120585491067551, 'decay_rate': 0.0018031859581511365, 'hidden_size': 32, 'signal_len': 16, 'cheb_order': 2, 's': 1.6604762188220112, 'batch_size': 32, 'k': 2}
Trial 249 finished with value 0.087966224 | dataset=Solar | model=ufgtime_plus | val_MSE=0.013916072 | test_MSE=0.017606367 | MAE=0.087966224 | RMSE=0.132688985 | MAPE=345.624567796% | params={'learning_rate': 0.002853128699188229, 'decay_rate': 0.0009283449585529274, 'hidden_size': 32, 'signal_len': 16, 'cheb_order': 2, 's': 2.1376541399485802, 'batch_size': 32, 'k': 2}
Trial 250 finished with value 0.095482439 | dataset=Solar | model=ufgtime_plus | val_MSE=0.014716638 | test_MSE=0.020614222 | MAE=0.095482439 | RMSE=0.143576538 | MAPE=347.953194955% | params={'learning_rate': 0.003765156711409235, 'decay_rate': 0.003177319629884837, 'hidden_size': 32, 'signal_len': 16, 'cheb_order': 2, 's': 2.342894905814533, 'batch_size': 32, 'k': 2}
Trial 251 finished with value 0.089522595 | dataset=Solar | model=ufgtime_plus | val_MSE=0.013874285 | test_MSE=0.018334741 | MAE=0.089522595 | RMSE=0.135405838 | MAPE=346.054061480% | params={'learning_rate': 0.0018689007633512153, 'decay_rate': 0.0009203447028353957, 'hidden_size': 32, 'signal_len': 16, 'cheb_order': 2, 's': 1.4815143374488993, 'batch_size': 32, 'k': 2}
Trial 252 finished with value 0.093855308 | dataset=Solar | model=ufgtime_plus | val_MSE=0.014417953 | test_MSE=0.019634403 | MAE=0.093855308 | RMSE=0.140122814 | MAPE=347.548861019% | params={'learning_rate': 0.0028025345696490616, 'decay_rate': 0.001949699951247151, 'hidden_size': 32, 'signal_len': 16, 'cheb_order': 2, 's': 1.7651659805788285, 'batch_size': 32, 'k': 2}
Trial 253 finished with value 0.089186623 | dataset=Solar | model=ufgtime_plus | val_MSE=0.014217777 | test_MSE=0.017998555 | MAE=0.089186623 | RMSE=0.134158695 | MAPE=345.947491921% | params={'learning_rate': 0.004286199579319604, 'decay_rate': 0.0009033562558658221, 'hidden_size': 32, 'signal_len': 16, 'cheb_order': 2, 's': 1.4001812790857346, 'batch_size': 32, 'k': 2}
Trial 254 finished with value 0.092285979 | dataset=Solar | model=ufgtime_plus | val_MSE=0.014982708 | test_MSE=0.018323946 | MAE=0.092285979 | RMSE=0.135365969 | MAPE=346.042605286% | params={'learning_rate': 0.038658153922700084, 'decay_rate': 3.628193959062331e-05, 'hidden_size': 32, 'signal_len': 16, 'cheb_order': 3, 's': 2.0497771234213067, 'batch_size': 32, 'k': 2}
Trial 255 finished with value 0.077477151 | dataset=Solar | model=ufgtime_plus | val_MSE=0.012155441 | test_MSE=0.015265940 | MAE=0.077477151 | RMSE=0.123555414 | MAPE=343.851643042% | params={'learning_rate': 0.003404894164691751, 'decay_rate': 2.3463096167136085e-05, 'hidden_size': 32, 'signal_len': 16, 'cheb_order': 2, 's': 1.5623682840383184, 'batch_size': 32, 'k': 2}
Trial 256 finished with value 0.088418355 | dataset=Solar | model=ufgtime_plus | val_MSE=0.014157726 | test_MSE=0.017944781 | MAE=0.088418355 | RMSE=0.133958133 | MAPE=346.106558483% | params={'learning_rate': 0.001270210658264543, 'decay_rate': 0.002366496546145838, 'hidden_size': 32, 'signal_len': 16, 'cheb_order': 2, 's': 1.8476277983818052, 'batch_size': 32, 'k': 2}
Trial 257 finished with value 0.094911070 | dataset=Solar | model=ufgtime_plus | val_MSE=0.014192679 | test_MSE=0.020496046 | MAE=0.094911070 | RMSE=0.143164404 | MAPE=348.215767086% | params={'learning_rate': 0.002916204643645843, 'decay_rate': 0.001733526977484965, 'hidden_size': 32, 'signal_len': 16, 'cheb_order': 2, 's': 5.541505410444004, 'batch_size': 32, 'k': 2}
Trial 258 finished with value 0.091240045 | dataset=Solar | model=ufgtime_plus | val_MSE=0.014228851 | test_MSE=0.019349175 | MAE=0.091240045 | RMSE=0.139101314 | MAPE=347.567138419% | params={'learning_rate': 0.003926040376143284, 'decay_rate': 0.001035131718649787, 'hidden_size': 32, 'signal_len': 16, 'cheb_order': 2, 's': 1.5958772465761593, 'batch_size': 32, 'k': 2}
Trial 259 finished with value 0.095352811 | dataset=Solar | model=ufgtime_plus | val_MSE=0.014468213 | test_MSE=0.020704570 | MAE=0.095352811 | RMSE=0.143890828 | MAPE=348.414035017% | params={'learning_rate': 0.0019377847453344553, 'decay_rate': 0.0028669991031475967, 'hidden_size': 32, 'signal_len': 16, 'cheb_order': 2, 's': 1.3225283546859614, 'batch_size': 32, 'k': 2}
Trial 260 finished with value 0.088479439 | dataset=Solar | model=ufgtime_plus | val_MSE=0.014072017 | test_MSE=0.018116242 | MAE=0.088479439 | RMSE=0.134596589 | MAPE=345.994841097% | params={'learning_rate': 0.0033765141915346013, 'decay_rate': 0.0009256926190725096, 'hidden_size': 32, 'signal_len': 16, 'cheb_order': 2, 's': 1.5506951506256546, 'batch_size': 32, 'k': 2}
Trial 261 finished with value 0.093251215 | dataset=Solar | model=ufgtime_plus | val_MSE=0.014986492 | test_MSE=0.018770287 | MAE=0.093251215 | RMSE=0.137004696 | MAPE=346.022783921% | params={'learning_rate': 0.004358268033321335, 'decay_rate': 0.0017528337141970295, 'hidden_size': 32, 'signal_len': 16, 'cheb_order': 2, 's': 1.645173529444268, 'batch_size': 32, 'k': 2}
Trial 262 finished with value 0.080997592 | dataset=Solar | model=ufgtime_plus | val_MSE=0.012556209 | test_MSE=0.015822620 | MAE=0.080997592 | RMSE=0.125787995 | MAPE=343.770661285% | params={'learning_rate': 0.0012598581035453992, 'decay_rate': 6.345604666221086e-05, 'hidden_size': 16, 'signal_len': 16, 'cheb_order': 2, 's': 1.3527633164063861, 'batch_size': 32, 'k': 2}
Trial 263 finished with value 0.078909783 | dataset=Solar | model=ufgtime_plus | val_MSE=0.012223656 | test_MSE=0.015697501 | MAE=0.078909783 | RMSE=0.125289670 | MAPE=344.219432566% | params={'learning_rate': 0.002452825178219517, 'decay_rate': 5.6594205511917414e-05, 'hidden_size': 32, 'signal_len': 16, 'cheb_order': 2, 's': 1.9784225892300544, 'batch_size': 32, 'k': 2}
Trial 264 finished with value 0.077278852 | dataset=Solar | model=ufgtime_plus | val_MSE=0.012196811 | test_MSE=0.014910368 | MAE=0.077278852 | RMSE=0.122108016 | MAPE=342.949879083% | params={'learning_rate': 0.0021976407792308715, 'decay_rate': 1.526122827911153e-05, 'hidden_size': 32, 'signal_len': 16, 'cheb_order': 2, 's': 1.990607558708874, 'batch_size': 32, 'k': 9}
Trial 265 finished with value 0.087469425 | dataset=Solar | model=ufgtime_plus | val_MSE=0.014262678 | test_MSE=0.017522126 | MAE=0.087469425 | RMSE=0.132371166 | MAPE=345.719223789% | params={'learning_rate': 0.00204404949369504, 'decay_rate': 0.0016962895897443102, 'hidden_size': 32, 'signal_len': 16, 'cheb_order': 2, 's': 2.1969932711801903, 'batch_size': 32, 'k': 10}
Trial 266 finished with value 0.082656771 | dataset=Solar | model=ufgtime_plus | val_MSE=0.013734588 | test_MSE=0.015964546 | MAE=0.082656771 | RMSE=0.126350885 | MAPE=344.016687338% | params={'learning_rate': 0.0011127128302112356, 'decay_rate': 0.0009844592210436869, 'hidden_size': 32, 'signal_len': 16, 'cheb_order': 2, 's': 1.794226139424342, 'batch_size': 32, 'k': 2}
Trial 267 finished with value 0.092137347 | dataset=Solar | model=ufgtime_plus | val_MSE=0.014428784 | test_MSE=0.019147656 | MAE=0.092137347 | RMSE=0.138375057 | MAPE=347.030304044% | params={'learning_rate': 0.0023928101626343986, 'decay_rate': 0.0026533818014196596, 'hidden_size': 32, 'signal_len': 16, 'cheb_order': 2, 's': 2.1093145367102424, 'batch_size': 32, 'k': 9}
Trial 268 finished with value 0.078842348 | dataset=Solar | model=ufgtime_plus | val_MSE=0.012069028 | test_MSE=0.015573896 | MAE=0.078842348 | RMSE=0.124795417 | MAPE=344.159603730% | params={'learning_rate': 0.0029383421784693396, 'decay_rate': 2.714928551222007e-05, 'hidden_size': 32, 'signal_len': 16, 'cheb_order': 2, 's': 2.0051006362663504, 'batch_size': 32, 'k': 8}
Trial 269 finished with value 0.126652655 | dataset=Solar | model=ufgtime_plus | val_MSE=0.023464596 | test_MSE=0.027698512 | MAE=0.126652655 | RMSE=0.166428700 | MAPE=349.600002824% | params={'learning_rate': 0.0026147815267839273, 'decay_rate': 0.029253205043141994, 'hidden_size': 32, 'signal_len': 16, 'cheb_order': 2, 's': 1.9677704026494118, 'batch_size': 32, 'k': 8}
Trial 270 finished with value 0.085593892 | dataset=Solar | model=ufgtime_plus | val_MSE=0.013626921 | test_MSE=0.017385560 | MAE=0.085593892 | RMSE=0.131854313 | MAPE=345.828753375% | params={'learning_rate': 0.0010713293945024118, 'decay_rate': 0.0010253236534743407, 'hidden_size': 32, 'signal_len': 16, 'cheb_order': 2, 's': 1.9129474262346025, 'batch_size': 32, 'k': 10}
Trial 271 finished with value 0.093100132 | dataset=Solar | model=ufgtime_plus | val_MSE=0.014269176 | test_MSE=0.020158692 | MAE=0.093100132 | RMSE=0.141981308 | MAPE=348.217138107% | params={'learning_rate': 0.003011674114713511, 'decay_rate': 0.0017433876108851987, 'hidden_size': 32, 'signal_len': 16, 'cheb_order': 2, 's': 1.6927433847354436, 'batch_size': 32, 'k': 9}
Trial 272 finished with value 0.086489248 | dataset=Solar | model=ufgtime_plus | val_MSE=0.014721243 | test_MSE=0.016713820 | MAE=0.086489248 | RMSE=0.129281939 | MAPE=344.628987751% | params={'learning_rate': 0.00183990509484755, 'decay_rate': 0.0035629898106910203, 'hidden_size': 32, 'signal_len': 16, 'cheb_order': 2, 's': 2.2796833108850887, 'batch_size': 32, 'k': 8}
Trial 273 finished with value 0.087701600 | dataset=Solar | model=ufgtime_plus | val_MSE=0.014067082 | test_MSE=0.017505546 | MAE=0.087701600 | RMSE=0.132308525 | MAPE=345.185750226% | params={'learning_rate': 0.003038856959190419, 'decay_rate': 0.0009432901673637747, 'hidden_size': 32, 'signal_len': 16, 'cheb_order': 3, 's': 1.9406349788329116, 'batch_size': 32, 'k': 9}
Trial 274 finished with value 0.085752524 | dataset=Solar | model=ufgtime_plus | val_MSE=0.013887156 | test_MSE=0.016657157 | MAE=0.085752524 | RMSE=0.129062609 | MAPE=343.879587307% | params={'learning_rate': 0.0001327495998108704, 'decay_rate': 7.50872378401267e-05, 'hidden_size': 32, 'signal_len': 16, 'cheb_order': 2, 's': 1.1013617684816401, 'batch_size': 32, 'k': 2}
Trial 275 finished with value 0.095383895 | dataset=Solar | model=ufgtime_plus | val_MSE=0.014837343 | test_MSE=0.020849538 | MAE=0.095383895 | RMSE=0.144393691 | MAPE=348.434137921% | params={'learning_rate': 0.004527297591701162, 'decay_rate': 0.0023279807316711467, 'hidden_size': 32, 'signal_len': 16, 'cheb_order': 2, 's': 1.448715392595902, 'batch_size': 32, 'k': 2}
Trial 276 finished with value 0.078366003 | dataset=Solar | model=ufgtime_plus | val_MSE=0.012261722 | test_MSE=0.015294641 | MAE=0.078366003 | RMSE=0.123671504 | MAPE=343.618995607% | params={'learning_rate': 0.003351494489661107, 'decay_rate': 3.2979490349906604e-05, 'hidden_size': 32, 'signal_len': 16, 'cheb_order': 2, 's': 1.7484749035513834, 'batch_size': 32, 'k': 2}
Trial 277 finished with value 0.091208262 | dataset=Solar | model=ufgtime_plus | val_MSE=0.013907292 | test_MSE=0.018696771 | MAE=0.091208262 | RMSE=0.136736136 | MAPE=347.107377051% | params={'learning_rate': 0.002488560033463875, 'decay_rate': 0.000997495798246479, 'hidden_size': 32, 'signal_len': 16, 'cheb_order': 2, 's': 1.5261924074421493, 'batch_size': 32, 'k': 2}
Trial 278 finished with value 0.091976342 | dataset=Solar | model=ufgtime_plus | val_MSE=0.014284769 | test_MSE=0.019633917 | MAE=0.091976342 | RMSE=0.140121078 | MAPE=347.498879094% | params={'learning_rate': 0.0034646825987742743, 'decay_rate': 0.0017913164966394805, 'hidden_size': 32, 'signal_len': 16, 'cheb_order': 2, 's': 1.7292905254789293, 'batch_size': 32, 'k': 2}
Trial 279 finished with value 0.091465683 | dataset=Solar | model=ufgtime_plus | val_MSE=0.013913804 | test_MSE=0.019349723 | MAE=0.091465683 | RMSE=0.139103281 | MAPE=347.344097771% | params={'learning_rate': 0.0014646398430834728, 'decay_rate': 0.0010411367472024805, 'hidden_size': 32, 'signal_len': 16, 'cheb_order': 2, 's': 2.087869373317444, 'batch_size': 32, 'k': 2}
Trial 280 finished with value 0.076915496 | dataset=Solar | model=ufgtime_plus | val_MSE=0.012129202 | test_MSE=0.015064723 | MAE=0.076915496 | RMSE=0.122738432 | MAPE=343.626023346% | params={'learning_rate': 0.004081501875975338, 'decay_rate': 1.220862998357503e-05, 'hidden_size': 32, 'signal_len': 16, 'cheb_order': 2, 's': 1.7995475365183653, 'batch_size': 32, 'k': 2}
Trial 281 finished with value 0.096223280 | dataset=Solar | model=ufgtime_plus | val_MSE=0.014763798 | test_MSE=0.021066779 | MAE=0.096223280 | RMSE=0.145143993 | MAPE=348.345286806% | params={'learning_rate': 0.0036286551382947382, 'decay_rate': 0.00288656246052907, 'hidden_size': 16, 'signal_len': 16, 'cheb_order': 2, 's': 1.2642715418797221, 'batch_size': 32, 'k': 2}
Trial 282 finished with value 0.089475803 | dataset=Solar | model=ufgtime_plus | val_MSE=0.014146660 | test_MSE=0.018025944 | MAE=0.089475803 | RMSE=0.134260731 | MAPE=346.037143824% | params={'learning_rate': 0.0024382293482869653, 'decay_rate': 0.0008958779958966501, 'hidden_size': 32, 'signal_len': 16, 'cheb_order': 2, 's': 1.6417712754542506, 'batch_size': 32, 'k': 2}
Trial 283 finished with value 0.107840448 | dataset=Solar | model=ufgtime_plus | val_MSE=0.018188173 | test_MSE=0.024484861 | MAE=0.107840448 | RMSE=0.156476392 | MAPE=348.976399941% | params={'learning_rate': 0.004650713964011463, 'decay_rate': 0.010171934795355587, 'hidden_size': 32, 'signal_len': 16, 'cheb_order': 2, 's': 1.9233280235866874, 'batch_size': 32, 'k': 2}
Trial 284 finished with value 0.093204979 | dataset=Solar | model=ufgtime_plus | val_MSE=0.014359556 | test_MSE=0.019785339 | MAE=0.093204979 | RMSE=0.140660366 | MAPE=347.506588605% | params={'learning_rate': 0.0037527090186687964, 'decay_rate': 0.0021835747701385976, 'hidden_size': 32, 'signal_len': 16, 'cheb_order': 2, 's': 1.4086240159150807, 'batch_size': 32, 'k': 2}
Trial 285 finished with value 0.088410089 | dataset=Solar | model=ufgtime_plus | val_MSE=0.014062679 | test_MSE=0.017117720 | MAE=0.088410089 | RMSE=0.130834706 | MAPE=345.147953773% | params={'learning_rate': 0.0305998926922305, 'decay_rate': 2.1349528734908437e-05, 'hidden_size': 32, 'signal_len': 16, 'cheb_order': 2, 's': 1.7754729799562994, 'batch_size': 32, 'k': 2}
Trial 286 finished with value 0.085614124 | dataset=Solar | model=ufgtime_plus | val_MSE=0.013599898 | test_MSE=0.016768786 | MAE=0.085614124 | RMSE=0.129494347 | MAPE=345.063671623% | params={'learning_rate': 0.0012166817040718887, 'decay_rate': 0.000968638407959713, 'hidden_size': 32, 'signal_len': 16, 'cheb_order': 2, 's': 1.5911080917353142, 'batch_size': 32, 'k': 9}
Trial 287 finished with value 0.100812567 | dataset=Solar | model=ufgtime_plus | val_MSE=0.015064190 | test_MSE=0.023193576 | MAE=0.100812567 | RMSE=0.152294373 | MAPE=350.053735524% | params={'learning_rate': 0.002843737627345108, 'decay_rate': 0.0037897698440765354, 'hidden_size': 32, 'signal_len': 16, 'cheb_order': 2, 's': 2.529508470568239, 'batch_size': 32, 'k': 2}
Trial 288 finished with value 0.096697050 | dataset=Solar | model=ufgtime_plus | val_MSE=0.014625112 | test_MSE=0.021165455 | MAE=0.096697050 | RMSE=0.145483522 | MAPE=348.693658649% | params={'learning_rate': 0.004556175276747279, 'decay_rate': 0.0018296755833332116, 'hidden_size': 32, 'signal_len': 16, 'cheb_order': 2, 's': 2.062511949636912, 'batch_size': 32, 'k': 2}
Trial 289 finished with value 0.089846484 | dataset=Solar | model=ufgtime_plus | val_MSE=0.013874227 | test_MSE=0.018682812 | MAE=0.089846484 | RMSE=0.136685083 | MAPE=346.733992312% | params={'learning_rate': 0.001961121014908367, 'decay_rate': 0.0009813063901246428, 'hidden_size': 32, 'signal_len': 16, 'cheb_order': 2, 's': 1.3293497039710176, 'batch_size': 32, 'k': 2}
Trial 290 finished with value 0.077350667 | dataset=Solar | model=ufgtime_plus | val_MSE=0.012118320 | test_MSE=0.014939961 | MAE=0.077350667 | RMSE=0.122229132 | MAPE=343.265873715% | params={'learning_rate': 0.003544622876095497, 'decay_rate': 1.3477990816940097e-05, 'hidden_size': 32, 'signal_len': 16, 'cheb_order': 2, 's': 4.785914317367345, 'batch_size': 32, 'k': 2}
Trial 291 finished with value 0.077315849 | dataset=Solar | model=ufgtime_plus | val_MSE=0.012087690 | test_MSE=0.014812148 | MAE=0.077315849 | RMSE=0.121705168 | MAPE=343.199722401% | params={'learning_rate': 0.003348742733517085, 'decay_rate': 1.0522457568949517e-05, 'hidden_size': 32, 'signal_len': 16, 'cheb_order': 2, 's': 4.679463395641343, 'batch_size': 32, 'k': 2}
