Trial 118 finished with value 0.136256393 | dataset=Solar | model=ufgtime_plus | val_MSE=0.027655611 | test_MSE=0.029240527 | MAE=0.136256393 | RMSE=0.170998616 | MAPE=348.840287640% | params={'learning_rate': 0.002288888238345055, 'decay_rate': 0.047146179964836624, 'hidden_size': 32, 'signal_len': 16, 'cheb_order': 2, 's': 9.23466879604964, 'batch_size': 64, 'k': 6}
Trial 119 finished with value 0.129348053 | dataset=Solar | model=ufgtime_plus | val_MSE=0.023499100 | test_MSE=0.027916055 | MAE=0.129348053 | RMSE=0.167080982 | MAPE=349.786673922% | params={'learning_rate': 0.002958155371197544, 'decay_rate': 0.028374493177673158, 'hidden_size': 32, 'signal_len': 16, 'cheb_order': 2, 's': 9.430078399035168, 'batch_size': 64, 'k': 5}
Trial 120 finished with value 0.090984825 | dataset=Solar | model=ufgtime_plus | val_MSE=0.014314851 | test_MSE=0.018730511 | MAE=0.090984825 | RMSE=0.136859457 | MAPE=346.621887859% | params={'learning_rate': 0.004178683678413936, 'decay_rate': 0.0029747469464163506, 'hidden_size': 32, 'signal_len': 16, 'cheb_order': 2, 's': 8.527263594344651, 'batch_size': 64, 'k': 6}
Trial 121 finished with value 0.083632101 | dataset=Solar | model=ufgtime_plus | val_MSE=0.013807539 | test_MSE=0.015983216 | MAE=0.083632101 | RMSE=0.126424744 | MAPE=343.650107217% | params={'learning_rate': 0.0007787969287622687, 'decay_rate': 0.0019138604181499262, 'hidden_size': 32, 'signal_len': 16, 'cheb_order': 2, 's': 9.0172113244359, 'batch_size': 64, 'k': 5}
Trial 122 finished with value 0.089137082 | dataset=Solar | model=ufgtime_plus | val_MSE=0.014744339 | test_MSE=0.017256704 | MAE=0.089137082 | RMSE=0.131364776 | MAPE=344.447849065% | params={'learning_rate': 0.00010689749480195159, 'decay_rate': 0.001185953143218035, 'hidden_size': 32, 'signal_len': 16, 'cheb_order': 2, 's': 9.079171668290124, 'batch_size': 64, 'k': 5}
Trial 123 finished with value 0.084957393 | dataset=Solar | model=ufgtime_plus | val_MSE=0.014197722 | test_MSE=0.016637778 | MAE=0.084957393 | RMSE=0.128987513 | MAPE=344.904417277% | params={'learning_rate': 0.0020336661101374096, 'decay_rate': 0.00238288268657239, 'hidden_size': 32, 'signal_len': 16, 'cheb_order': 2, 's': 8.891353094873885, 'batch_size': 64, 'k': 5}
Trial 124 finished with value 0.085580556 | dataset=Solar | model=ufgtime_plus | val_MSE=0.014447605 | test_MSE=0.017022723 | MAE=0.085580556 | RMSE=0.130471158 | MAPE=344.957601252% | params={'learning_rate': 0.0018315951831705916, 'decay_rate': 0.0040677178238050235, 'hidden_size': 32, 'signal_len': 16, 'cheb_order': 2, 's': 8.19491492035439, 'batch_size': 64, 'k': 4}
Trial 125 finished with value 0.096078257 | dataset=Solar | model=ufgtime_plus | val_MSE=0.014531937 | test_MSE=0.021128093 | MAE=0.096078257 | RMSE=0.145355057 | MAPE=348.624009924% | params={'learning_rate': 0.001071477207792598, 'decay_rate': 0.005779159267659922, 'hidden_size': 32, 'signal_len': 16, 'cheb_order': 2, 's': 8.190660278504373, 'batch_size': 64, 'k': 3}
Trial 126 finished with value 0.093973925 | dataset=Solar | model=ufgtime_plus | val_MSE=0.014388631 | test_MSE=0.020768682 | MAE=0.093973925 | RMSE=0.144113434 | MAPE=348.547525959% | params={'learning_rate': 0.0038862499739184607, 'decay_rate': 0.004077238377583951, 'hidden_size': 32, 'signal_len': 16, 'cheb_order': 2, 's': 8.558337280354271, 'batch_size': 64, 'k': 4}
Trial 127 finished with value 0.086352530 | dataset=Solar | model=ufgtime_plus | val_MSE=0.013934983 | test_MSE=0.017355464 | MAE=0.086352530 | RMSE=0.131740139 | MAPE=345.612351143% | params={'learning_rate': 0.0014190830608128806, 'decay_rate': 0.002285176500263467, 'hidden_size': 32, 'signal_len': 16, 'cheb_order': 3, 's': 8.89225363104431, 'batch_size': 64, 'k': 4}
Trial 128 finished with value 0.097042905 | dataset=Solar | model=ufgtime_plus | val_MSE=0.014994157 | test_MSE=0.021804249 | MAE=0.097042905 | RMSE=0.147662618 | MAPE=349.083054995% | params={'learning_rate': 0.0021160471658333542, 'decay_rate': 0.006656677516293277, 'hidden_size': 32, 'signal_len': 16, 'cheb_order': 2, 's': 8.263707031594945, 'batch_size': 64, 'k': 4}
Trial 129 finished with value 0.096662714 | dataset=Solar | model=ufgtime_plus | val_MSE=0.015035507 | test_MSE=0.022284510 | MAE=0.096662714 | RMSE=0.149279972 | MAPE=349.533226982% | params={'learning_rate': 0.00503579563172208, 'decay_rate': 0.0049428145690268484, 'hidden_size': 32, 'signal_len': 16, 'cheb_order': 2, 's': 7.716906301631245, 'batch_size': 64, 'k': 5}
Trial 130 finished with value 0.117327739 | dataset=Solar | model=ufgtime_plus | val_MSE=0.020863416 | test_MSE=0.025394348 | MAE=0.117327739 | RMSE=0.159356042 | MAPE=349.310490412% | params={'learning_rate': 0.0034510418001569404, 'decay_rate': 0.02290369898348363, 'hidden_size': 32, 'signal_len': 16, 'cheb_order': 2, 's': 7.887192898948324, 'batch_size': 64, 'k': 5}
Trial 131 finished with value 0.083880185 | dataset=Solar | model=ufgtime_plus | val_MSE=0.013458197 | test_MSE=0.016654407 | MAE=0.083880185 | RMSE=0.129051956 | MAPE=345.301628479% | params={'learning_rate': 0.0022124012504972914, 'decay_rate': 0.0008664361130100963, 'hidden_size': 32, 'signal_len': 16, 'cheb_order': 2, 's': 9.109366470586943, 'batch_size': 64, 'k': 5}
Trial 132 finished with value 0.093434957 | dataset=Solar | model=ufgtime_plus | val_MSE=0.015435797 | test_MSE=0.018603667 | MAE=0.093434957 | RMSE=0.136395262 | MAPE=345.040283743% | params={'learning_rate': 4.085516177051909e-05, 'decay_rate': 0.0014851123243402764, 'hidden_size': 32, 'signal_len': 16, 'cheb_order': 2, 's': 9.024783464200521, 'batch_size': 64, 'k': 5}
Trial 133 finished with value 0.092589870 | dataset=Solar | model=ufgtime_plus | val_MSE=0.014460393 | test_MSE=0.018969408 | MAE=0.092589870 | RMSE=0.137729473 | MAPE=346.734636101% | params={'learning_rate': 0.002290515646193185, 'decay_rate': 0.003339460683458559, 'hidden_size': 32, 'signal_len': 16, 'cheb_order': 2, 's': 8.647783904052838, 'batch_size': 64, 'k': 5}
Trial 134 finished with value 0.093889900 | dataset=Solar | model=ufgtime_plus | val_MSE=0.013904738 | test_MSE=0.020703955 | MAE=0.093889900 | RMSE=0.143888691 | MAPE=348.592069125% | params={'learning_rate': 0.004012331203242474, 'decay_rate': 0.0010799023100527584, 'hidden_size': 32, 'signal_len': 16, 'cheb_order': 2, 's': 9.193540518425477, 'batch_size': 64, 'k': 5}
Trial 135 finished with value 0.087265655 | dataset=Solar | model=ufgtime_plus | val_MSE=0.013889682 | test_MSE=0.017631457 | MAE=0.087265655 | RMSE=0.132783498 | MAPE=345.787135526% | params={'learning_rate': 0.0010277551245815805, 'decay_rate': 0.002205747199726607, 'hidden_size': 32, 'signal_len': 16, 'cheb_order': 2, 's': 8.844145901660882, 'batch_size': 64, 'k': 3}
Trial 136 finished with value 0.090238799 | dataset=Solar | model=ufgtime_plus | val_MSE=0.014332181 | test_MSE=0.019049247 | MAE=0.090238799 | RMSE=0.138019010 | MAPE=347.227318645% | params={'learning_rate': 0.0029099515522842865, 'decay_rate': 0.003840329753698331, 'hidden_size': 32, 'signal_len': 16, 'cheb_order': 2, 's': 8.13726375708365, 'batch_size': 64, 'k': 5}
Trial 137 finished with value 0.085419044 | dataset=Solar | model=ufgtime_plus | val_MSE=0.013673678 | test_MSE=0.016930574 | MAE=0.085419044 | RMSE=0.130117538 | MAPE=345.297997754% | params={'learning_rate': 0.0020438750618080688, 'decay_rate': 0.0009538262381137913, 'hidden_size': 32, 'signal_len': 16, 'cheb_order': 2, 's': 8.432143789637133, 'batch_size': 64, 'k': 4}
Trial 138 finished with value 0.091855393 | dataset=Solar | model=ufgtime_plus | val_MSE=0.014180288 | test_MSE=0.019271196 | MAE=0.091855393 | RMSE=0.138820734 | MAPE=347.108061761% | params={'learning_rate': 0.005529157746779999, 'decay_rate': 0.0008516889537227576, 'hidden_size': 32, 'signal_len': 16, 'cheb_order': 2, 's': 8.403537200691279, 'batch_size': 32, 'k': 4}
Trial 139 finished with value 0.096936243 | dataset=Solar | model=ufgtime_plus | val_MSE=0.014718174 | test_MSE=0.021259084 | MAE=0.096936243 | RMSE=0.145804952 | MAPE=348.771171014% | params={'learning_rate': 0.006262644322868299, 'decay_rate': 0.0029727987336372456, 'hidden_size': 32, 'signal_len': 16, 'cheb_order': 2, 's': 8.062517703360012, 'batch_size': 64, 'k': 4}
Trial 140 finished with value 0.084303065 | dataset=Solar | model=ufgtime_plus | val_MSE=0.013622445 | test_MSE=0.016567726 | MAE=0.084303065 | RMSE=0.128715679 | MAPE=344.853662302% | params={'learning_rate': 0.0019601324658834697, 'decay_rate': 0.0009519642382285397, 'hidden_size': 32, 'signal_len': 16, 'cheb_order': 2, 's': 3.6063407052311147, 'batch_size': 64, 'k': 4}
Trial 141 finished with value 0.086697119 | dataset=Solar | model=ufgtime_plus | val_MSE=0.013643768 | test_MSE=0.017210739 | MAE=0.086697119 | RMSE=0.131189708 | MAPE=345.443993875% | params={'learning_rate': 0.0019535931123066826, 'decay_rate': 0.0009804675381927745, 'hidden_size': 32, 'signal_len': 16, 'cheb_order': 2, 's': 1.9837043083206627, 'batch_size': 64, 'k': 4}
Trial 142 finished with value 0.078743895 | dataset=Solar | model=ufgtime_plus | val_MSE=0.012129173 | test_MSE=0.015640552 | MAE=0.078743895 | RMSE=0.125062193 | MAPE=343.927611206% | params={'learning_rate': 0.003116358463402575, 'decay_rate': 1.9054522152880515e-05, 'hidden_size': 32, 'signal_len': 16, 'cheb_order': 2, 's': 3.5336735479798596, 'batch_size': 64, 'k': 4}
Trial 143 finished with value 0.078489019 | dataset=Solar | model=ufgtime_plus | val_MSE=0.012171900 | test_MSE=0.015464060 | MAE=0.078489019 | RMSE=0.124354574 | MAPE=343.951561099% | params={'learning_rate': 0.0041746019679701155, 'decay_rate': 0.00010410951007297643, 'hidden_size': 32, 'signal_len': 16, 'cheb_order': 2, 's': 3.6839312595142757, 'batch_size': 64, 'k': 4}
Trial 144 finished with value 0.092499566 | dataset=Solar | model=ufgtime_plus | val_MSE=0.013743913 | test_MSE=0.020035713 | MAE=0.092499566 | RMSE=0.141547564 | MAPE=348.045348447% | params={'learning_rate': 0.00454260259092026, 'decay_rate': 0.0007601493951645179, 'hidden_size': 32, 'signal_len': 16, 'cheb_order': 2, 's': 4.576152097192281, 'batch_size': 64, 'k': 3}
Trial 145 finished with value 0.080144061 | dataset=Solar | model=ufgtime_plus | val_MSE=0.012342371 | test_MSE=0.016322568 | MAE=0.080144061 | RMSE=0.127759806 | MAPE=344.651972079% | params={'learning_rate': 0.003284884882704408, 'decay_rate': 9.501941311907452e-05, 'hidden_size': 32, 'signal_len': 16, 'cheb_order': 2, 's': 3.648385873367084, 'batch_size': 64, 'k': 4}
Trial 146 finished with value 0.080327689 | dataset=Solar | model=ufgtime_plus | val_MSE=0.012279287 | test_MSE=0.016332757 | MAE=0.080327689 | RMSE=0.127799673 | MAPE=344.611720192% | params={'learning_rate': 0.0032639423773960065, 'decay_rate': 0.00013771003467361097, 'hidden_size': 32, 'signal_len': 16, 'cheb_order': 2, 's': 4.073322839229131, 'batch_size': 64, 'k': 4}
Trial 147 finished with value 0.080493620 | dataset=Solar | model=ufgtime_plus | val_MSE=0.012595349 | test_MSE=0.016281956 | MAE=0.080493620 | RMSE=0.127600769 | MAPE=344.845291048% | params={'learning_rate': 0.003607581921738739, 'decay_rate': 0.0001873872131568856, 'hidden_size': 32, 'signal_len': 16, 'cheb_order': 2, 's': 3.574991259764071, 'batch_size': 32, 'k': 4}
Trial 148 finished with value 0.092439610 | dataset=Solar | model=ufgtime_plus | val_MSE=0.014598489 | test_MSE=0.017530891 | MAE=0.092439610 | RMSE=0.132404270 | MAPE=345.170995017% | params={'learning_rate': 0.04407639548128621, 'decay_rate': 2.1576132908007108e-05, 'hidden_size': 32, 'signal_len': 16, 'cheb_order': 2, 's': 3.4549300993870298, 'batch_size': 32, 'k': 4}
Trial 149 finished with value 0.079093573 | dataset=Solar | model=ufgtime_plus | val_MSE=0.012423092 | test_MSE=0.015394291 | MAE=0.079093573 | RMSE=0.124073731 | MAPE=343.668409830% | params={'learning_rate': 0.0034595069396597578, 'decay_rate': 5.6936272465123866e-05, 'hidden_size': 32, 'signal_len': 16, 'cheb_order': 2, 's': 3.5313758552374828, 'batch_size': 32, 'k': 3}
Trial 150 finished with value 0.089893246 | dataset=Solar | model=ufgtime_plus | val_MSE=0.014450244 | test_MSE=0.018554612 | MAE=0.089893246 | RMSE=0.136215316 | MAPE=346.267642604% | params={'learning_rate': 0.00703707596074091, 'decay_rate': 0.0008675728153965675, 'hidden_size': 32, 'signal_len': 16, 'cheb_order': 3, 's': 3.5966265192382423, 'batch_size': 32, 'k': 3}
Trial 151 finished with value 0.079611485 | dataset=Solar | model=ufgtime_plus | val_MSE=0.012405552 | test_MSE=0.015767053 | MAE=0.079611485 | RMSE=0.125566927 | MAPE=344.164665550% | params={'learning_rate': 0.003399183040168777, 'decay_rate': 6.246684885618831e-05, 'hidden_size': 32, 'signal_len': 16, 'cheb_order': 2, 's': 3.8229997862687783, 'batch_size': 32, 'k': 3}
Trial 152 finished with value 0.079390204 | dataset=Solar | model=ufgtime_plus | val_MSE=0.012295818 | test_MSE=0.015781716 | MAE=0.079390204 | RMSE=0.125625302 | MAPE=344.356456009% | params={'learning_rate': 0.003477445555451539, 'decay_rate': 5.522306637138485e-05, 'hidden_size': 32, 'signal_len': 16, 'cheb_order': 2, 's': 3.7996724402953896, 'batch_size': 32, 'k': 3}
Trial 153 finished with value 0.080454909 | dataset=Solar | model=ufgtime_plus | val_MSE=0.012491975 | test_MSE=0.015643693 | MAE=0.080454909 | RMSE=0.125074751 | MAPE=343.962543450% | params={'learning_rate': 0.00467697030281199, 'decay_rate': 5.10744273743215e-05, 'hidden_size': 32, 'signal_len': 16, 'cheb_order': 2, 's': 3.8185035958943105, 'batch_size': 32, 'k': 3}
Trial 154 finished with value 0.078372361 | dataset=Solar | model=ufgtime_plus | val_MSE=0.012205978 | test_MSE=0.015334199 | MAE=0.078372361 | RMSE=0.123831335 | MAPE=343.625330787% | params={'learning_rate': 0.005138653584468317, 'decay_rate': 1.6170630589167352e-05, 'hidden_size': 32, 'signal_len': 16, 'cheb_order': 2, 's': 3.9239298720272977, 'batch_size': 32, 'k': 2}
Trial 155 finished with value 0.094570250 | dataset=Solar | model=ufgtime_plus | val_MSE=0.014813387 | test_MSE=0.020721806 | MAE=0.094570250 | RMSE=0.143950708 | MAPE=348.248844143% | params={'learning_rate': 0.005737208034561344, 'decay_rate': 0.0019677932808419047, 'hidden_size': 32, 'signal_len': 16, 'cheb_order': 2, 's': 3.9684549497163393, 'batch_size': 32, 'k': 2}
Trial 156 finished with value 0.082324275 | dataset=Solar | model=ufgtime_plus | val_MSE=0.012608227 | test_MSE=0.016668747 | MAE=0.082324275 | RMSE=0.129107502 | MAPE=345.181109013% | params={'learning_rate': 0.004840154914147653, 'decay_rate': 0.0001194413472696196, 'hidden_size': 32, 'signal_len': 16, 'cheb_order': 2, 's': 2.8096285276268116, 'batch_size': 32, 'k': 2}
Trial 157 finished with value 0.077418073 | dataset=Solar | model=ufgtime_plus | val_MSE=0.012163557 | test_MSE=0.015064085 | MAE=0.077418073 | RMSE=0.122735835 | MAPE=343.640717167% | params={'learning_rate': 0.0045268501164796365, 'decay_rate': 1.09831343277162e-05, 'hidden_size': 32, 'signal_len': 16, 'cheb_order': 2, 's': 3.025892236212633, 'batch_size': 32, 'k': 2}
Trial 158 finished with value 0.081795336 | dataset=Solar | model=ufgtime_plus | val_MSE=0.012529113 | test_MSE=0.016555615 | MAE=0.081795336 | RMSE=0.128668625 | MAPE=345.140524253% | params={'learning_rate': 0.004669815866222841, 'decay_rate': 7.318016766772893e-05, 'hidden_size': 32, 'signal_len': 16, 'cheb_order': 2, 's': 2.97976913867118, 'batch_size': 32, 'k': 2}
Trial 159 finished with value 0.081123984 | dataset=Solar | model=ufgtime_plus | val_MSE=0.012679652 | test_MSE=0.016557998 | MAE=0.081123984 | RMSE=0.128677883 | MAPE=345.064774850% | params={'learning_rate': 0.004796639995440945, 'decay_rate': 0.00015093462503111164, 'hidden_size': 32, 'signal_len': 16, 'cheb_order': 2, 's': 2.962546216429957, 'batch_size': 32, 'k': 2}
Trial 160 finished with value 0.095518811 | dataset=Solar | model=ufgtime_plus | val_MSE=0.014520249 | test_MSE=0.021192090 | MAE=0.095518811 | RMSE=0.145575031 | MAPE=348.495133605% | params={'learning_rate': 0.0036529723385539444, 'decay_rate': 0.0017714504356276541, 'hidden_size': 32, 'signal_len': 16, 'cheb_order': 2, 's': 2.9464139218132663, 'batch_size': 32, 'k': 2}
Trial 161 finished with value 0.081322087 | dataset=Solar | model=ufgtime_plus | val_MSE=0.012469867 | test_MSE=0.016825222 | MAE=0.081322087 | RMSE=0.129712075 | MAPE=345.362935681% | params={'learning_rate': 0.0049439327030346494, 'decay_rate': 8.450275969698478e-05, 'hidden_size': 32, 'signal_len': 16, 'cheb_order': 2, 's': 3.0397237222981275, 'batch_size': 32, 'k': 2}
Trial 162 finished with value 0.082811908 | dataset=Solar | model=ufgtime_plus | val_MSE=0.012452910 | test_MSE=0.017376416 | MAE=0.082811908 | RMSE=0.131819636 | MAPE=345.840290015% | params={'learning_rate': 0.005956112013982054, 'decay_rate': 5.309845682913e-05, 'hidden_size': 32, 'signal_len': 16, 'cheb_order': 2, 's': 3.0585190235474973, 'batch_size': 32, 'k': 2}
Trial 163 finished with value 0.091317601 | dataset=Solar | model=ufgtime_plus | val_MSE=0.014218093 | test_MSE=0.018601651 | MAE=0.091317601 | RMSE=0.136387870 | MAPE=346.374837982% | params={'learning_rate': 0.0046455758352680135, 'decay_rate': 0.0013129703058773097, 'hidden_size': 32, 'signal_len': 16, 'cheb_order': 2, 's': 3.171365127590657, 'batch_size': 32, 'k': 2}
Trial 164 finished with value 0.079097966 | dataset=Solar | model=ufgtime_plus | val_MSE=0.012336371 | test_MSE=0.015544122 | MAE=0.079097966 | RMSE=0.124676070 | MAPE=344.066958370% | params={'learning_rate': 0.007287783671074258, 'decay_rate': 3.838570965230084e-05, 'hidden_size': 32, 'signal_len': 16, 'cheb_order': 2, 's': 3.926900422696003, 'batch_size': 32, 'k': 3}
Trial 165 finished with value 0.098378937 | dataset=Solar | model=ufgtime_plus | val_MSE=0.015487642 | test_MSE=0.020882595 | MAE=0.098378937 | RMSE=0.144508116 | MAPE=347.550767572% | params={'learning_rate': 0.0068602355231386514, 'decay_rate': 0.0026875481976738414, 'hidden_size': 32, 'signal_len': 16, 'cheb_order': 2, 's': 3.9198719975315766, 'batch_size': 32, 'k': 3}
Trial 166 finished with value 0.092830933 | dataset=Solar | model=ufgtime_plus | val_MSE=0.014323652 | test_MSE=0.019597433 | MAE=0.092830933 | RMSE=0.139990833 | MAPE=347.510072382% | params={'learning_rate': 0.0052350681378239014, 'decay_rate': 0.0015095422492740435, 'hidden_size': 32, 'signal_len': 16, 'cheb_order': 2, 's': 2.608344204169682, 'batch_size': 32, 'k': 3}
Trial 167 finished with value 0.087682438 | dataset=Solar | model=ufgtime_plus | val_MSE=0.014172280 | test_MSE=0.017505902 | MAE=0.087682438 | RMSE=0.132309870 | MAPE=345.480917361% | params={'learning_rate': 0.0037500236833494555, 'decay_rate': 0.0008132742629393391, 'hidden_size': 32, 'signal_len': 16, 'cheb_order': 2, 's': 3.7673702260565225, 'batch_size': 32, 'k': 2}
Trial 168 finished with value 0.079469675 | dataset=Solar | model=ufgtime_plus | val_MSE=0.012419513 | test_MSE=0.016164736 | MAE=0.079469675 | RMSE=0.127140617 | MAPE=344.311530639% | params={'learning_rate': 0.005991120924653664, 'decay_rate': 4.236901105927743e-05, 'hidden_size': 32, 'signal_len': 16, 'cheb_order': 2, 's': 3.2433039329205227, 'batch_size': 32, 'k': 2}
Trial 169 finished with value 0.094800614 | dataset=Solar | model=ufgtime_plus | val_MSE=0.015397254 | test_MSE=0.019862669 | MAE=0.094800614 | RMSE=0.140934981 | MAPE=347.037619788% | params={'learning_rate': 0.007594165714887956, 'decay_rate': 0.0023311662208349757, 'hidden_size': 32, 'signal_len': 16, 'cheb_order': 2, 's': 4.16637191802438, 'batch_size': 32, 'k': 2}
Trial 170 finished with value 0.080152068 | dataset=Solar | model=ufgtime_plus | val_MSE=0.012476025 | test_MSE=0.016244892 | MAE=0.080152068 | RMSE=0.127455451 | MAPE=344.276335094% | params={'learning_rate': 0.008762400555563585, 'decay_rate': 2.2410635995402112e-05, 'hidden_size': 32, 'signal_len': 16, 'cheb_order': 2, 's': 3.2861480514468644, 'batch_size': 32, 'k': 2}
Trial 171 finished with value 0.092290983 | dataset=Solar | model=ufgtime_plus | val_MSE=0.014414262 | test_MSE=0.019310150 | MAE=0.092290983 | RMSE=0.138960965 | MAPE=346.978824850% | params={'learning_rate': 0.006201411724812545, 'decay_rate': 0.0011611974665630077, 'hidden_size': 32, 'signal_len': 16, 'cheb_order': 2, 's': 3.2402706619906976, 'batch_size': 32, 'k': 2}
Trial 172 finished with value 0.079504759 | dataset=Solar | model=ufgtime_plus | val_MSE=0.012273115 | test_MSE=0.016310546 | MAE=0.079504759 | RMSE=0.127712749 | MAPE=344.813300536% | params={'learning_rate': 0.0043296781718374, 'decay_rate': 2.101651208044279e-05, 'hidden_size': 32, 'signal_len': 16, 'cheb_order': 2, 's': 3.3479941316475488, 'batch_size': 32, 'k': 3}
Trial 173 finished with value 0.090291032 | dataset=Solar | model=ufgtime_plus | val_MSE=0.014188630 | test_MSE=0.018836610 | MAE=0.090291032 | RMSE=0.137246531 | MAPE=347.013868360% | params={'learning_rate': 0.0041286328722629165, 'decay_rate': 0.0017974265920191854, 'hidden_size': 32, 'signal_len': 16, 'cheb_order': 2, 's': 3.3689976624730114, 'batch_size': 32, 'k': 3}
Trial 174 finished with value 0.093502178 | dataset=Solar | model=ufgtime_plus | val_MSE=0.014560518 | test_MSE=0.020113583 | MAE=0.093502178 | RMSE=0.141822364 | MAPE=347.879217388% | params={'learning_rate': 0.003277148211476544, 'decay_rate': 0.002829807810565162, 'hidden_size': 32, 'signal_len': 16, 'cheb_order': 2, 's': 3.741227213618867, 'batch_size': 32, 'k': 3}
Trial 175 finished with value 0.090089473 | dataset=Solar | model=ufgtime_plus | val_MSE=0.014476008 | test_MSE=0.017743536 | MAE=0.090089473 | RMSE=0.133204864 | MAPE=345.731842935% | params={'learning_rate': 0.008991840276389412, 'decay_rate': 0.0010969559879014522, 'hidden_size': 32, 'signal_len': 16, 'cheb_order': 2, 's': 4.11433176911218, 'batch_size': 32, 'k': 3}
