Trial 350 finished with value 0.095316233 | dataset=Solar | model=ufgtime_plus | val_MSE=0.014709129 | test_MSE=0.021241207 | MAE=0.095316233 | RMSE=0.145743636 | MAPE=348.687983934% | params={'learning_rate': 0.0038943529013138636, 'decay_rate': 0.0017662560024609268, 'hidden_size': 32, 'signal_len': 16, 'cheb_order': 2, 's': 1.5692823281590547, 'batch_size': 32, 'k': 2}
Trial 351 finished with value 0.094335898 | dataset=Solar | model=ufgtime_plus | val_MSE=0.014115630 | test_MSE=0.019965322 | MAE=0.094335898 | RMSE=0.141298699 | MAPE=348.067139579% | params={'learning_rate': 0.0023374491928302267, 'decay_rate': 0.0009049643227600308, 'hidden_size': 32, 'signal_len': 16, 'cheb_order': 2, 's': 5.338760301112575, 'batch_size': 32, 'k': 2}
Trial 352 finished with value 0.079208244 | dataset=Solar | model=ufgtime_plus | val_MSE=0.012194265 | test_MSE=0.015424711 | MAE=0.079208244 | RMSE=0.124196258 | MAPE=343.795131742% | params={'learning_rate': 0.001006552013629413, 'decay_rate': 5.3160781914164444e-05, 'hidden_size': 32, 'signal_len': 16, 'cheb_order': 2, 's': 1.77861441926056, 'batch_size': 32, 'k': 2}
Trial 353 finished with value 0.097544298 | dataset=Solar | model=ufgtime_plus | val_MSE=0.015223265 | test_MSE=0.021027140 | MAE=0.097544298 | RMSE=0.145007380 | MAPE=348.119608489% | params={'learning_rate': 0.006242134962619411, 'decay_rate': 0.0029355260253201582, 'hidden_size': 32, 'signal_len': 16, 'cheb_order': 3, 's': 4.851717834184046, 'batch_size': 32, 'k': 2}
Trial 354 finished with value 0.089011401 | dataset=Solar | model=ufgtime_plus | val_MSE=0.014511921 | test_MSE=0.016960023 | MAE=0.089011401 | RMSE=0.130230651 | MAPE=344.635297463% | params={'learning_rate': 0.042051888641193566, 'decay_rate': 1.4721219851705058e-05, 'hidden_size': 32, 'signal_len': 16, 'cheb_order': 2, 's': 1.1150553664592264, 'batch_size': 32, 'k': 2}
Trial 355 finished with value 0.094508012 | dataset=Solar | model=ufgtime_plus | val_MSE=0.014736883 | test_MSE=0.020132171 | MAE=0.094508012 | RMSE=0.141887883 | MAPE=347.681302833% | params={'learning_rate': 0.004460938540544925, 'decay_rate': 0.001633139987334515, 'hidden_size': 32, 'signal_len': 16, 'cheb_order': 2, 's': 1.5265717755409125, 'batch_size': 32, 'k': 2}
Trial 356 finished with value 0.100131301 | dataset=Solar | model=ufgtime_plus | val_MSE=0.015100329 | test_MSE=0.022818866 | MAE=0.100131301 | RMSE=0.151059147 | MAPE=349.555155822% | params={'learning_rate': 0.002930369070726248, 'decay_rate': 0.004629006740015403, 'hidden_size': 32, 'signal_len': 16, 'cheb_order': 2, 's': 1.6379766319485753, 'batch_size': 32, 'k': 2}
Trial 357 finished with value 0.092578843 | dataset=Solar | model=ufgtime_plus | val_MSE=0.014108250 | test_MSE=0.019461355 | MAE=0.092578843 | RMSE=0.139503962 | MAPE=347.187777047% | params={'learning_rate': 0.002064993848922976, 'decay_rate': 0.001119800664196103, 'hidden_size': 32, 'signal_len': 16, 'cheb_order': 2, 's': 1.838481757886048, 'batch_size': 32, 'k': 2}
Trial 358 finished with value 0.079352424 | dataset=Solar | model=ufgtime_plus | val_MSE=0.012344662 | test_MSE=0.015500647 | MAE=0.079352424 | RMSE=0.124501592 | MAPE=343.815904995% | params={'learning_rate': 0.0053181910449050795, 'decay_rate': 1.9384615840920475e-05, 'hidden_size': 32, 'signal_len': 16, 'cheb_order': 2, 's': 1.4265217538166777, 'batch_size': 32, 'k': 2}
Trial 359 finished with value 0.098539024 | dataset=Solar | model=ufgtime_plus | val_MSE=0.014950743 | test_MSE=0.021645684 | MAE=0.098539024 | RMSE=0.147124724 | MAPE=348.964103994% | params={'learning_rate': 0.003982458937447288, 'decay_rate': 0.0032959820597439748, 'hidden_size': 32, 'signal_len': 16, 'cheb_order': 2, 's': 1.3428502985631867, 'batch_size': 32, 'k': 2}
Trial 360 finished with value 0.090374698 | dataset=Solar | model=ufgtime_plus | val_MSE=0.014005118 | test_MSE=0.018283117 | MAE=0.090374698 | RMSE=0.135215078 | MAPE=346.422187951% | params={'learning_rate': 0.0030269588402154625, 'decay_rate': 0.002009298634773141, 'hidden_size': 32, 'signal_len': 16, 'cheb_order': 2, 's': 1.6798660951238782, 'batch_size': 128, 'k': 2}
Trial 361 finished with value 0.083046375 | dataset=Solar | model=ufgtime_plus | val_MSE=0.013821868 | test_MSE=0.016340493 | MAE=0.083046375 | RMSE=0.127829938 | MAPE=344.346874755% | params={'learning_rate': 0.0009833629502837618, 'decay_rate': 0.0011571238909431354, 'hidden_size': 32, 'signal_len': 16, 'cheb_order': 2, 's': 1.287238937990792, 'batch_size': 32, 'k': 2}
Trial 362 finished with value 0.089754741 | dataset=Solar | model=ufgtime_plus | val_MSE=0.014159462 | test_MSE=0.018143743 | MAE=0.089754741 | RMSE=0.134698710 | MAPE=346.193009155% | params={'learning_rate': 0.004492356289361439, 'decay_rate': 0.0009552657379436826, 'hidden_size': 32, 'signal_len': 16, 'cheb_order': 2, 's': 2.79481773802339, 'batch_size': 32, 'k': 2}
Trial 363 finished with value 0.096695768 | dataset=Solar | model=ufgtime_plus | val_MSE=0.014778995 | test_MSE=0.020435872 | MAE=0.096695768 | RMSE=0.142954090 | MAPE=347.810556446% | params={'learning_rate': 0.0033560809306253546, 'decay_rate': 0.0021775629817378933, 'hidden_size': 32, 'signal_len': 16, 'cheb_order': 2, 's': 2.4490860300861907, 'batch_size': 32, 'k': 2}
Trial 364 finished with value 0.093185385 | dataset=Solar | model=ufgtime_plus | val_MSE=0.014291463 | test_MSE=0.019827720 | MAE=0.093185385 | RMSE=0.140810936 | MAPE=347.748462625% | params={'learning_rate': 0.005492991604651503, 'decay_rate': 0.0009091273445776414, 'hidden_size': 32, 'signal_len': 16, 'cheb_order': 2, 's': 1.852965715009741, 'batch_size': 32, 'k': 2}
Trial 365 finished with value 0.087942801 | dataset=Solar | model=ufgtime_plus | val_MSE=0.014610651 | test_MSE=0.017221387 | MAE=0.087942801 | RMSE=0.131230283 | MAPE=344.524156281% | params={'learning_rate': 5.837696294608199e-05, 'decay_rate': 4.343283960897397e-05, 'hidden_size': 32, 'signal_len': 16, 'cheb_order': 2, 's': 5.661471361670886, 'batch_size': 32, 'k': 2}
Trial 366 finished with value 0.076456961 | dataset=Solar | model=ufgtime_plus | val_MSE=0.012070800 | test_MSE=0.014778284 | MAE=0.076456961 | RMSE=0.121565964 | MAPE=343.068238206% | params={'learning_rate': 0.002409282996752652, 'decay_rate': 1.4931183014787613e-05, 'hidden_size': 32, 'signal_len': 16, 'cheb_order': 2, 's': 1.517201315574936, 'batch_size': 32, 'k': 2}
Trial 367 finished with value 0.098240621 | dataset=Solar | model=ufgtime_plus | val_MSE=0.015091823 | test_MSE=0.021892991 | MAE=0.098240621 | RMSE=0.147962801 | MAPE=349.034176433% | params={'learning_rate': 0.007051483410757781, 'decay_rate': 0.0017941554396022994, 'hidden_size': 32, 'signal_len': 16, 'cheb_order': 2, 's': 4.338872687632783, 'batch_size': 32, 'k': 2}
Trial 368 finished with value 0.096064404 | dataset=Solar | model=ufgtime_plus | val_MSE=0.014810130 | test_MSE=0.020680446 | MAE=0.096064404 | RMSE=0.143806974 | MAPE=348.313259502% | params={'learning_rate': 0.0042075195229293256, 'decay_rate': 0.00359612071114177, 'hidden_size': 16, 'signal_len': 16, 'cheb_order': 2, 's': 1.6602079840556518, 'batch_size': 32, 'k': 2}
Trial 369 finished with value 0.088221252 | dataset=Solar | model=ufgtime_plus | val_MSE=0.013900352 | test_MSE=0.018024920 | MAE=0.088221252 | RMSE=0.134256919 | MAPE=346.360193200% | params={'learning_rate': 0.002688744802693805, 'decay_rate': 0.0008778711334832747, 'hidden_size': 32, 'signal_len': 16, 'cheb_order': 2, 's': 2.059686359854716, 'batch_size': 32, 'k': 2}
Trial 370 finished with value 0.094605584 | dataset=Solar | model=ufgtime_plus | val_MSE=0.014715038 | test_MSE=0.020686947 | MAE=0.094605584 | RMSE=0.143829576 | MAPE=348.181739964% | params={'learning_rate': 0.005131910822200471, 'decay_rate': 0.002342658642734139, 'hidden_size': 32, 'signal_len': 16, 'cheb_order': 2, 's': 1.4610056630228925, 'batch_size': 32, 'k': 2}
Trial 371 finished with value 0.090744234 | dataset=Solar | model=ufgtime_plus | val_MSE=0.014028959 | test_MSE=0.019133314 | MAE=0.090744234 | RMSE=0.138323221 | MAPE=347.128678777% | params={'learning_rate': 0.003504934559261853, 'decay_rate': 0.0010629192524875604, 'hidden_size': 32, 'signal_len': 16, 'cheb_order': 2, 's': 1.2496153369548102, 'batch_size': 32, 'k': 2}
Trial 372 finished with value 0.092046508 | dataset=Solar | model=ufgtime_plus | val_MSE=0.014306671 | test_MSE=0.019431362 | MAE=0.092046508 | RMSE=0.139396421 | MAPE=347.553435020% | params={'learning_rate': 0.0017752952690873844, 'decay_rate': 0.0017299839316073553, 'hidden_size': 32, 'signal_len': 16, 'cheb_order': 2, 's': 1.7927788615337092, 'batch_size': 32, 'k': 2}
Trial 373 finished with value 0.081166118 | dataset=Solar | model=ufgtime_plus | val_MSE=0.012406259 | test_MSE=0.016849148 | MAE=0.081166118 | RMSE=0.129804267 | MAPE=345.109593848% | params={'learning_rate': 0.006059291277183538, 'decay_rate': 5.813466878493264e-05, 'hidden_size': 32, 'signal_len': 16, 'cheb_order': 2, 's': 3.041849243994718, 'batch_size': 32, 'k': 2}
Trial 374 finished with value 0.088065001 | dataset=Solar | model=ufgtime_plus | val_MSE=0.013950812 | test_MSE=0.017578656 | MAE=0.088065001 | RMSE=0.132584524 | MAPE=345.987296587% | params={'learning_rate': 0.004258072338280479, 'decay_rate': 0.0009039466115090549, 'hidden_size': 32, 'signal_len': 16, 'cheb_order': 2, 's': 1.5732651910364055, 'batch_size': 32, 'k': 2}
Trial 375 finished with value 0.141768488 | dataset=Solar | model=ufgtime_plus | val_MSE=0.027474927 | test_MSE=0.030822337 | MAE=0.141768488 | RMSE=0.175562914 | MAPE=349.020652554% | params={'learning_rate': 0.00238455878958798, 'decay_rate': 0.03691844604375425, 'hidden_size': 32, 'signal_len': 16, 'cheb_order': 3, 's': 1.9215619355963038, 'batch_size': 32, 'k': 2}
Trial 376 finished with value 0.084105524 | dataset=Solar | model=ufgtime_plus | val_MSE=0.013044475 | test_MSE=0.016743289 | MAE=0.084105524 | RMSE=0.129395862 | MAPE=345.041986350% | params={'learning_rate': 0.03191207784552731, 'decay_rate': 5.182574004879258e-05, 'hidden_size': 32, 'signal_len': 16, 'cheb_order': 2, 's': 1.1156916742982923, 'batch_size': 64, 'k': 2}
Trial 377 finished with value 0.097902442 | dataset=Solar | model=ufgtime_plus | val_MSE=0.014757002 | test_MSE=0.021664484 | MAE=0.097902442 | RMSE=0.147188601 | MAPE=348.944794700% | params={'learning_rate': 0.0033972938693852487, 'decay_rate': 0.0027166211290168096, 'hidden_size': 32, 'signal_len': 16, 'cheb_order': 2, 's': 1.4114122786566003, 'batch_size': 32, 'k': 2}
Trial 378 finished with value 0.087785613 | dataset=Solar | model=ufgtime_plus | val_MSE=0.014027690 | test_MSE=0.017662185 | MAE=0.087785613 | RMSE=0.132899153 | MAPE=345.771929850% | params={'learning_rate': 0.001232043764955333, 'decay_rate': 0.001802552450747931, 'hidden_size': 32, 'signal_len': 16, 'cheb_order': 2, 's': 2.1905806729569863, 'batch_size': 32, 'k': 2}
Trial 379 finished with value 0.080713892 | dataset=Solar | model=ufgtime_plus | val_MSE=0.012499802 | test_MSE=0.016139803 | MAE=0.080713892 | RMSE=0.127042525 | MAPE=344.580290524% | params={'learning_rate': 0.004952894396247173, 'decay_rate': 4.9353130893223343e-05, 'hidden_size': 32, 'signal_len': 16, 'cheb_order': 2, 's': 1.6963932880878336, 'batch_size': 32, 'k': 2}
Trial 380 finished with value 0.144406071 | dataset=Solar | model=ufgtime_plus | val_MSE=0.027112520 | test_MSE=0.031813298 | MAE=0.144406071 | RMSE=0.178362828 | MAPE=349.886314569% | params={'learning_rate': 0.006529281394668532, 'decay_rate': 0.027527030341849956, 'hidden_size': 32, 'signal_len': 16, 'cheb_order': 2, 's': 1.5291920321722579, 'batch_size': 128, 'k': 2}
Trial 381 finished with value 0.091233442 | dataset=Solar | model=ufgtime_plus | val_MSE=0.014050660 | test_MSE=0.019272149 | MAE=0.091233442 | RMSE=0.138824167 | MAPE=347.537819262% | params={'learning_rate': 0.0033130618178914256, 'decay_rate': 0.000975771874780919, 'hidden_size': 32, 'signal_len': 16, 'cheb_order': 2, 's': 1.9242617622704838, 'batch_size': 32, 'k': 7}
Trial 382 finished with value 0.096966940 | dataset=Solar | model=ufgtime_plus | val_MSE=0.014628876 | test_MSE=0.021155132 | MAE=0.096966940 | RMSE=0.145448039 | MAPE=348.756936973% | params={'learning_rate': 0.0043559796799200615, 'decay_rate': 0.001713042363450957, 'hidden_size': 32, 'signal_len': 16, 'cheb_order': 2, 's': 1.2806112845307958, 'batch_size': 32, 'k': 2}
Trial 383 finished with value 0.077837610 | dataset=Solar | model=ufgtime_plus | val_MSE=0.012123725 | test_MSE=0.015098766 | MAE=0.077837610 | RMSE=0.122877035 | MAPE=343.402667446% | params={'learning_rate': 0.0022605677283954483, 'decay_rate': 1.9421052108787225e-05, 'hidden_size': 32, 'signal_len': 16, 'cheb_order': 2, 's': 1.1140569509972085, 'batch_size': 64, 'k': 2}
Trial 384 finished with value 0.087297721 | dataset=Solar | model=ufgtime_plus | val_MSE=0.013680945 | test_MSE=0.017292452 | MAE=0.087297721 | RMSE=0.131500766 | MAPE=345.809113560% | params={'learning_rate': 0.0017278251171510602, 'decay_rate': 0.0010378415642415331, 'hidden_size': 32, 'signal_len': 16, 'cheb_order': 2, 's': 1.2544595069431788, 'batch_size': 64, 'k': 2}
Trial 385 finished with value 0.091795211 | dataset=Solar | model=ufgtime_plus | val_MSE=0.014288296 | test_MSE=0.018925360 | MAE=0.091795211 | RMSE=0.137569475 | MAPE=346.822257073% | params={'learning_rate': 0.0024068894298201154, 'decay_rate': 0.002786739141859311, 'hidden_size': 32, 'signal_len': 16, 'cheb_order': 2, 's': 1.1171570859484745, 'batch_size': 64, 'k': 2}
Trial 386 finished with value 0.082032053 | dataset=Solar | model=ufgtime_plus | val_MSE=0.012554848 | test_MSE=0.015877311 | MAE=0.082032053 | RMSE=0.126005204 | MAPE=343.742420216% | params={'learning_rate': 0.0007989497276149988, 'decay_rate': 2.1617599212990363e-05, 'hidden_size': 32, 'signal_len': 16, 'cheb_order': 2, 's': 1.3591588771300553, 'batch_size': 64, 'k': 2}
Trial 387 finished with value 0.086838694 | dataset=Solar | model=ufgtime_plus | val_MSE=0.013903122 | test_MSE=0.017021434 | MAE=0.086838694 | RMSE=0.130466218 | MAPE=345.073148451% | params={'learning_rate': 0.0026191327389036125, 'decay_rate': 0.001231003433441808, 'hidden_size': 32, 'signal_len': 16, 'cheb_order': 2, 's': 1.135260121112244, 'batch_size': 64, 'k': 2}
Trial 388 finished with value 0.085840322 | dataset=Solar | model=ufgtime_plus | val_MSE=0.013953191 | test_MSE=0.017091185 | MAE=0.085840322 | RMSE=0.130733257 | MAPE=345.114076070% | params={'learning_rate': 0.0014243025777882783, 'decay_rate': 0.0023422898292080126, 'hidden_size': 32, 'signal_len': 16, 'cheb_order': 2, 's': 1.53753223418109, 'batch_size': 64, 'k': 2}
Trial 389 finished with value 0.171809302 | dataset=Solar | model=ufgtime_plus | val_MSE=0.052644917 | test_MSE=0.043946249 | MAE=0.171809302 | RMSE=0.209633607 | MAPE=343.766070845% | params={'learning_rate': 0.046043217037294755, 'decay_rate': 0.003609563167119653, 'hidden_size': 32, 'signal_len': 16, 'cheb_order': 2, 's': 1.3913993924927728, 'batch_size': 64, 'k': 2}
Trial 390 finished with value 0.084396299 | dataset=Solar | model=ufgtime_plus | val_MSE=0.013759120 | test_MSE=0.016477250 | MAE=0.084396299 | RMSE=0.128363742 | MAPE=344.739505814% | params={'learning_rate': 0.0033819740469951827, 'decay_rate': 0.0009587538121661086, 'hidden_size': 32, 'signal_len': 16, 'cheb_order': 2, 's': 4.68792866424755, 'batch_size': 64, 'k': 2}
Trial 391 finished with value 0.080319772 | dataset=Solar | model=ufgtime_plus | val_MSE=0.012422266 | test_MSE=0.015756053 | MAE=0.080319772 | RMSE=0.125523118 | MAPE=344.029490200% | params={'learning_rate': 0.0026121946713522116, 'decay_rate': 3.2990551135132114e-05, 'hidden_size': 16, 'signal_len': 16, 'cheb_order': 2, 's': 2.6642482015632503, 'batch_size': 64, 'k': 2}
Trial 392 finished with value 0.087376332 | dataset=Solar | model=ufgtime_plus | val_MSE=0.014190817 | test_MSE=0.017410599 | MAE=0.087376332 | RMSE=0.131949229 | MAPE=345.758157565% | params={'learning_rate': 0.004135979741449336, 'decay_rate': 0.0016401250557357642, 'hidden_size': 32, 'signal_len': 16, 'cheb_order': 3, 's': 1.3150244534401139, 'batch_size': 64, 'k': 2}
Trial 393 finished with value 0.086858788 | dataset=Solar | model=ufgtime_plus | val_MSE=0.013833690 | test_MSE=0.017284078 | MAE=0.086858788 | RMSE=0.131468926 | MAPE=345.523449867% | params={'learning_rate': 0.0020136383521913255, 'decay_rate': 0.0009395835212306654, 'hidden_size': 32, 'signal_len': 16, 'cheb_order': 2, 's': 1.606600309109049, 'batch_size': 32, 'k': 2}
Trial 394 finished with value 0.087600726 | dataset=Solar | model=ufgtime_plus | val_MSE=0.014648269 | test_MSE=0.017013953 | MAE=0.087600726 | RMSE=0.130437546 | MAPE=344.328501191% | params={'learning_rate': 5.430543315688551e-05, 'decay_rate': 3.94397787186553e-05, 'hidden_size': 32, 'signal_len': 16, 'cheb_order': 2, 's': 5.056856904320735, 'batch_size': 32, 'k': 2}
Trial 395 finished with value 0.090172946 | dataset=Solar | model=ufgtime_plus | val_MSE=0.014664391 | test_MSE=0.018666299 | MAE=0.090172946 | RMSE=0.136624664 | MAPE=346.370495117% | params={'learning_rate': 0.0034876482963314423, 'decay_rate': 0.002329030425843114, 'hidden_size': 32, 'signal_len': 16, 'cheb_order': 2, 's': 1.1200541362702248, 'batch_size': 32, 'k': 2}
Trial 396 finished with value 0.089624728 | dataset=Solar | model=ufgtime_plus | val_MSE=0.014288614 | test_MSE=0.018399673 | MAE=0.089624728 | RMSE=0.135645396 | MAPE=346.458051170% | params={'learning_rate': 0.005025231737008915, 'decay_rate': 0.0009736168478963217, 'hidden_size': 32, 'signal_len': 16, 'cheb_order': 2, 's': 1.5007165175954196, 'batch_size': 32, 'k': 2}
Trial 397 finished with value 0.089010135 | dataset=Solar | model=ufgtime_plus | val_MSE=0.013963077 | test_MSE=0.018349233 | MAE=0.089010135 | RMSE=0.135459339 | MAPE=346.585687996% | params={'learning_rate': 0.0016436377792848548, 'decay_rate': 0.0018410404684558342, 'hidden_size': 32, 'signal_len': 16, 'cheb_order': 2, 's': 4.077136552476106, 'batch_size': 32, 'k': 3}
Trial 398 finished with value 0.078269394 | dataset=Solar | model=ufgtime_plus | val_MSE=0.012118923 | test_MSE=0.015579532 | MAE=0.078269394 | RMSE=0.124817994 | MAPE=344.169679792% | params={'learning_rate': 0.0030178324988511676, 'decay_rate': 3.3796711910646305e-05, 'hidden_size': 32, 'signal_len': 16, 'cheb_order': 2, 's': 2.924095172056944, 'batch_size': 32, 'k': 2}
Trial 399 finished with value 0.079370382 | dataset=Solar | model=ufgtime_plus | val_MSE=0.012294619 | test_MSE=0.016283562 | MAE=0.079370382 | RMSE=0.127607059 | MAPE=344.848701685% | params={'learning_rate': 0.0042348468963105445, 'decay_rate': 2.3842231371860432e-05, 'hidden_size': 32, 'signal_len': 16, 'cheb_order': 2, 's': 2.9337756531844774, 'batch_size': 32, 'k': 2}
Trial 400 finished with value 0.101409640 | dataset=Solar | model=ufgtime_plus | val_MSE=0.014951821 | test_MSE=0.023799296 | MAE=0.101409640 | RMSE=0.154270206 | MAPE=350.556537720% | params={'learning_rate': 0.002560649630637634, 'decay_rate': 0.002911105529030811, 'hidden_size': 32, 'signal_len': 16, 'cheb_order': 2, 's': 2.806012780681268, 'batch_size': 32, 'k': 2}
Trial 401 finished with value 0.095420311 | dataset=Solar | model=ufgtime_plus | val_MSE=0.014327790 | test_MSE=0.020869502 | MAE=0.095420311 | RMSE=0.144462804 | MAPE=348.338898710% | params={'learning_rate': 0.0035183599694043697, 'decay_rate': 0.000987846867409376, 'hidden_size': 32, 'signal_len': 16, 'cheb_order': 2, 's': 2.6447340674481805, 'batch_size': 32, 'k': 2}
Trial 402 finished with value 0.084501177 | dataset=Solar | model=ufgtime_plus | val_MSE=0.013777687 | test_MSE=0.016958330 | MAE=0.084501177 | RMSE=0.130224153 | MAPE=345.369062665% | params={'learning_rate': 0.0009183008702567676, 'decay_rate': 0.0015444148520011222, 'hidden_size': 32, 'signal_len': 16, 'cheb_order': 2, 's': 3.1694108904942904, 'batch_size': 32, 'k': 2}
Trial 403 finished with value 0.092261898 | dataset=Solar | model=ufgtime_plus | val_MSE=0.014375628 | test_MSE=0.019623799 | MAE=0.092261898 | RMSE=0.140084971 | MAPE=347.383747377% | params={'learning_rate': 0.004966253778023068, 'decay_rate': 0.0009706371377862797, 'hidden_size': 32, 'signal_len': 16, 'cheb_order': 2, 's': 4.5012105734487795, 'batch_size': 32, 'k': 2}
Trial 404 finished with value 0.094686362 | dataset=Solar | model=ufgtime_plus | val_MSE=0.014430616 | test_MSE=0.020370348 | MAE=0.094686362 | RMSE=0.142724728 | MAPE=348.210141980% | params={'learning_rate': 0.0026679461030627216, 'decay_rate': 0.0020713161539737497, 'hidden_size': 32, 'signal_len': 16, 'cheb_order': 2, 's': 2.430294661367456, 'batch_size': 32, 'k': 2}
Trial 405 finished with value 0.116328351 | dataset=Solar | model=ufgtime_plus | val_MSE=0.018974299 | test_MSE=0.029211672 | MAE=0.116328351 | RMSE=0.170914225 | MAPE=351.906318280% | params={'learning_rate': 0.004000337492165991, 'decay_rate': 0.014447062263545784, 'hidden_size': 32, 'signal_len': 16, 'cheb_order': 2, 's': 2.279186097164224, 'batch_size': 32, 'k': 2}
Trial 406 finished with value 0.094097376 | dataset=Solar | model=ufgtime_plus | val_MSE=0.014919954 | test_MSE=0.019678725 | MAE=0.094097376 | RMSE=0.140280881 | MAPE=347.042119267% | params={'learning_rate': 0.001592561823082455, 'decay_rate': 0.004182225680457208, 'hidden_size': 32, 'signal_len': 16, 'cheb_order': 2, 's': 1.7225020522607994, 'batch_size': 32, 'k': 2}
Trial 407 finished with value 0.094585177 | dataset=Solar | model=ufgtime_plus | val_MSE=0.015978774 | test_MSE=0.019739401 | MAE=0.094585177 | RMSE=0.140496978 | MAPE=346.596402630% | params={'learning_rate': 0.03884599309661273, 'decay_rate': 0.0008946183407646691, 'hidden_size': 32, 'signal_len': 16, 'cheb_order': 2, 's': 2.0572542871714763, 'batch_size': 32, 'k': 2}
