Trial 408 finished with value 0.081488508 | dataset=Solar | model=ufgtime_plus | val_MSE=0.012583310 | test_MSE=0.016538857 | MAE=0.081488508 | RMSE=0.128603487 | MAPE=344.981528968% | params={'learning_rate': 0.0053014196141919784, 'decay_rate': 6.491858829605943e-05, 'hidden_size': 32, 'signal_len': 16, 'cheb_order': 2, 's': 1.308864759998777, 'batch_size': 32, 'k': 2}
Trial 409 finished with value 0.092589498 | dataset=Solar | model=ufgtime_plus | val_MSE=0.013952208 | test_MSE=0.020024006 | MAE=0.092589498 | RMSE=0.141506206 | MAPE=348.182169557% | params={'learning_rate': 0.0033824761488477923, 'decay_rate': 0.003044114451966347, 'hidden_size': 32, 'signal_len': 16, 'cheb_order': 2, 's': 2.9500854172151523, 'batch_size': 128, 'k': 2}
Trial 410 finished with value 0.078962168 | dataset=Solar | model=ufgtime_plus | val_MSE=0.012166514 | test_MSE=0.015273264 | MAE=0.078962168 | RMSE=0.123585047 | MAPE=343.644438231% | params={'learning_rate': 0.0023810569938439545, 'decay_rate': 3.075237727387771e-05, 'hidden_size': 32, 'signal_len': 16, 'cheb_order': 2, 's': 1.4223498901379739, 'batch_size': 32, 'k': 2}
Trial 411 finished with value 0.144529403 | dataset=Solar | model=ufgtime_plus | val_MSE=0.027468290 | test_MSE=0.035016606 | MAE=0.144529403 | RMSE=0.187127244 | MAPE=351.013140466% | params={'learning_rate': 0.004331859197880085, 'decay_rate': 0.023311586561258434, 'hidden_size': 32, 'signal_len': 16, 'cheb_order': 2, 's': 1.6422692004435298, 'batch_size': 32, 'k': 2}
Trial 412 finished with value 0.087150042 | dataset=Solar | model=ufgtime_plus | val_MSE=0.013947833 | test_MSE=0.017668465 | MAE=0.087150042 | RMSE=0.132922780 | MAPE=345.702646898% | params={'learning_rate': 0.0011364202821657612, 'decay_rate': 0.0016623426206988758, 'hidden_size': 32, 'signal_len': 16, 'cheb_order': 3, 's': 1.7971028494553418, 'batch_size': 32, 'k': 2}
Trial 413 finished with value 0.092705132 | dataset=Solar | model=ufgtime_plus | val_MSE=0.014479323 | test_MSE=0.019172897 | MAE=0.092705132 | RMSE=0.138466229 | MAPE=346.931526000% | params={'learning_rate': 0.0031969923661362473, 'decay_rate': 0.0009343634156691112, 'hidden_size': 16, 'signal_len': 16, 'cheb_order': 2, 's': 1.1088886682578007, 'batch_size': 32, 'k': 2}
Trial 414 finished with value 0.153626344 | dataset=Solar | model=ufgtime_plus | val_MSE=0.032488641 | test_MSE=0.037106658 | MAE=0.153626344 | RMSE=0.192630885 | MAPE=347.883225200% | params={'learning_rate': 0.021574388849993752, 'decay_rate': 0.013216021441123594, 'hidden_size': 32, 'signal_len': 16, 'cheb_order': 2, 's': 1.4830613298045499, 'batch_size': 32, 'k': 2}
Trial 415 finished with value 0.093355632 | dataset=Solar | model=ufgtime_plus | val_MSE=0.014776669 | test_MSE=0.019483463 | MAE=0.093355632 | RMSE=0.139583176 | MAPE=347.258001184% | params={'learning_rate': 0.005637702740001225, 'decay_rate': 0.002217368869161338, 'hidden_size': 32, 'signal_len': 16, 'cheb_order': 2, 's': 1.9749146218003693, 'batch_size': 32, 'k': 2}
Trial 416 finished with value 0.089090658 | dataset=Solar | model=ufgtime_plus | val_MSE=0.013820526 | test_MSE=0.018242621 | MAE=0.089090658 | RMSE=0.135065246 | MAPE=346.189005340% | params={'learning_rate': 0.002192290951124773, 'decay_rate': 0.000897001225000389, 'hidden_size': 32, 'signal_len': 16, 'cheb_order': 2, 's': 1.3356991015088762, 'batch_size': 32, 'k': 2}
Trial 417 finished with value 0.100719298 | dataset=Solar | model=ufgtime_plus | val_MSE=0.016083419 | test_MSE=0.022660453 | MAE=0.100719298 | RMSE=0.150533892 | MAPE=348.704520097% | params={'learning_rate': 0.02773512522624687, 'decay_rate': 0.001688953211400528, 'hidden_size': 32, 'signal_len': 16, 'cheb_order': 2, 's': 1.5407910970782444, 'batch_size': 32, 'k': 2}
Trial 418 finished with value 0.079924137 | dataset=Solar | model=ufgtime_plus | val_MSE=0.012403631 | test_MSE=0.015840163 | MAE=0.079924137 | RMSE=0.125857708 | MAPE=344.302722811% | params={'learning_rate': 0.004134220713578487, 'decay_rate': 6.49774767564599e-05, 'hidden_size': 32, 'signal_len': 16, 'cheb_order': 2, 's': 3.0623975691196934, 'batch_size': 32, 'k': 3}
Trial 419 finished with value 0.139152726 | dataset=Solar | model=ufgtime_plus | val_MSE=0.029786777 | test_MSE=0.030276789 | MAE=0.139152726 | RMSE=0.174002268 | MAPE=348.231604878% | params={'learning_rate': 0.0031665197230876276, 'decay_rate': 0.04697948557797129, 'hidden_size': 32, 'signal_len': 16, 'cheb_order': 2, 's': 1.670307757756562, 'batch_size': 32, 'k': 2}
Trial 420 finished with value 0.091276169 | dataset=Solar | model=ufgtime_plus | val_MSE=0.014091242 | test_MSE=0.018776217 | MAE=0.091276169 | RMSE=0.137026337 | MAPE=346.833491521% | params={'learning_rate': 0.00490955707761527, 'decay_rate': 0.0009707797028282384, 'hidden_size': 32, 'signal_len': 16, 'cheb_order': 2, 's': 1.2676445999342334, 'batch_size': 32, 'k': 2}
Trial 421 finished with value 0.088405642 | dataset=Solar | model=ufgtime_plus | val_MSE=0.013981393 | test_MSE=0.018287048 | MAE=0.088405642 | RMSE=0.135229613 | MAPE=346.624943849% | params={'learning_rate': 0.0007569061834863775, 'decay_rate': 0.002667047091463784, 'hidden_size': 32, 'signal_len': 16, 'cheb_order': 2, 's': 1.9057253883847465, 'batch_size': 32, 'k': 2}
Trial 422 finished with value 0.087926758 | dataset=Solar | model=ufgtime_plus | val_MSE=0.013830161 | test_MSE=0.017694781 | MAE=0.087926758 | RMSE=0.133021731 | MAPE=345.464565132% | params={'learning_rate': 0.001987635942911026, 'decay_rate': 0.0008834256243989172, 'hidden_size': 32, 'signal_len': 16, 'cheb_order': 2, 's': 1.4575140648554887, 'batch_size': 32, 'k': 2}
Trial 423 finished with value 0.079167731 | dataset=Solar | model=ufgtime_plus | val_MSE=0.012358165 | test_MSE=0.015236941 | MAE=0.079167731 | RMSE=0.123438003 | MAPE=343.673620534% | params={'learning_rate': 0.003997297341274111, 'decay_rate': 3.116498863031519e-05, 'hidden_size': 32, 'signal_len': 16, 'cheb_order': 2, 's': 1.7341339142407861, 'batch_size': 32, 'k': 2}
Trial 424 finished with value 0.095118254 | dataset=Solar | model=ufgtime_plus | val_MSE=0.014872807 | test_MSE=0.020474652 | MAE=0.095118254 | RMSE=0.143089665 | MAPE=347.513071894% | params={'learning_rate': 0.005731969034136879, 'decay_rate': 0.0017558983682916594, 'hidden_size': 32, 'signal_len': 16, 'cheb_order': 2, 's': 1.2647493090514785, 'batch_size': 32, 'k': 2}
Trial 425 finished with value 0.090098768 | dataset=Solar | model=ufgtime_plus | val_MSE=0.014053659 | test_MSE=0.018487291 | MAE=0.090098768 | RMSE=0.135967979 | MAPE=346.482191599% | params={'learning_rate': 0.0029342507322063544, 'decay_rate': 0.0009344169500277726, 'hidden_size': 32, 'signal_len': 16, 'cheb_order': 2, 's': 2.164114777725307, 'batch_size': 32, 'k': 2}
Trial 426 finished with value 0.100549657 | dataset=Solar | model=ufgtime_plus | val_MSE=0.015411728 | test_MSE=0.022432778 | MAE=0.100549657 | RMSE=0.149775758 | MAPE=348.930628037% | params={'learning_rate': 0.007089165352725161, 'decay_rate': 0.003195835023764466, 'hidden_size': 32, 'signal_len': 16, 'cheb_order': 2, 's': 1.5968247056125673, 'batch_size': 32, 'k': 2}
Trial 427 finished with value 0.173665543 | dataset=Solar | model=ufgtime_plus | val_MSE=0.050611445 | test_MSE=0.046023766 | MAE=0.173665543 | RMSE=0.214531504 | MAPE=344.715261813% | params={'learning_rate': 0.03507245469631232, 'decay_rate': 0.0020160797308974307, 'hidden_size': 32, 'signal_len': 16, 'cheb_order': 2, 's': 5.6713452831773505, 'batch_size': 32, 'k': 2}
Trial 428 finished with value 0.077342461 | dataset=Solar | model=ufgtime_plus | val_MSE=0.012152110 | test_MSE=0.015059157 | MAE=0.077342461 | RMSE=0.122715755 | MAPE=343.662472235% | params={'learning_rate': 0.004482719638127764, 'decay_rate': 1.1192551963827149e-05, 'hidden_size': 32, 'signal_len': 16, 'cheb_order': 2, 's': 1.408530556443989, 'batch_size': 32, 'k': 2}
Trial 429 finished with value 0.090211454 | dataset=Solar | model=ufgtime_plus | val_MSE=0.014198380 | test_MSE=0.018652256 | MAE=0.090211454 | RMSE=0.136573263 | MAPE=346.670067405% | params={'learning_rate': 0.0060688798448356885, 'decay_rate': 0.0009457727917872409, 'hidden_size': 32, 'signal_len': 16, 'cheb_order': 2, 's': 1.2656459741071489, 'batch_size': 32, 'k': 2}
Trial 430 finished with value 0.089319275 | dataset=Solar | model=ufgtime_plus | val_MSE=0.014048230 | test_MSE=0.018354762 | MAE=0.089319275 | RMSE=0.135479749 | MAPE=346.436691680% | params={'learning_rate': 0.004708665803138347, 'decay_rate': 0.0017373610558308115, 'hidden_size': 32, 'signal_len': 16, 'cheb_order': 2, 's': 4.922773931472116, 'batch_size': 128, 'k': 3}
Trial 431 finished with value 0.091483515 | dataset=Solar | model=ufgtime_plus | val_MSE=0.014059619 | test_MSE=0.018987852 | MAE=0.091483515 | RMSE=0.137796416 | MAPE=346.885195572% | params={'learning_rate': 0.005109125162338633, 'decay_rate': 0.0008078189794745546, 'hidden_size': 32, 'signal_len': 16, 'cheb_order': 3, 's': 1.408543950546671, 'batch_size': 32, 'k': 10}
Trial 432 finished with value 0.097133510 | dataset=Solar | model=ufgtime_plus | val_MSE=0.014798283 | test_MSE=0.021017707 | MAE=0.097133510 | RMSE=0.144974851 | MAPE=348.921041356% | params={'learning_rate': 0.003970635179144059, 'decay_rate': 0.00356528073044704, 'hidden_size': 16, 'signal_len': 16, 'cheb_order': 2, 's': 1.1034107677505607, 'batch_size': 32, 'k': 2}
Trial 433 finished with value 0.081030598 | dataset=Solar | model=ufgtime_plus | val_MSE=0.012428864 | test_MSE=0.016423310 | MAE=0.081030598 | RMSE=0.128153461 | MAPE=344.915246042% | params={'learning_rate': 0.012057059450583836, 'decay_rate': 1.437401145706018e-05, 'hidden_size': 32, 'signal_len': 16, 'cheb_order': 2, 's': 1.8430479389449035, 'batch_size': 32, 'k': 2}
Trial 434 finished with value 0.077409999 | dataset=Solar | model=ufgtime_plus | val_MSE=0.012132239 | test_MSE=0.014967042 | MAE=0.077409999 | RMSE=0.122339862 | MAPE=343.458003606% | params={'learning_rate': 0.0036329432128449314, 'decay_rate': 1.4127463153149417e-05, 'hidden_size': 32, 'signal_len': 16, 'cheb_order': 2, 's': 1.1039440908394416, 'batch_size': 32, 'k': 2}
Trial 435 finished with value 0.079965678 | dataset=Solar | model=ufgtime_plus | val_MSE=0.012270357 | test_MSE=0.015873925 | MAE=0.079965678 | RMSE=0.125991764 | MAPE=344.358573493% | params={'learning_rate': 0.0034892116390123832, 'decay_rate': 3.644345624877698e-05, 'hidden_size': 32, 'signal_len': 16, 'cheb_order': 2, 's': 1.1167162024008146, 'batch_size': 32, 'k': 2}
Trial 436 finished with value 0.093888822 | dataset=Solar | model=ufgtime_plus | val_MSE=0.014243074 | test_MSE=0.020243823 | MAE=0.093888822 | RMSE=0.142280788 | MAPE=348.070334924% | params={'learning_rate': 0.0015895798357812927, 'decay_rate': 0.0024728428478405736, 'hidden_size': 32, 'signal_len': 16, 'cheb_order': 2, 's': 1.2827708138830776, 'batch_size': 32, 'k': 2}
Trial 437 finished with value 0.101651408 | dataset=Solar | model=ufgtime_plus | val_MSE=0.015401981 | test_MSE=0.023808922 | MAE=0.101651408 | RMSE=0.154301400 | MAPE=350.211999881% | params={'learning_rate': 0.00467016605867794, 'decay_rate': 0.004702393251241936, 'hidden_size': 32, 'signal_len': 16, 'cheb_order': 2, 's': 1.4093077932942568, 'batch_size': 32, 'k': 2}
Trial 438 finished with value 0.092009390 | dataset=Solar | model=ufgtime_plus | val_MSE=0.014629427 | test_MSE=0.018985088 | MAE=0.092009390 | RMSE=0.137786387 | MAPE=346.377569060% | params={'learning_rate': 0.003124836554517182, 'decay_rate': 0.0016303823741580761, 'hidden_size': 32, 'signal_len': 16, 'cheb_order': 2, 's': 1.2735085689009429, 'batch_size': 32, 'k': 2}
Trial 439 finished with value 0.094224838 | dataset=Solar | model=ufgtime_plus | val_MSE=0.014610065 | test_MSE=0.020365180 | MAE=0.094224838 | RMSE=0.142706622 | MAPE=348.112538386% | params={'learning_rate': 0.00774573587733125, 'decay_rate': 0.0009594157161682916, 'hidden_size': 32, 'signal_len': 16, 'cheb_order': 2, 's': 1.1094811935021838, 'batch_size': 32, 'k': 2}
Trial 440 finished with value 0.140317231 | dataset=Solar | model=ufgtime_plus | val_MSE=0.029195666 | test_MSE=0.030273947 | MAE=0.140317231 | RMSE=0.173994100 | MAPE=347.999874025% | params={'learning_rate': 0.0062352915079952635, 'decay_rate': 0.041037745060397965, 'hidden_size': 32, 'signal_len': 16, 'cheb_order': 2, 's': 1.6280996414590811, 'batch_size': 32, 'k': 2}
Trial 441 finished with value 0.092539141 | dataset=Solar | model=ufgtime_plus | val_MSE=0.014021615 | test_MSE=0.019676408 | MAE=0.092539141 | RMSE=0.140272622 | MAPE=347.412454315% | params={'learning_rate': 0.0025369790890906263, 'decay_rate': 0.000945972711321436, 'hidden_size': 32, 'signal_len': 16, 'cheb_order': 2, 's': 1.3752630540005641, 'batch_size': 32, 'k': 2}
Trial 442 finished with value 0.091509195 | dataset=Solar | model=ufgtime_plus | val_MSE=0.014604276 | test_MSE=0.019255279 | MAE=0.091509195 | RMSE=0.138763393 | MAPE=347.151311614% | params={'learning_rate': 0.003932063980263334, 'decay_rate': 0.002325867020394544, 'hidden_size': 32, 'signal_len': 16, 'cheb_order': 2, 's': 5.2869462065492385, 'batch_size': 32, 'k': 2}
Trial 443 finished with value 0.079229163 | dataset=Solar | model=ufgtime_plus | val_MSE=0.012229400 | test_MSE=0.015825302 | MAE=0.079229163 | RMSE=0.125798656 | MAPE=344.172077228% | params={'learning_rate': 0.0018109156724952673, 'decay_rate': 5.2419332995558666e-05, 'hidden_size': 32, 'signal_len': 16, 'cheb_order': 2, 's': 2.5764786803052138, 'batch_size': 32, 'k': 2}
Trial 444 finished with value 0.093914588 | dataset=Solar | model=ufgtime_plus | val_MSE=0.014422349 | test_MSE=0.020191907 | MAE=0.093914588 | RMSE=0.142098230 | MAPE=348.117720029% | params={'learning_rate': 0.0053536555168239765, 'decay_rate': 0.001531662631955334, 'hidden_size': 32, 'signal_len': 16, 'cheb_order': 2, 's': 2.0747013205462803, 'batch_size': 32, 'k': 2}
Trial 445 finished with value 0.108473236 | dataset=Solar | model=ufgtime_plus | val_MSE=0.016697692 | test_MSE=0.025579955 | MAE=0.108473236 | RMSE=0.159937347 | MAPE=350.604688875% | params={'learning_rate': 0.0038171074639283126, 'decay_rate': 0.009195583349281437, 'hidden_size': 32, 'signal_len': 16, 'cheb_order': 2, 's': 1.7242031647428737, 'batch_size': 32, 'k': 2}
Trial 446 finished with value 0.093693620 | dataset=Solar | model=ufgtime_plus | val_MSE=0.015090844 | test_MSE=0.019056799 | MAE=0.093693620 | RMSE=0.138046367 | MAPE=346.401631254% | params={'learning_rate': 0.013804033523048927, 'decay_rate': 0.0008756704352429751, 'hidden_size': 32, 'signal_len': 16, 'cheb_order': 2, 's': 2.3422127697697617, 'batch_size': 32, 'k': 2}
Trial 447 finished with value 0.121278278 | dataset=Solar | model=ufgtime_plus | val_MSE=0.022211254 | test_MSE=0.026148443 | MAE=0.121278278 | RMSE=0.161704802 | MAPE=349.337163070% | params={'learning_rate': 0.0005031346286650724, 'decay_rate': 0.034404159981148354, 'hidden_size': 32, 'signal_len': 16, 'cheb_order': 2, 's': 1.4386875971817505, 'batch_size': 32, 'k': 2}
Trial 448 finished with value 0.077811262 | dataset=Solar | model=ufgtime_plus | val_MSE=0.012029150 | test_MSE=0.015309251 | MAE=0.077811262 | RMSE=0.123730557 | MAPE=343.882913453% | params={'learning_rate': 0.0027170467226532717, 'decay_rate': 3.5703629907915494e-05, 'hidden_size': 32, 'signal_len': 16, 'cheb_order': 2, 's': 1.1105810392090782, 'batch_size': 32, 'k': 2}
Trial 449 finished with value 0.097218470 | dataset=Solar | model=ufgtime_plus | val_MSE=0.014431632 | test_MSE=0.021233350 | MAE=0.097218470 | RMSE=0.145716676 | MAPE=349.103034432% | params={'learning_rate': 0.004857574558004175, 'decay_rate': 0.002747304452195421, 'hidden_size': 32, 'signal_len': 16, 'cheb_order': 2, 's': 1.2201308826564108, 'batch_size': 32, 'k': 2}
Trial 450 finished with value 0.088549488 | dataset=Solar | model=ufgtime_plus | val_MSE=0.014349468 | test_MSE=0.017559777 | MAE=0.088549488 | RMSE=0.132513308 | MAPE=345.411813279% | params={'learning_rate': 0.003198422178239159, 'decay_rate': 0.0016160810831205256, 'hidden_size': 32, 'signal_len': 16, 'cheb_order': 2, 's': 1.102609495391381, 'batch_size': 32, 'k': 2}
Trial 451 finished with value 0.150863037 | dataset=Solar | model=ufgtime_plus | val_MSE=0.032672130 | test_MSE=0.035952774 | MAE=0.150863037 | RMSE=0.189612166 | MAPE=347.947037483% | params={'learning_rate': 0.0066207359323883375, 'decay_rate': 0.03100261959015973, 'hidden_size': 32, 'signal_len': 16, 'cheb_order': 3, 's': 1.5089613231329055, 'batch_size': 32, 'k': 2}
Trial 452 finished with value 0.078889806 | dataset=Solar | model=ufgtime_plus | val_MSE=0.012342774 | test_MSE=0.015452714 | MAE=0.078889806 | RMSE=0.124308947 | MAPE=343.781301696% | params={'learning_rate': 0.004329477117114709, 'decay_rate': 3.9577716155452477e-05, 'hidden_size': 32, 'signal_len': 16, 'cheb_order': 2, 's': 1.1001851800408444, 'batch_size': 32, 'k': 2}
Trial 453 finished with value 0.076957359 | dataset=Solar | model=ufgtime_plus | val_MSE=0.012341712 | test_MSE=0.014403477 | MAE=0.076957359 | RMSE=0.120014486 | MAPE=342.532016274% | params={'learning_rate': 0.005704143996941037, 'decay_rate': 1.2660457435040492e-05, 'hidden_size': 32, 'signal_len': 16, 'cheb_order': 2, 's': 1.8864598652839233, 'batch_size': 32, 'k': 2}
Trial 454 finished with value 0.088842418 | dataset=Solar | model=ufgtime_plus | val_MSE=0.014062534 | test_MSE=0.018476988 | MAE=0.088842418 | RMSE=0.135930084 | MAPE=346.654035812% | params={'learning_rate': 0.0029561447270453445, 'decay_rate': 0.0015512514740628708, 'hidden_size': 32, 'signal_len': 16, 'cheb_order': 2, 's': 1.8684452231909239, 'batch_size': 32, 'k': 2}
Trial 455 finished with value 0.085841894 | dataset=Solar | model=ufgtime_plus | val_MSE=0.014449890 | test_MSE=0.016589801 | MAE=0.085841894 | RMSE=0.128801400 | MAPE=344.625480431% | params={'learning_rate': 0.005603121100311305, 'decay_rate': 0.0010656861560568746, 'hidden_size': 16, 'signal_len': 16, 'cheb_order': 2, 's': 2.0247523968561003, 'batch_size': 32, 'k': 8}
Trial 456 finished with value 0.078992306 | dataset=Solar | model=ufgtime_plus | val_MSE=0.012174663 | test_MSE=0.015549689 | MAE=0.078992306 | RMSE=0.124698390 | MAPE=343.708908858% | params={'learning_rate': 0.0015630660675649893, 'decay_rate': 3.732329358685464e-05, 'hidden_size': 32, 'signal_len': 16, 'cheb_order': 2, 's': 6.896771889007278, 'batch_size': 32, 'k': 2}
Trial 457 finished with value 0.103349240 | dataset=Solar | model=ufgtime_plus | val_MSE=0.015537284 | test_MSE=0.023943060 | MAE=0.103349240 | RMSE=0.154735453 | MAPE=350.276490693% | params={'learning_rate': 0.0036903550840524926, 'decay_rate': 0.00773417644663652, 'hidden_size': 32, 'signal_len': 16, 'cheb_order': 2, 's': 1.9158262579324072, 'batch_size': 128, 'k': 2}
Trial 458 finished with value 0.095756668 | dataset=Solar | model=ufgtime_plus | val_MSE=0.014414934 | test_MSE=0.021523386 | MAE=0.095756668 | RMSE=0.146708508 | MAPE=349.072572259% | params={'learning_rate': 0.0024131851406344372, 'decay_rate': 0.0025061307245057146, 'hidden_size': 32, 'signal_len': 16, 'cheb_order': 2, 's': 2.1732752084165545, 'batch_size': 32, 'k': 2}
Trial 459 finished with value 0.092513740 | dataset=Solar | model=ufgtime_plus | val_MSE=0.014212668 | test_MSE=0.019293622 | MAE=0.092513740 | RMSE=0.138901485 | MAPE=347.020220586% | params={'learning_rate': 0.004590964475376175, 'decay_rate': 0.0010157333851843371, 'hidden_size': 32, 'signal_len': 16, 'cheb_order': 2, 's': 1.6807336673455484, 'batch_size': 32, 'k': 2}
Trial 460 finished with value 0.077650432 | dataset=Solar | model=ufgtime_plus | val_MSE=0.012162352 | test_MSE=0.015099298 | MAE=0.077650432 | RMSE=0.122879199 | MAPE=343.629426880% | params={'learning_rate': 0.0035316613210172607, 'decay_rate': 1.8831834072871794e-05, 'hidden_size': 32, 'signal_len': 16, 'cheb_order': 2, 's': 1.5833831410238457, 'batch_size': 32, 'k': 2}
Trial 461 finished with value 0.100929943 | dataset=Solar | model=ufgtime_plus | val_MSE=0.015248289 | test_MSE=0.022496858 | MAE=0.100929943 | RMSE=0.149989525 | MAPE=349.251160000% | params={'learning_rate': 0.005780704496963513, 'decay_rate': 0.003323818885390638, 'hidden_size': 32, 'signal_len': 16, 'cheb_order': 2, 's': 1.5683435377587354, 'batch_size': 32, 'k': 2}
Trial 462 finished with value 0.091560706 | dataset=Solar | model=ufgtime_plus | val_MSE=0.014297387 | test_MSE=0.018914718 | MAE=0.091560706 | RMSE=0.137530788 | MAPE=346.772387172% | params={'learning_rate': 0.004140504511592988, 'decay_rate': 0.0018247910997153227, 'hidden_size': 32, 'signal_len': 16, 'cheb_order': 2, 's': 1.2896186982420013, 'batch_size': 32, 'k': 2}
Trial 463 finished with value 0.084004760 | dataset=Solar | model=ufgtime_plus | val_MSE=0.013320733 | test_MSE=0.016867735 | MAE=0.084004760 | RMSE=0.129875844 | MAPE=345.351117404% | params={'learning_rate': 0.0011204033624849297, 'decay_rate': 0.0008812831665488045, 'hidden_size': 32, 'signal_len': 16, 'cheb_order': 2, 's': 1.4647256866579734, 'batch_size': 32, 'k': 2}
Trial 464 finished with value 0.078968509 | dataset=Solar | model=ufgtime_plus | val_MSE=0.012199726 | test_MSE=0.015123785 | MAE=0.078968509 | RMSE=0.122978798 | MAPE=343.416227481% | params={'learning_rate': 0.006972704598715391, 'decay_rate': 1.635553985072961e-05, 'hidden_size': 32, 'signal_len': 16, 'cheb_order': 2, 's': 1.2858390819587682, 'batch_size': 32, 'k': 2}
Trial 465 finished with value 0.090327699 | dataset=Solar | model=ufgtime_plus | val_MSE=0.014308149 | test_MSE=0.018484147 | MAE=0.090327699 | RMSE=0.135956415 | MAPE=346.491045517% | params={'learning_rate': 0.00244769564347877, 'decay_rate': 0.0018054960527445763, 'hidden_size': 32, 'signal_len': 16, 'cheb_order': 2, 's': 5.861331188110701, 'batch_size': 32, 'k': 2}
