Trial 292 finished with value 0.095665930 | dataset=Solar | model=ufgtime_plus | val_MSE=0.014371773 | test_MSE=0.021073880 | MAE=0.095665930 | RMSE=0.145168456 | MAPE=348.845591230% | params={'learning_rate': 0.002880768078394427, 'decay_rate': 0.001609892653529973, 'hidden_size': 32, 'signal_len': 16, 'cheb_order': 2, 's': 5.166326266683645, 'batch_size': 32, 'k': 2}
Trial 293 finished with value 0.097640149 | dataset=Solar | model=ufgtime_plus | val_MSE=0.014505130 | test_MSE=0.021484880 | MAE=0.097640149 | RMSE=0.146577215 | MAPE=348.917748452% | params={'learning_rate': 0.003692967128076433, 'decay_rate': 0.0029813848535986216, 'hidden_size': 32, 'signal_len': 16, 'cheb_order': 2, 's': 2.2880165169494466, 'batch_size': 32, 'k': 2}
Trial 294 finished with value 0.079699896 | dataset=Solar | model=ufgtime_plus | val_MSE=0.012361763 | test_MSE=0.015557072 | MAE=0.079699896 | RMSE=0.124727990 | MAPE=343.508931942% | params={'learning_rate': 0.0006887861790784988, 'decay_rate': 1.5690714216510397e-05, 'hidden_size': 32, 'signal_len': 16, 'cheb_order': 3, 's': 5.003955315584534, 'batch_size': 32, 'k': 2}
Trial 295 finished with value 0.090706630 | dataset=Solar | model=ufgtime_plus | val_MSE=0.013960112 | test_MSE=0.018867771 | MAE=0.090706630 | RMSE=0.137360007 | MAPE=347.020265939% | params={'learning_rate': 0.0021013472130394823, 'decay_rate': 0.0011587756899033613, 'hidden_size': 32, 'signal_len': 16, 'cheb_order': 2, 's': 4.556273353167128, 'batch_size': 32, 'k': 2}
Trial 296 finished with value 0.094728079 | dataset=Solar | model=ufgtime_plus | val_MSE=0.014553169 | test_MSE=0.020800185 | MAE=0.094728079 | RMSE=0.144222694 | MAPE=348.524461575% | params={'learning_rate': 0.004484420656668624, 'decay_rate': 0.0020812472190621066, 'hidden_size': 32, 'signal_len': 16, 'cheb_order': 2, 's': 4.752896821278601, 'batch_size': 32, 'k': 2}
Trial 297 finished with value 0.136407752 | dataset=Solar | model=ufgtime_plus | val_MSE=0.026693153 | test_MSE=0.032212809 | MAE=0.136407752 | RMSE=0.179479273 | MAPE=349.633632662% | params={'learning_rate': 0.0029120385691523, 'decay_rate': 0.024901482043176867, 'hidden_size': 32, 'signal_len': 16, 'cheb_order': 2, 's': 1.4868671110440297, 'batch_size': 32, 'k': 2}
Trial 298 finished with value 0.124682020 | dataset=Solar | model=ufgtime_plus | val_MSE=0.023672555 | test_MSE=0.027018982 | MAE=0.124682020 | RMSE=0.164374519 | MAPE=348.913321881% | params={'learning_rate': 0.0016825203636333498, 'decay_rate': 0.03179915135524177, 'hidden_size': 32, 'signal_len': 16, 'cheb_order': 2, 's': 1.8483196331596172, 'batch_size': 32, 'k': 8}
Trial 299 finished with value 0.087759444 | dataset=Solar | model=ufgtime_plus | val_MSE=0.014141668 | test_MSE=0.017530553 | MAE=0.087759444 | RMSE=0.132402996 | MAPE=345.143090223% | params={'learning_rate': 0.003997691567242427, 'decay_rate': 0.0008648592121900131, 'hidden_size': 32, 'signal_len': 16, 'cheb_order': 2, 's': 5.216283931195776, 'batch_size': 32, 'k': 2}
Trial 300 finished with value 0.089108260 | dataset=Solar | model=ufgtime_plus | val_MSE=0.014061421 | test_MSE=0.018037133 | MAE=0.089108260 | RMSE=0.134302395 | MAPE=346.303770257% | params={'learning_rate': 0.004823923721822555, 'decay_rate': 0.0008681133662873053, 'hidden_size': 32, 'signal_len': 16, 'cheb_order': 2, 's': 1.685335814490681, 'batch_size': 32, 'k': 2}
Trial 301 finished with value 0.080750992 | dataset=Solar | model=ufgtime_plus | val_MSE=0.012324393 | test_MSE=0.016873507 | MAE=0.080750992 | RMSE=0.129898065 | MAPE=345.339797067% | params={'learning_rate': 0.003111385127940963, 'decay_rate': 6.3435084223613e-05, 'hidden_size': 32, 'signal_len': 16, 'cheb_order': 2, 's': 4.806420010268852, 'batch_size': 32, 'k': 2}
Trial 302 finished with value 0.090418039 | dataset=Solar | model=ufgtime_plus | val_MSE=0.014427090 | test_MSE=0.018602371 | MAE=0.090418039 | RMSE=0.136390508 | MAPE=346.601903706% | params={'learning_rate': 0.002243300068934936, 'decay_rate': 0.0025429821075789428, 'hidden_size': 32, 'signal_len': 16, 'cheb_order': 2, 's': 1.509923621490557, 'batch_size': 32, 'k': 2}
Trial 303 finished with value 0.087785094 | dataset=Solar | model=ufgtime_plus | val_MSE=0.014376286 | test_MSE=0.017106314 | MAE=0.087785094 | RMSE=0.130791110 | MAPE=344.912553348% | params={'learning_rate': 0.00395692659971622, 'decay_rate': 0.0015808953833175454, 'hidden_size': 32, 'signal_len': 16, 'cheb_order': 2, 's': 1.996292704737961, 'batch_size': 32, 'k': 2}
Trial 304 finished with value 0.079979983 | dataset=Solar | model=ufgtime_plus | val_MSE=0.012136289 | test_MSE=0.015354671 | MAE=0.079979983 | RMSE=0.123913964 | MAPE=343.748335447% | params={'learning_rate': 0.0008187560317995906, 'decay_rate': 6.0995971738855765e-05, 'hidden_size': 32, 'signal_len': 16, 'cheb_order': 2, 's': 1.2965653902688548, 'batch_size': 32, 'k': 2}
Trial 305 finished with value 0.094269514 | dataset=Solar | model=ufgtime_plus | val_MSE=0.014745105 | test_MSE=0.019870150 | MAE=0.094269514 | RMSE=0.140961521 | MAPE=347.482294629% | params={'learning_rate': 0.005018081731337611, 'decay_rate': 0.0016535825637139874, 'hidden_size': 16, 'signal_len': 16, 'cheb_order': 2, 's': 1.6917381408896823, 'batch_size': 32, 'k': 2}
Trial 306 finished with value 0.090343783 | dataset=Solar | model=ufgtime_plus | val_MSE=0.013931272 | test_MSE=0.018836503 | MAE=0.090343783 | RMSE=0.137246141 | MAPE=346.923888272% | params={'learning_rate': 0.0035048580047928072, 'decay_rate': 0.0010118035185675588, 'hidden_size': 32, 'signal_len': 16, 'cheb_order': 2, 's': 2.664265225639369, 'batch_size': 32, 'k': 2}
Trial 307 finished with value 0.090919537 | dataset=Solar | model=ufgtime_plus | val_MSE=0.014487592 | test_MSE=0.018830374 | MAE=0.090919537 | RMSE=0.137223811 | MAPE=346.877925982% | params={'learning_rate': 0.0017801298572415786, 'decay_rate': 0.0032337981987569436, 'hidden_size': 32, 'signal_len': 16, 'cheb_order': 2, 's': 1.1207252622465573, 'batch_size': 32, 'k': 2}
Trial 308 finished with value 0.090051420 | dataset=Solar | model=ufgtime_plus | val_MSE=0.015039100 | test_MSE=0.017138485 | MAE=0.090051420 | RMSE=0.130914037 | MAPE=344.504516268% | params={'learning_rate': 0.04804030997984422, 'decay_rate': 2.043231665569201e-05, 'hidden_size': 32, 'signal_len': 16, 'cheb_order': 2, 's': 1.9064123388586856, 'batch_size': 32, 'k': 2}
Trial 309 finished with value 0.092396135 | dataset=Solar | model=ufgtime_plus | val_MSE=0.015137153 | test_MSE=0.019287028 | MAE=0.092396135 | RMSE=0.138877743 | MAPE=346.824279942% | params={'learning_rate': 3.535313332612934e-05, 'decay_rate': 0.011984739247777059, 'hidden_size': 32, 'signal_len': 16, 'cheb_order': 2, 's': 6.4253346198201475, 'batch_size': 32, 'k': 2}
Trial 310 finished with value 0.089610950 | dataset=Solar | model=ufgtime_plus | val_MSE=0.014384450 | test_MSE=0.017879827 | MAE=0.089610950 | RMSE=0.133715468 | MAPE=345.789639582% | params={'learning_rate': 0.0027328887516387054, 'decay_rate': 0.002163257177039045, 'hidden_size': 32, 'signal_len': 16, 'cheb_order': 2, 's': 2.154577275609131, 'batch_size': 32, 'k': 2}
Trial 311 finished with value 0.088568961 | dataset=Solar | model=ufgtime_plus | val_MSE=0.014232055 | test_MSE=0.017984894 | MAE=0.088568961 | RMSE=0.134107771 | MAPE=346.315044006% | params={'learning_rate': 0.004767543983829508, 'decay_rate': 0.0009552140631244354, 'hidden_size': 32, 'signal_len': 16, 'cheb_order': 2, 's': 1.4245488469467915, 'batch_size': 32, 'k': 10}
Trial 312 finished with value 0.092107951 | dataset=Solar | model=ufgtime_plus | val_MSE=0.014085505 | test_MSE=0.019362310 | MAE=0.092107951 | RMSE=0.139148517 | MAPE=347.456035294% | params={'learning_rate': 0.0037344416103643413, 'decay_rate': 0.000939577695367817, 'hidden_size': 32, 'signal_len': 16, 'cheb_order': 2, 's': 4.4484938595853745, 'batch_size': 32, 'k': 2}
Trial 313 finished with value 0.088536392 | dataset=Solar | model=ufgtime_plus | val_MSE=0.014837422 | test_MSE=0.016644244 | MAE=0.088536392 | RMSE=0.129012572 | MAPE=344.116284666% | params={'learning_rate': 0.049905301417371865, 'decay_rate': 1.62538663424221e-05, 'hidden_size': 32, 'signal_len': 16, 'cheb_order': 3, 's': 1.5794658019319638, 'batch_size': 32, 'k': 2}
Trial 314 finished with value 0.090442262 | dataset=Solar | model=ufgtime_plus | val_MSE=0.014453558 | test_MSE=0.018320169 | MAE=0.090442262 | RMSE=0.135352018 | MAPE=346.181389295% | params={'learning_rate': 0.002532155853056697, 'decay_rate': 0.001876052211920129, 'hidden_size': 32, 'signal_len': 16, 'cheb_order': 2, 's': 1.2607955632292476, 'batch_size': 32, 'k': 2}
Trial 315 finished with value 0.093615900 | dataset=Solar | model=ufgtime_plus | val_MSE=0.014183631 | test_MSE=0.019772047 | MAE=0.093615900 | RMSE=0.140613110 | MAPE=347.746328332% | params={'learning_rate': 0.004293994819525496, 'decay_rate': 0.0008670048804669877, 'hidden_size': 32, 'signal_len': 16, 'cheb_order': 2, 's': 1.7565282520945542, 'batch_size': 32, 'k': 2}
Trial 316 finished with value 0.089564895 | dataset=Solar | model=ufgtime_plus | val_MSE=0.014608419 | test_MSE=0.018361170 | MAE=0.089564895 | RMSE=0.135503395 | MAPE=346.480370560% | params={'learning_rate': 0.0013907749415029858, 'decay_rate': 0.004004271034421589, 'hidden_size': 32, 'signal_len': 16, 'cheb_order': 2, 's': 2.902349302663655, 'batch_size': 32, 'k': 2}
Trial 317 finished with value 0.079236632 | dataset=Solar | model=ufgtime_plus | val_MSE=0.012292852 | test_MSE=0.015737847 | MAE=0.079236632 | RMSE=0.125450575 | MAPE=344.247023062% | params={'learning_rate': 0.005422757568631132, 'decay_rate': 2.212335958028027e-05, 'hidden_size': 32, 'signal_len': 16, 'cheb_order': 2, 's': 2.0120541647168726, 'batch_size': 32, 'k': 2}
Trial 318 finished with value 0.090491786 | dataset=Solar | model=ufgtime_plus | val_MSE=0.014269381 | test_MSE=0.018432009 | MAE=0.090491786 | RMSE=0.135764535 | MAPE=346.270129602% | params={'learning_rate': 0.0035976703976763613, 'decay_rate': 0.0018708392461627564, 'hidden_size': 32, 'signal_len': 16, 'cheb_order': 2, 's': 2.3083681272627055, 'batch_size': 32, 'k': 9}
Trial 319 finished with value 0.094477698 | dataset=Solar | model=ufgtime_plus | val_MSE=0.014633144 | test_MSE=0.020219274 | MAE=0.094477698 | RMSE=0.142194492 | MAPE=347.834178731% | params={'learning_rate': 0.0027515410813118537, 'decay_rate': 0.0028074528610588993, 'hidden_size': 32, 'signal_len': 16, 'cheb_order': 2, 's': 1.467898474537828, 'batch_size': 32, 'k': 2}
Trial 320 finished with value 0.078807114 | dataset=Solar | model=ufgtime_plus | val_MSE=0.012283173 | test_MSE=0.015780958 | MAE=0.078807114 | RMSE=0.125622283 | MAPE=344.112721423% | params={'learning_rate': 0.006248341306875255, 'decay_rate': 1.9952831077196748e-05, 'hidden_size': 32, 'signal_len': 16, 'cheb_order': 2, 's': 1.785258766086209, 'batch_size': 32, 'k': 2}
Trial 321 finished with value 0.094489629 | dataset=Solar | model=ufgtime_plus | val_MSE=0.014637365 | test_MSE=0.020605115 | MAE=0.094489629 | RMSE=0.143544820 | MAPE=348.355232867% | params={'learning_rate': 0.006050971456964027, 'decay_rate': 0.0010400334377957735, 'hidden_size': 32, 'signal_len': 16, 'cheb_order': 2, 's': 1.790813666819, 'batch_size': 32, 'k': 2}
Trial 322 finished with value 0.079012000 | dataset=Solar | model=ufgtime_plus | val_MSE=0.012286783 | test_MSE=0.015444897 | MAE=0.079012000 | RMSE=0.124277502 | MAPE=343.810234681% | params={'learning_rate': 0.004954575433046462, 'decay_rate': 2.439028702540155e-05, 'hidden_size': 32, 'signal_len': 16, 'cheb_order': 2, 's': 1.601743544851831, 'batch_size': 32, 'k': 2}
Trial 323 finished with value 0.091873066 | dataset=Solar | model=ufgtime_plus | val_MSE=0.014306814 | test_MSE=0.019197022 | MAE=0.091873066 | RMSE=0.138553318 | MAPE=347.068799867% | params={'learning_rate': 0.005076466507994051, 'decay_rate': 0.0015962784653661426, 'hidden_size': 32, 'signal_len': 16, 'cheb_order': 2, 's': 1.6860588945079298, 'batch_size': 32, 'k': 7}
Trial 324 finished with value 0.090570235 | dataset=Solar | model=ufgtime_plus | val_MSE=0.014293375 | test_MSE=0.018301669 | MAE=0.090570235 | RMSE=0.135283663 | MAPE=346.674192693% | params={'learning_rate': 0.006106231231619536, 'decay_rate': 0.0009274993692466282, 'hidden_size': 16, 'signal_len': 16, 'cheb_order': 2, 's': 1.8996104060639645, 'batch_size': 32, 'k': 2}
Trial 325 finished with value 0.077940144 | dataset=Solar | model=ufgtime_plus | val_MSE=0.012169492 | test_MSE=0.015258479 | MAE=0.077940144 | RMSE=0.123525214 | MAPE=343.485000703% | params={'learning_rate': 0.004390095279697496, 'decay_rate': 1.546332753060475e-05, 'hidden_size': 32, 'signal_len': 16, 'cheb_order': 2, 's': 1.3257402035686254, 'batch_size': 32, 'k': 2}
Trial 326 finished with value 0.091694602 | dataset=Solar | model=ufgtime_plus | val_MSE=0.014183676 | test_MSE=0.019353977 | MAE=0.091694602 | RMSE=0.139118572 | MAPE=347.418715578% | params={'learning_rate': 0.0016361899421083342, 'decay_rate': 0.0027714379166027783, 'hidden_size': 32, 'signal_len': 16, 'cheb_order': 2, 's': 1.217591234730673, 'batch_size': 32, 'k': 2}
Trial 327 finished with value 0.182147755 | dataset=Solar | model=ufgtime_plus | val_MSE=0.061180367 | test_MSE=0.047432443 | MAE=0.182147755 | RMSE=0.217789905 | MAPE=343.108319480% | params={'learning_rate': 0.026194546493177644, 'decay_rate': 0.01707287601312841, 'hidden_size': 32, 'signal_len': 16, 'cheb_order': 2, 's': 1.1060804013663699, 'batch_size': 32, 'k': 2}
Trial 328 finished with value 0.090283042 | dataset=Solar | model=ufgtime_plus | val_MSE=0.014491409 | test_MSE=0.018293118 | MAE=0.090283042 | RMSE=0.135252055 | MAPE=346.250431546% | params={'learning_rate': 0.004170585359114475, 'decay_rate': 0.0018813996921142196, 'hidden_size': 32, 'signal_len': 16, 'cheb_order': 2, 's': 1.359243360485058, 'batch_size': 32, 'k': 2}
Trial 329 finished with value 0.143566714 | dataset=Solar | model=ufgtime_plus | val_MSE=0.029858802 | test_MSE=0.033050934 | MAE=0.143566714 | RMSE=0.181799158 | MAPE=348.795966135% | params={'learning_rate': 0.003054047263764813, 'decay_rate': 0.04393982306312676, 'hidden_size': 32, 'signal_len': 16, 'cheb_order': 2, 's': 5.887701973858542, 'batch_size': 32, 'k': 2}
Trial 330 finished with value 0.089707722 | dataset=Solar | model=ufgtime_plus | val_MSE=0.013940772 | test_MSE=0.018239084 | MAE=0.089707722 | RMSE=0.135052153 | MAPE=346.284953718% | params={'learning_rate': 0.0022165386869274556, 'decay_rate': 0.0009351343258739501, 'hidden_size': 32, 'signal_len': 16, 'cheb_order': 2, 's': 1.4803809523944178, 'batch_size': 32, 'k': 2}
Trial 331 finished with value 0.088581746 | dataset=Solar | model=ufgtime_plus | val_MSE=0.014045304 | test_MSE=0.017973214 | MAE=0.088581746 | RMSE=0.134064215 | MAPE=346.009395468% | params={'learning_rate': 0.004182613878082497, 'decay_rate': 0.0009642703533979927, 'hidden_size': 32, 'signal_len': 16, 'cheb_order': 2, 's': 2.1471581027044655, 'batch_size': 32, 'k': 2}
Trial 332 finished with value 0.076300019 | dataset=Solar | model=ufgtime_plus | val_MSE=0.012223654 | test_MSE=0.014525572 | MAE=0.076300019 | RMSE=0.120522081 | MAPE=342.766481340% | params={'learning_rate': 0.0032529422227779562, 'decay_rate': 2.3901314779162602e-05, 'hidden_size': 32, 'signal_len': 16, 'cheb_order': 2, 's': 1.3718014732719637, 'batch_size': 32, 'k': 2}
Trial 333 finished with value 0.090428245 | dataset=Solar | model=ufgtime_plus | val_MSE=0.014426081 | test_MSE=0.018616436 | MAE=0.090428245 | RMSE=0.136442059 | MAPE=346.425924148% | params={'learning_rate': 0.0011230338825477873, 'decay_rate': 0.0025169151111095805, 'hidden_size': 32, 'signal_len': 16, 'cheb_order': 3, 's': 1.8325705954070357, 'batch_size': 32, 'k': 2}
Trial 334 finished with value 0.094513148 | dataset=Solar | model=ufgtime_plus | val_MSE=0.014388866 | test_MSE=0.020525273 | MAE=0.094513148 | RMSE=0.143266441 | MAPE=348.180879743% | params={'learning_rate': 0.002860824547640908, 'decay_rate': 0.0016589107214392436, 'hidden_size': 32, 'signal_len': 16, 'cheb_order': 2, 's': 1.5986492562749228, 'batch_size': 32, 'k': 2}
Trial 335 finished with value 0.078424346 | dataset=Solar | model=ufgtime_plus | val_MSE=0.012195635 | test_MSE=0.015576958 | MAE=0.078424346 | RMSE=0.124807683 | MAPE=343.896006814% | params={'learning_rate': 0.0022217973693065387, 'decay_rate': 2.9411874407477777e-05, 'hidden_size': 32, 'signal_len': 16, 'cheb_order': 2, 's': 1.3382415249588404, 'batch_size': 32, 'k': 2}
Trial 336 finished with value 0.088363629 | dataset=Solar | model=ufgtime_plus | val_MSE=0.013742387 | test_MSE=0.017808418 | MAE=0.088363629 | RMSE=0.133448184 | MAPE=346.204525258% | params={'learning_rate': 0.001350128959360432, 'decay_rate': 0.0009776165996070842, 'hidden_size': 32, 'signal_len': 16, 'cheb_order': 2, 's': 1.334451043384249, 'batch_size': 32, 'k': 2}
Trial 337 finished with value 0.077503865 | dataset=Solar | model=ufgtime_plus | val_MSE=0.012117409 | test_MSE=0.015059990 | MAE=0.077503865 | RMSE=0.122719152 | MAPE=343.388314268% | params={'learning_rate': 0.0033400256137618685, 'decay_rate': 1.88683613568568e-05, 'hidden_size': 32, 'signal_len': 16, 'cheb_order': 2, 's': 1.4859546570030695, 'batch_size': 32, 'k': 2}
Trial 338 finished with value 0.104598867 | dataset=Solar | model=ufgtime_plus | val_MSE=0.015610928 | test_MSE=0.023258646 | MAE=0.104598867 | RMSE=0.152507855 | MAPE=349.456573351% | params={'learning_rate': 0.005146692237223979, 'decay_rate': 0.0037009683829181154, 'hidden_size': 32, 'signal_len': 16, 'cheb_order': 2, 's': 1.2789918263828255, 'batch_size': 32, 'k': 2}
Trial 339 finished with value 0.092399427 | dataset=Solar | model=ufgtime_plus | val_MSE=0.014282294 | test_MSE=0.019643364 | MAE=0.092399427 | RMSE=0.140154785 | MAPE=347.596734676% | params={'learning_rate': 0.003572944217291399, 'decay_rate': 0.0017595300515466897, 'hidden_size': 32, 'signal_len': 16, 'cheb_order': 2, 's': 1.437792034385948, 'batch_size': 32, 'k': 2}
Trial 340 finished with value 0.147936453 | dataset=Solar | model=ufgtime_plus | val_MSE=0.027658012 | test_MSE=0.033973303 | MAE=0.147936453 | RMSE=0.184318483 | MAPE=351.441686454% | params={'learning_rate': 0.006266273580894989, 'decay_rate': 0.021490341760921836, 'hidden_size': 32, 'signal_len': 16, 'cheb_order': 2, 's': 1.5463081899687106, 'batch_size': 32, 'k': 2}
Trial 341 finished with value 0.086486773 | dataset=Solar | model=ufgtime_plus | val_MSE=0.014192364 | test_MSE=0.017053039 | MAE=0.086486773 | RMSE=0.130587285 | MAPE=345.135357704% | params={'learning_rate': 0.004646424073300568, 'decay_rate': 0.0009334277041495846, 'hidden_size': 32, 'signal_len': 16, 'cheb_order': 2, 's': 1.2980208903083903, 'batch_size': 32, 'k': 2}
Trial 342 finished with value 0.091254588 | dataset=Solar | model=ufgtime_plus | val_MSE=0.014593743 | test_MSE=0.019000641 | MAE=0.091254588 | RMSE=0.137842813 | MAPE=346.994355535% | params={'learning_rate': 0.0020410432586004594, 'decay_rate': 0.002500941558417264, 'hidden_size': 32, 'signal_len': 16, 'cheb_order': 2, 's': 1.1598679570549844, 'batch_size': 32, 'k': 2}
Trial 343 finished with value 0.090630022 | dataset=Solar | model=ufgtime_plus | val_MSE=0.013979373 | test_MSE=0.018683131 | MAE=0.090630022 | RMSE=0.136686251 | MAPE=346.812751611% | params={'learning_rate': 0.0035123696575986635, 'decay_rate': 0.0009861967995953523, 'hidden_size': 32, 'signal_len': 16, 'cheb_order': 2, 's': 1.6015081186807245, 'batch_size': 32, 'k': 2}
Trial 344 finished with value 0.094589306 | dataset=Solar | model=ufgtime_plus | val_MSE=0.014687783 | test_MSE=0.020146168 | MAE=0.094589306 | RMSE=0.141937198 | MAPE=347.814362948% | params={'learning_rate': 0.005598828854285286, 'decay_rate': 0.0017797116428009696, 'hidden_size': 32, 'signal_len': 16, 'cheb_order': 2, 's': 1.7029070198404217, 'batch_size': 32, 'k': 2}
Trial 345 finished with value 0.084463275 | dataset=Solar | model=ufgtime_plus | val_MSE=0.013435803 | test_MSE=0.016320730 | MAE=0.084463275 | RMSE=0.127752612 | MAPE=344.538911976% | params={'learning_rate': 0.0003683891230603425, 'decay_rate': 0.0007888268166135156, 'hidden_size': 32, 'signal_len': 16, 'cheb_order': 2, 's': 1.4909469307011947, 'batch_size': 32, 'k': 2}
Trial 346 finished with value 0.079302059 | dataset=Solar | model=ufgtime_plus | val_MSE=0.012565208 | test_MSE=0.015428808 | MAE=0.079302059 | RMSE=0.124212752 | MAPE=343.595717272% | params={'learning_rate': 0.00353165063279953, 'decay_rate': 3.082929141339697e-05, 'hidden_size': 16, 'signal_len': 16, 'cheb_order': 2, 's': 1.3835764277796707, 'batch_size': 32, 'k': 2}
Trial 347 finished with value 0.096492148 | dataset=Solar | model=ufgtime_plus | val_MSE=0.014748294 | test_MSE=0.021651573 | MAE=0.096492148 | RMSE=0.147144734 | MAPE=349.044258819% | params={'learning_rate': 0.004752998175163034, 'decay_rate': 0.002505292414191604, 'hidden_size': 32, 'signal_len': 16, 'cheb_order': 2, 's': 1.2172102190341425, 'batch_size': 32, 'k': 2}
Trial 348 finished with value 0.089714672 | dataset=Solar | model=ufgtime_plus | val_MSE=0.013823477 | test_MSE=0.018711879 | MAE=0.089714672 | RMSE=0.136791372 | MAPE=346.843917967% | params={'learning_rate': 0.0017820909394394686, 'decay_rate': 0.0009186331701753265, 'hidden_size': 32, 'signal_len': 16, 'cheb_order': 2, 's': 1.745430930061588, 'batch_size': 32, 'k': 2}
Trial 349 finished with value 0.078521875 | dataset=Solar | model=ufgtime_plus | val_MSE=0.012181473 | test_MSE=0.015399822 | MAE=0.078521875 | RMSE=0.124096019 | MAPE=344.010125781% | params={'learning_rate': 0.002658978651975829, 'decay_rate': 5.944903424758692e-05, 'hidden_size': 32, 'signal_len': 16, 'cheb_order': 2, 's': 1.5327517719820787, 'batch_size': 32, 'k': 2}
