Trial 54 finished with value 0.033037841 | dataset=Traffic | model=ufgtime_plus | val_MSE=0.004049931 | test_MSE=0.003480375 | MAE=0.033037841 | RMSE=0.058994707 | MAPE=48.129188749% | params={'learning_rate': 0.048614216120834566, 'decay_rate': 3.133959499036372e-05, 'hidden_size': 32, 'beta1': 0.9, 'beta2': 0.99, 'signal_len': 16, 'cheb_order': 2, 's': 5.661972004715695, 'batch_size': 128, 'k': 9}
Trial 55 finished with value 0.033603385 | dataset=Traffic | model=ufgtime_plus | val_MSE=0.004248748 | test_MSE=0.003674575 | MAE=0.033603385 | RMSE=0.060618271 | MAPE=49.457223905% | params={'learning_rate': 0.014105275841245794, 'decay_rate': 5.8837379216625284e-05, 'hidden_size': 32, 'beta1': 0.9, 'beta2': 0.999, 'signal_len': 16, 'cheb_order': 2, 's': 8.430535982796197, 'batch_size': 128, 'k': 10}
Trial 56 finished with value 0.034562956 | dataset=Traffic | model=ufgtime_plus | val_MSE=0.004404956 | test_MSE=0.003810039 | MAE=0.034562956 | RMSE=0.061725510 | MAPE=49.830387068% | params={'learning_rate': 0.027574016382739902, 'decay_rate': 2.4662158122478644e-05, 'hidden_size': 32, 'beta1': 0.9, 'beta2': 0.99, 'signal_len': 16, 'cheb_order': 2, 's': 3.673871244238244, 'batch_size': 128, 'k': 9}
Trial 57 finished with value 0.032366412 | dataset=Traffic | model=ufgtime_plus | val_MSE=0.003970755 | test_MSE=0.003447879 | MAE=0.032366412 | RMSE=0.058718646 | MAPE=46.186085802% | params={'learning_rate': 0.0053543686900765835, 'decay_rate': 1.3689224075069025e-05, 'hidden_size': 16, 'beta1': 0.9, 'beta2': 0.95, 'signal_len': 16, 'cheb_order': 2, 's': 7.872749382688833, 'batch_size': 64, 'k': 10}
Trial 58 finished with value 0.034464089 | dataset=Traffic | model=ufgtime_plus | val_MSE=0.004358661 | test_MSE=0.003758721 | MAE=0.034464089 | RMSE=0.061308406 | MAPE=51.503710581% | params={'learning_rate': 0.0012842104443708427, 'decay_rate': 9.612767156357505e-05, 'hidden_size': 16, 'beta1': 0.95, 'beta2': 0.95, 'signal_len': 16, 'cheb_order': 2, 's': 4.707390706238106, 'batch_size': 64, 'k': 10}
Trial 59 finished with value 0.035209652 | dataset=Traffic | model=ufgtime_plus | val_MSE=0.004589508 | test_MSE=0.003972089 | MAE=0.035209652 | RMSE=0.063024512 | MAPE=50.479118952% | params={'learning_rate': 0.0028691445558138053, 'decay_rate': 4.397742285264518e-05, 'hidden_size': 16, 'beta1': 0.9, 'beta2': 0.95, 'signal_len': 8, 'cheb_order': 2, 's': 2.895048598195365, 'batch_size': 64, 'k': 10}
Trial 60 finished with value 0.058572339 | dataset=Traffic | model=ufgtime_plus | val_MSE=0.008867339 | test_MSE=0.008026329 | MAE=0.058572339 | RMSE=0.089589784 | MAPE=100.869722394% | params={'learning_rate': 0.005800179514226249, 'decay_rate': 0.001977404699300781, 'hidden_size': 16, 'beta1': 0.9, 'beta2': 0.95, 'signal_len': 16, 'cheb_order': 3, 's': 9.719949643522941, 'batch_size': 64, 'k': 10}
Trial 61 finished with value 0.032869028 | dataset=Traffic | model=ufgtime_plus | val_MSE=0.004042773 | test_MSE=0.003507079 | MAE=0.032869028 | RMSE=0.059220599 | MAPE=46.425043858% | params={'learning_rate': 0.009553962679878777, 'decay_rate': 1.3110511725575091e-05, 'hidden_size': 16, 'beta1': 0.9, 'beta2': 0.95, 'signal_len': 16, 'cheb_order': 2, 's': 6.130306611033912, 'batch_size': 64, 'k': 9}
Trial 62 finished with value 0.032018128 | dataset=Traffic | model=ufgtime_plus | val_MSE=0.004023328 | test_MSE=0.003440626 | MAE=0.032018128 | RMSE=0.058656852 | MAPE=44.447652066% | params={'learning_rate': 0.01929409467626704, 'decay_rate': 2.034989265370828e-05, 'hidden_size': 16, 'beta1': 0.9, 'beta2': 0.95, 'signal_len': 16, 'cheb_order': 2, 's': 8.016525189963383, 'batch_size': 64, 'k': 10}
Trial 63 finished with value 0.032107573 | dataset=Traffic | model=ufgtime_plus | val_MSE=0.004075854 | test_MSE=0.003506466 | MAE=0.032107573 | RMSE=0.059215419 | MAPE=44.995264599% | params={'learning_rate': 0.015790564765857447, 'decay_rate': 2.129268039119762e-05, 'hidden_size': 16, 'beta1': 0.9, 'beta2': 0.95, 'signal_len': 16, 'cheb_order': 2, 's': 8.818921648405912, 'batch_size': 64, 'k': 10}
