Trial 0 finished with value 0.063280545 | dataset=Traffic | model=ufgtime_plus | val_MSE=0.009292576 | test_MSE=0.008752832 | MAE=0.063280545 | RMSE=0.093556573 | MAPE=110.631677614% | params={'learning_rate': 0.0010716295704927556, 'decay_rate': 0.0044204248697702914, 'hidden_size': 16, 'beta1': 0.99, 'beta2': 0.95, 'signal_len': 16, 'cheb_order': 2, 's': 1.8754507673437124, 'batch_size': 128, 'k': 9}
Trial 1 finished with value 0.076961723 | dataset=Traffic | model=ufgtime_plus | val_MSE=0.012336743 | test_MSE=0.011928988 | MAE=0.076961723 | RMSE=0.109219907 | MAPE=126.477996917% | params={'learning_rate': 0.016525280493952594, 'decay_rate': 0.041675411202377055, 'hidden_size': 16, 'beta1': 0.95, 'beta2': 0.95, 'signal_len': 16, 'cheb_order': 3, 's': 1.267229223883561, 'batch_size': 64, 'k': 7}
Trial 2 finished with value 0.076669937 | dataset=Traffic | model=ufgtime_plus | val_MSE=0.011916424 | test_MSE=0.011508985 | MAE=0.076669937 | RMSE=0.107279937 | MAPE=129.664504670% | params={'learning_rate': 0.03096676469481324, 'decay_rate': 0.003326847048913324, 'hidden_size': 64, 'beta1': 0.99, 'beta2': 0.999, 'signal_len': 16, 'cheb_order': 3, 's': 2.00819881565745, 'batch_size': 64, 'k': 7}
Trial 3 finished with value 0.049196445 | dataset=Traffic | model=ufgtime_plus | val_MSE=0.006986279 | test_MSE=0.006497754 | MAE=0.049196445 | RMSE=0.080608646 | MAPE=81.175317190% | params={'learning_rate': 8.648046978293347e-05, 'decay_rate': 0.0005307250192821715, 'hidden_size': 16, 'beta1': 0.9, 'beta2': 0.99, 'signal_len': 8, 'cheb_order': 2, 's': 9.793173684894, 'batch_size': 128, 'k': 2}
Trial 4 finished with value 0.052119883 | dataset=Traffic | model=ufgtime_plus | val_MSE=0.007637111 | test_MSE=0.007112057 | MAE=0.052119883 | RMSE=0.084333015 | MAPE=84.844422401% | params={'learning_rate': 0.0001111973587331821, 'decay_rate': 2.783578507372614e-05, 'hidden_size': 64, 'beta1': 0.99, 'beta2': 0.95, 'signal_len': 16, 'cheb_order': 2, 's': 7.039952381676768, 'batch_size': 128, 'k': 4}
Trial 5 finished with value 0.048067302 | dataset=Traffic | model=ufgtime_plus | val_MSE=0.006754953 | test_MSE=0.006291053 | MAE=0.048067302 | RMSE=0.079316161 | MAPE=77.023153324% | params={'learning_rate': 4.760135914077345e-05, 'decay_rate': 0.0014773852304194573, 'hidden_size': 32, 'beta1': 0.99, 'beta2': 0.95, 'signal_len': 8, 'cheb_order': 3, 's': 5.079415869696884, 'batch_size': 64, 'k': 4}
Trial 6 finished with value 0.065583819 | dataset=Traffic | model=ufgtime_plus | val_MSE=0.009817409 | test_MSE=0.009403342 | MAE=0.065583819 | RMSE=0.096970829 | MAPE=112.637612824% | params={'learning_rate': 0.010237966983893915, 'decay_rate': 0.00029286187728732644, 'hidden_size': 64, 'beta1': 0.95, 'beta2': 0.95, 'signal_len': 8, 'cheb_order': 3, 's': 3.6816907041729525, 'batch_size': 64, 'k': 3}
Trial 7 finished with value 0.048559434 | dataset=Traffic | model=ufgtime_plus | val_MSE=0.006930114 | test_MSE=0.006436945 | MAE=0.048559434 | RMSE=0.080230574 | MAPE=78.818205569% | params={'learning_rate': 0.0001268637008825075, 'decay_rate': 0.0012831667817860062, 'hidden_size': 64, 'beta1': 0.99, 'beta2': 0.999, 'signal_len': 8, 'cheb_order': 3, 's': 7.456747565987092, 'batch_size': 64, 'k': 9}
Trial 8 finished with value 0.041777677 | dataset=Traffic | model=ufgtime_plus | val_MSE=0.005820777 | test_MSE=0.005382515 | MAE=0.041777677 | RMSE=0.073365628 | MAPE=63.654928644% | params={'learning_rate': 3.990768092969782e-05, 'decay_rate': 0.0018920663596803014, 'hidden_size': 32, 'beta1': 0.9, 'beta2': 0.999, 'signal_len': 16, 'cheb_order': 2, 's': 4.303804773857439, 'batch_size': 64, 'k': 6}
Trial 9 finished with value 0.065585354 | dataset=Traffic | model=ufgtime_plus | val_MSE=0.010066638 | test_MSE=0.009536440 | MAE=0.065585354 | RMSE=0.097654696 | MAPE=110.890700485% | params={'learning_rate': 1.588526956423882e-05, 'decay_rate': 5.492640142254709e-05, 'hidden_size': 32, 'beta1': 0.95, 'beta2': 0.999, 'signal_len': 8, 'cheb_order': 2, 's': 5.867131946922129, 'batch_size': 128, 'k': 4}
Trial 10 finished with value 0.070555255 | dataset=Traffic | model=ufgtime_plus | val_MSE=0.010984033 | test_MSE=0.010509884 | MAE=0.070555255 | RMSE=0.102517727 | MAPE=117.087656738% | params={'learning_rate': 0.0017711167370306658, 'decay_rate': 0.02437083209872706, 'hidden_size': 32, 'beta1': 0.9, 'beta2': 0.99, 'signal_len': 16, 'cheb_order': 2, 's': 3.65093961816402, 'batch_size': 64, 'k': 6}
Trial 11 finished with value 0.063847842 | dataset=Traffic | model=ufgtime_plus | val_MSE=0.009730776 | test_MSE=0.009180809 | MAE=0.063847842 | RMSE=0.095816536 | MAPE=109.099676932% | params={'learning_rate': 1.0457737077934362e-05, 'decay_rate': 0.003614215618240384, 'hidden_size': 32, 'beta1': 0.9, 'beta2': 0.999, 'signal_len': 8, 'cheb_order': 3, 's': 4.360438048045705, 'batch_size': 64, 'k': 5}
Trial 12 finished with value 0.042533835 | dataset=Traffic | model=ufgtime_plus | val_MSE=0.006013219 | test_MSE=0.005516763 | MAE=0.042533835 | RMSE=0.074274912 | MAPE=64.546659281% | params={'learning_rate': 3.28522206404112e-05, 'decay_rate': 0.00013332900171744857, 'hidden_size': 32, 'beta1': 0.9, 'beta2': 0.95, 'signal_len': 16, 'cheb_order': 3, 's': 5.291632377646919, 'batch_size': 64, 'k': 6}
Trial 13 finished with value 0.035421356 | dataset=Traffic | model=ufgtime_plus | val_MSE=0.004533611 | test_MSE=0.003925078 | MAE=0.035421356 | RMSE=0.062650440 | MAPE=53.815750795% | params={'learning_rate': 0.0003499041835664214, 'decay_rate': 0.00011833042265833014, 'hidden_size': 32, 'beta1': 0.9, 'beta2': 0.999, 'signal_len': 16, 'cheb_order': 2, 's': 6.467584885228609, 'batch_size': 64, 'k': 7}
Trial 14 finished with value 0.033973803 | dataset=Traffic | model=ufgtime_plus | val_MSE=0.004222644 | test_MSE=0.003647138 | MAE=0.033973803 | RMSE=0.060391540 | MAPE=50.159045637% | params={'learning_rate': 0.00034911799206174425, 'decay_rate': 1.289561797913056e-05, 'hidden_size': 32, 'beta1': 0.9, 'beta2': 0.999, 'signal_len': 16, 'cheb_order': 2, 's': 7.30396701483371, 'batch_size': 64, 'k': 8}
Trial 15 finished with value 0.033799620 | dataset=Traffic | model=ufgtime_plus | val_MSE=0.004205754 | test_MSE=0.003633996 | MAE=0.033799620 | RMSE=0.060282632 | MAPE=49.751169304% | params={'learning_rate': 0.0003585537129701769, 'decay_rate': 1.0778574995999835e-05, 'hidden_size': 32, 'beta1': 0.9, 'beta2': 0.999, 'signal_len': 16, 'cheb_order': 2, 's': 8.869207231011334, 'batch_size': 64, 'k': 10}
Trial 16 finished with value 0.033931415 | dataset=Traffic | model=ufgtime_plus | val_MSE=0.004212391 | test_MSE=0.003646978 | MAE=0.033931415 | RMSE=0.060390215 | MAPE=50.279900222% | params={'learning_rate': 0.0003938801916619953, 'decay_rate': 1.0981141697144783e-05, 'hidden_size': 32, 'beta1': 0.9, 'beta2': 0.999, 'signal_len': 16, 'cheb_order': 2, 's': 8.705024127185842, 'batch_size': 64, 'k': 10}
Trial 17 finished with value 0.032441030 | dataset=Traffic | model=ufgtime_plus | val_MSE=0.003911534 | test_MSE=0.003417722 | MAE=0.032441030 | RMSE=0.058461288 | MAPE=46.452509858% | params={'learning_rate': 0.002554794817718259, 'decay_rate': 1.0076352152400027e-05, 'hidden_size': 32, 'beta1': 0.9, 'beta2': 0.99, 'signal_len': 16, 'cheb_order': 2, 's': 9.019100046509157, 'batch_size': 64, 'k': 10}
Trial 18 finished with value 0.032900350 | dataset=Traffic | model=ufgtime_plus | val_MSE=0.004138311 | test_MSE=0.003556846 | MAE=0.032900350 | RMSE=0.059639298 | MAPE=47.773318606% | params={'learning_rate': 0.003593263319849411, 'decay_rate': 4.14559019913839e-05, 'hidden_size': 32, 'beta1': 0.9, 'beta2': 0.99, 'signal_len': 16, 'cheb_order': 2, 's': 8.609227948657828, 'batch_size': 128, 'k': 10}
Trial 19 finished with value 0.033015337 | dataset=Traffic | model=ufgtime_plus | val_MSE=0.004123521 | test_MSE=0.003566109 | MAE=0.033015337 | RMSE=0.059716908 | MAPE=46.380656112% | params={'learning_rate': 0.004073844332513959, 'decay_rate': 3.714877201095502e-05, 'hidden_size': 16, 'beta1': 0.9, 'beta2': 0.99, 'signal_len': 16, 'cheb_order': 2, 's': 8.229205901481679, 'batch_size': 128, 'k': 9}
Trial 20 finished with value 0.033121000 | dataset=Traffic | model=ufgtime_plus | val_MSE=0.004199556 | test_MSE=0.003636689 | MAE=0.033121000 | RMSE=0.060304967 | MAPE=45.624892309% | params={'learning_rate': 0.00439848182768464, 'decay_rate': 8.302907773129241e-05, 'hidden_size': 32, 'beta1': 0.95, 'beta2': 0.99, 'signal_len': 16, 'cheb_order': 2, 's': 9.927181647917305, 'batch_size': 128, 'k': 10}
Trial 21 finished with value 0.032928003 | dataset=Traffic | model=ufgtime_plus | val_MSE=0.004123093 | test_MSE=0.003555727 | MAE=0.032928003 | RMSE=0.059629920 | MAPE=47.541578840% | params={'learning_rate': 0.003988412534007245, 'decay_rate': 2.781930342926445e-05, 'hidden_size': 16, 'beta1': 0.9, 'beta2': 0.99, 'signal_len': 16, 'cheb_order': 2, 's': 8.302070604537782, 'batch_size': 128, 'k': 9}
Trial 22 finished with value 0.033698680 | dataset=Traffic | model=ufgtime_plus | val_MSE=0.004113941 | test_MSE=0.003574618 | MAE=0.033698680 | RMSE=0.059788108 | MAPE=48.895216214% | params={'learning_rate': 0.004475600063089685, 'decay_rate': 2.2272647052117262e-05, 'hidden_size': 16, 'beta1': 0.9, 'beta2': 0.99, 'signal_len': 16, 'cheb_order': 2, 's': 8.214762550788675, 'batch_size': 128, 'k': 8}
Trial 23 finished with value 0.035855649 | dataset=Traffic | model=ufgtime_plus | val_MSE=0.004594520 | test_MSE=0.004005483 | MAE=0.035855649 | RMSE=0.063288886 | MAPE=53.429840919% | params={'learning_rate': 0.0020316510647922993, 'decay_rate': 0.0002595283169504018, 'hidden_size': 16, 'beta1': 0.9, 'beta2': 0.99, 'signal_len': 16, 'cheb_order': 2, 's': 8.81181387628712, 'batch_size': 128, 'k': 10}
Trial 24 finished with value 0.032650039 | dataset=Traffic | model=ufgtime_plus | val_MSE=0.004085385 | test_MSE=0.003539631 | MAE=0.032650039 | RMSE=0.059494800 | MAPE=45.353146193% | params={'learning_rate': 0.015134582625819725, 'decay_rate': 2.676516843597499e-05, 'hidden_size': 16, 'beta1': 0.9, 'beta2': 0.99, 'signal_len': 16, 'cheb_order': 2, 's': 9.485150631721627, 'batch_size': 128, 'k': 9}
Trial 25 finished with value 0.033146532 | dataset=Traffic | model=ufgtime_plus | val_MSE=0.004186516 | test_MSE=0.003597321 | MAE=0.033146532 | RMSE=0.059977668 | MAPE=46.827225846% | params={'learning_rate': 0.010650049274337377, 'decay_rate': 5.2377517344240855e-05, 'hidden_size': 16, 'beta1': 0.9, 'beta2': 0.99, 'signal_len': 16, 'cheb_order': 2, 's': 9.496351805276639, 'batch_size': 128, 'k': 8}
Trial 26 finished with value 0.032144527 | dataset=Traffic | model=ufgtime_plus | val_MSE=0.003976326 | test_MSE=0.003449929 | MAE=0.032144527 | RMSE=0.058736096 | MAPE=45.644437672% | params={'learning_rate': 0.0422956493005473, 'decay_rate': 1.6634180500280477e-05, 'hidden_size': 32, 'beta1': 0.9, 'beta2': 0.99, 'signal_len': 16, 'cheb_order': 2, 's': 9.212274105918935, 'batch_size': 128, 'k': 10}
Trial 27 finished with value 0.033626933 | dataset=Traffic | model=ufgtime_plus | val_MSE=0.004240351 | test_MSE=0.003655024 | MAE=0.033626933 | RMSE=0.060456794 | MAPE=47.759211376% | params={'learning_rate': 0.046866976071118505, 'decay_rate': 1.7326501948883655e-05, 'hidden_size': 32, 'beta1': 0.9, 'beta2': 0.99, 'signal_len': 16, 'cheb_order': 2, 's': 9.214215275933316, 'batch_size': 128, 'k': 9}
Trial 28 finished with value 0.036619307 | dataset=Traffic | model=ufgtime_plus | val_MSE=0.004697420 | test_MSE=0.004088533 | MAE=0.036619307 | RMSE=0.063941640 | MAPE=54.626253033% | params={'learning_rate': 0.02391860503774783, 'decay_rate': 0.00019425389605008894, 'hidden_size': 64, 'beta1': 0.95, 'beta2': 0.99, 'signal_len': 16, 'cheb_order': 2, 's': 7.604548108068268, 'batch_size': 128, 'k': 8}
Trial 29 finished with value 0.075901236 | dataset=Traffic | model=ufgtime_plus | val_MSE=0.012050061 | test_MSE=0.011621593 | MAE=0.075901236 | RMSE=0.107803491 | MAPE=125.847721171% | params={'learning_rate': 0.009441129983632541, 'decay_rate': 0.013699634317815916, 'hidden_size': 16, 'beta1': 0.9, 'beta2': 0.99, 'signal_len': 16, 'cheb_order': 2, 's': 9.321056706717217, 'batch_size': 128, 'k': 9}
Trial 30 finished with value 0.038868496 | dataset=Traffic | model=ufgtime_plus | val_MSE=0.005201361 | test_MSE=0.004502194 | MAE=0.038868496 | RMSE=0.067098387 | MAPE=56.938410281% | params={'learning_rate': 0.04504491100634341, 'decay_rate': 7.57631439845497e-05, 'hidden_size': 16, 'beta1': 0.99, 'beta2': 0.99, 'signal_len': 16, 'cheb_order': 2, 's': 6.352846652881882, 'batch_size': 128, 'k': 10}
Trial 31 finished with value 0.033478679 | dataset=Traffic | model=ufgtime_plus | val_MSE=0.004265481 | test_MSE=0.003709627 | MAE=0.033478679 | RMSE=0.060906710 | MAPE=49.450614162% | params={'learning_rate': 0.00115949934940282, 'decay_rate': 3.878915440380565e-05, 'hidden_size': 32, 'beta1': 0.9, 'beta2': 0.99, 'signal_len': 16, 'cheb_order': 2, 's': 9.976869118577637, 'batch_size': 128, 'k': 10}
Trial 32 finished with value 0.032289384 | dataset=Traffic | model=ufgtime_plus | val_MSE=0.004002962 | test_MSE=0.003458672 | MAE=0.032289384 | RMSE=0.058810473 | MAPE=45.723376227% | params={'learning_rate': 0.01534645318263759, 'decay_rate': 2.0443994203284244e-05, 'hidden_size': 32, 'beta1': 0.9, 'beta2': 0.99, 'signal_len': 16, 'cheb_order': 2, 's': 7.9312343744254346, 'batch_size': 128, 'k': 10}
Trial 33 finished with value 0.031772043 | dataset=Traffic | model=ufgtime_plus | val_MSE=0.003938660 | test_MSE=0.003410800 | MAE=0.031772043 | RMSE=0.058402052 | MAPE=43.732839340% | params={'learning_rate': 0.016553107475149122, 'decay_rate': 1.793710728844753e-05, 'hidden_size': 32, 'beta1': 0.9, 'beta2': 0.99, 'signal_len': 16, 'cheb_order': 2, 's': 9.209729792259472, 'batch_size': 128, 'k': 9}
Trial 34 finished with value 0.032731560 | dataset=Traffic | model=ufgtime_plus | val_MSE=0.004053856 | test_MSE=0.003483811 | MAE=0.032731560 | RMSE=0.059023818 | MAPE=48.182254322% | params={'learning_rate': 0.022586283291528647, 'decay_rate': 1.5330585492464635e-05, 'hidden_size': 32, 'beta1': 0.9, 'beta2': 0.99, 'signal_len': 16, 'cheb_order': 2, 's': 7.864992942456945, 'batch_size': 128, 'k': 9}
Trial 35 finished with value 0.032913863 | dataset=Traffic | model=ufgtime_plus | val_MSE=0.004151892 | test_MSE=0.003604448 | MAE=0.032913863 | RMSE=0.060037057 | MAPE=45.697990376% | params={'learning_rate': 0.007462097283642675, 'decay_rate': 1.8745623454576367e-05, 'hidden_size': 32, 'beta1': 0.9, 'beta2': 0.99, 'signal_len': 16, 'cheb_order': 2, 's': 6.8046011469756476, 'batch_size': 128, 'k': 10}
Trial 36 finished with value 0.035234123 | dataset=Traffic | model=ufgtime_plus | val_MSE=0.004474308 | test_MSE=0.003871400 | MAE=0.035234123 | RMSE=0.062220574 | MAPE=50.753124870% | params={'learning_rate': 0.016845393480683847, 'decay_rate': 1.0290588823499748e-05, 'hidden_size': 32, 'beta1': 0.99, 'beta2': 0.99, 'signal_len': 16, 'cheb_order': 2, 's': 7.829188373129995, 'batch_size': 128, 'k': 7}
Trial 37 finished with value 0.066880672 | dataset=Traffic | model=ufgtime_plus | val_MSE=0.009900305 | test_MSE=0.009491063 | MAE=0.066880672 | RMSE=0.097422089 | MAPE=116.779589101% | params={'learning_rate': 0.03358216800901588, 'decay_rate': 0.0005066269027222666, 'hidden_size': 32, 'beta1': 0.95, 'beta2': 0.95, 'signal_len': 8, 'cheb_order': 3, 's': 1.8716458745260427, 'batch_size': 128, 'k': 8}
Trial 38 finished with value 0.035441751 | dataset=Traffic | model=ufgtime_plus | val_MSE=0.004537110 | test_MSE=0.003909171 | MAE=0.035441751 | RMSE=0.062523360 | MAPE=52.465166251% | params={'learning_rate': 0.01784448354243794, 'decay_rate': 7.810983280572082e-05, 'hidden_size': 64, 'beta1': 0.9, 'beta2': 0.99, 'signal_len': 16, 'cheb_order': 2, 's': 9.065801543562026, 'batch_size': 128, 'k': 9}
Trial 39 finished with value 0.035734877 | dataset=Traffic | model=ufgtime_plus | val_MSE=0.004529983 | test_MSE=0.003954884 | MAE=0.035734877 | RMSE=0.062887870 | MAPE=51.654679276% | params={'learning_rate': 0.007776616853783699, 'decay_rate': 2.1579253574236686e-05, 'hidden_size': 32, 'beta1': 0.99, 'beta2': 0.99, 'signal_len': 8, 'cheb_order': 3, 's': 8.30993825295701, 'batch_size': 64, 'k': 10}
Trial 40 finished with value 0.047050488 | dataset=Traffic | model=ufgtime_plus | val_MSE=0.006855662 | test_MSE=0.006372550 | MAE=0.047050488 | RMSE=0.079828256 | MAPE=80.251680381% | params={'learning_rate': 0.0006930587494331939, 'decay_rate': 0.010715802883848052, 'hidden_size': 32, 'beta1': 0.9, 'beta2': 0.95, 'signal_len': 16, 'cheb_order': 2, 's': 9.609650676134343, 'batch_size': 128, 'k': 9}
Trial 41 finished with value 0.033279205 | dataset=Traffic | model=ufgtime_plus | val_MSE=0.004203343 | test_MSE=0.003663267 | MAE=0.033279205 | RMSE=0.060524927 | MAPE=47.525588928% | params={'learning_rate': 0.012988939551607459, 'decay_rate': 2.599653570664188e-05, 'hidden_size': 16, 'beta1': 0.9, 'beta2': 0.99, 'signal_len': 16, 'cheb_order': 2, 's': 9.286717181972593, 'batch_size': 128, 'k': 9}
Trial 42 finished with value 0.039822094 | dataset=Traffic | model=ufgtime_plus | val_MSE=0.005282627 | test_MSE=0.004600031 | MAE=0.039822094 | RMSE=0.067823529 | MAPE=59.501494083% | params={'learning_rate': 0.03152877430789596, 'decay_rate': 3.157083676921325e-05, 'hidden_size': 64, 'beta1': 0.9, 'beta2': 0.99, 'signal_len': 16, 'cheb_order': 2, 's': 9.593850499234325, 'batch_size': 128, 'k': 10}
Trial 43 finished with value 0.033604127 | dataset=Traffic | model=ufgtime_plus | val_MSE=0.004221372 | test_MSE=0.003634355 | MAE=0.033604127 | RMSE=0.060285608 | MAPE=46.770305630% | params={'learning_rate': 0.006412827350861153, 'decay_rate': 1.6749715322571747e-05, 'hidden_size': 32, 'beta1': 0.9, 'beta2': 0.99, 'signal_len': 16, 'cheb_order': 2, 's': 9.989866541914132, 'batch_size': 128, 'k': 8}
Trial 44 finished with value 0.034731057 | dataset=Traffic | model=ufgtime_plus | val_MSE=0.004267416 | test_MSE=0.003707392 | MAE=0.034731057 | RMSE=0.060888356 | MAPE=50.571972745% | params={'learning_rate': 0.015278230808431744, 'decay_rate': 4.404731799828585e-05, 'hidden_size': 32, 'beta1': 0.9, 'beta2': 0.99, 'signal_len': 16, 'cheb_order': 2, 's': 8.575412513148182, 'batch_size': 128, 'k': 2}
Trial 45 finished with value 0.036717988 | dataset=Traffic | model=ufgtime_plus | val_MSE=0.004669367 | test_MSE=0.004119355 | MAE=0.036717988 | RMSE=0.064182203 | MAPE=53.580591790% | params={'learning_rate': 0.0020978311639947064, 'decay_rate': 6.783497856625369e-05, 'hidden_size': 32, 'beta1': 0.9, 'beta2': 0.99, 'signal_len': 8, 'cheb_order': 3, 's': 8.035448280621198, 'batch_size': 64, 'k': 9}
Trial 46 finished with value 0.033724853 | dataset=Traffic | model=ufgtime_plus | val_MSE=0.004225421 | test_MSE=0.003647740 | MAE=0.033724853 | RMSE=0.060396524 | MAPE=49.221623102% | params={'learning_rate': 0.0263107364220704, 'decay_rate': 1.5122450844803544e-05, 'hidden_size': 16, 'beta1': 0.95, 'beta2': 0.99, 'signal_len': 16, 'cheb_order': 2, 's': 9.026246785458744, 'batch_size': 128, 'k': 5}
Trial 47 finished with value 0.065374817 | dataset=Traffic | model=ufgtime_plus | val_MSE=0.009784833 | test_MSE=0.009364524 | MAE=0.065374817 | RMSE=0.096770472 | MAPE=112.205697544% | params={'learning_rate': 0.03738321646433919, 'decay_rate': 0.00012746267328733404, 'hidden_size': 32, 'beta1': 0.99, 'beta2': 0.95, 'signal_len': 16, 'cheb_order': 2, 's': 7.175667458088862, 'batch_size': 64, 'k': 10}
Trial 48 finished with value 0.067554549 | dataset=Traffic | model=ufgtime_plus | val_MSE=0.010060569 | test_MSE=0.009658184 | MAE=0.067554549 | RMSE=0.098276060 | MAPE=117.512184023% | params={'learning_rate': 0.006065077032314199, 'decay_rate': 0.0007364113558190326, 'hidden_size': 64, 'beta1': 0.9, 'beta2': 0.99, 'signal_len': 8, 'cheb_order': 2, 's': 9.541697918564648, 'batch_size': 64, 'k': 7}
Trial 49 finished with value 0.032733584 | dataset=Traffic | model=ufgtime_plus | val_MSE=0.004005555 | test_MSE=0.003518228 | MAE=0.032733584 | RMSE=0.059314650 | MAPE=48.169713814% | params={'learning_rate': 0.0028424413579811827, 'decay_rate': 1.0154756655379257e-05, 'hidden_size': 32, 'beta1': 0.9, 'beta2': 0.99, 'signal_len': 16, 'cheb_order': 3, 's': 7.568937539103932, 'batch_size': 128, 'k': 3}
Trial 50 finished with value 0.032811410 | dataset=Traffic | model=ufgtime_plus | val_MSE=0.004034192 | test_MSE=0.003487740 | MAE=0.032811410 | RMSE=0.059057092 | MAPE=46.142572049% | params={'learning_rate': 0.011590899090046574, 'decay_rate': 2.6989074722742837e-05, 'hidden_size': 32, 'beta1': 0.9, 'beta2': 0.99, 'signal_len': 16, 'cheb_order': 2, 's': 8.697190239574653, 'batch_size': 64, 'k': 8}
Trial 51 finished with value 0.032970787 | dataset=Traffic | model=ufgtime_plus | val_MSE=0.004064795 | test_MSE=0.003532602 | MAE=0.032970787 | RMSE=0.059435694 | MAPE=46.368740842% | params={'learning_rate': 0.021047438325528873, 'decay_rate': 1.8293571677124526e-05, 'hidden_size': 32, 'beta1': 0.9, 'beta2': 0.99, 'signal_len': 16, 'cheb_order': 2, 's': 7.821280491783286, 'batch_size': 128, 'k': 9}
Trial 52 finished with value 0.033577776 | dataset=Traffic | model=ufgtime_plus | val_MSE=0.004026361 | test_MSE=0.003519448 | MAE=0.033577776 | RMSE=0.059324934 | MAPE=49.394005179% | params={'learning_rate': 0.02364895206609955, 'decay_rate': 1.5163952501203025e-05, 'hidden_size': 32, 'beta1': 0.9, 'beta2': 0.99, 'signal_len': 16, 'cheb_order': 2, 's': 9.040025398787222, 'batch_size': 128, 'k': 10}
Trial 53 finished with value 0.038035939 | dataset=Traffic | model=ufgtime_plus | val_MSE=0.004990893 | test_MSE=0.004313415 | MAE=0.038035939 | RMSE=0.065676596 | MAPE=58.022455742% | params={'learning_rate': 0.00018413172685105016, 'decay_rate': 1.3353862253228438e-05, 'hidden_size': 32, 'beta1': 0.9, 'beta2': 0.99, 'signal_len': 16, 'cheb_order': 2, 's': 6.743198672763981, 'batch_size': 128, 'k': 9}
