Trial 486 finished with value 0.049902051 | dataset=Wiki500 | model=ufgtime_plus | val_MSE=0.979806963 | test_MSE=0.032678804 | MAE=0.049902051 | RMSE=0.180772796 | MAPE=105.770444448% | params={'learning_rate': 0.014513345331197731, 'decay_rate': 0.0009195671672719292, 'hidden_size': 16, 'beta1': 0.9, 'beta2': 0.999, 'signal_len': 8, 'cheb_order': 2, 's': 5.054212465524481, 'batch_size': 16, 'k': 10}
Trial 487 finished with value 0.055558779 | dataset=Wiki500 | model=ufgtime_plus | val_MSE=0.955337791 | test_MSE=0.032792115 | MAE=0.055558779 | RMSE=0.181085932 | MAPE=150.148292086% | params={'learning_rate': 0.010055280598261683, 'decay_rate': 0.004381643051498791, 'hidden_size': 16, 'beta1': 0.9, 'beta2': 0.999, 'signal_len': 8, 'cheb_order': 2, 's': 1.7047170301279486, 'batch_size': 16, 'k': 8}
Trial 488 finished with value 0.050150123 | dataset=Wiki500 | model=ufgtime_plus | val_MSE=0.984136979 | test_MSE=0.032683724 | MAE=0.050150123 | RMSE=0.180786404 | MAPE=116.588221037% | params={'learning_rate': 0.0066736525524116064, 'decay_rate': 0.0009467095420188046, 'hidden_size': 16, 'beta1': 0.9, 'beta2': 0.999, 'signal_len': 8, 'cheb_order': 2, 's': 5.296741840304243, 'batch_size': 16, 'k': 9}
Trial 489 finished with value 0.053578942 | dataset=Wiki500 | model=ufgtime_plus | val_MSE=0.966433560 | test_MSE=0.032786128 | MAE=0.053578942 | RMSE=0.181069401 | MAPE=142.262635428% | params={'learning_rate': 0.008814427634556525, 'decay_rate': 0.003155124524909336, 'hidden_size': 16, 'beta1': 0.9, 'beta2': 0.999, 'signal_len': 8, 'cheb_order': 2, 's': 4.644050114169296, 'batch_size': 16, 'k': 10}
Trial 490 finished with value 0.050536958 | dataset=Wiki500 | model=ufgtime_plus | val_MSE=0.989564997 | test_MSE=0.032685373 | MAE=0.050536958 | RMSE=0.180790964 | MAPE=124.389302540% | params={'learning_rate': 0.0075346488700764516, 'decay_rate': 0.000872724166616009, 'hidden_size': 16, 'beta1': 0.9, 'beta2': 0.999, 'signal_len': 8, 'cheb_order': 2, 's': 5.7994893009331, 'batch_size': 16, 'k': 10}
Trial 491 finished with value 0.063684139 | dataset=Wiki500 | model=ufgtime_plus | val_MSE=0.884702265 | test_MSE=0.033579917 | MAE=0.063684139 | RMSE=0.183248240 | MAPE=151.330978792% | params={'learning_rate': 0.00506692065620852, 'decay_rate': 0.009665937910263489, 'hidden_size': 32, 'beta1': 0.9, 'beta2': 0.999, 'signal_len': 8, 'cheb_order': 2, 's': 7.0523984946116745, 'batch_size': 16, 'k': 10}
Trial 492 finished with value 0.051129948 | dataset=Wiki500 | model=ufgtime_plus | val_MSE=0.862253101 | test_MSE=0.028747274 | MAE=0.051129948 | RMSE=0.169550211 | MAPE=126.709530422% | params={'learning_rate': 0.01100642773602061, 'decay_rate': 1.0626564170629392e-05, 'hidden_size': 16, 'beta1': 0.9, 'beta2': 0.999, 'signal_len': 16, 'cheb_order': 2, 's': 4.975621864518771, 'batch_size': 32, 'k': 10}
Trial 493 finished with value 0.084174965 | dataset=Wiki500 | model=ufgtime_plus | val_MSE=0.916992379 | test_MSE=0.039394721 | MAE=0.084174965 | RMSE=0.198481034 | MAPE=186.608778133% | params={'learning_rate': 0.013341786640661815, 'decay_rate': 0.0018566631037330984, 'hidden_size': 16, 'beta1': 0.9, 'beta2': 0.999, 'signal_len': 8, 'cheb_order': 2, 's': 1.5379164964786907, 'batch_size': 128, 'k': 10}
Trial 494 finished with value 0.051020882 | dataset=Wiki500 | model=ufgtime_plus | val_MSE=0.969735871 | test_MSE=0.032859330 | MAE=0.051020882 | RMSE=0.181271426 | MAPE=114.009052133% | params={'learning_rate': 0.016175771053166775, 'decay_rate': 0.0017547880006640595, 'hidden_size': 16, 'beta1': 0.9, 'beta2': 0.999, 'signal_len': 8, 'cheb_order': 2, 's': 5.441008396105794, 'batch_size': 16, 'k': 10}
Trial 495 finished with value 0.064254000 | dataset=Wiki500 | model=ufgtime_plus | val_MSE=0.887878888 | test_MSE=0.033915407 | MAE=0.064254000 | RMSE=0.184161361 | MAPE=149.462040595% | params={'learning_rate': 0.009576158429920142, 'decay_rate': 0.02617766286124173, 'hidden_size': 16, 'beta1': 0.9, 'beta2': 0.999, 'signal_len': 8, 'cheb_order': 2, 's': 6.204019622661775, 'batch_size': 16, 'k': 10}
Trial 496 finished with value 0.050555858 | dataset=Wiki500 | model=ufgtime_plus | val_MSE=0.988245168 | test_MSE=0.032693534 | MAE=0.050555858 | RMSE=0.180813532 | MAPE=124.323111245% | params={'learning_rate': 0.008350305557261024, 'decay_rate': 0.0009305976979954526, 'hidden_size': 16, 'beta1': 0.9, 'beta2': 0.999, 'signal_len': 8, 'cheb_order': 2, 's': 1.8415045017240368, 'batch_size': 16, 'k': 10}
Trial 497 finished with value 0.068708969 | dataset=Wiki500 | model=ufgtime_plus | val_MSE=0.887424402 | test_MSE=0.033873978 | MAE=0.068708969 | RMSE=0.184048847 | MAPE=177.802563147% | params={'learning_rate': 0.006567505519419019, 'decay_rate': 0.028593474638934375, 'hidden_size': 16, 'beta1': 0.9, 'beta2': 0.999, 'signal_len': 8, 'cheb_order': 2, 's': 5.22900457100432, 'batch_size': 16, 'k': 9}
Trial 498 finished with value 0.061973936 | dataset=Wiki500 | model=ufgtime_plus | val_MSE=0.886199479 | test_MSE=0.032895865 | MAE=0.061973936 | RMSE=0.181372171 | MAPE=157.449756012% | params={'learning_rate': 0.011896007898672178, 'decay_rate': 0.01403896517094158, 'hidden_size': 16, 'beta1': 0.9, 'beta2': 0.999, 'signal_len': 8, 'cheb_order': 2, 's': 1.451798003604064, 'batch_size': 32, 'k': 10}
Trial 499 finished with value 0.047033722 | dataset=Wiki500 | model=ufgtime_plus | val_MSE=0.899596435 | test_MSE=0.029279221 | MAE=0.047033722 | RMSE=0.171111721 | MAPE=78.449494488% | params={'learning_rate': 0.010479879300293352, 'decay_rate': 9.735910110673605e-05, 'hidden_size': 16, 'beta1': 0.9, 'beta2': 0.999, 'signal_len': 8, 'cheb_order': 2, 's': 2.006988105118562, 'batch_size': 16, 'k': 10}
Best trial 354 | value=0.046174871 | dataset=Wiki500 | model=ufgtime_plus | params={'learning_rate': 0.008147596489388655, 'decay_rate': 1.4753700436874906e-05, 'hidden_size': 16, 'beta1': 0.9, 'beta2': 0.999, 'signal_len': 8, 'cheb_order': 2, 's': 1.3926947774415808, 'batch_size': 16, 'k': 10} | val_MSE=0.901825751 | test_MSE=0.029116353 | MAE=0.046174871 | RMSE=0.170635144 | MAPE=79.462733882%
