Trial 0 finished with value 0.103485444 | dataset=Wiki500 | model=ufgtime_plus | val_MSE=0.897337752 | test_MSE=0.047904875 | MAE=0.103485444 | RMSE=0.218871823 | MAPE=215.184457048% | params={'learning_rate': 0.027445187061326964, 'decay_rate': 0.03576231642495725, 'hidden_size': 16, 'beta1': 0.9, 'beta2': 0.999, 'signal_len': 8, 'cheb_order': 3, 's': 4.512629517549422, 'batch_size': 128, 'k': 2}
Trial 1 finished with value 0.085300071 | dataset=Wiki500 | model=ufgtime_plus | val_MSE=0.914362879 | test_MSE=0.037409358 | MAE=0.085300071 | RMSE=0.193414990 | MAPE=196.009401333% | params={'learning_rate': 0.004365593692080019, 'decay_rate': 0.0010207176880418828, 'hidden_size': 64, 'beta1': 0.9, 'beta2': 0.999, 'signal_len': 8, 'cheb_order': 3, 's': 2.1526423902335057, 'batch_size': 64, 'k': 5}
Trial 2 finished with value 0.071454713 | dataset=Wiki500 | model=ufgtime_plus | val_MSE=0.891114479 | test_MSE=0.035790984 | MAE=0.071454713 | RMSE=0.189185054 | MAPE=168.930166073% | params={'learning_rate': 0.013235135049110301, 'decay_rate': 0.03871394213481649, 'hidden_size': 32, 'beta1': 0.9, 'beta2': 0.999, 'signal_len': 8, 'cheb_order': 3, 's': 7.168200662021002, 'batch_size': 64, 'k': 8}
Trial 3 finished with value 0.067661943 | dataset=Wiki500 | model=ufgtime_plus | val_MSE=0.911581997 | test_MSE=0.034521552 | MAE=0.067661943 | RMSE=0.185799762 | MAPE=176.319515041% | params={'learning_rate': 0.03353518710221179, 'decay_rate': 0.010527024228081307, 'hidden_size': 64, 'beta1': 0.9, 'beta2': 0.999, 'signal_len': 8, 'cheb_order': 2, 's': 2.959003129244029, 'batch_size': 32, 'k': 4}
Trial 4 finished with value 0.098415252 | dataset=Wiki500 | model=ufgtime_plus | val_MSE=0.905906761 | test_MSE=0.040103103 | MAE=0.098415252 | RMSE=0.200257592 | MAPE=227.768944675% | params={'learning_rate': 0.007956889486439531, 'decay_rate': 0.005527653306803613, 'hidden_size': 16, 'beta1': 0.9, 'beta2': 0.999, 'signal_len': 16, 'cheb_order': 3, 's': 1.9552758302562714, 'batch_size': 64, 'k': 8}
Trial 5 finished with value 0.061754904 | dataset=Wiki500 | model=ufgtime_plus | val_MSE=0.881719025 | test_MSE=0.031677758 | MAE=0.061754904 | RMSE=0.177982466 | MAPE=150.613114885% | params={'learning_rate': 0.0019689977347934905, 'decay_rate': 0.014147520059194715, 'hidden_size': 32, 'beta1': 0.9, 'beta2': 0.999, 'signal_len': 16, 'cheb_order': 3, 's': 6.14275294243852, 'batch_size': 128, 'k': 10}
Trial 6 finished with value 0.064350408 | dataset=Wiki500 | model=ufgtime_plus | val_MSE=0.885171371 | test_MSE=0.033470283 | MAE=0.064350408 | RMSE=0.182948854 | MAPE=153.423979964% | params={'learning_rate': 0.01593526193304167, 'decay_rate': 0.03337384489438445, 'hidden_size': 32, 'beta1': 0.9, 'beta2': 0.999, 'signal_len': 16, 'cheb_order': 3, 's': 1.141789738113669, 'batch_size': 128, 'k': 4}
Trial 7 finished with value 0.101951161 | dataset=Wiki500 | model=ufgtime_plus | val_MSE=0.895934140 | test_MSE=0.046363738 | MAE=0.101951161 | RMSE=0.215322406 | MAPE=208.530903982% | params={'learning_rate': 0.028812105147547666, 'decay_rate': 0.029606176144279232, 'hidden_size': 64, 'beta1': 0.9, 'beta2': 0.999, 'signal_len': 16, 'cheb_order': 2, 's': 8.342800595352047, 'batch_size': 128, 'k': 8}
Trial 8 finished with value 0.099263692 | dataset=Wiki500 | model=ufgtime_plus | val_MSE=0.895724652 | test_MSE=0.046899331 | MAE=0.099263692 | RMSE=0.216562534 | MAPE=209.713996777% | params={'learning_rate': 0.036265461448183836, 'decay_rate': 0.025071205852515845, 'hidden_size': 16, 'beta1': 0.9, 'beta2': 0.999, 'signal_len': 8, 'cheb_order': 3, 's': 3.6816907041729525, 'batch_size': 16, 'k': 7}
Trial 9 finished with value 0.097928206 | dataset=Wiki500 | model=ufgtime_plus | val_MSE=0.895971079 | test_MSE=0.047257824 | MAE=0.097928206 | RMSE=0.217388647 | MAPE=203.171717530% | params={'learning_rate': 0.02954772933479618, 'decay_rate': 0.028720519189990443, 'hidden_size': 16, 'beta1': 0.9, 'beta2': 0.999, 'signal_len': 8, 'cheb_order': 3, 's': 8.275126502510163, 'batch_size': 64, 'k': 10}
Trial 10 finished with value 0.077942394 | dataset=Wiki500 | model=ufgtime_plus | val_MSE=0.895358668 | test_MSE=0.037442185 | MAE=0.077942394 | RMSE=0.193499833 | MAPE=190.354060186% | params={'learning_rate': 0.047034199581109624, 'decay_rate': 0.015141718064907037, 'hidden_size': 32, 'beta1': 0.9, 'beta2': 0.999, 'signal_len': 16, 'cheb_order': 2, 's': 5.856513400406036, 'batch_size': 16, 'k': 10}
Trial 11 finished with value 0.069220565 | dataset=Wiki500 | model=ufgtime_plus | val_MSE=0.884228215 | test_MSE=0.032760715 | MAE=0.069220565 | RMSE=0.180999212 | MAPE=185.531021179% | params={'learning_rate': 0.0143453785318326, 'decay_rate': 0.04969602168981509, 'hidden_size': 32, 'beta1': 0.9, 'beta2': 0.999, 'signal_len': 16, 'cheb_order': 3, 's': 5.652906346607875, 'batch_size': 128, 'k': 3}
Trial 12 finished with value 0.068825266 | dataset=Wiki500 | model=ufgtime_plus | val_MSE=0.884686856 | test_MSE=0.034317020 | MAE=0.068825266 | RMSE=0.185248535 | MAPE=168.987989731% | params={'learning_rate': 0.017876381393183805, 'decay_rate': 0.017279385961749057, 'hidden_size': 32, 'beta1': 0.9, 'beta2': 0.999, 'signal_len': 16, 'cheb_order': 3, 's': 9.704323722390374, 'batch_size': 128, 'k': 5}
Trial 13 finished with value 0.064911630 | dataset=Wiki500 | model=ufgtime_plus | val_MSE=0.881813246 | test_MSE=0.032028826 | MAE=0.064911630 | RMSE=0.178965991 | MAPE=164.270449763% | params={'learning_rate': 0.0010627255546578722, 'decay_rate': 0.01990534628668149, 'hidden_size': 32, 'beta1': 0.9, 'beta2': 0.999, 'signal_len': 16, 'cheb_order': 3, 's': 1.3634762551348538, 'batch_size': 128, 'k': 6}
Trial 14 finished with value 0.077282733 | dataset=Wiki500 | model=ufgtime_plus | val_MSE=0.892983233 | test_MSE=0.040278359 | MAE=0.077282733 | RMSE=0.200694691 | MAPE=146.156487542% | params={'learning_rate': 0.01948909689627116, 'decay_rate': 0.04188621847938553, 'hidden_size': 32, 'beta1': 0.9, 'beta2': 0.999, 'signal_len': 16, 'cheb_order': 2, 's': 4.668542219395609, 'batch_size': 32, 'k': 2}
Trial 15 finished with value 0.065937070 | dataset=Wiki500 | model=ufgtime_plus | val_MSE=0.883986424 | test_MSE=0.032644095 | MAE=0.065937070 | RMSE=0.180676769 | MAPE=169.986577291% | params={'learning_rate': 0.008494980623673081, 'decay_rate': 0.03204472730134963, 'hidden_size': 32, 'beta1': 0.9, 'beta2': 0.999, 'signal_len': 16, 'cheb_order': 3, 's': 6.73208590721051, 'batch_size': 128, 'k': 4}
Trial 16 finished with value 0.081651961 | dataset=Wiki500 | model=ufgtime_plus | val_MSE=0.888332397 | test_MSE=0.035573786 | MAE=0.081651961 | RMSE=0.188610144 | MAPE=194.121180103% | params={'learning_rate': 6.232350595386862e-05, 'decay_rate': 0.021924525400592667, 'hidden_size': 32, 'beta1': 0.9, 'beta2': 0.999, 'signal_len': 16, 'cheb_order': 3, 's': 4.062363617922923, 'batch_size': 128, 'k': 9}
Trial 17 finished with value 0.095998058 | dataset=Wiki500 | model=ufgtime_plus | val_MSE=0.897004448 | test_MSE=0.043443725 | MAE=0.095998058 | RMSE=0.208431583 | MAPE=173.228512061% | params={'learning_rate': 0.020953250766261353, 'decay_rate': 0.011772114325556098, 'hidden_size': 32, 'beta1': 0.9, 'beta2': 0.999, 'signal_len': 16, 'cheb_order': 3, 's': 6.961168746021938, 'batch_size': 128, 'k': 6}
Trial 18 finished with value 0.067834328 | dataset=Wiki500 | model=ufgtime_plus | val_MSE=0.883397346 | test_MSE=0.032149385 | MAE=0.067834328 | RMSE=0.179302497 | MAPE=183.575729561% | params={'learning_rate': 0.010257079563086743, 'decay_rate': 0.04673299476179729, 'hidden_size': 32, 'beta1': 0.9, 'beta2': 0.999, 'signal_len': 16, 'cheb_order': 2, 's': 3.0259545517517648, 'batch_size': 16, 'k': 4}
Trial 19 finished with value 0.106743522 | dataset=Wiki500 | model=ufgtime_plus | val_MSE=0.899926828 | test_MSE=0.048802629 | MAE=0.106743522 | RMSE=0.220913171 | MAPE=222.418542819% | params={'learning_rate': 0.04220044915725525, 'decay_rate': 0.025173322509961377, 'hidden_size': 64, 'beta1': 0.9, 'beta2': 0.999, 'signal_len': 16, 'cheb_order': 3, 's': 5.350905428142337, 'batch_size': 32, 'k': 7}
Trial 20 finished with value 0.096639575 | dataset=Wiki500 | model=ufgtime_plus | val_MSE=0.905498552 | test_MSE=0.041805440 | MAE=0.096639575 | RMSE=0.204463787 | MAPE=196.181695761% | params={'learning_rate': 0.02306001629013453, 'decay_rate': 0.007078212266014759, 'hidden_size': 32, 'beta1': 0.9, 'beta2': 0.999, 'signal_len': 16, 'cheb_order': 3, 's': 8.102440710390695, 'batch_size': 128, 'k': 3}
Trial 21 finished with value 0.066828290 | dataset=Wiki500 | model=ufgtime_plus | val_MSE=0.881551438 | test_MSE=0.031855809 | MAE=0.066828290 | RMSE=0.178481956 | MAPE=173.684656212% | params={'learning_rate': 0.000392177593546119, 'decay_rate': 0.01856932737277344, 'hidden_size': 32, 'beta1': 0.9, 'beta2': 0.999, 'signal_len': 16, 'cheb_order': 3, 's': 1.1186588669323148, 'batch_size': 128, 'k': 6}
Trial 22 finished with value 0.063555133 | dataset=Wiki500 | model=ufgtime_plus | val_MSE=0.882788279 | test_MSE=0.032707473 | MAE=0.063555133 | RMSE=0.180852076 | MAPE=159.183436111% | params={'learning_rate': 0.0038461320977619703, 'decay_rate': 0.02019900368661613, 'hidden_size': 32, 'beta1': 0.9, 'beta2': 0.999, 'signal_len': 16, 'cheb_order': 3, 's': 1.8279546084449265, 'batch_size': 128, 'k': 5}
Trial 23 finished with value 0.063739861 | dataset=Wiki500 | model=ufgtime_plus | val_MSE=0.883898107 | test_MSE=0.032762889 | MAE=0.063739861 | RMSE=0.181005217 | MAPE=139.672655029% | params={'learning_rate': 0.005299918787418861, 'decay_rate': 0.03379330407393549, 'hidden_size': 32, 'beta1': 0.9, 'beta2': 0.999, 'signal_len': 16, 'cheb_order': 3, 's': 2.211692927214405, 'batch_size': 128, 'k': 5}
Trial 24 finished with value 0.062654362 | dataset=Wiki500 | model=ufgtime_plus | val_MSE=0.882475631 | test_MSE=0.032603062 | MAE=0.062654362 | RMSE=0.180563179 | MAPE=156.328000264% | params={'learning_rate': 0.005571626214885647, 'decay_rate': 0.014187372780547044, 'hidden_size': 32, 'beta1': 0.9, 'beta2': 0.999, 'signal_len': 16, 'cheb_order': 3, 's': 3.019187404747668, 'batch_size': 128, 'k': 5}
Trial 25 finished with value 0.056811051 | dataset=Wiki500 | model=ufgtime_plus | val_MSE=0.881908562 | test_MSE=0.031386766 | MAE=0.056811051 | RMSE=0.177163106 | MAPE=121.050863376% | params={'learning_rate': 0.0047506540970340076, 'decay_rate': 0.012982886332728543, 'hidden_size': 32, 'beta1': 0.9, 'beta2': 0.999, 'signal_len': 16, 'cheb_order': 3, 's': 3.0096094361549137, 'batch_size': 128, 'k': 7}
Trial 26 finished with value 0.062006903 | dataset=Wiki500 | model=ufgtime_plus | val_MSE=0.883597907 | test_MSE=0.033395790 | MAE=0.062006903 | RMSE=0.182745150 | MAPE=134.152315344% | params={'learning_rate': 0.010655280137297283, 'decay_rate': 0.013125695445257834, 'hidden_size': 32, 'beta1': 0.9, 'beta2': 0.999, 'signal_len': 16, 'cheb_order': 2, 's': 3.0006523947945607, 'batch_size': 128, 'k': 9}
Trial 27 finished with value 0.054720310 | dataset=Wiki500 | model=ufgtime_plus | val_MSE=0.881204812 | test_MSE=0.030345383 | MAE=0.054720310 | RMSE=0.174199262 | MAPE=137.790705634% | params={'learning_rate': 0.011261581221604415, 'decay_rate': 0.007838284402503946, 'hidden_size': 32, 'beta1': 0.9, 'beta2': 0.999, 'signal_len': 16, 'cheb_order': 2, 's': 4.819257282331697, 'batch_size': 16, 'k': 9}
Trial 28 finished with value 0.048723741 | dataset=Wiki500 | model=ufgtime_plus | val_MSE=0.876278245 | test_MSE=0.028694768 | MAE=0.048723741 | RMSE=0.169395302 | MAPE=117.100858145% | params={'learning_rate': 0.012172707242244615, 'decay_rate': 0.00011933197411150356, 'hidden_size': 16, 'beta1': 0.9, 'beta2': 0.999, 'signal_len': 16, 'cheb_order': 2, 's': 5.008705470924365, 'batch_size': 16, 'k': 9}
Trial 29 finished with value 0.047130315 | dataset=Wiki500 | model=ufgtime_plus | val_MSE=0.896798744 | test_MSE=0.029046418 | MAE=0.047130315 | RMSE=0.170430097 | MAPE=85.007141518% | params={'learning_rate': 0.025215212933759078, 'decay_rate': 6.185083748554143e-05, 'hidden_size': 16, 'beta1': 0.9, 'beta2': 0.999, 'signal_len': 8, 'cheb_order': 2, 's': 4.997684369595948, 'batch_size': 16, 'k': 9}
Trial 30 finished with value 0.047569239 | dataset=Wiki500 | model=ufgtime_plus | val_MSE=0.889668777 | test_MSE=0.029202971 | MAE=0.047569239 | RMSE=0.170888768 | MAPE=81.570300604% | params={'learning_rate': 0.023979253156317066, 'decay_rate': 0.00017303544695089924, 'hidden_size': 16, 'beta1': 0.9, 'beta2': 0.999, 'signal_len': 8, 'cheb_order': 2, 's': 4.940615315813603, 'batch_size': 16, 'k': 9}
Trial 31 finished with value 0.047763376 | dataset=Wiki500 | model=ufgtime_plus | val_MSE=0.896766031 | test_MSE=0.029490985 | MAE=0.047763376 | RMSE=0.171729395 | MAPE=88.568612819% | params={'learning_rate': 0.0249788377352287, 'decay_rate': 0.00014724485847172244, 'hidden_size': 16, 'beta1': 0.9, 'beta2': 0.999, 'signal_len': 8, 'cheb_order': 2, 's': 4.838121053684839, 'batch_size': 16, 'k': 9}
Trial 32 finished with value 0.047979073 | dataset=Wiki500 | model=ufgtime_plus | val_MSE=0.900146528 | test_MSE=0.029537616 | MAE=0.047979073 | RMSE=0.171865109 | MAPE=80.888024546% | params={'learning_rate': 0.025082462860490557, 'decay_rate': 2.8886377651137556e-05, 'hidden_size': 16, 'beta1': 0.9, 'beta2': 0.999, 'signal_len': 8, 'cheb_order': 2, 's': 5.113295339510434, 'batch_size': 16, 'k': 9}
Trial 33 finished with value 0.053124609 | dataset=Wiki500 | model=ufgtime_plus | val_MSE=0.959852057 | test_MSE=0.032890514 | MAE=0.053124609 | RMSE=0.181357420 | MAPE=132.554097927% | params={'learning_rate': 0.0267952605213954, 'decay_rate': 0.0031912519417674487, 'hidden_size': 16, 'beta1': 0.9, 'beta2': 0.999, 'signal_len': 8, 'cheb_order': 2, 's': 3.89063894520162, 'batch_size': 16, 'k': 8}
Trial 34 finished with value 0.054001684 | dataset=Wiki500 | model=ufgtime_plus | val_MSE=0.957579872 | test_MSE=0.032810338 | MAE=0.054001684 | RMSE=0.181136242 | MAPE=139.345334431% | params={'learning_rate': 0.02362966207351917, 'decay_rate': 0.0033367052769235797, 'hidden_size': 16, 'beta1': 0.9, 'beta2': 0.999, 'signal_len': 8, 'cheb_order': 2, 's': 4.172052771758613, 'batch_size': 16, 'k': 9}
Trial 35 finished with value 0.052756214 | dataset=Wiki500 | model=ufgtime_plus | val_MSE=0.957591113 | test_MSE=0.033007853 | MAE=0.052756214 | RMSE=0.181680634 | MAPE=122.782574631% | params={'learning_rate': 0.0334474785747073, 'decay_rate': 0.002994659253448533, 'hidden_size': 16, 'beta1': 0.9, 'beta2': 0.999, 'signal_len': 8, 'cheb_order': 2, 's': 6.339232376339925, 'batch_size': 16, 'k': 10}
Trial 36 finished with value 0.063695745 | dataset=Wiki500 | model=ufgtime_plus | val_MSE=0.917637273 | test_MSE=0.034279855 | MAE=0.063695745 | RMSE=0.185148198 | MAPE=161.522867123% | params={'learning_rate': 0.03166872881267357, 'decay_rate': 0.008678506733504558, 'hidden_size': 16, 'beta1': 0.9, 'beta2': 0.999, 'signal_len': 8, 'cheb_order': 2, 's': 5.337392971796438, 'batch_size': 16, 'k': 8}
Trial 37 finished with value 0.049288839 | dataset=Wiki500 | model=ufgtime_plus | val_MSE=0.925284596 | test_MSE=0.030600674 | MAE=0.049288839 | RMSE=0.174930483 | MAPE=89.801936958% | params={'learning_rate': 0.02608029025718301, 'decay_rate': 0.0004956459728996492, 'hidden_size': 16, 'beta1': 0.9, 'beta2': 0.999, 'signal_len': 8, 'cheb_order': 2, 's': 4.382843519581806, 'batch_size': 16, 'k': 8}
Trial 38 finished with value 0.058257637 | dataset=Wiki500 | model=ufgtime_plus | val_MSE=0.931888435 | test_MSE=0.033564947 | MAE=0.058257637 | RMSE=0.183207389 | MAPE=143.891405501% | params={'learning_rate': 0.022515687079464, 'decay_rate': 0.005720250060430865, 'hidden_size': 16, 'beta1': 0.9, 'beta2': 0.999, 'signal_len': 8, 'cheb_order': 2, 's': 7.66038309806308, 'batch_size': 16, 'k': 10}
Trial 39 finished with value 0.053573074 | dataset=Wiki500 | model=ufgtime_plus | val_MSE=0.954386825 | test_MSE=0.033000044 | MAE=0.053573074 | RMSE=0.181659143 | MAPE=127.224500984% | params={'learning_rate': 0.03742448756013786, 'decay_rate': 0.003057801275476322, 'hidden_size': 16, 'beta1': 0.9, 'beta2': 0.999, 'signal_len': 8, 'cheb_order': 2, 's': 5.093563717999076, 'batch_size': 16, 'k': 9}
Trial 40 finished with value 0.087294947 | dataset=Wiki500 | model=ufgtime_plus | val_MSE=0.896925930 | test_MSE=0.041196056 | MAE=0.087294947 | RMSE=0.202968116 | MAPE=185.968708301% | params={'learning_rate': 0.030279425627256138, 'decay_rate': 0.009955379906585963, 'hidden_size': 16, 'beta1': 0.9, 'beta2': 0.999, 'signal_len': 8, 'cheb_order': 2, 's': 3.576336176240946, 'batch_size': 64, 'k': 7}
Trial 41 finished with value 0.047493630 | dataset=Wiki500 | model=ufgtime_plus | val_MSE=0.893125194 | test_MSE=0.028978547 | MAE=0.047493630 | RMSE=0.170230863 | MAPE=95.444821790% | params={'learning_rate': 0.01727152350230693, 'decay_rate': 0.00012190456986372197, 'hidden_size': 16, 'beta1': 0.9, 'beta2': 0.999, 'signal_len': 8, 'cheb_order': 2, 's': 4.779554866980903, 'batch_size': 16, 'k': 9}
Trial 42 finished with value 0.057995125 | dataset=Wiki500 | model=ufgtime_plus | val_MSE=0.933447010 | test_MSE=0.033468623 | MAE=0.057995125 | RMSE=0.182944318 | MAPE=144.428344528% | params={'learning_rate': 0.018653225253915537, 'decay_rate': 0.005618844654286282, 'hidden_size': 16, 'beta1': 0.9, 'beta2': 0.999, 'signal_len': 8, 'cheb_order': 2, 's': 6.306387665201371, 'batch_size': 16, 'k': 10}
Trial 43 finished with value 0.050830953 | dataset=Wiki500 | model=ufgtime_plus | val_MSE=0.904634406 | test_MSE=0.029914519 | MAE=0.050830953 | RMSE=0.172958142 | MAPE=128.737884653% | params={'learning_rate': 0.016673076482300094, 'decay_rate': 0.0005048742954969987, 'hidden_size': 16, 'beta1': 0.9, 'beta2': 0.999, 'signal_len': 8, 'cheb_order': 2, 's': 5.917052367242512, 'batch_size': 16, 'k': 8}
Trial 44 finished with value 0.054791585 | dataset=Wiki500 | model=ufgtime_plus | val_MSE=0.952324485 | test_MSE=0.032856105 | MAE=0.054791585 | RMSE=0.181262531 | MAPE=141.686861003% | params={'learning_rate': 0.024450156289540104, 'decay_rate': 0.0038532977318862793, 'hidden_size': 16, 'beta1': 0.9, 'beta2': 0.999, 'signal_len': 8, 'cheb_order': 2, 's': 4.697501228370559, 'batch_size': 16, 'k': 9}
Trial 45 finished with value 0.051746412 | dataset=Wiki500 | model=ufgtime_plus | val_MSE=0.972823963 | test_MSE=0.032764996 | MAE=0.051746412 | RMSE=0.181011039 | MAPE=128.954452828% | params={'learning_rate': 0.021202158663092233, 'decay_rate': 0.0018616818607576152, 'hidden_size': 64, 'beta1': 0.9, 'beta2': 0.999, 'signal_len': 8, 'cheb_order': 2, 's': 5.674952751340919, 'batch_size': 16, 'k': 10}
Trial 46 finished with value 0.074052852 | dataset=Wiki500 | model=ufgtime_plus | val_MSE=0.909577026 | test_MSE=0.036470621 | MAE=0.074052852 | RMSE=0.190972829 | MAPE=169.905164111% | params={'learning_rate': 0.028111815764619418, 'decay_rate': 0.005417422848331891, 'hidden_size': 16, 'beta1': 0.9, 'beta2': 0.999, 'signal_len': 8, 'cheb_order': 2, 's': 3.516377863598207, 'batch_size': 64, 'k': 9}
Trial 47 finished with value 0.082432782 | dataset=Wiki500 | model=ufgtime_plus | val_MSE=0.899297428 | test_MSE=0.037777325 | MAE=0.082432782 | RMSE=0.194363898 | MAPE=199.398368649% | params={'learning_rate': 0.01489237951571529, 'decay_rate': 0.009176828734243138, 'hidden_size': 16, 'beta1': 0.9, 'beta2': 0.999, 'signal_len': 8, 'cheb_order': 2, 's': 5.247270318981894, 'batch_size': 32, 'k': 8}
Trial 48 finished with value 0.048250937 | dataset=Wiki500 | model=ufgtime_plus | val_MSE=0.895643744 | test_MSE=0.029604193 | MAE=0.048250937 | RMSE=0.172058690 | MAPE=100.117939602% | params={'learning_rate': 0.025074074548691424, 'decay_rate': 0.0002215957290069897, 'hidden_size': 16, 'beta1': 0.9, 'beta2': 0.999, 'signal_len': 8, 'cheb_order': 2, 's': 4.473848674139913, 'batch_size': 16, 'k': 10}
Trial 49 finished with value 0.057284636 | dataset=Wiki500 | model=ufgtime_plus | val_MSE=0.931523996 | test_MSE=0.033959483 | MAE=0.057284636 | RMSE=0.184280990 | MAPE=127.142724632% | params={'learning_rate': 0.03634515720602169, 'decay_rate': 0.005749117702387479, 'hidden_size': 16, 'beta1': 0.9, 'beta2': 0.999, 'signal_len': 8, 'cheb_order': 2, 's': 6.6038343887191076, 'batch_size': 16, 'k': 8}
Trial 50 finished with value 0.055300827 | dataset=Wiki500 | model=ufgtime_plus | val_MSE=0.946674833 | test_MSE=0.033032246 | MAE=0.055300827 | RMSE=0.181747754 | MAPE=139.751537386% | params={'learning_rate': 0.020978498237948014, 'decay_rate': 0.004343793347399354, 'hidden_size': 64, 'beta1': 0.9, 'beta2': 0.999, 'signal_len': 8, 'cheb_order': 2, 's': 6.0332624158854635, 'batch_size': 16, 'k': 9}
Trial 51 finished with value 0.047359091 | dataset=Wiki500 | model=ufgtime_plus | val_MSE=0.895797159 | test_MSE=0.029040273 | MAE=0.047359091 | RMSE=0.170412067 | MAPE=92.693220026% | params={'learning_rate': 0.025611023944247486, 'decay_rate': 7.453389318666674e-05, 'hidden_size': 16, 'beta1': 0.9, 'beta2': 0.999, 'signal_len': 8, 'cheb_order': 2, 's': 4.437283242461181, 'batch_size': 16, 'k': 10}
Trial 52 finished with value 0.050447143 | dataset=Wiki500 | model=ufgtime_plus | val_MSE=0.971606191 | test_MSE=0.032940265 | MAE=0.050447143 | RMSE=0.181494532 | MAPE=101.702309083% | params={'learning_rate': 0.031195762686213067, 'decay_rate': 0.0015347623609866198, 'hidden_size': 16, 'beta1': 0.9, 'beta2': 0.999, 'signal_len': 8, 'cheb_order': 2, 's': 4.260512814122548, 'batch_size': 16, 'k': 10}
Trial 53 finished with value 0.060681791 | dataset=Wiki500 | model=ufgtime_plus | val_MSE=0.928105733 | test_MSE=0.033465790 | MAE=0.060681791 | RMSE=0.182936574 | MAPE=158.511373704% | params={'learning_rate': 0.028835793500441676, 'decay_rate': 0.0069505959271, 'hidden_size': 16, 'beta1': 0.9, 'beta2': 0.999, 'signal_len': 8, 'cheb_order': 2, 's': 4.902742996086748, 'batch_size': 16, 'k': 9}
