Trial 216 finished with value 0.052128297 | dataset=Wiki500 | model=ufgtime_plus | val_MSE=0.980385063 | test_MSE=0.033678337 | MAE=0.052128297 | RMSE=0.183516585 | MAPE=128.356962828% | params={'learning_rate': 0.005871669940694071, 'decay_rate': 0.0010564286528378442, 'hidden_size': 16, 'beta1': 0.9, 'beta2': 0.999, 'signal_len': 8, 'cheb_order': 2, 's': 1.5427197941626014, 'batch_size': 16, 'k': 10}
Trial 217 finished with value 0.052322512 | dataset=Wiki500 | model=ufgtime_plus | val_MSE=0.975617833 | test_MSE=0.032820341 | MAE=0.052322512 | RMSE=0.181163852 | MAPE=136.468843270% | params={'learning_rate': 0.007552975587625245, 'decay_rate': 0.0022780750775920657, 'hidden_size': 16, 'beta1': 0.9, 'beta2': 0.999, 'signal_len': 8, 'cheb_order': 2, 's': 2.165003668833219, 'batch_size': 16, 'k': 10}
Trial 218 finished with value 0.047078888 | dataset=Wiki500 | model=ufgtime_plus | val_MSE=0.900427468 | test_MSE=0.029361199 | MAE=0.047078888 | RMSE=0.171351100 | MAPE=78.549291809% | params={'learning_rate': 0.008029159371701972, 'decay_rate': 3.959539526193515e-05, 'hidden_size': 16, 'beta1': 0.9, 'beta2': 0.999, 'signal_len': 8, 'cheb_order': 2, 's': 1.6902266424477574, 'batch_size': 16, 'k': 10}
Trial 219 finished with value 0.050136121 | dataset=Wiki500 | model=ufgtime_plus | val_MSE=0.879462260 | test_MSE=0.030341557 | MAE=0.050136121 | RMSE=0.174188280 | MAPE=106.709286516% | params={'learning_rate': 0.006355221875833953, 'decay_rate': 0.0011901055489640273, 'hidden_size': 64, 'beta1': 0.9, 'beta2': 0.999, 'signal_len': 8, 'cheb_order': 2, 's': 2.762276859066189, 'batch_size': 16, 'k': 10}
Trial 220 finished with value 0.047049674 | dataset=Wiki500 | model=ufgtime_plus | val_MSE=0.900223360 | test_MSE=0.029350347 | MAE=0.047049674 | RMSE=0.171319431 | MAPE=77.874922061% | params={'learning_rate': 0.007543387631656768, 'decay_rate': 2.7951374340858635e-05, 'hidden_size': 16, 'beta1': 0.9, 'beta2': 0.999, 'signal_len': 8, 'cheb_order': 2, 's': 1.1762432322032474, 'batch_size': 16, 'k': 10}
Trial 221 finished with value 0.047110490 | dataset=Wiki500 | model=ufgtime_plus | val_MSE=0.899232335 | test_MSE=0.029375926 | MAE=0.047110490 | RMSE=0.171394066 | MAPE=77.868947815% | params={'learning_rate': 0.007244265958727289, 'decay_rate': 4.641987333962499e-05, 'hidden_size': 16, 'beta1': 0.9, 'beta2': 0.999, 'signal_len': 8, 'cheb_order': 2, 's': 1.4635167997287204, 'batch_size': 16, 'k': 10}
Trial 222 finished with value 0.047106032 | dataset=Wiki500 | model=ufgtime_plus | val_MSE=0.899501921 | test_MSE=0.029379773 | MAE=0.047106032 | RMSE=0.171405290 | MAPE=77.850350018% | params={'learning_rate': 0.007479897540377859, 'decay_rate': 4.172370666706265e-05, 'hidden_size': 16, 'beta1': 0.9, 'beta2': 0.999, 'signal_len': 8, 'cheb_order': 2, 's': 1.126258672084482, 'batch_size': 16, 'k': 10}
Trial 223 finished with value 0.050611827 | dataset=Wiki500 | model=ufgtime_plus | val_MSE=0.989045024 | test_MSE=0.032713407 | MAE=0.050611827 | RMSE=0.180868479 | MAPE=125.113879126% | params={'learning_rate': 0.0075603646599970405, 'decay_rate': 0.0009403726822997184, 'hidden_size': 16, 'beta1': 0.9, 'beta2': 0.999, 'signal_len': 8, 'cheb_order': 2, 's': 1.5638277873998518, 'batch_size': 16, 'k': 10}
Trial 224 finished with value 0.050113535 | dataset=Wiki500 | model=ufgtime_plus | val_MSE=0.984501481 | test_MSE=0.032676668 | MAE=0.050113535 | RMSE=0.180766887 | MAPE=116.291452044% | params={'learning_rate': 0.0065978712652841436, 'decay_rate': 0.000922188822729748, 'hidden_size': 16, 'beta1': 0.9, 'beta2': 0.999, 'signal_len': 8, 'cheb_order': 2, 's': 1.1842151367256575, 'batch_size': 16, 'k': 10}
Trial 225 finished with value 0.047097933 | dataset=Wiki500 | model=ufgtime_plus | val_MSE=0.899881379 | test_MSE=0.029383152 | MAE=0.047097933 | RMSE=0.171415146 | MAPE=77.799950818% | params={'learning_rate': 0.00789151325504791, 'decay_rate': 3.422850276891253e-05, 'hidden_size': 16, 'beta1': 0.9, 'beta2': 0.999, 'signal_len': 8, 'cheb_order': 2, 's': 1.6036794367934188, 'batch_size': 16, 'k': 10}
Trial 226 finished with value 0.058446135 | dataset=Wiki500 | model=ufgtime_plus | val_MSE=0.955487244 | test_MSE=0.034508316 | MAE=0.058446135 | RMSE=0.185764140 | MAPE=143.304656531% | params={'learning_rate': 0.005467382627990863, 'decay_rate': 0.0021494262517726278, 'hidden_size': 16, 'beta1': 0.9, 'beta2': 0.999, 'signal_len': 8, 'cheb_order': 2, 's': 1.6732430702093364, 'batch_size': 16, 'k': 10}
Trial 227 finished with value 0.047002073 | dataset=Wiki500 | model=ufgtime_plus | val_MSE=0.901897946 | test_MSE=0.029205156 | MAE=0.047002073 | RMSE=0.170895161 | MAPE=83.137604419% | params={'learning_rate': 0.007360012420239294, 'decay_rate': 1.814294046292332e-05, 'hidden_size': 16, 'beta1': 0.9, 'beta2': 0.999, 'signal_len': 8, 'cheb_order': 2, 's': 1.139418134774848, 'batch_size': 16, 'k': 10}
Trial 228 finished with value 0.051374931 | dataset=Wiki500 | model=ufgtime_plus | val_MSE=0.982563566 | test_MSE=0.032818159 | MAE=0.051374931 | RMSE=0.181157828 | MAPE=130.796480881% | params={'learning_rate': 0.0078031904364976815, 'decay_rate': 0.001569233287279266, 'hidden_size': 16, 'beta1': 0.9, 'beta2': 0.999, 'signal_len': 8, 'cheb_order': 2, 's': 1.664605479033721, 'batch_size': 16, 'k': 10}
Trial 229 finished with value 0.077488881 | dataset=Wiki500 | model=ufgtime_plus | val_MSE=0.922930488 | test_MSE=0.037817463 | MAE=0.077488881 | RMSE=0.194467126 | MAPE=175.872125666% | params={'learning_rate': 0.007838806266870313, 'decay_rate': 0.0009524847483666155, 'hidden_size': 16, 'beta1': 0.9, 'beta2': 0.999, 'signal_len': 8, 'cheb_order': 2, 's': 1.2114626535491728, 'batch_size': 32, 'k': 10}
Trial 230 finished with value 0.046901195 | dataset=Wiki500 | model=ufgtime_plus | val_MSE=0.900390003 | test_MSE=0.029213078 | MAE=0.046901195 | RMSE=0.170918338 | MAPE=80.492867484% | params={'learning_rate': 0.006285384023165537, 'decay_rate': 2.963997169644576e-05, 'hidden_size': 16, 'beta1': 0.9, 'beta2': 0.999, 'signal_len': 8, 'cheb_order': 2, 's': 1.4567716763360454, 'batch_size': 16, 'k': 10}
Trial 231 finished with value 0.050092192 | dataset=Wiki500 | model=ufgtime_plus | val_MSE=0.984585955 | test_MSE=0.032668144 | MAE=0.050092192 | RMSE=0.180743308 | MAPE=116.042324182% | params={'learning_rate': 0.006646590602889405, 'decay_rate': 0.0009036313386095369, 'hidden_size': 16, 'beta1': 0.9, 'beta2': 0.999, 'signal_len': 8, 'cheb_order': 2, 's': 1.231181954780645, 'batch_size': 16, 'k': 10}
Trial 232 finished with value 0.047650214 | dataset=Wiki500 | model=ufgtime_plus | val_MSE=0.900097859 | test_MSE=0.029091881 | MAE=0.047650214 | RMSE=0.170563421 | MAPE=100.706509271% | params={'learning_rate': 0.005028542847750335, 'decay_rate': 2.3846997652726644e-05, 'hidden_size': 16, 'beta1': 0.9, 'beta2': 0.999, 'signal_len': 8, 'cheb_order': 2, 's': 1.1050369623119474, 'batch_size': 16, 'k': 10}
Trial 233 finished with value 0.051800646 | dataset=Wiki500 | model=ufgtime_plus | val_MSE=0.877003219 | test_MSE=0.030232479 | MAE=0.051800646 | RMSE=0.173874896 | MAPE=120.105558097% | params={'learning_rate': 0.0023202211192061596, 'decay_rate': 0.0018421239750414176, 'hidden_size': 16, 'beta1': 0.9, 'beta2': 0.999, 'signal_len': 8, 'cheb_order': 2, 's': 1.4203560430550877, 'batch_size': 16, 'k': 10}
Trial 234 finished with value 0.047573514 | dataset=Wiki500 | model=ufgtime_plus | val_MSE=0.901899829 | test_MSE=0.029355679 | MAE=0.047573514 | RMSE=0.171334992 | MAPE=89.293151952% | params={'learning_rate': 0.006872986622979794, 'decay_rate': 1.7519007362744393e-05, 'hidden_size': 16, 'beta1': 0.9, 'beta2': 0.999, 'signal_len': 8, 'cheb_order': 2, 's': 1.4571504719186348, 'batch_size': 16, 'k': 10}
Trial 235 finished with value 0.046182784 | dataset=Wiki500 | model=ufgtime_plus | val_MSE=0.901691370 | test_MSE=0.029147509 | MAE=0.046182784 | RMSE=0.170726415 | MAPE=78.107166448% | params={'learning_rate': 0.008268170092365202, 'decay_rate': 1.527684914412516e-05, 'hidden_size': 16, 'beta1': 0.9, 'beta2': 0.999, 'signal_len': 8, 'cheb_order': 2, 's': 1.8036394674006604, 'batch_size': 16, 'k': 10}
Trial 236 finished with value 0.050688235 | dataset=Wiki500 | model=ufgtime_plus | val_MSE=0.987126964 | test_MSE=0.032726156 | MAE=0.050688235 | RMSE=0.180903720 | MAPE=125.462639505% | params={'learning_rate': 0.008539684285388014, 'decay_rate': 0.0010388674620027587, 'hidden_size': 16, 'beta1': 0.9, 'beta2': 0.999, 'signal_len': 8, 'cheb_order': 2, 's': 1.8021905580517261, 'batch_size': 16, 'k': 10}
Trial 237 finished with value 0.053403702 | dataset=Wiki500 | model=ufgtime_plus | val_MSE=0.972829701 | test_MSE=0.033312978 | MAE=0.053403702 | RMSE=0.182518431 | MAPE=138.685799508% | params={'learning_rate': 0.0059701491520537915, 'decay_rate': 0.0017198002895097697, 'hidden_size': 16, 'beta1': 0.9, 'beta2': 0.999, 'signal_len': 8, 'cheb_order': 2, 's': 1.3806084259125055, 'batch_size': 16, 'k': 10}
Trial 238 finished with value 0.110919651 | dataset=Wiki500 | model=ufgtime_plus | val_MSE=0.921935818 | test_MSE=0.048685811 | MAE=0.110919651 | RMSE=0.220648615 | MAPE=219.538734841% | params={'learning_rate': 0.007417287982370246, 'decay_rate': 0.000951076184206893, 'hidden_size': 32, 'beta1': 0.9, 'beta2': 0.999, 'signal_len': 8, 'cheb_order': 2, 's': 1.6536603690323028, 'batch_size': 128, 'k': 10}
Trial 239 finished with value 0.056526164 | dataset=Wiki500 | model=ufgtime_plus | val_MSE=0.880447986 | test_MSE=0.030852614 | MAE=0.056526164 | RMSE=0.175649122 | MAPE=142.293233216% | params={'learning_rate': 0.003915789427229508, 'decay_rate': 0.002934443585696347, 'hidden_size': 16, 'beta1': 0.9, 'beta2': 0.999, 'signal_len': 8, 'cheb_order': 2, 's': 1.8409075489478115, 'batch_size': 16, 'k': 10}
Trial 240 finished with value 0.047117136 | dataset=Wiki500 | model=ufgtime_plus | val_MSE=0.899239337 | test_MSE=0.029366476 | MAE=0.047117136 | RMSE=0.171366497 | MAPE=77.741495988% | params={'learning_rate': 0.009080061801381002, 'decay_rate': 4.8484641007109695e-05, 'hidden_size': 16, 'beta1': 0.9, 'beta2': 0.999, 'signal_len': 8, 'cheb_order': 3, 's': 2.0213157555358103, 'batch_size': 16, 'k': 10}
Trial 241 finished with value 0.050345084 | dataset=Wiki500 | model=ufgtime_plus | val_MSE=0.983412713 | test_MSE=0.032535663 | MAE=0.050345084 | RMSE=0.180376449 | MAPE=118.579958707% | params={'learning_rate': 0.008967586433236568, 'decay_rate': 0.0007643358367343705, 'hidden_size': 16, 'beta1': 0.9, 'beta2': 0.999, 'signal_len': 8, 'cheb_order': 3, 's': 1.9535986174491207, 'batch_size': 16, 'k': 10}
Trial 242 finished with value 0.047086593 | dataset=Wiki500 | model=ufgtime_plus | val_MSE=0.900123987 | test_MSE=0.029379056 | MAE=0.047086593 | RMSE=0.171403197 | MAPE=77.530021960% | params={'learning_rate': 0.008494956424495818, 'decay_rate': 2.8871189871546703e-05, 'hidden_size': 16, 'beta1': 0.9, 'beta2': 0.999, 'signal_len': 8, 'cheb_order': 3, 's': 2.357842215028016, 'batch_size': 16, 'k': 10}
Trial 243 finished with value 0.047138396 | dataset=Wiki500 | model=ufgtime_plus | val_MSE=0.900789436 | test_MSE=0.029427416 | MAE=0.047138396 | RMSE=0.171544210 | MAPE=77.687547226% | params={'learning_rate': 0.008073677264094102, 'decay_rate': 3.1785878076849785e-05, 'hidden_size': 16, 'beta1': 0.9, 'beta2': 0.999, 'signal_len': 8, 'cheb_order': 3, 's': 2.0960836252943533, 'batch_size': 16, 'k': 10}
Trial 244 finished with value 0.050857125 | dataset=Wiki500 | model=ufgtime_plus | val_MSE=0.978239014 | test_MSE=0.032842807 | MAE=0.050857125 | RMSE=0.181225846 | MAPE=120.776187942% | params={'learning_rate': 0.007335127914658234, 'decay_rate': 0.0017357103805218336, 'hidden_size': 16, 'beta1': 0.9, 'beta2': 0.999, 'signal_len': 8, 'cheb_order': 3, 's': 2.2618564513210653, 'batch_size': 16, 'k': 10}
Trial 245 finished with value 0.047077789 | dataset=Wiki500 | model=ufgtime_plus | val_MSE=0.900139067 | test_MSE=0.029375510 | MAE=0.047077789 | RMSE=0.171392853 | MAPE=77.491118254% | params={'learning_rate': 0.008204771794241988, 'decay_rate': 2.6424411607417197e-05, 'hidden_size': 16, 'beta1': 0.9, 'beta2': 0.999, 'signal_len': 8, 'cheb_order': 3, 's': 2.278819719869624, 'batch_size': 16, 'k': 10}
Trial 246 finished with value 0.051587353 | dataset=Wiki500 | model=ufgtime_plus | val_MSE=0.989407853 | test_MSE=0.033770984 | MAE=0.051587353 | RMSE=0.183768832 | MAPE=124.864312733% | params={'learning_rate': 0.006475097527621672, 'decay_rate': 0.0009963012102855921, 'hidden_size': 16, 'beta1': 0.9, 'beta2': 0.999, 'signal_len': 8, 'cheb_order': 3, 's': 2.447604462019243, 'batch_size': 16, 'k': 10}
Trial 247 finished with value 0.050725946 | dataset=Wiki500 | model=ufgtime_plus | val_MSE=0.886259066 | test_MSE=0.030819254 | MAE=0.050725946 | RMSE=0.175554134 | MAPE=79.493749551% | params={'learning_rate': 0.009343689834176919, 'decay_rate': 1.3442199260375653e-05, 'hidden_size': 16, 'beta1': 0.9, 'beta2': 0.999, 'signal_len': 8, 'cheb_order': 3, 's': 1.5126868697413187, 'batch_size': 16, 'k': 10}
Trial 248 finished with value 0.051902843 | dataset=Wiki500 | model=ufgtime_plus | val_MSE=0.978232857 | test_MSE=0.032819593 | MAE=0.051902843 | RMSE=0.181161787 | MAPE=133.928240881% | params={'learning_rate': 0.008183528759043664, 'decay_rate': 0.0019696923856779938, 'hidden_size': 16, 'beta1': 0.9, 'beta2': 0.999, 'signal_len': 8, 'cheb_order': 3, 's': 1.3365438319661749, 'batch_size': 16, 'k': 10}
Trial 249 finished with value 0.058281551 | dataset=Wiki500 | model=ufgtime_plus | val_MSE=0.956327628 | test_MSE=0.035244179 | MAE=0.058281551 | RMSE=0.187734332 | MAPE=134.538096350% | params={'learning_rate': 0.004780008269519075, 'decay_rate': 0.0009202059199935235, 'hidden_size': 16, 'beta1': 0.9, 'beta2': 0.999, 'signal_len': 8, 'cheb_order': 3, 's': 1.7390922488967684, 'batch_size': 16, 'k': 10}
Trial 250 finished with value 0.109349374 | dataset=Wiki500 | model=ufgtime_plus | val_MSE=0.918436533 | test_MSE=0.044594530 | MAE=0.109349374 | RMSE=0.211174169 | MAPE=234.026006626% | params={'learning_rate': 0.007356519444486408, 'decay_rate': 0.0009360644497320169, 'hidden_size': 16, 'beta1': 0.9, 'beta2': 0.999, 'signal_len': 8, 'cheb_order': 3, 's': 2.3866266645354286, 'batch_size': 64, 'k': 10}
Trial 251 finished with value 0.052255276 | dataset=Wiki500 | model=ufgtime_plus | val_MSE=0.975457854 | test_MSE=0.032807510 | MAE=0.052255276 | RMSE=0.181128434 | MAPE=135.804727681% | params={'learning_rate': 0.009100513562609037, 'decay_rate': 0.0022107174616987023, 'hidden_size': 16, 'beta1': 0.9, 'beta2': 0.999, 'signal_len': 8, 'cheb_order': 3, 's': 1.9820212366655592, 'batch_size': 16, 'k': 10}
Trial 252 finished with value 0.047439766 | dataset=Wiki500 | model=ufgtime_plus | val_MSE=0.897976895 | test_MSE=0.029172075 | MAE=0.047439766 | RMSE=0.170798346 | MAPE=87.331398494% | params={'learning_rate': 0.010471039828284706, 'decay_rate': 4.7218611052811656e-05, 'hidden_size': 16, 'beta1': 0.9, 'beta2': 0.999, 'signal_len': 8, 'cheb_order': 3, 's': 1.245985347454649, 'batch_size': 16, 'k': 10}
Trial 253 finished with value 0.062048962 | dataset=Wiki500 | model=ufgtime_plus | val_MSE=0.886778048 | test_MSE=0.033031572 | MAE=0.062048962 | RMSE=0.181745900 | MAPE=153.221005958% | params={'learning_rate': 0.006262776359509796, 'decay_rate': 0.023480070786464916, 'hidden_size': 16, 'beta1': 0.9, 'beta2': 0.999, 'signal_len': 8, 'cheb_order': 3, 's': 1.1112506202095833, 'batch_size': 16, 'k': 10}
Trial 254 finished with value 0.051329319 | dataset=Wiki500 | model=ufgtime_plus | val_MSE=0.982516236 | test_MSE=0.032809089 | MAE=0.051329319 | RMSE=0.181132794 | MAPE=130.344039339% | params={'learning_rate': 0.00822203738610745, 'decay_rate': 0.0015362313319232418, 'hidden_size': 16, 'beta1': 0.9, 'beta2': 0.999, 'signal_len': 8, 'cheb_order': 3, 's': 1.481042716372151, 'batch_size': 16, 'k': 10}
Trial 255 finished with value 0.052151187 | dataset=Wiki500 | model=ufgtime_plus | val_MSE=0.977822558 | test_MSE=0.033688498 | MAE=0.052151187 | RMSE=0.183544267 | MAPE=127.858464942% | params={'learning_rate': 0.005673705152962952, 'decay_rate': 0.00100448220714732, 'hidden_size': 16, 'beta1': 0.9, 'beta2': 0.999, 'signal_len': 8, 'cheb_order': 3, 's': 1.668623609650625, 'batch_size': 16, 'k': 10}
Trial 256 finished with value 0.052852147 | dataset=Wiki500 | model=ufgtime_plus | val_MSE=0.971394826 | test_MSE=0.032795108 | MAE=0.052852147 | RMSE=0.181094196 | MAPE=138.931754497% | params={'learning_rate': 0.009563066397668255, 'decay_rate': 0.002626228503793655, 'hidden_size': 16, 'beta1': 0.9, 'beta2': 0.999, 'signal_len': 8, 'cheb_order': 3, 's': 1.5310242645588341, 'batch_size': 16, 'k': 10}
Trial 257 finished with value 0.050198720 | dataset=Wiki500 | model=ufgtime_plus | val_MSE=0.982876732 | test_MSE=0.032795363 | MAE=0.050198720 | RMSE=0.181094900 | MAPE=114.768954541% | params={'learning_rate': 0.007113085072466251, 'decay_rate': 0.0012433483251509255, 'hidden_size': 16, 'beta1': 0.9, 'beta2': 0.999, 'signal_len': 8, 'cheb_order': 3, 's': 1.3003511939440215, 'batch_size': 16, 'k': 4}
Trial 258 finished with value 0.050251238 | dataset=Wiki500 | model=ufgtime_plus | val_MSE=0.990076125 | test_MSE=0.032582536 | MAE=0.050251238 | RMSE=0.180506333 | MAPE=121.477770034% | params={'learning_rate': 0.008103974444406968, 'decay_rate': 0.0007014298030160934, 'hidden_size': 16, 'beta1': 0.9, 'beta2': 0.999, 'signal_len': 8, 'cheb_order': 2, 's': 1.8438714814106816, 'batch_size': 16, 'k': 10}
Trial 259 finished with value 0.069654695 | dataset=Wiki500 | model=ufgtime_plus | val_MSE=0.890735005 | test_MSE=0.036111909 | MAE=0.069654695 | RMSE=0.190031337 | MAPE=152.861563133% | params={'learning_rate': 0.010072292773562912, 'decay_rate': 0.04076301546761055, 'hidden_size': 64, 'beta1': 0.9, 'beta2': 0.999, 'signal_len': 8, 'cheb_order': 3, 's': 2.0425823146782967, 'batch_size': 16, 'k': 10}
Trial 260 finished with value 0.051907338 | dataset=Wiki500 | model=ufgtime_plus | val_MSE=0.977952508 | test_MSE=0.032811981 | MAE=0.051907338 | RMSE=0.181140777 | MAPE=133.834250666% | params={'learning_rate': 0.008844144985322069, 'decay_rate': 0.0019615579042930845, 'hidden_size': 16, 'beta1': 0.9, 'beta2': 0.999, 'signal_len': 8, 'cheb_order': 2, 's': 1.383320918109785, 'batch_size': 16, 'k': 2}
Trial 261 finished with value 0.047194567 | dataset=Wiki500 | model=ufgtime_plus | val_MSE=0.897280955 | test_MSE=0.029316706 | MAE=0.047194567 | RMSE=0.171221218 | MAPE=80.027073256% | params={'learning_rate': 0.010620959190864619, 'decay_rate': 9.72926554022928e-05, 'hidden_size': 16, 'beta1': 0.9, 'beta2': 0.999, 'signal_len': 8, 'cheb_order': 2, 's': 1.5996480468939598, 'batch_size': 16, 'k': 10}
Trial 262 finished with value 0.053579786 | dataset=Wiki500 | model=ufgtime_plus | val_MSE=0.967478549 | test_MSE=0.032789959 | MAE=0.053579786 | RMSE=0.181079978 | MAPE=142.819743102% | params={'learning_rate': 0.007748065554632411, 'decay_rate': 0.003068986367566233, 'hidden_size': 16, 'beta1': 0.9, 'beta2': 0.999, 'signal_len': 8, 'cheb_order': 2, 's': 2.406298072780864, 'batch_size': 16, 'k': 10}
Trial 263 finished with value 0.047090266 | dataset=Wiki500 | model=ufgtime_plus | val_MSE=0.897908898 | test_MSE=0.029269840 | MAE=0.047090266 | RMSE=0.171084305 | MAPE=80.904791833% | params={'learning_rate': 0.006922065834595153, 'decay_rate': 5.683265678121896e-05, 'hidden_size': 16, 'beta1': 0.9, 'beta2': 0.999, 'signal_len': 8, 'cheb_order': 2, 's': 1.2479114880983375, 'batch_size': 32, 'k': 10}
Trial 264 finished with value 0.102664767 | dataset=Wiki500 | model=ufgtime_plus | val_MSE=0.915278631 | test_MSE=0.048854926 | MAE=0.102664767 | RMSE=0.221031504 | MAPE=196.107943398% | params={'learning_rate': 0.006788564361590835, 'decay_rate': 1.5267959471715567e-05, 'hidden_size': 16, 'beta1': 0.9, 'beta2': 0.999, 'signal_len': 8, 'cheb_order': 2, 's': 7.511594214621118, 'batch_size': 128, 'k': 7}
Trial 265 finished with value 0.051686077 | dataset=Wiki500 | model=ufgtime_plus | val_MSE=0.973348488 | test_MSE=0.032407285 | MAE=0.051686077 | RMSE=0.180020235 | MAPE=133.240395000% | params={'learning_rate': 0.00538954371528291, 'decay_rate': 0.001678986948237169, 'hidden_size': 32, 'beta1': 0.9, 'beta2': 0.999, 'signal_len': 8, 'cheb_order': 2, 's': 1.1217802922126987, 'batch_size': 16, 'k': 10}
Trial 266 finished with value 0.080408143 | dataset=Wiki500 | model=ufgtime_plus | val_MSE=0.915637411 | test_MSE=0.038583372 | MAE=0.080408143 | RMSE=0.196426505 | MAPE=176.979490636% | params={'learning_rate': 0.006330006079258626, 'decay_rate': 0.0009750100761185685, 'hidden_size': 16, 'beta1': 0.9, 'beta2': 0.999, 'signal_len': 8, 'cheb_order': 2, 's': 1.3391671486246166, 'batch_size': 32, 'k': 10}
Trial 267 finished with value 0.072387355 | dataset=Wiki500 | model=ufgtime_plus | val_MSE=0.935434289 | test_MSE=0.036614723 | MAE=0.072387355 | RMSE=0.191349740 | MAPE=174.694552265% | params={'learning_rate': 0.009309770571941068, 'decay_rate': 0.000911405280771047, 'hidden_size': 16, 'beta1': 0.9, 'beta2': 0.999, 'signal_len': 8, 'cheb_order': 2, 's': 1.7208938603347113, 'batch_size': 32, 'k': 10}
Trial 268 finished with value 0.067587635 | dataset=Wiki500 | model=ufgtime_plus | val_MSE=0.888096760 | test_MSE=0.034038461 | MAE=0.067587635 | RMSE=0.184495151 | MAPE=166.772803727% | params={'learning_rate': 0.008137124147644587, 'decay_rate': 0.032678713244261554, 'hidden_size': 16, 'beta1': 0.9, 'beta2': 0.999, 'signal_len': 8, 'cheb_order': 2, 's': 1.5017328715891403, 'batch_size': 32, 'k': 10}
Trial 269 finished with value 0.057143266 | dataset=Wiki500 | model=ufgtime_plus | val_MSE=0.880230462 | test_MSE=0.031292726 | MAE=0.057143266 | RMSE=0.176897503 | MAPE=147.918132115% | params={'learning_rate': 0.0047553953792762015, 'decay_rate': 0.0024690867516323997, 'hidden_size': 16, 'beta1': 0.9, 'beta2': 0.999, 'signal_len': 8, 'cheb_order': 3, 's': 1.2528498856180583, 'batch_size': 32, 'k': 10}
