Trial 108 finished with value 0.048664977 | dataset=Wiki500 | model=ufgtime_plus | val_MSE=0.867501802 | test_MSE=0.028615632 | MAE=0.048664977 | RMSE=0.169161555 | MAPE=110.930831480% | params={'learning_rate': 0.011501268821108149, 'decay_rate': 5.1684215359705385e-05, 'hidden_size': 16, 'beta1': 0.9, 'beta2': 0.999, 'signal_len': 16, 'cheb_order': 2, 's': 4.333729236452864, 'batch_size': 16, 'k': 9}
Trial 109 finished with value 0.055684033 | dataset=Wiki500 | model=ufgtime_plus | val_MSE=0.881924272 | test_MSE=0.030752057 | MAE=0.055684033 | RMSE=0.175362644 | MAPE=138.837222772% | params={'learning_rate': 0.01117409229225344, 'decay_rate': 0.005231424271430228, 'hidden_size': 32, 'beta1': 0.9, 'beta2': 0.999, 'signal_len': 16, 'cheb_order': 2, 's': 4.337943522308898, 'batch_size': 16, 'k': 8}
Trial 110 finished with value 0.104867798 | dataset=Wiki500 | model=ufgtime_plus | val_MSE=0.904360030 | test_MSE=0.051587223 | MAE=0.104867798 | RMSE=0.227128209 | MAPE=207.183682623% | params={'learning_rate': 0.015396302371746167, 'decay_rate': 0.049541450868810594, 'hidden_size': 16, 'beta1': 0.9, 'beta2': 0.999, 'signal_len': 16, 'cheb_order': 2, 's': 4.039396115777215, 'batch_size': 16, 'k': 9}
Trial 111 finished with value 0.051813439 | dataset=Wiki500 | model=ufgtime_plus | val_MSE=0.991725617 | test_MSE=0.032493028 | MAE=0.051813439 | RMSE=0.180258227 | MAPE=134.649523359% | params={'learning_rate': 0.008499071092245602, 'decay_rate': 0.0006338140989212192, 'hidden_size': 16, 'beta1': 0.9, 'beta2': 0.999, 'signal_len': 16, 'cheb_order': 2, 's': 4.668602873518154, 'batch_size': 16, 'k': 9}
Trial 112 finished with value 0.047988338 | dataset=Wiki500 | model=ufgtime_plus | val_MSE=0.882559180 | test_MSE=0.029213237 | MAE=0.047988338 | RMSE=0.170918802 | MAPE=99.533444815% | params={'learning_rate': 0.01217793696197921, 'decay_rate': 6.422099195700275e-05, 'hidden_size': 16, 'beta1': 0.9, 'beta2': 0.999, 'signal_len': 16, 'cheb_order': 2, 's': 4.904476469226515, 'batch_size': 16, 'k': 9}
Trial 113 finished with value 0.056022611 | dataset=Wiki500 | model=ufgtime_plus | val_MSE=0.975442974 | test_MSE=0.032811028 | MAE=0.056022611 | RMSE=0.181138145 | MAPE=140.452442396% | params={'learning_rate': 0.010032810537780056, 'decay_rate': 0.0017677533369880826, 'hidden_size': 16, 'beta1': 0.9, 'beta2': 0.999, 'signal_len': 16, 'cheb_order': 2, 's': 4.8676536664612975, 'batch_size': 16, 'k': 8}
Trial 114 finished with value 0.064310652 | dataset=Wiki500 | model=ufgtime_plus | val_MSE=0.956711308 | test_MSE=0.034038877 | MAE=0.064310652 | RMSE=0.184496278 | MAPE=163.636815649% | params={'learning_rate': 0.0027842595316031962, 'decay_rate': 0.00013462018446963695, 'hidden_size': 16, 'beta1': 0.9, 'beta2': 0.999, 'signal_len': 16, 'cheb_order': 2, 's': 5.346548104525785, 'batch_size': 16, 'k': 9}
Trial 115 finished with value 0.053703556 | dataset=Wiki500 | model=ufgtime_plus | val_MSE=0.958577412 | test_MSE=0.032893834 | MAE=0.053703556 | RMSE=0.181366573 | MAPE=136.843900365% | params={'learning_rate': 0.011697904875008474, 'decay_rate': 0.0035625319437174825, 'hidden_size': 16, 'beta1': 0.9, 'beta2': 0.999, 'signal_len': 16, 'cheb_order': 2, 's': 4.559854841123695, 'batch_size': 16, 'k': 9}
Trial 116 finished with value 0.052411550 | dataset=Wiki500 | model=ufgtime_plus | val_MSE=0.969092762 | test_MSE=0.032803904 | MAE=0.052411550 | RMSE=0.181118480 | MAPE=133.358562288% | params={'learning_rate': 0.006970786001151486, 'decay_rate': 0.0021887359446503027, 'hidden_size': 16, 'beta1': 0.9, 'beta2': 0.999, 'signal_len': 16, 'cheb_order': 2, 's': 4.302759680122172, 'batch_size': 16, 'k': 9}
Trial 117 finished with value 0.049788376 | dataset=Wiki500 | model=ufgtime_plus | val_MSE=0.982013048 | test_MSE=0.032740496 | MAE=0.049788376 | RMSE=0.180943350 | MAPE=107.282371676% | params={'learning_rate': 0.013083547343146366, 'decay_rate': 0.0010544726349654124, 'hidden_size': 16, 'beta1': 0.9, 'beta2': 0.999, 'signal_len': 16, 'cheb_order': 3, 's': 3.806086393484582, 'batch_size': 16, 'k': 9}
Trial 118 finished with value 0.057586607 | dataset=Wiki500 | model=ufgtime_plus | val_MSE=0.949837020 | test_MSE=0.032962168 | MAE=0.057586607 | RMSE=0.181554863 | MAPE=152.246845401% | params={'learning_rate': 0.04315815574700382, 'decay_rate': 0.004527046147831917, 'hidden_size': 16, 'beta1': 0.9, 'beta2': 0.999, 'signal_len': 16, 'cheb_order': 2, 's': 4.7618715882321725, 'batch_size': 32, 'k': 8}
Trial 119 finished with value 0.053049866 | dataset=Wiki500 | model=ufgtime_plus | val_MSE=0.962503489 | test_MSE=0.032798776 | MAE=0.053049866 | RMSE=0.181104325 | MAPE=135.317256145% | params={'learning_rate': 0.030313836032193408, 'decay_rate': 0.0028017133243370142, 'hidden_size': 64, 'beta1': 0.9, 'beta2': 0.999, 'signal_len': 16, 'cheb_order': 2, 's': 4.146223612644646, 'batch_size': 16, 'k': 9}
Trial 120 finished with value 0.053639120 | dataset=Wiki500 | model=ufgtime_plus | val_MSE=0.962616447 | test_MSE=0.032627279 | MAE=0.053639120 | RMSE=0.180630228 | MAPE=127.780094379% | params={'learning_rate': 0.02644567997018491, 'decay_rate': 0.0015158372680369868, 'hidden_size': 16, 'beta1': 0.9, 'beta2': 0.999, 'signal_len': 16, 'cheb_order': 2, 's': 5.006634136775071, 'batch_size': 16, 'k': 10}
Trial 121 finished with value 0.047060623 | dataset=Wiki500 | model=ufgtime_plus | val_MSE=0.900369890 | test_MSE=0.029303912 | MAE=0.047060623 | RMSE=0.171183854 | MAPE=78.258182880% | params={'learning_rate': 0.012427838982872565, 'decay_rate': 2.9801339502428098e-05, 'hidden_size': 16, 'beta1': 0.9, 'beta2': 0.999, 'signal_len': 8, 'cheb_order': 2, 's': 5.219749895851453, 'batch_size': 16, 'k': 10}
Trial 122 finished with value 0.047932575 | dataset=Wiki500 | model=ufgtime_plus | val_MSE=0.896026676 | test_MSE=0.029383526 | MAE=0.047932575 | RMSE=0.171416235 | MAPE=97.848030574% | params={'learning_rate': 0.014155774937733364, 'decay_rate': 0.00016688749867850556, 'hidden_size': 16, 'beta1': 0.9, 'beta2': 0.999, 'signal_len': 8, 'cheb_order': 2, 's': 5.440669383511191, 'batch_size': 16, 'k': 10}
Trial 123 finished with value 0.048436758 | dataset=Wiki500 | model=ufgtime_plus | val_MSE=0.884916578 | test_MSE=0.028815458 | MAE=0.048436758 | RMSE=0.169751164 | MAPE=106.679128412% | params={'learning_rate': 0.01621480371349157, 'decay_rate': 3.324202402913845e-05, 'hidden_size': 16, 'beta1': 0.9, 'beta2': 0.999, 'signal_len': 8, 'cheb_order': 2, 's': 5.8207484839186705, 'batch_size': 16, 'k': 10}
Trial 124 finished with value 0.050596774 | dataset=Wiki500 | model=ufgtime_plus | val_MSE=0.974169412 | test_MSE=0.032802669 | MAE=0.050596774 | RMSE=0.181115071 | MAPE=113.194042209% | params={'learning_rate': 0.016419597505726247, 'decay_rate': 0.0014392949428389406, 'hidden_size': 16, 'beta1': 0.9, 'beta2': 0.999, 'signal_len': 8, 'cheb_order': 2, 's': 6.003590244528173, 'batch_size': 16, 'k': 10}
Trial 125 finished with value 0.052249670 | dataset=Wiki500 | model=ufgtime_plus | val_MSE=0.962243287 | test_MSE=0.032935635 | MAE=0.052249670 | RMSE=0.181481775 | MAPE=122.935653434% | params={'learning_rate': 0.013871641497692822, 'decay_rate': 0.002699543226641922, 'hidden_size': 16, 'beta1': 0.9, 'beta2': 0.999, 'signal_len': 8, 'cheb_order': 2, 's': 5.8173628913184565, 'batch_size': 16, 'k': 10}
Trial 126 finished with value 0.049817020 | dataset=Wiki500 | model=ufgtime_plus | val_MSE=0.883455792 | test_MSE=0.029196288 | MAE=0.049817020 | RMSE=0.170869212 | MAPE=113.139355714% | params={'learning_rate': 0.015800816419906563, 'decay_rate': 2.9886091571856263e-05, 'hidden_size': 16, 'beta1': 0.9, 'beta2': 0.999, 'signal_len': 8, 'cheb_order': 2, 's': 6.485131868395046, 'batch_size': 16, 'k': 10}
Trial 127 finished with value 0.054907446 | dataset=Wiki500 | model=ufgtime_plus | val_MSE=0.951490045 | test_MSE=0.032867092 | MAE=0.054907446 | RMSE=0.181292835 | MAPE=141.927223059% | params={'learning_rate': 0.025212072101404477, 'decay_rate': 0.003942994052106555, 'hidden_size': 16, 'beta1': 0.9, 'beta2': 0.999, 'signal_len': 8, 'cheb_order': 2, 's': 5.465808695460696, 'batch_size': 16, 'k': 10}
Trial 128 finished with value 0.081084393 | dataset=Wiki500 | model=ufgtime_plus | val_MSE=0.920628790 | test_MSE=0.038977596 | MAE=0.081084393 | RMSE=0.197427444 | MAPE=170.623184088% | params={'learning_rate': 0.014423486628834144, 'decay_rate': 0.0013945597772364938, 'hidden_size': 16, 'beta1': 0.9, 'beta2': 0.999, 'signal_len': 8, 'cheb_order': 2, 's': 5.655928979698585, 'batch_size': 128, 'k': 10}
Trial 129 finished with value 0.061485454 | dataset=Wiki500 | model=ufgtime_plus | val_MSE=0.948302150 | test_MSE=0.032600186 | MAE=0.061485454 | RMSE=0.180555217 | MAPE=174.006674596% | params={'learning_rate': 0.017855486580319106, 'decay_rate': 0.0023944617296253108, 'hidden_size': 32, 'beta1': 0.9, 'beta2': 0.999, 'signal_len': 8, 'cheb_order': 2, 's': 6.991021425610115, 'batch_size': 64, 'k': 10}
Trial 130 finished with value 0.050656797 | dataset=Wiki500 | model=ufgtime_plus | val_MSE=0.982190781 | test_MSE=0.032612679 | MAE=0.050656797 | RMSE=0.180589808 | MAPE=122.323118576% | params={'learning_rate': 0.021610887147437842, 'decay_rate': 0.000949304632930505, 'hidden_size': 16, 'beta1': 0.9, 'beta2': 0.999, 'signal_len': 8, 'cheb_order': 2, 's': 5.313045153823814, 'batch_size': 16, 'k': 10}
Trial 131 finished with value 0.050534386 | dataset=Wiki500 | model=ufgtime_plus | val_MSE=0.903260274 | test_MSE=0.029318627 | MAE=0.050534386 | RMSE=0.171226828 | MAPE=126.842809709% | params={'learning_rate': 0.010223132112993614, 'decay_rate': 0.00039628557548767153, 'hidden_size': 16, 'beta1': 0.9, 'beta2': 0.999, 'signal_len': 8, 'cheb_order': 2, 's': 5.146060451657062, 'batch_size': 16, 'k': 10}
Trial 132 finished with value 0.051110354 | dataset=Wiki500 | model=ufgtime_plus | val_MSE=0.970358894 | test_MSE=0.032909565 | MAE=0.051110354 | RMSE=0.181409936 | MAPE=114.902072764% | params={'learning_rate': 0.01226730594189318, 'decay_rate': 0.0020496308240775508, 'hidden_size': 16, 'beta1': 0.9, 'beta2': 0.999, 'signal_len': 8, 'cheb_order': 2, 's': 4.63947495781835, 'batch_size': 16, 'k': 9}
Trial 133 finished with value 0.053077914 | dataset=Wiki500 | model=ufgtime_plus | val_MSE=0.958066716 | test_MSE=0.032960777 | MAE=0.053077914 | RMSE=0.181551033 | MAPE=128.330596943% | params={'learning_rate': 0.013018271816627852, 'decay_rate': 0.0032978755780622227, 'hidden_size': 16, 'beta1': 0.9, 'beta2': 0.999, 'signal_len': 8, 'cheb_order': 2, 's': 4.88168255492996, 'batch_size': 16, 'k': 10}
Trial 134 finished with value 0.049625704 | dataset=Wiki500 | model=ufgtime_plus | val_MSE=0.917420929 | test_MSE=0.030490289 | MAE=0.049625704 | RMSE=0.174614688 | MAPE=95.462146332% | params={'learning_rate': 0.028318043920992866, 'decay_rate': 0.00025908260283680597, 'hidden_size': 16, 'beta1': 0.9, 'beta2': 0.999, 'signal_len': 8, 'cheb_order': 2, 's': 4.485459465906104, 'batch_size': 16, 'k': 10}
Trial 135 finished with value 0.050201036 | dataset=Wiki500 | model=ufgtime_plus | val_MSE=0.976242420 | test_MSE=0.032764782 | MAE=0.050201036 | RMSE=0.181010448 | MAPE=106.681564802% | params={'learning_rate': 0.014660178346873689, 'decay_rate': 0.0011774062896601964, 'hidden_size': 16, 'beta1': 0.9, 'beta2': 0.999, 'signal_len': 8, 'cheb_order': 2, 's': 5.242541383628335, 'batch_size': 16, 'k': 9}
Trial 136 finished with value 0.048752827 | dataset=Wiki500 | model=ufgtime_plus | val_MSE=0.889530459 | test_MSE=0.029150273 | MAE=0.048752827 | RMSE=0.170734511 | MAPE=99.880343683% | params={'learning_rate': 0.023292022576877066, 'decay_rate': 0.0001450743132525011, 'hidden_size': 16, 'beta1': 0.9, 'beta2': 0.999, 'signal_len': 8, 'cheb_order': 2, 's': 5.506953265705437, 'batch_size': 16, 'k': 10}
Trial 137 finished with value 0.052061692 | dataset=Wiki500 | model=ufgtime_plus | val_MSE=0.970550712 | test_MSE=0.032754873 | MAE=0.052061692 | RMSE=0.180983075 | MAPE=131.247655635% | params={'learning_rate': 0.02006670480700122, 'decay_rate': 0.001993454978315318, 'hidden_size': 16, 'beta1': 0.9, 'beta2': 0.999, 'signal_len': 8, 'cheb_order': 2, 's': 4.958263450243886, 'batch_size': 16, 'k': 9}
Trial 138 finished with value 0.053874110 | dataset=Wiki500 | model=ufgtime_plus | val_MSE=0.957641826 | test_MSE=0.032813099 | MAE=0.053874110 | RMSE=0.181143862 | MAPE=138.325385201% | params={'learning_rate': 0.025390218100115387, 'decay_rate': 0.003309123595643259, 'hidden_size': 16, 'beta1': 0.9, 'beta2': 0.999, 'signal_len': 8, 'cheb_order': 3, 's': 4.778685884212, 'batch_size': 16, 'k': 10}
Trial 139 finished with value 0.056134409 | dataset=Wiki500 | model=ufgtime_plus | val_MSE=0.951866693 | test_MSE=0.032816714 | MAE=0.056134409 | RMSE=0.181153840 | MAPE=151.812129943% | params={'learning_rate': 0.009464723566240651, 'decay_rate': 0.004755570139831833, 'hidden_size': 16, 'beta1': 0.9, 'beta2': 0.999, 'signal_len': 8, 'cheb_order': 2, 's': 9.995490571907702, 'batch_size': 16, 'k': 9}
Trial 140 finished with value 0.086163872 | dataset=Wiki500 | model=ufgtime_plus | val_MSE=0.890174249 | test_MSE=0.036559239 | MAE=0.086163872 | RMSE=0.191204704 | MAPE=216.999663490% | params={'learning_rate': 0.011039795224144701, 'decay_rate': 0.019901771841422104, 'hidden_size': 16, 'beta1': 0.9, 'beta2': 0.999, 'signal_len': 8, 'cheb_order': 2, 's': 5.886855347614461, 'batch_size': 16, 'k': 10}
Trial 141 finished with value 0.046922756 | dataset=Wiki500 | model=ufgtime_plus | val_MSE=0.900855138 | test_MSE=0.029217994 | MAE=0.046922756 | RMSE=0.170932718 | MAPE=75.336591965% | params={'learning_rate': 0.012138718834492846, 'decay_rate': 3.920482340980411e-05, 'hidden_size': 16, 'beta1': 0.9, 'beta2': 0.999, 'signal_len': 8, 'cheb_order': 2, 's': 5.123867097160445, 'batch_size': 16, 'k': 9}
Trial 142 finished with value 0.047110760 | dataset=Wiki500 | model=ufgtime_plus | val_MSE=0.901226454 | test_MSE=0.029367378 | MAE=0.047110760 | RMSE=0.171369128 | MAPE=77.316583821% | params={'learning_rate': 0.012381404258514164, 'decay_rate': 1.693243776809656e-05, 'hidden_size': 16, 'beta1': 0.9, 'beta2': 0.999, 'signal_len': 8, 'cheb_order': 2, 's': 5.084848574836905, 'batch_size': 16, 'k': 9}
Trial 143 finished with value 0.050378776 | dataset=Wiki500 | model=ufgtime_plus | val_MSE=0.979090287 | test_MSE=0.032735090 | MAE=0.050378776 | RMSE=0.180928411 | MAPE=115.174988887% | params={'learning_rate': 0.017356857531250953, 'decay_rate': 0.0011681247190917562, 'hidden_size': 16, 'beta1': 0.9, 'beta2': 0.999, 'signal_len': 8, 'cheb_order': 2, 's': 5.235105401905664, 'batch_size': 16, 'k': 9}
Trial 144 finished with value 0.051528162 | dataset=Wiki500 | model=ufgtime_plus | val_MSE=0.967660687 | test_MSE=0.032917256 | MAE=0.051528162 | RMSE=0.181431132 | MAPE=118.710126485% | params={'learning_rate': 0.012296978872472391, 'decay_rate': 0.0023311964008951615, 'hidden_size': 16, 'beta1': 0.9, 'beta2': 0.999, 'signal_len': 8, 'cheb_order': 2, 's': 5.411282953628212, 'batch_size': 16, 'k': 5}
Trial 145 finished with value 0.050175358 | dataset=Wiki500 | model=ufgtime_plus | val_MSE=0.977346445 | test_MSE=0.032747251 | MAE=0.050175358 | RMSE=0.180962016 | MAPE=108.666049647% | params={'learning_rate': 0.015495620222964551, 'decay_rate': 0.0011429874486678054, 'hidden_size': 16, 'beta1': 0.9, 'beta2': 0.999, 'signal_len': 8, 'cheb_order': 2, 's': 5.643185557018169, 'batch_size': 16, 'k': 9}
Trial 146 finished with value 0.047756904 | dataset=Wiki500 | model=ufgtime_plus | val_MSE=0.897232326 | test_MSE=0.029416371 | MAE=0.047756904 | RMSE=0.171512015 | MAPE=93.532718091% | params={'learning_rate': 0.027049698835454994, 'decay_rate': 0.00013809359771440303, 'hidden_size': 16, 'beta1': 0.9, 'beta2': 0.999, 'signal_len': 8, 'cheb_order': 2, 's': 5.0943966051678835, 'batch_size': 16, 'k': 10}
Trial 147 finished with value 0.072560812 | dataset=Wiki500 | model=ufgtime_plus | val_MSE=0.890320841 | test_MSE=0.035459319 | MAE=0.072560812 | RMSE=0.188306450 | MAPE=180.305353619% | params={'learning_rate': 0.026730291571265902, 'decay_rate': 0.03563736424804956, 'hidden_size': 64, 'beta1': 0.9, 'beta2': 0.999, 'signal_len': 8, 'cheb_order': 2, 's': 5.076945673059501, 'batch_size': 32, 'k': 10}
Trial 148 finished with value 0.052381891 | dataset=Wiki500 | model=ufgtime_plus | val_MSE=0.965028097 | test_MSE=0.032854415 | MAE=0.052381891 | RMSE=0.181257869 | MAPE=129.712545577% | params={'learning_rate': 0.024317089146853276, 'decay_rate': 0.002746072562860184, 'hidden_size': 16, 'beta1': 0.9, 'beta2': 0.999, 'signal_len': 8, 'cheb_order': 2, 's': 4.680903460647491, 'batch_size': 16, 'k': 9}
Trial 149 finished with value 0.052894921 | dataset=Wiki500 | model=ufgtime_plus | val_MSE=0.974360413 | test_MSE=0.032720762 | MAE=0.052894921 | RMSE=0.180888812 | MAPE=140.470048331% | params={'learning_rate': 0.029271736012881796, 'decay_rate': 0.0018544460925034136, 'hidden_size': 16, 'beta1': 0.9, 'beta2': 0.999, 'signal_len': 8, 'cheb_order': 2, 's': 4.922904175711448, 'batch_size': 16, 'k': 9}
Trial 150 finished with value 0.050302855 | dataset=Wiki500 | model=ufgtime_plus | val_MSE=0.979684532 | test_MSE=0.032714343 | MAE=0.050302855 | RMSE=0.180871067 | MAPE=115.527383671% | params={'learning_rate': 0.02751136711866466, 'decay_rate': 0.0011817679207897793, 'hidden_size': 16, 'beta1': 0.9, 'beta2': 0.999, 'signal_len': 8, 'cheb_order': 2, 's': 5.18961967050516, 'batch_size': 16, 'k': 10}
Trial 151 finished with value 0.047017762 | dataset=Wiki500 | model=ufgtime_plus | val_MSE=0.897534661 | test_MSE=0.029011027 | MAE=0.047017762 | RMSE=0.170326236 | MAPE=81.554695659% | params={'learning_rate': 0.013872865765694884, 'decay_rate': 6.344099690491275e-05, 'hidden_size': 16, 'beta1': 0.9, 'beta2': 0.999, 'signal_len': 8, 'cheb_order': 2, 's': 4.984141905594242, 'batch_size': 16, 'k': 10}
Trial 152 finished with value 0.046957805 | dataset=Wiki500 | model=ufgtime_plus | val_MSE=0.898217343 | test_MSE=0.029120703 | MAE=0.046957805 | RMSE=0.170647893 | MAPE=77.675443848% | params={'learning_rate': 0.01382769341881658, 'decay_rate': 5.39577199522024e-05, 'hidden_size': 16, 'beta1': 0.9, 'beta2': 0.999, 'signal_len': 8, 'cheb_order': 2, 's': 5.0206492665677835, 'batch_size': 16, 'k': 10}
Trial 153 finished with value 0.048677205 | dataset=Wiki500 | model=ufgtime_plus | val_MSE=0.883245136 | test_MSE=0.029115112 | MAE=0.048677205 | RMSE=0.170631509 | MAPE=107.311086270% | params={'learning_rate': 0.014127275926329947, 'decay_rate': 4.1643323713638503e-05, 'hidden_size': 16, 'beta1': 0.9, 'beta2': 0.999, 'signal_len': 8, 'cheb_order': 2, 's': 4.9921906105999545, 'batch_size': 16, 'k': 10}
Trial 154 finished with value 0.050037928 | dataset=Wiki500 | model=ufgtime_plus | val_MSE=0.977398094 | test_MSE=0.032785656 | MAE=0.050037928 | RMSE=0.181068098 | MAPE=102.948462923% | params={'learning_rate': 0.01297344346095982, 'decay_rate': 0.0011366619258173735, 'hidden_size': 16, 'beta1': 0.9, 'beta2': 0.999, 'signal_len': 8, 'cheb_order': 2, 's': 5.365853489674771, 'batch_size': 16, 'k': 10}
Trial 155 finished with value 0.054320912 | dataset=Wiki500 | model=ufgtime_plus | val_MSE=0.962229483 | test_MSE=0.032777638 | MAE=0.054320912 | RMSE=0.181045956 | MAPE=145.449027860% | params={'learning_rate': 0.010508689500720779, 'decay_rate': 0.003600652018334941, 'hidden_size': 16, 'beta1': 0.9, 'beta2': 0.999, 'signal_len': 8, 'cheb_order': 2, 's': 4.815221177760289, 'batch_size': 16, 'k': 9}
Trial 156 finished with value 0.070997445 | dataset=Wiki500 | model=ufgtime_plus | val_MSE=0.892473368 | test_MSE=0.037346845 | MAE=0.070997445 | RMSE=0.193253319 | MAPE=131.892351358% | params={'learning_rate': 0.013693425208491174, 'decay_rate': 0.04256996587151112, 'hidden_size': 16, 'beta1': 0.9, 'beta2': 0.999, 'signal_len': 8, 'cheb_order': 2, 's': 5.122066820196259, 'batch_size': 16, 'k': 10}
Trial 157 finished with value 0.114141745 | dataset=Wiki500 | model=ufgtime_plus | val_MSE=0.924440039 | test_MSE=0.047295334 | MAE=0.114141745 | RMSE=0.217474905 | MAPE=230.158932914% | params={'learning_rate': 0.012488431542492373, 'decay_rate': 1.1008370054216694e-05, 'hidden_size': 16, 'beta1': 0.9, 'beta2': 0.999, 'signal_len': 8, 'cheb_order': 2, 's': 4.620886268948782, 'batch_size': 128, 'k': 10}
Trial 158 finished with value 0.051822878 | dataset=Wiki500 | model=ufgtime_plus | val_MSE=0.971342571 | test_MSE=0.032780734 | MAE=0.051822878 | RMSE=0.181054507 | MAPE=129.218003150% | params={'learning_rate': 0.01498901153279535, 'decay_rate': 0.0018129464265490911, 'hidden_size': 32, 'beta1': 0.9, 'beta2': 0.999, 'signal_len': 8, 'cheb_order': 2, 's': 5.51911402369834, 'batch_size': 16, 'k': 6}
Trial 159 finished with value 0.052157925 | dataset=Wiki500 | model=ufgtime_plus | val_MSE=0.964386547 | test_MSE=0.032926799 | MAE=0.052157925 | RMSE=0.181457430 | MAPE=123.621581519% | params={'learning_rate': 0.011496878758129709, 'decay_rate': 0.0027730121239303235, 'hidden_size': 16, 'beta1': 0.9, 'beta2': 0.999, 'signal_len': 8, 'cheb_order': 2, 's': 5.32729554442348, 'batch_size': 16, 'k': 9}
Trial 160 finished with value 0.075796931 | dataset=Wiki500 | model=ufgtime_plus | val_MSE=0.938740446 | test_MSE=0.038013694 | MAE=0.075796931 | RMSE=0.194971008 | MAPE=169.683179371% | params={'learning_rate': 0.022576402705371153, 'decay_rate': 0.0012216613202767617, 'hidden_size': 16, 'beta1': 0.9, 'beta2': 0.999, 'signal_len': 8, 'cheb_order': 2, 's': 4.9394058198935396, 'batch_size': 64, 'k': 10}
Trial 161 finished with value 0.050069647 | dataset=Wiki500 | model=ufgtime_plus | val_MSE=0.980575926 | test_MSE=0.032642270 | MAE=0.050069647 | RMSE=0.180671720 | MAPE=112.378004165% | params={'learning_rate': 0.026170481069908026, 'decay_rate': 0.000952521670997772, 'hidden_size': 16, 'beta1': 0.9, 'beta2': 0.999, 'signal_len': 8, 'cheb_order': 2, 's': 4.510164091470789, 'batch_size': 16, 'k': 10}
