Trial 324 finished with value 0.050832043 | dataset=Wiki500 | model=ufgtime_plus | val_MSE=0.970705190 | test_MSE=0.032888625 | MAE=0.050832043 | RMSE=0.181352213 | MAPE=110.041463785% | params={'learning_rate': 0.013673745927030712, 'decay_rate': 0.0017444566783517126, 'hidden_size': 16, 'beta1': 0.9, 'beta2': 0.999, 'signal_len': 8, 'cheb_order': 2, 's': 1.3302509190998268, 'batch_size': 16, 'k': 10}
Trial 325 finished with value 0.047101401 | dataset=Wiki500 | model=ufgtime_plus | val_MSE=0.902773304 | test_MSE=0.029239401 | MAE=0.047101401 | RMSE=0.170995326 | MAPE=85.927887076% | params={'learning_rate': 0.011439725414052594, 'decay_rate': 1.551108988163056e-05, 'hidden_size': 16, 'beta1': 0.9, 'beta2': 0.999, 'signal_len': 8, 'cheb_order': 2, 's': 1.7799441689437134, 'batch_size': 64, 'k': 10}
Trial 326 finished with value 0.098853575 | dataset=Wiki500 | model=ufgtime_plus | val_MSE=0.913735058 | test_MSE=0.041422042 | MAE=0.098853575 | RMSE=0.203524058 | MAPE=227.006459717% | params={'learning_rate': 0.011288511041080012, 'decay_rate': 0.002777870107784463, 'hidden_size': 16, 'beta1': 0.9, 'beta2': 0.999, 'signal_len': 8, 'cheb_order': 2, 's': 2.0057341073692703, 'batch_size': 64, 'k': 10}
Trial 327 finished with value 0.071258239 | dataset=Wiki500 | model=ufgtime_plus | val_MSE=0.956510274 | test_MSE=0.035988581 | MAE=0.071258239 | RMSE=0.189706565 | MAPE=172.194567013% | params={'learning_rate': 0.011909248104536106, 'decay_rate': 0.0011321854997356463, 'hidden_size': 64, 'beta1': 0.9, 'beta2': 0.999, 'signal_len': 8, 'cheb_order': 2, 's': 1.7829584301136325, 'batch_size': 64, 'k': 10}
Trial 328 finished with value 0.099303249 | dataset=Wiki500 | model=ufgtime_plus | val_MSE=0.921422988 | test_MSE=0.041350911 | MAE=0.099303249 | RMSE=0.203349235 | MAPE=229.923460938% | params={'learning_rate': 0.01084397914859236, 'decay_rate': 0.0009313763332098531, 'hidden_size': 16, 'beta1': 0.9, 'beta2': 0.999, 'signal_len': 8, 'cheb_order': 2, 's': 1.5923039432677448, 'batch_size': 64, 'k': 10}
Trial 329 finished with value 0.102897302 | dataset=Wiki500 | model=ufgtime_plus | val_MSE=0.917635059 | test_MSE=0.042070362 | MAE=0.102897302 | RMSE=0.205110609 | MAPE=234.530840936% | params={'learning_rate': 0.01008144943696844, 'decay_rate': 0.0019337357957130588, 'hidden_size': 16, 'beta1': 0.9, 'beta2': 0.999, 'signal_len': 8, 'cheb_order': 3, 's': 5.434631076011543, 'batch_size': 64, 'k': 10}
Trial 330 finished with value 0.091889681 | dataset=Wiki500 | model=ufgtime_plus | val_MSE=0.921730487 | test_MSE=0.040128025 | MAE=0.091889681 | RMSE=0.200319806 | MAPE=215.515986707% | params={'learning_rate': 0.012737582143203538, 'decay_rate': 0.0009421023762823933, 'hidden_size': 16, 'beta1': 0.9, 'beta2': 0.999, 'signal_len': 8, 'cheb_order': 2, 's': 5.717529465164517, 'batch_size': 64, 'k': 10}
Trial 331 finished with value 0.105364278 | dataset=Wiki500 | model=ufgtime_plus | val_MSE=0.914489255 | test_MSE=0.042860349 | MAE=0.105364278 | RMSE=0.207027412 | MAPE=235.894754593% | params={'learning_rate': 0.009169009384968837, 'decay_rate': 0.0027177454962862865, 'hidden_size': 16, 'beta1': 0.9, 'beta2': 0.999, 'signal_len': 8, 'cheb_order': 2, 's': 1.8259485615387234, 'batch_size': 64, 'k': 10}
Trial 332 finished with value 0.046643949 | dataset=Wiki500 | model=ufgtime_plus | val_MSE=0.894927782 | test_MSE=0.028822784 | MAE=0.046643949 | RMSE=0.169772744 | MAPE=93.845438248% | params={'learning_rate': 0.01445838364809418, 'decay_rate': 2.4045723853608947e-05, 'hidden_size': 16, 'beta1': 0.9, 'beta2': 0.999, 'signal_len': 8, 'cheb_order': 2, 's': 2.179265022471389, 'batch_size': 16, 'k': 10}
Trial 333 finished with value 0.084915648 | dataset=Wiki500 | model=ufgtime_plus | val_MSE=0.922747223 | test_MSE=0.039366619 | MAE=0.084915648 | RMSE=0.198410229 | MAPE=192.594955442% | params={'learning_rate': 0.014828167865530973, 'decay_rate': 0.0009308563769884645, 'hidden_size': 16, 'beta1': 0.9, 'beta2': 0.999, 'signal_len': 8, 'cheb_order': 2, 's': 2.3949740486097983, 'batch_size': 64, 'k': 10}
Trial 334 finished with value 0.056571584 | dataset=Wiki500 | model=ufgtime_plus | val_MSE=0.965593478 | test_MSE=0.032779301 | MAE=0.056571584 | RMSE=0.181050549 | MAPE=148.224897435% | params={'learning_rate': 0.013757715599281002, 'decay_rate': 0.001651301185449753, 'hidden_size': 32, 'beta1': 0.9, 'beta2': 0.999, 'signal_len': 8, 'cheb_order': 2, 's': 2.1702054511561166, 'batch_size': 32, 'k': 10}
Trial 335 finished with value 0.047342614 | dataset=Wiki500 | model=ufgtime_plus | val_MSE=0.896401524 | test_MSE=0.029095476 | MAE=0.047342614 | RMSE=0.170573961 | MAPE=92.594377188% | params={'learning_rate': 0.013024116564682924, 'decay_rate': 2.952114706234356e-05, 'hidden_size': 16, 'beta1': 0.9, 'beta2': 0.999, 'signal_len': 8, 'cheb_order': 2, 's': 2.0609246146701583, 'batch_size': 16, 'k': 10}
Trial 336 finished with value 0.049120538 | dataset=Wiki500 | model=ufgtime_plus | val_MSE=0.882034765 | test_MSE=0.028984816 | MAE=0.049120538 | RMSE=0.170249277 | MAPE=109.344728470% | params={'learning_rate': 0.015451411730265395, 'decay_rate': 5.2085314430367695e-05, 'hidden_size': 16, 'beta1': 0.9, 'beta2': 0.999, 'signal_len': 8, 'cheb_order': 3, 's': 1.8580190903862133, 'batch_size': 16, 'k': 10}
Trial 337 finished with value 0.072662543 | dataset=Wiki500 | model=ufgtime_plus | val_MSE=0.890449936 | test_MSE=0.035944301 | MAE=0.072662543 | RMSE=0.189589823 | MAPE=177.752821855% | params={'learning_rate': 0.01214542265124058, 'decay_rate': 0.035683740689078376, 'hidden_size': 16, 'beta1': 0.9, 'beta2': 0.999, 'signal_len': 8, 'cheb_order': 2, 's': 2.553883065525049, 'batch_size': 16, 'k': 10}
Trial 338 finished with value 0.054627442 | dataset=Wiki500 | model=ufgtime_plus | val_MSE=0.882835735 | test_MSE=0.030874374 | MAE=0.054627442 | RMSE=0.175711052 | MAPE=127.961535687% | params={'learning_rate': 0.003788540225178659, 'decay_rate': 0.004211262022061512, 'hidden_size': 16, 'beta1': 0.9, 'beta2': 0.999, 'signal_len': 8, 'cheb_order': 2, 's': 2.2614436308175656, 'batch_size': 16, 'k': 10}
Trial 339 finished with value 0.051368936 | dataset=Wiki500 | model=ufgtime_plus | val_MSE=0.973714229 | test_MSE=0.032796938 | MAE=0.051368936 | RMSE=0.181099248 | MAPE=122.752067154% | params={'learning_rate': 0.014146007002518923, 'decay_rate': 0.0017589833152059846, 'hidden_size': 16, 'beta1': 0.9, 'beta2': 0.999, 'signal_len': 16, 'cheb_order': 2, 's': 1.310524806693425, 'batch_size': 16, 'k': 10}
Trial 340 finished with value 0.049813750 | dataset=Wiki500 | model=ufgtime_plus | val_MSE=0.980302856 | test_MSE=0.032719397 | MAE=0.049813750 | RMSE=0.180885037 | MAPE=102.719865404% | params={'learning_rate': 0.012838437085578632, 'decay_rate': 0.0009279099142696229, 'hidden_size': 16, 'beta1': 0.9, 'beta2': 0.999, 'signal_len': 8, 'cheb_order': 2, 's': 1.6926781719385104, 'batch_size': 16, 'k': 10}
Trial 341 finished with value 0.053165527 | dataset=Wiki500 | model=ufgtime_plus | val_MSE=0.969256156 | test_MSE=0.032794682 | MAE=0.053165527 | RMSE=0.181093020 | MAPE=140.466654439% | params={'learning_rate': 0.008403154301388069, 'decay_rate': 0.0028776433991873156, 'hidden_size': 16, 'beta1': 0.9, 'beta2': 0.999, 'signal_len': 8, 'cheb_order': 2, 's': 1.9603104899340982, 'batch_size': 16, 'k': 10}
Trial 342 finished with value 0.047843808 | dataset=Wiki500 | model=ufgtime_plus | val_MSE=0.898408466 | test_MSE=0.029485415 | MAE=0.047843808 | RMSE=0.171713176 | MAPE=92.215608662% | params={'learning_rate': 0.011342843831207983, 'decay_rate': 3.793121716910129e-05, 'hidden_size': 16, 'beta1': 0.9, 'beta2': 0.999, 'signal_len': 8, 'cheb_order': 3, 's': 1.2683997208956488, 'batch_size': 16, 'k': 10}
Trial 343 finished with value 0.051092335 | dataset=Wiki500 | model=ufgtime_plus | val_MSE=0.969430611 | test_MSE=0.032859481 | MAE=0.051092335 | RMSE=0.181271844 | MAPE=115.032503400% | params={'learning_rate': 0.01645827124641835, 'decay_rate': 0.0017956731923953462, 'hidden_size': 16, 'beta1': 0.9, 'beta2': 0.999, 'signal_len': 8, 'cheb_order': 2, 's': 1.4713312246996841, 'batch_size': 16, 'k': 10}
Trial 344 finished with value 0.051742746 | dataset=Wiki500 | model=ufgtime_plus | val_MSE=0.985642372 | test_MSE=0.033768840 | MAE=0.051742746 | RMSE=0.183762999 | MAPE=125.535394509% | params={'learning_rate': 0.006150030833075021, 'decay_rate': 0.000963562068873597, 'hidden_size': 16, 'beta1': 0.9, 'beta2': 0.999, 'signal_len': 8, 'cheb_order': 2, 's': 2.2524103098209345, 'batch_size': 16, 'k': 10}
Trial 345 finished with value 0.104080844 | dataset=Wiki500 | model=ufgtime_plus | val_MSE=0.915735048 | test_MSE=0.048681978 | MAE=0.104080844 | RMSE=0.220639928 | MAPE=197.583445835% | params={'learning_rate': 0.007843693985141313, 'decay_rate': 0.0009736445378346062, 'hidden_size': 16, 'beta1': 0.9, 'beta2': 0.999, 'signal_len': 8, 'cheb_order': 2, 's': 1.110080360128, 'batch_size': 128, 'k': 10}
Trial 346 finished with value 0.090567401 | dataset=Wiki500 | model=ufgtime_plus | val_MSE=0.890070479 | test_MSE=0.041790498 | MAE=0.090567401 | RMSE=0.204427243 | MAPE=206.113433959% | params={'learning_rate': 0.04656151997943424, 'decay_rate': 0.018963903747577115, 'hidden_size': 16, 'beta1': 0.9, 'beta2': 0.999, 'signal_len': 8, 'cheb_order': 2, 's': 1.622608562788501, 'batch_size': 16, 'k': 10}
Trial 347 finished with value 0.069960633 | dataset=Wiki500 | model=ufgtime_plus | val_MSE=0.890544816 | test_MSE=0.035854041 | MAE=0.069960633 | RMSE=0.189351632 | MAPE=166.453445956% | params={'learning_rate': 0.004912154472686395, 'decay_rate': 0.048607173364977635, 'hidden_size': 16, 'beta1': 0.9, 'beta2': 0.999, 'signal_len': 8, 'cheb_order': 2, 's': 1.3935364903620984, 'batch_size': 32, 'k': 10}
Trial 348 finished with value 0.051709806 | dataset=Wiki500 | model=ufgtime_plus | val_MSE=0.964687596 | test_MSE=0.032925255 | MAE=0.051709806 | RMSE=0.181453176 | MAPE=117.665230907% | params={'learning_rate': 0.014637187294513129, 'decay_rate': 0.0022835548965200562, 'hidden_size': 16, 'beta1': 0.9, 'beta2': 0.999, 'signal_len': 8, 'cheb_order': 3, 's': 1.2542042243173974, 'batch_size': 16, 'k': 10}
Trial 349 finished with value 0.047382853 | dataset=Wiki500 | model=ufgtime_plus | val_MSE=0.902110023 | test_MSE=0.029298963 | MAE=0.047382853 | RMSE=0.171169397 | MAPE=87.742212691% | params={'learning_rate': 0.034545632202435186, 'decay_rate': 5.972457098880921e-05, 'hidden_size': 64, 'beta1': 0.9, 'beta2': 0.999, 'signal_len': 8, 'cheb_order': 2, 's': 1.69813121218812, 'batch_size': 16, 'k': 10}
Trial 350 finished with value 0.050570510 | dataset=Wiki500 | model=ufgtime_plus | val_MSE=0.987293780 | test_MSE=0.032695492 | MAE=0.050570510 | RMSE=0.180818948 | MAPE=124.215997112% | params={'learning_rate': 0.008940775529127731, 'decay_rate': 0.0009669768012433335, 'hidden_size': 16, 'beta1': 0.9, 'beta2': 0.999, 'signal_len': 8, 'cheb_order': 2, 's': 2.0395872263062214, 'batch_size': 16, 'k': 10}
Trial 351 finished with value 0.051633652 | dataset=Wiki500 | model=ufgtime_plus | val_MSE=0.977954118 | test_MSE=0.032791199 | MAE=0.051633652 | RMSE=0.181083404 | MAPE=131.124483064% | params={'learning_rate': 0.010766646868932419, 'decay_rate': 0.0018129488824057335, 'hidden_size': 16, 'beta1': 0.9, 'beta2': 0.999, 'signal_len': 8, 'cheb_order': 2, 's': 1.5114831212319086, 'batch_size': 16, 'k': 10}
Trial 352 finished with value 0.083331574 | dataset=Wiki500 | model=ufgtime_plus | val_MSE=0.906097009 | test_MSE=0.039652498 | MAE=0.083331574 | RMSE=0.199129350 | MAPE=178.318426919% | params={'learning_rate': 0.0067989796998292685, 'decay_rate': 0.003683888320212548, 'hidden_size': 16, 'beta1': 0.9, 'beta2': 0.999, 'signal_len': 8, 'cheb_order': 2, 's': 1.8058793516713885, 'batch_size': 64, 'k': 10}
Trial 353 finished with value 0.047081780 | dataset=Wiki500 | model=ufgtime_plus | val_MSE=0.900082099 | test_MSE=0.029375388 | MAE=0.047081780 | RMSE=0.171392497 | MAPE=77.667561356% | params={'learning_rate': 0.007876848951068398, 'decay_rate': 2.8094957996314522e-05, 'hidden_size': 16, 'beta1': 0.9, 'beta2': 0.999, 'signal_len': 8, 'cheb_order': 2, 's': 1.1137431496462809, 'batch_size': 16, 'k': 10}
Trial 354 finished with value 0.046174871 | dataset=Wiki500 | model=ufgtime_plus | val_MSE=0.901825751 | test_MSE=0.029116353 | MAE=0.046174871 | RMSE=0.170635144 | MAPE=79.462733882% | params={'learning_rate': 0.008147596489388655, 'decay_rate': 1.4753700436874906e-05, 'hidden_size': 16, 'beta1': 0.9, 'beta2': 0.999, 'signal_len': 8, 'cheb_order': 2, 's': 1.3926947774415808, 'batch_size': 16, 'k': 10}
Trial 355 finished with value 0.069363422 | dataset=Wiki500 | model=ufgtime_plus | val_MSE=0.890672018 | test_MSE=0.035931244 | MAE=0.069363422 | RMSE=0.189555384 | MAPE=161.783346689% | params={'learning_rate': 0.009978257953060751, 'decay_rate': 0.04389485839550783, 'hidden_size': 16, 'beta1': 0.9, 'beta2': 0.999, 'signal_len': 8, 'cheb_order': 3, 's': 1.585833882234751, 'batch_size': 16, 'k': 10}
Trial 356 finished with value 0.052611008 | dataset=Wiki500 | model=ufgtime_plus | val_MSE=0.973006957 | test_MSE=0.032805940 | MAE=0.052611008 | RMSE=0.181124100 | MAPE=137.737119060% | params={'learning_rate': 0.008424385267741861, 'decay_rate': 0.002483782556291053, 'hidden_size': 16, 'beta1': 0.9, 'beta2': 0.999, 'signal_len': 8, 'cheb_order': 2, 's': 2.7943779601048124, 'batch_size': 16, 'k': 10}
Trial 357 finished with value 0.055603366 | dataset=Wiki500 | model=ufgtime_plus | val_MSE=0.964844739 | test_MSE=0.032981018 | MAE=0.055603366 | RMSE=0.181606769 | MAPE=139.433150494% | params={'learning_rate': 0.00921021703999362, 'decay_rate': 0.0011269650002496752, 'hidden_size': 32, 'beta1': 0.9, 'beta2': 0.999, 'signal_len': 8, 'cheb_order': 2, 's': 3.231601133831143, 'batch_size': 16, 'k': 10}
Trial 358 finished with value 0.051484454 | dataset=Wiki500 | model=ufgtime_plus | val_MSE=0.863340332 | test_MSE=0.030310158 | MAE=0.051484454 | RMSE=0.174098127 | MAPE=102.559146793% | params={'learning_rate': 0.011967431238852664, 'decay_rate': 1.9376594776018654e-05, 'hidden_size': 16, 'beta1': 0.9, 'beta2': 0.999, 'signal_len': 16, 'cheb_order': 2, 's': 1.948694522921616, 'batch_size': 16, 'k': 10}
Trial 359 finished with value 0.051215515 | dataset=Wiki500 | model=ufgtime_plus | val_MSE=0.981060424 | test_MSE=0.032775151 | MAE=0.051215515 | RMSE=0.181039087 | MAPE=128.465595693% | params={'learning_rate': 0.01048921156827378, 'decay_rate': 0.0014979828291727581, 'hidden_size': 16, 'beta1': 0.9, 'beta2': 0.999, 'signal_len': 8, 'cheb_order': 2, 's': 2.453152783923838, 'batch_size': 16, 'k': 10}
Trial 360 finished with value 0.050633067 | dataset=Wiki500 | model=ufgtime_plus | val_MSE=0.987315588 | test_MSE=0.032712570 | MAE=0.050633067 | RMSE=0.180866167 | MAPE=124.916851821% | params={'learning_rate': 0.008650586696458306, 'decay_rate': 0.001001971068042394, 'hidden_size': 16, 'beta1': 0.9, 'beta2': 0.999, 'signal_len': 8, 'cheb_order': 2, 's': 1.4258547326377795, 'batch_size': 16, 'k': 10}
Trial 361 finished with value 0.071507631 | dataset=Wiki500 | model=ufgtime_plus | val_MSE=0.891434494 | test_MSE=0.036794510 | MAE=0.071507631 | RMSE=0.191818951 | MAPE=164.172614039% | params={'learning_rate': 0.013487098090911783, 'decay_rate': 0.034038657702289914, 'hidden_size': 16, 'beta1': 0.9, 'beta2': 0.999, 'signal_len': 8, 'cheb_order': 2, 's': 1.7374844833522685, 'batch_size': 32, 'k': 10}
Trial 362 finished with value 0.052800350 | dataset=Wiki500 | model=ufgtime_plus | val_MSE=0.971970562 | test_MSE=0.032805373 | MAE=0.052800350 | RMSE=0.181122536 | MAPE=138.823994524% | params={'learning_rate': 0.007936855012207967, 'decay_rate': 0.002622099208438932, 'hidden_size': 16, 'beta1': 0.9, 'beta2': 0.999, 'signal_len': 8, 'cheb_order': 3, 's': 3.5268434833311533, 'batch_size': 16, 'k': 10}
Trial 363 finished with value 0.050457484 | dataset=Wiki500 | model=ufgtime_plus | val_MSE=0.986742065 | test_MSE=0.032662922 | MAE=0.050457484 | RMSE=0.180728864 | MAPE=122.741837289% | params={'learning_rate': 0.009689258261265564, 'decay_rate': 0.0009197018167397792, 'hidden_size': 16, 'beta1': 0.9, 'beta2': 0.999, 'signal_len': 8, 'cheb_order': 2, 's': 2.1605437409106436, 'batch_size': 16, 'k': 10}
Trial 364 finished with value 0.050808329 | dataset=Wiki500 | model=ufgtime_plus | val_MSE=0.973446446 | test_MSE=0.032907976 | MAE=0.050808329 | RMSE=0.181405557 | MAPE=112.376787290% | params={'learning_rate': 0.011154360021996487, 'decay_rate': 0.0018749545223995772, 'hidden_size': 16, 'beta1': 0.9, 'beta2': 0.999, 'signal_len': 8, 'cheb_order': 2, 's': 7.323922743307721, 'batch_size': 16, 'k': 10}
Trial 365 finished with value 0.047110707 | dataset=Wiki500 | model=ufgtime_plus | val_MSE=0.899446409 | test_MSE=0.029381877 | MAE=0.047110707 | RMSE=0.171411425 | MAPE=77.879745710% | params={'learning_rate': 0.007691235481229236, 'decay_rate': 4.348554968110907e-05, 'hidden_size': 16, 'beta1': 0.9, 'beta2': 0.999, 'signal_len': 8, 'cheb_order': 2, 's': 8.16411356184186, 'batch_size': 16, 'k': 10}
Trial 366 finished with value 0.076113370 | dataset=Wiki500 | model=ufgtime_plus | val_MSE=0.890822298 | test_MSE=0.038149253 | MAE=0.076113370 | RMSE=0.195318339 | MAPE=167.265349475% | params={'learning_rate': 0.012821704157944843, 'decay_rate': 0.02809735005224128, 'hidden_size': 16, 'beta1': 0.9, 'beta2': 0.999, 'signal_len': 8, 'cheb_order': 2, 's': 1.358341844241846, 'batch_size': 64, 'k': 10}
Trial 367 finished with value 0.050636499 | dataset=Wiki500 | model=ufgtime_plus | val_MSE=0.987193577 | test_MSE=0.032712854 | MAE=0.050636499 | RMSE=0.180866950 | MAPE=124.917270109% | params={'learning_rate': 0.00871874217050591, 'decay_rate': 0.0010071336598107858, 'hidden_size': 16, 'beta1': 0.9, 'beta2': 0.999, 'signal_len': 8, 'cheb_order': 2, 's': 5.141138674253368, 'batch_size': 16, 'k': 10}
Trial 368 finished with value 0.053529059 | dataset=Wiki500 | model=ufgtime_plus | val_MSE=0.974004432 | test_MSE=0.033276658 | MAE=0.053529059 | RMSE=0.182418908 | MAPE=140.145032832% | params={'learning_rate': 0.006146275030428735, 'decay_rate': 0.0018368935093959174, 'hidden_size': 16, 'beta1': 0.9, 'beta2': 0.999, 'signal_len': 8, 'cheb_order': 3, 's': 1.5395497974803314, 'batch_size': 16, 'k': 10}
Trial 369 finished with value 0.053471514 | dataset=Wiki500 | model=ufgtime_plus | val_MSE=0.967365710 | test_MSE=0.032783715 | MAE=0.053471514 | RMSE=0.181062737 | MAPE=141.829396442% | params={'learning_rate': 0.010137444276155377, 'decay_rate': 0.0030474504659237667, 'hidden_size': 16, 'beta1': 0.9, 'beta2': 0.999, 'signal_len': 8, 'cheb_order': 2, 's': 1.8346538078699353, 'batch_size': 16, 'k': 8}
Trial 370 finished with value 0.103271867 | dataset=Wiki500 | model=ufgtime_plus | val_MSE=0.915476687 | test_MSE=0.049092853 | MAE=0.103271867 | RMSE=0.221569070 | MAPE=197.581327860% | params={'learning_rate': 0.007040523113391816, 'decay_rate': 0.0008076712632550863, 'hidden_size': 16, 'beta1': 0.9, 'beta2': 0.999, 'signal_len': 8, 'cheb_order': 2, 's': 6.608179197498432, 'batch_size': 128, 'k': 10}
Trial 371 finished with value 0.049581060 | dataset=Wiki500 | model=ufgtime_plus | val_MSE=0.983551678 | test_MSE=0.032732033 | MAE=0.049581060 | RMSE=0.180919963 | MAPE=101.544572584% | params={'learning_rate': 0.011780624890738514, 'decay_rate': 0.000819971285474388, 'hidden_size': 16, 'beta1': 0.9, 'beta2': 0.999, 'signal_len': 8, 'cheb_order': 2, 's': 1.2785597906884858, 'batch_size': 16, 'k': 10}
Trial 372 finished with value 0.051820965 | dataset=Wiki500 | model=ufgtime_plus | val_MSE=0.936179170 | test_MSE=0.032038744 | MAE=0.051820965 | RMSE=0.178993697 | MAPE=118.340855269% | params={'learning_rate': 0.009500677822525025, 'decay_rate': 0.0019234070786270188, 'hidden_size': 64, 'beta1': 0.9, 'beta2': 0.999, 'signal_len': 8, 'cheb_order': 2, 's': 5.267715220634609, 'batch_size': 16, 'k': 10}
Trial 373 finished with value 0.047809902 | dataset=Wiki500 | model=ufgtime_plus | val_MSE=0.890380095 | test_MSE=0.028933963 | MAE=0.047809902 | RMSE=0.170099863 | MAPE=99.269620002% | params={'learning_rate': 0.01504170453368998, 'decay_rate': 2.6910824414669268e-05, 'hidden_size': 16, 'beta1': 0.9, 'beta2': 0.999, 'signal_len': 8, 'cheb_order': 2, 's': 4.953933754488891, 'batch_size': 16, 'k': 10}
Trial 374 finished with value 0.050405265 | dataset=Wiki500 | model=ufgtime_plus | val_MSE=0.982465800 | test_MSE=0.032647790 | MAE=0.050405265 | RMSE=0.180686995 | MAPE=119.251060226% | params={'learning_rate': 0.01846057681775087, 'decay_rate': 0.0008940749395941268, 'hidden_size': 16, 'beta1': 0.9, 'beta2': 0.999, 'signal_len': 8, 'cheb_order': 3, 's': 1.6015040084530474, 'batch_size': 16, 'k': 10}
Trial 375 finished with value 0.047054807 | dataset=Wiki500 | model=ufgtime_plus | val_MSE=0.900885589 | test_MSE=0.029217502 | MAE=0.047054807 | RMSE=0.170931280 | MAPE=84.121015738% | params={'learning_rate': 0.00784283517580654, 'decay_rate': 1.579188280563483e-05, 'hidden_size': 16, 'beta1': 0.9, 'beta2': 0.999, 'signal_len': 8, 'cheb_order': 2, 's': 1.410477166977018, 'batch_size': 32, 'k': 10}
Trial 376 finished with value 0.081801895 | dataset=Wiki500 | model=ufgtime_plus | val_MSE=0.908564682 | test_MSE=0.039185839 | MAE=0.081801895 | RMSE=0.197954135 | MAPE=175.296933138% | params={'learning_rate': 0.00787658057935661, 'decay_rate': 0.0033490300577659147, 'hidden_size': 16, 'beta1': 0.9, 'beta2': 0.999, 'signal_len': 8, 'cheb_order': 2, 's': 1.3909420321078354, 'batch_size': 32, 'k': 10}
Trial 377 finished with value 0.073789260 | dataset=Wiki500 | model=ufgtime_plus | val_MSE=0.884871462 | test_MSE=0.034038502 | MAE=0.073789260 | RMSE=0.184495262 | MAPE=191.170126923% | params={'learning_rate': 0.00567704529360565, 'decay_rate': 0.03867021088639868, 'hidden_size': 16, 'beta1': 0.9, 'beta2': 0.999, 'signal_len': 16, 'cheb_order': 2, 's': 1.239429846955237, 'batch_size': 32, 'k': 10}
