Trial 432 finished with value 0.077691891 | dataset=Wiki500 | model=ufgtime_plus | val_MSE=0.922367606 | test_MSE=0.037881868 | MAE=0.077691891 | RMSE=0.194632650 | MAPE=175.385593581% | params={'learning_rate': 0.00767220179612697, 'decay_rate': 0.0008909694979631772, 'hidden_size': 16, 'beta1': 0.9, 'beta2': 0.999, 'signal_len': 8, 'cheb_order': 3, 's': 2.570687761690219, 'batch_size': 32, 'k': 10}
Trial 433 finished with value 0.049880147 | dataset=Wiki500 | model=ufgtime_plus | val_MSE=0.887921382 | test_MSE=0.029964737 | MAE=0.049880147 | RMSE=0.173103254 | MAPE=108.479457796% | params={'learning_rate': 0.02955063163976843, 'decay_rate': 1.4399824522131559e-05, 'hidden_size': 16, 'beta1': 0.9, 'beta2': 0.999, 'signal_len': 8, 'cheb_order': 2, 's': 2.347495332370575, 'batch_size': 32, 'k': 10}
Trial 434 finished with value 0.047075126 | dataset=Wiki500 | model=ufgtime_plus | val_MSE=0.900557141 | test_MSE=0.029332444 | MAE=0.047075126 | RMSE=0.171267170 | MAPE=78.596214065% | params={'learning_rate': 0.00805012380107364, 'decay_rate': 1.4138163685529285e-05, 'hidden_size': 16, 'beta1': 0.9, 'beta2': 0.999, 'signal_len': 8, 'cheb_order': 2, 's': 6.120855700019504, 'batch_size': 32, 'k': 10}
Trial 435 finished with value 0.055313220 | dataset=Wiki500 | model=ufgtime_plus | val_MSE=0.980358374 | test_MSE=0.032733998 | MAE=0.055313220 | RMSE=0.180925395 | MAPE=142.956719815% | params={'learning_rate': 0.008637509832375871, 'decay_rate': 0.0016631513536390287, 'hidden_size': 16, 'beta1': 0.9, 'beta2': 0.999, 'signal_len': 16, 'cheb_order': 2, 's': 6.398204232289432, 'batch_size': 32, 'k': 10}
Trial 436 finished with value 0.078256554 | dataset=Wiki500 | model=ufgtime_plus | val_MSE=0.919211005 | test_MSE=0.038009777 | MAE=0.078256554 | RMSE=0.194960962 | MAPE=177.290337989% | params={'learning_rate': 0.00807194375896127, 'decay_rate': 0.0016532731773434338, 'hidden_size': 16, 'beta1': 0.9, 'beta2': 0.999, 'signal_len': 8, 'cheb_order': 2, 's': 5.687305404036926, 'batch_size': 32, 'k': 10}
Trial 437 finished with value 0.054018507 | dataset=Wiki500 | model=ufgtime_plus | val_MSE=0.960830064 | test_MSE=0.032805635 | MAE=0.054018507 | RMSE=0.181123259 | MAPE=141.770938391% | params={'learning_rate': 0.022984512281390385, 'decay_rate': 0.0033901696777240563, 'hidden_size': 16, 'beta1': 0.9, 'beta2': 0.999, 'signal_len': 8, 'cheb_order': 2, 's': 3.3738371449141944, 'batch_size': 32, 'k': 9}
Trial 438 finished with value 0.049713260 | dataset=Wiki500 | model=ufgtime_plus | val_MSE=0.982270044 | test_MSE=0.032641778 | MAE=0.049713260 | RMSE=0.180670356 | MAPE=104.200102616% | params={'learning_rate': 0.013201596099059635, 'decay_rate': 0.000772763692273186, 'hidden_size': 16, 'beta1': 0.9, 'beta2': 0.999, 'signal_len': 8, 'cheb_order': 3, 's': 2.7680830507841017, 'batch_size': 16, 'k': 10}
Trial 439 finished with value 0.052280258 | dataset=Wiki500 | model=ufgtime_plus | val_MSE=0.975284871 | test_MSE=0.032806902 | MAE=0.052280258 | RMSE=0.181126758 | MAPE=135.941632200% | params={'learning_rate': 0.009143081487366495, 'decay_rate': 0.0022277103492299418, 'hidden_size': 16, 'beta1': 0.9, 'beta2': 0.999, 'signal_len': 8, 'cheb_order': 2, 's': 6.292237976695536, 'batch_size': 16, 'k': 10}
Trial 440 finished with value 0.057012708 | dataset=Wiki500 | model=ufgtime_plus | val_MSE=0.971780766 | test_MSE=0.032906015 | MAE=0.057012708 | RMSE=0.181400152 | MAPE=149.576695482% | params={'learning_rate': 0.0077295940376060504, 'decay_rate': 0.0008887118637235263, 'hidden_size': 64, 'beta1': 0.9, 'beta2': 0.999, 'signal_len': 8, 'cheb_order': 2, 's': 2.170415210046676, 'batch_size': 16, 'k': 7}
Trial 441 finished with value 0.068513201 | dataset=Wiki500 | model=ufgtime_plus | val_MSE=0.947903202 | test_MSE=0.035982119 | MAE=0.068513201 | RMSE=0.189689532 | MAPE=168.995540225% | params={'learning_rate': 0.010313912331944865, 'decay_rate': 0.0008771795481926443, 'hidden_size': 16, 'beta1': 0.9, 'beta2': 0.999, 'signal_len': 8, 'cheb_order': 2, 's': 5.556275572147035, 'batch_size': 32, 'k': 10}
Trial 442 finished with value 0.053631348 | dataset=Wiki500 | model=ufgtime_plus | val_MSE=0.977066370 | test_MSE=0.033244105 | MAE=0.053631348 | RMSE=0.182329660 | MAPE=141.965886838% | params={'learning_rate': 0.0065020259187779025, 'decay_rate': 0.0019993963424753754, 'hidden_size': 16, 'beta1': 0.9, 'beta2': 0.999, 'signal_len': 8, 'cheb_order': 2, 's': 5.896337058087363, 'batch_size': 16, 'k': 10}
Trial 443 finished with value 0.047083993 | dataset=Wiki500 | model=ufgtime_plus | val_MSE=0.899494494 | test_MSE=0.029300695 | MAE=0.047083993 | RMSE=0.171174459 | MAPE=78.730476327% | params={'learning_rate': 0.00839731624260922, 'decay_rate': 5.241957749844788e-05, 'hidden_size': 16, 'beta1': 0.9, 'beta2': 0.999, 'signal_len': 8, 'cheb_order': 2, 's': 5.3777735173018435, 'batch_size': 16, 'k': 10}
Trial 444 finished with value 0.051058302 | dataset=Wiki500 | model=ufgtime_plus | val_MSE=0.983272006 | test_MSE=0.032598512 | MAE=0.051058302 | RMSE=0.180550581 | MAPE=126.592770119% | params={'learning_rate': 0.039237645632045445, 'decay_rate': 0.0008639241071318954, 'hidden_size': 16, 'beta1': 0.9, 'beta2': 0.999, 'signal_len': 8, 'cheb_order': 2, 's': 5.769053378871687, 'batch_size': 16, 'k': 10}
Trial 445 finished with value 0.047604632 | dataset=Wiki500 | model=ufgtime_plus | val_MSE=0.898442747 | test_MSE=0.029389212 | MAE=0.047604632 | RMSE=0.171432820 | MAPE=89.569521757% | params={'learning_rate': 0.011892806673432336, 'decay_rate': 0.00010763050593168427, 'hidden_size': 16, 'beta1': 0.9, 'beta2': 0.999, 'signal_len': 8, 'cheb_order': 2, 's': 5.444332055450578, 'batch_size': 16, 'k': 10}
Trial 446 finished with value 0.088217438 | dataset=Wiki500 | model=ufgtime_plus | val_MSE=0.918841162 | test_MSE=0.039786542 | MAE=0.088217438 | RMSE=0.199465641 | MAPE=204.264578862% | params={'learning_rate': 0.009295743357620425, 'decay_rate': 0.0028810688158691982, 'hidden_size': 32, 'beta1': 0.9, 'beta2': 0.999, 'signal_len': 8, 'cheb_order': 2, 's': 5.555889123904411, 'batch_size': 128, 'k': 9}
Trial 447 finished with value 0.048476746 | dataset=Wiki500 | model=ufgtime_plus | val_MSE=0.891278887 | test_MSE=0.029234326 | MAE=0.048476746 | RMSE=0.170980485 | MAPE=110.886458242% | params={'learning_rate': 0.01375518281411512, 'decay_rate': 2.065352770001419e-05, 'hidden_size': 16, 'beta1': 0.9, 'beta2': 0.999, 'signal_len': 8, 'cheb_order': 2, 's': 5.927661609113668, 'batch_size': 16, 'k': 10}
Trial 448 finished with value 0.059053775 | dataset=Wiki500 | model=ufgtime_plus | val_MSE=0.885764942 | test_MSE=0.032666525 | MAE=0.059053775 | RMSE=0.180738831 | MAPE=122.919530756% | params={'learning_rate': 0.007397352717564289, 'decay_rate': 0.004746344800494463, 'hidden_size': 16, 'beta1': 0.9, 'beta2': 0.999, 'signal_len': 8, 'cheb_order': 2, 's': 6.798135206315347, 'batch_size': 16, 'k': 6}
Trial 449 finished with value 0.082709500 | dataset=Wiki500 | model=ufgtime_plus | val_MSE=0.911405374 | test_MSE=0.039034040 | MAE=0.082709500 | RMSE=0.197570343 | MAPE=185.334928681% | params={'learning_rate': 0.0059403974969768365, 'decay_rate': 0.0017225870004172782, 'hidden_size': 16, 'beta1': 0.9, 'beta2': 0.999, 'signal_len': 8, 'cheb_order': 2, 's': 6.148533160368664, 'batch_size': 32, 'k': 10}
Trial 450 finished with value 0.051410599 | dataset=Wiki500 | model=ufgtime_plus | val_MSE=0.981774670 | test_MSE=0.032809519 | MAE=0.051410599 | RMSE=0.181133980 | MAPE=130.829045368% | params={'learning_rate': 0.008426853603652295, 'decay_rate': 0.00159656765213385, 'hidden_size': 16, 'beta1': 0.9, 'beta2': 0.999, 'signal_len': 8, 'cheb_order': 2, 's': 5.3003894212663445, 'batch_size': 16, 'k': 10}
Trial 451 finished with value 0.047033396 | dataset=Wiki500 | model=ufgtime_plus | val_MSE=0.898958641 | test_MSE=0.029100834 | MAE=0.047033396 | RMSE=0.170589666 | MAPE=79.243881380% | params={'learning_rate': 0.018810748210567968, 'decay_rate': 3.062951077494578e-05, 'hidden_size': 16, 'beta1': 0.9, 'beta2': 0.999, 'signal_len': 8, 'cheb_order': 2, 's': 5.13502525092986, 'batch_size': 16, 'k': 10}
Trial 452 finished with value 0.048397516 | dataset=Wiki500 | model=ufgtime_plus | val_MSE=0.885373796 | test_MSE=0.028727062 | MAE=0.048397516 | RMSE=0.169490596 | MAPE=111.297185745% | params={'learning_rate': 0.016707578966835453, 'decay_rate': 3.9829959107995574e-05, 'hidden_size': 16, 'beta1': 0.9, 'beta2': 0.999, 'signal_len': 8, 'cheb_order': 2, 's': 4.730844159278547, 'batch_size': 16, 'k': 10}
Trial 453 finished with value 0.050860553 | dataset=Wiki500 | model=ufgtime_plus | val_MSE=0.886227990 | test_MSE=0.030720307 | MAE=0.050860553 | RMSE=0.175272094 | MAPE=90.804694112% | params={'learning_rate': 0.014904955044838297, 'decay_rate': 1.2704939679222365e-05, 'hidden_size': 16, 'beta1': 0.9, 'beta2': 0.999, 'signal_len': 8, 'cheb_order': 2, 's': 5.148650058238544, 'batch_size': 16, 'k': 10}
Trial 454 finished with value 0.069843004 | dataset=Wiki500 | model=ufgtime_plus | val_MSE=0.886740563 | test_MSE=0.035260177 | MAE=0.069843004 | RMSE=0.187776934 | MAPE=136.812487920% | params={'learning_rate': 0.010871785073503911, 'decay_rate': 0.04534177786582308, 'hidden_size': 16, 'beta1': 0.9, 'beta2': 0.999, 'signal_len': 16, 'cheb_order': 2, 's': 4.94124217623387, 'batch_size': 16, 'k': 10}
Trial 455 finished with value 0.093451725 | dataset=Wiki500 | model=ufgtime_plus | val_MSE=0.899153275 | test_MSE=0.045949682 | MAE=0.093451725 | RMSE=0.214358769 | MAPE=193.404650728% | params={'learning_rate': 0.018780620643083147, 'decay_rate': 0.03145176196111315, 'hidden_size': 16, 'beta1': 0.9, 'beta2': 0.999, 'signal_len': 8, 'cheb_order': 2, 's': 5.371038135231774, 'batch_size': 16, 'k': 10}
Trial 456 finished with value 0.052800445 | dataset=Wiki500 | model=ufgtime_plus | val_MSE=0.971734696 | test_MSE=0.032796723 | MAE=0.052800445 | RMSE=0.181098655 | MAPE=138.679765434% | params={'learning_rate': 0.009414157519422716, 'decay_rate': 0.00259263107718641, 'hidden_size': 16, 'beta1': 0.9, 'beta2': 0.999, 'signal_len': 8, 'cheb_order': 2, 's': 5.146209239276374, 'batch_size': 16, 'k': 10}
Trial 457 finished with value 0.079794311 | dataset=Wiki500 | model=ufgtime_plus | val_MSE=0.916378437 | test_MSE=0.038469622 | MAE=0.079794311 | RMSE=0.196136743 | MAPE=176.687559979% | params={'learning_rate': 0.007301706180529305, 'decay_rate': 0.0015489142478467138, 'hidden_size': 16, 'beta1': 0.9, 'beta2': 0.999, 'signal_len': 8, 'cheb_order': 2, 's': 5.003081525095288, 'batch_size': 32, 'k': 9}
Trial 458 finished with value 0.053689068 | dataset=Wiki500 | model=ufgtime_plus | val_MSE=0.954900903 | test_MSE=0.032983399 | MAE=0.053689068 | RMSE=0.181613323 | MAPE=131.527903676% | params={'learning_rate': 0.012482031727694272, 'decay_rate': 0.003696295329836406, 'hidden_size': 16, 'beta1': 0.9, 'beta2': 0.999, 'signal_len': 8, 'cheb_order': 2, 's': 5.31416284272539, 'batch_size': 16, 'k': 10}
Trial 459 finished with value 0.050677862 | dataset=Wiki500 | model=ufgtime_plus | val_MSE=0.987658238 | test_MSE=0.032727083 | MAE=0.050677862 | RMSE=0.180906282 | MAPE=125.503919403% | params={'learning_rate': 0.008219396327566802, 'decay_rate': 0.0010198707717948654, 'hidden_size': 16, 'beta1': 0.9, 'beta2': 0.999, 'signal_len': 8, 'cheb_order': 2, 's': 3.764090624599609, 'batch_size': 16, 'k': 10}
Trial 460 finished with value 0.047757901 | dataset=Wiki500 | model=ufgtime_plus | val_MSE=0.895916165 | test_MSE=0.029356877 | MAE=0.047757901 | RMSE=0.171338486 | MAPE=96.543881929% | params={'learning_rate': 0.010007536571178387, 'decay_rate': 1.8851557760614167e-05, 'hidden_size': 16, 'beta1': 0.9, 'beta2': 0.999, 'signal_len': 8, 'cheb_order': 2, 's': 4.7911030398443035, 'batch_size': 16, 'k': 3}
Trial 461 finished with value 0.052661072 | dataset=Wiki500 | model=ufgtime_plus | val_MSE=0.984809535 | test_MSE=0.033463263 | MAE=0.052661072 | RMSE=0.182929668 | MAPE=135.568688079% | params={'learning_rate': 0.006651144251373047, 'decay_rate': 0.0015506084359796146, 'hidden_size': 16, 'beta1': 0.9, 'beta2': 0.999, 'signal_len': 8, 'cheb_order': 2, 's': 5.509972457073783, 'batch_size': 16, 'k': 9}
Trial 462 finished with value 0.058745001 | dataset=Wiki500 | model=ufgtime_plus | val_MSE=0.952826728 | test_MSE=0.034419137 | MAE=0.058745001 | RMSE=0.185523951 | MAPE=144.891759360% | params={'learning_rate': 0.005459086891183972, 'decay_rate': 0.002290334378526372, 'hidden_size': 16, 'beta1': 0.9, 'beta2': 0.999, 'signal_len': 8, 'cheb_order': 2, 's': 5.028181810731757, 'batch_size': 16, 'k': 10}
Trial 463 finished with value 0.056803544 | dataset=Wiki500 | model=ufgtime_plus | val_MSE=0.974615711 | test_MSE=0.032434185 | MAE=0.056803544 | RMSE=0.180094932 | MAPE=154.066520657% | params={'learning_rate': 0.01106292959025467, 'decay_rate': 0.0010060778318966884, 'hidden_size': 64, 'beta1': 0.9, 'beta2': 0.999, 'signal_len': 8, 'cheb_order': 2, 's': 5.20641072234704, 'batch_size': 16, 'k': 10}
Trial 464 finished with value 0.047121713 | dataset=Wiki500 | model=ufgtime_plus | val_MSE=0.901415122 | test_MSE=0.029357259 | MAE=0.047121713 | RMSE=0.171339602 | MAPE=78.117329104% | params={'learning_rate': 0.008229169510730293, 'decay_rate': 1.6368133042102833e-05, 'hidden_size': 16, 'beta1': 0.9, 'beta2': 0.999, 'signal_len': 8, 'cheb_order': 2, 's': 5.368514616865764, 'batch_size': 32, 'k': 5}
Trial 465 finished with value 0.050611969 | dataset=Wiki500 | model=ufgtime_plus | val_MSE=0.986887090 | test_MSE=0.032704895 | MAE=0.050611969 | RMSE=0.180844948 | MAPE=124.546585515% | params={'learning_rate': 0.009045828629208153, 'decay_rate': 0.0010012678460892756, 'hidden_size': 16, 'beta1': 0.9, 'beta2': 0.999, 'signal_len': 8, 'cheb_order': 2, 's': 4.898488198570347, 'batch_size': 16, 'k': 10}
Trial 466 finished with value 0.052566222 | dataset=Wiki500 | model=ufgtime_plus | val_MSE=0.973325231 | test_MSE=0.032816261 | MAE=0.052566222 | RMSE=0.181152590 | MAPE=137.298537734% | params={'learning_rate': 0.0070703411454023255, 'decay_rate': 0.002412049723562392, 'hidden_size': 16, 'beta1': 0.9, 'beta2': 0.999, 'signal_len': 8, 'cheb_order': 2, 's': 5.703313608917378, 'batch_size': 16, 'k': 10}
Trial 467 finished with value 0.050546394 | dataset=Wiki500 | model=ufgtime_plus | val_MSE=0.885627158 | test_MSE=0.030743113 | MAE=0.050546394 | RMSE=0.175337140 | MAPE=84.504945298% | params={'learning_rate': 0.015504560318700214, 'decay_rate': 1.2533524218356754e-05, 'hidden_size': 16, 'beta1': 0.9, 'beta2': 0.999, 'signal_len': 8, 'cheb_order': 2, 's': 4.7427495083314835, 'batch_size': 16, 'k': 10}
Trial 468 finished with value 0.051316761 | dataset=Wiki500 | model=ufgtime_plus | val_MSE=0.974761991 | test_MSE=0.032762618 | MAE=0.051316761 | RMSE=0.181004469 | MAPE=125.189982181% | params={'learning_rate': 0.02151606280985795, 'decay_rate': 0.001526705111415443, 'hidden_size': 16, 'beta1': 0.9, 'beta2': 0.999, 'signal_len': 8, 'cheb_order': 2, 's': 5.122753521867676, 'batch_size': 16, 'k': 10}
Trial 469 finished with value 0.113356407 | dataset=Wiki500 | model=ufgtime_plus | val_MSE=0.926382647 | test_MSE=0.046201889 | MAE=0.113356407 | RMSE=0.214946247 | MAPE=227.732824890% | params={'learning_rate': 0.01388440717761199, 'decay_rate': 0.0009119283172341003, 'hidden_size': 32, 'beta1': 0.9, 'beta2': 0.999, 'signal_len': 8, 'cheb_order': 2, 's': 5.262333499474245, 'batch_size': 128, 'k': 10}
Trial 470 finished with value 0.054416645 | dataset=Wiki500 | model=ufgtime_plus | val_MSE=0.961543911 | test_MSE=0.032778528 | MAE=0.054416645 | RMSE=0.181048415 | MAPE=145.841818976% | params={'learning_rate': 0.009660444229555037, 'decay_rate': 0.0036800209799950226, 'hidden_size': 16, 'beta1': 0.9, 'beta2': 0.999, 'signal_len': 8, 'cheb_order': 2, 's': 6.493405775182477, 'batch_size': 16, 'k': 10}
Trial 471 finished with value 0.087394246 | dataset=Wiki500 | model=ufgtime_plus | val_MSE=0.910134831 | test_MSE=0.039082754 | MAE=0.087394246 | RMSE=0.197693585 | MAPE=208.662868353% | params={'learning_rate': 0.00427674832558127, 'decay_rate': 0.000936495878781946, 'hidden_size': 16, 'beta1': 0.9, 'beta2': 0.999, 'signal_len': 8, 'cheb_order': 2, 's': 6.0200957206055286, 'batch_size': 32, 'k': 10}
Trial 472 finished with value 0.052051153 | dataset=Wiki500 | model=ufgtime_plus | val_MSE=0.977619813 | test_MSE=0.032825332 | MAE=0.052051153 | RMSE=0.181177625 | MAPE=134.978049275% | params={'learning_rate': 0.0076243200089015735, 'decay_rate': 0.0020770610425286337, 'hidden_size': 16, 'beta1': 0.9, 'beta2': 0.999, 'signal_len': 8, 'cheb_order': 2, 's': 5.509005722070266, 'batch_size': 16, 'k': 10}
Trial 473 finished with value 0.049713875 | dataset=Wiki500 | model=ufgtime_plus | val_MSE=0.981800935 | test_MSE=0.032801763 | MAE=0.049713875 | RMSE=0.181112569 | MAPE=100.470657645% | params={'learning_rate': 0.01147543911658405, 'decay_rate': 0.0009790099941815187, 'hidden_size': 16, 'beta1': 0.9, 'beta2': 0.999, 'signal_len': 8, 'cheb_order': 2, 's': 4.616668433186264, 'batch_size': 16, 'k': 9}
Trial 474 finished with value 0.052678536 | dataset=Wiki500 | model=ufgtime_plus | val_MSE=0.965133263 | test_MSE=0.032882512 | MAE=0.052678536 | RMSE=0.181335359 | MAPE=130.362940183% | params={'learning_rate': 0.005734500511896429, 'decay_rate': 0.0029702838575379692, 'hidden_size': 16, 'beta1': 0.9, 'beta2': 0.999, 'signal_len': 16, 'cheb_order': 2, 's': 4.924550377838321, 'batch_size': 16, 'k': 10}
Trial 475 finished with value 0.050566746 | dataset=Wiki500 | model=ufgtime_plus | val_MSE=0.987651913 | test_MSE=0.032695259 | MAE=0.050566746 | RMSE=0.180818305 | MAPE=124.279735898% | params={'learning_rate': 0.008698799537784054, 'decay_rate': 0.0009542635773790547, 'hidden_size': 16, 'beta1': 0.9, 'beta2': 0.999, 'signal_len': 8, 'cheb_order': 2, 's': 5.097743816782731, 'batch_size': 16, 'k': 5}
Trial 476 finished with value 0.051561925 | dataset=Wiki500 | model=ufgtime_plus | val_MSE=0.979066940 | test_MSE=0.032792330 | MAE=0.051561925 | RMSE=0.181086526 | MAPE=131.007076220% | params={'learning_rate': 0.010334680260832984, 'decay_rate': 0.0017368244289096397, 'hidden_size': 16, 'beta1': 0.9, 'beta2': 0.999, 'signal_len': 8, 'cheb_order': 2, 's': 8.651517602392918, 'batch_size': 16, 'k': 10}
Trial 477 finished with value 0.047908315 | dataset=Wiki500 | model=ufgtime_plus | val_MSE=0.885078812 | test_MSE=0.029048327 | MAE=0.047908315 | RMSE=0.170435698 | MAPE=97.229131594% | params={'learning_rate': 0.012832313464751244, 'decay_rate': 4.580183337668007e-05, 'hidden_size': 16, 'beta1': 0.9, 'beta2': 0.999, 'signal_len': 8, 'cheb_order': 2, 's': 1.919701377620061, 'batch_size': 16, 'k': 10}
Trial 478 finished with value 0.047188048 | dataset=Wiki500 | model=ufgtime_plus | val_MSE=0.900255235 | test_MSE=0.029424698 | MAE=0.047188048 | RMSE=0.171536286 | MAPE=79.101754550% | params={'learning_rate': 0.0068166694786387485, 'decay_rate': 3.856336997566312e-05, 'hidden_size': 16, 'beta1': 0.9, 'beta2': 0.999, 'signal_len': 8, 'cheb_order': 2, 's': 5.385397830337843, 'batch_size': 32, 'k': 7}
Trial 479 finished with value 0.051451908 | dataset=Wiki500 | model=ufgtime_plus | val_MSE=0.981925996 | test_MSE=0.032820148 | MAE=0.051451908 | RMSE=0.181163319 | MAPE=131.281142223% | params={'learning_rate': 0.007848305305918032, 'decay_rate': 0.0016287423048076668, 'hidden_size': 16, 'beta1': 0.9, 'beta2': 0.999, 'signal_len': 8, 'cheb_order': 2, 's': 4.013283778162619, 'batch_size': 16, 'k': 10}
Trial 480 finished with value 0.048938973 | dataset=Wiki500 | model=ufgtime_plus | val_MSE=0.893302065 | test_MSE=0.028632160 | MAE=0.048938973 | RMSE=0.169210403 | MAPE=117.342260775% | params={'learning_rate': 0.049926028965282615, 'decay_rate': 1.737621510091381e-05, 'hidden_size': 16, 'beta1': 0.9, 'beta2': 0.999, 'signal_len': 8, 'cheb_order': 2, 's': 1.7846806567233455, 'batch_size': 16, 'k': 10}
Trial 481 finished with value 0.052923278 | dataset=Wiki500 | model=ufgtime_plus | val_MSE=0.970871680 | test_MSE=0.032794945 | MAE=0.052923278 | RMSE=0.181093746 | MAPE=139.277891045% | params={'learning_rate': 0.009270697783196516, 'decay_rate': 0.0026834498414455596, 'hidden_size': 16, 'beta1': 0.9, 'beta2': 0.999, 'signal_len': 8, 'cheb_order': 2, 's': 5.199487387068345, 'batch_size': 16, 'k': 10}
Trial 482 finished with value 0.050209714 | dataset=Wiki500 | model=ufgtime_plus | val_MSE=0.982693904 | test_MSE=0.032627353 | MAE=0.050209714 | RMSE=0.180630432 | MAPE=115.283906481% | params={'learning_rate': 0.017974260031282607, 'decay_rate': 0.0008706642250619987, 'hidden_size': 16, 'beta1': 0.9, 'beta2': 0.999, 'signal_len': 8, 'cheb_order': 2, 's': 9.271846825574013, 'batch_size': 16, 'k': 10}
Trial 483 finished with value 0.053356290 | dataset=Wiki500 | model=ufgtime_plus | val_MSE=0.975012786 | test_MSE=0.033320205 | MAE=0.053356290 | RMSE=0.182538228 | MAPE=138.926243499% | params={'learning_rate': 0.006122548568850911, 'decay_rate': 0.0017381071558953114, 'hidden_size': 16, 'beta1': 0.9, 'beta2': 0.999, 'signal_len': 8, 'cheb_order': 2, 's': 5.6076308341117365, 'batch_size': 16, 'k': 10}
Trial 484 finished with value 0.062127031 | dataset=Wiki500 | model=ufgtime_plus | val_MSE=0.976222957 | test_MSE=0.035649663 | MAE=0.062127031 | RMSE=0.188811183 | MAPE=152.528074384% | params={'learning_rate': 0.012251711514018328, 'decay_rate': 0.0009590583377683182, 'hidden_size': 16, 'beta1': 0.9, 'beta2': 0.999, 'signal_len': 8, 'cheb_order': 2, 's': 4.835945865576289, 'batch_size': 32, 'k': 10}
Trial 485 finished with value 0.062345326 | dataset=Wiki500 | model=ufgtime_plus | val_MSE=0.909683396 | test_MSE=0.032942256 | MAE=0.062345326 | RMSE=0.181500015 | MAPE=164.023818442% | params={'learning_rate': 0.008080849349016133, 'decay_rate': 0.002325760803613022, 'hidden_size': 64, 'beta1': 0.9, 'beta2': 0.999, 'signal_len': 8, 'cheb_order': 2, 's': 2.1054556232014106, 'batch_size': 16, 'k': 10}
