Trial 378 finished with value 0.080880061 | dataset=Wiki500 | model=ufgtime_plus | val_MSE=0.913906506 | test_MSE=0.038744782 | MAE=0.080880061 | RMSE=0.196836943 | MAPE=177.506084278% | params={'learning_rate': 0.0069675080173608895, 'decay_rate': 0.0018004658804035266, 'hidden_size': 16, 'beta1': 0.9, 'beta2': 0.999, 'signal_len': 8, 'cheb_order': 2, 's': 1.4427157267916384, 'batch_size': 32, 'k': 10}
Trial 379 finished with value 0.048368201 | dataset=Wiki500 | model=ufgtime_plus | val_MSE=0.895821775 | test_MSE=0.029606861 | MAE=0.048368201 | RMSE=0.172066443 | MAPE=87.651237413% | params={'learning_rate': 0.00854243255454072, 'decay_rate': 4.926420177133908e-05, 'hidden_size': 32, 'beta1': 0.9, 'beta2': 0.999, 'signal_len': 8, 'cheb_order': 2, 's': 1.2489326272498873, 'batch_size': 32, 'k': 10}
Trial 380 finished with value 0.080255592 | dataset=Wiki500 | model=ufgtime_plus | val_MSE=0.914058512 | test_MSE=0.038588814 | MAE=0.080255592 | RMSE=0.196440357 | MAPE=176.498169325% | params={'learning_rate': 0.007764967401189719, 'decay_rate': 0.002288776922285014, 'hidden_size': 16, 'beta1': 0.9, 'beta2': 0.999, 'signal_len': 8, 'cheb_order': 3, 's': 1.5513412476377293, 'batch_size': 32, 'k': 10}
Trial 381 finished with value 0.073737955 | dataset=Wiki500 | model=ufgtime_plus | val_MSE=0.931778946 | test_MSE=0.036887398 | MAE=0.073737955 | RMSE=0.192060923 | MAPE=175.972887132% | params={'learning_rate': 0.009016175524346415, 'decay_rate': 0.0009760392950187736, 'hidden_size': 16, 'beta1': 0.9, 'beta2': 0.999, 'signal_len': 8, 'cheb_order': 2, 's': 1.13914094754838, 'batch_size': 32, 'k': 10}
Trial 382 finished with value 0.062341869 | dataset=Wiki500 | model=ufgtime_plus | val_MSE=0.884392055 | test_MSE=0.031548680 | MAE=0.062341869 | RMSE=0.177619482 | MAPE=167.516947788% | params={'learning_rate': 0.006055804912880066, 'decay_rate': 0.004378766997750753, 'hidden_size': 16, 'beta1': 0.9, 'beta2': 0.999, 'signal_len': 8, 'cheb_order': 2, 's': 1.3637886731457263, 'batch_size': 32, 'k': 10}
Trial 383 finished with value 0.047085742 | dataset=Wiki500 | model=ufgtime_plus | val_MSE=0.898367542 | test_MSE=0.029320490 | MAE=0.047085742 | RMSE=0.171232269 | MAPE=78.357809903% | params={'learning_rate': 0.019733877086424323, 'decay_rate': 1.944147747562198e-05, 'hidden_size': 16, 'beta1': 0.9, 'beta2': 0.999, 'signal_len': 8, 'cheb_order': 2, 's': 1.1042689739533165, 'batch_size': 16, 'k': 10}
Trial 384 finished with value 0.051553000 | dataset=Wiki500 | model=ufgtime_plus | val_MSE=0.974190207 | test_MSE=0.032727091 | MAE=0.051553000 | RMSE=0.180906306 | MAPE=128.389231773% | params={'learning_rate': 0.019815761181773372, 'decay_rate': 0.0016421316067998142, 'hidden_size': 16, 'beta1': 0.9, 'beta2': 0.999, 'signal_len': 8, 'cheb_order': 2, 's': 1.1295654665793455, 'batch_size': 16, 'k': 10}
Trial 385 finished with value 0.048230346 | dataset=Wiki500 | model=ufgtime_plus | val_MSE=0.892197095 | test_MSE=0.029061818 | MAE=0.048230346 | RMSE=0.170475271 | MAPE=114.327393936% | params={'learning_rate': 0.014093162980679193, 'decay_rate': 2.297074075799111e-05, 'hidden_size': 16, 'beta1': 0.9, 'beta2': 0.999, 'signal_len': 8, 'cheb_order': 2, 's': 1.2395209045501552, 'batch_size': 16, 'k': 10}
Trial 386 finished with value 0.050663505 | dataset=Wiki500 | model=ufgtime_plus | val_MSE=0.980447380 | test_MSE=0.032599576 | MAE=0.050663505 | RMSE=0.180553526 | MAPE=122.362242875% | params={'learning_rate': 0.020970150409068033, 'decay_rate': 0.000984087135893928, 'hidden_size': 16, 'beta1': 0.9, 'beta2': 0.999, 'signal_len': 8, 'cheb_order': 2, 's': 1.1204636636795235, 'batch_size': 16, 'k': 10}
Trial 387 finished with value 0.054570369 | dataset=Wiki500 | model=ufgtime_plus | val_MSE=0.971165429 | test_MSE=0.033024860 | MAE=0.054570369 | RMSE=0.181727434 | MAPE=147.743241339% | params={'learning_rate': 0.006719781186203295, 'decay_rate': 0.0026735983043080745, 'hidden_size': 16, 'beta1': 0.9, 'beta2': 0.999, 'signal_len': 8, 'cheb_order': 3, 's': 5.397957010242271, 'batch_size': 16, 'k': 10}
Trial 388 finished with value 0.050203369 | dataset=Wiki500 | model=ufgtime_plus | val_MSE=0.980340954 | test_MSE=0.032703885 | MAE=0.050203369 | RMSE=0.180842156 | MAPE=113.191154662% | params={'learning_rate': 0.016932903318095854, 'decay_rate': 0.0010440414119060096, 'hidden_size': 16, 'beta1': 0.9, 'beta2': 0.999, 'signal_len': 8, 'cheb_order': 2, 's': 5.153248352314574, 'batch_size': 16, 'k': 10}
Trial 389 finished with value 0.051111848 | dataset=Wiki500 | model=ufgtime_plus | val_MSE=0.970642034 | test_MSE=0.032836902 | MAE=0.051111848 | RMSE=0.181209553 | MAPE=117.718946820% | params={'learning_rate': 0.017335039361258405, 'decay_rate': 0.0017738784939867617, 'hidden_size': 16, 'beta1': 0.9, 'beta2': 0.999, 'signal_len': 8, 'cheb_order': 2, 's': 1.3787602695224013, 'batch_size': 16, 'k': 7}
Trial 390 finished with value 0.050283561 | dataset=Wiki500 | model=ufgtime_plus | val_MSE=0.977103903 | test_MSE=0.032632985 | MAE=0.050283561 | RMSE=0.180646023 | MAPE=113.483750564% | params={'learning_rate': 0.03065970005198517, 'decay_rate': 0.0009533280217783581, 'hidden_size': 16, 'beta1': 0.9, 'beta2': 0.999, 'signal_len': 8, 'cheb_order': 2, 's': 4.987315067358816, 'batch_size': 32, 'k': 10}
Trial 391 finished with value 0.051622980 | dataset=Wiki500 | model=ufgtime_plus | val_MSE=0.889031479 | test_MSE=0.030650726 | MAE=0.051622980 | RMSE=0.175073487 | MAPE=105.278419969% | params={'learning_rate': 0.010238845837034993, 'decay_rate': 3.288805906994605e-05, 'hidden_size': 16, 'beta1': 0.9, 'beta2': 0.999, 'signal_len': 8, 'cheb_order': 2, 's': 1.3420930758999288, 'batch_size': 16, 'k': 2}
Trial 392 finished with value 0.083945568 | dataset=Wiki500 | model=ufgtime_plus | val_MSE=0.886375203 | test_MSE=0.034045458 | MAE=0.083945568 | RMSE=0.184514112 | MAPE=223.130499625% | params={'learning_rate': 0.015802288002244584, 'decay_rate': 0.016946235749814686, 'hidden_size': 16, 'beta1': 0.9, 'beta2': 0.999, 'signal_len': 8, 'cheb_order': 2, 's': 1.2483829466648306, 'batch_size': 16, 'k': 3}
Trial 393 finished with value 0.055428278 | dataset=Wiki500 | model=ufgtime_plus | val_MSE=0.879502561 | test_MSE=0.030898405 | MAE=0.055428278 | RMSE=0.175779420 | MAPE=143.315378373% | params={'learning_rate': 0.004650019268491875, 'decay_rate': 0.002394064507417128, 'hidden_size': 16, 'beta1': 0.9, 'beta2': 0.999, 'signal_len': 8, 'cheb_order': 2, 's': 1.1162749968828545, 'batch_size': 16, 'k': 10}
Trial 394 finished with value 0.047306205 | dataset=Wiki500 | model=ufgtime_plus | val_MSE=0.900388621 | test_MSE=0.029522623 | MAE=0.047306205 | RMSE=0.171821487 | MAPE=79.287064055% | params={'learning_rate': 0.00895985649836056, 'decay_rate': 3.9623003105556546e-05, 'hidden_size': 16, 'beta1': 0.9, 'beta2': 0.999, 'signal_len': 8, 'cheb_order': 3, 's': 1.5141881656631215, 'batch_size': 16, 'k': 10}
Trial 395 finished with value 0.051384622 | dataset=Wiki500 | model=ufgtime_plus | val_MSE=0.982181237 | test_MSE=0.032813514 | MAE=0.051384622 | RMSE=0.181145008 | MAPE=130.744334271% | params={'learning_rate': 0.008099987897964294, 'decay_rate': 0.001579336890202813, 'hidden_size': 16, 'beta1': 0.9, 'beta2': 0.999, 'signal_len': 8, 'cheb_order': 2, 's': 5.307460254147278, 'batch_size': 16, 'k': 10}
Trial 396 finished with value 0.058299962 | dataset=Wiki500 | model=ufgtime_plus | val_MSE=0.889849282 | test_MSE=0.032891868 | MAE=0.058299962 | RMSE=0.181361154 | MAPE=118.004916660% | params={'learning_rate': 0.009698418106370822, 'decay_rate': 0.003609607456812215, 'hidden_size': 64, 'beta1': 0.9, 'beta2': 0.999, 'signal_len': 8, 'cheb_order': 2, 's': 4.829287004670208, 'batch_size': 16, 'k': 10}
Trial 397 finished with value 0.050089505 | dataset=Wiki500 | model=ufgtime_plus | val_MSE=0.984476998 | test_MSE=0.032648592 | MAE=0.050089505 | RMSE=0.180689215 | MAPE=116.014678855% | params={'learning_rate': 0.006961520943920154, 'decay_rate': 0.0008740847905305817, 'hidden_size': 16, 'beta1': 0.9, 'beta2': 0.999, 'signal_len': 8, 'cheb_order': 2, 's': 5.6060814686614, 'batch_size': 16, 'k': 10}
Trial 398 finished with value 0.102869369 | dataset=Wiki500 | model=ufgtime_plus | val_MSE=0.902241503 | test_MSE=0.043769883 | MAE=0.102869369 | RMSE=0.209212530 | MAPE=213.566541054% | params={'learning_rate': 0.013618969462968403, 'decay_rate': 0.008234148073097547, 'hidden_size': 16, 'beta1': 0.9, 'beta2': 0.999, 'signal_len': 16, 'cheb_order': 2, 's': 1.4450069847632367, 'batch_size': 128, 'k': 10}
Trial 399 finished with value 0.047460083 | dataset=Wiki500 | model=ufgtime_plus | val_MSE=0.901063944 | test_MSE=0.029366727 | MAE=0.047460083 | RMSE=0.171367228 | MAPE=91.043402463% | params={'learning_rate': 0.005626125436199137, 'decay_rate': 2.3792105454289576e-05, 'hidden_size': 16, 'beta1': 0.9, 'beta2': 0.999, 'signal_len': 8, 'cheb_order': 2, 's': 5.07377035021306, 'batch_size': 16, 'k': 10}
Trial 400 finished with value 0.051428943 | dataset=Wiki500 | model=ufgtime_plus | val_MSE=0.978997385 | test_MSE=0.032783915 | MAE=0.051428943 | RMSE=0.181063289 | MAPE=129.595336848% | params={'learning_rate': 0.010897548852231017, 'decay_rate': 0.0016776291712119228, 'hidden_size': 16, 'beta1': 0.9, 'beta2': 0.999, 'signal_len': 8, 'cheb_order': 3, 's': 2.6429186373915226, 'batch_size': 16, 'k': 10}
Trial 401 finished with value 0.053977721 | dataset=Wiki500 | model=ufgtime_plus | val_MSE=0.970268642 | test_MSE=0.032752802 | MAE=0.053977721 | RMSE=0.180977353 | MAPE=146.572775388% | params={'learning_rate': 0.020450606678142955, 'decay_rate': 0.0027749887919113485, 'hidden_size': 32, 'beta1': 0.9, 'beta2': 0.999, 'signal_len': 8, 'cheb_order': 2, 's': 1.102031590835233, 'batch_size': 32, 'k': 10}
Trial 402 finished with value 0.050705100 | dataset=Wiki500 | model=ufgtime_plus | val_MSE=0.987097056 | test_MSE=0.032730414 | MAE=0.050705100 | RMSE=0.180915489 | MAPE=125.636105201% | params={'learning_rate': 0.008483822167978744, 'decay_rate': 0.0010496144760437649, 'hidden_size': 16, 'beta1': 0.9, 'beta2': 0.999, 'signal_len': 8, 'cheb_order': 2, 's': 1.6174750833654423, 'batch_size': 16, 'k': 10}
Trial 403 finished with value 0.050347059 | dataset=Wiki500 | model=ufgtime_plus | val_MSE=0.982401154 | test_MSE=0.032650348 | MAE=0.050347059 | RMSE=0.180694074 | MAPE=118.699914678% | params={'learning_rate': 0.021879949189144758, 'decay_rate': 0.000974868318668006, 'hidden_size': 16, 'beta1': 0.9, 'beta2': 0.999, 'signal_len': 8, 'cheb_order': 2, 's': 1.3374439054699714, 'batch_size': 16, 'k': 10}
Trial 404 finished with value 0.051695862 | dataset=Wiki500 | model=ufgtime_plus | val_MSE=0.972909181 | test_MSE=0.032830984 | MAE=0.051695862 | RMSE=0.181193224 | MAPE=128.300699202% | params={'learning_rate': 0.0072457172970733065, 'decay_rate': 0.0020846158797864574, 'hidden_size': 16, 'beta1': 0.9, 'beta2': 0.999, 'signal_len': 8, 'cheb_order': 2, 's': 1.9724258719185304, 'batch_size': 16, 'k': 10}
Trial 405 finished with value 0.049898155 | dataset=Wiki500 | model=ufgtime_plus | val_MSE=0.979081315 | test_MSE=0.032757224 | MAE=0.049898155 | RMSE=0.180989568 | MAPE=102.383934811% | params={'learning_rate': 0.01276150488776206, 'decay_rate': 0.001024135124716029, 'hidden_size': 16, 'beta1': 0.9, 'beta2': 0.999, 'signal_len': 8, 'cheb_order': 2, 's': 1.7050469446511667, 'batch_size': 16, 'k': 10}
Trial 406 finished with value 0.050406245 | dataset=Wiki500 | model=ufgtime_plus | val_MSE=0.987661912 | test_MSE=0.032646165 | MAE=0.050406245 | RMSE=0.180682499 | MAPE=122.452916428% | params={'learning_rate': 0.009296423540424545, 'decay_rate': 0.0008619004101150165, 'hidden_size': 16, 'beta1': 0.9, 'beta2': 0.999, 'signal_len': 8, 'cheb_order': 3, 's': 2.3528687320239277, 'batch_size': 16, 'k': 10}
Trial 407 finished with value 0.051652206 | dataset=Wiki500 | model=ufgtime_plus | val_MSE=0.969422214 | test_MSE=0.032830473 | MAE=0.051652206 | RMSE=0.181191813 | MAPE=124.712099986% | params={'learning_rate': 0.019470562228564352, 'decay_rate': 0.0020447656892976806, 'hidden_size': 16, 'beta1': 0.9, 'beta2': 0.999, 'signal_len': 8, 'cheb_order': 2, 's': 1.2846785620876136, 'batch_size': 16, 'k': 10}
Trial 408 finished with value 0.047145413 | dataset=Wiki500 | model=ufgtime_plus | val_MSE=0.898131825 | test_MSE=0.029372823 | MAE=0.047145413 | RMSE=0.171385013 | MAPE=77.731675987% | params={'learning_rate': 0.007652189895872607, 'decay_rate': 6.557228930180971e-05, 'hidden_size': 16, 'beta1': 0.9, 'beta2': 0.999, 'signal_len': 8, 'cheb_order': 2, 's': 6.9237970483448175, 'batch_size': 16, 'k': 10}
Trial 409 finished with value 0.047220457 | dataset=Wiki500 | model=ufgtime_plus | val_MSE=0.896424076 | test_MSE=0.029084312 | MAE=0.047220457 | RMSE=0.170541231 | MAPE=86.782855431% | params={'learning_rate': 0.015050417715872415, 'decay_rate': 6.390620369722304e-05, 'hidden_size': 16, 'beta1': 0.9, 'beta2': 0.999, 'signal_len': 8, 'cheb_order': 2, 's': 1.4758051191715047, 'batch_size': 16, 'k': 8}
Trial 410 finished with value 0.047192563 | dataset=Wiki500 | model=ufgtime_plus | val_MSE=0.901318129 | test_MSE=0.029433185 | MAE=0.047192563 | RMSE=0.171561024 | MAPE=78.661313965% | params={'learning_rate': 0.010465705753869453, 'decay_rate': 3.0677402895348876e-05, 'hidden_size': 16, 'beta1': 0.9, 'beta2': 0.999, 'signal_len': 8, 'cheb_order': 2, 's': 4.977537261182652, 'batch_size': 32, 'k': 10}
Trial 411 finished with value 0.060977519 | dataset=Wiki500 | model=ufgtime_plus | val_MSE=0.886500215 | test_MSE=0.032590071 | MAE=0.060977519 | RMSE=0.180527203 | MAPE=149.429973008% | params={'learning_rate': 0.006377967266299712, 'decay_rate': 0.023311586561258434, 'hidden_size': 16, 'beta1': 0.9, 'beta2': 0.999, 'signal_len': 8, 'cheb_order': 2, 's': 5.415886359477914, 'batch_size': 16, 'k': 6}
Trial 412 finished with value 0.053181682 | dataset=Wiki500 | model=ufgtime_plus | val_MSE=0.955019299 | test_MSE=0.033004877 | MAE=0.053181682 | RMSE=0.181672445 | MAPE=125.512097613% | params={'learning_rate': 0.017958891340828283, 'decay_rate': 0.003025445229334254, 'hidden_size': 16, 'beta1': 0.9, 'beta2': 0.999, 'signal_len': 8, 'cheb_order': 3, 's': 2.1863924158820023, 'batch_size': 16, 'k': 10}
Trial 413 finished with value 0.051543368 | dataset=Wiki500 | model=ufgtime_plus | val_MSE=0.980736841 | test_MSE=0.032812860 | MAE=0.051543368 | RMSE=0.181143203 | MAPE=131.668129135% | params={'learning_rate': 0.008476827471890158, 'decay_rate': 0.0016973581245716615, 'hidden_size': 16, 'beta1': 0.9, 'beta2': 0.999, 'signal_len': 8, 'cheb_order': 2, 's': 5.241136578201681, 'batch_size': 16, 'k': 10}
Trial 414 finished with value 0.050582210 | dataset=Wiki500 | model=ufgtime_plus | val_MSE=0.986241681 | test_MSE=0.032693399 | MAE=0.050582210 | RMSE=0.180813160 | MAPE=123.999637165% | params={'learning_rate': 0.009643218696577876, 'decay_rate': 0.0010005951565815, 'hidden_size': 16, 'beta1': 0.9, 'beta2': 0.999, 'signal_len': 8, 'cheb_order': 2, 's': 2.9472497685581, 'batch_size': 16, 'k': 10}
Trial 415 finished with value 0.058268435 | dataset=Wiki500 | model=ufgtime_plus | val_MSE=0.956524418 | test_MSE=0.035218257 | MAE=0.058268435 | RMSE=0.187665279 | MAPE=134.792550801% | params={'learning_rate': 0.00480661996618251, 'decay_rate': 0.0009620196431062067, 'hidden_size': 16, 'beta1': 0.9, 'beta2': 0.999, 'signal_len': 8, 'cheb_order': 2, 's': 7.868064997958786, 'batch_size': 16, 'k': 10}
Trial 416 finished with value 0.053121797 | dataset=Wiki500 | model=ufgtime_plus | val_MSE=0.965600792 | test_MSE=0.032804594 | MAE=0.053121797 | RMSE=0.181120385 | MAPE=137.599886936% | params={'learning_rate': 0.007394331475849368, 'decay_rate': 0.0025697789963281107, 'hidden_size': 16, 'beta1': 0.9, 'beta2': 0.999, 'signal_len': 16, 'cheb_order': 2, 's': 1.1078391553248776, 'batch_size': 16, 'k': 10}
Trial 417 finished with value 0.056513280 | dataset=Wiki500 | model=ufgtime_plus | val_MSE=0.969288279 | test_MSE=0.032466794 | MAE=0.056513280 | RMSE=0.180185444 | MAPE=152.469218100% | params={'learning_rate': 0.012524020010401666, 'decay_rate': 0.0016951088308803145, 'hidden_size': 64, 'beta1': 0.9, 'beta2': 0.999, 'signal_len': 8, 'cheb_order': 2, 's': 1.3622272656371686, 'batch_size': 16, 'k': 10}
Trial 418 finished with value 0.047314869 | dataset=Wiki500 | model=ufgtime_plus | val_MSE=0.898670814 | test_MSE=0.029373274 | MAE=0.047314869 | RMSE=0.171386329 | MAPE=84.882899465% | params={'learning_rate': 0.008867561278736094, 'decay_rate': 6.424703373913045e-05, 'hidden_size': 16, 'beta1': 0.9, 'beta2': 0.999, 'signal_len': 8, 'cheb_order': 2, 's': 1.6461888994346103, 'batch_size': 16, 'k': 10}
Trial 419 finished with value 0.076438431 | dataset=Wiki500 | model=ufgtime_plus | val_MSE=0.908619839 | test_MSE=0.036710847 | MAE=0.076438431 | RMSE=0.191600749 | MAPE=178.335468521% | params={'learning_rate': 0.011724244539281215, 'decay_rate': 0.0054040114276381135, 'hidden_size': 16, 'beta1': 0.9, 'beta2': 0.999, 'signal_len': 8, 'cheb_order': 3, 's': 1.2753784267091053, 'batch_size': 32, 'k': 10}
Trial 420 finished with value 0.054862578 | dataset=Wiki500 | model=ufgtime_plus | val_MSE=0.884314877 | test_MSE=0.031434068 | MAE=0.054862578 | RMSE=0.177296555 | MAPE=117.209661979% | params={'learning_rate': 0.003548049202353916, 'decay_rate': 0.0036516658065367993, 'hidden_size': 16, 'beta1': 0.9, 'beta2': 0.999, 'signal_len': 8, 'cheb_order': 2, 's': 1.476781355175562, 'batch_size': 16, 'k': 10}
Trial 421 finished with value 0.060186524 | dataset=Wiki500 | model=ufgtime_plus | val_MSE=0.885797225 | test_MSE=0.031982935 | MAE=0.060186524 | RMSE=0.178837733 | MAPE=155.173211954% | params={'learning_rate': 0.006441539993694919, 'decay_rate': 0.011696030778490761, 'hidden_size': 16, 'beta1': 0.9, 'beta2': 0.999, 'signal_len': 8, 'cheb_order': 2, 's': 1.872727149965147, 'batch_size': 16, 'k': 10}
Trial 422 finished with value 0.091698790 | dataset=Wiki500 | model=ufgtime_plus | val_MSE=0.920460550 | test_MSE=0.040195537 | MAE=0.091698790 | RMSE=0.200488246 | MAPE=214.716227031% | params={'learning_rate': 0.010813767566978468, 'decay_rate': 0.0009316492387487422, 'hidden_size': 16, 'beta1': 0.9, 'beta2': 0.999, 'signal_len': 8, 'cheb_order': 2, 's': 4.827312105118991, 'batch_size': 128, 'k': 10}
Trial 423 finished with value 0.050487659 | dataset=Wiki500 | model=ufgtime_plus | val_MSE=0.892149621 | test_MSE=0.029058797 | MAE=0.050487659 | RMSE=0.170466409 | MAPE=135.672418318% | params={'learning_rate': 0.016181387785503498, 'decay_rate': 3.1212058276791554e-05, 'hidden_size': 32, 'beta1': 0.9, 'beta2': 0.999, 'signal_len': 8, 'cheb_order': 2, 's': 5.050231724708712, 'batch_size': 16, 'k': 10}
Trial 424 finished with value 0.051630381 | dataset=Wiki500 | model=ufgtime_plus | val_MSE=0.980104436 | test_MSE=0.032815321 | MAE=0.051630381 | RMSE=0.181149997 | MAPE=132.221885897% | params={'learning_rate': 0.008415140413925826, 'decay_rate': 0.00176431312142935, 'hidden_size': 16, 'beta1': 0.9, 'beta2': 0.999, 'signal_len': 8, 'cheb_order': 2, 's': 1.6098958415176379, 'batch_size': 16, 'k': 10}
Trial 425 finished with value 0.049925639 | dataset=Wiki500 | model=ufgtime_plus | val_MSE=0.979501023 | test_MSE=0.032688868 | MAE=0.049925639 | RMSE=0.180800629 | MAPE=105.683585565% | params={'learning_rate': 0.014402772381023944, 'decay_rate': 0.000942950338598187, 'hidden_size': 16, 'beta1': 0.9, 'beta2': 0.999, 'signal_len': 8, 'cheb_order': 3, 's': 1.2946777002735603, 'batch_size': 16, 'k': 10}
Trial 426 finished with value 0.058581255 | dataset=Wiki500 | model=ufgtime_plus | val_MSE=0.954545752 | test_MSE=0.034293630 | MAE=0.058581255 | RMSE=0.185185394 | MAPE=146.471868937% | params={'learning_rate': 0.005697247987433963, 'decay_rate': 0.002526218626971887, 'hidden_size': 16, 'beta1': 0.9, 'beta2': 0.999, 'signal_len': 8, 'cheb_order': 2, 's': 5.190718741138852, 'batch_size': 16, 'k': 9}
Trial 427 finished with value 0.050405842 | dataset=Wiki500 | model=ufgtime_plus | val_MSE=0.986436981 | test_MSE=0.032650201 | MAE=0.050405842 | RMSE=0.180693667 | MAPE=122.001226530% | params={'learning_rate': 0.009922754989120737, 'decay_rate': 0.0009025380737339486, 'hidden_size': 16, 'beta1': 0.9, 'beta2': 0.999, 'signal_len': 8, 'cheb_order': 2, 's': 1.117577683960858, 'batch_size': 16, 'k': 10}
Trial 428 finished with value 0.047076744 | dataset=Wiki500 | model=ufgtime_plus | val_MSE=0.900664056 | test_MSE=0.029271024 | MAE=0.047076744 | RMSE=0.171087767 | MAPE=82.265567147% | params={'learning_rate': 0.007660530147649396, 'decay_rate': 1.1206115587344818e-05, 'hidden_size': 16, 'beta1': 0.9, 'beta2': 0.999, 'signal_len': 8, 'cheb_order': 2, 's': 2.4890780325413373, 'batch_size': 32, 'k': 10}
Trial 429 finished with value 0.079971485 | dataset=Wiki500 | model=ufgtime_plus | val_MSE=0.916030644 | test_MSE=0.038459740 | MAE=0.079971485 | RMSE=0.196111549 | MAPE=177.517835320% | params={'learning_rate': 0.007385553552293493, 'decay_rate': 0.0016956431350659325, 'hidden_size': 16, 'beta1': 0.9, 'beta2': 0.999, 'signal_len': 8, 'cheb_order': 2, 's': 2.026393852300447, 'batch_size': 32, 'k': 8}
Trial 430 finished with value 0.079854252 | dataset=Wiki500 | model=ufgtime_plus | val_MSE=0.916701885 | test_MSE=0.038467423 | MAE=0.079854252 | RMSE=0.196131138 | MAPE=176.075753302% | params={'learning_rate': 0.006554045096006611, 'decay_rate': 0.0009259257112261941, 'hidden_size': 16, 'beta1': 0.9, 'beta2': 0.999, 'signal_len': 8, 'cheb_order': 2, 's': 2.3379240311885034, 'batch_size': 32, 'k': 10}
Trial 431 finished with value 0.054423510 | dataset=Wiki500 | model=ufgtime_plus | val_MSE=0.879869999 | test_MSE=0.031044408 | MAE=0.054423510 | RMSE=0.176194235 | MAPE=132.069801015% | params={'learning_rate': 0.005152248289903348, 'decay_rate': 0.00262273062183803, 'hidden_size': 16, 'beta1': 0.9, 'beta2': 0.999, 'signal_len': 8, 'cheb_order': 2, 's': 2.468162733393823, 'batch_size': 32, 'k': 10}
