Trial 270 finished with value 0.047107266 | dataset=Wiki500 | model=ufgtime_plus | val_MSE=0.899462763 | test_MSE=0.029338319 | MAE=0.047107266 | RMSE=0.171284322 | MAPE=79.645743960% | params={'learning_rate': 0.006677835706142635, 'decay_rate': 3.748139585145168e-05, 'hidden_size': 16, 'beta1': 0.9, 'beta2': 0.999, 'signal_len': 8, 'cheb_order': 2, 's': 1.1152010282107714, 'batch_size': 16, 'k': 10}
Trial 271 finished with value 0.069646375 | dataset=Wiki500 | model=ufgtime_plus | val_MSE=0.939134328 | test_MSE=0.035850492 | MAE=0.069646375 | RMSE=0.189342263 | MAPE=169.904333514% | params={'learning_rate': 0.010563898784367996, 'decay_rate': 0.0017257970642802463, 'hidden_size': 16, 'beta1': 0.9, 'beta2': 0.999, 'signal_len': 8, 'cheb_order': 2, 's': 1.119386410308225, 'batch_size': 32, 'k': 10}
Trial 272 finished with value 0.050681116 | dataset=Wiki500 | model=ufgtime_plus | val_MSE=0.987726489 | test_MSE=0.032728555 | MAE=0.050681116 | RMSE=0.180910350 | MAPE=125.557673602% | params={'learning_rate': 0.008153912601366869, 'decay_rate': 0.0010203069052251799, 'hidden_size': 16, 'beta1': 0.9, 'beta2': 0.999, 'signal_len': 8, 'cheb_order': 2, 's': 1.9058951807964457, 'batch_size': 16, 'k': 10}
Trial 273 finished with value 0.083285505 | dataset=Wiki500 | model=ufgtime_plus | val_MSE=0.906926273 | test_MSE=0.039635124 | MAE=0.083285505 | RMSE=0.199085719 | MAPE=175.936150145% | params={'learning_rate': 0.007124101592921694, 'decay_rate': 0.003400667926456792, 'hidden_size': 16, 'beta1': 0.9, 'beta2': 0.999, 'signal_len': 8, 'cheb_order': 2, 's': 2.158385606414408, 'batch_size': 32, 'k': 10}
Trial 274 finished with value 0.047255613 | dataset=Wiki500 | model=ufgtime_plus | val_MSE=0.899647274 | test_MSE=0.029368422 | MAE=0.047255613 | RMSE=0.171372173 | MAPE=76.789531667% | params={'learning_rate': 0.009484257556864661, 'decay_rate': 7.50320801118216e-05, 'hidden_size': 16, 'beta1': 0.9, 'beta2': 0.999, 'signal_len': 8, 'cheb_order': 2, 's': 1.581495929183687, 'batch_size': 16, 'k': 10}
Trial 275 finished with value 0.047504894 | dataset=Wiki500 | model=ufgtime_plus | val_MSE=0.896487029 | test_MSE=0.029342481 | MAE=0.047504894 | RMSE=0.171296472 | MAPE=82.772242220% | params={'learning_rate': 0.003265677799609646, 'decay_rate': 4.126817639155417e-05, 'hidden_size': 16, 'beta1': 0.9, 'beta2': 0.999, 'signal_len': 8, 'cheb_order': 2, 's': 1.4014415525811301, 'batch_size': 16, 'k': 10}
Trial 276 finished with value 0.058129995 | dataset=Wiki500 | model=ufgtime_plus | val_MSE=0.958253308 | test_MSE=0.034464293 | MAE=0.058129995 | RMSE=0.185645610 | MAPE=143.493623764% | params={'learning_rate': 0.0056407418289327665, 'decay_rate': 0.0022363919826445537, 'hidden_size': 16, 'beta1': 0.9, 'beta2': 0.999, 'signal_len': 8, 'cheb_order': 2, 's': 2.71338226997832, 'batch_size': 16, 'k': 10}
Trial 277 finished with value 0.050629780 | dataset=Wiki500 | model=ufgtime_plus | val_MSE=0.987110657 | test_MSE=0.032710640 | MAE=0.050629780 | RMSE=0.180860829 | MAPE=124.817217613% | params={'learning_rate': 0.0088050495179543, 'decay_rate': 0.0010054521642503158, 'hidden_size': 16, 'beta1': 0.9, 'beta2': 0.999, 'signal_len': 8, 'cheb_order': 2, 's': 1.1180294587266255, 'batch_size': 16, 'k': 10}
Trial 278 finished with value 0.100811132 | dataset=Wiki500 | model=ufgtime_plus | val_MSE=0.918406977 | test_MSE=0.041611855 | MAE=0.100811132 | RMSE=0.203989842 | MAPE=231.844046783% | params={'learning_rate': 0.010650421433114537, 'decay_rate': 0.0017175445546719313, 'hidden_size': 16, 'beta1': 0.9, 'beta2': 0.999, 'signal_len': 8, 'cheb_order': 3, 's': 1.716800972328902, 'batch_size': 64, 'k': 10}
Trial 279 finished with value 0.050665091 | dataset=Wiki500 | model=ufgtime_plus | val_MSE=0.988762708 | test_MSE=0.032731631 | MAE=0.050665091 | RMSE=0.180918852 | MAPE=125.629613129% | params={'learning_rate': 0.007436104607397198, 'decay_rate': 0.0009857606699180978, 'hidden_size': 16, 'beta1': 0.9, 'beta2': 0.999, 'signal_len': 8, 'cheb_order': 2, 's': 1.4841202835431426, 'batch_size': 16, 'k': 10}
Trial 280 finished with value 0.047532247 | dataset=Wiki500 | model=ufgtime_plus | val_MSE=0.901154928 | test_MSE=0.029389967 | MAE=0.047532247 | RMSE=0.171435023 | MAPE=88.601865854% | params={'learning_rate': 0.0062091528493475445, 'decay_rate': 1.2219301146529593e-05, 'hidden_size': 16, 'beta1': 0.9, 'beta2': 0.999, 'signal_len': 8, 'cheb_order': 2, 's': 1.2967081069746345, 'batch_size': 16, 'k': 10}
Trial 281 finished with value 0.061985507 | dataset=Wiki500 | model=ufgtime_plus | val_MSE=0.910837717 | test_MSE=0.033635991 | MAE=0.061985507 | RMSE=0.183401174 | MAPE=138.841262384% | params={'learning_rate': 0.009740527558114805, 'decay_rate': 0.0027820991635547658, 'hidden_size': 64, 'beta1': 0.9, 'beta2': 0.999, 'signal_len': 8, 'cheb_order': 2, 's': 3.147600720350567, 'batch_size': 16, 'k': 10}
Trial 282 finished with value 0.050501202 | dataset=Wiki500 | model=ufgtime_plus | val_MSE=0.988341254 | test_MSE=0.032676515 | MAE=0.050501202 | RMSE=0.180766466 | MAPE=123.740109510% | params={'learning_rate': 0.008508148490806205, 'decay_rate': 0.0008956663717267069, 'hidden_size': 16, 'beta1': 0.9, 'beta2': 0.999, 'signal_len': 8, 'cheb_order': 2, 's': 1.4800847697383381, 'batch_size': 16, 'k': 10}
Trial 283 finished with value 0.050466519 | dataset=Wiki500 | model=ufgtime_plus | val_MSE=0.975907312 | test_MSE=0.032901178 | MAE=0.050466519 | RMSE=0.181386819 | MAPE=107.769820845% | params={'learning_rate': 0.011020078502637708, 'decay_rate': 0.0016334746209429154, 'hidden_size': 16, 'beta1': 0.9, 'beta2': 0.999, 'signal_len': 8, 'cheb_order': 2, 's': 1.8793613870594392, 'batch_size': 16, 'k': 10}
Trial 284 finished with value 0.049844683 | dataset=Wiki500 | model=ufgtime_plus | val_MSE=0.984267670 | test_MSE=0.032750250 | MAE=0.049844683 | RMSE=0.180970300 | MAPE=109.489637812% | params={'learning_rate': 0.007257147123999723, 'decay_rate': 0.0010314353550924201, 'hidden_size': 16, 'beta1': 0.9, 'beta2': 0.999, 'signal_len': 8, 'cheb_order': 2, 's': 1.799525664143109, 'batch_size': 16, 'k': 10}
Trial 285 finished with value 0.047028301 | dataset=Wiki500 | model=ufgtime_plus | val_MSE=0.900515094 | test_MSE=0.029344132 | MAE=0.047028301 | RMSE=0.171301290 | MAPE=77.493489898% | params={'learning_rate': 0.008717352321813678, 'decay_rate': 2.146735401429445e-05, 'hidden_size': 16, 'beta1': 0.9, 'beta2': 0.999, 'signal_len': 8, 'cheb_order': 3, 's': 1.1163547033935246, 'batch_size': 16, 'k': 10}
Trial 286 finished with value 0.056575473 | dataset=Wiki500 | model=ufgtime_plus | val_MSE=0.879321468 | test_MSE=0.030677933 | MAE=0.056575473 | RMSE=0.175151172 | MAPE=154.757919357% | params={'learning_rate': 0.004698924886231599, 'decay_rate': 0.002300068496050993, 'hidden_size': 16, 'beta1': 0.9, 'beta2': 0.999, 'signal_len': 8, 'cheb_order': 2, 's': 1.1086999068536783, 'batch_size': 16, 'k': 10}
Trial 287 finished with value 0.054363795 | dataset=Wiki500 | model=ufgtime_plus | val_MSE=0.956568723 | test_MSE=0.032854859 | MAE=0.054363795 | RMSE=0.181259093 | MAPE=141.670385092% | params={'learning_rate': 0.00782369898861883, 'decay_rate': 0.003784289414420504, 'hidden_size': 16, 'beta1': 0.9, 'beta2': 0.999, 'signal_len': 8, 'cheb_order': 2, 's': 1.266803803373091, 'batch_size': 16, 'k': 10}
Trial 288 finished with value 0.051962759 | dataset=Wiki500 | model=ufgtime_plus | val_MSE=0.990015535 | test_MSE=0.033096442 | MAE=0.051962759 | RMSE=0.181924276 | MAPE=128.218150424% | params={'learning_rate': 0.006102871720031025, 'decay_rate': 0.001054338083418666, 'hidden_size': 32, 'beta1': 0.9, 'beta2': 0.999, 'signal_len': 8, 'cheb_order': 2, 's': 1.3852146785454507, 'batch_size': 16, 'k': 10}
Trial 289 finished with value 0.065594075 | dataset=Wiki500 | model=ufgtime_plus | val_MSE=0.886005977 | test_MSE=0.032653851 | MAE=0.065594075 | RMSE=0.180703767 | MAPE=175.815095352% | params={'learning_rate': 0.011622275750474755, 'decay_rate': 0.010390987579976807, 'hidden_size': 16, 'beta1': 0.9, 'beta2': 0.999, 'signal_len': 8, 'cheb_order': 2, 's': 1.5926399759636447, 'batch_size': 16, 'k': 10}
Trial 290 finished with value 0.046716666 | dataset=Wiki500 | model=ufgtime_plus | val_MSE=0.894730757 | test_MSE=0.029058871 | MAE=0.046716666 | RMSE=0.170466627 | MAPE=78.410027574% | params={'learning_rate': 0.00965714858688065, 'decay_rate': 1.3475029548383707e-05, 'hidden_size': 16, 'beta1': 0.9, 'beta2': 0.999, 'signal_len': 8, 'cheb_order': 2, 's': 1.2694434379866189, 'batch_size': 16, 'k': 10}
Trial 291 finished with value 0.051970672 | dataset=Wiki500 | model=ufgtime_plus | val_MSE=0.884229554 | test_MSE=0.031021562 | MAE=0.051970672 | RMSE=0.176129391 | MAPE=84.668825399% | params={'learning_rate': 0.00954478982139635, 'decay_rate': 1.052145391698087e-05, 'hidden_size': 16, 'beta1': 0.9, 'beta2': 0.999, 'signal_len': 8, 'cheb_order': 3, 's': 1.2715435043213057, 'batch_size': 16, 'k': 10}
Trial 292 finished with value 0.077189532 | dataset=Wiki500 | model=ufgtime_plus | val_MSE=0.921360342 | test_MSE=0.037656324 | MAE=0.077189532 | RMSE=0.194052375 | MAPE=178.178275916% | params={'learning_rate': 0.008468277110574405, 'decay_rate': 0.001707971192142089, 'hidden_size': 16, 'beta1': 0.9, 'beta2': 0.999, 'signal_len': 8, 'cheb_order': 2, 's': 1.111490737092042, 'batch_size': 32, 'k': 10}
Trial 293 finished with value 0.103287353 | dataset=Wiki500 | model=ufgtime_plus | val_MSE=0.915449020 | test_MSE=0.049082881 | MAE=0.103287353 | RMSE=0.221546566 | MAPE=197.675742065% | params={'learning_rate': 0.007071508442508491, 'decay_rate': 0.0009140536111925498, 'hidden_size': 16, 'beta1': 0.9, 'beta2': 0.999, 'signal_len': 8, 'cheb_order': 2, 's': 1.4753144964300542, 'batch_size': 128, 'k': 10}
Trial 294 finished with value 0.049542940 | dataset=Wiki500 | model=ufgtime_plus | val_MSE=0.884210057 | test_MSE=0.029160430 | MAE=0.049542940 | RMSE=0.170764251 | MAPE=117.044451639% | params={'learning_rate': 0.03878302549963271, 'decay_rate': 1.5663730242278026e-05, 'hidden_size': 16, 'beta1': 0.9, 'beta2': 0.999, 'signal_len': 8, 'cheb_order': 2, 's': 1.2507158453933098, 'batch_size': 16, 'k': 10}
Trial 295 finished with value 0.053004871 | dataset=Wiki500 | model=ufgtime_plus | val_MSE=0.970329814 | test_MSE=0.032791325 | MAE=0.053004871 | RMSE=0.181083751 | MAPE=139.637442309% | params={'learning_rate': 0.009868909955453451, 'decay_rate': 0.0027311873174622743, 'hidden_size': 16, 'beta1': 0.9, 'beta2': 0.999, 'signal_len': 8, 'cheb_order': 2, 's': 1.6116664065547655, 'batch_size': 16, 'k': 10}
Trial 296 finished with value 0.051671968 | dataset=Wiki500 | model=ufgtime_plus | val_MSE=0.979734743 | test_MSE=0.032813855 | MAE=0.051671968 | RMSE=0.181145949 | MAPE=132.450798313% | params={'learning_rate': 0.008576902801025275, 'decay_rate': 0.0017927011025430865, 'hidden_size': 16, 'beta1': 0.9, 'beta2': 0.999, 'signal_len': 8, 'cheb_order': 2, 's': 1.3195029499709927, 'batch_size': 16, 'k': 10}
Trial 297 finished with value 0.051449624 | dataset=Wiki500 | model=ufgtime_plus | val_MSE=0.990387508 | test_MSE=0.033813292 | MAE=0.051449624 | RMSE=0.183883910 | MAPE=123.407054620% | params={'learning_rate': 0.006503199319434277, 'decay_rate': 0.0009360755433189271, 'hidden_size': 16, 'beta1': 0.9, 'beta2': 0.999, 'signal_len': 8, 'cheb_order': 3, 's': 1.4526945236075837, 'batch_size': 16, 'k': 10}
Trial 298 finished with value 0.051847259 | dataset=Wiki500 | model=ufgtime_plus | val_MSE=0.978961247 | test_MSE=0.032824676 | MAE=0.051847259 | RMSE=0.181175814 | MAPE=133.729953662% | params={'learning_rate': 0.007843159378734086, 'decay_rate': 0.001926466222042807, 'hidden_size': 16, 'beta1': 0.9, 'beta2': 0.999, 'signal_len': 8, 'cheb_order': 2, 's': 1.6915065696072218, 'batch_size': 16, 'k': 10}
Trial 299 finished with value 0.052013697 | dataset=Wiki500 | model=ufgtime_plus | val_MSE=0.974574964 | test_MSE=0.033745997 | MAE=0.052013697 | RMSE=0.183700835 | MAPE=125.515660518% | params={'learning_rate': 0.005384300197235991, 'decay_rate': 0.0008531567135988236, 'hidden_size': 16, 'beta1': 0.9, 'beta2': 0.999, 'signal_len': 8, 'cheb_order': 2, 's': 1.1432498255524153, 'batch_size': 16, 'k': 10}
Trial 300 finished with value 0.065155612 | dataset=Wiki500 | model=ufgtime_plus | val_MSE=0.890126269 | test_MSE=0.034878386 | MAE=0.065155612 | RMSE=0.186757560 | MAPE=147.592058764% | params={'learning_rate': 0.010086699492916022, 'decay_rate': 0.030100397839365012, 'hidden_size': 16, 'beta1': 0.9, 'beta2': 0.999, 'signal_len': 8, 'cheb_order': 2, 's': 1.3785200143248593, 'batch_size': 16, 'k': 7}
Trial 301 finished with value 0.104705544 | dataset=Wiki500 | model=ufgtime_plus | val_MSE=0.922094030 | test_MSE=0.042411270 | MAE=0.104705544 | RMSE=0.205939968 | MAPE=236.236028932% | params={'learning_rate': 0.008965584122087679, 'decay_rate': 6.357553241295187e-05, 'hidden_size': 16, 'beta1': 0.9, 'beta2': 0.999, 'signal_len': 8, 'cheb_order': 2, 's': 1.116787786962251, 'batch_size': 64, 'k': 10}
Trial 302 finished with value 0.054346333 | dataset=Wiki500 | model=ufgtime_plus | val_MSE=0.956107813 | test_MSE=0.032821435 | MAE=0.054346333 | RMSE=0.181166872 | MAPE=139.255302910% | params={'learning_rate': 0.03270596615525515, 'decay_rate': 0.0028669283368492416, 'hidden_size': 16, 'beta1': 0.9, 'beta2': 0.999, 'signal_len': 8, 'cheb_order': 2, 's': 1.5067051804416411, 'batch_size': 16, 'k': 10}
Trial 303 finished with value 0.050811719 | dataset=Wiki500 | model=ufgtime_plus | val_MSE=0.981229666 | test_MSE=0.032836939 | MAE=0.050811719 | RMSE=0.181209656 | MAPE=122.389557663% | params={'learning_rate': 0.007071900793439667, 'decay_rate': 0.0015783674111523758, 'hidden_size': 16, 'beta1': 0.9, 'beta2': 0.999, 'signal_len': 8, 'cheb_order': 2, 's': 2.575026178191428, 'batch_size': 16, 'k': 10}
Trial 304 finished with value 0.047170477 | dataset=Wiki500 | model=ufgtime_plus | val_MSE=0.898821929 | test_MSE=0.029331168 | MAE=0.047170477 | RMSE=0.171263445 | MAPE=78.727888546% | params={'learning_rate': 0.010757295819947107, 'decay_rate': 3.549249537999573e-05, 'hidden_size': 16, 'beta1': 0.9, 'beta2': 0.999, 'signal_len': 8, 'cheb_order': 3, 's': 1.2810360111527412, 'batch_size': 16, 'k': 10}
Trial 305 finished with value 0.052099024 | dataset=Wiki500 | model=ufgtime_plus | val_MSE=0.882428888 | test_MSE=0.029978384 | MAE=0.052099024 | RMSE=0.173142671 | MAPE=138.913903851% | params={'learning_rate': 0.004256642345947342, 'decay_rate': 0.000937865217923744, 'hidden_size': 64, 'beta1': 0.9, 'beta2': 0.999, 'signal_len': 8, 'cheb_order': 2, 's': 1.7001056111559516, 'batch_size': 16, 'k': 10}
Trial 306 finished with value 0.079384949 | dataset=Wiki500 | model=ufgtime_plus | val_MSE=0.915827418 | test_MSE=0.038309928 | MAE=0.079384949 | RMSE=0.195729220 | MAPE=177.109140344% | params={'learning_rate': 0.008042925569900435, 'decay_rate': 0.0021753767358355753, 'hidden_size': 16, 'beta1': 0.9, 'beta2': 0.999, 'signal_len': 8, 'cheb_order': 2, 's': 1.3971498010215329, 'batch_size': 32, 'k': 10}
Trial 307 finished with value 0.055188397 | dataset=Wiki500 | model=ufgtime_plus | val_MSE=0.883626843 | test_MSE=0.031619749 | MAE=0.055188397 | RMSE=0.177819429 | MAPE=115.538264559% | params={'learning_rate': 0.006117324590850461, 'decay_rate': 0.0035528890837403537, 'hidden_size': 16, 'beta1': 0.9, 'beta2': 0.999, 'signal_len': 8, 'cheb_order': 2, 's': 1.2469658402161283, 'batch_size': 16, 'k': 4}
Trial 308 finished with value 0.050372626 | dataset=Wiki500 | model=ufgtime_plus | val_MSE=0.901119881 | test_MSE=0.030121051 | MAE=0.050372626 | RMSE=0.173554172 | MAPE=94.800948763% | params={'learning_rate': 0.00933195621675723, 'decay_rate': 2.0436776585223088e-05, 'hidden_size': 16, 'beta1': 0.9, 'beta2': 0.999, 'signal_len': 8, 'cheb_order': 2, 's': 1.6225636867917488, 'batch_size': 16, 'k': 10}
Trial 309 finished with value 0.054146664 | dataset=Wiki500 | model=ufgtime_plus | val_MSE=0.903638740 | test_MSE=0.032013652 | MAE=0.054146664 | RMSE=0.178923591 | MAPE=123.719192549% | params={'learning_rate': 0.0013106148821882338, 'decay_rate': 0.0010594815978597631, 'hidden_size': 16, 'beta1': 0.9, 'beta2': 0.999, 'signal_len': 8, 'cheb_order': 2, 's': 2.2962503803469203, 'batch_size': 16, 'k': 10}
Trial 310 finished with value 0.053487708 | dataset=Wiki500 | model=ufgtime_plus | val_MSE=0.979156820 | test_MSE=0.032784864 | MAE=0.053487708 | RMSE=0.181065911 | MAPE=140.517382198% | params={'learning_rate': 0.007734824415554057, 'decay_rate': 0.0016743319649051404, 'hidden_size': 32, 'beta1': 0.9, 'beta2': 0.999, 'signal_len': 8, 'cheb_order': 3, 's': 1.8061614607699372, 'batch_size': 16, 'k': 10}
Trial 311 finished with value 0.050580629 | dataset=Wiki500 | model=ufgtime_plus | val_MSE=0.987654725 | test_MSE=0.032699492 | MAE=0.050580629 | RMSE=0.180830008 | MAPE=124.437681157% | params={'learning_rate': 0.008642919546911093, 'decay_rate': 0.0009625711657280341, 'hidden_size': 16, 'beta1': 0.9, 'beta2': 0.999, 'signal_len': 8, 'cheb_order': 2, 's': 1.1065357740045072, 'batch_size': 16, 'k': 10}
Trial 312 finished with value 0.051190903 | dataset=Wiki500 | model=ufgtime_plus | val_MSE=0.970717051 | test_MSE=0.032912793 | MAE=0.051190903 | RMSE=0.181418832 | MAPE=116.345285826% | params={'learning_rate': 0.011354350933601726, 'decay_rate': 0.002133948675475529, 'hidden_size': 16, 'beta1': 0.9, 'beta2': 0.999, 'signal_len': 8, 'cheb_order': 2, 's': 1.5277010045091233, 'batch_size': 16, 'k': 10}
Trial 313 finished with value 0.047574912 | dataset=Wiki500 | model=ufgtime_plus | val_MSE=0.901665642 | test_MSE=0.029361161 | MAE=0.047574912 | RMSE=0.171350989 | MAPE=88.997770527% | params={'learning_rate': 0.006715721366628848, 'decay_rate': 1.6275429196939696e-05, 'hidden_size': 16, 'beta1': 0.9, 'beta2': 0.999, 'signal_len': 8, 'cheb_order': 2, 's': 1.3407139806967856, 'batch_size': 16, 'k': 10}
Trial 314 finished with value 0.050393431 | dataset=Wiki500 | model=ufgtime_plus | val_MSE=0.985320487 | test_MSE=0.032649960 | MAE=0.050393431 | RMSE=0.180693000 | MAPE=121.346042887% | params={'learning_rate': 0.010440997430003165, 'decay_rate': 0.0009311260356752214, 'hidden_size': 16, 'beta1': 0.9, 'beta2': 0.999, 'signal_len': 8, 'cheb_order': 2, 's': 1.4468815361917, 'batch_size': 16, 'k': 10}
Trial 315 finished with value 0.050516951 | dataset=Wiki500 | model=ufgtime_plus | val_MSE=0.989196318 | test_MSE=0.032679278 | MAE=0.050516951 | RMSE=0.180774108 | MAPE=124.103198986% | params={'learning_rate': 0.00785845338421025, 'decay_rate': 0.0008738421752335448, 'hidden_size': 16, 'beta1': 0.9, 'beta2': 0.999, 'signal_len': 8, 'cheb_order': 2, 's': 8.429136087567311, 'batch_size': 16, 'k': 10}
Trial 316 finished with value 0.054899844 | dataset=Wiki500 | model=ufgtime_plus | val_MSE=0.879961974 | test_MSE=0.030966465 | MAE=0.054899844 | RMSE=0.175972910 | MAPE=137.907286297% | params={'learning_rate': 0.005354295535977464, 'decay_rate': 0.0024826179859216814, 'hidden_size': 16, 'beta1': 0.9, 'beta2': 0.999, 'signal_len': 8, 'cheb_order': 3, 's': 1.9138566400551993, 'batch_size': 16, 'k': 10}
Trial 317 finished with value 0.108021427 | dataset=Wiki500 | model=ufgtime_plus | val_MSE=0.918064557 | test_MSE=0.047929662 | MAE=0.108021427 | RMSE=0.218928441 | MAPE=210.901494868% | params={'learning_rate': 0.009511005530133392, 'decay_rate': 2.225605502840963e-05, 'hidden_size': 16, 'beta1': 0.9, 'beta2': 0.999, 'signal_len': 8, 'cheb_order': 2, 's': 1.1007254051845405, 'batch_size': 128, 'k': 10}
Trial 318 finished with value 0.060905752 | dataset=Wiki500 | model=ufgtime_plus | val_MSE=0.886589997 | test_MSE=0.032291554 | MAE=0.060905752 | RMSE=0.179698508 | MAPE=151.625230564% | params={'learning_rate': 0.012271900906658424, 'decay_rate': 0.02115886721403466, 'hidden_size': 16, 'beta1': 0.9, 'beta2': 0.999, 'signal_len': 8, 'cheb_order': 2, 's': 1.5397923522379717, 'batch_size': 16, 'k': 10}
Trial 319 finished with value 0.056855550 | dataset=Wiki500 | model=ufgtime_plus | val_MSE=0.884652276 | test_MSE=0.031887823 | MAE=0.056855550 | RMSE=0.178571618 | MAPE=124.057572105% | params={'learning_rate': 0.006954519452053962, 'decay_rate': 0.014075382431610215, 'hidden_size': 16, 'beta1': 0.9, 'beta2': 0.999, 'signal_len': 8, 'cheb_order': 2, 's': 1.2511115612023682, 'batch_size': 16, 'k': 10}
Trial 320 finished with value 0.076532657 | dataset=Wiki500 | model=ufgtime_plus | val_MSE=0.922952401 | test_MSE=0.037479141 | MAE=0.076532657 | RMSE=0.193595303 | MAPE=178.065662274% | params={'learning_rate': 0.008639965540909683, 'decay_rate': 0.0016646047999391343, 'hidden_size': 16, 'beta1': 0.9, 'beta2': 0.999, 'signal_len': 8, 'cheb_order': 2, 's': 1.6895271253526727, 'batch_size': 32, 'k': 5}
Trial 321 finished with value 0.054023030 | dataset=Wiki500 | model=ufgtime_plus | val_MSE=0.964033863 | test_MSE=0.032778354 | MAE=0.054023030 | RMSE=0.181047934 | MAPE=144.299870576% | params={'learning_rate': 0.009890807331040996, 'decay_rate': 0.0034141560345862737, 'hidden_size': 16, 'beta1': 0.9, 'beta2': 0.999, 'signal_len': 8, 'cheb_order': 2, 's': 2.9477108905357308, 'batch_size': 16, 'k': 6}
Trial 322 finished with value 0.047476401 | dataset=Wiki500 | model=ufgtime_plus | val_MSE=0.901012926 | test_MSE=0.029361347 | MAE=0.047476401 | RMSE=0.171351529 | MAPE=90.687768827% | params={'learning_rate': 0.00575824312186738, 'decay_rate': 2.445808936614828e-05, 'hidden_size': 16, 'beta1': 0.9, 'beta2': 0.999, 'signal_len': 8, 'cheb_order': 3, 's': 5.533004325461822, 'batch_size': 16, 'k': 10}
Trial 323 finished with value 0.050636171 | dataset=Wiki500 | model=ufgtime_plus | val_MSE=0.989059967 | test_MSE=0.032722591 | MAE=0.050636171 | RMSE=0.180893868 | MAPE=125.377432174% | params={'learning_rate': 0.007398750233297376, 'decay_rate': 0.0009570509268333676, 'hidden_size': 16, 'beta1': 0.9, 'beta2': 0.999, 'signal_len': 8, 'cheb_order': 2, 's': 2.125257218685646, 'batch_size': 16, 'k': 10}
