Trial 162 finished with value 0.047165508 | dataset=Wiki500 | model=ufgtime_plus | val_MSE=0.897332670 | test_MSE=0.029039922 | MAE=0.047165508 | RMSE=0.170411039 | MAPE=85.911718092% | params={'learning_rate': 0.024283457105018617, 'decay_rate': 5.2275385281345697e-05, 'hidden_size': 16, 'beta1': 0.9, 'beta2': 0.999, 'signal_len': 8, 'cheb_order': 2, 's': 4.769111430480862, 'batch_size': 16, 'k': 10}
Trial 163 finished with value 0.052203771 | dataset=Wiki500 | model=ufgtime_plus | val_MSE=0.968793217 | test_MSE=0.032786117 | MAE=0.052203771 | RMSE=0.181069371 | MAPE=130.774807268% | params={'learning_rate': 0.02343388019389614, 'decay_rate': 0.0021610203270965634, 'hidden_size': 16, 'beta1': 0.9, 'beta2': 0.999, 'signal_len': 8, 'cheb_order': 2, 's': 4.719183855676171, 'batch_size': 16, 'k': 10}
Trial 164 finished with value 0.047047671 | dataset=Wiki500 | model=ufgtime_plus | val_MSE=0.897998275 | test_MSE=0.029078626 | MAE=0.047047671 | RMSE=0.170524562 | MAPE=81.939180657% | params={'learning_rate': 0.024814306929338163, 'decay_rate': 3.937400145524522e-05, 'hidden_size': 16, 'beta1': 0.9, 'beta2': 0.999, 'signal_len': 8, 'cheb_order': 2, 's': 5.18301424573498, 'batch_size': 16, 'k': 10}
Trial 165 finished with value 0.050210091 | dataset=Wiki500 | model=ufgtime_plus | val_MSE=0.980666578 | test_MSE=0.032625428 | MAE=0.050210091 | RMSE=0.180625104 | MAPE=114.598326060% | params={'learning_rate': 0.02424859497611735, 'decay_rate': 0.0009358930516059298, 'hidden_size': 16, 'beta1': 0.9, 'beta2': 0.999, 'signal_len': 8, 'cheb_order': 2, 's': 5.155357223842928, 'batch_size': 16, 'k': 9}
Trial 166 finished with value 0.051688092 | dataset=Wiki500 | model=ufgtime_plus | val_MSE=0.969642559 | test_MSE=0.032788813 | MAE=0.051688092 | RMSE=0.181076815 | MAPE=125.634618884% | params={'learning_rate': 0.02598554254627938, 'decay_rate': 0.002104658223038, 'hidden_size': 16, 'beta1': 0.9, 'beta2': 0.999, 'signal_len': 8, 'cheb_order': 3, 's': 4.787565435684675, 'batch_size': 16, 'k': 10}
Trial 167 finished with value 0.050018472 | dataset=Wiki500 | model=ufgtime_plus | val_MSE=0.981043258 | test_MSE=0.032588887 | MAE=0.050018472 | RMSE=0.180523924 | MAPE=111.903406148% | params={'learning_rate': 0.024877940200250654, 'decay_rate': 0.0008397624974803234, 'hidden_size': 16, 'beta1': 0.9, 'beta2': 0.999, 'signal_len': 8, 'cheb_order': 2, 's': 5.088715532027915, 'batch_size': 16, 'k': 8}
Trial 168 finished with value 0.047219037 | dataset=Wiki500 | model=ufgtime_plus | val_MSE=0.898882056 | test_MSE=0.029388662 | MAE=0.047219037 | RMSE=0.171431215 | MAPE=79.821140838% | params={'learning_rate': 0.009020076050170472, 'decay_rate': 4.263647592429313e-05, 'hidden_size': 16, 'beta1': 0.9, 'beta2': 0.999, 'signal_len': 8, 'cheb_order': 2, 's': 5.290817120053933, 'batch_size': 16, 'k': 10}
Trial 169 finished with value 0.054066741 | dataset=Wiki500 | model=ufgtime_plus | val_MSE=0.964226495 | test_MSE=0.032780182 | MAE=0.054066741 | RMSE=0.181052982 | MAPE=144.859376742% | params={'learning_rate': 0.007718620948826947, 'decay_rate': 0.00340244973612808, 'hidden_size': 16, 'beta1': 0.9, 'beta2': 0.999, 'signal_len': 8, 'cheb_order': 2, 's': 5.4678982010612165, 'batch_size': 16, 'k': 10}
Trial 170 finished with value 0.048072975 | dataset=Wiki500 | model=ufgtime_plus | val_MSE=0.900944240 | test_MSE=0.029095800 | MAE=0.048072975 | RMSE=0.170574909 | MAPE=103.601405001% | params={'learning_rate': 0.00555546907840943, 'decay_rate': 2.240522425667384e-05, 'hidden_size': 16, 'beta1': 0.9, 'beta2': 0.999, 'signal_len': 8, 'cheb_order': 2, 's': 5.651551329670689, 'batch_size': 16, 'k': 10}
Trial 171 finished with value 0.051465581 | dataset=Wiki500 | model=ufgtime_plus | val_MSE=0.980079900 | test_MSE=0.032791593 | MAE=0.051465581 | RMSE=0.181084490 | MAPE=130.563363303% | params={'learning_rate': 0.01002987080503068, 'decay_rate': 0.001654015461473822, 'hidden_size': 16, 'beta1': 0.9, 'beta2': 0.999, 'signal_len': 8, 'cheb_order': 2, 's': 5.233061004749818, 'batch_size': 16, 'k': 10}
Trial 172 finished with value 0.048432662 | dataset=Wiki500 | model=ufgtime_plus | val_MSE=0.885031251 | test_MSE=0.028717504 | MAE=0.048432662 | RMSE=0.169462396 | MAPE=111.745331330% | params={'learning_rate': 0.026994587576630532, 'decay_rate': 2.117209885980933e-05, 'hidden_size': 16, 'beta1': 0.9, 'beta2': 0.999, 'signal_len': 8, 'cheb_order': 2, 's': 4.942390677806036, 'batch_size': 16, 'k': 9}
Trial 173 finished with value 0.050389961 | dataset=Wiki500 | model=ufgtime_plus | val_MSE=0.979444974 | test_MSE=0.032732115 | MAE=0.050389961 | RMSE=0.180920189 | MAPE=116.673830288% | params={'learning_rate': 0.027993053080394344, 'decay_rate': 0.0012580529320608542, 'hidden_size': 16, 'beta1': 0.9, 'beta2': 0.999, 'signal_len': 8, 'cheb_order': 2, 's': 5.256132163967801, 'batch_size': 16, 'k': 10}
Trial 174 finished with value 0.052797154 | dataset=Wiki500 | model=ufgtime_plus | val_MSE=0.971760806 | test_MSE=0.032796658 | MAE=0.052797154 | RMSE=0.181098477 | MAPE=138.663442243% | params={'learning_rate': 0.00944355682630461, 'decay_rate': 0.002589588354754102, 'hidden_size': 16, 'beta1': 0.9, 'beta2': 0.999, 'signal_len': 8, 'cheb_order': 2, 's': 5.062598438219598, 'batch_size': 16, 'k': 10}
Trial 175 finished with value 0.049815533 | dataset=Wiki500 | model=ufgtime_plus | val_MSE=0.980710513 | test_MSE=0.032663445 | MAE=0.049815533 | RMSE=0.180730310 | MAPE=104.707689551% | params={'learning_rate': 0.013712369186090655, 'decay_rate': 0.0008563679285385529, 'hidden_size': 16, 'beta1': 0.9, 'beta2': 0.999, 'signal_len': 8, 'cheb_order': 2, 's': 4.790915389578479, 'batch_size': 16, 'k': 9}
Trial 176 finished with value 0.051858760 | dataset=Wiki500 | model=ufgtime_plus | val_MSE=0.978307461 | test_MSE=0.032811847 | MAE=0.051858760 | RMSE=0.181140406 | MAPE=133.548931198% | params={'learning_rate': 0.008885560512140045, 'decay_rate': 0.001924919299655346, 'hidden_size': 16, 'beta1': 0.9, 'beta2': 0.999, 'signal_len': 8, 'cheb_order': 2, 's': 5.385773739565911, 'batch_size': 16, 'k': 10}
Trial 177 finished with value 0.047634725 | dataset=Wiki500 | model=ufgtime_plus | val_MSE=0.899432165 | test_MSE=0.029420289 | MAE=0.047634725 | RMSE=0.171523436 | MAPE=87.225648692% | params={'learning_rate': 0.011593546628361654, 'decay_rate': 0.00010265125104608751, 'hidden_size': 16, 'beta1': 0.9, 'beta2': 0.999, 'signal_len': 8, 'cheb_order': 2, 's': 4.567042245390224, 'batch_size': 16, 'k': 9}
Trial 178 finished with value 0.050368697 | dataset=Wiki500 | model=ufgtime_plus | val_MSE=0.884054980 | test_MSE=0.029087742 | MAE=0.050368697 | RMSE=0.170551289 | MAPE=126.101519737% | params={'learning_rate': 0.02569112321060677, 'decay_rate': 2.9314618487765666e-05, 'hidden_size': 16, 'beta1': 0.9, 'beta2': 0.999, 'signal_len': 8, 'cheb_order': 2, 's': 4.426284972788368, 'batch_size': 16, 'k': 10}
Trial 179 finished with value 0.053209517 | dataset=Wiki500 | model=ufgtime_plus | val_MSE=0.968215714 | test_MSE=0.032786797 | MAE=0.053209517 | RMSE=0.181071248 | MAPE=140.097564553% | params={'learning_rate': 0.010896293440101654, 'decay_rate': 0.0028953396372505993, 'hidden_size': 16, 'beta1': 0.9, 'beta2': 0.999, 'signal_len': 8, 'cheb_order': 2, 's': 4.566139324510719, 'batch_size': 16, 'k': 9}
Trial 180 finished with value 0.055784106 | dataset=Wiki500 | model=ufgtime_plus | val_MSE=0.949563286 | test_MSE=0.032879768 | MAE=0.055784106 | RMSE=0.181327792 | MAPE=147.611544838% | params={'learning_rate': 0.02211214264559228, 'decay_rate': 0.004254587324049669, 'hidden_size': 64, 'beta1': 0.9, 'beta2': 0.999, 'signal_len': 8, 'cheb_order': 2, 's': 4.688465656297966, 'batch_size': 32, 'k': 10}
Trial 181 finished with value 0.049855106 | dataset=Wiki500 | model=ufgtime_plus | val_MSE=0.979715617 | test_MSE=0.032806238 | MAE=0.049855106 | RMSE=0.181124923 | MAPE=101.133274339% | params={'learning_rate': 0.011952879252858345, 'decay_rate': 0.0010749282751788432, 'hidden_size': 16, 'beta1': 0.9, 'beta2': 0.999, 'signal_len': 8, 'cheb_order': 2, 's': 4.954147626838596, 'batch_size': 16, 'k': 9}
Trial 182 finished with value 0.049778649 | dataset=Wiki500 | model=ufgtime_plus | val_MSE=0.982219549 | test_MSE=0.032616939 | MAE=0.049778649 | RMSE=0.180601604 | MAPE=106.926957915% | params={'learning_rate': 0.014556036552831868, 'decay_rate': 0.0007787528995070775, 'hidden_size': 16, 'beta1': 0.9, 'beta2': 0.999, 'signal_len': 8, 'cheb_order': 2, 's': 4.841792924092698, 'batch_size': 16, 'k': 9}
Trial 183 finished with value 0.047334111 | dataset=Wiki500 | model=ufgtime_plus | val_MSE=0.900436955 | test_MSE=0.029437142 | MAE=0.047334111 | RMSE=0.171572555 | MAPE=78.705358562% | params={'learning_rate': 0.012788988331395065, 'decay_rate': 1.8378996319959195e-05, 'hidden_size': 16, 'beta1': 0.9, 'beta2': 0.999, 'signal_len': 8, 'cheb_order': 2, 's': 5.118118624022163, 'batch_size': 16, 'k': 9}
Trial 184 finished with value 0.051110379 | dataset=Wiki500 | model=ufgtime_plus | val_MSE=0.972368174 | test_MSE=0.032811054 | MAE=0.051110379 | RMSE=0.181138218 | MAPE=121.036071317% | params={'learning_rate': 0.023907453317017695, 'decay_rate': 0.0018850077826984355, 'hidden_size': 16, 'beta1': 0.9, 'beta2': 0.999, 'signal_len': 8, 'cheb_order': 2, 's': 5.159266864992398, 'batch_size': 16, 'k': 9}
Trial 185 finished with value 0.049889085 | dataset=Wiki500 | model=ufgtime_plus | val_MSE=0.979285209 | test_MSE=0.032737918 | MAE=0.049889085 | RMSE=0.180936226 | MAPE=102.795365414% | params={'learning_rate': 0.012964849607058342, 'decay_rate': 0.0009906273340347664, 'hidden_size': 16, 'beta1': 0.9, 'beta2': 0.999, 'signal_len': 8, 'cheb_order': 2, 's': 5.347336840966572, 'batch_size': 16, 'k': 9}
Trial 186 finished with value 0.051139611 | dataset=Wiki500 | model=ufgtime_plus | val_MSE=0.971299049 | test_MSE=0.032912119 | MAE=0.051139611 | RMSE=0.181416975 | MAPE=116.001020640% | params={'learning_rate': 0.011133630294822686, 'decay_rate': 0.002100492954550913, 'hidden_size': 16, 'beta1': 0.9, 'beta2': 0.999, 'signal_len': 8, 'cheb_order': 2, 's': 5.532887407662495, 'batch_size': 16, 'k': 10}
Trial 187 finished with value 0.100968204 | dataset=Wiki500 | model=ufgtime_plus | val_MSE=0.897668884 | test_MSE=0.047872377 | MAE=0.100968204 | RMSE=0.218797571 | MAPE=210.476287105% | params={'learning_rate': 0.025216489706398955, 'decay_rate': 0.026547091821679036, 'hidden_size': 16, 'beta1': 0.9, 'beta2': 0.999, 'signal_len': 8, 'cheb_order': 2, 's': 4.258522972308333, 'batch_size': 16, 'k': 10}
Trial 188 finished with value 0.050524836 | dataset=Wiki500 | model=ufgtime_plus | val_MSE=0.988507839 | test_MSE=0.032683132 | MAE=0.050524836 | RMSE=0.180784767 | MAPE=124.037196634% | params={'learning_rate': 0.008282470540564303, 'decay_rate': 0.0009026660855439271, 'hidden_size': 16, 'beta1': 0.9, 'beta2': 0.999, 'signal_len': 8, 'cheb_order': 2, 's': 5.066836453890748, 'batch_size': 16, 'k': 9}
Trial 189 finished with value 0.048323671 | dataset=Wiki500 | model=ufgtime_plus | val_MSE=0.884554926 | test_MSE=0.028745042 | MAE=0.048323671 | RMSE=0.169543630 | MAPE=108.094695782% | params={'learning_rate': 0.013514179153472009, 'decay_rate': 7.967318784804161e-05, 'hidden_size': 16, 'beta1': 0.9, 'beta2': 0.999, 'signal_len': 8, 'cheb_order': 2, 's': 4.655410622862865, 'batch_size': 16, 'k': 8}
Trial 190 finished with value 0.111283940 | dataset=Wiki500 | model=ufgtime_plus | val_MSE=0.925414653 | test_MSE=0.045594909 | MAE=0.111283940 | RMSE=0.213529645 | MAPE=222.593529272% | params={'learning_rate': 0.01576732400173759, 'decay_rate': 0.002831906161910782, 'hidden_size': 32, 'beta1': 0.9, 'beta2': 0.999, 'signal_len': 8, 'cheb_order': 2, 's': 5.221297721668986, 'batch_size': 128, 'k': 10}
Trial 191 finished with value 0.047632710 | dataset=Wiki500 | model=ufgtime_plus | val_MSE=0.891853062 | test_MSE=0.029133239 | MAE=0.047632710 | RMSE=0.170684618 | MAPE=92.382887199% | params={'learning_rate': 0.011973121958783776, 'decay_rate': 1.4022526025952467e-05, 'hidden_size': 16, 'beta1': 0.9, 'beta2': 0.999, 'signal_len': 8, 'cheb_order': 2, 's': 4.883156470872068, 'batch_size': 16, 'k': 9}
Trial 192 finished with value 0.050380271 | dataset=Wiki500 | model=ufgtime_plus | val_MSE=0.974555243 | test_MSE=0.032870423 | MAE=0.050380271 | RMSE=0.181302022 | MAPE=105.238110302% | params={'learning_rate': 0.012618106357795976, 'decay_rate': 0.0014856502536640017, 'hidden_size': 16, 'beta1': 0.9, 'beta2': 0.999, 'signal_len': 8, 'cheb_order': 2, 's': 9.03665423667465, 'batch_size': 16, 'k': 9}
Trial 193 finished with value 0.047042126 | dataset=Wiki500 | model=ufgtime_plus | val_MSE=0.900303297 | test_MSE=0.029317620 | MAE=0.047042126 | RMSE=0.171223890 | MAPE=79.147333246% | params={'learning_rate': 0.006760295086842273, 'decay_rate': 3.9227524150104175e-05, 'hidden_size': 16, 'beta1': 0.9, 'beta2': 0.999, 'signal_len': 8, 'cheb_order': 2, 's': 5.011134378980805, 'batch_size': 16, 'k': 9}
Trial 194 finished with value 0.051617125 | dataset=Wiki500 | model=ufgtime_plus | val_MSE=0.985857874 | test_MSE=0.033814825 | MAE=0.051617125 | RMSE=0.183888079 | MAPE=124.032973358% | params={'learning_rate': 0.006109923484617808, 'decay_rate': 0.0008940308554032401, 'hidden_size': 16, 'beta1': 0.9, 'beta2': 0.999, 'signal_len': 8, 'cheb_order': 2, 's': 4.98065143288856, 'batch_size': 16, 'k': 9}
Trial 195 finished with value 0.048842783 | dataset=Wiki500 | model=ufgtime_plus | val_MSE=0.899106404 | test_MSE=0.029013421 | MAE=0.048842783 | RMSE=0.170333265 | MAPE=110.504035490% | params={'learning_rate': 0.006750071233513811, 'decay_rate': 0.0001547864977423591, 'hidden_size': 16, 'beta1': 0.9, 'beta2': 0.999, 'signal_len': 8, 'cheb_order': 2, 's': 4.809197709848142, 'batch_size': 16, 'k': 9}
Trial 196 finished with value 0.047919630 | dataset=Wiki500 | model=ufgtime_plus | val_MSE=0.898394395 | test_MSE=0.029473173 | MAE=0.047919630 | RMSE=0.171677527 | MAPE=94.643269396% | params={'learning_rate': 0.01155858632410356, 'decay_rate': 3.722043711456675e-05, 'hidden_size': 16, 'beta1': 0.9, 'beta2': 0.999, 'signal_len': 8, 'cheb_order': 2, 's': 4.60550913427218, 'batch_size': 16, 'k': 10}
Trial 197 finished with value 0.050836251 | dataset=Wiki500 | model=ufgtime_plus | val_MSE=0.972950013 | test_MSE=0.032907593 | MAE=0.050836251 | RMSE=0.181404501 | MAPE=112.510191994% | params={'learning_rate': 0.011428567172248957, 'decay_rate': 0.0018913193511926505, 'hidden_size': 16, 'beta1': 0.9, 'beta2': 0.999, 'signal_len': 8, 'cheb_order': 3, 's': 4.446878541021257, 'batch_size': 16, 'k': 9}
Trial 198 finished with value 0.046982404 | dataset=Wiki500 | model=ufgtime_plus | val_MSE=0.901624027 | test_MSE=0.029333386 | MAE=0.046982404 | RMSE=0.171269923 | MAPE=76.570128030% | params={'learning_rate': 0.010371958131941063, 'decay_rate': 1.7148863598790074e-05, 'hidden_size': 16, 'beta1': 0.9, 'beta2': 0.999, 'signal_len': 8, 'cheb_order': 2, 's': 4.584832300301849, 'batch_size': 16, 'k': 10}
Trial 199 finished with value 0.102801497 | dataset=Wiki500 | model=ufgtime_plus | val_MSE=0.919747873 | test_MSE=0.042084560 | MAE=0.102801497 | RMSE=0.205145218 | MAPE=234.537865312% | params={'learning_rate': 0.01001205228071365, 'decay_rate': 0.001326434950393098, 'hidden_size': 16, 'beta1': 0.9, 'beta2': 0.999, 'signal_len': 8, 'cheb_order': 2, 's': 4.7799667493843385, 'batch_size': 64, 'k': 9}
Trial 200 finished with value 0.052106697 | dataset=Wiki500 | model=ufgtime_plus | val_MSE=0.976838115 | test_MSE=0.032819026 | MAE=0.052106697 | RMSE=0.181160221 | MAPE=135.137436086% | params={'learning_rate': 0.008075947041076649, 'decay_rate': 0.0021197676799165326, 'hidden_size': 16, 'beta1': 0.9, 'beta2': 0.999, 'signal_len': 8, 'cheb_order': 2, 's': 4.378159082606225, 'batch_size': 16, 'k': 10}
Trial 201 finished with value 0.059096057 | dataset=Wiki500 | model=ufgtime_plus | val_MSE=0.934340538 | test_MSE=0.034779011 | MAE=0.059096057 | RMSE=0.186491316 | MAPE=133.500474286% | params={'learning_rate': 0.00393324791192378, 'decay_rate': 0.0008485228439744518, 'hidden_size': 16, 'beta1': 0.9, 'beta2': 0.999, 'signal_len': 8, 'cheb_order': 2, 's': 4.597306923962158, 'batch_size': 16, 'k': 10}
Trial 202 finished with value 0.047821770 | dataset=Wiki500 | model=ufgtime_plus | val_MSE=0.899543596 | test_MSE=0.029401522 | MAE=0.047821770 | RMSE=0.171468720 | MAPE=96.552768900% | params={'learning_rate': 0.010252339265410025, 'decay_rate': 9.043694060239948e-05, 'hidden_size': 16, 'beta1': 0.9, 'beta2': 0.999, 'signal_len': 8, 'cheb_order': 2, 's': 5.011689634943123, 'batch_size': 16, 'k': 10}
Trial 203 finished with value 0.050637810 | dataset=Wiki500 | model=ufgtime_plus | val_MSE=0.984019024 | test_MSE=0.032703468 | MAE=0.050637810 | RMSE=0.180841001 | MAPE=123.641743622% | params={'learning_rate': 0.010517935538860086, 'decay_rate': 0.0011005565879751223, 'hidden_size': 16, 'beta1': 0.9, 'beta2': 0.999, 'signal_len': 8, 'cheb_order': 2, 's': 5.071212602561236, 'batch_size': 16, 'k': 10}
Trial 204 finished with value 0.051416749 | dataset=Wiki500 | model=ufgtime_plus | val_MSE=0.981639897 | test_MSE=0.032806264 | MAE=0.051416749 | RMSE=0.181124996 | MAPE=130.827227556% | params={'learning_rate': 0.008680315673785705, 'decay_rate': 0.0015965345881007766, 'hidden_size': 16, 'beta1': 0.9, 'beta2': 0.999, 'signal_len': 8, 'cheb_order': 2, 's': 4.924615094060986, 'batch_size': 16, 'k': 9}
Trial 205 finished with value 0.047359209 | dataset=Wiki500 | model=ufgtime_plus | val_MSE=0.900603417 | test_MSE=0.029539891 | MAE=0.047359209 | RMSE=0.171871728 | MAPE=79.779278126% | params={'learning_rate': 0.009695536571944888, 'decay_rate': 3.460302863574269e-05, 'hidden_size': 16, 'beta1': 0.9, 'beta2': 0.999, 'signal_len': 8, 'cheb_order': 2, 's': 5.263146083788869, 'batch_size': 16, 'k': 10}
Trial 206 finished with value 0.060228494 | dataset=Wiki500 | model=ufgtime_plus | val_MSE=0.886373941 | test_MSE=0.032319653 | MAE=0.060228494 | RMSE=0.179776675 | MAPE=152.817576868% | params={'learning_rate': 0.007287546721412479, 'decay_rate': 0.012528110685206161, 'hidden_size': 16, 'beta1': 0.9, 'beta2': 0.999, 'signal_len': 8, 'cheb_order': 2, 's': 5.192774597845795, 'batch_size': 16, 'k': 10}
Trial 207 finished with value 0.047107694 | dataset=Wiki500 | model=ufgtime_plus | val_MSE=0.899584318 | test_MSE=0.029319991 | MAE=0.047107694 | RMSE=0.171230812 | MAPE=79.453605917% | params={'learning_rate': 0.009695617222568587, 'decay_rate': 9.355488431116952e-05, 'hidden_size': 16, 'beta1': 0.9, 'beta2': 0.999, 'signal_len': 8, 'cheb_order': 2, 's': 5.354955089298491, 'batch_size': 16, 'k': 10}
Trial 208 finished with value 0.052982086 | dataset=Wiki500 | model=ufgtime_plus | val_MSE=0.970450917 | test_MSE=0.032794126 | MAE=0.052982086 | RMSE=0.181091485 | MAPE=139.555246180% | params={'learning_rate': 0.009199671954043948, 'decay_rate': 0.002727349032415772, 'hidden_size': 16, 'beta1': 0.9, 'beta2': 0.999, 'signal_len': 8, 'cheb_order': 2, 's': 5.262978210440706, 'batch_size': 16, 'k': 10}
Trial 209 finished with value 0.047091391 | dataset=Wiki500 | model=ufgtime_plus | val_MSE=0.900823337 | test_MSE=0.029379377 | MAE=0.047091391 | RMSE=0.171404135 | MAPE=78.407992282% | params={'learning_rate': 0.009542899188483403, 'decay_rate': 2.3219138536036567e-05, 'hidden_size': 16, 'beta1': 0.9, 'beta2': 0.999, 'signal_len': 8, 'cheb_order': 2, 's': 1.394926176005133, 'batch_size': 16, 'k': 10}
Trial 210 finished with value 0.062854142 | dataset=Wiki500 | model=ufgtime_plus | val_MSE=0.886000803 | test_MSE=0.032239792 | MAE=0.062854142 | RMSE=0.179554427 | MAPE=165.838402708% | params={'learning_rate': 0.00988835498049605, 'decay_rate': 0.01603374038286383, 'hidden_size': 16, 'beta1': 0.9, 'beta2': 0.999, 'signal_len': 8, 'cheb_order': 2, 's': 1.39528295621417, 'batch_size': 16, 'k': 10}
Trial 211 finished with value 0.047578221 | dataset=Wiki500 | model=ufgtime_plus | val_MSE=0.898636185 | test_MSE=0.029480996 | MAE=0.047578221 | RMSE=0.171700310 | MAPE=85.234635285% | params={'learning_rate': 0.008631608318516813, 'decay_rate': 9.716354556086969e-05, 'hidden_size': 16, 'beta1': 0.9, 'beta2': 0.999, 'signal_len': 8, 'cheb_order': 2, 's': 1.980229375657668, 'batch_size': 16, 'k': 10}
Trial 212 finished with value 0.047079146 | dataset=Wiki500 | model=ufgtime_plus | val_MSE=0.900186495 | test_MSE=0.029373082 | MAE=0.047079146 | RMSE=0.171385770 | MAPE=77.418659961% | params={'learning_rate': 0.008842766162991645, 'decay_rate': 2.634560072413738e-05, 'hidden_size': 16, 'beta1': 0.9, 'beta2': 0.999, 'signal_len': 8, 'cheb_order': 2, 's': 1.7140560087697985, 'batch_size': 16, 'k': 10}
Trial 213 finished with value 0.050799573 | dataset=Wiki500 | model=ufgtime_plus | val_MSE=0.986049431 | test_MSE=0.032744898 | MAE=0.050799573 | RMSE=0.180955515 | MAPE=126.310188338% | params={'learning_rate': 0.008778543734198768, 'decay_rate': 0.0011289591736846486, 'hidden_size': 16, 'beta1': 0.9, 'beta2': 0.999, 'signal_len': 8, 'cheb_order': 2, 's': 1.3131699354655846, 'batch_size': 16, 'k': 10}
Trial 214 finished with value 0.047127209 | dataset=Wiki500 | model=ufgtime_plus | val_MSE=0.898765021 | test_MSE=0.029362954 | MAE=0.047127209 | RMSE=0.171356219 | MAPE=78.775197733% | params={'learning_rate': 0.006829909397607475, 'decay_rate': 5.618723408542074e-05, 'hidden_size': 16, 'beta1': 0.9, 'beta2': 0.999, 'signal_len': 8, 'cheb_order': 2, 's': 1.3123149417016249, 'batch_size': 16, 'k': 10}
Trial 215 finished with value 0.059101939 | dataset=Wiki500 | model=ufgtime_plus | val_MSE=0.946712867 | test_MSE=0.034735187 | MAE=0.059101939 | RMSE=0.186373783 | MAPE=139.549655766% | params={'learning_rate': 0.004796388518611108, 'decay_rate': 0.0016231369841333365, 'hidden_size': 16, 'beta1': 0.9, 'beta2': 0.999, 'signal_len': 8, 'cheb_order': 2, 's': 1.8400581547570496, 'batch_size': 16, 'k': 10}
