Trial 54 finished with value 0.052215837 | dataset=Wiki500 | model=ufgtime_plus | val_MSE=0.963906653 | test_MSE=0.032832036 | MAE=0.052215837 | RMSE=0.181196125 | MAPE=125.569243202% | params={'learning_rate': 0.02690298278240392, 'decay_rate': 0.0024808936918661495, 'hidden_size': 16, 'beta1': 0.9, 'beta2': 0.999, 'signal_len': 8, 'cheb_order': 2, 's': 3.804039297074028, 'batch_size': 16, 'k': 10}
Trial 55 finished with value 0.051620317 | dataset=Wiki500 | model=ufgtime_plus | val_MSE=0.977638182 | test_MSE=0.032750739 | MAE=0.051620317 | RMSE=0.180971654 | MAPE=130.978854119% | params={'learning_rate': 0.01969289566815326, 'decay_rate': 0.0015984277938934555, 'hidden_size': 16, 'beta1': 0.9, 'beta2': 0.999, 'signal_len': 8, 'cheb_order': 2, 's': 3.4074961539156865, 'batch_size': 32, 'k': 9}
Trial 56 finished with value 0.055693660 | dataset=Wiki500 | model=ufgtime_plus | val_MSE=0.943953847 | test_MSE=0.033135711 | MAE=0.055693660 | RMSE=0.182032171 | MAPE=138.837751438% | params={'learning_rate': 0.01626481296711541, 'decay_rate': 0.004563273508424895, 'hidden_size': 16, 'beta1': 0.9, 'beta2': 0.999, 'signal_len': 8, 'cheb_order': 2, 's': 5.586542136992416, 'batch_size': 16, 'k': 7}
Trial 57 finished with value 0.088950118 | dataset=Wiki500 | model=ufgtime_plus | val_MSE=0.897029358 | test_MSE=0.040962688 | MAE=0.088950118 | RMSE=0.202392412 | MAPE=194.333733376% | params={'learning_rate': 0.03314778412100025, 'decay_rate': 0.011213016851591, 'hidden_size': 16, 'beta1': 0.9, 'beta2': 0.999, 'signal_len': 8, 'cheb_order': 2, 's': 4.593226422999556, 'batch_size': 64, 'k': 10}
Trial 58 finished with value 0.081119778 | dataset=Wiki500 | model=ufgtime_plus | val_MSE=0.892051280 | test_MSE=0.038220765 | MAE=0.081119778 | RMSE=0.195501316 | MAPE=189.396096440% | params={'learning_rate': 0.022417653608235766, 'decay_rate': 0.037804481712622226, 'hidden_size': 64, 'beta1': 0.9, 'beta2': 0.999, 'signal_len': 8, 'cheb_order': 2, 's': 5.453188178896614, 'batch_size': 16, 'k': 8}
Trial 59 finished with value 0.082309812 | dataset=Wiki500 | model=ufgtime_plus | val_MSE=0.891996550 | test_MSE=0.039650147 | MAE=0.082309812 | RMSE=0.199123446 | MAPE=191.433850646% | params={'learning_rate': 0.025415646205013073, 'decay_rate': 0.016069265079341363, 'hidden_size': 16, 'beta1': 0.9, 'beta2': 0.999, 'signal_len': 8, 'cheb_order': 2, 's': 4.116692154529307, 'batch_size': 16, 'k': 9}
Trial 60 finished with value 0.047072837 | dataset=Wiki500 | model=ufgtime_plus | val_MSE=0.899725163 | test_MSE=0.029345139 | MAE=0.047072837 | RMSE=0.171304229 | MAPE=76.427633456% | params={'learning_rate': 0.01978753222567732, 'decay_rate': 1.4599229927616213e-05, 'hidden_size': 16, 'beta1': 0.9, 'beta2': 0.999, 'signal_len': 8, 'cheb_order': 2, 's': 5.092638923381009, 'batch_size': 16, 'k': 10}
Trial 61 finished with value 0.048225763 | dataset=Wiki500 | model=ufgtime_plus | val_MSE=0.894056435 | test_MSE=0.029209835 | MAE=0.048225763 | RMSE=0.170908849 | MAPE=98.374299288% | params={'learning_rate': 0.0190398654679864, 'decay_rate': 7.684709609334749e-05, 'hidden_size': 16, 'beta1': 0.9, 'beta2': 0.999, 'signal_len': 8, 'cheb_order': 2, 's': 4.967053672364258, 'batch_size': 16, 'k': 10}
Trial 62 finished with value 0.051180134 | dataset=Wiki500 | model=ufgtime_plus | val_MSE=0.970328822 | test_MSE=0.032837987 | MAE=0.051180134 | RMSE=0.181212546 | MAPE=118.499940012% | params={'learning_rate': 0.01754080871585277, 'decay_rate': 0.0018125274047261462, 'hidden_size': 16, 'beta1': 0.9, 'beta2': 0.999, 'signal_len': 8, 'cheb_order': 2, 's': 5.774750701228048, 'batch_size': 16, 'k': 10}
Trial 63 finished with value 0.059498662 | dataset=Wiki500 | model=ufgtime_plus | val_MSE=0.927447936 | test_MSE=0.033765395 | MAE=0.059498662 | RMSE=0.183753625 | MAPE=147.211506653% | params={'learning_rate': 0.021458350218926336, 'decay_rate': 0.006315658236298669, 'hidden_size': 16, 'beta1': 0.9, 'beta2': 0.999, 'signal_len': 8, 'cheb_order': 2, 's': 4.612036832734813, 'batch_size': 16, 'k': 9}
Trial 64 finished with value 0.055282778 | dataset=Wiki500 | model=ufgtime_plus | val_MSE=0.949968135 | test_MSE=0.032878795 | MAE=0.055282778 | RMSE=0.181325108 | MAPE=143.656030425% | params={'learning_rate': 0.024438891346800766, 'decay_rate': 0.004138471327271481, 'hidden_size': 16, 'beta1': 0.9, 'beta2': 0.999, 'signal_len': 8, 'cheb_order': 2, 's': 5.228800404032155, 'batch_size': 16, 'k': 9}
Trial 65 finished with value 0.081338740 | dataset=Wiki500 | model=ufgtime_plus | val_MSE=0.899579621 | test_MSE=0.038136289 | MAE=0.081338740 | RMSE=0.195285149 | MAPE=190.826473829% | params={'learning_rate': 0.013091591945774285, 'decay_rate': 0.007933245662488212, 'hidden_size': 16, 'beta1': 0.9, 'beta2': 0.999, 'signal_len': 8, 'cheb_order': 2, 's': 9.19086563713634, 'batch_size': 32, 'k': 10}
Trial 66 finished with value 0.051570211 | dataset=Wiki500 | model=ufgtime_plus | val_MSE=0.970449363 | test_MSE=0.032801214 | MAE=0.051570211 | RMSE=0.181111056 | MAPE=124.970682499% | params={'learning_rate': 0.027692649279876417, 'decay_rate': 0.00211265098081221, 'hidden_size': 16, 'beta1': 0.9, 'beta2': 0.999, 'signal_len': 8, 'cheb_order': 2, 's': 3.9629169642669844, 'batch_size': 16, 'k': 8}
Trial 67 finished with value 0.055859686 | dataset=Wiki500 | model=ufgtime_plus | val_MSE=0.949558367 | test_MSE=0.032903773 | MAE=0.055859686 | RMSE=0.181393971 | MAPE=147.836229903% | params={'learning_rate': 0.02335044284159932, 'decay_rate': 0.004208625621523857, 'hidden_size': 16, 'beta1': 0.9, 'beta2': 0.999, 'signal_len': 8, 'cheb_order': 2, 's': 4.7994768897063915, 'batch_size': 16, 'k': 9}
Trial 68 finished with value 0.107082672 | dataset=Wiki500 | model=ufgtime_plus | val_MSE=0.902916524 | test_MSE=0.050197999 | MAE=0.107082672 | RMSE=0.224049099 | MAPE=218.491358014% | params={'learning_rate': 0.020044222849702233, 'decay_rate': 0.042568143892942674, 'hidden_size': 16, 'beta1': 0.9, 'beta2': 0.999, 'signal_len': 8, 'cheb_order': 2, 's': 3.3066949351221497, 'batch_size': 16, 'k': 10}
Trial 69 finished with value 0.064076314 | dataset=Wiki500 | model=ufgtime_plus | val_MSE=0.890088141 | test_MSE=0.034661997 | MAE=0.064076314 | RMSE=0.186177327 | MAPE=138.419235227% | params={'learning_rate': 0.014565164983168313, 'decay_rate': 0.026731007439476963, 'hidden_size': 64, 'beta1': 0.9, 'beta2': 0.999, 'signal_len': 8, 'cheb_order': 2, 's': 4.270064199716024, 'batch_size': 64, 'k': 9}
Trial 70 finished with value 0.050082417 | dataset=Wiki500 | model=ufgtime_plus | val_MSE=0.885710912 | test_MSE=0.029130185 | MAE=0.050082417 | RMSE=0.170675672 | MAPE=118.803533466% | params={'learning_rate': 0.029909013477802594, 'decay_rate': 3.125350132379821e-05, 'hidden_size': 16, 'beta1': 0.9, 'beta2': 0.999, 'signal_len': 8, 'cheb_order': 2, 's': 2.6489340988826493, 'batch_size': 16, 'k': 2}
Trial 71 finished with value 0.051345762 | dataset=Wiki500 | model=ufgtime_plus | val_MSE=0.969400501 | test_MSE=0.032842782 | MAE=0.051345762 | RMSE=0.181225776 | MAPE=120.037319463% | params={'learning_rate': 0.01792730567519642, 'decay_rate': 0.0019107029353023586, 'hidden_size': 16, 'beta1': 0.9, 'beta2': 0.999, 'signal_len': 8, 'cheb_order': 2, 's': 4.899853740786744, 'batch_size': 16, 'k': 10}
Trial 72 finished with value 0.048917867 | dataset=Wiki500 | model=ufgtime_plus | val_MSE=0.904400450 | test_MSE=0.029899281 | MAE=0.048917867 | RMSE=0.172914085 | MAPE=103.733124920% | params={'learning_rate': 0.018967301382667737, 'decay_rate': 0.00041216071481106343, 'hidden_size': 16, 'beta1': 0.9, 'beta2': 0.999, 'signal_len': 8, 'cheb_order': 2, 's': 5.124518719787544, 'batch_size': 16, 'k': 10}
Trial 73 finished with value 0.054179430 | dataset=Wiki500 | model=ufgtime_plus | val_MSE=0.957513367 | test_MSE=0.032830249 | MAE=0.054179430 | RMSE=0.181191194 | MAPE=141.023306136% | params={'learning_rate': 0.022222865183841197, 'decay_rate': 0.003291132811246926, 'hidden_size': 16, 'beta1': 0.9, 'beta2': 0.999, 'signal_len': 8, 'cheb_order': 2, 's': 5.535930509606833, 'batch_size': 16, 'k': 10}
Trial 74 finished with value 0.050633236 | dataset=Wiki500 | model=ufgtime_plus | val_MSE=0.976518901 | test_MSE=0.032728863 | MAE=0.050633236 | RMSE=0.180911203 | MAPE=117.548154727% | params={'learning_rate': 0.025693327567376103, 'decay_rate': 0.0013533008462666778, 'hidden_size': 16, 'beta1': 0.9, 'beta2': 0.999, 'signal_len': 8, 'cheb_order': 2, 's': 6.161810643511387, 'batch_size': 16, 'k': 9}
Trial 75 finished with value 0.056736955 | dataset=Wiki500 | model=ufgtime_plus | val_MSE=0.944413362 | test_MSE=0.032962031 | MAE=0.056736955 | RMSE=0.181554486 | MAPE=149.145996417% | params={'learning_rate': 0.02360678756294926, 'decay_rate': 0.005011945182029978, 'hidden_size': 16, 'beta1': 0.9, 'beta2': 0.999, 'signal_len': 8, 'cheb_order': 2, 's': 4.437247803560759, 'batch_size': 16, 'k': 10}
Trial 76 finished with value 0.061038914 | dataset=Wiki500 | model=ufgtime_plus | val_MSE=0.923024442 | test_MSE=0.033981014 | MAE=0.061038914 | RMSE=0.184339400 | MAPE=152.149531451% | params={'learning_rate': 0.0202904858369312, 'decay_rate': 0.007142796336028339, 'hidden_size': 16, 'beta1': 0.9, 'beta2': 0.999, 'signal_len': 8, 'cheb_order': 2, 's': 5.194152726710808, 'batch_size': 16, 'k': 9}
Trial 77 finished with value 0.053900011 | dataset=Wiki500 | model=ufgtime_plus | val_MSE=0.964900217 | test_MSE=0.032781173 | MAE=0.053900011 | RMSE=0.181055718 | MAPE=143.807525771% | params={'learning_rate': 0.04916670726272272, 'decay_rate': 0.0028374962590015924, 'hidden_size': 16, 'beta1': 0.9, 'beta2': 0.999, 'signal_len': 8, 'cheb_order': 2, 's': 4.98436169646804, 'batch_size': 16, 'k': 9}
Trial 78 finished with value 0.050325742 | dataset=Wiki500 | model=ufgtime_plus | val_MSE=0.886851435 | test_MSE=0.030133935 | MAE=0.050325742 | RMSE=0.173591287 | MAPE=114.602239474% | params={'learning_rate': 0.027193497146055262, 'decay_rate': 5.723134137212795e-05, 'hidden_size': 16, 'beta1': 0.9, 'beta2': 0.999, 'signal_len': 8, 'cheb_order': 2, 's': 4.549403015565755, 'batch_size': 16, 'k': 8}
Trial 79 finished with value 0.056669808 | dataset=Wiki500 | model=ufgtime_plus | val_MSE=0.962873338 | test_MSE=0.032827601 | MAE=0.056669808 | RMSE=0.181183887 | MAPE=149.856846187% | params={'learning_rate': 0.017143054774832578, 'decay_rate': 0.002622953224347451, 'hidden_size': 16, 'beta1': 0.9, 'beta2': 0.999, 'signal_len': 8, 'cheb_order': 2, 's': 5.812233009938683, 'batch_size': 32, 'k': 10}
Trial 80 finished with value 0.069008575 | dataset=Wiki500 | model=ufgtime_plus | val_MSE=0.887191772 | test_MSE=0.033132478 | MAE=0.069008575 | RMSE=0.182023291 | MAPE=183.853606080% | params={'learning_rate': 0.015171296306811723, 'decay_rate': 0.023326546304815232, 'hidden_size': 16, 'beta1': 0.9, 'beta2': 0.999, 'signal_len': 8, 'cheb_order': 2, 's': 5.320174041989854, 'batch_size': 16, 'k': 9}
Trial 81 finished with value 0.049949153 | dataset=Wiki500 | model=ufgtime_plus | val_MSE=0.981540284 | test_MSE=0.032554794 | MAE=0.049949153 | RMSE=0.180429472 | MAPE=111.341640933% | params={'learning_rate': 0.02481803202820282, 'decay_rate': 0.0007725833481401392, 'hidden_size': 16, 'beta1': 0.9, 'beta2': 0.999, 'signal_len': 8, 'cheb_order': 2, 's': 4.391613574598064, 'batch_size': 16, 'k': 10}
Trial 82 finished with value 0.049996750 | dataset=Wiki500 | model=ufgtime_plus | val_MSE=0.884985836 | test_MSE=0.028883994 | MAE=0.049996750 | RMSE=0.169952916 | MAPE=130.388375427% | params={'learning_rate': 0.026218136313852152, 'decay_rate': 3.138530726704969e-05, 'hidden_size': 16, 'beta1': 0.9, 'beta2': 0.999, 'signal_len': 8, 'cheb_order': 2, 's': 4.752697369615709, 'batch_size': 16, 'k': 10}
Trial 83 finished with value 0.052558833 | dataset=Wiki500 | model=ufgtime_plus | val_MSE=0.976480239 | test_MSE=0.032704994 | MAE=0.052558833 | RMSE=0.180845221 | MAPE=138.628718293% | params={'learning_rate': 0.028877528279177757, 'decay_rate': 0.001635980649723071, 'hidden_size': 16, 'beta1': 0.9, 'beta2': 0.999, 'signal_len': 8, 'cheb_order': 2, 's': 3.7940503210547085, 'batch_size': 16, 'k': 3}
Trial 84 finished with value 0.053532006 | dataset=Wiki500 | model=ufgtime_plus | val_MSE=0.951769235 | test_MSE=0.033182162 | MAE=0.053532006 | RMSE=0.182159716 | MAPE=119.018645374% | params={'learning_rate': 0.021831077678860885, 'decay_rate': 0.0032767019662046305, 'hidden_size': 16, 'beta1': 0.9, 'beta2': 0.999, 'signal_len': 8, 'cheb_order': 2, 's': 4.109941188147799, 'batch_size': 16, 'k': 10}
Trial 85 finished with value 0.056219889 | dataset=Wiki500 | model=ufgtime_plus | val_MSE=0.944875132 | test_MSE=0.032963426 | MAE=0.056219889 | RMSE=0.181558328 | MAPE=146.310311404% | params={'learning_rate': 0.025140315140067544, 'decay_rate': 0.004712745168471594, 'hidden_size': 16, 'beta1': 0.9, 'beta2': 0.999, 'signal_len': 8, 'cheb_order': 2, 's': 5.4458779948744205, 'batch_size': 16, 'k': 6}
Trial 86 finished with value 0.050810997 | dataset=Wiki500 | model=ufgtime_plus | val_MSE=0.981485409 | test_MSE=0.032666171 | MAE=0.050810997 | RMSE=0.180737852 | MAPE=123.002860180% | params={'learning_rate': 0.023614975546646547, 'decay_rate': 0.001096062183812879, 'hidden_size': 64, 'beta1': 0.9, 'beta2': 0.999, 'signal_len': 8, 'cheb_order': 2, 's': 5.035091694325952, 'batch_size': 16, 'k': 10}
Trial 87 finished with value 0.090572090 | dataset=Wiki500 | model=ufgtime_plus | val_MSE=0.900305792 | test_MSE=0.042141341 | MAE=0.090572090 | RMSE=0.205283563 | MAPE=177.255903725% | params={'learning_rate': 0.018978881002170964, 'decay_rate': 0.006095309957588327, 'hidden_size': 16, 'beta1': 0.9, 'beta2': 0.999, 'signal_len': 8, 'cheb_order': 3, 's': 4.645299415202354, 'batch_size': 64, 'k': 9}
Trial 88 finished with value 0.055950502 | dataset=Wiki500 | model=ufgtime_plus | val_MSE=0.954274889 | test_MSE=0.032810443 | MAE=0.055950502 | RMSE=0.181136532 | MAPE=152.031330596% | params={'learning_rate': 0.028144855199728563, 'decay_rate': 0.003891353766438918, 'hidden_size': 16, 'beta1': 0.9, 'beta2': 0.999, 'signal_len': 8, 'cheb_order': 2, 's': 4.385404379461125, 'batch_size': 16, 'k': 10}
Trial 89 finished with value 0.052039567 | dataset=Wiki500 | model=ufgtime_plus | val_MSE=0.887872324 | test_MSE=0.030809542 | MAE=0.052039567 | RMSE=0.175526472 | MAPE=107.414196078% | params={'learning_rate': 0.03147801326770947, 'decay_rate': 1.597377279448955e-05, 'hidden_size': 16, 'beta1': 0.9, 'beta2': 0.999, 'signal_len': 8, 'cheb_order': 2, 's': 4.855736643896411, 'batch_size': 16, 'k': 9}
Trial 90 finished with value 0.064556925 | dataset=Wiki500 | model=ufgtime_plus | val_MSE=0.913072937 | test_MSE=0.034813840 | MAE=0.064556925 | RMSE=0.186584672 | MAPE=158.519191001% | params={'learning_rate': 0.022654336584226165, 'decay_rate': 0.008905263246767645, 'hidden_size': 16, 'beta1': 0.9, 'beta2': 0.999, 'signal_len': 8, 'cheb_order': 2, 's': 3.955998693818001, 'batch_size': 16, 'k': 8}
Trial 91 finished with value 0.054996062 | dataset=Wiki500 | model=ufgtime_plus | val_MSE=0.970819363 | test_MSE=0.032824817 | MAE=0.054996062 | RMSE=0.181176205 | MAPE=138.179197491% | params={'learning_rate': 0.012152479271203826, 'decay_rate': 0.0026488864491753207, 'hidden_size': 16, 'beta1': 0.9, 'beta2': 0.999, 'signal_len': 16, 'cheb_order': 2, 's': 5.059348079661567, 'batch_size': 16, 'k': 9}
Trial 92 finished with value 0.050862930 | dataset=Wiki500 | model=ufgtime_plus | val_MSE=0.986129007 | test_MSE=0.032795951 | MAE=0.050862930 | RMSE=0.181096525 | MAPE=124.243827388% | params={'learning_rate': 0.007123988775729085, 'decay_rate': 0.0013142684848082575, 'hidden_size': 16, 'beta1': 0.9, 'beta2': 0.999, 'signal_len': 16, 'cheb_order': 2, 's': 5.479623273613692, 'batch_size': 16, 'k': 9}
Trial 93 finished with value 0.055787941 | dataset=Wiki500 | model=ufgtime_plus | val_MSE=0.983206845 | test_MSE=0.032869938 | MAE=0.055787941 | RMSE=0.181300684 | MAPE=139.420254014% | params={'learning_rate': 0.00931922770925612, 'decay_rate': 0.0011252427324686116, 'hidden_size': 16, 'beta1': 0.9, 'beta2': 0.999, 'signal_len': 16, 'cheb_order': 2, 's': 4.2210870957920035, 'batch_size': 16, 'k': 10}
Trial 94 finished with value 0.051153281 | dataset=Wiki500 | model=ufgtime_plus | val_MSE=0.963795548 | test_MSE=0.032956595 | MAE=0.051153281 | RMSE=0.181539513 | MAPE=105.775332215% | params={'learning_rate': 0.0244442334853509, 'decay_rate': 0.0021295816324602783, 'hidden_size': 16, 'beta1': 0.9, 'beta2': 0.999, 'signal_len': 16, 'cheb_order': 2, 's': 4.53662466051352, 'batch_size': 16, 'k': 9}
Trial 95 finished with value 0.053977446 | dataset=Wiki500 | model=ufgtime_plus | val_MSE=0.952009380 | test_MSE=0.033017178 | MAE=0.053977446 | RMSE=0.181706296 | MAPE=131.460004181% | params={'learning_rate': 0.01602095666221457, 'decay_rate': 0.0035848865411118648, 'hidden_size': 16, 'beta1': 0.9, 'beta2': 0.999, 'signal_len': 8, 'cheb_order': 2, 's': 4.98684072012523, 'batch_size': 16, 'k': 8}
Trial 96 finished with value 0.057286293 | dataset=Wiki500 | model=ufgtime_plus | val_MSE=0.935606620 | test_MSE=0.033421501 | MAE=0.057286293 | RMSE=0.182815482 | MAPE=141.157716178% | params={'learning_rate': 0.020583566023408432, 'decay_rate': 0.005189350491285298, 'hidden_size': 16, 'beta1': 0.9, 'beta2': 0.999, 'signal_len': 8, 'cheb_order': 2, 's': 5.987586225424927, 'batch_size': 16, 'k': 9}
Trial 97 finished with value 0.053655150 | dataset=Wiki500 | model=ufgtime_plus | val_MSE=0.987117473 | test_MSE=0.032576770 | MAE=0.053655150 | RMSE=0.180490360 | MAPE=145.068207056% | params={'learning_rate': 0.013174955156147403, 'decay_rate': 0.0009967333956021115, 'hidden_size': 16, 'beta1': 0.9, 'beta2': 0.999, 'signal_len': 16, 'cheb_order': 2, 's': 5.696572563698892, 'batch_size': 32, 'k': 10}
Trial 98 finished with value 0.052020064 | dataset=Wiki500 | model=ufgtime_plus | val_MSE=0.967634250 | test_MSE=0.032798123 | MAE=0.052020064 | RMSE=0.181102521 | MAPE=127.827162413% | params={'learning_rate': 0.026085597469226483, 'decay_rate': 0.0023307827684158713, 'hidden_size': 16, 'beta1': 0.9, 'beta2': 0.999, 'signal_len': 8, 'cheb_order': 3, 's': 5.196657058225202, 'batch_size': 16, 'k': 7}
Trial 99 finished with value 0.049203394 | dataset=Wiki500 | model=ufgtime_plus | val_MSE=0.891904707 | test_MSE=0.028819085 | MAE=0.049203394 | RMSE=0.169761848 | MAPE=126.090120336% | params={'learning_rate': 0.018418821335940343, 'decay_rate': 3.653422031551491e-05, 'hidden_size': 64, 'beta1': 0.9, 'beta2': 0.999, 'signal_len': 8, 'cheb_order': 2, 's': 4.744932500596208, 'batch_size': 16, 'k': 10}
Trial 100 finished with value 0.055217229 | dataset=Wiki500 | model=ufgtime_plus | val_MSE=0.945021195 | test_MSE=0.033150992 | MAE=0.055217229 | RMSE=0.182074139 | MAPE=135.124961560% | params={'learning_rate': 0.021217324710938647, 'decay_rate': 0.004119683031880162, 'hidden_size': 16, 'beta1': 0.9, 'beta2': 0.999, 'signal_len': 8, 'cheb_order': 2, 's': 5.3316433252022755, 'batch_size': 16, 'k': 9}
Trial 101 finished with value 0.074268761 | dataset=Wiki500 | model=ufgtime_plus | val_MSE=0.892491306 | test_MSE=0.037893530 | MAE=0.074268761 | RMSE=0.194662605 | MAPE=167.341001974% | params={'learning_rate': 0.018583277274267514, 'decay_rate': 0.03046006027407671, 'hidden_size': 16, 'beta1': 0.9, 'beta2': 0.999, 'signal_len': 8, 'cheb_order': 2, 's': 5.134529980035234, 'batch_size': 16, 'k': 10}
Trial 102 finished with value 0.050220898 | dataset=Wiki500 | model=ufgtime_plus | val_MSE=0.983643188 | test_MSE=0.032592393 | MAE=0.050220898 | RMSE=0.180533635 | MAPE=117.799668989% | params={'learning_rate': 0.01942676896547056, 'decay_rate': 0.0007621174385348447, 'hidden_size': 16, 'beta1': 0.9, 'beta2': 0.999, 'signal_len': 8, 'cheb_order': 2, 's': 4.8563482084875575, 'batch_size': 16, 'k': 10}
Trial 103 finished with value 0.052828582 | dataset=Wiki500 | model=ufgtime_plus | val_MSE=0.964285521 | test_MSE=0.032792304 | MAE=0.052828582 | RMSE=0.181086453 | MAPE=133.770594636% | params={'learning_rate': 0.02412453403599299, 'decay_rate': 0.002600387643387522, 'hidden_size': 16, 'beta1': 0.9, 'beta2': 0.999, 'signal_len': 8, 'cheb_order': 2, 's': 5.603321269115397, 'batch_size': 16, 'k': 10}
Trial 104 finished with value 0.049809916 | dataset=Wiki500 | model=ufgtime_plus | val_MSE=0.982097903 | test_MSE=0.032638868 | MAE=0.049809916 | RMSE=0.180662303 | MAPE=110.389950781% | params={'learning_rate': 0.02278483563028746, 'decay_rate': 0.0009181114725048679, 'hidden_size': 16, 'beta1': 0.9, 'beta2': 0.999, 'signal_len': 8, 'cheb_order': 2, 's': 5.069623431037004, 'batch_size': 16, 'k': 9}
Trial 105 finished with value 0.067265002 | dataset=Wiki500 | model=ufgtime_plus | val_MSE=0.951066568 | test_MSE=0.035901395 | MAE=0.067265002 | RMSE=0.189476635 | MAPE=153.182058229% | params={'learning_rate': 0.027342165782237544, 'decay_rate': 0.0019453656699359658, 'hidden_size': 16, 'beta1': 0.9, 'beta2': 0.999, 'signal_len': 8, 'cheb_order': 2, 's': 4.489178015721939, 'batch_size': 64, 'k': 10}
Trial 106 finished with value 0.085820811 | dataset=Wiki500 | model=ufgtime_plus | val_MSE=0.909790272 | test_MSE=0.040049951 | MAE=0.085820811 | RMSE=0.200124838 | MAPE=182.544858195% | params={'learning_rate': 0.01387848380318939, 'decay_rate': 0.0032568492212207284, 'hidden_size': 16, 'beta1': 0.9, 'beta2': 0.999, 'signal_len': 8, 'cheb_order': 2, 's': 3.6529839829409143, 'batch_size': 128, 'k': 9}
Trial 107 finished with value 0.059674728 | dataset=Wiki500 | model=ufgtime_plus | val_MSE=0.928441309 | test_MSE=0.033624991 | MAE=0.059674728 | RMSE=0.183371184 | MAPE=151.012098725% | params={'learning_rate': 0.01721466039170441, 'decay_rate': 0.006693997627304853, 'hidden_size': 16, 'beta1': 0.9, 'beta2': 0.999, 'signal_len': 8, 'cheb_order': 2, 's': 6.222393477398451, 'batch_size': 16, 'k': 10}
